KR905751	1323	6615	Acidithiobacillaceae	Acidithiobacillus ferriphilus	AJ278719	1408	7040	Acidithiobacillaceae	Acidithiobacillus ferridurans	6534.0	1323	1	1	1314	0.9939	0.9878
KR905751	1323	6615	Acidithiobacillaceae	Acidithiobacillus ferriphilus	AJ459804	1494	7470	Acidithiobacillaceae	Acidithiobacillus albertensis	6406.0	1323	7	7	1299	0.9871	0.9684
KR905751	1323	6615	Acidithiobacillaceae	Acidithiobacillus ferriphilus	AF465604	1461	7305	Acidithiobacillaceae	Acidithiobacillus ferrooxidans	6441.0	1320	4	4	1302	0.9894	0.9737
KR905751	1323	6615	Acidithiobacillaceae	Acidithiobacillus ferriphilus	AF376020	1478	7390	Acidithiobacillaceae	Acidithiobacillus ferrivorans	6517.0	1323	2	2	1312	0.9932	0.9852
KR905751	1323	6615	Acidithiobacillaceae	Acidithiobacillus ferriphilus	Z29975	1460	7300	Acidithiobacillaceae	Acidithiobacillus caldus	6172.0	1323	20	18	1273	0.9755	0.9330
KR905751	1323	6615	Acidithiobacillaceae	Acidithiobacillus ferriphilus	Y11596	1440	7200	Acidithiobacillaceae	Acidithiobacillus thiooxidans	6397.0	1323	7	7	1298	0.9863	0.9670
AJ278719	1408	7040	Acidithiobacillaceae	Acidithiobacillus ferridurans	AJ459804	1494	7470	Acidithiobacillaceae	Acidithiobacillus albertensis	6848.0	1407	14	9	1386	0.9914	0.9727
AJ278719	1408	7040	Acidithiobacillaceae	Acidithiobacillus ferridurans	AF465604	1461	7305	Acidithiobacillaceae	Acidithiobacillus ferrooxidans	6851.0	1393	5	5	1380	0.9942	0.9732
AJ278719	1408	7040	Acidithiobacillaceae	Acidithiobacillus ferridurans	AF376020	1478	7390	Acidithiobacillaceae	Acidithiobacillus ferrivorans	6855.0	1408	7	7	1387	0.9900	0.9737
AJ278719	1408	7040	Acidithiobacillaceae	Acidithiobacillus ferridurans	Z29975	1460	7300	Acidithiobacillaceae	Acidithiobacillus caldus	6568.0	1407	27	20	1355	0.9769	0.9330
AJ278719	1408	7040	Acidithiobacillaceae	Acidithiobacillus ferridurans	Y11596	1440	7200	Acidithiobacillaceae	Acidithiobacillus thiooxidans	6819.0	1403	14	9	1381	0.9907	0.9686
AJ459804	1494	7470	Acidithiobacillaceae	Acidithiobacillus albertensis	AF465604	1461	7305	Acidithiobacillaceae	Acidithiobacillus ferrooxidans	7085.0	1461	13	13	1435	0.9910	0.9699
AJ459804	1494	7470	Acidithiobacillaceae	Acidithiobacillus albertensis	AF376020	1478	7390	Acidithiobacillaceae	Acidithiobacillus ferrivorans	7053.0	1468	12	12	1435	0.9856	0.9544
AJ459804	1494	7470	Acidithiobacillaceae	Acidithiobacillus albertensis	Z29975	1460	7300	Acidithiobacillaceae	Acidithiobacillus caldus	6767.0	1458	22	20	1399	0.9729	0.9270
AJ459804	1494	7470	Acidithiobacillaceae	Acidithiobacillus albertensis	Y11596	1440	7200	Acidithiobacillaceae	Acidithiobacillus thiooxidans	7182.0	1440	0	0	1438	0.9986	0.9975
AF465604	1461	7305	Acidithiobacillaceae	Acidithiobacillus ferrooxidans	AF376020	1478	7390	Acidithiobacillaceae	Acidithiobacillus ferrivorans	6979.0	1442	5	5	1416	0.9854	0.9554
AF465604	1461	7305	Acidithiobacillaceae	Acidithiobacillus ferrooxidans	Z29975	1460	7300	Acidithiobacillaceae	Acidithiobacillus caldus	6701.0	1442	26	24	1384	0.9760	0.9179
AF465604	1461	7305	Acidithiobacillaceae	Acidithiobacillus ferrooxidans	Y11596	1440	7200	Acidithiobacillaceae	Acidithiobacillus thiooxidans	6916.0	1429	13	13	1402	0.9901	0.9606
AF376020	1478	7390	Acidithiobacillaceae	Acidithiobacillus ferrivorans	Z29975	1460	7300	Acidithiobacillaceae	Acidithiobacillus caldus	6757.0	1458	21	19	1398	0.9715	0.9256
AF376020	1478	7390	Acidithiobacillaceae	Acidithiobacillus ferrivorans	Y11596	1440	7200	Acidithiobacillaceae	Acidithiobacillus thiooxidans	6913.0	1440	12	12	1407	0.9853	0.9601
Z29975	1460	7300	Acidithiobacillaceae	Acidithiobacillus caldus	Y11596	1440	7200	Acidithiobacillaceae	Acidithiobacillus thiooxidans	6668.0	1442	20	22	1380	0.9718	0.9261
