ADNT01000041	1538	7690	Aerococcaceae	Aerococcus viridans	Y10772	1505	7495	Aerococcaceae	Facklamia hominis	6436.0	1509	83	87	1375	0.9669	0.8587
ADNT01000041	1538	7690	Aerococcaceae	Aerococcus viridans	D87677	1360	6794	Aerococcaceae	Aerococcus urinaeequi	6766.0	1360	0	0	1356	0.9971	0.9959
ADNT01000041	1538	7690	Aerococcaceae	Aerococcus viridans	AJ277381	1405	7025	Aerococcaceae	Facklamia miroungae	5990.0	1405	86	86	1281	0.9712	0.8527
ADNT01000041	1538	7690	Aerococcaceae	Aerococcus viridans	AJ297627	1490	7408	Aerococcaceae	Globicatella sulfidifaciens	6316.0	1495	85	90	1354	0.9637	0.8526
ADNT01000041	1538	7690	Aerococcaceae	Aerococcus viridans	AM230658	1332	6660	Aerococcaceae	Aerococcus suis	6258.0	1335	27	30	1285	0.9847	0.9396
ADNT01000041	1538	7690	Aerococcaceae	Aerococcus viridans	Y18053	1473	7347	Aerococcaceae	Facklamia languida	6236.0	1474	92	93	1337	0.9681	0.8488
ADNT01000041	1538	7690	Aerococcaceae	Aerococcus viridans	Y17312	1502	7510	Aerococcaceae	Facklamia sourekii	6480.0	1502	68	68	1381	0.9630	0.8628
ADNT01000041	1538	7690	Aerococcaceae	Aerococcus viridans	Y17005	1451	7183	Aerococcaceae	Aerococcus christensenii	6482.0	1453	37	41	1360	0.9632	0.9024
ADNT01000041	1538	7690	Aerococcaceae	Aerococcus viridans	Y17780	1385	6919	Aerococcaceae	Eremococcus coleocola	5884.0	1387	78	80	1261	0.9648	0.8504
ADNT01000041	1538	7690	Aerococcaceae	Aerococcus viridans	M77819	1481	7357	Aerococcaceae	Aerococcus urinae	6682.0	1486	27	32	1397	0.9608	0.9083
ADNT01000041	1538	7690	Aerococcaceae	Aerococcus viridans	Y16426	1417	7067	Aerococcaceae	Ignavigranum ruoffiae	5951.0	1419	90	92	1282	0.9661	0.8421
ADNT01000041	1538	7690	Aerococcaceae	Aerococcus viridans	D50541	1411	7019	Aerococcaceae	Abiotrophia defectiva	5958.0	1406	79	74	1279	0.9602	0.8488
ADNT01000041	1538	7690	Aerococcaceae	Aerococcus viridans	AB818493	1469	7345	Aerococcaceae	Aerococcus vaginalis	6615.0	1472	38	41	1385	0.9679	0.9006
ADNT01000041	1538	7690	Aerococcaceae	Aerococcus viridans	Y17820	1502	7510	Aerococcaceae	Facklamia tabacinasalis	6351.0	1502	89	89	1364	0.9653	0.8457
ADNT01000041	1538	7690	Aerococcaceae	Aerococcus viridans	AJ278341	1321	6605	Aerococcaceae	Aerococcus urinaehominis	6054.0	1322	29	30	1257	0.9729	0.9166
ADNT01000041	1538	7690	Aerococcaceae	Aerococcus viridans	AJ012666	1510	7550	Aerococcaceae	Dolosicoccus paucivorans	6341.0	1502	110	102	1362	0.9729	0.8399
ADNT01000041	1538	7690	Aerococcaceae	Aerococcus viridans	Y15716	1409	7045	Aerococcaceae	Facklamia ignava	5939.0	1407	89	87	1276	0.9667	0.8430
ADNT01000041	1538	7690	Aerococcaceae	Aerococcus viridans	AJ276512	1499	7489	Aerococcaceae	Aerococcus sanguinicola	6950.0	1499	24	24	1436	0.9736	0.9280
Y10772	1505	7495	Aerococcaceae	Facklamia hominis	D87677	1360	6794	Aerococcaceae	Aerococcus urinaeequi	5775.0	1361	80	81	1237	0.9664	0.8500
Y10772	1505	7495	Aerococcaceae	Facklamia hominis	AJ277381	1405	7025	Aerococcaceae	Facklamia miroungae	6603.0	1400	27	28	1352	0.9854	0.9399
Y10772	1505	7495	Aerococcaceae	Facklamia hominis	AJ297627	1490	7408	Aerococcaceae	Globicatella sulfidifaciens	6679.0	1487	59	56	1394	0.9741	0.9016
Y10772	1505	7495	Aerococcaceae	Facklamia hominis	AM230658	1332	6660	Aerococcaceae	Aerococcus suis	5765.0	1368	66	103	1229	0.9715	0.8656
Y10772	1505	7495	Aerococcaceae	Facklamia hominis	Y18053	1473	7347	Aerococcaceae	Facklamia languida	6961.0	1470	25	22	1423	0.9827	0.9475
Y10772	1505	7495	Aerococcaceae	Facklamia hominis	Y17312	1502	7510	Aerococcaceae	Facklamia sourekii	6656.0	1496	66	62	1398	0.9749	0.8881
Y10772	1505	7495	Aerococcaceae	Facklamia hominis	Y17005	1451	7183	Aerococcaceae	Aerococcus christensenii	6049.0	1458	92	101	1305	0.9617	0.8421
Y10772	1505	7495	Aerococcaceae	Facklamia hominis	Y17780	1385	6919	Aerococcaceae	Eremococcus coleocola	6118.0	1388	60	63	1288	0.9721	0.8842
Y10772	1505	7495	Aerococcaceae	Facklamia hominis	M77819	1481	7357	Aerococcaceae	Aerococcus urinae	6245.0	1460	80	81	1331	0.9652	0.8489
Y10772	1505	7495	Aerococcaceae	Facklamia hominis	Y16426	1417	7067	Aerococcaceae	Ignavigranum ruoffiae	6294.0	1417	53	56	1322	0.9713	0.8906
Y10772	1505	7495	Aerococcaceae	Facklamia hominis	D50541	1411	7019	Aerococcaceae	Abiotrophia defectiva	6151.0	1385	64	60	1292	0.9751	0.8763
Y10772	1505	7495	Aerococcaceae	Facklamia hominis	AB818493	1469	7345	Aerococcaceae	Aerococcus vaginalis	6163.0	1466	83	82	1327	0.9588	0.8391
Y10772	1505	7495	Aerococcaceae	Facklamia hominis	Y17820	1502	7510	Aerococcaceae	Facklamia tabacinasalis	6750.0	1496	49	45	1410	0.9717	0.9006
Y10772	1505	7495	Aerococcaceae	Facklamia hominis	AJ278341	1321	6605	Aerococcaceae	Aerococcus urinaehominis	5706.0	1360	72	111	1218	0.9752	0.8639
Y10772	1505	7495	Aerococcaceae	Facklamia hominis	AJ012666	1510	7550	Aerococcaceae	Dolosicoccus paucivorans	6589.0	1496	80	68	1391	0.9741	0.8791
Y10772	1505	7495	Aerococcaceae	Facklamia hominis	Y15716	1409	7045	Aerococcaceae	Facklamia ignava	6304.0	1398	58	57	1315	0.9806	0.8948
Y10772	1505	7495	Aerococcaceae	Facklamia hominis	AJ276512	1499	7489	Aerococcaceae	Aerococcus sanguinicola	6435.0	1495	82	78	1371	0.9675	0.8593
D87677	1360	6794	Aerococcaceae	Aerococcus urinaeequi	AJ277381	1405	7025	Aerococcaceae	Facklamia miroungae	5773.0	1360	86	86	1237	0.9710	0.8497
D87677	1360	6794	Aerococcaceae	Aerococcus urinaeequi	AJ297627	1490	7408	Aerococcaceae	Globicatella sulfidifaciens	5767.0	1360	77	77	1235	0.9626	0.8488
D87677	1360	6794	Aerococcaceae	Aerococcus urinaeequi	AM230658	1332	6660	Aerococcaceae	Aerococcus suis	6248.0	1335	27	30	1284	0.9839	0.9381
D87677	1360	6794	Aerococcaceae	Aerococcus urinaeequi	Y18053	1473	7347	Aerococcaceae	Facklamia languida	5753.0	1360	88	86	1234	0.9686	0.8468
D87677	1360	6794	Aerococcaceae	Aerococcus urinaeequi	Y17312	1502	7510	Aerococcaceae	Facklamia sourekii	5867.0	1360	60	58	1251	0.9608	0.8636
D87677	1360	6794	Aerococcaceae	Aerococcus urinaeequi	Y17005	1451	7183	Aerococcaceae	Aerococcus christensenii	5986.0	1350	37	40	1259	0.9611	0.8811
D87677	1360	6794	Aerococcaceae	Aerococcus urinaeequi	Y17780	1385	6919	Aerococcaceae	Eremococcus coleocola	5784.0	1360	73	75	1239	0.9642	0.8513
D87677	1360	6794	Aerococcaceae	Aerococcus urinaeequi	M77819	1481	7357	Aerococcaceae	Aerococcus urinae	6115.0	1360	27	29	1280	0.9617	0.9001
D87677	1360	6794	Aerococcaceae	Aerococcus urinaeequi	Y16426	1417	7067	Aerococcaceae	Ignavigranum ruoffiae	5694.0	1360	89	91	1227	0.9669	0.8381
D87677	1360	6794	Aerococcaceae	Aerococcus urinaeequi	D50541	1411	7019	Aerococcaceae	Abiotrophia defectiva	5753.0	1360	76	71	1237	0.9597	0.8468
D87677	1360	6794	Aerococcaceae	Aerococcus urinaeequi	AB818493	1469	7345	Aerococcaceae	Aerococcus vaginalis	6138.0	1360	35	35	1283	0.9683	0.9034
D87677	1360	6794	Aerococcaceae	Aerococcus urinaeequi	Y17820	1502	7510	Aerococcaceae	Facklamia tabacinasalis	5730.0	1360	85	85	1232	0.9663	0.8434
D87677	1360	6794	Aerococcaceae	Aerococcus urinaeequi	AJ278341	1321	6605	Aerococcaceae	Aerococcus urinaehominis	6080.0	1322	27	28	1260	0.9737	0.9205
D87677	1360	6794	Aerococcaceae	Aerococcus urinaeequi	AJ012666	1510	7550	Aerococcaceae	Dolosicoccus paucivorans	5689.0	1360	105	97	1227	0.9715	0.8374
D87677	1360	6794	Aerococcaceae	Aerococcus urinaeequi	Y15716	1409	7045	Aerococcaceae	Facklamia ignava	5737.0	1360	86	84	1233	0.9663	0.8444
D87677	1360	6794	Aerococcaceae	Aerococcus urinaeequi	AJ276512	1499	7489	Aerococcaceae	Aerococcus sanguinicola	6253.0	1360	25	24	1297	0.9708	0.9204
AJ277381	1405	7025	Aerococcaceae	Facklamia miroungae	AJ297627	1490	7408	Aerococcaceae	Globicatella sulfidifaciens	6162.0	1390	68	68	1293	0.9781	0.8772
AJ277381	1405	7025	Aerococcaceae	Facklamia miroungae	AM230658	1332	6660	Aerococcaceae	Aerococcus suis	5748.0	1333	76	77	1223	0.9737	0.8631
AJ277381	1405	7025	Aerococcaceae	Facklamia miroungae	Y18053	1473	7347	Aerococcaceae	Facklamia languida	6609.0	1391	17	15	1351	0.9818	0.9408
AJ277381	1405	7025	Aerococcaceae	Facklamia miroungae	Y17312	1502	7510	Aerococcaceae	Facklamia sourekii	6200.0	1401	61	59	1307	0.9739	0.8826
AJ277381	1405	7025	Aerococcaceae	Facklamia miroungae	Y17005	1451	7183	Aerococcaceae	Aerococcus christensenii	5705.0	1375	86	98	1231	0.9640	0.8121
AJ277381	1405	7025	Aerococcaceae	Facklamia miroungae	Y17780	1385	6919	Aerococcaceae	Eremococcus coleocola	6163.0	1387	66	68	1294	0.9810	0.8907
AJ277381	1405	7025	Aerococcaceae	Facklamia miroungae	M77819	1481	7357	Aerococcaceae	Aerococcus urinae	6019.0	1405	72	74	1284	0.9647	0.8568
AJ277381	1405	7025	Aerococcaceae	Facklamia miroungae	Y16426	1417	7067	Aerococcaceae	Ignavigranum ruoffiae	6222.0	1402	51	53	1309	0.9703	0.8857
AJ277381	1405	7025	Aerococcaceae	Facklamia miroungae	D50541	1411	7019	Aerococcaceae	Abiotrophia defectiva	6166.0	1390	67	62	1297	0.9767	0.8785
AJ277381	1405	7025	Aerococcaceae	Facklamia miroungae	AB818493	1469	7345	Aerococcaceae	Aerococcus vaginalis	5837.0	1401	83	83	1263	0.9583	0.8309
AJ277381	1405	7025	Aerococcaceae	Facklamia miroungae	Y17820	1502	7510	Aerococcaceae	Facklamia tabacinasalis	6374.0	1401	49	49	1327	0.9815	0.9073
AJ277381	1405	7025	Aerococcaceae	Facklamia miroungae	AJ278341	1321	6605	Aerococcaceae	Aerococcus urinaehominis	5694.0	1359	74	112	1218	0.9767	0.8621
AJ277381	1405	7025	Aerococcaceae	Facklamia miroungae	AJ012666	1510	7550	Aerococcaceae	Dolosicoccus paucivorans	6109.0	1401	76	68	1296	0.9722	0.8696
AJ277381	1405	7025	Aerococcaceae	Facklamia miroungae	Y15716	1409	7045	Aerococcaceae	Facklamia ignava	6355.0	1404	56	54	1326	0.9822	0.9046
AJ277381	1405	7025	Aerococcaceae	Facklamia miroungae	AJ276512	1499	7489	Aerococcaceae	Aerococcus sanguinicola	5981.0	1392	73	72	1276	0.9667	0.8514
AJ297627	1490	7408	Aerococcaceae	Globicatella sulfidifaciens	AM230658	1332	6660	Aerococcaceae	Aerococcus suis	5790.0	1354	63	85	1229	0.9685	0.8694
AJ297627	1490	7408	Aerococcaceae	Globicatella sulfidifaciens	Y18053	1473	7347	Aerococcaceae	Facklamia languida	6560.0	1472	65	65	1374	0.9765	0.8929
AJ297627	1490	7408	Aerococcaceae	Globicatella sulfidifaciens	Y17312	1502	7510	Aerococcaceae	Facklamia sourekii	6534.0	1490	60	55	1382	0.9631	0.8820
AJ297627	1490	7408	Aerococcaceae	Globicatella sulfidifaciens	Y17005	1451	7183	Aerococcaceae	Aerococcus christensenii	6080.0	1461	92	104	1308	0.9639	0.8464
AJ297627	1490	7408	Aerococcaceae	Globicatella sulfidifaciens	Y17780	1385	6919	Aerococcaceae	Eremococcus coleocola	6164.0	1385	59	61	1291	0.9751	0.8909
AJ297627	1490	7408	Aerococcaceae	Globicatella sulfidifaciens	M77819	1481	7357	Aerococcaceae	Aerococcus urinae	6164.0	1454	77	81	1319	0.9607	0.8378
AJ297627	1490	7408	Aerococcaceae	Globicatella sulfidifaciens	Y16426	1417	7067	Aerococcaceae	Ignavigranum ruoffiae	6224.0	1407	62	64	1308	0.9739	0.8807
AJ297627	1490	7408	Aerococcaceae	Globicatella sulfidifaciens	D50541	1411	7019	Aerococcaceae	Abiotrophia defectiva	6137.0	1375	61	56	1283	0.9727	0.8743
AJ297627	1490	7408	Aerococcaceae	Globicatella sulfidifaciens	AB818493	1469	7345	Aerococcaceae	Aerococcus vaginalis	6094.0	1460	85	83	1317	0.9564	0.8297
AJ297627	1490	7408	Aerococcaceae	Globicatella sulfidifaciens	Y17820	1502	7510	Aerococcaceae	Facklamia tabacinasalis	6648.0	1490	64	63	1393	0.9762	0.8974
AJ297627	1490	7408	Aerococcaceae	Globicatella sulfidifaciens	AJ278341	1321	6605	Aerococcaceae	Aerococcus urinaehominis	5690.0	1326	78	83	1210	0.9735	0.8615
AJ297627	1490	7408	Aerococcaceae	Globicatella sulfidifaciens	AJ012666	1510	7550	Aerococcaceae	Dolosicoccus paucivorans	6530.0	1490	75	62	1381	0.9671	0.8815
AJ297627	1490	7408	Aerococcaceae	Globicatella sulfidifaciens	Y15716	1409	7045	Aerococcaceae	Facklamia ignava	6075.0	1389	76	74	1283	0.9757	0.8623
AJ297627	1490	7408	Aerococcaceae	Globicatella sulfidifaciens	AJ276512	1499	7489	Aerococcaceae	Aerococcus sanguinicola	6386.0	1490	84	83	1361	0.9673	0.8620
AM230658	1332	6660	Aerococcaceae	Aerococcus suis	Y18053	1473	7347	Aerococcaceae	Facklamia languida	5780.0	1332	92	68	1230	0.9731	0.8679
AM230658	1332	6660	Aerococcaceae	Aerococcus suis	Y17312	1502	7510	Aerococcaceae	Facklamia sourekii	5760.0	1332	59	54	1228	0.9609	0.8649
AM230658	1332	6660	Aerococcaceae	Aerococcus suis	Y17005	1451	7183	Aerococcaceae	Aerococcus christensenii	5898.0	1332	40	40	1241	0.9605	0.8856
AM230658	1332	6660	Aerococcaceae	Aerococcus suis	Y17780	1385	6919	Aerococcaceae	Eremococcus coleocola	5811.0	1332	62	61	1232	0.9693	0.8725
AM230658	1332	6660	Aerococcaceae	Aerococcus suis	M77819	1481	7357	Aerococcaceae	Aerococcus urinae	6028.0	1332	24	23	1259	0.9618	0.9051
AM230658	1332	6660	Aerococcaceae	Aerococcus suis	Y16426	1417	7067	Aerococcaceae	Ignavigranum ruoffiae	5687.0	1332	80	82	1215	0.9720	0.8539
AM230658	1332	6660	Aerococcaceae	Aerococcus suis	D50541	1411	7019	Aerococcaceae	Abiotrophia defectiva	5783.0	1332	59	56	1228	0.9624	0.8683
AM230658	1332	6660	Aerococcaceae	Aerococcus suis	AB818493	1469	7345	Aerococcaceae	Aerococcus vaginalis	5961.0	1332	40	39	1251	0.9675	0.8950
AM230658	1332	6660	Aerococcaceae	Aerococcus suis	Y17820	1502	7510	Aerococcaceae	Facklamia tabacinasalis	5749.0	1332	77	74	1224	0.9730	0.8632
AM230658	1332	6660	Aerococcaceae	Aerococcus suis	AJ278341	1321	6605	Aerococcaceae	Aerococcus urinaehominis	6014.0	1312	38	36	1248	0.9781	0.9105
AM230658	1332	6660	Aerococcaceae	Aerococcus suis	AJ012666	1510	7550	Aerococcaceae	Dolosicoccus paucivorans	5693.0	1332	95	76	1220	0.9713	0.8548
AM230658	1332	6660	Aerococcaceae	Aerococcus suis	Y15716	1409	7045	Aerococcaceae	Facklamia ignava	5724.0	1332	79	77	1220	0.9721	0.8595
AM230658	1332	6660	Aerococcaceae	Aerococcus suis	AJ276512	1499	7489	Aerococcaceae	Aerococcus sanguinicola	6111.0	1332	27	23	1269	0.9694	0.9176
Y18053	1473	7347	Aerococcaceae	Facklamia languida	Y17312	1502	7510	Aerococcaceae	Facklamia sourekii	6504.0	1473	59	58	1371	0.9689	0.8853
Y18053	1473	7347	Aerococcaceae	Facklamia languida	Y17005	1451	7183	Aerococcaceae	Aerococcus christensenii	6045.0	1457	87	99	1305	0.9610	0.8416
Y18053	1473	7347	Aerococcaceae	Facklamia languida	Y17780	1385	6919	Aerococcaceae	Eremococcus coleocola	6155.0	1388	62	66	1293	0.9781	0.8896
Y18053	1473	7347	Aerococcaceae	Facklamia languida	M77819	1481	7357	Aerococcaceae	Aerococcus urinae	6209.0	1455	76	80	1326	0.9644	0.8451
Y18053	1473	7347	Aerococcaceae	Facklamia languida	Y16426	1417	7067	Aerococcaceae	Ignavigranum ruoffiae	6220.0	1410	45	49	1312	0.9640	0.8801
Y18053	1473	7347	Aerococcaceae	Facklamia languida	D50541	1411	7019	Aerococcaceae	Abiotrophia defectiva	6111.0	1378	58	55	1285	0.9713	0.8706
Y18053	1473	7347	Aerococcaceae	Facklamia languida	AB818493	1469	7345	Aerococcaceae	Aerococcus vaginalis	6141.0	1461	76	78	1323	0.9566	0.8361
Y18053	1473	7347	Aerococcaceae	Facklamia languida	Y17820	1502	7510	Aerococcaceae	Facklamia tabacinasalis	6572.0	1473	54	53	1379	0.9711	0.8945
Y18053	1473	7347	Aerococcaceae	Facklamia languida	AJ278341	1321	6605	Aerococcaceae	Aerococcus urinaehominis	5682.0	1328	70	77	1212	0.9688	0.8603
Y18053	1473	7347	Aerococcaceae	Facklamia languida	AJ012666	1510	7550	Aerococcaceae	Dolosicoccus paucivorans	6504.0	1473	66	57	1373	0.9696	0.8853
Y18053	1473	7347	Aerococcaceae	Facklamia languida	Y15716	1409	7045	Aerococcaceae	Facklamia ignava	6260.0	1392	54	54	1308	0.9776	0.8886
Y18053	1473	7347	Aerococcaceae	Facklamia languida	AJ276512	1499	7489	Aerococcaceae	Aerococcus sanguinicola	6264.0	1473	82	81	1341	0.9634	0.8526
Y17312	1502	7510	Aerococcaceae	Facklamia sourekii	Y17005	1451	7183	Aerococcaceae	Aerococcus christensenii	6040.0	1453	90	94	1305	0.9603	0.8409
Y17312	1502	7510	Aerococcaceae	Facklamia sourekii	Y17780	1385	6919	Aerococcaceae	Eremococcus coleocola	6082.0	1389	56	60	1287	0.9684	0.8790
Y17312	1502	7510	Aerococcaceae	Facklamia sourekii	M77819	1481	7357	Aerococcaceae	Aerococcus urinae	6278.0	1466	68	73	1339	0.9612	0.8533
Y17312	1502	7510	Aerococcaceae	Facklamia sourekii	Y16426	1417	7067	Aerococcaceae	Ignavigranum ruoffiae	6347.0	1420	43	47	1331	0.9694	0.8981
Y17312	1502	7510	Aerococcaceae	Facklamia sourekii	D50541	1411	7019	Aerococcaceae	Abiotrophia defectiva	6027.0	1388	63	60	1280	0.9639	0.8587
Y17312	1502	7510	Aerococcaceae	Facklamia sourekii	AB818493	1469	7345	Aerococcaceae	Aerococcus vaginalis	6171.0	1472	70	73	1334	0.9535	0.8402
Y17312	1502	7510	Aerococcaceae	Facklamia sourekii	Y17820	1502	7510	Aerococcaceae	Facklamia tabacinasalis	6831.0	1502	44	44	1423	0.9760	0.9096
Y17312	1502	7510	Aerococcaceae	Facklamia sourekii	AJ278341	1321	6605	Aerococcaceae	Aerococcus urinaehominis	5709.0	1328	71	78	1216	0.9728	0.8643
Y17312	1502	7510	Aerococcaceae	Facklamia sourekii	AJ012666	1510	7550	Aerococcaceae	Dolosicoccus paucivorans	6664.0	1502	64	56	1404	0.9710	0.8874
Y17312	1502	7510	Aerococcaceae	Facklamia sourekii	Y15716	1409	7045	Aerococcaceae	Facklamia ignava	6313.0	1402	47	47	1320	0.9742	0.8961
Y17312	1502	7510	Aerococcaceae	Facklamia sourekii	AJ276512	1499	7489	Aerococcaceae	Aerococcus sanguinicola	6452.0	1493	74	74	1373	0.9676	0.8615
Y17005	1451	7183	Aerococcaceae	Aerococcus christensenii	Y17780	1385	6919	Aerococcaceae	Eremococcus coleocola	5678.0	1358	96	86	1225	0.9631	0.8206
Y17005	1451	7183	Aerococcaceae	Aerococcus christensenii	M77819	1481	7357	Aerococcaceae	Aerococcus urinae	6560.0	1427	29	30	1358	0.9721	0.9133
Y17005	1451	7183	Aerococcaceae	Aerococcus christensenii	Y16426	1417	7067	Aerococcaceae	Ignavigranum ruoffiae	5755.0	1380	91	81	1245	0.9584	0.8143
Y17005	1451	7183	Aerococcaceae	Aerococcus christensenii	D50541	1411	7019	Aerococcaceae	Abiotrophia defectiva	5687.0	1348	81	64	1224	0.9533	0.8102
Y17005	1451	7183	Aerococcaceae	Aerococcus christensenii	AB818493	1469	7345	Aerococcaceae	Aerococcus vaginalis	6171.0	1433	73	49	1319	0.9530	0.8591
Y17005	1451	7183	Aerococcaceae	Aerococcus christensenii	Y17820	1502	7510	Aerococcaceae	Facklamia tabacinasalis	5987.0	1449	108	95	1300	0.9601	0.8335
Y17005	1451	7183	Aerococcaceae	Aerococcus christensenii	AJ278341	1321	6605	Aerococcaceae	Aerococcus urinaehominis	5852.0	1319	40	38	1231	0.9610	0.8860
Y17005	1451	7183	Aerococcaceae	Aerococcus christensenii	AJ012666	1510	7550	Aerococcaceae	Dolosicoccus paucivorans	5990.0	1449	116	81	1305	0.9539	0.8339
Y17005	1451	7183	Aerococcaceae	Aerococcus christensenii	Y15716	1409	7045	Aerococcaceae	Facklamia ignava	5639.0	1362	106	92	1223	0.9630	0.8004
Y17005	1451	7183	Aerococcaceae	Aerococcus christensenii	AJ276512	1499	7489	Aerococcaceae	Aerococcus sanguinicola	6649.0	1449	28	24	1379	0.9677	0.9257
Y17780	1385	6919	Aerococcaceae	Eremococcus coleocola	M77819	1481	7357	Aerococcaceae	Aerococcus urinae	5897.0	1385	75	75	1262	0.9634	0.8523
Y17780	1385	6919	Aerococcaceae	Eremococcus coleocola	Y16426	1417	7067	Aerococcaceae	Ignavigranum ruoffiae	6114.0	1385	65	65	1289	0.9765	0.8837
Y17780	1385	6919	Aerococcaceae	Eremococcus coleocola	D50541	1411	7019	Aerococcaceae	Abiotrophia defectiva	6055.0	1375	54	47	1280	0.9639	0.8751
Y17780	1385	6919	Aerococcaceae	Eremococcus coleocola	AB818493	1469	7345	Aerococcaceae	Aerococcus vaginalis	5790.0	1385	67	65	1253	0.9492	0.8368
Y17780	1385	6919	Aerococcaceae	Eremococcus coleocola	Y17820	1502	7510	Aerococcaceae	Facklamia tabacinasalis	6128.0	1385	69	67	1290	0.9788	0.8857
Y17780	1385	6919	Aerococcaceae	Eremococcus coleocola	AJ278341	1321	6605	Aerococcaceae	Aerococcus urinaehominis	5679.0	1324	73	76	1211	0.9704	0.8598
Y17780	1385	6919	Aerococcaceae	Eremococcus coleocola	AJ012666	1510	7550	Aerococcaceae	Dolosicoccus paucivorans	5991.0	1385	81	71	1276	0.9711	0.8659
Y17780	1385	6919	Aerococcaceae	Eremococcus coleocola	Y15716	1409	7045	Aerococcaceae	Facklamia ignava	6108.0	1385	74	70	1288	0.9795	0.8828
Y17780	1385	6919	Aerococcaceae	Eremococcus coleocola	AJ276512	1499	7489	Aerococcaceae	Aerococcus sanguinicola	5929.0	1385	74	71	1267	0.9642	0.8569
M77819	1481	7357	Aerococcaceae	Aerococcus urinae	Y16426	1417	7067	Aerococcaceae	Ignavigranum ruoffiae	6026.0	1417	68	68	1291	0.9570	0.8527
M77819	1481	7357	Aerococcaceae	Aerococcus urinae	D50541	1411	7019	Aerococcaceae	Abiotrophia defectiva	6079.0	1404	72	65	1293	0.9656	0.8661
M77819	1481	7357	Aerococcaceae	Aerococcus urinae	AB818493	1469	7345	Aerococcaceae	Aerococcus vaginalis	6379.0	1461	47	45	1352	0.9548	0.8685
M77819	1481	7357	Aerococcaceae	Aerococcus urinae	Y17820	1502	7510	Aerococcaceae	Facklamia tabacinasalis	6140.0	1461	85	80	1323	0.9580	0.8346
M77819	1481	7357	Aerococcaceae	Aerococcus urinae	AJ278341	1321	6605	Aerococcaceae	Aerococcus urinaehominis	5973.0	1320	38	37	1246	0.9712	0.9043
M77819	1481	7357	Aerococcaceae	Aerococcus urinae	AJ012666	1510	7550	Aerococcaceae	Dolosicoccus paucivorans	6121.0	1461	97	84	1321	0.9593	0.8320
M77819	1481	7357	Aerococcaceae	Aerococcus urinae	Y15716	1409	7045	Aerococcaceae	Facklamia ignava	5935.0	1405	93	89	1274	0.9681	0.8424
M77819	1481	7357	Aerococcaceae	Aerococcus urinae	AJ276512	1499	7489	Aerococcaceae	Aerococcus sanguinicola	6738.0	1452	28	23	1391	0.9734	0.9159
Y16426	1417	7067	Aerococcaceae	Ignavigranum ruoffiae	D50541	1411	7019	Aerococcaceae	Abiotrophia defectiva	6008.0	1385	73	66	1277	0.9682	0.8560
Y16426	1417	7067	Aerococcaceae	Ignavigranum ruoffiae	AB818493	1469	7345	Aerococcaceae	Aerococcus vaginalis	5797.0	1416	86	84	1266	0.9505	0.8203
Y16426	1417	7067	Aerococcaceae	Ignavigranum ruoffiae	Y17820	1502	7510	Aerococcaceae	Facklamia tabacinasalis	6394.0	1416	44	42	1336	0.9723	0.9048
Y16426	1417	7067	Aerococcaceae	Ignavigranum ruoffiae	AJ278341	1321	6605	Aerococcaceae	Aerococcus urinaehominis	5668.0	1324	84	87	1209	0.9774	0.8581
Y16426	1417	7067	Aerococcaceae	Ignavigranum ruoffiae	AJ012666	1510	7550	Aerococcaceae	Dolosicoccus paucivorans	6150.0	1416	71	61	1307	0.9646	0.8702
Y16426	1417	7067	Aerococcaceae	Ignavigranum ruoffiae	Y15716	1409	7045	Aerococcaceae	Facklamia ignava	6209.0	1399	59	55	1307	0.9725	0.8813
Y16426	1417	7067	Aerococcaceae	Ignavigranum ruoffiae	AJ276512	1499	7489	Aerococcaceae	Aerococcus sanguinicola	5982.0	1407	80	77	1282	0.9639	0.8465
D50541	1411	7019	Aerococcaceae	Abiotrophia defectiva	AB818493	1469	7345	Aerococcaceae	Aerococcus vaginalis	5913.0	1391	59	64	1268	0.9555	0.8424
D50541	1411	7019	Aerococcaceae	Abiotrophia defectiva	Y17820	1502	7510	Aerococcaceae	Facklamia tabacinasalis	5967.0	1391	71	76	1272	0.9673	0.8501
D50541	1411	7019	Aerococcaceae	Abiotrophia defectiva	AJ278341	1321	6605	Aerococcaceae	Aerococcus urinaehominis	5726.0	1331	63	73	1218	0.9682	0.8669
D50541	1411	7019	Aerococcaceae	Abiotrophia defectiva	AJ012666	1510	7550	Aerococcaceae	Dolosicoccus paucivorans	6019.0	1391	65	62	1280	0.9631	0.8575
D50541	1411	7019	Aerococcaceae	Abiotrophia defectiva	Y15716	1409	7045	Aerococcaceae	Facklamia ignava	6024.0	1398	81	84	1281	0.9749	0.8582
D50541	1411	7019	Aerococcaceae	Abiotrophia defectiva	AJ276512	1499	7489	Aerococcaceae	Aerococcus sanguinicola	5868.0	1382	68	72	1256	0.9588	0.8360
AB818493	1469	7345	Aerococcaceae	Aerococcus vaginalis	Y17820	1502	7510	Aerococcaceae	Facklamia tabacinasalis	6050.0	1469	83	80	1318	0.9489	0.8237
AB818493	1469	7345	Aerococcaceae	Aerococcus vaginalis	AJ278341	1321	6605	Aerococcaceae	Aerococcus urinaehominis	5861.0	1335	32	46	1238	0.9604	0.8874
AB818493	1469	7345	Aerococcaceae	Aerococcus vaginalis	AJ012666	1510	7550	Aerococcaceae	Dolosicoccus paucivorans	6082.0	1469	113	102	1321	0.9663	0.8280
AB818493	1469	7345	Aerococcaceae	Aerococcus vaginalis	Y15716	1409	7045	Aerococcaceae	Facklamia ignava	5807.0	1400	78	76	1260	0.9517	0.8243
AB818493	1469	7345	Aerococcaceae	Aerococcus vaginalis	AJ276512	1499	7489	Aerococcaceae	Aerococcus sanguinicola	6447.0	1460	51	48	1361	0.9639	0.8777
Y17820	1502	7510	Aerococcaceae	Facklamia tabacinasalis	AJ278341	1321	6605	Aerococcaceae	Aerococcus urinaehominis	5595.0	1359	85	123	1206	0.9757	0.8471
Y17820	1502	7510	Aerococcaceae	Facklamia tabacinasalis	AJ012666	1510	7550	Aerococcaceae	Dolosicoccus paucivorans	6538.0	1502	78	70	1388	0.9693	0.8706
Y17820	1502	7510	Aerococcaceae	Facklamia tabacinasalis	Y15716	1409	7045	Aerococcaceae	Facklamia ignava	6365.0	1400	48	46	1325	0.9786	0.9035
Y17820	1502	7510	Aerococcaceae	Facklamia tabacinasalis	AJ276512	1499	7489	Aerococcaceae	Aerococcus sanguinicola	6276.0	1493	93	93	1351	0.9650	0.8380
AJ278341	1321	6605	Aerococcaceae	Aerococcus urinaehominis	AJ012666	1510	7550	Aerococcaceae	Dolosicoccus paucivorans	5562.0	1321	128	82	1202	0.9701	0.8421
AJ278341	1321	6605	Aerococcaceae	Aerococcus urinaehominis	Y15716	1409	7045	Aerococcaceae	Facklamia ignava	5622.0	1321	95	88	1204	0.9765	0.8512
AJ278341	1321	6605	Aerococcaceae	Aerococcus urinaehominis	AJ276512	1499	7489	Aerococcaceae	Aerococcus sanguinicola	6003.0	1321	33	31	1251	0.9698	0.9089
AJ012666	1510	7550	Aerococcaceae	Dolosicoccus paucivorans	Y15716	1409	7045	Aerococcaceae	Facklamia ignava	6034.0	1408	74	80	1286	0.9684	0.8565
AJ012666	1510	7550	Aerococcaceae	Dolosicoccus paucivorans	AJ276512	1499	7489	Aerococcaceae	Aerococcus sanguinicola	6356.0	1501	83	91	1362	0.9660	0.8487
Y15716	1409	7045	Aerococcaceae	Facklamia ignava	AJ276512	1499	7489	Aerococcaceae	Aerococcus sanguinicola	5855.0	1393	89	90	1260	0.9670	0.8311
