AB243673	1422	7110	Anaerolineaceae	Longilinea arvoryzae	AB669272	1435	7169	Anaerolineaceae	Thermomarinilinea lacunifontana	5839.0	1422	105	92	1274	0.9579	0.8212
AB243673	1422	7110	Anaerolineaceae	Longilinea arvoryzae	AB109438	1426	7130	Anaerolineaceae	Leptolinea tardivitalis	6311.0	1422	53	49	1330	0.9687	0.8876
AB243673	1422	7110	Anaerolineaceae	Longilinea arvoryzae	JQ292916	1462	7310	Anaerolineaceae	Ornatilinea apprima	6159.0	1422	70	61	1312	0.9640	0.8662
AB243673	1422	7110	Anaerolineaceae	Longilinea arvoryzae	AB598277	1432	7160	Anaerolineaceae	Pelolinea submarina	6063.0	1422	75	65	1302	0.9595	0.8527
AB243673	1422	7110	Anaerolineaceae	Longilinea arvoryzae	AB109439	1424	7120	Anaerolineaceae	Levilinea saccharolytica	6279.0	1422	47	47	1326	0.9644	0.8831
AB243673	1422	7110	Anaerolineaceae	Longilinea arvoryzae	AB046413	1457	7285	Anaerolineaceae	Anaerolinea thermophila	5980.0	1422	77	76	1290	0.9584	0.8411
AB243673	1422	7110	Anaerolineaceae	Longilinea arvoryzae	AB243672	1425	7125	Anaerolineaceae	Bellilinea caldifistulae	6353.0	1422	48	45	1335	0.9695	0.8935
AB243673	1422	7110	Anaerolineaceae	Longilinea arvoryzae	LC049585	1418	7090	Anaerolineaceae	Flexilinea flocculi	5834.0	1422	96	100	1270	0.9607	0.8228
AB243673	1422	7110	Anaerolineaceae	Longilinea arvoryzae	AB109437	1360	6794	Anaerolineaceae	Anaerolinea thermolimosa	5787.0	1357	60	57	1241	0.9546	0.8518
AB669272	1435	7169	Anaerolineaceae	Thermomarinilinea lacunifontana	AB109438	1426	7130	Anaerolineaceae	Leptolinea tardivitalis	5835.0	1435	90	99	1275	0.9543	0.8184
AB669272	1435	7169	Anaerolineaceae	Thermomarinilinea lacunifontana	JQ292916	1462	7310	Anaerolineaceae	Ornatilinea apprima	6015.0	1435	78	82	1297	0.9586	0.8390
AB669272	1435	7169	Anaerolineaceae	Thermomarinilinea lacunifontana	AB598277	1432	7160	Anaerolineaceae	Pelolinea submarina	5898.0	1435	84	87	1284	0.9525	0.8237
AB669272	1435	7169	Anaerolineaceae	Thermomarinilinea lacunifontana	AB109439	1424	7120	Anaerolineaceae	Levilinea saccharolytica	5930.0	1435	81	94	1285	0.9582	0.8329
AB669272	1435	7169	Anaerolineaceae	Thermomarinilinea lacunifontana	AB046413	1457	7285	Anaerolineaceae	Anaerolinea thermophila	5988.0	1435	74	86	1293	0.9585	0.8353
AB669272	1435	7169	Anaerolineaceae	Thermomarinilinea lacunifontana	AB243672	1425	7125	Anaerolineaceae	Bellilinea caldifistulae	5934.0	1435	93	103	1284	0.9640	0.8328
AB669272	1435	7169	Anaerolineaceae	Thermomarinilinea lacunifontana	LC049585	1418	7090	Anaerolineaceae	Flexilinea flocculi	5682.0	1435	112	129	1253	0.9594	0.8014
AB669272	1435	7169	Anaerolineaceae	Thermomarinilinea lacunifontana	AB109437	1360	6794	Anaerolineaceae	Anaerolinea thermolimosa	5587.0	1368	86	94	1218	0.9560	0.8223
AB109438	1426	7130	Anaerolineaceae	Leptolinea tardivitalis	JQ292916	1462	7310	Anaerolineaceae	Ornatilinea apprima	6203.0	1426	53	48	1320	0.9579	0.8700
AB109438	1426	7130	Anaerolineaceae	Leptolinea tardivitalis	AB598277	1432	7160	Anaerolineaceae	Pelolinea submarina	6244.0	1426	63	57	1324	0.9671	0.8757
AB109438	1426	7130	Anaerolineaceae	Leptolinea tardivitalis	AB109439	1424	7120	Anaerolineaceae	Levilinea saccharolytica	6217.0	1426	48	52	1320	0.9607	0.8732
AB109438	1426	7130	Anaerolineaceae	Leptolinea tardivitalis	AB046413	1457	7285	Anaerolineaceae	Anaerolinea thermophila	5963.0	1426	74	77	1290	0.9563	0.8363
AB109438	1426	7130	Anaerolineaceae	Leptolinea tardivitalis	AB243672	1425	7125	Anaerolineaceae	Bellilinea caldifistulae	6235.0	1426	50	51	1322	0.9615	0.8751
AB109438	1426	7130	Anaerolineaceae	Leptolinea tardivitalis	LC049585	1418	7090	Anaerolineaceae	Flexilinea flocculi	5814.0	1426	89	97	1270	0.9556	0.8200
AB109438	1426	7130	Anaerolineaceae	Leptolinea tardivitalis	AB109437	1360	6794	Anaerolineaceae	Anaerolinea thermolimosa	5664.0	1361	74	75	1228	0.9549	0.8337
JQ292916	1462	7310	Anaerolineaceae	Ornatilinea apprima	AB598277	1432	7160	Anaerolineaceae	Pelolinea submarina	6104.0	1431	62	61	1309	0.9555	0.8525
JQ292916	1462	7310	Anaerolineaceae	Ornatilinea apprima	AB109439	1424	7120	Anaerolineaceae	Levilinea saccharolytica	6307.0	1433	41	50	1330	0.9617	0.8858
JQ292916	1462	7310	Anaerolineaceae	Ornatilinea apprima	AB046413	1457	7285	Anaerolineaceae	Anaerolinea thermophila	6205.0	1462	63	71	1332	0.9576	0.8518
JQ292916	1462	7310	Anaerolineaceae	Ornatilinea apprima	AB243672	1425	7125	Anaerolineaceae	Bellilinea caldifistulae	6217.0	1431	62	68	1318	0.9670	0.8726
JQ292916	1462	7310	Anaerolineaceae	Ornatilinea apprima	LC049585	1418	7090	Anaerolineaceae	Flexilinea flocculi	5927.0	1431	91	104	1282	0.9661	0.8360
JQ292916	1462	7310	Anaerolineaceae	Ornatilinea apprima	AB109437	1360	6794	Anaerolineaceae	Anaerolinea thermolimosa	5773.0	1364	60	64	1241	0.9546	0.8497
AB598277	1432	7160	Anaerolineaceae	Pelolinea submarina	AB109439	1424	7120	Anaerolineaceae	Levilinea saccharolytica	6145.0	1432	52	62	1312	0.9577	0.8631
AB598277	1432	7160	Anaerolineaceae	Pelolinea submarina	AB046413	1457	7285	Anaerolineaceae	Anaerolinea thermophila	5946.0	1432	84	93	1287	0.9612	0.8304
AB598277	1432	7160	Anaerolineaceae	Pelolinea submarina	AB243672	1425	7125	Anaerolineaceae	Bellilinea caldifistulae	6207.0	1432	54	61	1319	0.9621	0.8712
AB598277	1432	7160	Anaerolineaceae	Pelolinea submarina	LC049585	1418	7090	Anaerolineaceae	Flexilinea flocculi	5766.0	1432	98	112	1264	0.9576	0.8133
AB598277	1432	7160	Anaerolineaceae	Pelolinea submarina	AB109437	1360	6794	Anaerolineaceae	Anaerolinea thermolimosa	5592.0	1367	65	72	1221	0.9429	0.8231
AB109439	1424	7120	Anaerolineaceae	Levilinea saccharolytica	AB046413	1457	7285	Anaerolineaceae	Anaerolinea thermophila	5982.0	1424	66	65	1292	0.9507	0.8402
AB109439	1424	7120	Anaerolineaceae	Levilinea saccharolytica	AB243672	1425	7125	Anaerolineaceae	Bellilinea caldifistulae	6396.0	1422	40	37	1340	0.9675	0.8983
AB109439	1424	7120	Anaerolineaceae	Levilinea saccharolytica	LC049585	1418	7090	Anaerolineaceae	Flexilinea flocculi	5881.0	1422	87	91	1277	0.9594	0.8295
AB109439	1424	7120	Anaerolineaceae	Levilinea saccharolytica	AB109437	1360	6794	Anaerolineaceae	Anaerolinea thermolimosa	5710.0	1355	71	66	1231	0.9550	0.8404
AB046413	1457	7285	Anaerolineaceae	Anaerolinea thermophila	AB243672	1425	7125	Anaerolineaceae	Bellilinea caldifistulae	6091.0	1423	71	69	1304	0.9631	0.8549
AB046413	1457	7285	Anaerolineaceae	Anaerolinea thermophila	LC049585	1418	7090	Anaerolineaceae	Flexilinea flocculi	5918.0	1423	90	95	1281	0.9646	0.8347
AB046413	1457	7285	Anaerolineaceae	Anaerolinea thermophila	AB109437	1360	6794	Anaerolineaceae	Anaerolinea thermolimosa	6109.0	1358	44	42	1279	0.9719	0.8992
AB243672	1425	7125	Anaerolineaceae	Bellilinea caldifistulae	LC049585	1418	7090	Anaerolineaceae	Flexilinea flocculi	5892.0	1425	82	89	1279	0.9573	0.8310
AB243672	1425	7125	Anaerolineaceae	Bellilinea caldifistulae	AB109437	1360	6794	Anaerolineaceae	Anaerolinea thermolimosa	5771.0	1358	59	57	1240	0.9531	0.8494
LC049585	1418	7090	Anaerolineaceae	Flexilinea flocculi	AB109437	1360	6794	Anaerolineaceae	Anaerolinea thermolimosa	5594.0	1353	93	86	1216	0.9597	0.8234
