DQ883810	1360	6800	Aurantimonadaceae	Aureimonas ureilytica	JQ864241	1473	7365	Aurantimonadaceae	Aureimonas rubiginis	6395.0	1360	35	28	1314	0.9865	0.9404
DQ883810	1360	6800	Aurantimonadaceae	Aureimonas ureilytica	AJ786361	1400	7000	Aurantimonadaceae	Aurantimonas coralicida	6359.0	1360	47	40	1309	0.9917	0.9351
DQ883810	1360	6800	Aurantimonadaceae	Aureimonas ureilytica	HM800924	1495	7475	Aurantimonadaceae	Martelella endophytica	6093.0	1360	63	64	1275	0.9838	0.8960
DQ883810	1360	6800	Aurantimonadaceae	Aureimonas ureilytica	JQ346806	1444	7208	Aurantimonadaceae	Aureimonas phyllosphaerae	6526.0	1360	25	22	1328	0.9925	0.9597
DQ883810	1360	6800	Aurantimonadaceae	Aureimonas ureilytica	KT326766	1395	6975	Aurantimonadaceae	Aureimonas galii	6428.0	1360	37	35	1316	0.9932	0.9453
DQ883810	1360	6800	Aurantimonadaceae	Aureimonas ureilytica	KJ620984	1445	7225	Aurantimonadaceae	Jiella aquimaris	6328.0	1360	45	41	1305	0.9894	0.9306
DQ883810	1360	6800	Aurantimonadaceae	Aureimonas ureilytica	AY178860	1442	7210	Aurantimonadaceae	Fulvimarina pelagi	6155.0	1360	71	50	1287	0.9824	0.9051
DQ883810	1360	6800	Aurantimonadaceae	Aureimonas ureilytica	KF560340	1333	6665	Aurantimonadaceae	Martelella mangrovi	6001.0	1336	58	61	1254	0.9835	0.9004
DQ883810	1360	6800	Aurantimonadaceae	Aureimonas ureilytica	KT806079	1390	6950	Aurantimonadaceae	Aureimonas pseudogalii	6424.0	1356	38	34	1314	0.9939	0.9447
DQ883810	1360	6800	Aurantimonadaceae	Aureimonas ureilytica	KF560339	1346	6730	Aurantimonadaceae	Martelella radicis	6092.0	1347	55	56	1270	0.9837	0.9052
DQ883810	1360	6800	Aurantimonadaceae	Aureimonas ureilytica	AY649762	1474	7370	Aurantimonadaceae	Martelella mediterranea	6113.0	1360	56	57	1278	0.9808	0.8990
DQ883810	1360	6800	Aurantimonadaceae	Aureimonas ureilytica	KM273177	1469	7345	Aurantimonadaceae	Aureimonas glaciistagni	6261.0	1360	51	48	1297	0.9886	0.9207
DQ883810	1360	6800	Aurantimonadaceae	Aureimonas ureilytica	DQ372921	1366	6830	Aurantimonadaceae	Aureimonas altamirensis	6294.0	1345	41	38	1294	0.9901	0.9256
DQ883810	1360	6800	Aurantimonadaceae	Aureimonas ureilytica	HQ622550	1449	7245	Aurantimonadaceae	Fulvimarina manganoxydans	6188.0	1360	66	60	1288	0.9908	0.9100
DQ883810	1360	6800	Aurantimonadaceae	Aureimonas ureilytica	KR233160	1443	7215	Aurantimonadaceae	Martelella limonii	6113.0	1360	59	60	1278	0.9831	0.8990
DQ883810	1360	6800	Aurantimonadaceae	Aureimonas ureilytica	U53824	1405	7025	Aurantimonadaceae	Aurantimonas manganoxydans	6352.0	1360	48	41	1308	0.9917	0.9341
DQ883810	1360	6800	Aurantimonadaceae	Aureimonas ureilytica	EF373540	1378	6890	Aurantimonadaceae	Aureimonas frigidaquae	6384.0	1360	38	35	1311	0.9894	0.9388
DQ883810	1360	6800	Aurantimonadaceae	Aureimonas ureilytica	KR233159	1445	7225	Aurantimonadaceae	Martelella suaedae	6113.0	1360	64	63	1278	0.9854	0.8990
DQ883810	1360	6800	Aurantimonadaceae	Aureimonas ureilytica	KU253627	1461	7305	Aurantimonadaceae	Aureimonas glaciei	6349.0	1360	45	28	1310	0.9835	0.9337
DQ883810	1360	6800	Aurantimonadaceae	Aureimonas ureilytica	KM114215	1475	7375	Aurantimonadaceae	Aurantimonas endophytica	6394.0	1360	33	30	1313	0.9872	0.9403
DQ883810	1360	6800	Aurantimonadaceae	Aureimonas ureilytica	JQ346805	1442	7210	Aurantimonadaceae	Aureimonas jatrophae	6379.0	1360	34	29	1312	0.9857	0.9381
DQ883810	1360	6800	Aurantimonadaceae	Aureimonas ureilytica	JQ864240	1440	7200	Aurantimonadaceae	Aureimonas ferruginea	6357.0	1360	41	38	1308	0.9894	0.9349
JQ864241	1473	7365	Aurantimonadaceae	Aureimonas rubiginis	AJ786361	1400	7000	Aurantimonadaceae	Aurantimonas coralicida	6483.0	1400	40	40	1339	0.9846	0.9261
JQ864241	1473	7365	Aurantimonadaceae	Aureimonas rubiginis	HM800924	1495	7475	Aurantimonadaceae	Martelella endophytica	6536.0	1473	57	65	1373	0.9751	0.8874
JQ864241	1473	7365	Aurantimonadaceae	Aureimonas rubiginis	JQ346806	1444	7208	Aurantimonadaceae	Aureimonas phyllosphaerae	6737.0	1445	25	29	1387	0.9795	0.9347
JQ864241	1473	7365	Aurantimonadaceae	Aureimonas rubiginis	KT326766	1395	6975	Aurantimonadaceae	Aureimonas galii	6439.0	1400	44	49	1332	0.9859	0.9232
JQ864241	1473	7365	Aurantimonadaceae	Aureimonas rubiginis	KJ620984	1445	7225	Aurantimonadaceae	Jiella aquimaris	6649.0	1445	41	44	1376	0.9822	0.9203
JQ864241	1473	7365	Aurantimonadaceae	Aureimonas rubiginis	AY178860	1442	7210	Aurantimonadaceae	Fulvimarina pelagi	6479.0	1447	60	65	1355	0.9805	0.8986
JQ864241	1473	7365	Aurantimonadaceae	Aureimonas rubiginis	KF560340	1333	6665	Aurantimonadaceae	Martelella mangrovi	5932.0	1343	51	61	1248	0.9735	0.8900
JQ864241	1473	7365	Aurantimonadaceae	Aureimonas rubiginis	KT806079	1390	6950	Aurantimonadaceae	Aureimonas pseudogalii	6430.0	1393	42	45	1329	0.9859	0.9252
JQ864241	1473	7365	Aurantimonadaceae	Aureimonas rubiginis	KF560339	1346	6730	Aurantimonadaceae	Martelella radicis	6003.0	1354	54	62	1261	0.9760	0.8920
JQ864241	1473	7365	Aurantimonadaceae	Aureimonas rubiginis	AY649762	1474	7370	Aurantimonadaceae	Martelella mediterranea	6494.0	1473	56	63	1369	0.9709	0.8817
JQ864241	1473	7365	Aurantimonadaceae	Aureimonas rubiginis	KM273177	1469	7345	Aurantimonadaceae	Aureimonas glaciistagni	6806.0	1468	39	43	1404	0.9853	0.9266
JQ864241	1473	7365	Aurantimonadaceae	Aureimonas rubiginis	DQ372921	1366	6830	Aurantimonadaceae	Aureimonas altamirensis	6279.0	1370	39	43	1302	0.9812	0.9193
JQ864241	1473	7365	Aurantimonadaceae	Aureimonas rubiginis	HQ622550	1449	7245	Aurantimonadaceae	Fulvimarina manganoxydans	6573.0	1448	54	58	1368	0.9842	0.9072
JQ864241	1473	7365	Aurantimonadaceae	Aureimonas rubiginis	KR233160	1443	7215	Aurantimonadaceae	Martelella limonii	6424.0	1448	55	63	1350	0.9747	0.8904
JQ864241	1473	7365	Aurantimonadaceae	Aureimonas rubiginis	U53824	1405	7025	Aurantimonadaceae	Aurantimonas manganoxydans	6492.0	1405	40	41	1342	0.9839	0.9241
JQ864241	1473	7365	Aurantimonadaceae	Aureimonas rubiginis	EF373540	1378	6890	Aurantimonadaceae	Aureimonas frigidaquae	6348.0	1382	37	41	1315	0.9806	0.9213
JQ864241	1473	7365	Aurantimonadaceae	Aureimonas rubiginis	KR233159	1445	7225	Aurantimonadaceae	Martelella suaedae	6475.0	1448	55	61	1356	0.9776	0.8962
JQ864241	1473	7365	Aurantimonadaceae	Aureimonas rubiginis	KU253627	1461	7305	Aurantimonadaceae	Aureimonas glaciei	6621.0	1448	55	46	1375	0.9807	0.9064
JQ864241	1473	7365	Aurantimonadaceae	Aureimonas rubiginis	KM114215	1475	7375	Aurantimonadaceae	Aurantimonas endophytica	6777.0	1473	34	38	1403	0.9777	0.9202
JQ864241	1473	7365	Aurantimonadaceae	Aureimonas rubiginis	JQ346805	1442	7210	Aurantimonadaceae	Aureimonas jatrophae	6671.0	1445	33	38	1379	0.9801	0.9252
JQ864241	1473	7365	Aurantimonadaceae	Aureimonas rubiginis	JQ864240	1440	7200	Aurantimonadaceae	Aureimonas ferruginea	6754.0	1444	39	43	1387	0.9900	0.9381
AJ786361	1400	7000	Aurantimonadaceae	Aurantimonas coralicida	HM800924	1495	7475	Aurantimonadaceae	Martelella endophytica	6265.0	1400	59	65	1311	0.9820	0.8950
AJ786361	1400	7000	Aurantimonadaceae	Aurantimonas coralicida	JQ346806	1444	7208	Aurantimonadaceae	Aureimonas phyllosphaerae	6440.0	1400	51	55	1332	0.9903	0.9200
AJ786361	1400	7000	Aurantimonadaceae	Aurantimonas coralicida	KT326766	1395	6975	Aurantimonadaceae	Aureimonas galii	6389.0	1384	46	51	1320	0.9902	0.9160
AJ786361	1400	7000	Aurantimonadaceae	Aurantimonas coralicida	KJ620984	1445	7225	Aurantimonadaceae	Jiella aquimaris	6641.0	1400	30	33	1357	0.9927	0.9487
AJ786361	1400	7000	Aurantimonadaceae	Aurantimonas coralicida	AY178860	1442	7210	Aurantimonadaceae	Fulvimarina pelagi	6488.0	1400	34	38	1339	0.9831	0.9269
AJ786361	1400	7000	Aurantimonadaceae	Aurantimonas coralicida	KF560340	1333	6665	Aurantimonadaceae	Martelella mangrovi	6053.0	1343	47	57	1262	0.9813	0.9082
AJ786361	1400	7000	Aurantimonadaceae	Aurantimonas coralicida	KT806079	1390	6950	Aurantimonadaceae	Aureimonas pseudogalii	6393.0	1379	42	45	1319	0.9888	0.9199
AJ786361	1400	7000	Aurantimonadaceae	Aurantimonas coralicida	KF560339	1346	6730	Aurantimonadaceae	Martelella radicis	6071.0	1352	55	62	1268	0.9829	0.9021
AJ786361	1400	7000	Aurantimonadaceae	Aurantimonas coralicida	AY649762	1474	7370	Aurantimonadaceae	Martelella mediterranea	6290.0	1400	51	57	1314	0.9784	0.8986
AJ786361	1400	7000	Aurantimonadaceae	Aurantimonas coralicida	KM273177	1469	7345	Aurantimonadaceae	Aureimonas glaciistagni	6587.0	1400	36	40	1350	0.9926	0.9410
AJ786361	1400	7000	Aurantimonadaceae	Aurantimonas coralicida	DQ372921	1366	6830	Aurantimonadaceae	Aureimonas altamirensis	6509.0	1368	17	21	1329	0.9866	0.9530
AJ786361	1400	7000	Aurantimonadaceae	Aurantimonas coralicida	HQ622550	1449	7245	Aurantimonadaceae	Fulvimarina manganoxydans	6427.0	1400	44	48	1332	0.9852	0.9181
AJ786361	1400	7000	Aurantimonadaceae	Aurantimonas coralicida	KR233160	1443	7215	Aurantimonadaceae	Martelella limonii	6285.0	1400	56	62	1313	0.9813	0.8979
AJ786361	1400	7000	Aurantimonadaceae	Aurantimonas coralicida	U53824	1405	7025	Aurantimonadaceae	Aurantimonas manganoxydans	6966.0	1395	0	0	1394	0.9993	0.9951
AJ786361	1400	7000	Aurantimonadaceae	Aurantimonas coralicida	EF373540	1378	6890	Aurantimonadaceae	Aureimonas frigidaquae	6634.0	1382	10	14	1350	0.9868	0.9628
AJ786361	1400	7000	Aurantimonadaceae	Aurantimonas coralicida	KR233159	1445	7225	Aurantimonadaceae	Martelella suaedae	6263.0	1400	61	65	1311	0.9820	0.8947
AJ786361	1400	7000	Aurantimonadaceae	Aurantimonas coralicida	KU253627	1461	7305	Aurantimonadaceae	Aureimonas glaciei	6566.0	1400	42	32	1351	0.9876	0.9380
AJ786361	1400	7000	Aurantimonadaceae	Aurantimonas coralicida	KM114215	1475	7375	Aurantimonadaceae	Aurantimonas endophytica	6690.0	1400	20	24	1363	0.9906	0.9557
AJ786361	1400	7000	Aurantimonadaceae	Aurantimonas coralicida	JQ346805	1442	7210	Aurantimonadaceae	Aureimonas jatrophae	6444.0	1400	50	55	1332	0.9903	0.9206
AJ786361	1400	7000	Aurantimonadaceae	Aurantimonas coralicida	JQ864240	1440	7200	Aurantimonadaceae	Aureimonas ferruginea	6524.0	1400	39	43	1342	0.9889	0.9320
HM800924	1495	7475	Aurantimonadaceae	Martelella endophytica	JQ346806	1444	7208	Aurantimonadaceae	Aureimonas phyllosphaerae	6508.0	1440	61	57	1358	0.9819	0.9029
HM800924	1495	7475	Aurantimonadaceae	Martelella endophytica	KT326766	1395	6975	Aurantimonadaceae	Aureimonas galii	6306.0	1392	54	51	1315	0.9806	0.9041
HM800924	1495	7475	Aurantimonadaceae	Martelella endophytica	KJ620984	1445	7225	Aurantimonadaceae	Jiella aquimaris	6473.0	1440	55	50	1355	0.9748	0.8959
HM800924	1495	7475	Aurantimonadaceae	Martelella endophytica	AY178860	1442	7210	Aurantimonadaceae	Fulvimarina pelagi	6279.0	1439	77	74	1330	0.9744	0.8709
HM800924	1495	7475	Aurantimonadaceae	Martelella endophytica	KF560340	1333	6665	Aurantimonadaceae	Martelella mangrovi	6478.0	1334	16	17	1311	0.9954	0.9719
HM800924	1495	7475	Aurantimonadaceae	Martelella endophytica	KT806079	1390	6950	Aurantimonadaceae	Aureimonas pseudogalii	6286.0	1385	55	50	1310	0.9813	0.9045
HM800924	1495	7475	Aurantimonadaceae	Martelella endophytica	KF560339	1346	6730	Aurantimonadaceae	Martelella radicis	6650.0	1346	4	4	1337	0.9963	0.9881
HM800924	1495	7475	Aurantimonadaceae	Martelella endophytica	AY649762	1474	7370	Aurantimonadaceae	Martelella mediterranea	7182.0	1477	10	13	1453	0.9925	0.9745
HM800924	1495	7475	Aurantimonadaceae	Martelella endophytica	KM273177	1469	7345	Aurantimonadaceae	Aureimonas glaciistagni	6679.0	1465	45	41	1390	0.9761	0.9093
HM800924	1495	7475	Aurantimonadaceae	Martelella endophytica	DQ372921	1366	6830	Aurantimonadaceae	Aureimonas altamirensis	6090.0	1362	64	60	1277	0.9808	0.8917
HM800924	1495	7475	Aurantimonadaceae	Martelella endophytica	HQ622550	1449	7245	Aurantimonadaceae	Fulvimarina manganoxydans	6337.0	1445	77	74	1340	0.9774	0.8747
HM800924	1495	7475	Aurantimonadaceae	Martelella endophytica	KR233160	1443	7215	Aurantimonadaceae	Martelella limonii	7110.0	1443	8	8	1431	0.9972	0.9854
HM800924	1495	7475	Aurantimonadaceae	Martelella endophytica	U53824	1405	7025	Aurantimonadaceae	Aurantimonas manganoxydans	6293.0	1397	65	57	1316	0.9821	0.8958
HM800924	1495	7475	Aurantimonadaceae	Martelella endophytica	EF373540	1378	6890	Aurantimonadaceae	Aureimonas frigidaquae	6211.0	1374	57	53	1296	0.9811	0.9015
HM800924	1495	7475	Aurantimonadaceae	Martelella endophytica	KR233159	1445	7225	Aurantimonadaceae	Martelella suaedae	6984.0	1443	14	12	1417	0.9902	0.9666
HM800924	1495	7475	Aurantimonadaceae	Martelella endophytica	KU253627	1461	7305	Aurantimonadaceae	Aureimonas glaciei	6421.0	1445	81	65	1351	0.9790	0.8790
HM800924	1495	7475	Aurantimonadaceae	Martelella endophytica	KM114215	1475	7375	Aurantimonadaceae	Aurantimonas endophytica	6636.0	1474	60	59	1387	0.9802	0.8998
HM800924	1495	7475	Aurantimonadaceae	Martelella endophytica	JQ346805	1442	7210	Aurantimonadaceae	Aureimonas jatrophae	6343.0	1439	75	72	1337	0.9781	0.8798
HM800924	1495	7475	Aurantimonadaceae	Martelella endophytica	JQ864240	1440	7200	Aurantimonadaceae	Aureimonas ferruginea	6440.0	1436	58	54	1349	0.9761	0.8944
JQ346806	1444	7208	Aurantimonadaceae	Aureimonas phyllosphaerae	KT326766	1395	6975	Aurantimonadaceae	Aureimonas galii	6702.0	1396	27	28	1362	0.9956	0.9609
JQ346806	1444	7208	Aurantimonadaceae	Aureimonas phyllosphaerae	KJ620984	1445	7225	Aurantimonadaceae	Jiella aquimaris	6751.0	1444	40	39	1388	0.9879	0.9366
JQ346806	1444	7208	Aurantimonadaceae	Aureimonas phyllosphaerae	AY178860	1442	7210	Aurantimonadaceae	Fulvimarina pelagi	6428.0	1440	64	63	1348	0.9789	0.8918
JQ346806	1444	7208	Aurantimonadaceae	Aureimonas phyllosphaerae	KF560340	1333	6665	Aurantimonadaceae	Martelella mangrovi	6026.0	1338	49	54	1258	0.9798	0.9041
JQ346806	1444	7208	Aurantimonadaceae	Aureimonas phyllosphaerae	KT806079	1390	6950	Aurantimonadaceae	Aureimonas pseudogalii	6672.0	1389	29	28	1356	0.9963	0.9600
JQ346806	1444	7208	Aurantimonadaceae	Aureimonas phyllosphaerae	KF560339	1346	6730	Aurantimonadaceae	Martelella radicis	6120.0	1350	49	53	1274	0.9823	0.9094
JQ346806	1444	7208	Aurantimonadaceae	Aureimonas phyllosphaerae	AY649762	1474	7370	Aurantimonadaceae	Martelella mediterranea	6477.0	1444	55	58	1355	0.9776	0.8986
JQ346806	1444	7208	Aurantimonadaceae	Aureimonas phyllosphaerae	KM273177	1469	7345	Aurantimonadaceae	Aureimonas glaciistagni	6779.0	1444	32	32	1392	0.9858	0.9405
JQ346806	1444	7208	Aurantimonadaceae	Aureimonas phyllosphaerae	DQ372921	1366	6830	Aurantimonadaceae	Aureimonas altamirensis	6320.0	1367	42	43	1306	0.9864	0.9253
JQ346806	1444	7208	Aurantimonadaceae	Aureimonas phyllosphaerae	HQ622550	1449	7245	Aurantimonadaceae	Fulvimarina manganoxydans	6606.0	1444	51	51	1371	0.9842	0.9165
JQ346806	1444	7208	Aurantimonadaceae	Aureimonas phyllosphaerae	KR233160	1443	7215	Aurantimonadaceae	Martelella limonii	6538.0	1444	54	58	1362	0.9827	0.9070
JQ346806	1444	7208	Aurantimonadaceae	Aureimonas phyllosphaerae	U53824	1405	7025	Aurantimonadaceae	Aurantimonas manganoxydans	6458.0	1401	56	52	1336	0.9904	0.9193
JQ346806	1444	7208	Aurantimonadaceae	Aureimonas phyllosphaerae	EF373540	1378	6890	Aurantimonadaceae	Aureimonas frigidaquae	6367.0	1378	45	45	1316	0.9872	0.9241
JQ346806	1444	7208	Aurantimonadaceae	Aureimonas phyllosphaerae	KR233159	1445	7225	Aurantimonadaceae	Martelella suaedae	6510.0	1444	58	60	1359	0.9819	0.9032
JQ346806	1444	7208	Aurantimonadaceae	Aureimonas phyllosphaerae	KU253627	1461	7305	Aurantimonadaceae	Aureimonas glaciei	6740.0	1444	49	35	1389	0.9858	0.9351
JQ346806	1444	7208	Aurantimonadaceae	Aureimonas phyllosphaerae	KM114215	1475	7375	Aurantimonadaceae	Aurantimonas endophytica	6718.0	1444	35	35	1384	0.9823	0.9320
JQ346806	1444	7208	Aurantimonadaceae	Aureimonas phyllosphaerae	JQ346805	1442	7210	Aurantimonadaceae	Aureimonas jatrophae	6879.0	1443	21	22	1403	0.9873	0.9544
JQ346806	1444	7208	Aurantimonadaceae	Aureimonas phyllosphaerae	JQ864240	1440	7200	Aurantimonadaceae	Aureimonas ferruginea	6633.0	1432	41	41	1369	0.9842	0.9212
KT326766	1395	6975	Aurantimonadaceae	Aureimonas galii	KJ620984	1445	7225	Aurantimonadaceae	Jiella aquimaris	6522.0	1395	41	39	1342	0.9897	0.9351
KT326766	1395	6975	Aurantimonadaceae	Aureimonas galii	AY178860	1442	7210	Aurantimonadaceae	Fulvimarina pelagi	6292.0	1395	57	56	1314	0.9813	0.9021
KT326766	1395	6975	Aurantimonadaceae	Aureimonas galii	KF560340	1333	6665	Aurantimonadaceae	Martelella mangrovi	6039.0	1337	44	48	1260	0.9775	0.9061
KT326766	1395	6975	Aurantimonadaceae	Aureimonas galii	KT806079	1390	6950	Aurantimonadaceae	Aureimonas pseudogalii	6919.0	1388	4	2	1386	1.0000	0.9955
KT326766	1395	6975	Aurantimonadaceae	Aureimonas galii	KF560339	1346	6730	Aurantimonadaceae	Martelella radicis	6123.0	1349	44	47	1275	0.9793	0.9098
KT326766	1395	6975	Aurantimonadaceae	Aureimonas galii	AY649762	1474	7370	Aurantimonadaceae	Martelella mediterranea	6319.0	1395	45	48	1317	0.9777	0.9059
KT326766	1395	6975	Aurantimonadaceae	Aureimonas galii	KM273177	1469	7345	Aurantimonadaceae	Aureimonas glaciistagni	6581.0	1395	37	36	1349	0.9926	0.9435
KT326766	1395	6975	Aurantimonadaceae	Aureimonas galii	DQ372921	1366	6830	Aurantimonadaceae	Aureimonas altamirensis	6355.0	1366	38	38	1310	0.9864	0.9305
KT326766	1395	6975	Aurantimonadaceae	Aureimonas galii	HQ622550	1449	7245	Aurantimonadaceae	Fulvimarina manganoxydans	6472.0	1395	48	47	1336	0.9911	0.9279
KT326766	1395	6975	Aurantimonadaceae	Aureimonas galii	KR233160	1443	7215	Aurantimonadaceae	Martelella limonii	6319.0	1395	48	51	1317	0.9799	0.9059
KT326766	1395	6975	Aurantimonadaceae	Aureimonas galii	U53824	1405	7025	Aurantimonadaceae	Aurantimonas manganoxydans	6357.0	1374	54	49	1314	0.9917	0.9114
KT326766	1395	6975	Aurantimonadaceae	Aureimonas galii	EF373540	1378	6890	Aurantimonadaceae	Aureimonas frigidaquae	6329.0	1364	42	41	1306	0.9872	0.9186
KT326766	1395	6975	Aurantimonadaceae	Aureimonas galii	KR233159	1445	7225	Aurantimonadaceae	Martelella suaedae	6358.0	1395	47	48	1322	0.9814	0.9115
KT326766	1395	6975	Aurantimonadaceae	Aureimonas galii	KU253627	1461	7305	Aurantimonadaceae	Aureimonas glaciei	6586.0	1395	43	28	1351	0.9883	0.9442
KT326766	1395	6975	Aurantimonadaceae	Aureimonas galii	KM114215	1475	7375	Aurantimonadaceae	Aurantimonas endophytica	6552.0	1395	31	30	1346	0.9861	0.9394
KT326766	1395	6975	Aurantimonadaceae	Aureimonas galii	JQ346805	1442	7210	Aurantimonadaceae	Aureimonas jatrophae	6585.0	1395	35	35	1349	0.9919	0.9441
KT326766	1395	6975	Aurantimonadaceae	Aureimonas galii	JQ864240	1440	7200	Aurantimonadaceae	Aureimonas ferruginea	6589.0	1395	29	28	1350	0.9876	0.9447
KJ620984	1445	7225	Aurantimonadaceae	Jiella aquimaris	AY178860	1442	7210	Aurantimonadaceae	Fulvimarina pelagi	6581.0	1441	48	48	1367	0.9813	0.9128
KJ620984	1445	7225	Aurantimonadaceae	Jiella aquimaris	KF560340	1333	6665	Aurantimonadaceae	Martelella mangrovi	6001.0	1338	40	45	1256	0.9714	0.9004
KJ620984	1445	7225	Aurantimonadaceae	Jiella aquimaris	KT806079	1390	6950	Aurantimonadaceae	Aureimonas pseudogalii	6492.0	1390	39	39	1336	0.9889	0.9341
KJ620984	1445	7225	Aurantimonadaceae	Jiella aquimaris	KF560339	1346	6730	Aurantimonadaceae	Martelella radicis	6073.0	1351	45	50	1269	0.9754	0.9024
KJ620984	1445	7225	Aurantimonadaceae	Jiella aquimaris	AY649762	1474	7370	Aurantimonadaceae	Martelella mediterranea	6535.0	1445	42	46	1363	0.9743	0.9045
KJ620984	1445	7225	Aurantimonadaceae	Jiella aquimaris	KM273177	1469	7345	Aurantimonadaceae	Aureimonas glaciistagni	6844.0	1445	32	33	1400	0.9915	0.9473
KJ620984	1445	7225	Aurantimonadaceae	Jiella aquimaris	DQ372921	1366	6830	Aurantimonadaceae	Aureimonas altamirensis	6481.0	1367	27	28	1326	0.9903	0.9489
KJ620984	1445	7225	Aurantimonadaceae	Jiella aquimaris	HQ622550	1449	7245	Aurantimonadaceae	Fulvimarina manganoxydans	6761.0	1445	38	39	1390	0.9886	0.9358
KJ620984	1445	7225	Aurantimonadaceae	Jiella aquimaris	KR233160	1443	7215	Aurantimonadaceae	Martelella limonii	6532.0	1445	46	51	1362	0.9770	0.9053
KJ620984	1445	7225	Aurantimonadaceae	Jiella aquimaris	U53824	1405	7025	Aurantimonadaceae	Aurantimonas manganoxydans	6657.0	1402	33	30	1361	0.9920	0.9476
KJ620984	1445	7225	Aurantimonadaceae	Jiella aquimaris	EF373540	1378	6890	Aurantimonadaceae	Aureimonas frigidaquae	6501.0	1379	26	27	1333	0.9859	0.9435
KJ620984	1445	7225	Aurantimonadaceae	Jiella aquimaris	KR233159	1445	7225	Aurantimonadaceae	Martelella suaedae	6509.0	1445	46	49	1360	0.9742	0.9009
KJ620984	1445	7225	Aurantimonadaceae	Jiella aquimaris	KU253627	1461	7305	Aurantimonadaceae	Aureimonas glaciei	6802.0	1445	43	30	1397	0.9873	0.9415
KJ620984	1445	7225	Aurantimonadaceae	Jiella aquimaris	KM114215	1475	7375	Aurantimonadaceae	Aurantimonas endophytica	6902.0	1445	24	25	1407	0.9908	0.9553
KJ620984	1445	7225	Aurantimonadaceae	Jiella aquimaris	JQ346805	1442	7210	Aurantimonadaceae	Aureimonas jatrophae	6655.0	1444	50	52	1376	0.9885	0.9230
KJ620984	1445	7225	Aurantimonadaceae	Jiella aquimaris	JQ864240	1440	7200	Aurantimonadaceae	Aureimonas ferruginea	6736.0	1433	35	36	1382	0.9893	0.9356
AY178860	1442	7210	Aurantimonadaceae	Fulvimarina pelagi	KF560340	1333	6665	Aurantimonadaceae	Martelella mangrovi	5866.0	1353	61	81	1241	0.9756	0.8801
AY178860	1442	7210	Aurantimonadaceae	Fulvimarina pelagi	KT806079	1390	6950	Aurantimonadaceae	Aureimonas pseudogalii	6272.0	1389	56	55	1309	0.9813	0.9024
AY178860	1442	7210	Aurantimonadaceae	Fulvimarina pelagi	KF560339	1346	6730	Aurantimonadaceae	Martelella radicis	5903.0	1372	69	95	1251	0.9796	0.8771
AY178860	1442	7210	Aurantimonadaceae	Fulvimarina pelagi	AY649762	1474	7370	Aurantimonadaceae	Martelella mediterranea	6266.0	1442	76	78	1329	0.9743	0.8691
AY178860	1442	7210	Aurantimonadaceae	Fulvimarina pelagi	KM273177	1469	7345	Aurantimonadaceae	Aureimonas glaciistagni	6547.0	1442	47	46	1364	0.9771	0.9080
AY178860	1442	7210	Aurantimonadaceae	Fulvimarina pelagi	DQ372921	1366	6830	Aurantimonadaceae	Aureimonas altamirensis	6205.0	1366	40	40	1293	0.9751	0.9085
AY178860	1442	7210	Aurantimonadaceae	Fulvimarina pelagi	HQ622550	1449	7245	Aurantimonadaceae	Fulvimarina manganoxydans	6652.0	1442	39	38	1377	0.9808	0.9226
AY178860	1442	7210	Aurantimonadaceae	Fulvimarina pelagi	KR233160	1443	7215	Aurantimonadaceae	Martelella limonii	6304.0	1442	71	74	1333	0.9744	0.8743
AY178860	1442	7210	Aurantimonadaceae	Fulvimarina pelagi	U53824	1405	7025	Aurantimonadaceae	Aurantimonas manganoxydans	6497.0	1401	38	35	1342	0.9824	0.9248
AY178860	1442	7210	Aurantimonadaceae	Fulvimarina pelagi	EF373540	1378	6890	Aurantimonadaceae	Aureimonas frigidaquae	6308.0	1378	36	36	1310	0.9762	0.9155
AY178860	1442	7210	Aurantimonadaceae	Fulvimarina pelagi	KR233159	1445	7225	Aurantimonadaceae	Martelella suaedae	6375.0	1442	66	67	1342	0.9760	0.8842
AY178860	1442	7210	Aurantimonadaceae	Fulvimarina pelagi	KU253627	1461	7305	Aurantimonadaceae	Aureimonas glaciei	6554.0	1442	53	39	1368	0.9751	0.9090
AY178860	1442	7210	Aurantimonadaceae	Fulvimarina pelagi	KM114215	1475	7375	Aurantimonadaceae	Aurantimonas endophytica	6573.0	1442	53	52	1367	0.9835	0.9117
AY178860	1442	7210	Aurantimonadaceae	Fulvimarina pelagi	JQ346805	1442	7210	Aurantimonadaceae	Aureimonas jatrophae	6534.0	1441	50	52	1361	0.9798	0.9062
AY178860	1442	7210	Aurantimonadaceae	Fulvimarina pelagi	JQ864240	1440	7200	Aurantimonadaceae	Aureimonas ferruginea	6438.0	1434	61	60	1347	0.9803	0.8942
KF560340	1333	6665	Aurantimonadaceae	Martelella mangrovi	KT806079	1390	6950	Aurantimonadaceae	Aureimonas pseudogalii	6047.0	1333	48	43	1261	0.9775	0.9073
KF560340	1333	6665	Aurantimonadaceae	Martelella mangrovi	KF560339	1346	6730	Aurantimonadaceae	Martelella radicis	6470.0	1333	17	16	1310	0.9947	0.9707
KF560340	1333	6665	Aurantimonadaceae	Martelella mangrovi	AY649762	1474	7370	Aurantimonadaceae	Martelella mediterranea	6440.0	1333	17	15	1307	0.9917	0.9662
KF560340	1333	6665	Aurantimonadaceae	Martelella mangrovi	KM273177	1469	7345	Aurantimonadaceae	Aureimonas glaciistagni	6022.0	1333	46	40	1259	0.9737	0.9035
KF560340	1333	6665	Aurantimonadaceae	Martelella mangrovi	DQ372921	1366	6830	Aurantimonadaceae	Aureimonas altamirensis	6034.0	1333	56	50	1259	0.9813	0.9053
KF560340	1333	6665	Aurantimonadaceae	Martelella mangrovi	HQ622550	1449	7245	Aurantimonadaceae	Fulvimarina manganoxydans	5841.0	1333	65	61	1236	0.9717	0.8764
KF560340	1333	6665	Aurantimonadaceae	Martelella mangrovi	KR233160	1443	7215	Aurantimonadaceae	Martelella limonii	6503.0	1333	11	10	1314	0.9932	0.9757
KF560340	1333	6665	Aurantimonadaceae	Martelella mangrovi	U53824	1405	7025	Aurantimonadaceae	Aurantimonas manganoxydans	6052.0	1333	57	47	1262	0.9813	0.9080
KF560340	1333	6665	Aurantimonadaceae	Martelella mangrovi	EF373540	1378	6890	Aurantimonadaceae	Aureimonas frigidaquae	6058.0	1333	52	46	1262	0.9806	0.9089
KF560340	1333	6665	Aurantimonadaceae	Martelella mangrovi	KR233159	1445	7225	Aurantimonadaceae	Martelella suaedae	6440.0	1333	13	9	1308	0.9879	0.9662
KF560340	1333	6665	Aurantimonadaceae	Martelella mangrovi	KU253627	1461	7305	Aurantimonadaceae	Aureimonas glaciei	5943.0	1333	70	52	1250	0.9758	0.8917
KF560340	1333	6665	Aurantimonadaceae	Martelella mangrovi	KM114215	1475	7375	Aurantimonadaceae	Aurantimonas endophytica	6012.0	1333	53	47	1257	0.9774	0.9020
KF560340	1333	6665	Aurantimonadaceae	Martelella mangrovi	JQ346805	1442	7210	Aurantimonadaceae	Aureimonas jatrophae	5922.0	1333	60	57	1245	0.9757	0.8885
KF560340	1333	6665	Aurantimonadaceae	Martelella mangrovi	JQ864240	1440	7200	Aurantimonadaceae	Aureimonas ferruginea	5954.0	1333	53	49	1250	0.9735	0.8933
KT806079	1390	6950	Aurantimonadaceae	Aureimonas pseudogalii	KF560339	1346	6730	Aurantimonadaceae	Martelella radicis	6138.0	1351	43	48	1277	0.9800	0.9120
KT806079	1390	6950	Aurantimonadaceae	Aureimonas pseudogalii	AY649762	1474	7370	Aurantimonadaceae	Martelella mediterranea	6291.0	1390	44	49	1311	0.9776	0.9052
KT806079	1390	6950	Aurantimonadaceae	Aureimonas pseudogalii	KM273177	1469	7345	Aurantimonadaceae	Aureimonas glaciistagni	6561.0	1390	35	36	1344	0.9926	0.9440
KT806079	1390	6950	Aurantimonadaceae	Aureimonas pseudogalii	DQ372921	1366	6830	Aurantimonadaceae	Aureimonas altamirensis	6355.0	1367	38	39	1310	0.9864	0.9305
KT806079	1390	6950	Aurantimonadaceae	Aureimonas pseudogalii	HQ622550	1449	7245	Aurantimonadaceae	Fulvimarina manganoxydans	6440.0	1390	46	47	1330	0.9903	0.9266
KT806079	1390	6950	Aurantimonadaceae	Aureimonas pseudogalii	KR233160	1443	7215	Aurantimonadaceae	Martelella limonii	6299.0	1390	47	52	1312	0.9806	0.9063
KT806079	1390	6950	Aurantimonadaceae	Aureimonas pseudogalii	U53824	1405	7025	Aurantimonadaceae	Aurantimonas manganoxydans	6361.0	1371	48	45	1313	0.9902	0.9153
KT806079	1390	6950	Aurantimonadaceae	Aureimonas pseudogalii	EF373540	1378	6890	Aurantimonadaceae	Aureimonas frigidaquae	6311.0	1361	41	42	1302	0.9871	0.9160
KT806079	1390	6950	Aurantimonadaceae	Aureimonas pseudogalii	KR233159	1445	7225	Aurantimonadaceae	Martelella suaedae	6339.0	1390	46	49	1317	0.9821	0.9121
KT806079	1390	6950	Aurantimonadaceae	Aureimonas pseudogalii	KU253627	1461	7305	Aurantimonadaceae	Aureimonas glaciei	6556.0	1390	42	29	1345	0.9882	0.9433
KT806079	1390	6950	Aurantimonadaceae	Aureimonas pseudogalii	KM114215	1475	7375	Aurantimonadaceae	Aurantimonas endophytica	6538.0	1390	28	29	1342	0.9860	0.9407
KT806079	1390	6950	Aurantimonadaceae	Aureimonas pseudogalii	JQ346805	1442	7210	Aurantimonadaceae	Aureimonas jatrophae	6564.0	1390	34	36	1344	0.9926	0.9445
KT806079	1390	6950	Aurantimonadaceae	Aureimonas pseudogalii	JQ864240	1440	7200	Aurantimonadaceae	Aureimonas ferruginea	6542.0	1390	29	30	1342	0.9868	0.9413
KF560339	1346	6730	Aurantimonadaceae	Martelella radicis	AY649762	1474	7370	Aurantimonadaceae	Martelella mediterranea	6520.0	1346	13	13	1322	0.9917	0.9688
KF560339	1346	6730	Aurantimonadaceae	Martelella radicis	KM273177	1469	7345	Aurantimonadaceae	Aureimonas glaciistagni	6150.0	1345	39	36	1278	0.9763	0.9138
KF560339	1346	6730	Aurantimonadaceae	Martelella radicis	DQ372921	1366	6830	Aurantimonadaceae	Aureimonas altamirensis	6046.0	1341	57	54	1263	0.9814	0.8984
KF560339	1346	6730	Aurantimonadaceae	Martelella radicis	HQ622550	1449	7245	Aurantimonadaceae	Fulvimarina manganoxydans	5922.0	1346	74	64	1252	0.9766	0.8799
KF560339	1346	6730	Aurantimonadaceae	Martelella radicis	KR233160	1443	7215	Aurantimonadaceae	Martelella limonii	6590.0	1346	8	8	1330	0.9940	0.9792
KF560339	1346	6730	Aurantimonadaceae	Martelella radicis	U53824	1405	7025	Aurantimonadaceae	Aurantimonas manganoxydans	6071.0	1345	62	55	1268	0.9829	0.9021
KF560339	1346	6730	Aurantimonadaceae	Martelella radicis	EF373540	1378	6890	Aurantimonadaceae	Aureimonas frigidaquae	6093.0	1345	53	50	1270	0.9807	0.9053
KF560339	1346	6730	Aurantimonadaceae	Martelella radicis	KR233159	1445	7225	Aurantimonadaceae	Martelella suaedae	6509.0	1346	14	12	1321	0.9903	0.9672
KF560339	1346	6730	Aurantimonadaceae	Martelella radicis	KU253627	1461	7305	Aurantimonadaceae	Aureimonas glaciei	6008.0	1346	75	57	1262	0.9791	0.8927
KF560339	1346	6730	Aurantimonadaceae	Martelella radicis	KM114215	1475	7375	Aurantimonadaceae	Aurantimonas endophytica	6080.0	1346	53	49	1270	0.9792	0.9034
KF560339	1346	6730	Aurantimonadaceae	Martelella radicis	JQ346805	1442	7210	Aurantimonadaceae	Aureimonas jatrophae	5963.0	1346	74	65	1255	0.9797	0.8860
KF560339	1346	6730	Aurantimonadaceae	Martelella radicis	JQ864240	1440	7200	Aurantimonadaceae	Aureimonas ferruginea	6046.0	1346	53	49	1266	0.9761	0.8984
AY649762	1474	7370	Aurantimonadaceae	Martelella mediterranea	KM273177	1469	7345	Aurantimonadaceae	Aureimonas glaciistagni	6598.0	1465	51	47	1381	0.9739	0.8983
AY649762	1474	7370	Aurantimonadaceae	Martelella mediterranea	DQ372921	1366	6830	Aurantimonadaceae	Aureimonas altamirensis	6145.0	1362	55	51	1284	0.9794	0.8997
AY649762	1474	7370	Aurantimonadaceae	Martelella mediterranea	HQ622550	1449	7245	Aurantimonadaceae	Fulvimarina manganoxydans	6391.0	1445	69	66	1347	0.9768	0.8821
AY649762	1474	7370	Aurantimonadaceae	Martelella mediterranea	KR233160	1443	7215	Aurantimonadaceae	Martelella limonii	7098.0	1444	5	6	1430	0.9944	0.9838
AY649762	1474	7370	Aurantimonadaceae	Martelella mediterranea	U53824	1405	7025	Aurantimonadaceae	Aurantimonas manganoxydans	6318.0	1397	58	50	1319	0.9792	0.8994
AY649762	1474	7370	Aurantimonadaceae	Martelella mediterranea	EF373540	1378	6890	Aurantimonadaceae	Aureimonas frigidaquae	6226.0	1374	54	50	1298	0.9804	0.9036
AY649762	1474	7370	Aurantimonadaceae	Martelella mediterranea	KR233159	1445	7225	Aurantimonadaceae	Martelella suaedae	6937.0	1444	16	15	1412	0.9881	0.9601
AY649762	1474	7370	Aurantimonadaceae	Martelella mediterranea	KU253627	1461	7305	Aurantimonadaceae	Aureimonas glaciei	6467.0	1445	72	56	1357	0.9770	0.8853
AY649762	1474	7370	Aurantimonadaceae	Martelella mediterranea	KM114215	1475	7375	Aurantimonadaceae	Aurantimonas endophytica	6667.0	1471	53	50	1390	0.9782	0.9046
AY649762	1474	7370	Aurantimonadaceae	Martelella mediterranea	JQ346805	1442	7210	Aurantimonadaceae	Aureimonas jatrophae	6366.0	1440	66	64	1341	0.9746	0.8829
AY649762	1474	7370	Aurantimonadaceae	Martelella mediterranea	JQ864240	1440	7200	Aurantimonadaceae	Aureimonas ferruginea	6482.0	1436	49	45	1355	0.9741	0.9003
KM273177	1469	7345	Aurantimonadaceae	Aureimonas glaciistagni	DQ372921	1366	6830	Aurantimonadaceae	Aureimonas altamirensis	6362.0	1366	42	42	1311	0.9902	0.9315
KM273177	1469	7345	Aurantimonadaceae	Aureimonas glaciistagni	HQ622550	1449	7245	Aurantimonadaceae	Fulvimarina manganoxydans	6701.0	1449	43	44	1385	0.9858	0.9249
KM273177	1469	7345	Aurantimonadaceae	Aureimonas glaciistagni	KR233160	1443	7215	Aurantimonadaceae	Martelella limonii	6524.0	1447	44	48	1363	0.9743	0.9042
KM273177	1469	7345	Aurantimonadaceae	Aureimonas glaciistagni	U53824	1405	7025	Aurantimonadaceae	Aurantimonas manganoxydans	6603.0	1401	40	36	1354	0.9919	0.9399
KM273177	1469	7345	Aurantimonadaceae	Aureimonas glaciistagni	EF373540	1378	6890	Aurantimonadaceae	Aureimonas frigidaquae	6456.0	1378	36	36	1327	0.9888	0.9370
KM273177	1469	7345	Aurantimonadaceae	Aureimonas glaciistagni	KR233159	1445	7225	Aurantimonadaceae	Martelella suaedae	6567.0	1447	46	48	1368	0.9778	0.9089
KM273177	1469	7345	Aurantimonadaceae	Aureimonas glaciistagni	KU253627	1461	7305	Aurantimonadaceae	Aureimonas glaciei	6726.0	1449	57	45	1389	0.9893	0.9207
KM273177	1469	7345	Aurantimonadaceae	Aureimonas glaciistagni	KM114215	1475	7375	Aurantimonadaceae	Aurantimonas endophytica	6948.0	1467	37	37	1421	0.9937	0.9459
KM273177	1469	7345	Aurantimonadaceae	Aureimonas glaciistagni	JQ346805	1442	7210	Aurantimonadaceae	Aureimonas jatrophae	6776.0	1443	41	42	1390	0.9921	0.9398
KM273177	1469	7345	Aurantimonadaceae	Aureimonas glaciistagni	JQ864240	1440	7200	Aurantimonadaceae	Aureimonas ferruginea	6689.0	1440	44	44	1379	0.9878	0.9290
DQ372921	1366	6830	Aurantimonadaceae	Aureimonas altamirensis	HQ622550	1449	7245	Aurantimonadaceae	Fulvimarina manganoxydans	6334.0	1366	42	42	1308	0.9879	0.9274
DQ372921	1366	6830	Aurantimonadaceae	Aureimonas altamirensis	KR233160	1443	7215	Aurantimonadaceae	Martelella limonii	6131.0	1366	55	59	1282	0.9809	0.8977
DQ372921	1366	6830	Aurantimonadaceae	Aureimonas altamirensis	U53824	1405	7025	Aurantimonadaceae	Aurantimonas manganoxydans	6475.0	1359	22	18	1323	0.9866	0.9480
DQ372921	1366	6830	Aurantimonadaceae	Aureimonas altamirensis	EF373540	1378	6890	Aurantimonadaceae	Aureimonas frigidaquae	6577.0	1349	5	5	1330	0.9896	0.9630
DQ372921	1366	6830	Aurantimonadaceae	Aureimonas altamirensis	KR233159	1445	7225	Aurantimonadaceae	Martelella suaedae	6142.0	1366	63	65	1283	0.9862	0.8993
DQ372921	1366	6830	Aurantimonadaceae	Aureimonas altamirensis	KU253627	1461	7305	Aurantimonadaceae	Aureimonas glaciei	6459.0	1366	35	21	1325	0.9851	0.9457
DQ372921	1366	6830	Aurantimonadaceae	Aureimonas altamirensis	KM114215	1475	7375	Aurantimonadaceae	Aurantimonas endophytica	6452.0	1366	27	27	1322	0.9873	0.9447
DQ372921	1366	6830	Aurantimonadaceae	Aureimonas altamirensis	JQ346805	1442	7210	Aurantimonadaceae	Aureimonas jatrophae	6254.0	1366	51	52	1297	0.9871	0.9157
DQ372921	1366	6830	Aurantimonadaceae	Aureimonas altamirensis	JQ864240	1440	7200	Aurantimonadaceae	Aureimonas ferruginea	6418.0	1366	30	30	1318	0.9865	0.9397
HQ622550	1449	7245	Aurantimonadaceae	Fulvimarina manganoxydans	KR233160	1443	7215	Aurantimonadaceae	Martelella limonii	6370.0	1447	69	73	1344	0.9782	0.8829
HQ622550	1449	7245	Aurantimonadaceae	Fulvimarina manganoxydans	U53824	1405	7025	Aurantimonadaceae	Aurantimonas manganoxydans	6445.0	1401	49	45	1336	0.9853	0.9174
HQ622550	1449	7245	Aurantimonadaceae	Fulvimarina manganoxydans	EF373540	1378	6890	Aurantimonadaceae	Aureimonas frigidaquae	6341.0	1384	40	46	1315	0.9828	0.9203
HQ622550	1449	7245	Aurantimonadaceae	Fulvimarina manganoxydans	KR233159	1445	7225	Aurantimonadaceae	Martelella suaedae	6406.0	1447	70	72	1348	0.9804	0.8866
HQ622550	1449	7245	Aurantimonadaceae	Fulvimarina manganoxydans	KU253627	1461	7305	Aurantimonadaceae	Aureimonas glaciei	6683.0	1448	53	40	1385	0.9837	0.9224
HQ622550	1449	7245	Aurantimonadaceae	Fulvimarina manganoxydans	KM114215	1475	7375	Aurantimonadaceae	Aurantimonas endophytica	6697.0	1447	46	46	1384	0.9879	0.9244
HQ622550	1449	7245	Aurantimonadaceae	Fulvimarina manganoxydans	JQ346805	1442	7210	Aurantimonadaceae	Aureimonas jatrophae	6646.0	1443	43	44	1376	0.9836	0.9218
HQ622550	1449	7245	Aurantimonadaceae	Fulvimarina manganoxydans	JQ864240	1440	7200	Aurantimonadaceae	Aureimonas ferruginea	6670.0	1435	48	48	1375	0.9913	0.9264
KR233160	1443	7215	Aurantimonadaceae	Martelella limonii	U53824	1405	7025	Aurantimonadaceae	Aurantimonas manganoxydans	6304.0	1397	63	55	1317	0.9814	0.8974
KR233160	1443	7215	Aurantimonadaceae	Martelella limonii	EF373540	1378	6890	Aurantimonadaceae	Aureimonas frigidaquae	6210.0	1374	58	54	1296	0.9818	0.9013
KR233160	1443	7215	Aurantimonadaceae	Martelella limonii	KR233159	1445	7225	Aurantimonadaceae	Martelella suaedae	7035.0	1443	10	8	1423	0.9916	0.9751
KR233160	1443	7215	Aurantimonadaceae	Martelella limonii	KU253627	1461	7305	Aurantimonadaceae	Aureimonas glaciei	6464.0	1443	75	58	1356	0.9791	0.8959
KR233160	1443	7215	Aurantimonadaceae	Martelella limonii	KM114215	1475	7375	Aurantimonadaceae	Aurantimonas endophytica	6516.0	1443	56	52	1361	0.9784	0.9031
KR233160	1443	7215	Aurantimonadaceae	Martelella limonii	JQ346805	1442	7210	Aurantimonadaceae	Aureimonas jatrophae	6386.0	1439	69	66	1343	0.9782	0.8857
KR233160	1443	7215	Aurantimonadaceae	Martelella limonii	JQ864240	1440	7200	Aurantimonadaceae	Aureimonas ferruginea	6439.0	1431	52	48	1348	0.9747	0.8943
U53824	1405	7025	Aurantimonadaceae	Aurantimonas manganoxydans	EF373540	1378	6890	Aurantimonadaceae	Aureimonas frigidaquae	6643.0	1382	10	14	1351	0.9876	0.9642
U53824	1405	7025	Aurantimonadaceae	Aurantimonas manganoxydans	KR233159	1445	7225	Aurantimonadaceae	Martelella suaedae	6275.0	1404	61	66	1314	0.9821	0.8932
U53824	1405	7025	Aurantimonadaceae	Aurantimonas manganoxydans	KU253627	1461	7305	Aurantimonadaceae	Aureimonas glaciei	6584.0	1405	43	33	1355	0.9876	0.9372
U53824	1405	7025	Aurantimonadaceae	Aurantimonas manganoxydans	KM114215	1475	7375	Aurantimonadaceae	Aurantimonas endophytica	6708.0	1405	21	25	1367	0.9906	0.9549
U53824	1405	7025	Aurantimonadaceae	Aurantimonas manganoxydans	JQ346805	1442	7210	Aurantimonadaceae	Aureimonas jatrophae	6462.0	1405	51	56	1336	0.9904	0.9199
U53824	1405	7025	Aurantimonadaceae	Aurantimonas manganoxydans	JQ864240	1440	7200	Aurantimonadaceae	Aureimonas ferruginea	6532.0	1403	40	44	1344	0.9890	0.9298
EF373540	1378	6890	Aurantimonadaceae	Aureimonas frigidaquae	KR233159	1445	7225	Aurantimonadaceae	Martelella suaedae	6204.0	1377	65	64	1295	0.9863	0.9004
EF373540	1378	6890	Aurantimonadaceae	Aureimonas frigidaquae	KU253627	1461	7305	Aurantimonadaceae	Aureimonas glaciei	6517.0	1377	34	17	1337	0.9831	0.9459
EF373540	1378	6890	Aurantimonadaceae	Aureimonas frigidaquae	KM114215	1475	7375	Aurantimonadaceae	Aurantimonas endophytica	6494.0	1377	31	28	1332	0.9874	0.9425
EF373540	1378	6890	Aurantimonadaceae	Aureimonas frigidaquae	JQ346805	1442	7210	Aurantimonadaceae	Aureimonas jatrophae	6308.0	1378	61	51	1310	0.9872	0.9155
EF373540	1378	6890	Aurantimonadaceae	Aureimonas frigidaquae	JQ864240	1440	7200	Aurantimonadaceae	Aureimonas ferruginea	6413.0	1377	41	38	1321	0.9866	0.9308
KR233159	1445	7225	Aurantimonadaceae	Martelella suaedae	KU253627	1461	7305	Aurantimonadaceae	Aureimonas glaciei	6484.0	1445	79	64	1358	0.9833	0.8974
KR233159	1445	7225	Aurantimonadaceae	Martelella suaedae	KM114215	1475	7375	Aurantimonadaceae	Aurantimonas endophytica	6498.0	1445	62	60	1359	0.9812	0.8994
KR233159	1445	7225	Aurantimonadaceae	Martelella suaedae	JQ346805	1442	7210	Aurantimonadaceae	Aureimonas jatrophae	6440.0	1441	67	66	1350	0.9818	0.8932
KR233159	1445	7225	Aurantimonadaceae	Martelella suaedae	JQ864240	1440	7200	Aurantimonadaceae	Aureimonas ferruginea	6454.0	1433	53	51	1350	0.9768	0.8964
KU253627	1461	7305	Aurantimonadaceae	Aureimonas glaciei	KM114215	1475	7375	Aurantimonadaceae	Aurantimonas endophytica	6889.0	1460	16	29	1409	0.9846	0.9431
KU253627	1461	7305	Aurantimonadaceae	Aureimonas glaciei	JQ346805	1442	7210	Aurantimonadaceae	Aureimonas jatrophae	6668.0	1457	45	60	1380	0.9878	0.9248
KU253627	1461	7305	Aurantimonadaceae	Aureimonas glaciei	JQ864240	1440	7200	Aurantimonadaceae	Aureimonas ferruginea	6734.0	1448	32	45	1384	0.9865	0.9353
KM114215	1475	7375	Aurantimonadaceae	Aurantimonas endophytica	JQ346805	1442	7210	Aurantimonadaceae	Aureimonas jatrophae	6687.0	1443	43	44	1380	0.9864	0.9275
KM114215	1475	7375	Aurantimonadaceae	Aurantimonas endophytica	JQ864240	1440	7200	Aurantimonadaceae	Aureimonas ferruginea	6809.0	1440	27	27	1394	0.9866	0.9457
JQ346805	1442	7210	Aurantimonadaceae	Aureimonas jatrophae	JQ864240	1440	7200	Aurantimonadaceae	Aureimonas ferruginea	6637.0	1431	37	36	1370	0.9821	0.9218
