AY576749	1467	7335	Balneolaceae	Balneola vulgaris	EU008564	1360	6800	Balneolaceae	Balneola alkaliphila	6325.0	1348	31	27	1300	0.9841	0.9301
AY576749	1467	7335	Balneolaceae	Balneola vulgaris	KR559733	1461	7305	Balneolaceae	Aliifodinibius halophilus	6076.0	1457	116	112	1313	0.9762	0.8318
AY576749	1467	7335	Balneolaceae	Balneola vulgaris	KC561141	1396	6980	Balneolaceae	Gracilimonas mengyeensis	6144.0	1403	70	78	1297	0.9789	0.8802
AY576749	1467	7335	Balneolaceae	Balneola vulgaris	KU862657	1456	7280	Balneolaceae	Rhodohalobacter halophilus	6100.0	1457	96	97	1316	0.9676	0.8379
AY576749	1467	7335	Balneolaceae	Balneola vulgaris	EF988655	1447	7235	Balneolaceae	Gracilimonas tropica	6415.0	1455	69	77	1351	0.9804	0.8867
AY576749	1467	7335	Balneolaceae	Balneola vulgaris	JQ923476	1421	7105	Balneolaceae	Aliifodinibius sediminis	5917.0	1423	111	113	1279	0.9763	0.8328
AY576749	1467	7335	Balneolaceae	Balneola vulgaris	HM153810	1466	7330	Balneolaceae	Fodinibius salinus	5927.0	1456	115	118	1295	0.9679	0.8086
AY576749	1467	7335	Balneolaceae	Balneola vulgaris	KC686334	1458	7290	Balneolaceae	Gracilimonas rosea	6429.0	1467	79	90	1355	0.9840	0.8819
AY576749	1467	7335	Balneolaceae	Balneola vulgaris	JQ923475	1466	7330	Balneolaceae	Aliifodinibius roseus	5998.0	1449	119	116	1300	0.9752	0.8183
EU008564	1360	6800	Balneolaceae	Balneola alkaliphila	KR559733	1461	7305	Balneolaceae	Aliifodinibius halophilus	5549.0	1348	108	110	1204	0.9725	0.8160
EU008564	1360	6800	Balneolaceae	Balneola alkaliphila	KC561141	1396	6980	Balneolaceae	Gracilimonas mengyeensis	5732.0	1319	75	74	1216	0.9767	0.8429
EU008564	1360	6800	Balneolaceae	Balneola alkaliphila	KU862657	1456	7280	Balneolaceae	Rhodohalobacter halophilus	5659.0	1348	80	91	1217	0.9682	0.8322
EU008564	1360	6800	Balneolaceae	Balneola alkaliphila	EF988655	1447	7235	Balneolaceae	Gracilimonas tropica	5921.0	1348	79	79	1250	0.9850	0.8707
EU008564	1360	6800	Balneolaceae	Balneola alkaliphila	JQ923476	1421	7105	Balneolaceae	Aliifodinibius sediminis	5484.0	1325	104	105	1188	0.9738	0.8065
EU008564	1360	6800	Balneolaceae	Balneola alkaliphila	HM153810	1466	7330	Balneolaceae	Fodinibius salinus	5389.0	1338	116	119	1181	0.9688	0.7925
EU008564	1360	6800	Balneolaceae	Balneola alkaliphila	KC686334	1458	7290	Balneolaceae	Gracilimonas rosea	5949.0	1354	69	68	1256	0.9767	0.8749
EU008564	1360	6800	Balneolaceae	Balneola alkaliphila	JQ923475	1466	7330	Balneolaceae	Aliifodinibius roseus	5499.0	1333	104	108	1192	0.9731	0.8087
KR559733	1461	7305	Balneolaceae	Aliifodinibius halophilus	KC561141	1396	6980	Balneolaceae	Gracilimonas mengyeensis	5848.0	1420	97	121	1264	0.9731	0.8378
KR559733	1461	7305	Balneolaceae	Aliifodinibius halophilus	KU862657	1456	7280	Balneolaceae	Rhodohalobacter halophilus	6115.0	1461	96	101	1318	0.9691	0.8400
KR559733	1461	7305	Balneolaceae	Aliifodinibius halophilus	EF988655	1447	7235	Balneolaceae	Gracilimonas tropica	6162.0	1459	89	101	1321	0.9728	0.8517
KR559733	1461	7305	Balneolaceae	Aliifodinibius halophilus	JQ923476	1421	7105	Balneolaceae	Aliifodinibius sediminis	6608.0	1430	38	47	1364	0.9863	0.9300
KR559733	1461	7305	Balneolaceae	Aliifodinibius halophilus	HM153810	1466	7330	Balneolaceae	Fodinibius salinus	6559.0	1451	55	58	1368	0.9821	0.8979
KR559733	1461	7305	Balneolaceae	Aliifodinibius halophilus	KC686334	1458	7290	Balneolaceae	Gracilimonas rosea	6200.0	1460	89	97	1327	0.9736	0.8505
KR559733	1461	7305	Balneolaceae	Aliifodinibius halophilus	JQ923475	1466	7330	Balneolaceae	Aliifodinibius roseus	6650.0	1446	47	46	1377	0.9836	0.9103
KC561141	1396	6980	Balneolaceae	Gracilimonas mengyeensis	KU862657	1456	7280	Balneolaceae	Rhodohalobacter halophilus	6128.0	1395	68	62	1296	0.9722	0.8779
KC561141	1396	6980	Balneolaceae	Gracilimonas mengyeensis	EF988655	1447	7235	Balneolaceae	Gracilimonas tropica	6632.0	1395	24	25	1355	0.9891	0.9501
KC561141	1396	6980	Balneolaceae	Gracilimonas mengyeensis	JQ923476	1421	7105	Balneolaceae	Aliifodinibius sediminis	5953.0	1396	101	84	1277	0.9733	0.8529
KC561141	1396	6980	Balneolaceae	Gracilimonas mengyeensis	HM153810	1466	7330	Balneolaceae	Fodinibius salinus	5748.0	1396	140	103	1255	0.9706	0.8235
KC561141	1396	6980	Balneolaceae	Gracilimonas mengyeensis	KC686334	1458	7290	Balneolaceae	Gracilimonas rosea	6681.0	1395	15	15	1361	0.9862	0.9572
KC561141	1396	6980	Balneolaceae	Gracilimonas mengyeensis	JQ923475	1466	7330	Balneolaceae	Aliifodinibius roseus	5900.0	1396	127	87	1273	0.9725	0.8453
KU862657	1456	7280	Balneolaceae	Rhodohalobacter halophilus	EF988655	1447	7235	Balneolaceae	Gracilimonas tropica	6254.0	1454	76	83	1332	0.9716	0.8644
KU862657	1456	7280	Balneolaceae	Rhodohalobacter halophilus	JQ923476	1421	7105	Balneolaceae	Aliifodinibius sediminis	5961.0	1421	92	92	1285	0.9669	0.8390
KU862657	1456	7280	Balneolaceae	Rhodohalobacter halophilus	HM153810	1466	7330	Balneolaceae	Fodinibius salinus	5913.0	1446	109	107	1290	0.9634	0.8122
KU862657	1456	7280	Balneolaceae	Rhodohalobacter halophilus	KC686334	1458	7290	Balneolaceae	Gracilimonas rosea	6258.0	1455	71	74	1334	0.9660	0.8596
KU862657	1456	7280	Balneolaceae	Rhodohalobacter halophilus	JQ923475	1466	7330	Balneolaceae	Aliifodinibius roseus	6064.0	1441	93	87	1307	0.9653	0.8330
EF988655	1447	7235	Balneolaceae	Gracilimonas tropica	JQ923476	1421	7105	Balneolaceae	Aliifodinibius sediminis	6034.0	1414	87	80	1293	0.9693	0.8493
EF988655	1447	7235	Balneolaceae	Gracilimonas tropica	HM153810	1466	7330	Balneolaceae	Fodinibius salinus	5920.0	1437	120	111	1288	0.9713	0.8182
EF988655	1447	7235	Balneolaceae	Gracilimonas tropica	KC686334	1458	7290	Balneolaceae	Gracilimonas rosea	6898.0	1447	34	30	1408	0.9936	0.9534
EF988655	1447	7235	Balneolaceae	Gracilimonas tropica	JQ923475	1466	7330	Balneolaceae	Aliifodinibius roseus	6052.0	1432	97	84	1303	0.9666	0.8365
JQ923476	1421	7105	Balneolaceae	Aliifodinibius sediminis	HM153810	1466	7330	Balneolaceae	Fodinibius salinus	6358.0	1421	66	60	1334	0.9802	0.8949
JQ923476	1421	7105	Balneolaceae	Aliifodinibius sediminis	KC686334	1458	7290	Balneolaceae	Gracilimonas rosea	6020.0	1421	88	94	1291	0.9729	0.8473
JQ923476	1421	7105	Balneolaceae	Aliifodinibius sediminis	JQ923475	1466	7330	Balneolaceae	Aliifodinibius roseus	6805.0	1421	33	22	1388	0.9921	0.9578
HM153810	1466	7330	Balneolaceae	Fodinibius salinus	KC686334	1458	7290	Balneolaceae	Gracilimonas rosea	5909.0	1453	112	123	1289	0.9692	0.8106
HM153810	1466	7330	Balneolaceae	Fodinibius salinus	JQ923475	1466	7330	Balneolaceae	Aliifodinibius roseus	6555.0	1464	63	63	1373	0.9800	0.8943
KC686334	1458	7290	Balneolaceae	Gracilimonas rosea	JQ923475	1466	7330	Balneolaceae	Aliifodinibius roseus	6056.0	1437	99	84	1306	0.9653	0.8307
