AJ491847	1409	7045	Beijerinckiaceae	Methylocella silvestris	AJ563933	1428	7140	Beijerinckiaceae	Beijerinckia derxii subsp. derxii	6707.0	1409	21	21	1370	0.9870	0.9520
AJ491847	1409	7045	Beijerinckiaceae	Methylocella silvestris	AJ563934	1429	7145	Beijerinckiaceae	Beijerinckia derxii subsp. venezuelae	6712.0	1409	18	18	1371	0.9856	0.9527
AJ491847	1409	7045	Beijerinckiaceae	Methylocella silvestris	KJ886940	1409	7045	Beijerinckiaceae	Pseudochelatococcus contaminans	6117.0	1408	65	70	1298	0.9701	0.8683
AJ491847	1409	7045	Beijerinckiaceae	Methylocella silvestris	AJ563931	1432	7160	Beijerinckiaceae	Beijerinckia indica subsp. lacticogenes	6748.0	1409	16	16	1375	0.9871	0.9578
AJ491847	1409	7045	Beijerinckiaceae	Methylocella silvestris	AM040096	1418	7090	Beijerinckiaceae	Rhodoblastus sphagnicola	6427.0	1406	41	41	1335	0.9780	0.9123
AJ491847	1409	7045	Beijerinckiaceae	Methylocella silvestris	AJ555244	1416	7080	Beijerinckiaceae	Methylocella tundrae	6842.0	1406	14	14	1384	0.9943	0.9712
AJ491847	1409	7045	Beijerinckiaceae	Methylocella silvestris	EU401907	1448	7240	Beijerinckiaceae	Beijerinckia fluminensis	6142.0	1409	71	73	1301	0.9738	0.8718
AJ491847	1409	7045	Beijerinckiaceae	Methylocella silvestris	AJ278726	1415	7075	Beijerinckiaceae	Methylocapsa acidiphila	6598.0	1402	29	33	1352	0.9876	0.9366
AJ491847	1409	7045	Beijerinckiaceae	Methylocella silvestris	KP715289	1405	7025	Beijerinckiaceae	Methylocapsa palsarum	6572.0	1386	27	28	1343	0.9890	0.9355
AJ491847	1409	7045	Beijerinckiaceae	Methylocella silvestris	CP001016	1480	7400	Beijerinckiaceae	Beijerinckia indica subsp. indica	6739.0	1409	16	16	1374	0.9864	0.9566
AJ491847	1409	7045	Beijerinckiaceae	Methylocella silvestris	Y17144	1393	6965	Beijerinckiaceae	Methylocella palustris	6662.0	1395	26	28	1357	0.9927	0.9565
AJ491847	1409	7045	Beijerinckiaceae	Methylocella silvestris	EU401905	1453	7265	Beijerinckiaceae	Beijerinckia doebereinerae	6653.0	1409	20	20	1364	0.9820	0.9444
AJ491847	1409	7045	Beijerinckiaceae	Methylocella silvestris	FR733696	1477	7385	Beijerinckiaceae	Rhodoblastus acidophilus	6387.0	1409	47	47	1331	0.9772	0.9066
AJ491847	1409	7045	Beijerinckiaceae	Methylocella silvestris	FN433469	1409	7045	Beijerinckiaceae	Methylocapsa aurea	6758.0	1409	15	15	1376	0.9871	0.9593
AJ491847	1409	7045	Beijerinckiaceae	Methylocella silvestris	FR686343	1408	7040	Beijerinckiaceae	Methyloferula stellata	6646.0	1388	20	20	1354	0.9898	0.9440
AJ491847	1409	7045	Beijerinckiaceae	Methylocella silvestris	FM252034	1402	7010	Beijerinckiaceae	Methylovirgula ligni	6480.0	1385	22	24	1333	0.9794	0.9244
AJ491847	1409	7045	Beijerinckiaceae	Methylocella silvestris	EU586035	1413	7065	Beijerinckiaceae	Methylorosula polaris	6550.0	1399	29	32	1346	0.9846	0.9297
AJ491847	1409	7045	Beijerinckiaceae	Methylocella silvestris	AJ563932	1431	7155	Beijerinckiaceae	Beijerinckia mobilis	6650.0	1409	19	19	1364	0.9813	0.9439
AJ491847	1409	7045	Beijerinckiaceae	Methylocella silvestris	KJ886939	1360	6800	Beijerinckiaceae	Pseudochelatococcus lubricantis	5882.0	1369	70	81	1252	0.9720	0.8650
AJ563933	1428	7140	Beijerinckiaceae	Beijerinckia derxii subsp. derxii	AJ563934	1429	7145	Beijerinckiaceae	Beijerinckia derxii subsp. venezuelae	7027.0	1428	5	5	1415	0.9944	0.9842
AJ563933	1428	7140	Beijerinckiaceae	Beijerinckia derxii subsp. derxii	KJ886940	1409	7045	Beijerinckiaceae	Pseudochelatococcus contaminans	6138.0	1414	67	72	1303	0.9709	0.8713
AJ563933	1428	7140	Beijerinckiaceae	Beijerinckia derxii subsp. derxii	AJ563931	1432	7160	Beijerinckiaceae	Beijerinckia indica subsp. lacticogenes	7024.0	1428	2	2	1415	0.9923	0.9838
AJ563933	1428	7140	Beijerinckiaceae	Beijerinckia derxii subsp. derxii	AM040096	1418	7090	Beijerinckiaceae	Rhodoblastus sphagnicola	6504.0	1418	40	40	1349	0.9790	0.9173
AJ563933	1428	7140	Beijerinckiaceae	Beijerinckia derxii subsp. derxii	AJ555244	1416	7080	Beijerinckiaceae	Methylocella tundrae	6731.0	1416	16	16	1376	0.9829	0.9507
AJ563933	1428	7140	Beijerinckiaceae	Beijerinckia derxii subsp. derxii	EU401907	1448	7240	Beijerinckiaceae	Beijerinckia fluminensis	6195.0	1428	65	67	1316	0.9669	0.8676
AJ563933	1428	7140	Beijerinckiaceae	Beijerinckia derxii subsp. derxii	AJ278726	1415	7075	Beijerinckiaceae	Methylocapsa acidiphila	6649.0	1414	29	33	1363	0.9870	0.9398
AJ563933	1428	7140	Beijerinckiaceae	Beijerinckia derxii subsp. derxii	KP715289	1405	7025	Beijerinckiaceae	Methylocapsa palsarum	6639.0	1398	19	19	1357	0.9840	0.9451
AJ563933	1428	7140	Beijerinckiaceae	Beijerinckia derxii subsp. derxii	CP001016	1480	7400	Beijerinckiaceae	Beijerinckia indica subsp. indica	7015.0	1428	2	2	1414	0.9916	0.9825
AJ563933	1428	7140	Beijerinckiaceae	Beijerinckia derxii subsp. derxii	Y17144	1393	6965	Beijerinckiaceae	Methylocella palustris	6545.0	1395	28	30	1344	0.9846	0.9397
AJ563933	1428	7140	Beijerinckiaceae	Beijerinckia derxii subsp. derxii	EU401905	1453	7265	Beijerinckiaceae	Beijerinckia doebereinerae	6817.0	1428	17	17	1391	0.9858	0.9548
AJ563933	1428	7140	Beijerinckiaceae	Beijerinckia derxii subsp. derxii	FR733696	1477	7385	Beijerinckiaceae	Rhodoblastus acidophilus	6531.0	1428	45	45	1356	0.9805	0.9147
AJ563933	1428	7140	Beijerinckiaceae	Beijerinckia derxii subsp. derxii	FN433469	1409	7045	Beijerinckiaceae	Methylocapsa aurea	6759.0	1409	15	15	1376	0.9871	0.9594
AJ563933	1428	7140	Beijerinckiaceae	Beijerinckia derxii subsp. derxii	FR686343	1408	7040	Beijerinckiaceae	Methyloferula stellata	6646.0	1400	13	13	1360	0.9805	0.9440
AJ563933	1428	7140	Beijerinckiaceae	Beijerinckia derxii subsp. derxii	FM252034	1402	7010	Beijerinckiaceae	Methylovirgula ligni	6535.0	1397	21	23	1345	0.9789	0.9322
AJ563933	1428	7140	Beijerinckiaceae	Beijerinckia derxii subsp. derxii	EU586035	1413	7065	Beijerinckiaceae	Methylorosula polaris	6606.0	1411	26	29	1358	0.9826	0.9350
AJ563933	1428	7140	Beijerinckiaceae	Beijerinckia derxii subsp. derxii	AJ563932	1431	7155	Beijerinckiaceae	Beijerinckia mobilis	6945.0	1428	4	4	1406	0.9874	0.9727
AJ563933	1428	7140	Beijerinckiaceae	Beijerinckia derxii subsp. derxii	KJ886939	1360	6800	Beijerinckiaceae	Pseudochelatococcus lubricantis	5930.0	1374	62	77	1259	0.9707	0.8721
AJ563934	1429	7145	Beijerinckiaceae	Beijerinckia derxii subsp. venezuelae	KJ886940	1409	7045	Beijerinckiaceae	Pseudochelatococcus contaminans	6171.0	1414	64	69	1307	0.9717	0.8759
AJ563934	1429	7145	Beijerinckiaceae	Beijerinckia derxii subsp. venezuelae	AJ563931	1432	7160	Beijerinckiaceae	Beijerinckia indica subsp. lacticogenes	7075.0	1429	4	4	1421	0.9972	0.9902
AJ563934	1429	7145	Beijerinckiaceae	Beijerinckia derxii subsp. venezuelae	AM040096	1418	7090	Beijerinckiaceae	Rhodoblastus sphagnicola	6509.0	1418	41	41	1349	0.9797	0.9181
AJ563934	1429	7145	Beijerinckiaceae	Beijerinckia derxii subsp. venezuelae	AJ555244	1416	7080	Beijerinckiaceae	Methylocella tundrae	6769.0	1416	10	10	1381	0.9822	0.9561
AJ563934	1429	7145	Beijerinckiaceae	Beijerinckia derxii subsp. venezuelae	EU401907	1448	7240	Beijerinckiaceae	Beijerinckia fluminensis	6226.0	1429	65	67	1320	0.9692	0.8714
AJ563934	1429	7145	Beijerinckiaceae	Beijerinckia derxii subsp. venezuelae	AJ278726	1415	7075	Beijerinckiaceae	Methylocapsa acidiphila	6662.0	1414	27	31	1365	0.9870	0.9416
AJ563934	1429	7145	Beijerinckiaceae	Beijerinckia derxii subsp. venezuelae	KP715289	1405	7025	Beijerinckiaceae	Methylocapsa palsarum	6693.0	1398	14	14	1364	0.9855	0.9527
AJ563934	1429	7145	Beijerinckiaceae	Beijerinckia derxii subsp. venezuelae	CP001016	1480	7400	Beijerinckiaceae	Beijerinckia indica subsp. indica	7075.0	1429	4	4	1421	0.9972	0.9902
AJ563934	1429	7145	Beijerinckiaceae	Beijerinckia derxii subsp. venezuelae	Y17144	1393	6965	Beijerinckiaceae	Methylocella palustris	6610.0	1395	22	24	1352	0.9861	0.9490
AJ563934	1429	7145	Beijerinckiaceae	Beijerinckia derxii subsp. venezuelae	EU401905	1453	7265	Beijerinckiaceae	Beijerinckia doebereinerae	6830.0	1429	16	16	1393	0.9858	0.9559
AJ563934	1429	7145	Beijerinckiaceae	Beijerinckia derxii subsp. venezuelae	FR733696	1477	7385	Beijerinckiaceae	Rhodoblastus acidophilus	6560.0	1429	41	41	1360	0.9798	0.9181
AJ563934	1429	7145	Beijerinckiaceae	Beijerinckia derxii subsp. venezuelae	FN433469	1409	7045	Beijerinckiaceae	Methylocapsa aurea	6799.0	1409	10	10	1381	0.9871	0.9651
AJ563934	1429	7145	Beijerinckiaceae	Beijerinckia derxii subsp. venezuelae	FR686343	1408	7040	Beijerinckiaceae	Methyloferula stellata	6638.0	1400	14	14	1359	0.9805	0.9429
AJ563934	1429	7145	Beijerinckiaceae	Beijerinckia derxii subsp. venezuelae	FM252034	1402	7010	Beijerinckiaceae	Methylovirgula ligni	6508.0	1397	22	24	1342	0.9774	0.9284
AJ563934	1429	7145	Beijerinckiaceae	Beijerinckia derxii subsp. venezuelae	EU586035	1413	7065	Beijerinckiaceae	Methylorosula polaris	6629.0	1411	25	28	1361	0.9841	0.9383
AJ563934	1429	7145	Beijerinckiaceae	Beijerinckia derxii subsp. venezuelae	AJ563932	1431	7155	Beijerinckiaceae	Beijerinckia mobilis	6968.0	1429	4	4	1409	0.9888	0.9752
AJ563934	1429	7145	Beijerinckiaceae	Beijerinckia derxii subsp. venezuelae	KJ886939	1360	6800	Beijerinckiaceae	Pseudochelatococcus lubricantis	5932.0	1373	64	77	1260	0.9722	0.8724
KJ886940	1409	7045	Beijerinckiaceae	Pseudochelatococcus contaminans	AJ563931	1432	7160	Beijerinckiaceae	Beijerinckia indica subsp. lacticogenes	6148.0	1409	71	66	1304	0.9710	0.8727
KJ886940	1409	7045	Beijerinckiaceae	Pseudochelatococcus contaminans	AM040096	1418	7090	Beijerinckiaceae	Rhodoblastus sphagnicola	6039.0	1407	73	68	1291	0.9642	0.8572
KJ886940	1409	7045	Beijerinckiaceae	Pseudochelatococcus contaminans	AJ555244	1416	7080	Beijerinckiaceae	Methylocella tundrae	6149.0	1407	70	65	1303	0.9709	0.8728
KJ886940	1409	7045	Beijerinckiaceae	Pseudochelatococcus contaminans	EU401907	1448	7240	Beijerinckiaceae	Beijerinckia fluminensis	6088.0	1409	75	72	1297	0.9701	0.8642
KJ886940	1409	7045	Beijerinckiaceae	Pseudochelatococcus contaminans	AJ278726	1415	7075	Beijerinckiaceae	Methylocapsa acidiphila	6166.0	1403	66	65	1303	0.9738	0.8752
KJ886940	1409	7045	Beijerinckiaceae	Pseudochelatococcus contaminans	KP715289	1405	7025	Beijerinckiaceae	Methylocapsa palsarum	6057.0	1387	75	71	1283	0.9749	0.8622
KJ886940	1409	7045	Beijerinckiaceae	Pseudochelatococcus contaminans	CP001016	1480	7400	Beijerinckiaceae	Beijerinckia indica subsp. indica	6148.0	1409	71	66	1304	0.9710	0.8727
KJ886940	1409	7045	Beijerinckiaceae	Pseudochelatococcus contaminans	Y17144	1393	6965	Beijerinckiaceae	Methylocella palustris	6039.0	1390	67	64	1283	0.9676	0.8670
KJ886940	1409	7045	Beijerinckiaceae	Pseudochelatococcus contaminans	EU401905	1453	7265	Beijerinckiaceae	Beijerinckia doebereinerae	6145.0	1409	72	67	1303	0.9709	0.8722
KJ886940	1409	7045	Beijerinckiaceae	Pseudochelatococcus contaminans	FR733696	1477	7385	Beijerinckiaceae	Rhodoblastus acidophilus	6117.0	1409	65	60	1302	0.9652	0.8683
KJ886940	1409	7045	Beijerinckiaceae	Pseudochelatococcus contaminans	FN433469	1409	7045	Beijerinckiaceae	Methylocapsa aurea	6165.0	1403	72	67	1303	0.9753	0.8751
KJ886940	1409	7045	Beijerinckiaceae	Pseudochelatococcus contaminans	FR686343	1408	7040	Beijerinckiaceae	Methyloferula stellata	6066.0	1389	69	64	1286	0.9706	0.8616
KJ886940	1409	7045	Beijerinckiaceae	Pseudochelatococcus contaminans	FM252034	1402	7010	Beijerinckiaceae	Methylovirgula ligni	6070.0	1386	69	66	1285	0.9735	0.8659
KJ886940	1409	7045	Beijerinckiaceae	Pseudochelatococcus contaminans	EU586035	1413	7065	Beijerinckiaceae	Methylorosula polaris	6077.0	1400	70	68	1291	0.9692	0.8626
KJ886940	1409	7045	Beijerinckiaceae	Pseudochelatococcus contaminans	AJ563932	1431	7155	Beijerinckiaceae	Beijerinckia mobilis	6123.0	1409	73	68	1301	0.9702	0.8691
KJ886940	1409	7045	Beijerinckiaceae	Pseudochelatococcus contaminans	KJ886939	1360	6800	Beijerinckiaceae	Pseudochelatococcus lubricantis	6554.0	1365	13	18	1333	0.9896	0.9638
AJ563931	1432	7160	Beijerinckiaceae	Beijerinckia indica subsp. lacticogenes	AM040096	1418	7090	Beijerinckiaceae	Rhodoblastus sphagnicola	6507.0	1418	41	41	1349	0.9797	0.9178
AJ563931	1432	7160	Beijerinckiaceae	Beijerinckia indica subsp. lacticogenes	AJ555244	1416	7080	Beijerinckiaceae	Methylocella tundrae	6806.0	1416	10	10	1385	0.9851	0.9613
AJ563931	1432	7160	Beijerinckiaceae	Beijerinckia indica subsp. lacticogenes	EU401907	1448	7240	Beijerinckiaceae	Beijerinckia fluminensis	6278.0	1432	64	66	1327	0.9714	0.8768
AJ563931	1432	7160	Beijerinckiaceae	Beijerinckia indica subsp. lacticogenes	AJ278726	1415	7075	Beijerinckiaceae	Methylocapsa acidiphila	6677.0	1415	26	30	1367	0.9870	0.9437
AJ563931	1432	7160	Beijerinckiaceae	Beijerinckia indica subsp. lacticogenes	KP715289	1405	7025	Beijerinckiaceae	Methylocapsa palsarum	6691.0	1399	13	13	1364	0.9841	0.9525
AJ563931	1432	7160	Beijerinckiaceae	Beijerinckia indica subsp. lacticogenes	CP001016	1480	7400	Beijerinckiaceae	Beijerinckia indica subsp. indica	7142.0	1432	0	0	1430	0.9986	0.9975
AJ563931	1432	7160	Beijerinckiaceae	Beijerinckia indica subsp. lacticogenes	Y17144	1393	6965	Beijerinckiaceae	Methylocella palustris	6583.0	1395	22	24	1349	0.9840	0.9452
AJ563931	1432	7160	Beijerinckiaceae	Beijerinckia indica subsp. lacticogenes	EU401905	1453	7265	Beijerinckiaceae	Beijerinckia doebereinerae	6877.0	1432	11	11	1400	0.9852	0.9605
AJ563931	1432	7160	Beijerinckiaceae	Beijerinckia indica subsp. lacticogenes	FR733696	1477	7385	Beijerinckiaceae	Rhodoblastus acidophilus	6561.0	1432	42	42	1361	0.9791	0.9163
AJ563931	1432	7160	Beijerinckiaceae	Beijerinckia indica subsp. lacticogenes	FN433469	1409	7045	Beijerinckiaceae	Methylocapsa aurea	6790.0	1409	10	10	1380	0.9864	0.9638
AJ563931	1432	7160	Beijerinckiaceae	Beijerinckia indica subsp. lacticogenes	FR686343	1408	7040	Beijerinckiaceae	Methyloferula stellata	6669.0	1401	12	12	1363	0.9813	0.9473
AJ563931	1432	7160	Beijerinckiaceae	Beijerinckia indica subsp. lacticogenes	FM252034	1402	7010	Beijerinckiaceae	Methylovirgula ligni	6516.0	1398	22	24	1343	0.9774	0.9295
AJ563931	1432	7160	Beijerinckiaceae	Beijerinckia indica subsp. lacticogenes	EU586035	1413	7065	Beijerinckiaceae	Methylorosula polaris	6660.0	1412	23	26	1365	0.9848	0.9427
AJ563931	1432	7160	Beijerinckiaceae	Beijerinckia indica subsp. lacticogenes	AJ563932	1431	7155	Beijerinckiaceae	Beijerinckia mobilis	6970.0	1431	6	6	1410	0.9895	0.9741
AJ563931	1432	7160	Beijerinckiaceae	Beijerinckia indica subsp. lacticogenes	KJ886939	1360	6800	Beijerinckiaceae	Pseudochelatococcus lubricantis	5899.0	1373	68	81	1256	0.9721	0.8675
AM040096	1418	7090	Beijerinckiaceae	Rhodoblastus sphagnicola	AJ555244	1416	7080	Beijerinckiaceae	Methylocella tundrae	6434.0	1416	47	47	1339	0.9781	0.9088
AM040096	1418	7090	Beijerinckiaceae	Rhodoblastus sphagnicola	EU401907	1448	7240	Beijerinckiaceae	Beijerinckia fluminensis	6070.0	1418	82	84	1296	0.9715	0.8561
AM040096	1418	7090	Beijerinckiaceae	Rhodoblastus sphagnicola	AJ278726	1415	7075	Beijerinckiaceae	Methylocapsa acidiphila	6496.0	1414	24	28	1346	0.9711	0.9182
AM040096	1418	7090	Beijerinckiaceae	Rhodoblastus sphagnicola	KP715289	1405	7025	Beijerinckiaceae	Methylocapsa palsarum	6352.0	1398	30	30	1324	0.9678	0.9042
AM040096	1418	7090	Beijerinckiaceae	Rhodoblastus sphagnicola	CP001016	1480	7400	Beijerinckiaceae	Beijerinckia indica subsp. indica	6489.0	1418	41	41	1347	0.9782	0.9152
AM040096	1418	7090	Beijerinckiaceae	Rhodoblastus sphagnicola	Y17144	1393	6965	Beijerinckiaceae	Methylocella palustris	6319.0	1395	41	43	1317	0.9741	0.9073
AM040096	1418	7090	Beijerinckiaceae	Rhodoblastus sphagnicola	EU401905	1453	7265	Beijerinckiaceae	Beijerinckia doebereinerae	6487.0	1418	38	38	1347	0.9761	0.9150
AM040096	1418	7090	Beijerinckiaceae	Rhodoblastus sphagnicola	FR733696	1477	7385	Beijerinckiaceae	Rhodoblastus acidophilus	6808.0	1418	16	16	1385	0.9879	0.9602
AM040096	1418	7090	Beijerinckiaceae	Rhodoblastus sphagnicola	FN433469	1409	7045	Beijerinckiaceae	Methylocapsa aurea	6458.0	1406	32	32	1339	0.9745	0.9167
AM040096	1418	7090	Beijerinckiaceae	Rhodoblastus sphagnicola	FR686343	1408	7040	Beijerinckiaceae	Methyloferula stellata	6440.0	1400	34	34	1335	0.9773	0.9148
AM040096	1418	7090	Beijerinckiaceae	Rhodoblastus sphagnicola	FM252034	1402	7010	Beijerinckiaceae	Methylovirgula ligni	6461.0	1397	21	23	1337	0.9731	0.9217
AM040096	1418	7090	Beijerinckiaceae	Rhodoblastus sphagnicola	EU586035	1413	7065	Beijerinckiaceae	Methylorosula polaris	6367.0	1411	47	50	1329	0.9765	0.9012
AM040096	1418	7090	Beijerinckiaceae	Rhodoblastus sphagnicola	AJ563932	1431	7155	Beijerinckiaceae	Beijerinckia mobilis	6530.0	1418	39	39	1352	0.9804	0.9210
AM040096	1418	7090	Beijerinckiaceae	Rhodoblastus sphagnicola	KJ886939	1360	6800	Beijerinckiaceae	Pseudochelatococcus lubricantis	5803.0	1373	73	86	1244	0.9666	0.8534
AJ555244	1416	7080	Beijerinckiaceae	Methylocella tundrae	EU401907	1448	7240	Beijerinckiaceae	Beijerinckia fluminensis	6199.0	1416	66	69	1311	0.9733	0.8756
AJ555244	1416	7080	Beijerinckiaceae	Methylocella tundrae	AJ278726	1415	7075	Beijerinckiaceae	Methylocapsa acidiphila	6635.0	1412	28	33	1361	0.9869	0.9378
AJ555244	1416	7080	Beijerinckiaceae	Methylocella tundrae	KP715289	1405	7025	Beijerinckiaceae	Methylocapsa palsarum	6654.0	1396	16	17	1358	0.9848	0.9472
AJ555244	1416	7080	Beijerinckiaceae	Methylocella tundrae	CP001016	1480	7400	Beijerinckiaceae	Beijerinckia indica subsp. indica	6790.0	1416	10	11	1383	0.9843	0.9590
AJ555244	1416	7080	Beijerinckiaceae	Methylocella tundrae	Y17144	1393	6965	Beijerinckiaceae	Methylocella palustris	6738.0	1395	13	15	1367	0.9906	0.9674
AJ555244	1416	7080	Beijerinckiaceae	Methylocella tundrae	EU401905	1453	7265	Beijerinckiaceae	Beijerinckia doebereinerae	6739.0	1416	18	19	1377	0.9857	0.9518
AJ555244	1416	7080	Beijerinckiaceae	Methylocella tundrae	FR733696	1477	7385	Beijerinckiaceae	Rhodoblastus acidophilus	6427.0	1416	44	45	1339	0.9767	0.9078
AJ555244	1416	7080	Beijerinckiaceae	Methylocella tundrae	FN433469	1409	7045	Beijerinckiaceae	Methylocapsa aurea	6759.0	1406	11	11	1375	0.9857	0.9594
AJ555244	1416	7080	Beijerinckiaceae	Methylocella tundrae	FR686343	1408	7040	Beijerinckiaceae	Methyloferula stellata	6663.0	1398	22	22	1360	0.9884	0.9464
AJ555244	1416	7080	Beijerinckiaceae	Methylocella tundrae	FM252034	1402	7010	Beijerinckiaceae	Methylovirgula ligni	6496.0	1395	23	26	1339	0.9781	0.9267
AJ555244	1416	7080	Beijerinckiaceae	Methylocella tundrae	EU586035	1413	7065	Beijerinckiaceae	Methylorosula polaris	6634.0	1409	17	21	1361	0.9805	0.9390
AJ555244	1416	7080	Beijerinckiaceae	Methylocella tundrae	AJ563932	1431	7155	Beijerinckiaceae	Beijerinckia mobilis	6704.0	1416	16	16	1373	0.9807	0.9469
AJ555244	1416	7080	Beijerinckiaceae	Methylocella tundrae	KJ886939	1360	6800	Beijerinckiaceae	Pseudochelatococcus lubricantis	5903.0	1373	67	80	1256	0.9714	0.8681
EU401907	1448	7240	Beijerinckiaceae	Beijerinckia fluminensis	AJ278726	1415	7075	Beijerinckiaceae	Methylocapsa acidiphila	6256.0	1417	64	66	1319	0.9763	0.8842
EU401907	1448	7240	Beijerinckiaceae	Beijerinckia fluminensis	KP715289	1405	7025	Beijerinckiaceae	Methylocapsa palsarum	6080.0	1402	72	70	1292	0.9700	0.8655
EU401907	1448	7240	Beijerinckiaceae	Beijerinckia fluminensis	CP001016	1480	7400	Beijerinckiaceae	Beijerinckia indica subsp. indica	6363.0	1447	66	64	1344	0.9718	0.8789
EU401907	1448	7240	Beijerinckiaceae	Beijerinckia fluminensis	Y17144	1393	6965	Beijerinckiaceae	Methylocella palustris	6110.0	1393	64	64	1292	0.9722	0.8772
EU401907	1448	7240	Beijerinckiaceae	Beijerinckia fluminensis	EU401905	1453	7265	Beijerinckiaceae	Beijerinckia doebereinerae	6337.0	1448	70	68	1342	0.9725	0.8753
EU401907	1448	7240	Beijerinckiaceae	Beijerinckia fluminensis	FR733696	1477	7385	Beijerinckiaceae	Rhodoblastus acidophilus	6234.0	1446	77	75	1329	0.9694	0.8610
EU401907	1448	7240	Beijerinckiaceae	Beijerinckia fluminensis	FN433469	1409	7045	Beijerinckiaceae	Methylocapsa aurea	6163.0	1407	69	67	1304	0.9731	0.8748
EU401907	1448	7240	Beijerinckiaceae	Beijerinckia fluminensis	FR686343	1408	7040	Beijerinckiaceae	Methyloferula stellata	6120.0	1404	69	67	1298	0.9708	0.8693
EU401907	1448	7240	Beijerinckiaceae	Beijerinckia fluminensis	FM252034	1402	7010	Beijerinckiaceae	Methylovirgula ligni	6020.0	1401	79	79	1284	0.9713	0.8588
EU401907	1448	7240	Beijerinckiaceae	Beijerinckia fluminensis	EU586035	1413	7065	Beijerinckiaceae	Methylorosula polaris	6177.0	1414	68	69	1308	0.9725	0.8743
EU401907	1448	7240	Beijerinckiaceae	Beijerinckia fluminensis	AJ563932	1431	7155	Beijerinckiaceae	Beijerinckia mobilis	6229.0	1429	70	68	1321	0.9706	0.8706
EU401907	1448	7240	Beijerinckiaceae	Beijerinckia fluminensis	KJ886939	1360	6800	Beijerinckiaceae	Pseudochelatococcus lubricantis	5860.0	1371	75	86	1250	0.9728	0.8618
AJ278726	1415	7075	Beijerinckiaceae	Methylocapsa acidiphila	KP715289	1405	7025	Beijerinckiaceae	Methylocapsa palsarum	6653.0	1399	24	20	1359	0.9855	0.9470
AJ278726	1415	7075	Beijerinckiaceae	Methylocapsa acidiphila	CP001016	1480	7400	Beijerinckiaceae	Beijerinckia indica subsp. indica	6697.0	1415	31	27	1371	0.9878	0.9466
AJ278726	1415	7075	Beijerinckiaceae	Methylocapsa acidiphila	Y17144	1393	6965	Beijerinckiaceae	Methylocella palustris	6666.0	1391	17	15	1358	0.9869	0.9571
AJ278726	1415	7075	Beijerinckiaceae	Methylocapsa acidiphila	EU401905	1453	7265	Beijerinckiaceae	Beijerinckia doebereinerae	6708.0	1415	28	24	1373	0.9871	0.9481
AJ278726	1415	7075	Beijerinckiaceae	Methylocapsa acidiphila	FR733696	1477	7385	Beijerinckiaceae	Rhodoblastus acidophilus	6504.0	1415	36	32	1349	0.9754	0.9193
AJ278726	1415	7075	Beijerinckiaceae	Methylocapsa acidiphila	FN433469	1409	7045	Beijerinckiaceae	Methylocapsa aurea	6783.0	1398	19	15	1374	0.9935	0.9628
AJ278726	1415	7075	Beijerinckiaceae	Methylocapsa acidiphila	FR686343	1408	7040	Beijerinckiaceae	Methyloferula stellata	6658.0	1401	26	22	1361	0.9869	0.9457
AJ278726	1415	7075	Beijerinckiaceae	Methylocapsa acidiphila	FM252034	1402	7010	Beijerinckiaceae	Methylovirgula ligni	6675.0	1398	16	14	1362	0.9841	0.9522
AJ278726	1415	7075	Beijerinckiaceae	Methylocapsa acidiphila	EU586035	1413	7065	Beijerinckiaceae	Methylorosula polaris	6613.0	1412	30	29	1360	0.9834	0.9360
AJ278726	1415	7075	Beijerinckiaceae	Methylocapsa acidiphila	AJ563932	1431	7155	Beijerinckiaceae	Beijerinckia mobilis	6687.0	1410	29	25	1368	0.9877	0.9452
AJ278726	1415	7075	Beijerinckiaceae	Methylocapsa acidiphila	KJ886939	1360	6800	Beijerinckiaceae	Pseudochelatococcus lubricantis	5963.0	1369	63	72	1263	0.9738	0.8769
KP715289	1405	7025	Beijerinckiaceae	Methylocapsa palsarum	CP001016	1480	7400	Beijerinckiaceae	Beijerinckia indica subsp. indica	6721.0	1405	14	14	1370	0.9849	0.9567
KP715289	1405	7025	Beijerinckiaceae	Methylocapsa palsarum	Y17144	1393	6965	Beijerinckiaceae	Methylocella palustris	6626.0	1385	15	16	1350	0.9861	0.9513
KP715289	1405	7025	Beijerinckiaceae	Methylocapsa palsarum	EU401905	1453	7265	Beijerinckiaceae	Beijerinckia doebereinerae	6604.0	1405	23	23	1356	0.9812	0.9401
KP715289	1405	7025	Beijerinckiaceae	Methylocapsa palsarum	FR733696	1477	7385	Beijerinckiaceae	Rhodoblastus acidophilus	6341.0	1403	40	40	1324	0.9714	0.9026
KP715289	1405	7025	Beijerinckiaceae	Methylocapsa palsarum	FN433469	1409	7045	Beijerinckiaceae	Methylocapsa aurea	6740.0	1385	8	7	1364	0.9898	0.9594
KP715289	1405	7025	Beijerinckiaceae	Methylocapsa palsarum	FR686343	1408	7040	Beijerinckiaceae	Methyloferula stellata	6708.0	1405	22	22	1368	0.9892	0.9549
KP715289	1405	7025	Beijerinckiaceae	Methylocapsa palsarum	FM252034	1402	7010	Beijerinckiaceae	Methylovirgula ligni	6581.0	1404	20	22	1353	0.9790	0.9388
KP715289	1405	7025	Beijerinckiaceae	Methylocapsa palsarum	EU586035	1413	7065	Beijerinckiaceae	Methylorosula polaris	6580.0	1403	22	25	1352	0.9811	0.9367
KP715289	1405	7025	Beijerinckiaceae	Methylocapsa palsarum	AJ563932	1431	7155	Beijerinckiaceae	Beijerinckia mobilis	6604.0	1398	14	14	1354	0.9783	0.9401
KP715289	1405	7025	Beijerinckiaceae	Methylocapsa palsarum	KJ886939	1360	6800	Beijerinckiaceae	Pseudochelatococcus lubricantis	5939.0	1372	67	79	1260	0.9745	0.8734
CP001016	1480	7400	Beijerinckiaceae	Beijerinckia indica subsp. indica	Y17144	1393	6965	Beijerinckiaceae	Methylocella palustris	6592.0	1395	22	24	1350	0.9847	0.9464
CP001016	1480	7400	Beijerinckiaceae	Beijerinckia indica subsp. indica	EU401905	1453	7265	Beijerinckiaceae	Beijerinckia doebereinerae	6974.0	1451	13	13	1419	0.9868	0.9599
CP001016	1480	7400	Beijerinckiaceae	Beijerinckia indica subsp. indica	FR733696	1477	7385	Beijerinckiaceae	Rhodoblastus acidophilus	6795.0	1477	42	42	1407	0.9805	0.9201
CP001016	1480	7400	Beijerinckiaceae	Beijerinckia indica subsp. indica	FN433469	1409	7045	Beijerinckiaceae	Methylocapsa aurea	6781.0	1409	10	10	1379	0.9857	0.9625
CP001016	1480	7400	Beijerinckiaceae	Beijerinckia indica subsp. indica	FR686343	1408	7040	Beijerinckiaceae	Methyloferula stellata	6681.0	1407	12	12	1367	0.9799	0.9490
CP001016	1480	7400	Beijerinckiaceae	Beijerinckia indica subsp. indica	FM252034	1402	7010	Beijerinckiaceae	Methylovirgula ligni	6546.0	1404	22	24	1349	0.9775	0.9338
CP001016	1480	7400	Beijerinckiaceae	Beijerinckia indica subsp. indica	EU586035	1413	7065	Beijerinckiaceae	Methylorosula polaris	6680.0	1416	23	26	1369	0.9849	0.9455
CP001016	1480	7400	Beijerinckiaceae	Beijerinckia indica subsp. indica	AJ563932	1431	7155	Beijerinckiaceae	Beijerinckia mobilis	6952.0	1431	6	6	1408	0.9881	0.9716
CP001016	1480	7400	Beijerinckiaceae	Beijerinckia indica subsp. indica	KJ886939	1360	6800	Beijerinckiaceae	Pseudochelatococcus lubricantis	5899.0	1373	68	81	1256	0.9721	0.8675
Y17144	1393	6965	Beijerinckiaceae	Methylocella palustris	EU401905	1453	7265	Beijerinckiaceae	Beijerinckia doebereinerae	6542.0	1393	26	24	1345	0.9825	0.9393
Y17144	1393	6965	Beijerinckiaceae	Methylocella palustris	FR733696	1477	7385	Beijerinckiaceae	Rhodoblastus acidophilus	6261.0	1393	53	51	1310	0.9762	0.8989
Y17144	1393	6965	Beijerinckiaceae	Methylocella palustris	FN433469	1409	7045	Beijerinckiaceae	Methylocapsa aurea	6718.0	1393	12	10	1365	0.9870	0.9645
Y17144	1393	6965	Beijerinckiaceae	Methylocella palustris	FR686343	1408	7040	Beijerinckiaceae	Methyloferula stellata	6577.0	1386	24	22	1345	0.9861	0.9443
Y17144	1393	6965	Beijerinckiaceae	Methylocella palustris	FM252034	1402	7010	Beijerinckiaceae	Methylovirgula ligni	6426.0	1383	18	18	1327	0.9722	0.9226
Y17144	1393	6965	Beijerinckiaceae	Methylocella palustris	EU586035	1413	7065	Beijerinckiaceae	Methylorosula polaris	6605.0	1393	17	18	1351	0.9825	0.9483
Y17144	1393	6965	Beijerinckiaceae	Methylocella palustris	AJ563932	1431	7155	Beijerinckiaceae	Beijerinckia mobilis	6556.0	1393	23	21	1346	0.9810	0.9413
Y17144	1393	6965	Beijerinckiaceae	Methylocella palustris	KJ886939	1360	6800	Beijerinckiaceae	Pseudochelatococcus lubricantis	5868.0	1367	65	74	1251	0.9675	0.8629
EU401905	1453	7265	Beijerinckiaceae	Beijerinckia doebereinerae	FR733696	1477	7385	Beijerinckiaceae	Rhodoblastus acidophilus	6642.0	1448	44	44	1377	0.9808	0.9142
EU401905	1453	7265	Beijerinckiaceae	Beijerinckia doebereinerae	FN433469	1409	7045	Beijerinckiaceae	Methylocapsa aurea	6717.0	1409	14	14	1372	0.9835	0.9534
EU401905	1453	7265	Beijerinckiaceae	Beijerinckia doebereinerae	FR686343	1408	7040	Beijerinckiaceae	Methyloferula stellata	6672.0	1407	11	11	1366	0.9785	0.9477
EU401905	1453	7265	Beijerinckiaceae	Beijerinckia doebereinerae	FM252034	1402	7010	Beijerinckiaceae	Methylovirgula ligni	6558.0	1404	26	28	1350	0.9811	0.9355
EU401905	1453	7265	Beijerinckiaceae	Beijerinckia doebereinerae	EU586035	1413	7065	Beijerinckiaceae	Methylorosula polaris	6570.0	1416	25	28	1357	0.9777	0.9299
EU401905	1453	7265	Beijerinckiaceae	Beijerinckia doebereinerae	AJ563932	1431	7155	Beijerinckiaceae	Beijerinckia mobilis	6878.0	1431	8	8	1400	0.9838	0.9613
EU401905	1453	7265	Beijerinckiaceae	Beijerinckia doebereinerae	KJ886939	1360	6800	Beijerinckiaceae	Pseudochelatococcus lubricantis	5932.0	1373	59	72	1260	0.9685	0.8724
FR733696	1477	7385	Beijerinckiaceae	Rhodoblastus acidophilus	FN433469	1409	7045	Beijerinckiaceae	Methylocapsa aurea	6452.0	1409	39	39	1339	0.9774	0.9158
FR733696	1477	7385	Beijerinckiaceae	Rhodoblastus acidophilus	FR686343	1408	7040	Beijerinckiaceae	Methyloferula stellata	6397.0	1405	41	41	1331	0.9758	0.9087
FR733696	1477	7385	Beijerinckiaceae	Rhodoblastus acidophilus	FM252034	1402	7010	Beijerinckiaceae	Methylovirgula ligni	6415.0	1402	29	31	1333	0.9723	0.9151
FR733696	1477	7385	Beijerinckiaceae	Rhodoblastus acidophilus	EU586035	1413	7065	Beijerinckiaceae	Methylorosula polaris	6383.0	1416	51	54	1333	0.9787	0.9035
FR733696	1477	7385	Beijerinckiaceae	Rhodoblastus acidophilus	AJ563932	1431	7155	Beijerinckiaceae	Beijerinckia mobilis	6543.0	1431	49	49	1358	0.9826	0.9145
FR733696	1477	7385	Beijerinckiaceae	Rhodoblastus acidophilus	KJ886939	1360	6800	Beijerinckiaceae	Pseudochelatococcus lubricantis	5834.0	1373	59	72	1249	0.9600	0.8579
FN433469	1409	7045	Beijerinckiaceae	Methylocapsa aurea	FR686343	1408	7040	Beijerinckiaceae	Methyloferula stellata	6692.0	1388	9	9	1360	0.9862	0.9506
FN433469	1409	7045	Beijerinckiaceae	Methylocapsa aurea	FM252034	1402	7010	Beijerinckiaceae	Methylovirgula ligni	6566.0	1385	11	13	1344	0.9796	0.9367
FN433469	1409	7045	Beijerinckiaceae	Methylocapsa aurea	EU586035	1413	7065	Beijerinckiaceae	Methylorosula polaris	6620.0	1399	18	21	1355	0.9833	0.9397
FN433469	1409	7045	Beijerinckiaceae	Methylocapsa aurea	AJ563932	1431	7155	Beijerinckiaceae	Beijerinckia mobilis	6772.0	1409	9	9	1378	0.9843	0.9612
FN433469	1409	7045	Beijerinckiaceae	Methylocapsa aurea	KJ886939	1360	6800	Beijerinckiaceae	Pseudochelatococcus lubricantis	5946.0	1369	65	76	1260	0.9745	0.8744
FR686343	1408	7040	Beijerinckiaceae	Methyloferula stellata	FM252034	1402	7010	Beijerinckiaceae	Methylovirgula ligni	6654.0	1404	15	17	1362	0.9820	0.9492
FR686343	1408	7040	Beijerinckiaceae	Methyloferula stellata	EU586035	1413	7065	Beijerinckiaceae	Methylorosula polaris	6584.0	1405	23	26	1353	0.9811	0.9352
FR686343	1408	7040	Beijerinckiaceae	Methyloferula stellata	AJ563932	1431	7155	Beijerinckiaceae	Beijerinckia mobilis	6646.0	1400	11	11	1360	0.9791	0.9440
FR686343	1408	7040	Beijerinckiaceae	Methyloferula stellata	KJ886939	1360	6800	Beijerinckiaceae	Pseudochelatococcus lubricantis	5938.0	1373	61	74	1260	0.9700	0.8732
FM252034	1402	7010	Beijerinckiaceae	Methylovirgula ligni	EU586035	1413	7065	Beijerinckiaceae	Methylorosula polaris	6481.0	1400	20	21	1340	0.9717	0.9245
FM252034	1402	7010	Beijerinckiaceae	Methylovirgula ligni	AJ563932	1431	7155	Beijerinckiaceae	Beijerinckia mobilis	6481.0	1395	21	19	1339	0.9731	0.9245
FM252034	1402	7010	Beijerinckiaceae	Methylovirgula ligni	KJ886939	1360	6800	Beijerinckiaceae	Pseudochelatococcus lubricantis	5959.0	1371	65	76	1262	0.9745	0.8763
EU586035	1413	7065	Beijerinckiaceae	Methylorosula polaris	AJ563932	1431	7155	Beijerinckiaceae	Beijerinckia mobilis	6594.0	1408	27	24	1357	0.9805	0.9333
EU586035	1413	7065	Beijerinckiaceae	Methylorosula polaris	KJ886939	1360	6800	Beijerinckiaceae	Pseudochelatococcus lubricantis	5871.0	1371	67	78	1252	0.9683	0.8634
AJ563932	1431	7155	Beijerinckiaceae	Beijerinckia mobilis	KJ886939	1360	6800	Beijerinckiaceae	Pseudochelatococcus lubricantis	5889.0	1373	66	79	1255	0.9699	0.8660
