AJ294349	1366	6830	Chelatococcaceae	Chelatococcus asaccharovorans	FR851926	1448	7240	Chelatococcaceae	Camelimonas abortus	6139.0	1366	47	43	1286	0.9720	0.8988
AJ294349	1366	6830	Chelatococcaceae	Chelatococcus asaccharovorans	DQ322070	1378	6890	Chelatococcaceae	Chelatococcus sambhunathii	6376.0	1352	17	17	1308	0.9798	0.9335
AJ294349	1366	6830	Chelatococcaceae	Chelatococcus asaccharovorans	KM979560	1450	7250	Chelatococcaceae	Camelimonas fluminis	6298.0	1366	28	26	1305	0.9739	0.9221
AJ294349	1366	6830	Chelatococcaceae	Chelatococcus asaccharovorans	KF056991	1405	7025	Chelatococcaceae	Chelatococcus caeni	6311.0	1340	20	21	1295	0.9818	0.9240
AJ294349	1366	6830	Chelatococcaceae	Chelatococcus asaccharovorans	KJ469373	1449	7245	Chelatococcaceae	Chelatococcus reniformis	6485.0	1366	11	13	1326	0.9800	0.9495
AJ294349	1366	6830	Chelatococcaceae	Chelatococcus asaccharovorans	EF584507	1440	7200	Chelatococcaceae	Chelatococcus daeguensis	6455.0	1366	17	17	1323	0.9807	0.9451
AJ294349	1366	6830	Chelatococcaceae	Chelatococcus asaccharovorans	FN430422	1435	7175	Chelatococcaceae	Camelimonas lactis	6301.0	1366	31	29	1305	0.9761	0.9225
AJ294349	1366	6830	Chelatococcaceae	Chelatococcus asaccharovorans	KP994349	1475	7375	Chelatococcaceae	Chelatococcus composti	6395.0	1366	22	22	1316	0.9792	0.9363
FR851926	1448	7240	Chelatococcaceae	Camelimonas abortus	DQ322070	1378	6890	Chelatococcaceae	Chelatococcus sambhunathii	6331.0	1382	27	31	1314	0.9726	0.9189
FR851926	1448	7240	Chelatococcaceae	Camelimonas abortus	KM979560	1450	7250	Chelatococcaceae	Camelimonas fluminis	6721.0	1447	17	19	1388	0.9720	0.9283
FR851926	1448	7240	Chelatococcaceae	Camelimonas abortus	KF056991	1405	7025	Chelatococcaceae	Chelatococcus caeni	6402.0	1403	30	35	1331	0.9730	0.9113
FR851926	1448	7240	Chelatococcaceae	Camelimonas abortus	KJ469373	1449	7245	Chelatococcaceae	Chelatococcus reniformis	6595.0	1448	28	32	1373	0.9696	0.9109
FR851926	1448	7240	Chelatococcaceae	Camelimonas abortus	EF584507	1440	7200	Chelatococcaceae	Chelatococcus daeguensis	6572.0	1431	27	33	1362	0.9742	0.9128
FR851926	1448	7240	Chelatococcaceae	Camelimonas abortus	FN430422	1435	7175	Chelatococcaceae	Camelimonas lactis	6673.0	1437	19	21	1378	0.9732	0.9300
FR851926	1448	7240	Chelatococcaceae	Camelimonas abortus	KP994349	1475	7375	Chelatococcaceae	Chelatococcus composti	6669.0	1447	24	28	1381	0.9732	0.9211
DQ322070	1378	6890	Chelatococcaceae	Chelatococcus sambhunathii	KM979560	1450	7250	Chelatococcaceae	Camelimonas fluminis	6363.0	1378	26	24	1318	0.9734	0.9235
DQ322070	1378	6890	Chelatococcaceae	Chelatococcus sambhunathii	KF056991	1405	7025	Chelatococcaceae	Chelatococcus caeni	6702.0	1366	7	8	1351	0.9948	0.9727
DQ322070	1378	6890	Chelatococcaceae	Chelatococcus sambhunathii	KJ469373	1449	7245	Chelatococcaceae	Chelatococcus reniformis	6433.0	1378	17	19	1325	0.9750	0.9337
DQ322070	1378	6890	Chelatococcaceae	Chelatococcus sambhunathii	EF584507	1440	7200	Chelatococcaceae	Chelatococcus daeguensis	6881.0	1378	0	0	1377	0.9993	0.9987
DQ322070	1378	6890	Chelatococcaceae	Chelatococcus sambhunathii	FN430422	1435	7175	Chelatococcaceae	Camelimonas lactis	6355.0	1378	27	25	1317	0.9734	0.9224
DQ322070	1378	6890	Chelatococcaceae	Chelatococcus sambhunathii	KP994349	1475	7375	Chelatococcaceae	Chelatococcus composti	6746.0	1378	0	0	1362	0.9884	0.9791
KM979560	1450	7250	Chelatococcaceae	Camelimonas fluminis	KF056991	1405	7025	Chelatococcaceae	Chelatococcus caeni	6434.0	1404	30	33	1336	0.9745	0.9159
KM979560	1450	7250	Chelatococcaceae	Camelimonas fluminis	KJ469373	1449	7245	Chelatococcaceae	Chelatococcus reniformis	6793.0	1450	17	21	1397	0.9776	0.9376
KM979560	1450	7250	Chelatococcaceae	Camelimonas fluminis	EF584507	1440	7200	Chelatococcaceae	Chelatococcus daeguensis	6610.0	1432	24	28	1368	0.9744	0.9181
KM979560	1450	7250	Chelatococcaceae	Camelimonas fluminis	FN430422	1435	7175	Chelatococcaceae	Camelimonas lactis	7069.0	1435	3	3	1423	0.9937	0.9852
KM979560	1450	7250	Chelatococcaceae	Camelimonas fluminis	KP994349	1475	7375	Chelatococcaceae	Chelatococcus composti	6633.0	1450	26	28	1379	0.9698	0.9149
KF056991	1405	7025	Chelatococcaceae	Chelatococcus caeni	KJ469373	1449	7245	Chelatococcaceae	Chelatococcus reniformis	6537.0	1404	20	22	1348	0.9754	0.9305
KF056991	1405	7025	Chelatococcaceae	Chelatococcus caeni	EF584507	1440	7200	Chelatococcaceae	Chelatococcus daeguensis	6897.0	1404	8	7	1390	0.9950	0.9818
KF056991	1405	7025	Chelatococcaceae	Chelatococcus caeni	FN430422	1435	7175	Chelatococcaceae	Camelimonas lactis	6396.0	1395	33	30	1329	0.9736	0.9105
KF056991	1405	7025	Chelatococcaceae	Chelatococcus caeni	KP994349	1475	7375	Chelatococcaceae	Chelatococcus composti	6843.0	1403	12	8	1384	0.9921	0.9741
KJ469373	1449	7245	Chelatococcaceae	Chelatococcus reniformis	EF584507	1440	7200	Chelatococcaceae	Chelatococcus daeguensis	6691.0	1428	20	17	1377	0.9759	0.9293
KJ469373	1449	7245	Chelatococcaceae	Chelatococcus reniformis	FN430422	1435	7175	Chelatococcaceae	Camelimonas lactis	6751.0	1431	18	14	1386	0.9781	0.9409
KJ469373	1449	7245	Chelatococcaceae	Chelatococcus reniformis	KP994349	1475	7375	Chelatococcaceae	Chelatococcus composti	6718.0	1449	25	22	1389	0.9734	0.9273
EF584507	1440	7200	Chelatococcaceae	Chelatococcus daeguensis	FN430422	1435	7175	Chelatococcaceae	Camelimonas lactis	6581.0	1422	29	25	1362	0.9749	0.9172
EF584507	1440	7200	Chelatococcaceae	Chelatococcus daeguensis	KP994349	1475	7375	Chelatococcaceae	Chelatococcus composti	7011.0	1439	7	5	1418	0.9888	0.9737
FN430422	1435	7175	Chelatococcaceae	Camelimonas lactis	KP994349	1475	7375	Chelatococcaceae	Chelatococcus composti	6541.0	1435	26	28	1362	0.9680	0.9116
