CP001108	1495	7475	Chlorobiaceae	Prosthecochloris aestuarii	AF170103	1403	7015	Chlorobiaceae	Chloroherpeton thalassium	5932.0	1451	64	113	1284	0.9596	0.8456
CP001108	1495	7475	Chlorobiaceae	Prosthecochloris aestuarii	M58468	1450	7148	Chlorobiaceae	Chlorobaculum tepidum	6431.0	1443	46	45	1348	0.9642	0.8997
CP001108	1495	7475	Chlorobiaceae	Prosthecochloris aestuarii	CP001097	1494	7470	Chlorobiaceae	Chlorobium limicola	6793.0	1495	47	48	1414	0.9772	0.9094
CP001108	1495	7475	Chlorobiaceae	Prosthecochloris aestuarii	M62791	1507	7511	Chlorobiaceae	Prosthecochloris vibrioformis	6954.0	1495	31	30	1434	0.9788	0.9303
CP001108	1495	7475	Chlorobiaceae	Prosthecochloris aestuarii	CP000096	1364	6820	Chlorobiaceae	Chlorobium luteolum	6199.0	1367	45	48	1291	0.9788	0.9089
CP001108	1495	7475	Chlorobiaceae	Prosthecochloris aestuarii	Y08102	1419	7059	Chlorobiaceae	Chlorobaculum thiosulfatiphilum	6388.0	1420	59	60	1333	0.9801	0.9049
CP001108	1495	7475	Chlorobiaceae	Prosthecochloris aestuarii	Y08108	1308	6510	Chlorobiaceae	Chlorobium clathratiforme	5774.0	1306	63	61	1214	0.9751	0.8869
CP001108	1495	7475	Chlorobiaceae	Prosthecochloris aestuarii	Y08105	1315	6545	Chlorobiaceae	Chlorobium phaeovibrioides	5956.0	1317	39	42	1242	0.9741	0.9100
CP001108	1495	7475	Chlorobiaceae	Prosthecochloris aestuarii	CP000492	1440	7200	Chlorobiaceae	Chlorobium phaeobacteroides	6549.0	1441	50	51	1363	0.9806	0.9096
CP001108	1495	7475	Chlorobiaceae	Prosthecochloris aestuarii	Y10649	1466	7192	Chlorobiaceae	Chlorobium chlorovibrioides	6499.0	1466	39	39	1365	0.9566	0.9036
AF170103	1403	7015	Chlorobiaceae	Chloroherpeton thalassium	M58468	1450	7148	Chlorobiaceae	Chlorobaculum tepidum	5752.0	1391	125	76	1256	0.9551	0.8200
AF170103	1403	7015	Chlorobiaceae	Chloroherpeton thalassium	CP001097	1494	7470	Chlorobiaceae	Chlorobium limicola	5955.0	1402	117	69	1287	0.9655	0.8489
AF170103	1403	7015	Chlorobiaceae	Chloroherpeton thalassium	M62791	1507	7511	Chlorobiaceae	Prosthecochloris vibrioformis	5753.0	1402	132	82	1262	0.9561	0.8201
AF170103	1403	7015	Chlorobiaceae	Chloroherpeton thalassium	CP000096	1364	6820	Chlorobiaceae	Chlorobium luteolum	5585.0	1324	113	73	1209	0.9664	0.8189
AF170103	1403	7015	Chlorobiaceae	Chloroherpeton thalassium	Y08102	1419	7059	Chlorobiaceae	Chlorobaculum thiosulfatiphilum	5653.0	1370	131	83	1236	0.9604	0.8058
AF170103	1403	7015	Chlorobiaceae	Chloroherpeton thalassium	Y08108	1308	6510	Chlorobiaceae	Chlorobium clathratiforme	5191.0	1275	128	95	1138	0.9644	0.7974
AF170103	1403	7015	Chlorobiaceae	Chloroherpeton thalassium	Y08105	1315	6545	Chlorobiaceae	Chlorobium phaeovibrioides	5349.0	1271	104	61	1160	0.9587	0.8173
AF170103	1403	7015	Chlorobiaceae	Chloroherpeton thalassium	CP000492	1440	7200	Chlorobiaceae	Chlorobium phaeobacteroides	5869.0	1390	118	72	1271	0.9643	0.8366
AF170103	1403	7015	Chlorobiaceae	Chloroherpeton thalassium	Y10649	1466	7192	Chlorobiaceae	Chlorobium chlorovibrioides	5779.0	1403	131	75	1264	0.9518	0.8238
M58468	1450	7148	Chlorobiaceae	Chlorobaculum tepidum	CP001097	1494	7470	Chlorobiaceae	Chlorobium limicola	6563.0	1444	38	40	1364	0.9715	0.9182
M58468	1450	7148	Chlorobiaceae	Chlorobaculum tepidum	M62791	1507	7511	Chlorobiaceae	Prosthecochloris vibrioformis	6269.0	1450	64	64	1330	0.9596	0.8770
M58468	1450	7148	Chlorobiaceae	Chlorobaculum tepidum	CP000096	1364	6820	Chlorobiaceae	Chlorobium luteolum	6208.0	1377	31	44	1292	0.9692	0.9103
M58468	1450	7148	Chlorobiaceae	Chlorobaculum tepidum	Y08102	1419	7059	Chlorobiaceae	Chlorobaculum thiosulfatiphilum	6438.0	1408	26	28	1334	0.9667	0.9120
M58468	1450	7148	Chlorobiaceae	Chlorobaculum tepidum	Y08108	1308	6510	Chlorobiaceae	Chlorobium clathratiforme	5685.0	1307	49	48	1203	0.9555	0.8733
M58468	1450	7148	Chlorobiaceae	Chlorobaculum tepidum	Y08105	1315	6545	Chlorobiaceae	Chlorobium phaeovibrioides	5787.0	1318	40	44	1220	0.9576	0.8842
M58468	1450	7148	Chlorobiaceae	Chlorobaculum tepidum	CP000492	1440	7200	Chlorobiaceae	Chlorobium phaeobacteroides	6442.0	1442	46	48	1349	0.9677	0.9012
M58468	1450	7148	Chlorobiaceae	Chlorobaculum tepidum	Y10649	1466	7192	Chlorobiaceae	Chlorobium chlorovibrioides	6482.0	1444	24	25	1352	0.9528	0.9068
CP001097	1494	7470	Chlorobiaceae	Chlorobium limicola	M62791	1507	7511	Chlorobiaceae	Prosthecochloris vibrioformis	6759.0	1494	48	46	1410	0.9738	0.9048
CP001097	1494	7470	Chlorobiaceae	Chlorobium limicola	CP000096	1364	6820	Chlorobiaceae	Chlorobium luteolum	6494.0	1366	19	21	1327	0.9866	0.9522
CP001097	1494	7470	Chlorobiaceae	Chlorobium limicola	Y08102	1419	7059	Chlorobiaceae	Chlorobaculum thiosulfatiphilum	6559.0	1419	31	31	1355	0.9762	0.9292
CP001097	1494	7470	Chlorobiaceae	Chlorobium limicola	Y08108	1308	6510	Chlorobiaceae	Chlorobium clathratiforme	6085.0	1305	27	24	1253	0.9781	0.9347
CP001097	1494	7470	Chlorobiaceae	Chlorobium limicola	Y08105	1315	6545	Chlorobiaceae	Chlorobium phaeovibrioides	6209.0	1316	16	18	1272	0.9800	0.9487
CP001097	1494	7470	Chlorobiaceae	Chlorobium limicola	CP000492	1440	7200	Chlorobiaceae	Chlorobium phaeobacteroides	6833.0	1440	26	26	1397	0.9880	0.9490
CP001097	1494	7470	Chlorobiaceae	Chlorobium limicola	Y10649	1466	7192	Chlorobiaceae	Chlorobium chlorovibrioides	6576.0	1465	43	42	1374	0.9656	0.9143
M62791	1507	7511	Chlorobiaceae	Prosthecochloris vibrioformis	CP000096	1364	6820	Chlorobiaceae	Chlorobium luteolum	6125.0	1368	49	53	1283	0.9757	0.8981
M62791	1507	7511	Chlorobiaceae	Prosthecochloris vibrioformis	Y08102	1419	7059	Chlorobiaceae	Chlorobaculum thiosulfatiphilum	6151.0	1419	82	84	1304	0.9768	0.8714
M62791	1507	7511	Chlorobiaceae	Prosthecochloris vibrioformis	Y08108	1308	6510	Chlorobiaceae	Chlorobium clathratiforme	5769.0	1306	59	58	1214	0.9728	0.8862
M62791	1507	7511	Chlorobiaceae	Prosthecochloris vibrioformis	Y08105	1315	6545	Chlorobiaceae	Chlorobium phaeovibrioides	5917.0	1318	41	45	1238	0.9725	0.9040
M62791	1507	7511	Chlorobiaceae	Prosthecochloris vibrioformis	CP000492	1440	7200	Chlorobiaceae	Chlorobium phaeobacteroides	6428.0	1442	58	60	1348	0.9754	0.8928
M62791	1507	7511	Chlorobiaceae	Prosthecochloris vibrioformis	Y10649	1466	7192	Chlorobiaceae	Chlorobium chlorovibrioides	6255.0	1467	70	71	1334	0.9556	0.8697
CP000096	1364	6820	Chlorobiaceae	Chlorobium luteolum	Y08102	1419	7059	Chlorobiaceae	Chlorobaculum thiosulfatiphilum	6349.0	1364	43	32	1310	0.9835	0.9309
CP000096	1364	6820	Chlorobiaceae	Chlorobium luteolum	Y08108	1308	6510	Chlorobiaceae	Chlorobium clathratiforme	5948.0	1296	36	31	1234	0.9755	0.9137
CP000096	1364	6820	Chlorobiaceae	Chlorobium luteolum	Y08105	1315	6545	Chlorobiaceae	Chlorobium phaeovibrioides	6294.0	1307	12	12	1279	0.9876	0.9617
CP000096	1364	6820	Chlorobiaceae	Chlorobium luteolum	CP000492	1440	7200	Chlorobiaceae	Chlorobium phaeobacteroides	6350.0	1364	36	34	1309	0.9842	0.9311
CP000096	1364	6820	Chlorobiaceae	Chlorobium luteolum	Y10649	1466	7192	Chlorobiaceae	Chlorobium chlorovibrioides	6224.0	1364	35	23	1294	0.9650	0.9126
Y08102	1419	7059	Chlorobiaceae	Chlorobaculum thiosulfatiphilum	Y08108	1308	6510	Chlorobiaceae	Chlorobium clathratiforme	5965.0	1305	40	37	1237	0.9756	0.9163
Y08102	1419	7059	Chlorobiaceae	Chlorobaculum thiosulfatiphilum	Y08105	1315	6545	Chlorobiaceae	Chlorobium phaeovibrioides	6019.0	1316	42	44	1248	0.9811	0.9196
Y08102	1419	7059	Chlorobiaceae	Chlorobaculum thiosulfatiphilum	CP000492	1440	7200	Chlorobiaceae	Chlorobium phaeobacteroides	6476.0	1404	39	39	1338	0.9802	0.9174
Y08102	1419	7059	Chlorobiaceae	Chlorobaculum thiosulfatiphilum	Y10649	1466	7192	Chlorobiaceae	Chlorobium chlorovibrioides	6417.0	1418	33	31	1335	0.9625	0.9091
Y08108	1308	6510	Chlorobiaceae	Chlorobium clathratiforme	Y08105	1315	6545	Chlorobiaceae	Chlorobium phaeovibrioides	6027.0	1308	30	35	1247	0.9796	0.9258
Y08108	1308	6510	Chlorobiaceae	Chlorobium clathratiforme	CP000492	1440	7200	Chlorobiaceae	Chlorobium phaeobacteroides	6119.0	1308	26	29	1256	0.9820	0.9399
Y08108	1308	6510	Chlorobiaceae	Chlorobium clathratiforme	Y10649	1466	7192	Chlorobiaceae	Chlorobium chlorovibrioides	5756.0	1308	51	53	1210	0.9641	0.8842
Y08105	1315	6545	Chlorobiaceae	Chlorobium phaeovibrioides	CP000492	1440	7200	Chlorobiaceae	Chlorobium phaeobacteroides	6154.0	1314	23	21	1265	0.9783	0.9403
Y08105	1315	6545	Chlorobiaceae	Chlorobium phaeovibrioides	Y10649	1466	7192	Chlorobiaceae	Chlorobium chlorovibrioides	5823.0	1315	71	33	1230	0.9594	0.8897
CP000492	1440	7200	Chlorobiaceae	Chlorobium phaeobacteroides	Y10649	1466	7192	Chlorobiaceae	Chlorobium chlorovibrioides	6490.0	1440	43	42	1353	0.9678	0.9024
