FJ889599	1463	7315	Colwelliaceae	Colwellia chukchiensis	AB094412	1474	7370	Colwelliaceae	Colwellia piezophila	6796.0	1458	30	26	1402	0.9791	0.9290
FJ889599	1463	7315	Colwelliaceae	Colwellia chukchiensis	U85845	1503	7413	Colwelliaceae	Colwellia demingiae	6578.0	1463	41	40	1375	0.9663	0.8992
FJ889599	1463	7315	Colwelliaceae	Colwellia chukchiensis	AB011364	1504	7520	Colwelliaceae	Colwellia psychrerythraea	6753.0	1463	36	34	1398	0.9783	0.9232
FJ889599	1463	7315	Colwelliaceae	Colwellia chukchiensis	JQ948043	1408	7040	Colwelliaceae	Colwellia aquaemaris	6553.0	1410	38	40	1351	0.9861	0.9308
FJ889599	1463	7315	Colwelliaceae	Colwellia chukchiensis	KX618643	1510	7550	Colwelliaceae	Colwellia agarivorans	6874.0	1463	34	29	1413	0.9854	0.9397
FJ889599	1463	7315	Colwelliaceae	Colwellia chukchiensis	AY643537	1457	7279	Colwelliaceae	Thalassotalea loyana	6566.0	1460	45	48	1374	0.9731	0.9020
FJ889599	1463	7315	Colwelliaceae	Colwellia chukchiensis	AB002630	1514	7570	Colwelliaceae	Colwellia maris	6781.0	1462	33	29	1402	0.9784	0.9270
FJ889599	1463	7315	Colwelliaceae	Colwellia chukchiensis	KJ939338	1462	7304	Colwelliaceae	Thalassotalea ponticola	6607.0	1463	48	49	1379	0.9752	0.9046
FJ889599	1463	7315	Colwelliaceae	Colwellia chukchiensis	KX450475	1463	7315	Colwelliaceae	Colwellia mytili	6960.0	1463	20	20	1422	0.9854	0.9515
FJ889599	1463	7315	Colwelliaceae	Colwellia chukchiensis	KM108776	1440	7200	Colwelliaceae	Colwellia arctica	6479.0	1424	53	37	1352	0.9748	0.8999
FJ889599	1463	7315	Colwelliaceae	Colwellia chukchiensis	KU696539	1465	7325	Colwelliaceae	Colwellia sediminilitoris	7112.0	1463	15	13	1440	0.9931	0.9722
FJ889599	1463	7315	Colwelliaceae	Colwellia chukchiensis	AB971664	1423	7115	Colwelliaceae	Colwellia marinimaniae	6383.0	1409	54	40	1334	0.9744	0.8971
FJ889599	1463	7315	Colwelliaceae	Colwellia chukchiensis	AB369380	1462	7310	Colwelliaceae	Thalassomonas actiniarum	6782.0	1463	32	33	1401	0.9797	0.9278
FJ889599	1463	7315	Colwelliaceae	Colwellia chukchiensis	DQ212914	1465	7325	Colwelliaceae	Thalassotalea agarivorans	6546.0	1462	58	56	1372	0.9758	0.8949
FJ889599	1463	7315	Colwelliaceae	Colwellia chukchiensis	DQ055844	1496	7474	Colwelliaceae	Colwellia aestuarii	7062.0	1463	12	12	1434	0.9883	0.9654
FJ889599	1463	7315	Colwelliaceae	Colwellia chukchiensis	LN849949	1506	7530	Colwelliaceae	Thalassotalea euphylliae	6571.0	1463	50	50	1376	0.9738	0.8983
FJ889599	1463	7315	Colwelliaceae	Colwellia chukchiensis	AY194066	1462	7310	Colwelliaceae	Thalassotalea ganghwensis	6674.0	1463	35	36	1389	0.9734	0.9130
FJ889599	1463	7315	Colwelliaceae	Colwellia chukchiensis	FJ347761	1406	7030	Colwelliaceae	Thalassotalea montiporae	6278.0	1409	45	48	1319	0.9691	0.8930
FJ889599	1463	7315	Colwelliaceae	Colwellia chukchiensis	DQ007434	1501	7505	Colwelliaceae	Colwellia polaris	7040.0	1463	8	12	1431	0.9862	0.9624
FJ889599	1463	7315	Colwelliaceae	Colwellia chukchiensis	HM237288	1465	7325	Colwelliaceae	Thalassotalea agariperforans	6650.0	1463	52	50	1385	0.9802	0.9091
FJ889599	1463	7315	Colwelliaceae	Colwellia chukchiensis	JQ288724	1465	7325	Colwelliaceae	Thalassotalea eurytherma	6649.0	1463	53	53	1385	0.9823	0.9090
FJ889599	1463	7315	Colwelliaceae	Colwellia chukchiensis	U85846	1486	7382	Colwelliaceae	Colwellia psychrotropica	6600.0	1463	43	41	1379	0.9698	0.9023
FJ889599	1463	7315	Colwelliaceae	Colwellia chukchiensis	U14581	1467	7317	Colwelliaceae	Colwellia rossensis	6712.0	1463	37	33	1393	0.9741	0.9176
FJ889599	1463	7315	Colwelliaceae	Colwellia chukchiensis	KT224448	1467	7335	Colwelliaceae	Thalassotalea sediminis	6720.0	1463	37	35	1395	0.9769	0.9187
FJ889599	1463	7315	Colwelliaceae	Colwellia chukchiensis	AJ294747	1534	7670	Colwelliaceae	Thalassomonas viridans	6823.0	1463	26	27	1406	0.9791	0.9327
FJ889599	1463	7315	Colwelliaceae	Colwellia chukchiensis	AB369381	1465	7289	Colwelliaceae	Thalassomonas haliotis	6762.0	1463	38	36	1396	0.9783	0.9277
FJ889599	1463	7315	Colwelliaceae	Colwellia chukchiensis	JX412957	1505	7525	Colwelliaceae	Thalassotalea piscium	6600.0	1463	59	57	1379	0.9808	0.9023
FJ889599	1463	7315	Colwelliaceae	Colwellia chukchiensis	KF484399	1463	7315	Colwelliaceae	Thalassotalea fusca	6641.0	1463	47	47	1384	0.9774	0.9079
FJ889599	1463	7315	Colwelliaceae	Colwellia chukchiensis	KF193862	1496	7480	Colwelliaceae	Colwellia meonggei	6913.0	1463	28	28	1416	0.9868	0.9450
FJ889599	1463	7315	Colwelliaceae	Colwellia chukchiensis	EU599214	1507	7535	Colwelliaceae	Colwellia asteriadis	6883.0	1463	28	26	1413	0.9833	0.9409
FJ889599	1463	7315	Colwelliaceae	Colwellia chukchiensis	KT153611	1463	7315	Colwelliaceae	Thalassotalea marina	6540.0	1463	54	54	1372	0.9737	0.8941
AB094412	1474	7370	Colwelliaceae	Colwellia piezophila	U85845	1503	7413	Colwelliaceae	Colwellia demingiae	6937.0	1474	16	19	1420	0.9759	0.9412
AB094412	1474	7370	Colwelliaceae	Colwellia piezophila	AB011364	1504	7520	Colwelliaceae	Colwellia psychrerythraea	7046.0	1474	23	25	1435	0.9903	0.9560
AB094412	1474	7370	Colwelliaceae	Colwellia piezophila	JQ948043	1408	7040	Colwelliaceae	Colwellia aquaemaris	6508.0	1414	39	45	1346	0.9832	0.9244
AB094412	1474	7370	Colwelliaceae	Colwellia piezophila	KX618643	1510	7550	Colwelliaceae	Colwellia agarivorans	6910.0	1474	24	23	1421	0.9793	0.9376
AB094412	1474	7370	Colwelliaceae	Colwellia piezophila	AY643537	1457	7279	Colwelliaceae	Thalassotalea loyana	6583.0	1459	43	49	1375	0.9752	0.9044
AB094412	1474	7370	Colwelliaceae	Colwellia piezophila	AB002630	1514	7570	Colwelliaceae	Colwellia maris	7255.0	1474	5	5	1461	0.9946	0.9844
AB094412	1474	7370	Colwelliaceae	Colwellia piezophila	KJ939338	1462	7304	Colwelliaceae	Thalassotalea ponticola	6599.0	1462	46	51	1377	0.9759	0.9035
AB094412	1474	7370	Colwelliaceae	Colwellia piezophila	KX450475	1463	7315	Colwelliaceae	Colwellia mytili	6888.0	1462	12	16	1413	0.9772	0.9416
AB094412	1474	7370	Colwelliaceae	Colwellia piezophila	KM108776	1440	7200	Colwelliaceae	Colwellia arctica	6661.0	1423	55	43	1370	0.9928	0.9251
AB094412	1474	7370	Colwelliaceae	Colwellia piezophila	KU696539	1465	7325	Colwelliaceae	Colwellia sediminilitoris	6898.0	1462	20	22	1414	0.9819	0.9417
AB094412	1474	7370	Colwelliaceae	Colwellia piezophila	AB971664	1423	7115	Colwelliaceae	Colwellia marinimaniae	6695.0	1413	35	25	1371	0.9878	0.9410
AB094412	1474	7370	Colwelliaceae	Colwellia piezophila	AB369380	1462	7310	Colwelliaceae	Thalassomonas actiniarum	6824.0	1462	34	39	1404	0.9866	0.9335
AB094412	1474	7370	Colwelliaceae	Colwellia piezophila	DQ212914	1465	7325	Colwelliaceae	Thalassotalea agarivorans	6630.0	1463	38	40	1383	0.9719	0.9051
AB094412	1474	7370	Colwelliaceae	Colwellia piezophila	DQ055844	1496	7474	Colwelliaceae	Colwellia aestuarii	6953.0	1474	14	18	1425	0.9787	0.9434
AB094412	1474	7370	Colwelliaceae	Colwellia piezophila	LN849949	1506	7530	Colwelliaceae	Thalassotalea euphylliae	6724.0	1474	33	37	1398	0.9729	0.9123
AB094412	1474	7370	Colwelliaceae	Colwellia piezophila	AY194066	1462	7310	Colwelliaceae	Thalassotalea ganghwensis	6671.0	1462	37	42	1387	0.9768	0.9126
AB094412	1474	7370	Colwelliaceae	Colwellia piezophila	FJ347761	1406	7030	Colwelliaceae	Thalassotalea montiporae	6386.0	1413	37	44	1332	0.9730	0.9084
AB094412	1474	7370	Colwelliaceae	Colwellia piezophila	DQ007434	1501	7505	Colwelliaceae	Colwellia polaris	6942.0	1474	19	27	1423	0.9834	0.9419
AB094412	1474	7370	Colwelliaceae	Colwellia piezophila	HM237288	1465	7325	Colwelliaceae	Thalassotalea agariperforans	6723.0	1462	35	37	1393	0.9775	0.9178
AB094412	1474	7370	Colwelliaceae	Colwellia piezophila	JQ288724	1465	7325	Colwelliaceae	Thalassotalea eurytherma	6726.0	1464	35	39	1394	0.9782	0.9182
AB094412	1474	7370	Colwelliaceae	Colwellia piezophila	U85846	1486	7382	Colwelliaceae	Colwellia psychrotropica	7018.0	1474	8	10	1432	0.9781	0.9522
AB094412	1474	7370	Colwelliaceae	Colwellia piezophila	U14581	1467	7317	Colwelliaceae	Colwellia rossensis	7061.0	1462	9	9	1432	0.9855	0.9650
AB094412	1474	7370	Colwelliaceae	Colwellia piezophila	KT224448	1467	7335	Colwelliaceae	Thalassotalea sediminis	6696.0	1464	31	33	1392	0.9727	0.9129
AB094412	1474	7370	Colwelliaceae	Colwellia piezophila	AJ294747	1534	7670	Colwelliaceae	Thalassomonas viridans	6873.0	1474	32	37	1415	0.9847	0.9326
AB094412	1474	7370	Colwelliaceae	Colwellia piezophila	AB369381	1465	7289	Colwelliaceae	Thalassomonas haliotis	6823.0	1462	32	34	1402	0.9818	0.9361
AB094412	1474	7370	Colwelliaceae	Colwellia piezophila	JX412957	1505	7525	Colwelliaceae	Thalassotalea piscium	6821.0	1474	29	31	1410	0.9771	0.9255
AB094412	1474	7370	Colwelliaceae	Colwellia piezophila	KF484399	1463	7315	Colwelliaceae	Thalassotalea fusca	6717.0	1462	29	33	1393	0.9748	0.9183
AB094412	1474	7370	Colwelliaceae	Colwellia piezophila	KF193862	1496	7480	Colwelliaceae	Colwellia meonggei	6788.0	1474	33	37	1405	0.9777	0.9210
AB094412	1474	7370	Colwelliaceae	Colwellia piezophila	EU599214	1507	7535	Colwelliaceae	Colwellia asteriadis	7093.0	1474	19	21	1441	0.9917	0.9624
AB094412	1474	7370	Colwelliaceae	Colwellia piezophila	KT153611	1463	7315	Colwelliaceae	Thalassotalea marina	6636.0	1462	33	37	1383	0.9705	0.9072
U85845	1503	7413	Colwelliaceae	Colwellia demingiae	AB011364	1504	7520	Colwelliaceae	Colwellia psychrerythraea	6963.0	1503	23	22	1436	0.9696	0.9393
U85845	1503	7413	Colwelliaceae	Colwellia demingiae	JQ948043	1408	7040	Colwelliaceae	Colwellia aquaemaris	6277.0	1411	45	48	1316	0.9655	0.8916
U85845	1503	7413	Colwelliaceae	Colwellia demingiae	KX618643	1510	7550	Colwelliaceae	Colwellia agarivorans	6791.0	1503	49	45	1416	0.9712	0.9161
U85845	1503	7413	Colwelliaceae	Colwellia demingiae	AY643537	1457	7279	Colwelliaceae	Thalassotalea loyana	6412.0	1461	50	54	1353	0.9616	0.8809
U85845	1503	7413	Colwelliaceae	Colwellia demingiae	AB002630	1514	7570	Colwelliaceae	Colwellia maris	6939.0	1482	19	16	1425	0.9720	0.9361
U85845	1503	7413	Colwelliaceae	Colwellia demingiae	KJ939338	1462	7304	Colwelliaceae	Thalassotalea ponticola	6431.0	1464	58	60	1355	0.9651	0.8805
U85845	1503	7413	Colwelliaceae	Colwellia demingiae	KX450475	1463	7315	Colwelliaceae	Colwellia mytili	6656.0	1464	37	38	1383	0.9698	0.9099
U85845	1503	7413	Colwelliaceae	Colwellia demingiae	KM108776	1440	7200	Colwelliaceae	Colwellia arctica	6405.0	1424	57	41	1340	0.9689	0.8896
U85845	1503	7413	Colwelliaceae	Colwellia demingiae	KU696539	1465	7325	Colwelliaceae	Colwellia sediminilitoris	6732.0	1464	30	29	1393	0.9707	0.9190
U85845	1503	7413	Colwelliaceae	Colwellia demingiae	AB971664	1423	7115	Colwelliaceae	Colwellia marinimaniae	6368.0	1410	51	38	1329	0.9687	0.8950
U85845	1503	7413	Colwelliaceae	Colwellia demingiae	AB369380	1462	7310	Colwelliaceae	Thalassomonas actiniarum	6707.0	1464	35	37	1389	0.9734	0.9175
U85845	1503	7413	Colwelliaceae	Colwellia demingiae	DQ212914	1465	7325	Colwelliaceae	Thalassotalea agarivorans	6457.0	1464	53	52	1360	0.9632	0.8815
U85845	1503	7413	Colwelliaceae	Colwellia demingiae	DQ055844	1496	7474	Colwelliaceae	Colwellia aestuarii	6757.0	1483	35	36	1403	0.9696	0.9115
U85845	1503	7413	Colwelliaceae	Colwellia demingiae	LN849949	1506	7530	Colwelliaceae	Thalassotalea euphylliae	6602.0	1493	43	45	1389	0.9593	0.8906
U85845	1503	7413	Colwelliaceae	Colwellia demingiae	AY194066	1462	7310	Colwelliaceae	Thalassotalea ganghwensis	6534.0	1464	38	40	1370	0.9621	0.8938
U85845	1503	7413	Colwelliaceae	Colwellia demingiae	FJ347761	1406	7030	Colwelliaceae	Thalassotalea montiporae	6206.0	1411	40	45	1308	0.9575	0.8828
U85845	1503	7413	Colwelliaceae	Colwellia demingiae	DQ007434	1501	7505	Colwelliaceae	Colwellia polaris	6873.0	1503	30	35	1425	0.9707	0.9272
U85845	1503	7413	Colwelliaceae	Colwellia demingiae	HM237288	1465	7325	Colwelliaceae	Thalassotalea agariperforans	6578.0	1464	38	37	1375	0.9636	0.8980
U85845	1503	7413	Colwelliaceae	Colwellia demingiae	JQ288724	1465	7325	Colwelliaceae	Thalassotalea eurytherma	6545.0	1466	40	41	1371	0.9621	0.8935
U85845	1503	7413	Colwelliaceae	Colwellia demingiae	U85846	1486	7382	Colwelliaceae	Colwellia psychrotropica	6742.0	1483	26	25	1401	0.9609	0.9133
U85845	1503	7413	Colwelliaceae	Colwellia demingiae	U14581	1467	7317	Colwelliaceae	Colwellia rossensis	6771.0	1464	24	21	1397	0.9681	0.9254
U85845	1503	7413	Colwelliaceae	Colwellia demingiae	KT224448	1467	7335	Colwelliaceae	Thalassotalea sediminis	6563.0	1466	32	31	1375	0.9582	0.8948
U85845	1503	7413	Colwelliaceae	Colwellia demingiae	AJ294747	1534	7670	Colwelliaceae	Thalassomonas viridans	6873.0	1503	35	37	1425	0.9720	0.9272
U85845	1503	7413	Colwelliaceae	Colwellia demingiae	AB369381	1465	7289	Colwelliaceae	Thalassomonas haliotis	6722.0	1464	33	32	1388	0.9693	0.9222
U85845	1503	7413	Colwelliaceae	Colwellia demingiae	JX412957	1505	7525	Colwelliaceae	Thalassotalea piscium	6759.0	1503	38	37	1412	0.9632	0.9118
U85845	1503	7413	Colwelliaceae	Colwellia demingiae	KF484399	1463	7315	Colwelliaceae	Thalassotalea fusca	6522.0	1464	41	42	1368	0.9620	0.8916
U85845	1503	7413	Colwelliaceae	Colwellia demingiae	KF193862	1496	7480	Colwelliaceae	Colwellia meonggei	6662.0	1483	41	42	1392	0.9660	0.8987
U85845	1503	7413	Colwelliaceae	Colwellia demingiae	EU599214	1507	7535	Colwelliaceae	Colwellia asteriadis	7034.0	1503	18	17	1445	0.9724	0.9489
U85845	1503	7413	Colwelliaceae	Colwellia demingiae	KT153611	1463	7315	Colwelliaceae	Thalassotalea marina	6497.0	1464	35	36	1365	0.9559	0.8882
AB011364	1504	7520	Colwelliaceae	Colwellia psychrerythraea	JQ948043	1408	7040	Colwelliaceae	Colwellia aquaemaris	6488.0	1412	46	50	1343	0.9860	0.9216
AB011364	1504	7520	Colwelliaceae	Colwellia psychrerythraea	KX618643	1510	7550	Colwelliaceae	Colwellia agarivorans	6896.0	1504	47	44	1431	0.9801	0.9170
AB011364	1504	7520	Colwelliaceae	Colwellia psychrerythraea	AY643537	1457	7279	Colwelliaceae	Thalassotalea loyana	6607.0	1462	42	47	1379	0.9746	0.9077
AB011364	1504	7520	Colwelliaceae	Colwellia psychrerythraea	AB002630	1514	7570	Colwelliaceae	Colwellia maris	7124.0	1483	22	20	1449	0.9904	0.9473
AB011364	1504	7520	Colwelliaceae	Colwellia psychrerythraea	KJ939338	1462	7304	Colwelliaceae	Thalassotalea ponticola	6651.0	1465	46	49	1386	0.9788	0.9106
AB011364	1504	7520	Colwelliaceae	Colwellia psychrerythraea	KX450475	1463	7315	Colwelliaceae	Colwellia mytili	6819.0	1465	31	33	1405	0.9811	0.9322
AB011364	1504	7520	Colwelliaceae	Colwellia psychrerythraea	KM108776	1440	7200	Colwelliaceae	Colwellia arctica	6763.0	1426	42	28	1385	0.9907	0.9393
AB011364	1504	7520	Colwelliaceae	Colwellia psychrerythraea	KU696539	1465	7325	Colwelliaceae	Colwellia sediminilitoris	6857.0	1465	30	30	1410	0.9826	0.9361
AB011364	1504	7520	Colwelliaceae	Colwellia psychrerythraea	AB971664	1423	7115	Colwelliaceae	Colwellia marinimaniae	6601.0	1411	45	33	1359	0.9862	0.9278
AB011364	1504	7520	Colwelliaceae	Colwellia psychrerythraea	AB369380	1462	7310	Colwelliaceae	Thalassomonas actiniarum	6782.0	1465	33	36	1401	0.9804	0.9278
AB011364	1504	7520	Colwelliaceae	Colwellia psychrerythraea	DQ212914	1465	7325	Colwelliaceae	Thalassotalea agarivorans	6639.0	1465	46	46	1385	0.9760	0.9063
AB011364	1504	7520	Colwelliaceae	Colwellia psychrerythraea	DQ055844	1496	7474	Colwelliaceae	Colwellia aestuarii	6948.0	1484	29	31	1428	0.9828	0.9296
AB011364	1504	7520	Colwelliaceae	Colwellia psychrerythraea	LN849949	1506	7530	Colwelliaceae	Thalassotalea euphylliae	6776.0	1494	43	46	1412	0.9751	0.9011
AB011364	1504	7520	Colwelliaceae	Colwellia psychrerythraea	AY194066	1462	7310	Colwelliaceae	Thalassotalea ganghwensis	6677.0	1465	38	41	1389	0.9754	0.9134
AB011364	1504	7520	Colwelliaceae	Colwellia psychrerythraea	FJ347761	1406	7030	Colwelliaceae	Thalassotalea montiporae	6417.0	1415	31	40	1337	0.9724	0.9128
AB011364	1504	7520	Colwelliaceae	Colwellia psychrerythraea	DQ007434	1501	7505	Colwelliaceae	Colwellia polaris	7024.0	1504	27	33	1445	0.9823	0.9359
AB011364	1504	7520	Colwelliaceae	Colwellia psychrerythraea	HM237288	1465	7325	Colwelliaceae	Thalassotalea agariperforans	6723.0	1465	39	39	1394	0.9776	0.9178
AB011364	1504	7520	Colwelliaceae	Colwellia psychrerythraea	JQ288724	1465	7325	Colwelliaceae	Thalassotalea eurytherma	6683.0	1467	42	44	1390	0.9768	0.9124
AB011364	1504	7520	Colwelliaceae	Colwellia psychrerythraea	U85846	1486	7382	Colwelliaceae	Colwellia psychrotropica	6884.0	1484	28	28	1420	0.9753	0.9325
AB011364	1504	7520	Colwelliaceae	Colwellia psychrerythraea	U14581	1467	7317	Colwelliaceae	Colwellia rossensis	7028.0	1465	19	17	1429	0.9869	0.9605
AB011364	1504	7520	Colwelliaceae	Colwellia psychrerythraea	KT224448	1467	7335	Colwelliaceae	Thalassotalea sediminis	6690.0	1467	38	38	1392	0.9741	0.9121
AB011364	1504	7520	Colwelliaceae	Colwellia psychrerythraea	AJ294747	1534	7670	Colwelliaceae	Thalassomonas viridans	6991.0	1504	31	34	1442	0.9810	0.9297
AB011364	1504	7520	Colwelliaceae	Colwellia psychrerythraea	AB369381	1465	7289	Colwelliaceae	Thalassomonas haliotis	6873.0	1465	20	20	1410	0.9758	0.9429
AB011364	1504	7520	Colwelliaceae	Colwellia psychrerythraea	JX412957	1505	7525	Colwelliaceae	Thalassotalea piscium	6864.0	1504	43	43	1427	0.9767	0.9128
AB011364	1504	7520	Colwelliaceae	Colwellia psychrerythraea	KF484399	1463	7315	Colwelliaceae	Thalassotalea fusca	6715.0	1465	39	41	1393	0.9782	0.9180
AB011364	1504	7520	Colwelliaceae	Colwellia psychrerythraea	KF193862	1496	7480	Colwelliaceae	Colwellia meonggei	6869.0	1484	32	34	1419	0.9786	0.9183
AB011364	1504	7520	Colwelliaceae	Colwellia psychrerythraea	EU599214	1507	7535	Colwelliaceae	Colwellia asteriadis	7197.0	1504	21	21	1466	0.9885	0.9570
AB011364	1504	7520	Colwelliaceae	Colwellia psychrerythraea	KT153611	1463	7315	Colwelliaceae	Thalassotalea marina	6759.0	1465	22	24	1400	0.9715	0.9240
JQ948043	1408	7040	Colwelliaceae	Colwellia aquaemaris	KX618643	1510	7550	Colwelliaceae	Colwellia agarivorans	6631.0	1408	38	31	1361	0.9884	0.9419
JQ948043	1408	7040	Colwelliaceae	Colwellia aquaemaris	AY643537	1457	7279	Colwelliaceae	Thalassotalea loyana	6500.0	1408	36	34	1346	0.9796	0.9233
JQ948043	1408	7040	Colwelliaceae	Colwellia aquaemaris	AB002630	1514	7570	Colwelliaceae	Colwellia maris	6513.0	1408	44	38	1347	0.9832	0.9251
JQ948043	1408	7040	Colwelliaceae	Colwellia aquaemaris	KJ939338	1462	7304	Colwelliaceae	Thalassotalea ponticola	6514.0	1408	38	35	1346	0.9803	0.9253
JQ948043	1408	7040	Colwelliaceae	Colwellia aquaemaris	KX450475	1463	7315	Colwelliaceae	Colwellia mytili	6634.0	1408	31	29	1361	0.9869	0.9423
JQ948043	1408	7040	Colwelliaceae	Colwellia aquaemaris	KM108776	1440	7200	Colwelliaceae	Colwellia arctica	6423.0	1396	60	42	1333	0.9845	0.9124
JQ948043	1408	7040	Colwelliaceae	Colwellia aquaemaris	KU696539	1465	7325	Colwelliaceae	Colwellia sediminilitoris	6629.0	1408	41	37	1360	0.9920	0.9416
JQ948043	1408	7040	Colwelliaceae	Colwellia aquaemaris	AB971664	1423	7115	Colwelliaceae	Colwellia marinimaniae	6424.0	1406	65	49	1336	0.9845	0.9125
JQ948043	1408	7040	Colwelliaceae	Colwellia aquaemaris	AB369380	1462	7310	Colwelliaceae	Thalassomonas actiniarum	6529.0	1408	46	45	1347	0.9883	0.9274
JQ948043	1408	7040	Colwelliaceae	Colwellia aquaemaris	DQ212914	1465	7325	Colwelliaceae	Thalassotalea agarivorans	6480.0	1408	47	43	1343	0.9839	0.9205
JQ948043	1408	7040	Colwelliaceae	Colwellia aquaemaris	DQ055844	1496	7474	Colwelliaceae	Colwellia aestuarii	6649.0	1408	36	34	1362	0.9913	0.9445
JQ948043	1408	7040	Colwelliaceae	Colwellia aquaemaris	LN849949	1506	7530	Colwelliaceae	Thalassotalea euphylliae	6437.0	1408	46	44	1337	0.9802	0.9143
JQ948043	1408	7040	Colwelliaceae	Colwellia aquaemaris	AY194066	1462	7310	Colwelliaceae	Thalassotalea ganghwensis	6548.0	1408	37	36	1351	0.9847	0.9301
JQ948043	1408	7040	Colwelliaceae	Colwellia aquaemaris	FJ347761	1406	7030	Colwelliaceae	Thalassotalea montiporae	6338.0	1385	40	44	1315	0.9806	0.9016
JQ948043	1408	7040	Colwelliaceae	Colwellia aquaemaris	DQ007434	1501	7505	Colwelliaceae	Colwellia polaris	6612.0	1408	33	35	1357	0.9883	0.9392
JQ948043	1408	7040	Colwelliaceae	Colwellia aquaemaris	HM237288	1465	7325	Colwelliaceae	Thalassotalea agariperforans	6516.0	1408	45	41	1347	0.9854	0.9256
JQ948043	1408	7040	Colwelliaceae	Colwellia aquaemaris	JQ288724	1465	7325	Colwelliaceae	Thalassotalea eurytherma	6468.0	1408	46	42	1342	0.9824	0.9187
JQ948043	1408	7040	Colwelliaceae	Colwellia aquaemaris	U85846	1486	7382	Colwelliaceae	Colwellia psychrotropica	6396.0	1408	41	37	1332	0.9716	0.9085
JQ948043	1408	7040	Colwelliaceae	Colwellia aquaemaris	U14581	1467	7317	Colwelliaceae	Colwellia rossensis	6465.0	1408	48	42	1340	0.9810	0.9183
JQ948043	1408	7040	Colwelliaceae	Colwellia aquaemaris	KT224448	1467	7335	Colwelliaceae	Thalassotalea sediminis	6521.0	1408	44	40	1348	0.9854	0.9263
JQ948043	1408	7040	Colwelliaceae	Colwellia aquaemaris	AJ294747	1534	7670	Colwelliaceae	Thalassomonas viridans	6578.0	1408	41	40	1353	0.9890	0.9344
JQ948043	1408	7040	Colwelliaceae	Colwellia aquaemaris	AB369381	1465	7289	Colwelliaceae	Thalassomonas haliotis	6526.0	1408	47	43	1346	0.9861	0.9270
JQ948043	1408	7040	Colwelliaceae	Colwellia aquaemaris	JX412957	1505	7525	Colwelliaceae	Thalassotalea piscium	6562.0	1408	42	38	1352	0.9869	0.9321
JQ948043	1408	7040	Colwelliaceae	Colwellia aquaemaris	KF484399	1463	7315	Colwelliaceae	Thalassotalea fusca	6628.0	1408	35	33	1360	0.9891	0.9415
JQ948043	1408	7040	Colwelliaceae	Colwellia aquaemaris	KF193862	1496	7480	Colwelliaceae	Colwellia meonggei	6825.0	1408	17	15	1383	0.9928	0.9695
JQ948043	1408	7040	Colwelliaceae	Colwellia aquaemaris	EU599214	1507	7535	Colwelliaceae	Colwellia asteriadis	6595.0	1408	39	36	1356	0.9883	0.9368
JQ948043	1408	7040	Colwelliaceae	Colwellia aquaemaris	KT153611	1463	7315	Colwelliaceae	Thalassotalea marina	6453.0	1408	46	44	1339	0.9817	0.9166
KX618643	1510	7550	Colwelliaceae	Colwellia agarivorans	AY643537	1457	7279	Colwelliaceae	Thalassotalea loyana	6649.0	1465	52	60	1384	0.9851	0.9134
KX618643	1510	7550	Colwelliaceae	Colwellia agarivorans	AB002630	1514	7570	Colwelliaceae	Colwellia maris	6874.0	1489	30	31	1423	0.9760	0.9105
KX618643	1510	7550	Colwelliaceae	Colwellia agarivorans	KJ939338	1462	7304	Colwelliaceae	Thalassotalea ponticola	6689.0	1468	42	48	1390	0.9789	0.9158
KX618643	1510	7550	Colwelliaceae	Colwellia agarivorans	KX450475	1463	7315	Colwelliaceae	Colwellia mytili	7044.0	1468	29	34	1431	0.9979	0.9630
KX618643	1510	7550	Colwelliaceae	Colwellia agarivorans	KM108776	1440	7200	Colwelliaceae	Colwellia arctica	6499.0	1429	56	45	1355	0.9790	0.9026
KX618643	1510	7550	Colwelliaceae	Colwellia agarivorans	KU696539	1465	7325	Colwelliaceae	Colwellia sediminilitoris	6951.0	1468	31	34	1422	0.9916	0.9489
KX618643	1510	7550	Colwelliaceae	Colwellia agarivorans	AB971664	1423	7115	Colwelliaceae	Colwellia marinimaniae	6398.0	1414	56	47	1336	0.9773	0.8992
KX618643	1510	7550	Colwelliaceae	Colwellia agarivorans	AB369380	1462	7310	Colwelliaceae	Thalassomonas actiniarum	6833.0	1468	32	38	1407	0.9839	0.9347
KX618643	1510	7550	Colwelliaceae	Colwellia agarivorans	DQ212914	1465	7325	Colwelliaceae	Thalassotalea agarivorans	6645.0	1468	58	61	1385	0.9844	0.9072
KX618643	1510	7550	Colwelliaceae	Colwellia agarivorans	DQ055844	1496	7474	Colwelliaceae	Colwellia aestuarii	7121.0	1490	23	28	1450	0.9918	0.9528
KX618643	1510	7550	Colwelliaceae	Colwellia agarivorans	LN849949	1506	7530	Colwelliaceae	Thalassotalea euphylliae	6756.0	1500	53	59	1411	0.9792	0.8972
KX618643	1510	7550	Colwelliaceae	Colwellia agarivorans	AY194066	1462	7310	Colwelliaceae	Thalassotalea ganghwensis	6686.0	1468	45	51	1390	0.9809	0.9146
KX618643	1510	7550	Colwelliaceae	Colwellia agarivorans	FJ347761	1406	7030	Colwelliaceae	Thalassotalea montiporae	6345.0	1415	49	58	1327	0.9779	0.9026
KX618643	1510	7550	Colwelliaceae	Colwellia agarivorans	DQ007434	1501	7505	Colwelliaceae	Colwellia polaris	7184.0	1510	23	34	1465	0.9925	0.9572
KX618643	1510	7550	Colwelliaceae	Colwellia agarivorans	HM237288	1465	7325	Colwelliaceae	Thalassotalea agariperforans	6690.0	1468	53	56	1390	0.9844	0.9133
KX618643	1510	7550	Colwelliaceae	Colwellia agarivorans	JQ288724	1465	7325	Colwelliaceae	Thalassotalea eurytherma	6767.0	1470	40	45	1401	0.9832	0.9238
KX618643	1510	7550	Colwelliaceae	Colwellia agarivorans	U85846	1486	7382	Colwelliaceae	Colwellia psychrotropica	6720.0	1489	35	38	1403	0.9669	0.9103
KX618643	1510	7550	Colwelliaceae	Colwellia agarivorans	U14581	1467	7317	Colwelliaceae	Colwellia rossensis	6732.0	1468	33	34	1396	0.9735	0.9200
KX618643	1510	7550	Colwelliaceae	Colwellia agarivorans	KT224448	1467	7335	Colwelliaceae	Thalassotalea sediminis	6711.0	1470	44	47	1395	0.9803	0.9149
KX618643	1510	7550	Colwelliaceae	Colwellia agarivorans	AJ294747	1534	7670	Colwelliaceae	Thalassomonas viridans	7017.0	1510	37	43	1446	0.9857	0.9294
KX618643	1510	7550	Colwelliaceae	Colwellia agarivorans	AB369381	1465	7289	Colwelliaceae	Thalassomonas haliotis	6783.0	1468	35	38	1399	0.9783	0.9306
KX618643	1510	7550	Colwelliaceae	Colwellia agarivorans	JX412957	1505	7525	Colwelliaceae	Thalassotalea piscium	6902.0	1510	44	49	1433	0.9808	0.9172
KX618643	1510	7550	Colwelliaceae	Colwellia agarivorans	KF484399	1463	7315	Colwelliaceae	Thalassotalea fusca	6708.0	1468	47	52	1393	0.9838	0.9170
KX618643	1510	7550	Colwelliaceae	Colwellia agarivorans	KF193862	1496	7480	Colwelliaceae	Colwellia meonggei	7096.0	1490	26	31	1447	0.9918	0.9487
KX618643	1510	7550	Colwelliaceae	Colwellia agarivorans	EU599214	1507	7535	Colwelliaceae	Colwellia asteriadis	7088.0	1510	25	28	1456	0.9825	0.9407
KX618643	1510	7550	Colwelliaceae	Colwellia agarivorans	KT153611	1463	7315	Colwelliaceae	Thalassotalea marina	6573.0	1468	54	59	1377	0.9773	0.8986
AY643537	1457	7279	Colwelliaceae	Thalassotalea loyana	AB002630	1514	7570	Colwelliaceae	Colwellia maris	6580.0	1456	51	45	1376	0.9752	0.9040
AY643537	1457	7279	Colwelliaceae	Thalassotalea loyana	KJ939338	1462	7304	Colwelliaceae	Thalassotalea ponticola	6841.0	1457	30	28	1406	0.9839	0.9398
AY643537	1457	7279	Colwelliaceae	Thalassotalea loyana	KX450475	1463	7315	Colwelliaceae	Colwellia mytili	6666.0	1457	51	48	1385	0.9830	0.9158
AY643537	1457	7279	Colwelliaceae	Thalassotalea loyana	KM108776	1440	7200	Colwelliaceae	Colwellia arctica	6404.0	1423	69	52	1342	0.9788	0.8894
AY643537	1457	7279	Colwelliaceae	Thalassotalea loyana	KU696539	1465	7325	Colwelliaceae	Colwellia sediminilitoris	6630.0	1457	45	40	1382	0.9753	0.9108
AY643537	1457	7279	Colwelliaceae	Thalassotalea loyana	AB971664	1423	7115	Colwelliaceae	Colwellia marinimaniae	6235.0	1409	78	64	1315	0.9777	0.8763
AY643537	1457	7279	Colwelliaceae	Thalassotalea loyana	AB369380	1462	7310	Colwelliaceae	Thalassomonas actiniarum	6658.0	1457	50	48	1384	0.9823	0.9147
AY643537	1457	7279	Colwelliaceae	Thalassotalea loyana	DQ212914	1465	7325	Colwelliaceae	Thalassotalea agarivorans	6955.0	1456	23	19	1419	0.9875	0.9555
AY643537	1457	7279	Colwelliaceae	Thalassotalea loyana	DQ055844	1496	7474	Colwelliaceae	Colwellia aestuarii	6694.0	1457	39	36	1389	0.9775	0.9196
AY643537	1457	7279	Colwelliaceae	Thalassotalea loyana	LN849949	1506	7530	Colwelliaceae	Thalassotalea euphylliae	6828.0	1457	37	34	1404	0.9866	0.9380
AY643537	1457	7279	Colwelliaceae	Thalassotalea loyana	AY194066	1462	7310	Colwelliaceae	Thalassotalea ganghwensis	6823.0	1457	31	29	1404	0.9832	0.9374
AY643537	1457	7279	Colwelliaceae	Thalassotalea loyana	FJ347761	1406	7030	Colwelliaceae	Thalassotalea montiporae	6618.0	1410	26	31	1358	0.9848	0.9414
AY643537	1457	7279	Colwelliaceae	Thalassotalea loyana	DQ007434	1501	7505	Colwelliaceae	Colwellia polaris	6622.0	1457	49	50	1379	0.9801	0.9097
AY643537	1457	7279	Colwelliaceae	Thalassotalea loyana	HM237288	1465	7325	Colwelliaceae	Thalassotalea agariperforans	6884.0	1457	36	31	1411	0.9895	0.9457
AY643537	1457	7279	Colwelliaceae	Thalassotalea loyana	JQ288724	1465	7325	Colwelliaceae	Thalassotalea eurytherma	6879.0	1457	37	34	1409	0.9902	0.9450
AY643537	1457	7279	Colwelliaceae	Thalassotalea loyana	U85846	1486	7382	Colwelliaceae	Colwellia psychrotropica	6523.0	1457	49	44	1368	0.9682	0.8961
AY643537	1457	7279	Colwelliaceae	Thalassotalea loyana	U14581	1467	7317	Colwelliaceae	Colwellia rossensis	6545.0	1457	61	54	1370	0.9765	0.8992
AY643537	1457	7279	Colwelliaceae	Thalassotalea loyana	KT224448	1467	7335	Colwelliaceae	Thalassotalea sediminis	6878.0	1457	29	24	1411	0.9846	0.9449
AY643537	1457	7279	Colwelliaceae	Thalassotalea loyana	AJ294747	1534	7670	Colwelliaceae	Thalassomonas viridans	6694.0	1457	47	45	1388	0.9830	0.9196
AY643537	1457	7279	Colwelliaceae	Thalassotalea loyana	AB369381	1465	7289	Colwelliaceae	Thalassomonas haliotis	6682.0	1457	50	45	1385	0.9809	0.9180
AY643537	1457	7279	Colwelliaceae	Thalassotalea loyana	JX412957	1505	7525	Colwelliaceae	Thalassotalea piscium	6824.0	1457	43	38	1404	0.9894	0.9375
AY643537	1457	7279	Colwelliaceae	Thalassotalea loyana	KF484399	1463	7315	Colwelliaceae	Thalassotalea fusca	6928.0	1457	21	18	1417	0.9847	0.9518
AY643537	1457	7279	Colwelliaceae	Thalassotalea loyana	KF193862	1496	7480	Colwelliaceae	Colwellia meonggei	6790.0	1457	30	27	1401	0.9797	0.9328
AY643537	1457	7279	Colwelliaceae	Thalassotalea loyana	EU599214	1507	7535	Colwelliaceae	Colwellia asteriadis	6668.0	1457	44	39	1386	0.9774	0.9161
AY643537	1457	7279	Colwelliaceae	Thalassotalea loyana	KT153611	1463	7315	Colwelliaceae	Thalassotalea marina	6832.0	1457	30	27	1405	0.9825	0.9386
AB002630	1514	7570	Colwelliaceae	Colwellia maris	KJ939338	1462	7304	Colwelliaceae	Thalassotalea ponticola	6612.0	1466	44	49	1381	0.9746	0.9053
AB002630	1514	7570	Colwelliaceae	Colwellia maris	KX450475	1463	7315	Colwelliaceae	Colwellia mytili	6845.0	1466	15	19	1410	0.9744	0.9357
AB002630	1514	7570	Colwelliaceae	Colwellia maris	KM108776	1440	7200	Colwelliaceae	Colwellia arctica	6676.0	1426	55	42	1373	0.9921	0.9272
AB002630	1514	7570	Colwelliaceae	Colwellia maris	KU696539	1465	7325	Colwelliaceae	Colwellia sediminilitoris	6891.0	1466	21	23	1415	0.9806	0.9408
AB002630	1514	7570	Colwelliaceae	Colwellia maris	AB971664	1423	7115	Colwelliaceae	Colwellia marinimaniae	6710.0	1413	32	22	1373	0.9871	0.9431
AB002630	1514	7570	Colwelliaceae	Colwellia maris	AB369380	1462	7310	Colwelliaceae	Thalassomonas actiniarum	6762.0	1466	34	39	1399	0.9804	0.9250
AB002630	1514	7570	Colwelliaceae	Colwellia maris	DQ212914	1465	7325	Colwelliaceae	Thalassotalea agarivorans	6642.0	1467	35	37	1387	0.9699	0.9068
AB002630	1514	7570	Colwelliaceae	Colwellia maris	DQ055844	1496	7474	Colwelliaceae	Colwellia aestuarii	7013.0	1500	17	22	1443	0.9763	0.9383
AB002630	1514	7570	Colwelliaceae	Colwellia maris	LN849949	1506	7530	Colwelliaceae	Thalassotalea euphylliae	6823.0	1501	32	37	1421	0.9706	0.9061
AB002630	1514	7570	Colwelliaceae	Colwellia maris	AY194066	1462	7310	Colwelliaceae	Thalassotalea ganghwensis	6649.0	1466	33	38	1387	0.9713	0.9096
AB002630	1514	7570	Colwelliaceae	Colwellia maris	FJ347761	1406	7030	Colwelliaceae	Thalassotalea montiporae	6348.0	1413	36	43	1328	0.9693	0.9030
AB002630	1514	7570	Colwelliaceae	Colwellia maris	DQ007434	1501	7505	Colwelliaceae	Colwellia polaris	6915.0	1497	23	40	1427	0.9794	0.9214
AB002630	1514	7570	Colwelliaceae	Colwellia maris	HM237288	1465	7325	Colwelliaceae	Thalassotalea agariperforans	6702.0	1466	31	33	1393	0.9721	0.9149
AB002630	1514	7570	Colwelliaceae	Colwellia maris	JQ288724	1465	7325	Colwelliaceae	Thalassotalea eurytherma	6708.0	1468	33	37	1394	0.9741	0.9158
AB002630	1514	7570	Colwelliaceae	Colwellia maris	U85846	1486	7382	Colwelliaceae	Colwellia psychrotropica	7110.0	1487	10	12	1448	0.9817	0.9632
AB002630	1514	7570	Colwelliaceae	Colwellia maris	U14581	1467	7317	Colwelliaceae	Colwellia rossensis	7107.0	1466	8	8	1439	0.9870	0.9713
AB002630	1514	7570	Colwelliaceae	Colwellia maris	KT224448	1467	7335	Colwelliaceae	Thalassotalea sediminis	6715.0	1468	30	32	1396	0.9721	0.9155
AB002630	1514	7570	Colwelliaceae	Colwellia maris	AJ294747	1534	7670	Colwelliaceae	Thalassomonas viridans	6999.0	1514	34	38	1447	0.9804	0.9246
AB002630	1514	7570	Colwelliaceae	Colwellia maris	AB369381	1465	7289	Colwelliaceae	Thalassomonas haliotis	6767.0	1466	33	35	1397	0.9762	0.9284
AB002630	1514	7570	Colwelliaceae	Colwellia maris	JX412957	1505	7525	Colwelliaceae	Thalassotalea piscium	6872.0	1488	26	30	1422	0.9753	0.9132
AB002630	1514	7570	Colwelliaceae	Colwellia maris	KF484399	1463	7315	Colwelliaceae	Thalassotalea fusca	6714.0	1466	25	29	1395	0.9708	0.9178
AB002630	1514	7570	Colwelliaceae	Colwellia maris	KF193862	1496	7480	Colwelliaceae	Colwellia meonggei	6909.0	1500	33	38	1430	0.9781	0.9237
AB002630	1514	7570	Colwelliaceae	Colwellia maris	EU599214	1507	7535	Colwelliaceae	Colwellia asteriadis	7074.0	1488	22	24	1445	0.9870	0.9388
AB002630	1514	7570	Colwelliaceae	Colwellia maris	KT153611	1463	7315	Colwelliaceae	Thalassotalea marina	6613.0	1466	35	39	1382	0.9685	0.9040
KJ939338	1462	7304	Colwelliaceae	Thalassotalea ponticola	KX450475	1463	7315	Colwelliaceae	Colwellia mytili	6713.0	1462	42	41	1392	0.9796	0.9191
KJ939338	1462	7304	Colwelliaceae	Thalassotalea ponticola	KM108776	1440	7200	Colwelliaceae	Colwellia arctica	6402.0	1423	74	57	1341	0.9817	0.8892
KJ939338	1462	7304	Colwelliaceae	Thalassotalea ponticola	KU696539	1465	7325	Colwelliaceae	Colwellia sediminilitoris	6652.0	1462	48	45	1385	0.9774	0.9107
KJ939338	1462	7304	Colwelliaceae	Thalassotalea ponticola	AB971664	1423	7115	Colwelliaceae	Colwellia marinimaniae	6268.0	1437	69	83	1324	0.9778	0.8810
KJ939338	1462	7304	Colwelliaceae	Thalassotalea ponticola	AB369380	1462	7310	Colwelliaceae	Thalassomonas actiniarum	6690.0	1462	38	38	1389	0.9754	0.9159
KJ939338	1462	7304	Colwelliaceae	Thalassotalea ponticola	DQ212914	1465	7325	Colwelliaceae	Thalassotalea agarivorans	6844.0	1461	35	32	1407	0.9846	0.9370
KJ939338	1462	7304	Colwelliaceae	Thalassotalea ponticola	DQ055844	1496	7474	Colwelliaceae	Colwellia aestuarii	6725.0	1462	39	38	1393	0.9782	0.9207
KJ939338	1462	7304	Colwelliaceae	Thalassotalea ponticola	LN849949	1506	7530	Colwelliaceae	Thalassotalea euphylliae	6677.0	1462	50	49	1387	0.9816	0.9142
KJ939338	1462	7304	Colwelliaceae	Thalassotalea ponticola	AY194066	1462	7310	Colwelliaceae	Thalassotalea ganghwensis	6716.0	1462	44	44	1392	0.9817	0.9195
KJ939338	1462	7304	Colwelliaceae	Thalassotalea ponticola	FJ347761	1406	7030	Colwelliaceae	Thalassotalea montiporae	6475.0	1412	33	40	1342	0.9781	0.9211
KJ939338	1462	7304	Colwelliaceae	Thalassotalea ponticola	DQ007434	1501	7505	Colwelliaceae	Colwellia polaris	6660.0	1462	45	48	1384	0.9788	0.9118
KJ939338	1462	7304	Colwelliaceae	Thalassotalea ponticola	HM237288	1465	7325	Colwelliaceae	Thalassotalea agariperforans	6747.0	1462	53	50	1395	0.9880	0.9237
KJ939338	1462	7304	Colwelliaceae	Thalassotalea ponticola	JQ288724	1465	7325	Colwelliaceae	Thalassotalea eurytherma	6749.0	1462	43	42	1396	0.9831	0.9240
KJ939338	1462	7304	Colwelliaceae	Thalassotalea ponticola	U85846	1486	7382	Colwelliaceae	Colwellia psychrotropica	6589.0	1462	45	42	1377	0.9697	0.9021
KJ939338	1462	7304	Colwelliaceae	Thalassotalea ponticola	U14581	1467	7317	Colwelliaceae	Colwellia rossensis	6609.0	1462	52	47	1379	0.9746	0.9048
KJ939338	1462	7304	Colwelliaceae	Thalassotalea ponticola	KT224448	1467	7335	Colwelliaceae	Thalassotalea sediminis	6775.0	1462	48	45	1399	0.9873	0.9276
KJ939338	1462	7304	Colwelliaceae	Thalassotalea ponticola	AJ294747	1534	7670	Colwelliaceae	Thalassomonas viridans	6736.0	1462	41	41	1394	0.9810	0.9222
KJ939338	1462	7304	Colwelliaceae	Thalassotalea ponticola	AB369381	1465	7289	Colwelliaceae	Thalassomonas haliotis	6680.0	1462	44	41	1387	0.9761	0.9164
KJ939338	1462	7304	Colwelliaceae	Thalassotalea ponticola	JX412957	1505	7525	Colwelliaceae	Thalassotalea piscium	6736.0	1462	45	42	1395	0.9824	0.9222
KJ939338	1462	7304	Colwelliaceae	Thalassotalea ponticola	KF484399	1463	7315	Colwelliaceae	Thalassotalea fusca	6889.0	1462	27	26	1413	0.9840	0.9432
KJ939338	1462	7304	Colwelliaceae	Thalassotalea ponticola	KF193862	1496	7480	Colwelliaceae	Colwellia meonggei	6804.0	1462	30	29	1403	0.9791	0.9315
KJ939338	1462	7304	Colwelliaceae	Thalassotalea ponticola	EU599214	1507	7535	Colwelliaceae	Colwellia asteriadis	6651.0	1462	55	52	1384	0.9816	0.9106
KJ939338	1462	7304	Colwelliaceae	Thalassotalea ponticola	KT153611	1463	7315	Colwelliaceae	Thalassotalea marina	6789.0	1462	38	37	1401	0.9832	0.9295
KX450475	1463	7315	Colwelliaceae	Colwellia mytili	KM108776	1440	7200	Colwelliaceae	Colwellia arctica	6540.0	1424	55	39	1358	0.9805	0.9083
KX450475	1463	7315	Colwelliaceae	Colwellia mytili	KU696539	1465	7325	Colwelliaceae	Colwellia sediminilitoris	7120.0	1463	11	9	1441	0.9911	0.9733
KX450475	1463	7315	Colwelliaceae	Colwellia mytili	AB971664	1423	7115	Colwelliaceae	Colwellia marinimaniae	6472.0	1409	44	30	1345	0.9753	0.9096
KX450475	1463	7315	Colwelliaceae	Colwellia mytili	AB369380	1462	7310	Colwelliaceae	Thalassomonas actiniarum	6806.0	1463	34	35	1403	0.9825	0.9311
KX450475	1463	7315	Colwelliaceae	Colwellia mytili	DQ212914	1465	7325	Colwelliaceae	Thalassotalea agarivorans	6659.0	1462	55	53	1385	0.9830	0.9103
KX450475	1463	7315	Colwelliaceae	Colwellia mytili	DQ055844	1496	7474	Colwelliaceae	Colwellia aestuarii	7125.0	1463	13	13	1441	0.9938	0.9740
KX450475	1463	7315	Colwelliaceae	Colwellia mytili	LN849949	1506	7530	Colwelliaceae	Thalassotalea euphylliae	6656.0	1463	44	44	1386	0.9767	0.9099
KX450475	1463	7315	Colwelliaceae	Colwellia mytili	AY194066	1462	7310	Colwelliaceae	Thalassotalea ganghwensis	6689.0	1463	41	42	1390	0.9782	0.9150
KX450475	1463	7315	Colwelliaceae	Colwellia mytili	FJ347761	1406	7030	Colwelliaceae	Thalassotalea montiporae	6355.0	1410	45	49	1328	0.9758	0.9040
KX450475	1463	7315	Colwelliaceae	Colwellia mytili	DQ007434	1501	7505	Colwelliaceae	Colwellia polaris	7089.0	1463	13	17	1436	0.9931	0.9691
KX450475	1463	7315	Colwelliaceae	Colwellia mytili	HM237288	1465	7325	Colwelliaceae	Thalassotalea agariperforans	6736.0	1463	50	48	1394	0.9852	0.9208
KX450475	1463	7315	Colwelliaceae	Colwellia mytili	JQ288724	1465	7325	Colwelliaceae	Thalassotalea eurytherma	6717.0	1463	48	48	1393	0.9845	0.9183
KX450475	1463	7315	Colwelliaceae	Colwellia mytili	U85846	1486	7382	Colwelliaceae	Colwellia psychrotropica	6641.0	1463	24	22	1385	0.9611	0.9079
KX450475	1463	7315	Colwelliaceae	Colwellia mytili	U14581	1467	7317	Colwelliaceae	Colwellia rossensis	6754.0	1463	27	23	1398	0.9708	0.9233
KX450475	1463	7315	Colwelliaceae	Colwellia mytili	KT224448	1467	7335	Colwelliaceae	Thalassotalea sediminis	6703.0	1463	44	42	1392	0.9796	0.9163
KX450475	1463	7315	Colwelliaceae	Colwellia mytili	AJ294747	1534	7670	Colwelliaceae	Thalassomonas viridans	6832.0	1463	36	37	1406	0.9860	0.9340
KX450475	1463	7315	Colwelliaceae	Colwellia mytili	AB369381	1465	7289	Colwelliaceae	Thalassomonas haliotis	6833.0	1463	33	31	1404	0.9804	0.9374
KX450475	1463	7315	Colwelliaceae	Colwellia mytili	JX412957	1505	7525	Colwelliaceae	Thalassotalea piscium	6743.0	1463	41	39	1396	0.9803	0.9218
KX450475	1463	7315	Colwelliaceae	Colwellia mytili	KF484399	1463	7315	Colwelliaceae	Thalassotalea fusca	6775.0	1463	38	38	1400	0.9825	0.9262
KX450475	1463	7315	Colwelliaceae	Colwellia mytili	KF193862	1496	7480	Colwelliaceae	Colwellia meonggei	6997.0	1463	25	25	1425	0.9910	0.9565
KX450475	1463	7315	Colwelliaceae	Colwellia mytili	EU599214	1507	7535	Colwelliaceae	Colwellia asteriadis	6906.0	1463	26	24	1416	0.9840	0.9441
KX450475	1463	7315	Colwelliaceae	Colwellia mytili	KT153611	1463	7315	Colwelliaceae	Thalassotalea marina	6625.0	1463	47	47	1382	0.9760	0.9057
KM108776	1440	7200	Colwelliaceae	Colwellia arctica	KU696539	1465	7325	Colwelliaceae	Colwellia sediminilitoris	6564.0	1440	35	50	1362	0.9799	0.9117
KM108776	1440	7200	Colwelliaceae	Colwellia arctica	AB971664	1423	7115	Colwelliaceae	Colwellia marinimaniae	6548.0	1412	43	45	1350	0.9876	0.9203
KM108776	1440	7200	Colwelliaceae	Colwellia arctica	AB369380	1462	7310	Colwelliaceae	Thalassomonas actiniarum	6476.0	1440	45	62	1351	0.9804	0.8994
KM108776	1440	7200	Colwelliaceae	Colwellia arctica	DQ212914	1465	7325	Colwelliaceae	Thalassotalea agarivorans	6392.0	1439	54	68	1341	0.9781	0.8878
KM108776	1440	7200	Colwelliaceae	Colwellia arctica	DQ055844	1496	7474	Colwelliaceae	Colwellia aestuarii	6533.0	1440	42	58	1357	0.9819	0.9074
KM108776	1440	7200	Colwelliaceae	Colwellia arctica	LN849949	1506	7530	Colwelliaceae	Thalassotalea euphylliae	6481.0	1440	41	57	1352	0.9776	0.9001
KM108776	1440	7200	Colwelliaceae	Colwellia arctica	AY194066	1462	7310	Colwelliaceae	Thalassotalea ganghwensis	6464.0	1440	41	58	1350	0.9768	0.8978
KM108776	1440	7200	Colwelliaceae	Colwellia arctica	FJ347761	1406	7030	Colwelliaceae	Thalassotalea montiporae	6245.0	1406	32	71	1305	0.9775	0.8883
KM108776	1440	7200	Colwelliaceae	Colwellia arctica	DQ007434	1501	7505	Colwelliaceae	Colwellia polaris	6557.0	1440	33	53	1360	0.9805	0.9107
KM108776	1440	7200	Colwelliaceae	Colwellia arctica	HM237288	1465	7325	Colwelliaceae	Thalassotalea agariperforans	6488.0	1440	41	55	1353	0.9769	0.9011
KM108776	1440	7200	Colwelliaceae	Colwellia arctica	JQ288724	1465	7325	Colwelliaceae	Thalassotalea eurytherma	6395.0	1440	54	70	1341	0.9788	0.8882
KM108776	1440	7200	Colwelliaceae	Colwellia arctica	U85846	1486	7382	Colwelliaceae	Colwellia psychrotropica	6477.0	1440	48	62	1349	0.9790	0.8996
KM108776	1440	7200	Colwelliaceae	Colwellia arctica	U14581	1467	7317	Colwelliaceae	Colwellia rossensis	6622.0	1440	43	55	1366	0.9863	0.9197
KM108776	1440	7200	Colwelliaceae	Colwellia arctica	KT224448	1467	7335	Colwelliaceae	Thalassotalea sediminis	6481.0	1440	46	60	1352	0.9797	0.9001
KM108776	1440	7200	Colwelliaceae	Colwellia arctica	AJ294747	1534	7670	Colwelliaceae	Thalassomonas viridans	6486.0	1440	44	61	1352	0.9804	0.9008
KM108776	1440	7200	Colwelliaceae	Colwellia arctica	AB369381	1465	7289	Colwelliaceae	Thalassomonas haliotis	6615.0	1440	31	45	1367	0.9799	0.9187
KM108776	1440	7200	Colwelliaceae	Colwellia arctica	JX412957	1505	7525	Colwelliaceae	Thalassotalea piscium	6457.0	1440	52	66	1349	0.9818	0.8968
KM108776	1440	7200	Colwelliaceae	Colwellia arctica	KF484399	1463	7315	Colwelliaceae	Thalassotalea fusca	6498.0	1440	43	59	1353	0.9797	0.9025
KM108776	1440	7200	Colwelliaceae	Colwellia arctica	KF193862	1496	7480	Colwelliaceae	Colwellia meonggei	6513.0	1440	37	53	1356	0.9776	0.9046
KM108776	1440	7200	Colwelliaceae	Colwellia arctica	EU599214	1507	7535	Colwelliaceae	Colwellia asteriadis	6734.0	1440	32	46	1381	0.9907	0.9353
KM108776	1440	7200	Colwelliaceae	Colwellia arctica	KT153611	1463	7315	Colwelliaceae	Thalassotalea marina	6517.0	1440	31	47	1357	0.9742	0.9051
KU696539	1465	7325	Colwelliaceae	Colwellia sediminilitoris	AB971664	1423	7115	Colwelliaceae	Colwellia marinimaniae	6491.0	1411	49	37	1347	0.9803	0.9123
KU696539	1465	7325	Colwelliaceae	Colwellia sediminilitoris	AB369380	1462	7310	Colwelliaceae	Thalassomonas actiniarum	6830.0	1465	28	31	1407	0.9812	0.9343
KU696539	1465	7325	Colwelliaceae	Colwellia sediminilitoris	DQ212914	1465	7325	Colwelliaceae	Thalassotalea agarivorans	6605.0	1464	57	57	1379	0.9801	0.9017
KU696539	1465	7325	Colwelliaceae	Colwellia sediminilitoris	DQ055844	1496	7474	Colwelliaceae	Colwellia aestuarii	7148.0	1465	10	12	1444	0.9938	0.9758
KU696539	1465	7325	Colwelliaceae	Colwellia sediminilitoris	LN849949	1506	7530	Colwelliaceae	Thalassotalea euphylliae	6627.0	1465	46	48	1383	0.9760	0.9047
KU696539	1465	7325	Colwelliaceae	Colwellia sediminilitoris	AY194066	1462	7310	Colwelliaceae	Thalassotalea ganghwensis	6732.0	1465	32	35	1396	0.9762	0.9209
KU696539	1465	7325	Colwelliaceae	Colwellia sediminilitoris	FJ347761	1406	7030	Colwelliaceae	Thalassotalea montiporae	6359.0	1412	41	47	1329	0.9736	0.9046
KU696539	1465	7325	Colwelliaceae	Colwellia sediminilitoris	DQ007434	1501	7505	Colwelliaceae	Colwellia polaris	7085.0	1465	12	18	1436	0.9924	0.9672
KU696539	1465	7325	Colwelliaceae	Colwellia sediminilitoris	HM237288	1465	7325	Colwelliaceae	Thalassotalea agariperforans	6751.0	1465	44	44	1397	0.9831	0.9216
KU696539	1465	7325	Colwelliaceae	Colwellia sediminilitoris	JQ288724	1465	7325	Colwelliaceae	Thalassotalea eurytherma	6719.0	1465	42	44	1394	0.9810	0.9173
KU696539	1465	7325	Colwelliaceae	Colwellia sediminilitoris	U85846	1486	7382	Colwelliaceae	Colwellia psychrotropica	6670.0	1465	30	30	1388	0.9672	0.9106
KU696539	1465	7325	Colwelliaceae	Colwellia sediminilitoris	U14581	1467	7317	Colwelliaceae	Colwellia rossensis	6819.0	1465	25	23	1406	0.9750	0.9319
KU696539	1465	7325	Colwelliaceae	Colwellia sediminilitoris	KT224448	1467	7335	Colwelliaceae	Thalassotalea sediminis	6778.0	1465	32	32	1402	0.9784	0.9253
KU696539	1465	7325	Colwelliaceae	Colwellia sediminilitoris	AJ294747	1534	7670	Colwelliaceae	Thalassomonas viridans	6841.0	1465	32	35	1408	0.9846	0.9339
KU696539	1465	7325	Colwelliaceae	Colwellia sediminilitoris	AB369381	1465	7289	Colwelliaceae	Thalassomonas haliotis	6880.0	1465	27	27	1410	0.9805	0.9439
KU696539	1465	7325	Colwelliaceae	Colwellia sediminilitoris	JX412957	1505	7525	Colwelliaceae	Thalassotalea piscium	6756.0	1465	40	40	1398	0.9811	0.9223
KU696539	1465	7325	Colwelliaceae	Colwellia sediminilitoris	KF484399	1463	7315	Colwelliaceae	Thalassotalea fusca	6731.0	1465	40	42	1395	0.9803	0.9202
KU696539	1465	7325	Colwelliaceae	Colwellia sediminilitoris	KF193862	1496	7480	Colwelliaceae	Colwellia meonggei	7023.0	1465	23	25	1429	0.9924	0.9588
KU696539	1465	7325	Colwelliaceae	Colwellia sediminilitoris	EU599214	1507	7535	Colwelliaceae	Colwellia asteriadis	6935.0	1465	22	22	1420	0.9841	0.9468
KU696539	1465	7325	Colwelliaceae	Colwellia sediminilitoris	KT153611	1463	7315	Colwelliaceae	Thalassotalea marina	6652.0	1465	40	42	1386	0.9740	0.9094
AB971664	1423	7115	Colwelliaceae	Colwellia marinimaniae	AB369380	1462	7310	Colwelliaceae	Thalassomonas actiniarum	6396.0	1423	49	64	1334	0.9816	0.8989
AB971664	1423	7115	Colwelliaceae	Colwellia marinimaniae	DQ212914	1465	7325	Colwelliaceae	Thalassotalea agarivorans	6222.0	1423	64	76	1314	0.9755	0.8745
AB971664	1423	7115	Colwelliaceae	Colwellia marinimaniae	DQ055844	1496	7474	Colwelliaceae	Colwellia aestuarii	6432.0	1423	41	55	1339	0.9788	0.9040
AB971664	1423	7115	Colwelliaceae	Colwellia marinimaniae	LN849949	1506	7530	Colwelliaceae	Thalassotalea euphylliae	6272.0	1423	55	69	1319	0.9742	0.8815
AB971664	1423	7115	Colwelliaceae	Colwellia marinimaniae	AY194066	1462	7310	Colwelliaceae	Thalassotalea ganghwensis	6332.0	1423	46	61	1327	0.9743	0.8900
AB971664	1423	7115	Colwelliaceae	Colwellia marinimaniae	FJ347761	1406	7030	Colwelliaceae	Thalassotalea montiporae	6160.0	1400	55	73	1295	0.9759	0.8762
AB971664	1423	7115	Colwelliaceae	Colwellia marinimaniae	DQ007434	1501	7505	Colwelliaceae	Colwellia polaris	6467.0	1423	33	51	1343	0.9789	0.9089
AB971664	1423	7115	Colwelliaceae	Colwellia marinimaniae	HM237288	1465	7325	Colwelliaceae	Thalassotalea agariperforans	6336.0	1423	53	65	1327	0.9772	0.8905
AB971664	1423	7115	Colwelliaceae	Colwellia marinimaniae	JQ288724	1465	7325	Colwelliaceae	Thalassotalea eurytherma	6386.0	1423	42	53	1335	0.9745	0.8975
AB971664	1423	7115	Colwelliaceae	Colwellia marinimaniae	U85846	1486	7382	Colwelliaceae	Colwellia psychrotropica	6505.0	1423	31	43	1347	0.9761	0.9143
AB971664	1423	7115	Colwelliaceae	Colwellia marinimaniae	U14581	1467	7317	Colwelliaceae	Colwellia rossensis	6603.0	1423	26	36	1359	0.9798	0.9280
AB971664	1423	7115	Colwelliaceae	Colwellia marinimaniae	KT224448	1467	7335	Colwelliaceae	Thalassotalea sediminis	6303.0	1423	52	64	1324	0.9742	0.8859
AB971664	1423	7115	Colwelliaceae	Colwellia marinimaniae	AJ294747	1534	7670	Colwelliaceae	Thalassomonas viridans	6397.0	1423	47	62	1334	0.9802	0.8991
AB971664	1423	7115	Colwelliaceae	Colwellia marinimaniae	AB369381	1465	7289	Colwelliaceae	Thalassomonas haliotis	6468.0	1423	43	55	1341	0.9803	0.9091
AB971664	1423	7115	Colwelliaceae	Colwellia marinimaniae	JX412957	1505	7525	Colwelliaceae	Thalassotalea piscium	6410.0	1423	43	55	1337	0.9773	0.9009
AB971664	1423	7115	Colwelliaceae	Colwellia marinimaniae	KF484399	1463	7315	Colwelliaceae	Thalassotalea fusca	6314.0	1423	48	62	1325	0.9735	0.8874
AB971664	1423	7115	Colwelliaceae	Colwellia marinimaniae	KF193862	1496	7480	Colwelliaceae	Colwellia meonggei	6358.0	1423	53	67	1329	0.9801	0.8936
AB971664	1423	7115	Colwelliaceae	Colwellia marinimaniae	EU599214	1507	7535	Colwelliaceae	Colwellia asteriadis	6565.0	1423	36	48	1355	0.9855	0.9227
AB971664	1423	7115	Colwelliaceae	Colwellia marinimaniae	KT153611	1463	7315	Colwelliaceae	Thalassotalea marina	6258.0	1423	51	65	1318	0.9705	0.8796
AB369380	1462	7310	Colwelliaceae	Thalassomonas actiniarum	DQ212914	1465	7325	Colwelliaceae	Thalassotalea agarivorans	6716.0	1461	49	46	1392	0.9837	0.9187
AB369380	1462	7310	Colwelliaceae	Thalassomonas actiniarum	DQ055844	1496	7474	Colwelliaceae	Colwellia aestuarii	6892.0	1462	29	28	1413	0.9854	0.9428
AB369380	1462	7310	Colwelliaceae	Thalassomonas actiniarum	LN849949	1506	7530	Colwelliaceae	Thalassotalea euphylliae	6707.0	1462	47	46	1391	0.9823	0.9175
AB369380	1462	7310	Colwelliaceae	Thalassomonas actiniarum	AY194066	1462	7310	Colwelliaceae	Thalassotalea ganghwensis	6783.0	1462	34	34	1401	0.9811	0.9279
AB369380	1462	7310	Colwelliaceae	Thalassomonas actiniarum	FJ347761	1406	7030	Colwelliaceae	Thalassotalea montiporae	6455.0	1408	37	39	1339	0.9781	0.9182
AB369380	1462	7310	Colwelliaceae	Thalassomonas actiniarum	DQ007434	1501	7505	Colwelliaceae	Colwellia polaris	6851.0	1462	31	34	1408	0.9860	0.9372
AB369380	1462	7310	Colwelliaceae	Thalassomonas actiniarum	HM237288	1465	7325	Colwelliaceae	Thalassotalea agariperforans	6785.0	1462	41	38	1401	0.9838	0.9282
AB369380	1462	7310	Colwelliaceae	Thalassomonas actiniarum	JQ288724	1465	7325	Colwelliaceae	Thalassotalea eurytherma	6760.0	1462	35	34	1398	0.9790	0.9248
AB369380	1462	7310	Colwelliaceae	Thalassomonas actiniarum	U85846	1486	7382	Colwelliaceae	Colwellia psychrotropica	6633.0	1462	45	42	1382	0.9732	0.9074
AB369380	1462	7310	Colwelliaceae	Thalassomonas actiniarum	U14581	1467	7317	Colwelliaceae	Colwellia rossensis	6738.0	1462	40	35	1395	0.9776	0.9218
AB369380	1462	7310	Colwelliaceae	Thalassomonas actiniarum	KT224448	1467	7335	Colwelliaceae	Thalassotalea sediminis	6727.0	1462	41	38	1395	0.9796	0.9202
AB369380	1462	7310	Colwelliaceae	Thalassomonas actiniarum	AJ294747	1534	7670	Colwelliaceae	Thalassomonas viridans	7138.0	1462	12	12	1442	0.9945	0.9765
AB369380	1462	7310	Colwelliaceae	Thalassomonas actiniarum	AB369381	1465	7289	Colwelliaceae	Thalassomonas haliotis	7082.0	1462	16	13	1433	0.9890	0.9716
AB369380	1462	7310	Colwelliaceae	Thalassomonas actiniarum	JX412957	1505	7525	Colwelliaceae	Thalassotalea piscium	6713.0	1462	53	50	1392	0.9858	0.9183
AB369380	1462	7310	Colwelliaceae	Thalassomonas actiniarum	KF484399	1463	7315	Colwelliaceae	Thalassotalea fusca	6781.0	1462	41	40	1400	0.9845	0.9276
AB369380	1462	7310	Colwelliaceae	Thalassomonas actiniarum	KF193862	1496	7480	Colwelliaceae	Colwellia meonggei	6851.0	1462	28	27	1409	0.9819	0.9372
AB369380	1462	7310	Colwelliaceae	Thalassomonas actiniarum	EU599214	1507	7535	Colwelliaceae	Colwellia asteriadis	6895.0	1462	35	32	1414	0.9888	0.9432
AB369380	1462	7310	Colwelliaceae	Thalassomonas actiniarum	KT153611	1463	7315	Colwelliaceae	Thalassotalea marina	6619.0	1462	46	45	1381	0.9746	0.9055
DQ212914	1465	7325	Colwelliaceae	Thalassotalea agarivorans	DQ055844	1496	7474	Colwelliaceae	Colwellia aestuarii	6682.0	1465	51	53	1388	0.9830	0.9122
DQ212914	1465	7325	Colwelliaceae	Thalassotalea agarivorans	LN849949	1506	7530	Colwelliaceae	Thalassotalea euphylliae	6855.0	1465	30	32	1409	0.9833	0.9358
DQ212914	1465	7325	Colwelliaceae	Thalassotalea agarivorans	AY194066	1462	7310	Colwelliaceae	Thalassotalea ganghwensis	6811.0	1464	27	30	1405	0.9798	0.9317
DQ212914	1465	7325	Colwelliaceae	Thalassotalea agarivorans	FJ347761	1406	7030	Colwelliaceae	Thalassotalea montiporae	6612.0	1410	23	27	1358	0.9819	0.9405
DQ212914	1465	7325	Colwelliaceae	Thalassotalea agarivorans	DQ007434	1501	7505	Colwelliaceae	Colwellia polaris	6630.0	1465	55	61	1381	0.9836	0.9051
DQ212914	1465	7325	Colwelliaceae	Thalassotalea agarivorans	HM237288	1465	7325	Colwelliaceae	Thalassotalea agariperforans	6939.0	1464	32	32	1419	0.9909	0.9473
DQ212914	1465	7325	Colwelliaceae	Thalassotalea agarivorans	JQ288724	1465	7325	Colwelliaceae	Thalassotalea eurytherma	6835.0	1465	33	35	1407	0.9839	0.9331
DQ212914	1465	7325	Colwelliaceae	Thalassotalea agarivorans	U85846	1486	7382	Colwelliaceae	Colwellia psychrotropica	6589.0	1465	33	33	1379	0.9630	0.8995
DQ212914	1465	7325	Colwelliaceae	Thalassotalea agarivorans	U14581	1467	7317	Colwelliaceae	Colwellia rossensis	6618.0	1464	40	38	1382	0.9691	0.9045
DQ212914	1465	7325	Colwelliaceae	Thalassotalea agarivorans	KT224448	1467	7335	Colwelliaceae	Thalassotalea sediminis	6873.0	1465	27	27	1413	0.9826	0.9383
DQ212914	1465	7325	Colwelliaceae	Thalassotalea agarivorans	AJ294747	1534	7670	Colwelliaceae	Thalassomonas viridans	6763.0	1465	41	44	1398	0.9838	0.9233
DQ212914	1465	7325	Colwelliaceae	Thalassotalea agarivorans	AB369381	1465	7289	Colwelliaceae	Thalassomonas haliotis	6715.0	1464	48	48	1391	0.9823	0.9213
DQ212914	1465	7325	Colwelliaceae	Thalassotalea agarivorans	JX412957	1505	7525	Colwelliaceae	Thalassotalea piscium	6874.0	1465	31	31	1413	0.9854	0.9384
DQ212914	1465	7325	Colwelliaceae	Thalassotalea agarivorans	KF484399	1463	7315	Colwelliaceae	Thalassotalea fusca	6918.0	1464	18	20	1418	0.9820	0.9457
DQ212914	1465	7325	Colwelliaceae	Thalassotalea agarivorans	KF193862	1496	7480	Colwelliaceae	Colwellia meonggei	6788.0	1465	35	37	1402	0.9818	0.9267
DQ212914	1465	7325	Colwelliaceae	Thalassotalea agarivorans	EU599214	1507	7535	Colwelliaceae	Colwellia asteriadis	6648.0	1465	51	51	1385	0.9795	0.9076
DQ212914	1465	7325	Colwelliaceae	Thalassotalea agarivorans	KT153611	1463	7315	Colwelliaceae	Thalassotalea marina	6813.0	1464	28	30	1405	0.9798	0.9314
DQ055844	1496	7474	Colwelliaceae	Colwellia aestuarii	LN849949	1506	7530	Colwelliaceae	Thalassotalea euphylliae	6884.0	1496	39	39	1426	0.9787	0.9211
DQ055844	1496	7474	Colwelliaceae	Colwellia aestuarii	AY194066	1462	7310	Colwelliaceae	Thalassotalea ganghwensis	6744.0	1463	37	38	1396	0.9796	0.9226
DQ055844	1496	7474	Colwelliaceae	Colwellia aestuarii	FJ347761	1406	7030	Colwelliaceae	Thalassotalea montiporae	6377.0	1410	41	45	1330	0.9744	0.9071
DQ055844	1496	7474	Colwelliaceae	Colwellia aestuarii	DQ007434	1501	7505	Colwelliaceae	Colwellia polaris	7183.0	1494	13	26	1457	0.9925	0.9611
DQ055844	1496	7474	Colwelliaceae	Colwellia aestuarii	HM237288	1465	7325	Colwelliaceae	Thalassotalea agariperforans	6729.0	1463	46	44	1394	0.9824	0.9186
DQ055844	1496	7474	Colwelliaceae	Colwellia aestuarii	JQ288724	1465	7325	Colwelliaceae	Thalassotalea eurytherma	6779.0	1465	40	40	1401	0.9832	0.9255
DQ055844	1496	7474	Colwelliaceae	Colwellia aestuarii	U85846	1486	7382	Colwelliaceae	Colwellia psychrotropica	6744.0	1484	28	26	1405	0.9636	0.9136
DQ055844	1496	7474	Colwelliaceae	Colwellia aestuarii	U14581	1467	7317	Colwelliaceae	Colwellia rossensis	6760.0	1463	30	26	1398	0.9729	0.9239
DQ055844	1496	7474	Colwelliaceae	Colwellia aestuarii	KT224448	1467	7335	Colwelliaceae	Thalassotalea sediminis	6743.0	1465	37	35	1398	0.9776	0.9193
DQ055844	1496	7474	Colwelliaceae	Colwellia aestuarii	AJ294747	1534	7670	Colwelliaceae	Thalassomonas viridans	7071.0	1496	30	30	1448	0.9877	0.9461
DQ055844	1496	7474	Colwelliaceae	Colwellia aestuarii	AB369381	1465	7289	Colwelliaceae	Thalassomonas haliotis	6877.0	1463	31	29	1409	0.9826	0.9435
DQ055844	1496	7474	Colwelliaceae	Colwellia aestuarii	JX412957	1505	7525	Colwelliaceae	Thalassotalea piscium	6774.0	1485	51	51	1408	0.9819	0.9063
DQ055844	1496	7474	Colwelliaceae	Colwellia aestuarii	KF484399	1463	7315	Colwelliaceae	Thalassotalea fusca	6787.0	1463	38	38	1401	0.9832	0.9278
DQ055844	1496	7474	Colwelliaceae	Colwellia aestuarii	KF193862	1496	7480	Colwelliaceae	Colwellia meonggei	7180.0	1496	25	25	1460	0.9925	0.9607
DQ055844	1496	7474	Colwelliaceae	Colwellia aestuarii	EU599214	1507	7535	Colwelliaceae	Colwellia asteriadis	7077.0	1485	20	18	1445	0.9850	0.9469
DQ055844	1496	7474	Colwelliaceae	Colwellia aestuarii	KT153611	1463	7315	Colwelliaceae	Thalassotalea marina	6634.0	1463	48	48	1383	0.9774	0.9069
LN849949	1506	7530	Colwelliaceae	Thalassotalea euphylliae	AY194066	1462	7310	Colwelliaceae	Thalassotalea ganghwensis	6918.0	1463	22	23	1417	0.9840	0.9464
LN849949	1506	7530	Colwelliaceae	Thalassotalea euphylliae	FJ347761	1406	7030	Colwelliaceae	Thalassotalea montiporae	6852.0	1410	11	15	1386	0.9935	0.9747
LN849949	1506	7530	Colwelliaceae	Thalassotalea euphylliae	DQ007434	1501	7505	Colwelliaceae	Colwellia polaris	6771.0	1503	45	58	1412	0.9772	0.9022
LN849949	1506	7530	Colwelliaceae	Thalassotalea euphylliae	HM237288	1465	7325	Colwelliaceae	Thalassotalea agariperforans	6760.0	1463	43	41	1398	0.9831	0.9229
LN849949	1506	7530	Colwelliaceae	Thalassotalea euphylliae	JQ288724	1465	7325	Colwelliaceae	Thalassotalea eurytherma	6774.0	1465	44	44	1399	0.9845	0.9248
LN849949	1506	7530	Colwelliaceae	Thalassotalea euphylliae	U85846	1486	7382	Colwelliaceae	Colwellia psychrotropica	6672.0	1484	42	40	1396	0.9668	0.9038
LN849949	1506	7530	Colwelliaceae	Thalassotalea euphylliae	U14581	1467	7317	Colwelliaceae	Colwellia rossensis	6605.0	1463	47	43	1379	0.9711	0.9027
LN849949	1506	7530	Colwelliaceae	Thalassotalea euphylliae	KT224448	1467	7335	Colwelliaceae	Thalassotalea sediminis	6866.0	1465	31	29	1412	0.9833	0.9361
LN849949	1506	7530	Colwelliaceae	Thalassotalea euphylliae	AJ294747	1534	7670	Colwelliaceae	Thalassomonas viridans	6969.0	1505	43	43	1439	0.9843	0.9255
LN849949	1506	7530	Colwelliaceae	Thalassotalea euphylliae	AB369381	1465	7289	Colwelliaceae	Thalassomonas haliotis	6654.0	1463	50	48	1383	0.9774	0.9129
LN849949	1506	7530	Colwelliaceae	Thalassotalea euphylliae	JX412957	1505	7525	Colwelliaceae	Thalassotalea piscium	6893.0	1494	47	47	1426	0.9855	0.9160
LN849949	1506	7530	Colwelliaceae	Thalassotalea euphylliae	KF484399	1463	7315	Colwelliaceae	Thalassotalea fusca	6927.0	1463	31	31	1417	0.9895	0.9470
LN849949	1506	7530	Colwelliaceae	Thalassotalea euphylliae	KF193862	1496	7480	Colwelliaceae	Colwellia meonggei	6871.0	1496	38	38	1425	0.9774	0.9186
LN849949	1506	7530	Colwelliaceae	Thalassotalea euphylliae	EU599214	1507	7535	Colwelliaceae	Colwellia asteriadis	6837.0	1494	42	39	1421	0.9766	0.9080
LN849949	1506	7530	Colwelliaceae	Thalassotalea euphylliae	KT153611	1463	7315	Colwelliaceae	Thalassotalea marina	6839.0	1463	31	31	1407	0.9825	0.9349
AY194066	1462	7310	Colwelliaceae	Thalassotalea ganghwensis	FJ347761	1406	7030	Colwelliaceae	Thalassotalea montiporae	6695.0	1409	13	16	1368	0.9821	0.9523
AY194066	1462	7310	Colwelliaceae	Thalassotalea ganghwensis	DQ007434	1501	7505	Colwelliaceae	Colwellia polaris	6715.0	1462	37	40	1392	0.9789	0.9186
AY194066	1462	7310	Colwelliaceae	Thalassotalea ganghwensis	HM237288	1465	7325	Colwelliaceae	Thalassotalea agariperforans	6864.0	1462	34	31	1411	0.9860	0.9390
AY194066	1462	7310	Colwelliaceae	Thalassotalea ganghwensis	JQ288724	1465	7325	Colwelliaceae	Thalassotalea eurytherma	6845.0	1462	31	30	1408	0.9832	0.9364
AY194066	1462	7310	Colwelliaceae	Thalassotalea ganghwensis	U85846	1486	7382	Colwelliaceae	Colwellia psychrotropica	6569.0	1462	39	36	1376	0.9649	0.8986
AY194066	1462	7310	Colwelliaceae	Thalassotalea ganghwensis	U14581	1467	7317	Colwelliaceae	Colwellia rossensis	6654.0	1462	42	37	1386	0.9726	0.9103
AY194066	1462	7310	Colwelliaceae	Thalassotalea ganghwensis	KT224448	1467	7335	Colwelliaceae	Thalassotalea sediminis	6928.0	1462	20	17	1419	0.9820	0.9477
AY194066	1462	7310	Colwelliaceae	Thalassotalea ganghwensis	AJ294747	1534	7670	Colwelliaceae	Thalassomonas viridans	6794.0	1462	33	33	1402	0.9811	0.9294
AY194066	1462	7310	Colwelliaceae	Thalassotalea ganghwensis	AB369381	1465	7289	Colwelliaceae	Thalassomonas haliotis	6773.0	1462	37	34	1399	0.9797	0.9292
AY194066	1462	7310	Colwelliaceae	Thalassotalea ganghwensis	JX412957	1505	7525	Colwelliaceae	Thalassotalea piscium	6905.0	1462	34	31	1416	0.9895	0.9446
AY194066	1462	7310	Colwelliaceae	Thalassotalea ganghwensis	KF484399	1463	7315	Colwelliaceae	Thalassotalea fusca	7016.0	1462	23	22	1428	0.9917	0.9598
AY194066	1462	7310	Colwelliaceae	Thalassotalea ganghwensis	KF193862	1496	7480	Colwelliaceae	Colwellia meonggei	6807.0	1462	28	27	1405	0.9791	0.9312
AY194066	1462	7310	Colwelliaceae	Thalassotalea ganghwensis	EU599214	1507	7535	Colwelliaceae	Colwellia asteriadis	6740.0	1462	37	34	1397	0.9783	0.9220
AY194066	1462	7310	Colwelliaceae	Thalassotalea ganghwensis	KT153611	1463	7315	Colwelliaceae	Thalassotalea marina	6872.0	1462	30	29	1411	0.9846	0.9401
FJ347761	1406	7030	Colwelliaceae	Thalassotalea montiporae	DQ007434	1501	7505	Colwelliaceae	Colwellia polaris	6335.0	1406	49	49	1324	0.9757	0.9011
FJ347761	1406	7030	Colwelliaceae	Thalassotalea montiporae	HM237288	1465	7325	Colwelliaceae	Thalassotalea agariperforans	6527.0	1405	36	34	1347	0.9825	0.9284
FJ347761	1406	7030	Colwelliaceae	Thalassotalea montiporae	JQ288724	1465	7325	Colwelliaceae	Thalassotalea eurytherma	6548.0	1406	37	33	1350	0.9832	0.9314
FJ347761	1406	7030	Colwelliaceae	Thalassotalea montiporae	U85846	1486	7382	Colwelliaceae	Colwellia psychrotropica	6286.0	1406	42	37	1319	0.9635	0.8942
FJ347761	1406	7030	Colwelliaceae	Thalassotalea montiporae	U14581	1467	7317	Colwelliaceae	Colwellia rossensis	6340.0	1406	48	41	1325	0.9707	0.9018
FJ347761	1406	7030	Colwelliaceae	Thalassotalea montiporae	KT224448	1467	7335	Colwelliaceae	Thalassotalea sediminis	6586.0	1406	37	32	1354	0.9854	0.9368
FJ347761	1406	7030	Colwelliaceae	Thalassotalea montiporae	AJ294747	1534	7670	Colwelliaceae	Thalassomonas viridans	6502.0	1406	39	37	1344	0.9817	0.9249
FJ347761	1406	7030	Colwelliaceae	Thalassotalea montiporae	AB369381	1465	7289	Colwelliaceae	Thalassomonas haliotis	6434.0	1404	57	32	1337	0.9745	0.9152
FJ347761	1406	7030	Colwelliaceae	Thalassotalea montiporae	JX412957	1505	7525	Colwelliaceae	Thalassotalea piscium	6541.0	1406	42	36	1350	0.9854	0.9304
FJ347761	1406	7030	Colwelliaceae	Thalassotalea montiporae	KF484399	1463	7315	Colwelliaceae	Thalassotalea fusca	6665.0	1406	26	22	1364	0.9855	0.9481
FJ347761	1406	7030	Colwelliaceae	Thalassotalea montiporae	KF193862	1496	7480	Colwelliaceae	Colwellia meonggei	6434.0	1406	36	32	1338	0.9738	0.9152
FJ347761	1406	7030	Colwelliaceae	Thalassotalea montiporae	EU599214	1507	7535	Colwelliaceae	Colwellia asteriadis	6428.0	1405	36	34	1336	0.9745	0.9144
FJ347761	1406	7030	Colwelliaceae	Thalassotalea montiporae	KT153611	1463	7315	Colwelliaceae	Thalassotalea marina	6617.0	1406	32	25	1359	0.9841	0.9413
DQ007434	1501	7505	Colwelliaceae	Colwellia polaris	HM237288	1465	7325	Colwelliaceae	Thalassotalea agariperforans	6701.0	1459	53	47	1390	0.9844	0.9148
DQ007434	1501	7505	Colwelliaceae	Colwellia polaris	JQ288724	1465	7325	Colwelliaceae	Thalassotalea eurytherma	6735.0	1461	49	45	1395	0.9852	0.9195
DQ007434	1501	7505	Colwelliaceae	Colwellia polaris	U85846	1486	7382	Colwelliaceae	Colwellia psychrotropica	6708.0	1478	37	31	1399	0.9668	0.9087
DQ007434	1501	7505	Colwelliaceae	Colwellia polaris	U14581	1467	7317	Colwelliaceae	Colwellia rossensis	6771.0	1459	34	26	1399	0.9763	0.9254
DQ007434	1501	7505	Colwelliaceae	Colwellia polaris	KT224448	1467	7335	Colwelliaceae	Thalassotalea sediminis	6712.0	1461	44	38	1393	0.9789	0.9151
DQ007434	1501	7505	Colwelliaceae	Colwellia polaris	AJ294747	1534	7670	Colwelliaceae	Thalassomonas viridans	7075.0	1501	40	28	1453	0.9864	0.9427
DQ007434	1501	7505	Colwelliaceae	Colwellia polaris	AB369381	1465	7289	Colwelliaceae	Thalassomonas haliotis	6831.0	1459	35	29	1403	0.9811	0.9372
DQ007434	1501	7505	Colwelliaceae	Colwellia polaris	JX412957	1505	7525	Colwelliaceae	Thalassotalea piscium	6844.0	1499	51	45	1424	0.9794	0.9119
DQ007434	1501	7505	Colwelliaceae	Colwellia polaris	KF484399	1463	7315	Colwelliaceae	Thalassotalea fusca	6738.0	1459	41	37	1395	0.9810	0.9211
DQ007434	1501	7505	Colwelliaceae	Colwellia polaris	KF193862	1496	7480	Colwelliaceae	Colwellia meonggei	7098.0	1481	36	23	1447	0.9925	0.9489
DQ007434	1501	7505	Colwelliaceae	Colwellia polaris	EU599214	1507	7535	Colwelliaceae	Colwellia asteriadis	7175.0	1499	21	13	1464	0.9852	0.9560
DQ007434	1501	7505	Colwelliaceae	Colwellia polaris	KT153611	1463	7315	Colwelliaceae	Thalassotalea marina	6628.0	1459	45	41	1382	0.9746	0.9061
HM237288	1465	7325	Colwelliaceae	Thalassotalea agariperforans	JQ288724	1465	7325	Colwelliaceae	Thalassotalea eurytherma	6809.0	1465	41	43	1403	0.9866	0.9296
HM237288	1465	7325	Colwelliaceae	Thalassotalea agariperforans	U85846	1486	7382	Colwelliaceae	Colwellia psychrotropica	6638.0	1465	31	31	1384	0.9651	0.9062
HM237288	1465	7325	Colwelliaceae	Thalassotalea agariperforans	U14581	1467	7317	Colwelliaceae	Colwellia rossensis	6750.0	1465	35	33	1397	0.9756	0.9225
HM237288	1465	7325	Colwelliaceae	Thalassotalea agariperforans	KT224448	1467	7335	Colwelliaceae	Thalassotalea sediminis	6952.0	1465	21	21	1422	0.9848	0.9491
HM237288	1465	7325	Colwelliaceae	Thalassotalea agariperforans	AJ294747	1534	7670	Colwelliaceae	Thalassomonas viridans	6785.0	1465	36	39	1401	0.9825	0.9263
HM237288	1465	7325	Colwelliaceae	Thalassotalea agariperforans	AB369381	1465	7289	Colwelliaceae	Thalassomonas haliotis	6796.0	1465	40	40	1401	0.9832	0.9324
HM237288	1465	7325	Colwelliaceae	Thalassotalea agariperforans	JX412957	1505	7525	Colwelliaceae	Thalassotalea piscium	6977.0	1465	25	25	1424	0.9889	0.9525
HM237288	1465	7325	Colwelliaceae	Thalassotalea agariperforans	KF484399	1463	7315	Colwelliaceae	Thalassotalea fusca	6890.0	1465	24	26	1414	0.9826	0.9419
HM237288	1465	7325	Colwelliaceae	Thalassotalea agariperforans	KF193862	1496	7480	Colwelliaceae	Colwellia meonggei	6816.0	1465	35	37	1405	0.9839	0.9305
HM237288	1465	7325	Colwelliaceae	Thalassotalea agariperforans	EU599214	1507	7535	Colwelliaceae	Colwellia asteriadis	6739.0	1465	37	37	1397	0.9783	0.9200
HM237288	1465	7325	Colwelliaceae	Thalassotalea agariperforans	KT153611	1463	7315	Colwelliaceae	Thalassotalea marina	6781.0	1465	37	39	1400	0.9818	0.9270
JQ288724	1465	7325	Colwelliaceae	Thalassotalea eurytherma	U85846	1486	7382	Colwelliaceae	Colwellia psychrotropica	6612.0	1465	42	40	1381	0.9691	0.9027
JQ288724	1465	7325	Colwelliaceae	Thalassotalea eurytherma	U14581	1467	7317	Colwelliaceae	Colwellia rossensis	6711.0	1463	35	31	1393	0.9728	0.9172
JQ288724	1465	7325	Colwelliaceae	Thalassotalea eurytherma	KT224448	1467	7335	Colwelliaceae	Thalassotalea sediminis	6843.0	1465	36	34	1409	0.9846	0.9342
JQ288724	1465	7325	Colwelliaceae	Thalassotalea eurytherma	AJ294747	1534	7670	Colwelliaceae	Thalassomonas viridans	6713.0	1465	40	41	1393	0.9782	0.9165
JQ288724	1465	7325	Colwelliaceae	Thalassotalea eurytherma	AB369381	1465	7289	Colwelliaceae	Thalassomonas haliotis	6750.0	1463	40	38	1394	0.9782	0.9261
JQ288724	1465	7325	Colwelliaceae	Thalassotalea eurytherma	JX412957	1505	7525	Colwelliaceae	Thalassotalea piscium	6883.0	1465	32	30	1414	0.9854	0.9397
JQ288724	1465	7325	Colwelliaceae	Thalassotalea eurytherma	KF484399	1463	7315	Colwelliaceae	Thalassotalea fusca	6827.0	1463	33	33	1406	0.9832	0.9333
JQ288724	1465	7325	Colwelliaceae	Thalassotalea eurytherma	KF193862	1496	7480	Colwelliaceae	Colwellia meonggei	6758.0	1465	36	36	1399	0.9790	0.9226
JQ288724	1465	7325	Colwelliaceae	Thalassotalea eurytherma	EU599214	1507	7535	Colwelliaceae	Colwellia asteriadis	6756.0	1465	42	40	1399	0.9818	0.9223
JQ288724	1465	7325	Colwelliaceae	Thalassotalea eurytherma	KT153611	1463	7315	Colwelliaceae	Thalassotalea marina	6760.0	1463	41	41	1397	0.9824	0.9241
U85846	1486	7382	Colwelliaceae	Colwellia psychrotropica	U14581	1467	7317	Colwelliaceae	Colwellia rossensis	7010.0	1465	11	9	1428	0.9808	0.9580
U85846	1486	7382	Colwelliaceae	Colwellia psychrotropica	KT224448	1467	7335	Colwelliaceae	Thalassotalea sediminis	6617.0	1467	35	35	1383	0.9658	0.9021
U85846	1486	7382	Colwelliaceae	Colwellia psychrotropica	AJ294747	1534	7670	Colwelliaceae	Thalassomonas viridans	6736.0	1486	42	45	1403	0.9736	0.9125
U85846	1486	7382	Colwelliaceae	Colwellia psychrotropica	AB369381	1465	7289	Colwelliaceae	Thalassomonas haliotis	6623.0	1465	44	44	1379	0.9704	0.9086
U85846	1486	7382	Colwelliaceae	Colwellia psychrotropica	JX412957	1505	7525	Colwelliaceae	Thalassotalea piscium	6773.0	1484	31	31	1408	0.9690	0.9175
U85846	1486	7382	Colwelliaceae	Colwellia psychrotropica	KF484399	1463	7315	Colwelliaceae	Thalassotalea fusca	6622.0	1465	29	31	1383	0.9644	0.9053
U85846	1486	7382	Colwelliaceae	Colwellia psychrotropica	KF193862	1496	7480	Colwelliaceae	Colwellia meonggei	6724.0	1486	37	39	1402	0.9689	0.9109
U85846	1486	7382	Colwelliaceae	Colwellia psychrotropica	EU599214	1507	7535	Colwelliaceae	Colwellia asteriadis	6867.0	1486	29	29	1419	0.9739	0.9302
U85846	1486	7382	Colwelliaceae	Colwellia psychrotropica	KT153611	1463	7315	Colwelliaceae	Thalassotalea marina	6528.0	1465	44	46	1370	0.9655	0.8924
U14581	1467	7317	Colwelliaceae	Colwellia rossensis	KT224448	1467	7335	Colwelliaceae	Thalassotalea sediminis	6689.0	1467	31	33	1391	0.9700	0.9142
U14581	1467	7317	Colwelliaceae	Colwellia rossensis	AJ294747	1534	7670	Colwelliaceae	Thalassomonas viridans	6736.0	1467	35	40	1395	0.9776	0.9206
U14581	1467	7317	Colwelliaceae	Colwellia rossensis	AB369381	1465	7289	Colwelliaceae	Thalassomonas haliotis	6745.0	1467	37	39	1393	0.9755	0.9254
U14581	1467	7317	Colwelliaceae	Colwellia rossensis	JX412957	1505	7525	Colwelliaceae	Thalassotalea piscium	6745.0	1467	31	33	1397	0.9742	0.9218
U14581	1467	7317	Colwelliaceae	Colwellia rossensis	KF484399	1463	7315	Colwelliaceae	Thalassotalea fusca	6670.0	1467	37	41	1388	0.9734	0.9118
U14581	1467	7317	Colwelliaceae	Colwellia rossensis	KF193862	1496	7480	Colwelliaceae	Colwellia meonggei	6738.0	1467	36	40	1395	0.9776	0.9209
U14581	1467	7317	Colwelliaceae	Colwellia rossensis	EU599214	1507	7535	Colwelliaceae	Colwellia asteriadis	6913.0	1467	22	24	1416	0.9813	0.9448
U14581	1467	7317	Colwelliaceae	Colwellia rossensis	KT153611	1463	7315	Colwelliaceae	Thalassotalea marina	6641.0	1467	37	41	1384	0.9705	0.9079
KT224448	1467	7335	Colwelliaceae	Thalassotalea sediminis	AJ294747	1534	7670	Colwelliaceae	Thalassomonas viridans	6748.0	1467	38	41	1398	0.9804	0.9200
KT224448	1467	7335	Colwelliaceae	Thalassotalea sediminis	AB369381	1465	7289	Colwelliaceae	Thalassomonas haliotis	6724.0	1465	42	42	1393	0.9789	0.9225
KT224448	1467	7335	Colwelliaceae	Thalassotalea sediminis	JX412957	1505	7525	Colwelliaceae	Thalassotalea piscium	6911.0	1467	28	28	1418	0.9854	0.9422
KT224448	1467	7335	Colwelliaceae	Thalassotalea sediminis	KF484399	1463	7315	Colwelliaceae	Thalassotalea fusca	6911.0	1465	26	28	1417	0.9861	0.9448
KT224448	1467	7335	Colwelliaceae	Thalassotalea sediminis	KF193862	1496	7480	Colwelliaceae	Colwellia meonggei	6826.0	1467	33	35	1408	0.9832	0.9306
KT224448	1467	7335	Colwelliaceae	Thalassotalea sediminis	EU599214	1507	7535	Colwelliaceae	Colwellia asteriadis	6763.0	1467	33	33	1401	0.9770	0.9220
KT224448	1467	7335	Colwelliaceae	Thalassotalea sediminis	KT153611	1463	7315	Colwelliaceae	Thalassotalea marina	6897.0	1465	27	29	1415	0.9854	0.9429
AJ294747	1534	7670	Colwelliaceae	Thalassomonas viridans	AB369381	1465	7289	Colwelliaceae	Thalassomonas haliotis	7011.0	1462	23	20	1425	0.9882	0.9619
AJ294747	1534	7670	Colwelliaceae	Thalassomonas viridans	JX412957	1505	7525	Colwelliaceae	Thalassotalea piscium	6884.0	1504	57	56	1429	0.9869	0.9148
AJ294747	1534	7670	Colwelliaceae	Thalassomonas viridans	KF484399	1463	7315	Colwelliaceae	Thalassotalea fusca	6839.0	1462	35	34	1407	0.9853	0.9349
AJ294747	1534	7670	Colwelliaceae	Thalassomonas viridans	KF193862	1496	7480	Colwelliaceae	Colwellia meonggei	7058.0	1496	27	27	1447	0.9850	0.9436
AJ294747	1534	7670	Colwelliaceae	Thalassomonas viridans	EU599214	1507	7535	Colwelliaceae	Colwellia asteriadis	7060.0	1504	34	31	1451	0.9851	0.9370
AJ294747	1534	7670	Colwelliaceae	Thalassomonas viridans	KT153611	1463	7315	Colwelliaceae	Thalassotalea marina	6665.0	1462	46	45	1386	0.9781	0.9111
AB369381	1465	7289	Colwelliaceae	Thalassomonas haliotis	JX412957	1505	7525	Colwelliaceae	Thalassotalea piscium	6771.0	1465	44	44	1399	0.9845	0.9289
AB369381	1465	7289	Colwelliaceae	Thalassomonas haliotis	KF484399	1463	7315	Colwelliaceae	Thalassotalea fusca	6781.0	1465	39	41	1399	0.9824	0.9303
AB369381	1465	7289	Colwelliaceae	Thalassomonas haliotis	KF193862	1496	7480	Colwelliaceae	Colwellia meonggei	6814.0	1465	30	32	1403	0.9791	0.9348
AB369381	1465	7289	Colwelliaceae	Thalassomonas haliotis	EU599214	1507	7535	Colwelliaceae	Colwellia asteriadis	6868.0	1465	29	29	1409	0.9812	0.9422
AB369381	1465	7289	Colwelliaceae	Thalassomonas haliotis	KT153611	1463	7315	Colwelliaceae	Thalassotalea marina	6756.0	1465	32	34	1397	0.9762	0.9269
JX412957	1505	7525	Colwelliaceae	Thalassotalea piscium	KF484399	1463	7315	Colwelliaceae	Thalassotalea fusca	6929.0	1465	24	26	1419	0.9861	0.9472
JX412957	1505	7525	Colwelliaceae	Thalassotalea piscium	KF193862	1496	7480	Colwelliaceae	Colwellia meonggei	6912.0	1485	36	36	1425	0.9834	0.9241
JX412957	1505	7525	Colwelliaceae	Thalassotalea piscium	EU599214	1507	7535	Colwelliaceae	Colwellia asteriadis	6897.0	1505	48	46	1432	0.9815	0.9165
JX412957	1505	7525	Colwelliaceae	Thalassotalea piscium	KT153611	1463	7315	Colwelliaceae	Thalassotalea marina	6828.0	1465	35	37	1406	0.9846	0.9334
KF484399	1463	7315	Colwelliaceae	Thalassotalea fusca	KF193862	1496	7480	Colwelliaceae	Colwellia meonggei	6906.0	1463	25	25	1416	0.9847	0.9441
KF484399	1463	7315	Colwelliaceae	Thalassotalea fusca	EU599214	1507	7535	Colwelliaceae	Colwellia asteriadis	6771.0	1463	42	40	1400	0.9838	0.9256
KF484399	1463	7315	Colwelliaceae	Thalassotalea fusca	KT153611	1463	7315	Colwelliaceae	Thalassotalea marina	6912.0	1463	26	26	1416	0.9854	0.9449
KF193862	1496	7480	Colwelliaceae	Colwellia meonggei	EU599214	1507	7535	Colwelliaceae	Colwellia asteriadis	6990.0	1485	26	24	1435	0.9822	0.9345
KF193862	1496	7480	Colwelliaceae	Colwellia meonggei	KT153611	1463	7315	Colwelliaceae	Thalassotalea marina	6752.0	1463	32	32	1398	0.9769	0.9230
EU599214	1507	7535	Colwelliaceae	Colwellia asteriadis	KT153611	1463	7315	Colwelliaceae	Thalassotalea marina	6690.0	1465	36	38	1391	0.9748	0.9146
