LC025527	1472	7360	Cryptosporangiaceae	Cryptosporangium cibodasense	AB531472	1457	7285	Cryptosporangiaceae	Cryptosporangium mongoliense	7066.0	1459	6	8	1433	0.9876	0.9699
LC025527	1472	7360	Cryptosporangiaceae	Cryptosporangium cibodasense	D85466	1470	7350	Cryptosporangiaceae	Cryptosporangium japonicum	7298.0	1472	6	8	1464	1.0000	0.9929
LC025527	1472	7360	Cryptosporangiaceae	Cryptosporangium cibodasense	EF490376	1441	7199	Cryptosporangiaceae	Fodinicola feengrottensis	6634.0	1442	32	33	1374	0.9752	0.9215
LC025527	1472	7360	Cryptosporangiaceae	Cryptosporangium cibodasense	D85465	1465	7313	Cryptosporangiaceae	Cryptosporangium arvum	7183.0	1472	6	13	1450	0.9938	0.9822
LC025527	1472	7360	Cryptosporangiaceae	Cryptosporangium cibodasense	AB037007	1470	7350	Cryptosporangiaceae	Cryptosporangium minutisporangium	7243.0	1472	6	8	1458	0.9959	0.9854
LC025527	1472	7360	Cryptosporangiaceae	Cryptosporangium cibodasense	AJ293746	1440	7200	Cryptosporangiaceae	Cryptosporangium aurantiacum	6960.0	1421	10	11	1404	0.9957	0.9667
AB531472	1457	7285	Cryptosporangiaceae	Cryptosporangium mongoliense	D85466	1470	7350	Cryptosporangiaceae	Cryptosporangium japonicum	7040.0	1457	10	10	1429	0.9876	0.9664
AB531472	1457	7285	Cryptosporangiaceae	Cryptosporangium mongoliense	EF490376	1441	7199	Cryptosporangiaceae	Fodinicola feengrottensis	6526.0	1439	41	40	1360	0.9721	0.9065
AB531472	1457	7285	Cryptosporangiaceae	Cryptosporangium mongoliense	D85465	1465	7313	Cryptosporangiaceae	Cryptosporangium arvum	6978.0	1457	9	14	1421	0.9848	0.9579
AB531472	1457	7285	Cryptosporangiaceae	Cryptosporangium mongoliense	AB037007	1470	7350	Cryptosporangiaceae	Cryptosporangium minutisporangium	7063.0	1457	7	7	1432	0.9876	0.9695
AB531472	1457	7285	Cryptosporangiaceae	Cryptosporangium mongoliense	AJ293746	1440	7200	Cryptosporangiaceae	Cryptosporangium aurantiacum	6791.0	1409	10	9	1380	0.9857	0.9432
D85466	1470	7350	Cryptosporangiaceae	Cryptosporangium japonicum	EF490376	1441	7199	Cryptosporangiaceae	Fodinicola feengrottensis	6638.0	1440	30	29	1374	0.9738	0.9221
D85466	1470	7350	Cryptosporangiaceae	Cryptosporangium japonicum	D85465	1465	7313	Cryptosporangiaceae	Cryptosporangium arvum	7168.0	1470	10	15	1447	0.9945	0.9802
D85466	1470	7350	Cryptosporangiaceae	Cryptosporangium japonicum	AB037007	1470	7350	Cryptosporangiaceae	Cryptosporangium minutisporangium	7264.0	1470	4	4	1460	0.9959	0.9883
D85466	1470	7350	Cryptosporangiaceae	Cryptosporangium japonicum	AJ293746	1440	7200	Cryptosporangiaceae	Cryptosporangium aurantiacum	7012.0	1419	4	3	1410	0.9958	0.9739
EF490376	1441	7199	Cryptosporangiaceae	Fodinicola feengrottensis	D85465	1465	7313	Cryptosporangiaceae	Cryptosporangium arvum	6543.0	1441	32	38	1362	0.9708	0.9089
EF490376	1441	7199	Cryptosporangiaceae	Fodinicola feengrottensis	AB037007	1470	7350	Cryptosporangiaceae	Cryptosporangium minutisporangium	6646.0	1441	29	30	1375	0.9745	0.9232
EF490376	1441	7199	Cryptosporangiaceae	Fodinicola feengrottensis	AJ293746	1440	7200	Cryptosporangiaceae	Cryptosporangium aurantiacum	6490.0	1411	33	33	1344	0.9753	0.9015
D85465	1465	7313	Cryptosporangiaceae	Cryptosporangium arvum	AB037007	1470	7350	Cryptosporangiaceae	Cryptosporangium minutisporangium	7162.0	1465	10	5	1447	0.9911	0.9794
D85465	1465	7313	Cryptosporangiaceae	Cryptosporangium arvum	AJ293746	1440	7200	Cryptosporangiaceae	Cryptosporangium aurantiacum	6840.0	1414	19	13	1388	0.9907	0.9500
AB037007	1470	7350	Cryptosporangiaceae	Cryptosporangium minutisporangium	AJ293746	1440	7200	Cryptosporangiaceae	Cryptosporangium aurantiacum	6989.0	1419	7	6	1407	0.9958	0.9707
