KX430042	1526	7630	Cystobacteraceae	Vitiosangium cumulatum	AJ233908	1520	7600	Cystobacteraceae	Melittangium boletus	7263.0	1519	20	23	1479	0.9886	0.9557
KX430042	1526	7630	Cystobacteraceae	Vitiosangium cumulatum	DQ768107	1491	7455	Cystobacteraceae	Cystobacter armeniaca	7093.0	1492	18	19	1449	0.9837	0.9514
KX430042	1526	7630	Cystobacteraceae	Vitiosangium cumulatum	DQ768114	1489	7445	Cystobacteraceae	Archangium violaceum	7167.0	1492	17	20	1457	0.9898	0.9627
KX430042	1526	7630	Cystobacteraceae	Vitiosangium cumulatum	DQ768110	1491	7455	Cystobacteraceae	Cystobacter gracilis	7134.0	1492	26	27	1453	0.9918	0.9569
KX430042	1526	7630	Cystobacteraceae	Vitiosangium cumulatum	HE582769	1528	7634	Cystobacteraceae	Archangium disciforme	7252.0	1526	24	24	1481	0.9860	0.9505
KX430042	1526	7630	Cystobacteraceae	Vitiosangium cumulatum	DQ768106	1491	7455	Cystobacteraceae	Archangium gephyra	7208.0	1492	14	15	1462	0.9898	0.9669
KX430042	1526	7630	Cystobacteraceae	Vitiosangium cumulatum	DQ768129	1502	7510	Cystobacteraceae	Stigmatella hybrida	7076.0	1492	38	28	1448	0.9891	0.9422
KX430042	1526	7630	Cystobacteraceae	Vitiosangium cumulatum	AJ970180	1534	7670	Cystobacteraceae	Stigmatella erecta	7181.0	1526	40	35	1473	0.9879	0.9412
KX430042	1526	7630	Cystobacteraceae	Vitiosangium cumulatum	DQ768124	1491	7455	Cystobacteraceae	Hyalangium minutum	7100.0	1492	27	28	1449	0.9898	0.9524
KX430042	1526	7630	Cystobacteraceae	Vitiosangium cumulatum	DQ768108	1491	7455	Cystobacteraceae	Cystobacter badius	7153.0	1492	16	17	1456	0.9871	0.9595
KX430042	1526	7630	Cystobacteraceae	Vitiosangium cumulatum	DQ768112	1491	7455	Cystobacteraceae	Cystobacter ferrugineus	7162.0	1492	16	17	1457	0.9878	0.9607
KX430042	1526	7630	Cystobacteraceae	Vitiosangium cumulatum	DQ768126	1440	7200	Cystobacteraceae	Melittangium lichenicola	6858.0	1439	19	18	1400	0.9852	0.9525
KX430042	1526	7630	Cystobacteraceae	Vitiosangium cumulatum	DQ768115	1491	7455	Cystobacteraceae	Cystobacter velatus	7128.0	1492	18	19	1453	0.9864	0.9561
KX430042	1526	7630	Cystobacteraceae	Vitiosangium cumulatum	DQ768111	1491	7455	Cystobacteraceae	Cystobacter miniatus	7188.0	1492	15	16	1460	0.9892	0.9642
KX430042	1526	7630	Cystobacteraceae	Vitiosangium cumulatum	DQ768109	1491	7455	Cystobacteraceae	Cystobacter fuscus	7144.0	1492	16	17	1455	0.9864	0.9583
KX430042	1526	7630	Cystobacteraceae	Vitiosangium cumulatum	KX430041	1528	7640	Cystobacteraceae	Vitiosangium subalbum	7430.0	1521	11	7	1502	0.9921	0.9738
KX430042	1526	7630	Cystobacteraceae	Vitiosangium cumulatum	DQ768127	1502	7510	Cystobacteraceae	Stigmatella aurantiaca	7076.0	1492	38	28	1448	0.9891	0.9422
KX430042	1526	7630	Cystobacteraceae	Vitiosangium cumulatum	AJ233903	1499	7495	Cystobacteraceae	Archangium minus	7202.0	1497	20	18	1464	0.9899	0.9609
AJ233908	1520	7600	Cystobacteraceae	Melittangium boletus	DQ768107	1491	7455	Cystobacteraceae	Cystobacter armeniaca	7304.0	1491	2	2	1474	0.9899	0.9797
AJ233908	1520	7600	Cystobacteraceae	Melittangium boletus	DQ768114	1489	7445	Cystobacteraceae	Archangium violaceum	7213.0	1491	7	9	1463	0.9872	0.9688
AJ233908	1520	7600	Cystobacteraceae	Melittangium boletus	DQ768110	1491	7455	Cystobacteraceae	Cystobacter gracilis	7103.0	1491	23	23	1450	0.9877	0.9528
AJ233908	1520	7600	Cystobacteraceae	Melittangium boletus	HE582769	1528	7634	Cystobacteraceae	Archangium disciforme	7284.0	1520	14	14	1483	0.9847	0.9584
AJ233908	1520	7600	Cystobacteraceae	Melittangium boletus	DQ768106	1491	7455	Cystobacteraceae	Archangium gephyra	7200.0	1491	8	8	1462	0.9858	0.9658
AJ233908	1520	7600	Cystobacteraceae	Melittangium boletus	DQ768129	1502	7510	Cystobacteraceae	Stigmatella hybrida	7065.0	1491	35	24	1447	0.9864	0.9407
AJ233908	1520	7600	Cystobacteraceae	Melittangium boletus	AJ970180	1534	7670	Cystobacteraceae	Stigmatella erecta	7191.0	1518	35	24	1473	0.9859	0.9462
AJ233908	1520	7600	Cystobacteraceae	Melittangium boletus	DQ768124	1491	7455	Cystobacteraceae	Hyalangium minutum	7061.0	1491	27	27	1445	0.9870	0.9471
AJ233908	1520	7600	Cystobacteraceae	Melittangium boletus	DQ768108	1491	7455	Cystobacteraceae	Cystobacter badius	7340.0	1491	4	4	1478	0.9939	0.9846
AJ233908	1520	7600	Cystobacteraceae	Melittangium boletus	DQ768112	1491	7455	Cystobacteraceae	Cystobacter ferrugineus	7349.0	1491	4	4	1479	0.9946	0.9858
AJ233908	1520	7600	Cystobacteraceae	Melittangium boletus	DQ768126	1440	7200	Cystobacteraceae	Melittangium lichenicola	6855.0	1438	22	20	1399	0.9866	0.9521
AJ233908	1520	7600	Cystobacteraceae	Melittangium boletus	DQ768115	1491	7455	Cystobacteraceae	Cystobacter velatus	7313.0	1491	4	4	1475	0.9919	0.9810
AJ233908	1520	7600	Cystobacteraceae	Melittangium boletus	DQ768111	1491	7455	Cystobacteraceae	Cystobacter miniatus	7358.0	1491	3	3	1480	0.9946	0.9870
AJ233908	1520	7600	Cystobacteraceae	Melittangium boletus	DQ768109	1491	7455	Cystobacteraceae	Cystobacter fuscus	7331.0	1491	4	4	1477	0.9933	0.9834
AJ233908	1520	7600	Cystobacteraceae	Melittangium boletus	KX430041	1528	7640	Cystobacteraceae	Vitiosangium subalbum	7281.0	1515	19	20	1480	0.9900	0.9580
AJ233908	1520	7600	Cystobacteraceae	Melittangium boletus	DQ768127	1502	7510	Cystobacteraceae	Stigmatella aurantiaca	7065.0	1491	35	24	1447	0.9864	0.9407
AJ233908	1520	7600	Cystobacteraceae	Melittangium boletus	AJ233903	1499	7495	Cystobacteraceae	Archangium minus	7251.0	1499	9	9	1471	0.9872	0.9674
DQ768107	1491	7455	Cystobacteraceae	Cystobacter armeniaca	DQ768114	1489	7445	Cystobacteraceae	Archangium violaceum	7181.0	1491	11	13	1459	0.9871	0.9645
DQ768107	1491	7455	Cystobacteraceae	Cystobacter armeniaca	DQ768110	1491	7455	Cystobacteraceae	Cystobacter gracilis	7022.0	1491	25	25	1441	0.9829	0.9419
DQ768107	1491	7455	Cystobacteraceae	Cystobacter armeniaca	HE582769	1528	7634	Cystobacteraceae	Archangium disciforme	7159.0	1491	10	10	1457	0.9838	0.9603
DQ768107	1491	7455	Cystobacteraceae	Cystobacter armeniaca	DQ768106	1491	7455	Cystobacteraceae	Archangium gephyra	7174.0	1491	9	9	1459	0.9845	0.9623
DQ768107	1491	7455	Cystobacteraceae	Cystobacter armeniaca	DQ768129	1502	7510	Cystobacteraceae	Stigmatella hybrida	6990.0	1491	32	21	1439	0.9789	0.9376
DQ768107	1491	7455	Cystobacteraceae	Cystobacter armeniaca	AJ970180	1534	7670	Cystobacteraceae	Stigmatella erecta	6990.0	1491	32	21	1439	0.9789	0.9376
DQ768107	1491	7455	Cystobacteraceae	Cystobacter armeniaca	DQ768124	1491	7455	Cystobacteraceae	Hyalangium minutum	7008.0	1491	20	20	1440	0.9789	0.9400
DQ768107	1491	7455	Cystobacteraceae	Cystobacter armeniaca	DQ768108	1491	7455	Cystobacteraceae	Cystobacter badius	7284.0	1491	0	0	1472	0.9873	0.9771
DQ768107	1491	7455	Cystobacteraceae	Cystobacter armeniaca	DQ768112	1491	7455	Cystobacteraceae	Cystobacter ferrugineus	7293.0	1491	0	0	1473	0.9879	0.9783
DQ768107	1491	7455	Cystobacteraceae	Cystobacter armeniaca	DQ768126	1440	7200	Cystobacteraceae	Melittangium lichenicola	6802.0	1438	24	22	1393	0.9838	0.9447
DQ768107	1491	7455	Cystobacteraceae	Cystobacter armeniaca	DQ768115	1491	7455	Cystobacteraceae	Cystobacter velatus	7302.0	1491	0	0	1474	0.9886	0.9795
DQ768107	1491	7455	Cystobacteraceae	Cystobacter armeniaca	DQ768111	1491	7455	Cystobacteraceae	Cystobacter miniatus	7294.0	1491	3	3	1473	0.9899	0.9784
DQ768107	1491	7455	Cystobacteraceae	Cystobacter armeniaca	DQ768109	1491	7455	Cystobacteraceae	Cystobacter fuscus	7275.0	1491	0	0	1471	0.9866	0.9759
DQ768107	1491	7455	Cystobacteraceae	Cystobacter armeniaca	KX430041	1528	7640	Cystobacteraceae	Vitiosangium subalbum	7089.0	1491	24	22	1448	0.9857	0.9509
DQ768107	1491	7455	Cystobacteraceae	Cystobacter armeniaca	DQ768127	1502	7510	Cystobacteraceae	Stigmatella aurantiaca	6990.0	1491	32	21	1439	0.9789	0.9376
DQ768107	1491	7455	Cystobacteraceae	Cystobacter armeniaca	AJ233903	1499	7495	Cystobacteraceae	Archangium minus	7166.0	1490	14	14	1457	0.9871	0.9612
DQ768114	1489	7445	Cystobacteraceae	Archangium violaceum	DQ768110	1491	7455	Cystobacteraceae	Cystobacter gracilis	7136.0	1489	18	16	1454	0.9871	0.9585
DQ768114	1489	7445	Cystobacteraceae	Archangium violaceum	HE582769	1528	7634	Cystobacteraceae	Archangium disciforme	7304.0	1489	6	4	1473	0.9919	0.9811
DQ768114	1489	7445	Cystobacteraceae	Archangium violaceum	DQ768106	1491	7455	Cystobacteraceae	Archangium gephyra	7315.0	1489	12	10	1474	0.9966	0.9825
DQ768114	1489	7445	Cystobacteraceae	Archangium violaceum	DQ768129	1502	7510	Cystobacteraceae	Stigmatella hybrida	7096.0	1489	31	18	1451	0.9864	0.9531
DQ768114	1489	7445	Cystobacteraceae	Archangium violaceum	AJ970180	1534	7670	Cystobacteraceae	Stigmatella erecta	7096.0	1489	31	18	1451	0.9864	0.9531
DQ768114	1489	7445	Cystobacteraceae	Archangium violaceum	DQ768124	1491	7455	Cystobacteraceae	Hyalangium minutum	7106.0	1489	26	24	1450	0.9898	0.9545
DQ768114	1489	7445	Cystobacteraceae	Archangium violaceum	DQ768108	1491	7455	Cystobacteraceae	Cystobacter badius	7226.0	1489	13	11	1464	0.9905	0.9706
DQ768114	1489	7445	Cystobacteraceae	Archangium violaceum	DQ768112	1491	7455	Cystobacteraceae	Cystobacter ferrugineus	7235.0	1489	13	11	1465	0.9912	0.9718
DQ768114	1489	7445	Cystobacteraceae	Archangium violaceum	DQ768126	1440	7200	Cystobacteraceae	Melittangium lichenicola	6855.0	1436	23	19	1399	0.9873	0.9521
DQ768114	1489	7445	Cystobacteraceae	Archangium violaceum	DQ768115	1491	7455	Cystobacteraceae	Cystobacter velatus	7253.0	1489	13	11	1467	0.9926	0.9742
DQ768114	1489	7445	Cystobacteraceae	Archangium violaceum	DQ768111	1491	7455	Cystobacteraceae	Cystobacter miniatus	7197.0	1489	12	10	1461	0.9878	0.9667
DQ768114	1489	7445	Cystobacteraceae	Archangium violaceum	DQ768109	1491	7455	Cystobacteraceae	Cystobacter fuscus	7217.0	1489	13	11	1463	0.9899	0.9694
DQ768114	1489	7445	Cystobacteraceae	Archangium violaceum	KX430041	1528	7640	Cystobacteraceae	Vitiosangium subalbum	7255.0	1489	14	10	1467	0.9919	0.9745
DQ768114	1489	7445	Cystobacteraceae	Archangium violaceum	DQ768127	1502	7510	Cystobacteraceae	Stigmatella aurantiaca	7096.0	1489	31	18	1451	0.9864	0.9531
DQ768114	1489	7445	Cystobacteraceae	Archangium violaceum	AJ233903	1499	7495	Cystobacteraceae	Archangium minus	7374.0	1488	2	0	1481	0.9953	0.9905
DQ768110	1491	7455	Cystobacteraceae	Cystobacter gracilis	HE582769	1528	7634	Cystobacteraceae	Archangium disciforme	7078.0	1491	23	23	1447	0.9857	0.9494
DQ768110	1491	7455	Cystobacteraceae	Cystobacter gracilis	DQ768106	1491	7455	Cystobacteraceae	Archangium gephyra	7118.0	1491	19	19	1452	0.9864	0.9548
DQ768110	1491	7455	Cystobacteraceae	Cystobacter gracilis	DQ768129	1502	7510	Cystobacteraceae	Stigmatella hybrida	7117.0	1491	28	17	1454	0.9864	0.9547
DQ768110	1491	7455	Cystobacteraceae	Cystobacter gracilis	AJ970180	1534	7670	Cystobacteraceae	Stigmatella erecta	7117.0	1491	28	17	1454	0.9864	0.9547
DQ768110	1491	7455	Cystobacteraceae	Cystobacter gracilis	DQ768124	1491	7455	Cystobacteraceae	Hyalangium minutum	7221.0	1491	14	14	1464	0.9912	0.9686
DQ768110	1491	7455	Cystobacteraceae	Cystobacter gracilis	DQ768108	1491	7455	Cystobacteraceae	Cystobacter badius	7101.0	1491	22	22	1450	0.9871	0.9525
DQ768110	1491	7455	Cystobacteraceae	Cystobacter gracilis	DQ768112	1491	7455	Cystobacteraceae	Cystobacter ferrugineus	7092.0	1491	22	22	1449	0.9864	0.9513
DQ768110	1491	7455	Cystobacteraceae	Cystobacter gracilis	DQ768126	1440	7200	Cystobacteraceae	Melittangium lichenicola	6858.0	1438	26	24	1399	0.9894	0.9525
DQ768110	1491	7455	Cystobacteraceae	Cystobacter gracilis	DQ768115	1491	7455	Cystobacteraceae	Cystobacter velatus	7091.0	1491	21	21	1449	0.9857	0.9512
DQ768110	1491	7455	Cystobacteraceae	Cystobacter gracilis	DQ768111	1491	7455	Cystobacteraceae	Cystobacter miniatus	7061.0	1491	27	27	1445	0.9870	0.9471
DQ768110	1491	7455	Cystobacteraceae	Cystobacter gracilis	DQ768109	1491	7455	Cystobacteraceae	Cystobacter fuscus	7092.0	1491	22	22	1449	0.9864	0.9513
DQ768110	1491	7455	Cystobacteraceae	Cystobacter gracilis	KX430041	1528	7640	Cystobacteraceae	Vitiosangium subalbum	7131.0	1491	27	25	1453	0.9911	0.9565
DQ768110	1491	7455	Cystobacteraceae	Cystobacter gracilis	DQ768127	1502	7510	Cystobacteraceae	Stigmatella aurantiaca	7117.0	1491	28	17	1454	0.9864	0.9547
DQ768110	1491	7455	Cystobacteraceae	Cystobacter gracilis	AJ233903	1499	7495	Cystobacteraceae	Archangium minus	7129.0	1490	18	18	1453	0.9871	0.9563
HE582769	1528	7634	Cystobacteraceae	Archangium disciforme	DQ768106	1491	7455	Cystobacteraceae	Archangium gephyra	7292.0	1491	8	8	1472	0.9926	0.9781
HE582769	1528	7634	Cystobacteraceae	Archangium disciforme	DQ768129	1502	7510	Cystobacteraceae	Stigmatella hybrida	7069.0	1491	30	19	1448	0.9837	0.9413
HE582769	1528	7634	Cystobacteraceae	Archangium disciforme	AJ970180	1534	7670	Cystobacteraceae	Stigmatella erecta	7229.0	1523	30	19	1480	0.9840	0.9469
HE582769	1528	7634	Cystobacteraceae	Archangium disciforme	DQ768124	1491	7455	Cystobacteraceae	Hyalangium minutum	7091.0	1491	20	20	1449	0.9850	0.9512
HE582769	1528	7634	Cystobacteraceae	Archangium disciforme	DQ768108	1491	7455	Cystobacteraceae	Cystobacter badius	7162.0	1491	11	11	1457	0.9845	0.9607
HE582769	1528	7634	Cystobacteraceae	Archangium disciforme	DQ768112	1491	7455	Cystobacteraceae	Cystobacter ferrugineus	7171.0	1491	11	11	1458	0.9851	0.9619
HE582769	1528	7634	Cystobacteraceae	Archangium disciforme	DQ768126	1440	7200	Cystobacteraceae	Melittangium lichenicola	6850.0	1438	19	17	1399	0.9845	0.9514
HE582769	1528	7634	Cystobacteraceae	Archangium disciforme	DQ768115	1491	7455	Cystobacteraceae	Cystobacter velatus	7189.0	1491	11	11	1460	0.9865	0.9643
HE582769	1528	7634	Cystobacteraceae	Archangium disciforme	DQ768111	1491	7455	Cystobacteraceae	Cystobacter miniatus	7163.0	1491	12	12	1457	0.9851	0.9608
HE582769	1528	7634	Cystobacteraceae	Archangium disciforme	DQ768109	1491	7455	Cystobacteraceae	Cystobacter fuscus	7153.0	1491	11	11	1456	0.9838	0.9595
HE582769	1528	7634	Cystobacteraceae	Archangium disciforme	KX430041	1528	7640	Cystobacteraceae	Vitiosangium subalbum	7292.0	1526	16	23	1484	0.9874	0.9552
HE582769	1528	7634	Cystobacteraceae	Archangium disciforme	DQ768127	1502	7510	Cystobacteraceae	Stigmatella aurantiaca	7069.0	1491	30	19	1448	0.9837	0.9413
HE582769	1528	7634	Cystobacteraceae	Archangium disciforme	AJ233903	1499	7495	Cystobacteraceae	Archangium minus	7368.0	1499	6	6	1484	0.9940	0.9831
DQ768106	1491	7455	Cystobacteraceae	Archangium gephyra	DQ768129	1502	7510	Cystobacteraceae	Stigmatella hybrida	7087.0	1491	31	20	1450	0.9857	0.9506
DQ768106	1491	7455	Cystobacteraceae	Archangium gephyra	AJ970180	1534	7670	Cystobacteraceae	Stigmatella erecta	7087.0	1491	31	20	1450	0.9857	0.9506
DQ768106	1491	7455	Cystobacteraceae	Archangium gephyra	DQ768124	1491	7455	Cystobacteraceae	Hyalangium minutum	7212.0	1491	13	13	1463	0.9899	0.9674
DQ768106	1491	7455	Cystobacteraceae	Archangium gephyra	DQ768108	1491	7455	Cystobacteraceae	Cystobacter badius	7244.0	1491	8	8	1467	0.9892	0.9717
DQ768106	1491	7455	Cystobacteraceae	Archangium gephyra	DQ768112	1491	7455	Cystobacteraceae	Cystobacter ferrugineus	7253.0	1491	8	8	1468	0.9899	0.9729
DQ768106	1491	7455	Cystobacteraceae	Archangium gephyra	DQ768126	1440	7200	Cystobacteraceae	Melittangium lichenicola	6867.0	1438	18	16	1401	0.9852	0.9538
DQ768106	1491	7455	Cystobacteraceae	Archangium gephyra	DQ768115	1491	7455	Cystobacteraceae	Cystobacter velatus	7246.0	1491	10	10	1467	0.9905	0.9720
DQ768106	1491	7455	Cystobacteraceae	Archangium gephyra	DQ768111	1491	7455	Cystobacteraceae	Cystobacter miniatus	7190.0	1491	8	8	1461	0.9852	0.9645
DQ768106	1491	7455	Cystobacteraceae	Archangium gephyra	DQ768109	1491	7455	Cystobacteraceae	Cystobacter fuscus	7235.0	1491	8	8	1466	0.9885	0.9705
DQ768106	1491	7455	Cystobacteraceae	Archangium gephyra	KX430041	1528	7640	Cystobacteraceae	Vitiosangium subalbum	7182.0	1491	21	19	1459	0.9912	0.9634
DQ768106	1491	7455	Cystobacteraceae	Archangium gephyra	DQ768127	1502	7510	Cystobacteraceae	Stigmatella aurantiaca	7087.0	1491	31	20	1450	0.9857	0.9506
DQ768106	1491	7455	Cystobacteraceae	Archangium gephyra	AJ233903	1499	7495	Cystobacteraceae	Archangium minus	7291.0	1490	13	13	1471	0.9959	0.9780
DQ768129	1502	7510	Cystobacteraceae	Stigmatella hybrida	AJ970180	1534	7670	Cystobacteraceae	Stigmatella erecta	7510.0	1502	0	0	1502	1.0000	1.0000
DQ768129	1502	7510	Cystobacteraceae	Stigmatella hybrida	DQ768124	1491	7455	Cystobacteraceae	Hyalangium minutum	7210.0	1502	13	24	1464	0.9905	0.9671
DQ768129	1502	7510	Cystobacteraceae	Stigmatella hybrida	DQ768108	1491	7455	Cystobacteraceae	Cystobacter badius	7052.0	1502	23	34	1446	0.9850	0.9459
DQ768129	1502	7510	Cystobacteraceae	Stigmatella hybrida	DQ768112	1491	7455	Cystobacteraceae	Cystobacter ferrugineus	7061.0	1502	23	34	1447	0.9857	0.9471
DQ768129	1502	7510	Cystobacteraceae	Stigmatella hybrida	DQ768126	1440	7200	Cystobacteraceae	Melittangium lichenicola	6813.0	1449	24	33	1396	0.9859	0.9463
DQ768129	1502	7510	Cystobacteraceae	Stigmatella hybrida	DQ768115	1491	7455	Cystobacteraceae	Cystobacter velatus	7033.0	1502	23	34	1444	0.9837	0.9434
DQ768129	1502	7510	Cystobacteraceae	Stigmatella hybrida	DQ768111	1491	7455	Cystobacteraceae	Cystobacter miniatus	7059.0	1502	28	39	1446	0.9884	0.9469
DQ768129	1502	7510	Cystobacteraceae	Stigmatella hybrida	DQ768109	1491	7455	Cystobacteraceae	Cystobacter fuscus	7043.0	1502	23	34	1445	0.9843	0.9447
DQ768129	1502	7510	Cystobacteraceae	Stigmatella hybrida	KX430041	1528	7640	Cystobacteraceae	Vitiosangium subalbum	7115.0	1502	24	33	1453	0.9891	0.9474
DQ768129	1502	7510	Cystobacteraceae	Stigmatella hybrida	DQ768127	1502	7510	Cystobacteraceae	Stigmatella aurantiaca	7510.0	1502	0	0	1502	1.0000	1.0000
DQ768129	1502	7510	Cystobacteraceae	Stigmatella hybrida	AJ233903	1499	7495	Cystobacteraceae	Archangium minus	7120.0	1501	17	28	1454	0.9871	0.9500
AJ970180	1534	7670	Cystobacteraceae	Stigmatella erecta	DQ768124	1491	7455	Cystobacteraceae	Hyalangium minutum	7210.0	1502	13	24	1464	0.9905	0.9671
AJ970180	1534	7670	Cystobacteraceae	Stigmatella erecta	DQ768108	1491	7455	Cystobacteraceae	Cystobacter badius	7052.0	1502	23	34	1446	0.9850	0.9459
AJ970180	1534	7670	Cystobacteraceae	Stigmatella erecta	DQ768112	1491	7455	Cystobacteraceae	Cystobacter ferrugineus	7061.0	1502	23	34	1447	0.9857	0.9471
AJ970180	1534	7670	Cystobacteraceae	Stigmatella erecta	DQ768126	1440	7200	Cystobacteraceae	Melittangium lichenicola	6813.0	1449	24	33	1396	0.9859	0.9463
AJ970180	1534	7670	Cystobacteraceae	Stigmatella erecta	DQ768115	1491	7455	Cystobacteraceae	Cystobacter velatus	7033.0	1502	23	34	1444	0.9837	0.9434
AJ970180	1534	7670	Cystobacteraceae	Stigmatella erecta	DQ768111	1491	7455	Cystobacteraceae	Cystobacter miniatus	7059.0	1502	28	39	1446	0.9884	0.9469
AJ970180	1534	7670	Cystobacteraceae	Stigmatella erecta	DQ768109	1491	7455	Cystobacteraceae	Cystobacter fuscus	7043.0	1502	23	34	1445	0.9843	0.9447
AJ970180	1534	7670	Cystobacteraceae	Stigmatella erecta	KX430041	1528	7640	Cystobacteraceae	Vitiosangium subalbum	7238.0	1531	22	34	1479	0.9880	0.9474
AJ970180	1534	7670	Cystobacteraceae	Stigmatella erecta	DQ768127	1502	7510	Cystobacteraceae	Stigmatella aurantiaca	7510.0	1502	0	0	1502	1.0000	1.0000
AJ970180	1534	7670	Cystobacteraceae	Stigmatella erecta	AJ233903	1499	7495	Cystobacteraceae	Archangium minus	7165.0	1510	17	28	1463	0.9872	0.9560
DQ768124	1491	7455	Cystobacteraceae	Hyalangium minutum	DQ768108	1491	7455	Cystobacteraceae	Cystobacter badius	7066.0	1491	25	25	1446	0.9864	0.9478
DQ768124	1491	7455	Cystobacteraceae	Hyalangium minutum	DQ768112	1491	7455	Cystobacteraceae	Cystobacter ferrugineus	7075.0	1491	25	25	1447	0.9870	0.9490
DQ768124	1491	7455	Cystobacteraceae	Hyalangium minutum	DQ768126	1440	7200	Cystobacteraceae	Melittangium lichenicola	6860.0	1438	20	18	1400	0.9859	0.9528
DQ768124	1491	7455	Cystobacteraceae	Hyalangium minutum	DQ768115	1491	7455	Cystobacteraceae	Cystobacter velatus	7047.0	1491	25	25	1444	0.9850	0.9453
DQ768124	1491	7455	Cystobacteraceae	Hyalangium minutum	DQ768111	1491	7455	Cystobacteraceae	Cystobacter miniatus	7071.0	1491	28	28	1446	0.9884	0.9485
DQ768124	1491	7455	Cystobacteraceae	Hyalangium minutum	DQ768109	1491	7455	Cystobacteraceae	Cystobacter fuscus	7057.0	1491	25	25	1445	0.9857	0.9466
DQ768124	1491	7455	Cystobacteraceae	Hyalangium minutum	KX430041	1528	7640	Cystobacteraceae	Vitiosangium subalbum	7094.0	1491	33	31	1448	0.9918	0.9516
DQ768124	1491	7455	Cystobacteraceae	Hyalangium minutum	DQ768127	1502	7510	Cystobacteraceae	Stigmatella aurantiaca	7210.0	1491	24	13	1464	0.9905	0.9671
DQ768124	1491	7455	Cystobacteraceae	Hyalangium minutum	AJ233903	1499	7495	Cystobacteraceae	Archangium minus	7106.0	1490	23	23	1450	0.9884	0.9532
DQ768108	1491	7455	Cystobacteraceae	Cystobacter badius	DQ768112	1491	7455	Cystobacteraceae	Cystobacter ferrugineus	7446.0	1491	0	0	1490	0.9993	0.9988
DQ768108	1491	7455	Cystobacteraceae	Cystobacter badius	DQ768126	1440	7200	Cystobacteraceae	Melittangium lichenicola	6851.0	1438	21	19	1399	0.9859	0.9515
DQ768108	1491	7455	Cystobacteraceae	Cystobacter badius	DQ768115	1491	7455	Cystobacteraceae	Cystobacter velatus	7419.0	1491	0	0	1487	0.9973	0.9952
DQ768108	1491	7455	Cystobacteraceae	Cystobacter badius	DQ768111	1491	7455	Cystobacteraceae	Cystobacter miniatus	7329.0	1491	3	3	1477	0.9926	0.9831
DQ768108	1491	7455	Cystobacteraceae	Cystobacter badius	DQ768109	1491	7455	Cystobacteraceae	Cystobacter fuscus	7446.0	1491	0	0	1490	0.9993	0.9988
DQ768108	1491	7455	Cystobacteraceae	Cystobacter badius	KX430041	1528	7640	Cystobacteraceae	Vitiosangium subalbum	7167.0	1491	23	21	1457	0.9912	0.9614
DQ768108	1491	7455	Cystobacteraceae	Cystobacter badius	DQ768127	1502	7510	Cystobacteraceae	Stigmatella aurantiaca	7052.0	1491	34	23	1446	0.9850	0.9459
DQ768108	1491	7455	Cystobacteraceae	Cystobacter badius	AJ233903	1499	7495	Cystobacteraceae	Archangium minus	7175.0	1490	14	14	1458	0.9878	0.9624
DQ768112	1491	7455	Cystobacteraceae	Cystobacter ferrugineus	DQ768126	1440	7200	Cystobacteraceae	Melittangium lichenicola	6860.0	1438	21	19	1400	0.9866	0.9528
DQ768112	1491	7455	Cystobacteraceae	Cystobacter ferrugineus	DQ768115	1491	7455	Cystobacteraceae	Cystobacter velatus	7410.0	1491	0	0	1486	0.9966	0.9940
DQ768112	1491	7455	Cystobacteraceae	Cystobacter ferrugineus	DQ768111	1491	7455	Cystobacteraceae	Cystobacter miniatus	7338.0	1491	3	3	1478	0.9933	0.9843
DQ768112	1491	7455	Cystobacteraceae	Cystobacter ferrugineus	DQ768109	1491	7455	Cystobacteraceae	Cystobacter fuscus	7437.0	1491	0	0	1489	0.9987	0.9976
DQ768112	1491	7455	Cystobacteraceae	Cystobacter ferrugineus	KX430041	1528	7640	Cystobacteraceae	Vitiosangium subalbum	7176.0	1491	23	21	1458	0.9918	0.9626
DQ768112	1491	7455	Cystobacteraceae	Cystobacter ferrugineus	DQ768127	1502	7510	Cystobacteraceae	Stigmatella aurantiaca	7061.0	1491	34	23	1447	0.9857	0.9471
DQ768112	1491	7455	Cystobacteraceae	Cystobacter ferrugineus	AJ233903	1499	7495	Cystobacteraceae	Archangium minus	7184.0	1490	14	14	1459	0.9885	0.9636
DQ768126	1440	7200	Cystobacteraceae	Melittangium lichenicola	DQ768115	1491	7455	Cystobacteraceae	Cystobacter velatus	6825.0	1440	20	22	1396	0.9845	0.9479
DQ768126	1440	7200	Cystobacteraceae	Melittangium lichenicola	DQ768111	1491	7455	Cystobacteraceae	Cystobacter miniatus	6838.0	1440	24	26	1397	0.9880	0.9497
DQ768126	1440	7200	Cystobacteraceae	Melittangium lichenicola	DQ768109	1491	7455	Cystobacteraceae	Cystobacter fuscus	6842.0	1440	19	21	1398	0.9852	0.9503
DQ768126	1440	7200	Cystobacteraceae	Melittangium lichenicola	KX430041	1528	7640	Cystobacteraceae	Vitiosangium subalbum	6851.0	1440	14	14	1400	0.9818	0.9515
DQ768126	1440	7200	Cystobacteraceae	Melittangium lichenicola	DQ768127	1502	7510	Cystobacteraceae	Stigmatella aurantiaca	6813.0	1440	33	24	1396	0.9859	0.9463
DQ768126	1440	7200	Cystobacteraceae	Melittangium lichenicola	AJ233903	1499	7495	Cystobacteraceae	Archangium minus	6894.0	1440	17	19	1404	0.9880	0.9575
DQ768115	1491	7455	Cystobacteraceae	Cystobacter velatus	DQ768111	1491	7455	Cystobacteraceae	Cystobacter miniatus	7293.0	1491	3	3	1473	0.9899	0.9783
DQ768115	1491	7455	Cystobacteraceae	Cystobacter velatus	DQ768109	1491	7455	Cystobacteraceae	Cystobacter fuscus	7410.0	1491	0	0	1486	0.9966	0.9940
DQ768115	1491	7455	Cystobacteraceae	Cystobacter velatus	KX430041	1528	7640	Cystobacteraceae	Vitiosangium subalbum	7153.0	1491	23	21	1455	0.9898	0.9595
DQ768115	1491	7455	Cystobacteraceae	Cystobacter velatus	DQ768127	1502	7510	Cystobacteraceae	Stigmatella aurantiaca	7033.0	1491	34	23	1444	0.9837	0.9434
DQ768115	1491	7455	Cystobacteraceae	Cystobacter velatus	AJ233903	1499	7495	Cystobacteraceae	Archangium minus	7200.0	1490	12	12	1461	0.9885	0.9658
DQ768111	1491	7455	Cystobacteraceae	Cystobacter miniatus	DQ768109	1491	7455	Cystobacteraceae	Cystobacter fuscus	7320.0	1491	3	3	1476	0.9919	0.9819
DQ768111	1491	7455	Cystobacteraceae	Cystobacter miniatus	KX430041	1528	7640	Cystobacteraceae	Vitiosangium subalbum	7182.0	1491	22	20	1459	0.9918	0.9634
DQ768111	1491	7455	Cystobacteraceae	Cystobacter miniatus	DQ768127	1502	7510	Cystobacteraceae	Stigmatella aurantiaca	7059.0	1491	39	28	1446	0.9884	0.9469
DQ768111	1491	7455	Cystobacteraceae	Cystobacter miniatus	AJ233903	1499	7495	Cystobacteraceae	Archangium minus	7190.0	1490	13	13	1460	0.9885	0.9645
DQ768109	1491	7455	Cystobacteraceae	Cystobacter fuscus	KX430041	1528	7640	Cystobacteraceae	Vitiosangium subalbum	7158.0	1491	23	21	1456	0.9905	0.9602
DQ768109	1491	7455	Cystobacteraceae	Cystobacter fuscus	DQ768127	1502	7510	Cystobacteraceae	Stigmatella aurantiaca	7043.0	1491	34	23	1445	0.9843	0.9447
DQ768109	1491	7455	Cystobacteraceae	Cystobacter fuscus	AJ233903	1499	7495	Cystobacteraceae	Archangium minus	7166.0	1490	14	14	1457	0.9871	0.9612
KX430041	1528	7640	Cystobacteraceae	Vitiosangium subalbum	DQ768127	1502	7510	Cystobacteraceae	Stigmatella aurantiaca	7115.0	1493	33	24	1453	0.9891	0.9474
KX430041	1528	7640	Cystobacteraceae	Vitiosangium subalbum	AJ233903	1499	7495	Cystobacteraceae	Archangium minus	7258.0	1498	11	10	1471	0.9886	0.9684
DQ768127	1502	7510	Cystobacteraceae	Stigmatella aurantiaca	AJ233903	1499	7495	Cystobacteraceae	Archangium minus	7120.0	1501	17	28	1454	0.9871	0.9500
