LC042212	1478	7390	Demequinaceae	Lysinimicrobium iriomotense	AB522641	1444	7220	Demequinaceae	Demequina aurantiaca	6804.0	1445	29	30	1395	0.9859	0.9424
LC042212	1478	7390	Demequinaceae	Lysinimicrobium iriomotense	LC042201	1477	7385	Demequinaceae	Lysinimicrobium flavum	7181.0	1478	19	20	1452	0.9959	0.9724
LC042212	1478	7390	Demequinaceae	Lysinimicrobium iriomotense	LC042207	1478	7390	Demequinaceae	Lysinimicrobium soli	7218.0	1478	13	13	1458	0.9952	0.9767
LC042212	1478	7390	Demequinaceae	Lysinimicrobium iriomotense	AB674956	1476	7380	Demequinaceae	Demequina flava	6963.0	1478	40	42	1426	0.9930	0.9435
LC042212	1478	7390	Demequinaceae	Lysinimicrobium iriomotense	LC042208	1476	7380	Demequinaceae	Lysinimicrobium luteum	7157.0	1478	19	21	1449	0.9945	0.9698
LC042212	1478	7390	Demequinaceae	Lysinimicrobium iriomotense	AB522643	1457	7285	Demequinaceae	Demequina globuliformis	6854.0	1450	37	36	1403	0.9922	0.9408
LC042212	1478	7390	Demequinaceae	Lysinimicrobium iriomotense	LC042210	1478	7390	Demequinaceae	Lysinimicrobium rhizosphaerae	7193.0	1478	15	15	1455	0.9945	0.9733
LC042212	1478	7390	Demequinaceae	Lysinimicrobium iriomotense	LC042200	1476	7380	Demequinaceae	Lysinimicrobium gelatinilyticum	7196.0	1478	19	21	1453	0.9973	0.9751
LC042212	1478	7390	Demequinaceae	Lysinimicrobium iriomotense	DQ010160	1445	7225	Demequinaceae	Demequina aestuarii	6842.0	1445	28	28	1400	0.9880	0.9470
LC042212	1478	7390	Demequinaceae	Lysinimicrobium iriomotense	LC042204	1475	7375	Demequinaceae	Lysinimicrobium pelophilum	7168.0	1478	13	16	1451	0.9925	0.9719
LC042212	1478	7390	Demequinaceae	Lysinimicrobium iriomotense	AB522640	1443	7215	Demequinaceae	Demequina oxidasica	6788.0	1445	28	30	1393	0.9845	0.9408
LC042212	1478	7390	Demequinaceae	Lysinimicrobium iriomotense	KX129916	1448	7240	Demequinaceae	Demequina litorisediminis	6896.0	1445	28	25	1407	0.9908	0.9525
LC042212	1478	7390	Demequinaceae	Lysinimicrobium iriomotense	AB674957	1476	7380	Demequinaceae	Demequina sediminicola	6997.0	1478	37	39	1430	0.9937	0.9481
LC042212	1478	7390	Demequinaceae	Lysinimicrobium iriomotense	AB639012	1478	7390	Demequinaceae	Lysinimicrobium mangrovi	7214.0	1478	15	15	1457	0.9959	0.9762
LC042212	1478	7390	Demequinaceae	Lysinimicrobium iriomotense	LC042209	1440	7200	Demequinaceae	Lysinimicrobium subtropicum	7021.0	1442	16	18	1418	0.9958	0.9751
LC042212	1478	7390	Demequinaceae	Lysinimicrobium iriomotense	EF451745	1301	6505	Demequinaceae	Demequina lutea	6124.0	1300	27	26	1256	0.9859	0.9414
LC042212	1478	7390	Demequinaceae	Lysinimicrobium iriomotense	KM591918	1445	7225	Demequinaceae	Demequina activiva	6911.0	1445	25	25	1408	0.9915	0.9565
LC042212	1478	7390	Demequinaceae	Lysinimicrobium iriomotense	AB471559	1436	7180	Demequinaceae	Demequina salsinemoris	6897.0	1437	23	24	1403	0.9929	0.9606
LC042212	1478	7390	Demequinaceae	Lysinimicrobium iriomotense	LC042202	1476	7380	Demequinaceae	Lysinimicrobium aestuarii	7213.0	1478	11	13	1456	0.9939	0.9774
AB522641	1444	7220	Demequinaceae	Demequina aurantiaca	LC042201	1477	7385	Demequinaceae	Lysinimicrobium flavum	6770.0	1444	35	35	1390	0.9865	0.9377
AB522641	1444	7220	Demequinaceae	Demequina aurantiaca	LC042207	1478	7390	Demequinaceae	Lysinimicrobium soli	6755.0	1444	37	36	1389	0.9865	0.9356
AB522641	1444	7220	Demequinaceae	Demequina aurantiaca	AB674956	1476	7380	Demequinaceae	Demequina flava	6864.0	1444	29	30	1401	0.9908	0.9507
AB522641	1444	7220	Demequinaceae	Demequina aurantiaca	LC042208	1476	7380	Demequinaceae	Lysinimicrobium luteum	6737.0	1444	37	38	1386	0.9858	0.9331
AB522641	1444	7220	Demequinaceae	Demequina aurantiaca	AB522643	1457	7285	Demequinaceae	Demequina globuliformis	6853.0	1444	34	32	1400	0.9915	0.9492
AB522641	1444	7220	Demequinaceae	Demequina aurantiaca	LC042210	1478	7390	Demequinaceae	Lysinimicrobium rhizosphaerae	6783.0	1444	33	32	1392	0.9858	0.9395
AB522641	1444	7220	Demequinaceae	Demequina aurantiaca	LC042200	1476	7380	Demequinaceae	Lysinimicrobium gelatinilyticum	6772.0	1444	37	38	1390	0.9886	0.9380
AB522641	1444	7220	Demequinaceae	Demequina aurantiaca	DQ010160	1445	7225	Demequinaceae	Demequina aestuarii	6874.0	1444	26	25	1403	0.9887	0.9521
AB522641	1444	7220	Demequinaceae	Demequina aurantiaca	LC042204	1475	7375	Demequinaceae	Lysinimicrobium pelophilum	6741.0	1444	39	41	1386	0.9879	0.9337
AB522641	1444	7220	Demequinaceae	Demequina aurantiaca	AB522640	1443	7215	Demequinaceae	Demequina oxidasica	7159.0	1444	0	1	1437	0.9958	0.9922
AB522641	1444	7220	Demequinaceae	Demequina aurantiaca	KX129916	1448	7240	Demequinaceae	Demequina litorisediminis	6877.0	1444	28	24	1404	0.9887	0.9525
AB522641	1444	7220	Demequinaceae	Demequina aurantiaca	AB674957	1476	7380	Demequinaceae	Demequina sediminicola	6887.0	1444	26	27	1404	0.9908	0.9539
AB522641	1444	7220	Demequinaceae	Demequina aurantiaca	AB639012	1478	7390	Demequinaceae	Lysinimicrobium mangrovi	6757.0	1444	37	36	1389	0.9865	0.9359
AB522641	1444	7220	Demequinaceae	Demequina aurantiaca	LC042209	1440	7200	Demequinaceae	Lysinimicrobium subtropicum	6771.0	1441	33	34	1389	0.9872	0.9404
AB522641	1444	7220	Demequinaceae	Demequina aurantiaca	EF451745	1301	6505	Demequinaceae	Demequina lutea	6133.0	1299	13	11	1258	0.9767	0.9428
AB522641	1444	7220	Demequinaceae	Demequina aurantiaca	KM591918	1445	7225	Demequinaceae	Demequina activiva	6951.0	1444	21	20	1412	0.9916	0.9627
AB522641	1444	7220	Demequinaceae	Demequina aurantiaca	AB471559	1436	7180	Demequinaceae	Demequina salsinemoris	6672.0	1403	27	27	1362	0.9898	0.9292
AB522641	1444	7220	Demequinaceae	Demequina aurantiaca	LC042202	1476	7380	Demequinaceae	Lysinimicrobium aestuarii	6796.0	1444	25	26	1394	0.9831	0.9413
LC042201	1477	7385	Demequinaceae	Lysinimicrobium flavum	LC042207	1478	7390	Demequinaceae	Lysinimicrobium soli	7192.0	1477	19	18	1454	0.9966	0.9739
LC042201	1477	7385	Demequinaceae	Lysinimicrobium flavum	AB674956	1476	7380	Demequinaceae	Demequina flava	7021.0	1477	29	30	1434	0.9910	0.9514
LC042201	1477	7385	Demequinaceae	Lysinimicrobium flavum	LC042208	1476	7380	Demequinaceae	Lysinimicrobium luteum	7277.0	1477	9	10	1464	0.9980	0.9860
LC042201	1477	7385	Demequinaceae	Lysinimicrobium flavum	AB522643	1457	7285	Demequinaceae	Demequina globuliformis	6877.0	1449	33	31	1406	0.9915	0.9440
LC042201	1477	7385	Demequinaceae	Lysinimicrobium flavum	LC042210	1478	7390	Demequinaceae	Lysinimicrobium rhizosphaerae	7143.0	1477	21	20	1448	0.9938	0.9672
LC042201	1477	7385	Demequinaceae	Lysinimicrobium flavum	LC042200	1476	7380	Demequinaceae	Lysinimicrobium gelatinilyticum	7268.0	1477	8	9	1463	0.9966	0.9848
LC042201	1477	7385	Demequinaceae	Lysinimicrobium flavum	DQ010160	1445	7225	Demequinaceae	Demequina aestuarii	6834.0	1444	27	26	1399	0.9866	0.9459
LC042201	1477	7385	Demequinaceae	Lysinimicrobium flavum	LC042204	1475	7375	Demequinaceae	Lysinimicrobium pelophilum	7146.0	1477	15	17	1448	0.9918	0.9689
LC042201	1477	7385	Demequinaceae	Lysinimicrobium flavum	AB522640	1443	7215	Demequinaceae	Demequina oxidasica	6771.0	1444	35	36	1390	0.9872	0.9385
LC042201	1477	7385	Demequinaceae	Lysinimicrobium flavum	KX129916	1448	7240	Demequinaceae	Demequina litorisediminis	6861.0	1444	33	29	1402	0.9908	0.9477
LC042201	1477	7385	Demequinaceae	Lysinimicrobium flavum	AB674957	1476	7380	Demequinaceae	Demequina sediminicola	7034.0	1477	30	31	1435	0.9924	0.9531
LC042201	1477	7385	Demequinaceae	Lysinimicrobium flavum	AB639012	1478	7390	Demequinaceae	Lysinimicrobium mangrovi	7189.0	1477	19	18	1453	0.9959	0.9735
LC042201	1477	7385	Demequinaceae	Lysinimicrobium flavum	LC042209	1440	7200	Demequinaceae	Lysinimicrobium subtropicum	7063.0	1441	8	9	1424	0.9944	0.9810
LC042201	1477	7385	Demequinaceae	Lysinimicrobium flavum	EF451745	1301	6505	Demequinaceae	Demequina lutea	6062.0	1298	36	33	1247	0.9858	0.9319
LC042201	1477	7385	Demequinaceae	Lysinimicrobium flavum	KM591918	1445	7225	Demequinaceae	Demequina activiva	6874.0	1444	27	26	1403	0.9894	0.9514
LC042201	1477	7385	Demequinaceae	Lysinimicrobium flavum	AB471559	1436	7180	Demequinaceae	Demequina salsinemoris	6912.0	1449	18	32	1407	0.9929	0.9627
LC042201	1477	7385	Demequinaceae	Lysinimicrobium flavum	LC042202	1476	7380	Demequinaceae	Lysinimicrobium aestuarii	7218.0	1477	9	10	1457	0.9932	0.9780
LC042207	1478	7390	Demequinaceae	Lysinimicrobium soli	AB674956	1476	7380	Demequinaceae	Demequina flava	6969.0	1478	35	37	1428	0.9910	0.9443
LC042207	1478	7390	Demequinaceae	Lysinimicrobium soli	LC042208	1476	7380	Demequinaceae	Lysinimicrobium luteum	7216.0	1478	16	18	1456	0.9973	0.9778
LC042207	1478	7390	Demequinaceae	Lysinimicrobium soli	AB522643	1457	7285	Demequinaceae	Demequina globuliformis	6863.0	1450	31	30	1405	0.9894	0.9421
LC042207	1478	7390	Demequinaceae	Lysinimicrobium soli	LC042210	1478	7390	Demequinaceae	Lysinimicrobium rhizosphaerae	7220.0	1478	9	9	1458	0.9925	0.9770
LC042207	1478	7390	Demequinaceae	Lysinimicrobium soli	LC042200	1476	7380	Demequinaceae	Lysinimicrobium gelatinilyticum	7215.0	1478	18	20	1456	0.9986	0.9776
LC042207	1478	7390	Demequinaceae	Lysinimicrobium soli	DQ010160	1445	7225	Demequinaceae	Demequina aestuarii	6891.0	1445	19	19	1407	0.9867	0.9538
LC042207	1478	7390	Demequinaceae	Lysinimicrobium soli	LC042204	1475	7375	Demequinaceae	Lysinimicrobium pelophilum	7163.0	1478	11	14	1451	0.9911	0.9713
LC042207	1478	7390	Demequinaceae	Lysinimicrobium soli	AB522640	1443	7215	Demequinaceae	Demequina oxidasica	6753.0	1445	34	36	1389	0.9858	0.9360
LC042207	1478	7390	Demequinaceae	Lysinimicrobium soli	KX129916	1448	7240	Demequinaceae	Demequina litorisediminis	6852.0	1445	31	28	1402	0.9894	0.9464
LC042207	1478	7390	Demequinaceae	Lysinimicrobium soli	AB674957	1476	7380	Demequinaceae	Demequina sediminicola	6955.0	1478	35	37	1426	0.9896	0.9424
LC042207	1478	7390	Demequinaceae	Lysinimicrobium soli	AB639012	1478	7390	Demequinaceae	Lysinimicrobium mangrovi	7249.0	1478	12	12	1461	0.9966	0.9809
LC042207	1478	7390	Demequinaceae	Lysinimicrobium soli	LC042209	1440	7200	Demequinaceae	Lysinimicrobium subtropicum	7009.0	1442	19	21	1417	0.9972	0.9735
LC042207	1478	7390	Demequinaceae	Lysinimicrobium soli	EF451745	1301	6505	Demequinaceae	Demequina lutea	6152.0	1300	23	22	1260	0.9859	0.9457
LC042207	1478	7390	Demequinaceae	Lysinimicrobium soli	KM591918	1445	7225	Demequinaceae	Demequina activiva	6879.0	1445	22	22	1405	0.9874	0.9521
LC042207	1478	7390	Demequinaceae	Lysinimicrobium soli	AB471559	1436	7180	Demequinaceae	Demequina salsinemoris	6874.0	1437	20	21	1401	0.9894	0.9574
LC042207	1478	7390	Demequinaceae	Lysinimicrobium soli	LC042202	1476	7380	Demequinaceae	Lysinimicrobium aestuarii	7206.0	1478	16	18	1455	0.9966	0.9764
AB674956	1476	7380	Demequinaceae	Demequina flava	LC042208	1476	7380	Demequinaceae	Lysinimicrobium luteum	6959.0	1476	39	39	1426	0.9923	0.9430
AB674956	1476	7380	Demequinaceae	Demequina flava	AB522643	1457	7285	Demequinaceae	Demequina globuliformis	7123.0	1448	15	12	1434	0.9986	0.9778
AB674956	1476	7380	Demequinaceae	Demequina flava	LC042210	1478	7390	Demequinaceae	Lysinimicrobium rhizosphaerae	6947.0	1476	43	41	1424	0.9923	0.9413
AB674956	1476	7380	Demequinaceae	Demequina flava	LC042200	1476	7380	Demequinaceae	Lysinimicrobium gelatinilyticum	7042.0	1476	29	29	1436	0.9924	0.9542
AB674956	1476	7380	Demequinaceae	Demequina flava	DQ010160	1445	7225	Demequinaceae	Demequina aestuarii	6866.0	1443	35	33	1401	0.9936	0.9503
AB674956	1476	7380	Demequinaceae	Demequina flava	LC042204	1475	7375	Demequinaceae	Lysinimicrobium pelophilum	6992.0	1476	34	35	1429	0.9917	0.9481
AB674956	1476	7380	Demequinaceae	Demequina flava	AB522640	1443	7215	Demequinaceae	Demequina oxidasica	6867.0	1443	30	30	1401	0.9915	0.9518
AB674956	1476	7380	Demequinaceae	Demequina flava	KX129916	1448	7240	Demequinaceae	Demequina litorisediminis	7030.0	1443	18	13	1422	0.9944	0.9710
AB674956	1476	7380	Demequinaceae	Demequina flava	AB674957	1476	7380	Demequinaceae	Demequina sediminicola	7242.0	1476	10	10	1460	0.9959	0.9813
AB674956	1476	7380	Demequinaceae	Demequina flava	AB639012	1478	7390	Demequinaceae	Lysinimicrobium mangrovi	6932.0	1476	48	46	1422	0.9944	0.9393
AB674956	1476	7380	Demequinaceae	Demequina flava	LC042209	1440	7200	Demequinaceae	Lysinimicrobium subtropicum	6847.0	1440	32	32	1398	0.9929	0.9510
AB674956	1476	7380	Demequinaceae	Demequina flava	EF451745	1301	6505	Demequinaceae	Demequina lutea	6106.0	1299	27	25	1254	0.9843	0.9387
AB674956	1476	7380	Demequinaceae	Demequina flava	KM591918	1445	7225	Demequinaceae	Demequina activiva	6880.0	1443	31	29	1403	0.9922	0.9522
AB674956	1476	7380	Demequinaceae	Demequina flava	AB471559	1436	7180	Demequinaceae	Demequina salsinemoris	6923.0	1443	25	32	1406	0.9965	0.9642
AB674956	1476	7380	Demequinaceae	Demequina flava	LC042202	1476	7380	Demequinaceae	Lysinimicrobium aestuarii	7007.0	1476	28	28	1432	0.9890	0.9495
LC042208	1476	7380	Demequinaceae	Lysinimicrobium luteum	AB522643	1457	7285	Demequinaceae	Demequina globuliformis	6816.0	1448	41	38	1398	0.9915	0.9356
LC042208	1476	7380	Demequinaceae	Lysinimicrobium luteum	LC042210	1478	7390	Demequinaceae	Lysinimicrobium rhizosphaerae	7185.0	1476	14	12	1453	0.9925	0.9736
LC042208	1476	7380	Demequinaceae	Lysinimicrobium luteum	LC042200	1476	7380	Demequinaceae	Lysinimicrobium gelatinilyticum	7202.0	1476	13	13	1455	0.9945	0.9759
LC042208	1476	7380	Demequinaceae	Lysinimicrobium luteum	DQ010160	1445	7225	Demequinaceae	Demequina aestuarii	6829.0	1443	31	29	1397	0.9880	0.9452
LC042208	1476	7380	Demequinaceae	Lysinimicrobium luteum	LC042204	1475	7375	Demequinaceae	Lysinimicrobium pelophilum	7116.0	1476	20	21	1444	0.9924	0.9649
LC042208	1476	7380	Demequinaceae	Lysinimicrobium luteum	AB522640	1443	7215	Demequinaceae	Demequina oxidasica	6755.0	1443	37	37	1388	0.9872	0.9362
LC042208	1476	7380	Demequinaceae	Lysinimicrobium luteum	KX129916	1448	7240	Demequinaceae	Demequina litorisediminis	6790.0	1443	42	37	1393	0.9908	0.9378
LC042208	1476	7380	Demequinaceae	Lysinimicrobium luteum	AB674957	1476	7380	Demequinaceae	Demequina sediminicola	6973.0	1476	39	39	1427	0.9930	0.9449
LC042208	1476	7380	Demequinaceae	Lysinimicrobium luteum	AB639012	1478	7390	Demequinaceae	Lysinimicrobium mangrovi	7237.0	1476	11	9	1459	0.9945	0.9806
LC042208	1476	7380	Demequinaceae	Lysinimicrobium luteum	LC042209	1440	7200	Demequinaceae	Lysinimicrobium subtropicum	7009.0	1440	9	9	1418	0.9909	0.9735
LC042208	1476	7380	Demequinaceae	Lysinimicrobium luteum	EF451745	1301	6505	Demequinaceae	Demequina lutea	6085.0	1298	32	29	1250	0.9850	0.9354
LC042208	1476	7380	Demequinaceae	Lysinimicrobium luteum	KM591918	1445	7225	Demequinaceae	Demequina activiva	6814.0	1443	36	34	1395	0.9901	0.9431
LC042208	1476	7380	Demequinaceae	Lysinimicrobium luteum	AB471559	1436	7180	Demequinaceae	Demequina salsinemoris	6853.0	1448	26	39	1399	0.9929	0.9545
LC042208	1476	7380	Demequinaceae	Lysinimicrobium luteum	LC042202	1476	7380	Demequinaceae	Lysinimicrobium aestuarii	7199.0	1476	9	9	1455	0.9918	0.9755
AB522643	1457	7285	Demequinaceae	Demequina globuliformis	LC042210	1478	7390	Demequinaceae	Lysinimicrobium rhizosphaerae	6868.0	1451	34	35	1405	0.9922	0.9428
AB522643	1457	7285	Demequinaceae	Demequina globuliformis	LC042200	1476	7380	Demequinaceae	Lysinimicrobium gelatinilyticum	6874.0	1451	35	38	1405	0.9943	0.9436
AB522643	1457	7285	Demequinaceae	Demequina globuliformis	DQ010160	1445	7225	Demequinaceae	Demequina aestuarii	6858.0	1446	32	33	1401	0.9915	0.9492
AB522643	1457	7285	Demequinaceae	Demequina globuliformis	LC042204	1475	7375	Demequinaceae	Lysinimicrobium pelophilum	6930.0	1451	23	27	1412	0.9916	0.9513
AB522643	1457	7285	Demequinaceae	Demequina globuliformis	AB522640	1443	7215	Demequinaceae	Demequina oxidasica	6842.0	1446	33	36	1398	0.9915	0.9483
AB522643	1457	7285	Demequinaceae	Demequina globuliformis	KX129916	1448	7240	Demequinaceae	Demequina litorisediminis	7105.0	1446	9	7	1432	0.9951	0.9814
AB522643	1457	7285	Demequinaceae	Demequina globuliformis	AB674957	1476	7380	Demequinaceae	Demequina sediminicola	7062.0	1451	15	18	1427	0.9958	0.9694
AB522643	1457	7285	Demequinaceae	Demequina globuliformis	AB639012	1478	7390	Demequinaceae	Lysinimicrobium mangrovi	6859.0	1451	39	40	1404	0.9950	0.9415
AB522643	1457	7285	Demequinaceae	Demequina globuliformis	LC042209	1440	7200	Demequinaceae	Lysinimicrobium subtropicum	6811.0	1443	38	41	1394	0.9943	0.9460
AB522643	1457	7285	Demequinaceae	Demequina globuliformis	EF451745	1301	6505	Demequinaceae	Demequina lutea	6079.0	1302	30	31	1251	0.9843	0.9345
AB522643	1457	7285	Demequinaceae	Demequina globuliformis	KM591918	1445	7225	Demequinaceae	Demequina activiva	6902.0	1446	29	30	1406	0.9929	0.9553
AB522643	1457	7285	Demequinaceae	Demequina globuliformis	AB471559	1436	7180	Demequinaceae	Demequina salsinemoris	6883.0	1410	13	15	1390	0.9964	0.9586
AB522643	1457	7285	Demequinaceae	Demequina globuliformis	LC042202	1476	7380	Demequinaceae	Lysinimicrobium aestuarii	6842.0	1451	33	36	1401	0.9901	0.9392
LC042210	1478	7390	Demequinaceae	Lysinimicrobium rhizosphaerae	LC042200	1476	7380	Demequinaceae	Lysinimicrobium gelatinilyticum	7139.0	1478	21	23	1447	0.9945	0.9673
LC042210	1478	7390	Demequinaceae	Lysinimicrobium rhizosphaerae	DQ010160	1445	7225	Demequinaceae	Demequina aestuarii	6889.0	1445	24	24	1405	0.9887	0.9535
LC042210	1478	7390	Demequinaceae	Lysinimicrobium rhizosphaerae	LC042204	1475	7375	Demequinaceae	Lysinimicrobium pelophilum	7148.0	1478	14	17	1449	0.9918	0.9692
LC042210	1478	7390	Demequinaceae	Lysinimicrobium rhizosphaerae	AB522640	1443	7215	Demequinaceae	Demequina oxidasica	6768.0	1445	32	34	1390	0.9851	0.9380
LC042210	1478	7390	Demequinaceae	Lysinimicrobium rhizosphaerae	KX129916	1448	7240	Demequinaceae	Demequina litorisediminis	6856.0	1445	34	31	1402	0.9915	0.9470
LC042210	1478	7390	Demequinaceae	Lysinimicrobium rhizosphaerae	AB674957	1476	7380	Demequinaceae	Demequina sediminicola	6937.0	1478	38	40	1423	0.9896	0.9400
LC042210	1478	7390	Demequinaceae	Lysinimicrobium rhizosphaerae	AB639012	1478	7390	Demequinaceae	Lysinimicrobium mangrovi	7336.0	1478	2	2	1472	0.9973	0.9927
LC042210	1478	7390	Demequinaceae	Lysinimicrobium rhizosphaerae	LC042209	1440	7200	Demequinaceae	Lysinimicrobium subtropicum	6981.0	1442	17	19	1414	0.9937	0.9696
LC042210	1478	7390	Demequinaceae	Lysinimicrobium rhizosphaerae	EF451745	1301	6505	Demequinaceae	Demequina lutea	6118.0	1300	25	24	1255	0.9835	0.9405
LC042210	1478	7390	Demequinaceae	Lysinimicrobium rhizosphaerae	KM591918	1445	7225	Demequinaceae	Demequina activiva	6880.0	1445	26	26	1404	0.9894	0.9522
LC042210	1478	7390	Demequinaceae	Lysinimicrobium rhizosphaerae	AB471559	1436	7180	Demequinaceae	Demequina salsinemoris	6896.0	1437	23	24	1403	0.9929	0.9604
LC042210	1478	7390	Demequinaceae	Lysinimicrobium rhizosphaerae	LC042202	1476	7380	Demequinaceae	Lysinimicrobium aestuarii	7214.0	1478	15	17	1456	0.9966	0.9775
LC042200	1476	7380	Demequinaceae	Lysinimicrobium gelatinilyticum	DQ010160	1445	7225	Demequinaceae	Demequina aestuarii	6842.0	1443	33	31	1399	0.9908	0.9470
LC042200	1476	7380	Demequinaceae	Lysinimicrobium gelatinilyticum	LC042204	1475	7375	Demequinaceae	Lysinimicrobium pelophilum	7150.0	1476	16	17	1448	0.9925	0.9695
LC042200	1476	7380	Demequinaceae	Lysinimicrobium gelatinilyticum	AB522640	1443	7215	Demequinaceae	Demequina oxidasica	6781.0	1443	36	36	1391	0.9886	0.9398
LC042200	1476	7380	Demequinaceae	Lysinimicrobium gelatinilyticum	KX129916	1448	7240	Demequinaceae	Demequina litorisediminis	6848.0	1443	37	32	1400	0.9922	0.9459
LC042200	1476	7380	Demequinaceae	Lysinimicrobium gelatinilyticum	AB674957	1476	7380	Demequinaceae	Demequina sediminicola	7032.0	1476	28	28	1435	0.9910	0.9528
LC042200	1476	7380	Demequinaceae	Lysinimicrobium gelatinilyticum	AB639012	1478	7390	Demequinaceae	Lysinimicrobium mangrovi	7161.0	1476	24	22	1449	0.9966	0.9703
LC042200	1476	7380	Demequinaceae	Lysinimicrobium gelatinilyticum	LC042209	1440	7200	Demequinaceae	Lysinimicrobium subtropicum	7159.0	1440	3	3	1435	0.9986	0.9943
LC042200	1476	7380	Demequinaceae	Lysinimicrobium gelatinilyticum	EF451745	1301	6505	Demequinaceae	Demequina lutea	6078.0	1298	37	34	1249	0.9881	0.9344
LC042200	1476	7380	Demequinaceae	Lysinimicrobium gelatinilyticum	KM591918	1445	7225	Demequinaceae	Demequina activiva	6891.0	1443	28	26	1405	0.9915	0.9538
LC042200	1476	7380	Demequinaceae	Lysinimicrobium gelatinilyticum	AB471559	1436	7180	Demequinaceae	Demequina salsinemoris	6886.0	1448	23	36	1403	0.9936	0.9591
LC042200	1476	7380	Demequinaceae	Lysinimicrobium gelatinilyticum	LC042202	1476	7380	Demequinaceae	Lysinimicrobium aestuarii	7247.0	1476	9	9	1460	0.9952	0.9820
DQ010160	1445	7225	Demequinaceae	Demequina aestuarii	LC042204	1475	7375	Demequinaceae	Lysinimicrobium pelophilum	6795.0	1445	27	30	1394	0.9852	0.9405
DQ010160	1445	7225	Demequinaceae	Demequina aestuarii	AB522640	1443	7215	Demequinaceae	Demequina oxidasica	6897.0	1445	25	27	1405	0.9908	0.9559
DQ010160	1445	7225	Demequinaceae	Demequina aestuarii	KX129916	1448	7240	Demequinaceae	Demequina litorisediminis	6867.0	1445	29	26	1403	0.9887	0.9504
DQ010160	1445	7225	Demequinaceae	Demequina aestuarii	AB674957	1476	7380	Demequinaceae	Demequina sediminicola	6882.0	1445	30	32	1403	0.9929	0.9525
DQ010160	1445	7225	Demequinaceae	Demequina aestuarii	AB639012	1478	7390	Demequinaceae	Lysinimicrobium mangrovi	6859.0	1445	30	30	1401	0.9901	0.9493
DQ010160	1445	7225	Demequinaceae	Demequina aestuarii	LC042209	1440	7200	Demequinaceae	Lysinimicrobium subtropicum	6795.0	1442	33	35	1392	0.9893	0.9438
DQ010160	1445	7225	Demequinaceae	Demequina aestuarii	EF451745	1301	6505	Demequinaceae	Demequina lutea	6179.0	1300	19	18	1263	0.9852	0.9499
DQ010160	1445	7225	Demequinaceae	Demequina aestuarii	KM591918	1445	7225	Demequinaceae	Demequina activiva	7073.0	1445	3	3	1428	0.9903	0.9790
DQ010160	1445	7225	Demequinaceae	Demequina aestuarii	AB471559	1436	7180	Demequinaceae	Demequina salsinemoris	6685.0	1404	23	24	1364	0.9884	0.9311
DQ010160	1445	7225	Demequinaceae	Demequina aestuarii	LC042202	1476	7380	Demequinaceae	Lysinimicrobium aestuarii	6841.0	1445	27	29	1399	0.9880	0.9469
LC042204	1475	7375	Demequinaceae	Lysinimicrobium pelophilum	AB522640	1443	7215	Demequinaceae	Demequina oxidasica	6736.0	1442	41	40	1385	0.9879	0.9336
LC042204	1475	7375	Demequinaceae	Lysinimicrobium pelophilum	KX129916	1448	7240	Demequinaceae	Demequina litorisediminis	6885.0	1442	27	21	1405	0.9887	0.9510
LC042204	1475	7375	Demequinaceae	Lysinimicrobium pelophilum	AB674957	1476	7380	Demequinaceae	Demequina sediminicola	6958.0	1475	38	37	1425	0.9910	0.9435
LC042204	1475	7375	Demequinaceae	Lysinimicrobium pelophilum	AB639012	1478	7390	Demequinaceae	Lysinimicrobium mangrovi	7174.0	1475	18	15	1452	0.9945	0.9727
LC042204	1475	7375	Demequinaceae	Lysinimicrobium pelophilum	LC042209	1440	7200	Demequinaceae	Lysinimicrobium subtropicum	6956.0	1439	20	19	1410	0.9930	0.9661
LC042204	1475	7375	Demequinaceae	Lysinimicrobium pelophilum	EF451745	1301	6505	Demequinaceae	Demequina lutea	6097.0	1297	31	27	1252	0.9858	0.9373
LC042204	1475	7375	Demequinaceae	Lysinimicrobium pelophilum	KM591918	1445	7225	Demequinaceae	Demequina activiva	6873.0	1442	25	22	1403	0.9880	0.9513
LC042204	1475	7375	Demequinaceae	Lysinimicrobium pelophilum	AB471559	1436	7180	Demequinaceae	Demequina salsinemoris	6924.0	1434	16	14	1406	0.9901	0.9643
LC042204	1475	7375	Demequinaceae	Lysinimicrobium pelophilum	LC042202	1476	7380	Demequinaceae	Lysinimicrobium aestuarii	7094.0	1475	20	19	1441	0.9897	0.9619
AB522640	1443	7215	Demequinaceae	Demequina oxidasica	KX129916	1448	7240	Demequinaceae	Demequina litorisediminis	6862.0	1443	29	24	1402	0.9880	0.9511
AB522640	1443	7215	Demequinaceae	Demequina oxidasica	AB674957	1476	7380	Demequinaceae	Demequina sediminicola	6875.0	1443	28	28	1402	0.9908	0.9529
AB522640	1443	7215	Demequinaceae	Demequina oxidasica	AB639012	1478	7390	Demequinaceae	Lysinimicrobium mangrovi	6743.0	1443	39	37	1387	0.9865	0.9346
AB522640	1443	7215	Demequinaceae	Demequina oxidasica	LC042209	1440	7200	Demequinaceae	Lysinimicrobium subtropicum	6771.0	1440	32	32	1389	0.9865	0.9404
AB522640	1443	7215	Demequinaceae	Demequina oxidasica	EF451745	1301	6505	Demequinaceae	Demequina lutea	6153.0	1298	14	11	1260	0.9790	0.9459
AB522640	1443	7215	Demequinaceae	Demequina oxidasica	KM591918	1445	7225	Demequinaceae	Demequina activiva	6938.0	1443	22	20	1410	0.9909	0.9616
AB522640	1443	7215	Demequinaceae	Demequina oxidasica	AB471559	1436	7180	Demequinaceae	Demequina salsinemoris	6662.0	1402	31	30	1360	0.9913	0.9279
AB522640	1443	7215	Demequinaceae	Demequina oxidasica	LC042202	1476	7380	Demequinaceae	Lysinimicrobium aestuarii	6780.0	1443	25	25	1392	0.9817	0.9397
KX129916	1448	7240	Demequinaceae	Demequina litorisediminis	AB674957	1476	7380	Demequinaceae	Demequina sediminicola	6985.0	1448	14	19	1417	0.9916	0.9648
KX129916	1448	7240	Demequinaceae	Demequina litorisediminis	AB639012	1478	7390	Demequinaceae	Lysinimicrobium mangrovi	6834.0	1448	38	41	1399	0.9943	0.9439
KX129916	1448	7240	Demequinaceae	Demequina litorisediminis	LC042209	1440	7200	Demequinaceae	Lysinimicrobium subtropicum	6817.0	1445	34	39	1395	0.9922	0.9468
KX129916	1448	7240	Demequinaceae	Demequina litorisediminis	EF451745	1301	6505	Demequinaceae	Demequina lutea	6137.0	1302	27	28	1258	0.9874	0.9434
KX129916	1448	7240	Demequinaceae	Demequina litorisediminis	KM591918	1445	7225	Demequinaceae	Demequina activiva	6911.0	1448	23	26	1408	0.9902	0.9565
KX129916	1448	7240	Demequinaceae	Demequina litorisediminis	AB471559	1436	7180	Demequinaceae	Demequina salsinemoris	6854.0	1407	12	16	1385	0.9957	0.9546
KX129916	1448	7240	Demequinaceae	Demequina litorisediminis	LC042202	1476	7380	Demequinaceae	Lysinimicrobium aestuarii	6885.0	1448	23	28	1405	0.9894	0.9510
AB674957	1476	7380	Demequinaceae	Demequina sediminicola	AB639012	1478	7390	Demequinaceae	Lysinimicrobium mangrovi	6930.0	1476	46	44	1422	0.9930	0.9390
AB674957	1476	7380	Demequinaceae	Demequina sediminicola	LC042209	1440	7200	Demequinaceae	Lysinimicrobium subtropicum	6820.0	1440	31	31	1395	0.9901	0.9472
AB674957	1476	7380	Demequinaceae	Demequina sediminicola	EF451745	1301	6505	Demequinaceae	Demequina lutea	6092.0	1299	29	27	1252	0.9843	0.9365
AB674957	1476	7380	Demequinaceae	Demequina sediminicola	KM591918	1445	7225	Demequinaceae	Demequina activiva	6924.0	1443	28	26	1408	0.9936	0.9583
AB674957	1476	7380	Demequinaceae	Demequina sediminicola	AB471559	1436	7180	Demequinaceae	Demequina salsinemoris	6902.0	1443	22	29	1404	0.9929	0.9613
AB674957	1476	7380	Demequinaceae	Demequina sediminicola	LC042202	1476	7380	Demequinaceae	Lysinimicrobium aestuarii	6999.0	1476	27	27	1431	0.9876	0.9484
AB639012	1478	7390	Demequinaceae	Lysinimicrobium mangrovi	LC042209	1440	7200	Demequinaceae	Lysinimicrobium subtropicum	7003.0	1442	18	20	1416	0.9958	0.9726
AB639012	1478	7390	Demequinaceae	Lysinimicrobium mangrovi	EF451745	1301	6505	Demequinaceae	Demequina lutea	6119.0	1300	28	27	1255	0.9859	0.9407
AB639012	1478	7390	Demequinaceae	Lysinimicrobium mangrovi	KM591918	1445	7225	Demequinaceae	Demequina activiva	6861.0	1445	30	30	1402	0.9908	0.9496
AB639012	1478	7390	Demequinaceae	Lysinimicrobium mangrovi	AB471559	1436	7180	Demequinaceae	Demequina salsinemoris	6888.0	1437	28	29	1402	0.9957	0.9593
AB639012	1478	7390	Demequinaceae	Lysinimicrobium mangrovi	LC042202	1476	7380	Demequinaceae	Lysinimicrobium aestuarii	7184.0	1478	18	20	1452	0.9959	0.9734
LC042209	1440	7200	Demequinaceae	Lysinimicrobium subtropicum	EF451745	1301	6505	Demequinaceae	Demequina lutea	6078.0	1298	37	34	1249	0.9881	0.9344
LC042209	1440	7200	Demequinaceae	Lysinimicrobium subtropicum	KM591918	1445	7225	Demequinaceae	Demequina activiva	6880.0	1440	30	28	1402	0.9929	0.9556
LC042209	1440	7200	Demequinaceae	Lysinimicrobium subtropicum	AB471559	1436	7180	Demequinaceae	Demequina salsinemoris	6683.0	1412	26	39	1364	0.9934	0.9308
LC042209	1440	7200	Demequinaceae	Lysinimicrobium subtropicum	LC042202	1476	7380	Demequinaceae	Lysinimicrobium aestuarii	7072.0	1440	6	6	1425	0.9937	0.9822
EF451745	1301	6505	Demequinaceae	Demequina lutea	KM591918	1445	7225	Demequinaceae	Demequina activiva	6138.0	1301	21	22	1258	0.9836	0.9436
EF451745	1301	6505	Demequinaceae	Demequina lutea	AB471559	1436	7180	Demequinaceae	Demequina salsinemoris	6054.0	1288	26	27	1242	0.9849	0.9307
EF451745	1301	6505	Demequinaceae	Demequina lutea	LC042202	1476	7380	Demequinaceae	Lysinimicrobium aestuarii	6081.0	1301	27	30	1250	0.9835	0.9348
KM591918	1445	7225	Demequinaceae	Demequina activiva	AB471559	1436	7180	Demequinaceae	Demequina salsinemoris	6743.0	1404	19	20	1371	0.9906	0.9391
KM591918	1445	7225	Demequinaceae	Demequina activiva	LC042202	1476	7380	Demequinaceae	Lysinimicrobium aestuarii	6871.0	1445	20	22	1403	0.9859	0.9510
AB471559	1436	7180	Demequinaceae	Demequina salsinemoris	LC042202	1476	7380	Demequinaceae	Lysinimicrobium aestuarii	6869.0	1435	32	19	1401	0.9894	0.9567
