GQ863488	1485	7425	Desulfonatronaceae	Desulfonatronum alkalitolerans	FJ469577	1496	7480	Desulfonatronaceae	Desulfonatronum thioautotrophicum	6711.0	1483	55	56	1399	0.9804	0.9038
GQ863488	1485	7425	Desulfonatronaceae	Desulfonatronum alkalitolerans	KC417374	1360	6800	Desulfonatronaceae	Desulfonatronum buryatense	6220.0	1361	42	43	1292	0.9803	0.9147
GQ863488	1485	7425	Desulfonatronaceae	Desulfonatronum alkalitolerans	AF373920	1481	7405	Desulfonatronaceae	Desulfonatronum thiodismutans	6778.0	1471	45	45	1403	0.9839	0.9153
GQ863488	1485	7425	Desulfonatronaceae	Desulfonatronum alkalitolerans	AY725424	1493	7465	Desulfonatronaceae	Desulfonatronum cooperativum	7145.0	1485	16	15	1453	0.9884	0.9623
GQ863488	1485	7425	Desulfonatronaceae	Desulfonatronum alkalitolerans	FJ469578	1522	7610	Desulfonatronaceae	Desulfonatronum thiosulfatophilum	6838.0	1485	43	42	1416	0.9813	0.9209
GQ863488	1485	7425	Desulfonatronaceae	Desulfonatronum alkalitolerans	JX984981	1523	7615	Desulfonatronaceae	Desulfonatronum zhilinae	6829.0	1485	44	44	1415	0.9820	0.9197
GQ863488	1485	7425	Desulfonatronaceae	Desulfonatronum alkalitolerans	AF418171	1525	7619	Desulfonatronaceae	Desulfonatronum lacustre	6772.0	1485	48	46	1408	0.9785	0.9121
FJ469577	1496	7480	Desulfonatronaceae	Desulfonatronum thioautotrophicum	KC417374	1360	6800	Desulfonatronaceae	Desulfonatronum buryatense	6546.0	1361	9	10	1331	0.9852	0.9626
FJ469577	1496	7480	Desulfonatronaceae	Desulfonatronum thioautotrophicum	AF373920	1481	7405	Desulfonatronaceae	Desulfonatronum thiodismutans	7139.0	1481	12	12	1450	0.9871	0.9641
FJ469577	1496	7480	Desulfonatronaceae	Desulfonatronum thioautotrophicum	AY725424	1493	7465	Desulfonatronaceae	Desulfonatronum cooperativum	6848.0	1487	45	43	1418	0.9820	0.9173
FJ469577	1496	7480	Desulfonatronaceae	Desulfonatronum thioautotrophicum	FJ469578	1522	7610	Desulfonatronaceae	Desulfonatronum thiosulfatophilum	7171.0	1496	20	18	1460	0.9878	0.9587
FJ469577	1496	7480	Desulfonatronaceae	Desulfonatronum thioautotrophicum	JX984981	1523	7615	Desulfonatronaceae	Desulfonatronum zhilinae	7187.0	1496	18	16	1462	0.9878	0.9608
FJ469577	1496	7480	Desulfonatronaceae	Desulfonatronum thioautotrophicum	AF418171	1525	7619	Desulfonatronaceae	Desulfonatronum lacustre	7201.0	1496	13	9	1464	0.9845	0.9627
KC417374	1360	6800	Desulfonatronaceae	Desulfonatronum buryatense	AF373920	1481	7405	Desulfonatronaceae	Desulfonatronum thiodismutans	6644.0	1360	8	7	1342	0.9919	0.9771
KC417374	1360	6800	Desulfonatronaceae	Desulfonatronum buryatense	AY725424	1493	7465	Desulfonatronaceae	Desulfonatronum cooperativum	6306.0	1360	29	27	1303	0.9775	0.9274
KC417374	1360	6800	Desulfonatronaceae	Desulfonatronum buryatense	FJ469578	1522	7610	Desulfonatronaceae	Desulfonatronum thiosulfatophilum	6542.0	1360	15	14	1330	0.9881	0.9621
KC417374	1360	6800	Desulfonatronaceae	Desulfonatronum buryatense	JX984981	1523	7615	Desulfonatronaceae	Desulfonatronum zhilinae	6780.0	1360	1	0	1358	0.9985	0.9971
KC417374	1360	6800	Desulfonatronaceae	Desulfonatronum buryatense	AF418171	1525	7619	Desulfonatronaceae	Desulfonatronum lacustre	6735.0	1360	7	4	1353	0.9978	0.9904
AF373920	1481	7405	Desulfonatronaceae	Desulfonatronum thiodismutans	AY725424	1493	7465	Desulfonatronaceae	Desulfonatronum cooperativum	6857.0	1476	34	33	1415	0.9806	0.9260
AF373920	1481	7405	Desulfonatronaceae	Desulfonatronum thiodismutans	FJ469578	1522	7610	Desulfonatronaceae	Desulfonatronum thiosulfatophilum	7104.0	1481	14	14	1446	0.9857	0.9594
AF373920	1481	7405	Desulfonatronaceae	Desulfonatronum thiodismutans	JX984981	1523	7615	Desulfonatronaceae	Desulfonatronum zhilinae	7235.0	1481	10	10	1461	0.9932	0.9770
AF373920	1481	7405	Desulfonatronaceae	Desulfonatronum thiodismutans	AF418171	1525	7619	Desulfonatronaceae	Desulfonatronum lacustre	7231.0	1481	5	3	1461	0.9885	0.9765
AY725424	1493	7465	Desulfonatronaceae	Desulfonatronum cooperativum	FJ469578	1522	7610	Desulfonatronaceae	Desulfonatronum thiosulfatophilum	7000.0	1491	30	30	1438	0.9843	0.9377
AY725424	1493	7465	Desulfonatronaceae	Desulfonatronum cooperativum	JX984981	1523	7615	Desulfonatronaceae	Desulfonatronum zhilinae	6953.0	1491	30	31	1432	0.9808	0.9314
AY725424	1493	7465	Desulfonatronaceae	Desulfonatronum cooperativum	AF418171	1525	7619	Desulfonatronaceae	Desulfonatronum lacustre	6903.0	1491	33	32	1426	0.9774	0.9247
FJ469578	1522	7610	Desulfonatronaceae	Desulfonatronum thiosulfatophilum	JX984981	1523	7615	Desulfonatronaceae	Desulfonatronum zhilinae	7334.0	1522	13	13	1490	0.9874	0.9637
FJ469578	1522	7610	Desulfonatronaceae	Desulfonatronum thiosulfatophilum	AF418171	1525	7619	Desulfonatronaceae	Desulfonatronum lacustre	7282.0	1522	20	18	1484	0.9867	0.9569
JX984981	1523	7615	Desulfonatronaceae	Desulfonatronum zhilinae	AF418171	1525	7619	Desulfonatronaceae	Desulfonatronum lacustre	7525.0	1523	6	4	1513	0.9961	0.9882
