AJ237604	1503	7515	Desulfomicrobiaceae	Desulfomicrobium macestii	AJ277894	1517	7585	Desulfomicrobiaceae	Desulfomicrobium baculatum	7456.0	1502	0	0	1496	0.9960	0.9921
AJ237604	1503	7515	Desulfomicrobiaceae	Desulfomicrobium macestii	AY464939	1518	7590	Desulfomicrobiaceae	Desulfomicrobium thermophilum	6807.0	1503	42	38	1422	0.9706	0.9058
AJ237604	1503	7515	Desulfomicrobiaceae	Desulfomicrobium macestii	AJ277886	1463	7315	Desulfomicrobiaceae	Desulfomicrobium escambiense	7096.0	1465	12	14	1438	0.9910	0.9701
AJ237604	1503	7515	Desulfomicrobiaceae	Desulfomicrobium macestii	AJ277897	1517	7585	Desulfomicrobiaceae	Desulfomicrobium norvegicum	7483.0	1502	0	0	1499	0.9980	0.9957
AJ237604	1503	7515	Desulfomicrobiaceae	Desulfomicrobium macestii	LC017841	1437	7185	Desulfomicrobiaceae	Desulfoplanes formicivorans	6264.0	1432	70	65	1327	0.9707	0.8718
AJ237604	1503	7515	Desulfomicrobiaceae	Desulfomicrobium macestii	U64865	1440	7128	Desulfomicrobiaceae	Desulfomicrobium apsheronum	7044.0	1431	1	1	1415	0.9895	0.9882
AJ237604	1503	7515	Desulfomicrobiaceae	Desulfomicrobium macestii	AJ251623	1475	7375	Desulfomicrobiaceae	Desulfomicrobium orale	6820.0	1473	31	29	1410	0.9765	0.9247
AJ277894	1517	7585	Desulfomicrobiaceae	Desulfomicrobium baculatum	AY464939	1518	7590	Desulfomicrobiaceae	Desulfomicrobium thermophilum	6859.0	1504	35	31	1429	0.9701	0.9043
AJ277894	1517	7585	Desulfomicrobiaceae	Desulfomicrobium baculatum	AJ277886	1463	7315	Desulfomicrobiaceae	Desulfomicrobium escambiense	7110.0	1465	10	12	1440	0.9911	0.9720
AJ277894	1517	7585	Desulfomicrobiaceae	Desulfomicrobium baculatum	AJ277897	1517	7585	Desulfomicrobiaceae	Desulfomicrobium norvegicum	7558.0	1517	0	0	1514	0.9980	0.9964
AJ277894	1517	7585	Desulfomicrobiaceae	Desulfomicrobium baculatum	LC017841	1437	7185	Desulfomicrobiaceae	Desulfoplanes formicivorans	6303.0	1432	63	58	1332	0.9694	0.8772
AJ277894	1517	7585	Desulfomicrobiaceae	Desulfomicrobium baculatum	U64865	1440	7128	Desulfomicrobiaceae	Desulfomicrobium apsheronum	7039.0	1430	1	1	1414	0.9895	0.9875
AJ277894	1517	7585	Desulfomicrobiaceae	Desulfomicrobium baculatum	AJ251623	1475	7375	Desulfomicrobiaceae	Desulfomicrobium orale	6828.0	1473	31	29	1411	0.9771	0.9258
AY464939	1518	7590	Desulfomicrobiaceae	Desulfomicrobium thermophilum	AJ277886	1463	7315	Desulfomicrobiaceae	Desulfomicrobium escambiense	6484.0	1469	50	56	1368	0.9682	0.8864
AY464939	1518	7590	Desulfomicrobiaceae	Desulfomicrobium thermophilum	AJ277897	1517	7585	Desulfomicrobiaceae	Desulfomicrobium norvegicum	6838.0	1508	36	40	1426	0.9714	0.9015
AY464939	1518	7590	Desulfomicrobiaceae	Desulfomicrobium thermophilum	LC017841	1437	7185	Desulfomicrobiaceae	Desulfoplanes formicivorans	6223.0	1433	77	74	1322	0.9728	0.8661
AY464939	1518	7590	Desulfomicrobiaceae	Desulfomicrobium thermophilum	U64865	1440	7128	Desulfomicrobiaceae	Desulfomicrobium apsheronum	6461.0	1442	35	37	1352	0.9623	0.9064
AY464939	1518	7590	Desulfomicrobiaceae	Desulfomicrobium thermophilum	AJ251623	1475	7375	Desulfomicrobiaceae	Desulfomicrobium orale	6521.0	1477	51	53	1376	0.9663	0.8842
AJ277886	1463	7315	Desulfomicrobiaceae	Desulfomicrobium escambiense	AJ277897	1517	7585	Desulfomicrobiaceae	Desulfomicrobium norvegicum	7120.0	1463	13	11	1441	0.9924	0.9733
AJ277886	1463	7315	Desulfomicrobiaceae	Desulfomicrobium escambiense	LC017841	1437	7185	Desulfomicrobiaceae	Desulfoplanes formicivorans	6073.0	1410	75	68	1296	0.9657	0.8452
AJ277886	1463	7315	Desulfomicrobiaceae	Desulfomicrobium escambiense	U64865	1440	7128	Desulfomicrobiaceae	Desulfomicrobium apsheronum	6761.0	1398	12	10	1369	0.9863	0.9485
AJ277886	1463	7315	Desulfomicrobiaceae	Desulfomicrobium escambiense	AJ251623	1475	7375	Desulfomicrobiaceae	Desulfomicrobium orale	6624.0	1451	42	38	1378	0.9752	0.9055
AJ277897	1517	7585	Desulfomicrobiaceae	Desulfomicrobium norvegicum	LC017841	1437	7185	Desulfomicrobiaceae	Desulfoplanes formicivorans	6288.0	1432	66	61	1330	0.9701	0.8752
AJ277897	1517	7585	Desulfomicrobiaceae	Desulfomicrobium norvegicum	U64865	1440	7128	Desulfomicrobiaceae	Desulfomicrobium apsheronum	7066.0	1430	1	1	1417	0.9916	0.9913
AJ277897	1517	7585	Desulfomicrobiaceae	Desulfomicrobium norvegicum	AJ251623	1475	7375	Desulfomicrobiaceae	Desulfomicrobium orale	6830.0	1473	33	31	1411	0.9785	0.9261
LC017841	1437	7185	Desulfomicrobiaceae	Desulfoplanes formicivorans	U64865	1440	7128	Desulfomicrobiaceae	Desulfomicrobium apsheronum	6201.0	1430	58	68	1313	0.9640	0.8699
LC017841	1437	7185	Desulfomicrobiaceae	Desulfoplanes formicivorans	AJ251623	1475	7375	Desulfomicrobiaceae	Desulfomicrobium orale	6276.0	1436	65	70	1328	0.9722	0.8735
U64865	1440	7128	Desulfomicrobiaceae	Desulfomicrobium apsheronum	AJ251623	1475	7375	Desulfomicrobiaceae	Desulfomicrobium orale	6558.0	1420	25	25	1354	0.9706	0.9200
