X80922	1441	7163	Desulfohalobiaceae	Desulfothermus naphthae	X99235	1506	7530	Desulfohalobiaceae	Desulfohalobium retbaense	5932.0	1441	78	85	1290	0.9513	0.8281
X80922	1441	7163	Desulfohalobiaceae	Desulfothermus naphthae	AF524933	1566	7830	Desulfohalobiaceae	Desulfonauticus submarinus	6051.0	1441	96	86	1306	0.9638	0.8448
X80922	1441	7163	Desulfohalobiaceae	Desulfothermus naphthae	GQ922847	1499	7495	Desulfohalobiaceae	Desulfonatronovibrio halophilus	5813.0	1441	107	112	1273	0.9579	0.8115
X80922	1441	7163	Desulfohalobiaceae	Desulfothermus naphthae	EU296539	1414	7070	Desulfohalobiaceae	Desulfonatronospira delicata	5770.0	1417	80	92	1259	0.9502	0.8161
X80922	1441	7163	Desulfohalobiaceae	Desulfothermus naphthae	FJ194951	1547	7735	Desulfohalobiaceae	Desulfonauticus autotrophicus	6116.0	1441	84	82	1312	0.9654	0.8538
X80922	1441	7163	Desulfohalobiaceae	Desulfothermus naphthae	DQ139408	1424	7114	Desulfohalobiaceae	Desulfovermiculus halophilus	6011.0	1430	77	84	1294	0.9614	0.8450
X80922	1441	7163	Desulfohalobiaceae	Desulfothermus naphthae	GU196831	1500	7500	Desulfohalobiaceae	Desulfonatronovibrio magnus	5797.0	1441	99	103	1272	0.9507	0.8093
X80922	1441	7163	Desulfohalobiaceae	Desulfothermus naphthae	KP223255	1590	7950	Desulfohalobiaceae	Desulfonatronospira sulfatiphila	5853.0	1441	169	89	1292	0.9556	0.8171
X80922	1441	7163	Desulfohalobiaceae	Desulfothermus naphthae	DQ067421	1526	7612	Desulfohalobiaceae	Desulfohalobium utahense	6080.0	1438	128	63	1317	0.9578	0.8488
X80922	1441	7163	Desulfohalobiaceae	Desulfothermus naphthae	X99234	1503	7515	Desulfohalobiaceae	Desulfonatronovibrio hydrogenovorans	5758.0	1432	101	106	1265	0.9540	0.8039
X80922	1441	7163	Desulfohalobiaceae	Desulfothermus naphthae	EU296537	1528	7640	Desulfohalobiaceae	Desulfonatronospira thiodismutans	5937.0	1441	152	75	1302	0.9531	0.8288
X80922	1441	7163	Desulfohalobiaceae	Desulfothermus naphthae	FJ469579	1443	7215	Desulfohalobiaceae	Desulfonatronovibrio thiodismutans	5701.0	1420	98	103	1253	0.9514	0.7959
X80922	1441	7163	Desulfohalobiaceae	Desulfothermus naphthae	AB264617	1440	7194	Desulfohalobiaceae	Desulfothermus okinawensis	6805.0	1439	22	25	1391	0.9837	0.9500
X99235	1506	7530	Desulfohalobiaceae	Desulfohalobium retbaense	AF524933	1566	7830	Desulfohalobiaceae	Desulfonauticus submarinus	6235.0	1506	116	92	1358	0.9604	0.8280
X99235	1506	7530	Desulfohalobiaceae	Desulfohalobium retbaense	GQ922847	1499	7495	Desulfohalobiaceae	Desulfonatronovibrio halophilus	6282.0	1497	83	81	1356	0.9576	0.8382
X99235	1506	7530	Desulfohalobiaceae	Desulfohalobium retbaense	EU296539	1414	7070	Desulfohalobiaceae	Desulfonatronospira delicata	6112.0	1419	69	74	1302	0.9680	0.8645
X99235	1506	7530	Desulfohalobiaceae	Desulfohalobium retbaense	FJ194951	1547	7735	Desulfohalobiaceae	Desulfonauticus autotrophicus	6291.0	1506	103	89	1363	0.9619	0.8355
X99235	1506	7530	Desulfohalobiaceae	Desulfohalobium retbaense	DQ139408	1424	7114	Desulfohalobiaceae	Desulfovermiculus halophilus	6118.0	1424	65	65	1307	0.9617	0.8600
X99235	1506	7530	Desulfohalobiaceae	Desulfohalobium retbaense	GU196831	1500	7500	Desulfohalobiaceae	Desulfonatronovibrio magnus	6217.0	1498	85	83	1348	0.9527	0.8289
X99235	1506	7530	Desulfohalobiaceae	Desulfohalobium retbaense	KP223255	1590	7950	Desulfohalobiaceae	Desulfonatronospira sulfatiphila	6296.0	1500	163	76	1371	0.9628	0.8361
X99235	1506	7530	Desulfohalobiaceae	Desulfohalobium retbaense	DQ067421	1526	7612	Desulfohalobiaceae	Desulfohalobium utahense	6239.0	1463	132	69	1344	0.9641	0.8286
X99235	1506	7530	Desulfohalobiaceae	Desulfohalobium retbaense	X99234	1503	7515	Desulfohalobiaceae	Desulfonatronovibrio hydrogenovorans	6169.0	1488	89	87	1339	0.9557	0.8209
X99235	1506	7530	Desulfohalobiaceae	Desulfohalobium retbaense	EU296537	1528	7640	Desulfohalobiaceae	Desulfonatronospira thiodismutans	6176.0	1444	150	66	1333	0.9673	0.8202
X99235	1506	7530	Desulfohalobiaceae	Desulfohalobium retbaense	FJ469579	1443	7215	Desulfohalobiaceae	Desulfonatronovibrio thiodismutans	5985.0	1442	76	75	1300	0.9510	0.8295
X99235	1506	7530	Desulfohalobiaceae	Desulfohalobium retbaense	AB264617	1440	7194	Desulfohalobiaceae	Desulfothermus okinawensis	5940.0	1434	87	81	1290	0.9534	0.8257
AF524933	1566	7830	Desulfohalobiaceae	Desulfonauticus submarinus	GQ922847	1499	7495	Desulfohalobiaceae	Desulfonatronovibrio halophilus	6234.0	1516	87	104	1353	0.9582	0.8318
AF524933	1566	7830	Desulfohalobiaceae	Desulfonauticus submarinus	EU296539	1414	7070	Desulfohalobiaceae	Desulfonatronospira delicata	6007.0	1435	71	92	1293	0.9628	0.8496
AF524933	1566	7830	Desulfohalobiaceae	Desulfonauticus submarinus	FJ194951	1547	7735	Desulfohalobiaceae	Desulfonauticus autotrophicus	7135.0	1556	29	39	1479	0.9750	0.9224
AF524933	1566	7830	Desulfohalobiaceae	Desulfonauticus submarinus	DQ139408	1424	7114	Desulfohalobiaceae	Desulfovermiculus halophilus	5898.0	1441	96	113	1280	0.9639	0.8291
AF524933	1566	7830	Desulfohalobiaceae	Desulfonauticus submarinus	GU196831	1500	7500	Desulfohalobiaceae	Desulfonatronovibrio magnus	6198.0	1517	95	112	1349	0.9601	0.8264
AF524933	1566	7830	Desulfohalobiaceae	Desulfonauticus submarinus	KP223255	1590	7950	Desulfohalobiaceae	Desulfonatronospira sulfatiphila	6376.0	1522	150	83	1386	0.9632	0.8143
AF524933	1566	7830	Desulfohalobiaceae	Desulfonauticus submarinus	DQ067421	1526	7612	Desulfohalobiaceae	Desulfohalobium utahense	6067.0	1467	152	93	1323	0.9629	0.7970
AF524933	1566	7830	Desulfohalobiaceae	Desulfonauticus submarinus	X99234	1503	7515	Desulfohalobiaceae	Desulfonatronovibrio hydrogenovorans	6158.0	1534	93	125	1347	0.9560	0.8194
AF524933	1566	7830	Desulfohalobiaceae	Desulfonauticus submarinus	EU296537	1528	7640	Desulfohalobiaceae	Desulfonatronospira thiodismutans	6164.0	1461	138	71	1336	0.9612	0.8068
AF524933	1566	7830	Desulfohalobiaceae	Desulfonauticus submarinus	FJ469579	1443	7215	Desulfohalobiaceae	Desulfonatronovibrio thiodismutans	5981.0	1461	86	104	1301	0.9587	0.8290
AF524933	1566	7830	Desulfohalobiaceae	Desulfonauticus submarinus	AB264617	1440	7194	Desulfohalobiaceae	Desulfothermus okinawensis	6050.0	1451	86	98	1306	0.9653	0.8410
GQ922847	1499	7495	Desulfohalobiaceae	Desulfonatronovibrio halophilus	EU296539	1414	7070	Desulfohalobiaceae	Desulfonatronospira delicata	6456.0	1413	39	42	1341	0.9781	0.9132
GQ922847	1499	7495	Desulfohalobiaceae	Desulfonatronovibrio halophilus	FJ194951	1547	7735	Desulfohalobiaceae	Desulfonauticus autotrophicus	6236.0	1499	101	94	1351	0.9616	0.8320
GQ922847	1499	7495	Desulfohalobiaceae	Desulfonatronovibrio halophilus	DQ139408	1424	7114	Desulfohalobiaceae	Desulfovermiculus halophilus	5963.0	1426	82	84	1287	0.9590	0.8382
GQ922847	1499	7495	Desulfohalobiaceae	Desulfonatronovibrio halophilus	GU196831	1500	7500	Desulfohalobiaceae	Desulfonatronovibrio magnus	7047.0	1499	31	31	1446	0.9850	0.9402
GQ922847	1499	7495	Desulfohalobiaceae	Desulfonatronovibrio halophilus	KP223255	1590	7950	Desulfohalobiaceae	Desulfonatronospira sulfatiphila	6779.0	1497	119	34	1428	0.9761	0.9045
GQ922847	1499	7495	Desulfohalobiaceae	Desulfonatronovibrio halophilus	DQ067421	1526	7612	Desulfohalobiaceae	Desulfohalobium utahense	6070.0	1465	149	88	1323	0.9608	0.8099
GQ922847	1499	7495	Desulfohalobiaceae	Desulfonatronovibrio halophilus	X99234	1503	7515	Desulfohalobiaceae	Desulfonatronovibrio hydrogenovorans	7005.0	1485	22	22	1436	0.9815	0.9346
GQ922847	1499	7495	Desulfohalobiaceae	Desulfonatronovibrio halophilus	EU296537	1528	7640	Desulfohalobiaceae	Desulfonatronospira thiodismutans	6564.0	1442	118	36	1377	0.9794	0.8758
GQ922847	1499	7495	Desulfohalobiaceae	Desulfonatronovibrio halophilus	FJ469579	1443	7215	Desulfohalobiaceae	Desulfonatronovibrio thiodismutans	6861.0	1444	19	20	1402	0.9846	0.9509
GQ922847	1499	7495	Desulfohalobiaceae	Desulfonatronovibrio halophilus	AB264617	1440	7194	Desulfohalobiaceae	Desulfothermus okinawensis	5885.0	1432	106	101	1281	0.9624	0.8180
EU296539	1414	7070	Desulfohalobiaceae	Desulfonatronospira delicata	FJ194951	1547	7735	Desulfohalobiaceae	Desulfonauticus autotrophicus	6034.0	1414	93	79	1294	0.9693	0.8535
EU296539	1414	7070	Desulfohalobiaceae	Desulfonatronospira delicata	DQ139408	1424	7114	Desulfohalobiaceae	Desulfovermiculus halophilus	5933.0	1394	72	67	1273	0.9593	0.8392
EU296539	1414	7070	Desulfohalobiaceae	Desulfonatronospira delicata	GU196831	1500	7500	Desulfohalobiaceae	Desulfonatronovibrio magnus	6344.0	1410	52	49	1327	0.9750	0.8973
EU296539	1414	7070	Desulfohalobiaceae	Desulfonatronospira delicata	KP223255	1590	7950	Desulfohalobiaceae	Desulfonatronospira sulfatiphila	6716.0	1408	101	10	1383	0.9893	0.9499
EU296539	1414	7070	Desulfohalobiaceae	Desulfonatronospira delicata	DQ067421	1526	7612	Desulfohalobiaceae	Desulfohalobium utahense	6012.0	1402	125	48	1296	0.9572	0.8504
EU296539	1414	7070	Desulfohalobiaceae	Desulfonatronospira delicata	X99234	1503	7515	Desulfohalobiaceae	Desulfonatronovibrio hydrogenovorans	6177.0	1396	61	58	1301	0.9723	0.8737
EU296539	1414	7070	Desulfohalobiaceae	Desulfonatronospira delicata	EU296537	1528	7640	Desulfohalobiaceae	Desulfonatronospira thiodismutans	6886.0	1414	88	0	1405	0.9936	0.9740
EU296539	1414	7070	Desulfohalobiaceae	Desulfonatronospira delicata	FJ469579	1443	7215	Desulfohalobiaceae	Desulfonatronovibrio thiodismutans	6234.0	1384	45	43	1304	0.9724	0.8818
EU296539	1414	7070	Desulfohalobiaceae	Desulfonatronospira delicata	AB264617	1440	7194	Desulfohalobiaceae	Desulfothermus okinawensis	5848.0	1400	96	84	1266	0.9620	0.8272
FJ194951	1547	7735	Desulfohalobiaceae	Desulfonauticus autotrophicus	DQ139408	1424	7114	Desulfohalobiaceae	Desulfovermiculus halophilus	5909.0	1433	96	105	1280	0.9639	0.8306
FJ194951	1547	7735	Desulfohalobiaceae	Desulfonauticus autotrophicus	GU196831	1500	7500	Desulfohalobiaceae	Desulfonatronovibrio magnus	6215.0	1507	103	110	1348	0.9649	0.8287
FJ194951	1547	7735	Desulfohalobiaceae	Desulfonauticus autotrophicus	KP223255	1590	7950	Desulfohalobiaceae	Desulfonatronospira sulfatiphila	6381.0	1518	159	87	1385	0.9679	0.8250
FJ194951	1547	7735	Desulfohalobiaceae	Desulfonauticus autotrophicus	DQ067421	1526	7612	Desulfohalobiaceae	Desulfohalobium utahense	6052.0	1490	150	114	1326	0.9637	0.7951
FJ194951	1547	7735	Desulfohalobiaceae	Desulfonauticus autotrophicus	X99234	1503	7515	Desulfohalobiaceae	Desulfonatronovibrio hydrogenovorans	6223.0	1524	96	118	1353	0.9623	0.8281
FJ194951	1547	7735	Desulfohalobiaceae	Desulfonauticus autotrophicus	EU296537	1528	7640	Desulfohalobiaceae	Desulfonatronospira thiodismutans	6169.0	1453	150	75	1334	0.9681	0.8075
FJ194951	1547	7735	Desulfohalobiaceae	Desulfonauticus autotrophicus	FJ469579	1443	7215	Desulfohalobiaceae	Desulfonatronovibrio thiodismutans	6001.0	1451	91	99	1301	0.9623	0.8317
FJ194951	1547	7735	Desulfohalobiaceae	Desulfonauticus autotrophicus	AB264617	1440	7194	Desulfohalobiaceae	Desulfothermus okinawensis	6076.0	1441	88	89	1307	0.9667	0.8446
DQ139408	1424	7114	Desulfohalobiaceae	Desulfovermiculus halophilus	GU196831	1500	7500	Desulfohalobiaceae	Desulfonatronovibrio magnus	5850.0	1424	98	94	1273	0.9571	0.8223
DQ139408	1424	7114	Desulfohalobiaceae	Desulfovermiculus halophilus	KP223255	1590	7950	Desulfohalobiaceae	Desulfonatronospira sulfatiphila	5943.0	1424	158	71	1299	0.9601	0.8354
DQ139408	1424	7114	Desulfohalobiaceae	Desulfovermiculus halophilus	DQ067421	1526	7612	Desulfohalobiaceae	Desulfohalobium utahense	6749.0	1424	99	23	1390	0.9921	0.9487
DQ139408	1424	7114	Desulfohalobiaceae	Desulfovermiculus halophilus	X99234	1503	7515	Desulfohalobiaceae	Desulfonatronovibrio hydrogenovorans	5859.0	1424	97	95	1274	0.9586	0.8236
DQ139408	1424	7114	Desulfohalobiaceae	Desulfovermiculus halophilus	EU296537	1528	7640	Desulfohalobiaceae	Desulfonatronospira thiodismutans	6029.0	1424	148	64	1307	0.9610	0.8475
DQ139408	1424	7114	Desulfohalobiaceae	Desulfovermiculus halophilus	FJ469579	1443	7215	Desulfohalobiaceae	Desulfonatronovibrio thiodismutans	5871.0	1414	92	89	1272	0.9600	0.8253
DQ139408	1424	7114	Desulfohalobiaceae	Desulfovermiculus halophilus	AB264617	1440	7194	Desulfohalobiaceae	Desulfothermus okinawensis	6055.0	1424	81	74	1299	0.9622	0.8511
GU196831	1500	7500	Desulfohalobiaceae	Desulfonatronovibrio magnus	KP223255	1590	7950	Desulfohalobiaceae	Desulfonatronospira sulfatiphila	6685.0	1498	133	48	1415	0.9759	0.8913
GU196831	1500	7500	Desulfohalobiaceae	Desulfonatronovibrio magnus	DQ067421	1526	7612	Desulfohalobiaceae	Desulfohalobium utahense	5999.0	1483	141	98	1319	0.9523	0.7999
GU196831	1500	7500	Desulfohalobiaceae	Desulfonatronovibrio magnus	X99234	1503	7515	Desulfohalobiaceae	Desulfonatronovibrio hydrogenovorans	7078.0	1486	24	24	1445	0.9884	0.9437
GU196831	1500	7500	Desulfohalobiaceae	Desulfonatronovibrio magnus	EU296537	1528	7640	Desulfohalobiaceae	Desulfonatronospira thiodismutans	6459.0	1444	124	44	1365	0.9750	0.8612
GU196831	1500	7500	Desulfohalobiaceae	Desulfonatronovibrio magnus	FJ469579	1443	7215	Desulfohalobiaceae	Desulfonatronovibrio thiodismutans	6934.0	1444	19	20	1410	0.9902	0.9611
GU196831	1500	7500	Desulfohalobiaceae	Desulfonatronovibrio magnus	AB264617	1440	7194	Desulfohalobiaceae	Desulfothermus okinawensis	5819.0	1435	107	103	1274	0.9565	0.8089
KP223255	1590	7950	Desulfohalobiaceae	Desulfonatronospira sulfatiphila	DQ067421	1526	7612	Desulfohalobiaceae	Desulfohalobium utahense	6312.0	1562	86	122	1375	0.9549	0.8292
KP223255	1590	7950	Desulfohalobiaceae	Desulfonatronospira sulfatiphila	X99234	1503	7515	Desulfohalobiaceae	Desulfonatronovibrio hydrogenovorans	6580.0	1577	49	133	1401	0.9702	0.8756
KP223255	1590	7950	Desulfohalobiaceae	Desulfonatronospira sulfatiphila	EU296537	1528	7640	Desulfohalobiaceae	Desulfonatronospira thiodismutans	7359.0	1525	9	12	1494	0.9874	0.9632
KP223255	1590	7950	Desulfohalobiaceae	Desulfonatronospira sulfatiphila	FJ469579	1443	7215	Desulfohalobiaceae	Desulfonatronovibrio thiodismutans	6489.0	1529	33	119	1371	0.9723	0.8994
KP223255	1590	7950	Desulfohalobiaceae	Desulfonatronospira sulfatiphila	AB264617	1440	7194	Desulfohalobiaceae	Desulfothermus okinawensis	5886.0	1517	92	172	1294	0.9621	0.8182
DQ067421	1526	7612	Desulfohalobiaceae	Desulfohalobium utahense	X99234	1503	7515	Desulfohalobiaceae	Desulfonatronovibrio hydrogenovorans	5957.0	1519	102	143	1312	0.9535	0.7927
DQ067421	1526	7612	Desulfohalobiaceae	Desulfohalobium utahense	EU296537	1528	7640	Desulfohalobiaceae	Desulfonatronospira thiodismutans	6313.0	1505	91	80	1363	0.9565	0.8293
DQ067421	1526	7612	Desulfohalobiaceae	Desulfohalobium utahense	FJ469579	1443	7215	Desulfohalobiaceae	Desulfonatronovibrio thiodismutans	5948.0	1502	81	140	1301	0.9552	0.8244
DQ067421	1526	7612	Desulfohalobiaceae	Desulfohalobium utahense	AB264617	1440	7194	Desulfohalobiaceae	Desulfothermus okinawensis	6100.0	1508	67	135	1320	0.9614	0.8479
X99234	1503	7515	Desulfohalobiaceae	Desulfonatronovibrio hydrogenovorans	EU296537	1528	7640	Desulfohalobiaceae	Desulfonatronospira thiodismutans	6298.0	1428	132	50	1339	0.9717	0.8381
X99234	1503	7515	Desulfohalobiaceae	Desulfonatronovibrio hydrogenovorans	FJ469579	1443	7215	Desulfohalobiaceae	Desulfonatronovibrio thiodismutans	6862.0	1445	23	25	1402	0.9873	0.9511
X99234	1503	7515	Desulfohalobiaceae	Desulfonatronovibrio hydrogenovorans	AB264617	1440	7194	Desulfohalobiaceae	Desulfothermus okinawensis	5801.0	1428	106	101	1270	0.9570	0.8064
EU296537	1528	7640	Desulfohalobiaceae	Desulfonatronospira thiodismutans	FJ469579	1443	7215	Desulfohalobiaceae	Desulfonatronovibrio thiodismutans	6365.0	1498	37	118	1344	0.9739	0.8822
EU296537	1528	7640	Desulfohalobiaceae	Desulfonatronospira thiodismutans	AB264617	1440	7194	Desulfohalobiaceae	Desulfothermus okinawensis	5997.0	1514	80	157	1307	0.9632	0.8336
FJ469579	1443	7215	Desulfohalobiaceae	Desulfonatronovibrio thiodismutans	AB264617	1440	7194	Desulfohalobiaceae	Desulfothermus okinawensis	5765.0	1418	102	97	1262	0.9553	0.8014
