KF785806	1418	7090	Eggerthellaceae	Gordonibacter faecihominis	GQ456228	1442	7210	Eggerthellaceae	Parvibacter caecicola	6373.0	1418	63	64	1333	0.9845	0.8989
KF785806	1418	7090	Eggerthellaceae	Gordonibacter faecihominis	HG000667	1477	7385	Eggerthellaceae	Gordonibacter urolithinfaciens	7012.0	1418	1	2	1409	0.9951	0.9890
KF785806	1418	7090	Eggerthellaceae	Gordonibacter faecihominis	AF101241	1465	7319	Eggerthellaceae	Slackia heliotrinireducens	6229.0	1412	65	61	1315	0.9734	0.8786
KF785806	1418	7090	Eggerthellaceae	Gordonibacter faecihominis	U43492	1413	6897	Eggerthellaceae	Denitrobacterium detoxificans	6051.0	1406	59	54	1288	0.9527	0.8773
KF785806	1418	7090	Eggerthellaceae	Gordonibacter faecihominis	AB490806	1440	7200	Eggerthellaceae	Slackia piriformis	6233.0	1412	71	69	1314	0.9784	0.8791
KF785806	1418	7090	Eggerthellaceae	Gordonibacter faecihominis	AF292375	1500	7500	Eggerthellaceae	Eggerthella lenta	6418.0	1418	54	56	1338	0.9824	0.9052
KF785806	1418	7090	Eggerthellaceae	Gordonibacter faecihominis	AF101240	1465	7325	Eggerthellaceae	Slackia exigua	6188.0	1412	66	62	1310	0.9704	0.8728
KF785806	1418	7090	Eggerthellaceae	Gordonibacter faecihominis	DQ789120	1474	7370	Eggerthellaceae	Enterorhabdus caecimuris	6340.0	1418	74	70	1329	0.9859	0.8942
KF785806	1418	7090	Eggerthellaceae	Gordonibacter faecihominis	AY288517	1427	7135	Eggerthellaceae	Paraeggerthella hongkongensis	6521.0	1412	38	37	1350	0.9818	0.9197
KF785806	1418	7090	Eggerthellaceae	Gordonibacter faecihominis	KR364735	1399	6995	Eggerthellaceae	Enterorhabdus muris	6242.0	1396	68	68	1307	0.9842	0.8924
KF785806	1418	7090	Eggerthellaceae	Gordonibacter faecihominis	EU377663	1474	7370	Eggerthellaceae	Slackia equolifaciens	6199.0	1418	72	68	1312	0.9719	0.8743
KF785806	1418	7090	Eggerthellaceae	Gordonibacter faecihominis	AJ608686	1476	7380	Eggerthellaceae	Slackia faecicanis	6188.0	1412	68	65	1310	0.9725	0.8728
KF785806	1418	7090	Eggerthellaceae	Gordonibacter faecihominis	AY321958	1429	7145	Eggerthellaceae	Eggerthella sinensis	6511.0	1412	38	35	1349	0.9797	0.9183
KF785806	1418	7090	Eggerthellaceae	Gordonibacter faecihominis	AM747811	1450	7250	Eggerthellaceae	Enterorhabdus mucosicola	6316.0	1418	65	66	1326	0.9808	0.8908
KF785806	1418	7090	Eggerthellaceae	Gordonibacter faecihominis	JF824809	1341	6705	Eggerthellaceae	Senegalimassilia anaerobia	5746.0	1383	52	134	1223	0.9792	0.8570
KF785806	1418	7090	Eggerthellaceae	Gordonibacter faecihominis	AB019260	1429	7097	Eggerthellaceae	Cryptobacterium curtum	5950.0	1417	91	89	1280	0.9639	0.8392
KF785806	1418	7090	Eggerthellaceae	Gordonibacter faecihominis	AM886059	1431	7155	Eggerthellaceae	Gordonibacter pamelaeae	6811.0	1412	17	17	1383	0.9914	0.9606
KF785806	1418	7090	Eggerthellaceae	Gordonibacter faecihominis	AB266102	1428	7140	Eggerthellaceae	Asaccharobacter celatus	6301.0	1412	71	69	1321	0.9836	0.8887
KF785806	1418	7090	Eggerthellaceae	Gordonibacter faecihominis	AB306661	1469	7345	Eggerthellaceae	Adlercreutzia equolifaciens	6336.0	1418	68	69	1327	0.9837	0.8937
KF785806	1418	7090	Eggerthellaceae	Gordonibacter faecihominis	EU826403	1339	6695	Eggerthellaceae	Slackia isoflavoniconvertens	5701.0	1336	77	76	1219	0.9675	0.8515
GQ456228	1442	7210	Eggerthellaceae	Parvibacter caecicola	HG000667	1477	7385	Eggerthellaceae	Gordonibacter urolithinfaciens	6533.0	1442	58	59	1362	0.9848	0.9061
GQ456228	1442	7210	Eggerthellaceae	Parvibacter caecicola	AF101241	1465	7319	Eggerthellaceae	Slackia heliotrinireducens	6311.0	1434	62	57	1335	0.9695	0.8753
GQ456228	1442	7210	Eggerthellaceae	Parvibacter caecicola	U43492	1413	6897	Eggerthellaceae	Denitrobacterium detoxificans	6098.0	1415	61	63	1296	0.9586	0.8842
GQ456228	1442	7210	Eggerthellaceae	Parvibacter caecicola	AB490806	1440	7200	Eggerthellaceae	Slackia piriformis	6386.0	1434	60	57	1343	0.9753	0.8869
GQ456228	1442	7210	Eggerthellaceae	Parvibacter caecicola	AF292375	1500	7500	Eggerthellaceae	Eggerthella lenta	6557.0	1442	61	62	1364	0.9884	0.9094
GQ456228	1442	7210	Eggerthellaceae	Parvibacter caecicola	AF101240	1465	7325	Eggerthellaceae	Slackia exigua	6163.0	1434	76	71	1317	0.9663	0.8548
GQ456228	1442	7210	Eggerthellaceae	Parvibacter caecicola	DQ789120	1474	7370	Eggerthellaceae	Enterorhabdus caecimuris	6744.0	1442	37	32	1388	0.9844	0.9354
GQ456228	1442	7210	Eggerthellaceae	Parvibacter caecicola	AY288517	1427	7135	Eggerthellaceae	Paraeggerthella hongkongensis	6402.0	1425	57	55	1340	0.9781	0.8973
GQ456228	1442	7210	Eggerthellaceae	Parvibacter caecicola	KR364735	1399	6995	Eggerthellaceae	Enterorhabdus muris	6557.0	1395	27	25	1347	0.9832	0.9374
GQ456228	1442	7210	Eggerthellaceae	Parvibacter caecicola	EU377663	1474	7370	Eggerthellaceae	Slackia equolifaciens	6262.0	1442	69	64	1332	0.9666	0.8685
GQ456228	1442	7210	Eggerthellaceae	Parvibacter caecicola	AJ608686	1476	7380	Eggerthellaceae	Slackia faecicanis	6348.0	1434	64	60	1338	0.9738	0.8804
GQ456228	1442	7210	Eggerthellaceae	Parvibacter caecicola	AY321958	1429	7145	Eggerthellaceae	Eggerthella sinensis	6483.0	1425	55	51	1350	0.9825	0.9073
GQ456228	1442	7210	Eggerthellaceae	Parvibacter caecicola	AM747811	1450	7250	Eggerthellaceae	Enterorhabdus mucosicola	6727.0	1442	29	29	1386	0.9809	0.9330
GQ456228	1442	7210	Eggerthellaceae	Parvibacter caecicola	JF824809	1341	6705	Eggerthellaceae	Senegalimassilia anaerobia	5851.0	1344	56	77	1237	0.9763	0.8726
GQ456228	1442	7210	Eggerthellaceae	Parvibacter caecicola	AB019260	1429	7097	Eggerthellaceae	Cryptobacterium curtum	5886.0	1423	97	96	1276	0.9616	0.8294
GQ456228	1442	7210	Eggerthellaceae	Parvibacter caecicola	AM886059	1431	7155	Eggerthellaceae	Gordonibacter pamelaeae	6407.0	1430	55	54	1343	0.9760	0.8955
GQ456228	1442	7210	Eggerthellaceae	Parvibacter caecicola	AB266102	1428	7140	Eggerthellaceae	Asaccharobacter celatus	6617.0	1413	34	31	1361	0.9848	0.9268
GQ456228	1442	7210	Eggerthellaceae	Parvibacter caecicola	AB306661	1469	7345	Eggerthellaceae	Adlercreutzia equolifaciens	6767.0	1442	30	30	1390	0.9844	0.9386
GQ456228	1442	7210	Eggerthellaceae	Parvibacter caecicola	EU826403	1339	6695	Eggerthellaceae	Slackia isoflavoniconvertens	5700.0	1337	74	73	1221	0.9660	0.8514
HG000667	1477	7385	Eggerthellaceae	Gordonibacter urolithinfaciens	AF101241	1465	7319	Eggerthellaceae	Slackia heliotrinireducens	6461.0	1464	64	63	1363	0.9729	0.8828
HG000667	1477	7385	Eggerthellaceae	Gordonibacter urolithinfaciens	U43492	1413	6897	Eggerthellaceae	Denitrobacterium detoxificans	6113.0	1415	59	61	1297	0.9579	0.8863
HG000667	1477	7385	Eggerthellaceae	Gordonibacter urolithinfaciens	AB490806	1440	7200	Eggerthellaceae	Slackia piriformis	6388.0	1437	68	65	1343	0.9789	0.8872
HG000667	1477	7385	Eggerthellaceae	Gordonibacter urolithinfaciens	AF292375	1500	7500	Eggerthellaceae	Eggerthella lenta	6752.0	1477	54	54	1402	0.9852	0.9143
HG000667	1477	7385	Eggerthellaceae	Gordonibacter urolithinfaciens	AF101240	1465	7325	Eggerthellaceae	Slackia exigua	6435.0	1460	65	60	1359	0.9707	0.8785
HG000667	1477	7385	Eggerthellaceae	Gordonibacter urolithinfaciens	DQ789120	1474	7370	Eggerthellaceae	Enterorhabdus caecimuris	6570.0	1461	73	72	1373	0.9885	0.8915
HG000667	1477	7385	Eggerthellaceae	Gordonibacter urolithinfaciens	AY288517	1427	7135	Eggerthellaceae	Paraeggerthella hongkongensis	6603.0	1425	40	38	1365	0.9841	0.9254
HG000667	1477	7385	Eggerthellaceae	Gordonibacter urolithinfaciens	KR364735	1399	6995	Eggerthellaceae	Enterorhabdus muris	6288.0	1396	66	64	1313	0.9857	0.8989
HG000667	1477	7385	Eggerthellaceae	Gordonibacter urolithinfaciens	EU377663	1474	7370	Eggerthellaceae	Slackia equolifaciens	6401.0	1461	70	69	1353	0.9720	0.8685
HG000667	1477	7385	Eggerthellaceae	Gordonibacter urolithinfaciens	AJ608686	1476	7380	Eggerthellaceae	Slackia faecicanis	6515.0	1470	64	60	1373	0.9738	0.8828
HG000667	1477	7385	Eggerthellaceae	Gordonibacter urolithinfaciens	AY321958	1429	7145	Eggerthellaceae	Eggerthella sinensis	6601.0	1425	39	35	1365	0.9820	0.9239
HG000667	1477	7385	Eggerthellaceae	Gordonibacter urolithinfaciens	AM747811	1450	7250	Eggerthellaceae	Enterorhabdus mucosicola	6513.0	1448	65	64	1362	0.9841	0.8983
HG000667	1477	7385	Eggerthellaceae	Gordonibacter urolithinfaciens	JF824809	1341	6705	Eggerthellaceae	Senegalimassilia anaerobia	5969.0	1423	52	134	1266	0.9822	0.8902
HG000667	1477	7385	Eggerthellaceae	Gordonibacter urolithinfaciens	AB019260	1429	7097	Eggerthellaceae	Cryptobacterium curtum	5991.0	1422	91	89	1287	0.9655	0.8442
HG000667	1477	7385	Eggerthellaceae	Gordonibacter urolithinfaciens	AM886059	1431	7155	Eggerthellaceae	Gordonibacter pamelaeae	6874.0	1430	20	19	1398	0.9908	0.9607
HG000667	1477	7385	Eggerthellaceae	Gordonibacter urolithinfaciens	AB266102	1428	7140	Eggerthellaceae	Asaccharobacter celatus	6330.0	1412	71	67	1325	0.9851	0.8866
HG000667	1477	7385	Eggerthellaceae	Gordonibacter urolithinfaciens	AB306661	1469	7345	Eggerthellaceae	Adlercreutzia equolifaciens	6549.0	1461	68	72	1369	0.9856	0.8916
HG000667	1477	7385	Eggerthellaceae	Gordonibacter urolithinfaciens	EU826403	1339	6695	Eggerthellaceae	Slackia isoflavoniconvertens	5729.0	1336	75	73	1223	0.9683	0.8557
AF101241	1465	7319	Eggerthellaceae	Slackia heliotrinireducens	U43492	1413	6897	Eggerthellaceae	Denitrobacterium detoxificans	5953.0	1421	55	63	1281	0.9433	0.8631
AF101241	1465	7319	Eggerthellaceae	Slackia heliotrinireducens	AB490806	1440	7200	Eggerthellaceae	Slackia piriformis	6414.0	1442	46	48	1349	0.9677	0.8908
AF101241	1465	7319	Eggerthellaceae	Slackia heliotrinireducens	AF292375	1500	7500	Eggerthellaceae	Eggerthella lenta	6391.0	1465	67	69	1355	0.9706	0.8732
AF101241	1465	7319	Eggerthellaceae	Slackia heliotrinireducens	AF101240	1465	7325	Eggerthellaceae	Slackia exigua	6752.0	1465	35	36	1398	0.9783	0.9225
AF101241	1465	7319	Eggerthellaceae	Slackia heliotrinireducens	DQ789120	1474	7370	Eggerthellaceae	Enterorhabdus caecimuris	6384.0	1454	65	65	1349	0.9712	0.8723
AF101241	1465	7319	Eggerthellaceae	Slackia heliotrinireducens	AY288517	1427	7135	Eggerthellaceae	Paraeggerthella hongkongensis	6237.0	1430	68	71	1322	0.9728	0.8741
AF101241	1465	7319	Eggerthellaceae	Slackia heliotrinireducens	KR364735	1399	6995	Eggerthellaceae	Enterorhabdus muris	6119.0	1391	53	55	1293	0.9678	0.8748
AF101241	1465	7319	Eggerthellaceae	Slackia heliotrinireducens	EU377663	1474	7370	Eggerthellaceae	Slackia equolifaciens	6378.0	1454	66	66	1349	0.9719	0.8714
AF101241	1465	7319	Eggerthellaceae	Slackia heliotrinireducens	AJ608686	1476	7380	Eggerthellaceae	Slackia faecicanis	6485.0	1465	59	56	1367	0.9702	0.8860
AF101241	1465	7319	Eggerthellaceae	Slackia heliotrinireducens	AY321958	1429	7145	Eggerthellaceae	Eggerthella sinensis	6281.0	1430	53	54	1329	0.9658	0.8791
AF101241	1465	7319	Eggerthellaceae	Slackia heliotrinireducens	AM747811	1450	7250	Eggerthellaceae	Enterorhabdus mucosicola	6289.0	1446	65	70	1335	0.9702	0.8674
AF101241	1465	7319	Eggerthellaceae	Slackia heliotrinireducens	JF824809	1341	6705	Eggerthellaceae	Senegalimassilia anaerobia	5925.0	1367	55	82	1253	0.9751	0.8837
AF101241	1465	7319	Eggerthellaceae	Slackia heliotrinireducens	AB019260	1429	7097	Eggerthellaceae	Cryptobacterium curtum	6023.0	1420	75	79	1291	0.9627	0.8487
AF101241	1465	7319	Eggerthellaceae	Slackia heliotrinireducens	AM886059	1431	7155	Eggerthellaceae	Gordonibacter pamelaeae	6284.0	1435	58	62	1330	0.9687	0.8783
AF101241	1465	7319	Eggerthellaceae	Slackia heliotrinireducens	AB266102	1428	7140	Eggerthellaceae	Asaccharobacter celatus	6098.0	1410	59	61	1299	0.9629	0.8541
AF101241	1465	7319	Eggerthellaceae	Slackia heliotrinireducens	AB306661	1469	7345	Eggerthellaceae	Adlercreutzia equolifaciens	6305.0	1454	56	61	1341	0.9627	0.8615
AF101241	1465	7319	Eggerthellaceae	Slackia heliotrinireducens	EU826403	1339	6695	Eggerthellaceae	Slackia isoflavoniconvertens	5835.0	1333	49	51	1236	0.9641	0.8715
U43492	1413	6897	Eggerthellaceae	Denitrobacterium detoxificans	AB490806	1440	7200	Eggerthellaceae	Slackia piriformis	5903.0	1413	83	77	1273	0.9528	0.8559
U43492	1413	6897	Eggerthellaceae	Denitrobacterium detoxificans	AF292375	1500	7500	Eggerthellaceae	Eggerthella lenta	6119.0	1413	65	64	1297	0.9615	0.8872
U43492	1413	6897	Eggerthellaceae	Denitrobacterium detoxificans	AF101240	1465	7325	Eggerthellaceae	Slackia exigua	5912.0	1413	79	71	1275	0.9501	0.8572
U43492	1413	6897	Eggerthellaceae	Denitrobacterium detoxificans	DQ789120	1474	7370	Eggerthellaceae	Enterorhabdus caecimuris	6070.0	1413	72	65	1293	0.9592	0.8801
U43492	1413	6897	Eggerthellaceae	Denitrobacterium detoxificans	AY288517	1427	7135	Eggerthellaceae	Paraeggerthella hongkongensis	6029.0	1413	72	68	1287	0.9569	0.8741
U43492	1413	6897	Eggerthellaceae	Denitrobacterium detoxificans	KR364735	1399	6995	Eggerthellaceae	Enterorhabdus muris	5982.0	1383	57	57	1269	0.9570	0.8673
U43492	1413	6897	Eggerthellaceae	Denitrobacterium detoxificans	EU377663	1474	7370	Eggerthellaceae	Slackia equolifaciens	5877.0	1413	85	77	1269	0.9499	0.8521
U43492	1413	6897	Eggerthellaceae	Denitrobacterium detoxificans	AJ608686	1476	7380	Eggerthellaceae	Slackia faecicanis	5872.0	1413	79	72	1270	0.9471	0.8514
U43492	1413	6897	Eggerthellaceae	Denitrobacterium detoxificans	AY321958	1429	7145	Eggerthellaceae	Eggerthella sinensis	6130.0	1413	72	66	1299	0.9644	0.8888
U43492	1413	6897	Eggerthellaceae	Denitrobacterium detoxificans	AM747811	1450	7250	Eggerthellaceae	Enterorhabdus mucosicola	6096.0	1413	62	60	1296	0.9579	0.8839
U43492	1413	6897	Eggerthellaceae	Denitrobacterium detoxificans	JF824809	1341	6705	Eggerthellaceae	Senegalimassilia anaerobia	5496.0	1340	68	96	1186	0.9534	0.8197
U43492	1413	6897	Eggerthellaceae	Denitrobacterium detoxificans	AB019260	1429	7097	Eggerthellaceae	Cryptobacterium curtum	5782.0	1407	86	84	1253	0.9471	0.8383
U43492	1413	6897	Eggerthellaceae	Denitrobacterium detoxificans	AM886059	1431	7155	Eggerthellaceae	Gordonibacter pamelaeae	5977.0	1413	79	76	1280	0.9574	0.8666
U43492	1413	6897	Eggerthellaceae	Denitrobacterium detoxificans	AB266102	1428	7140	Eggerthellaceae	Asaccharobacter celatus	5930.0	1411	66	77	1271	0.9528	0.8598
U43492	1413	6897	Eggerthellaceae	Denitrobacterium detoxificans	AB306661	1469	7345	Eggerthellaceae	Adlercreutzia equolifaciens	6004.0	1413	68	66	1284	0.9532	0.8705
U43492	1413	6897	Eggerthellaceae	Denitrobacterium detoxificans	EU826403	1339	6695	Eggerthellaceae	Slackia isoflavoniconvertens	5444.0	1324	81	80	1181	0.9494	0.8131
AB490806	1440	7200	Eggerthellaceae	Slackia piriformis	AF292375	1500	7500	Eggerthellaceae	Eggerthella lenta	6315.0	1440	68	72	1335	0.9759	0.8771
AB490806	1440	7200	Eggerthellaceae	Slackia piriformis	AF101240	1465	7325	Eggerthellaceae	Slackia exigua	6439.0	1440	55	53	1351	0.9740	0.8943
AB490806	1440	7200	Eggerthellaceae	Slackia piriformis	DQ789120	1474	7370	Eggerthellaceae	Enterorhabdus caecimuris	6435.0	1440	63	61	1350	0.9790	0.8938
AB490806	1440	7200	Eggerthellaceae	Slackia piriformis	AY288517	1427	7135	Eggerthellaceae	Paraeggerthella hongkongensis	6329.0	1428	65	66	1333	0.9787	0.8870
AB490806	1440	7200	Eggerthellaceae	Slackia piriformis	KR364735	1399	6995	Eggerthellaceae	Enterorhabdus muris	6164.0	1392	55	57	1299	0.9730	0.8812
AB490806	1440	7200	Eggerthellaceae	Slackia piriformis	EU377663	1474	7370	Eggerthellaceae	Slackia equolifaciens	6502.0	1440	53	51	1358	0.9777	0.9031
AB490806	1440	7200	Eggerthellaceae	Slackia piriformis	AJ608686	1476	7380	Eggerthellaceae	Slackia faecicanis	6777.0	1440	31	30	1390	0.9858	0.9413
AB490806	1440	7200	Eggerthellaceae	Slackia piriformis	AY321958	1429	7145	Eggerthellaceae	Eggerthella sinensis	6270.0	1428	70	69	1326	0.9757	0.8775
AB490806	1440	7200	Eggerthellaceae	Slackia piriformis	AM747811	1450	7250	Eggerthellaceae	Enterorhabdus mucosicola	6449.0	1440	56	59	1352	0.9790	0.8957
AB490806	1440	7200	Eggerthellaceae	Slackia piriformis	JF824809	1341	6705	Eggerthellaceae	Senegalimassilia anaerobia	5824.0	1350	60	84	1235	0.9755	0.8686
AB490806	1440	7200	Eggerthellaceae	Slackia piriformis	AB019260	1429	7097	Eggerthellaceae	Cryptobacterium curtum	5881.0	1418	93	95	1273	0.9622	0.8287
AB490806	1440	7200	Eggerthellaceae	Slackia piriformis	AM886059	1431	7155	Eggerthellaceae	Gordonibacter pamelaeae	6266.0	1433	72	74	1326	0.9757	0.8758
AB490806	1440	7200	Eggerthellaceae	Slackia piriformis	AB266102	1428	7140	Eggerthellaceae	Asaccharobacter celatus	6211.0	1408	64	64	1311	0.9754	0.8699
AB490806	1440	7200	Eggerthellaceae	Slackia piriformis	AB306661	1469	7345	Eggerthellaceae	Adlercreutzia equolifaciens	6376.0	1440	61	64	1343	0.9760	0.8856
AB490806	1440	7200	Eggerthellaceae	Slackia piriformis	EU826403	1339	6695	Eggerthellaceae	Slackia isoflavoniconvertens	5903.0	1332	50	51	1243	0.9703	0.8817
AF292375	1500	7500	Eggerthellaceae	Eggerthella lenta	AF101240	1465	7325	Eggerthellaceae	Slackia exigua	6267.0	1459	82	76	1339	0.9682	0.8556
AF292375	1500	7500	Eggerthellaceae	Eggerthella lenta	DQ789120	1474	7370	Eggerthellaceae	Enterorhabdus caecimuris	6563.0	1473	74	73	1377	0.9836	0.8905
AF292375	1500	7500	Eggerthellaceae	Eggerthella lenta	AY288517	1427	7135	Eggerthellaceae	Paraeggerthella hongkongensis	6516.0	1424	56	53	1353	0.9869	0.9132
AF292375	1500	7500	Eggerthellaceae	Eggerthella lenta	KR364735	1399	6995	Eggerthellaceae	Enterorhabdus muris	6241.0	1396	61	59	1308	0.9783	0.8922
AF292375	1500	7500	Eggerthellaceae	Eggerthella lenta	EU377663	1474	7370	Eggerthellaceae	Slackia equolifaciens	6308.0	1473	89	88	1346	0.9718	0.8559
AF292375	1500	7500	Eggerthellaceae	Eggerthella lenta	AJ608686	1476	7380	Eggerthellaceae	Slackia faecicanis	6440.0	1471	71	66	1364	0.9708	0.8726
AF292375	1500	7500	Eggerthellaceae	Eggerthella lenta	AY321958	1429	7145	Eggerthellaceae	Eggerthella sinensis	6795.0	1424	33	28	1386	0.9928	0.9510
AF292375	1500	7500	Eggerthellaceae	Eggerthella lenta	AM747811	1450	7250	Eggerthellaceae	Enterorhabdus mucosicola	6494.0	1449	68	67	1360	0.9841	0.8957
AF292375	1500	7500	Eggerthellaceae	Eggerthella lenta	JF824809	1341	6705	Eggerthellaceae	Senegalimassilia anaerobia	5837.0	1422	58	139	1251	0.9751	0.8705
AF292375	1500	7500	Eggerthellaceae	Eggerthella lenta	AB019260	1429	7097	Eggerthellaceae	Cryptobacterium curtum	5968.0	1427	89	87	1287	0.9604	0.8409
AF292375	1500	7500	Eggerthellaceae	Eggerthella lenta	AM886059	1431	7155	Eggerthellaceae	Gordonibacter pamelaeae	6468.0	1429	56	54	1349	0.9811	0.9040
AF292375	1500	7500	Eggerthellaceae	Eggerthella lenta	AB266102	1428	7140	Eggerthellaceae	Asaccharobacter celatus	6325.0	1424	73	69	1330	0.9815	0.8859
AF292375	1500	7500	Eggerthellaceae	Eggerthella lenta	AB306661	1469	7345	Eggerthellaceae	Adlercreutzia equolifaciens	6553.0	1473	70	74	1375	0.9828	0.8922
AF292375	1500	7500	Eggerthellaceae	Eggerthella lenta	EU826403	1339	6695	Eggerthellaceae	Slackia isoflavoniconvertens	5671.0	1337	76	74	1218	0.9644	0.8471
AF101240	1465	7325	Eggerthellaceae	Slackia exigua	DQ789120	1474	7370	Eggerthellaceae	Enterorhabdus caecimuris	6327.0	1459	72	77	1343	0.9718	0.8638
AF101240	1465	7325	Eggerthellaceae	Slackia exigua	AY288517	1427	7135	Eggerthellaceae	Paraeggerthella hongkongensis	6203.0	1430	63	66	1318	0.9663	0.8694
AF101240	1465	7325	Eggerthellaceae	Slackia exigua	KR364735	1399	6995	Eggerthellaceae	Enterorhabdus muris	6034.0	1394	65	69	1283	0.9683	0.8626
AF101240	1465	7325	Eggerthellaceae	Slackia exigua	EU377663	1474	7370	Eggerthellaceae	Slackia equolifaciens	6400.0	1459	62	67	1352	0.9713	0.8737
AF101240	1465	7325	Eggerthellaceae	Slackia exigua	AJ608686	1476	7380	Eggerthellaceae	Slackia faecicanis	6516.0	1465	57	58	1370	0.9737	0.8896
AF101240	1465	7325	Eggerthellaceae	Slackia exigua	AY321958	1429	7145	Eggerthellaceae	Eggerthella sinensis	6161.0	1430	70	71	1313	0.9662	0.8623
AF101240	1465	7325	Eggerthellaceae	Slackia exigua	AM747811	1450	7250	Eggerthellaceae	Enterorhabdus mucosicola	6266.0	1446	67	72	1332	0.9694	0.8643
AF101240	1465	7325	Eggerthellaceae	Slackia exigua	JF824809	1341	6705	Eggerthellaceae	Senegalimassilia anaerobia	5877.0	1365	57	82	1247	0.9719	0.8765
AF101240	1465	7325	Eggerthellaceae	Slackia exigua	AB019260	1429	7097	Eggerthellaceae	Cryptobacterium curtum	5950.0	1420	86	90	1280	0.9624	0.8384
AF101240	1465	7325	Eggerthellaceae	Slackia exigua	AM886059	1431	7155	Eggerthellaceae	Gordonibacter pamelaeae	6175.0	1435	72	76	1315	0.9676	0.8630
AF101240	1465	7325	Eggerthellaceae	Slackia exigua	AB266102	1428	7140	Eggerthellaceae	Asaccharobacter celatus	6009.0	1410	78	80	1286	0.9669	0.8416
AF101240	1465	7325	Eggerthellaceae	Slackia exigua	AB306661	1469	7345	Eggerthellaceae	Adlercreutzia equolifaciens	6219.0	1459	75	85	1329	0.9672	0.8490
AF101240	1465	7325	Eggerthellaceae	Slackia exigua	EU826403	1339	6695	Eggerthellaceae	Slackia isoflavoniconvertens	5939.0	1334	49	52	1248	0.9735	0.8871
DQ789120	1474	7370	Eggerthellaceae	Enterorhabdus caecimuris	AY288517	1427	7135	Eggerthellaceae	Paraeggerthella hongkongensis	6374.0	1430	57	60	1338	0.9766	0.8933
DQ789120	1474	7370	Eggerthellaceae	Enterorhabdus caecimuris	KR364735	1399	6995	Eggerthellaceae	Enterorhabdus muris	6682.0	1399	22	22	1362	0.9891	0.9553
DQ789120	1474	7370	Eggerthellaceae	Enterorhabdus caecimuris	EU377663	1474	7370	Eggerthellaceae	Slackia equolifaciens	6460.0	1474	71	71	1366	0.9736	0.8765
DQ789120	1474	7370	Eggerthellaceae	Enterorhabdus caecimuris	AJ608686	1476	7380	Eggerthellaceae	Slackia faecicanis	6431.0	1454	70	66	1355	0.9762	0.8726
DQ789120	1474	7370	Eggerthellaceae	Enterorhabdus caecimuris	AY321958	1429	7145	Eggerthellaceae	Eggerthella sinensis	6350.0	1430	65	66	1335	0.9787	0.8887
DQ789120	1474	7370	Eggerthellaceae	Enterorhabdus caecimuris	AM747811	1450	7250	Eggerthellaceae	Enterorhabdus mucosicola	6986.0	1456	17	23	1420	0.9909	0.9636
DQ789120	1474	7370	Eggerthellaceae	Enterorhabdus caecimuris	JF824809	1341	6705	Eggerthellaceae	Senegalimassilia anaerobia	5992.0	1364	49	76	1259	0.9775	0.8937
DQ789120	1474	7370	Eggerthellaceae	Enterorhabdus caecimuris	AB019260	1429	7097	Eggerthellaceae	Cryptobacterium curtum	5943.0	1433	94	98	1285	0.9625	0.8374
DQ789120	1474	7370	Eggerthellaceae	Enterorhabdus caecimuris	AM886059	1431	7155	Eggerthellaceae	Gordonibacter pamelaeae	6349.0	1435	75	79	1335	0.9845	0.8874
DQ789120	1474	7370	Eggerthellaceae	Enterorhabdus caecimuris	AB266102	1428	7140	Eggerthellaceae	Asaccharobacter celatus	6718.0	1430	30	32	1379	0.9864	0.9409
DQ789120	1474	7370	Eggerthellaceae	Enterorhabdus caecimuris	AB306661	1469	7345	Eggerthellaceae	Adlercreutzia equolifaciens	6936.0	1474	29	34	1422	0.9875	0.9443
DQ789120	1474	7370	Eggerthellaceae	Enterorhabdus caecimuris	EU826403	1339	6695	Eggerthellaceae	Slackia isoflavoniconvertens	5822.0	1341	68	70	1237	0.9732	0.8696
AY288517	1427	7135	Eggerthellaceae	Paraeggerthella hongkongensis	KR364735	1399	6995	Eggerthellaceae	Enterorhabdus muris	6150.0	1391	60	61	1296	0.9744	0.8792
AY288517	1427	7135	Eggerthellaceae	Paraeggerthella hongkongensis	EU377663	1474	7370	Eggerthellaceae	Slackia equolifaciens	6204.0	1427	79	76	1317	0.9748	0.8695
AY288517	1427	7135	Eggerthellaceae	Paraeggerthella hongkongensis	AJ608686	1476	7380	Eggerthellaceae	Slackia faecicanis	6279.0	1427	66	64	1327	0.9736	0.8800
AY288517	1427	7135	Eggerthellaceae	Paraeggerthella hongkongensis	AY321958	1429	7145	Eggerthellaceae	Eggerthella sinensis	6562.0	1427	41	39	1360	0.9798	0.9197
AY288517	1427	7135	Eggerthellaceae	Paraeggerthella hongkongensis	AM747811	1450	7250	Eggerthellaceae	Enterorhabdus mucosicola	6452.0	1427	53	55	1346	0.9810	0.9043
AY288517	1427	7135	Eggerthellaceae	Paraeggerthella hongkongensis	JF824809	1341	6705	Eggerthellaceae	Senegalimassilia anaerobia	5785.0	1337	51	74	1226	0.9707	0.8628
AY288517	1427	7135	Eggerthellaceae	Paraeggerthella hongkongensis	AB019260	1429	7097	Eggerthellaceae	Cryptobacterium curtum	5951.0	1417	84	85	1280	0.9610	0.8385
AY288517	1427	7135	Eggerthellaceae	Paraeggerthella hongkongensis	AM886059	1431	7155	Eggerthellaceae	Gordonibacter pamelaeae	6562.0	1427	42	43	1360	0.9827	0.9197
AY288517	1427	7135	Eggerthellaceae	Paraeggerthella hongkongensis	AB266102	1428	7140	Eggerthellaceae	Asaccharobacter celatus	6282.0	1407	63	62	1317	0.9792	0.8804
AY288517	1427	7135	Eggerthellaceae	Paraeggerthella hongkongensis	AB306661	1469	7345	Eggerthellaceae	Adlercreutzia equolifaciens	6396.0	1427	60	62	1338	0.9802	0.8964
AY288517	1427	7135	Eggerthellaceae	Paraeggerthella hongkongensis	EU826403	1339	6695	Eggerthellaceae	Slackia isoflavoniconvertens	5712.0	1331	67	67	1220	0.9652	0.8532
KR364735	1399	6995	Eggerthellaceae	Enterorhabdus muris	EU377663	1474	7370	Eggerthellaceae	Slackia equolifaciens	6171.0	1397	57	54	1303	0.9702	0.8822
KR364735	1399	6995	Eggerthellaceae	Enterorhabdus muris	AJ608686	1476	7380	Eggerthellaceae	Slackia faecicanis	6080.0	1389	65	63	1288	0.9713	0.8692
KR364735	1399	6995	Eggerthellaceae	Enterorhabdus muris	AY321958	1429	7145	Eggerthellaceae	Eggerthella sinensis	6246.0	1390	54	51	1307	0.9761	0.8929
KR364735	1399	6995	Eggerthellaceae	Enterorhabdus muris	AM747811	1450	7250	Eggerthellaceae	Enterorhabdus mucosicola	6614.0	1399	26	26	1355	0.9869	0.9455
KR364735	1399	6995	Eggerthellaceae	Enterorhabdus muris	JF824809	1341	6705	Eggerthellaceae	Senegalimassilia anaerobia	5815.0	1300	38	59	1215	0.9790	0.8673
KR364735	1399	6995	Eggerthellaceae	Enterorhabdus muris	AB019260	1429	7097	Eggerthellaceae	Cryptobacterium curtum	5890.0	1397	88	88	1265	0.9664	0.8420
KR364735	1399	6995	Eggerthellaceae	Enterorhabdus muris	AM886059	1431	7155	Eggerthellaceae	Gordonibacter pamelaeae	6191.0	1390	68	68	1299	0.9826	0.8851
KR364735	1399	6995	Eggerthellaceae	Enterorhabdus muris	AB266102	1428	7140	Eggerthellaceae	Asaccharobacter celatus	6677.0	1399	17	16	1363	0.9855	0.9545
KR364735	1399	6995	Eggerthellaceae	Enterorhabdus muris	AB306661	1469	7345	Eggerthellaceae	Adlercreutzia equolifaciens	6665.0	1398	16	16	1361	0.9848	0.9528
KR364735	1399	6995	Eggerthellaceae	Enterorhabdus muris	EU826403	1339	6695	Eggerthellaceae	Slackia isoflavoniconvertens	5816.0	1339	65	66	1235	0.9701	0.8687
EU377663	1474	7370	Eggerthellaceae	Slackia equolifaciens	AJ608686	1476	7380	Eggerthellaceae	Slackia faecicanis	6530.0	1454	57	53	1367	0.9757	0.8860
EU377663	1474	7370	Eggerthellaceae	Slackia equolifaciens	AY321958	1429	7145	Eggerthellaceae	Eggerthella sinensis	6160.0	1430	76	77	1312	0.9697	0.8621
EU377663	1474	7370	Eggerthellaceae	Slackia equolifaciens	AM747811	1450	7250	Eggerthellaceae	Enterorhabdus mucosicola	6378.0	1455	63	68	1349	0.9726	0.8797
EU377663	1474	7370	Eggerthellaceae	Slackia equolifaciens	JF824809	1341	6705	Eggerthellaceae	Senegalimassilia anaerobia	5902.0	1341	58	61	1246	0.9734	0.8802
EU377663	1474	7370	Eggerthellaceae	Slackia equolifaciens	AB019260	1429	7097	Eggerthellaceae	Cryptobacterium curtum	5987.0	1433	87	91	1291	0.9620	0.8436
EU377663	1474	7370	Eggerthellaceae	Slackia equolifaciens	AM886059	1431	7155	Eggerthellaceae	Gordonibacter pamelaeae	6205.0	1435	73	77	1318	0.9705	0.8672
EU377663	1474	7370	Eggerthellaceae	Slackia equolifaciens	AB266102	1428	7140	Eggerthellaceae	Asaccharobacter celatus	6255.0	1430	60	62	1325	0.9686	0.8761
EU377663	1474	7370	Eggerthellaceae	Slackia equolifaciens	AB306661	1469	7345	Eggerthellaceae	Adlercreutzia equolifaciens	6489.0	1474	57	62	1370	0.9703	0.8835
EU377663	1474	7370	Eggerthellaceae	Slackia equolifaciens	EU826403	1339	6695	Eggerthellaceae	Slackia isoflavoniconvertens	5848.0	1343	69	73	1239	0.9756	0.8735
AJ608686	1476	7380	Eggerthellaceae	Slackia faecicanis	AY321958	1429	7145	Eggerthellaceae	Eggerthella sinensis	6220.0	1429	64	64	1321	0.9678	0.8705
AJ608686	1476	7380	Eggerthellaceae	Slackia faecicanis	AM747811	1450	7250	Eggerthellaceae	Enterorhabdus mucosicola	6382.0	1445	65	69	1345	0.9775	0.8803
AJ608686	1476	7380	Eggerthellaceae	Slackia faecicanis	JF824809	1341	6705	Eggerthellaceae	Senegalimassilia anaerobia	5771.0	1420	68	147	1242	0.9756	0.8607
AJ608686	1476	7380	Eggerthellaceae	Slackia faecicanis	AB019260	1429	7097	Eggerthellaceae	Cryptobacterium curtum	5849.0	1419	98	101	1268	0.9621	0.8242
AJ608686	1476	7380	Eggerthellaceae	Slackia faecicanis	AM886059	1431	7155	Eggerthellaceae	Gordonibacter pamelaeae	6194.0	1434	72	75	1318	0.9698	0.8657
AJ608686	1476	7380	Eggerthellaceae	Slackia faecicanis	AB266102	1428	7140	Eggerthellaceae	Asaccharobacter celatus	6127.0	1409	72	73	1300	0.9731	0.8581
AJ608686	1476	7380	Eggerthellaceae	Slackia faecicanis	AB306661	1469	7345	Eggerthellaceae	Adlercreutzia equolifaciens	6346.0	1458	69	78	1344	0.9739	0.8640
AJ608686	1476	7380	Eggerthellaceae	Slackia faecicanis	EU826403	1339	6695	Eggerthellaceae	Slackia isoflavoniconvertens	5870.0	1333	56	58	1239	0.9718	0.8768
AY321958	1429	7145	Eggerthellaceae	Eggerthella sinensis	AM747811	1450	7250	Eggerthellaceae	Enterorhabdus mucosicola	6363.0	1429	59	63	1336	0.9780	0.8906
AY321958	1429	7145	Eggerthellaceae	Eggerthella sinensis	JF824809	1341	6705	Eggerthellaceae	Senegalimassilia anaerobia	5779.0	1400	51	136	1235	0.9771	0.8619
AY321958	1429	7145	Eggerthellaceae	Eggerthella sinensis	AB019260	1429	7097	Eggerthellaceae	Cryptobacterium curtum	5995.0	1419	77	80	1286	0.9604	0.8447
AY321958	1429	7145	Eggerthellaceae	Eggerthella sinensis	AM886059	1431	7155	Eggerthellaceae	Gordonibacter pamelaeae	6602.0	1429	35	38	1365	0.9813	0.9240
AY321958	1429	7145	Eggerthellaceae	Eggerthella sinensis	AB266102	1428	7140	Eggerthellaceae	Asaccharobacter celatus	6266.0	1409	61	62	1316	0.9770	0.8776
AY321958	1429	7145	Eggerthellaceae	Eggerthella sinensis	AB306661	1469	7345	Eggerthellaceae	Adlercreutzia equolifaciens	6380.0	1429	58	62	1337	0.9781	0.8929
AY321958	1429	7145	Eggerthellaceae	Eggerthella sinensis	EU826403	1339	6695	Eggerthellaceae	Slackia isoflavoniconvertens	5679.0	1333	65	67	1217	0.9613	0.8482
AM747811	1450	7250	Eggerthellaceae	Enterorhabdus mucosicola	JF824809	1341	6705	Eggerthellaceae	Senegalimassilia anaerobia	5974.0	1351	48	69	1254	0.9782	0.8910
AM747811	1450	7250	Eggerthellaceae	Enterorhabdus mucosicola	AB019260	1429	7097	Eggerthellaceae	Cryptobacterium curtum	5947.0	1424	101	100	1282	0.9683	0.8380
AM747811	1450	7250	Eggerthellaceae	Enterorhabdus mucosicola	AM886059	1431	7155	Eggerthellaceae	Gordonibacter pamelaeae	6365.0	1430	66	65	1337	0.9795	0.8896
AM747811	1450	7250	Eggerthellaceae	Enterorhabdus mucosicola	AB266102	1428	7140	Eggerthellaceae	Asaccharobacter celatus	6690.0	1414	25	22	1371	0.9849	0.9370
AM747811	1450	7250	Eggerthellaceae	Enterorhabdus mucosicola	AB306661	1469	7345	Eggerthellaceae	Adlercreutzia equolifaciens	6877.0	1450	23	23	1407	0.9860	0.9486
AM747811	1450	7250	Eggerthellaceae	Enterorhabdus mucosicola	EU826403	1339	6695	Eggerthellaceae	Slackia isoflavoniconvertens	5849.0	1338	65	64	1240	0.9733	0.8736
JF824809	1341	6705	Eggerthellaceae	Senegalimassilia anaerobia	AB019260	1429	7097	Eggerthellaceae	Cryptobacterium curtum	5533.0	1305	93	71	1190	0.9643	0.8252
JF824809	1341	6705	Eggerthellaceae	Senegalimassilia anaerobia	AM886059	1431	7155	Eggerthellaceae	Gordonibacter pamelaeae	5812.0	1320	135	53	1240	0.9787	0.8668
JF824809	1341	6705	Eggerthellaceae	Senegalimassilia anaerobia	AB266102	1428	7140	Eggerthellaceae	Asaccharobacter celatus	5774.0	1294	71	47	1217	0.9759	0.8611
JF824809	1341	6705	Eggerthellaceae	Senegalimassilia anaerobia	AB306661	1469	7345	Eggerthellaceae	Adlercreutzia equolifaciens	5993.0	1337	70	48	1260	0.9775	0.8938
JF824809	1341	6705	Eggerthellaceae	Senegalimassilia anaerobia	EU826403	1339	6695	Eggerthellaceae	Slackia isoflavoniconvertens	5299.0	1217	79	55	1128	0.9707	0.7915
AB019260	1429	7097	Eggerthellaceae	Cryptobacterium curtum	AM886059	1431	7155	Eggerthellaceae	Gordonibacter pamelaeae	5911.0	1416	98	98	1275	0.9674	0.8329
AB019260	1429	7097	Eggerthellaceae	Cryptobacterium curtum	AB266102	1428	7140	Eggerthellaceae	Asaccharobacter celatus	5930.0	1417	93	92	1278	0.9645	0.8356
AB019260	1429	7097	Eggerthellaceae	Cryptobacterium curtum	AB306661	1469	7345	Eggerthellaceae	Adlercreutzia equolifaciens	5974.0	1429	90	91	1288	0.9626	0.8418
AB019260	1429	7097	Eggerthellaceae	Cryptobacterium curtum	EU826403	1339	6695	Eggerthellaceae	Slackia isoflavoniconvertens	5547.0	1340	83	84	1202	0.9570	0.8285
AM886059	1431	7155	Eggerthellaceae	Gordonibacter pamelaeae	AB266102	1428	7140	Eggerthellaceae	Asaccharobacter celatus	6264.0	1406	69	67	1314	0.9813	0.8773
AM886059	1431	7155	Eggerthellaceae	Gordonibacter pamelaeae	AB306661	1469	7345	Eggerthellaceae	Adlercreutzia equolifaciens	6394.0	1431	66	67	1339	0.9817	0.8936
AM886059	1431	7155	Eggerthellaceae	Gordonibacter pamelaeae	EU826403	1339	6695	Eggerthellaceae	Slackia isoflavoniconvertens	5585.0	1330	90	89	1202	0.9686	0.8342
AB266102	1428	7140	Eggerthellaceae	Asaccharobacter celatus	AB306661	1469	7345	Eggerthellaceae	Adlercreutzia equolifaciens	7101.0	1428	0	3	1423	0.9986	0.9945
AB266102	1428	7140	Eggerthellaceae	Asaccharobacter celatus	EU826403	1339	6695	Eggerthellaceae	Slackia isoflavoniconvertens	5835.0	1338	60	59	1238	0.9679	0.8715
AB306661	1469	7345	Eggerthellaceae	Adlercreutzia equolifaciens	EU826403	1339	6695	Eggerthellaceae	Slackia isoflavoniconvertens	5844.0	1338	60	59	1239	0.9687	0.8729
