EU200682	1387	6935	Glycomycetaceae	Glycomyces scopariae	AJ293748	1522	7610	Glycomycetaceae	Glycomyces rutgersensis	6649.0	1387	12	14	1354	0.9862	0.9588
EU200682	1387	6935	Glycomycetaceae	Glycomyces scopariae	EU814511	1415	7075	Glycomycetaceae	Glycomyces mayteni	6796.0	1387	13	13	1370	0.9971	0.9800
EU200682	1387	6935	Glycomycetaceae	Glycomyces scopariae	KC112995	1481	7405	Glycomycetaceae	Glycomyces tarimensis	6561.0	1387	37	31	1344	0.9912	0.9461
EU200682	1387	6935	Glycomycetaceae	Glycomyces scopariae	DQ985165	1515	7575	Glycomycetaceae	Stackebrandtia albiflava	5959.0	1387	67	77	1269	0.9687	0.8593
EU200682	1387	6935	Glycomycetaceae	Glycomyces scopariae	AY462044	1495	7475	Glycomycetaceae	Glycomyces algeriensis	6640.0	1387	16	16	1353	0.9869	0.9575
EU200682	1387	6935	Glycomycetaceae	Glycomyces scopariae	KT312956	1537	7685	Glycomycetaceae	Stackebrandtia cavernae	5921.0	1387	74	82	1264	0.9686	0.8538
EU200682	1387	6935	Glycomycetaceae	Glycomyces scopariae	D85482	1489	7445	Glycomycetaceae	Glycomyces tenuis	6505.0	1387	30	29	1337	0.9845	0.9380
EU200682	1387	6935	Glycomycetaceae	Glycomyces scopariae	KR149811	1440	7200	Glycomycetaceae	Salilacibacter albus	6216.0	1373	62	61	1295	0.9870	0.8963
EU200682	1387	6935	Glycomycetaceae	Glycomyces scopariae	KP162267	1492	7460	Glycomycetaceae	Salininema proteolyticum	6205.0	1387	65	62	1300	0.9811	0.8947
EU200682	1387	6935	Glycomycetaceae	Glycomyces scopariae	JQ819256	1436	7156	Glycomycetaceae	Glycomyces phytohabitans	6417.0	1387	47	45	1324	0.9866	0.9253
EU200682	1387	6935	Glycomycetaceae	Glycomyces scopariae	KJ781245	1521	7605	Glycomycetaceae	Stackebrandtia endophytica	5933.0	1387	73	84	1265	0.9708	0.8555
EU200682	1387	6935	Glycomycetaceae	Glycomyces scopariae	AY462041	1507	7535	Glycomycetaceae	Glycomyces lechevalierae	6681.0	1387	12	12	1358	0.9876	0.9634
EU200682	1387	6935	Glycomycetaceae	Glycomyces scopariae	D85483	1487	7435	Glycomycetaceae	Glycomyces harbinensis	6683.0	1387	14	14	1358	0.9891	0.9637
EU200682	1387	6935	Glycomycetaceae	Glycomyces scopariae	KT895607	1420	7100	Glycomycetaceae	Glycomyces lacisalsi	6270.0	1384	72	53	1310	0.9842	0.9041
EU200682	1387	6935	Glycomycetaceae	Glycomyces scopariae	DQ460469	1410	7050	Glycomycetaceae	Glycomyces sambucus	6879.0	1384	4	4	1379	0.9993	0.9919
EU200682	1387	6935	Glycomycetaceae	Glycomyces scopariae	AB857718	1366	6830	Glycomycetaceae	Glycomyces albus	5798.0	1279	62	47	1211	0.9830	0.8489
EU200682	1387	6935	Glycomycetaceae	Glycomyces scopariae	AY462042	1499	7495	Glycomycetaceae	Glycomyces arizonensis	6514.0	1387	42	36	1338	0.9904	0.9393
EU200682	1387	6935	Glycomycetaceae	Glycomyces scopariae	EU200681	1456	7280	Glycomycetaceae	Glycomyces endophyticus	6613.0	1387	17	17	1350	0.9854	0.9536
EU200682	1387	6935	Glycomycetaceae	Glycomyces scopariae	JN408755	1487	7435	Glycomycetaceae	Glycomyces artemisiae	6756.0	1387	11	11	1366	0.9927	0.9742
EU200682	1387	6935	Glycomycetaceae	Glycomyces scopariae	EU660053	1421	7105	Glycomycetaceae	Haloglycomyces albus	6171.0	1387	64	62	1297	0.9789	0.8898
EU200682	1387	6935	Glycomycetaceae	Glycomyces scopariae	AY650268	1491	7455	Glycomycetaceae	Stackebrandtia nassauensis	5901.0	1387	77	85	1261	0.9685	0.8509
EU200682	1387	6935	Glycomycetaceae	Glycomyces scopariae	AB857717	1532	7660	Glycomycetaceae	Glycomyces fuscus	6273.0	1387	61	52	1310	0.9813	0.9045
EU200682	1387	6935	Glycomycetaceae	Glycomyces scopariae	HQ651156	1431	7155	Glycomycetaceae	Glycomyces halotolerans	6390.0	1383	60	41	1324	0.9866	0.9214
AJ293748	1522	7610	Glycomycetaceae	Glycomyces rutgersensis	EU814511	1415	7075	Glycomycetaceae	Glycomyces mayteni	6729.0	1413	26	24	1374	0.9892	0.9511
AJ293748	1522	7610	Glycomycetaceae	Glycomyces rutgersensis	KC112995	1481	7405	Glycomycetaceae	Glycomyces tarimensis	6859.0	1477	45	41	1416	0.9861	0.9263
AJ293748	1522	7610	Glycomycetaceae	Glycomyces rutgersensis	DQ985165	1515	7575	Glycomycetaceae	Stackebrandtia albiflava	6538.0	1522	72	82	1393	0.9674	0.8631
AJ293748	1522	7610	Glycomycetaceae	Glycomyces rutgersensis	AY462044	1495	7475	Glycomycetaceae	Glycomyces algeriensis	7402.0	1493	6	4	1486	0.9980	0.9902
AJ293748	1522	7610	Glycomycetaceae	Glycomyces rutgersensis	KT312956	1537	7685	Glycomycetaceae	Stackebrandtia cavernae	6555.0	1521	72	82	1394	0.9687	0.8614
AJ293748	1522	7610	Glycomycetaceae	Glycomyces rutgersensis	D85482	1489	7445	Glycomycetaceae	Glycomyces tenuis	6852.0	1485	43	39	1419	0.9813	0.9203
AJ293748	1522	7610	Glycomycetaceae	Glycomyces rutgersensis	KR149811	1440	7200	Glycomycetaceae	Salilacibacter albus	6490.0	1441	66	67	1355	0.9862	0.9014
AJ293748	1522	7610	Glycomycetaceae	Glycomyces rutgersensis	KP162267	1492	7460	Glycomycetaceae	Salininema proteolyticum	6671.0	1496	61	65	1399	0.9776	0.8942
AJ293748	1522	7610	Glycomycetaceae	Glycomyces rutgersensis	JQ819256	1436	7156	Glycomycetaceae	Glycomyces phytohabitans	6555.0	1436	49	49	1362	0.9820	0.9160
AJ293748	1522	7610	Glycomycetaceae	Glycomyces rutgersensis	KJ781245	1521	7605	Glycomycetaceae	Stackebrandtia endophytica	6539.0	1521	73	86	1391	0.9693	0.8598
AJ293748	1522	7610	Glycomycetaceae	Glycomyces rutgersensis	AY462041	1507	7535	Glycomycetaceae	Glycomyces lechevalierae	7494.0	1505	2	0	1502	0.9980	0.9946
AJ293748	1522	7610	Glycomycetaceae	Glycomyces rutgersensis	D85483	1487	7435	Glycomycetaceae	Glycomyces harbinensis	7315.0	1485	8	6	1473	0.9959	0.9839
AJ293748	1522	7610	Glycomycetaceae	Glycomyces rutgersensis	KT895607	1420	7100	Glycomycetaceae	Glycomyces lacisalsi	6237.0	1404	79	63	1314	0.9799	0.8785
AJ293748	1522	7610	Glycomycetaceae	Glycomyces rutgersensis	DQ460469	1410	7050	Glycomycetaceae	Glycomyces sambucus	6742.0	1408	18	16	1374	0.9871	0.9563
AJ293748	1522	7610	Glycomycetaceae	Glycomyces rutgersensis	AB857718	1366	6830	Glycomycetaceae	Glycomyces albus	6013.0	1348	73	56	1265	0.9791	0.8804
AJ293748	1522	7610	Glycomycetaceae	Glycomyces rutgersensis	AY462042	1499	7495	Glycomycetaceae	Glycomyces arizonensis	6930.0	1496	44	41	1432	0.9842	0.9246
AJ293748	1522	7610	Glycomycetaceae	Glycomyces rutgersensis	EU200681	1456	7280	Glycomycetaceae	Glycomyces endophyticus	7144.0	1454	9	7	1440	0.9952	0.9813
AJ293748	1522	7610	Glycomycetaceae	Glycomyces rutgersensis	JN408755	1487	7435	Glycomycetaceae	Glycomyces artemisiae	7088.0	1485	25	23	1446	0.9891	0.9533
AJ293748	1522	7610	Glycomycetaceae	Glycomyces rutgersensis	EU660053	1421	7105	Glycomycetaceae	Haloglycomyces albus	6252.0	1416	75	70	1319	0.9799	0.8799
AJ293748	1522	7610	Glycomycetaceae	Glycomyces rutgersensis	AY650268	1491	7455	Glycomycetaceae	Stackebrandtia nassauensis	6433.0	1502	75	86	1371	0.9682	0.8629
AJ293748	1522	7610	Glycomycetaceae	Glycomyces rutgersensis	AB857717	1532	7660	Glycomycetaceae	Glycomyces fuscus	6782.0	1520	68	57	1426	0.9747	0.8912
AJ293748	1522	7610	Glycomycetaceae	Glycomyces rutgersensis	HQ651156	1431	7155	Glycomycetaceae	Glycomyces halotolerans	6404.0	1414	71	54	1338	0.9838	0.8950
EU814511	1415	7075	Glycomycetaceae	Glycomyces mayteni	KC112995	1481	7405	Glycomycetaceae	Glycomyces tarimensis	6640.0	1415	42	40	1363	0.9913	0.9385
EU814511	1415	7075	Glycomycetaceae	Glycomyces mayteni	DQ985165	1515	7575	Glycomycetaceae	Stackebrandtia albiflava	6061.0	1415	76	87	1291	0.9721	0.8567
EU814511	1415	7075	Glycomycetaceae	Glycomyces mayteni	AY462044	1495	7475	Glycomycetaceae	Glycomyces algeriensis	6784.0	1415	20	20	1381	0.9900	0.9589
EU814511	1415	7075	Glycomycetaceae	Glycomyces mayteni	KT312956	1537	7685	Glycomycetaceae	Stackebrandtia cavernae	6030.0	1415	82	91	1288	0.9728	0.8523
EU814511	1415	7075	Glycomycetaceae	Glycomyces mayteni	D85482	1489	7445	Glycomycetaceae	Glycomyces tenuis	6679.0	1415	27	25	1370	0.9856	0.9440
EU814511	1415	7075	Glycomycetaceae	Glycomyces mayteni	KR149811	1440	7200	Glycomycetaceae	Salilacibacter albus	6246.0	1389	66	69	1304	0.9879	0.8828
EU814511	1415	7075	Glycomycetaceae	Glycomyces mayteni	KP162267	1492	7460	Glycomycetaceae	Salininema proteolyticum	6316.0	1415	64	65	1324	0.9807	0.8927
EU814511	1415	7075	Glycomycetaceae	Glycomyces mayteni	JQ819256	1436	7156	Glycomycetaceae	Glycomyces phytohabitans	6534.0	1415	45	47	1349	0.9861	0.9235
EU814511	1415	7075	Glycomycetaceae	Glycomyces mayteni	KJ781245	1521	7605	Glycomycetaceae	Stackebrandtia endophytica	6042.0	1415	80	92	1288	0.9735	0.8540
EU814511	1415	7075	Glycomycetaceae	Glycomyces mayteni	AY462041	1507	7535	Glycomycetaceae	Glycomyces lechevalierae	6761.0	1415	24	24	1378	0.9907	0.9556
EU814511	1415	7075	Glycomycetaceae	Glycomyces mayteni	D85483	1487	7435	Glycomycetaceae	Glycomyces harbinensis	6798.0	1415	22	22	1382	0.9921	0.9608
EU814511	1415	7075	Glycomycetaceae	Glycomyces mayteni	KT895607	1420	7100	Glycomycetaceae	Glycomyces lacisalsi	6358.0	1400	69	55	1326	0.9859	0.8987
EU814511	1415	7075	Glycomycetaceae	Glycomyces mayteni	DQ460469	1410	7050	Glycomycetaceae	Glycomyces sambucus	6863.0	1400	14	14	1383	0.9978	0.9735
EU814511	1415	7075	Glycomycetaceae	Glycomyces mayteni	AB857718	1366	6830	Glycomycetaceae	Glycomyces albus	5884.0	1295	62	46	1228	0.9832	0.8615
EU814511	1415	7075	Glycomycetaceae	Glycomyces mayteni	AY462042	1499	7495	Glycomycetaceae	Glycomyces arizonensis	6669.0	1415	39	37	1367	0.9920	0.9426
EU814511	1415	7075	Glycomycetaceae	Glycomyces mayteni	EU200681	1456	7280	Glycomycetaceae	Glycomyces endophyticus	6747.0	1415	21	21	1377	0.9878	0.9536
EU814511	1415	7075	Glycomycetaceae	Glycomyces mayteni	JN408755	1487	7435	Glycomycetaceae	Glycomyces artemisiae	6921.0	1415	11	11	1397	0.9950	0.9782
EU814511	1415	7075	Glycomycetaceae	Glycomyces mayteni	EU660053	1421	7105	Glycomycetaceae	Haloglycomyces albus	6265.0	1413	74	71	1318	0.9821	0.8855
EU814511	1415	7075	Glycomycetaceae	Glycomyces mayteni	AY650268	1491	7455	Glycomycetaceae	Stackebrandtia nassauensis	6017.0	1415	85	94	1285	0.9727	0.8505
EU814511	1415	7075	Glycomycetaceae	Glycomyces mayteni	AB857717	1532	7660	Glycomycetaceae	Glycomyces fuscus	6425.0	1415	58	49	1340	0.9810	0.9081
EU814511	1415	7075	Glycomycetaceae	Glycomyces mayteni	HQ651156	1431	7155	Glycomycetaceae	Glycomyces halotolerans	6405.0	1399	64	49	1331	0.9859	0.9053
KC112995	1481	7405	Glycomycetaceae	Glycomyces tarimensis	DQ985165	1515	7575	Glycomycetaceae	Stackebrandtia albiflava	6391.0	1481	62	78	1358	0.9679	0.8631
KC112995	1481	7405	Glycomycetaceae	Glycomyces tarimensis	AY462044	1495	7475	Glycomycetaceae	Glycomyces algeriensis	6876.0	1481	44	46	1418	0.9882	0.9286
KC112995	1481	7405	Glycomycetaceae	Glycomyces tarimensis	KT312956	1537	7685	Glycomycetaceae	Stackebrandtia cavernae	6400.0	1481	67	81	1359	0.9707	0.8643
KC112995	1481	7405	Glycomycetaceae	Glycomyces tarimensis	D85482	1489	7445	Glycomycetaceae	Glycomyces tenuis	7010.0	1481	29	29	1434	0.9876	0.9467
KC112995	1481	7405	Glycomycetaceae	Glycomyces tarimensis	KR149811	1440	7200	Glycomycetaceae	Salilacibacter albus	6420.0	1418	52	57	1338	0.9831	0.8917
KC112995	1481	7405	Glycomycetaceae	Glycomyces tarimensis	KP162267	1492	7460	Glycomycetaceae	Salininema proteolyticum	6576.0	1473	54	62	1378	0.9766	0.8880
KC112995	1481	7405	Glycomycetaceae	Glycomyces tarimensis	JQ819256	1436	7156	Glycomycetaceae	Glycomyces phytohabitans	6775.0	1440	31	35	1387	0.9872	0.9468
KC112995	1481	7405	Glycomycetaceae	Glycomyces tarimensis	KJ781245	1521	7605	Glycomycetaceae	Stackebrandtia endophytica	6360.0	1481	72	89	1353	0.9720	0.8589
KC112995	1481	7405	Glycomycetaceae	Glycomyces tarimensis	AY462041	1507	7535	Glycomycetaceae	Glycomyces lechevalierae	6889.0	1481	40	42	1420	0.9868	0.9303
KC112995	1481	7405	Glycomycetaceae	Glycomyces tarimensis	D85483	1487	7435	Glycomycetaceae	Glycomyces harbinensis	6929.0	1481	35	37	1425	0.9868	0.9357
KC112995	1481	7405	Glycomycetaceae	Glycomyces tarimensis	KT895607	1420	7100	Glycomycetaceae	Glycomyces lacisalsi	6356.0	1408	71	59	1328	0.9844	0.8952
KC112995	1481	7405	Glycomycetaceae	Glycomyces tarimensis	DQ460469	1410	7050	Glycomycetaceae	Glycomyces sambucus	6697.0	1412	29	31	1369	0.9913	0.9499
KC112995	1481	7405	Glycomycetaceae	Glycomyces tarimensis	AB857718	1366	6830	Glycomycetaceae	Glycomyces albus	6004.0	1324	67	53	1252	0.9851	0.8791
KC112995	1481	7405	Glycomycetaceae	Glycomyces tarimensis	AY462042	1499	7495	Glycomycetaceae	Glycomyces arizonensis	7082.0	1481	27	28	1442	0.9924	0.9564
KC112995	1481	7405	Glycomycetaceae	Glycomyces tarimensis	EU200681	1456	7280	Glycomycetaceae	Glycomyces endophyticus	6741.0	1458	42	44	1393	0.9851	0.9260
KC112995	1481	7405	Glycomycetaceae	Glycomyces tarimensis	JN408755	1487	7435	Glycomycetaceae	Glycomyces artemisiae	6955.0	1481	37	39	1427	0.9896	0.9392
KC112995	1481	7405	Glycomycetaceae	Glycomyces tarimensis	EU660053	1421	7105	Glycomycetaceae	Haloglycomyces albus	6354.0	1420	52	51	1333	0.9737	0.8943
KC112995	1481	7405	Glycomycetaceae	Glycomyces tarimensis	AY650268	1491	7455	Glycomycetaceae	Stackebrandtia nassauensis	6404.0	1481	69	83	1359	0.9721	0.8648
KC112995	1481	7405	Glycomycetaceae	Glycomyces tarimensis	AB857717	1532	7660	Glycomycetaceae	Glycomyces fuscus	6710.0	1481	65	58	1399	0.9831	0.9061
KC112995	1481	7405	Glycomycetaceae	Glycomyces tarimensis	HQ651156	1431	7155	Glycomycetaceae	Glycomyces halotolerans	6536.0	1418	58	45	1355	0.9869	0.9135
DQ985165	1515	7575	Glycomycetaceae	Stackebrandtia albiflava	AY462044	1495	7475	Glycomycetaceae	Glycomyces algeriensis	6424.0	1481	84	70	1367	0.9688	0.8594
DQ985165	1515	7575	Glycomycetaceae	Stackebrandtia albiflava	KT312956	1537	7685	Glycomycetaceae	Stackebrandtia cavernae	7160.0	1513	29	26	1466	0.9859	0.9452
DQ985165	1515	7575	Glycomycetaceae	Stackebrandtia albiflava	D85482	1489	7445	Glycomycetaceae	Glycomyces tenuis	6450.0	1473	78	62	1368	0.9695	0.8664
DQ985165	1515	7575	Glycomycetaceae	Stackebrandtia albiflava	KR149811	1440	7200	Glycomycetaceae	Salilacibacter albus	6212.0	1429	83	72	1321	0.9735	0.8628
DQ985165	1515	7575	Glycomycetaceae	Stackebrandtia albiflava	KP162267	1492	7460	Glycomycetaceae	Salininema proteolyticum	6406.0	1484	80	72	1366	0.9674	0.8587
DQ985165	1515	7575	Glycomycetaceae	Stackebrandtia albiflava	JQ819256	1436	7156	Glycomycetaceae	Glycomyces phytohabitans	6129.0	1424	83	71	1307	0.9660	0.8565
DQ985165	1515	7575	Glycomycetaceae	Stackebrandtia albiflava	KJ781245	1521	7605	Glycomycetaceae	Stackebrandtia endophytica	7375.0	1513	15	15	1490	0.9947	0.9736
DQ985165	1515	7575	Glycomycetaceae	Stackebrandtia albiflava	AY462041	1507	7535	Glycomycetaceae	Glycomyces lechevalierae	6489.0	1493	83	69	1380	0.9691	0.8612
DQ985165	1515	7575	Glycomycetaceae	Stackebrandtia albiflava	D85483	1487	7435	Glycomycetaceae	Glycomyces harbinensis	6376.0	1473	82	68	1359	0.9673	0.8576
DQ985165	1515	7575	Glycomycetaceae	Stackebrandtia albiflava	KT895607	1420	7100	Glycomycetaceae	Glycomyces lacisalsi	5959.0	1392	103	75	1279	0.9711	0.8393
DQ985165	1515	7575	Glycomycetaceae	Stackebrandtia albiflava	DQ460469	1410	7050	Glycomycetaceae	Glycomyces sambucus	6074.0	1396	79	65	1291	0.9699	0.8616
DQ985165	1515	7575	Glycomycetaceae	Stackebrandtia albiflava	AB857718	1366	6830	Glycomycetaceae	Glycomyces albus	5764.0	1337	99	71	1233	0.9739	0.8439
DQ985165	1515	7575	Glycomycetaceae	Stackebrandtia albiflava	AY462042	1499	7495	Glycomycetaceae	Glycomyces arizonensis	6462.0	1484	87	72	1373	0.9724	0.8622
DQ985165	1515	7575	Glycomycetaceae	Stackebrandtia albiflava	EU200681	1456	7280	Glycomycetaceae	Glycomyces endophyticus	6246.0	1442	86	72	1330	0.9708	0.8580
DQ985165	1515	7575	Glycomycetaceae	Stackebrandtia albiflava	JN408755	1487	7435	Glycomycetaceae	Glycomyces artemisiae	6436.0	1473	80	66	1365	0.9701	0.8656
DQ985165	1515	7575	Glycomycetaceae	Stackebrandtia albiflava	EU660053	1421	7105	Glycomycetaceae	Haloglycomyces albus	5969.0	1404	102	85	1282	0.9719	0.8401
DQ985165	1515	7575	Glycomycetaceae	Stackebrandtia albiflava	AY650268	1491	7455	Glycomycetaceae	Stackebrandtia nassauensis	6999.0	1490	33	32	1437	0.9856	0.9388
DQ985165	1515	7575	Glycomycetaceae	Stackebrandtia albiflava	AB857717	1532	7660	Glycomycetaceae	Glycomyces fuscus	6527.0	1508	94	71	1393	0.9694	0.8617
DQ985165	1515	7575	Glycomycetaceae	Stackebrandtia albiflava	HQ651156	1431	7155	Glycomycetaceae	Glycomyces halotolerans	6112.0	1402	88	59	1302	0.9695	0.8542
AY462044	1495	7475	Glycomycetaceae	Glycomyces algeriensis	KT312956	1537	7685	Glycomycetaceae	Stackebrandtia cavernae	6448.0	1495	72	84	1370	0.9709	0.8626
AY462044	1495	7475	Glycomycetaceae	Glycomyces algeriensis	D85482	1489	7445	Glycomycetaceae	Glycomyces tenuis	6896.0	1487	39	37	1425	0.9828	0.9263
AY462044	1495	7475	Glycomycetaceae	Glycomyces algeriensis	KR149811	1440	7200	Glycomycetaceae	Salilacibacter albus	6424.0	1430	65	68	1342	0.9853	0.8922
AY462044	1495	7475	Glycomycetaceae	Glycomyces algeriensis	KP162267	1492	7460	Glycomycetaceae	Salininema proteolyticum	6612.0	1485	59	65	1387	0.9768	0.8863
AY462044	1495	7475	Glycomycetaceae	Glycomyces algeriensis	JQ819256	1436	7156	Glycomycetaceae	Glycomyces phytohabitans	6555.0	1438	52	54	1362	0.9841	0.9160
AY462044	1495	7475	Glycomycetaceae	Glycomyces algeriensis	KJ781245	1521	7605	Glycomycetaceae	Stackebrandtia endophytica	6432.0	1495	72	87	1367	0.9709	0.8605
AY462044	1495	7475	Glycomycetaceae	Glycomyces algeriensis	AY462041	1507	7535	Glycomycetaceae	Glycomyces lechevalierae	7434.0	1495	4	4	1490	0.9993	0.9945
AY462044	1495	7475	Glycomycetaceae	Glycomyces algeriensis	D85483	1487	7435	Glycomycetaceae	Glycomyces harbinensis	7306.0	1487	10	10	1472	0.9966	0.9826
AY462044	1495	7475	Glycomycetaceae	Glycomyces algeriensis	KT895607	1420	7100	Glycomycetaceae	Glycomyces lacisalsi	6275.0	1406	77	63	1319	0.9821	0.8838
AY462044	1495	7475	Glycomycetaceae	Glycomyces algeriensis	DQ460469	1410	7050	Glycomycetaceae	Glycomyces sambucus	6757.0	1410	17	17	1376	0.9878	0.9584
AY462044	1495	7475	Glycomycetaceae	Glycomyces algeriensis	AB857718	1366	6830	Glycomycetaceae	Glycomyces albus	5996.0	1336	69	53	1258	0.9805	0.8779
AY462044	1495	7475	Glycomycetaceae	Glycomyces algeriensis	AY462042	1499	7495	Glycomycetaceae	Glycomyces arizonensis	6929.0	1493	45	44	1430	0.9869	0.9270
AY462044	1495	7475	Glycomycetaceae	Glycomyces algeriensis	EU200681	1456	7280	Glycomycetaceae	Glycomyces endophyticus	7151.0	1456	9	9	1441	0.9959	0.9823
AY462044	1495	7475	Glycomycetaceae	Glycomyces algeriensis	JN408755	1487	7435	Glycomycetaceae	Glycomyces artemisiae	7134.0	1487	19	19	1452	0.9891	0.9595
AY462044	1495	7475	Glycomycetaceae	Glycomyces algeriensis	EU660053	1421	7105	Glycomycetaceae	Haloglycomyces albus	6244.0	1418	74	71	1318	0.9785	0.8788
AY462044	1495	7475	Glycomycetaceae	Glycomyces algeriensis	AY650268	1491	7455	Glycomycetaceae	Stackebrandtia nassauensis	6429.0	1495	75	87	1367	0.9709	0.8624
AY462044	1495	7475	Glycomycetaceae	Glycomyces algeriensis	AB857717	1532	7660	Glycomycetaceae	Glycomyces fuscus	6672.0	1495	70	61	1402	0.9777	0.8926
AY462044	1495	7475	Glycomycetaceae	Glycomyces algeriensis	HQ651156	1431	7155	Glycomycetaceae	Glycomyces halotolerans	6411.0	1416	72	57	1339	0.9853	0.8960
KT312956	1537	7685	Glycomycetaceae	Stackebrandtia cavernae	D85482	1489	7445	Glycomycetaceae	Glycomyces tenuis	6407.0	1475	80	66	1363	0.9674	0.8606
KT312956	1537	7685	Glycomycetaceae	Stackebrandtia cavernae	KR149811	1440	7200	Glycomycetaceae	Salilacibacter albus	6229.0	1427	79	66	1323	0.9721	0.8651
KT312956	1537	7685	Glycomycetaceae	Stackebrandtia cavernae	KP162267	1492	7460	Glycomycetaceae	Salininema proteolyticum	6420.0	1486	83	77	1367	0.9702	0.8606
KT312956	1537	7685	Glycomycetaceae	Stackebrandtia cavernae	JQ819256	1436	7156	Glycomycetaceae	Glycomyces phytohabitans	6083.0	1426	89	79	1302	0.9666	0.8501
KT312956	1537	7685	Glycomycetaceae	Stackebrandtia cavernae	KJ781245	1521	7605	Glycomycetaceae	Stackebrandtia endophytica	7181.0	1523	27	30	1471	0.9853	0.9442
KT312956	1537	7685	Glycomycetaceae	Stackebrandtia cavernae	AY462041	1507	7535	Glycomycetaceae	Glycomyces lechevalierae	6508.0	1495	83	71	1382	0.9705	0.8637
KT312956	1537	7685	Glycomycetaceae	Stackebrandtia cavernae	D85483	1487	7435	Glycomycetaceae	Glycomyces harbinensis	6379.0	1475	85	73	1359	0.9693	0.8580
KT312956	1537	7685	Glycomycetaceae	Stackebrandtia cavernae	KT895607	1420	7100	Glycomycetaceae	Glycomyces lacisalsi	5931.0	1420	100	100	1281	0.9705	0.8354
KT312956	1537	7685	Glycomycetaceae	Stackebrandtia cavernae	DQ460469	1410	7050	Glycomycetaceae	Glycomyces sambucus	6041.0	1398	83	71	1287	0.9699	0.8569
KT312956	1537	7685	Glycomycetaceae	Stackebrandtia cavernae	AB857718	1366	6830	Glycomycetaceae	Glycomyces albus	5768.0	1339	98	71	1234	0.9732	0.8445
KT312956	1537	7685	Glycomycetaceae	Stackebrandtia cavernae	AY462042	1499	7495	Glycomycetaceae	Glycomyces arizonensis	6474.0	1486	85	72	1375	0.9724	0.8638
KT312956	1537	7685	Glycomycetaceae	Stackebrandtia cavernae	EU200681	1456	7280	Glycomycetaceae	Glycomyces endophyticus	6267.0	1444	84	72	1333	0.9716	0.8609
KT312956	1537	7685	Glycomycetaceae	Stackebrandtia cavernae	JN408755	1487	7435	Glycomycetaceae	Glycomyces artemisiae	6380.0	1475	93	81	1358	0.9742	0.8581
KT312956	1537	7685	Glycomycetaceae	Stackebrandtia cavernae	EU660053	1421	7105	Glycomycetaceae	Haloglycomyces albus	5968.0	1406	101	86	1282	0.9712	0.8400
KT312956	1537	7685	Glycomycetaceae	Stackebrandtia cavernae	AY650268	1491	7455	Glycomycetaceae	Stackebrandtia nassauensis	7233.0	1492	14	15	1465	0.9919	0.9702
KT312956	1537	7685	Glycomycetaceae	Stackebrandtia cavernae	AB857717	1532	7660	Glycomycetaceae	Glycomyces fuscus	6525.0	1511	94	73	1393	0.9687	0.8518
KT312956	1537	7685	Glycomycetaceae	Stackebrandtia cavernae	HQ651156	1431	7155	Glycomycetaceae	Glycomyces halotolerans	6038.0	1404	94	67	1293	0.9671	0.8439
D85482	1489	7445	Glycomycetaceae	Glycomyces tenuis	KR149811	1440	7200	Glycomycetaceae	Salilacibacter albus	6393.0	1421	59	60	1336	0.9816	0.8879
D85482	1489	7445	Glycomycetaceae	Glycomyces tenuis	KP162267	1492	7460	Glycomycetaceae	Salininema proteolyticum	6608.0	1480	52	60	1385	0.9754	0.8876
D85482	1489	7445	Glycomycetaceae	Glycomyces tenuis	JQ819256	1436	7156	Glycomycetaceae	Glycomyces phytohabitans	6741.0	1440	33	37	1383	0.9857	0.9420
D85482	1489	7445	Glycomycetaceae	Glycomyces tenuis	KJ781245	1521	7605	Glycomycetaceae	Stackebrandtia endophytica	6432.0	1489	69	86	1365	0.9729	0.8639
D85482	1489	7445	Glycomycetaceae	Glycomyces tenuis	AY462041	1507	7535	Glycomycetaceae	Glycomyces lechevalierae	6882.0	1489	38	40	1423	0.9821	0.9244
D85482	1489	7445	Glycomycetaceae	Glycomyces tenuis	D85483	1487	7435	Glycomycetaceae	Glycomyces harbinensis	6917.0	1489	34	36	1427	0.9821	0.9303
D85482	1489	7445	Glycomycetaceae	Glycomyces tenuis	KT895607	1420	7100	Glycomycetaceae	Glycomyces lacisalsi	6457.0	1408	57	45	1341	0.9839	0.9094
D85482	1489	7445	Glycomycetaceae	Glycomyces tenuis	DQ460469	1410	7050	Glycomycetaceae	Glycomyces sambucus	6620.0	1412	31	33	1360	0.9862	0.9390
D85482	1489	7445	Glycomycetaceae	Glycomyces tenuis	AB857718	1366	6830	Glycomycetaceae	Glycomyces albus	6153.0	1333	52	40	1274	0.9853	0.9009
D85482	1489	7445	Glycomycetaceae	Glycomyces tenuis	AY462042	1499	7495	Glycomycetaceae	Glycomyces arizonensis	7157.0	1488	24	25	1454	0.9938	0.9613
D85482	1489	7445	Glycomycetaceae	Glycomyces tenuis	EU200681	1456	7280	Glycomycetaceae	Glycomyces endophyticus	6756.0	1458	34	36	1396	0.9817	0.9280
D85482	1489	7445	Glycomycetaceae	Glycomyces tenuis	JN408755	1487	7435	Glycomycetaceae	Glycomyces artemisiae	7018.0	1489	28	30	1439	0.9863	0.9439
D85482	1489	7445	Glycomycetaceae	Glycomyces tenuis	EU660053	1421	7105	Glycomycetaceae	Haloglycomyces albus	6334.0	1420	56	55	1330	0.9744	0.8915
D85482	1489	7445	Glycomycetaceae	Glycomyces tenuis	AY650268	1491	7455	Glycomycetaceae	Stackebrandtia nassauensis	6396.0	1489	73	87	1361	0.9708	0.8591
D85482	1489	7445	Glycomycetaceae	Glycomyces tenuis	AB857717	1532	7660	Glycomycetaceae	Glycomyces fuscus	6833.0	1489	60	53	1417	0.9868	0.9178
D85482	1489	7445	Glycomycetaceae	Glycomyces tenuis	HQ651156	1431	7155	Glycomycetaceae	Glycomyces halotolerans	6594.0	1418	58	45	1361	0.9913	0.9216
KR149811	1440	7200	Glycomycetaceae	Salilacibacter albus	KP162267	1492	7460	Glycomycetaceae	Salininema proteolyticum	6797.0	1440	31	32	1392	0.9886	0.9440
KR149811	1440	7200	Glycomycetaceae	Salilacibacter albus	JQ819256	1436	7156	Glycomycetaceae	Glycomyces phytohabitans	6246.0	1394	66	65	1306	0.9827	0.8728
KR149811	1440	7200	Glycomycetaceae	Salilacibacter albus	KJ781245	1521	7605	Glycomycetaceae	Stackebrandtia endophytica	6190.0	1440	72	84	1318	0.9720	0.8597
KR149811	1440	7200	Glycomycetaceae	Salilacibacter albus	AY462041	1507	7535	Glycomycetaceae	Glycomyces lechevalierae	6498.0	1437	65	62	1355	0.9855	0.9025
KR149811	1440	7200	Glycomycetaceae	Salilacibacter albus	D85483	1487	7435	Glycomycetaceae	Glycomyces harbinensis	6422.0	1420	65	62	1339	0.9860	0.8919
KR149811	1440	7200	Glycomycetaceae	Salilacibacter albus	KT895607	1420	7100	Glycomycetaceae	Glycomyces lacisalsi	6181.0	1392	76	59	1302	0.9767	0.8706
KR149811	1440	7200	Glycomycetaceae	Salilacibacter albus	DQ460469	1410	7050	Glycomycetaceae	Glycomyces sambucus	6328.0	1396	65	62	1318	0.9880	0.8976
KR149811	1440	7200	Glycomycetaceae	Salilacibacter albus	AB857718	1366	6830	Glycomycetaceae	Glycomyces albus	6027.0	1350	73	58	1266	0.9799	0.8824
KR149811	1440	7200	Glycomycetaceae	Salilacibacter albus	AY462042	1499	7495	Glycomycetaceae	Glycomyces arizonensis	6500.0	1432	57	56	1353	0.9833	0.9028
KR149811	1440	7200	Glycomycetaceae	Salilacibacter albus	EU200681	1456	7280	Glycomycetaceae	Glycomyces endophyticus	6339.0	1410	65	62	1325	0.9829	0.8804
KR149811	1440	7200	Glycomycetaceae	Salilacibacter albus	JN408755	1487	7435	Glycomycetaceae	Glycomyces artemisiae	6411.0	1420	67	64	1338	0.9867	0.8904
KR149811	1440	7200	Glycomycetaceae	Salilacibacter albus	EU660053	1421	7105	Glycomycetaceae	Haloglycomyces albus	6450.0	1384	46	40	1329	0.9888	0.9078
KR149811	1440	7200	Glycomycetaceae	Salilacibacter albus	AY650268	1491	7455	Glycomycetaceae	Stackebrandtia nassauensis	6172.0	1434	69	83	1313	0.9719	0.8572
KR149811	1440	7200	Glycomycetaceae	Salilacibacter albus	AB857717	1532	7660	Glycomycetaceae	Glycomyces fuscus	6404.0	1440	70	58	1348	0.9754	0.8894
KR149811	1440	7200	Glycomycetaceae	Salilacibacter albus	HQ651156	1431	7155	Glycomycetaceae	Glycomyces halotolerans	6342.0	1403	65	51	1326	0.9808	0.8864
KP162267	1492	7460	Glycomycetaceae	Salininema proteolyticum	JQ819256	1436	7156	Glycomycetaceae	Glycomyces phytohabitans	6431.0	1437	53	54	1347	0.9740	0.8987
KP162267	1492	7460	Glycomycetaceae	Salininema proteolyticum	KJ781245	1521	7605	Glycomycetaceae	Stackebrandtia endophytica	6409.0	1492	72	81	1366	0.9681	0.8591
KP162267	1492	7460	Glycomycetaceae	Salininema proteolyticum	AY462041	1507	7535	Glycomycetaceae	Glycomyces lechevalierae	6685.0	1489	62	56	1400	0.9770	0.8961
KP162267	1492	7460	Glycomycetaceae	Salininema proteolyticum	D85483	1487	7435	Glycomycetaceae	Glycomyces harbinensis	6593.0	1472	66	60	1382	0.9788	0.8868
KP162267	1492	7460	Glycomycetaceae	Salininema proteolyticum	KT895607	1420	7100	Glycomycetaceae	Glycomyces lacisalsi	6159.0	1405	75	60	1306	0.9710	0.8675
KP162267	1492	7460	Glycomycetaceae	Salininema proteolyticum	DQ460469	1410	7050	Glycomycetaceae	Glycomyces sambucus	6313.0	1426	63	79	1324	0.9829	0.8955
KP162267	1492	7460	Glycomycetaceae	Salininema proteolyticum	AB857718	1366	6830	Glycomycetaceae	Glycomyces albus	5930.0	1349	78	62	1255	0.9751	0.8682
KP162267	1492	7460	Glycomycetaceae	Salininema proteolyticum	AY462042	1499	7495	Glycomycetaceae	Glycomyces arizonensis	6672.0	1484	60	53	1397	0.9762	0.8944
KP162267	1492	7460	Glycomycetaceae	Salininema proteolyticum	EU200681	1456	7280	Glycomycetaceae	Glycomyces endophyticus	6531.0	1455	56	55	1368	0.9771	0.8971
KP162267	1492	7460	Glycomycetaceae	Salininema proteolyticum	JN408755	1487	7435	Glycomycetaceae	Glycomyces artemisiae	6580.0	1472	72	66	1380	0.9815	0.8850
KP162267	1492	7460	Glycomycetaceae	Salininema proteolyticum	EU660053	1421	7105	Glycomycetaceae	Haloglycomyces albus	6564.0	1417	40	36	1357	0.9826	0.9239
KP162267	1492	7460	Glycomycetaceae	Salininema proteolyticum	AY650268	1491	7455	Glycomycetaceae	Stackebrandtia nassauensis	6353.0	1486	77	84	1356	0.9672	0.8522
KP162267	1492	7460	Glycomycetaceae	Salininema proteolyticum	AB857717	1532	7660	Glycomycetaceae	Glycomyces fuscus	6624.0	1492	70	55	1397	0.9722	0.8879
KP162267	1492	7460	Glycomycetaceae	Salininema proteolyticum	HQ651156	1431	7155	Glycomycetaceae	Glycomyces halotolerans	6290.0	1415	73	57	1326	0.9764	0.8791
JQ819256	1436	7156	Glycomycetaceae	Glycomyces phytohabitans	KJ781245	1521	7605	Glycomycetaceae	Stackebrandtia endophytica	6099.0	1436	80	93	1303	0.9702	0.8523
JQ819256	1436	7156	Glycomycetaceae	Glycomyces phytohabitans	AY462041	1507	7535	Glycomycetaceae	Glycomyces lechevalierae	6585.0	1436	49	47	1366	0.9834	0.9202
JQ819256	1436	7156	Glycomycetaceae	Glycomyces phytohabitans	D85483	1487	7435	Glycomycetaceae	Glycomyces harbinensis	6629.0	1436	45	43	1371	0.9842	0.9264
JQ819256	1436	7156	Glycomycetaceae	Glycomyces phytohabitans	KT895607	1420	7100	Glycomycetaceae	Glycomyces lacisalsi	6312.0	1404	76	60	1321	0.9829	0.8890
JQ819256	1436	7156	Glycomycetaceae	Glycomyces phytohabitans	DQ460469	1410	7050	Glycomycetaceae	Glycomyces sambucus	6496.0	1406	49	47	1341	0.9868	0.9214
JQ819256	1436	7156	Glycomycetaceae	Glycomyces phytohabitans	AB857718	1366	6830	Glycomycetaceae	Glycomyces albus	5820.0	1301	78	60	1221	0.9839	0.8521
JQ819256	1436	7156	Glycomycetaceae	Glycomyces phytohabitans	AY462042	1499	7495	Glycomycetaceae	Glycomyces arizonensis	6818.0	1436	36	32	1392	0.9915	0.9528
JQ819256	1436	7156	Glycomycetaceae	Glycomyces phytohabitans	EU200681	1456	7280	Glycomycetaceae	Glycomyces endophyticus	6596.0	1436	51	49	1367	0.9856	0.9217
JQ819256	1436	7156	Glycomycetaceae	Glycomyces phytohabitans	JN408755	1487	7435	Glycomycetaceae	Glycomyces artemisiae	6636.0	1436	47	45	1370	0.9849	0.9273
JQ819256	1436	7156	Glycomycetaceae	Glycomyces phytohabitans	EU660053	1421	7105	Glycomycetaceae	Haloglycomyces albus	6299.0	1416	65	60	1323	0.9757	0.8866
JQ819256	1436	7156	Glycomycetaceae	Glycomyces phytohabitans	AY650268	1491	7455	Glycomycetaceae	Stackebrandtia nassauensis	6071.0	1436	82	92	1300	0.9673	0.8484
JQ819256	1436	7156	Glycomycetaceae	Glycomyces phytohabitans	AB857717	1532	7660	Glycomycetaceae	Glycomyces fuscus	6545.0	1436	61	50	1361	0.9820	0.9146
JQ819256	1436	7156	Glycomycetaceae	Glycomyces phytohabitans	HQ651156	1431	7155	Glycomycetaceae	Glycomyces halotolerans	6396.0	1405	73	57	1331	0.9874	0.8939
KJ781245	1521	7605	Glycomycetaceae	Stackebrandtia endophytica	AY462041	1507	7535	Glycomycetaceae	Glycomyces lechevalierae	6495.0	1492	85	70	1380	0.9705	0.8620
KJ781245	1521	7605	Glycomycetaceae	Stackebrandtia endophytica	D85483	1487	7435	Glycomycetaceae	Glycomyces harbinensis	6385.0	1472	85	70	1359	0.9693	0.8588
KJ781245	1521	7605	Glycomycetaceae	Stackebrandtia endophytica	KT895607	1420	7100	Glycomycetaceae	Glycomyces lacisalsi	5935.0	1391	110	81	1276	0.9740	0.8359
KJ781245	1521	7605	Glycomycetaceae	Stackebrandtia endophytica	DQ460469	1410	7050	Glycomycetaceae	Glycomyces sambucus	6044.0	1395	89	74	1286	0.9735	0.8573
KJ781245	1521	7605	Glycomycetaceae	Stackebrandtia endophytica	AB857718	1366	6830	Glycomycetaceae	Glycomyces albus	5755.0	1338	105	77	1232	0.9770	0.8426
KJ781245	1521	7605	Glycomycetaceae	Stackebrandtia endophytica	AY462042	1499	7495	Glycomycetaceae	Glycomyces arizonensis	6455.0	1483	92	76	1372	0.9751	0.8612
KJ781245	1521	7605	Glycomycetaceae	Stackebrandtia endophytica	EU200681	1456	7280	Glycomycetaceae	Glycomyces endophyticus	6265.0	1441	84	69	1332	0.9708	0.8606
KJ781245	1521	7605	Glycomycetaceae	Stackebrandtia endophytica	JN408755	1487	7435	Glycomycetaceae	Glycomyces artemisiae	6399.0	1472	89	74	1360	0.9728	0.8607
KJ781245	1521	7605	Glycomycetaceae	Stackebrandtia endophytica	EU660053	1421	7105	Glycomycetaceae	Haloglycomyces albus	5965.0	1403	102	84	1282	0.9719	0.8395
KJ781245	1521	7605	Glycomycetaceae	Stackebrandtia endophytica	AY650268	1491	7455	Glycomycetaceae	Stackebrandtia nassauensis	7035.0	1489	29	27	1441	0.9856	0.9437
KJ781245	1521	7605	Glycomycetaceae	Stackebrandtia endophytica	AB857717	1532	7660	Glycomycetaceae	Glycomyces fuscus	6531.0	1508	100	76	1393	0.9728	0.8588
KJ781245	1521	7605	Glycomycetaceae	Stackebrandtia endophytica	HQ651156	1431	7155	Glycomycetaceae	Glycomyces halotolerans	6054.0	1401	100	70	1294	0.9722	0.8461
AY462041	1507	7535	Glycomycetaceae	Glycomyces lechevalierae	D85483	1487	7435	Glycomycetaceae	Glycomyces harbinensis	7347.0	1487	6	6	1477	0.9973	0.9882
AY462041	1507	7535	Glycomycetaceae	Glycomyces lechevalierae	KT895607	1420	7100	Glycomycetaceae	Glycomyces lacisalsi	6267.0	1406	77	63	1318	0.9814	0.8827
AY462041	1507	7535	Glycomycetaceae	Glycomyces lechevalierae	DQ460469	1410	7050	Glycomycetaceae	Glycomyces sambucus	6773.0	1410	16	16	1378	0.9885	0.9607
AY462041	1507	7535	Glycomycetaceae	Glycomyces lechevalierae	AB857718	1366	6830	Glycomycetaceae	Glycomyces albus	6031.0	1346	73	57	1266	0.9822	0.8830
AY462041	1507	7535	Glycomycetaceae	Glycomyces lechevalierae	AY462042	1499	7495	Glycomycetaceae	Glycomyces arizonensis	6969.0	1498	42	41	1437	0.9863	0.9298
AY462041	1507	7535	Glycomycetaceae	Glycomyces lechevalierae	EU200681	1456	7280	Glycomycetaceae	Glycomyces endophyticus	7176.0	1456	7	7	1444	0.9965	0.9857
AY462041	1507	7535	Glycomycetaceae	Glycomyces lechevalierae	JN408755	1487	7435	Glycomycetaceae	Glycomyces artemisiae	7120.0	1487	23	23	1450	0.9904	0.9576
AY462041	1507	7535	Glycomycetaceae	Glycomyces lechevalierae	EU660053	1421	7105	Glycomycetaceae	Haloglycomyces albus	6271.0	1418	68	65	1322	0.9771	0.8826
AY462041	1507	7535	Glycomycetaceae	Glycomyces lechevalierae	AY650268	1491	7455	Glycomycetaceae	Stackebrandtia nassauensis	6466.0	1504	74	87	1375	0.9704	0.8673
AY462041	1507	7535	Glycomycetaceae	Glycomyces lechevalierae	AB857717	1532	7660	Glycomycetaceae	Glycomyces fuscus	6745.0	1507	66	57	1416	0.9766	0.8952
AY462041	1507	7535	Glycomycetaceae	Glycomyces lechevalierae	HQ651156	1431	7155	Glycomycetaceae	Glycomyces halotolerans	6427.0	1416	70	55	1341	0.9853	0.8983
D85483	1487	7435	Glycomycetaceae	Glycomyces harbinensis	KT895607	1420	7100	Glycomycetaceae	Glycomyces lacisalsi	6299.0	1406	73	59	1322	0.9814	0.8872
D85483	1487	7435	Glycomycetaceae	Glycomyces harbinensis	DQ460469	1410	7050	Glycomycetaceae	Glycomyces sambucus	6775.0	1410	18	18	1378	0.9899	0.9610
D85483	1487	7435	Glycomycetaceae	Glycomyces harbinensis	AB857718	1366	6830	Glycomycetaceae	Glycomyces albus	5977.0	1329	68	52	1253	0.9812	0.8751
D85483	1487	7435	Glycomycetaceae	Glycomyces harbinensis	AY462042	1499	7495	Glycomycetaceae	Glycomyces arizonensis	6957.0	1486	36	35	1431	0.9862	0.9357
D85483	1487	7435	Glycomycetaceae	Glycomyces harbinensis	EU200681	1456	7280	Glycomycetaceae	Glycomyces endophyticus	7150.0	1456	8	8	1441	0.9952	0.9821
D85483	1487	7435	Glycomycetaceae	Glycomyces harbinensis	JN408755	1487	7435	Glycomycetaceae	Glycomyces artemisiae	7100.0	1487	23	23	1448	0.9891	0.9549
D85483	1487	7435	Glycomycetaceae	Glycomyces harbinensis	EU660053	1421	7105	Glycomycetaceae	Haloglycomyces albus	6279.0	1418	67	64	1323	0.9771	0.8837
D85483	1487	7435	Glycomycetaceae	Glycomyces harbinensis	AY650268	1491	7455	Glycomycetaceae	Stackebrandtia nassauensis	6362.0	1487	77	89	1356	0.9700	0.8557
D85483	1487	7435	Glycomycetaceae	Glycomyces harbinensis	AB857717	1532	7660	Glycomycetaceae	Glycomyces fuscus	6679.0	1487	62	53	1400	0.9763	0.8983
D85483	1487	7435	Glycomycetaceae	Glycomyces harbinensis	HQ651156	1431	7155	Glycomycetaceae	Glycomyces halotolerans	6451.0	1416	65	50	1344	0.9839	0.9016
KT895607	1420	7100	Glycomycetaceae	Glycomyces lacisalsi	DQ460469	1410	7050	Glycomycetaceae	Glycomyces sambucus	6388.0	1420	56	70	1332	0.9867	0.9061
KT895607	1420	7100	Glycomycetaceae	Glycomyces lacisalsi	AB857718	1366	6830	Glycomycetaceae	Glycomyces albus	6363.0	1314	18	15	1290	0.9931	0.9316
KT895607	1420	7100	Glycomycetaceae	Glycomyces lacisalsi	AY462042	1499	7495	Glycomycetaceae	Glycomyces arizonensis	6498.0	1420	43	55	1346	0.9861	0.9152
KT895607	1420	7100	Glycomycetaceae	Glycomyces lacisalsi	EU200681	1456	7280	Glycomycetaceae	Glycomyces endophyticus	6271.0	1420	59	73	1319	0.9792	0.8832
KT895607	1420	7100	Glycomycetaceae	Glycomyces lacisalsi	JN408755	1487	7435	Glycomycetaceae	Glycomyces artemisiae	6373.0	1420	56	70	1330	0.9852	0.8976
KT895607	1420	7100	Glycomycetaceae	Glycomyces lacisalsi	EU660053	1421	7105	Glycomycetaceae	Haloglycomyces albus	6189.0	1412	67	78	1305	0.9783	0.8717
KT895607	1420	7100	Glycomycetaceae	Glycomyces lacisalsi	AY650268	1491	7455	Glycomycetaceae	Stackebrandtia nassauensis	5918.0	1420	81	107	1274	0.9703	0.8335
KT895607	1420	7100	Glycomycetaceae	Glycomyces lacisalsi	AB857717	1532	7660	Glycomycetaceae	Glycomyces fuscus	6469.0	1420	51	56	1344	0.9853	0.9111
KT895607	1420	7100	Glycomycetaceae	Glycomyces lacisalsi	HQ651156	1431	7155	Glycomycetaceae	Glycomyces halotolerans	6500.0	1419	54	54	1348	0.9875	0.9155
DQ460469	1410	7050	Glycomycetaceae	Glycomyces sambucus	AB857718	1366	6830	Glycomycetaceae	Glycomyces albus	5930.0	1305	64	48	1237	0.9841	0.8682
DQ460469	1410	7050	Glycomycetaceae	Glycomyces sambucus	AY462042	1499	7495	Glycomycetaceae	Glycomyces arizonensis	6606.0	1410	43	41	1357	0.9912	0.9370
DQ460469	1410	7050	Glycomycetaceae	Glycomyces sambucus	EU200681	1456	7280	Glycomycetaceae	Glycomyces endophyticus	6723.0	1410	19	19	1372	0.9863	0.9536
DQ460469	1410	7050	Glycomycetaceae	Glycomyces sambucus	JN408755	1487	7435	Glycomycetaceae	Glycomyces artemisiae	6866.0	1410	13	13	1388	0.9936	0.9739
DQ460469	1410	7050	Glycomycetaceae	Glycomyces sambucus	EU660053	1421	7105	Glycomycetaceae	Haloglycomyces albus	6228.0	1398	68	65	1308	0.9812	0.8834
DQ460469	1410	7050	Glycomycetaceae	Glycomyces sambucus	AY650268	1491	7455	Glycomycetaceae	Stackebrandtia nassauensis	6022.0	1410	74	86	1284	0.9698	0.8542
DQ460469	1410	7050	Glycomycetaceae	Glycomyces sambucus	AB857717	1532	7660	Glycomycetaceae	Glycomyces fuscus	6383.0	1410	63	54	1332	0.9823	0.9054
DQ460469	1410	7050	Glycomycetaceae	Glycomyces sambucus	HQ651156	1431	7155	Glycomycetaceae	Glycomyces halotolerans	6511.0	1409	57	43	1348	0.9868	0.9235
AB857718	1366	6830	Glycomycetaceae	Glycomyces albus	AY462042	1499	7495	Glycomycetaceae	Glycomyces arizonensis	6197.0	1357	40	54	1284	0.9854	0.9073
AB857718	1366	6830	Glycomycetaceae	Glycomyces albus	EU200681	1456	7280	Glycomycetaceae	Glycomyces endophyticus	5906.0	1335	54	70	1240	0.9802	0.8647
AB857718	1366	6830	Glycomycetaceae	Glycomyces albus	JN408755	1487	7435	Glycomycetaceae	Glycomyces artemisiae	6040.0	1345	48	64	1260	0.9836	0.8843
AB857718	1366	6830	Glycomycetaceae	Glycomyces albus	EU660053	1421	7105	Glycomycetaceae	Haloglycomyces albus	5692.0	1309	65	80	1203	0.9788	0.8334
AB857718	1366	6830	Glycomycetaceae	Glycomyces albus	AY650268	1491	7455	Glycomycetaceae	Stackebrandtia nassauensis	5708.0	1359	72	100	1224	0.9722	0.8357
AB857718	1366	6830	Glycomycetaceae	Glycomyces albus	AB857717	1532	7660	Glycomycetaceae	Glycomyces fuscus	6170.0	1366	56	63	1285	0.9862	0.9034
AB857718	1366	6830	Glycomycetaceae	Glycomyces albus	HQ651156	1431	7155	Glycomycetaceae	Glycomyces halotolerans	6086.0	1328	46	50	1261	0.9867	0.8911
AY462042	1499	7495	Glycomycetaceae	Glycomyces arizonensis	EU200681	1456	7280	Glycomycetaceae	Glycomyces endophyticus	6785.0	1461	37	42	1399	0.9859	0.9320
AY462042	1499	7495	Glycomycetaceae	Glycomyces arizonensis	JN408755	1487	7435	Glycomycetaceae	Glycomyces artemisiae	7008.0	1487	38	39	1436	0.9917	0.9426
AY462042	1499	7495	Glycomycetaceae	Glycomyces arizonensis	EU660053	1421	7105	Glycomycetaceae	Haloglycomyces albus	6346.0	1420	59	58	1331	0.9772	0.8932
AY462042	1499	7495	Glycomycetaceae	Glycomyces arizonensis	AY650268	1491	7455	Glycomycetaceae	Stackebrandtia nassauensis	6466.0	1499	74	88	1374	0.9738	0.8673
AY462042	1499	7495	Glycomycetaceae	Glycomyces arizonensis	AB857717	1532	7660	Glycomycetaceae	Glycomyces fuscus	6910.0	1499	59	51	1431	0.9883	0.9219
AY462042	1499	7495	Glycomycetaceae	Glycomyces arizonensis	HQ651156	1431	7155	Glycomycetaceae	Glycomyces halotolerans	6547.0	1418	63	50	1355	0.9905	0.9150
EU200681	1456	7280	Glycomycetaceae	Glycomyces endophyticus	JN408755	1487	7435	Glycomycetaceae	Glycomyces artemisiae	6960.0	1456	22	22	1419	0.9895	0.9560
EU200681	1456	7280	Glycomycetaceae	Glycomyces endophyticus	EU660053	1421	7105	Glycomycetaceae	Haloglycomyces albus	6280.0	1418	67	64	1323	0.9771	0.8839
EU200681	1456	7280	Glycomycetaceae	Glycomyces endophyticus	AY650268	1491	7455	Glycomycetaceae	Stackebrandtia nassauensis	6249.0	1456	77	89	1330	0.9729	0.8584
EU200681	1456	7280	Glycomycetaceae	Glycomyces endophyticus	AB857717	1532	7660	Glycomycetaceae	Glycomyces fuscus	6511.0	1456	67	58	1367	0.9778	0.8944
EU200681	1456	7280	Glycomycetaceae	Glycomyces endophyticus	HQ651156	1431	7155	Glycomycetaceae	Glycomyces halotolerans	6403.0	1416	71	56	1338	0.9838	0.8949
JN408755	1487	7435	Glycomycetaceae	Glycomyces artemisiae	EU660053	1421	7105	Glycomycetaceae	Haloglycomyces albus	6286.0	1418	69	66	1323	0.9786	0.8847
JN408755	1487	7435	Glycomycetaceae	Glycomyces artemisiae	AY650268	1491	7455	Glycomycetaceae	Stackebrandtia nassauensis	6363.0	1487	84	96	1355	0.9741	0.8558
JN408755	1487	7435	Glycomycetaceae	Glycomyces artemisiae	AB857717	1532	7660	Glycomycetaceae	Glycomyces fuscus	6761.0	1487	60	51	1409	0.9812	0.9093
JN408755	1487	7435	Glycomycetaceae	Glycomyces artemisiae	HQ651156	1431	7155	Glycomycetaceae	Glycomyces halotolerans	6479.0	1416	62	47	1347	0.9839	0.9055
EU660053	1421	7105	Glycomycetaceae	Haloglycomyces albus	AY650268	1491	7455	Glycomycetaceae	Stackebrandtia nassauensis	5985.0	1421	84	99	1285	0.9720	0.8424
EU660053	1421	7105	Glycomycetaceae	Haloglycomyces albus	AB857717	1532	7660	Glycomycetaceae	Glycomyces fuscus	6258.0	1421	66	60	1323	0.9721	0.8808
EU660053	1421	7105	Glycomycetaceae	Haloglycomyces albus	HQ651156	1431	7155	Glycomycetaceae	Glycomyces halotolerans	6237.0	1400	69	57	1312	0.9769	0.8778
AY650268	1491	7455	Glycomycetaceae	Stackebrandtia nassauensis	AB857717	1532	7660	Glycomycetaceae	Glycomyces fuscus	6400.0	1491	98	76	1370	0.9682	0.8585
AY650268	1491	7455	Glycomycetaceae	Stackebrandtia nassauensis	HQ651156	1431	7155	Glycomycetaceae	Glycomyces halotolerans	6007.0	1404	98	71	1289	0.9670	0.8396
AB857717	1532	7660	Glycomycetaceae	Glycomyces fuscus	HQ651156	1431	7155	Glycomycetaceae	Glycomyces halotolerans	6473.0	1425	63	57	1348	0.9854	0.9047
