AB050825	1466	7330	Hafniaceae	Edwardsiella hoshinae	KJ023821	1441	7205	Hafniaceae	Hafnia psychrotolerans	6599.0	1457	36	53	1373	0.9779	0.9159
AB050825	1466	7330	Hafniaceae	Edwardsiella hoshinae	FM179943	1495	7445	Hafniaceae	Hafnia paralvei	6793.0	1466	37	38	1400	0.9804	0.9267
AB050825	1466	7330	Hafniaceae	Edwardsiella hoshinae	AB050826	1466	7330	Hafniaceae	Edwardsiella ictaluri	7288.0	1466	4	4	1461	0.9993	0.9943
AB050825	1466	7330	Hafniaceae	Edwardsiella hoshinae	CP006664	1360	6800	Hafniaceae	Edwardsiella anguillarum	6750.0	1360	4	4	1354	0.9985	0.9926
AB050825	1466	7330	Hafniaceae	Edwardsiella hoshinae	M59155	1488	7386	Hafniaceae	Hafnia alvei	6716.0	1463	44	44	1390	0.9796	0.9162
AB050825	1466	7330	Hafniaceae	Edwardsiella hoshinae	AB050827	1399	6995	Hafniaceae	Edwardsiella tarda	6959.0	1399	0	0	1395	0.9971	0.9949
AB050825	1466	7330	Hafniaceae	Edwardsiella hoshinae	AJ233422	1490	7450	Hafniaceae	Obesumbacterium proteus	6742.0	1460	45	46	1393	0.9851	0.9198
KJ023821	1441	7205	Hafniaceae	Hafnia psychrotolerans	FM179943	1495	7445	Hafniaceae	Hafnia paralvei	6944.0	1440	28	12	1411	0.9881	0.9638
KJ023821	1441	7205	Hafniaceae	Hafnia psychrotolerans	AB050826	1466	7330	Hafniaceae	Edwardsiella ictaluri	6588.0	1440	51	34	1372	0.9758	0.9144
KJ023821	1441	7205	Hafniaceae	Hafnia psychrotolerans	CP006664	1360	6800	Hafniaceae	Edwardsiella anguillarum	6299.0	1361	27	28	1302	0.9767	0.9263
KJ023821	1441	7205	Hafniaceae	Hafnia psychrotolerans	M59155	1488	7386	Hafniaceae	Hafnia alvei	6887.0	1439	32	18	1405	0.9887	0.9559
KJ023821	1441	7205	Hafniaceae	Hafnia psychrotolerans	AB050827	1399	6995	Hafniaceae	Edwardsiella tarda	6401.0	1389	36	32	1326	0.9772	0.9151
KJ023821	1441	7205	Hafniaceae	Hafnia psychrotolerans	AJ233422	1490	7450	Hafniaceae	Obesumbacterium proteus	6905.0	1439	31	18	1408	0.9909	0.9584
FM179943	1495	7445	Hafniaceae	Hafnia paralvei	AB050826	1466	7330	Hafniaceae	Edwardsiella ictaluri	6779.0	1465	38	37	1398	0.9790	0.9248
FM179943	1495	7445	Hafniaceae	Hafnia paralvei	CP006664	1360	6800	Hafniaceae	Edwardsiella anguillarum	6319.0	1361	30	31	1301	0.9782	0.9293
FM179943	1495	7445	Hafniaceae	Hafnia paralvei	M59155	1488	7386	Hafniaceae	Hafnia alvei	7172.0	1462	9	8	1443	0.9924	0.9710
FM179943	1495	7445	Hafniaceae	Hafnia paralvei	AB050827	1399	6995	Hafniaceae	Edwardsiella tarda	6510.0	1402	32	35	1340	0.9802	0.9307
FM179943	1495	7445	Hafniaceae	Hafnia paralvei	AJ233422	1490	7450	Hafniaceae	Obesumbacterium proteus	7348.0	1489	7	7	1475	0.9953	0.9870
AB050826	1466	7330	Hafniaceae	Edwardsiella ictaluri	CP006664	1360	6800	Hafniaceae	Edwardsiella anguillarum	6773.0	1360	0	0	1357	0.9978	0.9960
AB050826	1466	7330	Hafniaceae	Edwardsiella ictaluri	M59155	1488	7386	Hafniaceae	Hafnia alvei	6708.0	1463	43	43	1389	0.9782	0.9151
AB050826	1466	7330	Hafniaceae	Edwardsiella ictaluri	AB050827	1399	6995	Hafniaceae	Edwardsiella tarda	6937.0	1399	5	5	1392	0.9986	0.9917
AB050826	1466	7330	Hafniaceae	Edwardsiella ictaluri	AJ233422	1490	7450	Hafniaceae	Obesumbacterium proteus	6734.0	1460	44	45	1392	0.9837	0.9187
CP006664	1360	6800	Hafniaceae	Edwardsiella anguillarum	M59155	1488	7386	Hafniaceae	Hafnia alvei	6285.0	1360	36	35	1298	0.9796	0.9243
CP006664	1360	6800	Hafniaceae	Edwardsiella anguillarum	AB050827	1399	6995	Hafniaceae	Edwardsiella tarda	6760.0	1360	5	5	1355	1.0000	0.9941
CP006664	1360	6800	Hafniaceae	Edwardsiella anguillarum	AJ233422	1490	7450	Hafniaceae	Obesumbacterium proteus	6303.0	1360	38	37	1301	0.9834	0.9269
M59155	1488	7386	Hafniaceae	Hafnia alvei	AB050827	1399	6995	Hafniaceae	Edwardsiella tarda	6438.0	1400	36	40	1331	0.9787	0.9204
M59155	1488	7386	Hafniaceae	Hafnia alvei	AJ233422	1490	7450	Hafniaceae	Obesumbacterium proteus	7210.0	1457	1	2	1446	0.9938	0.9762
AB050827	1399	6995	Hafniaceae	Edwardsiella tarda	AJ233422	1490	7450	Hafniaceae	Obesumbacterium proteus	6494.0	1399	41	38	1340	0.9846	0.9284
