JF811908	1473	7359	Hahellaceae	Kistimonas scapharcae	LUTV01000003	1555	7775	Hahellaceae	Endozoicomonas ascidiicola	6685.0	1473	81	47	1397	0.9797	0.9084
JF811908	1473	7359	Hahellaceae	Kistimonas scapharcae	JX488685	1556	7780	Hahellaceae	Endozoicomonas gorgoniicola	6712.0	1473	72	40	1401	0.9777	0.9121
JF811908	1473	7359	Hahellaceae	Kistimonas scapharcae	AY676463	1454	7270	Hahellaceae	Hahella ganghwensis	6193.0	1456	78	80	1327	0.9644	0.8519
JF811908	1473	7359	Hahellaceae	Kistimonas scapharcae	AB196667	1437	7185	Hahellaceae	Endozoicomonas elysicola	6486.0	1426	47	45	1350	0.9776	0.9027
JF811908	1473	7359	Hahellaceae	Kistimonas scapharcae	AB695088	1466	7330	Hahellaceae	Endozoicomonas numazuensis	6758.0	1466	41	41	1399	0.9818	0.9220
JF811908	1473	7359	Hahellaceae	Kistimonas scapharcae	JX488684	1522	7610	Hahellaceae	Endozoicomonas euniceicola	6630.0	1473	61	59	1386	0.9802	0.9009
JF811908	1473	7359	Hahellaceae	Kistimonas scapharcae	KC878324	1465	7325	Hahellaceae	Endozoicomonas atrinae	6675.0	1463	42	40	1388	0.9754	0.9113
JF811908	1473	7359	Hahellaceae	Kistimonas scapharcae	DQ072719	1427	7129	Hahellaceae	Halospina denitrificans	6009.0	1438	80	91	1296	0.9621	0.8429
JF811908	1473	7359	Hahellaceae	Kistimonas scapharcae	CP000155	1535	7675	Hahellaceae	Hahella chejuensis	6334.0	1473	82	88	1348	0.9733	0.8607
JF811908	1473	7359	Hahellaceae	Kistimonas scapharcae	EF495227	1484	7420	Hahellaceae	Allohahella antarctica	6154.0	1470	91	97	1326	0.9658	0.8363
JF811908	1473	7359	Hahellaceae	Kistimonas scapharcae	LASA01000059	1521	7599	Hahellaceae	Endozoicomonas arenosclerae	6790.0	1473	42	42	1405	0.9818	0.9227
JF811908	1473	7359	Hahellaceae	Kistimonas scapharcae	EU599216	1506	7530	Hahellaceae	Kistimonas asteriae	7153.0	1473	15	14	1448	0.9925	0.9720
JF811908	1473	7359	Hahellaceae	Kistimonas scapharcae	FJ347758	1440	7200	Hahellaceae	Endozoicomonas montiporae	6446.0	1424	65	49	1346	0.9789	0.8953
JF811908	1473	7359	Hahellaceae	Kistimonas scapharcae	AY130994	1462	7310	Hahellaceae	Zooshikella ganghwensis	6479.0	1463	61	62	1365	0.9743	0.8863
JF811908	1473	7359	Hahellaceae	Kistimonas scapharcae	HQ834530	1437	7185	Hahellaceae	Allohahella marinimesophila	6089.0	1451	84	100	1309	0.9689	0.8475
JF811908	1473	7359	Hahellaceae	Kistimonas scapharcae	LN846833	1461	7305	Hahellaceae	Zooshikella marina	6400.0	1457	61	68	1352	0.9734	0.8761
LUTV01000003	1555	7775	Hahellaceae	Endozoicomonas ascidiicola	JX488685	1556	7780	Hahellaceae	Endozoicomonas gorgoniicola	7135.0	1555	52	54	1478	0.9847	0.9177
LUTV01000003	1555	7775	Hahellaceae	Endozoicomonas ascidiicola	AY676463	1454	7270	Hahellaceae	Hahella ganghwensis	6151.0	1490	73	109	1328	0.9616	0.8461
LUTV01000003	1555	7775	Hahellaceae	Endozoicomonas ascidiicola	AB196667	1437	7185	Hahellaceae	Endozoicomonas elysicola	6908.0	1455	21	40	1407	0.9943	0.9614
LUTV01000003	1555	7775	Hahellaceae	Endozoicomonas ascidiicola	AB695088	1466	7330	Hahellaceae	Endozoicomonas numazuensis	6921.0	1500	27	61	1423	0.9889	0.9442
LUTV01000003	1555	7775	Hahellaceae	Endozoicomonas ascidiicola	JX488684	1522	7610	Hahellaceae	Endozoicomonas euniceicola	7112.0	1553	38	69	1468	0.9892	0.9346
LUTV01000003	1555	7775	Hahellaceae	Endozoicomonas ascidiicola	KC878324	1465	7325	Hahellaceae	Endozoicomonas atrinae	7039.0	1497	15	47	1437	0.9910	0.9610
LUTV01000003	1555	7775	Hahellaceae	Endozoicomonas ascidiicola	DQ072719	1427	7129	Hahellaceae	Halospina denitrificans	5889.0	1472	97	142	1285	0.9662	0.8261
LUTV01000003	1555	7775	Hahellaceae	Endozoicomonas ascidiicola	CP000155	1535	7675	Hahellaceae	Hahella chejuensis	6446.0	1555	76	116	1388	0.9646	0.8399
LUTV01000003	1555	7775	Hahellaceae	Endozoicomonas ascidiicola	EF495227	1484	7420	Hahellaceae	Allohahella antarctica	6200.0	1524	81	121	1346	0.9594	0.8356
LUTV01000003	1555	7775	Hahellaceae	Endozoicomonas ascidiicola	LASA01000059	1521	7599	Hahellaceae	Endozoicomonas arenosclerae	7204.0	1555	28	62	1478	0.9900	0.9480
LUTV01000003	1555	7775	Hahellaceae	Endozoicomonas ascidiicola	EU599216	1506	7530	Hahellaceae	Kistimonas asteriae	6818.0	1539	50	83	1426	0.9794	0.9054
LUTV01000003	1555	7775	Hahellaceae	Endozoicomonas ascidiicola	FJ347758	1440	7200	Hahellaceae	Endozoicomonas montiporae	6760.0	1458	35	53	1391	0.9900	0.9389
LUTV01000003	1555	7775	Hahellaceae	Endozoicomonas ascidiicola	AY130994	1462	7310	Hahellaceae	Zooshikella ganghwensis	6433.0	1497	69	104	1363	0.9785	0.8800
LUTV01000003	1555	7775	Hahellaceae	Endozoicomonas ascidiicola	HQ834530	1437	7185	Hahellaceae	Allohahella marinimesophila	6050.0	1485	75	125	1310	0.9632	0.8420
LUTV01000003	1555	7775	Hahellaceae	Endozoicomonas ascidiicola	LN846833	1461	7305	Hahellaceae	Zooshikella marina	6396.0	1504	70	113	1360	0.9777	0.8756
JX488685	1556	7780	Hahellaceae	Endozoicomonas gorgoniicola	AY676463	1454	7270	Hahellaceae	Hahella ganghwensis	6089.0	1488	74	108	1321	0.9572	0.8376
JX488685	1556	7780	Hahellaceae	Endozoicomonas gorgoniicola	AB196667	1437	7185	Hahellaceae	Endozoicomonas elysicola	6797.0	1463	14	40	1397	0.9817	0.9460
JX488685	1556	7780	Hahellaceae	Endozoicomonas gorgoniicola	AB695088	1466	7330	Hahellaceae	Endozoicomonas numazuensis	7008.0	1498	20	52	1434	0.9917	0.9561
JX488685	1556	7780	Hahellaceae	Endozoicomonas gorgoniicola	JX488684	1522	7610	Hahellaceae	Endozoicomonas euniceicola	7204.0	1551	33	62	1478	0.9926	0.9466
JX488685	1556	7780	Hahellaceae	Endozoicomonas gorgoniicola	KC878324	1465	7325	Hahellaceae	Endozoicomonas atrinae	6852.0	1495	24	54	1415	0.9820	0.9354
JX488685	1556	7780	Hahellaceae	Endozoicomonas gorgoniicola	DQ072719	1427	7129	Hahellaceae	Halospina denitrificans	5905.0	1470	91	134	1288	0.9641	0.8283
JX488685	1556	7780	Hahellaceae	Endozoicomonas gorgoniicola	CP000155	1535	7675	Hahellaceae	Hahella chejuensis	6426.0	1556	76	113	1388	0.9619	0.8373
JX488685	1556	7780	Hahellaceae	Endozoicomonas gorgoniicola	EF495227	1484	7420	Hahellaceae	Allohahella antarctica	6101.0	1522	81	119	1336	0.9522	0.8222
JX488685	1556	7780	Hahellaceae	Endozoicomonas gorgoniicola	LASA01000059	1521	7599	Hahellaceae	Endozoicomonas arenosclerae	7238.0	1553	20	52	1483	0.9880	0.9525
JX488685	1556	7780	Hahellaceae	Endozoicomonas gorgoniicola	EU599216	1506	7530	Hahellaceae	Kistimonas asteriae	6871.0	1537	36	67	1434	0.9755	0.9125
JX488685	1556	7780	Hahellaceae	Endozoicomonas gorgoniicola	FJ347758	1440	7200	Hahellaceae	Endozoicomonas montiporae	6841.0	1456	28	44	1399	0.9908	0.9501
JX488685	1556	7780	Hahellaceae	Endozoicomonas gorgoniicola	AY130994	1462	7310	Hahellaceae	Zooshikella ganghwensis	6449.0	1495	63	96	1366	0.9764	0.8822
JX488685	1556	7780	Hahellaceae	Endozoicomonas gorgoniicola	HQ834530	1437	7185	Hahellaceae	Allohahella marinimesophila	5964.0	1483	75	123	1301	0.9566	0.8301
JX488685	1556	7780	Hahellaceae	Endozoicomonas gorgoniicola	LN846833	1461	7305	Hahellaceae	Zooshikella marina	6402.0	1502	64	105	1362	0.9749	0.8764
AY676463	1454	7270	Hahellaceae	Hahella ganghwensis	AB196667	1437	7185	Hahellaceae	Endozoicomonas elysicola	5977.0	1418	81	77	1288	0.9605	0.8319
AY676463	1454	7270	Hahellaceae	Hahella ganghwensis	AB695088	1466	7330	Hahellaceae	Endozoicomonas numazuensis	6101.0	1454	77	75	1318	0.9558	0.8392
AY676463	1454	7270	Hahellaceae	Hahella ganghwensis	JX488684	1522	7610	Hahellaceae	Endozoicomonas euniceicola	6100.0	1454	87	83	1317	0.9606	0.8391
AY676463	1454	7270	Hahellaceae	Hahella ganghwensis	KC878324	1465	7325	Hahellaceae	Endozoicomonas atrinae	6142.0	1454	77	73	1322	0.9573	0.8448
AY676463	1454	7270	Hahellaceae	Hahella ganghwensis	DQ072719	1427	7129	Hahellaceae	Halospina denitrificans	6001.0	1440	85	98	1296	0.9657	0.8418
AY676463	1454	7270	Hahellaceae	Hahella ganghwensis	CP000155	1535	7675	Hahellaceae	Hahella chejuensis	6779.0	1454	28	32	1396	0.9817	0.9325
AY676463	1454	7270	Hahellaceae	Hahella ganghwensis	EF495227	1484	7420	Hahellaceae	Allohahella antarctica	6504.0	1454	51	55	1363	0.9743	0.8946
AY676463	1454	7270	Hahellaceae	Hahella ganghwensis	LASA01000059	1521	7599	Hahellaceae	Endozoicomonas arenosclerae	6091.0	1454	71	69	1317	0.9509	0.8378
AY676463	1454	7270	Hahellaceae	Hahella ganghwensis	EU599216	1506	7530	Hahellaceae	Kistimonas asteriae	6177.0	1454	86	83	1326	0.9672	0.8497
AY676463	1454	7270	Hahellaceae	Hahella ganghwensis	FJ347758	1440	7200	Hahellaceae	Endozoicomonas montiporae	6033.0	1422	85	67	1299	0.9587	0.8379
AY676463	1454	7270	Hahellaceae	Hahella ganghwensis	AY130994	1462	7310	Hahellaceae	Zooshikella ganghwensis	6324.0	1454	70	69	1344	0.9704	0.8699
AY676463	1454	7270	Hahellaceae	Hahella ganghwensis	HQ834530	1437	7185	Hahellaceae	Allohahella marinimesophila	6498.0	1448	44	56	1359	0.9763	0.9044
AY676463	1454	7270	Hahellaceae	Hahella ganghwensis	LN846833	1461	7305	Hahellaceae	Zooshikella marina	6225.0	1444	70	75	1327	0.9693	0.8563
AB196667	1437	7185	Hahellaceae	Endozoicomonas elysicola	AB695088	1466	7330	Hahellaceae	Endozoicomonas numazuensis	6793.0	1428	23	25	1387	0.9886	0.9454
AB196667	1437	7185	Hahellaceae	Endozoicomonas elysicola	JX488684	1522	7610	Hahellaceae	Endozoicomonas euniceicola	6762.0	1437	34	34	1387	0.9886	0.9411
AB196667	1437	7185	Hahellaceae	Endozoicomonas elysicola	KC878324	1465	7325	Hahellaceae	Endozoicomonas atrinae	7004.0	1428	13	13	1412	0.9979	0.9748
AB196667	1437	7185	Hahellaceae	Endozoicomonas elysicola	DQ072719	1427	7129	Hahellaceae	Halospina denitrificans	5805.0	1410	96	109	1258	0.9669	0.8143
AB196667	1437	7185	Hahellaceae	Endozoicomonas elysicola	CP000155	1535	7675	Hahellaceae	Hahella chejuensis	6075.0	1437	80	87	1304	0.9659	0.8455
AB196667	1437	7185	Hahellaceae	Endozoicomonas elysicola	EF495227	1484	7420	Hahellaceae	Allohahella antarctica	5992.0	1436	76	84	1295	0.9578	0.8340
AB196667	1437	7185	Hahellaceae	Endozoicomonas elysicola	LASA01000059	1521	7599	Hahellaceae	Endozoicomonas arenosclerae	6866.0	1437	22	23	1399	0.9894	0.9556
AB196667	1437	7185	Hahellaceae	Endozoicomonas elysicola	EU599216	1506	7530	Hahellaceae	Kistimonas asteriae	6572.0	1437	40	40	1365	0.9771	0.9147
AB196667	1437	7185	Hahellaceae	Endozoicomonas elysicola	FJ347758	1440	7200	Hahellaceae	Endozoicomonas montiporae	6690.0	1400	34	20	1366	0.9899	0.9311
AB196667	1437	7185	Hahellaceae	Endozoicomonas elysicola	AY130994	1462	7310	Hahellaceae	Zooshikella ganghwensis	6289.0	1428	69	72	1326	0.9779	0.8753
AB196667	1437	7185	Hahellaceae	Endozoicomonas elysicola	HQ834530	1437	7185	Hahellaceae	Allohahella marinimesophila	5975.0	1423	73	85	1286	0.9611	0.8316
AB196667	1437	7185	Hahellaceae	Endozoicomonas elysicola	LN846833	1461	7305	Hahellaceae	Zooshikella marina	6152.0	1412	71	80	1302	0.9775	0.8562
AB695088	1466	7330	Hahellaceae	Endozoicomonas numazuensis	JX488684	1522	7610	Hahellaceae	Endozoicomonas euniceicola	6959.0	1466	29	27	1423	0.9889	0.9494
AB695088	1466	7330	Hahellaceae	Endozoicomonas numazuensis	KC878324	1465	7325	Hahellaceae	Endozoicomonas atrinae	6905.0	1463	30	28	1416	0.9868	0.9427
AB695088	1466	7330	Hahellaceae	Endozoicomonas numazuensis	DQ072719	1427	7129	Hahellaceae	Halospina denitrificans	5970.0	1438	84	95	1291	0.9613	0.8374
AB695088	1466	7330	Hahellaceae	Endozoicomonas numazuensis	CP000155	1535	7675	Hahellaceae	Hahella chejuensis	6198.0	1466	85	91	1331	0.9680	0.8456
AB695088	1466	7330	Hahellaceae	Endozoicomonas numazuensis	EF495227	1484	7420	Hahellaceae	Allohahella antarctica	6032.0	1466	91	97	1312	0.9584	0.8229
AB695088	1466	7330	Hahellaceae	Endozoicomonas numazuensis	LASA01000059	1521	7599	Hahellaceae	Endozoicomonas arenosclerae	7231.0	1466	5	5	1454	0.9952	0.9865
AB695088	1466	7330	Hahellaceae	Endozoicomonas numazuensis	EU599216	1506	7530	Hahellaceae	Kistimonas asteriae	6807.0	1466	28	27	1406	0.9771	0.9286
AB695088	1466	7330	Hahellaceae	Endozoicomonas numazuensis	FJ347758	1440	7200	Hahellaceae	Endozoicomonas montiporae	6857.0	1424	30	14	1396	0.9901	0.9524
AB695088	1466	7330	Hahellaceae	Endozoicomonas numazuensis	AY130994	1462	7310	Hahellaceae	Zooshikella ganghwensis	6452.0	1463	67	68	1361	0.9756	0.8826
AB695088	1466	7330	Hahellaceae	Endozoicomonas numazuensis	HQ834530	1437	7185	Hahellaceae	Allohahella marinimesophila	5973.0	1451	84	100	1297	0.9600	0.8313
AB695088	1466	7330	Hahellaceae	Endozoicomonas numazuensis	LN846833	1461	7305	Hahellaceae	Zooshikella marina	6323.0	1450	70	77	1339	0.9752	0.8656
JX488684	1522	7610	Hahellaceae	Endozoicomonas euniceicola	KC878324	1465	7325	Hahellaceae	Endozoicomonas atrinae	6810.0	1465	42	42	1404	0.9866	0.9297
JX488684	1522	7610	Hahellaceae	Endozoicomonas euniceicola	DQ072719	1427	7129	Hahellaceae	Halospina denitrificans	5912.0	1440	90	103	1285	0.9611	0.8293
JX488684	1522	7610	Hahellaceae	Endozoicomonas euniceicola	CP000155	1535	7675	Hahellaceae	Hahella chejuensis	6381.0	1522	93	102	1374	0.9676	0.8385
JX488684	1522	7610	Hahellaceae	Endozoicomonas euniceicola	EF495227	1484	7420	Hahellaceae	Allohahella antarctica	6099.0	1493	90	99	1331	0.9548	0.8220
JX488684	1522	7610	Hahellaceae	Endozoicomonas euniceicola	LASA01000059	1521	7599	Hahellaceae	Endozoicomonas arenosclerae	7183.0	1522	34	37	1470	0.9899	0.9453
JX488684	1522	7610	Hahellaceae	Endozoicomonas euniceicola	EU599216	1506	7530	Hahellaceae	Kistimonas asteriae	6833.0	1508	56	58	1424	0.9821	0.9074
JX488684	1522	7610	Hahellaceae	Endozoicomonas euniceicola	FJ347758	1440	7200	Hahellaceae	Endozoicomonas montiporae	6871.0	1426	37	23	1397	0.9957	0.9543
JX488684	1522	7610	Hahellaceae	Endozoicomonas euniceicola	AY130994	1462	7310	Hahellaceae	Zooshikella ganghwensis	6406.0	1465	80	83	1354	0.9797	0.8763
JX488684	1522	7610	Hahellaceae	Endozoicomonas euniceicola	HQ834530	1437	7185	Hahellaceae	Allohahella marinimesophila	5932.0	1453	86	104	1292	0.9577	0.8256
JX488684	1522	7610	Hahellaceae	Endozoicomonas euniceicola	LN846833	1461	7305	Hahellaceae	Zooshikella marina	6360.0	1472	81	92	1350	0.9783	0.8706
KC878324	1465	7325	Hahellaceae	Endozoicomonas atrinae	DQ072719	1427	7129	Hahellaceae	Halospina denitrificans	5910.0	1440	97	110	1283	0.9647	0.8290
KC878324	1465	7325	Hahellaceae	Endozoicomonas atrinae	CP000155	1535	7675	Hahellaceae	Hahella chejuensis	6198.0	1465	82	90	1329	0.9665	0.8461
KC878324	1465	7325	Hahellaceae	Endozoicomonas atrinae	EF495227	1484	7420	Hahellaceae	Allohahella antarctica	6117.0	1465	80	88	1321	0.9593	0.8351
KC878324	1465	7325	Hahellaceae	Endozoicomonas atrinae	LASA01000059	1521	7599	Hahellaceae	Endozoicomonas arenosclerae	6912.0	1465	29	31	1416	0.9874	0.9436
KC878324	1465	7325	Hahellaceae	Endozoicomonas atrinae	EU599216	1506	7530	Hahellaceae	Kistimonas asteriae	6641.0	1465	47	48	1384	0.9767	0.9066
KC878324	1465	7325	Hahellaceae	Endozoicomonas atrinae	FJ347758	1440	7200	Hahellaceae	Endozoicomonas montiporae	6724.0	1426	43	29	1381	0.9885	0.9339
KC878324	1465	7325	Hahellaceae	Endozoicomonas atrinae	AY130994	1462	7310	Hahellaceae	Zooshikella ganghwensis	6447.0	1465	68	71	1360	0.9756	0.8819
KC878324	1465	7325	Hahellaceae	Endozoicomonas atrinae	HQ834530	1437	7185	Hahellaceae	Allohahella marinimesophila	6093.0	1453	75	93	1311	0.9640	0.8480
KC878324	1465	7325	Hahellaceae	Endozoicomonas atrinae	LN846833	1461	7305	Hahellaceae	Zooshikella marina	6310.0	1449	70	79	1336	0.9752	0.8638
DQ072719	1427	7129	Hahellaceae	Halospina denitrificans	CP000155	1535	7675	Hahellaceae	Hahella chejuensis	6029.0	1427	94	85	1297	0.9665	0.8457
DQ072719	1427	7129	Hahellaceae	Halospina denitrificans	EF495227	1484	7420	Hahellaceae	Allohahella antarctica	6053.0	1427	88	79	1301	0.9651	0.8491
DQ072719	1427	7129	Hahellaceae	Halospina denitrificans	LASA01000059	1521	7599	Hahellaceae	Endozoicomonas arenosclerae	5940.0	1427	96	85	1287	0.9590	0.8332
DQ072719	1427	7129	Hahellaceae	Halospina denitrificans	EU599216	1506	7530	Hahellaceae	Kistimonas asteriae	6002.0	1427	113	76	1299	0.9615	0.8419
DQ072719	1427	7129	Hahellaceae	Halospina denitrificans	FJ347758	1440	7200	Hahellaceae	Endozoicomonas montiporae	5913.0	1413	110	83	1282	0.9639	0.8294
DQ072719	1427	7129	Hahellaceae	Halospina denitrificans	AY130994	1462	7310	Hahellaceae	Zooshikella ganghwensis	6134.0	1427	87	77	1310	0.9704	0.8604
DQ072719	1427	7129	Hahellaceae	Halospina denitrificans	HQ834530	1437	7185	Hahellaceae	Allohahella marinimesophila	5942.0	1427	102	102	1285	0.9698	0.8335
DQ072719	1427	7129	Hahellaceae	Halospina denitrificans	LN846833	1461	7305	Hahellaceae	Zooshikella marina	6084.0	1427	88	83	1303	0.9695	0.8534
CP000155	1535	7675	Hahellaceae	Hahella chejuensis	EF495227	1484	7420	Hahellaceae	Allohahella antarctica	6740.0	1489	39	44	1406	0.9730	0.9084
CP000155	1535	7675	Hahellaceae	Hahella chejuensis	LASA01000059	1521	7599	Hahellaceae	Endozoicomonas arenosclerae	6428.0	1515	91	85	1380	0.9650	0.8459
CP000155	1535	7675	Hahellaceae	Hahella chejuensis	EU599216	1506	7530	Hahellaceae	Kistimonas asteriae	6436.0	1499	95	88	1374	0.9738	0.8547
CP000155	1535	7675	Hahellaceae	Hahella chejuensis	FJ347758	1440	7200	Hahellaceae	Endozoicomonas montiporae	6028.0	1418	93	71	1297	0.9629	0.8372
CP000155	1535	7675	Hahellaceae	Hahella chejuensis	AY130994	1462	7310	Hahellaceae	Zooshikella ganghwensis	6425.0	1457	69	64	1356	0.9734	0.8789
CP000155	1535	7675	Hahellaceae	Hahella chejuensis	HQ834530	1437	7185	Hahellaceae	Allohahella marinimesophila	6487.0	1445	47	57	1356	0.9769	0.9029
CP000155	1535	7675	Hahellaceae	Hahella chejuensis	LN846833	1461	7305	Hahellaceae	Zooshikella marina	6393.0	1464	69	72	1354	0.9727	0.8752
EF495227	1484	7420	Hahellaceae	Allohahella antarctica	LASA01000059	1521	7599	Hahellaceae	Endozoicomonas arenosclerae	6157.0	1484	91	85	1337	0.9557	0.8298
EF495227	1484	7420	Hahellaceae	Allohahella antarctica	EU599216	1506	7530	Hahellaceae	Kistimonas asteriae	6232.0	1484	97	90	1345	0.9648	0.8399
EF495227	1484	7420	Hahellaceae	Allohahella antarctica	FJ347758	1440	7200	Hahellaceae	Endozoicomonas montiporae	5862.0	1418	102	80	1278	0.9552	0.8142
EF495227	1484	7420	Hahellaceae	Allohahella antarctica	AY130994	1462	7310	Hahellaceae	Zooshikella ganghwensis	6283.0	1457	77	72	1340	0.9675	0.8595
EF495227	1484	7420	Hahellaceae	Allohahella antarctica	HQ834530	1437	7185	Hahellaceae	Allohahella marinimesophila	6820.0	1445	30	40	1394	0.9922	0.9492
EF495227	1484	7420	Hahellaceae	Allohahella antarctica	LN846833	1461	7305	Hahellaceae	Zooshikella marina	6197.0	1448	77	78	1325	0.9672	0.8483
LASA01000059	1521	7599	Hahellaceae	Endozoicomonas arenosclerae	EU599216	1506	7530	Hahellaceae	Kistimonas asteriae	6998.0	1505	30	29	1444	0.9783	0.9293
LASA01000059	1521	7599	Hahellaceae	Endozoicomonas arenosclerae	FJ347758	1440	7200	Hahellaceae	Endozoicomonas montiporae	6848.0	1424	31	15	1394	0.9894	0.9511
LASA01000059	1521	7599	Hahellaceae	Endozoicomonas arenosclerae	AY130994	1462	7310	Hahellaceae	Zooshikella ganghwensis	6433.0	1463	67	68	1358	0.9735	0.8800
LASA01000059	1521	7599	Hahellaceae	Endozoicomonas arenosclerae	HQ834530	1437	7185	Hahellaceae	Allohahella marinimesophila	5980.0	1451	78	94	1298	0.9565	0.8323
LASA01000059	1521	7599	Hahellaceae	Endozoicomonas arenosclerae	LN846833	1461	7305	Hahellaceae	Zooshikella marina	6388.0	1470	69	78	1354	0.9727	0.8745
EU599216	1506	7530	Hahellaceae	Kistimonas asteriae	FJ347758	1440	7200	Hahellaceae	Endozoicomonas montiporae	6547.0	1425	57	42	1359	0.9826	0.9093
EU599216	1506	7530	Hahellaceae	Kistimonas asteriae	AY130994	1462	7310	Hahellaceae	Zooshikella ganghwensis	6516.0	1464	53	55	1371	0.9730	0.8914
EU599216	1506	7530	Hahellaceae	Kistimonas asteriae	HQ834530	1437	7185	Hahellaceae	Allohahella marinimesophila	6045.0	1452	85	102	1305	0.9667	0.8413
EU599216	1506	7530	Hahellaceae	Kistimonas asteriae	LN846833	1461	7305	Hahellaceae	Zooshikella marina	6468.0	1468	56	63	1366	0.9722	0.8854
FJ347758	1440	7200	Hahellaceae	Endozoicomonas montiporae	AY130994	1462	7310	Hahellaceae	Zooshikella ganghwensis	6276.0	1440	68	85	1326	0.9786	0.8717
FJ347758	1440	7200	Hahellaceae	Endozoicomonas montiporae	HQ834530	1437	7185	Hahellaceae	Allohahella marinimesophila	5915.0	1440	77	103	1282	0.9589	0.8232
FJ347758	1440	7200	Hahellaceae	Endozoicomonas montiporae	LN846833	1461	7305	Hahellaceae	Zooshikella marina	6229.0	1440	71	90	1320	0.9778	0.8651
AY130994	1462	7310	Hahellaceae	Zooshikella ganghwensis	HQ834530	1437	7185	Hahellaceae	Allohahella marinimesophila	6232.0	1450	61	76	1328	0.9665	0.8674
AY130994	1462	7310	Hahellaceae	Zooshikella ganghwensis	LN846833	1461	7305	Hahellaceae	Zooshikella marina	7144.0	1446	0	6	1435	0.9965	0.9780
HQ834530	1437	7185	Hahellaceae	Allohahella marinimesophila	LN846833	1461	7305	Hahellaceae	Zooshikella marina	6166.0	1423	72	63	1314	0.9662	0.8582
