L22016	1534	7670	Halanaerobiaceae	Halothermothrix orenii	AB022034	1439	7195	Halanaerobiaceae	Halanaerobium praevalens	5831.0	1438	99	98	1278	0.9537	0.8104
L22016	1534	7670	Halanaerobiaceae	Halothermothrix orenii	AB023308	1438	7190	Halanaerobiaceae	Halanaerobium fermentans	5786.0	1438	104	104	1272	0.9535	0.8047
L22016	1534	7670	Halanaerobiaceae	Halothermothrix orenii	L22890	1502	7474	Halanaerobiaceae	Halanaerobium salsuginis	6095.0	1482	97	96	1326	0.9567	0.8155
L22016	1534	7670	Halanaerobiaceae	Halothermothrix orenii	L39787	1544	7720	Halanaerobiaceae	Halanaerobium lacusrosei	6251.0	1533	99	97	1367	0.9519	0.8150
L22016	1534	7670	Halanaerobiaceae	Halothermothrix orenii	X89072	1475	7375	Halanaerobiaceae	Halocella cellulosilytica	6377.0	1485	79	89	1359	0.9735	0.8647
L22016	1534	7670	Halanaerobiaceae	Halothermothrix orenii	X89069	1486	7430	Halanaerobiaceae	Halanaerobium saccharolyticum subsp. saccharolyticum	6096.0	1485	92	91	1329	0.9534	0.8205
L22016	1534	7670	Halanaerobiaceae	Halothermothrix orenii	JN381500	1520	7600	Halanaerobiaceae	Halanaerobium sehlinense	6212.0	1521	97	98	1357	0.9536	0.8174
L22016	1534	7670	Halanaerobiaceae	Halothermothrix orenii	X89070	1486	7430	Halanaerobiaceae	Halanaerobium saccharolyticum subsp. senegalense	6081.0	1485	94	93	1327	0.9533	0.8184
L22016	1534	7670	Halanaerobiaceae	Halothermothrix orenii	U86446	1500	7392	Halanaerobiaceae	Halanaerobium kushneri	5972.0	1479	95	92	1309	0.9438	0.8079
L22016	1534	7670	Halanaerobiaceae	Halothermothrix orenii	X89071	1486	7430	Halanaerobiaceae	Halanaerobium acetethylicum	6065.0	1485	98	97	1325	0.9546	0.8163
L22016	1534	7670	Halanaerobiaceae	Halothermothrix orenii	AY965613	1546	7724	Halanaerobiaceae	Halarsenatibacter silvermanii	6136.0	1533	127	123	1352	0.9589	0.8000
L22016	1534	7670	Halanaerobiaceae	Halothermothrix orenii	U76632	1520	7546	Halanaerobiaceae	Halanaerobium congolense	6122.0	1513	110	111	1338	0.9544	0.8113
AB022034	1439	7195	Halanaerobiaceae	Halanaerobium praevalens	AB023308	1438	7190	Halanaerobiaceae	Halanaerobium fermentans	6905.0	1439	10	11	1406	0.9846	0.9604
AB022034	1439	7195	Halanaerobiaceae	Halanaerobium praevalens	L22890	1502	7474	Halanaerobiaceae	Halanaerobium salsuginis	6741.0	1439	23	23	1386	0.9788	0.9369
AB022034	1439	7195	Halanaerobiaceae	Halanaerobium praevalens	L39787	1544	7720	Halanaerobiaceae	Halanaerobium lacusrosei	6863.0	1439	17	16	1401	0.9845	0.9539
AB022034	1439	7195	Halanaerobiaceae	Halanaerobium praevalens	X89072	1475	7375	Halanaerobiaceae	Halocella cellulosilytica	5946.0	1439	81	92	1290	0.9577	0.8264
AB022034	1439	7195	Halanaerobiaceae	Halanaerobium praevalens	X89069	1486	7430	Halanaerobiaceae	Halanaerobium saccharolyticum subsp. saccharolyticum	7087.0	1439	0	0	1427	0.9917	0.9850
AB022034	1439	7195	Halanaerobiaceae	Halanaerobium praevalens	JN381500	1520	7600	Halanaerobiaceae	Halanaerobium sehlinense	7025.0	1439	9	10	1419	0.9930	0.9764
AB022034	1439	7195	Halanaerobiaceae	Halanaerobium praevalens	X89070	1486	7430	Halanaerobiaceae	Halanaerobium saccharolyticum subsp. senegalense	7096.0	1439	0	0	1428	0.9924	0.9862
AB022034	1439	7195	Halanaerobiaceae	Halanaerobium praevalens	U86446	1500	7392	Halanaerobiaceae	Halanaerobium kushneri	7000.0	1439	1	0	1414	0.9826	0.9729
AB022034	1439	7195	Halanaerobiaceae	Halanaerobium praevalens	X89071	1486	7430	Halanaerobiaceae	Halanaerobium acetethylicum	7029.0	1439	5	5	1420	0.9902	0.9769
AB022034	1439	7195	Halanaerobiaceae	Halanaerobium praevalens	AY965613	1546	7724	Halanaerobiaceae	Halarsenatibacter silvermanii	5487.0	1439	157	143	1237	0.9545	0.7626
AB022034	1439	7195	Halanaerobiaceae	Halanaerobium praevalens	U76632	1520	7546	Halanaerobiaceae	Halanaerobium congolense	6903.0	1439	9	6	1403	0.9791	0.9594
AB023308	1438	7190	Halanaerobiaceae	Halanaerobium fermentans	L22890	1502	7474	Halanaerobiaceae	Halanaerobium salsuginis	6685.0	1438	23	22	1379	0.9739	0.9298
AB023308	1438	7190	Halanaerobiaceae	Halanaerobium fermentans	L39787	1544	7720	Halanaerobiaceae	Halanaerobium lacusrosei	6895.0	1438	13	11	1405	0.9846	0.9590
AB023308	1438	7190	Halanaerobiaceae	Halanaerobium fermentans	X89072	1475	7375	Halanaerobiaceae	Halocella cellulosilytica	5931.0	1438	83	93	1288	0.9576	0.8249
AB023308	1438	7190	Halanaerobiaceae	Halanaerobium fermentans	X89069	1486	7430	Halanaerobiaceae	Halanaerobium saccharolyticum subsp. saccharolyticum	6898.0	1438	15	14	1405	0.9867	0.9594
AB023308	1438	7190	Halanaerobiaceae	Halanaerobium fermentans	JN381500	1520	7600	Halanaerobiaceae	Halanaerobium sehlinense	6836.0	1438	21	21	1397	0.9859	0.9508
AB023308	1438	7190	Halanaerobiaceae	Halanaerobium fermentans	X89070	1486	7430	Halanaerobiaceae	Halanaerobium saccharolyticum subsp. senegalense	6872.0	1438	16	15	1402	0.9852	0.9558
AB023308	1438	7190	Halanaerobiaceae	Halanaerobium fermentans	U86446	1500	7392	Halanaerobiaceae	Halanaerobium kushneri	6792.0	1438	15	13	1390	0.9754	0.9446
AB023308	1438	7190	Halanaerobiaceae	Halanaerobium fermentans	X89071	1486	7430	Halanaerobiaceae	Halanaerobium acetethylicum	6865.0	1438	19	18	1401	0.9866	0.9548
AB023308	1438	7190	Halanaerobiaceae	Halanaerobium fermentans	AY965613	1546	7724	Halanaerobiaceae	Halarsenatibacter silvermanii	5438.0	1438	163	148	1230	0.9535	0.7563
AB023308	1438	7190	Halanaerobiaceae	Halanaerobium fermentans	U76632	1520	7546	Halanaerobiaceae	Halanaerobium congolense	6796.0	1438	22	18	1390	0.9789	0.9452
L22890	1502	7474	Halanaerobiaceae	Halanaerobium salsuginis	L39787	1544	7720	Halanaerobiaceae	Halanaerobium lacusrosei	6920.0	1492	21	20	1430	0.9715	0.9259
L22890	1502	7474	Halanaerobiaceae	Halanaerobium salsuginis	X89072	1475	7375	Halanaerobiaceae	Halocella cellulosilytica	6068.0	1463	72	83	1314	0.9522	0.8228
L22890	1502	7474	Halanaerobiaceae	Halanaerobium salsuginis	X89069	1486	7430	Halanaerobiaceae	Halanaerobium saccharolyticum subsp. saccharolyticum	6871.0	1463	25	25	1411	0.9812	0.9248
L22890	1502	7474	Halanaerobiaceae	Halanaerobium salsuginis	JN381500	1520	7600	Halanaerobiaceae	Halanaerobium sehlinense	7002.0	1481	14	16	1434	0.9788	0.9368
L22890	1502	7474	Halanaerobiaceae	Halanaerobium salsuginis	X89070	1486	7430	Halanaerobiaceae	Halanaerobium saccharolyticum subsp. senegalense	6869.0	1463	24	24	1411	0.9805	0.9245
L22890	1502	7474	Halanaerobiaceae	Halanaerobium salsuginis	U86446	1500	7392	Halanaerobiaceae	Halanaerobium kushneri	6981.0	1496	18	17	1438	0.9723	0.9444
L22890	1502	7474	Halanaerobiaceae	Halanaerobium salsuginis	X89071	1486	7430	Halanaerobiaceae	Halanaerobium acetethylicum	6934.0	1463	14	14	1419	0.9793	0.9332
L22890	1502	7474	Halanaerobiaceae	Halanaerobium salsuginis	AY965613	1546	7724	Halanaerobiaceae	Halarsenatibacter silvermanii	5657.0	1492	158	155	1275	0.9536	0.7569
L22890	1502	7474	Halanaerobiaceae	Halanaerobium salsuginis	U76632	1520	7546	Halanaerobiaceae	Halanaerobium congolense	6914.0	1491	26	23	1425	0.9707	0.9251
L39787	1544	7720	Halanaerobiaceae	Halanaerobium lacusrosei	X89072	1475	7375	Halanaerobiaceae	Halocella cellulosilytica	6162.0	1487	77	89	1335	0.9549	0.8355
L39787	1544	7720	Halanaerobiaceae	Halanaerobium lacusrosei	X89069	1486	7430	Halanaerobiaceae	Halanaerobium saccharolyticum subsp. saccharolyticum	7117.0	1487	18	19	1450	0.9877	0.9579
L39787	1544	7720	Halanaerobiaceae	Halanaerobium lacusrosei	JN381500	1520	7600	Halanaerobiaceae	Halanaerobium sehlinense	7288.0	1523	14	17	1485	0.9861	0.9589
L39787	1544	7720	Halanaerobiaceae	Halanaerobium lacusrosei	X89070	1486	7430	Halanaerobiaceae	Halanaerobium saccharolyticum subsp. senegalense	7091.0	1487	19	20	1447	0.9864	0.9544
L39787	1544	7720	Halanaerobiaceae	Halanaerobium lacusrosei	U86446	1500	7392	Halanaerobiaceae	Halanaerobium kushneri	6999.0	1491	21	21	1435	0.9762	0.9468
L39787	1544	7720	Halanaerobiaceae	Halanaerobium lacusrosei	X89071	1486	7430	Halanaerobiaceae	Halanaerobium acetethylicum	7094.0	1487	14	15	1448	0.9837	0.9548
L39787	1544	7720	Halanaerobiaceae	Halanaerobium lacusrosei	AY965613	1546	7724	Halanaerobiaceae	Halarsenatibacter silvermanii	5857.0	1544	161	159	1321	0.9538	0.7587
L39787	1544	7720	Halanaerobiaceae	Halanaerobium lacusrosei	U76632	1520	7546	Halanaerobiaceae	Halanaerobium congolense	7100.0	1518	27	25	1458	0.9766	0.9409
X89072	1475	7375	Halanaerobiaceae	Halocella cellulosilytica	X89069	1486	7430	Halanaerobiaceae	Halanaerobium saccharolyticum subsp. saccharolyticum	6214.0	1475	86	75	1341	0.9579	0.8426
X89072	1475	7375	Halanaerobiaceae	Halocella cellulosilytica	JN381500	1520	7600	Halanaerobiaceae	Halanaerobium sehlinense	6197.0	1475	81	71	1339	0.9537	0.8403
X89072	1475	7375	Halanaerobiaceae	Halocella cellulosilytica	X89070	1486	7430	Halanaerobiaceae	Halanaerobium saccharolyticum subsp. senegalense	6192.0	1475	91	80	1338	0.9591	0.8396
X89072	1475	7375	Halanaerobiaceae	Halocella cellulosilytica	U86446	1500	7392	Halanaerobiaceae	Halanaerobium kushneri	5974.0	1449	91	78	1299	0.9475	0.8100
X89072	1475	7375	Halanaerobiaceae	Halocella cellulosilytica	X89071	1486	7430	Halanaerobiaceae	Halanaerobium acetethylicum	6181.0	1475	85	74	1337	0.9543	0.8381
X89072	1475	7375	Halanaerobiaceae	Halocella cellulosilytica	AY965613	1546	7724	Halanaerobiaceae	Halarsenatibacter silvermanii	5965.0	1475	128	114	1309	0.9618	0.8088
X89072	1475	7375	Halanaerobiaceae	Halocella cellulosilytica	U76632	1520	7546	Halanaerobiaceae	Halanaerobium congolense	6159.0	1475	94	80	1331	0.9541	0.8351
X89069	1486	7430	Halanaerobiaceae	Halanaerobium saccharolyticum subsp. saccharolyticum	JN381500	1520	7600	Halanaerobiaceae	Halanaerobium sehlinense	7312.0	1486	7	8	1472	0.9959	0.9841
X89069	1486	7430	Halanaerobiaceae	Halanaerobium saccharolyticum subsp. saccharolyticum	X89070	1486	7430	Halanaerobiaceae	Halanaerobium saccharolyticum subsp. senegalense	7403.0	1486	0	0	1483	0.9980	0.9964
X89069	1486	7430	Halanaerobiaceae	Halanaerobium saccharolyticum subsp. saccharolyticum	U86446	1500	7392	Halanaerobiaceae	Halanaerobium kushneri	7148.0	1461	1	0	1440	0.9856	0.9670
X89069	1486	7430	Halanaerobiaceae	Halanaerobium saccharolyticum subsp. saccharolyticum	X89071	1486	7430	Halanaerobiaceae	Halanaerobium acetethylicum	7282.0	1486	5	5	1469	0.9919	0.9801
X89069	1486	7430	Halanaerobiaceae	Halanaerobium saccharolyticum subsp. saccharolyticum	AY965613	1546	7724	Halanaerobiaceae	Halarsenatibacter silvermanii	5682.0	1486	145	142	1278	0.9509	0.7647
X89069	1486	7430	Halanaerobiaceae	Halanaerobium saccharolyticum subsp. saccharolyticum	U76632	1520	7546	Halanaerobiaceae	Halanaerobium congolense	7165.0	1486	9	6	1453	0.9818	0.9643
JN381500	1520	7600	Halanaerobiaceae	Halanaerobium sehlinense	X89070	1486	7430	Halanaerobiaceae	Halanaerobium saccharolyticum subsp. senegalense	7321.0	1485	8	7	1473	0.9966	0.9853
JN381500	1520	7600	Halanaerobiaceae	Halanaerobium sehlinense	U86446	1500	7392	Halanaerobiaceae	Halanaerobium kushneri	7194.0	1477	9	6	1452	0.9871	0.9732
JN381500	1520	7600	Halanaerobiaceae	Halanaerobium sehlinense	X89071	1486	7430	Halanaerobiaceae	Halanaerobium acetethylicum	7308.0	1485	5	4	1472	0.9939	0.9836
JN381500	1520	7600	Halanaerobiaceae	Halanaerobium sehlinense	AY965613	1546	7724	Halanaerobiaceae	Halarsenatibacter silvermanii	5823.0	1520	154	149	1308	0.9540	0.7662
JN381500	1520	7600	Halanaerobiaceae	Halanaerobium sehlinense	U76632	1520	7546	Halanaerobiaceae	Halanaerobium congolense	7249.0	1505	20	15	1470	0.9866	0.9606
X89070	1486	7430	Halanaerobiaceae	Halanaerobium saccharolyticum subsp. senegalense	U86446	1500	7392	Halanaerobiaceae	Halanaerobium kushneri	7157.0	1461	1	0	1441	0.9863	0.9682
X89070	1486	7430	Halanaerobiaceae	Halanaerobium saccharolyticum subsp. senegalense	X89071	1486	7430	Halanaerobiaceae	Halanaerobium acetethylicum	7291.0	1486	5	5	1470	0.9926	0.9813
X89070	1486	7430	Halanaerobiaceae	Halanaerobium saccharolyticum subsp. senegalense	AY965613	1546	7724	Halanaerobiaceae	Halarsenatibacter silvermanii	5668.0	1486	150	147	1276	0.9529	0.7629
X89070	1486	7430	Halanaerobiaceae	Halanaerobium saccharolyticum subsp. senegalense	U76632	1520	7546	Halanaerobiaceae	Halanaerobium congolense	7174.0	1486	9	6	1454	0.9824	0.9655
U86446	1500	7392	Halanaerobiaceae	Halanaerobium kushneri	X89071	1486	7430	Halanaerobiaceae	Halanaerobium acetethylicum	7109.0	1462	7	8	1435	0.9869	0.9617
U86446	1500	7392	Halanaerobiaceae	Halanaerobium kushneri	AY965613	1546	7724	Halanaerobiaceae	Halarsenatibacter silvermanii	5620.0	1491	180	141	1275	0.9444	0.7603
U86446	1500	7392	Halanaerobiaceae	Halanaerobium kushneri	U76632	1520	7546	Halanaerobiaceae	Halanaerobium congolense	7093.0	1490	13	11	1443	0.9757	0.9596
X89071	1486	7430	Halanaerobiaceae	Halanaerobium acetethylicum	AY965613	1546	7724	Halanaerobiaceae	Halarsenatibacter silvermanii	5676.0	1486	148	145	1277	0.9523	0.7639
X89071	1486	7430	Halanaerobiaceae	Halanaerobium acetethylicum	U76632	1520	7546	Halanaerobiaceae	Halanaerobium congolense	7180.0	1486	16	13	1454	0.9871	0.9664
AY965613	1546	7724	Halanaerobiaceae	Halarsenatibacter silvermanii	U76632	1520	7546	Halanaerobiaceae	Halanaerobium congolense	5807.0	1520	152	152	1301	0.9510	0.7695
