EU161717	1485	7425	Halieaceae	Pseudohaliea rubra	FN398053	1489	7445	Halieaceae	Parahaliea mediterranea	6821.0	1463	29	29	1406	0.9805	0.9187
EU161717	1485	7425	Halieaceae	Pseudohaliea rubra	AAOA02000002	1416	7080	Halieaceae	Congregibacter litoralis	6742.0	1416	8	8	1378	0.9787	0.9523
EU161717	1485	7425	Halieaceae	Pseudohaliea rubra	AB602430	1428	7140	Halieaceae	Halioglobus pacificus	6577.0	1428	25	25	1363	0.9715	0.9211
EU161717	1485	7425	Halieaceae	Pseudohaliea rubra	AM691086	1523	7615	Halieaceae	Chromatocurvus halotolerans	7012.0	1485	28	28	1436	0.9856	0.9444
EU161717	1485	7425	Halieaceae	Pseudohaliea rubra	KM117233	1497	7485	Halieaceae	Haliea atlantica	6945.0	1485	35	33	1429	0.9842	0.9354
EU161717	1485	7425	Halieaceae	Pseudohaliea rubra	KX268609	1440	7200	Halieaceae	Parahaliea aestuarii	6657.0	1438	31	29	1377	0.9773	0.9246
EU161717	1485	7425	Halieaceae	Pseudohaliea rubra	AB602427	1367	6835	Halieaceae	Halioglobus japonicus	6154.0	1367	39	39	1288	0.9699	0.9004
EU161717	1485	7425	Halieaceae	Pseudohaliea rubra	AY576769	1485	7425	Halieaceae	Haliea salexigens	6833.0	1480	39	39	1414	0.9813	0.9203
EU161717	1485	7425	Halieaceae	Pseudohaliea rubra	KP064188	1512	7560	Halieaceae	Marimicrobium arenosum	6528.0	1478	63	63	1376	0.9724	0.8792
FN398053	1489	7445	Halieaceae	Parahaliea mediterranea	AAOA02000002	1416	7080	Halieaceae	Congregibacter litoralis	6470.0	1400	36	36	1338	0.9809	0.9138
FN398053	1489	7445	Halieaceae	Parahaliea mediterranea	AB602430	1428	7140	Halieaceae	Halioglobus pacificus	6598.0	1425	29	29	1364	0.9771	0.9241
FN398053	1489	7445	Halieaceae	Parahaliea mediterranea	AM691086	1523	7615	Halieaceae	Chromatocurvus halotolerans	6945.0	1489	25	24	1432	0.9775	0.9328
FN398053	1489	7445	Halieaceae	Parahaliea mediterranea	KM117233	1497	7485	Halieaceae	Haliea atlantica	6716.0	1468	41	39	1396	0.9769	0.9021
FN398053	1489	7445	Halieaceae	Parahaliea mediterranea	KX268609	1440	7200	Halieaceae	Parahaliea aestuarii	6925.0	1431	22	20	1404	0.9950	0.9618
FN398053	1489	7445	Halieaceae	Parahaliea mediterranea	AB602427	1367	6835	Halieaceae	Halioglobus japonicus	6102.0	1359	46	46	1278	0.9733	0.8928
FN398053	1489	7445	Halieaceae	Parahaliea mediterranea	AY576769	1485	7425	Halieaceae	Haliea salexigens	6764.0	1471	35	36	1403	0.9777	0.9110
FN398053	1489	7445	Halieaceae	Parahaliea mediterranea	KP064188	1512	7560	Halieaceae	Marimicrobium arenosum	6654.0	1489	51	50	1396	0.9701	0.8938
AAOA02000002	1416	7080	Halieaceae	Congregibacter litoralis	AB602430	1428	7140	Halieaceae	Halioglobus pacificus	6455.0	1403	32	32	1338	0.9759	0.9117
AAOA02000002	1416	7080	Halieaceae	Congregibacter litoralis	AM691086	1523	7615	Halieaceae	Chromatocurvus halotolerans	6655.0	1416	31	28	1367	0.9849	0.9400
AAOA02000002	1416	7080	Halieaceae	Congregibacter litoralis	KM117233	1497	7485	Halieaceae	Haliea atlantica	6460.0	1416	39	34	1345	0.9732	0.9124
AAOA02000002	1416	7080	Halieaceae	Congregibacter litoralis	KX268609	1440	7200	Halieaceae	Parahaliea aestuarii	6505.0	1407	36	34	1346	0.9803	0.9188
AAOA02000002	1416	7080	Halieaceae	Congregibacter litoralis	AB602427	1367	6835	Halieaceae	Halioglobus japonicus	6134.0	1367	36	36	1286	0.9662	0.8974
AAOA02000002	1416	7080	Halieaceae	Congregibacter litoralis	AY576769	1485	7425	Halieaceae	Haliea salexigens	6600.0	1415	28	28	1360	0.9805	0.9322
AAOA02000002	1416	7080	Halieaceae	Congregibacter litoralis	KP064188	1512	7560	Halieaceae	Marimicrobium arenosum	6330.0	1415	49	49	1327	0.9714	0.8941
AB602430	1428	7140	Halieaceae	Halioglobus pacificus	AM691086	1523	7615	Halieaceae	Chromatocurvus halotolerans	6596.0	1428	29	29	1365	0.9757	0.9238
AB602430	1428	7140	Halieaceae	Halioglobus pacificus	KM117233	1497	7485	Halieaceae	Haliea atlantica	6555.0	1428	38	36	1360	0.9770	0.9181
AB602430	1428	7140	Halieaceae	Halioglobus pacificus	KX268609	1440	7200	Halieaceae	Parahaliea aestuarii	6734.0	1428	18	16	1382	0.9788	0.9431
AB602430	1428	7140	Halieaceae	Halioglobus pacificus	AB602427	1367	6835	Halieaceae	Halioglobus japonicus	6369.0	1362	12	12	1312	0.9719	0.9318
AB602430	1428	7140	Halieaceae	Halioglobus pacificus	AY576769	1485	7425	Halieaceae	Haliea salexigens	6551.0	1428	29	27	1361	0.9714	0.9175
AB602430	1428	7140	Halieaceae	Halioglobus pacificus	KP064188	1512	7560	Halieaceae	Marimicrobium arenosum	6410.0	1428	50	50	1342	0.9739	0.8978
AM691086	1523	7615	Halieaceae	Chromatocurvus halotolerans	KM117233	1497	7485	Halieaceae	Haliea atlantica	6958.0	1491	28	26	1434	0.9788	0.9296
AM691086	1523	7615	Halieaceae	Chromatocurvus halotolerans	KX268609	1440	7200	Halieaceae	Parahaliea aestuarii	6765.0	1438	23	21	1390	0.9809	0.9396
AM691086	1523	7615	Halieaceae	Chromatocurvus halotolerans	AB602427	1367	6835	Halieaceae	Halioglobus japonicus	6132.0	1367	41	41	1285	0.9691	0.8971
AM691086	1523	7615	Halieaceae	Chromatocurvus halotolerans	AY576769	1485	7425	Halieaceae	Haliea salexigens	6989.0	1487	25	27	1436	0.9836	0.9413
AM691086	1523	7615	Halieaceae	Chromatocurvus halotolerans	KP064188	1512	7560	Halieaceae	Marimicrobium arenosum	6812.0	1514	50	52	1425	0.9747	0.9011
KM117233	1497	7485	Halieaceae	Haliea atlantica	KX268609	1440	7200	Halieaceae	Parahaliea aestuarii	6622.0	1440	35	35	1373	0.9772	0.9197
KM117233	1497	7485	Halieaceae	Haliea atlantica	AB602427	1367	6835	Halieaceae	Halioglobus japonicus	6100.0	1369	51	53	1281	0.9734	0.8925
KM117233	1497	7485	Halieaceae	Haliea atlantica	AY576769	1485	7425	Halieaceae	Haliea salexigens	6929.0	1485	28	29	1427	0.9801	0.9332
KM117233	1497	7485	Halieaceae	Haliea atlantica	KP064188	1512	7560	Halieaceae	Marimicrobium arenosum	6548.0	1485	63	65	1381	0.9725	0.8748
KX268609	1440	7200	Halieaceae	Parahaliea aestuarii	AB602427	1367	6835	Halieaceae	Halioglobus japonicus	6219.0	1368	33	35	1296	0.9722	0.9099
KX268609	1440	7200	Halieaceae	Parahaliea aestuarii	AY576769	1485	7425	Halieaceae	Haliea salexigens	6713.0	1440	25	25	1384	0.9781	0.9324
KX268609	1440	7200	Halieaceae	Parahaliea aestuarii	KP064188	1512	7560	Halieaceae	Marimicrobium arenosum	6505.0	1439	40	38	1359	0.9700	0.9035
AB602427	1367	6835	Halieaceae	Halioglobus japonicus	AY576769	1485	7425	Halieaceae	Haliea salexigens	6179.0	1367	37	37	1291	0.9707	0.9040
AB602427	1367	6835	Halieaceae	Halioglobus japonicus	KP064188	1512	7560	Halieaceae	Marimicrobium arenosum	6261.0	1367	32	32	1300	0.9738	0.9160
AY576769	1485	7425	Halieaceae	Haliea salexigens	KP064188	1512	7560	Halieaceae	Marimicrobium arenosum	6779.0	1484	37	35	1410	0.9731	0.9130
