AJ420376	1472	7360	Halococcaceae	Halococcus dombrowskii	AB004877	1471	7355	Halococcaceae	Halococcus salifodinae	6757.0	1472	27	29	1403	0.9723	0.9187
AJ420376	1472	7360	Halococcaceae	Halococcus dombrowskii	DQ017835	1312	6560	Halococcaceae	Halococcus hamelinensis	5924.0	1310	34	32	1238	0.9687	0.9030
AJ420376	1472	7360	Halococcaceae	Halococcus dombrowskii	AB004876	1440	7200	Halococcaceae	Halococcus saccharolyticus	6586.0	1440	28	29	1370	0.9709	0.9147
AJ420376	1472	7360	Halococcaceae	Halococcus dombrowskii	D11106	1474	7370	Halococcaceae	Halococcus morrhuae	7268.0	1472	1	0	1462	0.9932	0.9875
AJ420376	1472	7360	Halococcaceae	Halococcus dombrowskii	AB220647	1384	6920	Halococcaceae	Halococcus thailandensis	6757.0	1382	3	2	1365	0.9891	0.9764
AJ420376	1472	7360	Halococcaceae	Halococcus dombrowskii	JX989265	1406	7030	Halococcaceae	Halococcus sediminicola	6830.0	1405	9	8	1383	0.9900	0.9716
AJ420376	1472	7360	Halococcaceae	Halococcus dombrowskii	AB748562	1474	7370	Halococcaceae	Halococcus agarilyticus	6786.0	1472	26	25	1407	0.9724	0.9220
AJ420376	1472	7360	Halococcaceae	Halococcus dombrowskii	AY243109	1476	7374	Halococcaceae	Halococcus qingdaonensis	7248.0	1472	3	0	1460	0.9918	0.9848
AB004877	1471	7355	Halococcaceae	Halococcus salifodinae	DQ017835	1312	6560	Halococcaceae	Halococcus hamelinensis	5910.0	1309	31	28	1237	0.9657	0.9009
AB004877	1471	7355	Halococcaceae	Halococcus salifodinae	AB004876	1440	7200	Halococcaceae	Halococcus saccharolyticus	7069.0	1439	4	3	1425	0.9923	0.9818
AB004877	1471	7355	Halococcaceae	Halococcus salifodinae	D11106	1474	7370	Halococcaceae	Halococcus morrhuae	6715.0	1471	30	27	1399	0.9688	0.9130
AB004877	1471	7355	Halococcaceae	Halococcus salifodinae	AB220647	1384	6920	Halococcaceae	Halococcus thailandensis	6265.0	1383	28	27	1309	0.9653	0.9053
AB004877	1471	7355	Halococcaceae	Halococcus salifodinae	JX989265	1406	7030	Halococcaceae	Halococcus sediminicola	6332.0	1403	35	32	1326	0.9672	0.9007
AB004877	1471	7355	Halococcaceae	Halococcus salifodinae	AB748562	1474	7370	Halococcaceae	Halococcus agarilyticus	7295.0	1471	3	0	1465	0.9959	0.9918
AB004877	1471	7355	Halococcaceae	Halococcus salifodinae	AY243109	1476	7374	Halococcaceae	Halococcus qingdaonensis	6695.0	1471	31	26	1397	0.9668	0.9103
DQ017835	1312	6560	Halococcaceae	Halococcus hamelinensis	AB004876	1440	7200	Halococcaceae	Halococcus saccharolyticus	5865.0	1312	30	32	1232	0.9625	0.8941
DQ017835	1312	6560	Halococcaceae	Halococcus hamelinensis	D11106	1474	7370	Halococcaceae	Halococcus morrhuae	5862.0	1312	34	35	1231	0.9640	0.8936
DQ017835	1312	6560	Halococcaceae	Halococcus hamelinensis	AB220647	1384	6920	Halococcaceae	Halococcus thailandensis	5831.0	1312	39	40	1227	0.9646	0.8889
DQ017835	1312	6560	Halococcaceae	Halococcus hamelinensis	JX989265	1406	7030	Halococcaceae	Halococcus sediminicola	5828.0	1296	24	27	1221	0.9622	0.8884
DQ017835	1312	6560	Halococcaceae	Halococcus hamelinensis	AB748562	1474	7370	Halococcaceae	Halococcus agarilyticus	5937.0	1312	24	25	1241	0.9643	0.9050
DQ017835	1312	6560	Halococcaceae	Halococcus hamelinensis	AY243109	1476	7374	Halococcaceae	Halococcus qingdaonensis	5841.0	1312	34	34	1229	0.9617	0.8904
AB004876	1440	7200	Halococcaceae	Halococcus saccharolyticus	D11106	1474	7370	Halococcaceae	Halococcus morrhuae	6561.0	1440	29	27	1368	0.9682	0.9112
AB004876	1440	7200	Halococcaceae	Halococcus saccharolyticus	AB220647	1384	6920	Halococcaceae	Halococcus thailandensis	6272.0	1384	29	29	1310	0.9668	0.9064
AB004876	1440	7200	Halococcaceae	Halococcus saccharolyticus	JX989265	1406	7030	Halococcaceae	Halococcus sediminicola	6330.0	1404	35	33	1326	0.9672	0.9004
AB004876	1440	7200	Halococcaceae	Halococcus saccharolyticus	AB748562	1474	7370	Halococcaceae	Halococcus agarilyticus	7117.0	1440	5	3	1431	0.9958	0.9885
AB004876	1440	7200	Halococcaceae	Halococcus saccharolyticus	AY243109	1476	7374	Halococcaceae	Halococcus qingdaonensis	6545.0	1440	31	28	1366	0.9674	0.9090
D11106	1474	7370	Halococcaceae	Halococcus morrhuae	AB220647	1384	6920	Halococcaceae	Halococcus thailandensis	6715.0	1384	2	2	1361	0.9848	0.9704
D11106	1474	7370	Halococcaceae	Halococcus morrhuae	JX989265	1406	7030	Halococcaceae	Halococcus sediminicola	6784.0	1406	10	10	1378	0.9871	0.9650
D11106	1474	7370	Halococcaceae	Halococcus morrhuae	AB748562	1474	7370	Halococcaceae	Halococcus agarilyticus	6744.0	1474	26	26	1403	0.9689	0.9151
D11106	1474	7370	Halococcaceae	Halococcus morrhuae	AY243109	1476	7374	Halococcaceae	Halococcus qingdaonensis	7224.0	1474	2	0	1458	0.9891	0.9802
AB220647	1384	6920	Halococcaceae	Halococcus thailandensis	JX989265	1406	7030	Halococcaceae	Halococcus sediminicola	6546.0	1365	13	13	1333	0.9859	0.9460
AB220647	1384	6920	Halococcaceae	Halococcus thailandensis	AB748562	1474	7370	Halococcaceae	Halococcus agarilyticus	6306.0	1384	26	25	1314	0.9669	0.9113
AB220647	1384	6920	Halococcaceae	Halococcus thailandensis	AY243109	1476	7374	Halococcaceae	Halococcus qingdaonensis	6734.0	1384	5	4	1363	0.9877	0.9731
JX989265	1406	7030	Halococcaceae	Halococcus sediminicola	AB748562	1474	7370	Halococcaceae	Halococcus agarilyticus	6370.0	1406	30	30	1331	0.9673	0.9061
JX989265	1406	7030	Halococcaceae	Halococcus sediminicola	AY243109	1476	7374	Halococcaceae	Halococcus qingdaonensis	6813.0	1406	13	12	1381	0.9907	0.9691
AB748562	1474	7370	Halococcaceae	Halococcus agarilyticus	AY243109	1476	7374	Halococcaceae	Halococcus qingdaonensis	6742.0	1474	27	25	1403	0.9683	0.9148
