KJ477328	1527	7635	Halobacteroidaceae	Sporohalobacter salinus	X89074	1471	7355	Halobacteroidaceae	Halobacteroides halobius	5949.0	1470	113	112	1303	0.9595	0.8088
KJ477328	1527	7635	Halobacteroidaceae	Sporohalobacter salinus	L37423	1487	7327	Halobacteroidaceae	Halobacteroides elegans	5915.0	1503	103	126	1303	0.9463	0.8073
KJ477328	1527	7635	Halobacteroidaceae	Sporohalobacter salinus	GU265900	1435	7175	Halobacteroidaceae	Halanaerobacter jeridensis	5969.0	1465	80	110	1298	0.9579	0.8319
KJ477328	1527	7635	Halobacteroidaceae	Sporohalobacter salinus	KF680167	1472	7360	Halobacteroidaceae	Orenia chitinitropha	5849.0	1467	119	114	1292	0.9549	0.7947
KJ477328	1527	7635	Halobacteroidaceae	Sporohalobacter salinus	CP002105	1525	7625	Halobacteroidaceae	Acetohalobium arabaticum	7095.0	1523	28	26	1463	0.9773	0.9305
KJ477328	1527	7635	Halobacteroidaceae	Sporohalobacter salinus	X89073	1476	7380	Halobacteroidaceae	Orenia marismortui	5975.0	1470	111	105	1309	0.9590	0.8096
KJ477328	1527	7635	Halobacteroidaceae	Sporohalobacter salinus	AY014858	1414	6950	Halobacteroidaceae	Halonatronum saccharophilum	5688.0	1419	90	95	1248	0.9426	0.8184
KJ477328	1527	7635	Halobacteroidaceae	Sporohalobacter salinus	AF152595	1420	7058	Halobacteroidaceae	Orenia sivashensis	5746.0	1477	87	144	1267	0.9505	0.8141
KJ477328	1527	7635	Halobacteroidaceae	Sporohalobacter salinus	GU452711	1465	7325	Halobacteroidaceae	Natroniella sulfidigena	6003.0	1483	101	119	1311	0.9611	0.8195
KJ477328	1527	7635	Halobacteroidaceae	Sporohalobacter salinus	HQ828140	1491	7455	Halobacteroidaceae	Fuchsiella alkaliacetigena	6368.0	1487	66	63	1363	0.9572	0.8542
KJ477328	1527	7635	Halobacteroidaceae	Sporohalobacter salinus	EU327343	1498	7490	Halobacteroidaceae	Halanaerobaculum tunisiense	6157.0	1513	104	119	1343	0.9634	0.8220
KJ477328	1527	7635	Halobacteroidaceae	Sporohalobacter salinus	X95817	1461	7305	Halobacteroidaceae	Natroniella acetigena	5969.0	1470	104	113	1304	0.9609	0.8171
KJ477328	1527	7635	Halobacteroidaceae	Sporohalobacter salinus	AF310247	1418	7054	Halobacteroidaceae	Selenihalanaerobacter shriftii	6032.0	1408	69	59	1293	0.9585	0.8551
KJ477328	1527	7635	Halobacteroidaceae	Sporohalobacter salinus	JX566885	1499	7495	Halobacteroidaceae	Fuchsiella ferrireducens	6454.0	1496	65	62	1377	0.9603	0.8611
KJ477328	1527	7635	Halobacteroidaceae	Sporohalobacter salinus	Y14212	1383	6915	Halobacteroidaceae	Halanaerobacter salinarius	5754.0	1408	86	111	1251	0.9645	0.8321
KJ477328	1527	7635	Halobacteroidaceae	Sporohalobacter salinus	Y18485	1337	6679	Halobacteroidaceae	Orenia salinaria	5476.0	1358	81	102	1199	0.9546	0.8199
KJ477328	1527	7635	Halobacteroidaceae	Sporohalobacter salinus	X89075	1440	7194	Halobacteroidaceae	Halanaerobacter lacunarum	5977.0	1455	84	99	1299	0.9580	0.8308
X89074	1471	7355	Halobacteroidaceae	Halobacteroides halobius	L37423	1487	7327	Halobacteroidaceae	Halobacteroides elegans	5889.0	1470	86	107	1287	0.9442	0.8037
X89074	1471	7355	Halobacteroidaceae	Halobacteroides halobius	GU265900	1435	7175	Halobacteroidaceae	Halanaerobacter jeridensis	5859.0	1427	89	109	1270	0.9636	0.8166
X89074	1471	7355	Halobacteroidaceae	Halobacteroides halobius	KF680167	1472	7360	Halobacteroidaceae	Orenia chitinitropha	6029.0	1454	101	97	1309	0.9646	0.8197
X89074	1471	7355	Halobacteroidaceae	Halobacteroides halobius	CP002105	1525	7625	Halobacteroidaceae	Acetohalobium arabaticum	5976.0	1471	110	109	1307	0.9596	0.8125
X89074	1471	7355	Halobacteroidaceae	Halobacteroides halobius	X89073	1476	7380	Halobacteroidaceae	Orenia marismortui	6242.0	1471	80	75	1342	0.9613	0.8487
X89074	1471	7355	Halobacteroidaceae	Halobacteroides halobius	AY014858	1414	6950	Halobacteroidaceae	Halonatronum saccharophilum	5782.0	1420	91	97	1256	0.9494	0.8319
X89074	1471	7355	Halobacteroidaceae	Halobacteroides halobius	AF152595	1420	7058	Halobacteroidaceae	Orenia sivashensis	6029.0	1428	87	95	1291	0.9685	0.8542
X89074	1471	7355	Halobacteroidaceae	Halobacteroides halobius	GU452711	1465	7325	Halobacteroidaceae	Natroniella sulfidigena	6138.0	1470	93	104	1324	0.9693	0.8380
X89074	1471	7355	Halobacteroidaceae	Halobacteroides halobius	HQ828140	1491	7455	Halobacteroidaceae	Fuchsiella alkaliacetigena	5946.0	1471	112	110	1304	0.9581	0.8084
X89074	1471	7355	Halobacteroidaceae	Halobacteroides halobius	EU327343	1498	7490	Halobacteroidaceae	Halanaerobaculum tunisiense	6542.0	1471	46	62	1373	0.9744	0.8895
X89074	1471	7355	Halobacteroidaceae	Halobacteroides halobius	X95817	1461	7305	Halobacteroidaceae	Natroniella acetigena	6141.0	1471	92	102	1324	0.9671	0.8407
X89074	1471	7355	Halobacteroidaceae	Halobacteroides halobius	AF310247	1418	7054	Halobacteroidaceae	Selenihalanaerobacter shriftii	5664.0	1365	115	93	1231	0.9678	0.8029
X89074	1471	7355	Halobacteroidaceae	Halobacteroides halobius	JX566885	1499	7495	Halobacteroidaceae	Fuchsiella ferrireducens	5973.0	1471	111	109	1307	0.9596	0.8121
X89074	1471	7355	Halobacteroidaceae	Halobacteroides halobius	Y14212	1383	6915	Halobacteroidaceae	Halanaerobacter salinarius	5629.0	1365	87	98	1221	0.9637	0.8140
X89074	1471	7355	Halobacteroidaceae	Halobacteroides halobius	Y18485	1337	6679	Halobacteroidaceae	Orenia salinaria	5648.0	1328	69	67	1213	0.9619	0.8456
X89074	1471	7355	Halobacteroidaceae	Halobacteroides halobius	X89075	1440	7194	Halobacteroidaceae	Halanaerobacter lacunarum	6035.0	1456	77	93	1306	0.9582	0.8389
L37423	1487	7327	Halobacteroidaceae	Halobacteroides elegans	GU265900	1435	7175	Halobacteroidaceae	Halanaerobacter jeridensis	6345.0	1449	48	62	1334	0.9618	0.8843
L37423	1487	7327	Halobacteroidaceae	Halobacteroides elegans	KF680167	1472	7360	Halobacteroidaceae	Orenia chitinitropha	5781.0	1449	117	94	1274	0.9402	0.7890
L37423	1487	7327	Halobacteroidaceae	Halobacteroides elegans	CP002105	1525	7625	Halobacteroidaceae	Acetohalobium arabaticum	5832.0	1480	144	119	1291	0.9486	0.7960
L37423	1487	7327	Halobacteroidaceae	Halobacteroides elegans	X89073	1476	7380	Halobacteroidaceae	Orenia marismortui	5845.0	1449	112	86	1282	0.9406	0.7977
L37423	1487	7327	Halobacteroidaceae	Halobacteroides elegans	AY014858	1414	6950	Halobacteroidaceae	Halonatronum saccharophilum	5570.0	1415	109	110	1227	0.9402	0.8014
L37423	1487	7327	Halobacteroidaceae	Halobacteroides elegans	AF152595	1420	7058	Halobacteroidaceae	Orenia sivashensis	5667.0	1409	113	102	1238	0.9472	0.8029
L37423	1487	7327	Halobacteroidaceae	Halobacteroides elegans	GU452711	1465	7325	Halobacteroidaceae	Natroniella sulfidigena	5856.0	1454	113	104	1282	0.9496	0.7995
L37423	1487	7327	Halobacteroidaceae	Halobacteroides elegans	HQ828140	1491	7455	Halobacteroidaceae	Fuchsiella alkaliacetigena	5886.0	1466	120	97	1293	0.9445	0.8033
L37423	1487	7327	Halobacteroidaceae	Halobacteroides elegans	EU327343	1498	7490	Halobacteroidaceae	Halanaerobaculum tunisiense	5971.0	1468	100	92	1301	0.9455	0.8149
L37423	1487	7327	Halobacteroidaceae	Halobacteroides elegans	X95817	1461	7305	Halobacteroidaceae	Natroniella acetigena	5810.0	1449	114	103	1275	0.9473	0.7953
L37423	1487	7327	Halobacteroidaceae	Halobacteroides elegans	AF310247	1418	7054	Halobacteroidaceae	Selenihalanaerobacter shriftii	5578.0	1384	116	82	1227	0.9424	0.7908
L37423	1487	7327	Halobacteroidaceae	Halobacteroides elegans	JX566885	1499	7495	Halobacteroidaceae	Fuchsiella ferrireducens	5921.0	1475	122	99	1301	0.9455	0.8081
L37423	1487	7327	Halobacteroidaceae	Halobacteroides elegans	Y14212	1383	6915	Halobacteroidaceae	Halanaerobacter salinarius	6314.0	1384	35	36	1307	0.9696	0.9131
L37423	1487	7327	Halobacteroidaceae	Halobacteroides elegans	Y18485	1337	6679	Halobacteroidaceae	Orenia salinaria	5301.0	1325	100	88	1166	0.9426	0.7937
L37423	1487	7327	Halobacteroidaceae	Halobacteroides elegans	X89075	1440	7194	Halobacteroidaceae	Halanaerobacter lacunarum	6719.0	1437	29	26	1377	0.9759	0.9340
GU265900	1435	7175	Halobacteroidaceae	Halanaerobacter jeridensis	KF680167	1472	7360	Halobacteroidaceae	Orenia chitinitropha	5836.0	1421	120	96	1274	0.9615	0.8134
GU265900	1435	7175	Halobacteroidaceae	Halanaerobacter jeridensis	CP002105	1525	7625	Halobacteroidaceae	Acetohalobium arabaticum	5851.0	1435	136	102	1283	0.9625	0.8155
GU265900	1435	7175	Halobacteroidaceae	Halanaerobacter jeridensis	X89073	1476	7380	Halobacteroidaceae	Orenia marismortui	5872.0	1407	106	81	1273	0.9600	0.8184
GU265900	1435	7175	Halobacteroidaceae	Halanaerobacter jeridensis	AY014858	1414	6950	Halobacteroidaceae	Halonatronum saccharophilum	5732.0	1399	100	86	1246	0.9490	0.8247
GU265900	1435	7175	Halobacteroidaceae	Halanaerobacter jeridensis	AF152595	1420	7058	Halobacteroidaceae	Orenia sivashensis	5848.0	1407	102	90	1264	0.9598	0.8286
GU265900	1435	7175	Halobacteroidaceae	Halanaerobacter jeridensis	GU452711	1465	7325	Halobacteroidaceae	Natroniella sulfidigena	5855.0	1410	117	94	1272	0.9666	0.8160
GU265900	1435	7175	Halobacteroidaceae	Halanaerobacter jeridensis	HQ828140	1491	7455	Halobacteroidaceae	Fuchsiella alkaliacetigena	5872.0	1424	115	80	1283	0.9546	0.8184
GU265900	1435	7175	Halobacteroidaceae	Halanaerobacter jeridensis	EU327343	1498	7490	Halobacteroidaceae	Halanaerobaculum tunisiense	5940.0	1424	113	96	1286	0.9684	0.8279
GU265900	1435	7175	Halobacteroidaceae	Halanaerobacter jeridensis	X95817	1461	7305	Halobacteroidaceae	Natroniella acetigena	5828.0	1407	114	91	1268	0.9635	0.8123
GU265900	1435	7175	Halobacteroidaceae	Halanaerobacter jeridensis	AF310247	1418	7054	Halobacteroidaceae	Selenihalanaerobacter shriftii	5760.0	1384	109	76	1253	0.9580	0.8166
GU265900	1435	7175	Halobacteroidaceae	Halanaerobacter jeridensis	JX566885	1499	7495	Halobacteroidaceae	Fuchsiella ferrireducens	5919.0	1433	119	84	1292	0.9577	0.8249
GU265900	1435	7175	Halobacteroidaceae	Halanaerobacter jeridensis	Y14212	1383	6915	Halobacteroidaceae	Halanaerobacter salinarius	6383.0	1384	33	35	1322	0.9800	0.9231
GU265900	1435	7175	Halobacteroidaceae	Halanaerobacter jeridensis	Y18485	1337	6679	Halobacteroidaceae	Orenia salinaria	5474.0	1326	93	82	1191	0.9574	0.8196
GU265900	1435	7175	Halobacteroidaceae	Halanaerobacter jeridensis	X89075	1440	7194	Halobacteroidaceae	Halanaerobacter lacunarum	6514.0	1407	31	27	1348	0.9768	0.9079
KF680167	1472	7360	Halobacteroidaceae	Orenia chitinitropha	CP002105	1525	7625	Halobacteroidaceae	Acetohalobium arabaticum	5783.0	1472	120	123	1285	0.9526	0.7857
KF680167	1472	7360	Halobacteroidaceae	Orenia chitinitropha	X89073	1476	7380	Halobacteroidaceae	Orenia marismortui	6736.0	1458	18	17	1396	0.9688	0.9152
KF680167	1472	7360	Halobacteroidaceae	Orenia chitinitropha	AY014858	1414	6950	Halobacteroidaceae	Halonatronum saccharophilum	6054.0	1424	57	67	1291	0.9514	0.8711
KF680167	1472	7360	Halobacteroidaceae	Orenia chitinitropha	AF152595	1420	7058	Halobacteroidaceae	Orenia sivashensis	6259.0	1432	46	58	1322	0.9622	0.8868
KF680167	1472	7360	Halobacteroidaceae	Orenia chitinitropha	GU452711	1465	7325	Halobacteroidaceae	Natroniella sulfidigena	6163.0	1461	83	98	1322	0.9699	0.8414
KF680167	1472	7360	Halobacteroidaceae	Orenia chitinitropha	HQ828140	1491	7455	Halobacteroidaceae	Fuchsiella alkaliacetigena	5983.0	1472	105	107	1308	0.9582	0.8129
KF680167	1472	7360	Halobacteroidaceae	Orenia chitinitropha	EU327343	1498	7490	Halobacteroidaceae	Halanaerobaculum tunisiense	5936.0	1472	95	115	1300	0.9580	0.8065
KF680167	1472	7360	Halobacteroidaceae	Orenia chitinitropha	X95817	1461	7305	Halobacteroidaceae	Natroniella acetigena	6193.0	1458	71	85	1326	0.9658	0.8478
KF680167	1472	7360	Halobacteroidaceae	Orenia chitinitropha	AF310247	1418	7054	Halobacteroidaceae	Selenihalanaerobacter shriftii	5749.0	1383	116	97	1247	0.9697	0.8150
KF680167	1472	7360	Halobacteroidaceae	Orenia chitinitropha	JX566885	1499	7495	Halobacteroidaceae	Fuchsiella ferrireducens	5960.0	1472	108	110	1305	0.9581	0.8098
KF680167	1472	7360	Halobacteroidaceae	Orenia chitinitropha	Y14212	1383	6915	Halobacteroidaceae	Halanaerobacter salinarius	5595.0	1383	90	105	1224	0.9577	0.8091
KF680167	1472	7360	Halobacteroidaceae	Orenia chitinitropha	Y18485	1337	6679	Halobacteroidaceae	Orenia salinaria	5911.0	1339	37	39	1248	0.9600	0.8850
KF680167	1472	7360	Halobacteroidaceae	Orenia chitinitropha	X89075	1440	7194	Halobacteroidaceae	Halanaerobacter lacunarum	5933.0	1458	83	103	1293	0.9542	0.8247
CP002105	1525	7625	Halobacteroidaceae	Acetohalobium arabaticum	X89073	1476	7380	Halobacteroidaceae	Orenia marismortui	5911.0	1472	119	115	1301	0.9587	0.8009
CP002105	1525	7625	Halobacteroidaceae	Acetohalobium arabaticum	AY014858	1414	6950	Halobacteroidaceae	Halonatronum saccharophilum	5653.0	1421	99	106	1243	0.9452	0.8134
CP002105	1525	7625	Halobacteroidaceae	Acetohalobium arabaticum	AF152595	1420	7058	Halobacteroidaceae	Orenia sivashensis	5678.0	1479	100	159	1258	0.9530	0.8045
CP002105	1525	7625	Halobacteroidaceae	Acetohalobium arabaticum	GU452711	1465	7325	Halobacteroidaceae	Natroniella sulfidigena	6045.0	1485	85	105	1318	0.9551	0.8253
CP002105	1525	7625	Halobacteroidaceae	Acetohalobium arabaticum	HQ828140	1491	7455	Halobacteroidaceae	Fuchsiella alkaliacetigena	6296.0	1489	62	61	1356	0.9496	0.8445
CP002105	1525	7625	Halobacteroidaceae	Acetohalobium arabaticum	EU327343	1498	7490	Halobacteroidaceae	Halanaerobaculum tunisiense	6247.0	1513	90	107	1354	0.9630	0.8340
CP002105	1525	7625	Halobacteroidaceae	Acetohalobium arabaticum	X95817	1461	7305	Halobacteroidaceae	Natroniella acetigena	5986.0	1472	98	109	1307	0.9589	0.8194
CP002105	1525	7625	Halobacteroidaceae	Acetohalobium arabaticum	AF310247	1418	7054	Halobacteroidaceae	Selenihalanaerobacter shriftii	5907.0	1410	80	72	1278	0.9552	0.8374
CP002105	1525	7625	Halobacteroidaceae	Acetohalobium arabaticum	JX566885	1499	7495	Halobacteroidaceae	Fuchsiella ferrireducens	6357.0	1498	65	64	1367	0.9533	0.8482
CP002105	1525	7625	Halobacteroidaceae	Acetohalobium arabaticum	Y14212	1383	6915	Halobacteroidaceae	Halanaerobacter salinarius	5619.0	1410	100	127	1234	0.9618	0.8126
CP002105	1525	7625	Halobacteroidaceae	Acetohalobium arabaticum	Y18485	1337	6679	Halobacteroidaceae	Orenia salinaria	5412.0	1351	97	111	1189	0.9589	0.8103
CP002105	1525	7625	Halobacteroidaceae	Acetohalobium arabaticum	X89075	1440	7194	Halobacteroidaceae	Halanaerobacter lacunarum	5874.0	1457	97	114	1286	0.9576	0.8165
X89073	1476	7380	Halobacteroidaceae	Orenia marismortui	AY014858	1414	6950	Halobacteroidaceae	Halonatronum saccharophilum	6224.0	1425	41	52	1312	0.9556	0.8955
X89073	1476	7380	Halobacteroidaceae	Orenia marismortui	AF152595	1420	7058	Halobacteroidaceae	Orenia sivashensis	6429.0	1433	35	48	1341	0.9682	0.9109
X89073	1476	7380	Halobacteroidaceae	Orenia marismortui	GU452711	1465	7325	Halobacteroidaceae	Natroniella sulfidigena	6334.0	1475	65	81	1348	0.9670	0.8647
X89073	1476	7380	Halobacteroidaceae	Orenia marismortui	HQ828140	1491	7455	Halobacteroidaceae	Fuchsiella alkaliacetigena	6083.0	1476	89	92	1322	0.9552	0.8243
X89073	1476	7380	Halobacteroidaceae	Orenia marismortui	EU327343	1498	7490	Halobacteroidaceae	Halanaerobaculum tunisiense	6044.0	1476	94	115	1313	0.9647	0.8190
X89073	1476	7380	Halobacteroidaceae	Orenia marismortui	X95817	1461	7305	Halobacteroidaceae	Natroniella acetigena	6399.0	1476	57	72	1357	0.9665	0.8760
X89073	1476	7380	Halobacteroidaceae	Orenia marismortui	AF310247	1418	7054	Halobacteroidaceae	Selenihalanaerobacter shriftii	5737.0	1370	98	81	1240	0.9620	0.8133
X89073	1476	7380	Halobacteroidaceae	Orenia marismortui	JX566885	1499	7495	Halobacteroidaceae	Fuchsiella ferrireducens	6088.0	1476	91	94	1323	0.9573	0.8249
X89073	1476	7380	Halobacteroidaceae	Orenia marismortui	Y14212	1383	6915	Halobacteroidaceae	Halanaerobacter salinarius	5637.0	1370	78	94	1224	0.9592	0.8152
X89073	1476	7380	Halobacteroidaceae	Orenia marismortui	Y18485	1337	6679	Halobacteroidaceae	Orenia salinaria	6001.0	1333	32	35	1255	0.9669	0.8985
X89073	1476	7380	Halobacteroidaceae	Orenia marismortui	X89075	1440	7194	Halobacteroidaceae	Halanaerobacter lacunarum	6047.0	1461	73	94	1308	0.9568	0.8406
AY014858	1414	6950	Halobacteroidaceae	Halonatronum saccharophilum	AF152595	1420	7058	Halobacteroidaceae	Orenia sivashensis	6080.0	1414	52	54	1289	0.9478	0.8748
AY014858	1414	6950	Halobacteroidaceae	Halonatronum saccharophilum	GU452711	1465	7325	Halobacteroidaceae	Natroniella sulfidigena	6019.0	1414	68	59	1287	0.9498	0.8660
AY014858	1414	6950	Halobacteroidaceae	Halonatronum saccharophilum	HQ828140	1491	7455	Halobacteroidaceae	Fuchsiella alkaliacetigena	5780.0	1414	99	77	1261	0.9432	0.8317
AY014858	1414	6950	Halobacteroidaceae	Halonatronum saccharophilum	EU327343	1498	7490	Halobacteroidaceae	Halanaerobaculum tunisiense	5671.0	1414	99	95	1242	0.9416	0.8160
AY014858	1414	6950	Halobacteroidaceae	Halonatronum saccharophilum	X95817	1461	7305	Halobacteroidaceae	Natroniella acetigena	5985.0	1414	73	63	1283	0.9497	0.8612
AY014858	1414	6950	Halobacteroidaceae	Halonatronum saccharophilum	AF310247	1418	7054	Halobacteroidaceae	Selenihalanaerobacter shriftii	5542.0	1356	104	81	1210	0.9490	0.7974
AY014858	1414	6950	Halobacteroidaceae	Halonatronum saccharophilum	JX566885	1499	7495	Halobacteroidaceae	Fuchsiella ferrireducens	5790.0	1414	99	77	1262	0.9439	0.8331
AY014858	1414	6950	Halobacteroidaceae	Halonatronum saccharophilum	Y14212	1383	6915	Halobacteroidaceae	Halanaerobacter salinarius	5501.0	1356	90	100	1198	0.9538	0.7955
AY014858	1414	6950	Halobacteroidaceae	Halonatronum saccharophilum	Y18485	1337	6679	Halobacteroidaceae	Orenia salinaria	5832.0	1319	40	37	1229	0.9587	0.8732
AY014858	1414	6950	Halobacteroidaceae	Halonatronum saccharophilum	X89075	1440	7194	Halobacteroidaceae	Halanaerobacter lacunarum	5759.0	1414	93	89	1252	0.9449	0.8286
AF152595	1420	7058	Halobacteroidaceae	Orenia sivashensis	GU452711	1465	7325	Halobacteroidaceae	Natroniella sulfidigena	6125.0	1420	88	77	1304	0.9710	0.8678
AF152595	1420	7058	Halobacteroidaceae	Orenia sivashensis	HQ828140	1491	7455	Halobacteroidaceae	Fuchsiella alkaliacetigena	5825.0	1419	131	76	1276	0.9501	0.8253
AF152595	1420	7058	Halobacteroidaceae	Orenia sivashensis	EU327343	1498	7490	Halobacteroidaceae	Halanaerobaculum tunisiense	5873.0	1420	102	96	1273	0.9615	0.8321
AF152595	1420	7058	Halobacteroidaceae	Orenia sivashensis	X95817	1461	7305	Halobacteroidaceae	Natroniella acetigena	6153.0	1418	109	66	1312	0.9704	0.8718
AF152595	1420	7058	Halobacteroidaceae	Orenia sivashensis	AF310247	1418	7054	Halobacteroidaceae	Selenihalanaerobacter shriftii	5665.0	1360	113	86	1226	0.9623	0.8031
AF152595	1420	7058	Halobacteroidaceae	Orenia sivashensis	JX566885	1499	7495	Halobacteroidaceae	Fuchsiella ferrireducens	5836.0	1420	107	83	1273	0.9521	0.8269
AF152595	1420	7058	Halobacteroidaceae	Orenia sivashensis	Y14212	1383	6915	Halobacteroidaceae	Halanaerobacter salinarius	5661.0	1360	90	96	1220	0.9652	0.8187
AF152595	1420	7058	Halobacteroidaceae	Orenia sivashensis	Y18485	1337	6679	Halobacteroidaceae	Orenia salinaria	5878.0	1326	44	40	1237	0.9619	0.8801
AF152595	1420	7058	Halobacteroidaceae	Orenia sivashensis	X89075	1440	7194	Halobacteroidaceae	Halanaerobacter lacunarum	5918.0	1420	85	93	1274	0.9601	0.8385
GU452711	1465	7325	Halobacteroidaceae	Natroniella sulfidigena	HQ828140	1491	7455	Halobacteroidaceae	Fuchsiella alkaliacetigena	6100.0	1462	94	81	1323	0.9580	0.8328
GU452711	1465	7325	Halobacteroidaceae	Natroniella sulfidigena	EU327343	1498	7490	Halobacteroidaceae	Halanaerobaculum tunisiense	6128.0	1465	102	93	1326	0.9665	0.8366
GU452711	1465	7325	Halobacteroidaceae	Natroniella sulfidigena	X95817	1461	7305	Halobacteroidaceae	Natroniella acetigena	6944.0	1459	16	15	1419	0.9827	0.9506
GU452711	1465	7325	Halobacteroidaceae	Natroniella sulfidigena	AF310247	1418	7054	Halobacteroidaceae	Selenihalanaerobacter shriftii	5697.0	1372	93	75	1239	0.9553	0.8076
GU452711	1465	7325	Halobacteroidaceae	Natroniella sulfidigena	JX566885	1499	7495	Halobacteroidaceae	Fuchsiella ferrireducens	6104.0	1462	95	82	1323	0.9587	0.8333
GU452711	1465	7325	Halobacteroidaceae	Natroniella sulfidigena	Y14212	1383	6915	Halobacteroidaceae	Halanaerobacter salinarius	5680.0	1372	84	99	1229	0.9654	0.8214
GU452711	1465	7325	Halobacteroidaceae	Natroniella sulfidigena	Y18485	1337	6679	Halobacteroidaceae	Orenia salinaria	5781.0	1335	52	54	1230	0.9602	0.8655
GU452711	1465	7325	Halobacteroidaceae	Natroniella sulfidigena	X89075	1440	7194	Halobacteroidaceae	Halanaerobacter lacunarum	6054.0	1445	85	90	1305	0.9631	0.8415
HQ828140	1491	7455	Halobacteroidaceae	Fuchsiella alkaliacetigena	EU327343	1498	7490	Halobacteroidaceae	Halanaerobaculum tunisiense	6006.0	1490	97	115	1316	0.9571	0.8056
HQ828140	1491	7455	Halobacteroidaceae	Fuchsiella alkaliacetigena	X95817	1461	7305	Halobacteroidaceae	Natroniella acetigena	5986.0	1473	95	107	1308	0.9575	0.8194
HQ828140	1491	7455	Halobacteroidaceae	Fuchsiella alkaliacetigena	AF310247	1418	7054	Halobacteroidaceae	Selenihalanaerobacter shriftii	6195.0	1399	45	39	1308	0.9618	0.8782
HQ828140	1491	7455	Halobacteroidaceae	Fuchsiella alkaliacetigena	JX566885	1499	7495	Halobacteroidaceae	Fuchsiella ferrireducens	7327.0	1490	4	4	1476	0.9933	0.9828
HQ828140	1491	7455	Halobacteroidaceae	Fuchsiella alkaliacetigena	Y14212	1383	6915	Halobacteroidaceae	Halanaerobacter salinarius	5730.0	1399	83	111	1243	0.9651	0.8286
HQ828140	1491	7455	Halobacteroidaceae	Fuchsiella alkaliacetigena	Y18485	1337	6679	Halobacteroidaceae	Orenia salinaria	5569.0	1352	74	89	1208	0.9565	0.8338
HQ828140	1491	7455	Halobacteroidaceae	Fuchsiella alkaliacetigena	X89075	1440	7194	Halobacteroidaceae	Halanaerobacter lacunarum	6065.0	1458	79	97	1309	0.9618	0.8431
EU327343	1498	7490	Halobacteroidaceae	Halanaerobaculum tunisiense	X95817	1461	7305	Halobacteroidaceae	Natroniella acetigena	6073.0	1455	93	87	1315	0.9613	0.8313
EU327343	1498	7490	Halobacteroidaceae	Halanaerobaculum tunisiense	AF310247	1418	7054	Halobacteroidaceae	Selenihalanaerobacter shriftii	5622.0	1382	122	99	1233	0.9610	0.7970
EU327343	1498	7490	Halobacteroidaceae	Halanaerobaculum tunisiense	JX566885	1499	7495	Halobacteroidaceae	Fuchsiella ferrireducens	6023.0	1472	115	97	1318	0.9585	0.8041
EU327343	1498	7490	Halobacteroidaceae	Halanaerobaculum tunisiense	Y14212	1383	6915	Halobacteroidaceae	Halanaerobacter salinarius	5753.0	1382	84	95	1243	0.9658	0.8320
EU327343	1498	7490	Halobacteroidaceae	Halanaerobaculum tunisiense	Y18485	1337	6679	Halobacteroidaceae	Orenia salinaria	5514.0	1335	76	74	1200	0.9516	0.8256
EU327343	1498	7490	Halobacteroidaceae	Halanaerobaculum tunisiense	X89075	1440	7194	Halobacteroidaceae	Halanaerobacter lacunarum	6010.0	1440	89	89	1299	0.9615	0.8354
X95817	1461	7305	Halobacteroidaceae	Natroniella acetigena	AF310247	1418	7054	Halobacteroidaceae	Selenihalanaerobacter shriftii	5636.0	1370	104	87	1230	0.9587	0.7990
X95817	1461	7305	Halobacteroidaceae	Natroniella acetigena	JX566885	1499	7495	Halobacteroidaceae	Fuchsiella ferrireducens	6008.0	1461	108	96	1310	0.9597	0.8225
X95817	1461	7305	Halobacteroidaceae	Natroniella acetigena	Y14212	1383	6915	Halobacteroidaceae	Halanaerobacter salinarius	5628.0	1370	86	102	1222	0.9637	0.8139
X95817	1461	7305	Halobacteroidaceae	Natroniella acetigena	Y18485	1337	6679	Halobacteroidaceae	Orenia salinaria	5727.0	1333	60	63	1222	0.9622	0.8575
X95817	1461	7305	Halobacteroidaceae	Natroniella acetigena	X89075	1440	7194	Halobacteroidaceae	Halanaerobacter lacunarum	6014.0	1446	81	87	1301	0.9573	0.8360
AF310247	1418	7054	Halobacteroidaceae	Selenihalanaerobacter shriftii	JX566885	1499	7495	Halobacteroidaceae	Fuchsiella ferrireducens	6282.0	1415	38	45	1322	0.9650	0.8906
AF310247	1418	7054	Halobacteroidaceae	Selenihalanaerobacter shriftii	Y14212	1383	6915	Halobacteroidaceae	Halanaerobacter salinarius	5748.0	1418	75	110	1253	0.9580	0.8312
AF310247	1418	7054	Halobacteroidaceae	Selenihalanaerobacter shriftii	Y18485	1337	6679	Halobacteroidaceae	Orenia salinaria	5644.0	1350	73	86	1216	0.9620	0.8450
AF310247	1418	7054	Halobacteroidaceae	Selenihalanaerobacter shriftii	X89075	1440	7194	Halobacteroidaceae	Halanaerobacter lacunarum	5683.0	1387	64	93	1234	0.9536	0.8056
JX566885	1499	7495	Halobacteroidaceae	Fuchsiella ferrireducens	Y14212	1383	6915	Halobacteroidaceae	Halanaerobacter salinarius	5761.0	1408	87	115	1250	0.9667	0.8331
JX566885	1499	7495	Halobacteroidaceae	Fuchsiella ferrireducens	Y18485	1337	6679	Halobacteroidaceae	Orenia salinaria	5592.0	1352	74	89	1211	0.9588	0.8373
JX566885	1499	7495	Halobacteroidaceae	Fuchsiella ferrireducens	X89075	1440	7194	Halobacteroidaceae	Halanaerobacter lacunarum	6054.0	1458	81	99	1308	0.9625	0.8415
Y14212	1383	6915	Halobacteroidaceae	Halanaerobacter salinarius	Y18485	1337	6679	Halobacteroidaceae	Orenia salinaria	5497.0	1324	94	81	1194	0.9606	0.8230
Y14212	1383	6915	Halobacteroidaceae	Halanaerobacter salinarius	X89075	1440	7194	Halobacteroidaceae	Halanaerobacter lacunarum	6527.0	1354	15	11	1327	0.9881	0.9439
Y18485	1337	6679	Halobacteroidaceae	Orenia salinaria	X89075	1440	7194	Halobacteroidaceae	Halanaerobacter lacunarum	5497.0	1330	74	83	1192	0.9559	0.8230
