LC193823	1454	7270	Hydrogenophilaceae	Sulfuritortus calidifontis	AB009828	1461	7293	Hydrogenophilaceae	Hydrogenophilus thermoluteolus	6235.0	1454	94	88	1331	0.9744	0.8576
LC193823	1454	7270	Hydrogenophilaceae	Sulfuritortus calidifontis	EU625664	1493	7465	Hydrogenophilaceae	Hydrogenophilus islandicus	6262.0	1454	96	88	1334	0.9766	0.8613
LC193823	1454	7270	Hydrogenophilaceae	Sulfuritortus calidifontis	FR749905	1533	7665	Hydrogenophilaceae	Hydrogenophilus hirschii	6274.0	1454	97	84	1337	0.9759	0.8630
LC193823	1454	7270	Hydrogenophilaceae	Sulfuritortus calidifontis	AJ504663	1456	7280	Hydrogenophilaceae	Tepidiphilus margaritifer	6244.0	1454	92	90	1332	0.9765	0.8589
LC193823	1454	7270	Hydrogenophilaceae	Sulfuritortus calidifontis	AY219713	1529	7645	Hydrogenophilaceae	Tepidiphilus succinatimandens	6177.0	1454	103	97	1324	0.9757	0.8497
LC193823	1454	7270	Hydrogenophilaceae	Sulfuritortus calidifontis	HM543264	1360	6800	Hydrogenophilaceae	Tepidiphilus thermophilus	5759.0	1357	98	95	1234	0.9778	0.8469
AB009828	1461	7293	Hydrogenophilaceae	Hydrogenophilus thermoluteolus	EU625664	1493	7465	Hydrogenophilaceae	Hydrogenophilus islandicus	6937.0	1461	32	30	1417	0.9902	0.9512
AB009828	1461	7293	Hydrogenophilaceae	Hydrogenophilus thermoluteolus	FR749905	1533	7665	Hydrogenophilaceae	Hydrogenophilus hirschii	7241.0	1461	7	0	1455	0.9959	0.9929
AB009828	1461	7293	Hydrogenophilaceae	Hydrogenophilus thermoluteolus	AJ504663	1456	7280	Hydrogenophilaceae	Tepidiphilus margaritifer	6490.0	1460	65	69	1363	0.9799	0.8915
AB009828	1461	7293	Hydrogenophilaceae	Hydrogenophilus thermoluteolus	AY219713	1529	7645	Hydrogenophilaceae	Tepidiphilus succinatimandens	6486.0	1461	65	65	1364	0.9771	0.8893
AB009828	1461	7293	Hydrogenophilaceae	Hydrogenophilus thermoluteolus	HM543264	1360	6800	Hydrogenophilaceae	Tepidiphilus thermophilus	5994.0	1363	65	68	1265	0.9768	0.8815
EU625664	1493	7465	Hydrogenophilaceae	Hydrogenophilus islandicus	FR749905	1533	7665	Hydrogenophilaceae	Hydrogenophilus hirschii	7122.0	1489	31	26	1451	0.9918	0.9541
EU625664	1493	7465	Hydrogenophilaceae	Hydrogenophilus islandicus	AJ504663	1456	7280	Hydrogenophilaceae	Tepidiphilus margaritifer	6558.0	1462	57	63	1372	0.9807	0.9008
EU625664	1493	7465	Hydrogenophilaceae	Hydrogenophilus islandicus	AY219713	1529	7645	Hydrogenophilaceae	Tepidiphilus succinatimandens	6703.0	1492	62	64	1402	0.9818	0.8979
EU625664	1493	7465	Hydrogenophilaceae	Hydrogenophilus islandicus	HM543264	1360	6800	Hydrogenophilaceae	Tepidiphilus thermophilus	6044.0	1363	65	68	1271	0.9815	0.8888
FR749905	1533	7665	Hydrogenophilaceae	Hydrogenophilus hirschii	AJ504663	1456	7280	Hydrogenophilaceae	Tepidiphilus margaritifer	6531.0	1467	62	73	1369	0.9821	0.8971
FR749905	1533	7665	Hydrogenophilaceae	Hydrogenophilus hirschii	AY219713	1529	7645	Hydrogenophilaceae	Tepidiphilus succinatimandens	6847.0	1532	62	69	1434	0.9802	0.8956
FR749905	1533	7665	Hydrogenophilaceae	Hydrogenophilus hirschii	HM543264	1360	6800	Hydrogenophilaceae	Tepidiphilus thermophilus	6021.0	1368	64	72	1269	0.9792	0.8854
AJ504663	1456	7280	Hydrogenophilaceae	Tepidiphilus margaritifer	AY219713	1529	7645	Hydrogenophilaceae	Tepidiphilus succinatimandens	7140.0	1456	9	5	1441	0.9931	0.9808
AJ504663	1456	7280	Hydrogenophilaceae	Tepidiphilus margaritifer	HM543264	1360	6800	Hydrogenophilaceae	Tepidiphilus thermophilus	6620.0	1357	11	8	1339	0.9926	0.9735
AY219713	1529	7645	Hydrogenophilaceae	Tepidiphilus succinatimandens	HM543264	1360	6800	Hydrogenophilaceae	Tepidiphilus thermophilus	6744.0	1361	2	3	1354	0.9971	0.9918
