AB976540	1477	7385	Jiangellaceae	Jiangella mangrovi	KP271925	1514	7570	Jiangellaceae	Phytoactinopolyspora endophytica	6968.0	1477	30	24	1430	0.9842	0.9435
AB976540	1477	7385	Jiangellaceae	Jiangella mangrovi	FN645214	1360	6800	Jiangellaceae	Jiangella muralis	6655.0	1358	15	13	1342	0.9978	0.9787
AB976540	1477	7385	Jiangellaceae	Jiangella mangrovi	AM422451	1406	7006	Jiangellaceae	Jiangella alkaliphila	6873.0	1402	13	9	1386	0.9950	0.9810
AB976540	1477	7385	Jiangellaceae	Jiangella mangrovi	AY631071	1497	7461	Jiangellaceae	Jiangella gansuensis	7161.0	1471	17	13	1448	0.9931	0.9697
AB976540	1477	7385	Jiangellaceae	Jiangella mangrovi	FJ157186	1519	7595	Jiangellaceae	Jiangella alba	7237.0	1477	20	18	1459	1.0000	0.9800
AB976540	1477	7385	Jiangellaceae	Jiangella mangrovi	KU042078	1518	7590	Jiangellaceae	Phytoactinopolyspora alkaliphila	6973.0	1477	28	21	1431	0.9828	0.9442
AB976540	1477	7385	Jiangellaceae	Jiangella mangrovi	FJ969846	1432	7160	Jiangellaceae	Haloactinopolyspora alba	6822.0	1431	24	23	1392	0.9886	0.9528
KP271925	1514	7570	Jiangellaceae	Phytoactinopolyspora endophytica	FN645214	1360	6800	Jiangellaceae	Jiangella muralis	6410.0	1363	26	29	1315	0.9858	0.9426
KP271925	1514	7570	Jiangellaceae	Phytoactinopolyspora endophytica	AM422451	1406	7006	Jiangellaceae	Jiangella alkaliphila	6610.0	1407	28	29	1357	0.9848	0.9435
KP271925	1514	7570	Jiangellaceae	Phytoactinopolyspora endophytica	AY631071	1497	7461	Jiangellaceae	Jiangella gansuensis	7015.0	1495	28	30	1440	0.9829	0.9402
KP271925	1514	7570	Jiangellaceae	Phytoactinopolyspora endophytica	FJ157186	1519	7595	Jiangellaceae	Jiangella alba	7141.0	1514	27	31	1463	0.9865	0.9433
KP271925	1514	7570	Jiangellaceae	Phytoactinopolyspora endophytica	KU042078	1518	7590	Jiangellaceae	Phytoactinopolyspora alkaliphila	7206.0	1514	20	19	1472	0.9846	0.9519
KP271925	1514	7570	Jiangellaceae	Phytoactinopolyspora endophytica	FJ969846	1432	7160	Jiangellaceae	Haloactinopolyspora alba	6672.0	1437	32	37	1376	0.9829	0.9318
FN645214	1360	6800	Jiangellaceae	Jiangella muralis	AM422451	1406	7006	Jiangellaceae	Jiangella alkaliphila	6674.0	1360	12	8	1345	0.9948	0.9815
FN645214	1360	6800	Jiangellaceae	Jiangella muralis	AY631071	1497	7461	Jiangellaceae	Jiangella gansuensis	6668.0	1360	7	6	1344	0.9926	0.9806
FN645214	1360	6800	Jiangellaceae	Jiangella muralis	FJ157186	1519	7595	Jiangellaceae	Jiangella alba	6773.0	1360	0	0	1357	0.9978	0.9960
FN645214	1360	6800	Jiangellaceae	Jiangella muralis	KU042078	1518	7590	Jiangellaceae	Phytoactinopolyspora alkaliphila	6454.0	1360	25	16	1322	0.9836	0.9491
FN645214	1360	6800	Jiangellaceae	Jiangella muralis	FJ969846	1432	7160	Jiangellaceae	Haloactinopolyspora alba	6467.0	1360	24	22	1321	0.9873	0.9510
AM422451	1406	7006	Jiangellaceae	Jiangella alkaliphila	AY631071	1497	7461	Jiangellaceae	Jiangella gansuensis	6782.0	1406	18	18	1375	0.9906	0.9680
AM422451	1406	7006	Jiangellaceae	Jiangella alkaliphila	FJ157186	1519	7595	Jiangellaceae	Jiangella alba	6857.0	1406	14	16	1384	0.9957	0.9787
AM422451	1406	7006	Jiangellaceae	Jiangella alkaliphila	KU042078	1518	7590	Jiangellaceae	Phytoactinopolyspora alkaliphila	6612.0	1406	24	22	1358	0.9812	0.9438
AM422451	1406	7006	Jiangellaceae	Jiangella alkaliphila	FJ969846	1432	7160	Jiangellaceae	Haloactinopolyspora alba	6648.0	1406	24	27	1360	0.9862	0.9489
AY631071	1497	7461	Jiangellaceae	Jiangella gansuensis	FJ157186	1519	7595	Jiangellaceae	Jiangella alba	7324.0	1497	7	10	1477	0.9933	0.9816
AY631071	1497	7461	Jiangellaceae	Jiangella gansuensis	KU042078	1518	7590	Jiangellaceae	Phytoactinopolyspora alkaliphila	7018.0	1494	22	19	1442	0.9776	0.9406
AY631071	1497	7461	Jiangellaceae	Jiangella gansuensis	FJ969846	1432	7160	Jiangellaceae	Haloactinopolyspora alba	6768.0	1435	22	25	1386	0.9830	0.9453
FJ157186	1519	7595	Jiangellaceae	Jiangella alba	KU042078	1518	7590	Jiangellaceae	Phytoactinopolyspora alkaliphila	7179.0	1513	22	17	1470	0.9826	0.9458
FJ157186	1519	7595	Jiangellaceae	Jiangella alba	FJ969846	1432	7160	Jiangellaceae	Haloactinopolyspora alba	6809.0	1433	23	24	1391	0.9872	0.9510
KU042078	1518	7590	Jiangellaceae	Phytoactinopolyspora alkaliphila	FJ969846	1432	7160	Jiangellaceae	Haloactinopolyspora alba	6658.0	1438	28	34	1375	0.9793	0.9299
