KT630890	1466	7330	Kineosporiaceae	Thalassiella azotivora	FN824365	1424	7120	Kineosporiaceae	Pseudokineococcus lusitanus	6554.0	1409	39	38	1351	0.9854	0.9205
KT630890	1466	7330	Kineosporiaceae	Thalassiella azotivora	AB003932	1476	7368	Kineosporiaceae	Kineosporia succinea	6674.0	1466	33	43	1387	0.9747	0.9105
KT630890	1466	7330	Kineosporiaceae	Thalassiella azotivora	DQ200982	1406	7030	Kineosporiaceae	Pseudokineococcus marinus	6536.0	1408	36	38	1348	0.9839	0.9297
KT630890	1466	7330	Kineosporiaceae	Thalassiella azotivora	FM210338	1420	7100	Kineosporiaceae	Kineococcus rhizosphaerae	6403.0	1419	54	53	1336	0.9780	0.9018
KT630890	1466	7330	Kineosporiaceae	Thalassiella azotivora	AB377116	1352	6760	Kineosporiaceae	Kineosporia babensis	6266.0	1358	25	31	1296	0.9766	0.9269
KT630890	1466	7330	Kineosporiaceae	Thalassiella azotivora	AB512285	1478	7390	Kineosporiaceae	Angustibacter luteus	6774.0	1459	31	32	1399	0.9804	0.9241
KT630890	1466	7330	Kineosporiaceae	Thalassiella azotivora	EF667339	1351	6755	Kineosporiaceae	Kineococcus gynurae	6200.0	1354	39	43	1286	0.9809	0.9178
KT630890	1466	7330	Kineosporiaceae	Thalassiella azotivora	JQ819257	1453	7265	Kineosporiaceae	Kineococcus endophytica	6632.0	1458	46	51	1379	0.9801	0.9129
KT630890	1466	7330	Kineosporiaceae	Thalassiella azotivora	AY831385	1483	7415	Kineosporiaceae	Quadrisphaera granulorum	6725.0	1466	32	39	1394	0.9769	0.9175
KT630890	1466	7330	Kineosporiaceae	Thalassiella azotivora	KP205400	1548	7740	Kineosporiaceae	Kineococcus gypseus	6696.0	1466	55	51	1391	0.9830	0.9135
KT630890	1466	7330	Kineosporiaceae	Thalassiella azotivora	AB003935	1474	7364	Kineosporiaceae	Kineosporia rhamnosa	6830.0	1466	22	34	1405	0.9811	0.9318
KT630890	1466	7330	Kineosporiaceae	Thalassiella azotivora	X77958	1417	7061	Kineosporiaceae	Kineococcus aurantiacus	6424.0	1425	41	49	1340	0.9738	0.9098
KT630890	1466	7330	Kineosporiaceae	Thalassiella azotivora	AF247813	1375	6875	Kineosporiaceae	Kineococcus radiotolerans	6207.0	1367	37	42	1292	0.9751	0.9028
KT630890	1466	7330	Kineosporiaceae	Thalassiella azotivora	EU543662	1385	6925	Kineosporiaceae	Kineococcus xinjiangensis	6473.0	1389	30	34	1332	0.9830	0.9347
KT630890	1466	7330	Kineosporiaceae	Thalassiella azotivora	JQ314347	1503	7515	Kineosporiaceae	Kineococcus glutinatus	6766.0	1466	35	40	1398	0.9804	0.9231
KT630890	1466	7330	Kineosporiaceae	Thalassiella azotivora	AB377117	1505	7525	Kineosporiaceae	Kineosporia mikuniensis	6748.0	1466	30	35	1397	0.9762	0.9206
KT630890	1466	7330	Kineosporiaceae	Thalassiella azotivora	AF095336	1513	7565	Kineosporiaceae	Kineosporia aurantiaca	6767.0	1466	28	35	1399	0.9776	0.9232
KT630890	1466	7330	Kineosporiaceae	Thalassiella azotivora	FR749986	1506	7530	Kineosporiaceae	Kineosporia rhizophila	6760.0	1466	26	32	1398	0.9749	0.9222
KT630890	1466	7330	Kineosporiaceae	Thalassiella azotivora	LC056925	1488	7440	Kineosporiaceae	Kineococcus mangrovi	6660.0	1466	57	50	1387	0.9795	0.9086
KT630890	1466	7330	Kineosporiaceae	Thalassiella azotivora	FM998037	1430	7150	Kineosporiaceae	Angustibacter peucedani	6630.0	1431	35	36	1370	0.9821	0.9273
KT630890	1466	7330	Kineosporiaceae	Thalassiella azotivora	FJ214362	1425	7125	Kineosporiaceae	Kineosporia mesophila	6605.0	1432	28	35	1366	0.9778	0.9270
KT630890	1466	7330	Kineosporiaceae	Thalassiella azotivora	JQ639056	1440	7200	Kineosporiaceae	Angustibacter aerolatus	6731.0	1440	23	24	1386	0.9788	0.9349
FN824365	1424	7120	Kineosporiaceae	Pseudokineococcus lusitanus	AB003932	1476	7368	Kineosporiaceae	Kineosporia succinea	6345.0	1424	56	66	1329	0.9786	0.8912
FN824365	1424	7120	Kineosporiaceae	Pseudokineococcus lusitanus	DQ200982	1406	7030	Kineosporiaceae	Pseudokineococcus marinus	6659.0	1381	11	13	1352	0.9883	0.9472
FN824365	1424	7120	Kineosporiaceae	Pseudokineococcus lusitanus	FM210338	1420	7100	Kineosporiaceae	Kineococcus rhizosphaerae	6361.0	1407	62	53	1328	0.9808	0.8959
FN824365	1424	7120	Kineosporiaceae	Pseudokineococcus lusitanus	AB377116	1352	6760	Kineosporiaceae	Kineosporia babensis	6108.0	1357	46	51	1276	0.9770	0.9036
FN824365	1424	7120	Kineosporiaceae	Pseudokineococcus lusitanus	AB512285	1478	7390	Kineosporiaceae	Angustibacter luteus	6224.0	1403	65	65	1309	0.9783	0.8742
FN824365	1424	7120	Kineosporiaceae	Pseudokineococcus lusitanus	EF667339	1351	6755	Kineosporiaceae	Kineococcus gynurae	6119.0	1354	56	59	1275	0.9846	0.9058
FN824365	1424	7120	Kineosporiaceae	Pseudokineococcus lusitanus	JQ819257	1453	7265	Kineosporiaceae	Kineococcus endophytica	6359.0	1409	49	54	1327	0.9793	0.8931
FN824365	1424	7120	Kineosporiaceae	Pseudokineococcus lusitanus	AY831385	1483	7415	Kineosporiaceae	Quadrisphaera granulorum	6409.0	1424	52	58	1338	0.9795	0.9001
FN824365	1424	7120	Kineosporiaceae	Pseudokineococcus lusitanus	KP205400	1548	7740	Kineosporiaceae	Kineococcus gypseus	6360.0	1424	66	61	1334	0.9787	0.8933
FN824365	1424	7120	Kineosporiaceae	Pseudokineococcus lusitanus	AB003935	1474	7364	Kineosporiaceae	Kineosporia rhamnosa	6391.0	1424	50	62	1335	0.9802	0.8976
FN824365	1424	7120	Kineosporiaceae	Pseudokineococcus lusitanus	X77958	1417	7061	Kineosporiaceae	Kineococcus aurantiacus	6255.0	1390	51	58	1306	0.9805	0.8859
FN824365	1424	7120	Kineosporiaceae	Pseudokineococcus lusitanus	AF247813	1375	6875	Kineosporiaceae	Kineococcus radiotolerans	6224.0	1380	47	52	1299	0.9782	0.9053
FN824365	1424	7120	Kineosporiaceae	Pseudokineococcus lusitanus	EU543662	1385	6925	Kineosporiaceae	Kineococcus xinjiangensis	6240.0	1375	51	56	1298	0.9841	0.9011
FN824365	1424	7120	Kineosporiaceae	Pseudokineococcus lusitanus	JQ314347	1503	7515	Kineosporiaceae	Kineococcus glutinatus	6383.0	1420	60	66	1333	0.9845	0.8965
FN824365	1424	7120	Kineosporiaceae	Pseudokineococcus lusitanus	AB377117	1505	7525	Kineosporiaceae	Kineosporia mikuniensis	6410.0	1420	50	57	1336	0.9802	0.9003
FN824365	1424	7120	Kineosporiaceae	Pseudokineococcus lusitanus	AF095336	1513	7565	Kineosporiaceae	Kineosporia aurantiaca	6435.0	1424	50	58	1341	0.9817	0.9038
FN824365	1424	7120	Kineosporiaceae	Pseudokineococcus lusitanus	FR749986	1506	7530	Kineosporiaceae	Kineosporia rhizophila	6334.0	1419	54	61	1327	0.9772	0.8896
FN824365	1424	7120	Kineosporiaceae	Pseudokineococcus lusitanus	LC056925	1488	7440	Kineosporiaceae	Kineococcus mangrovi	6346.0	1411	65	57	1327	0.9801	0.8913
FN824365	1424	7120	Kineosporiaceae	Pseudokineococcus lusitanus	FM998037	1430	7150	Kineosporiaceae	Angustibacter peucedani	6251.0	1410	71	71	1314	0.9813	0.8779
FN824365	1424	7120	Kineosporiaceae	Pseudokineococcus lusitanus	FJ214362	1425	7125	Kineosporiaceae	Kineosporia mesophila	6241.0	1385	50	59	1302	0.9819	0.8765
FN824365	1424	7120	Kineosporiaceae	Pseudokineococcus lusitanus	JQ639056	1440	7200	Kineosporiaceae	Angustibacter aerolatus	6336.0	1411	50	50	1326	0.9743	0.8899
AB003932	1476	7368	Kineosporiaceae	Kineosporia succinea	DQ200982	1406	7030	Kineosporiaceae	Pseudokineococcus marinus	6319.0	1398	57	49	1320	0.9785	0.8989
AB003932	1476	7368	Kineosporiaceae	Kineosporia succinea	FM210338	1420	7100	Kineosporiaceae	Kineococcus rhizosphaerae	6398.0	1401	62	43	1332	0.9809	0.9011
AB003932	1476	7368	Kineosporiaceae	Kineosporia succinea	AB377116	1352	6760	Kineosporiaceae	Kineosporia babensis	6459.0	1349	25	22	1315	0.9910	0.9555
AB003932	1476	7368	Kineosporiaceae	Kineosporia succinea	AB512285	1478	7390	Kineosporiaceae	Angustibacter luteus	6603.0	1455	56	42	1378	0.9752	0.8962
AB003932	1476	7368	Kineosporiaceae	Kineosporia succinea	EF667339	1351	6755	Kineosporiaceae	Kineococcus gynurae	6147.0	1346	50	45	1278	0.9823	0.9100
AB003932	1476	7368	Kineosporiaceae	Kineosporia succinea	JQ819257	1453	7265	Kineosporiaceae	Kineococcus endophytica	6626.0	1448	47	42	1377	0.9794	0.9120
AB003932	1476	7368	Kineosporiaceae	Kineosporia succinea	AY831385	1483	7415	Kineosporiaceae	Quadrisphaera granulorum	6647.0	1476	51	48	1390	0.9734	0.9021
AB003932	1476	7368	Kineosporiaceae	Kineosporia succinea	KP205400	1548	7740	Kineosporiaceae	Kineococcus gypseus	6688.0	1476	73	53	1397	0.9817	0.9077
AB003932	1476	7368	Kineosporiaceae	Kineosporia succinea	AB003935	1474	7364	Kineosporiaceae	Kineosporia rhamnosa	7023.0	1476	16	18	1434	0.9835	0.9537
AB003932	1476	7368	Kineosporiaceae	Kineosporia succinea	X77958	1417	7061	Kineosporiaceae	Kineococcus aurantiacus	6432.0	1415	50	48	1339	0.9795	0.9109
AB003932	1476	7368	Kineosporiaceae	Kineosporia succinea	AF247813	1375	6875	Kineosporiaceae	Kineococcus radiotolerans	6288.0	1372	43	40	1305	0.9797	0.9146
AB003932	1476	7368	Kineosporiaceae	Kineosporia succinea	EU543662	1385	6925	Kineosporiaceae	Kineococcus xinjiangensis	6314.0	1380	44	39	1312	0.9784	0.9118
AB003932	1476	7368	Kineosporiaceae	Kineosporia succinea	JQ314347	1503	7515	Kineosporiaceae	Kineococcus glutinatus	6676.0	1472	55	45	1393	0.9762	0.9061
AB003932	1476	7368	Kineosporiaceae	Kineosporia succinea	AB377117	1505	7525	Kineosporiaceae	Kineosporia mikuniensis	7171.0	1472	22	12	1451	0.9938	0.9733
AB003932	1476	7368	Kineosporiaceae	Kineosporia succinea	AF095336	1513	7565	Kineosporiaceae	Kineosporia aurantiaca	7176.0	1476	21	14	1453	0.9938	0.9739
AB003932	1476	7368	Kineosporiaceae	Kineosporia succinea	FR749986	1506	7530	Kineosporiaceae	Kineosporia rhizophila	7038.0	1471	26	17	1435	0.9869	0.9552
AB003932	1476	7368	Kineosporiaceae	Kineosporia succinea	LC056925	1488	7440	Kineosporiaceae	Kineococcus mangrovi	6637.0	1463	72	50	1386	0.9809	0.9008
AB003932	1476	7368	Kineosporiaceae	Kineosporia succinea	FM998037	1430	7150	Kineosporiaceae	Angustibacter peucedani	6452.0	1421	54	45	1345	0.9775	0.9024
AB003932	1476	7368	Kineosporiaceae	Kineosporia succinea	FJ214362	1425	7125	Kineosporiaceae	Kineosporia mesophila	6925.0	1422	16	13	1401	0.9943	0.9719
AB003932	1476	7368	Kineosporiaceae	Kineosporia succinea	JQ639056	1440	7200	Kineosporiaceae	Angustibacter aerolatus	6516.0	1431	48	39	1357	0.9749	0.9050
DQ200982	1406	7030	Kineosporiaceae	Pseudokineococcus marinus	FM210338	1420	7100	Kineosporiaceae	Kineococcus rhizosphaerae	6295.0	1383	52	41	1312	0.9776	0.8954
DQ200982	1406	7030	Kineosporiaceae	Pseudokineococcus marinus	AB377116	1352	6760	Kineosporiaceae	Kineosporia babensis	6054.0	1334	38	43	1261	0.9768	0.8956
DQ200982	1406	7030	Kineosporiaceae	Pseudokineococcus marinus	AB512285	1478	7390	Kineosporiaceae	Angustibacter luteus	6310.0	1406	58	57	1321	0.9792	0.8976
DQ200982	1406	7030	Kineosporiaceae	Pseudokineococcus marinus	EF667339	1351	6755	Kineosporiaceae	Kineococcus gynurae	5962.0	1324	47	50	1245	0.9772	0.8826
DQ200982	1406	7030	Kineosporiaceae	Pseudokineococcus marinus	JQ819257	1453	7265	Kineosporiaceae	Kineococcus endophytica	6371.0	1406	42	45	1328	0.9758	0.9063
DQ200982	1406	7030	Kineosporiaceae	Pseudokineococcus marinus	AY831385	1483	7415	Kineosporiaceae	Quadrisphaera granulorum	6354.0	1406	48	53	1325	0.9793	0.9038
DQ200982	1406	7030	Kineosporiaceae	Pseudokineococcus marinus	KP205400	1548	7740	Kineosporiaceae	Kineococcus gypseus	6297.0	1406	59	53	1320	0.9756	0.8957
DQ200982	1406	7030	Kineosporiaceae	Pseudokineococcus marinus	AB003935	1474	7364	Kineosporiaceae	Kineosporia rhamnosa	6353.0	1406	42	52	1324	0.9778	0.9037
DQ200982	1406	7030	Kineosporiaceae	Pseudokineococcus marinus	X77958	1417	7061	Kineosporiaceae	Kineococcus aurantiacus	6346.0	1406	43	50	1324	0.9764	0.9027
DQ200982	1406	7030	Kineosporiaceae	Pseudokineococcus marinus	AF247813	1375	6875	Kineosporiaceae	Kineococcus radiotolerans	6076.0	1337	37	41	1265	0.9761	0.8838
DQ200982	1406	7030	Kineosporiaceae	Pseudokineococcus marinus	EU543662	1385	6925	Kineosporiaceae	Kineococcus xinjiangensis	6341.0	1387	48	50	1316	0.9843	0.9157
DQ200982	1406	7030	Kineosporiaceae	Pseudokineococcus marinus	JQ314347	1503	7515	Kineosporiaceae	Kineococcus glutinatus	6385.0	1406	53	55	1329	0.9837	0.9083
DQ200982	1406	7030	Kineosporiaceae	Pseudokineococcus marinus	AB377117	1505	7525	Kineosporiaceae	Kineosporia mikuniensis	6402.0	1406	46	49	1331	0.9808	0.9107
DQ200982	1406	7030	Kineosporiaceae	Pseudokineococcus marinus	AF095336	1513	7565	Kineosporiaceae	Kineosporia aurantiaca	6402.0	1406	43	48	1331	0.9801	0.9107
DQ200982	1406	7030	Kineosporiaceae	Pseudokineococcus marinus	FR749986	1506	7530	Kineosporiaceae	Kineosporia rhizophila	6343.0	1406	49	53	1324	0.9786	0.9023
DQ200982	1406	7030	Kineosporiaceae	Pseudokineococcus marinus	LC056925	1488	7440	Kineosporiaceae	Kineococcus mangrovi	6361.0	1406	56	47	1328	0.9772	0.9048
DQ200982	1406	7030	Kineosporiaceae	Pseudokineococcus marinus	FM998037	1430	7150	Kineosporiaceae	Angustibacter peucedani	6264.0	1400	64	63	1312	0.9813	0.8910
DQ200982	1406	7030	Kineosporiaceae	Pseudokineococcus marinus	FJ214362	1425	7125	Kineosporiaceae	Kineosporia mesophila	6396.0	1405	46	50	1330	0.9815	0.9098
DQ200982	1406	7030	Kineosporiaceae	Pseudokineococcus marinus	JQ639056	1440	7200	Kineosporiaceae	Angustibacter aerolatus	6366.0	1406	48	47	1328	0.9772	0.9055
FM210338	1420	7100	Kineosporiaceae	Kineococcus rhizosphaerae	AB377116	1352	6760	Kineosporiaceae	Kineosporia babensis	6151.0	1368	40	56	1283	0.9779	0.9099
FM210338	1420	7100	Kineosporiaceae	Kineococcus rhizosphaerae	AB512285	1478	7390	Kineosporiaceae	Angustibacter luteus	6301.0	1416	58	60	1323	0.9757	0.8875
FM210338	1420	7100	Kineosporiaceae	Kineococcus rhizosphaerae	EF667339	1351	6755	Kineosporiaceae	Kineococcus gynurae	6454.0	1361	23	37	1315	0.9932	0.9554
FM210338	1420	7100	Kineosporiaceae	Kineococcus rhizosphaerae	JQ819257	1453	7265	Kineosporiaceae	Kineococcus endophytica	6910.0	1420	9	23	1394	0.9979	0.9732
FM210338	1420	7100	Kineosporiaceae	Kineococcus rhizosphaerae	AY831385	1483	7415	Kineosporiaceae	Quadrisphaera granulorum	6327.0	1418	46	59	1325	0.9750	0.8911
FM210338	1420	7100	Kineosporiaceae	Kineococcus rhizosphaerae	KP205400	1548	7740	Kineosporiaceae	Kineococcus gypseus	6746.0	1419	27	32	1376	0.9921	0.9501
FM210338	1420	7100	Kineosporiaceae	Kineococcus rhizosphaerae	AB003935	1474	7364	Kineosporiaceae	Kineosporia rhamnosa	6404.0	1420	36	57	1333	0.9780	0.9020
FM210338	1420	7100	Kineosporiaceae	Kineococcus rhizosphaerae	X77958	1417	7061	Kineosporiaceae	Kineococcus aurantiacus	6823.0	1402	6	21	1376	0.9964	0.9663
FM210338	1420	7100	Kineosporiaceae	Kineococcus rhizosphaerae	AF247813	1375	6875	Kineosporiaceae	Kineococcus radiotolerans	6690.0	1374	7	22	1349	0.9978	0.9731
FM210338	1420	7100	Kineosporiaceae	Kineococcus rhizosphaerae	EU543662	1385	6925	Kineosporiaceae	Kineococcus xinjiangensis	6378.0	1388	37	42	1320	0.9807	0.9210
FM210338	1420	7100	Kineosporiaceae	Kineococcus rhizosphaerae	JQ314347	1503	7515	Kineosporiaceae	Kineococcus glutinatus	6518.0	1420	35	41	1350	0.9790	0.9180
FM210338	1420	7100	Kineosporiaceae	Kineococcus rhizosphaerae	AB377117	1505	7525	Kineosporiaceae	Kineosporia mikuniensis	6443.0	1420	39	54	1339	0.9802	0.9075
FM210338	1420	7100	Kineosporiaceae	Kineococcus rhizosphaerae	AF095336	1513	7565	Kineosporiaceae	Kineosporia aurantiaca	6455.0	1420	38	54	1340	0.9810	0.9092
FM210338	1420	7100	Kineosporiaceae	Kineococcus rhizosphaerae	FR749986	1506	7530	Kineosporiaceae	Kineosporia rhizophila	6361.0	1420	47	54	1331	0.9744	0.8959
FM210338	1420	7100	Kineosporiaceae	Kineococcus rhizosphaerae	LC056925	1488	7440	Kineosporiaceae	Kineococcus mangrovi	6976.0	1418	11	10	1405	0.9979	0.9825
FM210338	1420	7100	Kineosporiaceae	Kineococcus rhizosphaerae	FM998037	1430	7150	Kineosporiaceae	Angustibacter peucedani	6323.0	1420	59	61	1327	0.9765	0.8906
FM210338	1420	7100	Kineosporiaceae	Kineococcus rhizosphaerae	FJ214362	1425	7125	Kineosporiaceae	Kineosporia mesophila	6352.0	1398	31	48	1319	0.9770	0.8946
FM210338	1420	7100	Kineosporiaceae	Kineococcus rhizosphaerae	JQ639056	1440	7200	Kineosporiaceae	Angustibacter aerolatus	6329.0	1420	54	56	1328	0.9736	0.8914
AB377116	1352	6760	Kineosporiaceae	Kineosporia babensis	AB512285	1478	7390	Kineosporiaceae	Angustibacter luteus	6177.0	1351	43	36	1285	0.9772	0.9138
AB377116	1352	6760	Kineosporiaceae	Kineosporia babensis	EF667339	1351	6755	Kineosporiaceae	Kineococcus gynurae	6119.0	1342	42	40	1273	0.9777	0.9058
AB377116	1352	6760	Kineosporiaceae	Kineosporia babensis	JQ819257	1453	7265	Kineosporiaceae	Kineococcus endophytica	6171.0	1352	43	41	1283	0.9786	0.9129
AB377116	1352	6760	Kineosporiaceae	Kineosporia babensis	AY831385	1483	7415	Kineosporiaceae	Quadrisphaera granulorum	6180.0	1352	35	34	1285	0.9750	0.9142
AB377116	1352	6760	Kineosporiaceae	Kineosporia babensis	KP205400	1548	7740	Kineosporiaceae	Kineococcus gypseus	6132.0	1352	54	43	1280	0.9778	0.9071
AB377116	1352	6760	Kineosporiaceae	Kineosporia babensis	AB003935	1474	7364	Kineosporiaceae	Kineosporia rhamnosa	6348.0	1352	23	28	1303	0.9841	0.9391
AB377116	1352	6760	Kineosporiaceae	Kineosporia babensis	X77958	1417	7061	Kineosporiaceae	Kineococcus aurantiacus	6108.0	1338	41	40	1270	0.9784	0.9036
AB377116	1352	6760	Kineosporiaceae	Kineosporia babensis	AF247813	1375	6875	Kineosporiaceae	Kineococcus radiotolerans	6203.0	1352	36	34	1287	0.9765	0.9176
AB377116	1352	6760	Kineosporiaceae	Kineosporia babensis	EU543662	1385	6925	Kineosporiaceae	Kineococcus xinjiangensis	6108.0	1323	37	35	1264	0.9814	0.9036
AB377116	1352	6760	Kineosporiaceae	Kineosporia babensis	JQ314347	1503	7515	Kineosporiaceae	Kineococcus glutinatus	6176.0	1352	43	42	1283	0.9794	0.9136
AB377116	1352	6760	Kineosporiaceae	Kineosporia babensis	AB377117	1505	7525	Kineosporiaceae	Kineosporia mikuniensis	6604.0	1352	7	7	1334	0.9918	0.9769
AB377116	1352	6760	Kineosporiaceae	Kineosporia babensis	AF095336	1513	7565	Kineosporiaceae	Kineosporia aurantiaca	6477.0	1352	17	17	1319	0.9880	0.9581
AB377116	1352	6760	Kineosporiaceae	Kineosporia babensis	FR749986	1506	7530	Kineosporiaceae	Kineosporia rhizophila	6561.0	1352	15	15	1328	0.9933	0.9706
AB377116	1352	6760	Kineosporiaceae	Kineosporia babensis	LC056925	1488	7440	Kineosporiaceae	Kineococcus mangrovi	6120.0	1352	57	42	1279	0.9763	0.9053
AB377116	1352	6760	Kineosporiaceae	Kineosporia babensis	FM998037	1430	7150	Kineosporiaceae	Angustibacter peucedani	6192.0	1352	43	36	1287	0.9780	0.9160
AB377116	1352	6760	Kineosporiaceae	Kineosporia babensis	FJ214362	1425	7125	Kineosporiaceae	Kineosporia mesophila	6426.0	1333	13	15	1305	0.9901	0.9506
AB377116	1352	6760	Kineosporiaceae	Kineosporia babensis	JQ639056	1440	7200	Kineosporiaceae	Angustibacter aerolatus	6203.0	1352	42	35	1288	0.9780	0.9176
AB512285	1478	7390	Kineosporiaceae	Angustibacter luteus	EF667339	1351	6755	Kineosporiaceae	Kineococcus gynurae	6055.0	1348	44	49	1267	0.9754	0.8964
AB512285	1478	7390	Kineosporiaceae	Angustibacter luteus	JQ819257	1453	7265	Kineosporiaceae	Kineococcus endophytica	6521.0	1451	48	52	1364	0.9750	0.8976
AB512285	1478	7390	Kineosporiaceae	Angustibacter luteus	AY831385	1483	7415	Kineosporiaceae	Quadrisphaera granulorum	6605.0	1467	42	48	1380	0.9725	0.8938
AB512285	1478	7390	Kineosporiaceae	Angustibacter luteus	KP205400	1548	7740	Kineosporiaceae	Kineococcus gypseus	6611.0	1478	67	62	1386	0.9788	0.8946
AB512285	1478	7390	Kineosporiaceae	Angustibacter luteus	AB003935	1474	7364	Kineosporiaceae	Kineosporia rhamnosa	6717.0	1469	38	54	1391	0.9830	0.9121
AB512285	1478	7390	Kineosporiaceae	Angustibacter luteus	X77958	1417	7061	Kineosporiaceae	Kineococcus aurantiacus	6331.0	1424	52	59	1329	0.9736	0.8966
AB512285	1478	7390	Kineosporiaceae	Angustibacter luteus	AF247813	1375	6875	Kineosporiaceae	Kineococcus radiotolerans	6121.0	1361	45	51	1279	0.9763	0.8903
AB512285	1478	7390	Kineosporiaceae	Angustibacter luteus	EU543662	1385	6925	Kineosporiaceae	Kineococcus xinjiangensis	6404.0	1388	38	41	1324	0.9829	0.9248
AB512285	1478	7390	Kineosporiaceae	Angustibacter luteus	JQ314347	1503	7515	Kineosporiaceae	Kineococcus glutinatus	6789.0	1478	42	46	1406	0.9818	0.9187
AB512285	1478	7390	Kineosporiaceae	Angustibacter luteus	AB377117	1505	7525	Kineosporiaceae	Kineosporia mikuniensis	6744.0	1478	41	45	1401	0.9777	0.9126
AB512285	1478	7390	Kineosporiaceae	Angustibacter luteus	AF095336	1513	7565	Kineosporiaceae	Kineosporia aurantiaca	6760.0	1478	38	44	1403	0.9784	0.9147
AB512285	1478	7390	Kineosporiaceae	Angustibacter luteus	FR749986	1506	7530	Kineosporiaceae	Kineosporia rhizophila	6751.0	1478	35	40	1403	0.9757	0.9135
AB512285	1478	7390	Kineosporiaceae	Angustibacter luteus	LC056925	1488	7440	Kineosporiaceae	Kineococcus mangrovi	6593.0	1472	63	55	1382	0.9753	0.8922
AB512285	1478	7390	Kineosporiaceae	Angustibacter luteus	FM998037	1430	7150	Kineosporiaceae	Angustibacter peucedani	7025.0	1423	1	1	1413	0.9937	0.9825
AB512285	1478	7390	Kineosporiaceae	Angustibacter luteus	FJ214362	1425	7125	Kineosporiaceae	Kineosporia mesophila	6524.0	1431	39	45	1356	0.9784	0.9156
AB512285	1478	7390	Kineosporiaceae	Angustibacter luteus	JQ639056	1440	7200	Kineosporiaceae	Angustibacter aerolatus	6980.0	1432	1	1	1412	0.9867	0.9694
EF667339	1351	6755	Kineosporiaceae	Kineococcus gynurae	JQ819257	1453	7265	Kineosporiaceae	Kineococcus endophytica	6479.0	1349	21	21	1317	0.9917	0.9591
EF667339	1351	6755	Kineosporiaceae	Kineococcus gynurae	AY831385	1483	7415	Kineosporiaceae	Quadrisphaera granulorum	6098.0	1351	41	42	1274	0.9733	0.9027
EF667339	1351	6755	Kineosporiaceae	Kineococcus gynurae	KP205400	1548	7740	Kineosporiaceae	Kineococcus gypseus	6415.0	1351	32	23	1312	0.9880	0.9497
EF667339	1351	6755	Kineosporiaceae	Kineococcus gynurae	AB003935	1474	7364	Kineosporiaceae	Kineosporia rhamnosa	6163.0	1351	34	41	1280	0.9771	0.9124
EF667339	1351	6755	Kineosporiaceae	Kineococcus gynurae	X77958	1417	7061	Kineosporiaceae	Kineococcus aurantiacus	6378.0	1330	20	21	1297	0.9908	0.9442
EF667339	1351	6755	Kineosporiaceae	Kineococcus gynurae	AF247813	1375	6875	Kineosporiaceae	Kineococcus radiotolerans	6485.0	1351	20	20	1319	0.9910	0.9600
EF667339	1351	6755	Kineosporiaceae	Kineococcus gynurae	EU543662	1385	6925	Kineosporiaceae	Kineococcus xinjiangensis	6150.0	1315	24	24	1266	0.9806	0.9104
EF667339	1351	6755	Kineosporiaceae	Kineococcus gynurae	JQ314347	1503	7515	Kineosporiaceae	Kineococcus glutinatus	6252.0	1351	31	32	1292	0.9795	0.9255
EF667339	1351	6755	Kineosporiaceae	Kineococcus gynurae	AB377117	1505	7525	Kineosporiaceae	Kineosporia mikuniensis	6216.0	1351	38	40	1287	0.9817	0.9202
EF667339	1351	6755	Kineosporiaceae	Kineococcus gynurae	AF095336	1513	7565	Kineosporiaceae	Kineosporia aurantiaca	6219.0	1351	39	41	1287	0.9824	0.9207
EF667339	1351	6755	Kineosporiaceae	Kineococcus gynurae	FR749986	1506	7530	Kineosporiaceae	Kineosporia rhizophila	6104.0	1351	43	45	1274	0.9755	0.9036
EF667339	1351	6755	Kineosporiaceae	Kineococcus gynurae	LC056925	1488	7440	Kineosporiaceae	Kineococcus mangrovi	6489.0	1351	34	21	1321	0.9932	0.9606
EF667339	1351	6755	Kineosporiaceae	Kineococcus gynurae	FM998037	1430	7150	Kineosporiaceae	Angustibacter peucedani	6073.0	1350	54	49	1271	0.9769	0.8990
EF667339	1351	6755	Kineosporiaceae	Kineococcus gynurae	FJ214362	1425	7125	Kineosporiaceae	Kineosporia mesophila	6092.0	1325	29	33	1262	0.9768	0.9019
EF667339	1351	6755	Kineosporiaceae	Kineococcus gynurae	JQ639056	1440	7200	Kineosporiaceae	Angustibacter aerolatus	6092.0	1351	50	45	1274	0.9755	0.9019
JQ819257	1453	7265	Kineosporiaceae	Kineococcus endophytica	AY831385	1483	7415	Kineosporiaceae	Quadrisphaera granulorum	6525.0	1452	50	52	1365	0.9750	0.8981
JQ819257	1453	7265	Kineosporiaceae	Kineococcus endophytica	KP205400	1548	7740	Kineosporiaceae	Kineococcus gypseus	6920.0	1453	35	26	1413	0.9902	0.9525
JQ819257	1453	7265	Kineosporiaceae	Kineococcus endophytica	AB003935	1474	7364	Kineosporiaceae	Kineosporia rhamnosa	6646.0	1453	33	40	1379	0.9759	0.9148
JQ819257	1453	7265	Kineosporiaceae	Kineococcus endophytica	X77958	1417	7061	Kineosporiaceae	Kineococcus aurantiacus	6915.0	1420	11	14	1397	0.9936	0.9793
JQ819257	1453	7265	Kineosporiaceae	Kineococcus endophytica	AF247813	1375	6875	Kineosporiaceae	Kineococcus radiotolerans	6690.0	1362	7	8	1348	0.9956	0.9731
JQ819257	1453	7265	Kineosporiaceae	Kineococcus endophytica	EU543662	1385	6925	Kineosporiaceae	Kineococcus xinjiangensis	6404.0	1384	31	30	1324	0.9778	0.9248
JQ819257	1453	7265	Kineosporiaceae	Kineococcus endophytica	JQ314347	1503	7515	Kineosporiaceae	Kineococcus glutinatus	6715.0	1453	34	34	1389	0.9789	0.9243
JQ819257	1453	7265	Kineosporiaceae	Kineococcus endophytica	AB377117	1505	7525	Kineosporiaceae	Kineosporia mikuniensis	6668.0	1453	42	42	1383	0.9802	0.9178
JQ819257	1453	7265	Kineosporiaceae	Kineococcus endophytica	AF095336	1513	7565	Kineosporiaceae	Kineosporia aurantiaca	6671.0	1453	39	41	1383	0.9795	0.9182
JQ819257	1453	7265	Kineosporiaceae	Kineococcus endophytica	FR749986	1506	7530	Kineosporiaceae	Kineosporia rhizophila	6584.0	1453	44	45	1373	0.9751	0.9063
JQ819257	1453	7265	Kineosporiaceae	Kineococcus endophytica	LC056925	1488	7440	Kineosporiaceae	Kineococcus mangrovi	7118.0	1453	24	12	1437	0.9972	0.9798
JQ819257	1453	7265	Kineosporiaceae	Kineococcus endophytica	FM998037	1430	7150	Kineosporiaceae	Angustibacter peucedani	6418.0	1425	55	51	1342	0.9767	0.8976
JQ819257	1453	7265	Kineosporiaceae	Kineococcus endophytica	FJ214362	1425	7125	Kineosporiaceae	Kineosporia mesophila	6574.0	1427	33	35	1361	0.9777	0.9227
JQ819257	1453	7265	Kineosporiaceae	Kineococcus endophytica	JQ639056	1440	7200	Kineosporiaceae	Angustibacter aerolatus	6473.0	1434	49	45	1353	0.9741	0.8990
AY831385	1483	7415	Kineosporiaceae	Quadrisphaera granulorum	KP205400	1548	7740	Kineosporiaceae	Kineococcus gypseus	6628.0	1482	62	50	1392	0.9721	0.8939
AY831385	1483	7415	Kineosporiaceae	Quadrisphaera granulorum	AB003935	1474	7364	Kineosporiaceae	Kineosporia rhamnosa	6731.0	1479	33	38	1401	0.9722	0.9140
AY831385	1483	7415	Kineosporiaceae	Quadrisphaera granulorum	X77958	1417	7061	Kineosporiaceae	Kineococcus aurantiacus	6342.0	1418	53	54	1329	0.9743	0.8982
AY831385	1483	7415	Kineosporiaceae	Quadrisphaera granulorum	AF247813	1375	6875	Kineosporiaceae	Kineococcus radiotolerans	6228.0	1376	40	41	1300	0.9738	0.9059
AY831385	1483	7415	Kineosporiaceae	Quadrisphaera granulorum	EU543662	1385	6925	Kineosporiaceae	Kineococcus xinjiangensis	6371.0	1382	36	33	1320	0.9785	0.9200
AY831385	1483	7415	Kineosporiaceae	Quadrisphaera granulorum	JQ314347	1503	7515	Kineosporiaceae	Kineococcus glutinatus	6771.0	1478	42	40	1406	0.9777	0.9131
AY831385	1483	7415	Kineosporiaceae	Quadrisphaera granulorum	AB377117	1505	7525	Kineosporiaceae	Kineosporia mikuniensis	6695.0	1478	44	42	1397	0.9728	0.9029
AY831385	1483	7415	Kineosporiaceae	Quadrisphaera granulorum	AF095336	1513	7565	Kineosporiaceae	Kineosporia aurantiaca	6718.0	1482	43	44	1401	0.9743	0.9060
AY831385	1483	7415	Kineosporiaceae	Quadrisphaera granulorum	FR749986	1506	7530	Kineosporiaceae	Kineosporia rhizophila	6694.0	1477	46	45	1396	0.9749	0.9028
AY831385	1483	7415	Kineosporiaceae	Quadrisphaera granulorum	LC056925	1488	7440	Kineosporiaceae	Kineococcus mangrovi	6573.0	1469	66	52	1380	0.9739	0.8864
AY831385	1483	7415	Kineosporiaceae	Quadrisphaera granulorum	FM998037	1430	7150	Kineosporiaceae	Angustibacter peucedani	6434.0	1424	50	44	1344	0.9739	0.8999
AY831385	1483	7415	Kineosporiaceae	Quadrisphaera granulorum	FJ214362	1425	7125	Kineosporiaceae	Kineosporia mesophila	6466.0	1425	43	43	1348	0.9754	0.9075
AY831385	1483	7415	Kineosporiaceae	Quadrisphaera granulorum	JQ639056	1440	7200	Kineosporiaceae	Angustibacter aerolatus	6527.0	1434	47	41	1359	0.9756	0.9065
KP205400	1548	7740	Kineosporiaceae	Kineococcus gypseus	AB003935	1474	7364	Kineosporiaceae	Kineosporia rhamnosa	6750.0	1496	45	67	1404	0.9825	0.9166
KP205400	1548	7740	Kineosporiaceae	Kineococcus gypseus	X77958	1417	7061	Kineosporiaceae	Kineococcus aurantiacus	6723.0	1429	23	35	1375	0.9864	0.9521
KP205400	1548	7740	Kineosporiaceae	Kineococcus gypseus	AF247813	1375	6875	Kineosporiaceae	Kineococcus radiotolerans	6487.0	1387	30	42	1330	0.9888	0.9436
KP205400	1548	7740	Kineosporiaceae	Kineococcus gypseus	EU543662	1385	6925	Kineosporiaceae	Kineococcus xinjiangensis	6386.0	1393	40	48	1322	0.9829	0.9222
KP205400	1548	7740	Kineosporiaceae	Kineococcus gypseus	JQ314347	1503	7515	Kineosporiaceae	Kineococcus glutinatus	6954.0	1512	40	49	1438	0.9829	0.9253
KP205400	1548	7740	Kineosporiaceae	Kineococcus gypseus	AB377117	1505	7525	Kineosporiaceae	Kineosporia mikuniensis	6926.0	1514	46	55	1436	0.9842	0.9204
KP205400	1548	7740	Kineosporiaceae	Kineococcus gypseus	AF095336	1513	7565	Kineosporiaceae	Kineosporia aurantiaca	6966.0	1538	43	68	1446	0.9837	0.9208
KP205400	1548	7740	Kineosporiaceae	Kineococcus gypseus	FR749986	1506	7530	Kineosporiaceae	Kineosporia rhizophila	6808.0	1515	49	59	1422	0.9766	0.9041
KP205400	1548	7740	Kineosporiaceae	Kineococcus gypseus	LC056925	1488	7440	Kineosporiaceae	Kineococcus mangrovi	7071.0	1485	33	30	1443	0.9918	0.9504
KP205400	1548	7740	Kineosporiaceae	Kineococcus gypseus	FM998037	1430	7150	Kineosporiaceae	Angustibacter peucedani	6371.0	1435	61	66	1338	0.9774	0.8910
KP205400	1548	7740	Kineosporiaceae	Kineococcus gypseus	FJ214362	1425	7125	Kineosporiaceae	Kineosporia mesophila	6531.0	1436	39	50	1357	0.9791	0.9166
KP205400	1548	7740	Kineosporiaceae	Kineococcus gypseus	JQ639056	1440	7200	Kineosporiaceae	Angustibacter aerolatus	6415.0	1445	61	66	1347	0.9768	0.8910
AB003935	1474	7364	Kineosporiaceae	Kineosporia rhamnosa	X77958	1417	7061	Kineosporiaceae	Kineococcus aurantiacus	6432.0	1413	47	43	1339	0.9774	0.9109
AB003935	1474	7364	Kineosporiaceae	Kineosporia rhamnosa	AF247813	1375	6875	Kineosporiaceae	Kineococcus radiotolerans	6302.0	1370	37	32	1307	0.9768	0.9167
AB003935	1474	7364	Kineosporiaceae	Kineosporia rhamnosa	EU543662	1385	6925	Kineosporiaceae	Kineococcus xinjiangensis	6474.0	1377	37	29	1330	0.9866	0.9349
AB003935	1474	7364	Kineosporiaceae	Kineosporia rhamnosa	JQ314347	1503	7515	Kineosporiaceae	Kineococcus glutinatus	6822.0	1470	45	33	1410	0.9812	0.9264
AB003935	1474	7364	Kineosporiaceae	Kineosporia rhamnosa	AB377117	1505	7525	Kineosporiaceae	Kineosporia mikuniensis	6987.0	1470	32	20	1430	0.9862	0.9488
AB003935	1474	7364	Kineosporiaceae	Kineosporia rhamnosa	AF095336	1513	7565	Kineosporiaceae	Kineosporia aurantiaca	7061.0	1474	25	16	1440	0.9877	0.9589
AB003935	1474	7364	Kineosporiaceae	Kineosporia rhamnosa	FR749986	1506	7530	Kineosporiaceae	Kineosporia rhizophila	6962.0	1469	35	24	1426	0.9869	0.9454
AB003935	1474	7364	Kineosporiaceae	Kineosporia rhamnosa	LC056925	1488	7440	Kineosporiaceae	Kineococcus mangrovi	6634.0	1461	69	45	1385	0.9781	0.9009
AB003935	1474	7364	Kineosporiaceae	Kineosporia rhamnosa	FM998037	1430	7150	Kineosporiaceae	Angustibacter peucedani	6562.0	1419	48	37	1358	0.9826	0.9178
AB003935	1474	7364	Kineosporiaceae	Kineosporia rhamnosa	FJ214362	1425	7125	Kineosporiaceae	Kineosporia mesophila	6829.0	1420	22	17	1390	0.9907	0.9585
AB003935	1474	7364	Kineosporiaceae	Kineosporia rhamnosa	JQ639056	1440	7200	Kineosporiaceae	Angustibacter aerolatus	6621.0	1429	46	35	1369	0.9821	0.9196
X77958	1417	7061	Kineosporiaceae	Kineococcus aurantiacus	AF247813	1375	6875	Kineosporiaceae	Kineococcus radiotolerans	6600.0	1342	11	11	1329	0.9985	0.9600
X77958	1417	7061	Kineosporiaceae	Kineococcus aurantiacus	EU543662	1385	6925	Kineosporiaceae	Kineococcus xinjiangensis	6425.0	1384	36	35	1326	0.9830	0.9278
X77958	1417	7061	Kineosporiaceae	Kineococcus aurantiacus	JQ314347	1503	7515	Kineosporiaceae	Kineococcus glutinatus	6546.0	1417	37	33	1354	0.9783	0.9271
X77958	1417	7061	Kineosporiaceae	Kineococcus aurantiacus	AB377117	1505	7525	Kineosporiaceae	Kineosporia mikuniensis	6479.0	1417	46	43	1346	0.9796	0.9176
X77958	1417	7061	Kineosporiaceae	Kineococcus aurantiacus	AF095336	1513	7565	Kineosporiaceae	Kineosporia aurantiaca	6469.0	1417	46	45	1344	0.9796	0.9162
X77958	1417	7061	Kineosporiaceae	Kineococcus aurantiacus	FR749986	1506	7530	Kineosporiaceae	Kineosporia rhizophila	6389.0	1417	49	47	1335	0.9745	0.9048
X77958	1417	7061	Kineosporiaceae	Kineococcus aurantiacus	LC056925	1488	7440	Kineosporiaceae	Kineococcus mangrovi	6893.0	1417	28	13	1396	0.9943	0.9762
X77958	1417	7061	Kineosporiaceae	Kineococcus aurantiacus	FM998037	1430	7150	Kineosporiaceae	Angustibacter peucedani	6260.0	1402	61	53	1314	0.9741	0.8866
X77958	1417	7061	Kineosporiaceae	Kineococcus aurantiacus	FJ214362	1425	7125	Kineosporiaceae	Kineosporia mesophila	6469.0	1412	39	38	1343	0.9774	0.9162
X77958	1417	7061	Kineosporiaceae	Kineococcus aurantiacus	JQ639056	1440	7200	Kineosporiaceae	Angustibacter aerolatus	6318.0	1412	58	51	1325	0.9735	0.8948
AF247813	1375	6875	Kineosporiaceae	Kineococcus radiotolerans	EU543662	1385	6925	Kineosporiaceae	Kineococcus xinjiangensis	6236.0	1327	23	22	1281	0.9816	0.9071
AF247813	1375	6875	Kineosporiaceae	Kineococcus radiotolerans	JQ314347	1503	7515	Kineosporiaceae	Kineococcus glutinatus	6367.0	1372	28	28	1315	0.9784	0.9261
AF247813	1375	6875	Kineosporiaceae	Kineococcus radiotolerans	AB377117	1505	7525	Kineosporiaceae	Kineosporia mikuniensis	6335.0	1372	35	36	1310	0.9805	0.9215
AF247813	1375	6875	Kineosporiaceae	Kineococcus radiotolerans	AF095336	1513	7565	Kineosporiaceae	Kineosporia aurantiaca	6338.0	1375	34	35	1312	0.9791	0.9219
AF247813	1375	6875	Kineosporiaceae	Kineococcus radiotolerans	FR749986	1506	7530	Kineosporiaceae	Kineosporia rhizophila	6225.0	1370	36	36	1297	0.9723	0.9055
AF247813	1375	6875	Kineosporiaceae	Kineococcus radiotolerans	LC056925	1488	7440	Kineosporiaceae	Kineococcus mangrovi	6667.0	1363	27	13	1347	0.9978	0.9697
AF247813	1375	6875	Kineosporiaceae	Kineococcus radiotolerans	FM998037	1430	7150	Kineosporiaceae	Angustibacter peucedani	6133.0	1362	54	48	1283	0.9764	0.8921
AF247813	1375	6875	Kineosporiaceae	Kineococcus radiotolerans	FJ214362	1425	7125	Kineosporiaceae	Kineosporia mesophila	6177.0	1337	29	32	1277	0.9785	0.8985
AF247813	1375	6875	Kineosporiaceae	Kineococcus radiotolerans	JQ639056	1440	7200	Kineosporiaceae	Angustibacter aerolatus	6170.0	1363	49	43	1288	0.9758	0.8975
EU543662	1385	6925	Kineosporiaceae	Kineococcus xinjiangensis	JQ314347	1503	7515	Kineosporiaceae	Kineococcus glutinatus	6797.0	1385	6	6	1370	0.9935	0.9815
EU543662	1385	6925	Kineosporiaceae	Kineococcus xinjiangensis	AB377117	1505	7525	Kineosporiaceae	Kineosporia mikuniensis	6411.0	1385	35	35	1325	0.9815	0.9258
EU543662	1385	6925	Kineosporiaceae	Kineococcus xinjiangensis	AF095336	1513	7565	Kineosporiaceae	Kineosporia aurantiaca	6416.0	1385	35	37	1325	0.9829	0.9265
EU543662	1385	6925	Kineosporiaceae	Kineococcus xinjiangensis	FR749986	1506	7530	Kineosporiaceae	Kineosporia rhizophila	6382.0	1385	34	36	1321	0.9792	0.9216
EU543662	1385	6925	Kineosporiaceae	Kineococcus xinjiangensis	LC056925	1488	7440	Kineosporiaceae	Kineococcus mangrovi	6378.0	1385	47	36	1322	0.9800	0.9210
EU543662	1385	6925	Kineosporiaceae	Kineococcus xinjiangensis	FM998037	1430	7150	Kineosporiaceae	Angustibacter peucedani	6371.0	1385	45	42	1320	0.9829	0.9200
EU543662	1385	6925	Kineosporiaceae	Kineococcus xinjiangensis	FJ214362	1425	7125	Kineosporiaceae	Kineosporia mesophila	6417.0	1385	35	35	1326	0.9822	0.9266
EU543662	1385	6925	Kineosporiaceae	Kineococcus xinjiangensis	JQ639056	1440	7200	Kineosporiaceae	Angustibacter aerolatus	6463.0	1385	36	33	1331	0.9845	0.9333
JQ314347	1503	7515	Kineosporiaceae	Kineococcus glutinatus	AB377117	1505	7525	Kineosporiaceae	Kineosporia mikuniensis	6895.0	1503	42	42	1430	0.9788	0.9175
JQ314347	1503	7515	Kineosporiaceae	Kineococcus glutinatus	AF095336	1513	7565	Kineosporiaceae	Kineosporia aurantiaca	6901.0	1503	38	40	1431	0.9781	0.9183
JQ314347	1503	7515	Kineosporiaceae	Kineococcus glutinatus	FR749986	1506	7530	Kineosporiaceae	Kineosporia rhizophila	6888.0	1502	39	40	1429	0.9774	0.9166
JQ314347	1503	7515	Kineosporiaceae	Kineococcus glutinatus	LC056925	1488	7440	Kineosporiaceae	Kineococcus mangrovi	6799.0	1476	49	37	1410	0.9798	0.9138
JQ314347	1503	7515	Kineosporiaceae	Kineococcus glutinatus	FM998037	1430	7150	Kineosporiaceae	Angustibacter peucedani	6552.0	1426	50	46	1358	0.9841	0.9164
JQ314347	1503	7515	Kineosporiaceae	Kineococcus glutinatus	FJ214362	1425	7125	Kineosporiaceae	Kineosporia mesophila	6546.0	1428	37	40	1358	0.9784	0.9187
JQ314347	1503	7515	Kineosporiaceae	Kineococcus glutinatus	JQ639056	1440	7200	Kineosporiaceae	Angustibacter aerolatus	6668.0	1436	40	36	1376	0.9829	0.9261
AB377117	1505	7525	Kineosporiaceae	Kineosporia mikuniensis	AF095336	1513	7565	Kineosporiaceae	Kineosporia aurantiaca	7359.0	1505	11	13	1485	0.9953	0.9779
AB377117	1505	7525	Kineosporiaceae	Kineosporia mikuniensis	FR749986	1506	7530	Kineosporiaceae	Kineosporia rhizophila	7230.0	1504	13	14	1470	0.9866	0.9608
AB377117	1505	7525	Kineosporiaceae	Kineosporia mikuniensis	LC056925	1488	7440	Kineosporiaceae	Kineococcus mangrovi	6722.0	1476	59	47	1400	0.9797	0.9035
AB377117	1505	7525	Kineosporiaceae	Kineosporia mikuniensis	FM998037	1430	7150	Kineosporiaceae	Angustibacter peucedani	6516.0	1426	48	44	1354	0.9797	0.9113
AB377117	1505	7525	Kineosporiaceae	Kineosporia mikuniensis	FJ214362	1425	7125	Kineosporiaceae	Kineosporia mesophila	6958.0	1427	12	14	1406	0.9950	0.9766
AB377117	1505	7525	Kineosporiaceae	Kineosporia mikuniensis	JQ639056	1440	7200	Kineosporiaceae	Angustibacter aerolatus	6589.0	1436	41	37	1367	0.9771	0.9151
AF095336	1513	7565	Kineosporiaceae	Kineosporia aurantiaca	FR749986	1506	7530	Kineosporiaceae	Kineosporia rhizophila	7258.0	1505	11	10	1475	0.9866	0.9639
AF095336	1513	7565	Kineosporiaceae	Kineosporia aurantiaca	LC056925	1488	7440	Kineosporiaceae	Kineococcus mangrovi	6709.0	1474	61	47	1398	0.9797	0.9017
AF095336	1513	7565	Kineosporiaceae	Kineosporia aurantiaca	FM998037	1430	7150	Kineosporiaceae	Angustibacter peucedani	6526.0	1424	48	42	1355	0.9805	0.9127
AF095336	1513	7565	Kineosporiaceae	Kineosporia aurantiaca	FJ214362	1425	7125	Kineosporiaceae	Kineosporia mesophila	6974.0	1425	9	9	1408	0.9944	0.9788
AF095336	1513	7565	Kineosporiaceae	Kineosporia aurantiaca	JQ639056	1440	7200	Kineosporiaceae	Angustibacter aerolatus	6597.0	1434	41	35	1368	0.9778	0.9162
FR749986	1506	7530	Kineosporiaceae	Kineosporia rhizophila	LC056925	1488	7440	Kineosporiaceae	Kineococcus mangrovi	6663.0	1475	61	48	1393	0.9762	0.8956
FR749986	1506	7530	Kineosporiaceae	Kineosporia rhizophila	FM998037	1430	7150	Kineosporiaceae	Angustibacter peucedani	6524.0	1425	43	38	1356	0.9776	0.9124
FR749986	1506	7530	Kineosporiaceae	Kineosporia rhizophila	FJ214362	1425	7125	Kineosporiaceae	Kineosporia mesophila	6874.0	1426	17	18	1396	0.9915	0.9648
FR749986	1506	7530	Kineosporiaceae	Kineosporia rhizophila	JQ639056	1440	7200	Kineosporiaceae	Angustibacter aerolatus	6589.0	1435	39	34	1368	0.9764	0.9151
LC056925	1488	7440	Kineosporiaceae	Kineococcus mangrovi	FM998037	1430	7150	Kineosporiaceae	Angustibacter peucedani	6394.0	1438	55	63	1341	0.9753	0.8943
LC056925	1488	7440	Kineosporiaceae	Kineococcus mangrovi	FJ214362	1425	7125	Kineosporiaceae	Kineosporia mesophila	6493.0	1439	41	55	1353	0.9776	0.9113
LC056925	1488	7440	Kineosporiaceae	Kineococcus mangrovi	JQ639056	1440	7200	Kineosporiaceae	Angustibacter aerolatus	6441.0	1448	52	60	1351	0.9733	0.8946
FM998037	1430	7150	Kineosporiaceae	Angustibacter peucedani	FJ214362	1425	7125	Kineosporiaceae	Kineosporia mesophila	6415.0	1405	40	46	1332	0.9801	0.9004
FM998037	1430	7150	Kineosporiaceae	Angustibacter peucedani	JQ639056	1440	7200	Kineosporiaceae	Angustibacter aerolatus	6952.0	1430	1	1	1408	0.9853	0.9723
FJ214362	1425	7125	Kineosporiaceae	Kineosporia mesophila	JQ639056	1440	7200	Kineosporiaceae	Angustibacter aerolatus	6467.0	1408	42	36	1342	0.9781	0.9076
