AB279549	1331	6655	Leptospiraceae	Leptospira kmetyi	AY631888	1422	7110	Leptospiraceae	Leptospira terpstrae	5606.0	1323	88	97	1199	0.9780	0.8424
AB279549	1331	6655	Leptospiraceae	Leptospira kmetyi	AY887899	1431	7155	Leptospiraceae	Leptospira borgpetersenii	6510.0	1323	4	4	1311	0.9939	0.9782
AB279549	1331	6655	Leptospiraceae	Leptospira kmetyi	AY631882	1422	7068	Leptospiraceae	Leptospira yanagawae	5610.0	1323	84	93	1196	0.9724	0.8430
AB279549	1331	6655	Leptospiraceae	Leptospira kmetyi	AY631885	1431	7155	Leptospiraceae	Leptospira fainei	6158.0	1323	26	26	1270	0.9792	0.9253
AB279549	1331	6655	Leptospiraceae	Leptospira kmetyi	AY714984	1428	7140	Leptospiraceae	Leptonema illini	5251.0	1323	117	119	1160	0.9635	0.7890
AB279549	1331	6655	Leptospiraceae	Leptospira kmetyi	AY631877	1431	7155	Leptospiraceae	Leptospira weilii	6484.0	1323	4	4	1308	0.9917	0.9743
AB279549	1331	6655	Leptospiraceae	Leptospira kmetyi	AY631878	1422	7068	Leptospiraceae	Leptospira meyeri	5605.0	1323	86	95	1196	0.9739	0.8422
AB279549	1331	6655	Leptospiraceae	Leptospira kmetyi	AY631881	1431	7155	Leptospiraceae	Leptospira alstonii	6552.0	1323	0	0	1316	0.9947	0.9845
AB279549	1331	6655	Leptospiraceae	Leptospira kmetyi	AY796065	1431	7155	Leptospiraceae	Leptospira broomii	6152.0	1323	28	28	1269	0.9799	0.9244
AB279549	1331	6655	Leptospiraceae	Leptospira kmetyi	AY631897	1422	7110	Leptospiraceae	Leptospira vanthielii	5623.0	1323	88	97	1201	0.9796	0.8449
AB279549	1331	6655	Leptospiraceae	Leptospira kmetyi	AB721966	1443	7215	Leptospiraceae	Leptospira idonii	5653.0	1331	84	93	1209	0.9766	0.8494
AB279549	1331	6655	Leptospiraceae	Leptospira kmetyi	AY631895	1464	7320	Leptospiraceae	Leptospira kirschneri	6507.0	1323	0	0	1311	0.9909	0.9778
AB279549	1331	6655	Leptospiraceae	Leptospira kmetyi	AY631886	1431	7143	Leptospiraceae	Leptospira noguchii	6517.0	1323	0	0	1311	0.9909	0.9793
AB279549	1331	6655	Leptospiraceae	Leptospira kmetyi	AY631879	1422	7104	Leptospiraceae	Leptospira wolbachii	5616.0	1323	88	97	1200	0.9788	0.8439
AB279549	1331	6655	Leptospiraceae	Leptospira kmetyi	Z21634	1374	6852	Leptospiraceae	Leptospira inadai	6231.0	1321	20	22	1276	0.9823	0.9363
AB279549	1331	6655	Leptospiraceae	Leptospira kmetyi	AY631883	1431	7149	Leptospiraceae	Leptospira santarosai	6462.0	1323	6	6	1305	0.9909	0.9710
AB279549	1331	6655	Leptospiraceae	Leptospira kmetyi	EF025496	1318	6590	Leptospiraceae	Leptospira wolffii	6136.0	1318	27	27	1265	0.9799	0.9311
AB279549	1331	6655	Leptospiraceae	Leptospira kmetyi	AY631880	1432	7154	Leptospiraceae	Leptospira alexanderi	6479.0	1323	6	5	1307	0.9917	0.9736
AB279549	1331	6655	Leptospiraceae	Leptospira kmetyi	Z12817	1396	6980	Leptospiraceae	Leptospira interrogans	6362.0	1297	3	0	1284	0.9900	0.9560
AB279549	1331	6655	Leptospiraceae	Leptospira kmetyi	EF612284	1348	6740	Leptospiraceae	Leptospira licerasiae	6060.0	1293	24	24	1246	0.9819	0.9106
AB279549	1331	6655	Leptospiraceae	Leptospira kmetyi	AY293856	1360	6800	Leptospiraceae	Turneriella parva	4965.0	1323	136	127	1129	0.9440	0.7461
AB279549	1331	6655	Leptospiraceae	Leptospira kmetyi	AY631876	1422	7104	Leptospiraceae	Leptospira biflexa	5618.0	1323	87	96	1200	0.9780	0.8442
AB279549	1331	6655	Leptospiraceae	Leptospira kmetyi	KJ847187	1313	6565	Leptospiraceae	Leptospira mayottensis	6478.0	1313	4	4	1303	0.9954	0.9867
AY631888	1422	7110	Leptospiraceae	Leptospira terpstrae	AY887899	1431	7155	Leptospiraceae	Leptospira borgpetersenii	6089.0	1422	99	90	1301	0.9767	0.8564
AY631888	1422	7110	Leptospiraceae	Leptospira terpstrae	AY631882	1422	7068	Leptospiraceae	Leptospira yanagawae	7064.0	1422	0	0	1413	0.9937	0.9994
AY631888	1422	7110	Leptospiraceae	Leptospira terpstrae	AY631885	1431	7155	Leptospiraceae	Leptospira fainei	5965.0	1422	104	95	1286	0.9691	0.8390
AY631888	1422	7110	Leptospiraceae	Leptospira terpstrae	AY714984	1428	7140	Leptospiraceae	Leptonema illini	5420.0	1422	163	157	1219	0.9636	0.7623
AY631888	1422	7110	Leptospiraceae	Leptospira terpstrae	AY631877	1431	7155	Leptospiraceae	Leptospira weilii	6069.0	1422	96	87	1299	0.9730	0.8536
AY631888	1422	7110	Leptospiraceae	Leptospira terpstrae	AY631878	1422	7068	Leptospiraceae	Leptospira meyeri	7064.0	1422	0	0	1413	0.9937	0.9994
AY631888	1422	7110	Leptospiraceae	Leptospira terpstrae	AY631881	1431	7155	Leptospiraceae	Leptospira alstonii	6070.0	1422	101	92	1298	0.9759	0.8537
AY631888	1422	7110	Leptospiraceae	Leptospira terpstrae	AY796065	1431	7155	Leptospiraceae	Leptospira broomii	5972.0	1422	102	93	1287	0.9684	0.8399
AY631888	1422	7110	Leptospiraceae	Leptospira terpstrae	AY631897	1422	7110	Leptospiraceae	Leptospira vanthielii	7065.0	1422	0	0	1417	0.9965	0.9937
AY631888	1422	7110	Leptospiraceae	Leptospira terpstrae	AB721966	1443	7215	Leptospiraceae	Leptospira idonii	6857.0	1422	17	17	1392	0.9907	0.9644
AY631888	1422	7110	Leptospiraceae	Leptospira terpstrae	AY631895	1464	7320	Leptospiraceae	Leptospira kirschneri	6108.0	1422	97	88	1303	0.9768	0.8591
AY631888	1422	7110	Leptospiraceae	Leptospira terpstrae	AY631886	1431	7143	Leptospiraceae	Leptospira noguchii	6083.0	1422	95	86	1300	0.9731	0.8556
AY631888	1422	7110	Leptospiraceae	Leptospira terpstrae	AY631879	1422	7104	Leptospiraceae	Leptospira wolbachii	7070.0	1422	2	2	1417	0.9979	0.9952
AY631888	1422	7110	Leptospiraceae	Leptospira terpstrae	Z21634	1374	6852	Leptospiraceae	Leptospira inadai	5799.0	1367	95	88	1243	0.9719	0.8463
AY631888	1422	7110	Leptospiraceae	Leptospira terpstrae	AY631883	1431	7149	Leptospiraceae	Leptospira santarosai	6074.0	1422	97	88	1300	0.9745	0.8543
AY631888	1422	7110	Leptospiraceae	Leptospira terpstrae	EF025496	1318	6590	Leptospiraceae	Leptospira wolffii	5476.0	1309	99	90	1182	0.9696	0.8310
AY631888	1422	7110	Leptospiraceae	Leptospira terpstrae	AY631880	1432	7154	Leptospiraceae	Leptospira alexanderi	6076.0	1422	106	96	1299	0.9796	0.8546
AY631888	1422	7110	Leptospiraceae	Leptospira terpstrae	Z12817	1396	6980	Leptospiraceae	Leptospira interrogans	5921.0	1384	100	88	1266	0.9769	0.8483
AY631888	1422	7110	Leptospiraceae	Leptospira terpstrae	EF612284	1348	6740	Leptospiraceae	Leptospira licerasiae	5657.0	1339	97	88	1216	0.9720	0.8393
AY631888	1422	7110	Leptospiraceae	Leptospira terpstrae	AY293856	1360	6800	Leptospiraceae	Turneriella parva	4955.0	1342	157	139	1136	0.9443	0.7287
AY631888	1422	7110	Leptospiraceae	Leptospira terpstrae	AY631876	1422	7104	Leptospiraceae	Leptospira biflexa	7088.0	1422	0	0	1419	0.9979	0.9977
AY631888	1422	7110	Leptospiraceae	Leptospira terpstrae	KJ847187	1313	6565	Leptospiraceae	Leptospira mayottensis	5554.0	1304	97	88	1189	0.9778	0.8460
AY887899	1431	7155	Leptospiraceae	Leptospira borgpetersenii	AY631882	1422	7068	Leptospiraceae	Leptospira yanagawae	6093.0	1431	86	95	1298	0.9716	0.8621
AY887899	1431	7155	Leptospiraceae	Leptospira borgpetersenii	AY631885	1431	7155	Leptospiraceae	Leptospira fainei	6628.0	1431	35	35	1369	0.9807	0.9263
AY887899	1431	7155	Leptospiraceae	Leptospira borgpetersenii	AY714984	1428	7140	Leptospiraceae	Leptonema illini	5615.0	1431	133	136	1246	0.9622	0.7864
AY887899	1431	7155	Leptospiraceae	Leptospira borgpetersenii	AY631877	1431	7155	Leptospiraceae	Leptospira weilii	7101.0	1431	0	0	1425	0.9958	0.9925
AY887899	1431	7155	Leptospiraceae	Leptospira borgpetersenii	AY631878	1422	7068	Leptospiraceae	Leptospira meyeri	6079.0	1431	88	97	1297	0.9723	0.8601
AY887899	1431	7155	Leptospiraceae	Leptospira borgpetersenii	AY631881	1431	7155	Leptospiraceae	Leptospira alstonii	7021.0	1431	2	2	1416	0.9909	0.9813
AY887899	1431	7155	Leptospiraceae	Leptospira borgpetersenii	AY796065	1431	7155	Leptospiraceae	Leptospira broomii	6635.0	1431	33	33	1370	0.9800	0.9273
AY887899	1431	7155	Leptospiraceae	Leptospira borgpetersenii	AY631897	1422	7110	Leptospiraceae	Leptospira vanthielii	6099.0	1431	90	99	1302	0.9775	0.8578
AY887899	1431	7155	Leptospiraceae	Leptospira borgpetersenii	AB721966	1443	7215	Leptospiraceae	Leptospira idonii	6096.0	1431	89	98	1302	0.9767	0.8520
AY887899	1431	7155	Leptospiraceae	Leptospira borgpetersenii	AY631895	1464	7320	Leptospiraceae	Leptospira kirschneri	7074.0	1431	0	0	1422	0.9937	0.9887
AY887899	1431	7155	Leptospiraceae	Leptospira borgpetersenii	AY631886	1431	7143	Leptospiraceae	Leptospira noguchii	7066.0	1431	0	0	1420	0.9923	0.9892
AY887899	1431	7155	Leptospiraceae	Leptospira borgpetersenii	AY631879	1422	7104	Leptospiraceae	Leptospira wolbachii	6095.0	1431	90	99	1301	0.9767	0.8580
AY887899	1431	7155	Leptospiraceae	Leptospira borgpetersenii	Z21634	1374	6852	Leptospiraceae	Leptospira inadai	6501.0	1376	22	24	1330	0.9837	0.9488
AY887899	1431	7155	Leptospiraceae	Leptospira borgpetersenii	AY631883	1431	7149	Leptospiraceae	Leptospira santarosai	7055.0	1431	4	4	1419	0.9944	0.9869
AY887899	1431	7155	Leptospiraceae	Leptospira borgpetersenii	EF025496	1318	6590	Leptospiraceae	Leptospira wolffii	6123.0	1318	31	31	1263	0.9814	0.9291
AY887899	1431	7155	Leptospiraceae	Leptospira borgpetersenii	AY631880	1432	7154	Leptospiraceae	Leptospira alexanderi	7089.0	1431	4	3	1423	0.9965	0.9909
AY887899	1431	7155	Leptospiraceae	Leptospira borgpetersenii	Z12817	1396	6980	Leptospiraceae	Leptospira interrogans	6869.0	1393	3	0	1383	0.9928	0.9841
AY887899	1431	7155	Leptospiraceae	Leptospira borgpetersenii	EF612284	1348	6740	Leptospiraceae	Leptospira licerasiae	6297.0	1348	28	28	1296	0.9818	0.9343
AY887899	1431	7155	Leptospiraceae	Leptospira borgpetersenii	AY293856	1360	6800	Leptospiraceae	Turneriella parva	5098.0	1351	133	124	1157	0.9430	0.7497
AY887899	1431	7155	Leptospiraceae	Leptospira borgpetersenii	AY631876	1422	7104	Leptospiraceae	Leptospira biflexa	6101.0	1431	89	98	1302	0.9767	0.8588
AY887899	1431	7155	Leptospiraceae	Leptospira borgpetersenii	KJ847187	1313	6565	Leptospiraceae	Leptospira mayottensis	6502.0	1313	1	1	1306	0.9954	0.9904
AY631882	1422	7068	Leptospiraceae	Leptospira yanagawae	AY631885	1431	7155	Leptospiraceae	Leptospira fainei	5962.0	1422	103	94	1282	0.9654	0.8435
AY631882	1422	7068	Leptospiraceae	Leptospira yanagawae	AY714984	1428	7140	Leptospiraceae	Leptonema illini	5415.0	1422	164	158	1217	0.9628	0.7661
AY631882	1422	7068	Leptospiraceae	Leptospira yanagawae	AY631877	1431	7155	Leptospiraceae	Leptospira weilii	6073.0	1422	93	84	1296	0.9686	0.8592
AY631882	1422	7068	Leptospiraceae	Leptospira yanagawae	AY631878	1422	7068	Leptospiraceae	Leptospira meyeri	7062.0	1422	0	0	1416	0.9958	0.9992
AY631882	1422	7068	Leptospiraceae	Leptospira yanagawae	AY631881	1431	7155	Leptospiraceae	Leptospira alstonii	6074.0	1422	98	89	1295	0.9715	0.8594
AY631882	1422	7068	Leptospiraceae	Leptospira yanagawae	AY796065	1431	7155	Leptospiraceae	Leptospira broomii	5969.0	1422	101	92	1283	0.9647	0.8445
AY631882	1422	7068	Leptospiraceae	Leptospira yanagawae	AY631897	1422	7110	Leptospiraceae	Leptospira vanthielii	7046.0	1422	1	1	1411	0.9930	0.9969
AY631882	1422	7068	Leptospiraceae	Leptospira yanagawae	AB721966	1443	7215	Leptospiraceae	Leptospira idonii	6837.0	1422	16	16	1387	0.9865	0.9673
AY631882	1422	7068	Leptospiraceae	Leptospira yanagawae	AY631895	1464	7320	Leptospiraceae	Leptospira kirschneri	6112.0	1422	93	84	1300	0.9716	0.8647
AY631882	1422	7068	Leptospiraceae	Leptospira yanagawae	AY631886	1431	7143	Leptospiraceae	Leptospira noguchii	6086.0	1422	92	83	1297	0.9686	0.8611
AY631882	1422	7068	Leptospiraceae	Leptospira yanagawae	AY631879	1422	7104	Leptospiraceae	Leptospira wolbachii	7069.0	1422	1	1	1413	0.9944	1.0001
AY631882	1422	7068	Leptospiraceae	Leptospira yanagawae	Z21634	1374	6852	Leptospiraceae	Leptospira inadai	5803.0	1367	91	84	1240	0.9665	0.8469
AY631882	1422	7068	Leptospiraceae	Leptospira yanagawae	AY631883	1431	7149	Leptospiraceae	Leptospira santarosai	6077.0	1422	93	84	1297	0.9694	0.8598
AY631882	1422	7068	Leptospiraceae	Leptospira yanagawae	EF025496	1318	6590	Leptospiraceae	Leptospira wolffii	5491.0	1309	95	86	1180	0.9648	0.8332
AY631882	1422	7068	Leptospiraceae	Leptospira yanagawae	AY631880	1432	7154	Leptospiraceae	Leptospira alexanderi	6080.0	1422	102	92	1296	0.9744	0.8602
AY631882	1422	7068	Leptospiraceae	Leptospira yanagawae	Z12817	1396	6980	Leptospiraceae	Leptospira interrogans	5925.0	1384	96	84	1263	0.9715	0.8489
AY631882	1422	7068	Leptospiraceae	Leptospira yanagawae	EF612284	1348	6740	Leptospiraceae	Leptospira licerasiae	5654.0	1339	95	86	1212	0.9673	0.8389
AY631882	1422	7068	Leptospiraceae	Leptospira yanagawae	AY293856	1360	6800	Leptospiraceae	Turneriella parva	4956.0	1342	153	135	1134	0.9395	0.7288
AY631882	1422	7068	Leptospiraceae	Leptospira yanagawae	AY631876	1422	7104	Leptospiraceae	Leptospira biflexa	7069.0	1422	1	1	1413	0.9944	1.0001
AY631882	1422	7068	Leptospiraceae	Leptospira yanagawae	KJ847187	1313	6565	Leptospiraceae	Leptospira mayottensis	5558.0	1304	93	84	1186	0.9721	0.8466
AY631885	1431	7155	Leptospiraceae	Leptospira fainei	AY714984	1428	7140	Leptospiraceae	Leptonema illini	5593.0	1431	129	132	1244	0.9577	0.7833
AY631885	1431	7155	Leptospiraceae	Leptospira fainei	AY631877	1431	7155	Leptospiraceae	Leptospira weilii	6610.0	1431	35	35	1367	0.9792	0.9238
AY631885	1431	7155	Leptospiraceae	Leptospira fainei	AY631878	1422	7068	Leptospiraceae	Leptospira meyeri	5952.0	1431	96	105	1282	0.9668	0.8421
AY631885	1431	7155	Leptospiraceae	Leptospira fainei	AY631881	1431	7155	Leptospiraceae	Leptospira alstonii	6628.0	1431	28	28	1370	0.9765	0.9263
AY631885	1431	7155	Leptospiraceae	Leptospira fainei	AY796065	1431	7155	Leptospiraceae	Leptospira broomii	7121.0	1431	2	2	1427	0.9986	0.9952
AY631885	1431	7155	Leptospiraceae	Leptospira fainei	AY631897	1422	7110	Leptospiraceae	Leptospira vanthielii	5982.0	1431	94	103	1288	0.9699	0.8414
AY631885	1431	7155	Leptospiraceae	Leptospira fainei	AB721966	1443	7215	Leptospiraceae	Leptospira idonii	6010.0	1431	94	103	1291	0.9721	0.8400
AY631885	1431	7155	Leptospiraceae	Leptospira fainei	AY631895	1464	7320	Leptospiraceae	Leptospira kirschneri	6640.0	1431	30	30	1371	0.9786	0.9280
AY631885	1431	7155	Leptospiraceae	Leptospira fainei	AY631886	1431	7143	Leptospiraceae	Leptospira noguchii	6632.0	1431	29	29	1369	0.9765	0.9285
AY631885	1431	7155	Leptospiraceae	Leptospira fainei	AY631879	1422	7104	Leptospiraceae	Leptospira wolbachii	5963.0	1431	96	105	1285	0.9691	0.8394
AY631885	1431	7155	Leptospiraceae	Leptospira fainei	Z21634	1374	6852	Leptospiraceae	Leptospira inadai	6622.0	1376	15	17	1344	0.9890	0.9664
AY631885	1431	7155	Leptospiraceae	Leptospira fainei	AY631883	1431	7149	Leptospiraceae	Leptospira santarosai	6597.0	1431	33	33	1366	0.9771	0.9228
AY631885	1431	7155	Leptospiraceae	Leptospira fainei	EF025496	1318	6590	Leptospiraceae	Leptospira wolffii	6334.0	1318	7	7	1289	0.9832	0.9612
AY631885	1431	7155	Leptospiraceae	Leptospira fainei	AY631880	1432	7154	Leptospiraceae	Leptospira alexanderi	6614.0	1431	36	35	1367	0.9792	0.9245
AY631885	1431	7155	Leptospiraceae	Leptospira fainei	Z12817	1396	6980	Leptospiraceae	Leptospira interrogans	6445.0	1393	34	31	1333	0.9787	0.9234
AY631885	1431	7155	Leptospiraceae	Leptospira fainei	EF612284	1348	6740	Leptospiraceae	Leptospira licerasiae	6470.0	1348	12	12	1317	0.9858	0.9599
AY631885	1431	7155	Leptospiraceae	Leptospira fainei	AY293856	1360	6800	Leptospiraceae	Turneriella parva	5122.0	1351	130	121	1159	0.9423	0.7532
AY631885	1431	7155	Leptospiraceae	Leptospira fainei	AY631876	1422	7104	Leptospiraceae	Leptospira biflexa	5977.0	1431	94	103	1287	0.9691	0.8414
AY631885	1431	7155	Leptospiraceae	Leptospira fainei	KJ847187	1313	6565	Leptospiraceae	Leptospira mayottensis	6074.0	1313	34	34	1255	0.9812	0.9252
AY714984	1428	7140	Leptospiraceae	Leptonema illini	AY631877	1431	7155	Leptospiraceae	Leptospira weilii	5584.0	1428	139	136	1242	0.9613	0.7821
AY714984	1428	7140	Leptospiraceae	Leptonema illini	AY631878	1422	7068	Leptospiraceae	Leptospira meyeri	5415.0	1428	157	163	1218	0.9628	0.7661
AY714984	1428	7140	Leptospiraceae	Leptonema illini	AY631881	1431	7155	Leptospiraceae	Leptospira alstonii	5633.0	1428	133	130	1249	0.9622	0.7889
AY714984	1428	7140	Leptospiraceae	Leptonema illini	AY796065	1431	7155	Leptospiraceae	Leptospira broomii	5600.0	1428	131	128	1245	0.9577	0.7843
AY714984	1428	7140	Leptospiraceae	Leptonema illini	AY631897	1422	7110	Leptospiraceae	Leptospira vanthielii	5425.0	1428	159	165	1219	0.9652	0.7630
AY714984	1428	7140	Leptospiraceae	Leptonema illini	AB721966	1443	7215	Leptospiraceae	Leptospira idonii	5449.0	1428	151	157	1223	0.9622	0.7632
AY714984	1428	7140	Leptospiraceae	Leptonema illini	AY631895	1464	7320	Leptospiraceae	Leptospira kirschneri	5613.0	1428	139	136	1246	0.9644	0.7861
AY714984	1428	7140	Leptospiraceae	Leptonema illini	AY631886	1431	7143	Leptospiraceae	Leptospira noguchii	5618.0	1428	135	132	1246	0.9614	0.7868
AY714984	1428	7140	Leptospiraceae	Leptonema illini	AY631879	1422	7104	Leptospiraceae	Leptospira wolbachii	5435.0	1428	154	160	1221	0.9629	0.7651
AY714984	1428	7140	Leptospiraceae	Leptonema illini	Z21634	1374	6852	Leptospiraceae	Leptospira inadai	5405.0	1374	124	124	1198	0.9584	0.7888
AY714984	1428	7140	Leptospiraceae	Leptonema illini	AY631883	1431	7149	Leptospiraceae	Leptospira santarosai	5605.0	1428	133	130	1245	0.9592	0.7850
AY714984	1428	7140	Leptospiraceae	Leptonema illini	EF025496	1318	6590	Leptospiraceae	Leptospira wolffii	5196.0	1316	120	118	1150	0.9599	0.7885
AY714984	1428	7140	Leptospiraceae	Leptonema illini	AY631880	1432	7154	Leptospiraceae	Leptospira alexanderi	5607.0	1428	140	136	1245	0.9636	0.7853
AY714984	1428	7140	Leptospiraceae	Leptonema illini	Z12817	1396	6980	Leptospiraceae	Leptospira interrogans	5423.0	1389	144	137	1208	0.9649	0.7769
AY714984	1428	7140	Leptospiraceae	Leptonema illini	EF612284	1348	6740	Leptospiraceae	Leptospira licerasiae	5311.0	1346	124	122	1176	0.9608	0.7880
AY714984	1428	7140	Leptospiraceae	Leptonema illini	AY293856	1360	6800	Leptospiraceae	Turneriella parva	5125.0	1349	137	126	1158	0.9469	0.7537
AY714984	1428	7140	Leptospiraceae	Leptonema illini	AY631876	1422	7104	Leptospiraceae	Leptospira biflexa	5432.0	1428	155	161	1220	0.9629	0.7646
AY714984	1428	7140	Leptospiraceae	Leptonema illini	KJ847187	1313	6565	Leptospiraceae	Leptospira mayottensis	5186.0	1311	122	120	1148	0.9639	0.7899
AY631877	1431	7155	Leptospiraceae	Leptospira weilii	AY631878	1422	7068	Leptospiraceae	Leptospira meyeri	6068.0	1431	86	95	1296	0.9701	0.8585
AY631877	1431	7155	Leptospiraceae	Leptospira weilii	AY631881	1431	7155	Leptospiraceae	Leptospira alstonii	7012.0	1431	2	2	1415	0.9902	0.9800
AY631877	1431	7155	Leptospiraceae	Leptospira weilii	AY796065	1431	7155	Leptospiraceae	Leptospira broomii	6608.0	1431	33	33	1367	0.9778	0.9235
AY631877	1431	7155	Leptospiraceae	Leptospira weilii	AY631897	1422	7110	Leptospiraceae	Leptospira vanthielii	6077.0	1431	86	95	1300	0.9731	0.8547
AY631877	1431	7155	Leptospiraceae	Leptospira weilii	AB721966	1443	7215	Leptospiraceae	Leptospira idonii	6086.0	1431	87	96	1301	0.9745	0.8506
AY631877	1431	7155	Leptospiraceae	Leptospira weilii	AY631895	1464	7320	Leptospiraceae	Leptospira kirschneri	7047.0	1431	0	0	1419	0.9916	0.9849
AY631877	1431	7155	Leptospiraceae	Leptospira weilii	AY631886	1431	7143	Leptospiraceae	Leptospira noguchii	7057.0	1431	0	0	1419	0.9916	0.9880
AY631877	1431	7155	Leptospiraceae	Leptospira weilii	AY631879	1422	7104	Leptospiraceae	Leptospira wolbachii	6075.0	1431	88	97	1299	0.9738	0.8552
AY631877	1431	7155	Leptospiraceae	Leptospira weilii	Z21634	1374	6852	Leptospiraceae	Leptospira inadai	6456.0	1376	22	24	1325	0.9800	0.9422
AY631877	1431	7155	Leptospiraceae	Leptospira weilii	AY631883	1431	7149	Leptospiraceae	Leptospira santarosai	7037.0	1431	4	4	1417	0.9930	0.9843
AY631877	1431	7155	Leptospiraceae	Leptospira weilii	EF025496	1318	6590	Leptospiraceae	Leptospira wolffii	6089.0	1318	33	33	1259	0.9798	0.9240
AY631877	1431	7155	Leptospiraceae	Leptospira weilii	AY631880	1432	7154	Leptospiraceae	Leptospira alexanderi	7053.0	1431	4	3	1419	0.9937	0.9859
AY631877	1431	7155	Leptospiraceae	Leptospira weilii	Z12817	1396	6980	Leptospiraceae	Leptospira interrogans	6842.0	1393	3	0	1380	0.9907	0.9802
AY631877	1431	7155	Leptospiraceae	Leptospira weilii	EF612284	1348	6740	Leptospiraceae	Leptospira licerasiae	6271.0	1348	29	29	1293	0.9803	0.9304
AY631877	1431	7155	Leptospiraceae	Leptospira weilii	AY293856	1360	6800	Leptospiraceae	Turneriella parva	5083.0	1351	134	125	1155	0.9421	0.7475
AY631877	1431	7155	Leptospiraceae	Leptospira weilii	AY631876	1422	7104	Leptospiraceae	Leptospira biflexa	6081.0	1431	87	96	1300	0.9738	0.8560
AY631877	1431	7155	Leptospiraceae	Leptospira weilii	KJ847187	1313	6565	Leptospiraceae	Leptospira mayottensis	6484.0	1313	1	1	1304	0.9939	0.9877
AY631878	1422	7068	Leptospiraceae	Leptospira meyeri	AY631881	1431	7155	Leptospiraceae	Leptospira alstonii	6060.0	1422	99	90	1294	0.9715	0.8574
AY631878	1422	7068	Leptospiraceae	Leptospira meyeri	AY796065	1431	7155	Leptospiraceae	Leptospira broomii	5959.0	1422	103	94	1283	0.9661	0.8431
AY631878	1422	7068	Leptospiraceae	Leptospira meyeri	AY631897	1422	7110	Leptospiraceae	Leptospira vanthielii	7046.0	1422	1	1	1411	0.9930	0.9969
AY631878	1422	7068	Leptospiraceae	Leptospira meyeri	AB721966	1443	7215	Leptospiraceae	Leptospira idonii	6833.0	1422	17	17	1386	0.9865	0.9668
AY631878	1422	7068	Leptospiraceae	Leptospira meyeri	AY631895	1464	7320	Leptospiraceae	Leptospira kirschneri	6098.0	1422	95	86	1299	0.9723	0.8628
AY631878	1422	7068	Leptospiraceae	Leptospira meyeri	AY631886	1431	7143	Leptospiraceae	Leptospira noguchii	6081.0	1422	93	84	1297	0.9694	0.8604
AY631878	1422	7068	Leptospiraceae	Leptospira meyeri	AY631879	1422	7104	Leptospiraceae	Leptospira wolbachii	7069.0	1422	1	1	1413	0.9944	1.0001
AY631878	1422	7068	Leptospiraceae	Leptospira meyeri	Z21634	1374	6852	Leptospiraceae	Leptospira inadai	5789.0	1367	93	86	1239	0.9672	0.8449
AY631878	1422	7068	Leptospiraceae	Leptospira meyeri	AY631883	1431	7149	Leptospiraceae	Leptospira santarosai	6072.0	1422	95	86	1297	0.9708	0.8591
AY631878	1422	7068	Leptospiraceae	Leptospira meyeri	EF025496	1318	6590	Leptospiraceae	Leptospira wolffii	5482.0	1309	98	89	1180	0.9672	0.8319
AY631878	1422	7068	Leptospiraceae	Leptospira meyeri	AY631880	1432	7154	Leptospiraceae	Leptospira alexanderi	6066.0	1422	104	94	1295	0.9752	0.8582
AY631878	1422	7068	Leptospiraceae	Leptospira meyeri	Z12817	1396	6980	Leptospiraceae	Leptospira interrogans	5911.0	1384	98	86	1262	0.9723	0.8468
AY631878	1422	7068	Leptospiraceae	Leptospira meyeri	EF612284	1348	6740	Leptospiraceae	Leptospira licerasiae	5649.0	1339	97	88	1212	0.9688	0.8381
AY631878	1422	7068	Leptospiraceae	Leptospira meyeri	AY293856	1360	6800	Leptospiraceae	Turneriella parva	4960.0	1342	153	135	1135	0.9403	0.7294
AY631878	1422	7068	Leptospiraceae	Leptospira meyeri	AY631876	1422	7104	Leptospiraceae	Leptospira biflexa	7069.0	1422	1	1	1413	0.9944	1.0001
AY631878	1422	7068	Leptospiraceae	Leptospira meyeri	KJ847187	1313	6565	Leptospiraceae	Leptospira mayottensis	5553.0	1304	95	86	1186	0.9737	0.8458
AY631881	1431	7155	Leptospiraceae	Leptospira alstonii	AY796065	1431	7155	Leptospiraceae	Leptospira broomii	6613.0	1431	30	30	1368	0.9764	0.9242
AY631881	1431	7155	Leptospiraceae	Leptospira alstonii	AY631897	1422	7110	Leptospiraceae	Leptospira vanthielii	6079.0	1431	92	101	1299	0.9767	0.8550
AY631881	1431	7155	Leptospiraceae	Leptospira alstonii	AB721966	1443	7215	Leptospiraceae	Leptospira idonii	6081.0	1431	89	98	1300	0.9752	0.8499
AY631881	1431	7155	Leptospiraceae	Leptospira alstonii	AY631895	1464	7320	Leptospiraceae	Leptospira kirschneri	7047.0	1431	0	0	1419	0.9916	0.9849
AY631881	1431	7155	Leptospiraceae	Leptospira alstonii	AY631886	1431	7143	Leptospiraceae	Leptospira noguchii	7039.0	1431	0	0	1417	0.9902	0.9854
AY631881	1431	7155	Leptospiraceae	Leptospira alstonii	AY631879	1422	7104	Leptospiraceae	Leptospira wolbachii	6076.0	1431	92	101	1298	0.9759	0.8553
AY631881	1431	7155	Leptospiraceae	Leptospira alstonii	Z21634	1374	6852	Leptospiraceae	Leptospira inadai	6488.0	1376	19	21	1329	0.9808	0.9469
AY631881	1431	7155	Leptospiraceae	Leptospira alstonii	AY631883	1431	7149	Leptospiraceae	Leptospira santarosai	6982.0	1431	4	4	1411	0.9888	0.9766
AY631881	1431	7155	Leptospiraceae	Leptospira alstonii	EF025496	1318	6590	Leptospiraceae	Leptospira wolffii	6093.0	1318	28	28	1260	0.9767	0.9246
AY631881	1431	7155	Leptospiraceae	Leptospira alstonii	AY631880	1432	7154	Leptospiraceae	Leptospira alexanderi	7007.0	1431	4	3	1414	0.9902	0.9795
AY631881	1431	7155	Leptospiraceae	Leptospira alstonii	Z12817	1396	6980	Leptospiraceae	Leptospira interrogans	6842.0	1393	3	0	1380	0.9907	0.9802
AY631881	1431	7155	Leptospiraceae	Leptospira alstonii	EF612284	1348	6740	Leptospiraceae	Leptospira licerasiae	6284.0	1348	26	26	1295	0.9796	0.9323
AY631881	1431	7155	Leptospiraceae	Leptospira alstonii	AY293856	1360	6800	Leptospiraceae	Turneriella parva	5080.0	1351	135	126	1154	0.9420	0.7471
AY631881	1431	7155	Leptospiraceae	Leptospira alstonii	AY631876	1422	7104	Leptospiraceae	Leptospira biflexa	6082.0	1431	91	100	1299	0.9760	0.8561
AY631881	1431	7155	Leptospiraceae	Leptospira alstonii	KJ847187	1313	6565	Leptospiraceae	Leptospira mayottensis	6441.0	1313	3	3	1299	0.9916	0.9811
AY796065	1431	7155	Leptospiraceae	Leptospira broomii	AY631897	1422	7110	Leptospiraceae	Leptospira vanthielii	5989.0	1431	92	101	1289	0.9692	0.8423
AY796065	1431	7155	Leptospiraceae	Leptospira broomii	AB721966	1443	7215	Leptospiraceae	Leptospira idonii	6022.0	1431	90	99	1293	0.9707	0.8416
AY796065	1431	7155	Leptospiraceae	Leptospira broomii	AY631895	1464	7320	Leptospiraceae	Leptospira kirschneri	6626.0	1431	34	34	1369	0.9800	0.9261
AY796065	1431	7155	Leptospiraceae	Leptospira broomii	AY631886	1431	7143	Leptospiraceae	Leptospira noguchii	6618.0	1431	33	33	1367	0.9778	0.9265
AY796065	1431	7155	Leptospiraceae	Leptospira broomii	AY631879	1422	7104	Leptospiraceae	Leptospira wolbachii	5970.0	1431	93	102	1286	0.9676	0.8404
AY796065	1431	7155	Leptospiraceae	Leptospira broomii	Z21634	1374	6852	Leptospiraceae	Leptospira inadai	6656.0	1376	13	15	1348	0.9904	0.9714
AY796065	1431	7155	Leptospiraceae	Leptospira broomii	AY631883	1431	7149	Leptospiraceae	Leptospira santarosai	6608.0	1431	32	32	1367	0.9771	0.9243
AY796065	1431	7155	Leptospiraceae	Leptospira broomii	EF025496	1318	6590	Leptospiraceae	Leptospira wolffii	6334.0	1318	7	7	1289	0.9832	0.9612
AY796065	1431	7155	Leptospiraceae	Leptospira broomii	AY631880	1432	7154	Leptospiraceae	Leptospira alexanderi	6612.0	1431	34	33	1367	0.9778	0.9242
AY796065	1431	7155	Leptospiraceae	Leptospira broomii	Z12817	1396	6980	Leptospiraceae	Leptospira interrogans	6431.0	1393	38	35	1331	0.9801	0.9213
AY796065	1431	7155	Leptospiraceae	Leptospira broomii	EF612284	1348	6740	Leptospiraceae	Leptospira licerasiae	6470.0	1348	12	12	1317	0.9858	0.9599
AY796065	1431	7155	Leptospiraceae	Leptospira broomii	AY293856	1360	6800	Leptospiraceae	Turneriella parva	5118.0	1351	129	120	1159	0.9415	0.7526
AY796065	1431	7155	Leptospiraceae	Leptospira broomii	AY631876	1422	7104	Leptospiraceae	Leptospira biflexa	5984.0	1431	91	100	1288	0.9677	0.8423
AY796065	1431	7155	Leptospiraceae	Leptospira broomii	KJ847187	1313	6565	Leptospiraceae	Leptospira mayottensis	6080.0	1313	32	32	1256	0.9805	0.9261
AY631897	1422	7110	Leptospiraceae	Leptospira vanthielii	AB721966	1443	7215	Leptospiraceae	Leptospira idonii	6840.0	1422	17	17	1390	0.9893	0.9620
AY631897	1422	7110	Leptospiraceae	Leptospira vanthielii	AY631895	1464	7320	Leptospiraceae	Leptospira kirschneri	6116.0	1422	99	90	1304	0.9790	0.8602
AY631897	1422	7110	Leptospiraceae	Leptospira vanthielii	AY631886	1431	7143	Leptospiraceae	Leptospira noguchii	6096.0	1422	95	86	1302	0.9746	0.8574
AY631897	1422	7110	Leptospiraceae	Leptospira vanthielii	AY631879	1422	7104	Leptospiraceae	Leptospira wolbachii	7070.0	1422	2	2	1417	0.9979	0.9952
AY631897	1422	7110	Leptospiraceae	Leptospira vanthielii	Z21634	1374	6852	Leptospiraceae	Leptospira inadai	5824.0	1367	93	86	1246	0.9727	0.8500
AY631897	1422	7110	Leptospiraceae	Leptospira vanthielii	AY631883	1431	7149	Leptospiraceae	Leptospira santarosai	6089.0	1422	95	86	1302	0.9746	0.8564
AY631897	1422	7110	Leptospiraceae	Leptospira vanthielii	EF025496	1318	6590	Leptospiraceae	Leptospira wolffii	5494.0	1309	98	89	1184	0.9705	0.8337
AY631897	1422	7110	Leptospiraceae	Leptospira vanthielii	AY631880	1432	7154	Leptospiraceae	Leptospira alexanderi	6084.0	1422	105	95	1300	0.9797	0.8557
AY631897	1422	7110	Leptospiraceae	Leptospira vanthielii	Z12817	1396	6980	Leptospiraceae	Leptospira interrogans	5929.0	1384	102	90	1267	0.9791	0.8494
AY631897	1422	7110	Leptospiraceae	Leptospira vanthielii	EF612284	1348	6740	Leptospiraceae	Leptospira licerasiae	5675.0	1339	96	87	1218	0.9728	0.8420
AY631897	1422	7110	Leptospiraceae	Leptospira vanthielii	AY293856	1360	6800	Leptospiraceae	Turneriella parva	4976.0	1342	153	135	1139	0.9437	0.7318
AY631897	1422	7110	Leptospiraceae	Leptospira vanthielii	AY631876	1422	7104	Leptospiraceae	Leptospira biflexa	7079.0	1422	0	0	1418	0.9972	0.9965
AY631897	1422	7110	Leptospiraceae	Leptospira vanthielii	KJ847187	1313	6565	Leptospiraceae	Leptospira mayottensis	5578.0	1304	96	87	1192	0.9795	0.8497
AB721966	1443	7215	Leptospiraceae	Leptospira idonii	AY631895	1464	7320	Leptospiraceae	Leptospira kirschneri	6174.0	1435	97	88	1316	0.9770	0.8557
AB721966	1443	7215	Leptospiraceae	Leptospira idonii	AY631886	1431	7143	Leptospiraceae	Leptospira noguchii	6094.0	1422	93	84	1301	0.9723	0.8531
AB721966	1443	7215	Leptospiraceae	Leptospira idonii	AY631879	1422	7104	Leptospiraceae	Leptospira wolbachii	6836.0	1422	17	17	1389	0.9886	0.9623
AB721966	1443	7215	Leptospiraceae	Leptospira idonii	Z21634	1374	6852	Leptospiraceae	Leptospira inadai	5837.0	1367	91	84	1248	0.9727	0.8519
AB721966	1443	7215	Leptospiraceae	Leptospira idonii	AY631883	1431	7149	Leptospiraceae	Leptospira santarosai	6111.0	1422	90	81	1305	0.9732	0.8548
AB721966	1443	7215	Leptospiraceae	Leptospira idonii	EF025496	1318	6590	Leptospiraceae	Leptospira wolffii	5470.0	1309	102	93	1181	0.9712	0.8300
AB721966	1443	7215	Leptospiraceae	Leptospira idonii	AY631880	1432	7154	Leptospiraceae	Leptospira alexanderi	6079.0	1422	100	90	1300	0.9760	0.8497
AB721966	1443	7215	Leptospiraceae	Leptospira idonii	Z12817	1396	6980	Leptospiraceae	Leptospira interrogans	5917.0	1384	97	85	1266	0.9746	0.8477
AB721966	1443	7215	Leptospiraceae	Leptospira idonii	EF612284	1348	6740	Leptospiraceae	Leptospira licerasiae	5661.0	1339	100	91	1216	0.9744	0.8399
AB721966	1443	7215	Leptospiraceae	Leptospira idonii	AY293856	1360	6800	Leptospiraceae	Turneriella parva	4995.0	1342	150	132	1141	0.9430	0.7346
AB721966	1443	7215	Leptospiraceae	Leptospira idonii	AY631876	1422	7104	Leptospiraceae	Leptospira biflexa	6844.0	1422	17	17	1390	0.9893	0.9634
AB721966	1443	7215	Leptospiraceae	Leptospira idonii	KJ847187	1313	6565	Leptospiraceae	Leptospira mayottensis	5556.0	1304	95	86	1190	0.9770	0.8463
AY631895	1464	7320	Leptospiraceae	Leptospira kirschneri	AY631886	1431	7143	Leptospiraceae	Leptospira noguchii	7093.0	1431	0	0	1423	0.9944	0.9930
AY631895	1464	7320	Leptospiraceae	Leptospira kirschneri	AY631879	1422	7104	Leptospiraceae	Leptospira wolbachii	6114.0	1431	88	97	1303	0.9768	0.8606
AY631895	1464	7320	Leptospiraceae	Leptospira kirschneri	Z21634	1374	6852	Leptospiraceae	Leptospira inadai	6510.0	1376	22	24	1331	0.9845	0.9501
AY631895	1464	7320	Leptospiraceae	Leptospira kirschneri	AY631883	1431	7149	Leptospiraceae	Leptospira santarosai	7017.0	1431	2	2	1415	0.9902	0.9815
AY631895	1464	7320	Leptospiraceae	Leptospira kirschneri	EF025496	1318	6590	Leptospiraceae	Leptospira wolffii	6129.0	1318	31	31	1264	0.9821	0.9300
AY631895	1464	7320	Leptospiraceae	Leptospira kirschneri	AY631880	1432	7154	Leptospiraceae	Leptospira alexanderi	7051.0	1431	2	1	1419	0.9923	0.9856
AY631895	1464	7320	Leptospiraceae	Leptospira kirschneri	Z12817	1396	6980	Leptospiraceae	Leptospira interrogans	6950.0	1393	3	0	1392	0.9993	0.9957
AY631895	1464	7320	Leptospiraceae	Leptospira kirschneri	EF612284	1348	6740	Leptospiraceae	Leptospira licerasiae	6303.0	1348	28	28	1297	0.9826	0.9352
AY631895	1464	7320	Leptospiraceae	Leptospira kirschneri	AY293856	1360	6800	Leptospiraceae	Turneriella parva	5094.0	1351	132	123	1157	0.9422	0.7491
AY631895	1464	7320	Leptospiraceae	Leptospira kirschneri	AY631876	1422	7104	Leptospiraceae	Leptospira biflexa	6120.0	1431	87	96	1304	0.9768	0.8615
AY631895	1464	7320	Leptospiraceae	Leptospira kirschneri	KJ847187	1313	6565	Leptospiraceae	Leptospira mayottensis	6449.0	1313	2	2	1300	0.9916	0.9823
AY631886	1431	7143	Leptospiraceae	Leptospira noguchii	AY631879	1422	7104	Leptospiraceae	Leptospira wolbachii	6088.0	1431	86	95	1300	0.9731	0.8570
AY631886	1431	7143	Leptospiraceae	Leptospira noguchii	Z21634	1374	6852	Leptospiraceae	Leptospira inadai	6475.0	1376	22	24	1326	0.9808	0.9450
AY631886	1431	7143	Leptospiraceae	Leptospira noguchii	AY631883	1431	7149	Leptospiraceae	Leptospira santarosai	7036.0	1431	2	2	1416	0.9909	0.9850
AY631886	1431	7143	Leptospiraceae	Leptospira noguchii	EF025496	1318	6590	Leptospiraceae	Leptospira wolffii	6124.0	1318	33	33	1262	0.9821	0.9293
AY631886	1431	7143	Leptospiraceae	Leptospira noguchii	AY631880	1432	7154	Leptospiraceae	Leptospira alexanderi	7025.0	1431	2	1	1415	0.9895	0.9835
AY631886	1431	7143	Leptospiraceae	Leptospira noguchii	Z12817	1396	6980	Leptospiraceae	Leptospira interrogans	6892.0	1393	4	1	1385	0.9950	0.9874
AY631886	1431	7143	Leptospiraceae	Leptospira noguchii	EF612284	1348	6740	Leptospiraceae	Leptospira licerasiae	6306.0	1348	29	29	1296	0.9826	0.9356
AY631886	1431	7143	Leptospiraceae	Leptospira noguchii	AY293856	1360	6800	Leptospiraceae	Turneriella parva	5118.0	1351	131	122	1159	0.9430	0.7526
AY631886	1431	7143	Leptospiraceae	Leptospira noguchii	AY631876	1422	7104	Leptospiraceae	Leptospira biflexa	6094.0	1431	85	94	1301	0.9731	0.8578
AY631886	1431	7143	Leptospiraceae	Leptospira noguchii	KJ847187	1313	6565	Leptospiraceae	Leptospira mayottensis	6459.0	1313	2	2	1300	0.9916	0.9839
AY631879	1422	7104	Leptospiraceae	Leptospira wolbachii	Z21634	1374	6852	Leptospiraceae	Leptospira inadai	5809.0	1367	95	88	1244	0.9726	0.8478
AY631879	1422	7104	Leptospiraceae	Leptospira wolbachii	AY631883	1431	7149	Leptospiraceae	Leptospira santarosai	6079.0	1422	97	88	1300	0.9745	0.8557
AY631879	1422	7104	Leptospiraceae	Leptospira wolbachii	EF025496	1318	6590	Leptospiraceae	Leptospira wolffii	5511.0	1309	96	87	1186	0.9705	0.8363
AY631879	1422	7104	Leptospiraceae	Leptospira wolbachii	AY631880	1432	7154	Leptospiraceae	Leptospira alexanderi	6082.0	1422	106	96	1299	0.9796	0.8561
AY631879	1422	7104	Leptospiraceae	Leptospira wolbachii	Z12817	1396	6980	Leptospiraceae	Leptospira interrogans	5927.0	1384	100	88	1266	0.9769	0.8491
AY631879	1422	7104	Leptospiraceae	Leptospira wolbachii	EF612284	1348	6740	Leptospiraceae	Leptospira licerasiae	5660.0	1339	98	89	1216	0.9728	0.8398
AY631879	1422	7104	Leptospiraceae	Leptospira wolbachii	AY293856	1360	6800	Leptospiraceae	Turneriella parva	4975.0	1342	152	134	1139	0.9429	0.7316
AY631879	1422	7104	Leptospiraceae	Leptospira wolbachii	AY631876	1422	7104	Leptospiraceae	Leptospira biflexa	7084.0	1422	2	2	1418	0.9986	0.9972
AY631879	1422	7104	Leptospiraceae	Leptospira wolbachii	KJ847187	1313	6565	Leptospiraceae	Leptospira mayottensis	5564.0	1304	97	88	1190	0.9786	0.8475
Z21634	1374	6852	Leptospiraceae	Leptospira inadai	AY631883	1431	7149	Leptospiraceae	Leptospira santarosai	6474.0	1374	23	21	1327	0.9808	0.9448
Z21634	1374	6852	Leptospiraceae	Leptospira inadai	EF025496	1318	6590	Leptospiraceae	Leptospira wolffii	6193.0	1315	18	16	1270	0.9777	0.9398
Z21634	1374	6852	Leptospiraceae	Leptospira inadai	AY631880	1432	7154	Leptospiraceae	Leptospira alexanderi	6487.0	1374	25	22	1328	0.9822	0.9467
Z21634	1374	6852	Leptospiraceae	Leptospira inadai	Z12817	1396	6980	Leptospiraceae	Leptospira interrogans	6393.0	1350	28	23	1309	0.9864	0.9330
Z21634	1374	6852	Leptospiraceae	Leptospira inadai	EF612284	1348	6740	Leptospiraceae	Leptospira licerasiae	6318.0	1346	28	26	1298	0.9833	0.9374
Z21634	1374	6852	Leptospiraceae	Leptospira inadai	AY293856	1360	6800	Leptospiraceae	Turneriella parva	5075.0	1345	126	115	1152	0.9366	0.7463
Z21634	1374	6852	Leptospiraceae	Leptospira inadai	AY631876	1422	7104	Leptospiraceae	Leptospira biflexa	5811.0	1374	86	93	1244	0.9711	0.8481
Z21634	1374	6852	Leptospiraceae	Leptospira inadai	KJ847187	1313	6565	Leptospiraceae	Leptospira mayottensis	6177.0	1311	26	24	1267	0.9845	0.9409
AY631883	1431	7149	Leptospiraceae	Leptospira santarosai	EF025496	1318	6590	Leptospiraceae	Leptospira wolffii	6087.0	1318	31	31	1259	0.9782	0.9237
AY631883	1431	7149	Leptospiraceae	Leptospira santarosai	AY631880	1432	7154	Leptospiraceae	Leptospira alexanderi	7007.0	1431	8	7	1413	0.9923	0.9801
AY631883	1431	7149	Leptospiraceae	Leptospira santarosai	Z12817	1396	6980	Leptospiraceae	Leptospira interrogans	6821.0	1393	6	3	1377	0.9906	0.9772
AY631883	1431	7149	Leptospiraceae	Leptospira santarosai	EF612284	1348	6740	Leptospiraceae	Leptospira licerasiae	6269.0	1348	27	27	1293	0.9788	0.9301
AY631883	1431	7149	Leptospiraceae	Leptospira santarosai	AY293856	1360	6800	Leptospiraceae	Turneriella parva	5097.0	1351	135	126	1156	0.9437	0.7496
AY631883	1431	7149	Leptospiraceae	Leptospira santarosai	AY631876	1422	7104	Leptospiraceae	Leptospira biflexa	6085.0	1431	87	96	1301	0.9745	0.8566
AY631883	1431	7149	Leptospiraceae	Leptospira santarosai	KJ847187	1313	6565	Leptospiraceae	Leptospira mayottensis	6446.0	1313	3	3	1299	0.9916	0.9819
EF025496	1318	6590	Leptospiraceae	Leptospira wolffii	AY631880	1432	7154	Leptospiraceae	Leptospira alexanderi	6099.0	1318	32	31	1260	0.9790	0.9255
EF025496	1318	6590	Leptospiraceae	Leptospira wolffii	Z12817	1396	6980	Leptospiraceae	Leptospira interrogans	5990.0	1293	35	32	1238	0.9818	0.9090
EF025496	1318	6590	Leptospiraceae	Leptospira wolffii	EF612284	1348	6740	Leptospiraceae	Leptospira licerasiae	6307.0	1289	8	8	1273	0.9938	0.9571
EF025496	1318	6590	Leptospiraceae	Leptospira wolffii	AY293856	1360	6800	Leptospiraceae	Turneriella parva	4941.0	1318	130	121	1125	0.9398	0.7498
EF025496	1318	6590	Leptospiraceae	Leptospira wolffii	AY631876	1422	7104	Leptospiraceae	Leptospira biflexa	5489.0	1318	89	98	1183	0.9697	0.8329
EF025496	1318	6590	Leptospiraceae	Leptospira wolffii	KJ847187	1313	6565	Leptospiraceae	Leptospira mayottensis	6090.0	1313	33	33	1257	0.9820	0.9276
AY631880	1432	7154	Leptospiraceae	Leptospira alexanderi	Z12817	1396	6980	Leptospiraceae	Leptospira interrogans	6855.0	1394	4	2	1381	0.9921	0.9821
AY631880	1432	7154	Leptospiraceae	Leptospira alexanderi	EF612284	1348	6740	Leptospiraceae	Leptospira licerasiae	6282.0	1349	28	29	1294	0.9803	0.9320
AY631880	1432	7154	Leptospiraceae	Leptospira alexanderi	AY293856	1360	6800	Leptospiraceae	Turneriella parva	5095.0	1352	131	123	1157	0.9414	0.7493
AY631880	1432	7154	Leptospiraceae	Leptospira alexanderi	AY631876	1422	7104	Leptospiraceae	Leptospira biflexa	6088.0	1432	95	105	1300	0.9797	0.8570
AY631880	1432	7154	Leptospiraceae	Leptospira alexanderi	KJ847187	1313	6565	Leptospiraceae	Leptospira mayottensis	6479.0	1314	2	3	1303	0.9939	0.9869
Z12817	1396	6980	Leptospiraceae	Leptospira interrogans	EF612284	1348	6740	Leptospiraceae	Leptospira licerasiae	6293.0	1349	29	30	1296	0.9826	0.9337
Z12817	1396	6980	Leptospiraceae	Leptospira interrogans	AY293856	1360	6800	Leptospiraceae	Turneriella parva	4967.0	1328	131	125	1132	0.9410	0.7304
Z12817	1396	6980	Leptospiraceae	Leptospira interrogans	AY631876	1422	7104	Leptospiraceae	Leptospira biflexa	5933.0	1396	87	99	1267	0.9769	0.8500
Z12817	1396	6980	Leptospiraceae	Leptospira interrogans	KJ847187	1313	6565	Leptospiraceae	Leptospira mayottensis	6334.0	1296	2	5	1279	0.9907	0.9648
EF612284	1348	6740	Leptospiraceae	Leptospira licerasiae	AY293856	1360	6800	Leptospiraceae	Turneriella parva	4937.0	1321	134	125	1125	0.9406	0.7325
EF612284	1348	6740	Leptospiraceae	Leptospira licerasiae	AY631876	1422	7104	Leptospiraceae	Leptospira biflexa	5670.0	1348	87	96	1217	0.9720	0.8412
EF612284	1348	6740	Leptospiraceae	Leptospira licerasiae	KJ847187	1313	6565	Leptospiraceae	Leptospira mayottensis	6027.0	1289	28	28	1240	0.9833	0.9181
AY293856	1360	6800	Leptospiraceae	Turneriella parva	AY631876	1422	7104	Leptospiraceae	Leptospira biflexa	4966.0	1360	137	155	1137	0.9436	0.7303
AY293856	1360	6800	Leptospiraceae	Turneriella parva	KJ847187	1313	6565	Leptospiraceae	Leptospira mayottensis	4926.0	1322	124	133	1121	0.9428	0.7503
AY631876	1422	7104	Leptospiraceae	Leptospira biflexa	KJ847187	1313	6565	Leptospiraceae	Leptospira mayottensis	5566.0	1304	96	87	1190	0.9778	0.8478
