HG421076	1415	7075	Leptotrichiaceae	Streptobacillus felis	JQ087389	1505	7519	Leptotrichiaceae	Streptobacillus hongkongensis	6582.0	1415	48	47	1356	0.9912	0.9303
HG421076	1415	7075	Leptotrichiaceae	Streptobacillus felis	AY029806	1485	7419	Leptotrichiaceae	Leptotrichia shahii	5703.0	1415	110	115	1250	0.9615	0.8061
HG421076	1415	7075	Leptotrichiaceae	Streptobacillus felis	AY029803	1486	7412	Leptotrichiaceae	Leptotrichia hofstadii	5721.0	1415	109	113	1251	0.9608	0.8086
HG421076	1415	7075	Leptotrichiaceae	Streptobacillus felis	KR001919	1481	7405	Leptotrichiaceae	Streptobacillus notomytis	6874.0	1415	13	12	1392	0.9922	0.9716
HG421076	1415	7075	Leptotrichiaceae	Streptobacillus felis	AY029802	1486	7412	Leptotrichiaceae	Leptotrichia wadei	5678.0	1415	117	121	1247	0.9637	0.8025
HG421076	1415	7075	Leptotrichiaceae	Streptobacillus felis	CP001739	1502	7510	Leptotrichiaceae	Sebaldella termitidis	5887.0	1415	89	91	1274	0.9622	0.8321
HG421076	1415	7075	Leptotrichiaceae	Streptobacillus felis	CP001779	1506	7530	Leptotrichiaceae	Streptobacillus moniliformis	6847.0	1415	16	14	1389	0.9914	0.9678
HG421076	1415	7075	Leptotrichiaceae	Streptobacillus felis	CP001685	1505	7525	Leptotrichiaceae	Leptotrichia buccalis	5830.0	1415	110	114	1265	0.9723	0.8240
HG421076	1415	7075	Leptotrichiaceae	Streptobacillus felis	KP869170	1213	6059	Leptotrichiaceae	Hypnocyclicus thermotrophus	5070.0	1208	81	76	1094	0.9664	0.8368
HG421076	1415	7075	Leptotrichiaceae	Streptobacillus felis	EU919515	1268	6340	Leptotrichiaceae	Leptotrichia hongkongensis	5198.0	1274	91	97	1133	0.9626	0.8199
HG421076	1415	7075	Leptotrichiaceae	Streptobacillus felis	AJ344093	1362	6798	Leptotrichiaceae	Sneathia sanguinegens	5848.0	1337	64	64	1238	0.9725	0.8603
HG421076	1415	7075	Leptotrichiaceae	Streptobacillus felis	LOQG01000014	1499	7495	Leptotrichiaceae	Caviibacter abscessus	6211.0	1415	67	64	1314	0.9726	0.8779
HG421076	1415	7075	Leptotrichiaceae	Streptobacillus felis	AF206305	1461	7299	Leptotrichiaceae	Leptotrichia trevisanii	5756.0	1415	96	101	1258	0.9574	0.8136
HG421076	1415	7075	Leptotrichiaceae	Streptobacillus felis	AY029807	1485	7419	Leptotrichiaceae	Leptotrichia goodfellowii	6012.0	1415	76	81	1289	0.9663	0.8498
HG421076	1415	7075	Leptotrichiaceae	Streptobacillus felis	KR001922	1482	7410	Leptotrichiaceae	Streptobacillus ratti	6862.0	1415	16	14	1391	0.9929	0.9699
HG421076	1415	7075	Leptotrichiaceae	Streptobacillus felis	LOQI01000092	1440	7200	Leptotrichiaceae	Oceanivirga salmonicida	6207.0	1399	57	53	1307	0.9710	0.8773
JQ087389	1505	7519	Leptotrichiaceae	Streptobacillus hongkongensis	AY029806	1485	7419	Leptotrichiaceae	Leptotrichia shahii	6133.0	1491	105	111	1331	0.9645	0.8267
JQ087389	1505	7519	Leptotrichiaceae	Streptobacillus hongkongensis	AY029803	1486	7412	Leptotrichiaceae	Leptotrichia hofstadii	6185.0	1491	103	108	1335	0.9653	0.8345
JQ087389	1505	7519	Leptotrichiaceae	Streptobacillus hongkongensis	KR001919	1481	7405	Leptotrichiaceae	Streptobacillus notomytis	6860.0	1481	51	51	1415	0.9895	0.9264
JQ087389	1505	7519	Leptotrichiaceae	Streptobacillus hongkongensis	AY029802	1486	7412	Leptotrichiaceae	Leptotrichia wadei	6095.0	1491	113	118	1326	0.9658	0.8223
JQ087389	1505	7519	Leptotrichiaceae	Streptobacillus hongkongensis	CP001739	1502	7510	Leptotrichiaceae	Sebaldella termitidis	6388.0	1505	83	86	1369	0.9648	0.8506
JQ087389	1505	7519	Leptotrichiaceae	Streptobacillus hongkongensis	CP001779	1506	7530	Leptotrichiaceae	Streptobacillus moniliformis	6980.0	1505	48	47	1440	0.9877	0.9283
JQ087389	1505	7519	Leptotrichiaceae	Streptobacillus hongkongensis	CP001685	1505	7525	Leptotrichiaceae	Leptotrichia buccalis	6349.0	1505	102	107	1363	0.9750	0.8444
JQ087389	1505	7519	Leptotrichiaceae	Streptobacillus hongkongensis	KP869170	1213	6059	Leptotrichiaceae	Hypnocyclicus thermotrophus	5073.0	1207	83	77	1093	0.9673	0.8373
JQ087389	1505	7519	Leptotrichiaceae	Streptobacillus hongkongensis	EU919515	1268	6340	Leptotrichiaceae	Leptotrichia hongkongensis	5298.0	1322	75	132	1152	0.9681	0.8356
JQ087389	1505	7519	Leptotrichiaceae	Streptobacillus hongkongensis	AJ344093	1362	6798	Leptotrichiaceae	Sneathia sanguinegens	5935.0	1363	68	69	1257	0.9714	0.8731
JQ087389	1505	7519	Leptotrichiaceae	Streptobacillus hongkongensis	LOQG01000014	1499	7495	Leptotrichiaceae	Caviibacter abscessus	6617.0	1497	66	64	1395	0.9735	0.8829
JQ087389	1505	7519	Leptotrichiaceae	Streptobacillus hongkongensis	AF206305	1461	7299	Leptotrichiaceae	Leptotrichia trevisanii	6071.0	1467	93	100	1315	0.9620	0.8318
JQ087389	1505	7519	Leptotrichiaceae	Streptobacillus hongkongensis	AY029807	1485	7419	Leptotrichiaceae	Leptotrichia goodfellowii	6526.0	1491	62	68	1380	0.9698	0.8796
JQ087389	1505	7519	Leptotrichiaceae	Streptobacillus hongkongensis	KR001922	1482	7410	Leptotrichiaceae	Streptobacillus ratti	6886.0	1481	54	53	1418	0.9930	0.9293
JQ087389	1505	7519	Leptotrichiaceae	Streptobacillus hongkongensis	LOQI01000092	1440	7200	Leptotrichiaceae	Oceanivirga salmonicida	6243.0	1437	77	74	1324	0.9714	0.8671
AY029806	1485	7419	Leptotrichiaceae	Leptotrichia shahii	AY029803	1486	7412	Leptotrichiaceae	Leptotrichia hofstadii	6939.0	1485	15	14	1429	0.9714	0.9362
AY029806	1485	7419	Leptotrichiaceae	Leptotrichia shahii	KR001919	1481	7405	Leptotrichiaceae	Streptobacillus notomytis	6014.0	1474	121	115	1312	0.9654	0.8122
AY029806	1485	7419	Leptotrichiaceae	Leptotrichia shahii	AY029802	1486	7412	Leptotrichiaceae	Leptotrichia wadei	6966.0	1485	23	22	1432	0.9788	0.9398
AY029806	1485	7419	Leptotrichiaceae	Leptotrichia shahii	CP001739	1502	7510	Leptotrichiaceae	Sebaldella termitidis	6116.0	1485	122	119	1327	0.9714	0.8244
AY029806	1485	7419	Leptotrichiaceae	Leptotrichia shahii	CP001779	1506	7530	Leptotrichiaceae	Streptobacillus moniliformis	6036.0	1485	119	112	1320	0.9614	0.8136
AY029806	1485	7419	Leptotrichiaceae	Leptotrichia shahii	CP001685	1505	7525	Leptotrichiaceae	Leptotrichia buccalis	6902.0	1485	27	26	1424	0.9760	0.9303
AY029806	1485	7419	Leptotrichiaceae	Leptotrichia shahii	KP869170	1213	6059	Leptotrichiaceae	Hypnocyclicus thermotrophus	4857.0	1208	97	93	1067	0.9570	0.8016
AY029806	1485	7419	Leptotrichiaceae	Leptotrichia shahii	EU919515	1268	6340	Leptotrichiaceae	Leptotrichia hongkongensis	6035.0	1269	13	14	1233	0.9825	0.9519
AY029806	1485	7419	Leptotrichiaceae	Leptotrichia shahii	AJ344093	1362	6798	Leptotrichiaceae	Sneathia sanguinegens	5486.0	1357	110	105	1202	0.9601	0.8070
AY029806	1485	7419	Leptotrichiaceae	Leptotrichia shahii	LOQG01000014	1499	7495	Leptotrichiaceae	Caviibacter abscessus	6047.0	1485	128	120	1320	0.9670	0.8151
AY029806	1485	7419	Leptotrichiaceae	Leptotrichia shahii	AF206305	1461	7299	Leptotrichiaceae	Leptotrichia trevisanii	6841.0	1460	25	26	1406	0.9805	0.9373
AY029806	1485	7419	Leptotrichiaceae	Leptotrichia shahii	AY029807	1485	7419	Leptotrichiaceae	Leptotrichia goodfellowii	6226.0	1485	94	94	1342	0.9648	0.8392
AY029806	1485	7419	Leptotrichiaceae	Leptotrichia shahii	KR001922	1482	7410	Leptotrichiaceae	Streptobacillus ratti	5995.0	1474	125	118	1309	0.9653	0.8090
AY029806	1485	7419	Leptotrichiaceae	Leptotrichia shahii	LOQI01000092	1440	7200	Leptotrichiaceae	Oceanivirga salmonicida	5719.0	1430	138	129	1258	0.9669	0.7943
AY029803	1486	7412	Leptotrichiaceae	Leptotrichia hofstadii	KR001919	1481	7405	Leptotrichiaceae	Streptobacillus notomytis	6045.0	1475	118	113	1314	0.9648	0.8163
AY029803	1486	7412	Leptotrichiaceae	Leptotrichia hofstadii	AY029802	1486	7412	Leptotrichiaceae	Leptotrichia wadei	6873.0	1486	28	28	1420	0.9739	0.9273
AY029803	1486	7412	Leptotrichiaceae	Leptotrichia hofstadii	CP001739	1502	7510	Leptotrichiaceae	Sebaldella termitidis	6134.0	1486	127	125	1327	0.9750	0.8276
AY029803	1486	7412	Leptotrichiaceae	Leptotrichia hofstadii	CP001779	1506	7530	Leptotrichiaceae	Streptobacillus moniliformis	6100.0	1486	116	110	1326	0.9637	0.8230
AY029803	1486	7412	Leptotrichiaceae	Leptotrichia hofstadii	CP001685	1505	7525	Leptotrichiaceae	Leptotrichia buccalis	7035.0	1486	14	14	1439	0.9776	0.9491
AY029803	1486	7412	Leptotrichiaceae	Leptotrichia hofstadii	KP869170	1213	6059	Leptotrichiaceae	Hypnocyclicus thermotrophus	4866.0	1208	102	97	1067	0.9604	0.8031
AY029803	1486	7412	Leptotrichiaceae	Leptotrichia hofstadii	EU919515	1268	6340	Leptotrichiaceae	Leptotrichia hongkongensis	5838.0	1269	28	29	1208	0.9742	0.9208
AY029803	1486	7412	Leptotrichiaceae	Leptotrichia hofstadii	AJ344093	1362	6798	Leptotrichiaceae	Sneathia sanguinegens	5403.0	1358	120	116	1190	0.9581	0.7948
AY029803	1486	7412	Leptotrichiaceae	Leptotrichia hofstadii	LOQG01000014	1499	7495	Leptotrichiaceae	Caviibacter abscessus	6060.0	1486	124	117	1321	0.9649	0.8176
AY029803	1486	7412	Leptotrichiaceae	Leptotrichia hofstadii	AF206305	1461	7299	Leptotrichiaceae	Leptotrichia trevisanii	6781.0	1461	31	33	1398	0.9790	0.9290
AY029803	1486	7412	Leptotrichiaceae	Leptotrichia hofstadii	AY029807	1485	7419	Leptotrichiaceae	Leptotrichia goodfellowii	6283.0	1486	90	91	1348	0.9663	0.8477
AY029803	1486	7412	Leptotrichiaceae	Leptotrichia hofstadii	KR001922	1482	7410	Leptotrichiaceae	Streptobacillus ratti	6054.0	1475	121	115	1315	0.9669	0.8170
AY029803	1486	7412	Leptotrichiaceae	Leptotrichia hofstadii	LOQI01000092	1440	7200	Leptotrichiaceae	Oceanivirga salmonicida	5779.0	1431	135	127	1264	0.9693	0.8026
KR001919	1481	7405	Leptotrichiaceae	Streptobacillus notomytis	AY029802	1486	7412	Leptotrichiaceae	Leptotrichia wadei	5987.0	1480	119	124	1309	0.9653	0.8085
KR001919	1481	7405	Leptotrichiaceae	Streptobacillus notomytis	CP001739	1502	7510	Leptotrichiaceae	Sebaldella termitidis	6206.0	1481	86	89	1339	0.9619	0.8381
KR001919	1481	7405	Leptotrichiaceae	Streptobacillus notomytis	CP001779	1506	7530	Leptotrichiaceae	Streptobacillus moniliformis	7279.0	1481	6	5	1467	0.9939	0.9830
KR001919	1481	7405	Leptotrichiaceae	Streptobacillus notomytis	CP001685	1505	7525	Leptotrichiaceae	Leptotrichia buccalis	6165.0	1481	112	117	1330	0.9751	0.8325
KR001919	1481	7405	Leptotrichiaceae	Streptobacillus notomytis	KP869170	1213	6059	Leptotrichiaceae	Hypnocyclicus thermotrophus	5032.0	1207	83	77	1089	0.9637	0.8305
KR001919	1481	7405	Leptotrichiaceae	Streptobacillus notomytis	EU919515	1268	6340	Leptotrichiaceae	Leptotrichia hongkongensis	5210.0	1322	87	144	1141	0.9686	0.8218
KR001919	1481	7405	Leptotrichiaceae	Streptobacillus notomytis	AJ344093	1362	6798	Leptotrichiaceae	Sneathia sanguinegens	5971.0	1363	63	64	1263	0.9723	0.8783
KR001919	1481	7405	Leptotrichiaceae	Streptobacillus notomytis	LOQG01000014	1499	7495	Leptotrichiaceae	Caviibacter abscessus	6524.0	1481	68	66	1377	0.9731	0.8810
KR001919	1481	7405	Leptotrichiaceae	Streptobacillus notomytis	AF206305	1461	7299	Leptotrichiaceae	Leptotrichia trevisanii	5985.0	1467	104	111	1305	0.9624	0.8200
KR001919	1481	7405	Leptotrichiaceae	Streptobacillus notomytis	AY029807	1485	7419	Leptotrichiaceae	Leptotrichia goodfellowii	6343.0	1480	78	84	1353	0.9692	0.8566
KR001919	1481	7405	Leptotrichiaceae	Streptobacillus notomytis	KR001922	1482	7410	Leptotrichiaceae	Streptobacillus ratti	7212.0	1481	13	12	1459	0.9932	0.9739
KR001919	1481	7405	Leptotrichiaceae	Streptobacillus notomytis	LOQI01000092	1440	7200	Leptotrichiaceae	Oceanivirga salmonicida	6400.0	1437	60	57	1345	0.9746	0.8889
AY029802	1486	7412	Leptotrichiaceae	Leptotrichia wadei	CP001739	1502	7510	Leptotrichiaceae	Sebaldella termitidis	6132.0	1486	123	121	1329	0.9736	0.8273
AY029802	1486	7412	Leptotrichiaceae	Leptotrichia wadei	CP001779	1506	7530	Leptotrichiaceae	Streptobacillus moniliformis	6050.0	1486	120	114	1321	0.9628	0.8162
AY029802	1486	7412	Leptotrichiaceae	Leptotrichia wadei	CP001685	1505	7525	Leptotrichiaceae	Leptotrichia buccalis	6801.0	1486	38	38	1411	0.9744	0.9176
AY029802	1486	7412	Leptotrichiaceae	Leptotrichia wadei	KP869170	1213	6059	Leptotrichiaceae	Hypnocyclicus thermotrophus	4885.0	1218	96	101	1072	0.9597	0.8062
AY029802	1486	7412	Leptotrichiaceae	Leptotrichia wadei	EU919515	1268	6340	Leptotrichiaceae	Leptotrichia hongkongensis	5878.0	1269	19	20	1214	0.9720	0.9271
AY029802	1486	7412	Leptotrichiaceae	Leptotrichia wadei	AJ344093	1362	6798	Leptotrichiaceae	Sneathia sanguinegens	5439.0	1358	123	119	1195	0.9645	0.8001
AY029802	1486	7412	Leptotrichiaceae	Leptotrichia wadei	LOQG01000014	1499	7495	Leptotrichiaceae	Caviibacter abscessus	6082.0	1486	126	119	1324	0.9685	0.8206
AY029802	1486	7412	Leptotrichiaceae	Leptotrichia wadei	AF206305	1461	7299	Leptotrichiaceae	Leptotrichia trevisanii	6765.0	1461	23	25	1397	0.9728	0.9268
AY029802	1486	7412	Leptotrichiaceae	Leptotrichia wadei	AY029807	1485	7419	Leptotrichiaceae	Leptotrichia goodfellowii	6174.0	1486	94	95	1336	0.9605	0.8330
AY029802	1486	7412	Leptotrichiaceae	Leptotrichia wadei	KR001922	1482	7410	Leptotrichiaceae	Streptobacillus ratti	6010.0	1475	122	116	1311	0.9647	0.8111
AY029802	1486	7412	Leptotrichiaceae	Leptotrichia wadei	LOQI01000092	1440	7200	Leptotrichiaceae	Oceanivirga salmonicida	5724.0	1431	140	132	1258	0.9684	0.7950
CP001739	1502	7510	Leptotrichiaceae	Sebaldella termitidis	CP001779	1506	7530	Leptotrichiaceae	Streptobacillus moniliformis	6298.0	1502	90	86	1360	0.9605	0.8386
CP001739	1502	7510	Leptotrichiaceae	Sebaldella termitidis	CP001685	1505	7525	Leptotrichiaceae	Leptotrichia buccalis	6316.0	1502	113	115	1357	0.9784	0.8410
CP001739	1502	7510	Leptotrichiaceae	Sebaldella termitidis	KP869170	1213	6059	Leptotrichiaceae	Hypnocyclicus thermotrophus	5093.0	1207	82	76	1096	0.9691	0.8406
CP001739	1502	7510	Leptotrichiaceae	Sebaldella termitidis	EU919515	1268	6340	Leptotrichiaceae	Leptotrichia hongkongensis	5229.0	1319	96	150	1141	0.9760	0.8248
CP001739	1502	7510	Leptotrichiaceae	Sebaldella termitidis	AJ344093	1362	6798	Leptotrichiaceae	Sneathia sanguinegens	5648.0	1358	87	83	1223	0.9592	0.8308
CP001739	1502	7510	Leptotrichiaceae	Sebaldella termitidis	LOQG01000014	1499	7495	Leptotrichiaceae	Caviibacter abscessus	6285.0	1494	99	94	1354	0.9671	0.8386
CP001739	1502	7510	Leptotrichiaceae	Sebaldella termitidis	AF206305	1461	7299	Leptotrichiaceae	Leptotrichia trevisanii	6013.0	1464	117	121	1305	0.9717	0.8238
CP001739	1502	7510	Leptotrichiaceae	Sebaldella termitidis	AY029807	1485	7419	Leptotrichiaceae	Leptotrichia goodfellowii	6401.0	1488	78	81	1364	0.9694	0.8628
CP001739	1502	7510	Leptotrichiaceae	Sebaldella termitidis	KR001922	1482	7410	Leptotrichiaceae	Streptobacillus ratti	6224.0	1478	87	83	1341	0.9613	0.8399
CP001739	1502	7510	Leptotrichiaceae	Sebaldella termitidis	LOQI01000092	1440	7200	Leptotrichiaceae	Oceanivirga salmonicida	6018.0	1434	100	94	1298	0.9687	0.8358
CP001779	1506	7530	Leptotrichiaceae	Streptobacillus moniliformis	CP001685	1505	7525	Leptotrichiaceae	Leptotrichia buccalis	6266.0	1506	109	115	1353	0.9727	0.8327
CP001779	1506	7530	Leptotrichiaceae	Streptobacillus moniliformis	KP869170	1213	6059	Leptotrichiaceae	Hypnocyclicus thermotrophus	5027.0	1208	83	78	1089	0.9637	0.8297
CP001779	1506	7530	Leptotrichiaceae	Streptobacillus moniliformis	EU919515	1268	6340	Leptotrichiaceae	Leptotrichia hongkongensis	5167.0	1275	96	103	1129	0.9633	0.8150
CP001779	1506	7530	Leptotrichiaceae	Streptobacillus moniliformis	AJ344093	1362	6798	Leptotrichiaceae	Sneathia sanguinegens	5966.0	1364	61	63	1263	0.9708	0.8776
CP001779	1506	7530	Leptotrichiaceae	Streptobacillus moniliformis	LOQG01000014	1499	7495	Leptotrichiaceae	Caviibacter abscessus	6602.0	1498	61	60	1394	0.9694	0.8809
CP001779	1506	7530	Leptotrichiaceae	Streptobacillus moniliformis	AF206305	1461	7299	Leptotrichiaceae	Leptotrichia trevisanii	5972.0	1468	98	106	1304	0.9574	0.8182
CP001779	1506	7530	Leptotrichiaceae	Streptobacillus moniliformis	AY029807	1485	7419	Leptotrichiaceae	Leptotrichia goodfellowii	6383.0	1492	77	84	1363	0.9680	0.8604
CP001779	1506	7530	Leptotrichiaceae	Streptobacillus moniliformis	KR001922	1482	7410	Leptotrichiaceae	Streptobacillus ratti	7213.0	1482	13	13	1459	0.9932	0.9734
CP001779	1506	7530	Leptotrichiaceae	Streptobacillus moniliformis	LOQI01000092	1440	7200	Leptotrichiaceae	Oceanivirga salmonicida	6390.0	1438	59	57	1344	0.9732	0.8875
CP001685	1505	7525	Leptotrichiaceae	Leptotrichia buccalis	KP869170	1213	6059	Leptotrichiaceae	Hypnocyclicus thermotrophus	4991.0	1208	91	86	1083	0.9652	0.8237
CP001685	1505	7525	Leptotrichiaceae	Leptotrichia buccalis	EU919515	1268	6340	Leptotrichiaceae	Leptotrichia hongkongensis	5807.0	1269	37	38	1205	0.9789	0.9159
CP001685	1505	7525	Leptotrichiaceae	Leptotrichia buccalis	AJ344093	1362	6798	Leptotrichiaceae	Sneathia sanguinegens	5496.0	1358	117	113	1203	0.9663	0.8085
CP001685	1505	7525	Leptotrichiaceae	Leptotrichia buccalis	LOQG01000014	1499	7495	Leptotrichiaceae	Caviibacter abscessus	6199.0	1492	114	107	1342	0.9690	0.8271
CP001685	1505	7525	Leptotrichiaceae	Leptotrichia buccalis	AF206305	1461	7299	Leptotrichiaceae	Leptotrichia trevisanii	6709.0	1462	47	49	1390	0.9837	0.9192
CP001685	1505	7525	Leptotrichiaceae	Leptotrichia buccalis	AY029807	1485	7419	Leptotrichiaceae	Leptotrichia goodfellowii	6406.0	1486	74	75	1364	0.9667	0.8635
CP001685	1505	7525	Leptotrichiaceae	Leptotrichia buccalis	KR001922	1482	7410	Leptotrichiaceae	Streptobacillus ratti	6156.0	1476	121	115	1329	0.9765	0.8308
CP001685	1505	7525	Leptotrichiaceae	Leptotrichia buccalis	LOQI01000092	1440	7200	Leptotrichiaceae	Oceanivirga salmonicida	5888.0	1432	126	118	1280	0.9741	0.8178
KP869170	1213	6059	Leptotrichiaceae	Hypnocyclicus thermotrophus	EU919515	1268	6340	Leptotrichiaceae	Leptotrichia hongkongensis	4873.0	1212	96	103	1067	0.9621	0.8043
KP869170	1213	6059	Leptotrichiaceae	Hypnocyclicus thermotrophus	AJ344093	1362	6798	Leptotrichiaceae	Sneathia sanguinegens	4855.0	1213	98	101	1067	0.9595	0.8013
KP869170	1213	6059	Leptotrichiaceae	Hypnocyclicus thermotrophus	LOQG01000014	1499	7495	Leptotrichiaceae	Caviibacter abscessus	4865.0	1213	88	91	1069	0.9528	0.8029
KP869170	1213	6059	Leptotrichiaceae	Hypnocyclicus thermotrophus	AF206305	1461	7299	Leptotrichiaceae	Leptotrichia trevisanii	4882.0	1212	166	91	1083	0.9661	0.8057
KP869170	1213	6059	Leptotrichiaceae	Hypnocyclicus thermotrophus	AY029807	1485	7419	Leptotrichiaceae	Leptotrichia goodfellowii	5028.0	1213	72	80	1088	0.9603	0.8298
KP869170	1213	6059	Leptotrichiaceae	Hypnocyclicus thermotrophus	KR001922	1482	7410	Leptotrichiaceae	Streptobacillus ratti	5087.0	1213	75	80	1096	0.9673	0.8396
KP869170	1213	6059	Leptotrichiaceae	Hypnocyclicus thermotrophus	LOQI01000092	1440	7200	Leptotrichiaceae	Oceanivirga salmonicida	5015.0	1213	76	80	1088	0.9603	0.8277
EU919515	1268	6340	Leptotrichiaceae	Leptotrichia hongkongensis	AJ344093	1362	6798	Leptotrichiaceae	Sneathia sanguinegens	5095.0	1268	113	104	1119	0.9613	0.8036
EU919515	1268	6340	Leptotrichiaceae	Leptotrichia hongkongensis	LOQG01000014	1499	7495	Leptotrichiaceae	Caviibacter abscessus	5206.0	1268	111	103	1133	0.9725	0.8211
EU919515	1268	6340	Leptotrichiaceae	Leptotrichia hongkongensis	AF206305	1461	7299	Leptotrichiaceae	Leptotrichia trevisanii	6030.0	1268	6	6	1233	0.9770	0.9511
EU919515	1268	6340	Leptotrichiaceae	Leptotrichia hongkongensis	AY029807	1485	7419	Leptotrichiaceae	Leptotrichia goodfellowii	5351.0	1268	74	71	1151	0.9616	0.8440
EU919515	1268	6340	Leptotrichiaceae	Leptotrichia hongkongensis	KR001922	1482	7410	Leptotrichiaceae	Streptobacillus ratti	5180.0	1265	153	95	1136	0.9709	0.8170
EU919515	1268	6340	Leptotrichiaceae	Leptotrichia hongkongensis	LOQI01000092	1440	7200	Leptotrichiaceae	Oceanivirga salmonicida	5087.0	1268	120	108	1119	0.9647	0.8024
AJ344093	1362	6798	Leptotrichiaceae	Sneathia sanguinegens	LOQG01000014	1499	7495	Leptotrichiaceae	Caviibacter abscessus	6142.0	1362	56	53	1283	0.9801	0.9035
AJ344093	1362	6798	Leptotrichiaceae	Sneathia sanguinegens	AF206305	1461	7299	Leptotrichiaceae	Leptotrichia trevisanii	5458.0	1362	110	115	1198	0.9607	0.8029
AJ344093	1362	6798	Leptotrichiaceae	Sneathia sanguinegens	AY029807	1485	7419	Leptotrichiaceae	Leptotrichia goodfellowii	5718.0	1362	90	93	1230	0.9693	0.8411
AJ344093	1362	6798	Leptotrichiaceae	Sneathia sanguinegens	KR001922	1482	7410	Leptotrichiaceae	Streptobacillus ratti	5971.0	1362	63	61	1263	0.9708	0.8783
AJ344093	1362	6798	Leptotrichiaceae	Sneathia sanguinegens	LOQI01000092	1440	7200	Leptotrichiaceae	Oceanivirga salmonicida	6099.0	1362	47	45	1278	0.9704	0.8972
LOQG01000014	1499	7495	Leptotrichiaceae	Caviibacter abscessus	AF206305	1461	7299	Leptotrichiaceae	Leptotrichia trevisanii	5992.0	1469	108	117	1306	0.9660	0.8209
LOQG01000014	1499	7495	Leptotrichiaceae	Caviibacter abscessus	AY029807	1485	7419	Leptotrichiaceae	Leptotrichia goodfellowii	6378.0	1493	80	88	1362	0.9694	0.8597
LOQG01000014	1499	7495	Leptotrichiaceae	Caviibacter abscessus	KR001922	1482	7410	Leptotrichiaceae	Streptobacillus ratti	6524.0	1483	67	68	1377	0.9731	0.8804
LOQG01000014	1499	7495	Leptotrichiaceae	Caviibacter abscessus	LOQI01000092	1440	7200	Leptotrichiaceae	Oceanivirga salmonicida	6442.0	1439	55	54	1350	0.9747	0.8947
AF206305	1461	7299	Leptotrichiaceae	Leptotrichia trevisanii	AY029807	1485	7419	Leptotrichiaceae	Leptotrichia goodfellowii	6159.0	1459	84	83	1324	0.9622	0.8438
AF206305	1461	7299	Leptotrichiaceae	Leptotrichia trevisanii	KR001922	1482	7410	Leptotrichiaceae	Streptobacillus ratti	5969.0	1460	116	108	1302	0.9630	0.8178
AF206305	1461	7299	Leptotrichiaceae	Leptotrichia trevisanii	LOQI01000092	1440	7200	Leptotrichiaceae	Oceanivirga salmonicida	5744.0	1430	133	123	1262	0.9656	0.7978
AY029807	1485	7419	Leptotrichiaceae	Leptotrichia goodfellowii	KR001922	1482	7410	Leptotrichiaceae	Streptobacillus ratti	6351.0	1474	82	75	1355	0.9685	0.8571
AY029807	1485	7419	Leptotrichiaceae	Leptotrichia goodfellowii	LOQI01000092	1440	7200	Leptotrichiaceae	Oceanivirga salmonicida	6091.0	1430	96	87	1304	0.9710	0.8460
KR001922	1482	7410	Leptotrichiaceae	Streptobacillus ratti	LOQI01000092	1440	7200	Leptotrichiaceae	Oceanivirga salmonicida	6416.0	1438	58	56	1347	0.9747	0.8911
