AY543023	1421	7105	Listeriaceae	Brochothrix thermosphacta	FJ557241	1539	7695	Listeriaceae	Listeria rocourtiae	6357.0	1421	53	49	1334	0.9723	0.8947
AY543023	1421	7105	Listeriaceae	Brochothrix thermosphacta	EU545982	1394	6970	Listeriaceae	Listeria marthii	6257.0	1393	43	42	1310	0.9697	0.8977
AY543023	1421	7105	Listeriaceae	Brochothrix thermosphacta	DQ065846	1546	7730	Listeriaceae	Listeria welshimeri	6379.0	1421	50	48	1336	0.9731	0.8978
AY543023	1421	7105	Listeriaceae	Brochothrix thermosphacta	FR850019	1514	7570	Listeriaceae	Listeria weihenstephanensis	6337.0	1421	50	46	1332	0.9687	0.8919
AY543023	1421	7105	Listeriaceae	Brochothrix thermosphacta	X98528	1450	7250	Listeriaceae	Listeria ivanovii subsp. ivanovii	6314.0	1412	50	49	1325	0.9721	0.8887
AY543023	1421	7105	Listeriaceae	Brochothrix thermosphacta	X56156	1480	7340	Listeriaceae	Brochothrix campestris	6865.0	1421	1	6	1391	0.9830	0.9662
AY543023	1421	7105	Listeriaceae	Brochothrix thermosphacta	X56153	1440	7122	Listeriaceae	Listeria monocytogenes	6243.0	1403	43	44	1310	0.9639	0.8787
AY543023	1421	7105	Listeriaceae	Brochothrix thermosphacta	X98527	1404	7020	Listeriaceae	Listeria innocua	6262.0	1398	49	47	1313	0.9719	0.8920
AY543023	1421	7105	Listeriaceae	Brochothrix thermosphacta	JN093101	1481	7405	Listeriaceae	Listeria fleischmannii	6151.0	1408	60	71	1300	0.9723	0.8657
AY543023	1421	7105	Listeriaceae	Brochothrix thermosphacta	KM066002	1440	7200	Listeriaceae	Listeria newyorkensis	6242.0	1402	51	47	1313	0.9690	0.8785
AY543023	1421	7105	Listeriaceae	Brochothrix thermosphacta	X98526	1426	7130	Listeriaceae	Listeria grayi	6317.0	1418	58	54	1328	0.9736	0.8891
AY543023	1421	7105	Listeriaceae	Brochothrix thermosphacta	DQ065845	1546	7724	Listeriaceae	Listeria seeligeri	6377.0	1421	46	44	1336	0.9702	0.8975
AY543023	1421	7105	Listeriaceae	Brochothrix thermosphacta	KM066001	1521	7605	Listeriaceae	Listeria booriae	6297.0	1421	51	49	1327	0.9672	0.8863
AY543023	1421	7105	Listeriaceae	Brochothrix thermosphacta	X98529	1418	7090	Listeriaceae	Listeria ivanovii subsp. londoniensis	6304.0	1412	50	48	1324	0.9707	0.8891
AY543023	1421	7105	Listeriaceae	Brochothrix thermosphacta	JQ287762	1409	7045	Listeriaceae	Listeria fleischmannii subsp. coloradonensis	6158.0	1409	57	70	1301	0.9716	0.8741
FJ557241	1539	7695	Listeriaceae	Listeria rocourtiae	EU545982	1394	6970	Listeriaceae	Listeria marthii	6612.0	1396	19	21	1353	0.9840	0.9486
FJ557241	1539	7695	Listeriaceae	Listeria rocourtiae	DQ065846	1546	7730	Listeriaceae	Listeria welshimeri	7278.0	1539	24	26	1490	0.9848	0.9458
FJ557241	1539	7695	Listeriaceae	Listeria rocourtiae	FR850019	1514	7570	Listeriaceae	Listeria weihenstephanensis	7457.0	1513	1	1	1501	0.9927	0.9851
FJ557241	1539	7695	Listeriaceae	Listeria rocourtiae	X98528	1450	7250	Listeriaceae	Listeria ivanovii subsp. ivanovii	6814.0	1453	25	28	1400	0.9825	0.9399
FJ557241	1539	7695	Listeriaceae	Listeria rocourtiae	X56156	1480	7340	Listeriaceae	Brochothrix campestris	6498.0	1482	51	59	1372	0.9642	0.8853
FJ557241	1539	7695	Listeriaceae	Listeria rocourtiae	X56153	1440	7122	Listeriaceae	Listeria monocytogenes	6689.0	1438	19	23	1377	0.9731	0.9392
FJ557241	1539	7695	Listeriaceae	Listeria rocourtiae	X98527	1404	7020	Listeriaceae	Listeria innocua	6621.0	1406	23	25	1358	0.9833	0.9432
FJ557241	1539	7695	Listeriaceae	Listeria rocourtiae	JN093101	1481	7405	Listeriaceae	Listeria fleischmannii	6751.0	1477	42	42	1403	0.9777	0.9117
FJ557241	1539	7695	Listeriaceae	Listeria rocourtiae	KM066002	1440	7200	Listeriaceae	Listeria newyorkensis	7164.0	1440	0	0	1436	0.9972	0.9950
FJ557241	1539	7695	Listeriaceae	Listeria rocourtiae	X98526	1426	7130	Listeriaceae	Listeria grayi	6702.0	1426	21	21	1377	0.9801	0.9400
FJ557241	1539	7695	Listeriaceae	Listeria rocourtiae	DQ065845	1546	7724	Listeriaceae	Listeria seeligeri	7263.0	1539	22	24	1488	0.9822	0.9439
FJ557241	1539	7695	Listeriaceae	Listeria rocourtiae	KM066001	1521	7605	Listeriaceae	Listeria booriae	7393.0	1514	10	12	1493	0.9940	0.9721
FJ557241	1539	7695	Listeriaceae	Listeria rocourtiae	X98529	1418	7090	Listeriaceae	Listeria ivanovii subsp. londoniensis	6638.0	1420	26	28	1366	0.9813	0.9362
FJ557241	1539	7695	Listeriaceae	Listeria rocourtiae	JQ287762	1409	7045	Listeriaceae	Listeria fleischmannii subsp. coloradonensis	6419.0	1409	41	41	1336	0.9766	0.9111
EU545982	1394	6970	Listeriaceae	Listeria marthii	DQ065846	1546	7730	Listeriaceae	Listeria welshimeri	6925.0	1394	1	1	1389	0.9971	0.9935
EU545982	1394	6970	Listeriaceae	Listeria marthii	FR850019	1514	7570	Listeriaceae	Listeria weihenstephanensis	6643.0	1394	18	16	1357	0.9848	0.9531
EU545982	1394	6970	Listeriaceae	Listeria marthii	X98528	1450	7250	Listeriaceae	Listeria ivanovii subsp. ivanovii	6831.0	1394	4	5	1378	0.9921	0.9801
EU545982	1394	6970	Listeriaceae	Listeria marthii	X56156	1480	7340	Listeriaceae	Brochothrix campestris	6192.0	1394	44	49	1300	0.9665	0.8884
EU545982	1394	6970	Listeriaceae	Listeria marthii	X56153	1440	7122	Listeriaceae	Listeria monocytogenes	6730.0	1381	4	6	1358	0.9876	0.9656
EU545982	1394	6970	Listeriaceae	Listeria marthii	X98527	1404	7020	Listeriaceae	Listeria innocua	6898.0	1394	2	2	1386	0.9957	0.9897
EU545982	1394	6970	Listeriaceae	Listeria marthii	JN093101	1481	7405	Listeriaceae	Listeria fleischmannii	6414.0	1392	32	37	1327	0.9793	0.9202
EU545982	1394	6970	Listeriaceae	Listeria marthii	KM066002	1440	7200	Listeriaceae	Listeria newyorkensis	6648.0	1394	21	19	1357	0.9869	0.9538
EU545982	1394	6970	Listeriaceae	Listeria marthii	X98526	1426	7130	Listeriaceae	Listeria grayi	6603.0	1394	31	22	1353	0.9862	0.9473
EU545982	1394	6970	Listeriaceae	Listeria marthii	DQ065845	1546	7724	Listeriaceae	Listeria seeligeri	6862.0	1394	3	3	1382	0.9935	0.9845
EU545982	1394	6970	Listeriaceae	Listeria marthii	KM066001	1521	7605	Listeriaceae	Listeria booriae	6589.0	1394	23	23	1350	0.9847	0.9453
EU545982	1394	6970	Listeriaceae	Listeria marthii	X98529	1418	7090	Listeriaceae	Listeria ivanovii subsp. londoniensis	6829.0	1394	4	4	1378	0.9914	0.9798
EU545982	1394	6970	Listeriaceae	Listeria marthii	JQ287762	1409	7045	Listeriaceae	Listeria fleischmannii subsp. coloradonensis	6417.0	1392	34	36	1328	0.9794	0.9207
DQ065846	1546	7730	Listeriaceae	Listeria welshimeri	FR850019	1514	7570	Listeriaceae	Listeria weihenstephanensis	7202.0	1512	23	21	1471	0.9866	0.9514
DQ065846	1546	7730	Listeriaceae	Listeria welshimeri	X98528	1450	7250	Listeriaceae	Listeria ivanovii subsp. ivanovii	7134.0	1451	4	5	1437	0.9938	0.9840
DQ065846	1546	7730	Listeriaceae	Listeria welshimeri	X56156	1480	7340	Listeriaceae	Brochothrix campestris	6575.0	1482	49	55	1381	0.9678	0.8958
DQ065846	1546	7730	Listeriaceae	Listeria welshimeri	X56153	1440	7122	Listeriaceae	Listeria monocytogenes	6988.0	1438	5	7	1412	0.9867	0.9812
DQ065846	1546	7730	Listeriaceae	Listeria welshimeri	X98527	1404	7020	Listeriaceae	Listeria innocua	6975.0	1404	2	2	1399	0.9979	0.9936
DQ065846	1546	7730	Listeriaceae	Listeria welshimeri	JN093101	1481	7405	Listeriaceae	Listeria fleischmannii	6875.0	1486	35	42	1419	0.9827	0.9284
DQ065846	1546	7730	Listeriaceae	Listeria welshimeri	KM066002	1440	7200	Listeriaceae	Listeria newyorkensis	6837.0	1438	26	24	1397	0.9880	0.9496
DQ065846	1546	7730	Listeriaceae	Listeria welshimeri	X98526	1426	7130	Listeriaceae	Listeria grayi	6739.0	1424	22	20	1380	0.9829	0.9452
DQ065846	1546	7730	Listeriaceae	Listeria welshimeri	DQ065845	1546	7724	Listeriaceae	Listeria seeligeri	7645.0	1546	1	1	1536	0.9942	0.9898
DQ065846	1546	7730	Listeriaceae	Listeria welshimeri	KM066001	1521	7605	Listeriaceae	Listeria booriae	7167.0	1514	27	27	1467	0.9866	0.9424
DQ065846	1546	7730	Listeriaceae	Listeria welshimeri	X98529	1418	7090	Listeriaceae	Listeria ivanovii subsp. londoniensis	6967.0	1418	4	4	1404	0.9929	0.9827
DQ065846	1546	7730	Listeriaceae	Listeria welshimeri	JQ287762	1409	7045	Listeriaceae	Listeria fleischmannii subsp. coloradonensis	6516.0	1422	34	47	1349	0.9811	0.9249
FR850019	1514	7570	Listeriaceae	Listeria weihenstephanensis	X98528	1450	7250	Listeriaceae	Listeria ivanovii subsp. ivanovii	6863.0	1453	22	25	1406	0.9846	0.9466
FR850019	1514	7570	Listeriaceae	Listeria weihenstephanensis	X56156	1480	7340	Listeriaceae	Brochothrix campestris	6502.0	1483	49	57	1373	0.9628	0.8858
FR850019	1514	7570	Listeriaceae	Listeria weihenstephanensis	X56153	1440	7122	Listeriaceae	Listeria monocytogenes	6761.0	1439	16	20	1386	0.9767	0.9493
FR850019	1514	7570	Listeriaceae	Listeria weihenstephanensis	X98527	1404	7020	Listeriaceae	Listeria innocua	6670.0	1406	20	22	1364	0.9855	0.9501
FR850019	1514	7570	Listeriaceae	Listeria weihenstephanensis	JN093101	1481	7405	Listeriaceae	Listeria fleischmannii	6602.0	1451	41	41	1375	0.9752	0.8916
FR850019	1514	7570	Listeriaceae	Listeria weihenstephanensis	KM066002	1440	7200	Listeriaceae	Listeria newyorkensis	7137.0	1440	1	1	1433	0.9958	0.9912
FR850019	1514	7570	Listeriaceae	Listeria weihenstephanensis	X98526	1426	7130	Listeriaceae	Listeria grayi	6657.0	1426	21	21	1372	0.9765	0.9337
FR850019	1514	7570	Listeriaceae	Listeria weihenstephanensis	DQ065845	1546	7724	Listeriaceae	Listeria seeligeri	7205.0	1514	19	21	1471	0.9853	0.9518
FR850019	1514	7570	Listeriaceae	Listeria weihenstephanensis	KM066001	1521	7605	Listeriaceae	Listeria booriae	7409.0	1514	8	10	1495	0.9940	0.9787
FR850019	1514	7570	Listeriaceae	Listeria weihenstephanensis	X98529	1418	7090	Listeriaceae	Listeria ivanovii subsp. londoniensis	6687.0	1420	23	25	1372	0.9835	0.9432
FR850019	1514	7570	Listeriaceae	Listeria weihenstephanensis	JQ287762	1409	7045	Listeriaceae	Listeria fleischmannii subsp. coloradonensis	6391.0	1409	40	40	1333	0.9737	0.9072
X98528	1450	7250	Listeriaceae	Listeria ivanovii subsp. ivanovii	X56156	1480	7340	Listeriaceae	Brochothrix campestris	6338.0	1438	49	54	1336	0.9653	0.8742
X98528	1450	7250	Listeriaceae	Listeria ivanovii subsp. ivanovii	X56153	1440	7122	Listeriaceae	Listeria monocytogenes	6733.0	1394	7	8	1364	0.9841	0.9454
X98528	1450	7250	Listeriaceae	Listeria ivanovii subsp. ivanovii	X98527	1404	7020	Listeriaceae	Listeria innocua	6925.0	1403	6	5	1393	0.9964	0.9865
X98528	1450	7250	Listeriaceae	Listeria ivanovii subsp. ivanovii	JN093101	1481	7405	Listeriaceae	Listeria fleischmannii	6664.0	1437	35	41	1374	0.9842	0.9192
X98528	1450	7250	Listeriaceae	Listeria ivanovii subsp. ivanovii	KM066002	1440	7200	Listeriaceae	Listeria newyorkensis	6785.0	1437	28	25	1391	0.9851	0.9424
X98528	1450	7250	Listeriaceae	Listeria ivanovii subsp. ivanovii	X98526	1426	7130	Listeriaceae	Listeria grayi	6715.0	1417	26	23	1374	0.9857	0.9418
X98528	1450	7250	Listeriaceae	Listeria ivanovii subsp. ivanovii	DQ065845	1546	7724	Listeriaceae	Listeria seeligeri	7173.0	1450	4	3	1441	0.9959	0.9894
X98528	1450	7250	Listeriaceae	Listeria ivanovii subsp. ivanovii	KM066001	1521	7605	Listeriaceae	Listeria booriae	6811.0	1450	29	28	1399	0.9838	0.9394
X98528	1450	7250	Listeriaceae	Listeria ivanovii subsp. ivanovii	X98529	1418	7090	Listeriaceae	Listeria ivanovii subsp. londoniensis	7056.0	1417	1	0	1414	0.9979	0.9952
X98528	1450	7250	Listeriaceae	Listeria ivanovii subsp. ivanovii	JQ287762	1409	7045	Listeriaceae	Listeria fleischmannii subsp. coloradonensis	6545.0	1421	35	47	1352	0.9840	0.9290
X56156	1480	7340	Listeriaceae	Brochothrix campestris	X56153	1440	7122	Listeriaceae	Listeria monocytogenes	6352.0	1436	47	43	1336	0.9591	0.8919
X56156	1480	7340	Listeriaceae	Brochothrix campestris	X98527	1404	7020	Listeriaceae	Listeria innocua	6204.0	1401	51	48	1306	0.9653	0.8838
X56156	1480	7340	Listeriaceae	Brochothrix campestris	JN093101	1481	7405	Listeriaceae	Listeria fleischmannii	6185.0	1429	57	66	1312	0.9626	0.8426
X56156	1480	7340	Listeriaceae	Brochothrix campestris	KM066002	1440	7200	Listeriaceae	Listeria newyorkensis	6232.0	1423	57	49	1320	0.9607	0.8656
X56156	1480	7340	Listeriaceae	Brochothrix campestris	X98526	1426	7130	Listeriaceae	Listeria grayi	6252.0	1421	58	53	1320	0.9649	0.8769
X56156	1480	7340	Listeriaceae	Brochothrix campestris	DQ065845	1546	7724	Listeriaceae	Listeria seeligeri	6573.0	1476	51	45	1381	0.9651	0.8955
X56156	1480	7340	Listeriaceae	Brochothrix campestris	KM066001	1521	7605	Listeriaceae	Listeria booriae	6472.0	1480	57	51	1371	0.9594	0.8817
X56156	1480	7340	Listeriaceae	Brochothrix campestris	X98529	1418	7090	Listeriaceae	Listeria ivanovii subsp. londoniensis	6255.0	1415	53	50	1318	0.9656	0.8822
X56156	1480	7340	Listeriaceae	Brochothrix campestris	JQ287762	1409	7045	Listeriaceae	Listeria fleischmannii subsp. coloradonensis	6139.0	1418	57	66	1302	0.9630	0.8714
X56153	1440	7122	Listeriaceae	Listeria monocytogenes	X98527	1404	7020	Listeriaceae	Listeria innocua	6730.0	1379	4	2	1358	0.9862	0.9587
X56153	1440	7122	Listeriaceae	Listeria monocytogenes	JN093101	1481	7405	Listeriaceae	Listeria fleischmannii	6249.0	1380	37	43	1300	0.9723	0.8774
X56153	1440	7122	Listeriaceae	Listeria monocytogenes	KM066002	1440	7200	Listeriaceae	Listeria newyorkensis	6479.0	1383	23	19	1331	0.9758	0.9097
X56153	1440	7122	Listeriaceae	Listeria monocytogenes	X98526	1426	7130	Listeriaceae	Listeria grayi	6506.0	1399	30	26	1340	0.9760	0.9135
X56153	1440	7122	Listeriaceae	Listeria monocytogenes	DQ065845	1546	7724	Listeriaceae	Listeria seeligeri	6973.0	1436	9	7	1410	0.9867	0.9791
X56153	1440	7122	Listeriaceae	Listeria monocytogenes	KM066001	1521	7605	Listeriaceae	Listeria booriae	6724.0	1440	25	23	1383	0.9760	0.9441
X56153	1440	7122	Listeriaceae	Listeria monocytogenes	X98529	1418	7090	Listeriaceae	Listeria ivanovii subsp. londoniensis	6731.0	1393	8	6	1364	0.9834	0.9494
X56153	1440	7122	Listeriaceae	Listeria monocytogenes	JQ287762	1409	7045	Listeriaceae	Listeria fleischmannii subsp. coloradonensis	6251.0	1388	37	49	1302	0.9724	0.8873
X98527	1404	7020	Listeriaceae	Listeria innocua	JN093101	1481	7405	Listeriaceae	Listeria fleischmannii	6467.0	1402	36	41	1337	0.9824	0.9212
X98527	1404	7020	Listeriaceae	Listeria innocua	KM066002	1440	7200	Listeriaceae	Listeria newyorkensis	6657.0	1404	25	23	1362	0.9862	0.9483
X98527	1404	7020	Listeriaceae	Listeria innocua	X98526	1426	7130	Listeriaceae	Listeria grayi	6634.0	1404	29	20	1361	0.9834	0.9450
X98527	1404	7020	Listeriaceae	Listeria innocua	DQ065845	1546	7724	Listeriaceae	Listeria seeligeri	6956.0	1404	4	4	1396	0.9971	0.9909
X98527	1404	7020	Listeriaceae	Listeria innocua	KM066001	1521	7605	Listeriaceae	Listeria booriae	6624.0	1404	27	27	1358	0.9862	0.9436
X98527	1404	7020	Listeriaceae	Listeria innocua	X98529	1418	7090	Listeriaceae	Listeria ivanovii subsp. londoniensis	6923.0	1404	5	5	1393	0.9957	0.9862
X98527	1404	7020	Listeriaceae	Listeria innocua	JQ287762	1409	7045	Listeriaceae	Listeria fleischmannii subsp. coloradonensis	6469.0	1402	37	39	1338	0.9817	0.9215
JN093101	1481	7405	Listeriaceae	Listeria fleischmannii	KM066002	1440	7200	Listeriaceae	Listeria newyorkensis	6502.0	1429	41	41	1354	0.9755	0.9031
JN093101	1481	7405	Listeriaceae	Listeria fleischmannii	X98526	1426	7130	Listeriaceae	Listeria grayi	6523.0	1398	48	30	1346	0.9839	0.9149
JN093101	1481	7405	Listeriaceae	Listeria fleischmannii	DQ065845	1546	7724	Listeriaceae	Listeria seeligeri	6884.0	1479	39	32	1420	0.9813	0.9296
JN093101	1481	7405	Listeriaceae	Listeria fleischmannii	KM066001	1521	7605	Listeriaceae	Listeria booriae	6668.0	1451	42	35	1384	0.9774	0.9005
JN093101	1481	7405	Listeriaceae	Listeria fleischmannii	X98529	1418	7090	Listeriaceae	Listeria ivanovii subsp. londoniensis	6490.0	1398	41	34	1340	0.9824	0.9154
JN093101	1481	7405	Listeriaceae	Listeria fleischmannii	JQ287762	1409	7045	Listeriaceae	Listeria fleischmannii subsp. coloradonensis	7031.0	1408	0	0	1407	0.9993	0.9980
KM066002	1440	7200	Listeriaceae	Listeria newyorkensis	X98526	1426	7130	Listeriaceae	Listeria grayi	6606.0	1410	23	23	1359	0.9798	0.9265
KM066002	1440	7200	Listeriaceae	Listeria newyorkensis	DQ065845	1546	7724	Listeriaceae	Listeria seeligeri	6822.0	1440	22	24	1395	0.9852	0.9475
KM066002	1440	7200	Listeriaceae	Listeria newyorkensis	KM066001	1521	7605	Listeriaceae	Listeria booriae	7068.0	1440	10	12	1424	0.9972	0.9817
KM066002	1440	7200	Listeriaceae	Listeria newyorkensis	X98529	1418	7090	Listeriaceae	Listeria ivanovii subsp. londoniensis	6624.0	1410	26	28	1360	0.9841	0.9343
KM066002	1440	7200	Listeriaceae	Listeria newyorkensis	JQ287762	1409	7045	Listeriaceae	Listeria fleischmannii subsp. coloradonensis	6401.0	1409	41	41	1334	0.9751	0.9086
X98526	1426	7130	Listeriaceae	Listeria grayi	DQ065845	1546	7724	Listeriaceae	Listeria seeligeri	6730.0	1426	23	25	1378	0.9836	0.9439
X98526	1426	7130	Listeriaceae	Listeria grayi	KM066001	1521	7605	Listeriaceae	Listeria booriae	6653.0	1426	30	32	1370	0.9828	0.9331
X98526	1426	7130	Listeriaceae	Listeria grayi	X98529	1418	7090	Listeriaceae	Listeria ivanovii subsp. londoniensis	6695.0	1420	24	26	1372	0.9842	0.9443
X98526	1426	7130	Listeriaceae	Listeria grayi	JQ287762	1409	7045	Listeriaceae	Listeria fleischmannii subsp. coloradonensis	6525.0	1417	30	47	1347	0.9832	0.9262
DQ065845	1546	7724	Listeriaceae	Listeria seeligeri	KM066001	1521	7605	Listeriaceae	Listeria booriae	7170.0	1514	24	24	1467	0.9846	0.9428
DQ065845	1546	7724	Listeriaceae	Listeria seeligeri	X98529	1418	7090	Listeriaceae	Listeria ivanovii subsp. londoniensis	7024.0	1418	3	3	1410	0.9965	0.9907
DQ065845	1546	7724	Listeriaceae	Listeria seeligeri	JQ287762	1409	7045	Listeriaceae	Listeria fleischmannii subsp. coloradonensis	6525.0	1422	31	44	1350	0.9797	0.9262
KM066001	1521	7605	Listeriaceae	Listeria booriae	X98529	1418	7090	Listeriaceae	Listeria ivanovii subsp. londoniensis	6635.0	1418	29	29	1365	0.9827	0.9358
KM066001	1521	7605	Listeriaceae	Listeria booriae	JQ287762	1409	7045	Listeriaceae	Listeria fleischmannii subsp. coloradonensis	6449.0	1422	34	47	1342	0.9760	0.9154
X98529	1418	7090	Listeriaceae	Listeria ivanovii subsp. londoniensis	JQ287762	1409	7045	Listeriaceae	Listeria fleischmannii subsp. coloradonensis	6491.0	1413	34	47	1342	0.9824	0.9214
