KF728382	1368	6840	Methylocystaceae	Methylopila turkensis	KC243676	1447	7235	Methylocystaceae	Methylopila oligotropha	6611.0	1368	10	9	1342	0.9875	0.9665
KF728382	1368	6840	Methylocystaceae	Methylopila turkensis	KF726142	1448	7240	Methylocystaceae	Chenggangzhangella methanolivorans	6491.0	1368	24	21	1328	0.9859	0.9490
KF728382	1368	6840	Methylocystaceae	Methylopila turkensis	HM447243	1405	7025	Methylocystaceae	Methylopila henanensis	6739.0	1368	1	0	1357	0.9920	0.9852
KF728382	1368	6840	Methylocystaceae	Methylopila turkensis	Y18946	1408	7040	Methylocystaceae	Methylosinus sporium	6179.0	1368	48	44	1291	0.9751	0.9034
KF728382	1368	6840	Methylocystaceae	Methylopila turkensis	DQ916067	1444	7220	Methylocystaceae	Hansschlegelia zhihuaiae	6545.0	1368	10	12	1334	0.9838	0.9569
KF728382	1368	6840	Methylocystaceae	Methylopila turkensis	AB159680	1435	7175	Methylocystaceae	Pleomorphomonas oryzae	6042.0	1368	67	65	1274	0.9777	0.8833
KF728382	1368	6840	Methylocystaceae	Methylopila turkensis	KP289282	1404	7020	Methylocystaceae	Chthonobacter albigriseus	6067.0	1368	58	56	1278	0.9741	0.8870
KF728382	1368	6840	Methylocystaceae	Methylopila turkensis	FN422003	1427	7135	Methylocystaceae	Methylocystis bryophila	6077.0	1368	65	60	1278	0.9771	0.8885
KF728382	1368	6840	Methylocystaceae	Methylopila turkensis	KC567245	1426	7130	Methylocystaceae	Hartmannibacter diazotrophicus	6125.0	1368	50	46	1285	0.9720	0.8955
KF728382	1368	6840	Methylocystaceae	Methylopila turkensis	AJ458473	1407	7035	Methylocystaceae	Methylocystis echinoides	6111.0	1368	54	50	1283	0.9734	0.8934
KF728382	1368	6840	Methylocystaceae	Methylopila turkensis	FR733694	1476	7380	Methylocystaceae	Albibacter methylovorans	6529.0	1368	22	17	1333	0.9867	0.9545
KF728382	1368	6840	Methylocystaceae	Methylopila turkensis	Y18947	1410	7050	Methylocystaceae	Methylosinus trichosporium	6156.0	1368	52	46	1289	0.9750	0.9000
KF728382	1368	6840	Methylocystaceae	Methylopila turkensis	KP994391	1461	7305	Methylocystaceae	Terasakiella brassicae	5523.0	1368	135	120	1211	0.9704	0.8075
KF728382	1368	6840	Methylocystaceae	Methylopila turkensis	FJ502233	1451	7255	Methylocystaceae	Methylopila jiangsuensis	6582.0	1368	20	15	1339	0.9897	0.9623
KF728382	1368	6840	Methylocystaceae	Methylopila turkensis	JQ173144	1307	6535	Methylocystaceae	Methylopila musalis	6333.0	1305	14	12	1283	0.9923	0.9691
KF728382	1368	6840	Methylocystaceae	Methylopila turkensis	DQ404188	1416	7080	Methylocystaceae	Hansschlegelia plantiphila	6420.0	1368	22	22	1320	0.9807	0.9386
KF728382	1368	6840	Methylocystaceae	Methylopila turkensis	JQ346801	1440	7194	Methylocystaceae	Pleomorphomonas diazotrophica	6004.0	1368	71	69	1269	0.9769	0.8778
KF728382	1368	6840	Methylocystaceae	Methylopila turkensis	AB127972	1417	7085	Methylocystaceae	Pleomorphomonas koreensis	6040.0	1368	67	65	1273	0.9770	0.8830
KF728382	1368	6840	Methylocystaceae	Methylopila turkensis	AB006768	1429	7145	Methylocystaceae	Terasakiella pusilla	5572.0	1368	126	109	1219	0.9682	0.8146
KF728382	1368	6840	Methylocystaceae	Methylopila turkensis	Y18945	1408	7040	Methylocystaceae	Methylocystis parvus	6155.0	1368	46	42	1289	0.9721	0.8999
KF728382	1368	6840	Methylocystaceae	Methylopila turkensis	JQ034346	1459	7295	Methylocystaceae	Hansschlegelia beijingensis	6541.0	1368	28	9	1338	0.9845	0.9563
KF728382	1368	6840	Methylocystaceae	Methylopila turkensis	LC153750	1408	7040	Methylocystaceae	Oharaeibacter diazotrophicus	6072.0	1368	60	56	1278	0.9741	0.8877
KF728382	1368	6840	Methylocystaceae	Methylopila turkensis	AF004844	1331	6655	Methylocystaceae	Methylopila capsulata	6215.0	1302	9	16	1267	0.9852	0.9339
KF728382	1368	6840	Methylocystaceae	Methylopila turkensis	AJ414656	1438	7190	Methylocystaceae	Methylocystis rosea	6108.0	1368	58	54	1283	0.9764	0.8930
KF728382	1368	6840	Methylocystaceae	Methylopila turkensis	DQ364433	1450	7250	Methylocystaceae	Methylocystis hirsuta	6080.0	1368	58	54	1280	0.9741	0.8889
KF728382	1368	6840	Methylocystaceae	Methylopila turkensis	AM283543	1425	7125	Methylocystaceae	Methylocystis heyeri	6144.0	1368	52	50	1287	0.9765	0.8982
KC243676	1447	7235	Methylocystaceae	Methylopila oligotropha	KF726142	1448	7240	Methylocystaceae	Chenggangzhangella methanolivorans	6950.0	1446	15	13	1414	0.9867	0.9606
KC243676	1447	7235	Methylocystaceae	Methylopila oligotropha	HM447243	1405	7025	Methylocystaceae	Methylopila henanensis	6809.0	1405	13	13	1380	0.9914	0.9693
KC243676	1447	7235	Methylocystaceae	Methylopila oligotropha	Y18946	1408	7040	Methylocystaceae	Methylosinus sporium	6274.0	1405	60	57	1316	0.9763	0.8912
KC243676	1447	7235	Methylocystaceae	Methylopila oligotropha	DQ916067	1444	7220	Methylocystaceae	Hansschlegelia zhihuaiae	6935.0	1447	12	15	1412	0.9860	0.9605
KC243676	1447	7235	Methylocystaceae	Methylopila oligotropha	AB159680	1435	7175	Methylocystaceae	Pleomorphomonas oryzae	6353.0	1433	70	68	1337	0.9795	0.8854
KC243676	1447	7235	Methylocystaceae	Methylopila oligotropha	KP289282	1404	7020	Methylocystaceae	Chthonobacter albigriseus	6241.0	1404	54	54	1313	0.9726	0.8890
KC243676	1447	7235	Methylocystaceae	Methylopila oligotropha	FN422003	1427	7135	Methylocystaceae	Methylocystis bryophila	6316.0	1423	68	64	1329	0.9779	0.8852
KC243676	1447	7235	Methylocystaceae	Methylopila oligotropha	KC567245	1426	7130	Methylocystaceae	Hartmannibacter diazotrophicus	6377.0	1422	45	42	1337	0.9688	0.8944
KC243676	1447	7235	Methylocystaceae	Methylopila oligotropha	AJ458473	1407	7035	Methylocystaceae	Methylocystis echinoides	6270.0	1404	57	54	1316	0.9748	0.8913
KC243676	1447	7235	Methylocystaceae	Methylopila oligotropha	FR733694	1476	7380	Methylocystaceae	Albibacter methylovorans	6982.0	1444	17	13	1417	0.9902	0.9650
KC243676	1447	7235	Methylocystaceae	Methylopila oligotropha	Y18947	1410	7050	Methylocystaceae	Methylosinus trichosporium	6291.0	1405	61	56	1319	0.9778	0.8923
KC243676	1447	7235	Methylocystaceae	Methylopila oligotropha	KP994391	1461	7305	Methylocystaceae	Terasakiella brassicae	5881.0	1447	138	124	1286	0.9720	0.8129
KC243676	1447	7235	Methylocystaceae	Methylopila oligotropha	FJ502233	1451	7255	Methylocystaceae	Methylopila jiangsuensis	6958.0	1447	16	12	1416	0.9868	0.9617
KC243676	1447	7235	Methylocystaceae	Methylopila oligotropha	JQ173144	1307	6535	Methylocystaceae	Methylopila musalis	6321.0	1305	10	8	1282	0.9884	0.9673
KC243676	1447	7235	Methylocystaceae	Methylopila oligotropha	DQ404188	1416	7080	Methylocystaceae	Hansschlegelia plantiphila	6715.0	1416	19	20	1374	0.9842	0.9484
KC243676	1447	7235	Methylocystaceae	Methylopila oligotropha	JQ346801	1440	7194	Methylocystaceae	Pleomorphomonas diazotrophica	6342.0	1439	72	71	1338	0.9781	0.8816
KC243676	1447	7235	Methylocystaceae	Methylopila oligotropha	AB127972	1417	7085	Methylocystaceae	Pleomorphomonas koreensis	6275.0	1416	66	65	1321	0.9778	0.8857
KC243676	1447	7235	Methylocystaceae	Methylopila oligotropha	AB006768	1429	7145	Methylocystaceae	Terasakiella pusilla	5760.0	1413	131	115	1259	0.9700	0.8062
KC243676	1447	7235	Methylocystaceae	Methylopila oligotropha	Y18945	1408	7040	Methylocystaceae	Methylocystis parvus	6309.0	1405	54	51	1321	0.9756	0.8962
KC243676	1447	7235	Methylocystaceae	Methylopila oligotropha	JQ034346	1459	7295	Methylocystaceae	Hansschlegelia beijingensis	6946.0	1441	30	12	1415	0.9902	0.9601
KC243676	1447	7235	Methylocystaceae	Methylopila oligotropha	LC153750	1408	7040	Methylocystaceae	Oharaeibacter diazotrophicus	6264.0	1405	56	53	1316	0.9734	0.8898
KC243676	1447	7235	Methylocystaceae	Methylopila oligotropha	AF004844	1331	6655	Methylocystaceae	Methylopila capsulata	6508.0	1338	2	9	1316	0.9902	0.9779
KC243676	1447	7235	Methylocystaceae	Methylopila oligotropha	AJ414656	1438	7190	Methylocystaceae	Methylocystis rosea	6370.0	1427	57	54	1338	0.9745	0.8860
KC243676	1447	7235	Methylocystaceae	Methylopila oligotropha	DQ364433	1450	7250	Methylocystaceae	Methylocystis hirsuta	6442.0	1447	58	55	1355	0.9734	0.8904
KC243676	1447	7235	Methylocystaceae	Methylopila oligotropha	AM283543	1425	7125	Methylocystaceae	Methylocystis heyeri	6402.0	1424	54	53	1340	0.9774	0.8985
KF726142	1448	7240	Methylocystaceae	Chenggangzhangella methanolivorans	HM447243	1405	7025	Methylocystaceae	Methylopila henanensis	6678.0	1407	22	24	1365	0.9870	0.9506
KF726142	1448	7240	Methylocystaceae	Chenggangzhangella methanolivorans	Y18946	1408	7040	Methylocystaceae	Methylosinus sporium	6237.0	1407	64	63	1312	0.9762	0.8859
KF726142	1448	7240	Methylocystaceae	Chenggangzhangella methanolivorans	DQ916067	1444	7220	Methylocystaceae	Hansschlegelia zhihuaiae	6965.0	1448	13	18	1415	0.9895	0.9647
KF726142	1448	7240	Methylocystaceae	Chenggangzhangella methanolivorans	AB159680	1435	7175	Methylocystaceae	Pleomorphomonas oryzae	6370.0	1434	73	73	1338	0.9831	0.8878
KF726142	1448	7240	Methylocystaceae	Chenggangzhangella methanolivorans	KP289282	1404	7020	Methylocystaceae	Chthonobacter albigriseus	6280.0	1406	56	58	1317	0.9770	0.8946
KF726142	1448	7240	Methylocystaceae	Chenggangzhangella methanolivorans	FN422003	1427	7135	Methylocystaceae	Methylocystis bryophila	6251.0	1425	74	72	1321	0.9763	0.8761
KF726142	1448	7240	Methylocystaceae	Chenggangzhangella methanolivorans	KC567245	1426	7130	Methylocystaceae	Hartmannibacter diazotrophicus	6405.0	1424	51	50	1340	0.9753	0.8983
KF726142	1448	7240	Methylocystaceae	Chenggangzhangella methanolivorans	AJ458473	1407	7035	Methylocystaceae	Methylocystis echinoides	6191.0	1406	70	69	1306	0.9768	0.8800
KF726142	1448	7240	Methylocystaceae	Chenggangzhangella methanolivorans	FR733694	1476	7380	Methylocystaceae	Albibacter methylovorans	7002.0	1446	12	10	1420	0.9889	0.9671
KF726142	1448	7240	Methylocystaceae	Chenggangzhangella methanolivorans	Y18947	1410	7050	Methylocystaceae	Methylosinus trichosporium	6253.0	1407	62	59	1314	0.9748	0.8870
KF726142	1448	7240	Methylocystaceae	Chenggangzhangella methanolivorans	KP994391	1461	7305	Methylocystaceae	Terasakiella brassicae	5915.0	1448	134	122	1290	0.9729	0.8170
KF726142	1448	7240	Methylocystaceae	Chenggangzhangella methanolivorans	FJ502233	1451	7255	Methylocystaceae	Methylopila jiangsuensis	6828.0	1448	28	26	1400	0.9845	0.9431
KF726142	1448	7240	Methylocystaceae	Chenggangzhangella methanolivorans	JQ173144	1307	6535	Methylocystaceae	Methylopila musalis	6215.0	1307	24	24	1269	0.9891	0.9510
KF726142	1448	7240	Methylocystaceae	Chenggangzhangella methanolivorans	DQ404188	1416	7080	Methylocystaceae	Hansschlegelia plantiphila	6676.0	1418	19	22	1370	0.9814	0.9429
KF726142	1448	7240	Methylocystaceae	Chenggangzhangella methanolivorans	JQ346801	1440	7194	Methylocystaceae	Pleomorphomonas diazotrophica	6367.0	1441	77	78	1340	0.9831	0.8850
KF726142	1448	7240	Methylocystaceae	Chenggangzhangella methanolivorans	AB127972	1417	7085	Methylocystaceae	Pleomorphomonas koreensis	6297.0	1418	69	70	1323	0.9815	0.8888
KF726142	1448	7240	Methylocystaceae	Chenggangzhangella methanolivorans	AB006768	1429	7145	Methylocystaceae	Terasakiella pusilla	5797.0	1415	129	115	1264	0.9723	0.8113
KF726142	1448	7240	Methylocystaceae	Chenggangzhangella methanolivorans	Y18945	1408	7040	Methylocystaceae	Methylocystis parvus	6236.0	1407	63	62	1312	0.9755	0.8858
KF726142	1448	7240	Methylocystaceae	Chenggangzhangella methanolivorans	JQ034346	1459	7295	Methylocystaceae	Hansschlegelia beijingensis	6860.0	1442	35	19	1405	0.9874	0.9475
KF726142	1448	7240	Methylocystaceae	Chenggangzhangella methanolivorans	LC153750	1408	7040	Methylocystaceae	Oharaeibacter diazotrophicus	6266.0	1407	58	57	1316	0.9748	0.8901
KF726142	1448	7240	Methylocystaceae	Chenggangzhangella methanolivorans	AF004844	1331	6655	Methylocystaceae	Methylopila capsulata	6297.0	1339	15	24	1291	0.9817	0.9462
KF726142	1448	7240	Methylocystaceae	Chenggangzhangella methanolivorans	AJ414656	1438	7190	Methylocystaceae	Methylocystis rosea	6265.0	1429	77	76	1324	0.9786	0.8713
KF726142	1448	7240	Methylocystaceae	Chenggangzhangella methanolivorans	DQ364433	1450	7250	Methylocystaceae	Methylocystis hirsuta	6363.0	1448	73	72	1344	0.9767	0.8789
KF726142	1448	7240	Methylocystaceae	Chenggangzhangella methanolivorans	AM283543	1425	7125	Methylocystaceae	Methylocystis heyeri	6287.0	1426	60	61	1326	0.9714	0.8824
HM447243	1405	7025	Methylocystaceae	Methylopila henanensis	Y18946	1408	7040	Methylocystaceae	Methylosinus sporium	6333.0	1405	49	46	1324	0.9742	0.9015
HM447243	1405	7025	Methylocystaceae	Methylopila henanensis	DQ916067	1444	7220	Methylocystaceae	Hansschlegelia zhihuaiae	6718.0	1405	13	16	1369	0.9856	0.9563
HM447243	1405	7025	Methylocystaceae	Methylopila henanensis	AB159680	1435	7175	Methylocystaceae	Pleomorphomonas oryzae	6197.0	1405	71	70	1307	0.9790	0.8821
HM447243	1405	7025	Methylocystaceae	Methylopila henanensis	KP289282	1404	7020	Methylocystaceae	Chthonobacter albigriseus	6197.0	1400	60	60	1306	0.9746	0.8828
HM447243	1405	7025	Methylocystaceae	Methylopila henanensis	FN422003	1427	7135	Methylocystaceae	Methylocystis bryophila	6242.0	1405	68	64	1312	0.9784	0.8885
HM447243	1405	7025	Methylocystaceae	Methylopila henanensis	KC567245	1426	7130	Methylocystaceae	Hartmannibacter diazotrophicus	6277.0	1403	52	49	1317	0.9727	0.8935
HM447243	1405	7025	Methylocystaceae	Methylopila henanensis	AJ458473	1407	7035	Methylocystaceae	Methylocystis echinoides	6270.0	1404	59	56	1315	0.9755	0.8925
HM447243	1405	7025	Methylocystaceae	Methylopila henanensis	FR733694	1476	7380	Methylocystaceae	Albibacter methylovorans	6690.0	1405	22	18	1367	0.9856	0.9523
HM447243	1405	7025	Methylocystaceae	Methylopila henanensis	Y18947	1410	7050	Methylocystaceae	Methylosinus trichosporium	6319.0	1405	54	49	1323	0.9757	0.8995
HM447243	1405	7025	Methylocystaceae	Methylopila henanensis	KP994391	1461	7305	Methylocystaceae	Terasakiella brassicae	5702.0	1405	131	117	1248	0.9689	0.8117
HM447243	1405	7025	Methylocystaceae	Methylopila henanensis	FJ502233	1451	7255	Methylocystaceae	Methylopila jiangsuensis	6751.0	1405	21	17	1374	0.9899	0.9610
HM447243	1405	7025	Methylocystaceae	Methylopila henanensis	JQ173144	1307	6535	Methylocystaceae	Methylopila musalis	6324.0	1305	15	13	1282	0.9923	0.9677
HM447243	1405	7025	Methylocystaceae	Methylopila henanensis	DQ404188	1416	7080	Methylocystaceae	Hansschlegelia plantiphila	6505.0	1394	27	28	1340	0.9810	0.9260
HM447243	1405	7025	Methylocystaceae	Methylopila henanensis	JQ346801	1440	7194	Methylocystaceae	Pleomorphomonas diazotrophica	6165.0	1405	73	72	1303	0.9775	0.8776
HM447243	1405	7025	Methylocystaceae	Methylopila henanensis	AB127972	1417	7085	Methylocystaceae	Pleomorphomonas koreensis	6201.0	1405	70	69	1307	0.9783	0.8827
HM447243	1405	7025	Methylocystaceae	Methylopila henanensis	AB006768	1429	7145	Methylocystaceae	Terasakiella pusilla	5715.0	1404	130	114	1250	0.9690	0.8135
HM447243	1405	7025	Methylocystaceae	Methylopila henanensis	Y18945	1408	7040	Methylocystaceae	Methylocystis parvus	6321.0	1405	52	49	1322	0.9749	0.8998
HM447243	1405	7025	Methylocystaceae	Methylopila henanensis	JQ034346	1459	7295	Methylocystaceae	Hansschlegelia beijingensis	6739.0	1405	31	13	1376	0.9885	0.9593
HM447243	1405	7025	Methylocystaceae	Methylopila henanensis	LC153750	1408	7040	Methylocystaceae	Oharaeibacter diazotrophicus	6207.0	1405	63	60	1309	0.9732	0.8836
HM447243	1405	7025	Methylocystaceae	Methylopila henanensis	AF004844	1331	6655	Methylocystaceae	Methylopila capsulata	6263.0	1318	15	22	1279	0.9869	0.9411
HM447243	1405	7025	Methylocystaceae	Methylopila henanensis	AJ414656	1438	7190	Methylocystaceae	Methylocystis rosea	6269.0	1405	60	57	1316	0.9763	0.8924
HM447243	1405	7025	Methylocystaceae	Methylopila henanensis	DQ364433	1450	7250	Methylocystaceae	Methylocystis hirsuta	6241.0	1405	60	57	1313	0.9740	0.8884
HM447243	1405	7025	Methylocystaceae	Methylopila henanensis	AM283543	1425	7125	Methylocystaceae	Methylocystis heyeri	6322.0	1405	54	53	1322	0.9778	0.8999
Y18946	1408	7040	Methylocystaceae	Methylosinus sporium	DQ916067	1444	7220	Methylocystaceae	Hansschlegelia zhihuaiae	6260.0	1408	54	60	1314	0.9748	0.8892
Y18946	1408	7040	Methylocystaceae	Methylosinus sporium	AB159680	1435	7175	Methylocystaceae	Pleomorphomonas oryzae	6290.0	1408	62	64	1319	0.9814	0.8935
Y18946	1408	7040	Methylocystaceae	Methylosinus sporium	KP289282	1404	7020	Methylocystaceae	Chthonobacter albigriseus	6191.0	1403	53	56	1306	0.9696	0.8819
Y18946	1408	7040	Methylocystaceae	Methylosinus sporium	FN422003	1427	7135	Methylocystaceae	Methylocystis bryophila	6776.0	1408	20	19	1377	0.9914	0.9625
Y18946	1408	7040	Methylocystaceae	Methylosinus sporium	KC567245	1426	7130	Methylocystaceae	Hartmannibacter diazotrophicus	6232.0	1406	61	61	1312	0.9755	0.8852
Y18946	1408	7040	Methylocystaceae	Methylosinus sporium	AJ458473	1407	7035	Methylocystaceae	Methylocystis echinoides	6783.0	1407	10	10	1378	0.9864	0.9642
Y18946	1408	7040	Methylocystaceae	Methylosinus sporium	FR733694	1476	7380	Methylocystaceae	Albibacter methylovorans	6250.0	1408	61	60	1314	0.9748	0.8878
Y18946	1408	7040	Methylocystaceae	Methylosinus sporium	Y18947	1410	7050	Methylocystaceae	Methylosinus trichosporium	6822.0	1408	15	13	1383	0.9914	0.9690
Y18946	1408	7040	Methylocystaceae	Methylosinus sporium	KP994391	1461	7305	Methylocystaceae	Terasakiella brassicae	5682.0	1408	137	126	1246	0.9719	0.8071
Y18946	1408	7040	Methylocystaceae	Methylosinus sporium	FJ502233	1451	7255	Methylocystaceae	Methylopila jiangsuensis	6319.0	1408	52	51	1323	0.9749	0.8976
Y18946	1408	7040	Methylocystaceae	Methylosinus sporium	JQ173144	1307	6535	Methylocystaceae	Methylopila musalis	5903.0	1310	43	46	1233	0.9755	0.9033
Y18946	1408	7040	Methylocystaceae	Methylosinus sporium	DQ404188	1416	7080	Methylocystaceae	Hansschlegelia plantiphila	6158.0	1397	66	70	1298	0.9781	0.8747
Y18946	1408	7040	Methylocystaceae	Methylosinus sporium	JQ346801	1440	7194	Methylocystaceae	Pleomorphomonas diazotrophica	6224.0	1408	66	68	1311	0.9784	0.8841
Y18946	1408	7040	Methylocystaceae	Methylosinus sporium	AB127972	1417	7085	Methylocystaceae	Pleomorphomonas koreensis	6264.0	1408	62	64	1316	0.9792	0.8898
Y18946	1408	7040	Methylocystaceae	Methylosinus sporium	AB006768	1429	7145	Methylocystaceae	Terasakiella pusilla	5671.0	1407	141	128	1245	0.9734	0.8055
Y18946	1408	7040	Methylocystaceae	Methylosinus sporium	Y18945	1408	7040	Methylocystaceae	Methylocystis parvus	6806.0	1408	10	10	1381	0.9878	0.9668
Y18946	1408	7040	Methylocystaceae	Methylosinus sporium	JQ034346	1459	7295	Methylocystaceae	Hansschlegelia beijingensis	6253.0	1408	77	62	1317	0.9785	0.8882
Y18946	1408	7040	Methylocystaceae	Methylosinus sporium	LC153750	1408	7040	Methylocystaceae	Oharaeibacter diazotrophicus	6265.0	1408	59	59	1316	0.9755	0.8899
Y18946	1408	7040	Methylocystaceae	Methylosinus sporium	AF004844	1331	6655	Methylocystaceae	Methylopila capsulata	5854.0	1323	52	64	1230	0.9770	0.8796
Y18946	1408	7040	Methylocystaceae	Methylosinus sporium	AJ414656	1438	7190	Methylocystaceae	Methylocystis rosea	6630.0	1408	28	28	1360	0.9855	0.9418
Y18946	1408	7040	Methylocystaceae	Methylosinus sporium	DQ364433	1450	7250	Methylocystaceae	Methylocystis hirsuta	6665.0	1408	27	27	1364	0.9877	0.9467
Y18946	1408	7040	Methylocystaceae	Methylosinus sporium	AM283543	1425	7125	Methylocystaceae	Methylocystis heyeri	6646.0	1408	26	28	1361	0.9862	0.9440
DQ916067	1444	7220	Methylocystaceae	Hansschlegelia zhihuaiae	AB159680	1435	7175	Methylocystaceae	Pleomorphomonas oryzae	6324.0	1430	80	75	1332	0.9830	0.8814
DQ916067	1444	7220	Methylocystaceae	Hansschlegelia zhihuaiae	KP289282	1404	7020	Methylocystaceae	Chthonobacter albigriseus	6198.0	1401	66	63	1306	0.9761	0.8829
DQ916067	1444	7220	Methylocystaceae	Hansschlegelia zhihuaiae	FN422003	1427	7135	Methylocystaceae	Methylocystis bryophila	6237.0	1420	76	69	1318	0.9756	0.8741
DQ916067	1444	7220	Methylocystaceae	Hansschlegelia zhihuaiae	KC567245	1426	7130	Methylocystaceae	Hartmannibacter diazotrophicus	6346.0	1419	56	50	1332	0.9730	0.8900
DQ916067	1444	7220	Methylocystaceae	Hansschlegelia zhihuaiae	AJ458473	1407	7035	Methylocystaceae	Methylocystis echinoides	6207.0	1401	67	61	1307	0.9754	0.8823
DQ916067	1444	7220	Methylocystaceae	Hansschlegelia zhihuaiae	FR733694	1476	7380	Methylocystaceae	Albibacter methylovorans	6912.0	1441	24	17	1408	0.9888	0.9573
DQ916067	1444	7220	Methylocystaceae	Hansschlegelia zhihuaiae	Y18947	1410	7050	Methylocystaceae	Methylosinus trichosporium	6239.0	1402	63	55	1312	0.9740	0.8850
DQ916067	1444	7220	Methylocystaceae	Hansschlegelia zhihuaiae	KP994391	1461	7305	Methylocystaceae	Terasakiella brassicae	5889.0	1444	137	120	1286	0.9713	0.8157
DQ916067	1444	7220	Methylocystaceae	Hansschlegelia zhihuaiae	FJ502233	1451	7255	Methylocystaceae	Methylopila jiangsuensis	6816.0	1444	33	26	1398	0.9859	0.9440
DQ916067	1444	7220	Methylocystaceae	Hansschlegelia zhihuaiae	JQ173144	1307	6535	Methylocystaceae	Methylopila musalis	6195.0	1302	25	20	1266	0.9875	0.9480
DQ916067	1444	7220	Methylocystaceae	Hansschlegelia zhihuaiae	DQ404188	1416	7080	Methylocystaceae	Hansschlegelia plantiphila	6766.0	1413	21	19	1379	0.9892	0.9556
DQ916067	1444	7220	Methylocystaceae	Hansschlegelia zhihuaiae	JQ346801	1440	7194	Methylocystaceae	Pleomorphomonas diazotrophica	6330.0	1436	80	76	1335	0.9816	0.8799
DQ916067	1444	7220	Methylocystaceae	Hansschlegelia zhihuaiae	AB127972	1417	7085	Methylocystaceae	Pleomorphomonas koreensis	6247.0	1413	75	71	1316	0.9806	0.8817
DQ916067	1444	7220	Methylocystaceae	Hansschlegelia zhihuaiae	AB006768	1429	7145	Methylocystaceae	Terasakiella pusilla	5746.0	1410	129	110	1257	0.9669	0.8042
DQ916067	1444	7220	Methylocystaceae	Hansschlegelia zhihuaiae	Y18945	1408	7040	Methylocystaceae	Methylocystis parvus	6236.0	1402	63	57	1311	0.9747	0.8858
DQ916067	1444	7220	Methylocystaceae	Hansschlegelia zhihuaiae	JQ034346	1459	7295	Methylocystaceae	Hansschlegelia beijingensis	6894.0	1438	37	16	1408	0.9902	0.9548
DQ916067	1444	7220	Methylocystaceae	Hansschlegelia zhihuaiae	LC153750	1408	7040	Methylocystaceae	Oharaeibacter diazotrophicus	6228.0	1402	61	55	1311	0.9733	0.8847
DQ916067	1444	7220	Methylocystaceae	Hansschlegelia zhihuaiae	AF004844	1331	6655	Methylocystaceae	Methylopila capsulata	6288.0	1335	16	20	1290	0.9810	0.9449
DQ916067	1444	7220	Methylocystaceae	Hansschlegelia zhihuaiae	AJ414656	1438	7190	Methylocystaceae	Methylocystis rosea	6319.0	1424	71	65	1330	0.9787	0.8789
DQ916067	1444	7220	Methylocystaceae	Hansschlegelia zhihuaiae	DQ364433	1450	7250	Methylocystaceae	Methylocystis hirsuta	6422.0	1444	68	62	1351	0.9776	0.8895
DQ916067	1444	7220	Methylocystaceae	Hansschlegelia zhihuaiae	AM283543	1425	7125	Methylocystaceae	Methylocystis heyeri	6345.0	1421	60	56	1332	0.9758	0.8905
AB159680	1435	7175	Methylocystaceae	Pleomorphomonas oryzae	KP289282	1404	7020	Methylocystaceae	Chthonobacter albigriseus	6378.0	1405	46	47	1329	0.9786	0.9085
AB159680	1435	7175	Methylocystaceae	Pleomorphomonas oryzae	FN422003	1427	7135	Methylocystaceae	Methylocystis bryophila	6332.0	1424	63	60	1332	0.9765	0.8875
AB159680	1435	7175	Methylocystaceae	Pleomorphomonas oryzae	KC567245	1426	7130	Methylocystaceae	Hartmannibacter diazotrophicus	6477.0	1424	53	52	1348	0.9825	0.9084
AB159680	1435	7175	Methylocystaceae	Pleomorphomonas oryzae	AJ458473	1407	7035	Methylocystaceae	Methylocystis echinoides	6323.0	1405	59	57	1323	0.9815	0.8988
AB159680	1435	7175	Methylocystaceae	Pleomorphomonas oryzae	FR733694	1476	7380	Methylocystaceae	Albibacter methylovorans	6306.0	1432	78	76	1330	0.9808	0.8789
AB159680	1435	7175	Methylocystaceae	Pleomorphomonas oryzae	Y18947	1410	7050	Methylocystaceae	Methylosinus trichosporium	6261.0	1406	67	63	1316	0.9799	0.8881
AB159680	1435	7175	Methylocystaceae	Pleomorphomonas oryzae	KP994391	1461	7305	Methylocystaceae	Terasakiella brassicae	5951.0	1435	111	99	1291	0.9663	0.8294
AB159680	1435	7175	Methylocystaceae	Pleomorphomonas oryzae	FJ502233	1451	7255	Methylocystaceae	Methylopila jiangsuensis	6327.0	1435	69	67	1335	0.9759	0.8818
AB159680	1435	7175	Methylocystaceae	Pleomorphomonas oryzae	JQ173144	1307	6535	Methylocystaceae	Methylopila musalis	5800.0	1308	58	59	1220	0.9768	0.8875
AB159680	1435	7175	Methylocystaceae	Pleomorphomonas oryzae	DQ404188	1416	7080	Methylocystaceae	Hansschlegelia plantiphila	6113.0	1403	81	83	1295	0.9811	0.8634
AB159680	1435	7175	Methylocystaceae	Pleomorphomonas oryzae	JQ346801	1440	7194	Methylocystaceae	Pleomorphomonas diazotrophica	7024.0	1434	6	7	1417	0.9930	0.9790
AB159680	1435	7175	Methylocystaceae	Pleomorphomonas oryzae	AB127972	1417	7085	Methylocystaceae	Pleomorphomonas koreensis	6925.0	1417	6	6	1399	0.9915	0.9774
AB159680	1435	7175	Methylocystaceae	Pleomorphomonas oryzae	AB006768	1429	7145	Methylocystaceae	Terasakiella pusilla	5857.0	1414	115	100	1271	0.9673	0.8197
AB159680	1435	7175	Methylocystaceae	Pleomorphomonas oryzae	Y18945	1408	7040	Methylocystaceae	Methylocystis parvus	6274.0	1406	60	58	1318	0.9777	0.8912
AB159680	1435	7175	Methylocystaceae	Pleomorphomonas oryzae	JQ034346	1459	7295	Methylocystaceae	Hansschlegelia beijingensis	6349.0	1435	89	73	1340	0.9838	0.8849
AB159680	1435	7175	Methylocystaceae	Pleomorphomonas oryzae	LC153750	1408	7040	Methylocystaceae	Oharaeibacter diazotrophicus	6442.0	1406	38	36	1338	0.9766	0.9151
AB159680	1435	7175	Methylocystaceae	Pleomorphomonas oryzae	AF004844	1331	6655	Methylocystaceae	Methylopila capsulata	5885.0	1342	58	69	1242	0.9756	0.8843
AB159680	1435	7175	Methylocystaceae	Pleomorphomonas oryzae	AJ414656	1438	7190	Methylocystaceae	Methylocystis rosea	6249.0	1414	69	67	1317	0.9777	0.8709
AB159680	1435	7175	Methylocystaceae	Pleomorphomonas oryzae	DQ364433	1450	7250	Methylocystaceae	Methylocystis hirsuta	6361.0	1435	69	68	1339	0.9795	0.8866
AB159680	1435	7175	Methylocystaceae	Pleomorphomonas oryzae	AM283543	1425	7125	Methylocystaceae	Methylocystis heyeri	6338.0	1425	64	64	1332	0.9787	0.8895
KP289282	1404	7020	Methylocystaceae	Chthonobacter albigriseus	FN422003	1427	7135	Methylocystaceae	Methylocystis bryophila	6181.0	1404	68	64	1305	0.9739	0.8805
KP289282	1404	7020	Methylocystaceae	Chthonobacter albigriseus	KC567245	1426	7130	Methylocystaceae	Hartmannibacter diazotrophicus	6352.0	1404	47	44	1327	0.9757	0.9048
KP289282	1404	7020	Methylocystaceae	Chthonobacter albigriseus	AJ458473	1407	7035	Methylocystaceae	Methylocystis echinoides	6130.0	1399	68	65	1297	0.9723	0.8732
KP289282	1404	7020	Methylocystaceae	Chthonobacter albigriseus	FR733694	1476	7380	Methylocystaceae	Albibacter methylovorans	6282.0	1404	57	53	1318	0.9756	0.8949
KP289282	1404	7020	Methylocystaceae	Chthonobacter albigriseus	Y18947	1410	7050	Methylocystaceae	Methylosinus trichosporium	6191.0	1400	61	56	1306	0.9717	0.8819
KP289282	1404	7020	Methylocystaceae	Chthonobacter albigriseus	KP994391	1461	7305	Methylocystaceae	Terasakiella brassicae	5809.0	1404	109	95	1263	0.9649	0.8275
KP289282	1404	7020	Methylocystaceae	Chthonobacter albigriseus	FJ502233	1451	7255	Methylocystaceae	Methylopila jiangsuensis	6199.0	1404	64	60	1308	0.9732	0.8830
KP289282	1404	7020	Methylocystaceae	Chthonobacter albigriseus	JQ173144	1307	6535	Methylocystaceae	Methylopila musalis	5800.0	1307	56	56	1220	0.9752	0.8875
KP289282	1404	7020	Methylocystaceae	Chthonobacter albigriseus	DQ404188	1416	7080	Methylocystaceae	Hansschlegelia plantiphila	6068.0	1389	65	66	1286	0.9720	0.8644
KP289282	1404	7020	Methylocystaceae	Chthonobacter albigriseus	JQ346801	1440	7194	Methylocystaceae	Pleomorphomonas diazotrophica	6346.0	1404	50	49	1325	0.9779	0.9040
KP289282	1404	7020	Methylocystaceae	Chthonobacter albigriseus	AB127972	1417	7085	Methylocystaceae	Pleomorphomonas koreensis	6377.0	1404	46	45	1329	0.9779	0.9084
KP289282	1404	7020	Methylocystaceae	Chthonobacter albigriseus	AB006768	1429	7145	Methylocystaceae	Terasakiella pusilla	5820.0	1404	109	93	1264	0.9641	0.8291
KP289282	1404	7020	Methylocystaceae	Chthonobacter albigriseus	Y18945	1408	7040	Methylocystaceae	Methylocystis parvus	6148.0	1400	64	61	1300	0.9709	0.8758
KP289282	1404	7020	Methylocystaceae	Chthonobacter albigriseus	JQ034346	1459	7295	Methylocystaceae	Hansschlegelia beijingensis	6228.0	1404	71	53	1316	0.9741	0.8872
KP289282	1404	7020	Methylocystaceae	Chthonobacter albigriseus	LC153750	1408	7040	Methylocystaceae	Oharaeibacter diazotrophicus	6621.0	1400	30	27	1356	0.9876	0.9432
KP289282	1404	7020	Methylocystaceae	Chthonobacter albigriseus	AF004844	1331	6655	Methylocystaceae	Methylopila capsulata	5841.0	1324	49	58	1231	0.9724	0.8777
KP289282	1404	7020	Methylocystaceae	Chthonobacter albigriseus	AJ414656	1438	7190	Methylocystaceae	Methylocystis rosea	6114.0	1400	65	62	1296	0.9686	0.8709
KP289282	1404	7020	Methylocystaceae	Chthonobacter albigriseus	DQ364433	1450	7250	Methylocystaceae	Methylocystis hirsuta	6116.0	1404	69	66	1298	0.9701	0.8712
KP289282	1404	7020	Methylocystaceae	Chthonobacter albigriseus	AM283543	1425	7125	Methylocystaceae	Methylocystis heyeri	6152.0	1404	63	62	1302	0.9702	0.8764
FN422003	1427	7135	Methylocystaceae	Methylocystis bryophila	KC567245	1426	7130	Methylocystaceae	Hartmannibacter diazotrophicus	6333.0	1418	60	61	1328	0.9786	0.8882
FN422003	1427	7135	Methylocystaceae	Methylocystis bryophila	AJ458473	1407	7035	Methylocystaceae	Methylocystis echinoides	6772.0	1408	12	13	1377	0.9871	0.9626
FN422003	1427	7135	Methylocystaceae	Methylocystis bryophila	FR733694	1476	7380	Methylocystaceae	Albibacter methylovorans	6265.0	1427	72	72	1323	0.9764	0.8781
FN422003	1427	7135	Methylocystaceae	Methylocystis bryophila	Y18947	1410	7050	Methylocystaceae	Methylosinus trichosporium	6723.0	1409	19	18	1372	0.9863	0.9536
FN422003	1427	7135	Methylocystaceae	Methylocystis bryophila	KP994391	1461	7305	Methylocystaceae	Terasakiella brassicae	5708.0	1427	147	137	1256	0.9736	0.8000
FN422003	1427	7135	Methylocystaceae	Methylocystis bryophila	FJ502233	1451	7255	Methylocystaceae	Methylopila jiangsuensis	6343.0	1427	69	69	1332	0.9809	0.8890
FN422003	1427	7135	Methylocystaceae	Methylocystis bryophila	JQ173144	1307	6535	Methylocystaceae	Methylopila musalis	5801.0	1311	60	64	1220	0.9783	0.8877
FN422003	1427	7135	Methylocystaceae	Methylocystis bryophila	DQ404188	1416	7080	Methylocystaceae	Hansschlegelia plantiphila	6123.0	1405	78	83	1296	0.9803	0.8648
FN422003	1427	7135	Methylocystaceae	Methylocystis bryophila	JQ346801	1440	7194	Methylocystaceae	Pleomorphomonas diazotrophica	6276.0	1427	63	66	1325	0.9735	0.8796
FN422003	1427	7135	Methylocystaceae	Methylocystis bryophila	AB127972	1417	7085	Methylocystaceae	Pleomorphomonas koreensis	6302.0	1420	60	63	1326	0.9772	0.8895
FN422003	1427	7135	Methylocystaceae	Methylocystis bryophila	AB006768	1429	7145	Methylocystaceae	Terasakiella pusilla	5670.0	1418	147	136	1249	0.9743	0.7947
FN422003	1427	7135	Methylocystaceae	Methylocystis bryophila	Y18945	1408	7040	Methylocystaceae	Methylocystis parvus	6796.0	1409	12	13	1380	0.9885	0.9653
FN422003	1427	7135	Methylocystaceae	Methylocystis bryophila	JQ034346	1459	7295	Methylocystaceae	Hansschlegelia beijingensis	6281.0	1427	87	73	1328	0.9808	0.8803
FN422003	1427	7135	Methylocystaceae	Methylocystis bryophila	LC153750	1408	7040	Methylocystaceae	Oharaeibacter diazotrophicus	6244.0	1409	61	62	1314	0.9755	0.8869
FN422003	1427	7135	Methylocystaceae	Methylocystis bryophila	AF004844	1331	6655	Methylocystaceae	Methylopila capsulata	5861.0	1335	58	71	1236	0.9778	0.8807
FN422003	1427	7135	Methylocystaceae	Methylocystis bryophila	AJ414656	1438	7190	Methylocystaceae	Methylocystis rosea	6752.0	1416	15	16	1378	0.9843	0.9463
FN422003	1427	7135	Methylocystaceae	Methylocystis bryophila	DQ364433	1450	7250	Methylocystaceae	Methylocystis hirsuta	6797.0	1427	16	17	1388	0.9844	0.9526
FN422003	1427	7135	Methylocystaceae	Methylocystis bryophila	AM283543	1425	7125	Methylocystaceae	Methylocystis heyeri	6831.0	1427	11	14	1391	0.9844	0.9587
KC567245	1426	7130	Methylocystaceae	Hartmannibacter diazotrophicus	AJ458473	1407	7035	Methylocystaceae	Methylocystis echinoides	6282.0	1405	57	57	1317	0.9770	0.8930
KC567245	1426	7130	Methylocystaceae	Hartmannibacter diazotrophicus	FR733694	1476	7380	Methylocystaceae	Albibacter methylovorans	6351.0	1423	56	55	1333	0.9744	0.8907
KC567245	1426	7130	Methylocystaceae	Hartmannibacter diazotrophicus	Y18947	1410	7050	Methylocystaceae	Methylosinus trichosporium	6290.0	1406	54	52	1319	0.9742	0.8922
KC567245	1426	7130	Methylocystaceae	Hartmannibacter diazotrophicus	KP994391	1461	7305	Methylocystaceae	Terasakiella brassicae	5801.0	1425	125	114	1268	0.9672	0.8136
KC567245	1426	7130	Methylocystaceae	Hartmannibacter diazotrophicus	FJ502233	1451	7255	Methylocystaceae	Methylopila jiangsuensis	6349.0	1425	52	51	1334	0.9709	0.8905
KC567245	1426	7130	Methylocystaceae	Hartmannibacter diazotrophicus	JQ173144	1307	6535	Methylocystaceae	Methylopila musalis	5819.0	1307	45	45	1223	0.9691	0.8904
KC567245	1426	7130	Methylocystaceae	Hartmannibacter diazotrophicus	DQ404188	1416	7080	Methylocystaceae	Hansschlegelia plantiphila	6175.0	1395	52	56	1301	0.9716	0.8722
KC567245	1426	7130	Methylocystaceae	Hartmannibacter diazotrophicus	JQ346801	1440	7194	Methylocystaceae	Pleomorphomonas diazotrophica	6422.0	1425	57	59	1341	0.9817	0.9007
KC567245	1426	7130	Methylocystaceae	Hartmannibacter diazotrophicus	AB127972	1417	7085	Methylocystaceae	Pleomorphomonas koreensis	6432.0	1412	51	53	1337	0.9838	0.9078
KC567245	1426	7130	Methylocystaceae	Hartmannibacter diazotrophicus	AB006768	1429	7145	Methylocystaceae	Terasakiella pusilla	5773.0	1416	128	116	1261	0.9700	0.8097
KC567245	1426	7130	Methylocystaceae	Hartmannibacter diazotrophicus	Y18945	1408	7040	Methylocystaceae	Methylocystis parvus	6270.0	1406	57	57	1316	0.9755	0.8906
KC567245	1426	7130	Methylocystaceae	Hartmannibacter diazotrophicus	JQ034346	1459	7295	Methylocystaceae	Hansschlegelia beijingensis	6378.0	1425	63	48	1341	0.9739	0.8945
KC567245	1426	7130	Methylocystaceae	Hartmannibacter diazotrophicus	LC153750	1408	7040	Methylocystaceae	Oharaeibacter diazotrophicus	6435.0	1406	39	39	1336	0.9773	0.9141
KC567245	1426	7130	Methylocystaceae	Hartmannibacter diazotrophicus	AF004844	1331	6655	Methylocystaceae	Methylopila capsulata	5905.0	1339	46	55	1245	0.9696	0.8873
KC567245	1426	7130	Methylocystaceae	Hartmannibacter diazotrophicus	AJ414656	1438	7190	Methylocystaceae	Methylocystis rosea	6180.0	1406	67	67	1305	0.9746	0.8668
KC567245	1426	7130	Methylocystaceae	Hartmannibacter diazotrophicus	DQ364433	1450	7250	Methylocystaceae	Methylocystis hirsuta	6280.0	1425	65	65	1325	0.9743	0.8808
KC567245	1426	7130	Methylocystaceae	Hartmannibacter diazotrophicus	AM283543	1425	7125	Methylocystaceae	Methylocystis heyeri	6330.0	1418	50	52	1328	0.9722	0.8884
AJ458473	1407	7035	Methylocystaceae	Methylocystis echinoides	FR733694	1476	7380	Methylocystaceae	Albibacter methylovorans	6219.0	1407	65	64	1310	0.9754	0.8840
AJ458473	1407	7035	Methylocystaceae	Methylocystis echinoides	Y18947	1410	7050	Methylocystaceae	Methylosinus trichosporium	6735.0	1407	14	12	1373	0.9842	0.9574
AJ458473	1407	7035	Methylocystaceae	Methylocystis echinoides	KP994391	1461	7305	Methylocystaceae	Terasakiella brassicae	5684.0	1407	135	124	1246	0.9712	0.8080
AJ458473	1407	7035	Methylocystaceae	Methylocystis echinoides	FJ502233	1451	7255	Methylocystaceae	Methylopila jiangsuensis	6277.0	1407	59	58	1317	0.9763	0.8923
AJ458473	1407	7035	Methylocystaceae	Methylocystis echinoides	JQ173144	1307	6535	Methylocystaceae	Methylopila musalis	5858.0	1309	50	52	1227	0.9761	0.8964
AJ458473	1407	7035	Methylocystaceae	Methylocystis echinoides	DQ404188	1416	7080	Methylocystaceae	Hansschlegelia plantiphila	6152.0	1397	65	69	1298	0.9774	0.8745
AJ458473	1407	7035	Methylocystaceae	Methylocystis echinoides	JQ346801	1440	7194	Methylocystaceae	Pleomorphomonas diazotrophica	6250.0	1407	62	64	1314	0.9784	0.8884
AJ458473	1407	7035	Methylocystaceae	Methylocystis echinoides	AB127972	1417	7085	Methylocystaceae	Pleomorphomonas koreensis	6291.0	1407	54	56	1320	0.9771	0.8942
AJ458473	1407	7035	Methylocystaceae	Methylocystis echinoides	AB006768	1429	7145	Methylocystaceae	Terasakiella pusilla	5702.0	1406	136	123	1249	0.9735	0.8105
AJ458473	1407	7035	Methylocystaceae	Methylocystis echinoides	Y18945	1408	7040	Methylocystaceae	Methylocystis parvus	6927.0	1407	0	0	1395	0.9915	0.9846
AJ458473	1407	7035	Methylocystaceae	Methylocystis echinoides	JQ034346	1459	7295	Methylocystaceae	Hansschlegelia beijingensis	6268.0	1407	74	59	1319	0.9785	0.8910
AJ458473	1407	7035	Methylocystaceae	Methylocystis echinoides	LC153750	1408	7040	Methylocystaceae	Oharaeibacter diazotrophicus	6250.0	1407	60	60	1314	0.9755	0.8884
AJ458473	1407	7035	Methylocystaceae	Methylocystis echinoides	AF004844	1331	6655	Methylocystaceae	Methylopila capsulata	5827.0	1322	49	61	1227	0.9730	0.8756
AJ458473	1407	7035	Methylocystaceae	Methylocystis echinoides	AJ414656	1438	7190	Methylocystaceae	Methylocystis rosea	6752.0	1407	18	18	1374	0.9892	0.9598
AJ458473	1407	7035	Methylocystaceae	Methylocystis echinoides	DQ364433	1450	7250	Methylocystaceae	Methylocystis hirsuta	6787.0	1407	17	17	1378	0.9914	0.9647
AJ458473	1407	7035	Methylocystaceae	Methylocystis echinoides	AM283543	1425	7125	Methylocystaceae	Methylocystis heyeri	6705.0	1407	15	17	1368	0.9842	0.9531
FR733694	1476	7380	Methylocystaceae	Albibacter methylovorans	Y18947	1410	7050	Methylocystaceae	Methylosinus trichosporium	6271.0	1409	59	58	1317	0.9748	0.8895
FR733694	1476	7380	Methylocystaceae	Albibacter methylovorans	KP994391	1461	7305	Methylocystaceae	Terasakiella brassicae	5895.0	1448	134	124	1287	0.9721	0.8070
FR733694	1476	7380	Methylocystaceae	Albibacter methylovorans	FJ502233	1451	7255	Methylocystaceae	Methylopila jiangsuensis	6899.0	1448	22	22	1408	0.9874	0.9509
FR733694	1476	7380	Methylocystaceae	Albibacter methylovorans	JQ173144	1307	6535	Methylocystaceae	Methylopila musalis	6274.0	1307	20	20	1276	0.9915	0.9601
FR733694	1476	7380	Methylocystaceae	Albibacter methylovorans	DQ404188	1416	7080	Methylocystaceae	Hansschlegelia plantiphila	6711.0	1420	22	27	1374	0.9864	0.9479
FR733694	1476	7380	Methylocystaceae	Albibacter methylovorans	JQ346801	1440	7194	Methylocystaceae	Pleomorphomonas diazotrophica	6304.0	1441	80	83	1332	0.9809	0.8763
FR733694	1476	7380	Methylocystaceae	Albibacter methylovorans	AB127972	1417	7085	Methylocystaceae	Pleomorphomonas koreensis	6228.0	1420	74	77	1315	0.9792	0.8790
FR733694	1476	7380	Methylocystaceae	Albibacter methylovorans	AB006768	1429	7145	Methylocystaceae	Terasakiella pusilla	5783.0	1417	128	116	1263	0.9708	0.8094
FR733694	1476	7380	Methylocystaceae	Albibacter methylovorans	Y18945	1408	7040	Methylocystaceae	Methylocystis parvus	6254.0	1409	55	56	1315	0.9719	0.8884
FR733694	1476	7380	Methylocystaceae	Albibacter methylovorans	JQ034346	1459	7295	Methylocystaceae	Hansschlegelia beijingensis	6871.0	1442	32	18	1406	0.9874	0.9419
FR733694	1476	7380	Methylocystaceae	Albibacter methylovorans	LC153750	1408	7040	Methylocystaceae	Oharaeibacter diazotrophicus	6256.0	1409	60	61	1315	0.9755	0.8886
FR733694	1476	7380	Methylocystaceae	Albibacter methylovorans	AF004844	1331	6655	Methylocystaceae	Methylopila capsulata	6365.0	1337	13	22	1298	0.9871	0.9564
FR733694	1476	7380	Methylocystaceae	Albibacter methylovorans	AJ414656	1438	7190	Methylocystaceae	Methylocystis rosea	6372.0	1439	66	67	1341	0.9774	0.8862
FR733694	1476	7380	Methylocystaceae	Albibacter methylovorans	DQ364433	1450	7250	Methylocystaceae	Methylocystis hirsuta	6380.0	1448	65	66	1346	0.9740	0.8800
FR733694	1476	7380	Methylocystaceae	Albibacter methylovorans	AM283543	1425	7125	Methylocystaceae	Methylocystis heyeri	6335.0	1428	58	61	1332	0.9744	0.8891
Y18947	1410	7050	Methylocystaceae	Methylosinus trichosporium	KP994391	1461	7305	Methylocystaceae	Terasakiella brassicae	5711.0	1410	130	121	1250	0.9697	0.8101
Y18947	1410	7050	Methylocystaceae	Methylosinus trichosporium	FJ502233	1451	7255	Methylocystaceae	Methylopila jiangsuensis	6298.0	1410	56	57	1320	0.9756	0.8933
Y18947	1410	7050	Methylocystaceae	Methylosinus trichosporium	JQ173144	1307	6535	Methylocystaceae	Methylopila musalis	5891.0	1312	47	52	1231	0.9770	0.9015
Y18947	1410	7050	Methylocystaceae	Methylosinus trichosporium	DQ404188	1416	7080	Methylocystaceae	Hansschlegelia plantiphila	6167.0	1399	61	67	1300	0.9760	0.8748
Y18947	1410	7050	Methylocystaceae	Methylosinus trichosporium	JQ346801	1440	7194	Methylocystaceae	Pleomorphomonas diazotrophica	6234.0	1410	69	73	1312	0.9813	0.8843
Y18947	1410	7050	Methylocystaceae	Methylosinus trichosporium	AB127972	1417	7085	Methylocystaceae	Pleomorphomonas koreensis	6266.0	1410	60	64	1317	0.9785	0.8888
Y18947	1410	7050	Methylocystaceae	Methylosinus trichosporium	AB006768	1429	7145	Methylocystaceae	Terasakiella pusilla	5702.0	1409	128	117	1251	0.9683	0.8088
Y18947	1410	7050	Methylocystaceae	Methylosinus trichosporium	Y18945	1408	7040	Methylocystaceae	Methylocystis parvus	6771.0	1410	7	9	1378	0.9836	0.9618
Y18947	1410	7050	Methylocystaceae	Methylosinus trichosporium	JQ034346	1459	7295	Methylocystaceae	Hansschlegelia beijingensis	6255.0	1410	75	62	1318	0.9777	0.8872
Y18947	1410	7050	Methylocystaceae	Methylosinus trichosporium	LC153750	1408	7040	Methylocystaceae	Oharaeibacter diazotrophicus	6240.0	1410	62	64	1314	0.9762	0.8864
Y18947	1410	7050	Methylocystaceae	Methylosinus trichosporium	AF004844	1331	6655	Methylocystaceae	Methylopila capsulata	5871.0	1325	49	63	1233	0.9770	0.8822
Y18947	1410	7050	Methylocystaceae	Methylosinus trichosporium	AJ414656	1438	7190	Methylocystaceae	Methylocystis rosea	6627.0	1410	19	21	1361	0.9798	0.9400
Y18947	1410	7050	Methylocystaceae	Methylosinus trichosporium	DQ364433	1450	7250	Methylocystaceae	Methylocystis hirsuta	6644.0	1410	19	21	1363	0.9813	0.9424
Y18947	1410	7050	Methylocystaceae	Methylosinus trichosporium	AM283543	1425	7125	Methylocystaceae	Methylocystis heyeri	6648.0	1410	18	22	1363	0.9820	0.9430
KP994391	1461	7305	Methylocystaceae	Terasakiella brassicae	FJ502233	1451	7255	Methylocystaceae	Methylopila jiangsuensis	5863.0	1461	128	138	1284	0.9705	0.8081
KP994391	1461	7305	Methylocystaceae	Terasakiella brassicae	JQ173144	1307	6535	Methylocystaceae	Methylopila musalis	5296.0	1319	115	127	1159	0.9723	0.8104
KP994391	1461	7305	Methylocystaceae	Terasakiella brassicae	DQ404188	1416	7080	Methylocystaceae	Hansschlegelia plantiphila	5692.0	1430	120	135	1252	0.9668	0.8040
KP994391	1461	7305	Methylocystaceae	Terasakiella brassicae	JQ346801	1440	7194	Methylocystaceae	Pleomorphomonas diazotrophica	5909.0	1453	109	122	1287	0.9669	0.8214
KP994391	1461	7305	Methylocystaceae	Terasakiella brassicae	AB127972	1417	7085	Methylocystaceae	Pleomorphomonas koreensis	5861.0	1430	100	113	1273	0.9666	0.8272
KP994391	1461	7305	Methylocystaceae	Terasakiella brassicae	AB006768	1429	7145	Methylocystaceae	Terasakiella pusilla	6752.0	1427	30	28	1382	0.9878	0.9450
KP994391	1461	7305	Methylocystaceae	Terasakiella brassicae	Y18945	1408	7040	Methylocystaceae	Methylocystis parvus	5650.0	1419	130	141	1242	0.9718	0.8026
KP994391	1461	7305	Methylocystaceae	Terasakiella brassicae	JQ034346	1459	7295	Methylocystaceae	Hansschlegelia beijingensis	5888.0	1455	134	130	1289	0.9728	0.8071
KP994391	1461	7305	Methylocystaceae	Terasakiella brassicae	LC153750	1408	7040	Methylocystaceae	Oharaeibacter diazotrophicus	5798.0	1419	101	112	1262	0.9656	0.8236
KP994391	1461	7305	Methylocystaceae	Terasakiella brassicae	AF004844	1331	6655	Methylocystaceae	Methylopila capsulata	5397.0	1353	108	130	1184	0.9681	0.8110
KP994391	1461	7305	Methylocystaceae	Terasakiella brassicae	AJ414656	1438	7190	Methylocystaceae	Methylocystis rosea	5744.0	1441	135	146	1261	0.9737	0.7989
KP994391	1461	7305	Methylocystaceae	Terasakiella brassicae	DQ364433	1450	7250	Methylocystaceae	Methylocystis hirsuta	5830.0	1461	135	146	1280	0.9734	0.8041
KP994391	1461	7305	Methylocystaceae	Terasakiella brassicae	AM283543	1425	7125	Methylocystaceae	Methylocystis heyeri	5726.0	1438	133	146	1258	0.9737	0.8036
FJ502233	1451	7255	Methylocystaceae	Methylopila jiangsuensis	JQ173144	1307	6535	Methylocystaceae	Methylopila musalis	6481.0	1307	0	0	1301	0.9954	0.9917
FJ502233	1451	7255	Methylocystaceae	Methylopila jiangsuensis	DQ404188	1416	7080	Methylocystaceae	Hansschlegelia plantiphila	6564.0	1420	34	39	1356	0.9819	0.9271
FJ502233	1451	7255	Methylocystaceae	Methylopila jiangsuensis	JQ346801	1440	7194	Methylocystaceae	Pleomorphomonas diazotrophica	6307.0	1443	76	79	1334	0.9780	0.8767
FJ502233	1451	7255	Methylocystaceae	Methylopila jiangsuensis	AB127972	1417	7085	Methylocystaceae	Pleomorphomonas koreensis	6245.0	1420	66	69	1318	0.9756	0.8814
FJ502233	1451	7255	Methylocystaceae	Methylopila jiangsuensis	AB006768	1429	7145	Methylocystaceae	Terasakiella pusilla	5730.0	1417	137	125	1255	0.9714	0.8020
FJ502233	1451	7255	Methylocystaceae	Methylopila jiangsuensis	Y18945	1408	7040	Methylocystaceae	Methylocystis parvus	6329.0	1409	51	52	1324	0.9757	0.8990
FJ502233	1451	7255	Methylocystaceae	Methylopila jiangsuensis	JQ034346	1459	7295	Methylocystaceae	Hansschlegelia beijingensis	6822.0	1445	38	24	1401	0.9859	0.9403
FJ502233	1451	7255	Methylocystaceae	Methylopila jiangsuensis	LC153750	1408	7040	Methylocystaceae	Oharaeibacter diazotrophicus	6206.0	1409	58	59	1310	0.9704	0.8815
FJ502233	1451	7255	Methylocystaceae	Methylopila jiangsuensis	AF004844	1331	6655	Methylocystaceae	Methylopila capsulata	6358.0	1340	10	19	1299	0.9833	0.9554
FJ502233	1451	7255	Methylocystaceae	Methylopila jiangsuensis	AJ414656	1438	7190	Methylocystaceae	Methylocystis rosea	6372.0	1431	60	61	1338	0.9766	0.8862
FJ502233	1451	7255	Methylocystaceae	Methylopila jiangsuensis	DQ364433	1450	7250	Methylocystaceae	Methylocystis hirsuta	6435.0	1451	59	60	1354	0.9734	0.8876
FJ502233	1451	7255	Methylocystaceae	Methylopila jiangsuensis	AM283543	1425	7125	Methylocystaceae	Methylocystis heyeri	6352.0	1428	58	61	1334	0.9759	0.8915
JQ173144	1307	6535	Methylocystaceae	Methylopila musalis	DQ404188	1416	7080	Methylocystaceae	Hansschlegelia plantiphila	6089.0	1307	27	30	1254	0.9820	0.9318
JQ173144	1307	6535	Methylocystaceae	Methylopila musalis	JQ346801	1440	7194	Methylocystaceae	Pleomorphomonas diazotrophica	5748.0	1307	69	68	1213	0.9790	0.8796
JQ173144	1307	6535	Methylocystaceae	Methylopila musalis	AB127972	1417	7085	Methylocystaceae	Pleomorphomonas koreensis	5801.0	1307	59	58	1220	0.9768	0.8877
JQ173144	1307	6535	Methylocystaceae	Methylopila musalis	AB006768	1429	7145	Methylocystaceae	Terasakiella pusilla	5320.0	1307	124	112	1162	0.9724	0.8141
JQ173144	1307	6535	Methylocystaceae	Methylopila musalis	Y18945	1408	7040	Methylocystaceae	Methylocystis parvus	5887.0	1307	45	43	1231	0.9739	0.9008
JQ173144	1307	6535	Methylocystaceae	Methylopila musalis	JQ034346	1459	7295	Methylocystaceae	Hansschlegelia beijingensis	6213.0	1307	32	16	1273	0.9861	0.9507
JQ173144	1307	6535	Methylocystaceae	Methylopila musalis	LC153750	1408	7040	Methylocystaceae	Oharaeibacter diazotrophicus	5808.0	1307	51	48	1222	0.9706	0.8888
JQ173144	1307	6535	Methylocystaceae	Methylopila musalis	AF004844	1331	6655	Methylocystaceae	Methylopila capsulata	6216.0	1301	8	17	1266	0.9860	0.9512
JQ173144	1307	6535	Methylocystaceae	Methylopila musalis	AJ414656	1438	7190	Methylocystaceae	Methylocystis rosea	5847.0	1307	54	52	1226	0.9769	0.8947
JQ173144	1307	6535	Methylocystaceae	Methylopila musalis	DQ364433	1450	7250	Methylocystaceae	Methylocystis hirsuta	5819.0	1307	53	51	1223	0.9737	0.8904
JQ173144	1307	6535	Methylocystaceae	Methylopila musalis	AM283543	1425	7125	Methylocystaceae	Methylocystis heyeri	5841.0	1307	53	52	1225	0.9761	0.8938
DQ404188	1416	7080	Methylocystaceae	Hansschlegelia plantiphila	JQ346801	1440	7194	Methylocystaceae	Pleomorphomonas diazotrophica	6125.0	1408	85	83	1299	0.9804	0.8651
DQ404188	1416	7080	Methylocystaceae	Hansschlegelia plantiphila	AB127972	1417	7085	Methylocystaceae	Pleomorphomonas koreensis	6105.0	1398	81	79	1293	0.9803	0.8623
DQ404188	1416	7080	Methylocystaceae	Hansschlegelia plantiphila	AB006768	1429	7145	Methylocystaceae	Terasakiella pusilla	5635.0	1392	130	113	1237	0.9672	0.7959
DQ404188	1416	7080	Methylocystaceae	Hansschlegelia plantiphila	Y18945	1408	7040	Methylocystaceae	Methylocystis parvus	6168.0	1393	68	64	1300	0.9782	0.8761
DQ404188	1416	7080	Methylocystaceae	Hansschlegelia plantiphila	JQ034346	1459	7295	Methylocystaceae	Hansschlegelia beijingensis	6652.0	1409	38	19	1368	0.9842	0.9395
DQ404188	1416	7080	Methylocystaceae	Hansschlegelia plantiphila	LC153750	1408	7040	Methylocystaceae	Oharaeibacter diazotrophicus	6128.0	1393	66	62	1295	0.9730	0.8705
DQ404188	1416	7080	Methylocystaceae	Hansschlegelia plantiphila	AF004844	1331	6655	Methylocystaceae	Methylopila capsulata	6078.0	1306	21	27	1253	0.9797	0.9133
DQ404188	1416	7080	Methylocystaceae	Hansschlegelia plantiphila	AJ414656	1438	7190	Methylocystaceae	Methylocystis rosea	6204.0	1415	81	77	1312	0.9806	0.8763
DQ404188	1416	7080	Methylocystaceae	Hansschlegelia plantiphila	DQ364433	1450	7250	Methylocystaceae	Methylocystis hirsuta	6198.0	1415	78	74	1312	0.9784	0.8754
DQ404188	1416	7080	Methylocystaceae	Hansschlegelia plantiphila	AM283543	1425	7125	Methylocystaceae	Methylocystis heyeri	6183.0	1400	71	69	1304	0.9797	0.8733
JQ346801	1440	7194	Methylocystaceae	Pleomorphomonas diazotrophica	AB127972	1417	7085	Methylocystaceae	Pleomorphomonas koreensis	6892.0	1417	6	6	1395	0.9887	0.9728
JQ346801	1440	7194	Methylocystaceae	Pleomorphomonas diazotrophica	AB006768	1429	7145	Methylocystaceae	Terasakiella pusilla	5765.0	1414	124	109	1259	0.9648	0.8069
JQ346801	1440	7194	Methylocystaceae	Pleomorphomonas diazotrophica	Y18945	1408	7040	Methylocystaceae	Methylocystis parvus	6212.0	1406	68	66	1310	0.9776	0.8824
JQ346801	1440	7194	Methylocystaceae	Pleomorphomonas diazotrophica	JQ034346	1459	7295	Methylocystaceae	Hansschlegelia beijingensis	6342.0	1440	93	76	1341	0.9831	0.8816
JQ346801	1440	7194	Methylocystaceae	Pleomorphomonas diazotrophica	LC153750	1408	7040	Methylocystaceae	Oharaeibacter diazotrophicus	6381.0	1406	47	45	1330	0.9772	0.9064
JQ346801	1440	7194	Methylocystaceae	Pleomorphomonas diazotrophica	AF004844	1331	6655	Methylocystaceae	Methylopila capsulata	5839.0	1340	63	73	1236	0.9755	0.8774
JQ346801	1440	7194	Methylocystaceae	Pleomorphomonas diazotrophica	AJ414656	1438	7190	Methylocystaceae	Methylocystis rosea	6246.0	1421	73	71	1319	0.9770	0.8687
JQ346801	1440	7194	Methylocystaceae	Pleomorphomonas diazotrophica	DQ364433	1450	7250	Methylocystaceae	Methylocystis hirsuta	6355.0	1440	73	71	1340	0.9788	0.8834
JQ346801	1440	7194	Methylocystaceae	Pleomorphomonas diazotrophica	AM283543	1425	7125	Methylocystaceae	Methylocystis heyeri	6321.0	1425	64	64	1330	0.9772	0.8872
AB127972	1417	7085	Methylocystaceae	Pleomorphomonas koreensis	AB006768	1429	7145	Methylocystaceae	Terasakiella pusilla	5798.0	1411	124	109	1262	0.9693	0.8183
AB127972	1417	7085	Methylocystaceae	Pleomorphomonas koreensis	Y18945	1408	7040	Methylocystaceae	Methylocystis parvus	6259.0	1406	57	55	1317	0.9748	0.8891
AB127972	1417	7085	Methylocystaceae	Pleomorphomonas koreensis	JQ034346	1459	7295	Methylocystaceae	Hansschlegelia beijingensis	6271.0	1417	84	67	1324	0.9807	0.8851
AB127972	1417	7085	Methylocystaceae	Pleomorphomonas koreensis	LC153750	1408	7040	Methylocystaceae	Oharaeibacter diazotrophicus	6427.0	1406	40	38	1336	0.9766	0.9129
AB127972	1417	7085	Methylocystaceae	Pleomorphomonas koreensis	AF004844	1331	6655	Methylocystaceae	Methylopila capsulata	5824.0	1327	56	66	1229	0.9746	0.8751
AB127972	1417	7085	Methylocystaceae	Pleomorphomonas koreensis	AJ414656	1438	7190	Methylocystaceae	Methylocystis rosea	6187.0	1411	72	70	1309	0.9761	0.8733
AB127972	1417	7085	Methylocystaceae	Pleomorphomonas koreensis	DQ364433	1450	7250	Methylocystaceae	Methylocystis hirsuta	6220.0	1417	69	67	1316	0.9748	0.8779
AB127972	1417	7085	Methylocystaceae	Pleomorphomonas koreensis	AM283543	1425	7125	Methylocystaceae	Methylocystis heyeri	6298.0	1417	59	59	1325	0.9757	0.8889
AB006768	1429	7145	Methylocystaceae	Terasakiella pusilla	Y18945	1408	7040	Methylocystaceae	Methylocystis parvus	5672.0	1420	127	140	1245	0.9727	0.8057
AB006768	1429	7145	Methylocystaceae	Terasakiella pusilla	JQ034346	1459	7295	Methylocystaceae	Hansschlegelia beijingensis	5751.0	1429	135	133	1261	0.9730	0.8049
AB006768	1429	7145	Methylocystaceae	Terasakiella pusilla	LC153750	1408	7040	Methylocystaceae	Oharaeibacter diazotrophicus	5826.0	1420	103	116	1265	0.9701	0.8276
AB006768	1429	7145	Methylocystaceae	Terasakiella pusilla	AF004844	1331	6655	Methylocystaceae	Methylopila capsulata	5360.0	1342	100	122	1176	0.9639	0.8054
AB006768	1429	7145	Methylocystaceae	Terasakiella pusilla	AJ414656	1438	7190	Methylocystaceae	Methylocystis rosea	5681.0	1420	128	141	1246	0.9742	0.7951
AB006768	1429	7145	Methylocystaceae	Terasakiella pusilla	DQ364433	1450	7250	Methylocystaceae	Methylocystis hirsuta	5690.0	1429	130	143	1251	0.9728	0.7964
AB006768	1429	7145	Methylocystaceae	Terasakiella pusilla	AM283543	1425	7125	Methylocystaceae	Methylocystis heyeri	5671.0	1429	127	141	1249	0.9697	0.7959
Y18945	1408	7040	Methylocystaceae	Methylocystis parvus	JQ034346	1459	7295	Methylocystaceae	Hansschlegelia beijingensis	6289.0	1408	71	56	1322	0.9778	0.8933
Y18945	1408	7040	Methylocystaceae	Methylocystis parvus	LC153750	1408	7040	Methylocystaceae	Oharaeibacter diazotrophicus	6245.0	1408	57	57	1314	0.9726	0.8871
Y18945	1408	7040	Methylocystaceae	Methylocystis parvus	AF004844	1331	6655	Methylocystaceae	Methylopila capsulata	5858.0	1323	46	58	1231	0.9731	0.8802
Y18945	1408	7040	Methylocystaceae	Methylocystis parvus	AJ414656	1438	7190	Methylocystaceae	Methylocystis rosea	6729.0	1408	16	16	1372	0.9856	0.9558
Y18945	1408	7040	Methylocystaceae	Methylocystis parvus	DQ364433	1450	7250	Methylocystaceae	Methylocystis hirsuta	6764.0	1408	15	15	1376	0.9878	0.9608
Y18945	1408	7040	Methylocystaceae	Methylocystis parvus	AM283543	1425	7125	Methylocystaceae	Methylocystis heyeri	6719.0	1408	15	17	1370	0.9849	0.9544
JQ034346	1459	7295	Methylocystaceae	Hansschlegelia beijingensis	LC153750	1408	7040	Methylocystaceae	Oharaeibacter diazotrophicus	6217.0	1423	61	76	1314	0.9755	0.8831
JQ034346	1459	7295	Methylocystaceae	Hansschlegelia beijingensis	AF004844	1331	6655	Methylocystaceae	Methylopila capsulata	6317.0	1356	10	35	1298	0.9826	0.9492
JQ034346	1459	7295	Methylocystaceae	Hansschlegelia beijingensis	AJ414656	1438	7190	Methylocystaceae	Methylocystis rosea	6324.0	1439	62	77	1333	0.9787	0.8796
JQ034346	1459	7295	Methylocystaceae	Hansschlegelia beijingensis	DQ364433	1450	7250	Methylocystaceae	Methylocystis hirsuta	6396.0	1459	62	77	1350	0.9768	0.8822
JQ034346	1459	7295	Methylocystaceae	Hansschlegelia beijingensis	AM283543	1425	7125	Methylocystaceae	Methylocystis heyeri	6365.0	1442	57	74	1339	0.9788	0.8933
LC153750	1408	7040	Methylocystaceae	Oharaeibacter diazotrophicus	AF004844	1331	6655	Methylocystaceae	Methylopila capsulata	5837.0	1323	45	57	1229	0.9708	0.8771
LC153750	1408	7040	Methylocystaceae	Oharaeibacter diazotrophicus	AJ414656	1438	7190	Methylocystaceae	Methylocystis rosea	6211.0	1408	59	59	1310	0.9711	0.8822
LC153750	1408	7040	Methylocystaceae	Oharaeibacter diazotrophicus	DQ364433	1450	7250	Methylocystaceae	Methylocystis hirsuta	6193.0	1408	62	62	1308	0.9718	0.8797
LC153750	1408	7040	Methylocystaceae	Oharaeibacter diazotrophicus	AM283543	1425	7125	Methylocystaceae	Methylocystis heyeri	6209.0	1408	62	64	1309	0.9740	0.8820
AF004844	1331	6655	Methylocystaceae	Methylopila capsulata	AJ414656	1438	7190	Methylocystaceae	Methylocystis rosea	5842.0	1311	60	48	1230	0.9739	0.8778
AF004844	1331	6655	Methylocystaceae	Methylopila capsulata	DQ364433	1450	7250	Methylocystaceae	Methylocystis hirsuta	5914.0	1331	60	48	1247	0.9719	0.8887
AF004844	1331	6655	Methylocystaceae	Methylopila capsulata	AM283543	1425	7125	Methylocystaceae	Methylocystis heyeri	5933.0	1323	59	49	1245	0.9772	0.8915
AJ414656	1438	7190	Methylocystaceae	Methylocystis rosea	DQ364433	1450	7250	Methylocystaceae	Methylocystis hirsuta	7061.0	1430	2	2	1420	0.9944	0.9821
AJ414656	1438	7190	Methylocystaceae	Methylocystis rosea	AM283543	1425	7125	Methylocystaceae	Methylocystis heyeri	6789.0	1415	8	10	1382	0.9836	0.9528
DQ364433	1450	7250	Methylocystaceae	Methylocystis hirsuta	AM283543	1425	7125	Methylocystaceae	Methylocystis heyeri	6838.0	1427	8	10	1393	0.9831	0.9597
