L77117	1478	7390	Methanocaldococcaceae	Methanocaldococcus jannaschii	CP009149	1479	7395	Methanocaldococcaceae	Methanocaldococcus bathoardescens	7327.0	1478	2	2	1471	0.9966	0.9915
L77117	1478	7390	Methanocaldococcaceae	Methanocaldococcus jannaschii	FJ766848	1378	6890	Methanocaldococcaceae	Methanocaldococcus villosus	6346.0	1369	43	34	1312	0.9828	0.9210
L77117	1478	7390	Methanocaldococcaceae	Methanocaldococcus jannaschii	AF025822	1429	7139	Methanocaldococcaceae	Methanocaldococcus infernus	6753.0	1426	26	24	1382	0.9857	0.9459
L77117	1478	7390	Methanocaldococcaceae	Methanocaldococcus jannaschii	AF051404	1424	7120	Methanocaldococcaceae	Methanocaldococcus vulcanius	6872.0	1427	12	16	1396	0.9894	0.9652
L77117	1478	7390	Methanocaldococcaceae	Methanocaldococcus jannaschii	AF547621	1409	7045	Methanocaldococcaceae	Methanocaldococcus indicus	6600.0	1416	22	29	1359	0.9798	0.9368
L77117	1478	7390	Methanocaldococcaceae	Methanocaldococcus jannaschii	AF056938	1398	6984	Methanocaldococcaceae	Methanocaldococcus fervens	6873.0	1402	3	9	1385	0.9943	0.9841
L77117	1478	7390	Methanocaldococcaceae	Methanocaldococcus jannaschii	CP002737	1440	7200	Methanocaldococcaceae	Methanotorris igneus	6477.0	1449	29	38	1359	0.9631	0.8996
L77117	1478	7390	Methanocaldococcaceae	Methanocaldococcus jannaschii	AB100884	1374	6870	Methanocaldococcaceae	Methanotorris formicicus	6137.0	1411	33	71	1295	0.9664	0.8933
CP009149	1479	7395	Methanocaldococcaceae	Methanocaldococcus bathoardescens	FJ766848	1378	6890	Methanocaldococcaceae	Methanocaldococcus villosus	6373.0	1369	44	35	1315	0.9858	0.9250
CP009149	1479	7395	Methanocaldococcaceae	Methanocaldococcus bathoardescens	AF025822	1429	7139	Methanocaldococcaceae	Methanocaldococcus infernus	6761.0	1426	25	23	1383	0.9857	0.9471
CP009149	1479	7395	Methanocaldococcaceae	Methanocaldococcus bathoardescens	AF051404	1424	7120	Methanocaldococcaceae	Methanocaldococcus vulcanius	6814.0	1427	16	20	1389	0.9872	0.9570
CP009149	1479	7395	Methanocaldococcaceae	Methanocaldococcus bathoardescens	AF547621	1409	7045	Methanocaldococcaceae	Methanocaldococcus indicus	6609.0	1416	20	27	1360	0.9791	0.9381
CP009149	1479	7395	Methanocaldococcaceae	Methanocaldococcus bathoardescens	AF056938	1398	6984	Methanocaldococcaceae	Methanocaldococcus fervens	6875.0	1402	6	12	1385	0.9964	0.9844
CP009149	1479	7395	Methanocaldococcaceae	Methanocaldococcus bathoardescens	CP002737	1440	7200	Methanocaldococcaceae	Methanotorris igneus	6517.0	1449	30	39	1363	0.9667	0.9051
CP009149	1479	7395	Methanocaldococcaceae	Methanocaldococcus bathoardescens	AB100884	1374	6870	Methanocaldococcaceae	Methanotorris formicicus	6117.0	1411	31	69	1293	0.9635	0.8904
FJ766848	1378	6890	Methanocaldococcaceae	Methanocaldococcus villosus	AF025822	1429	7139	Methanocaldococcaceae	Methanocaldococcus infernus	6386.0	1378	34	40	1317	0.9843	0.9269
FJ766848	1378	6890	Methanocaldococcaceae	Methanocaldococcus villosus	AF051404	1424	7120	Methanocaldococcaceae	Methanocaldococcus vulcanius	6251.0	1377	43	54	1299	0.9819	0.9073
FJ766848	1378	6890	Methanocaldococcaceae	Methanocaldococcus villosus	AF547621	1409	7045	Methanocaldococcaceae	Methanocaldococcus indicus	6300.0	1378	38	48	1306	0.9820	0.9144
FJ766848	1378	6890	Methanocaldococcaceae	Methanocaldococcus villosus	AF056938	1398	6984	Methanocaldococcaceae	Methanocaldococcus fervens	6295.0	1378	35	49	1305	0.9819	0.9136
FJ766848	1378	6890	Methanocaldococcaceae	Methanocaldococcus villosus	CP002737	1440	7200	Methanocaldococcaceae	Methanotorris igneus	6067.0	1378	42	59	1278	0.9689	0.8806
FJ766848	1378	6890	Methanocaldococcaceae	Methanocaldococcus villosus	AB100884	1374	6870	Methanocaldococcaceae	Methanotorris formicicus	5923.0	1375	44	80	1255	0.9691	0.8622
AF025822	1429	7139	Methanocaldococcaceae	Methanocaldococcus infernus	AF051404	1424	7120	Methanocaldococcaceae	Methanocaldococcus vulcanius	6611.0	1429	28	34	1365	0.9785	0.9285
AF025822	1429	7139	Methanocaldococcaceae	Methanocaldococcus infernus	AF547621	1409	7045	Methanocaldococcaceae	Methanocaldococcus indicus	6642.0	1409	16	19	1362	0.9799	0.9428
AF025822	1429	7139	Methanocaldococcaceae	Methanocaldococcus infernus	AF056938	1398	6984	Methanocaldococcaceae	Methanocaldococcus fervens	6557.0	1407	26	37	1348	0.9839	0.9389
AF025822	1429	7139	Methanocaldococcaceae	Methanocaldococcus infernus	CP002737	1440	7200	Methanocaldococcaceae	Methanotorris igneus	6283.0	1428	48	59	1325	0.9679	0.8801
AF025822	1429	7139	Methanocaldococcaceae	Methanocaldococcus infernus	AB100884	1374	6870	Methanocaldococcaceae	Methanotorris formicicus	6082.0	1404	50	80	1286	0.9713	0.8853
AF051404	1424	7120	Methanocaldococcaceae	Methanocaldococcus vulcanius	AF547621	1409	7045	Methanocaldococcaceae	Methanocaldococcus indicus	6473.0	1404	39	36	1341	0.9803	0.9188
AF051404	1424	7120	Methanocaldococcaceae	Methanocaldococcus vulcanius	AF056938	1398	6984	Methanocaldococcaceae	Methanocaldococcus fervens	6675.0	1400	14	18	1362	0.9855	0.9558
AF051404	1424	7120	Methanocaldococcaceae	Methanocaldococcus vulcanius	CP002737	1440	7200	Methanocaldococcaceae	Methanotorris igneus	6218.0	1423	38	43	1319	0.9558	0.8733
AF051404	1424	7120	Methanocaldococcaceae	Methanocaldococcus vulcanius	AB100884	1374	6870	Methanocaldococcaceae	Methanotorris formicicus	6058.0	1394	43	63	1283	0.9639	0.8818
AF547621	1409	7045	Methanocaldococcaceae	Methanocaldococcus indicus	AF056938	1398	6984	Methanocaldococcaceae	Methanocaldococcus fervens	6473.0	1399	29	32	1338	0.9788	0.9268
AF547621	1409	7045	Methanocaldococcaceae	Methanocaldococcus indicus	CP002737	1440	7200	Methanocaldococcaceae	Methanotorris igneus	6139.0	1409	60	62	1302	0.9666	0.8714
AF547621	1409	7045	Methanocaldococcaceae	Methanocaldococcus indicus	AB100884	1374	6870	Methanocaldococcaceae	Methanotorris formicicus	5971.0	1388	55	81	1267	0.9694	0.8691
AF056938	1398	6984	Methanocaldococcaceae	Methanocaldococcus fervens	CP002737	1440	7200	Methanocaldococcaceae	Methanotorris igneus	6237.0	1396	33	36	1310	0.9632	0.8930
AF056938	1398	6984	Methanocaldococcaceae	Methanocaldococcus fervens	AB100884	1374	6870	Methanocaldococcaceae	Methanotorris formicicus	6023.0	1397	38	71	1277	0.9630	0.8767
CP002737	1440	7200	Methanocaldococcaceae	Methanotorris igneus	AB100884	1374	6870	Methanocaldococcaceae	Methanotorris formicicus	6636.0	1368	12	6	1346	0.9883	0.9659
