LN624392	1437	7185	Microbulbiferaceae	Microbulbifer rhizosphaerae	HQ424446	1536	7680	Microbulbiferaceae	Microbulbifer mangrovi	6760.0	1437	26	26	1387	0.9830	0.9408
LN624392	1437	7185	Microbulbiferaceae	Microbulbifer rhizosphaerae	FR822983	1509	7545	Microbulbiferaceae	Microbulbifer taiwanensis	6953.0	1437	12	12	1410	0.9895	0.9677
LN624392	1437	7185	Microbulbiferaceae	Microbulbifer rhizosphaerae	EF674853	1473	7365	Microbulbiferaceae	Microbulbifer halophilus	6694.0	1437	34	37	1379	0.9850	0.9317
LN624392	1437	7185	Microbulbiferaceae	Microbulbifer rhizosphaerae	JF751045	1497	7485	Microbulbiferaceae	Microbulbifer gwangyangensis	6899.0	1437	7	10	1404	0.9839	0.9602
LN624392	1437	7185	Microbulbiferaceae	Microbulbifer rhizosphaerae	EU365694	1416	7080	Microbulbiferaceae	Microbulbifer donghaiensis	6808.0	1414	18	18	1383	0.9907	0.9616
LN624392	1437	7185	Microbulbiferaceae	Microbulbifer rhizosphaerae	KJ789957	1455	7275	Microbulbiferaceae	Microbulbifer echini	6754.0	1433	20	22	1385	0.9816	0.9400
LN624392	1437	7185	Microbulbiferaceae	Microbulbifer rhizosphaerae	AB167354	1492	7460	Microbulbiferaceae	Microbulbifer variabilis	6877.0	1437	15	17	1401	0.9866	0.9571
LN624392	1437	7185	Microbulbiferaceae	Microbulbifer rhizosphaerae	EF486352	1491	7455	Microbulbiferaceae	Microbulbifer celer	6713.0	1437	30	30	1382	0.9822	0.9343
LN624392	1437	7185	Microbulbiferaceae	Microbulbifer rhizosphaerae	AB500893	1456	7280	Microbulbiferaceae	Microbulbifer okinawensis	6869.0	1433	10	12	1399	0.9845	0.9560
LN624392	1437	7185	Microbulbiferaceae	Microbulbifer rhizosphaerae	AF500006	1440	7200	Microbulbiferaceae	Microbulbifer elongatus	6629.0	1415	27	27	1363	0.9820	0.9226
LN624392	1437	7185	Microbulbiferaceae	Microbulbifer rhizosphaerae	GQ262813	1498	7490	Microbulbiferaceae	Microbulbifer yueqingensis	6777.0	1437	30	30	1389	0.9872	0.9432
LN624392	1437	7185	Microbulbiferaceae	Microbulbifer rhizosphaerae	AB158515	1490	7450	Microbulbiferaceae	Microbulbifer agarilyticus	6749.0	1437	22	23	1386	0.9802	0.9393
LN624392	1437	7185	Microbulbiferaceae	Microbulbifer rhizosphaerae	AB500894	1458	7290	Microbulbiferaceae	Microbulbifer chitinilyticus	6762.0	1433	39	39	1384	0.9928	0.9411
LN624392	1437	7185	Microbulbiferaceae	Microbulbifer rhizosphaerae	AB124836	1490	7450	Microbulbiferaceae	Microbulbifer thermotolerans	6826.0	1437	29	30	1394	0.9908	0.9500
LN624392	1437	7185	Microbulbiferaceae	Microbulbifer rhizosphaerae	U58338	1393	6935	Microbulbiferaceae	Microbulbifer hydrolyticus	6473.0	1386	25	21	1333	0.9766	0.9334
LN624392	1437	7185	Microbulbiferaceae	Microbulbifer rhizosphaerae	AY377986	1490	7450	Microbulbiferaceae	Microbulbifer maritimus	6958.0	1437	14	15	1410	0.9916	0.9684
LN624392	1437	7185	Microbulbiferaceae	Microbulbifer rhizosphaerae	GQ262812	1497	7485	Microbulbiferaceae	Microbulbifer marinus	6914.0	1437	20	20	1405	0.9915	0.9623
LN624392	1437	7185	Microbulbiferaceae	Microbulbifer rhizosphaerae	KX982847	1458	7290	Microbulbiferaceae	Microbulbifer aestuariivivens	6715.0	1433	37	37	1379	0.9878	0.9346
LN624392	1437	7185	Microbulbiferaceae	Microbulbifer rhizosphaerae	AB266054	1485	7425	Microbulbiferaceae	Microbulbifer epialgicus	6832.0	1437	22	25	1395	0.9880	0.9509
LN624392	1437	7185	Microbulbiferaceae	Microbulbifer rhizosphaerae	AF479688	1492	7460	Microbulbiferaceae	Microbulbifer salipaludis	6824.0	1437	24	23	1395	0.9866	0.9498
LN624392	1437	7185	Microbulbiferaceae	Microbulbifer rhizosphaerae	DQ993341	1495	7475	Microbulbiferaceae	Microbulbifer pacificus	6910.0	1437	11	13	1405	0.9867	0.9617
HQ424446	1536	7680	Microbulbiferaceae	Microbulbifer mangrovi	FR822983	1509	7545	Microbulbiferaceae	Microbulbifer taiwanensis	7177.0	1509	24	24	1466	0.9872	0.9512
HQ424446	1536	7680	Microbulbiferaceae	Microbulbifer mangrovi	EF674853	1473	7365	Microbulbiferaceae	Microbulbifer halophilus	6668.0	1492	46	65	1395	0.9776	0.9054
HQ424446	1536	7680	Microbulbiferaceae	Microbulbifer mangrovi	JF751045	1497	7485	Microbulbiferaceae	Microbulbifer gwangyangensis	6939.0	1500	30	33	1434	0.9775	0.9271
HQ424446	1536	7680	Microbulbiferaceae	Microbulbifer mangrovi	EU365694	1416	7080	Microbulbiferaceae	Microbulbifer donghaiensis	6551.0	1416	29	29	1354	0.9762	0.9253
HQ424446	1536	7680	Microbulbiferaceae	Microbulbifer mangrovi	KJ789957	1455	7275	Microbulbiferaceae	Microbulbifer echini	6718.0	1458	39	42	1390	0.9816	0.9234
HQ424446	1536	7680	Microbulbiferaceae	Microbulbifer mangrovi	AB167354	1492	7460	Microbulbiferaceae	Microbulbifer variabilis	6900.0	1491	41	42	1425	0.9834	0.9249
HQ424446	1536	7680	Microbulbiferaceae	Microbulbifer mangrovi	EF486352	1491	7455	Microbulbiferaceae	Microbulbifer celer	7143.0	1491	17	17	1455	0.9871	0.9581
HQ424446	1536	7680	Microbulbiferaceae	Microbulbifer mangrovi	AB500893	1456	7280	Microbulbiferaceae	Microbulbifer okinawensis	6754.0	1458	28	30	1395	0.9769	0.9277
HQ424446	1536	7680	Microbulbiferaceae	Microbulbifer mangrovi	AF500006	1440	7200	Microbulbiferaceae	Microbulbifer elongatus	6885.0	1440	19	19	1403	0.9873	0.9563
HQ424446	1536	7680	Microbulbiferaceae	Microbulbifer mangrovi	GQ262813	1498	7490	Microbulbiferaceae	Microbulbifer yueqingensis	7097.0	1497	16	16	1453	0.9811	0.9475
HQ424446	1536	7680	Microbulbiferaceae	Microbulbifer mangrovi	AB158515	1490	7450	Microbulbiferaceae	Microbulbifer agarilyticus	7167.0	1491	18	19	1457	0.9898	0.9620
HQ424446	1536	7680	Microbulbiferaceae	Microbulbifer mangrovi	AB500894	1458	7290	Microbulbiferaceae	Microbulbifer chitinilyticus	6797.0	1458	34	34	1400	0.9831	0.9324
HQ424446	1536	7680	Microbulbiferaceae	Microbulbifer mangrovi	AB124836	1490	7450	Microbulbiferaceae	Microbulbifer thermotolerans	6836.0	1491	42	43	1418	0.9793	0.9176
HQ424446	1536	7680	Microbulbiferaceae	Microbulbifer mangrovi	U58338	1393	6935	Microbulbiferaceae	Microbulbifer hydrolyticus	6770.0	1392	3	2	1370	0.9856	0.9762
HQ424446	1536	7680	Microbulbiferaceae	Microbulbifer mangrovi	AY377986	1490	7450	Microbulbiferaceae	Microbulbifer maritimus	6965.0	1491	44	45	1432	0.9903	0.9349
HQ424446	1536	7680	Microbulbiferaceae	Microbulbifer mangrovi	GQ262812	1497	7485	Microbulbiferaceae	Microbulbifer marinus	7016.0	1497	32	32	1442	0.9843	0.9373
HQ424446	1536	7680	Microbulbiferaceae	Microbulbifer mangrovi	KX982847	1458	7290	Microbulbiferaceae	Microbulbifer aestuariivivens	6961.0	1458	16	16	1420	0.9847	0.9549
HQ424446	1536	7680	Microbulbiferaceae	Microbulbifer mangrovi	AB266054	1485	7425	Microbulbiferaceae	Microbulbifer epialgicus	6829.0	1488	42	45	1415	0.9806	0.9197
HQ424446	1536	7680	Microbulbiferaceae	Microbulbifer mangrovi	AF479688	1492	7460	Microbulbiferaceae	Microbulbifer salipaludis	7286.0	1491	7	6	1472	0.9912	0.9767
HQ424446	1536	7680	Microbulbiferaceae	Microbulbifer mangrovi	DQ993341	1495	7475	Microbulbiferaceae	Microbulbifer pacificus	6939.0	1498	30	33	1433	0.9782	0.9283
FR822983	1509	7545	Microbulbiferaceae	Microbulbifer taiwanensis	EF674853	1473	7365	Microbulbiferaceae	Microbulbifer halophilus	6830.0	1486	33	46	1413	0.9813	0.9274
FR822983	1509	7545	Microbulbiferaceae	Microbulbifer taiwanensis	JF751045	1497	7485	Microbulbiferaceae	Microbulbifer gwangyangensis	7066.0	1499	23	26	1449	0.9837	0.9440
FR822983	1509	7545	Microbulbiferaceae	Microbulbifer taiwanensis	EU365694	1416	7080	Microbulbiferaceae	Microbulbifer donghaiensis	6796.0	1416	16	16	1383	0.9879	0.9599
FR822983	1509	7545	Microbulbiferaceae	Microbulbifer taiwanensis	KJ789957	1455	7275	Microbulbiferaceae	Microbulbifer echini	6872.0	1458	22	25	1409	0.9833	0.9446
FR822983	1509	7545	Microbulbiferaceae	Microbulbifer taiwanensis	AB167354	1492	7460	Microbulbiferaceae	Microbulbifer variabilis	7083.0	1490	24	25	1447	0.9877	0.9495
FR822983	1509	7545	Microbulbiferaceae	Microbulbifer taiwanensis	EF486352	1491	7455	Microbulbiferaceae	Microbulbifer celer	7071.0	1490	24	24	1446	0.9864	0.9485
FR822983	1509	7545	Microbulbiferaceae	Microbulbifer taiwanensis	AB500893	1456	7280	Microbulbiferaceae	Microbulbifer okinawensis	7027.0	1458	12	14	1427	0.9882	0.9652
FR822983	1509	7545	Microbulbiferaceae	Microbulbifer taiwanensis	AF500006	1440	7200	Microbulbiferaceae	Microbulbifer elongatus	6702.0	1440	40	40	1381	0.9864	0.9308
FR822983	1509	7545	Microbulbiferaceae	Microbulbifer taiwanensis	GQ262813	1498	7490	Microbulbiferaceae	Microbulbifer yueqingensis	6995.0	1496	27	27	1440	0.9803	0.9339
FR822983	1509	7545	Microbulbiferaceae	Microbulbifer taiwanensis	AB158515	1490	7450	Microbulbiferaceae	Microbulbifer agarilyticus	6984.0	1490	32	33	1435	0.9849	0.9374
FR822983	1509	7545	Microbulbiferaceae	Microbulbifer taiwanensis	AB500894	1458	7290	Microbulbiferaceae	Microbulbifer chitinilyticus	6901.0	1458	29	29	1412	0.9881	0.9466
FR822983	1509	7545	Microbulbiferaceae	Microbulbifer taiwanensis	AB124836	1490	7450	Microbulbiferaceae	Microbulbifer thermotolerans	7041.0	1490	31	32	1441	0.9883	0.9451
FR822983	1509	7545	Microbulbiferaceae	Microbulbifer taiwanensis	U58338	1393	6935	Microbulbiferaceae	Microbulbifer hydrolyticus	6571.0	1392	24	23	1346	0.9832	0.9475
FR822983	1509	7545	Microbulbiferaceae	Microbulbifer taiwanensis	AY377986	1490	7450	Microbulbiferaceae	Microbulbifer maritimus	7221.0	1490	19	20	1462	0.9946	0.9693
FR822983	1509	7545	Microbulbiferaceae	Microbulbifer taiwanensis	GQ262812	1497	7485	Microbulbiferaceae	Microbulbifer marinus	7278.0	1496	14	14	1472	0.9933	0.9723
FR822983	1509	7545	Microbulbiferaceae	Microbulbifer taiwanensis	KX982847	1458	7290	Microbulbiferaceae	Microbulbifer aestuariivivens	6815.0	1458	35	35	1402	0.9852	0.9348
FR822983	1509	7545	Microbulbiferaceae	Microbulbifer taiwanensis	AB266054	1485	7425	Microbulbiferaceae	Microbulbifer epialgicus	7028.0	1488	26	29	1439	0.9863	0.9465
FR822983	1509	7545	Microbulbiferaceae	Microbulbifer taiwanensis	AF479688	1492	7460	Microbulbiferaceae	Microbulbifer salipaludis	7069.0	1490	26	25	1446	0.9870	0.9476
FR822983	1509	7545	Microbulbiferaceae	Microbulbifer taiwanensis	DQ993341	1495	7475	Microbulbiferaceae	Microbulbifer pacificus	7155.0	1498	15	18	1459	0.9858	0.9572
EF674853	1473	7365	Microbulbiferaceae	Microbulbifer halophilus	JF751045	1497	7485	Microbulbiferaceae	Microbulbifer gwangyangensis	6743.0	1473	42	42	1401	0.9790	0.9155
EF674853	1473	7365	Microbulbiferaceae	Microbulbifer halophilus	EU365694	1416	7080	Microbulbiferaceae	Microbulbifer donghaiensis	6575.0	1414	24	22	1358	0.9756	0.9287
EF674853	1473	7365	Microbulbiferaceae	Microbulbifer halophilus	KJ789957	1455	7275	Microbulbiferaceae	Microbulbifer echini	6634.0	1452	45	44	1379	0.9794	0.9119
EF674853	1473	7365	Microbulbiferaceae	Microbulbifer halophilus	AB167354	1492	7460	Microbulbiferaceae	Microbulbifer variabilis	6757.0	1464	39	37	1399	0.9804	0.9174
EF674853	1473	7365	Microbulbiferaceae	Microbulbifer halophilus	EF486352	1491	7455	Microbulbiferaceae	Microbulbifer celer	6847.0	1473	42	29	1415	0.9799	0.9297
EF674853	1473	7365	Microbulbiferaceae	Microbulbifer halophilus	AB500893	1456	7280	Microbulbiferaceae	Microbulbifer okinawensis	6725.0	1452	38	37	1390	0.9823	0.9238
EF674853	1473	7365	Microbulbiferaceae	Microbulbifer halophilus	AF500006	1440	7200	Microbulbiferaceae	Microbulbifer elongatus	6524.0	1435	41	39	1360	0.9742	0.9061
EF674853	1473	7365	Microbulbiferaceae	Microbulbifer halophilus	GQ262813	1498	7490	Microbulbiferaceae	Microbulbifer yueqingensis	6770.0	1467	40	33	1403	0.9784	0.9192
EF674853	1473	7365	Microbulbiferaceae	Microbulbifer halophilus	AB158515	1490	7450	Microbulbiferaceae	Microbulbifer agarilyticus	6677.0	1473	55	43	1395	0.9755	0.9066
EF674853	1473	7365	Microbulbiferaceae	Microbulbifer halophilus	AB500894	1458	7290	Microbulbiferaceae	Microbulbifer chitinilyticus	6842.0	1452	25	22	1404	0.9818	0.9385
EF674853	1473	7365	Microbulbiferaceae	Microbulbifer halophilus	AB124836	1490	7450	Microbulbiferaceae	Microbulbifer thermotolerans	6944.0	1473	29	17	1427	0.9801	0.9428
EF674853	1473	7365	Microbulbiferaceae	Microbulbifer halophilus	U58338	1393	6935	Microbulbiferaceae	Microbulbifer hydrolyticus	6275.0	1389	43	39	1311	0.9711	0.9048
EF674853	1473	7365	Microbulbiferaceae	Microbulbifer halophilus	AY377986	1490	7450	Microbulbiferaceae	Microbulbifer maritimus	6832.0	1473	45	33	1413	0.9813	0.9276
EF674853	1473	7365	Microbulbiferaceae	Microbulbifer halophilus	GQ262812	1497	7485	Microbulbiferaceae	Microbulbifer marinus	6847.0	1467	33	26	1412	0.9799	0.9297
EF674853	1473	7365	Microbulbiferaceae	Microbulbifer halophilus	KX982847	1458	7290	Microbulbiferaceae	Microbulbifer aestuariivivens	6617.0	1452	32	29	1379	0.9691	0.9077
EF674853	1473	7365	Microbulbiferaceae	Microbulbifer halophilus	AB266054	1485	7425	Microbulbiferaceae	Microbulbifer epialgicus	6731.0	1462	38	37	1395	0.9789	0.9139
EF674853	1473	7365	Microbulbiferaceae	Microbulbifer halophilus	AF479688	1492	7460	Microbulbiferaceae	Microbulbifer salipaludis	6738.0	1473	51	37	1403	0.9770	0.9149
EF674853	1473	7365	Microbulbiferaceae	Microbulbifer halophilus	DQ993341	1495	7475	Microbulbiferaceae	Microbulbifer pacificus	6854.0	1473	44	33	1416	0.9833	0.9306
JF751045	1497	7485	Microbulbiferaceae	Microbulbifer gwangyangensis	EU365694	1416	7080	Microbulbiferaceae	Microbulbifer donghaiensis	6776.0	1413	20	17	1380	0.9885	0.9571
JF751045	1497	7485	Microbulbiferaceae	Microbulbifer gwangyangensis	KJ789957	1455	7275	Microbulbiferaceae	Microbulbifer echini	6857.0	1455	24	24	1407	0.9832	0.9425
JF751045	1497	7485	Microbulbiferaceae	Microbulbifer gwangyangensis	AB167354	1492	7460	Microbulbiferaceae	Microbulbifer variabilis	7053.0	1488	22	20	1444	0.9837	0.9454
JF751045	1497	7485	Microbulbiferaceae	Microbulbifer gwangyangensis	EF486352	1491	7455	Microbulbiferaceae	Microbulbifer celer	6764.0	1477	45	42	1405	0.9791	0.9073
JF751045	1497	7485	Microbulbiferaceae	Microbulbifer gwangyangensis	AB500893	1456	7280	Microbulbiferaceae	Microbulbifer okinawensis	7078.0	1455	11	10	1433	0.9917	0.9723
JF751045	1497	7485	Microbulbiferaceae	Microbulbifer gwangyangensis	AF500006	1440	7200	Microbulbiferaceae	Microbulbifer elongatus	6752.0	1437	20	17	1388	0.9775	0.9378
JF751045	1497	7485	Microbulbiferaceae	Microbulbifer gwangyangensis	GQ262813	1498	7490	Microbulbiferaceae	Microbulbifer yueqingensis	6989.0	1494	35	32	1438	0.9836	0.9337
JF751045	1497	7485	Microbulbiferaceae	Microbulbifer gwangyangensis	AB158515	1490	7450	Microbulbiferaceae	Microbulbifer agarilyticus	6895.0	1477	24	22	1421	0.9766	0.9255
JF751045	1497	7485	Microbulbiferaceae	Microbulbifer gwangyangensis	AB500894	1458	7290	Microbulbiferaceae	Microbulbifer chitinilyticus	6792.0	1455	35	32	1399	0.9831	0.9317
JF751045	1497	7485	Microbulbiferaceae	Microbulbifer gwangyangensis	AB124836	1490	7450	Microbulbiferaceae	Microbulbifer thermotolerans	6905.0	1477	32	30	1422	0.9827	0.9268
JF751045	1497	7485	Microbulbiferaceae	Microbulbifer gwangyangensis	U58338	1393	6935	Microbulbiferaceae	Microbulbifer hydrolyticus	6452.0	1391	29	27	1332	0.9765	0.9304
JF751045	1497	7485	Microbulbiferaceae	Microbulbifer gwangyangensis	AY377986	1490	7450	Microbulbiferaceae	Microbulbifer maritimus	6957.0	1477	25	23	1428	0.9821	0.9338
JF751045	1497	7485	Microbulbiferaceae	Microbulbifer gwangyangensis	GQ262812	1497	7485	Microbulbiferaceae	Microbulbifer marinus	7058.0	1494	29	26	1447	0.9857	0.9430
JF751045	1497	7485	Microbulbiferaceae	Microbulbifer gwangyangensis	KX982847	1458	7290	Microbulbiferaceae	Microbulbifer aestuariivivens	6820.0	1455	35	32	1402	0.9852	0.9355
JF751045	1497	7485	Microbulbiferaceae	Microbulbifer gwangyangensis	AB266054	1485	7425	Microbulbiferaceae	Microbulbifer epialgicus	6999.0	1485	24	24	1436	0.9829	0.9426
JF751045	1497	7485	Microbulbiferaceae	Microbulbifer gwangyangensis	AF479688	1492	7460	Microbulbiferaceae	Microbulbifer salipaludis	6919.0	1477	27	23	1424	0.9794	0.9275
JF751045	1497	7485	Microbulbiferaceae	Microbulbifer gwangyangensis	DQ993341	1495	7475	Microbulbiferaceae	Microbulbifer pacificus	7214.0	1485	9	9	1461	0.9898	0.9651
EU365694	1416	7080	Microbulbiferaceae	Microbulbifer donghaiensis	KJ789957	1455	7275	Microbulbiferaceae	Microbulbifer echini	6670.0	1416	22	24	1368	0.9828	0.9421
EU365694	1416	7080	Microbulbiferaceae	Microbulbifer donghaiensis	AB167354	1492	7460	Microbulbiferaceae	Microbulbifer variabilis	6747.0	1416	17	19	1377	0.9857	0.9530
EU365694	1416	7080	Microbulbiferaceae	Microbulbifer donghaiensis	EF486352	1491	7455	Microbulbiferaceae	Microbulbifer celer	6550.0	1416	37	37	1354	0.9819	0.9251
EU365694	1416	7080	Microbulbiferaceae	Microbulbifer donghaiensis	AB500893	1456	7280	Microbulbiferaceae	Microbulbifer okinawensis	6767.0	1416	18	20	1379	0.9878	0.9558
EU365694	1416	7080	Microbulbiferaceae	Microbulbifer donghaiensis	AF500006	1440	7200	Microbulbiferaceae	Microbulbifer elongatus	6551.0	1416	39	39	1353	0.9826	0.9253
EU365694	1416	7080	Microbulbiferaceae	Microbulbifer donghaiensis	GQ262813	1498	7490	Microbulbiferaceae	Microbulbifer yueqingensis	6687.0	1416	23	23	1370	0.9835	0.9445
EU365694	1416	7080	Microbulbiferaceae	Microbulbifer donghaiensis	AB158515	1490	7450	Microbulbiferaceae	Microbulbifer agarilyticus	6551.0	1416	33	35	1353	0.9797	0.9253
EU365694	1416	7080	Microbulbiferaceae	Microbulbifer donghaiensis	AB500894	1458	7290	Microbulbiferaceae	Microbulbifer chitinilyticus	6633.0	1416	40	40	1363	0.9906	0.9369
EU365694	1416	7080	Microbulbiferaceae	Microbulbifer donghaiensis	AB124836	1490	7450	Microbulbiferaceae	Microbulbifer thermotolerans	6726.0	1416	21	22	1375	0.9864	0.9500
EU365694	1416	7080	Microbulbiferaceae	Microbulbifer donghaiensis	U58338	1393	6935	Microbulbiferaceae	Microbulbifer hydrolyticus	6278.0	1363	28	27	1300	0.9731	0.9053
EU365694	1416	7080	Microbulbiferaceae	Microbulbifer donghaiensis	AY377986	1490	7450	Microbulbiferaceae	Microbulbifer maritimus	6750.0	1416	20	21	1377	0.9871	0.9534
EU365694	1416	7080	Microbulbiferaceae	Microbulbifer donghaiensis	GQ262812	1497	7485	Microbulbiferaceae	Microbulbifer marinus	6822.0	1416	18	18	1386	0.9914	0.9636
EU365694	1416	7080	Microbulbiferaceae	Microbulbifer donghaiensis	KX982847	1458	7290	Microbulbiferaceae	Microbulbifer aestuariivivens	6708.0	1416	24	24	1372	0.9856	0.9475
EU365694	1416	7080	Microbulbiferaceae	Microbulbifer donghaiensis	AB266054	1485	7425	Microbulbiferaceae	Microbulbifer epialgicus	6733.0	1416	19	22	1375	0.9864	0.9510
EU365694	1416	7080	Microbulbiferaceae	Microbulbifer donghaiensis	AF479688	1492	7460	Microbulbiferaceae	Microbulbifer salipaludis	6638.0	1416	28	28	1364	0.9827	0.9376
EU365694	1416	7080	Microbulbiferaceae	Microbulbifer donghaiensis	DQ993341	1495	7475	Microbulbiferaceae	Microbulbifer pacificus	6872.0	1416	5	7	1392	0.9879	0.9706
KJ789957	1455	7275	Microbulbiferaceae	Microbulbifer echini	AB167354	1492	7460	Microbulbiferaceae	Microbulbifer variabilis	7084.0	1455	1	0	1434	0.9856	0.9737
KJ789957	1455	7275	Microbulbiferaceae	Microbulbifer echini	EF486352	1491	7455	Microbulbiferaceae	Microbulbifer celer	6705.0	1455	45	42	1389	0.9830	0.9216
KJ789957	1455	7275	Microbulbiferaceae	Microbulbifer echini	AB500893	1456	7280	Microbulbiferaceae	Microbulbifer okinawensis	6899.0	1455	19	18	1412	0.9826	0.9483
KJ789957	1455	7275	Microbulbiferaceae	Microbulbifer echini	AF500006	1440	7200	Microbulbiferaceae	Microbulbifer elongatus	6542.0	1437	38	35	1363	0.9722	0.9086
KJ789957	1455	7275	Microbulbiferaceae	Microbulbifer echini	GQ262813	1498	7490	Microbulbiferaceae	Microbulbifer yueqingensis	6786.0	1455	33	30	1398	0.9811	0.9328
KJ789957	1455	7275	Microbulbiferaceae	Microbulbifer echini	AB158515	1490	7450	Microbulbiferaceae	Microbulbifer agarilyticus	6730.0	1455	34	32	1392	0.9782	0.9251
KJ789957	1455	7275	Microbulbiferaceae	Microbulbifer echini	AB500894	1458	7290	Microbulbiferaceae	Microbulbifer chitinilyticus	6738.0	1455	44	41	1392	0.9844	0.9262
KJ789957	1455	7275	Microbulbiferaceae	Microbulbifer echini	AB124836	1490	7450	Microbulbiferaceae	Microbulbifer thermotolerans	6863.0	1455	28	26	1407	0.9846	0.9434
KJ789957	1455	7275	Microbulbiferaceae	Microbulbifer echini	U58338	1393	6935	Microbulbiferaceae	Microbulbifer hydrolyticus	6356.0	1382	31	30	1317	0.9741	0.9165
KJ789957	1455	7275	Microbulbiferaceae	Microbulbifer echini	AY377986	1490	7450	Microbulbiferaceae	Microbulbifer maritimus	6899.0	1455	16	14	1412	0.9799	0.9483
KJ789957	1455	7275	Microbulbiferaceae	Microbulbifer echini	GQ262812	1497	7485	Microbulbiferaceae	Microbulbifer marinus	6975.0	1455	18	15	1421	0.9868	0.9588
KJ789957	1455	7275	Microbulbiferaceae	Microbulbifer echini	KX982847	1458	7290	Microbulbiferaceae	Microbulbifer aestuariivivens	6715.0	1455	36	33	1390	0.9775	0.9230
KJ789957	1455	7275	Microbulbiferaceae	Microbulbifer echini	AB266054	1485	7425	Microbulbiferaceae	Microbulbifer epialgicus	7138.0	1455	6	6	1439	0.9931	0.9812
KJ789957	1455	7275	Microbulbiferaceae	Microbulbifer echini	AF479688	1492	7460	Microbulbiferaceae	Microbulbifer salipaludis	6711.0	1455	36	33	1390	0.9775	0.9225
KJ789957	1455	7275	Microbulbiferaceae	Microbulbifer echini	DQ993341	1495	7475	Microbulbiferaceae	Microbulbifer pacificus	6866.0	1455	24	23	1408	0.9832	0.9438
AB167354	1492	7460	Microbulbiferaceae	Microbulbifer variabilis	EF486352	1491	7455	Microbulbiferaceae	Microbulbifer celer	6814.0	1469	44	42	1407	0.9860	0.9140
AB167354	1492	7460	Microbulbiferaceae	Microbulbifer variabilis	AB500893	1456	7280	Microbulbiferaceae	Microbulbifer okinawensis	6905.0	1456	16	16	1413	0.9813	0.9485
AB167354	1492	7460	Microbulbiferaceae	Microbulbifer variabilis	AF500006	1440	7200	Microbulbiferaceae	Microbulbifer elongatus	6609.0	1438	42	40	1370	0.9800	0.9179
AB167354	1492	7460	Microbulbiferaceae	Microbulbifer variabilis	GQ262813	1498	7490	Microbulbiferaceae	Microbulbifer yueqingensis	6986.0	1491	31	30	1436	0.9829	0.9365
AB167354	1492	7460	Microbulbiferaceae	Microbulbifer variabilis	AB158515	1490	7450	Microbulbiferaceae	Microbulbifer agarilyticus	6861.0	1469	37	36	1412	0.9853	0.9209
AB167354	1492	7460	Microbulbiferaceae	Microbulbifer variabilis	AB500894	1458	7290	Microbulbiferaceae	Microbulbifer chitinilyticus	6714.0	1456	45	43	1389	0.9830	0.9210
AB167354	1492	7460	Microbulbiferaceae	Microbulbifer variabilis	AB124836	1490	7450	Microbulbiferaceae	Microbulbifer thermotolerans	7000.0	1469	20	19	1429	0.9855	0.9396
AB167354	1492	7460	Microbulbiferaceae	Microbulbifer variabilis	U58338	1393	6935	Microbulbiferaceae	Microbulbifer hydrolyticus	6427.0	1392	33	32	1329	0.9772	0.9267
AB167354	1492	7460	Microbulbiferaceae	Microbulbifer variabilis	AY377986	1490	7450	Microbulbiferaceae	Microbulbifer maritimus	7076.0	1469	14	13	1438	0.9876	0.9498
AB167354	1492	7460	Microbulbiferaceae	Microbulbifer variabilis	GQ262812	1497	7485	Microbulbiferaceae	Microbulbifer marinus	7110.0	1490	18	17	1451	0.9851	0.9531
AB167354	1492	7460	Microbulbiferaceae	Microbulbifer variabilis	KX982847	1458	7290	Microbulbiferaceae	Microbulbifer aestuariivivens	6800.0	1456	40	38	1399	0.9866	0.9328
AB167354	1492	7460	Microbulbiferaceae	Microbulbifer variabilis	AB266054	1485	7425	Microbulbiferaceae	Microbulbifer epialgicus	7333.0	1487	2	4	1475	0.9946	0.9876
AB167354	1492	7460	Microbulbiferaceae	Microbulbifer variabilis	AF479688	1492	7460	Microbulbiferaceae	Microbulbifer salipaludis	6883.0	1469	38	35	1415	0.9868	0.9227
AB167354	1492	7460	Microbulbiferaceae	Microbulbifer variabilis	DQ993341	1495	7475	Microbulbiferaceae	Microbulbifer pacificus	7050.0	1477	20	21	1438	0.9876	0.9450
EF486352	1491	7455	Microbulbiferaceae	Microbulbifer celer	AB500893	1456	7280	Microbulbiferaceae	Microbulbifer okinawensis	6723.0	1458	34	36	1391	0.9782	0.9235
EF486352	1491	7455	Microbulbiferaceae	Microbulbifer celer	AF500006	1440	7200	Microbulbiferaceae	Microbulbifer elongatus	6768.0	1440	31	31	1389	0.9858	0.9400
EF486352	1491	7455	Microbulbiferaceae	Microbulbifer celer	GQ262813	1498	7490	Microbulbiferaceae	Microbulbifer yueqingensis	6996.0	1477	19	19	1433	0.9829	0.9384
EF486352	1491	7455	Microbulbiferaceae	Microbulbifer celer	AB158515	1490	7450	Microbulbiferaceae	Microbulbifer agarilyticus	7026.0	1491	28	29	1441	0.9856	0.9431
EF486352	1491	7455	Microbulbiferaceae	Microbulbifer celer	AB500894	1458	7290	Microbulbiferaceae	Microbulbifer chitinilyticus	6790.0	1458	32	32	1399	0.9811	0.9314
EF486352	1491	7455	Microbulbiferaceae	Microbulbifer celer	AB124836	1490	7450	Microbulbiferaceae	Microbulbifer thermotolerans	6878.0	1491	40	41	1423	0.9814	0.9232
EF486352	1491	7455	Microbulbiferaceae	Microbulbifer celer	U58338	1393	6935	Microbulbiferaceae	Microbulbifer hydrolyticus	6625.0	1392	14	13	1353	0.9811	0.9553
EF486352	1491	7455	Microbulbiferaceae	Microbulbifer celer	AY377986	1490	7450	Microbulbiferaceae	Microbulbifer maritimus	6926.0	1491	44	45	1428	0.9876	0.9297
EF486352	1491	7455	Microbulbiferaceae	Microbulbifer celer	GQ262812	1497	7485	Microbulbiferaceae	Microbulbifer marinus	6923.0	1477	33	33	1423	0.9855	0.9286
EF486352	1491	7455	Microbulbiferaceae	Microbulbifer celer	KX982847	1458	7290	Microbulbiferaceae	Microbulbifer aestuariivivens	6855.0	1458	30	30	1407	0.9853	0.9403
EF486352	1491	7455	Microbulbiferaceae	Microbulbifer celer	AB266054	1485	7425	Microbulbiferaceae	Microbulbifer epialgicus	6776.0	1469	45	48	1401	0.9859	0.9126
EF486352	1491	7455	Microbulbiferaceae	Microbulbifer celer	AF479688	1492	7460	Microbulbiferaceae	Microbulbifer salipaludis	7150.0	1491	17	16	1456	0.9871	0.9591
EF486352	1491	7455	Microbulbiferaceae	Microbulbifer celer	DQ993341	1495	7475	Microbulbiferaceae	Microbulbifer pacificus	6885.0	1490	34	36	1424	0.9794	0.9235
AB500893	1456	7280	Microbulbiferaceae	Microbulbifer okinawensis	AF500006	1440	7200	Microbulbiferaceae	Microbulbifer elongatus	6727.0	1438	26	24	1385	0.9795	0.9343
AB500893	1456	7280	Microbulbiferaceae	Microbulbifer okinawensis	GQ262813	1498	7490	Microbulbiferaceae	Microbulbifer yueqingensis	6726.0	1456	40	38	1391	0.9810	0.9239
AB500893	1456	7280	Microbulbiferaceae	Microbulbifer okinawensis	AB158515	1490	7450	Microbulbiferaceae	Microbulbifer agarilyticus	6731.0	1456	27	26	1393	0.9741	0.9246
AB500893	1456	7280	Microbulbiferaceae	Microbulbifer okinawensis	AB500894	1458	7290	Microbulbiferaceae	Microbulbifer chitinilyticus	6906.0	1456	26	24	1412	0.9860	0.9486
AB500893	1456	7280	Microbulbiferaceae	Microbulbifer okinawensis	AB124836	1490	7450	Microbulbiferaceae	Microbulbifer thermotolerans	6901.0	1456	26	25	1412	0.9867	0.9479
AB500893	1456	7280	Microbulbiferaceae	Microbulbifer okinawensis	U58338	1393	6935	Microbulbiferaceae	Microbulbifer hydrolyticus	6453.0	1382	28	27	1328	0.9801	0.9305
AB500893	1456	7280	Microbulbiferaceae	Microbulbifer okinawensis	AY377986	1490	7450	Microbulbiferaceae	Microbulbifer maritimus	6927.0	1456	20	19	1415	0.9847	0.9515
AB500893	1456	7280	Microbulbiferaceae	Microbulbifer okinawensis	GQ262812	1497	7485	Microbulbiferaceae	Microbulbifer marinus	7018.0	1456	16	14	1426	0.9889	0.9640
AB500893	1456	7280	Microbulbiferaceae	Microbulbifer okinawensis	KX982847	1458	7290	Microbulbiferaceae	Microbulbifer aestuariivivens	6777.0	1456	35	33	1397	0.9817	0.9309
AB500893	1456	7280	Microbulbiferaceae	Microbulbifer okinawensis	AB266054	1485	7425	Microbulbiferaceae	Microbulbifer epialgicus	6869.0	1456	22	23	1408	0.9826	0.9435
AB500893	1456	7280	Microbulbiferaceae	Microbulbifer okinawensis	AF479688	1492	7460	Microbulbiferaceae	Microbulbifer salipaludis	6784.0	1456	27	25	1399	0.9776	0.9319
AB500893	1456	7280	Microbulbiferaceae	Microbulbifer okinawensis	DQ993341	1495	7475	Microbulbiferaceae	Microbulbifer pacificus	7088.0	1456	11	11	1434	0.9924	0.9736
AF500006	1440	7200	Microbulbiferaceae	Microbulbifer elongatus	GQ262813	1498	7490	Microbulbiferaceae	Microbulbifer yueqingensis	6785.0	1440	23	23	1392	0.9824	0.9424
AF500006	1440	7200	Microbulbiferaceae	Microbulbifer elongatus	AB158515	1490	7450	Microbulbiferaceae	Microbulbifer agarilyticus	6948.0	1440	7	9	1411	0.9860	0.9650
AF500006	1440	7200	Microbulbiferaceae	Microbulbifer elongatus	AB500894	1458	7290	Microbulbiferaceae	Microbulbifer chitinilyticus	6677.0	1440	35	35	1378	0.9808	0.9274
AF500006	1440	7200	Microbulbiferaceae	Microbulbifer elongatus	AB124836	1490	7450	Microbulbiferaceae	Microbulbifer thermotolerans	6601.0	1440	39	40	1370	0.9786	0.9168
AF500006	1440	7200	Microbulbiferaceae	Microbulbifer elongatus	U58338	1393	6935	Microbulbiferaceae	Microbulbifer hydrolyticus	6525.0	1364	18	17	1329	0.9866	0.9409
AF500006	1440	7200	Microbulbiferaceae	Microbulbifer elongatus	AY377986	1490	7450	Microbulbiferaceae	Microbulbifer maritimus	6686.0	1440	40	41	1379	0.9857	0.9286
AF500006	1440	7200	Microbulbiferaceae	Microbulbifer elongatus	GQ262812	1497	7485	Microbulbiferaceae	Microbulbifer marinus	6655.0	1440	40	40	1376	0.9829	0.9243
AF500006	1440	7200	Microbulbiferaceae	Microbulbifer elongatus	KX982847	1458	7290	Microbulbiferaceae	Microbulbifer aestuariivivens	6900.0	1440	18	18	1405	0.9880	0.9583
AF500006	1440	7200	Microbulbiferaceae	Microbulbifer elongatus	AB266054	1485	7425	Microbulbiferaceae	Microbulbifer epialgicus	6566.0	1440	39	42	1365	0.9764	0.9119
AF500006	1440	7200	Microbulbiferaceae	Microbulbifer elongatus	AF479688	1492	7460	Microbulbiferaceae	Microbulbifer salipaludis	7002.0	1440	12	12	1417	0.9923	0.9725
AF500006	1440	7200	Microbulbiferaceae	Microbulbifer elongatus	DQ993341	1495	7475	Microbulbiferaceae	Microbulbifer pacificus	6735.0	1440	29	31	1385	0.9830	0.9354
GQ262813	1498	7490	Microbulbiferaceae	Microbulbifer yueqingensis	AB158515	1490	7450	Microbulbiferaceae	Microbulbifer agarilyticus	7028.0	1477	15	16	1436	0.9829	0.9434
GQ262813	1498	7490	Microbulbiferaceae	Microbulbifer yueqingensis	AB500894	1458	7290	Microbulbiferaceae	Microbulbifer chitinilyticus	6747.0	1458	42	42	1394	0.9845	0.9255
GQ262813	1498	7490	Microbulbiferaceae	Microbulbifer yueqingensis	AB124836	1490	7450	Microbulbiferaceae	Microbulbifer thermotolerans	6897.0	1477	31	32	1420	0.9827	0.9258
GQ262813	1498	7490	Microbulbiferaceae	Microbulbifer yueqingensis	U58338	1393	6935	Microbulbiferaceae	Microbulbifer hydrolyticus	6547.0	1392	15	14	1344	0.9753	0.9441
GQ262813	1498	7490	Microbulbiferaceae	Microbulbifer yueqingensis	AY377986	1490	7450	Microbulbiferaceae	Microbulbifer maritimus	6943.0	1477	30	31	1425	0.9855	0.9319
GQ262813	1498	7490	Microbulbiferaceae	Microbulbifer yueqingensis	GQ262812	1497	7485	Microbulbiferaceae	Microbulbifer marinus	7102.0	1497	24	24	1452	0.9857	0.9488
GQ262813	1498	7490	Microbulbiferaceae	Microbulbifer yueqingensis	KX982847	1458	7290	Microbulbiferaceae	Microbulbifer aestuariivivens	6957.0	1458	13	13	1420	0.9827	0.9543
GQ262813	1498	7490	Microbulbiferaceae	Microbulbifer yueqingensis	AB266054	1485	7425	Microbulbiferaceae	Microbulbifer epialgicus	6972.0	1488	31	34	1432	0.9849	0.9390
GQ262813	1498	7490	Microbulbiferaceae	Microbulbifer yueqingensis	AF479688	1492	7460	Microbulbiferaceae	Microbulbifer salipaludis	7112.0	1477	13	12	1446	0.9870	0.9534
GQ262813	1498	7490	Microbulbiferaceae	Microbulbifer yueqingensis	DQ993341	1495	7475	Microbulbiferaceae	Microbulbifer pacificus	6939.0	1485	25	28	1428	0.9801	0.9283
AB158515	1490	7450	Microbulbiferaceae	Microbulbifer agarilyticus	AB500894	1458	7290	Microbulbiferaceae	Microbulbifer chitinilyticus	6683.0	1457	42	41	1386	0.9788	0.9167
AB158515	1490	7450	Microbulbiferaceae	Microbulbifer agarilyticus	AB124836	1490	7450	Microbulbiferaceae	Microbulbifer thermotolerans	6862.0	1490	35	35	1422	0.9773	0.9211
AB158515	1490	7450	Microbulbiferaceae	Microbulbifer agarilyticus	U58338	1393	6935	Microbulbiferaceae	Microbulbifer hydrolyticus	6654.0	1393	15	15	1356	0.9840	0.9595
AB158515	1490	7450	Microbulbiferaceae	Microbulbifer agarilyticus	AY377986	1490	7450	Microbulbiferaceae	Microbulbifer maritimus	7015.0	1490	33	33	1439	0.9876	0.9416
AB158515	1490	7450	Microbulbiferaceae	Microbulbifer agarilyticus	GQ262812	1497	7485	Microbulbiferaceae	Microbulbifer marinus	6850.0	1476	30	29	1415	0.9779	0.9195
AB158515	1490	7450	Microbulbiferaceae	Microbulbifer agarilyticus	KX982847	1458	7290	Microbulbiferaceae	Microbulbifer aestuariivivens	6898.0	1457	22	21	1412	0.9833	0.9462
AB158515	1490	7450	Microbulbiferaceae	Microbulbifer agarilyticus	AB266054	1485	7425	Microbulbiferaceae	Microbulbifer epialgicus	6799.0	1468	36	38	1404	0.9818	0.9157
AB158515	1490	7450	Microbulbiferaceae	Microbulbifer agarilyticus	AF479688	1492	7460	Microbulbiferaceae	Microbulbifer salipaludis	7240.0	1490	14	12	1466	0.9919	0.9718
AB158515	1490	7450	Microbulbiferaceae	Microbulbifer agarilyticus	DQ993341	1495	7475	Microbulbiferaceae	Microbulbifer pacificus	6966.0	1489	25	26	1433	0.9795	0.9350
AB500894	1458	7290	Microbulbiferaceae	Microbulbifer chitinilyticus	AB124836	1490	7450	Microbulbiferaceae	Microbulbifer thermotolerans	6928.0	1458	32	33	1414	0.9923	0.9503
AB500894	1458	7290	Microbulbiferaceae	Microbulbifer chitinilyticus	U58338	1393	6935	Microbulbiferaceae	Microbulbifer hydrolyticus	6330.0	1382	38	37	1313	0.9762	0.9128
AB500894	1458	7290	Microbulbiferaceae	Microbulbifer chitinilyticus	AY377986	1490	7450	Microbulbiferaceae	Microbulbifer maritimus	6789.0	1458	43	44	1397	0.9880	0.9313
AB500894	1458	7290	Microbulbiferaceae	Microbulbifer chitinilyticus	GQ262812	1497	7485	Microbulbiferaceae	Microbulbifer marinus	6909.0	1458	30	30	1413	0.9895	0.9477
AB500894	1458	7290	Microbulbiferaceae	Microbulbifer chitinilyticus	KX982847	1458	7290	Microbulbiferaceae	Microbulbifer aestuariivivens	6770.0	1458	33	33	1397	0.9804	0.9287
AB500894	1458	7290	Microbulbiferaceae	Microbulbifer chitinilyticus	AB266054	1485	7425	Microbulbiferaceae	Microbulbifer epialgicus	6683.0	1458	46	49	1385	0.9830	0.9167
AB500894	1458	7290	Microbulbiferaceae	Microbulbifer chitinilyticus	AF479688	1492	7460	Microbulbiferaceae	Microbulbifer salipaludis	6790.0	1458	33	33	1399	0.9818	0.9314
AB500894	1458	7290	Microbulbiferaceae	Microbulbifer chitinilyticus	DQ993341	1495	7475	Microbulbiferaceae	Microbulbifer pacificus	6853.0	1458	34	36	1406	0.9887	0.9401
AB124836	1490	7450	Microbulbiferaceae	Microbulbifer thermotolerans	U58338	1393	6935	Microbulbiferaceae	Microbulbifer hydrolyticus	6318.0	1391	41	39	1316	0.9734	0.9110
AB124836	1490	7450	Microbulbiferaceae	Microbulbifer thermotolerans	AY377986	1490	7450	Microbulbiferaceae	Microbulbifer maritimus	7133.0	1490	16	16	1453	0.9858	0.9574
AB124836	1490	7450	Microbulbiferaceae	Microbulbifer thermotolerans	GQ262812	1497	7485	Microbulbiferaceae	Microbulbifer marinus	7036.0	1476	20	19	1436	0.9856	0.9444
AB124836	1490	7450	Microbulbiferaceae	Microbulbifer thermotolerans	KX982847	1458	7290	Microbulbiferaceae	Microbulbifer aestuariivivens	6824.0	1457	31	30	1403	0.9832	0.9361
AB124836	1490	7450	Microbulbiferaceae	Microbulbifer thermotolerans	AB266054	1485	7425	Microbulbiferaceae	Microbulbifer epialgicus	6983.0	1468	20	22	1426	0.9862	0.9405
AB124836	1490	7450	Microbulbiferaceae	Microbulbifer thermotolerans	AF479688	1492	7460	Microbulbiferaceae	Microbulbifer salipaludis	6892.0	1490	40	38	1425	0.9814	0.9251
AB124836	1490	7450	Microbulbiferaceae	Microbulbifer thermotolerans	DQ993341	1495	7475	Microbulbiferaceae	Microbulbifer pacificus	7086.0	1489	26	27	1447	0.9897	0.9511
U58338	1393	6935	Microbulbiferaceae	Microbulbifer hydrolyticus	AY377986	1490	7450	Microbulbiferaceae	Microbulbifer maritimus	6426.0	1393	36	38	1328	0.9801	0.9266
U58338	1393	6935	Microbulbiferaceae	Microbulbifer hydrolyticus	GQ262812	1497	7485	Microbulbiferaceae	Microbulbifer marinus	6511.0	1393	26	27	1339	0.9802	0.9389
U58338	1393	6935	Microbulbiferaceae	Microbulbifer hydrolyticus	KX982847	1458	7290	Microbulbiferaceae	Microbulbifer aestuariivivens	6515.0	1383	15	16	1336	0.9773	0.9394
U58338	1393	6935	Microbulbiferaceae	Microbulbifer hydrolyticus	AB266054	1485	7425	Microbulbiferaceae	Microbulbifer epialgicus	6391.0	1393	37	39	1324	0.9778	0.9216
U58338	1393	6935	Microbulbiferaceae	Microbulbifer hydrolyticus	AF479688	1492	7460	Microbulbiferaceae	Microbulbifer salipaludis	6745.0	1393	5	5	1367	0.9849	0.9726
U58338	1393	6935	Microbulbiferaceae	Microbulbifer hydrolyticus	DQ993341	1495	7475	Microbulbiferaceae	Microbulbifer pacificus	6496.0	1393	27	28	1337	0.9795	0.9367
AY377986	1490	7450	Microbulbiferaceae	Microbulbifer maritimus	GQ262812	1497	7485	Microbulbiferaceae	Microbulbifer marinus	7117.0	1476	16	15	1445	0.9890	0.9553
AY377986	1490	7450	Microbulbiferaceae	Microbulbifer maritimus	KX982847	1458	7290	Microbulbiferaceae	Microbulbifer aestuariivivens	6815.0	1457	41	40	1401	0.9887	0.9348
AY377986	1490	7450	Microbulbiferaceae	Microbulbifer maritimus	AB266054	1485	7425	Microbulbiferaceae	Microbulbifer epialgicus	7055.0	1468	8	10	1435	0.9842	0.9502
AY377986	1490	7450	Microbulbiferaceae	Microbulbifer maritimus	AF479688	1492	7460	Microbulbiferaceae	Microbulbifer salipaludis	7015.0	1490	40	38	1439	0.9910	0.9416
AY377986	1490	7450	Microbulbiferaceae	Microbulbifer maritimus	DQ993341	1495	7475	Microbulbiferaceae	Microbulbifer pacificus	7070.0	1489	24	25	1445	0.9870	0.9490
GQ262812	1497	7485	Microbulbiferaceae	Microbulbifer marinus	KX982847	1458	7290	Microbulbiferaceae	Microbulbifer aestuariivivens	6813.0	1458	34	34	1402	0.9846	0.9346
GQ262812	1497	7485	Microbulbiferaceae	Microbulbifer marinus	AB266054	1485	7425	Microbulbiferaceae	Microbulbifer epialgicus	7104.0	1488	19	22	1448	0.9877	0.9568
GQ262812	1497	7485	Microbulbiferaceae	Microbulbifer marinus	AF479688	1492	7460	Microbulbiferaceae	Microbulbifer salipaludis	6936.0	1477	30	29	1425	0.9841	0.9298
GQ262812	1497	7485	Microbulbiferaceae	Microbulbifer marinus	DQ993341	1495	7475	Microbulbiferaceae	Microbulbifer pacificus	7042.0	1485	22	25	1440	0.9863	0.9421
KX982847	1458	7290	Microbulbiferaceae	Microbulbifer aestuariivivens	AB266054	1485	7425	Microbulbiferaceae	Microbulbifer epialgicus	6756.0	1458	38	41	1394	0.9838	0.9267
KX982847	1458	7290	Microbulbiferaceae	Microbulbifer aestuariivivens	AF479688	1492	7460	Microbulbiferaceae	Microbulbifer salipaludis	7032.0	1458	13	13	1428	0.9882	0.9646
KX982847	1458	7290	Microbulbiferaceae	Microbulbifer aestuariivivens	DQ993341	1495	7475	Microbulbiferaceae	Microbulbifer pacificus	6868.0	1458	24	26	1408	0.9832	0.9421
AB266054	1485	7425	Microbulbiferaceae	Microbulbifer epialgicus	AF479688	1492	7460	Microbulbiferaceae	Microbulbifer salipaludis	6829.0	1466	39	35	1408	0.9839	0.9197
AB266054	1485	7425	Microbulbiferaceae	Microbulbifer epialgicus	DQ993341	1495	7475	Microbulbiferaceae	Microbulbifer pacificus	6990.0	1474	23	23	1430	0.9855	0.9414
AF479688	1492	7460	Microbulbiferaceae	Microbulbifer salipaludis	DQ993341	1495	7475	Microbulbiferaceae	Microbulbifer pacificus	7016.0	1491	25	28	1439	0.9836	0.9405
