DQ768117	1493	7465	Myxococcaceae	Myxococcus fulvus	AJ811598	1517	7585	Myxococcaceae	Corallococcus exiguus	7300.0	1493	10	10	1474	0.9939	0.9779
DQ768117	1493	7465	Myxococcaceae	Myxococcus fulvus	AJ811623	1520	7600	Myxococcaceae	Corallococcus macrosporus	7343.0	1493	8	8	1479	0.9960	0.9837
DQ768117	1493	7465	Myxococcaceae	Myxococcus fulvus	KF767690	1531	7655	Myxococcaceae	Aggregicoccus edonensis	7098.0	1493	24	22	1451	0.9864	0.9508
DQ768117	1493	7465	Myxococcaceae	Myxococcus fulvus	DQ768123	1493	7465	Myxococcaceae	Pyxidicoccus fallax	7386.0	1493	2	2	1484	0.9953	0.9894
DQ768117	1493	7465	Myxococcaceae	Myxococcus fulvus	DQ768119	1493	7465	Myxococcaceae	Myxococcus virescens	7307.0	1493	8	8	1475	0.9933	0.9788
DQ768117	1493	7465	Myxococcaceae	Myxococcus fulvus	AJ811588	1524	7620	Myxococcaceae	Corallococcus coralloides	7282.0	1493	10	10	1472	0.9926	0.9755
DQ768117	1493	7465	Myxococcaceae	Myxococcus fulvus	DQ768116	1493	7465	Myxococcaceae	Myxococcus xanthus	7298.0	1493	8	8	1474	0.9926	0.9776
AJ811598	1517	7585	Myxococcaceae	Corallococcus exiguus	AJ811623	1520	7600	Myxococcaceae	Corallococcus macrosporus	7355.0	1517	16	16	1490	0.9927	0.9697
AJ811598	1517	7585	Myxococcaceae	Corallococcus exiguus	KF767690	1531	7655	Myxococcaceae	Aggregicoccus edonensis	7209.0	1517	13	13	1474	0.9801	0.9504
AJ811598	1517	7585	Myxococcaceae	Corallococcus exiguus	DQ768123	1493	7465	Myxococcaceae	Pyxidicoccus fallax	7239.0	1493	10	10	1467	0.9892	0.9697
AJ811598	1517	7585	Myxococcaceae	Corallococcus exiguus	DQ768119	1493	7465	Myxococcaceae	Myxococcus virescens	7210.0	1493	17	17	1463	0.9912	0.9658
AJ811598	1517	7585	Myxococcaceae	Corallococcus exiguus	AJ811588	1524	7620	Myxococcaceae	Corallococcus coralloides	7558.0	1517	0	0	1514	0.9980	0.9964
AJ811598	1517	7585	Myxococcaceae	Corallococcus exiguus	DQ768116	1493	7465	Myxococcaceae	Myxococcus xanthus	7201.0	1493	17	17	1462	0.9905	0.9646
AJ811623	1520	7600	Myxococcaceae	Corallococcus macrosporus	KF767690	1531	7655	Myxococcaceae	Aggregicoccus edonensis	7188.0	1520	25	25	1472	0.9846	0.9458
AJ811623	1520	7600	Myxococcaceae	Corallococcus macrosporus	DQ768123	1493	7465	Myxococcaceae	Pyxidicoccus fallax	7291.0	1493	9	9	1473	0.9926	0.9767
AJ811623	1520	7600	Myxococcaceae	Corallococcus macrosporus	DQ768119	1493	7465	Myxococcaceae	Myxococcus virescens	7411.0	1493	0	0	1487	0.9960	0.9928
AJ811623	1520	7600	Myxococcaceae	Corallococcus macrosporus	AJ811588	1524	7620	Myxococcaceae	Corallococcus coralloides	7364.0	1517	16	16	1491	0.9933	0.9689
AJ811623	1520	7600	Myxococcaceae	Corallococcus macrosporus	DQ768116	1493	7465	Myxococcaceae	Myxococcus xanthus	7402.0	1493	0	0	1486	0.9953	0.9916
KF767690	1531	7655	Myxococcaceae	Aggregicoccus edonensis	DQ768123	1493	7465	Myxococcaceae	Pyxidicoccus fallax	7059.0	1495	20	22	1447	0.9823	0.9456
KF767690	1531	7655	Myxococcaceae	Aggregicoccus edonensis	DQ768119	1493	7465	Myxococcaceae	Myxococcus virescens	7025.0	1495	26	28	1442	0.9830	0.9411
KF767690	1531	7655	Myxococcaceae	Aggregicoccus edonensis	AJ811588	1524	7620	Myxococcaceae	Corallococcus coralloides	7239.0	1524	16	16	1480	0.9814	0.9500
KF767690	1531	7655	Myxococcaceae	Aggregicoccus edonensis	DQ768116	1493	7465	Myxococcaceae	Myxococcus xanthus	7016.0	1495	26	28	1441	0.9823	0.9399
DQ768123	1493	7465	Myxococcaceae	Pyxidicoccus fallax	DQ768119	1493	7465	Myxococcaceae	Myxococcus virescens	7259.0	1493	13	13	1469	0.9926	0.9724
DQ768123	1493	7465	Myxococcaceae	Pyxidicoccus fallax	AJ811588	1524	7620	Myxococcaceae	Corallococcus coralloides	7221.0	1493	10	10	1465	0.9879	0.9673
DQ768123	1493	7465	Myxococcaceae	Pyxidicoccus fallax	DQ768116	1493	7465	Myxococcaceae	Myxococcus xanthus	7250.0	1493	13	13	1468	0.9919	0.9712
DQ768119	1493	7465	Myxococcaceae	Myxococcus virescens	AJ811588	1524	7620	Myxococcaceae	Corallococcus coralloides	7192.0	1493	17	17	1461	0.9898	0.9634
DQ768119	1493	7465	Myxococcaceae	Myxococcus virescens	DQ768116	1493	7465	Myxococcaceae	Myxococcus xanthus	7456.0	1493	0	0	1492	0.9993	0.9988
AJ811588	1524	7620	Myxococcaceae	Corallococcus coralloides	DQ768116	1493	7465	Myxococcaceae	Myxococcus xanthus	7183.0	1493	17	17	1460	0.9892	0.9622
