X86776	1484	7402	Nitrospiraceae	Leptospirillum ferrooxidans	X96726	1401	6999	Nitrospiraceae	Thermodesulfovibrio islandicus	5180.0	1427	159	185	1186	0.9549	0.7401
X86776	1484	7402	Nitrospiraceae	Leptospirillum ferrooxidans	AB231857	1490	7450	Nitrospiraceae	Thermodesulfovibrio thiophilus	5358.0	1484	178	206	1229	0.9617	0.7239
X86776	1484	7402	Nitrospiraceae	Leptospirillum ferrooxidans	AF356829	1516	7580	Nitrospiraceae	Leptospirillum ferriphilum	6654.0	1484	41	43	1394	0.9674	0.8989
X86776	1484	7402	Nitrospiraceae	Leptospirillum ferrooxidans	AB231858	1461	7305	Nitrospiraceae	Thermodesulfovibrio yellowstonii	5381.0	1483	164	190	1233	0.9536	0.7366
X86776	1484	7402	Nitrospiraceae	Leptospirillum ferrooxidans	EF081294	1518	7590	Nitrospiraceae	Thermodesulfovibrio hydrogeniphilus	5404.0	1484	170	191	1236	0.9559	0.7301
X86776	1484	7402	Nitrospiraceae	Leptospirillum ferrooxidans	AB021302	1440	7200	Nitrospiraceae	Thermodesulfovibrio aggregans	5269.0	1456	163	194	1207	0.9564	0.7318
X96726	1401	6999	Nitrospiraceae	Thermodesulfovibrio islandicus	AB231857	1490	7450	Nitrospiraceae	Thermodesulfovibrio thiophilus	6465.0	1401	16	19	1339	0.9689	0.9237
X96726	1401	6999	Nitrospiraceae	Thermodesulfovibrio islandicus	AF356829	1516	7580	Nitrospiraceae	Leptospirillum ferriphilum	5155.0	1400	197	172	1181	0.9617	0.7365
X96726	1401	6999	Nitrospiraceae	Thermodesulfovibrio islandicus	AB231858	1461	7305	Nitrospiraceae	Thermodesulfovibrio yellowstonii	6944.0	1401	0	0	1394	0.9950	0.9921
X96726	1401	6999	Nitrospiraceae	Thermodesulfovibrio islandicus	EF081294	1518	7590	Nitrospiraceae	Thermodesulfovibrio hydrogeniphilus	6460.0	1401	34	30	1339	0.9767	0.9230
X96726	1401	6999	Nitrospiraceae	Thermodesulfovibrio islandicus	AB021302	1440	7200	Nitrospiraceae	Thermodesulfovibrio aggregans	6544.0	1401	23	27	1347	0.9803	0.9350
AB231857	1490	7450	Nitrospiraceae	Thermodesulfovibrio thiophilus	AF356829	1516	7580	Nitrospiraceae	Leptospirillum ferriphilum	5497.0	1478	200	172	1255	0.9609	0.7379
AB231857	1490	7450	Nitrospiraceae	Thermodesulfovibrio thiophilus	AB231858	1461	7305	Nitrospiraceae	Thermodesulfovibrio yellowstonii	6753.0	1458	17	14	1398	0.9681	0.9244
AB231857	1490	7450	Nitrospiraceae	Thermodesulfovibrio thiophilus	EF081294	1518	7590	Nitrospiraceae	Thermodesulfovibrio hydrogeniphilus	6652.0	1476	35	28	1394	0.9627	0.8929
AB231857	1490	7450	Nitrospiraceae	Thermodesulfovibrio thiophilus	AB021302	1440	7200	Nitrospiraceae	Thermodesulfovibrio aggregans	6522.0	1446	33	39	1363	0.9687	0.9058
AF356829	1516	7580	Nitrospiraceae	Leptospirillum ferriphilum	AB231858	1461	7305	Nitrospiraceae	Thermodesulfovibrio yellowstonii	5373.0	1488	179	206	1232	0.9610	0.7355
AF356829	1516	7580	Nitrospiraceae	Leptospirillum ferriphilum	EF081294	1518	7590	Nitrospiraceae	Thermodesulfovibrio hydrogeniphilus	5542.0	1514	177	197	1264	0.9598	0.7311
AF356829	1516	7580	Nitrospiraceae	Leptospirillum ferriphilum	AB021302	1440	7200	Nitrospiraceae	Thermodesulfovibrio aggregans	5315.0	1462	170	201	1214	0.9627	0.7382
AB231858	1461	7305	Nitrospiraceae	Thermodesulfovibrio yellowstonii	EF081294	1518	7590	Nitrospiraceae	Thermodesulfovibrio hydrogeniphilus	6757.0	1461	33	29	1399	0.9770	0.9250
AB231858	1461	7305	Nitrospiraceae	Thermodesulfovibrio yellowstonii	AB021302	1440	7200	Nitrospiraceae	Thermodesulfovibrio aggregans	6659.0	1429	22	28	1372	0.9793	0.9249
EF081294	1518	7590	Nitrospiraceae	Thermodesulfovibrio hydrogeniphilus	AB021302	1440	7200	Nitrospiraceae	Thermodesulfovibrio aggregans	6656.0	1439	22	32	1375	0.9773	0.9244
