AY167952	1509	7545	Peptostreptococcaceae	Peptostreptococcus russellii	AF537211	1450	7250	Peptostreptococcaceae	Filifactor villosus	5694.0	1481	136	168	1267	0.9650	0.7854
AY167952	1509	7545	Peptostreptococcaceae	Peptostreptococcus russellii	X55406	1331	6601	Peptostreptococcaceae	Filifactor alocis	4717.0	1347	180	196	1099	0.9548	0.7146
AY167952	1509	7545	Peptostreptococcaceae	Peptostreptococcus russellii	AFZE01000039	1440	7200	Peptostreptococcaceae	Peptoanaerobacter stomatis	5499.0	1429	170	159	1230	0.9685	0.7638
AY167952	1509	7545	Peptostreptococcaceae	Peptostreptococcus russellii	AY682207	1495	7475	Peptostreptococcaceae	Sporacetigenium mesophilum	6346.0	1508	81	96	1363	0.9653	0.8490
AY167952	1509	7545	Peptostreptococcaceae	Peptostreptococcus russellii	AY326462	1473	7359	Peptostreptococcaceae	Peptostreptococcus anaerobius	6837.0	1473	34	34	1411	0.9805	0.9291
AY167952	1509	7545	Peptostreptococcaceae	Peptostreptococcus russellii	KT783480	1455	7275	Peptostreptococcaceae	Wukongibacter baidiensis	5914.0	1440	127	112	1288	0.9699	0.8129
AY167952	1509	7545	Peptostreptococcaceae	Peptostreptococcus russellii	AY158079	1404	7014	Peptostreptococcaceae	Tepidibacter thalassicus	5757.0	1405	93	94	1254	0.9565	0.8208
AY167952	1509	7545	Peptostreptococcaceae	Peptostreptococcus russellii	AY245527	1380	6894	Peptostreptococcaceae	Tepidibacter formicigenes	5719.0	1400	87	107	1243	0.9613	0.8296
AY167952	1509	7545	Peptostreptococcaceae	Peptostreptococcus russellii	HE687281	1436	7180	Peptostreptococcaceae	Peptostreptococcus canis	6482.0	1409	61	34	1347	0.9796	0.9028
AY167952	1509	7545	Peptostreptococcaceae	Peptostreptococcus russellii	DQ160208	1465	7319	Peptostreptococcaceae	Peptostreptococcus stomatis	6607.0	1440	58	33	1375	0.9773	0.9027
AY167952	1509	7545	Peptostreptococcaceae	Peptostreptococcus russellii	X77837	1480	7250	Peptostreptococcaceae	Maledivibacter halophilus	5738.0	1478	133	137	1275	0.9508	0.7914
AY167952	1509	7545	Peptostreptococcaceae	Peptostreptococcus russellii	AB298735	1472	7354	Peptostreptococcaceae	Anaerosphaera aminiphila	5567.0	1462	162	152	1254	0.9573	0.7570
AY167952	1509	7545	Peptostreptococcaceae	Peptostreptococcus russellii	AF458779	1577	7885	Peptostreptococcaceae	Paramaledivibacter caminithermalis	5892.0	1491	190	137	1311	0.9682	0.7809
AY167952	1509	7545	Peptostreptococcaceae	Peptostreptococcus russellii	GQ231514	1438	7190	Peptostreptococcaceae	Tepidibacter mesophilus	6059.0	1440	87	89	1303	0.9645	0.8427
AF537211	1450	7250	Peptostreptococcaceae	Filifactor villosus	X55406	1331	6601	Peptostreptococcaceae	Filifactor alocis	4621.0	1355	194	219	1088	0.9577	0.7000
AF537211	1450	7250	Peptostreptococcaceae	Filifactor villosus	AFZE01000039	1440	7200	Peptostreptococcaceae	Peptoanaerobacter stomatis	5605.0	1433	135	148	1241	0.9658	0.7785
AF537211	1450	7250	Peptostreptococcaceae	Filifactor villosus	AY682207	1495	7475	Peptostreptococcaceae	Sporacetigenium mesophilum	5662.0	1450	124	149	1253	0.9631	0.7810
AF537211	1450	7250	Peptostreptococcaceae	Filifactor villosus	AY326462	1473	7359	Peptostreptococcaceae	Peptostreptococcus anaerobius	5691.0	1450	155	133	1267	0.9620	0.7850
AF537211	1450	7250	Peptostreptococcaceae	Filifactor villosus	KT783480	1455	7275	Peptostreptococcaceae	Wukongibacter baidiensis	5871.0	1450	124	119	1286	0.9662	0.8098
AF537211	1450	7250	Peptostreptococcaceae	Filifactor villosus	AY158079	1404	7014	Peptostreptococcaceae	Tepidibacter thalassicus	5627.0	1430	100	126	1244	0.9540	0.8023
AF537211	1450	7250	Peptostreptococcaceae	Filifactor villosus	AY245527	1380	6894	Peptostreptococcaceae	Tepidibacter formicigenes	5381.0	1382	122	124	1199	0.9531	0.7805
AF537211	1450	7250	Peptostreptococcaceae	Filifactor villosus	HE687281	1436	7180	Peptostreptococcaceae	Peptostreptococcus canis	5625.0	1446	138	150	1249	0.9637	0.7834
AF537211	1450	7250	Peptostreptococcaceae	Filifactor villosus	DQ160208	1465	7319	Peptostreptococcaceae	Peptostreptococcus stomatis	5673.0	1450	155	140	1262	0.9634	0.7825
AF537211	1450	7250	Peptostreptococcaceae	Filifactor villosus	X77837	1480	7250	Peptostreptococcaceae	Maledivibacter halophilus	5582.0	1447	136	130	1247	0.9468	0.7699
AF537211	1450	7250	Peptostreptococcaceae	Filifactor villosus	AB298735	1472	7354	Peptostreptococcaceae	Anaerosphaera aminiphila	5500.0	1450	157	155	1237	0.9552	0.7586
AF537211	1450	7250	Peptostreptococcaceae	Filifactor villosus	AF458779	1577	7885	Peptostreptococcaceae	Paramaledivibacter caminithermalis	5712.0	1448	217	114	1281	0.9603	0.7879
AF537211	1450	7250	Peptostreptococcaceae	Filifactor villosus	GQ231514	1438	7190	Peptostreptococcaceae	Tepidibacter mesophilus	5738.0	1450	118	130	1267	0.9598	0.7981
X55406	1331	6601	Peptostreptococcaceae	Filifactor alocis	AFZE01000039	1440	7200	Peptostreptococcaceae	Peptoanaerobacter stomatis	4621.0	1329	198	192	1084	0.9534	0.7000
X55406	1331	6601	Peptostreptococcaceae	Filifactor alocis	AY682207	1495	7475	Peptostreptococcaceae	Sporacetigenium mesophilum	4717.0	1330	195	185	1096	0.9572	0.7146
X55406	1331	6601	Peptostreptococcaceae	Filifactor alocis	AY326462	1473	7359	Peptostreptococcaceae	Peptostreptococcus anaerobius	4728.0	1331	189	174	1100	0.9507	0.7163
X55406	1331	6601	Peptostreptococcaceae	Filifactor alocis	KT783480	1455	7275	Peptostreptococcaceae	Wukongibacter baidiensis	4630.0	1329	200	197	1084	0.9576	0.7014
X55406	1331	6601	Peptostreptococcaceae	Filifactor alocis	AY158079	1404	7014	Peptostreptococcaceae	Tepidibacter thalassicus	4677.0	1330	197	191	1091	0.9579	0.7085
X55406	1331	6601	Peptostreptococcaceae	Filifactor alocis	AY245527	1380	6894	Peptostreptococcaceae	Tepidibacter formicigenes	4609.0	1328	196	194	1081	0.9533	0.6982
X55406	1331	6601	Peptostreptococcaceae	Filifactor alocis	HE687281	1436	7180	Peptostreptococcaceae	Peptostreptococcus canis	4739.0	1330	177	181	1097	0.9547	0.7179
X55406	1331	6601	Peptostreptococcaceae	Filifactor alocis	DQ160208	1465	7319	Peptostreptococcaceae	Peptostreptococcus stomatis	4709.0	1329	188	176	1096	0.9506	0.7134
X55406	1331	6601	Peptostreptococcaceae	Filifactor alocis	X77837	1480	7250	Peptostreptococcaceae	Maledivibacter halophilus	4470.0	1329	224	221	1062	0.9585	0.6772
X55406	1331	6601	Peptostreptococcaceae	Filifactor alocis	AB298735	1472	7354	Peptostreptococcaceae	Anaerosphaera aminiphila	4660.0	1330	194	190	1090	0.9561	0.7060
X55406	1331	6601	Peptostreptococcaceae	Filifactor alocis	AF458779	1577	7885	Peptostreptococcaceae	Paramaledivibacter caminithermalis	4579.0	1329	209	201	1079	0.9566	0.6937
X55406	1331	6601	Peptostreptococcaceae	Filifactor alocis	GQ231514	1438	7190	Peptostreptococcaceae	Tepidibacter mesophilus	4719.0	1329	186	188	1093	0.9579	0.7149
AFZE01000039	1440	7200	Peptostreptococcaceae	Peptoanaerobacter stomatis	AY682207	1495	7475	Peptostreptococcaceae	Sporacetigenium mesophilum	5397.0	1440	150	177	1215	0.9620	0.7496
AFZE01000039	1440	7200	Peptostreptococcaceae	Peptoanaerobacter stomatis	AY326462	1473	7359	Peptostreptococcaceae	Peptostreptococcus anaerobius	5506.0	1420	156	167	1223	0.9761	0.7647
AFZE01000039	1440	7200	Peptostreptococcaceae	Peptoanaerobacter stomatis	KT783480	1455	7275	Peptostreptococcaceae	Wukongibacter baidiensis	5412.0	1420	169	165	1215	0.9681	0.7517
AFZE01000039	1440	7200	Peptostreptococcaceae	Peptoanaerobacter stomatis	AY158079	1404	7014	Peptostreptococcaceae	Tepidibacter thalassicus	5384.0	1407	134	148	1205	0.9571	0.7676
AFZE01000039	1440	7200	Peptostreptococcaceae	Peptoanaerobacter stomatis	AY245527	1380	6894	Peptostreptococcaceae	Tepidibacter formicigenes	5177.0	1380	145	164	1168	0.9605	0.7509
AFZE01000039	1440	7200	Peptostreptococcaceae	Peptoanaerobacter stomatis	HE687281	1436	7180	Peptostreptococcaceae	Peptostreptococcus canis	5524.0	1420	177	161	1230	0.9770	0.7694
AFZE01000039	1440	7200	Peptostreptococcaceae	Peptoanaerobacter stomatis	DQ160208	1465	7319	Peptostreptococcaceae	Peptostreptococcus stomatis	5504.0	1420	175	161	1227	0.9746	0.7644
AFZE01000039	1440	7200	Peptostreptococcaceae	Peptoanaerobacter stomatis	X77837	1480	7250	Peptostreptococcaceae	Maledivibacter halophilus	5359.0	1440	190	171	1217	0.9590	0.7443
AFZE01000039	1440	7200	Peptostreptococcaceae	Peptoanaerobacter stomatis	AB298735	1472	7354	Peptostreptococcaceae	Anaerosphaera aminiphila	5331.0	1432	181	174	1210	0.9618	0.7404
AFZE01000039	1440	7200	Peptostreptococcaceae	Peptoanaerobacter stomatis	AF458779	1577	7885	Peptostreptococcaceae	Paramaledivibacter caminithermalis	5357.0	1440	227	165	1225	0.9608	0.7440
AFZE01000039	1440	7200	Peptostreptococcaceae	Peptoanaerobacter stomatis	GQ231514	1438	7190	Peptostreptococcaceae	Tepidibacter mesophilus	5450.0	1420	141	154	1218	0.9621	0.7580
AY682207	1495	7475	Peptostreptococcaceae	Sporacetigenium mesophilum	AY326462	1473	7359	Peptostreptococcaceae	Peptostreptococcus anaerobius	6250.0	1458	97	82	1336	0.9709	0.8493
AY682207	1495	7475	Peptostreptococcaceae	Sporacetigenium mesophilum	KT783480	1455	7275	Peptostreptococcaceae	Wukongibacter baidiensis	6062.0	1425	101	71	1304	0.9631	0.8333
AY682207	1495	7475	Peptostreptococcaceae	Sporacetigenium mesophilum	AY158079	1404	7014	Peptostreptococcaceae	Tepidibacter thalassicus	6225.0	1440	56	92	1315	0.9755	0.8875
AY682207	1495	7475	Peptostreptococcaceae	Sporacetigenium mesophilum	AY245527	1380	6894	Peptostreptococcaceae	Tepidibacter formicigenes	6157.0	1376	50	46	1292	0.9714	0.8931
AY682207	1495	7475	Peptostreptococcaceae	Sporacetigenium mesophilum	HE687281	1436	7180	Peptostreptococcaceae	Peptostreptococcus canis	6023.0	1408	112	84	1289	0.9736	0.8389
AY682207	1495	7475	Peptostreptococcaceae	Sporacetigenium mesophilum	DQ160208	1465	7319	Peptostreptococcaceae	Peptostreptococcus stomatis	6116.0	1457	113	105	1315	0.9726	0.8356
AY682207	1495	7475	Peptostreptococcaceae	Sporacetigenium mesophilum	X77837	1480	7250	Peptostreptococcaceae	Maledivibacter halophilus	5916.0	1442	120	89	1290	0.9534	0.8160
AY682207	1495	7475	Peptostreptococcaceae	Sporacetigenium mesophilum	AB298735	1472	7354	Peptostreptococcaceae	Anaerosphaera aminiphila	5605.0	1447	170	145	1253	0.9624	0.7622
AY682207	1495	7475	Peptostreptococcaceae	Sporacetigenium mesophilum	AF458779	1577	7885	Peptostreptococcaceae	Paramaledivibacter caminithermalis	5984.0	1475	180	112	1319	0.9677	0.8005
AY682207	1495	7475	Peptostreptococcaceae	Sporacetigenium mesophilum	GQ231514	1438	7190	Peptostreptococcaceae	Tepidibacter mesophilus	6340.0	1425	53	40	1335	0.9639	0.8818
AY326462	1473	7359	Peptostreptococcaceae	Peptostreptococcus anaerobius	KT783480	1455	7275	Peptostreptococcaceae	Wukongibacter baidiensis	5895.0	1440	124	109	1286	0.9662	0.8103
AY326462	1473	7359	Peptostreptococcaceae	Peptostreptococcus anaerobius	AY158079	1404	7014	Peptostreptococcaceae	Tepidibacter thalassicus	5878.0	1405	81	82	1269	0.9592	0.8380
AY326462	1473	7359	Peptostreptococcaceae	Peptostreptococcus anaerobius	AY245527	1380	6894	Peptostreptococcaceae	Tepidibacter formicigenes	5844.0	1410	69	99	1260	0.9611	0.8477
AY326462	1473	7359	Peptostreptococcaceae	Peptostreptococcus anaerobius	HE687281	1436	7180	Peptostreptococcaceae	Peptostreptococcus canis	6792.0	1409	39	12	1384	0.9907	0.9460
AY326462	1473	7359	Peptostreptococcaceae	Peptostreptococcus anaerobius	DQ160208	1465	7319	Peptostreptococcaceae	Peptostreptococcus stomatis	6978.0	1440	34	9	1418	0.9909	0.9534
AY326462	1473	7359	Peptostreptococcaceae	Peptostreptococcus anaerobius	X77837	1480	7250	Peptostreptococcaceae	Maledivibacter halophilus	5660.0	1457	131	135	1257	0.9508	0.7807
AY326462	1473	7359	Peptostreptococcaceae	Peptostreptococcus anaerobius	AB298735	1472	7354	Peptostreptococcaceae	Anaerosphaera aminiphila	5553.0	1450	157	144	1248	0.9556	0.7551
AY326462	1473	7359	Peptostreptococcaceae	Peptostreptococcus anaerobius	AF458779	1577	7885	Peptostreptococcaceae	Paramaledivibacter caminithermalis	5884.0	1468	222	114	1309	0.9668	0.7996
AY326462	1473	7359	Peptostreptococcaceae	Peptostreptococcus anaerobius	GQ231514	1438	7190	Peptostreptococcaceae	Tepidibacter mesophilus	6175.0	1440	75	77	1319	0.9677	0.8588
KT783480	1455	7275	Peptostreptococcaceae	Wukongibacter baidiensis	AY158079	1404	7014	Peptostreptococcaceae	Tepidibacter thalassicus	5922.0	1420	90	106	1275	0.9703	0.8443
KT783480	1455	7275	Peptostreptococcaceae	Wukongibacter baidiensis	AY245527	1380	6894	Peptostreptococcaceae	Tepidibacter formicigenes	5794.0	1410	79	109	1254	0.9639	0.8404
KT783480	1455	7275	Peptostreptococcaceae	Wukongibacter baidiensis	HE687281	1436	7180	Peptostreptococcaceae	Peptostreptococcus canis	5854.0	1424	129	117	1272	0.9732	0.8153
KT783480	1455	7275	Peptostreptococcaceae	Wukongibacter baidiensis	DQ160208	1465	7319	Peptostreptococcaceae	Peptostreptococcus stomatis	5961.0	1455	123	113	1299	0.9680	0.8194
KT783480	1455	7275	Peptostreptococcaceae	Wukongibacter baidiensis	X77837	1480	7250	Peptostreptococcaceae	Maledivibacter halophilus	6555.0	1452	41	40	1366	0.9674	0.9041
KT783480	1455	7275	Peptostreptococcaceae	Wukongibacter baidiensis	AB298735	1472	7354	Peptostreptococcaceae	Anaerosphaera aminiphila	5700.0	1455	125	128	1267	0.9548	0.7835
KT783480	1455	7275	Peptostreptococcaceae	Wukongibacter baidiensis	AF458779	1577	7885	Peptostreptococcaceae	Paramaledivibacter caminithermalis	6646.0	1453	132	34	1394	0.9824	0.9135
KT783480	1455	7275	Peptostreptococcaceae	Wukongibacter baidiensis	GQ231514	1438	7190	Peptostreptococcaceae	Tepidibacter mesophilus	6107.0	1455	82	99	1311	0.9668	0.8494
AY158079	1404	7014	Peptostreptococcaceae	Tepidibacter thalassicus	AY245527	1380	6894	Peptostreptococcaceae	Tepidibacter formicigenes	6353.0	1369	31	28	1312	0.9784	0.9215
AY158079	1404	7014	Peptostreptococcaceae	Tepidibacter thalassicus	HE687281	1436	7180	Peptostreptococcaceae	Peptostreptococcus canis	5866.0	1393	102	75	1267	0.9613	0.8363
AY158079	1404	7014	Peptostreptococcaceae	Tepidibacter thalassicus	DQ160208	1465	7319	Peptostreptococcaceae	Peptostreptococcus stomatis	5897.0	1404	104	78	1275	0.9615	0.8407
AY158079	1404	7014	Peptostreptococcaceae	Tepidibacter thalassicus	X77837	1480	7250	Peptostreptococcaceae	Maledivibacter halophilus	5751.0	1404	114	98	1251	0.9579	0.8199
AY158079	1404	7014	Peptostreptococcaceae	Tepidibacter thalassicus	AB298735	1472	7354	Peptostreptococcaceae	Anaerosphaera aminiphila	5406.0	1404	183	143	1216	0.9643	0.7707
AY158079	1404	7014	Peptostreptococcaceae	Tepidibacter thalassicus	AF458779	1577	7885	Peptostreptococcaceae	Paramaledivibacter caminithermalis	5860.0	1402	171	83	1279	0.9697	0.8355
AY158079	1404	7014	Peptostreptococcaceae	Tepidibacter thalassicus	GQ231514	1438	7190	Peptostreptococcaceae	Tepidibacter mesophilus	6384.0	1404	44	45	1328	0.9772	0.9102
AY245527	1380	6894	Peptostreptococcaceae	Tepidibacter formicigenes	HE687281	1436	7180	Peptostreptococcaceae	Peptostreptococcus canis	5723.0	1360	70	72	1233	0.9573	0.8301
AY245527	1380	6894	Peptostreptococcaceae	Tepidibacter formicigenes	DQ160208	1465	7319	Peptostreptococcaceae	Peptostreptococcus stomatis	5822.0	1380	116	72	1258	0.9618	0.8445
AY245527	1380	6894	Peptostreptococcaceae	Tepidibacter formicigenes	X77837	1480	7250	Peptostreptococcaceae	Maledivibacter halophilus	5613.0	1380	119	98	1226	0.9563	0.8142
AY245527	1380	6894	Peptostreptococcaceae	Tepidibacter formicigenes	AB298735	1472	7354	Peptostreptococcaceae	Anaerosphaera aminiphila	5295.0	1380	173	141	1192	0.9621	0.7681
AY245527	1380	6894	Peptostreptococcaceae	Tepidibacter formicigenes	AF458779	1577	7885	Peptostreptococcaceae	Paramaledivibacter caminithermalis	5707.0	1380	102	96	1239	0.9650	0.8278
AY245527	1380	6894	Peptostreptococcaceae	Tepidibacter formicigenes	GQ231514	1438	7190	Peptostreptococcaceae	Tepidibacter mesophilus	6292.0	1379	34	35	1308	0.9732	0.9127
HE687281	1436	7180	Peptostreptococcaceae	Peptostreptococcus canis	DQ160208	1465	7319	Peptostreptococcaceae	Peptostreptococcus stomatis	6856.0	1436	21	23	1398	0.9894	0.9549
HE687281	1436	7180	Peptostreptococcaceae	Peptostreptococcus canis	X77837	1480	7250	Peptostreptococcaceae	Maledivibacter halophilus	5578.0	1436	121	133	1238	0.9501	0.7769
HE687281	1436	7180	Peptostreptococcaceae	Peptostreptococcus canis	AB298735	1472	7354	Peptostreptococcaceae	Anaerosphaera aminiphila	5407.0	1435	161	162	1220	0.9584	0.7531
HE687281	1436	7180	Peptostreptococcaceae	Peptostreptococcus canis	AF458779	1577	7885	Peptostreptococcaceae	Paramaledivibacter caminithermalis	5836.0	1433	205	95	1293	0.9664	0.8128
HE687281	1436	7180	Peptostreptococcaceae	Peptostreptococcus canis	GQ231514	1438	7190	Peptostreptococcaceae	Tepidibacter mesophilus	6024.0	1436	67	96	1293	0.9649	0.8390
DQ160208	1465	7319	Peptostreptococcaceae	Peptostreptococcus stomatis	X77837	1480	7250	Peptostreptococcaceae	Maledivibacter halophilus	5687.0	1462	124	133	1262	0.9496	0.7844
DQ160208	1465	7319	Peptostreptococcaceae	Peptostreptococcus stomatis	AB298735	1472	7354	Peptostreptococcaceae	Anaerosphaera aminiphila	5525.0	1465	154	167	1244	0.9584	0.7549
DQ160208	1465	7319	Peptostreptococcaceae	Peptostreptococcus stomatis	AF458779	1577	7885	Peptostreptococcaceae	Paramaledivibacter caminithermalis	5882.0	1463	205	117	1305	0.9695	0.8037
DQ160208	1465	7319	Peptostreptococcaceae	Peptostreptococcus stomatis	GQ231514	1438	7190	Peptostreptococcaceae	Tepidibacter mesophilus	6185.0	1465	67	94	1324	0.9657	0.8602
X77837	1480	7250	Peptostreptococcaceae	Maledivibacter halophilus	AB298735	1472	7354	Peptostreptococcaceae	Anaerosphaera aminiphila	5657.0	1465	136	142	1260	0.9524	0.7803
X77837	1480	7250	Peptostreptococcaceae	Maledivibacter halophilus	AF458779	1577	7885	Peptostreptococcaceae	Paramaledivibacter caminithermalis	6484.0	1474	102	60	1372	0.9703	0.8943
X77837	1480	7250	Peptostreptococcaceae	Maledivibacter halophilus	GQ231514	1438	7190	Peptostreptococcaceae	Tepidibacter mesophilus	5857.0	1453	101	119	1276	0.9565	0.8146
AB298735	1472	7354	Peptostreptococcaceae	Anaerosphaera aminiphila	AF458779	1577	7885	Peptostreptococcaceae	Paramaledivibacter caminithermalis	5722.0	1468	228	134	1287	0.9648	0.7781
AB298735	1472	7354	Peptostreptococcaceae	Anaerosphaera aminiphila	GQ231514	1438	7190	Peptostreptococcaceae	Tepidibacter mesophilus	5550.0	1452	145	159	1242	0.9606	0.7719
AF458779	1577	7885	Peptostreptococcaceae	Paramaledivibacter caminithermalis	GQ231514	1438	7190	Peptostreptococcaceae	Tepidibacter mesophilus	5936.0	1551	95	210	1303	0.9717	0.8256
