EF589351	1496	7480	Planctomycetaceae	Rhodopirellula lusitana	AM162407	1446	7230	Planctomycetaceae	Schlesneria paludicola	5407.0	1443	163	160	1227	0.9564	0.7479
EF589351	1496	7480	Planctomycetaceae	Rhodopirellula lusitana	DQ986201	1452	7260	Planctomycetaceae	Rubripirellula obstinata	6456.0	1448	49	46	1358	0.9686	0.8893
EF589351	1496	7480	Planctomycetaceae	Rhodopirellula lusitana	KC867695	1445	7225	Planctomycetaceae	Thermogutta hypogea	5682.0	1446	119	126	1261	0.9553	0.7864
EF589351	1496	7480	Planctomycetaceae	Rhodopirellula lusitana	JF748733	1430	7150	Planctomycetaceae	Blastopirellula cremea	5903.0	1457	84	111	1289	0.9577	0.8256
EF589351	1496	7480	Planctomycetaceae	Rhodopirellula lusitana	HQ845508	1449	7245	Planctomycetaceae	Roseimaritima ulvae	6453.0	1455	50	56	1358	0.9707	0.8907
EF589351	1496	7480	Planctomycetaceae	Rhodopirellula lusitana	HQ845450	1439	7195	Planctomycetaceae	Mariniblastus fucicola	5669.0	1452	124	137	1258	0.9567	0.7879
EF589351	1496	7480	Planctomycetaceae	Rhodopirellula lusitana	X62911	1528	7634	Planctomycetaceae	Planctopirus limnophila	5669.0	1494	159	159	1279	0.9581	0.7579
EF589351	1496	7480	Planctomycetaceae	Rhodopirellula lusitana	CP001848	1510	7550	Planctomycetaceae	Pirellula staleyi	5948.0	1496	125	138	1310	0.9647	0.7952
EF589351	1496	7480	Planctomycetaceae	Rhodopirellula lusitana	BX294149	1515	7575	Planctomycetaceae	Rhodopirellula baltica	7057.0	1486	22	22	1443	0.9857	0.9434
EF589351	1496	7480	Planctomycetaceae	Rhodopirellula lusitana	KP161655	1360	6800	Planctomycetaceae	Planctomicrobium piriforme	5154.0	1386	125	151	1170	0.9474	0.7579
EF589351	1496	7480	Planctomycetaceae	Rhodopirellula lusitana	X62912	1503	7515	Planctomycetaceae	Blastopirellula marina	6008.0	1496	78	112	1316	0.9509	0.8032
EF589351	1496	7480	Planctomycetaceae	Rhodopirellula lusitana	AJ231184	1504	7520	Planctomycetaceae	Gimesia maris	5874.0	1481	137	128	1300	0.9608	0.7853
EF589351	1496	7480	Planctomycetaceae	Rhodopirellula lusitana	KR872395	1490	7450	Planctomycetaceae	Thermostilla marina	6039.0	1493	117	123	1322	0.9650	0.8106
EF589351	1496	7480	Planctomycetaceae	Rhodopirellula lusitana	CP002546	1488	7440	Planctomycetaceae	Rubinisphaera brasiliensis	5745.0	1496	115	150	1282	0.9525	0.7722
EF589351	1496	7480	Planctomycetaceae	Rhodopirellula lusitana	KC867694	1483	7415	Planctomycetaceae	Thermogutta terrifontis	5727.0	1474	145	138	1279	0.9573	0.7724
EF589351	1496	7480	Planctomycetaceae	Rhodopirellula lusitana	HQ845500	1456	7280	Planctomycetaceae	Rhodopirellula rubra	6937.0	1456	23	23	1416	0.9881	0.9529
EF589351	1496	7480	Planctomycetaceae	Rhodopirellula lusitana	JF748734	1459	7295	Planctomycetaceae	Rhodopirellula rosea	6543.0	1457	48	46	1371	0.9717	0.8969
AM162407	1446	7230	Planctomycetaceae	Schlesneria paludicola	DQ986201	1452	7260	Planctomycetaceae	Rubripirellula obstinata	5338.0	1435	180	171	1216	0.9620	0.7383
AM162407	1446	7230	Planctomycetaceae	Schlesneria paludicola	KC867695	1445	7225	Planctomycetaceae	Thermogutta hypogea	5396.0	1426	117	147	1213	0.9484	0.7469
AM162407	1446	7230	Planctomycetaceae	Schlesneria paludicola	JF748733	1430	7150	Planctomycetaceae	Blastopirellula cremea	5362.0	1430	151	170	1209	0.9595	0.7499
AM162407	1446	7230	Planctomycetaceae	Schlesneria paludicola	HQ845508	1449	7245	Planctomycetaceae	Roseimaritima ulvae	5416.0	1429	148	157	1220	0.9591	0.7491
AM162407	1446	7230	Planctomycetaceae	Schlesneria paludicola	HQ845450	1439	7195	Planctomycetaceae	Mariniblastus fucicola	5289.0	1429	182	179	1202	0.9616	0.7351
AM162407	1446	7230	Planctomycetaceae	Schlesneria paludicola	X62911	1528	7634	Planctomycetaceae	Planctopirus limnophila	5965.0	1445	90	94	1296	0.9593	0.8250
AM162407	1446	7230	Planctomycetaceae	Schlesneria paludicola	CP001848	1510	7550	Planctomycetaceae	Pirellula staleyi	5493.0	1446	150	168	1234	0.9656	0.7598
AM162407	1446	7230	Planctomycetaceae	Schlesneria paludicola	BX294149	1515	7575	Planctomycetaceae	Rhodopirellula baltica	5364.0	1440	189	172	1221	0.9629	0.7419
AM162407	1446	7230	Planctomycetaceae	Schlesneria paludicola	KP161655	1360	6800	Planctomycetaceae	Planctomicrobium piriforme	5268.0	1391	136	168	1180	0.9648	0.7747
AM162407	1446	7230	Planctomycetaceae	Schlesneria paludicola	X62912	1503	7515	Planctomycetaceae	Blastopirellula marina	5392.0	1445	130	164	1219	0.9516	0.7458
AM162407	1446	7230	Planctomycetaceae	Schlesneria paludicola	AJ231184	1504	7520	Planctomycetaceae	Gimesia maris	5817.0	1434	132	110	1276	0.9637	0.8046
AM162407	1446	7230	Planctomycetaceae	Schlesneria paludicola	KR872395	1490	7450	Planctomycetaceae	Thermostilla marina	5629.0	1445	124	130	1253	0.9529	0.7786
AM162407	1446	7230	Planctomycetaceae	Schlesneria paludicola	CP002546	1488	7440	Planctomycetaceae	Rubinisphaera brasiliensis	5514.0	1446	148	145	1240	0.9531	0.7627
AM162407	1446	7230	Planctomycetaceae	Schlesneria paludicola	KC867694	1483	7415	Planctomycetaceae	Thermogutta terrifontis	5507.0	1427	128	121	1236	0.9464	0.7617
AM162407	1446	7230	Planctomycetaceae	Schlesneria paludicola	HQ845500	1456	7280	Planctomycetaceae	Rhodopirellula rubra	5354.0	1430	162	165	1213	0.9589	0.7405
AM162407	1446	7230	Planctomycetaceae	Schlesneria paludicola	JF748734	1459	7295	Planctomycetaceae	Rhodopirellula rosea	5349.0	1429	172	169	1213	0.9627	0.7398
DQ986201	1452	7260	Planctomycetaceae	Rubripirellula obstinata	KC867695	1445	7225	Planctomycetaceae	Thermogutta hypogea	5462.0	1450	143	179	1226	0.9646	0.7560
DQ986201	1452	7260	Planctomycetaceae	Rubripirellula obstinata	JF748733	1430	7150	Planctomycetaceae	Blastopirellula cremea	5756.0	1445	110	131	1266	0.9635	0.8050
DQ986201	1452	7260	Planctomycetaceae	Rubripirellula obstinata	HQ845508	1449	7245	Planctomycetaceae	Roseimaritima ulvae	6432.0	1445	50	59	1350	0.9740	0.8878
DQ986201	1452	7260	Planctomycetaceae	Rubripirellula obstinata	HQ845450	1439	7195	Planctomycetaceae	Mariniblastus fucicola	5641.0	1446	131	140	1255	0.9609	0.7840
DQ986201	1452	7260	Planctomycetaceae	Rubripirellula obstinata	X62911	1528	7634	Planctomycetaceae	Planctopirus limnophila	5376.0	1452	187	185	1225	0.9669	0.7405
DQ986201	1452	7260	Planctomycetaceae	Rubripirellula obstinata	CP001848	1510	7550	Planctomycetaceae	Pirellula staleyi	5680.0	1452	138	148	1261	0.9670	0.7824
DQ986201	1452	7260	Planctomycetaceae	Rubripirellula obstinata	BX294149	1515	7575	Planctomycetaceae	Rhodopirellula baltica	6527.0	1451	34	37	1367	0.9668	0.8990
DQ986201	1452	7260	Planctomycetaceae	Rubripirellula obstinata	KP161655	1360	6800	Planctomycetaceae	Planctomicrobium piriforme	5041.0	1379	148	179	1150	0.9583	0.7413
DQ986201	1452	7260	Planctomycetaceae	Rubripirellula obstinata	X62912	1503	7515	Planctomycetaceae	Blastopirellula marina	5771.0	1452	99	129	1268	0.9584	0.7949
DQ986201	1452	7260	Planctomycetaceae	Rubripirellula obstinata	AJ231184	1504	7520	Planctomycetaceae	Gimesia maris	5642.0	1452	154	141	1260	0.9611	0.7771
DQ986201	1452	7260	Planctomycetaceae	Rubripirellula obstinata	KR872395	1490	7450	Planctomycetaceae	Thermostilla marina	5709.0	1452	146	148	1264	0.9693	0.7864
DQ986201	1452	7260	Planctomycetaceae	Rubripirellula obstinata	CP002546	1488	7440	Planctomycetaceae	Rubinisphaera brasiliensis	5454.0	1451	137	154	1232	0.9499	0.7512
DQ986201	1452	7260	Planctomycetaceae	Rubripirellula obstinata	KC867694	1483	7415	Planctomycetaceae	Thermogutta terrifontis	5470.0	1445	178	167	1234	0.9656	0.7534
DQ986201	1452	7260	Planctomycetaceae	Rubripirellula obstinata	HQ845500	1456	7280	Planctomycetaceae	Rhodopirellula rubra	6405.0	1446	46	49	1350	0.9664	0.8822
DQ986201	1452	7260	Planctomycetaceae	Rubripirellula obstinata	JF748734	1459	7295	Planctomycetaceae	Rhodopirellula rosea	6586.0	1446	34	35	1371	0.9717	0.9072
KC867695	1445	7225	Planctomycetaceae	Thermogutta hypogea	JF748733	1430	7150	Planctomycetaceae	Blastopirellula cremea	5706.0	1420	105	125	1249	0.9645	0.7980
KC867695	1445	7225	Planctomycetaceae	Thermogutta hypogea	HQ845508	1449	7245	Planctomycetaceae	Roseimaritima ulvae	5641.0	1419	129	128	1246	0.9651	0.7808
KC867695	1445	7225	Planctomycetaceae	Thermogutta hypogea	HQ845450	1439	7195	Planctomycetaceae	Mariniblastus fucicola	5267.0	1416	165	171	1195	0.9598	0.7320
KC867695	1445	7225	Planctomycetaceae	Thermogutta hypogea	X62911	1528	7634	Planctomycetaceae	Planctopirus limnophila	5411.0	1443	188	156	1231	0.9565	0.7489
KC867695	1445	7225	Planctomycetaceae	Thermogutta hypogea	CP001848	1510	7550	Planctomycetaceae	Pirellula staleyi	5745.0	1444	146	120	1272	0.9607	0.7952
KC867695	1445	7225	Planctomycetaceae	Thermogutta hypogea	BX294149	1515	7575	Planctomycetaceae	Rhodopirellula baltica	5748.0	1444	151	112	1276	0.9580	0.7956
KC867695	1445	7225	Planctomycetaceae	Thermogutta hypogea	KP161655	1360	6800	Planctomycetaceae	Planctomicrobium piriforme	5106.0	1332	102	121	1144	0.9447	0.7509
KC867695	1445	7225	Planctomycetaceae	Thermogutta hypogea	X62912	1503	7515	Planctomycetaceae	Blastopirellula marina	5788.0	1444	92	120	1268	0.9577	0.8011
KC867695	1445	7225	Planctomycetaceae	Thermogutta hypogea	AJ231184	1504	7520	Planctomycetaceae	Gimesia maris	5632.0	1444	138	123	1257	0.9516	0.7795
KC867695	1445	7225	Planctomycetaceae	Thermogutta hypogea	KR872395	1490	7450	Planctomycetaceae	Thermostilla marina	6425.0	1442	51	50	1351	0.9705	0.8893
KC867695	1445	7225	Planctomycetaceae	Thermogutta hypogea	CP002546	1488	7440	Planctomycetaceae	Rubinisphaera brasiliensis	5456.0	1444	119	148	1227	0.9468	0.7552
KC867695	1445	7225	Planctomycetaceae	Thermogutta hypogea	KC867694	1483	7415	Planctomycetaceae	Thermogutta terrifontis	6775.0	1441	27	13	1394	0.9762	0.9377
KC867695	1445	7225	Planctomycetaceae	Thermogutta hypogea	HQ845500	1456	7280	Planctomycetaceae	Rhodopirellula rubra	5602.0	1418	148	110	1248	0.9541	0.7754
KC867695	1445	7225	Planctomycetaceae	Thermogutta hypogea	JF748734	1459	7295	Planctomycetaceae	Rhodopirellula rosea	5635.0	1420	135	126	1246	0.9629	0.7799
JF748733	1430	7150	Planctomycetaceae	Blastopirellula cremea	HQ845508	1449	7245	Planctomycetaceae	Roseimaritima ulvae	5834.0	1428	129	108	1275	0.9659	0.8159
JF748733	1430	7150	Planctomycetaceae	Blastopirellula cremea	HQ845450	1439	7195	Planctomycetaceae	Mariniblastus fucicola	5804.0	1425	129	115	1269	0.9687	0.8117
JF748733	1430	7150	Planctomycetaceae	Blastopirellula cremea	X62911	1528	7634	Planctomycetaceae	Planctopirus limnophila	5453.0	1430	201	144	1235	0.9603	0.7627
JF748733	1430	7150	Planctomycetaceae	Blastopirellula cremea	CP001848	1510	7550	Planctomycetaceae	Pirellula staleyi	5856.0	1430	148	103	1282	0.9661	0.8190
JF748733	1430	7150	Planctomycetaceae	Blastopirellula cremea	BX294149	1515	7575	Planctomycetaceae	Rhodopirellula baltica	5961.0	1430	132	74	1301	0.9594	0.8337
JF748733	1430	7150	Planctomycetaceae	Blastopirellula cremea	KP161655	1360	6800	Planctomycetaceae	Planctomicrobium piriforme	5180.0	1344	126	127	1161	0.9540	0.7618
JF748733	1430	7150	Planctomycetaceae	Blastopirellula cremea	X62912	1503	7515	Planctomycetaceae	Blastopirellula marina	6446.0	1430	54	61	1345	0.9825	0.9015
JF748733	1430	7150	Planctomycetaceae	Blastopirellula cremea	AJ231184	1504	7520	Planctomycetaceae	Gimesia maris	5662.0	1430	158	122	1258	0.9618	0.7919
JF748733	1430	7150	Planctomycetaceae	Blastopirellula cremea	KR872395	1490	7450	Planctomycetaceae	Thermostilla marina	5843.0	1430	128	107	1278	0.9660	0.8172
JF748733	1430	7150	Planctomycetaceae	Blastopirellula cremea	CP002546	1488	7440	Planctomycetaceae	Rubinisphaera brasiliensis	5596.0	1430	114	122	1244	0.9511	0.7827
JF748733	1430	7150	Planctomycetaceae	Blastopirellula cremea	KC867694	1483	7415	Planctomycetaceae	Thermogutta terrifontis	5788.0	1428	142	108	1272	0.9636	0.8095
JF748733	1430	7150	Planctomycetaceae	Blastopirellula cremea	HQ845500	1456	7280	Planctomycetaceae	Rhodopirellula rubra	5900.0	1429	110	83	1288	0.9569	0.8252
JF748733	1430	7150	Planctomycetaceae	Blastopirellula cremea	JF748734	1459	7295	Planctomycetaceae	Rhodopirellula rosea	5917.0	1430	115	86	1290	0.9598	0.8276
HQ845508	1449	7245	Planctomycetaceae	Roseimaritima ulvae	HQ845450	1439	7195	Planctomycetaceae	Mariniblastus fucicola	5723.0	1446	124	131	1264	0.9612	0.7954
HQ845508	1449	7245	Planctomycetaceae	Roseimaritima ulvae	X62911	1528	7634	Planctomycetaceae	Planctopirus limnophila	5525.0	1449	157	152	1244	0.9591	0.7626
HQ845508	1449	7245	Planctomycetaceae	Roseimaritima ulvae	CP001848	1510	7550	Planctomycetaceae	Pirellula staleyi	5774.0	1449	128	135	1272	0.9680	0.7970
HQ845508	1449	7245	Planctomycetaceae	Roseimaritima ulvae	BX294149	1515	7575	Planctomycetaceae	Rhodopirellula baltica	6475.0	1449	62	56	1360	0.9763	0.8937
HQ845508	1449	7245	Planctomycetaceae	Roseimaritima ulvae	KP161655	1360	6800	Planctomycetaceae	Planctomicrobium piriforme	5135.0	1362	131	151	1158	0.9562	0.7551
HQ845508	1449	7245	Planctomycetaceae	Roseimaritima ulvae	X62912	1503	7515	Planctomycetaceae	Blastopirellula marina	5785.0	1449	98	126	1269	0.9592	0.7985
HQ845508	1449	7245	Planctomycetaceae	Roseimaritima ulvae	AJ231184	1504	7520	Planctomycetaceae	Gimesia maris	5712.0	1449	142	127	1269	0.9599	0.7884
HQ845508	1449	7245	Planctomycetaceae	Roseimaritima ulvae	KR872395	1490	7450	Planctomycetaceae	Thermostilla marina	6029.0	1449	109	109	1304	0.9731	0.8322
HQ845508	1449	7245	Planctomycetaceae	Roseimaritima ulvae	CP002546	1488	7440	Planctomycetaceae	Rubinisphaera brasiliensis	5495.0	1449	138	137	1241	0.9459	0.7585
HQ845508	1449	7245	Planctomycetaceae	Roseimaritima ulvae	KC867694	1483	7415	Planctomycetaceae	Thermogutta terrifontis	5667.0	1448	153	140	1261	0.9641	0.7822
HQ845508	1449	7245	Planctomycetaceae	Roseimaritima ulvae	HQ845500	1456	7280	Planctomycetaceae	Rhodopirellula rubra	6426.0	1449	59	53	1355	0.9706	0.8870
HQ845508	1449	7245	Planctomycetaceae	Roseimaritima ulvae	JF748734	1459	7295	Planctomycetaceae	Rhodopirellula rosea	6437.0	1449	64	56	1356	0.9734	0.8885
HQ845450	1439	7195	Planctomycetaceae	Mariniblastus fucicola	X62911	1528	7634	Planctomycetaceae	Planctopirus limnophila	5310.0	1439	183	171	1213	0.9566	0.7380
HQ845450	1439	7195	Planctomycetaceae	Mariniblastus fucicola	CP001848	1510	7550	Planctomycetaceae	Pirellula staleyi	5635.0	1439	132	132	1251	0.9572	0.7832
HQ845450	1439	7195	Planctomycetaceae	Mariniblastus fucicola	BX294149	1515	7575	Planctomycetaceae	Rhodopirellula baltica	5737.0	1439	133	120	1267	0.9606	0.7974
HQ845450	1439	7195	Planctomycetaceae	Mariniblastus fucicola	KP161655	1360	6800	Planctomycetaceae	Planctomicrobium piriforme	5072.0	1355	132	145	1149	0.9496	0.7459
HQ845450	1439	7195	Planctomycetaceae	Mariniblastus fucicola	X62912	1503	7515	Planctomycetaceae	Blastopirellula marina	5683.0	1439	118	139	1253	0.9638	0.7899
HQ845450	1439	7195	Planctomycetaceae	Mariniblastus fucicola	AJ231184	1504	7520	Planctomycetaceae	Gimesia maris	5481.0	1439	179	157	1237	0.9649	0.7618
HQ845450	1439	7195	Planctomycetaceae	Mariniblastus fucicola	KR872395	1490	7450	Planctomycetaceae	Thermostilla marina	5578.0	1439	160	153	1243	0.9666	0.7753
HQ845450	1439	7195	Planctomycetaceae	Mariniblastus fucicola	CP002546	1488	7440	Planctomycetaceae	Rubinisphaera brasiliensis	5355.0	1439	185	164	1219	0.9561	0.7443
HQ845450	1439	7195	Planctomycetaceae	Mariniblastus fucicola	KC867694	1483	7415	Planctomycetaceae	Thermogutta terrifontis	5314.0	1438	192	172	1213	0.9581	0.7386
HQ845450	1439	7195	Planctomycetaceae	Mariniblastus fucicola	HQ845500	1456	7280	Planctomycetaceae	Rhodopirellula rubra	5679.0	1439	134	121	1261	0.9568	0.7893
HQ845450	1439	7195	Planctomycetaceae	Mariniblastus fucicola	JF748734	1459	7295	Planctomycetaceae	Rhodopirellula rosea	5686.0	1439	136	122	1261	0.9575	0.7903
X62911	1528	7634	Planctomycetaceae	Planctopirus limnophila	CP001848	1510	7550	Planctomycetaceae	Pirellula staleyi	5877.0	1521	138	150	1312	0.9570	0.7784
X62911	1528	7634	Planctomycetaceae	Planctopirus limnophila	BX294149	1515	7575	Planctomycetaceae	Rhodopirellula baltica	5756.0	1514	166	165	1296	0.9607	0.7599
X62911	1528	7634	Planctomycetaceae	Planctopirus limnophila	KP161655	1360	6800	Planctomycetaceae	Planctomicrobium piriforme	5468.0	1387	101	128	1206	0.9579	0.8041
X62911	1528	7634	Planctomycetaceae	Planctopirus limnophila	X62912	1503	7515	Planctomycetaceae	Blastopirellula marina	5795.0	1528	138	168	1300	0.9559	0.7711
X62911	1528	7634	Planctomycetaceae	Planctopirus limnophila	AJ231184	1504	7520	Planctomycetaceae	Gimesia maris	5975.0	1494	129	119	1317	0.9578	0.7945
X62911	1528	7634	Planctomycetaceae	Planctopirus limnophila	KR872395	1490	7450	Planctomycetaceae	Thermostilla marina	5739.0	1495	162	167	1284	0.9669	0.7703
X62911	1528	7634	Planctomycetaceae	Planctopirus limnophila	CP002546	1488	7440	Planctomycetaceae	Rubinisphaera brasiliensis	5913.0	1521	119	154	1311	0.9590	0.7948
X62911	1528	7634	Planctomycetaceae	Planctopirus limnophila	KC867694	1483	7415	Planctomycetaceae	Thermogutta terrifontis	5531.0	1475	168	160	1255	0.9544	0.7459
X62911	1528	7634	Planctomycetaceae	Planctopirus limnophila	HQ845500	1456	7280	Planctomycetaceae	Rhodopirellula rubra	5451.0	1498	161	203	1243	0.9598	0.7488
X62911	1528	7634	Planctomycetaceae	Planctopirus limnophila	JF748734	1459	7295	Planctomycetaceae	Rhodopirellula rosea	5501.0	1487	162	190	1248	0.9622	0.7541
CP001848	1510	7550	Planctomycetaceae	Pirellula staleyi	BX294149	1515	7575	Planctomycetaceae	Rhodopirellula baltica	6017.0	1500	143	130	1325	0.9672	0.7970
CP001848	1510	7550	Planctomycetaceae	Pirellula staleyi	KP161655	1360	6800	Planctomycetaceae	Planctomicrobium piriforme	5134.0	1375	140	155	1162	0.9525	0.7550
CP001848	1510	7550	Planctomycetaceae	Pirellula staleyi	X62912	1503	7515	Planctomycetaceae	Blastopirellula marina	6132.0	1510	110	126	1337	0.9660	0.8160
CP001848	1510	7550	Planctomycetaceae	Pirellula staleyi	AJ231184	1504	7520	Planctomycetaceae	Gimesia maris	5855.0	1482	153	131	1301	0.9630	0.7786
CP001848	1510	7550	Planctomycetaceae	Pirellula staleyi	KR872395	1490	7450	Planctomycetaceae	Thermostilla marina	6037.0	1483	109	102	1321	0.9566	0.8103
CP001848	1510	7550	Planctomycetaceae	Pirellula staleyi	CP002546	1488	7440	Planctomycetaceae	Rubinisphaera brasiliensis	5646.0	1510	154	176	1276	0.9565	0.7589
CP001848	1510	7550	Planctomycetaceae	Pirellula staleyi	KC867694	1483	7415	Planctomycetaceae	Thermogutta terrifontis	5837.0	1463	134	114	1290	0.9563	0.7872
CP001848	1510	7550	Planctomycetaceae	Pirellula staleyi	HQ845500	1456	7280	Planctomycetaceae	Rhodopirellula rubra	5715.0	1443	145	132	1265	0.9649	0.7850
CP001848	1510	7550	Planctomycetaceae	Pirellula staleyi	JF748734	1459	7295	Planctomycetaceae	Rhodopirellula rosea	5760.0	1444	143	128	1272	0.9666	0.7896
BX294149	1515	7575	Planctomycetaceae	Rhodopirellula baltica	KP161655	1360	6800	Planctomycetaceae	Planctomicrobium piriforme	5107.0	1378	133	158	1160	0.9508	0.7510
BX294149	1515	7575	Planctomycetaceae	Rhodopirellula baltica	X62912	1503	7515	Planctomycetaceae	Blastopirellula marina	6156.0	1514	76	110	1341	0.9551	0.8192
BX294149	1515	7575	Planctomycetaceae	Rhodopirellula baltica	AJ231184	1504	7520	Planctomycetaceae	Gimesia maris	5892.0	1495	150	141	1306	0.9645	0.7835
BX294149	1515	7575	Planctomycetaceae	Rhodopirellula baltica	KR872395	1490	7450	Planctomycetaceae	Thermostilla marina	6043.0	1489	121	127	1320	0.9692	0.8111
BX294149	1515	7575	Planctomycetaceae	Rhodopirellula baltica	CP002546	1488	7440	Planctomycetaceae	Rubinisphaera brasiliensis	5824.0	1513	125	160	1296	0.9579	0.7828
BX294149	1515	7575	Planctomycetaceae	Rhodopirellula baltica	KC867694	1483	7415	Planctomycetaceae	Thermogutta terrifontis	5792.0	1476	141	134	1287	0.9590	0.7811
BX294149	1515	7575	Planctomycetaceae	Rhodopirellula baltica	HQ845500	1456	7280	Planctomycetaceae	Rhodopirellula rubra	7010.0	1456	16	16	1425	0.9896	0.9629
BX294149	1515	7575	Planctomycetaceae	Rhodopirellula baltica	JF748734	1459	7295	Planctomycetaceae	Rhodopirellula rosea	6707.0	1457	34	32	1390	0.9754	0.9194
KP161655	1360	6800	Planctomycetaceae	Planctomicrobium piriforme	X62912	1503	7515	Planctomycetaceae	Blastopirellula marina	5235.0	1360	123	131	1174	0.9552	0.7699
KP161655	1360	6800	Planctomycetaceae	Planctomicrobium piriforme	AJ231184	1504	7520	Planctomycetaceae	Gimesia maris	5477.0	1348	134	99	1203	0.9632	0.8054
KP161655	1360	6800	Planctomycetaceae	Planctomicrobium piriforme	KR872395	1490	7450	Planctomycetaceae	Thermostilla marina	5347.0	1360	144	124	1191	0.9636	0.7863
KP161655	1360	6800	Planctomycetaceae	Planctomicrobium piriforme	CP002546	1488	7440	Planctomycetaceae	Rubinisphaera brasiliensis	5661.0	1360	79	80	1226	0.9578	0.8325
KP161655	1360	6800	Planctomycetaceae	Planctomicrobium piriforme	KC867694	1483	7415	Planctomycetaceae	Thermogutta terrifontis	5193.0	1341	137	104	1168	0.9442	0.7637
KP161655	1360	6800	Planctomycetaceae	Planctomicrobium piriforme	HQ845500	1456	7280	Planctomycetaceae	Rhodopirellula rubra	5053.0	1343	159	133	1150	0.9504	0.7431
KP161655	1360	6800	Planctomycetaceae	Planctomicrobium piriforme	JF748734	1459	7295	Planctomycetaceae	Rhodopirellula rosea	5076.0	1343	171	142	1151	0.9584	0.7465
X62912	1503	7515	Planctomycetaceae	Blastopirellula marina	AJ231184	1504	7520	Planctomycetaceae	Gimesia maris	5805.0	1461	161	118	1290	0.9605	0.7725
X62912	1503	7515	Planctomycetaceae	Blastopirellula marina	KR872395	1490	7450	Planctomycetaceae	Thermostilla marina	5974.0	1462	127	99	1308	0.9596	0.8019
X62912	1503	7515	Planctomycetaceae	Blastopirellula marina	CP002546	1488	7440	Planctomycetaceae	Rubinisphaera brasiliensis	5841.0	1489	124	125	1299	0.9523	0.7851
X62912	1503	7515	Planctomycetaceae	Blastopirellula marina	KC867694	1483	7415	Planctomycetaceae	Thermogutta terrifontis	5876.0	1442	132	91	1292	0.9563	0.7924
X62912	1503	7515	Planctomycetaceae	Blastopirellula marina	HQ845500	1456	7280	Planctomycetaceae	Rhodopirellula rubra	5806.0	1452	111	107	1280	0.9517	0.7975
X62912	1503	7515	Planctomycetaceae	Blastopirellula marina	JF748734	1459	7295	Planctomycetaceae	Rhodopirellula rosea	5924.0	1423	120	84	1289	0.9627	0.8121
AJ231184	1504	7520	Planctomycetaceae	Gimesia maris	KR872395	1490	7450	Planctomycetaceae	Thermostilla marina	5854.0	1493	128	143	1297	0.9607	0.7858
AJ231184	1504	7520	Planctomycetaceae	Gimesia maris	CP002546	1488	7440	Planctomycetaceae	Rubinisphaera brasiliensis	6157.0	1504	76	120	1332	0.9624	0.8276
AJ231184	1504	7520	Planctomycetaceae	Gimesia maris	KC867694	1483	7415	Planctomycetaceae	Thermogutta terrifontis	5723.0	1485	135	137	1281	0.9503	0.7718
AJ231184	1504	7520	Planctomycetaceae	Gimesia maris	HQ845500	1456	7280	Planctomycetaceae	Rhodopirellula rubra	5681.0	1495	136	175	1271	0.9629	0.7804
AJ231184	1504	7520	Planctomycetaceae	Gimesia maris	JF748734	1459	7295	Planctomycetaceae	Rhodopirellula rosea	5722.0	1466	136	143	1272	0.9615	0.7844
KR872395	1490	7450	Planctomycetaceae	Thermostilla marina	CP002546	1488	7440	Planctomycetaceae	Rubinisphaera brasiliensis	5805.0	1490	103	132	1289	0.9492	0.7802
KR872395	1490	7450	Planctomycetaceae	Thermostilla marina	KC867694	1483	7415	Planctomycetaceae	Thermogutta terrifontis	6527.0	1470	61	48	1376	0.9677	0.8802
KR872395	1490	7450	Planctomycetaceae	Thermostilla marina	HQ845500	1456	7280	Planctomycetaceae	Rhodopirellula rubra	5892.0	1450	121	115	1289	0.9655	0.8093
KR872395	1490	7450	Planctomycetaceae	Thermostilla marina	JF748734	1459	7295	Planctomycetaceae	Rhodopirellula rosea	5898.0	1451	131	123	1289	0.9706	0.8085
CP002546	1488	7440	Planctomycetaceae	Rubinisphaera brasiliensis	KC867694	1483	7415	Planctomycetaceae	Thermogutta terrifontis	5580.0	1441	152	110	1256	0.9437	0.7525
CP002546	1488	7440	Planctomycetaceae	Rubinisphaera brasiliensis	HQ845500	1456	7280	Planctomycetaceae	Rhodopirellula rubra	5505.0	1451	152	147	1242	0.9525	0.7562
CP002546	1488	7440	Planctomycetaceae	Rubinisphaera brasiliensis	JF748734	1459	7295	Planctomycetaceae	Rhodopirellula rosea	5538.0	1453	154	148	1246	0.9548	0.7592
KC867694	1483	7415	Planctomycetaceae	Thermogutta terrifontis	HQ845500	1456	7280	Planctomycetaceae	Rhodopirellula rubra	5635.0	1461	136	143	1259	0.9552	0.7740
KC867694	1483	7415	Planctomycetaceae	Thermogutta terrifontis	JF748734	1459	7295	Planctomycetaceae	Rhodopirellula rosea	5680.0	1462	138	143	1265	0.9591	0.7786
HQ845500	1456	7280	Planctomycetaceae	Rhodopirellula rubra	JF748734	1459	7295	Planctomycetaceae	Rhodopirellula rosea	6558.0	1456	51	49	1372	0.9751	0.9008
