AJ233942	1538	7690	Polyangiaceae	Chondromyces robustus	GU207881	1553	7765	Polyangiaceae	Polyangium spumosum	6981.0	1538	47	44	1456	0.9746	0.9078
AJ233942	1538	7690	Polyangiaceae	Chondromyces robustus	AJ233938	1534	7670	Polyangiaceae	Chondromyces apiculatus	7598.0	1534	1	1	1526	0.9954	0.9906
AJ233942	1538	7690	Polyangiaceae	Chondromyces robustus	GU207879	1550	7750	Polyangiaceae	Polyangium fumosum	7043.0	1538	36	36	1463	0.9740	0.9159
AJ233942	1538	7690	Polyangiaceae	Chondromyces robustus	KX443485	1537	7679	Polyangiaceae	Racemicystis persica	7071.0	1531	38	33	1464	0.9773	0.9208
AJ233942	1538	7690	Polyangiaceae	Chondromyces robustus	AJ833647	1529	7645	Polyangiaceae	Byssovorax cruenta	7010.0	1530	47	48	1454	0.9811	0.9169
AJ233942	1538	7690	Polyangiaceae	Chondromyces robustus	GU249610	1551	7755	Polyangiaceae	Aetherobacter rufus	7027.0	1538	39	39	1461	0.9746	0.9138
AJ233942	1538	7690	Polyangiaceae	Chondromyces robustus	GU207875	1550	7750	Polyangiaceae	Chondromyces pediculatus	7582.0	1538	2	2	1526	0.9935	0.9860
AJ233942	1538	7690	Polyangiaceae	Chondromyces robustus	GU249616	1520	7600	Polyangiaceae	Minicystis rosea	6860.0	1515	47	48	1431	0.9755	0.9026
AJ233942	1538	7690	Polyangiaceae	Chondromyces robustus	GU207874	1497	7485	Polyangiaceae	Chondromyces crocatus	7086.0	1492	20	20	1449	0.9844	0.9467
AJ233942	1538	7690	Polyangiaceae	Chondromyces robustus	EU240497	1520	7600	Polyangiaceae	Sorangium cellulosum	6998.0	1512	27	27	1447	0.9744	0.9208
AJ233942	1538	7690	Polyangiaceae	Chondromyces robustus	GU249609	1548	7740	Polyangiaceae	Aetherobacter fasciculatus	6995.0	1538	45	43	1457	0.9746	0.9096
AJ233942	1538	7690	Polyangiaceae	Chondromyces robustus	GU207876	1550	7750	Polyangiaceae	Jahnella thaxteri	7199.0	1538	28	26	1482	0.9802	0.9362
AJ233942	1538	7690	Polyangiaceae	Chondromyces robustus	GU207880	1552	7760	Polyangiaceae	Polyangium sorediatum	6974.0	1533	50	36	1456	0.9726	0.9069
AJ233942	1538	7690	Polyangiaceae	Chondromyces robustus	AJ233939	1535	7675	Polyangiaceae	Chondromyces lanuginosus	7454.0	1534	6	5	1510	0.9876	0.9712
AJ233942	1538	7690	Polyangiaceae	Chondromyces robustus	KT591707	1549	7745	Polyangiaceae	Racemicystis crocea	7063.0	1538	38	39	1465	0.9773	0.9185
GU207881	1553	7765	Polyangiaceae	Polyangium spumosum	AJ233938	1534	7670	Polyangiaceae	Chondromyces apiculatus	7029.0	1537	39	42	1460	0.9766	0.9164
GU207881	1553	7765	Polyangiaceae	Polyangium spumosum	GU207879	1550	7750	Polyangiaceae	Polyangium fumosum	7593.0	1552	8	11	1532	0.9942	0.9797
GU207881	1553	7765	Polyangiaceae	Polyangium spumosum	KX443485	1537	7679	Polyangiaceae	Racemicystis persica	7104.0	1539	28	33	1469	0.9754	0.9251
GU207881	1553	7765	Polyangiaceae	Polyangium spumosum	AJ833647	1529	7645	Polyangiaceae	Byssovorax cruenta	7172.0	1533	30	34	1475	0.9840	0.9381
GU207881	1553	7765	Polyangiaceae	Polyangium spumosum	GU249610	1551	7755	Polyangiaceae	Aetherobacter rufus	7123.0	1552	43	46	1477	0.9807	0.9185
GU207881	1553	7765	Polyangiaceae	Polyangium spumosum	GU207875	1550	7750	Polyangiaceae	Chondromyces pediculatus	7120.0	1552	37	40	1477	0.9769	0.9187
GU207881	1553	7765	Polyangiaceae	Polyangium spumosum	GU249616	1520	7600	Polyangiaceae	Minicystis rosea	6985.0	1523	43	47	1448	0.9810	0.9191
GU207881	1553	7765	Polyangiaceae	Polyangium spumosum	GU207874	1497	7485	Polyangiaceae	Chondromyces crocatus	6927.0	1500	38	41	1433	0.9822	0.9255
GU207881	1553	7765	Polyangiaceae	Polyangium spumosum	EU240497	1520	7600	Polyangiaceae	Sorangium cellulosum	7086.0	1520	24	27	1460	0.9779	0.9324
GU207881	1553	7765	Polyangiaceae	Polyangium spumosum	GU249609	1548	7740	Polyangiaceae	Aetherobacter fasciculatus	7095.0	1549	47	48	1472	0.9807	0.9167
GU207881	1553	7765	Polyangiaceae	Polyangium spumosum	GU207876	1550	7750	Polyangiaceae	Jahnella thaxteri	7131.0	1551	38	39	1478	0.9775	0.9201
GU207881	1553	7765	Polyangiaceae	Polyangium spumosum	GU207880	1552	7760	Polyangiaceae	Polyangium sorediatum	7476.0	1540	21	9	1517	0.9909	0.9634
GU207881	1553	7765	Polyangiaceae	Polyangium spumosum	AJ233939	1535	7675	Polyangiaceae	Chondromyces lanuginosus	7053.0	1537	38	40	1463	0.9773	0.9190
GU207881	1553	7765	Polyangiaceae	Polyangium spumosum	KT591707	1549	7745	Polyangiaceae	Racemicystis crocea	7159.0	1552	31	35	1481	0.9763	0.9243
AJ233938	1534	7670	Polyangiaceae	Chondromyces apiculatus	GU207879	1550	7750	Polyangiaceae	Polyangium fumosum	7093.0	1534	33	33	1467	0.9773	0.9248
AJ233938	1534	7670	Polyangiaceae	Chondromyces apiculatus	KX443485	1537	7679	Polyangiaceae	Racemicystis persica	7115.0	1526	31	32	1466	0.9813	0.9276
AJ233938	1534	7670	Polyangiaceae	Chondromyces apiculatus	AJ833647	1529	7645	Polyangiaceae	Byssovorax cruenta	7043.0	1526	46	47	1456	0.9844	0.9213
AJ233938	1534	7670	Polyangiaceae	Chondromyces apiculatus	GU249610	1551	7755	Polyangiaceae	Aetherobacter rufus	7077.0	1534	36	36	1465	0.9780	0.9227
AJ233938	1534	7670	Polyangiaceae	Chondromyces apiculatus	GU207875	1550	7750	Polyangiaceae	Chondromyces pediculatus	7616.0	1534	1	1	1528	0.9967	0.9930
AJ233938	1534	7670	Polyangiaceae	Chondromyces apiculatus	GU249616	1520	7600	Polyangiaceae	Minicystis rosea	6912.0	1511	46	47	1435	0.9802	0.9095
AJ233938	1534	7670	Polyangiaceae	Chondromyces apiculatus	GU207874	1497	7485	Polyangiaceae	Chondromyces crocatus	7158.0	1492	19	19	1457	0.9891	0.9563
AJ233938	1534	7670	Polyangiaceae	Chondromyces apiculatus	EU240497	1520	7600	Polyangiaceae	Sorangium cellulosum	7050.0	1508	26	26	1451	0.9791	0.9276
AJ233938	1534	7670	Polyangiaceae	Chondromyces apiculatus	GU249609	1548	7740	Polyangiaceae	Aetherobacter fasciculatus	7043.0	1534	40	38	1461	0.9766	0.9183
AJ233938	1534	7670	Polyangiaceae	Chondromyces apiculatus	GU207876	1550	7750	Polyangiaceae	Jahnella thaxteri	7251.0	1534	27	25	1486	0.9848	0.9454
AJ233938	1534	7670	Polyangiaceae	Chondromyces apiculatus	GU207880	1552	7760	Polyangiaceae	Polyangium sorediatum	7024.0	1529	47	33	1460	0.9759	0.9158
AJ233938	1534	7670	Polyangiaceae	Chondromyces apiculatus	AJ233939	1535	7675	Polyangiaceae	Chondromyces lanuginosus	7490.0	1534	5	4	1514	0.9895	0.9765
AJ233938	1534	7670	Polyangiaceae	Chondromyces apiculatus	KT591707	1549	7745	Polyangiaceae	Racemicystis crocea	7098.0	1534	36	38	1467	0.9806	0.9254
GU207879	1550	7750	Polyangiaceae	Polyangium fumosum	KX443485	1537	7679	Polyangiaceae	Racemicystis persica	7149.0	1537	31	32	1474	0.9794	0.9310
GU207879	1550	7750	Polyangiaceae	Polyangium fumosum	AJ833647	1529	7645	Polyangiaceae	Byssovorax cruenta	7174.0	1530	32	33	1474	0.9846	0.9384
GU207879	1550	7750	Polyangiaceae	Polyangium fumosum	GU249610	1551	7755	Polyangiaceae	Aetherobacter rufus	7193.0	1550	40	39	1485	0.9828	0.9281
GU207879	1550	7750	Polyangiaceae	Polyangium fumosum	GU207875	1550	7750	Polyangiaceae	Chondromyces pediculatus	7189.0	1550	31	31	1485	0.9776	0.9276
GU207879	1550	7750	Polyangiaceae	Polyangium fumosum	GU249616	1520	7600	Polyangiaceae	Minicystis rosea	6994.0	1520	46	47	1448	0.9830	0.9203
GU207879	1550	7750	Polyangiaceae	Polyangium fumosum	GU207874	1497	7485	Polyangiaceae	Chondromyces crocatus	6984.0	1497	31	31	1439	0.9816	0.9331
GU207879	1550	7750	Polyangiaceae	Polyangium fumosum	EU240497	1520	7600	Polyangiaceae	Sorangium cellulosum	7139.0	1518	25	24	1466	0.9813	0.9393
GU207879	1550	7750	Polyangiaceae	Polyangium fumosum	GU249609	1548	7740	Polyangiaceae	Aetherobacter fasciculatus	7144.0	1546	43	41	1477	0.9814	0.9230
GU207879	1550	7750	Polyangiaceae	Polyangium fumosum	GU207876	1550	7750	Polyangiaceae	Jahnella thaxteri	7195.0	1548	33	31	1485	0.9789	0.9284
GU207879	1550	7750	Polyangiaceae	Polyangium fumosum	GU207880	1552	7760	Polyangiaceae	Polyangium sorediatum	7600.0	1538	14	0	1531	0.9954	0.9806
GU207879	1550	7750	Polyangiaceae	Polyangium fumosum	AJ233939	1535	7675	Polyangiaceae	Chondromyces lanuginosus	7102.0	1534	34	33	1468	0.9780	0.9253
GU207879	1550	7750	Polyangiaceae	Polyangium fumosum	KT591707	1549	7745	Polyangiaceae	Racemicystis crocea	7240.0	1550	31	32	1490	0.9816	0.9348
KX443485	1537	7679	Polyangiaceae	Racemicystis persica	AJ833647	1529	7645	Polyangiaceae	Byssovorax cruenta	7236.0	1535	20	26	1483	0.9828	0.9465
KX443485	1537	7679	Polyangiaceae	Racemicystis persica	GU249610	1551	7755	Polyangiaceae	Aetherobacter rufus	7129.0	1536	30	28	1473	0.9768	0.9284
KX443485	1537	7679	Polyangiaceae	Racemicystis persica	GU207875	1550	7750	Polyangiaceae	Chondromyces pediculatus	7161.0	1536	32	31	1476	0.9807	0.9325
KX443485	1537	7679	Polyangiaceae	Racemicystis persica	GU249616	1520	7600	Polyangiaceae	Minicystis rosea	7007.0	1518	42	41	1450	0.9817	0.9220
KX443485	1537	7679	Polyangiaceae	Racemicystis persica	GU207874	1497	7485	Polyangiaceae	Chondromyces crocatus	6877.0	1483	37	35	1421	0.9814	0.9188
KX443485	1537	7679	Polyangiaceae	Racemicystis persica	EU240497	1520	7600	Polyangiaceae	Sorangium cellulosum	7125.0	1518	21	19	1465	0.9773	0.9375
KX443485	1537	7679	Polyangiaceae	Racemicystis persica	GU249609	1548	7740	Polyangiaceae	Aetherobacter fasciculatus	7104.0	1533	32	28	1469	0.9761	0.9251
KX443485	1537	7679	Polyangiaceae	Racemicystis persica	GU207876	1550	7750	Polyangiaceae	Jahnella thaxteri	7120.0	1534	33	29	1471	0.9774	0.9272
KX443485	1537	7679	Polyangiaceae	Racemicystis persica	GU207880	1552	7760	Polyangiaceae	Polyangium sorediatum	7089.0	1534	51	35	1469	0.9800	0.9232
KX443485	1537	7679	Polyangiaceae	Racemicystis persica	AJ233939	1535	7675	Polyangiaceae	Chondromyces lanuginosus	7129.0	1525	34	32	1468	0.9833	0.9289
KX443485	1537	7679	Polyangiaceae	Racemicystis persica	KT591707	1549	7745	Polyangiaceae	Racemicystis crocea	7500.0	1536	8	8	1515	0.9915	0.9767
AJ833647	1529	7645	Polyangiaceae	Byssovorax cruenta	GU249610	1551	7755	Polyangiaceae	Aetherobacter rufus	7213.0	1529	22	21	1480	0.9814	0.9435
AJ833647	1529	7645	Polyangiaceae	Byssovorax cruenta	GU207875	1550	7750	Polyangiaceae	Chondromyces pediculatus	7078.0	1529	44	43	1462	0.9838	0.9258
AJ833647	1529	7645	Polyangiaceae	Byssovorax cruenta	GU249616	1520	7600	Polyangiaceae	Minicystis rosea	7087.0	1514	46	46	1457	0.9925	0.9325
AJ833647	1529	7645	Polyangiaceae	Byssovorax cruenta	GU207874	1497	7485	Polyangiaceae	Chondromyces crocatus	6843.0	1483	45	44	1416	0.9840	0.9142
AJ833647	1529	7645	Polyangiaceae	Byssovorax cruenta	EU240497	1520	7600	Polyangiaceae	Sorangium cellulosum	7117.0	1511	25	24	1461	0.9825	0.9364
AJ833647	1529	7645	Polyangiaceae	Byssovorax cruenta	GU249609	1548	7740	Polyangiaceae	Aetherobacter fasciculatus	7205.0	1529	24	21	1479	0.9808	0.9424
AJ833647	1529	7645	Polyangiaceae	Byssovorax cruenta	GU207876	1550	7750	Polyangiaceae	Jahnella thaxteri	7025.0	1529	47	44	1457	0.9811	0.9189
AJ833647	1529	7645	Polyangiaceae	Byssovorax cruenta	GU207880	1552	7760	Polyangiaceae	Polyangium sorediatum	7116.0	1529	50	35	1470	0.9839	0.9308
AJ833647	1529	7645	Polyangiaceae	Byssovorax cruenta	AJ233939	1535	7675	Polyangiaceae	Chondromyces lanuginosus	7048.0	1525	47	45	1457	0.9845	0.9219
AJ833647	1529	7645	Polyangiaceae	Byssovorax cruenta	KT591707	1549	7745	Polyangiaceae	Racemicystis crocea	7176.0	1529	25	25	1475	0.9807	0.9387
GU249610	1551	7755	Polyangiaceae	Aetherobacter rufus	GU207875	1550	7750	Polyangiaceae	Chondromyces pediculatus	7163.0	1551	35	36	1482	0.9782	0.9243
GU249610	1551	7755	Polyangiaceae	Aetherobacter rufus	GU249616	1520	7600	Polyangiaceae	Minicystis rosea	6971.0	1520	40	41	1447	0.9784	0.9172
GU249610	1551	7755	Polyangiaceae	Aetherobacter rufus	GU207874	1497	7485	Polyangiaceae	Chondromyces crocatus	6895.0	1497	41	41	1428	0.9808	0.9212
GU249610	1551	7755	Polyangiaceae	Aetherobacter rufus	EU240497	1520	7600	Polyangiaceae	Sorangium cellulosum	7071.0	1519	24	24	1459	0.9759	0.9304
GU249610	1551	7755	Polyangiaceae	Aetherobacter rufus	GU249609	1548	7740	Polyangiaceae	Aetherobacter fasciculatus	7629.0	1546	7	5	1535	0.9961	0.9857
GU249610	1551	7755	Polyangiaceae	Aetherobacter rufus	GU207876	1550	7750	Polyangiaceae	Jahnella thaxteri	7033.0	1548	45	43	1466	0.9741	0.9075
GU249610	1551	7755	Polyangiaceae	Aetherobacter rufus	GU207880	1552	7760	Polyangiaceae	Polyangium sorediatum	7085.0	1538	56	42	1470	0.9826	0.9136
GU249610	1551	7755	Polyangiaceae	Aetherobacter rufus	AJ233939	1535	7675	Polyangiaceae	Chondromyces lanuginosus	7053.0	1534	43	42	1462	0.9799	0.9190
GU249610	1551	7755	Polyangiaceae	Aetherobacter rufus	KT591707	1549	7745	Polyangiaceae	Racemicystis crocea	7146.0	1551	35	37	1480	0.9775	0.9227
GU207875	1550	7750	Polyangiaceae	Chondromyces pediculatus	GU249616	1520	7600	Polyangiaceae	Minicystis rosea	6964.0	1520	42	43	1445	0.9783	0.9163
GU207875	1550	7750	Polyangiaceae	Chondromyces pediculatus	GU207874	1497	7485	Polyangiaceae	Chondromyces crocatus	7210.0	1497	19	19	1465	0.9912	0.9633
GU207875	1550	7750	Polyangiaceae	Chondromyces pediculatus	EU240497	1520	7600	Polyangiaceae	Sorangium cellulosum	7112.0	1518	24	23	1463	0.9786	0.9358
GU207875	1550	7750	Polyangiaceae	Chondromyces pediculatus	GU249609	1548	7740	Polyangiaceae	Aetherobacter fasciculatus	7104.0	1546	40	38	1473	0.9768	0.9178
GU207875	1550	7750	Polyangiaceae	Chondromyces pediculatus	GU207876	1550	7750	Polyangiaceae	Jahnella thaxteri	7338.0	1548	25	23	1502	0.9849	0.9468
GU207875	1550	7750	Polyangiaceae	Chondromyces pediculatus	GU207880	1552	7760	Polyangiaceae	Polyangium sorediatum	7084.0	1538	44	30	1471	0.9755	0.9141
GU207875	1550	7750	Polyangiaceae	Chondromyces pediculatus	AJ233939	1535	7675	Polyangiaceae	Chondromyces lanuginosus	7481.0	1534	5	4	1513	0.9889	0.9747
GU207875	1550	7750	Polyangiaceae	Chondromyces pediculatus	KT591707	1549	7745	Polyangiaceae	Racemicystis crocea	7187.0	1550	36	37	1484	0.9808	0.9280
GU249616	1520	7600	Polyangiaceae	Minicystis rosea	GU207874	1497	7485	Polyangiaceae	Chondromyces crocatus	6679.0	1468	48	47	1390	0.9782	0.8923
GU249616	1520	7600	Polyangiaceae	Minicystis rosea	EU240497	1520	7600	Polyangiaceae	Sorangium cellulosum	6941.0	1516	47	46	1441	0.9803	0.9133
GU249616	1520	7600	Polyangiaceae	Minicystis rosea	GU249609	1548	7740	Polyangiaceae	Aetherobacter fasciculatus	6941.0	1518	47	44	1443	0.9790	0.9133
GU249616	1520	7600	Polyangiaceae	Minicystis rosea	GU207876	1550	7750	Polyangiaceae	Jahnella thaxteri	6891.0	1519	59	56	1436	0.9815	0.9067
GU249616	1520	7600	Polyangiaceae	Minicystis rosea	GU207880	1552	7760	Polyangiaceae	Polyangium sorediatum	6947.0	1519	65	50	1445	0.9837	0.9141
GU249616	1520	7600	Polyangiaceae	Minicystis rosea	AJ233939	1535	7675	Polyangiaceae	Chondromyces lanuginosus	6905.0	1510	43	41	1435	0.9769	0.9086
GU249616	1520	7600	Polyangiaceae	Minicystis rosea	KT591707	1549	7745	Polyangiaceae	Racemicystis crocea	7002.0	1519	39	39	1450	0.9797	0.9213
GU207874	1497	7485	Polyangiaceae	Chondromyces crocatus	EU240497	1520	7600	Polyangiaceae	Sorangium cellulosum	6794.0	1466	33	33	1404	0.9798	0.9077
GU207874	1497	7485	Polyangiaceae	Chondromyces crocatus	GU249609	1548	7740	Polyangiaceae	Aetherobacter fasciculatus	6856.0	1496	45	43	1423	0.9794	0.9160
GU207874	1497	7485	Polyangiaceae	Chondromyces crocatus	GU207876	1550	7750	Polyangiaceae	Jahnella thaxteri	7059.0	1497	33	30	1448	0.9870	0.9431
GU207874	1497	7485	Polyangiaceae	Chondromyces crocatus	GU207880	1552	7760	Polyangiaceae	Polyangium sorediatum	6891.0	1487	44	31	1427	0.9801	0.9206
GU207874	1497	7485	Polyangiaceae	Chondromyces crocatus	AJ233939	1535	7675	Polyangiaceae	Chondromyces lanuginosus	7130.0	1492	23	22	1454	0.9891	0.9526
GU207874	1497	7485	Polyangiaceae	Chondromyces crocatus	KT591707	1549	7745	Polyangiaceae	Racemicystis crocea	6894.0	1497	42	44	1427	0.9821	0.9210
EU240497	1520	7600	Polyangiaceae	Sorangium cellulosum	GU249609	1548	7740	Polyangiaceae	Aetherobacter fasciculatus	7035.0	1516	25	23	1454	0.9739	0.9257
EU240497	1520	7600	Polyangiaceae	Sorangium cellulosum	GU207876	1550	7750	Polyangiaceae	Jahnella thaxteri	7125.0	1517	22	20	1465	0.9786	0.9375
EU240497	1520	7600	Polyangiaceae	Sorangium cellulosum	GU207880	1552	7760	Polyangiaceae	Polyangium sorediatum	7084.0	1517	39	25	1462	0.9799	0.9321
EU240497	1520	7600	Polyangiaceae	Sorangium cellulosum	AJ233939	1535	7675	Polyangiaceae	Chondromyces lanuginosus	7043.0	1508	27	26	1451	0.9791	0.9267
EU240497	1520	7600	Polyangiaceae	Sorangium cellulosum	KT591707	1549	7745	Polyangiaceae	Racemicystis crocea	7060.0	1519	33	35	1456	0.9811	0.9289
GU249609	1548	7740	Polyangiaceae	Aetherobacter fasciculatus	GU207876	1550	7750	Polyangiaceae	Jahnella thaxteri	6989.0	1548	52	52	1460	0.9759	0.9030
GU249609	1548	7740	Polyangiaceae	Aetherobacter fasciculatus	GU207880	1552	7760	Polyangiaceae	Polyangium sorediatum	7047.0	1539	57	45	1465	0.9806	0.9105
GU249609	1548	7740	Polyangiaceae	Aetherobacter fasciculatus	AJ233939	1535	7675	Polyangiaceae	Chondromyces lanuginosus	7021.0	1536	43	44	1459	0.9779	0.9148
GU249609	1548	7740	Polyangiaceae	Aetherobacter fasciculatus	KT591707	1549	7745	Polyangiaceae	Racemicystis crocea	7117.0	1548	36	39	1475	0.9775	0.9195
GU207876	1550	7750	Polyangiaceae	Jahnella thaxteri	GU207880	1552	7760	Polyangiaceae	Polyangium sorediatum	7109.0	1540	46	34	1474	0.9788	0.9173
GU207876	1550	7750	Polyangiaceae	Jahnella thaxteri	AJ233939	1535	7675	Polyangiaceae	Chondromyces lanuginosus	7224.0	1536	27	28	1483	0.9834	0.9412
GU207876	1550	7750	Polyangiaceae	Jahnella thaxteri	KT591707	1549	7745	Polyangiaceae	Racemicystis crocea	7238.0	1550	27	30	1490	0.9803	0.9345
GU207880	1552	7760	Polyangiaceae	Polyangium sorediatum	AJ233939	1535	7675	Polyangiaceae	Chondromyces lanuginosus	7033.0	1543	34	47	1461	0.9766	0.9164
GU207880	1552	7760	Polyangiaceae	Polyangium sorediatum	KT591707	1549	7745	Polyangiaceae	Racemicystis crocea	7106.0	1552	38	53	1472	0.9820	0.9175
AJ233939	1535	7675	Polyangiaceae	Chondromyces lanuginosus	KT591707	1549	7745	Polyangiaceae	Racemicystis crocea	7108.0	1535	37	40	1468	0.9819	0.9261
