AY387398	1451	7255	Rhodobiaceae	Parvibaculum lavamentivorans	D30792	1408	7040	Rhodobiaceae	Rhodobium orientis	6146.0	1408	63	63	1303	0.9688	0.8730
AY387398	1451	7255	Rhodobiaceae	Parvibaculum lavamentivorans	JQ773444	1444	7220	Rhodobiaceae	Methyloligella solikamskensis	6191.0	1440	68	75	1320	0.9670	0.8575
AY387398	1451	7255	Rhodobiaceae	Parvibaculum lavamentivorans	KU195387	1455	7275	Rhodobiaceae	Microbaculum marinum	6250.0	1439	78	72	1327	0.9707	0.8615
AY387398	1451	7255	Rhodobiaceae	Parvibaculum lavamentivorans	AB821371	1396	6980	Rhodobiaceae	Tepidicaulis marinus	6237.0	1388	44	36	1308	0.9675	0.8936
AY387398	1451	7255	Rhodobiaceae	Parvibaculum lavamentivorans	GU574708	1304	6520	Rhodobiaceae	Parvibaculum hydrocarboniclasticum	6057.0	1302	24	22	1251	0.9773	0.9290
AY387398	1451	7255	Rhodobiaceae	Parvibaculum lavamentivorans	D30790	1390	6950	Rhodobiaceae	Afifella marina	5998.0	1407	58	75	1282	0.9625	0.8630
AY387398	1451	7255	Rhodobiaceae	Parvibaculum lavamentivorans	JQ773443	1444	7220	Rhodobiaceae	Methyloligella halotolerans	6158.0	1437	69	72	1316	0.9641	0.8529
AY387398	1451	7255	Rhodobiaceae	Parvibaculum lavamentivorans	AJ011919	1310	6532	Rhodobiaceae	Roseospirillum parvum	5528.0	1319	71	80	1190	0.9605	0.8463
AY387398	1451	7255	Rhodobiaceae	Parvibaculum lavamentivorans	AB617575	1462	7310	Rhodobiaceae	Rhodoligotrophos appendicifer	6430.0	1448	59	57	1352	0.9720	0.8863
AY387398	1451	7255	Rhodobiaceae	Parvibaculum lavamentivorans	EU445271	1423	7115	Rhodobiaceae	Afifella pfennigii	6111.0	1423	56	72	1302	0.9637	0.8589
AY387398	1451	7255	Rhodobiaceae	Parvibaculum lavamentivorans	AM712634	1406	7030	Rhodobiaceae	Anderseniella baltica	6057.0	1407	69	70	1291	0.9656	0.8616
AY387398	1451	7255	Rhodobiaceae	Parvibaculum lavamentivorans	AM180706	1415	7075	Rhodobiaceae	Rhodobium gokarnense	6119.0	1424	66	76	1304	0.9674	0.8649
AY387398	1451	7255	Rhodobiaceae	Parvibaculum lavamentivorans	GU187912	1391	6955	Rhodobiaceae	Tepidamorphus gemmatus	6106.0	1385	63	57	1290	0.9714	0.8779
AY387398	1451	7255	Rhodobiaceae	Parvibaculum lavamentivorans	FN297835	1455	7275	Rhodobiaceae	Lutibaculum baratangense	6367.0	1444	64	60	1345	0.9718	0.8776
AY387398	1451	7255	Rhodobiaceae	Parvibaculum lavamentivorans	KR078282	1462	7310	Rhodobiaceae	Pyruvatibacter mobilis	6354.0	1451	45	65	1341	0.9675	0.8758
AY387398	1451	7255	Rhodobiaceae	Parvibaculum lavamentivorans	FJ182044	1447	7235	Rhodobiaceae	Parvibaculum indicum	6713.0	1438	25	26	1383	0.9795	0.9279
AY387398	1451	7255	Rhodobiaceae	Parvibaculum lavamentivorans	AB794104	1485	7425	Rhodobiaceae	Methyloceanibacter caenitepidi	6190.0	1451	81	74	1327	0.9637	0.8532
AY387398	1451	7255	Rhodobiaceae	Parvibaculum lavamentivorans	KF254766	1440	7200	Rhodobiaceae	Rhodoligotrophos jinshengii	6283.0	1419	62	51	1325	0.9686	0.8726
D30792	1408	7040	Rhodobiaceae	Rhodobium orientis	JQ773444	1444	7220	Rhodobiaceae	Methyloligella solikamskensis	6268.0	1408	47	52	1317	0.9712	0.8903
D30792	1408	7040	Rhodobiaceae	Rhodobium orientis	KU195387	1455	7275	Rhodobiaceae	Microbaculum marinum	6301.0	1408	48	42	1323	0.9685	0.8950
D30792	1408	7040	Rhodobiaceae	Rhodobium orientis	AB821371	1396	6980	Rhodobiaceae	Tepidicaulis marinus	6088.0	1389	52	45	1291	0.9606	0.8722
D30792	1408	7040	Rhodobiaceae	Rhodobium orientis	GU574708	1304	6520	Rhodobiaceae	Parvibaculum hydrocarboniclasticum	5675.0	1302	61	59	1204	0.9686	0.8704
D30792	1408	7040	Rhodobiaceae	Rhodobium orientis	D30790	1390	6950	Rhodobiaceae	Afifella marina	6267.0	1407	42	60	1313	0.9748	0.9017
D30792	1408	7040	Rhodobiaceae	Rhodobium orientis	JQ773443	1444	7220	Rhodobiaceae	Methyloligella halotolerans	6294.0	1408	45	50	1320	0.9720	0.8940
D30792	1408	7040	Rhodobiaceae	Rhodobium orientis	AJ011919	1310	6532	Rhodobiaceae	Roseospirillum parvum	5698.0	1318	64	72	1210	0.9711	0.8723
D30792	1408	7040	Rhodobiaceae	Rhodobium orientis	AB617575	1462	7310	Rhodobiaceae	Rhodoligotrophos appendicifer	6231.0	1408	59	58	1314	0.9733	0.8851
D30792	1408	7040	Rhodobiaceae	Rhodobium orientis	EU445271	1423	7115	Rhodobiaceae	Afifella pfennigii	6187.0	1390	34	52	1297	0.9694	0.8788
D30792	1408	7040	Rhodobiaceae	Rhodobium orientis	AM712634	1406	7030	Rhodobiaceae	Anderseniella baltica	6254.0	1407	40	42	1317	0.9648	0.8896
D30792	1408	7040	Rhodobiaceae	Rhodobium orientis	AM180706	1415	7075	Rhodobiaceae	Rhodobium gokarnense	6820.0	1407	14	17	1381	0.9935	0.9688
D30792	1408	7040	Rhodobiaceae	Rhodobium orientis	GU187912	1391	6955	Rhodobiaceae	Tepidamorphus gemmatus	6304.0	1386	35	30	1314	0.9690	0.9064
D30792	1408	7040	Rhodobiaceae	Rhodobium orientis	FN297835	1455	7275	Rhodobiaceae	Lutibaculum baratangense	6314.0	1408	39	36	1325	0.9657	0.8969
D30792	1408	7040	Rhodobiaceae	Rhodobium orientis	KR078282	1462	7310	Rhodobiaceae	Pyruvatibacter mobilis	6156.0	1408	56	76	1299	0.9752	0.8744
D30792	1408	7040	Rhodobiaceae	Rhodobium orientis	FJ182044	1447	7235	Rhodobiaceae	Parvibaculum indicum	6182.0	1408	59	60	1307	0.9696	0.8781
D30792	1408	7040	Rhodobiaceae	Rhodobium orientis	AB794104	1485	7425	Rhodobiaceae	Methyloceanibacter caenitepidi	6220.0	1408	63	57	1313	0.9719	0.8835
D30792	1408	7040	Rhodobiaceae	Rhodobium orientis	KF254766	1440	7200	Rhodobiaceae	Rhodoligotrophos jinshengii	6237.0	1408	62	51	1317	0.9705	0.8859
JQ773444	1444	7220	Rhodobiaceae	Methyloligella solikamskensis	KU195387	1455	7275	Rhodobiaceae	Microbaculum marinum	6378.0	1444	68	61	1346	0.9732	0.8834
JQ773444	1444	7220	Rhodobiaceae	Methyloligella solikamskensis	AB821371	1396	6980	Rhodobiaceae	Tepidicaulis marinus	5978.0	1383	67	54	1276	0.9601	0.8564
JQ773444	1444	7220	Rhodobiaceae	Methyloligella solikamskensis	GU574708	1304	6520	Rhodobiaceae	Parvibaculum hydrocarboniclasticum	5541.0	1294	65	55	1187	0.9580	0.8498
JQ773444	1444	7220	Rhodobiaceae	Methyloligella solikamskensis	D30790	1390	6950	Rhodobiaceae	Afifella marina	6166.0	1402	54	66	1300	0.9731	0.8872
JQ773444	1444	7220	Rhodobiaceae	Methyloligella solikamskensis	JQ773443	1444	7220	Rhodobiaceae	Methyloligella halotolerans	7136.0	1442	4	2	1434	0.9958	0.9884
JQ773444	1444	7220	Rhodobiaceae	Methyloligella solikamskensis	AJ011919	1310	6532	Rhodobiaceae	Roseospirillum parvum	5552.0	1310	79	79	1191	0.9675	0.8500
JQ773444	1444	7220	Rhodobiaceae	Methyloligella solikamskensis	AB617575	1462	7310	Rhodobiaceae	Rhodoligotrophos appendicifer	6327.0	1431	67	50	1337	0.9681	0.8763
JQ773444	1444	7220	Rhodobiaceae	Methyloligella solikamskensis	EU445271	1423	7115	Rhodobiaceae	Afifella pfennigii	6197.0	1406	61	62	1307	0.9725	0.8710
JQ773444	1444	7220	Rhodobiaceae	Methyloligella solikamskensis	AM712634	1406	7030	Rhodobiaceae	Anderseniella baltica	6135.0	1402	58	54	1301	0.9651	0.8727
JQ773444	1444	7220	Rhodobiaceae	Methyloligella solikamskensis	AM180706	1415	7075	Rhodobiaceae	Rhodobium gokarnense	6212.0	1420	55	60	1315	0.9669	0.8780
JQ773444	1444	7220	Rhodobiaceae	Methyloligella solikamskensis	GU187912	1391	6955	Rhodobiaceae	Tepidamorphus gemmatus	6138.0	1380	60	49	1292	0.9707	0.8825
JQ773444	1444	7220	Rhodobiaceae	Methyloligella solikamskensis	FN297835	1455	7275	Rhodobiaceae	Lutibaculum baratangense	6382.0	1440	58	47	1347	0.9670	0.8839
JQ773444	1444	7220	Rhodobiaceae	Methyloligella solikamskensis	KR078282	1462	7310	Rhodobiaceae	Pyruvatibacter mobilis	6108.0	1443	87	100	1307	0.9732	0.8460
JQ773444	1444	7220	Rhodobiaceae	Methyloligella solikamskensis	FJ182044	1447	7235	Rhodobiaceae	Parvibaculum indicum	6156.0	1444	65	65	1319	0.9565	0.8526
JQ773444	1444	7220	Rhodobiaceae	Methyloligella solikamskensis	AB794104	1485	7425	Rhodobiaceae	Methyloceanibacter caenitepidi	6715.0	1444	47	25	1389	0.9789	0.9301
JQ773444	1444	7220	Rhodobiaceae	Methyloligella solikamskensis	KF254766	1440	7200	Rhodobiaceae	Rhodoligotrophos jinshengii	6289.0	1424	70	54	1329	0.9701	0.8735
KU195387	1455	7275	Rhodobiaceae	Microbaculum marinum	AB821371	1396	6980	Rhodobiaceae	Tepidicaulis marinus	6010.0	1394	70	68	1280	0.9653	0.8610
KU195387	1455	7275	Rhodobiaceae	Microbaculum marinum	GU574708	1304	6520	Rhodobiaceae	Parvibaculum hydrocarboniclasticum	5644.0	1306	65	67	1200	0.9685	0.8656
KU195387	1455	7275	Rhodobiaceae	Microbaculum marinum	D30790	1390	6950	Rhodobiaceae	Afifella marina	6224.0	1413	45	68	1309	0.9732	0.8955
KU195387	1455	7275	Rhodobiaceae	Microbaculum marinum	JQ773443	1444	7220	Rhodobiaceae	Methyloligella halotolerans	6344.0	1454	58	68	1343	0.9690	0.8787
KU195387	1455	7275	Rhodobiaceae	Microbaculum marinum	AJ011919	1310	6532	Rhodobiaceae	Roseospirillum parvum	5556.0	1325	74	89	1195	0.9668	0.8506
KU195387	1455	7275	Rhodobiaceae	Microbaculum marinum	AB617575	1462	7310	Rhodobiaceae	Rhodoligotrophos appendicifer	6372.0	1442	58	63	1342	0.9732	0.8759
KU195387	1455	7275	Rhodobiaceae	Microbaculum marinum	EU445271	1423	7115	Rhodobiaceae	Afifella pfennigii	6235.0	1417	42	65	1312	0.9704	0.8763
KU195387	1455	7275	Rhodobiaceae	Microbaculum marinum	AM712634	1406	7030	Rhodobiaceae	Anderseniella baltica	6187.0	1413	61	68	1308	0.9725	0.8801
KU195387	1455	7275	Rhodobiaceae	Microbaculum marinum	AM180706	1415	7075	Rhodobiaceae	Rhodobium gokarnense	6205.0	1431	52	68	1316	0.9655	0.8770
KU195387	1455	7275	Rhodobiaceae	Microbaculum marinum	GU187912	1391	6955	Rhodobiaceae	Tepidamorphus gemmatus	6504.0	1391	27	27	1339	0.9817	0.9352
KU195387	1455	7275	Rhodobiaceae	Microbaculum marinum	FN297835	1455	7275	Rhodobiaceae	Lutibaculum baratangense	6720.0	1452	30	32	1389	0.9782	0.9237
KU195387	1455	7275	Rhodobiaceae	Microbaculum marinum	KR078282	1462	7310	Rhodobiaceae	Pyruvatibacter mobilis	6360.0	1455	59	85	1341	0.9788	0.8742
KU195387	1455	7275	Rhodobiaceae	Microbaculum marinum	FJ182044	1447	7235	Rhodobiaceae	Parvibaculum indicum	6290.0	1454	67	74	1336	0.9681	0.8694
KU195387	1455	7275	Rhodobiaceae	Microbaculum marinum	AB794104	1485	7425	Rhodobiaceae	Methyloceanibacter caenitepidi	6393.0	1455	65	65	1350	0.9712	0.8788
KU195387	1455	7275	Rhodobiaceae	Microbaculum marinum	KF254766	1440	7200	Rhodobiaceae	Rhodoligotrophos jinshengii	6282.0	1435	75	70	1330	0.9744	0.8725
AB821371	1396	6980	Rhodobiaceae	Tepidicaulis marinus	GU574708	1304	6520	Rhodobiaceae	Parvibaculum hydrocarboniclasticum	5877.0	1309	41	46	1230	0.9739	0.9014
AB821371	1396	6980	Rhodobiaceae	Tepidicaulis marinus	D30790	1390	6950	Rhodobiaceae	Afifella marina	5889.0	1396	52	77	1263	0.9575	0.8473
AB821371	1396	6980	Rhodobiaceae	Tepidicaulis marinus	JQ773443	1444	7220	Rhodobiaceae	Methyloligella halotolerans	5993.0	1396	48	61	1278	0.9573	0.8586
AB821371	1396	6980	Rhodobiaceae	Tepidicaulis marinus	AJ011919	1310	6532	Rhodobiaceae	Roseospirillum parvum	5536.0	1325	67	82	1193	0.9598	0.8475
AB821371	1396	6980	Rhodobiaceae	Tepidicaulis marinus	AB617575	1462	7310	Rhodobiaceae	Rhodoligotrophos appendicifer	6034.0	1396	56	63	1283	0.9625	0.8645
AB821371	1396	6980	Rhodobiaceae	Tepidicaulis marinus	EU445271	1423	7115	Rhodobiaceae	Afifella pfennigii	5872.0	1389	55	82	1257	0.9617	0.8413
AB821371	1396	6980	Rhodobiaceae	Tepidicaulis marinus	AM712634	1406	7030	Rhodobiaceae	Anderseniella baltica	6011.0	1396	57	66	1280	0.9624	0.8612
AB821371	1396	6980	Rhodobiaceae	Tepidicaulis marinus	AM180706	1415	7075	Rhodobiaceae	Rhodobium gokarnense	6054.0	1395	59	60	1287	0.9640	0.8673
AB821371	1396	6980	Rhodobiaceae	Tepidicaulis marinus	GU187912	1391	6955	Rhodobiaceae	Tepidamorphus gemmatus	6105.0	1395	49	55	1292	0.9642	0.8778
AB821371	1396	6980	Rhodobiaceae	Tepidicaulis marinus	FN297835	1455	7275	Rhodobiaceae	Lutibaculum baratangense	6062.0	1396	52	56	1289	0.9619	0.8685
AB821371	1396	6980	Rhodobiaceae	Tepidicaulis marinus	KR078282	1462	7310	Rhodobiaceae	Pyruvatibacter mobilis	6022.0	1396	43	71	1278	0.9645	0.8628
AB821371	1396	6980	Rhodobiaceae	Tepidicaulis marinus	FJ182044	1447	7235	Rhodobiaceae	Parvibaculum indicum	6216.0	1396	44	53	1305	0.9717	0.8905
AB821371	1396	6980	Rhodobiaceae	Tepidicaulis marinus	AB794104	1485	7425	Rhodobiaceae	Methyloceanibacter caenitepidi	5997.0	1396	62	64	1281	0.9617	0.8592
AB821371	1396	6980	Rhodobiaceae	Tepidicaulis marinus	KF254766	1440	7200	Rhodobiaceae	Rhodoligotrophos jinshengii	6079.0	1396	62	59	1291	0.9656	0.8709
GU574708	1304	6520	Rhodobiaceae	Parvibaculum hydrocarboniclasticum	D30790	1390	6950	Rhodobiaceae	Afifella marina	5493.0	1304	64	85	1179	0.9672	0.8425
GU574708	1304	6520	Rhodobiaceae	Parvibaculum hydrocarboniclasticum	JQ773443	1444	7220	Rhodobiaceae	Methyloligella halotolerans	5568.0	1304	54	64	1190	0.9597	0.8540
GU574708	1304	6520	Rhodobiaceae	Parvibaculum hydrocarboniclasticum	AJ011919	1310	6532	Rhodobiaceae	Roseospirillum parvum	5467.0	1304	65	75	1178	0.9585	0.8385
GU574708	1304	6520	Rhodobiaceae	Parvibaculum hydrocarboniclasticum	AB617575	1462	7310	Rhodobiaceae	Rhodoligotrophos appendicifer	5784.0	1304	51	52	1217	0.9720	0.8871
GU574708	1304	6520	Rhodobiaceae	Parvibaculum hydrocarboniclasticum	EU445271	1423	7115	Rhodobiaceae	Afifella pfennigii	5590.0	1304	53	72	1191	0.9667	0.8574
GU574708	1304	6520	Rhodobiaceae	Parvibaculum hydrocarboniclasticum	AM712634	1406	7030	Rhodobiaceae	Anderseniella baltica	5674.0	1303	58	60	1204	0.9686	0.8702
GU574708	1304	6520	Rhodobiaceae	Parvibaculum hydrocarboniclasticum	AM180706	1415	7075	Rhodobiaceae	Rhodobium gokarnense	5662.0	1304	60	64	1202	0.9694	0.8684
GU574708	1304	6520	Rhodobiaceae	Parvibaculum hydrocarboniclasticum	GU187912	1391	6955	Rhodobiaceae	Tepidamorphus gemmatus	5756.0	1304	59	57	1214	0.9735	0.8828
GU574708	1304	6520	Rhodobiaceae	Parvibaculum hydrocarboniclasticum	FN297835	1455	7275	Rhodobiaceae	Lutibaculum baratangense	5765.0	1304	56	54	1216	0.9728	0.8842
GU574708	1304	6520	Rhodobiaceae	Parvibaculum hydrocarboniclasticum	KR078282	1462	7310	Rhodobiaceae	Pyruvatibacter mobilis	5826.0	1304	38	60	1217	0.9783	0.8936
GU574708	1304	6520	Rhodobiaceae	Parvibaculum hydrocarboniclasticum	FJ182044	1447	7235	Rhodobiaceae	Parvibaculum indicum	6376.0	1304	8	10	1287	0.9946	0.9779
GU574708	1304	6520	Rhodobiaceae	Parvibaculum hydrocarboniclasticum	AB794104	1485	7425	Rhodobiaceae	Methyloceanibacter caenitepidi	5521.0	1304	72	75	1185	0.9642	0.8468
GU574708	1304	6520	Rhodobiaceae	Parvibaculum hydrocarboniclasticum	KF254766	1440	7200	Rhodobiaceae	Rhodoligotrophos jinshengii	5781.0	1304	60	56	1217	0.9752	0.8867
D30790	1390	6950	Rhodobiaceae	Afifella marina	JQ773443	1444	7220	Rhodobiaceae	Methyloligella halotolerans	6123.0	1390	67	55	1295	0.9700	0.8810
D30790	1390	6950	Rhodobiaceae	Afifella marina	AJ011919	1310	6532	Rhodobiaceae	Roseospirillum parvum	5526.0	1300	89	79	1185	0.9705	0.8460
D30790	1390	6950	Rhodobiaceae	Afifella marina	AB617575	1462	7310	Rhodobiaceae	Rhodoligotrophos appendicifer	6141.0	1390	71	53	1299	0.9716	0.8836
D30790	1390	6950	Rhodobiaceae	Afifella marina	EU445271	1423	7115	Rhodobiaceae	Afifella pfennigii	6672.0	1372	5	5	1351	0.9883	0.9600
D30790	1390	6950	Rhodobiaceae	Afifella marina	AM712634	1406	7030	Rhodobiaceae	Anderseniella baltica	6108.0	1390	63	47	1295	0.9643	0.8788
D30790	1390	6950	Rhodobiaceae	Afifella marina	AM180706	1415	7075	Rhodobiaceae	Rhodobium gokarnense	6136.0	1389	68	51	1297	0.9694	0.8829
D30790	1390	6950	Rhodobiaceae	Afifella marina	GU187912	1391	6955	Rhodobiaceae	Tepidamorphus gemmatus	6147.0	1368	67	44	1291	0.9751	0.8845
D30790	1390	6950	Rhodobiaceae	Afifella marina	FN297835	1455	7275	Rhodobiaceae	Lutibaculum baratangense	6262.0	1390	61	38	1314	0.9719	0.9010
D30790	1390	6950	Rhodobiaceae	Afifella marina	KR078282	1462	7310	Rhodobiaceae	Pyruvatibacter mobilis	6082.0	1390	61	64	1288	0.9713	0.8751
D30790	1390	6950	Rhodobiaceae	Afifella marina	FJ182044	1447	7235	Rhodobiaceae	Parvibaculum indicum	6008.0	1390	76	60	1283	0.9647	0.8645
D30790	1390	6950	Rhodobiaceae	Afifella marina	AB794104	1485	7425	Rhodobiaceae	Methyloceanibacter caenitepidi	6081.0	1390	74	51	1293	0.9656	0.8750
D30790	1390	6950	Rhodobiaceae	Afifella marina	KF254766	1440	7200	Rhodobiaceae	Rhodoligotrophos jinshengii	6059.0	1390	93	65	1290	0.9736	0.8718
JQ773443	1444	7220	Rhodobiaceae	Methyloligella halotolerans	AJ011919	1310	6532	Rhodobiaceae	Roseospirillum parvum	5533.0	1310	78	78	1189	0.9651	0.8471
JQ773443	1444	7220	Rhodobiaceae	Methyloligella halotolerans	AB617575	1462	7310	Rhodobiaceae	Rhodoligotrophos appendicifer	6332.0	1431	56	51	1336	0.9681	0.8770
JQ773443	1444	7220	Rhodobiaceae	Methyloligella halotolerans	EU445271	1423	7115	Rhodobiaceae	Afifella pfennigii	6194.0	1406	51	64	1305	0.9724	0.8706
JQ773443	1444	7220	Rhodobiaceae	Methyloligella halotolerans	AM712634	1406	7030	Rhodobiaceae	Anderseniella baltica	6144.0	1402	57	53	1302	0.9652	0.8740
JQ773443	1444	7220	Rhodobiaceae	Methyloligella halotolerans	AM180706	1415	7075	Rhodobiaceae	Rhodobium gokarnense	6230.0	1420	53	58	1317	0.9670	0.8806
JQ773443	1444	7220	Rhodobiaceae	Methyloligella halotolerans	GU187912	1391	6955	Rhodobiaceae	Tepidamorphus gemmatus	6162.0	1380	57	46	1295	0.9708	0.8860
JQ773443	1444	7220	Rhodobiaceae	Methyloligella halotolerans	FN297835	1455	7275	Rhodobiaceae	Lutibaculum baratangense	6415.0	1441	50	42	1351	0.9657	0.8885
JQ773443	1444	7220	Rhodobiaceae	Methyloligella halotolerans	KR078282	1462	7310	Rhodobiaceae	Pyruvatibacter mobilis	6133.0	1444	81	97	1310	0.9725	0.8494
JQ773443	1444	7220	Rhodobiaceae	Methyloligella halotolerans	FJ182044	1447	7235	Rhodobiaceae	Parvibaculum indicum	6184.0	1444	65	62	1323	0.9573	0.8565
JQ773443	1444	7220	Rhodobiaceae	Methyloligella halotolerans	AB794104	1485	7425	Rhodobiaceae	Methyloceanibacter caenitepidi	6712.0	1444	36	26	1387	0.9781	0.9296
JQ773443	1444	7220	Rhodobiaceae	Methyloligella halotolerans	KF254766	1440	7200	Rhodobiaceae	Rhodoligotrophos jinshengii	6296.0	1424	67	51	1330	0.9687	0.8744
AJ011919	1310	6532	Rhodobiaceae	Roseospirillum parvum	AB617575	1462	7310	Rhodobiaceae	Rhodoligotrophos appendicifer	5591.0	1304	84	76	1195	0.9731	0.8559
AJ011919	1310	6532	Rhodobiaceae	Roseospirillum parvum	EU445271	1423	7115	Rhodobiaceae	Afifella pfennigii	5544.0	1310	73	81	1188	0.9666	0.8487
AJ011919	1310	6532	Rhodobiaceae	Roseospirillum parvum	AM712634	1406	7030	Rhodobiaceae	Anderseniella baltica	5523.0	1310	90	78	1189	0.9651	0.8455
AJ011919	1310	6532	Rhodobiaceae	Roseospirillum parvum	AM180706	1415	7075	Rhodobiaceae	Rhodobium gokarnense	5654.0	1310	69	63	1205	0.9663	0.8656
AJ011919	1310	6532	Rhodobiaceae	Roseospirillum parvum	GU187912	1391	6955	Rhodobiaceae	Tepidamorphus gemmatus	5562.0	1310	77	65	1195	0.9598	0.8515
AJ011919	1310	6532	Rhodobiaceae	Roseospirillum parvum	FN297835	1455	7275	Rhodobiaceae	Lutibaculum baratangense	5614.0	1310	77	64	1202	0.9647	0.8595
AJ011919	1310	6532	Rhodobiaceae	Roseospirillum parvum	KR078282	1462	7310	Rhodobiaceae	Pyruvatibacter mobilis	5497.0	1310	78	89	1180	0.9664	0.8415
AJ011919	1310	6532	Rhodobiaceae	Roseospirillum parvum	FJ182044	1447	7235	Rhodobiaceae	Parvibaculum indicum	5535.0	1310	70	62	1192	0.9551	0.8474
AJ011919	1310	6532	Rhodobiaceae	Roseospirillum parvum	AB794104	1485	7425	Rhodobiaceae	Methyloceanibacter caenitepidi	5543.0	1310	87	77	1192	0.9667	0.8486
AJ011919	1310	6532	Rhodobiaceae	Roseospirillum parvum	KF254766	1440	7200	Rhodobiaceae	Rhodoligotrophos jinshengii	5579.0	1310	91	77	1197	0.9708	0.8541
AB617575	1462	7310	Rhodobiaceae	Rhodoligotrophos appendicifer	EU445271	1423	7115	Rhodobiaceae	Afifella pfennigii	6348.0	1437	52	70	1335	0.9766	0.8922
AB617575	1462	7310	Rhodobiaceae	Rhodoligotrophos appendicifer	AM712634	1406	7030	Rhodobiaceae	Anderseniella baltica	6207.0	1408	54	56	1310	0.9689	0.8829
AB617575	1462	7310	Rhodobiaceae	Rhodoligotrophos appendicifer	AM180706	1415	7075	Rhodobiaceae	Rhodobium gokarnense	6202.0	1422	56	66	1314	0.9690	0.8766
AB617575	1462	7310	Rhodobiaceae	Rhodoligotrophos appendicifer	GU187912	1391	6955	Rhodobiaceae	Tepidamorphus gemmatus	6115.0	1386	61	56	1291	0.9707	0.8792
AB617575	1462	7310	Rhodobiaceae	Rhodoligotrophos appendicifer	FN297835	1455	7275	Rhodobiaceae	Lutibaculum baratangense	6482.0	1442	55	52	1358	0.9770	0.8910
AB617575	1462	7310	Rhodobiaceae	Rhodoligotrophos appendicifer	KR078282	1462	7310	Rhodobiaceae	Pyruvatibacter mobilis	6388.0	1462	55	76	1348	0.9726	0.8739
AB617575	1462	7310	Rhodobiaceae	Rhodoligotrophos appendicifer	FJ182044	1447	7235	Rhodobiaceae	Parvibaculum indicum	6347.0	1436	59	61	1337	0.9724	0.8773
AB617575	1462	7310	Rhodobiaceae	Rhodoligotrophos appendicifer	AB794104	1485	7425	Rhodobiaceae	Methyloceanibacter caenitepidi	6413.0	1462	65	60	1358	0.9686	0.8773
AB617575	1462	7310	Rhodobiaceae	Rhodoligotrophos appendicifer	KF254766	1440	7200	Rhodobiaceae	Rhodoligotrophos jinshengii	6881.0	1417	19	9	1395	0.9908	0.9557
EU445271	1423	7115	Rhodobiaceae	Afifella pfennigii	AM712634	1406	7030	Rhodobiaceae	Anderseniella baltica	6076.0	1372	64	48	1283	0.9690	0.8643
EU445271	1423	7115	Rhodobiaceae	Afifella pfennigii	AM180706	1415	7075	Rhodobiaceae	Rhodobium gokarnense	6110.0	1379	57	49	1288	0.9684	0.8636
EU445271	1423	7115	Rhodobiaceae	Afifella pfennigii	GU187912	1391	6955	Rhodobiaceae	Tepidamorphus gemmatus	6152.0	1360	63	40	1288	0.9758	0.8845
EU445271	1423	7115	Rhodobiaceae	Afifella pfennigii	FN297835	1455	7275	Rhodobiaceae	Lutibaculum baratangense	6346.0	1399	55	34	1327	0.9722	0.8919
EU445271	1423	7115	Rhodobiaceae	Afifella pfennigii	KR078282	1462	7310	Rhodobiaceae	Pyruvatibacter mobilis	6292.0	1423	60	63	1326	0.9750	0.8843
EU445271	1423	7115	Rhodobiaceae	Afifella pfennigii	FJ182044	1447	7235	Rhodobiaceae	Parvibaculum indicum	6011.0	1393	73	57	1285	0.9618	0.8448
EU445271	1423	7115	Rhodobiaceae	Afifella pfennigii	AB794104	1485	7425	Rhodobiaceae	Methyloceanibacter caenitepidi	6297.0	1423	70	47	1332	0.9680	0.8850
EU445271	1423	7115	Rhodobiaceae	Afifella pfennigii	KF254766	1440	7200	Rhodobiaceae	Rhodoligotrophos jinshengii	6021.0	1374	90	62	1279	0.9748	0.8462
AM712634	1406	7030	Rhodobiaceae	Anderseniella baltica	AM180706	1415	7075	Rhodobiaceae	Rhodobium gokarnense	6188.0	1405	51	50	1308	0.9653	0.8802
AM712634	1406	7030	Rhodobiaceae	Anderseniella baltica	GU187912	1391	6955	Rhodobiaceae	Tepidamorphus gemmatus	6105.0	1384	65	58	1289	0.9721	0.8778
AM712634	1406	7030	Rhodobiaceae	Anderseniella baltica	FN297835	1455	7275	Rhodobiaceae	Lutibaculum baratangense	6165.0	1406	61	54	1307	0.9667	0.8770
AM712634	1406	7030	Rhodobiaceae	Anderseniella baltica	KR078282	1462	7310	Rhodobiaceae	Pyruvatibacter mobilis	6121.0	1406	58	77	1293	0.9729	0.8707
AM712634	1406	7030	Rhodobiaceae	Anderseniella baltica	FJ182044	1447	7235	Rhodobiaceae	Parvibaculum indicum	6103.0	1406	64	64	1297	0.9665	0.8681
AM712634	1406	7030	Rhodobiaceae	Anderseniella baltica	AB794104	1485	7425	Rhodobiaceae	Methyloceanibacter caenitepidi	6133.0	1406	69	62	1302	0.9688	0.8724
AM712634	1406	7030	Rhodobiaceae	Anderseniella baltica	KF254766	1440	7200	Rhodobiaceae	Rhodoligotrophos jinshengii	6225.0	1406	60	48	1314	0.9676	0.8855
AM180706	1415	7075	Rhodobiaceae	Rhodobium gokarnense	GU187912	1391	6955	Rhodobiaceae	Tepidamorphus gemmatus	6191.0	1389	41	42	1300	0.9651	0.8902
AM180706	1415	7075	Rhodobiaceae	Rhodobium gokarnense	FN297835	1455	7275	Rhodobiaceae	Lutibaculum baratangense	6290.0	1415	51	37	1327	0.9630	0.8890
AM180706	1415	7075	Rhodobiaceae	Rhodobium gokarnense	KR078282	1462	7310	Rhodobiaceae	Pyruvatibacter mobilis	6135.0	1415	66	76	1301	0.9716	0.8671
AM180706	1415	7075	Rhodobiaceae	Rhodobium gokarnense	FJ182044	1447	7235	Rhodobiaceae	Parvibaculum indicum	6118.0	1415	74	65	1304	0.9659	0.8647
AM180706	1415	7075	Rhodobiaceae	Rhodobium gokarnense	AB794104	1485	7425	Rhodobiaceae	Methyloceanibacter caenitepidi	6183.0	1415	77	61	1313	0.9697	0.8739
AM180706	1415	7075	Rhodobiaceae	Rhodobium gokarnense	KF254766	1440	7200	Rhodobiaceae	Rhodoligotrophos jinshengii	6229.0	1412	67	48	1319	0.9670	0.8804
GU187912	1391	6955	Rhodobiaceae	Tepidamorphus gemmatus	FN297835	1455	7275	Rhodobiaceae	Lutibaculum baratangense	6422.0	1391	33	35	1329	0.9801	0.9234
GU187912	1391	6955	Rhodobiaceae	Tepidamorphus gemmatus	KR078282	1462	7310	Rhodobiaceae	Pyruvatibacter mobilis	6045.0	1391	54	80	1277	0.9741	0.8692
GU187912	1391	6955	Rhodobiaceae	Tepidamorphus gemmatus	FJ182044	1447	7235	Rhodobiaceae	Parvibaculum indicum	6126.0	1391	55	62	1292	0.9722	0.8808
GU187912	1391	6955	Rhodobiaceae	Tepidamorphus gemmatus	AB794104	1485	7425	Rhodobiaceae	Methyloceanibacter caenitepidi	6094.0	1391	60	60	1289	0.9684	0.8762
GU187912	1391	6955	Rhodobiaceae	Tepidamorphus gemmatus	KF254766	1440	7200	Rhodobiaceae	Rhodoligotrophos jinshengii	6073.0	1391	67	62	1288	0.9691	0.8732
FN297835	1455	7275	Rhodobiaceae	Lutibaculum baratangense	KR078282	1462	7310	Rhodobiaceae	Pyruvatibacter mobilis	6429.0	1455	49	73	1350	0.9768	0.8837
FN297835	1455	7275	Rhodobiaceae	Lutibaculum baratangense	FJ182044	1447	7235	Rhodobiaceae	Parvibaculum indicum	6391.0	1449	57	62	1348	0.9719	0.8833
FN297835	1455	7275	Rhodobiaceae	Lutibaculum baratangense	AB794104	1485	7425	Rhodobiaceae	Methyloceanibacter caenitepidi	6460.0	1455	53	51	1360	0.9687	0.8880
FN297835	1455	7275	Rhodobiaceae	Lutibaculum baratangense	KF254766	1440	7200	Rhodobiaceae	Rhodoligotrophos jinshengii	6414.0	1430	62	55	1345	0.9782	0.8908
KR078282	1462	7310	Rhodobiaceae	Pyruvatibacter mobilis	FJ182044	1447	7235	Rhodobiaceae	Parvibaculum indicum	6456.0	1428	62	43	1351	0.9755	0.8923
KR078282	1462	7310	Rhodobiaceae	Pyruvatibacter mobilis	AB794104	1485	7425	Rhodobiaceae	Methyloceanibacter caenitepidi	6247.0	1458	99	73	1339	0.9668	0.8546
KR078282	1462	7310	Rhodobiaceae	Pyruvatibacter mobilis	KF254766	1440	7200	Rhodobiaceae	Rhodoligotrophos jinshengii	6279.0	1409	80	49	1324	0.9735	0.8721
FJ182044	1447	7235	Rhodobiaceae	Parvibaculum indicum	AB794104	1485	7425	Rhodobiaceae	Methyloceanibacter caenitepidi	6217.0	1447	76	69	1328	0.9637	0.8593
FJ182044	1447	7235	Rhodobiaceae	Parvibaculum indicum	KF254766	1440	7200	Rhodobiaceae	Rhodoligotrophos jinshengii	6322.0	1428	73	61	1333	0.9751	0.8781
AB794104	1485	7425	Rhodobiaceae	Methyloceanibacter caenitepidi	KF254766	1440	7200	Rhodobiaceae	Rhodoligotrophos jinshengii	6298.0	1435	63	58	1334	0.9688	0.8747
