DQ365810	1421	7105	Rickettsiaceae	Rickettsia raoultii	AF178037	1469	7345	Rickettsiaceae	Rickettsia heilongjiangensis	7051.0	1421	0	0	1415	0.9958	0.9924
DQ365810	1421	7105	Rickettsiaceae	Rickettsia raoultii	AF541999	1427	7135	Rickettsiaceae	Rickettsia conorii	7027.0	1418	0	0	1411	0.9951	0.9890
DQ365810	1421	7105	Rickettsiaceae	Rickettsia raoultii	D38623	1459	7295	Rickettsiaceae	Orientia tsutsugamushi	6111.0	1421	81	73	1305	0.9681	0.8601
DQ365810	1421	7105	Rickettsiaceae	Rickettsia raoultii	U74757	1428	7140	Rickettsiaceae	Rickettsia aeschlimannii	7014.0	1419	0	0	1410	0.9937	0.9872
DQ365810	1421	7105	Rickettsiaceae	Rickettsia raoultii	M21789	1508	7540	Rickettsiaceae	Rickettsia prowazekii	6899.0	1421	9	9	1397	0.9894	0.9710
DQ365810	1421	7105	Rickettsiaceae	Rickettsia raoultii	U17645	1491	7455	Rickettsiaceae	Rickettsia honei	7033.0	1421	0	0	1413	0.9944	0.9899
DQ365810	1421	7105	Rickettsiaceae	Rickettsia raoultii	U12463	1454	7270	Rickettsiaceae	Rickettsia typhi	6913.0	1421	7	7	1399	0.9894	0.9730
DQ365810	1421	7105	Rickettsiaceae	Rickettsia raoultii	L36217	1440	7200	Rickettsiaceae	Rickettsia rickettsii	7040.0	1421	1	0	1414	0.9951	0.9909
DQ365810	1421	7105	Rickettsiaceae	Rickettsia raoultii	L36214	1440	7200	Rickettsiaceae	Rickettsia massiliae	7060.0	1421	0	0	1416	0.9965	0.9937
DQ365810	1421	7105	Rickettsiaceae	Rickettsia raoultii	D38628	1440	7200	Rickettsiaceae	Rickettsia sibirica	7038.0	1421	2	0	1414	0.9951	0.9906
DQ365810	1421	7105	Rickettsiaceae	Rickettsia raoultii	AF394906	1440	7200	Rickettsiaceae	Rickettsia asiatica	6954.0	1421	2	2	1404	0.9894	0.9787
DQ365810	1421	7105	Rickettsiaceae	Rickettsia raoultii	JFKF01000109	1487	7435	Rickettsiaceae	Rickettsia buchneri	6988.0	1421	0	0	1408	0.9909	0.9835
DQ365810	1421	7105	Rickettsiaceae	Rickettsia raoultii	L36099	1414	7070	Rickettsiaceae	Rickettsia akari	6803.0	1405	5	5	1380	0.9857	0.9622
DQ365810	1421	7105	Rickettsiaceae	Rickettsia raoultii	L36215	1440	7200	Rickettsiaceae	Rickettsia montanensis	7016.0	1421	2	2	1411	0.9944	0.9875
DQ365810	1421	7105	Rickettsiaceae	Rickettsia raoultii	L36103	1414	7070	Rickettsiaceae	Rickettsia bellii	6920.0	1405	4	4	1393	0.9943	0.9788
DQ365810	1421	7105	Rickettsiaceae	Rickettsia raoultii	AY049981	1440	7200	Rickettsiaceae	Rickettsia tamurae	7006.0	1421	1	1	1410	0.9930	0.9861
DQ365810	1421	7105	Rickettsiaceae	Rickettsia raoultii	JWSW01000015	1508	7540	Rickettsiaceae	Rickettsia asembonensis	6998.0	1421	2	2	1409	0.9930	0.9849
DQ365810	1421	7105	Rickettsiaceae	Rickettsia raoultii	L36673	1411	7055	Rickettsiaceae	Rickettsia parkeri	6931.0	1401	1	0	1393	0.9943	0.9824
DQ365810	1421	7105	Rickettsiaceae	Rickettsia raoultii	L36101	1415	7075	Rickettsiaceae	Rickettsia australis	6898.0	1405	2	1	1391	0.9907	0.9750
DQ365810	1421	7105	Rickettsiaceae	Rickettsia raoultii	L36104	1414	7070	Rickettsiaceae	Rickettsia canadensis	6846.0	1405	3	3	1385	0.9879	0.9683
DQ365810	1421	7105	Rickettsiaceae	Rickettsia raoultii	L36216	1440	7200	Rickettsiaceae	Rickettsia rhipicephali	7051.0	1421	0	0	1415	0.9958	0.9924
AF178037	1469	7345	Rickettsiaceae	Rickettsia heilongjiangensis	AF541999	1427	7135	Rickettsiaceae	Rickettsia conorii	7072.0	1427	0	0	1420	0.9951	0.9912
AF178037	1469	7345	Rickettsiaceae	Rickettsia heilongjiangensis	D38623	1459	7295	Rickettsiaceae	Orientia tsutsugamushi	6209.0	1445	79	74	1326	0.9672	0.8511
AF178037	1469	7345	Rickettsiaceae	Rickettsia heilongjiangensis	U74757	1428	7140	Rickettsiaceae	Rickettsia aeschlimannii	7041.0	1428	0	0	1417	0.9923	0.9861
AF178037	1469	7345	Rickettsiaceae	Rickettsia heilongjiangensis	M21789	1508	7540	Rickettsiaceae	Rickettsia prowazekii	7127.0	1469	16	12	1444	0.9911	0.9703
AF178037	1469	7345	Rickettsiaceae	Rickettsia heilongjiangensis	U17645	1491	7455	Rickettsiaceae	Rickettsia honei	7253.0	1465	0	0	1457	0.9945	0.9875
AF178037	1469	7345	Rickettsiaceae	Rickettsia heilongjiangensis	U12463	1454	7270	Rickettsiaceae	Rickettsia typhi	7035.0	1445	9	9	1423	0.9909	0.9677
AF178037	1469	7345	Rickettsiaceae	Rickettsia heilongjiangensis	L36217	1440	7200	Rickettsiaceae	Rickettsia rickettsii	7128.0	1440	1	1	1432	0.9951	0.9900
AF178037	1469	7345	Rickettsiaceae	Rickettsia heilongjiangensis	L36214	1440	7200	Rickettsiaceae	Rickettsia massiliae	7137.0	1440	0	0	1433	0.9951	0.9912
AF178037	1469	7345	Rickettsiaceae	Rickettsia heilongjiangensis	D38628	1440	7200	Rickettsiaceae	Rickettsia sibirica	7123.0	1438	2	0	1431	0.9951	0.9893
AF178037	1469	7345	Rickettsiaceae	Rickettsia heilongjiangensis	AF394906	1440	7200	Rickettsiaceae	Rickettsia asiatica	7031.0	1440	2	2	1421	0.9882	0.9765
AF178037	1469	7345	Rickettsiaceae	Rickettsia heilongjiangensis	JFKF01000109	1487	7435	Rickettsiaceae	Rickettsia buchneri	7190.0	1465	0	0	1450	0.9898	0.9789
AF178037	1469	7345	Rickettsiaceae	Rickettsia heilongjiangensis	L36099	1414	7070	Rickettsiaceae	Rickettsia akari	6846.0	1414	3	3	1389	0.9844	0.9683
AF178037	1469	7345	Rickettsiaceae	Rickettsia heilongjiangensis	L36215	1440	7200	Rickettsiaceae	Rickettsia montanensis	7093.0	1440	2	2	1428	0.9930	0.9851
AF178037	1469	7345	Rickettsiaceae	Rickettsia heilongjiangensis	L36103	1414	7070	Rickettsiaceae	Rickettsia bellii	6947.0	1414	4	4	1400	0.9929	0.9826
AF178037	1469	7345	Rickettsiaceae	Rickettsia heilongjiangensis	AY049981	1440	7200	Rickettsiaceae	Rickettsia tamurae	7083.0	1440	1	1	1427	0.9917	0.9837
AF178037	1469	7345	Rickettsiaceae	Rickettsia heilongjiangensis	JWSW01000015	1508	7540	Rickettsiaceae	Rickettsia asembonensis	7205.0	1469	5	1	1454	0.9905	0.9809
AF178037	1469	7345	Rickettsiaceae	Rickettsia heilongjiangensis	L36673	1411	7055	Rickettsiaceae	Rickettsia parkeri	6976.0	1410	1	0	1402	0.9943	0.9888
AF178037	1469	7345	Rickettsiaceae	Rickettsia heilongjiangensis	L36101	1415	7075	Rickettsiaceae	Rickettsia australis	6925.0	1414	2	1	1398	0.9894	0.9788
AF178037	1469	7345	Rickettsiaceae	Rickettsia heilongjiangensis	L36104	1414	7070	Rickettsiaceae	Rickettsia canadensis	6873.0	1414	3	3	1392	0.9865	0.9721
AF178037	1469	7345	Rickettsiaceae	Rickettsia heilongjiangensis	L36216	1440	7200	Rickettsiaceae	Rickettsia rhipicephali	7128.0	1440	0	0	1432	0.9944	0.9900
AF541999	1427	7135	Rickettsiaceae	Rickettsia conorii	D38623	1459	7295	Rickettsiaceae	Orientia tsutsugamushi	6107.0	1427	76	71	1307	0.9639	0.8559
AF541999	1427	7135	Rickettsiaceae	Rickettsia conorii	U74757	1428	7140	Rickettsiaceae	Rickettsia aeschlimannii	7045.0	1427	0	0	1417	0.9930	0.9874
AF541999	1427	7135	Rickettsiaceae	Rickettsia conorii	M21789	1508	7540	Rickettsiaceae	Rickettsia prowazekii	6935.0	1427	8	8	1404	0.9894	0.9720
AF541999	1427	7135	Rickettsiaceae	Rickettsia conorii	U17645	1491	7455	Rickettsiaceae	Rickettsia honei	7090.0	1427	0	0	1422	0.9965	0.9937
AF541999	1427	7135	Rickettsiaceae	Rickettsia conorii	U12463	1454	7270	Rickettsiaceae	Rickettsia typhi	6951.0	1427	5	5	1406	0.9887	0.9742
AF541999	1427	7135	Rickettsiaceae	Rickettsia conorii	L36217	1440	7200	Rickettsiaceae	Rickettsia rickettsii	7099.0	1427	0	0	1423	0.9972	0.9950
AF541999	1427	7135	Rickettsiaceae	Rickettsia conorii	L36214	1440	7200	Rickettsiaceae	Rickettsia massiliae	7082.0	1427	2	2	1421	0.9972	0.9926
AF541999	1427	7135	Rickettsiaceae	Rickettsia conorii	D38628	1440	7200	Rickettsiaceae	Rickettsia sibirica	7114.0	1427	3	1	1425	0.9993	0.9971
AF541999	1427	7135	Rickettsiaceae	Rickettsia conorii	AF394906	1440	7200	Rickettsiaceae	Rickettsia asiatica	6961.0	1426	2	2	1407	0.9881	0.9756
AF541999	1427	7135	Rickettsiaceae	Rickettsia conorii	JFKF01000109	1487	7435	Rickettsiaceae	Rickettsia buchneri	7009.0	1427	0	0	1413	0.9902	0.9823
AF541999	1427	7135	Rickettsiaceae	Rickettsia conorii	L36099	1414	7070	Rickettsiaceae	Rickettsia akari	6857.0	1414	5	5	1390	0.9865	0.9699
AF541999	1427	7135	Rickettsiaceae	Rickettsia conorii	L36215	1440	7200	Rickettsiaceae	Rickettsia montanensis	7037.0	1427	2	2	1416	0.9937	0.9863
AF541999	1427	7135	Rickettsiaceae	Rickettsia conorii	L36103	1414	7070	Rickettsiaceae	Rickettsia bellii	6956.0	1414	4	4	1401	0.9936	0.9839
AF541999	1427	7135	Rickettsiaceae	Rickettsia conorii	AY049981	1440	7200	Rickettsiaceae	Rickettsia tamurae	7027.0	1427	1	1	1415	0.9923	0.9849
AF541999	1427	7135	Rickettsiaceae	Rickettsia conorii	JWSW01000015	1508	7540	Rickettsiaceae	Rickettsia asembonensis	7018.0	1427	0	0	1414	0.9909	0.9836
AF541999	1427	7135	Rickettsiaceae	Rickettsia conorii	L36673	1411	7055	Rickettsiaceae	Rickettsia parkeri	7021.0	1410	1	0	1407	0.9979	0.9952
AF541999	1427	7135	Rickettsiaceae	Rickettsia conorii	L36101	1415	7075	Rickettsiaceae	Rickettsia australis	6935.0	1414	4	3	1399	0.9915	0.9802
AF541999	1427	7135	Rickettsiaceae	Rickettsia conorii	L36104	1414	7070	Rickettsiaceae	Rickettsia canadensis	6865.0	1414	5	5	1391	0.9872	0.9710
AF541999	1427	7135	Rickettsiaceae	Rickettsia conorii	L36216	1440	7200	Rickettsiaceae	Rickettsia rhipicephali	7072.0	1427	0	0	1420	0.9951	0.9912
D38623	1459	7295	Rickettsiaceae	Orientia tsutsugamushi	U74757	1428	7140	Rickettsiaceae	Rickettsia aeschlimannii	6119.0	1433	73	78	1308	0.9653	0.8570
D38623	1459	7295	Rickettsiaceae	Orientia tsutsugamushi	M21789	1508	7540	Rickettsiaceae	Rickettsia prowazekii	6284.0	1459	68	73	1339	0.9661	0.8614
D38623	1459	7295	Rickettsiaceae	Orientia tsutsugamushi	U17645	1491	7455	Rickettsiaceae	Rickettsia honei	6260.0	1459	69	74	1336	0.9646	0.8581
D38623	1459	7295	Rickettsiaceae	Orientia tsutsugamushi	U12463	1454	7270	Rickettsiaceae	Rickettsia typhi	6272.0	1459	73	78	1337	0.9681	0.8627
D38623	1459	7295	Rickettsiaceae	Orientia tsutsugamushi	L36217	1440	7200	Rickettsiaceae	Rickettsia rickettsii	6115.0	1435	75	79	1309	0.9653	0.8493
D38623	1459	7295	Rickettsiaceae	Orientia tsutsugamushi	L36214	1440	7200	Rickettsiaceae	Rickettsia massiliae	6159.0	1435	71	76	1314	0.9669	0.8554
D38623	1459	7295	Rickettsiaceae	Orientia tsutsugamushi	D38628	1440	7200	Rickettsiaceae	Rickettsia sibirica	6161.0	1443	71	74	1318	0.9627	0.8557
D38623	1459	7295	Rickettsiaceae	Orientia tsutsugamushi	AF394906	1440	7200	Rickettsiaceae	Rickettsia asiatica	6034.0	1435	81	86	1299	0.9629	0.8381
D38623	1459	7295	Rickettsiaceae	Orientia tsutsugamushi	JFKF01000109	1487	7435	Rickettsiaceae	Rickettsia buchneri	6188.0	1459	77	79	1328	0.9623	0.8483
D38623	1459	7295	Rickettsiaceae	Orientia tsutsugamushi	L36099	1414	7070	Rickettsiaceae	Rickettsia akari	6017.0	1419	79	84	1290	0.9663	0.8511
D38623	1459	7295	Rickettsiaceae	Orientia tsutsugamushi	L36215	1440	7200	Rickettsiaceae	Rickettsia montanensis	6140.0	1435	68	73	1312	0.9633	0.8528
D38623	1459	7295	Rickettsiaceae	Orientia tsutsugamushi	L36103	1414	7070	Rickettsiaceae	Rickettsia bellii	6104.0	1419	66	71	1301	0.9651	0.8634
D38623	1459	7295	Rickettsiaceae	Orientia tsutsugamushi	AY049981	1440	7200	Rickettsiaceae	Rickettsia tamurae	6081.0	1435	73	78	1305	0.9617	0.8446
D38623	1459	7295	Rickettsiaceae	Orientia tsutsugamushi	JWSW01000015	1508	7540	Rickettsiaceae	Rickettsia asembonensis	6221.0	1459	77	82	1331	0.9666	0.8528
D38623	1459	7295	Rickettsiaceae	Orientia tsutsugamushi	L36673	1411	7055	Rickettsiaceae	Rickettsia parkeri	6035.0	1418	69	76	1292	0.9627	0.8554
D38623	1459	7295	Rickettsiaceae	Orientia tsutsugamushi	L36101	1415	7075	Rickettsiaceae	Rickettsia australis	6042.0	1419	73	77	1294	0.9642	0.8540
D38623	1459	7295	Rickettsiaceae	Orientia tsutsugamushi	L36104	1414	7070	Rickettsiaceae	Rickettsia canadensis	6043.0	1419	70	75	1294	0.9628	0.8547
D38623	1459	7295	Rickettsiaceae	Orientia tsutsugamushi	L36216	1440	7200	Rickettsiaceae	Rickettsia rhipicephali	6134.0	1435	69	74	1311	0.9633	0.8519
U74757	1428	7140	Rickettsiaceae	Rickettsia aeschlimannii	M21789	1508	7540	Rickettsiaceae	Rickettsia prowazekii	6927.0	1428	12	12	1403	0.9908	0.9702
U74757	1428	7140	Rickettsiaceae	Rickettsia aeschlimannii	U17645	1491	7455	Rickettsiaceae	Rickettsia honei	7043.0	1428	2	2	1417	0.9937	0.9864
U74757	1428	7140	Rickettsiaceae	Rickettsia aeschlimannii	U12463	1454	7270	Rickettsiaceae	Rickettsia typhi	6940.0	1428	7	7	1405	0.9887	0.9720
U74757	1428	7140	Rickettsiaceae	Rickettsia aeschlimannii	L36217	1440	7200	Rickettsiaceae	Rickettsia rickettsii	7048.0	1428	1	0	1418	0.9930	0.9871
U74757	1428	7140	Rickettsiaceae	Rickettsia aeschlimannii	L36214	1440	7200	Rickettsiaceae	Rickettsia massiliae	7068.0	1428	0	0	1420	0.9944	0.9899
U74757	1428	7140	Rickettsiaceae	Rickettsia aeschlimannii	D38628	1440	7200	Rickettsiaceae	Rickettsia sibirica	7047.0	1428	3	1	1418	0.9937	0.9870
U74757	1428	7140	Rickettsiaceae	Rickettsia aeschlimannii	AF394906	1440	7200	Rickettsiaceae	Rickettsia asiatica	6944.0	1428	5	0	1407	0.9853	0.9725
U74757	1428	7140	Rickettsiaceae	Rickettsia aeschlimannii	JFKF01000109	1487	7435	Rickettsiaceae	Rickettsia buchneri	6996.0	1428	0	0	1412	0.9888	0.9798
U74757	1428	7140	Rickettsiaceae	Rickettsia aeschlimannii	L36099	1414	7070	Rickettsiaceae	Rickettsia akari	6826.0	1413	6	6	1386	0.9851	0.9655
U74757	1428	7140	Rickettsiaceae	Rickettsia aeschlimannii	L36215	1440	7200	Rickettsiaceae	Rickettsia montanensis	7042.0	1428	2	2	1417	0.9937	0.9863
U74757	1428	7140	Rickettsiaceae	Rickettsia aeschlimannii	L36103	1414	7070	Rickettsiaceae	Rickettsia bellii	6959.0	1413	2	2	1401	0.9929	0.9843
U74757	1428	7140	Rickettsiaceae	Rickettsia aeschlimannii	AY049981	1440	7200	Rickettsiaceae	Rickettsia tamurae	7015.0	1428	2	2	1414	0.9916	0.9825
U74757	1428	7140	Rickettsiaceae	Rickettsia aeschlimannii	JWSW01000015	1508	7540	Rickettsiaceae	Rickettsia asembonensis	7005.0	1428	0	0	1413	0.9895	0.9811
U74757	1428	7140	Rickettsiaceae	Rickettsia aeschlimannii	L36673	1411	7055	Rickettsiaceae	Rickettsia parkeri	6959.0	1410	2	1	1400	0.9936	0.9864
U74757	1428	7140	Rickettsiaceae	Rickettsia aeschlimannii	L36101	1415	7075	Rickettsiaceae	Rickettsia australis	6921.0	1413	3	2	1397	0.9901	0.9782
U74757	1428	7140	Rickettsiaceae	Rickettsia aeschlimannii	L36104	1414	7070	Rickettsiaceae	Rickettsia canadensis	6878.0	1413	5	5	1392	0.9886	0.9728
U74757	1428	7140	Rickettsiaceae	Rickettsia aeschlimannii	L36216	1440	7200	Rickettsiaceae	Rickettsia rhipicephali	7077.0	1428	0	0	1421	0.9951	0.9912
M21789	1508	7540	Rickettsiaceae	Rickettsia prowazekii	U17645	1491	7455	Rickettsiaceae	Rickettsia honei	7240.0	1491	9	9	1466	0.9892	0.9712
M21789	1508	7540	Rickettsiaceae	Rickettsia prowazekii	U12463	1454	7270	Rickettsiaceae	Rickettsia typhi	7198.0	1454	0	0	1446	0.9945	0.9901
M21789	1508	7540	Rickettsiaceae	Rickettsia prowazekii	L36217	1440	7200	Rickettsiaceae	Rickettsia rickettsii	6992.0	1440	8	8	1416	0.9888	0.9711
M21789	1508	7540	Rickettsiaceae	Rickettsia prowazekii	L36214	1440	7200	Rickettsiaceae	Rickettsia massiliae	7015.0	1440	5	5	1419	0.9889	0.9743
M21789	1508	7540	Rickettsiaceae	Rickettsia prowazekii	D38628	1440	7200	Rickettsiaceae	Rickettsia sibirica	6975.0	1438	12	10	1413	0.9895	0.9688
M21789	1508	7540	Rickettsiaceae	Rickettsia prowazekii	AF394906	1440	7200	Rickettsiaceae	Rickettsia asiatica	6913.0	1440	9	9	1407	0.9832	0.9601
M21789	1508	7540	Rickettsiaceae	Rickettsia prowazekii	JFKF01000109	1487	7435	Rickettsiaceae	Rickettsia buchneri	7175.0	1487	9	9	1457	0.9858	0.9650
M21789	1508	7540	Rickettsiaceae	Rickettsia prowazekii	L36099	1414	7070	Rickettsiaceae	Rickettsia akari	6796.0	1414	14	14	1382	0.9871	0.9612
M21789	1508	7540	Rickettsiaceae	Rickettsia prowazekii	L36215	1440	7200	Rickettsiaceae	Rickettsia montanensis	6992.0	1440	8	8	1416	0.9888	0.9711
M21789	1508	7540	Rickettsiaceae	Rickettsia prowazekii	L36103	1414	7070	Rickettsiaceae	Rickettsia bellii	6858.0	1414	13	13	1389	0.9914	0.9700
M21789	1508	7540	Rickettsiaceae	Rickettsia prowazekii	AY049981	1440	7200	Rickettsiaceae	Rickettsia tamurae	6976.0	1440	9	9	1414	0.9881	0.9689
M21789	1508	7540	Rickettsiaceae	Rickettsia prowazekii	JWSW01000015	1508	7540	Rickettsiaceae	Rickettsia asembonensis	7314.0	1508	7	7	1482	0.9873	0.9700
M21789	1508	7540	Rickettsiaceae	Rickettsia prowazekii	L36673	1411	7055	Rickettsiaceae	Rickettsia parkeri	6825.0	1410	10	9	1384	0.9879	0.9674
M21789	1508	7540	Rickettsiaceae	Rickettsia prowazekii	L36101	1415	7075	Rickettsiaceae	Rickettsia australis	6850.0	1414	8	7	1389	0.9872	0.9682
M21789	1508	7540	Rickettsiaceae	Rickettsia prowazekii	L36104	1414	7070	Rickettsiaceae	Rickettsia canadensis	6822.0	1414	6	6	1386	0.9844	0.9649
M21789	1508	7540	Rickettsiaceae	Rickettsia prowazekii	L36216	1440	7200	Rickettsiaceae	Rickettsia rhipicephali	6996.0	1440	11	11	1416	0.9909	0.9717
U17645	1491	7455	Rickettsiaceae	Rickettsia honei	U12463	1454	7270	Rickettsiaceae	Rickettsia typhi	7078.0	1454	7	7	1432	0.9896	0.9736
U17645	1491	7455	Rickettsiaceae	Rickettsia honei	L36217	1440	7200	Rickettsiaceae	Rickettsia rickettsii	7146.0	1440	1	1	1434	0.9965	0.9925
U17645	1491	7455	Rickettsiaceae	Rickettsia honei	L36214	1440	7200	Rickettsiaceae	Rickettsia massiliae	7137.0	1440	0	0	1433	0.9951	0.9912
U17645	1491	7455	Rickettsiaceae	Rickettsia honei	D38628	1440	7200	Rickettsiaceae	Rickettsia sibirica	7141.0	1438	2	0	1433	0.9965	0.9918
U17645	1491	7455	Rickettsiaceae	Rickettsia honei	AF394906	1440	7200	Rickettsiaceae	Rickettsia asiatica	7013.0	1440	2	2	1419	0.9868	0.9740
U17645	1491	7455	Rickettsiaceae	Rickettsia honei	JFKF01000109	1487	7435	Rickettsiaceae	Rickettsia buchneri	7282.0	1487	0	0	1470	0.9886	0.9794
U17645	1491	7455	Rickettsiaceae	Rickettsia honei	L36099	1414	7070	Rickettsiaceae	Rickettsia akari	6831.0	1414	7	7	1387	0.9858	0.9662
U17645	1491	7455	Rickettsiaceae	Rickettsia honei	L36215	1440	7200	Rickettsiaceae	Rickettsia montanensis	7093.0	1440	2	2	1428	0.9930	0.9851
U17645	1491	7455	Rickettsiaceae	Rickettsia honei	L36103	1414	7070	Rickettsiaceae	Rickettsia bellii	6947.0	1414	4	4	1400	0.9929	0.9826
U17645	1491	7455	Rickettsiaceae	Rickettsia honei	AY049981	1440	7200	Rickettsiaceae	Rickettsia tamurae	7092.0	1440	0	0	1428	0.9917	0.9850
U17645	1491	7455	Rickettsiaceae	Rickettsia honei	JWSW01000015	1508	7540	Rickettsiaceae	Rickettsia asembonensis	7320.0	1491	0	0	1476	0.9899	0.9819
U17645	1491	7455	Rickettsiaceae	Rickettsia honei	L36673	1411	7055	Rickettsiaceae	Rickettsia parkeri	6994.0	1410	1	0	1404	0.9957	0.9914
U17645	1491	7455	Rickettsiaceae	Rickettsia honei	L36101	1415	7075	Rickettsiaceae	Rickettsia australis	6925.0	1414	2	1	1398	0.9894	0.9788
U17645	1491	7455	Rickettsiaceae	Rickettsia honei	L36104	1414	7070	Rickettsiaceae	Rickettsia canadensis	6855.0	1414	3	3	1390	0.9851	0.9696
U17645	1491	7455	Rickettsiaceae	Rickettsia honei	L36216	1440	7200	Rickettsiaceae	Rickettsia rhipicephali	7130.0	1440	2	2	1432	0.9958	0.9903
U12463	1454	7270	Rickettsiaceae	Rickettsia typhi	L36217	1440	7200	Rickettsiaceae	Rickettsia rickettsii	6963.0	1430	7	6	1409	0.9895	0.9671
U12463	1454	7270	Rickettsiaceae	Rickettsia typhi	L36214	1440	7200	Rickettsiaceae	Rickettsia massiliae	6984.0	1430	5	5	1411	0.9902	0.9700
U12463	1454	7270	Rickettsiaceae	Rickettsia typhi	D38628	1440	7200	Rickettsiaceae	Rickettsia sibirica	6988.0	1438	9	7	1415	0.9888	0.9706
U12463	1454	7270	Rickettsiaceae	Rickettsia typhi	AF394906	1440	7200	Rickettsiaceae	Rickettsia asiatica	6877.0	1430	8	8	1399	0.9838	0.9551
U12463	1454	7270	Rickettsiaceae	Rickettsia typhi	JFKF01000109	1487	7435	Rickettsiaceae	Rickettsia buchneri	7029.0	1454	10	7	1427	0.9862	0.9669
U12463	1454	7270	Rickettsiaceae	Rickettsia typhi	L36099	1414	7070	Rickettsiaceae	Rickettsia akari	6800.0	1414	14	14	1383	0.9879	0.9618
U12463	1454	7270	Rickettsiaceae	Rickettsia typhi	L36215	1440	7200	Rickettsiaceae	Rickettsia montanensis	6956.0	1430	5	5	1408	0.9881	0.9661
U12463	1454	7270	Rickettsiaceae	Rickettsia typhi	L36103	1414	7070	Rickettsiaceae	Rickettsia bellii	6872.0	1414	11	11	1391	0.9914	0.9720
U12463	1454	7270	Rickettsiaceae	Rickettsia typhi	AY049981	1440	7200	Rickettsiaceae	Rickettsia tamurae	6940.0	1430	7	7	1406	0.9881	0.9639
U12463	1454	7270	Rickettsiaceae	Rickettsia typhi	JWSW01000015	1508	7540	Rickettsiaceae	Rickettsia asembonensis	7058.0	1454	6	6	1430	0.9876	0.9708
U12463	1454	7270	Rickettsiaceae	Rickettsia typhi	L36673	1411	7055	Rickettsiaceae	Rickettsia parkeri	6839.0	1410	8	7	1386	0.9879	0.9694
U12463	1454	7270	Rickettsiaceae	Rickettsia typhi	L36101	1415	7075	Rickettsiaceae	Rickettsia australis	6857.0	1414	6	5	1390	0.9865	0.9692
U12463	1454	7270	Rickettsiaceae	Rickettsia typhi	L36104	1414	7070	Rickettsiaceae	Rickettsia canadensis	6832.0	1414	5	5	1387	0.9844	0.9663
U12463	1454	7270	Rickettsiaceae	Rickettsia typhi	L36216	1440	7200	Rickettsiaceae	Rickettsia rhipicephali	6960.0	1430	9	9	1408	0.9909	0.9667
L36217	1440	7200	Rickettsiaceae	Rickettsia rickettsii	L36214	1440	7200	Rickettsiaceae	Rickettsia massiliae	7137.0	1440	1	1	1433	0.9958	0.9912
L36217	1440	7200	Rickettsiaceae	Rickettsia rickettsii	D38628	1440	7200	Rickettsiaceae	Rickettsia sibirica	7108.0	1431	2	1	1426	0.9972	0.9872
L36217	1440	7200	Rickettsiaceae	Rickettsia rickettsii	AF394906	1440	7200	Rickettsiaceae	Rickettsia asiatica	7032.0	1440	4	4	1421	0.9896	0.9767
L36217	1440	7200	Rickettsiaceae	Rickettsia rickettsii	JFKF01000109	1487	7435	Rickettsiaceae	Rickettsia buchneri	7065.0	1440	1	1	1425	0.9903	0.9812
L36217	1440	7200	Rickettsiaceae	Rickettsia rickettsii	L36099	1414	7070	Rickettsiaceae	Rickettsia akari	6866.0	1414	5	5	1391	0.9872	0.9711
L36217	1440	7200	Rickettsiaceae	Rickettsia rickettsii	L36215	1440	7200	Rickettsiaceae	Rickettsia montanensis	7104.0	1440	5	5	1429	0.9958	0.9867
L36217	1440	7200	Rickettsiaceae	Rickettsia rickettsii	L36103	1414	7070	Rickettsiaceae	Rickettsia bellii	6956.0	1414	4	4	1401	0.9936	0.9839
L36217	1440	7200	Rickettsiaceae	Rickettsia rickettsii	AY049981	1440	7200	Rickettsiaceae	Rickettsia tamurae	7083.0	1440	2	2	1427	0.9924	0.9837
L36217	1440	7200	Rickettsiaceae	Rickettsia rickettsii	JWSW01000015	1508	7540	Rickettsiaceae	Rickettsia asembonensis	7092.0	1440	1	1	1428	0.9924	0.9850
L36217	1440	7200	Rickettsiaceae	Rickettsia rickettsii	L36673	1411	7055	Rickettsiaceae	Rickettsia parkeri	7003.0	1410	1	0	1405	0.9965	0.9926
L36217	1440	7200	Rickettsiaceae	Rickettsia rickettsii	L36101	1415	7075	Rickettsiaceae	Rickettsia australis	6952.0	1414	2	1	1401	0.9915	0.9826
L36217	1440	7200	Rickettsiaceae	Rickettsia rickettsii	L36104	1414	7070	Rickettsiaceae	Rickettsia canadensis	6866.0	1414	5	5	1391	0.9872	0.9711
L36217	1440	7200	Rickettsiaceae	Rickettsia rickettsii	L36216	1440	7200	Rickettsiaceae	Rickettsia rhipicephali	7128.0	1440	1	1	1432	0.9951	0.9900
L36214	1440	7200	Rickettsiaceae	Rickettsia massiliae	D38628	1440	7200	Rickettsiaceae	Rickettsia sibirica	7092.0	1430	2	0	1424	0.9958	0.9850
L36214	1440	7200	Rickettsiaceae	Rickettsia massiliae	AF394906	1440	7200	Rickettsiaceae	Rickettsia asiatica	7056.0	1440	0	0	1424	0.9889	0.9800
L36214	1440	7200	Rickettsiaceae	Rickettsia massiliae	JFKF01000109	1487	7435	Rickettsiaceae	Rickettsia buchneri	7092.0	1440	0	0	1428	0.9917	0.9850
L36214	1440	7200	Rickettsiaceae	Rickettsia massiliae	L36099	1414	7070	Rickettsiaceae	Rickettsia akari	6858.0	1414	5	5	1390	0.9865	0.9700
L36214	1440	7200	Rickettsiaceae	Rickettsia massiliae	L36215	1440	7200	Rickettsiaceae	Rickettsia montanensis	7120.0	1440	2	2	1431	0.9951	0.9889
L36214	1440	7200	Rickettsiaceae	Rickettsia massiliae	L36103	1414	7070	Rickettsiaceae	Rickettsia bellii	6974.0	1414	4	4	1403	0.9950	0.9864
L36214	1440	7200	Rickettsiaceae	Rickettsia massiliae	AY049981	1440	7200	Rickettsiaceae	Rickettsia tamurae	7110.0	1440	1	1	1430	0.9937	0.9875
L36214	1440	7200	Rickettsiaceae	Rickettsia massiliae	JWSW01000015	1508	7540	Rickettsiaceae	Rickettsia asembonensis	7101.0	1440	0	0	1429	0.9924	0.9862
L36214	1440	7200	Rickettsiaceae	Rickettsia massiliae	L36673	1411	7055	Rickettsiaceae	Rickettsia parkeri	6985.0	1410	1	0	1403	0.9950	0.9901
L36214	1440	7200	Rickettsiaceae	Rickettsia massiliae	L36101	1415	7075	Rickettsiaceae	Rickettsia australis	6970.0	1414	2	1	1403	0.9929	0.9852
L36214	1440	7200	Rickettsiaceae	Rickettsia massiliae	L36104	1414	7070	Rickettsiaceae	Rickettsia canadensis	6900.0	1414	3	3	1395	0.9887	0.9760
L36214	1440	7200	Rickettsiaceae	Rickettsia massiliae	L36216	1440	7200	Rickettsiaceae	Rickettsia rhipicephali	7155.0	1440	0	0	1435	0.9965	0.9937
D38628	1440	7200	Rickettsiaceae	Rickettsia sibirica	AF394906	1440	7200	Rickettsiaceae	Rickettsia asiatica	6968.0	1432	2	4	1410	0.9874	0.9678
D38628	1440	7200	Rickettsiaceae	Rickettsia sibirica	JFKF01000109	1487	7435	Rickettsiaceae	Rickettsia buchneri	7060.0	1440	0	2	1424	0.9903	0.9806
D38628	1440	7200	Rickettsiaceae	Rickettsia sibirica	L36099	1414	7070	Rickettsiaceae	Rickettsia akari	6837.0	1416	7	9	1388	0.9865	0.9670
D38628	1440	7200	Rickettsiaceae	Rickettsia sibirica	L36215	1440	7200	Rickettsiaceae	Rickettsia montanensis	7049.0	1432	3	5	1419	0.9944	0.9790
D38628	1440	7200	Rickettsiaceae	Rickettsia sibirica	L36103	1414	7070	Rickettsiaceae	Rickettsia bellii	6952.0	1416	4	6	1401	0.9936	0.9833
D38628	1440	7200	Rickettsiaceae	Rickettsia sibirica	AY049981	1440	7200	Rickettsiaceae	Rickettsia tamurae	7038.0	1432	1	3	1418	0.9923	0.9775
D38628	1440	7200	Rickettsiaceae	Rickettsia sibirica	JWSW01000015	1508	7540	Rickettsiaceae	Rickettsia asembonensis	7069.0	1440	0	2	1425	0.9910	0.9818
D38628	1440	7200	Rickettsiaceae	Rickettsia sibirica	L36673	1411	7055	Rickettsiaceae	Rickettsia parkeri	7026.0	1412	0	1	1408	0.9979	0.9959
D38628	1440	7200	Rickettsiaceae	Rickettsia sibirica	L36101	1415	7075	Rickettsiaceae	Rickettsia australis	6930.0	1416	2	3	1399	0.9901	0.9795
D38628	1440	7200	Rickettsiaceae	Rickettsia sibirica	L36104	1414	7070	Rickettsiaceae	Rickettsia canadensis	6861.0	1416	4	6	1391	0.9865	0.9704
D38628	1440	7200	Rickettsiaceae	Rickettsia sibirica	L36216	1440	7200	Rickettsiaceae	Rickettsia rhipicephali	7083.0	1432	0	2	1423	0.9951	0.9837
AF394906	1440	7200	Rickettsiaceae	Rickettsia asiatica	JFKF01000109	1487	7435	Rickettsiaceae	Rickettsia buchneri	6984.0	1440	0	0	1416	0.9833	0.9700
AF394906	1440	7200	Rickettsiaceae	Rickettsia asiatica	L36099	1414	7070	Rickettsiaceae	Rickettsia akari	6795.0	1414	7	7	1383	0.9829	0.9611
AF394906	1440	7200	Rickettsiaceae	Rickettsia asiatica	L36215	1440	7200	Rickettsiaceae	Rickettsia montanensis	7003.0	1440	2	2	1418	0.9861	0.9726
AF394906	1440	7200	Rickettsiaceae	Rickettsia asiatica	L36103	1414	7070	Rickettsiaceae	Rickettsia bellii	6885.0	1414	6	6	1393	0.9893	0.9738
AF394906	1440	7200	Rickettsiaceae	Rickettsia asiatica	AY049981	1440	7200	Rickettsiaceae	Rickettsia tamurae	7020.0	1440	1	1	1420	0.9868	0.9750
AF394906	1440	7200	Rickettsiaceae	Rickettsia asiatica	JWSW01000015	1508	7540	Rickettsiaceae	Rickettsia asembonensis	7029.0	1440	0	0	1421	0.9868	0.9762
AF394906	1440	7200	Rickettsiaceae	Rickettsia asiatica	L36673	1411	7055	Rickettsiaceae	Rickettsia parkeri	6872.0	1410	5	4	1390	0.9886	0.9741
AF394906	1440	7200	Rickettsiaceae	Rickettsia asiatica	L36101	1415	7075	Rickettsiaceae	Rickettsia australis	6890.0	1414	4	3	1394	0.9880	0.9739
AF394906	1440	7200	Rickettsiaceae	Rickettsia asiatica	L36104	1414	7070	Rickettsiaceae	Rickettsia canadensis	6821.0	1414	5	5	1386	0.9837	0.9648
AF394906	1440	7200	Rickettsiaceae	Rickettsia asiatica	L36216	1440	7200	Rickettsiaceae	Rickettsia rhipicephali	7029.0	1440	0	0	1421	0.9868	0.9762
JFKF01000109	1487	7435	Rickettsiaceae	Rickettsia buchneri	L36099	1414	7070	Rickettsiaceae	Rickettsia akari	6803.0	1414	5	5	1384	0.9823	0.9622
JFKF01000109	1487	7435	Rickettsiaceae	Rickettsia buchneri	L36215	1440	7200	Rickettsiaceae	Rickettsia montanensis	7048.0	1440	2	2	1423	0.9896	0.9789
JFKF01000109	1487	7435	Rickettsiaceae	Rickettsia buchneri	L36103	1414	7070	Rickettsiaceae	Rickettsia bellii	6902.0	1414	4	4	1395	0.9894	0.9762
JFKF01000109	1487	7435	Rickettsiaceae	Rickettsia buchneri	AY049981	1440	7200	Rickettsiaceae	Rickettsia tamurae	7110.0	1440	1	1	1430	0.9937	0.9875
JFKF01000109	1487	7435	Rickettsiaceae	Rickettsia buchneri	JWSW01000015	1508	7540	Rickettsiaceae	Rickettsia asembonensis	7275.0	1487	2	2	1469	0.9892	0.9785
JFKF01000109	1487	7435	Rickettsiaceae	Rickettsia buchneri	L36673	1411	7055	Rickettsiaceae	Rickettsia parkeri	6915.0	1410	3	2	1395	0.9908	0.9802
JFKF01000109	1487	7435	Rickettsiaceae	Rickettsia buchneri	L36101	1415	7075	Rickettsiaceae	Rickettsia australis	6898.0	1414	2	1	1395	0.9873	0.9750
JFKF01000109	1487	7435	Rickettsiaceae	Rickettsia buchneri	L36104	1414	7070	Rickettsiaceae	Rickettsia canadensis	6833.0	1414	9	9	1387	0.9872	0.9665
JFKF01000109	1487	7435	Rickettsiaceae	Rickettsia buchneri	L36216	1440	7200	Rickettsiaceae	Rickettsia rhipicephali	7083.0	1440	0	0	1427	0.9910	0.9837
L36099	1414	7070	Rickettsiaceae	Rickettsia akari	L36215	1440	7200	Rickettsiaceae	Rickettsia montanensis	6825.0	1414	10	10	1386	0.9872	0.9653
L36099	1414	7070	Rickettsiaceae	Rickettsia akari	L36103	1414	7070	Rickettsiaceae	Rickettsia bellii	6871.0	1414	9	9	1391	0.9900	0.9719
L36099	1414	7070	Rickettsiaceae	Rickettsia akari	AY049981	1440	7200	Rickettsiaceae	Rickettsia tamurae	6842.0	1414	9	9	1388	0.9879	0.9678
L36099	1414	7070	Rickettsiaceae	Rickettsia akari	JWSW01000015	1508	7540	Rickettsiaceae	Rickettsia asembonensis	6884.0	1414	5	5	1393	0.9886	0.9737
L36099	1414	7070	Rickettsiaceae	Rickettsia akari	L36673	1411	7055	Rickettsiaceae	Rickettsia parkeri	6811.0	1410	9	8	1383	0.9864	0.9654
L36099	1414	7070	Rickettsiaceae	Rickettsia akari	L36101	1415	7075	Rickettsiaceae	Rickettsia australis	6911.0	1414	8	7	1396	0.9922	0.9775
L36099	1414	7070	Rickettsiaceae	Rickettsia akari	L36104	1414	7070	Rickettsiaceae	Rickettsia canadensis	6767.0	1414	13	13	1379	0.9843	0.9571
L36099	1414	7070	Rickettsiaceae	Rickettsia akari	L36216	1440	7200	Rickettsiaceae	Rickettsia rhipicephali	6848.0	1414	5	5	1389	0.9858	0.9686
L36215	1440	7200	Rickettsiaceae	Rickettsia montanensis	L36103	1414	7070	Rickettsiaceae	Rickettsia bellii	6930.0	1414	6	6	1398	0.9929	0.9802
L36215	1440	7200	Rickettsiaceae	Rickettsia montanensis	AY049981	1440	7200	Rickettsiaceae	Rickettsia tamurae	7084.0	1440	3	3	1427	0.9930	0.9839
L36215	1440	7200	Rickettsiaceae	Rickettsia montanensis	JWSW01000015	1508	7540	Rickettsiaceae	Rickettsia asembonensis	7066.0	1440	2	2	1425	0.9910	0.9814
L36215	1440	7200	Rickettsiaceae	Rickettsia montanensis	L36673	1411	7055	Rickettsiaceae	Rickettsia parkeri	6942.0	1410	4	3	1398	0.9936	0.9840
L36215	1440	7200	Rickettsiaceae	Rickettsia montanensis	L36101	1415	7075	Rickettsiaceae	Rickettsia australis	6918.0	1414	5	4	1397	0.9908	0.9778
L36215	1440	7200	Rickettsiaceae	Rickettsia montanensis	L36104	1414	7070	Rickettsiaceae	Rickettsia canadensis	6851.0	1414	10	10	1389	0.9893	0.9690
L36215	1440	7200	Rickettsiaceae	Rickettsia montanensis	L36216	1440	7200	Rickettsiaceae	Rickettsia rhipicephali	7111.0	1440	2	2	1430	0.9944	0.9876
L36103	1414	7070	Rickettsiaceae	Rickettsia bellii	AY049981	1440	7200	Rickettsiaceae	Rickettsia tamurae	6938.0	1414	5	5	1399	0.9929	0.9813
L36103	1414	7070	Rickettsiaceae	Rickettsia bellii	JWSW01000015	1508	7540	Rickettsiaceae	Rickettsia asembonensis	6947.0	1414	4	4	1400	0.9929	0.9826
L36103	1414	7070	Rickettsiaceae	Rickettsia bellii	L36673	1411	7055	Rickettsiaceae	Rickettsia parkeri	6925.0	1410	5	4	1396	0.9929	0.9816
L36103	1414	7070	Rickettsiaceae	Rickettsia bellii	L36101	1415	7075	Rickettsiaceae	Rickettsia australis	6962.0	1414	4	3	1402	0.9936	0.9847
L36103	1414	7070	Rickettsiaceae	Rickettsia bellii	L36104	1414	7070	Rickettsiaceae	Rickettsia canadensis	6918.0	1414	2	2	1397	0.9894	0.9785
L36103	1414	7070	Rickettsiaceae	Rickettsia bellii	L36216	1440	7200	Rickettsiaceae	Rickettsia rhipicephali	6965.0	1414	4	4	1402	0.9943	0.9851
AY049981	1440	7200	Rickettsiaceae	Rickettsia tamurae	JWSW01000015	1508	7540	Rickettsiaceae	Rickettsia asembonensis	7087.0	1440	5	5	1427	0.9944	0.9843
AY049981	1440	7200	Rickettsiaceae	Rickettsia tamurae	L36673	1411	7055	Rickettsiaceae	Rickettsia parkeri	6933.0	1410	4	3	1397	0.9929	0.9827
AY049981	1440	7200	Rickettsiaceae	Rickettsia tamurae	L36101	1415	7075	Rickettsiaceae	Rickettsia australis	6936.0	1414	5	4	1399	0.9922	0.9804
AY049981	1440	7200	Rickettsiaceae	Rickettsia tamurae	L36104	1414	7070	Rickettsiaceae	Rickettsia canadensis	6850.0	1414	8	8	1389	0.9879	0.9689
AY049981	1440	7200	Rickettsiaceae	Rickettsia tamurae	L36216	1440	7200	Rickettsiaceae	Rickettsia rhipicephali	7102.0	1440	2	2	1429	0.9937	0.9864
JWSW01000015	1508	7540	Rickettsiaceae	Rickettsia asembonensis	L36673	1411	7055	Rickettsiaceae	Rickettsia parkeri	6924.0	1410	3	2	1396	0.9915	0.9814
JWSW01000015	1508	7540	Rickettsiaceae	Rickettsia asembonensis	L36101	1415	7075	Rickettsiaceae	Rickettsia australis	6979.0	1414	2	1	1404	0.9936	0.9864
JWSW01000015	1508	7540	Rickettsiaceae	Rickettsia asembonensis	L36104	1414	7070	Rickettsiaceae	Rickettsia canadensis	6873.0	1414	3	3	1392	0.9865	0.9721
JWSW01000015	1508	7540	Rickettsiaceae	Rickettsia asembonensis	L36216	1440	7200	Rickettsiaceae	Rickettsia rhipicephali	7092.0	1440	0	0	1428	0.9917	0.9850
L36673	1411	7055	Rickettsiaceae	Rickettsia parkeri	L36101	1415	7075	Rickettsiaceae	Rickettsia australis	6905.0	1411	4	4	1394	0.9908	0.9787
L36673	1411	7055	Rickettsiaceae	Rickettsia parkeri	L36104	1414	7070	Rickettsiaceae	Rickettsia canadensis	6834.0	1411	4	5	1386	0.9858	0.9687
L36673	1411	7055	Rickettsiaceae	Rickettsia parkeri	L36216	1440	7200	Rickettsiaceae	Rickettsia rhipicephali	6976.0	1411	0	1	1402	0.9943	0.9888
L36101	1415	7075	Rickettsiaceae	Rickettsia australis	L36104	1414	7070	Rickettsiaceae	Rickettsia canadensis	6855.0	1415	5	6	1390	0.9865	0.9696
L36101	1415	7075	Rickettsiaceae	Rickettsia australis	L36216	1440	7200	Rickettsiaceae	Rickettsia rhipicephali	6943.0	1415	1	2	1400	0.9908	0.9813
L36104	1414	7070	Rickettsiaceae	Rickettsia canadensis	L36216	1440	7200	Rickettsiaceae	Rickettsia rhipicephali	6873.0	1414	2	2	1392	0.9858	0.9721
