AJ413954	1462	7310	Ruminococcaceae	Faecalibacterium prausnitzii	AB793710	1451	7255	Ruminococcaceae	Anaerobacterium chartisolvens	5622.0	1438	160	147	1251	0.9690	0.7749
AJ413954	1462	7310	Ruminococcaceae	Faecalibacterium prausnitzii	X98011	1468	7322	Ruminococcaceae	Anaerofilum agile	6092.0	1437	101	85	1309	0.9682	0.8334
AJ413954	1462	7310	Ruminococcaceae	Faecalibacterium prausnitzii	AF167711	1491	7431	Ruminococcaceae	Papillibacter cinnamivorans	5778.0	1462	148	137	1278	0.9645	0.7904
AJ413954	1462	7310	Ruminococcaceae	Faecalibacterium prausnitzii	KM098109	1519	7595	Ruminococcaceae	Ruthenibacterium lactatiformans	6392.0	1462	94	75	1355	0.9769	0.8744
AJ413954	1462	7310	Ruminococcaceae	Faecalibacterium prausnitzii	X97852	1466	7312	Ruminococcaceae	Anaerofilum pentosovorans	6095.0	1437	102	88	1309	0.9703	0.8338
AJ413954	1462	7310	Ruminococcaceae	Faecalibacterium prausnitzii	FJ611794	1404	7020	Ruminococcaceae	Ruminococcus faecis	5305.0	1385	162	143	1194	0.9614	0.7557
AJ413954	1462	7310	Ruminococcaceae	Faecalibacterium prausnitzii	X85101	1457	7267	Ruminococcaceae	Blautia obeum	5521.0	1438	165	146	1240	0.9598	0.7597
AJ413954	1462	7310	Ruminococcaceae	Faecalibacterium prausnitzii	L76602	1402	6956	Ruminococcaceae	Ruminococcus lactaris	5250.0	1394	157	150	1187	0.9542	0.7547
AJ413954	1462	7310	Ruminococcaceae	Faecalibacterium prausnitzii	X94967	1481	7387	Ruminococcaceae	Ruminococcus gnavus	5506.0	1447	173	152	1242	0.9591	0.7532
AJ413954	1462	7310	Ruminococcaceae	Faecalibacterium prausnitzii	AJ575187	1389	6945	Ruminococcaceae	Fastidiosipila sanguinis	5038.0	1385	183	179	1155	0.9577	0.7254
AJ413954	1462	7310	Ruminococcaceae	Faecalibacterium prausnitzii	HG003571	1376	6862	Ruminococcaceae	Ercella succinigenes	5321.0	1394	140	160	1189	0.9635	0.7754
AJ413954	1462	7310	Ruminococcaceae	Faecalibacterium prausnitzii	L76598	1407	7035	Ruminococcaceae	Ruminococcus albus	5675.0	1405	106	106	1244	0.9577	0.8067
AJ413954	1462	7310	Ruminococcaceae	Faecalibacterium prausnitzii	L76596	1371	6855	Ruminococcaceae	Ruminococcus callidus	5611.0	1370	98	100	1221	0.9614	0.8185
AJ413954	1462	7310	Ruminococcaceae	Faecalibacterium prausnitzii	L76603	1388	6910	Ruminococcaceae	Ruminococcus flavefaciens	5656.0	1386	102	100	1232	0.9580	0.8185
AJ413954	1462	7310	Ruminococcaceae	Faecalibacterium prausnitzii	L35516	1464	7314	Ruminococcaceae	Acetivibrio cellulolyticus	5687.0	1455	135	141	1263	0.9612	0.7780
AJ413954	1462	7310	Ruminococcaceae	Faecalibacterium prausnitzii	FR749897	1529	7645	Ruminococcaceae	Acetivibrio ethanolgignens	5603.0	1462	183	149	1262	0.9612	0.7665
AJ413954	1462	7310	Ruminococcaceae	Faecalibacterium prausnitzii	EU158190	1510	7550	Ruminococcaceae	Hydrogenoanaerobacterium saccharovorans	5886.0	1462	135	124	1291	0.9649	0.8052
AJ413954	1462	7310	Ruminococcaceae	Faecalibacterium prausnitzii	Z49863	1506	7494	Ruminococcaceae	Sporobacter termitidis	5713.0	1462	137	132	1270	0.9549	0.7815
AJ413954	1462	7310	Ruminococcaceae	Faecalibacterium prausnitzii	AY487928	1533	7665	Ruminococcaceae	Acetanaerobacterium elongatum	5944.0	1462	155	123	1301	0.9716	0.8131
AJ413954	1462	7310	Ruminococcaceae	Faecalibacterium prausnitzii	KC311367	1475	7375	Ruminococcaceae	Intestinimonas butyriciproducens	5760.0	1462	145	134	1277	0.9616	0.7880
AJ413954	1462	7310	Ruminococcaceae	Faecalibacterium prausnitzii	AY295777	1499	7495	Ruminococcaceae	Ethanoligenens harbinense	5957.0	1462	117	122	1298	0.9687	0.8149
AJ413954	1462	7310	Ruminococcaceae	Faecalibacterium prausnitzii	LN868252	1421	7099	Ruminococcaceae	Herbivorax saccincola	5545.0	1441	140	160	1235	0.9641	0.7811
AJ413954	1462	7310	Ruminococcaceae	Faecalibacterium prausnitzii	LN846908	1491	7395	Ruminococcaceae	Fournierella massiliensis	6498.0	1462	72	53	1366	0.9695	0.8889
AJ413954	1462	7310	Ruminococcaceae	Faecalibacterium prausnitzii	AJ315980	1393	6965	Ruminococcaceae	Anaerotruncus colihominis	5620.0	1375	122	104	1228	0.9662	0.8069
AJ413954	1462	7310	Ruminococcaceae	Faecalibacterium prausnitzii	L34618	1469	7219	Ruminococcaceae	Agathobaculum desmolans	5661.0	1449	127	121	1257	0.9465	0.7842
AJ413954	1462	7310	Ruminococcaceae	Faecalibacterium prausnitzii	L76604	1418	7066	Ruminococcaceae	Ruminococcus torques	5378.0	1410	156	149	1210	0.9596	0.7611
AJ413954	1462	7310	Ruminococcaceae	Faecalibacterium prausnitzii	HE862234	1506	7512	Ruminococcaceae	Pseudobacteroides cellulosolvens	5813.0	1462	139	136	1281	0.9661	0.7952
AJ413954	1462	7310	Ruminococcaceae	Faecalibacterium prausnitzii	KU999999	1363	6815	Ruminococcaceae	Harryflintia acetispora	5547.0	1384	110	131	1213	0.9681	0.8139
AJ413954	1462	7310	Ruminococcaceae	Faecalibacterium prausnitzii	KP889099	1360	6800	Ruminococcaceae	Agathobaculum butyriciproducens	5572.0	1373	92	105	1216	0.9590	0.8194
AJ413954	1462	7310	Ruminococcaceae	Faecalibacterium prausnitzii	L76600	1380	6840	Ruminococcaceae	Ruminococcus bromii	5377.0	1391	118	130	1197	0.9492	0.7861
AJ413954	1462	7310	Ruminococcaceae	Faecalibacterium prausnitzii	EF529620	1456	7178	Ruminococcaceae	Ruminococcus gauvreauii	5410.0	1445	171	160	1225	0.9533	0.7537
AJ413954	1462	7310	Ruminococcaceae	Faecalibacterium prausnitzii	GQ900631	1480	7388	Ruminococcaceae	Mageeibacillus indolicus	5674.0	1462	156	150	1263	0.9627	0.7762
AJ413954	1462	7310	Ruminococcaceae	Faecalibacterium prausnitzii	AJ515913	1368	6840	Ruminococcaceae	Ruminococcus champanellensis	5433.0	1380	115	127	1201	0.9585	0.7943
AJ413954	1462	7310	Ruminococcaceae	Faecalibacterium prausnitzii	AJ518869	1428	7134	Ruminococcaceae	Subdoligranulum variabile	6295.0	1440	69	81	1328	0.9772	0.8824
AB793710	1451	7255	Ruminococcaceae	Anaerobacterium chartisolvens	X98011	1468	7322	Ruminococcaceae	Anaerofilum agile	5648.0	1451	131	143	1255	0.9595	0.7785
AB793710	1451	7255	Ruminococcaceae	Anaerobacterium chartisolvens	AF167711	1491	7431	Ruminococcaceae	Papillibacter cinnamivorans	5960.0	1451	102	111	1295	0.9664	0.8215
AB793710	1451	7255	Ruminococcaceae	Anaerobacterium chartisolvens	KM098109	1519	7595	Ruminococcaceae	Ruthenibacterium lactatiformans	5739.0	1451	144	145	1267	0.9701	0.7910
AB793710	1451	7255	Ruminococcaceae	Anaerobacterium chartisolvens	X97852	1466	7312	Ruminococcaceae	Anaerofilum pentosovorans	5608.0	1451	138	152	1249	0.9615	0.7730
AB793710	1451	7255	Ruminococcaceae	Anaerobacterium chartisolvens	FJ611794	1404	7020	Ruminococcaceae	Ruminococcus faecis	5452.0	1403	143	142	1216	0.9643	0.7766
AB793710	1451	7255	Ruminococcaceae	Anaerobacterium chartisolvens	X85101	1457	7267	Ruminococcaceae	Blautia obeum	5675.0	1441	140	139	1257	0.9654	0.7822
AB793710	1451	7255	Ruminococcaceae	Anaerobacterium chartisolvens	L76602	1402	6956	Ruminococcaceae	Ruminococcus lactaris	5394.0	1399	138	135	1207	0.9549	0.7754
AB793710	1451	7255	Ruminococcaceae	Anaerobacterium chartisolvens	X94967	1481	7387	Ruminococcaceae	Ruminococcus gnavus	5701.0	1448	136	134	1265	0.9627	0.7858
AB793710	1451	7255	Ruminococcaceae	Anaerobacterium chartisolvens	AJ575187	1389	6945	Ruminococcaceae	Fastidiosipila sanguinis	5628.0	1403	111	125	1235	0.9664	0.8104
AB793710	1451	7255	Ruminococcaceae	Anaerobacterium chartisolvens	HG003571	1376	6862	Ruminococcaceae	Ercella succinigenes	5752.0	1396	64	104	1241	0.9605	0.8382
AB793710	1451	7255	Ruminococcaceae	Anaerobacterium chartisolvens	L76598	1407	7035	Ruminococcaceae	Ruminococcus albus	5600.0	1410	119	138	1232	0.9686	0.7960
AB793710	1451	7255	Ruminococcaceae	Anaerobacterium chartisolvens	L76596	1371	6855	Ruminococcaceae	Ruminococcus callidus	5526.0	1394	113	137	1215	0.9666	0.8061
AB793710	1451	7255	Ruminococcaceae	Anaerobacterium chartisolvens	L76603	1388	6910	Ruminococcaceae	Ruminococcus flavefaciens	5559.0	1407	114	134	1225	0.9623	0.8045
AB793710	1451	7255	Ruminococcaceae	Anaerobacterium chartisolvens	L35516	1464	7314	Ruminococcaceae	Acetivibrio cellulolyticus	6475.0	1451	46	66	1355	0.9783	0.8925
AB793710	1451	7255	Ruminococcaceae	Anaerobacterium chartisolvens	FR749897	1529	7645	Ruminococcaceae	Acetivibrio ethanolgignens	5705.0	1451	142	128	1267	0.9577	0.7864
AB793710	1451	7255	Ruminococcaceae	Anaerobacterium chartisolvens	EU158190	1510	7550	Ruminococcaceae	Hydrogenoanaerobacterium saccharovorans	5776.0	1451	123	132	1272	0.9644	0.7961
AB793710	1451	7255	Ruminococcaceae	Anaerobacterium chartisolvens	Z49863	1506	7494	Ruminococcaceae	Sporobacter termitidis	5814.0	1451	113	128	1275	0.9637	0.8014
AB793710	1451	7255	Ruminococcaceae	Anaerobacterium chartisolvens	AY487928	1533	7665	Ruminococcaceae	Acetanaerobacterium elongatum	5774.0	1451	142	130	1276	0.9659	0.7959
AB793710	1451	7255	Ruminococcaceae	Anaerobacterium chartisolvens	KC311367	1475	7375	Ruminococcaceae	Intestinimonas butyriciproducens	5957.0	1451	117	113	1296	0.9686	0.8211
AB793710	1451	7255	Ruminococcaceae	Anaerobacterium chartisolvens	AY295777	1499	7495	Ruminococcaceae	Ethanoligenens harbinense	5658.0	1451	141	166	1251	0.9735	0.7799
AB793710	1451	7255	Ruminococcaceae	Anaerobacterium chartisolvens	LN868252	1421	7099	Ruminococcaceae	Herbivorax saccincola	6242.0	1419	58	63	1317	0.9712	0.8793
AB793710	1451	7255	Ruminococcaceae	Anaerobacterium chartisolvens	LN846908	1491	7395	Ruminococcaceae	Fournierella massiliensis	5722.0	1451	132	133	1262	0.9575	0.7887
AB793710	1451	7255	Ruminococcaceae	Anaerobacterium chartisolvens	AJ315980	1393	6965	Ruminococcaceae	Anaerotruncus colihominis	5605.0	1393	127	127	1229	0.9708	0.8047
AB793710	1451	7255	Ruminococcaceae	Anaerobacterium chartisolvens	L34618	1469	7219	Ruminococcaceae	Agathobaculum desmolans	5764.0	1444	121	123	1265	0.9576	0.7984
AB793710	1451	7255	Ruminococcaceae	Anaerobacterium chartisolvens	L76604	1418	7066	Ruminococcaceae	Ruminococcus torques	5506.0	1411	138	136	1226	0.9616	0.7792
AB793710	1451	7255	Ruminococcaceae	Anaerobacterium chartisolvens	HE862234	1506	7512	Ruminococcaceae	Pseudobacteroides cellulosolvens	6610.0	1451	29	46	1370	0.9751	0.9111
AB793710	1451	7255	Ruminococcaceae	Anaerobacterium chartisolvens	KU999999	1363	6815	Ruminococcaceae	Harryflintia acetispora	5469.0	1399	127	163	1206	0.9757	0.8025
AB793710	1451	7255	Ruminococcaceae	Anaerobacterium chartisolvens	KP889099	1360	6800	Ruminococcaceae	Agathobaculum butyriciproducens	5614.0	1367	107	114	1218	0.9721	0.8256
AB793710	1451	7255	Ruminococcaceae	Anaerobacterium chartisolvens	L76600	1380	6840	Ruminococcaceae	Ruminococcus bromii	5534.0	1377	130	128	1212	0.9704	0.8091
AB793710	1451	7255	Ruminococcaceae	Anaerobacterium chartisolvens	EF529620	1456	7178	Ruminococcaceae	Ruminococcus gauvreauii	5624.0	1451	139	134	1255	0.9529	0.7835
AB793710	1451	7255	Ruminococcaceae	Anaerobacterium chartisolvens	GQ900631	1480	7388	Ruminococcaceae	Mageeibacillus indolicus	6154.0	1451	86	87	1320	0.9677	0.8482
AB793710	1451	7255	Ruminococcaceae	Anaerobacterium chartisolvens	AJ515913	1368	6840	Ruminococcaceae	Ruminococcus champanellensis	5479.0	1390	111	134	1209	0.9626	0.8010
AB793710	1451	7255	Ruminococcaceae	Anaerobacterium chartisolvens	AJ518869	1428	7134	Ruminococcaceae	Subdoligranulum variabile	5532.0	1423	153	148	1232	0.9663	0.7754
X98011	1468	7322	Ruminococcaceae	Anaerofilum agile	AF167711	1491	7431	Ruminococcaceae	Papillibacter cinnamivorans	5719.0	1454	134	131	1267	0.9577	0.7811
X98011	1468	7322	Ruminococcaceae	Anaerofilum agile	KM098109	1519	7595	Ruminococcaceae	Ruthenibacterium lactatiformans	6505.0	1460	66	64	1365	0.9778	0.8884
X98011	1468	7322	Ruminococcaceae	Anaerofilum agile	X97852	1466	7312	Ruminococcaceae	Anaerofilum pentosovorans	7161.0	1468	7	9	1448	0.9925	0.9793
X98011	1468	7322	Ruminococcaceae	Anaerofilum agile	FJ611794	1404	7020	Ruminococcaceae	Ruminococcus faecis	5270.0	1401	154	151	1193	0.9544	0.7507
X98011	1468	7322	Ruminococcaceae	Anaerofilum agile	X85101	1457	7267	Ruminococcaceae	Blautia obeum	5336.0	1438	173	167	1214	0.9552	0.7343
X98011	1468	7322	Ruminococcaceae	Anaerofilum agile	L76602	1402	6956	Ruminococcaceae	Ruminococcus lactaris	5191.0	1410	149	158	1182	0.9441	0.7463
X98011	1468	7322	Ruminococcaceae	Anaerofilum agile	X94967	1481	7387	Ruminococcaceae	Ruminococcus gnavus	5419.0	1438	162	148	1227	0.9512	0.7401
X98011	1468	7322	Ruminococcaceae	Anaerofilum agile	AJ575187	1389	6945	Ruminococcaceae	Fastidiosipila sanguinis	5221.0	1401	151	163	1183	0.9556	0.7518
X98011	1468	7322	Ruminococcaceae	Anaerofilum agile	HG003571	1376	6862	Ruminococcaceae	Ercella succinigenes	5118.0	1458	125	225	1172	0.9505	0.7458
X98011	1468	7322	Ruminococcaceae	Anaerofilum agile	L76598	1407	7035	Ruminococcaceae	Ruminococcus albus	5749.0	1423	103	119	1256	0.9632	0.8172
X98011	1468	7322	Ruminococcaceae	Anaerofilum agile	L76596	1371	6855	Ruminococcaceae	Ruminococcus callidus	5559.0	1386	102	120	1217	0.9613	0.8109
X98011	1468	7322	Ruminococcaceae	Anaerofilum agile	L76603	1388	6910	Ruminococcaceae	Ruminococcus flavefaciens	5628.0	1421	96	129	1235	0.9559	0.8145
X98011	1468	7322	Ruminococcaceae	Anaerofilum agile	L35516	1464	7314	Ruminococcaceae	Acetivibrio cellulolyticus	5501.0	1441	148	156	1233	0.9595	0.7521
X98011	1468	7322	Ruminococcaceae	Anaerofilum agile	FR749897	1529	7645	Ruminococcaceae	Acetivibrio ethanolgignens	5492.0	1455	180	154	1244	0.9562	0.7501
X98011	1468	7322	Ruminococcaceae	Anaerofilum agile	EU158190	1510	7550	Ruminococcaceae	Hydrogenoanaerobacterium saccharovorans	6037.0	1460	110	107	1309	0.9675	0.8245
X98011	1468	7322	Ruminococcaceae	Anaerofilum agile	Z49863	1506	7494	Ruminococcaceae	Sporobacter termitidis	5721.0	1461	120	123	1270	0.9492	0.7813
X98011	1468	7322	Ruminococcaceae	Anaerofilum agile	AY487928	1533	7665	Ruminococcaceae	Acetanaerobacterium elongatum	6075.0	1460	140	90	1321	0.9642	0.8297
X98011	1468	7322	Ruminococcaceae	Anaerofilum agile	KC311367	1475	7375	Ruminococcaceae	Intestinimonas butyriciproducens	5711.0	1441	134	118	1264	0.9554	0.7800
X98011	1468	7322	Ruminococcaceae	Anaerofilum agile	AY295777	1499	7495	Ruminococcaceae	Ethanoligenens harbinense	6033.0	1461	93	106	1305	0.9631	0.8240
X98011	1468	7322	Ruminococcaceae	Anaerofilum agile	LN868252	1421	7099	Ruminococcaceae	Herbivorax saccincola	5348.0	1443	153	180	1211	0.9588	0.7533
X98011	1468	7322	Ruminococcaceae	Anaerofilum agile	LN846908	1491	7395	Ruminococcaceae	Fournierella massiliensis	6339.0	1460	79	77	1342	0.9704	0.8657
X98011	1468	7322	Ruminococcaceae	Anaerofilum agile	AJ315980	1393	6965	Ruminococcaceae	Anaerotruncus colihominis	5739.0	1396	98	102	1247	0.9637	0.8240
X98011	1468	7322	Ruminococcaceae	Anaerofilum agile	L34618	1469	7219	Ruminococcaceae	Agathobaculum desmolans	5739.0	1468	118	119	1273	0.9437	0.7950
X98011	1468	7322	Ruminococcaceae	Anaerofilum agile	L76604	1418	7066	Ruminococcaceae	Ruminococcus torques	5328.0	1426	153	162	1206	0.9541	0.7540
X98011	1468	7322	Ruminococcaceae	Anaerofilum agile	HE862234	1506	7512	Ruminococcaceae	Pseudobacteroides cellulosolvens	5726.0	1460	135	140	1268	0.9606	0.7820
X98011	1468	7322	Ruminococcaceae	Anaerofilum agile	KU999999	1363	6815	Ruminococcaceae	Harryflintia acetispora	5779.0	1385	78	100	1243	0.9673	0.8480
X98011	1468	7322	Ruminococcaceae	Anaerofilum agile	KP889099	1360	6800	Ruminococcaceae	Agathobaculum butyriciproducens	5509.0	1354	101	95	1205	0.9571	0.8101
X98011	1468	7322	Ruminococcaceae	Anaerofilum agile	L76600	1380	6840	Ruminococcaceae	Ruminococcus bromii	5509.0	1375	116	111	1210	0.9573	0.8054
X98011	1468	7322	Ruminococcaceae	Anaerofilum agile	EF529620	1456	7178	Ruminococcaceae	Ruminococcus gauvreauii	5408.0	1439	162	145	1224	0.9459	0.7534
X98011	1468	7322	Ruminococcaceae	Anaerofilum agile	GQ900631	1480	7388	Ruminococcaceae	Mageeibacillus indolicus	5543.0	1441	163	152	1240	0.9620	0.7570
X98011	1468	7322	Ruminococcaceae	Anaerofilum agile	AJ515913	1368	6840	Ruminococcaceae	Ruminococcus champanellensis	5506.0	1396	112	140	1212	0.9650	0.8050
X98011	1468	7322	Ruminococcaceae	Anaerofilum agile	AJ518869	1428	7134	Ruminococcaceae	Subdoligranulum variabile	6108.0	1413	87	79	1300	0.9745	0.8562
AF167711	1491	7431	Ruminococcaceae	Papillibacter cinnamivorans	KM098109	1519	7595	Ruminococcaceae	Ruthenibacterium lactatiformans	6000.0	1491	134	126	1316	0.9641	0.8074
AF167711	1491	7431	Ruminococcaceae	Papillibacter cinnamivorans	X97852	1466	7312	Ruminococcaceae	Anaerofilum pentosovorans	5710.0	1457	124	129	1266	0.9533	0.7809
AF167711	1491	7431	Ruminococcaceae	Papillibacter cinnamivorans	FJ611794	1404	7020	Ruminococcaceae	Ruminococcus faecis	5209.0	1394	159	149	1184	0.9510	0.7420
AF167711	1491	7431	Ruminococcaceae	Papillibacter cinnamivorans	X85101	1457	7267	Ruminococcaceae	Blautia obeum	5555.0	1447	149	139	1246	0.9526	0.7644
AF167711	1491	7431	Ruminococcaceae	Papillibacter cinnamivorans	L76602	1402	6956	Ruminococcaceae	Ruminococcus lactaris	5180.0	1403	151	153	1180	0.9440	0.7447
AF167711	1491	7431	Ruminococcaceae	Papillibacter cinnamivorans	X94967	1481	7387	Ruminococcaceae	Ruminococcus gnavus	5597.0	1469	141	130	1262	0.9425	0.7577
AF167711	1491	7431	Ruminococcaceae	Papillibacter cinnamivorans	AJ575187	1389	6945	Ruminococcaceae	Fastidiosipila sanguinis	5342.0	1429	128	169	1203	0.9548	0.7692
AF167711	1491	7431	Ruminococcaceae	Papillibacter cinnamivorans	HG003571	1376	6862	Ruminococcaceae	Ercella succinigenes	5616.0	1475	77	180	1239	0.9568	0.8184
AF167711	1491	7431	Ruminococcaceae	Papillibacter cinnamivorans	L76598	1407	7035	Ruminococcaceae	Ruminococcus albus	5845.0	1415	96	106	1265	0.9664	0.8308
AF167711	1491	7431	Ruminococcaceae	Papillibacter cinnamivorans	L76596	1371	6855	Ruminococcaceae	Ruminococcus callidus	5529.0	1383	108	122	1214	0.9627	0.8066
AF167711	1491	7431	Ruminococcaceae	Papillibacter cinnamivorans	L76603	1388	6910	Ruminococcaceae	Ruminococcus flavefaciens	5583.0	1395	115	122	1225	0.9623	0.8080
AF167711	1491	7431	Ruminococcaceae	Papillibacter cinnamivorans	L35516	1464	7314	Ruminococcaceae	Acetivibrio cellulolyticus	6039.0	1475	93	104	1313	0.9577	0.8257
AF167711	1491	7431	Ruminococcaceae	Papillibacter cinnamivorans	FR749897	1529	7645	Ruminococcaceae	Acetivibrio ethanolgignens	5743.0	1491	166	143	1288	0.9555	0.7728
AF167711	1491	7431	Ruminococcaceae	Papillibacter cinnamivorans	EU158190	1510	7550	Ruminococcaceae	Hydrogenoanaerobacterium saccharovorans	5974.0	1491	118	118	1314	0.9570	0.8039
AF167711	1491	7431	Ruminococcaceae	Papillibacter cinnamivorans	Z49863	1506	7494	Ruminococcaceae	Sporobacter termitidis	6446.0	1491	65	71	1369	0.9641	0.8674
AF167711	1491	7431	Ruminococcaceae	Papillibacter cinnamivorans	AY487928	1533	7665	Ruminococcaceae	Acetanaerobacterium elongatum	6051.0	1491	134	113	1327	0.9630	0.8143
AF167711	1491	7431	Ruminococcaceae	Papillibacter cinnamivorans	KC311367	1475	7375	Ruminococcaceae	Intestinimonas butyriciproducens	6396.0	1464	79	68	1356	0.9713	0.8673
AF167711	1491	7431	Ruminococcaceae	Papillibacter cinnamivorans	AY295777	1499	7495	Ruminococcaceae	Ethanoligenens harbinense	5964.0	1491	119	135	1308	0.9646	0.8026
AF167711	1491	7431	Ruminococcaceae	Papillibacter cinnamivorans	LN868252	1421	7099	Ruminococcaceae	Herbivorax saccincola	5750.0	1451	107	137	1263	0.9612	0.8100
AF167711	1491	7431	Ruminococcaceae	Papillibacter cinnamivorans	LN846908	1491	7395	Ruminococcaceae	Fournierella massiliensis	5925.0	1476	128	120	1299	0.9580	0.8012
AF167711	1491	7431	Ruminococcaceae	Papillibacter cinnamivorans	AJ315980	1393	6965	Ruminococcaceae	Anaerotruncus colihominis	5708.0	1384	110	101	1240	0.9665	0.8195
AF167711	1491	7431	Ruminococcaceae	Papillibacter cinnamivorans	L34618	1469	7219	Ruminococcaceae	Agathobaculum desmolans	5993.0	1459	101	105	1297	0.9579	0.8302
AF167711	1491	7431	Ruminococcaceae	Papillibacter cinnamivorans	L76604	1418	7066	Ruminococcaceae	Ruminococcus torques	5297.0	1420	147	150	1202	0.9465	0.7496
AF167711	1491	7431	Ruminococcaceae	Papillibacter cinnamivorans	HE862234	1506	7512	Ruminococcaceae	Pseudobacteroides cellulosolvens	6104.0	1491	122	130	1324	0.9728	0.8214
AF167711	1491	7431	Ruminococcaceae	Papillibacter cinnamivorans	KU999999	1363	6815	Ruminococcaceae	Harryflintia acetispora	5639.0	1371	97	105	1223	0.9660	0.8274
AF167711	1491	7431	Ruminococcaceae	Papillibacter cinnamivorans	KP889099	1360	6800	Ruminococcaceae	Agathobaculum butyriciproducens	5805.0	1371	87	98	1241	0.9749	0.8537
AF167711	1491	7431	Ruminococcaceae	Papillibacter cinnamivorans	L76600	1380	6840	Ruminococcaceae	Ruminococcus bromii	5679.0	1406	93	119	1236	0.9604	0.8303
AF167711	1491	7431	Ruminococcaceae	Papillibacter cinnamivorans	EF529620	1456	7178	Ruminococcaceae	Ruminococcus gauvreauii	5513.0	1442	134	120	1239	0.9372	0.7680
AF167711	1491	7431	Ruminococcaceae	Papillibacter cinnamivorans	GQ900631	1480	7388	Ruminococcaceae	Mageeibacillus indolicus	6040.0	1472	112	104	1314	0.9605	0.8175
AF167711	1491	7431	Ruminococcaceae	Papillibacter cinnamivorans	AJ515913	1368	6840	Ruminococcaceae	Ruminococcus champanellensis	5577.0	1381	101	115	1220	0.9637	0.8154
AF167711	1491	7431	Ruminococcaceae	Papillibacter cinnamivorans	AJ518869	1428	7134	Ruminococcaceae	Subdoligranulum variabile	5542.0	1450	139	161	1237	0.9597	0.7768
KM098109	1519	7595	Ruminococcaceae	Ruthenibacterium lactatiformans	X97852	1466	7312	Ruminococcaceae	Anaerofilum pentosovorans	6516.0	1462	60	64	1366	0.9771	0.8911
KM098109	1519	7595	Ruminococcaceae	Ruthenibacterium lactatiformans	FJ611794	1404	7020	Ruminococcaceae	Ruminococcus faecis	5350.0	1402	137	135	1203	0.9495	0.7621
KM098109	1519	7595	Ruminococcaceae	Ruthenibacterium lactatiformans	X85101	1457	7267	Ruminococcaceae	Blautia obeum	5537.0	1455	154	152	1246	0.9563	0.7619
KM098109	1519	7595	Ruminococcaceae	Ruthenibacterium lactatiformans	L76602	1402	6956	Ruminococcaceae	Ruminococcus lactaris	5261.0	1459	131	188	1200	0.9441	0.7563
KM098109	1519	7595	Ruminococcaceae	Ruthenibacterium lactatiformans	X94967	1481	7387	Ruminococcaceae	Ruminococcus gnavus	5589.0	1477	143	140	1262	0.9439	0.7566
KM098109	1519	7595	Ruminococcaceae	Ruthenibacterium lactatiformans	AJ575187	1389	6945	Ruminococcaceae	Fastidiosipila sanguinis	5222.0	1402	160	173	1182	0.9618	0.7519
KM098109	1519	7595	Ruminococcaceae	Ruthenibacterium lactatiformans	HG003571	1376	6862	Ruminococcaceae	Ercella succinigenes	5368.0	1487	123	234	1209	0.9649	0.7823
KM098109	1519	7595	Ruminococcaceae	Ruthenibacterium lactatiformans	L76598	1407	7035	Ruminococcaceae	Ruminococcus albus	5852.0	1424	86	104	1269	0.9614	0.8318
KM098109	1519	7595	Ruminococcaceae	Ruthenibacterium lactatiformans	L76596	1371	6855	Ruminococcaceae	Ruminococcus callidus	5755.0	1389	72	92	1244	0.9591	0.8395
KM098109	1519	7595	Ruminococcaceae	Ruthenibacterium lactatiformans	L76603	1388	6910	Ruminococcaceae	Ruminococcus flavefaciens	5832.0	1406	78	97	1258	0.9610	0.8440
KM098109	1519	7595	Ruminococcaceae	Ruthenibacterium lactatiformans	L35516	1464	7314	Ruminococcaceae	Acetivibrio cellulolyticus	5827.0	1483	116	135	1287	0.9547	0.7967
KM098109	1519	7595	Ruminococcaceae	Ruthenibacterium lactatiformans	FR749897	1529	7645	Ruminococcaceae	Acetivibrio ethanolgignens	5780.0	1513	169	154	1300	0.9566	0.7610
KM098109	1519	7595	Ruminococcaceae	Ruthenibacterium lactatiformans	EU158190	1510	7550	Ruminococcaceae	Hydrogenoanaerobacterium saccharovorans	6457.0	1518	81	89	1382	0.9671	0.8552
KM098109	1519	7595	Ruminococcaceae	Ruthenibacterium lactatiformans	Z49863	1506	7494	Ruminococcaceae	Sporobacter termitidis	6034.0	1519	107	121	1329	0.9506	0.8052
KM098109	1519	7595	Ruminococcaceae	Ruthenibacterium lactatiformans	AY487928	1533	7665	Ruminococcaceae	Acetanaerobacterium elongatum	6470.0	1518	95	82	1387	0.9659	0.8519
KM098109	1519	7595	Ruminococcaceae	Ruthenibacterium lactatiformans	KC311367	1475	7375	Ruminococcaceae	Intestinimonas butyriciproducens	5903.0	1472	125	122	1298	0.9615	0.8004
KM098109	1519	7595	Ruminococcaceae	Ruthenibacterium lactatiformans	AY295777	1499	7495	Ruminococcaceae	Ethanoligenens harbinense	6367.0	1519	91	115	1366	0.9729	0.8495
KM098109	1519	7595	Ruminococcaceae	Ruthenibacterium lactatiformans	LN868252	1421	7099	Ruminococcaceae	Herbivorax saccincola	5506.0	1459	133	171	1234	0.9581	0.7756
KM098109	1519	7595	Ruminococcaceae	Ruthenibacterium lactatiformans	LN846908	1491	7395	Ruminococcaceae	Fournierella massiliensis	6762.0	1491	53	53	1405	0.9771	0.9144
KM098109	1519	7595	Ruminococcaceae	Ruthenibacterium lactatiformans	AJ315980	1393	6965	Ruminococcaceae	Anaerotruncus colihominis	5918.0	1392	85	84	1267	0.9687	0.8497
KM098109	1519	7595	Ruminococcaceae	Ruthenibacterium lactatiformans	L34618	1469	7219	Ruminococcaceae	Agathobaculum desmolans	5925.0	1474	105	117	1295	0.9543	0.8208
KM098109	1519	7595	Ruminococcaceae	Ruthenibacterium lactatiformans	L76604	1418	7066	Ruminococcaceae	Ruminococcus torques	5419.0	1476	127	185	1227	0.9504	0.7669
KM098109	1519	7595	Ruminococcaceae	Ruthenibacterium lactatiformans	HE862234	1506	7512	Ruminococcaceae	Pseudobacteroides cellulosolvens	6009.0	1518	135	151	1322	0.9671	0.7999
KM098109	1519	7595	Ruminococcaceae	Ruthenibacterium lactatiformans	KU999999	1363	6815	Ruminococcaceae	Harryflintia acetispora	5847.0	1401	78	116	1254	0.9759	0.8580
KM098109	1519	7595	Ruminococcaceae	Ruthenibacterium lactatiformans	KP889099	1360	6800	Ruminococcaceae	Agathobaculum butyriciproducens	5687.0	1367	88	95	1228	0.9654	0.8363
KM098109	1519	7595	Ruminococcaceae	Ruthenibacterium lactatiformans	L76600	1380	6840	Ruminococcaceae	Ruminococcus bromii	5600.0	1376	100	97	1222	0.9554	0.8187
KM098109	1519	7595	Ruminococcaceae	Ruthenibacterium lactatiformans	EF529620	1456	7178	Ruminococcaceae	Ruminococcus gauvreauii	5463.0	1482	139	165	1240	0.9415	0.7611
KM098109	1519	7595	Ruminococcaceae	Ruthenibacterium lactatiformans	GQ900631	1480	7388	Ruminococcaceae	Mageeibacillus indolicus	5798.0	1480	149	149	1284	0.9647	0.7848
KM098109	1519	7595	Ruminococcaceae	Ruthenibacterium lactatiformans	AJ515913	1368	6840	Ruminococcaceae	Ruminococcus champanellensis	5684.0	1397	79	108	1236	0.9589	0.8310
KM098109	1519	7595	Ruminococcaceae	Ruthenibacterium lactatiformans	AJ518869	1428	7134	Ruminococcaceae	Subdoligranulum variabile	6391.0	1422	58	52	1337	0.9759	0.8959
X97852	1466	7312	Ruminococcaceae	Anaerofilum pentosovorans	FJ611794	1404	7020	Ruminococcaceae	Ruminococcus faecis	5285.0	1399	151	146	1195	0.9537	0.7528
X97852	1466	7312	Ruminococcaceae	Anaerofilum pentosovorans	X85101	1457	7267	Ruminococcaceae	Blautia obeum	5340.0	1436	175	167	1214	0.9567	0.7348
X97852	1466	7312	Ruminococcaceae	Anaerofilum pentosovorans	L76602	1402	6956	Ruminococcaceae	Ruminococcus lactaris	5202.0	1408	147	154	1184	0.9442	0.7478
X97852	1466	7312	Ruminococcaceae	Anaerofilum pentosovorans	X94967	1481	7387	Ruminococcaceae	Ruminococcus gnavus	5428.0	1436	164	148	1228	0.9534	0.7423
X97852	1466	7312	Ruminococcaceae	Anaerofilum pentosovorans	AJ575187	1389	6945	Ruminococcaceae	Fastidiosipila sanguinis	5212.0	1383	156	150	1179	0.9562	0.7505
X97852	1466	7312	Ruminococcaceae	Anaerofilum pentosovorans	HG003571	1376	6862	Ruminococcaceae	Ercella succinigenes	5124.0	1456	125	223	1173	0.9513	0.7467
X97852	1466	7312	Ruminococcaceae	Anaerofilum pentosovorans	L76598	1407	7035	Ruminococcaceae	Ruminococcus albus	5730.0	1421	106	120	1253	0.9631	0.8145
X97852	1466	7312	Ruminococcaceae	Anaerofilum pentosovorans	L76596	1371	6855	Ruminococcaceae	Ruminococcus callidus	5552.0	1384	103	119	1216	0.9613	0.8099
X97852	1466	7312	Ruminococcaceae	Anaerofilum pentosovorans	L76603	1388	6910	Ruminococcaceae	Ruminococcus flavefaciens	5638.0	1419	95	126	1236	0.9559	0.8159
X97852	1466	7312	Ruminococcaceae	Anaerofilum pentosovorans	L35516	1464	7314	Ruminococcaceae	Acetivibrio cellulolyticus	5495.0	1439	149	155	1232	0.9595	0.7515
X97852	1466	7312	Ruminococcaceae	Anaerofilum pentosovorans	FR749897	1529	7645	Ruminococcaceae	Acetivibrio ethanolgignens	5494.0	1453	181	153	1244	0.9569	0.7514
X97852	1466	7312	Ruminococcaceae	Anaerofilum pentosovorans	EU158190	1510	7550	Ruminococcaceae	Hydrogenoanaerobacterium saccharovorans	6030.0	1458	111	106	1308	0.9675	0.8247
X97852	1466	7312	Ruminococcaceae	Anaerofilum pentosovorans	Z49863	1506	7494	Ruminococcaceae	Sporobacter termitidis	5688.0	1459	125	126	1265	0.9490	0.7779
X97852	1466	7312	Ruminococcaceae	Anaerofilum pentosovorans	AY487928	1533	7665	Ruminococcaceae	Acetanaerobacterium elongatum	6079.0	1458	140	88	1321	0.9642	0.8314
X97852	1466	7312	Ruminococcaceae	Anaerofilum pentosovorans	KC311367	1475	7375	Ruminococcaceae	Intestinimonas butyriciproducens	5687.0	1439	138	120	1260	0.9553	0.7778
X97852	1466	7312	Ruminococcaceae	Anaerofilum pentosovorans	AY295777	1499	7495	Ruminococcaceae	Ethanoligenens harbinense	6025.0	1459	96	107	1304	0.9645	0.8240
X97852	1466	7312	Ruminococcaceae	Anaerofilum pentosovorans	LN868252	1421	7099	Ruminococcaceae	Herbivorax saccincola	5321.0	1441	159	184	1207	0.9602	0.7495
X97852	1466	7312	Ruminococcaceae	Anaerofilum pentosovorans	LN846908	1491	7395	Ruminococcaceae	Fournierella massiliensis	6331.0	1458	84	80	1340	0.9724	0.8658
X97852	1466	7312	Ruminococcaceae	Anaerofilum pentosovorans	AJ315980	1393	6965	Ruminococcaceae	Anaerotruncus colihominis	5709.0	1394	104	106	1242	0.9643	0.8197
X97852	1466	7312	Ruminococcaceae	Anaerofilum pentosovorans	L34618	1469	7219	Ruminococcaceae	Agathobaculum desmolans	5749.0	1466	115	114	1274	0.9423	0.7964
X97852	1466	7312	Ruminococcaceae	Anaerofilum pentosovorans	L76604	1418	7066	Ruminococcaceae	Ruminococcus torques	5354.0	1424	148	155	1210	0.9535	0.7577
X97852	1466	7312	Ruminococcaceae	Anaerofilum pentosovorans	HE862234	1506	7512	Ruminococcaceae	Pseudobacteroides cellulosolvens	5709.0	1458	135	138	1266	0.9591	0.7808
X97852	1466	7312	Ruminococcaceae	Anaerofilum pentosovorans	KU999999	1363	6815	Ruminococcaceae	Harryflintia acetispora	5804.0	1372	80	89	1244	0.9696	0.8517
X97852	1466	7312	Ruminococcaceae	Anaerofilum pentosovorans	KP889099	1360	6800	Ruminococcaceae	Agathobaculum butyriciproducens	5501.0	1352	99	91	1204	0.9548	0.8090
X97852	1466	7312	Ruminococcaceae	Anaerofilum pentosovorans	L76600	1380	6840	Ruminococcaceae	Ruminococcus bromii	5511.0	1373	116	109	1210	0.9573	0.8057
X97852	1466	7312	Ruminococcaceae	Anaerofilum pentosovorans	EF529620	1456	7178	Ruminococcaceae	Ruminococcus gauvreauii	5405.0	1437	160	141	1223	0.9437	0.7530
X97852	1466	7312	Ruminococcaceae	Anaerofilum pentosovorans	GQ900631	1480	7388	Ruminococcaceae	Mageeibacillus indolicus	5528.0	1439	167	154	1238	0.9634	0.7560
X97852	1466	7312	Ruminococcaceae	Anaerofilum pentosovorans	AJ515913	1368	6840	Ruminococcaceae	Ruminococcus champanellensis	5499.0	1394	109	135	1211	0.9619	0.8039
X97852	1466	7312	Ruminococcaceae	Anaerofilum pentosovorans	AJ518869	1428	7134	Ruminococcaceae	Subdoligranulum variabile	6139.0	1411	83	73	1304	0.9746	0.8605
FJ611794	1404	7020	Ruminococcaceae	Ruminococcus faecis	X85101	1457	7267	Ruminococcaceae	Blautia obeum	6180.0	1404	69	69	1304	0.9768	0.8803
FJ611794	1404	7020	Ruminococcaceae	Ruminococcus faecis	L76602	1402	6956	Ruminococcaceae	Ruminococcus lactaris	6498.0	1386	31	30	1334	0.9838	0.9342
FJ611794	1404	7020	Ruminococcaceae	Ruminococcus faecis	X94967	1481	7387	Ruminococcaceae	Ruminococcus gnavus	6506.0	1404	43	42	1343	0.9860	0.9268
FJ611794	1404	7020	Ruminococcaceae	Ruminococcus faecis	AJ575187	1389	6945	Ruminococcaceae	Fastidiosipila sanguinis	5087.0	1399	168	178	1167	0.9558	0.7325
FJ611794	1404	7020	Ruminococcaceae	Ruminococcus faecis	HG003571	1376	6862	Ruminococcaceae	Ercella succinigenes	5096.0	1381	130	176	1153	0.9568	0.7426
FJ611794	1404	7020	Ruminococcaceae	Ruminococcus faecis	L76598	1407	7035	Ruminococcaceae	Ruminococcus albus	5268.0	1385	153	135	1189	0.9512	0.7504
FJ611794	1404	7020	Ruminococcaceae	Ruminococcus faecis	L76596	1371	6855	Ruminococcaceae	Ruminococcus callidus	5277.0	1386	127	150	1183	0.9571	0.7698
FJ611794	1404	7020	Ruminococcaceae	Ruminococcus faecis	L76603	1388	6910	Ruminococcaceae	Ruminococcus flavefaciens	5231.0	1389	129	151	1178	0.9515	0.7570
FJ611794	1404	7020	Ruminococcaceae	Ruminococcus faecis	L35516	1464	7314	Ruminococcaceae	Acetivibrio cellulolyticus	5409.0	1402	140	132	1213	0.9551	0.7705
FJ611794	1404	7020	Ruminococcaceae	Ruminococcus faecis	FR749897	1529	7645	Ruminococcaceae	Acetivibrio ethanolgignens	6217.0	1404	78	65	1311	0.9791	0.8856
FJ611794	1404	7020	Ruminococcaceae	Ruminococcus faecis	EU158190	1510	7550	Ruminococcaceae	Hydrogenoanaerobacterium saccharovorans	5370.0	1404	134	144	1205	0.9563	0.7650
FJ611794	1404	7020	Ruminococcaceae	Ruminococcus faecis	Z49863	1506	7494	Ruminococcaceae	Sporobacter termitidis	5205.0	1404	142	158	1183	0.9494	0.7415
FJ611794	1404	7020	Ruminococcaceae	Ruminococcus faecis	AY487928	1533	7665	Ruminococcaceae	Acetanaerobacterium elongatum	5298.0	1404	158	147	1200	0.9547	0.7547
FJ611794	1404	7020	Ruminococcaceae	Ruminococcus faecis	KC311367	1475	7375	Ruminococcaceae	Intestinimonas butyriciproducens	5379.0	1404	146	143	1208	0.9580	0.7662
FJ611794	1404	7020	Ruminococcaceae	Ruminococcus faecis	AY295777	1499	7495	Ruminococcaceae	Ethanoligenens harbinense	5209.0	1404	171	168	1186	0.9595	0.7420
FJ611794	1404	7020	Ruminococcaceae	Ruminococcus faecis	LN868252	1421	7099	Ruminococcaceae	Herbivorax saccincola	5339.0	1399	138	144	1200	0.9562	0.7605
FJ611794	1404	7020	Ruminococcaceae	Ruminococcus faecis	LN846908	1491	7395	Ruminococcaceae	Fournierella massiliensis	5379.0	1404	124	126	1207	0.9444	0.7662
FJ611794	1404	7020	Ruminococcaceae	Ruminococcus faecis	AJ315980	1393	6965	Ruminococcaceae	Anaerotruncus colihominis	5281.0	1389	140	154	1185	0.9595	0.7582
FJ611794	1404	7020	Ruminococcaceae	Ruminococcus faecis	L34618	1469	7219	Ruminococcaceae	Agathobaculum desmolans	5202.0	1404	153	156	1182	0.9471	0.7410
FJ611794	1404	7020	Ruminococcaceae	Ruminococcus faecis	L76604	1418	7066	Ruminococcaceae	Ruminococcus torques	6550.0	1386	27	27	1341	0.9868	0.9330
FJ611794	1404	7020	Ruminococcaceae	Ruminococcus faecis	HE862234	1506	7512	Ruminococcaceae	Pseudobacteroides cellulosolvens	5444.0	1404	157	136	1218	0.9606	0.7755
FJ611794	1404	7020	Ruminococcaceae	Ruminococcus faecis	KU999999	1363	6815	Ruminococcaceae	Harryflintia acetispora	5279.0	1399	127	163	1184	0.9579	0.7746
FJ611794	1404	7020	Ruminococcaceae	Ruminococcus faecis	KP889099	1360	6800	Ruminococcaceae	Agathobaculum butyriciproducens	5191.0	1353	139	141	1164	0.9604	0.7634
FJ611794	1404	7020	Ruminococcaceae	Ruminococcus faecis	L76600	1380	6840	Ruminococcaceae	Ruminococcus bromii	5180.0	1379	141	141	1173	0.9475	0.7573
FJ611794	1404	7020	Ruminococcaceae	Ruminococcus faecis	EF529620	1456	7178	Ruminococcaceae	Ruminococcus gauvreauii	6324.0	1404	66	62	1315	0.9799	0.9009
FJ611794	1404	7020	Ruminococcaceae	Ruminococcus faecis	GQ900631	1480	7388	Ruminococcaceae	Mageeibacillus indolicus	5318.0	1404	145	147	1199	0.9539	0.7575
FJ611794	1404	7020	Ruminococcaceae	Ruminococcus faecis	AJ515913	1368	6840	Ruminococcaceae	Ruminococcus champanellensis	5219.0	1394	128	155	1179	0.9516	0.7630
FJ611794	1404	7020	Ruminococcaceae	Ruminococcus faecis	AJ518869	1428	7134	Ruminococcaceae	Subdoligranulum variabile	5346.0	1403	143	138	1204	0.9518	0.7615
X85101	1457	7267	Ruminococcaceae	Blautia obeum	L76602	1402	6956	Ruminococcaceae	Ruminococcus lactaris	6101.0	1404	68	71	1292	0.9692	0.8771
X85101	1457	7267	Ruminococcaceae	Blautia obeum	X94967	1481	7387	Ruminococcaceae	Ruminococcus gnavus	6421.0	1457	62	61	1355	0.9706	0.8836
X85101	1457	7267	Ruminococcaceae	Blautia obeum	AJ575187	1389	6945	Ruminococcaceae	Fastidiosipila sanguinis	5098.0	1440	162	213	1174	0.9568	0.7341
X85101	1457	7267	Ruminococcaceae	Blautia obeum	HG003571	1376	6862	Ruminococcaceae	Ercella succinigenes	5251.0	1417	136	183	1184	0.9595	0.7652
X85101	1457	7267	Ruminococcaceae	Blautia obeum	L76598	1407	7035	Ruminococcaceae	Ruminococcus albus	5296.0	1402	141	161	1190	0.9589	0.7528
X85101	1457	7267	Ruminococcaceae	Blautia obeum	L76596	1371	6855	Ruminococcaceae	Ruminococcus callidus	5392.0	1390	117	137	1199	0.9569	0.7866
X85101	1457	7267	Ruminococcaceae	Blautia obeum	L76603	1388	6910	Ruminococcaceae	Ruminococcus flavefaciens	5335.0	1402	132	149	1196	0.9545	0.7721
X85101	1457	7267	Ruminococcaceae	Blautia obeum	L35516	1464	7314	Ruminococcaceae	Acetivibrio cellulolyticus	5645.0	1457	123	144	1256	0.9566	0.7768
X85101	1457	7267	Ruminococcaceae	Blautia obeum	FR749897	1529	7645	Ruminococcaceae	Acetivibrio ethanolgignens	6373.0	1457	83	70	1351	0.9740	0.8770
X85101	1457	7267	Ruminococcaceae	Blautia obeum	EU158190	1510	7550	Ruminococcaceae	Hydrogenoanaerobacterium saccharovorans	5589.0	1457	137	147	1252	0.9557	0.7691
X85101	1457	7267	Ruminococcaceae	Blautia obeum	Z49863	1506	7494	Ruminococcaceae	Sporobacter termitidis	5435.0	1457	152	168	1230	0.9542	0.7479
X85101	1457	7267	Ruminococcaceae	Blautia obeum	AY487928	1533	7665	Ruminococcaceae	Acetanaerobacterium elongatum	5429.0	1457	171	160	1235	0.9522	0.7471
X85101	1457	7267	Ruminococcaceae	Blautia obeum	KC311367	1475	7375	Ruminococcaceae	Intestinimonas butyriciproducens	5639.0	1457	146	143	1260	0.9589	0.7760
X85101	1457	7267	Ruminococcaceae	Blautia obeum	AY295777	1499	7495	Ruminococcaceae	Ethanoligenens harbinense	5325.0	1457	168	194	1214	0.9612	0.7328
X85101	1457	7267	Ruminococcaceae	Blautia obeum	LN868252	1421	7099	Ruminococcaceae	Herbivorax saccincola	5487.0	1427	142	148	1228	0.9601	0.7729
X85101	1457	7267	Ruminococcaceae	Blautia obeum	LN846908	1491	7395	Ruminococcaceae	Fournierella massiliensis	5550.0	1457	144	146	1245	0.9497	0.7637
X85101	1457	7267	Ruminococcaceae	Blautia obeum	AJ315980	1393	6965	Ruminococcaceae	Anaerotruncus colihominis	5313.0	1392	145	145	1193	0.9567	0.7628
X85101	1457	7267	Ruminococcaceae	Blautia obeum	L34618	1469	7219	Ruminococcaceae	Agathobaculum desmolans	5389.0	1451	149	169	1218	0.9501	0.7465
X85101	1457	7267	Ruminococcaceae	Blautia obeum	L76604	1418	7066	Ruminococcaceae	Ruminococcus torques	6104.0	1406	64	68	1296	0.9686	0.8639
X85101	1457	7267	Ruminococcaceae	Blautia obeum	HE862234	1506	7512	Ruminococcaceae	Pseudobacteroides cellulosolvens	5700.0	1457	135	153	1260	0.9663	0.7844
X85101	1457	7267	Ruminococcaceae	Blautia obeum	KU999999	1363	6815	Ruminococcaceae	Harryflintia acetispora	5320.0	1383	126	146	1187	0.9596	0.7806
X85101	1457	7267	Ruminococcaceae	Blautia obeum	KP889099	1360	6800	Ruminococcaceae	Agathobaculum butyriciproducens	5268.0	1372	134	146	1179	0.9617	0.7747
X85101	1457	7267	Ruminococcaceae	Blautia obeum	L76600	1380	6840	Ruminococcaceae	Ruminococcus bromii	5185.0	1378	147	145	1172	0.9505	0.7580
X85101	1457	7267	Ruminococcaceae	Blautia obeum	EF529620	1456	7178	Ruminococcaceae	Ruminococcus gauvreauii	6329.0	1442	66	62	1334	0.9667	0.8817
X85101	1457	7267	Ruminococcaceae	Blautia obeum	GQ900631	1480	7388	Ruminococcaceae	Mageeibacillus indolicus	5634.0	1457	142	144	1258	0.9581	0.7753
X85101	1457	7267	Ruminococcaceae	Blautia obeum	AJ515913	1368	6840	Ruminococcaceae	Ruminococcus champanellensis	5227.0	1412	130	174	1181	0.9540	0.7642
X85101	1457	7267	Ruminococcaceae	Blautia obeum	AJ518869	1428	7134	Ruminococcaceae	Subdoligranulum variabile	5386.0	1439	155	167	1218	0.9575	0.7550
L76602	1402	6956	Ruminococcaceae	Ruminococcus lactaris	X94967	1481	7387	Ruminococcaceae	Ruminococcus gnavus	6380.0	1401	43	44	1324	0.9757	0.9172
L76602	1402	6956	Ruminococcaceae	Ruminococcus lactaris	AJ575187	1389	6945	Ruminococcaceae	Fastidiosipila sanguinis	5000.0	1372	168	165	1148	0.9511	0.7199
L76602	1402	6956	Ruminococcaceae	Ruminococcus lactaris	HG003571	1376	6862	Ruminococcaceae	Ercella succinigenes	4987.0	1338	130	153	1128	0.9519	0.7268
L76602	1402	6956	Ruminococcaceae	Ruminococcus lactaris	L76598	1407	7035	Ruminococcaceae	Ruminococcus albus	5262.0	1401	129	147	1186	0.9458	0.7565
L76602	1402	6956	Ruminococcaceae	Ruminococcus lactaris	L76596	1371	6855	Ruminococcaceae	Ruminococcus callidus	5320.0	1394	124	148	1190	0.9551	0.7761
L76602	1402	6956	Ruminococcaceae	Ruminococcus lactaris	L76603	1388	6910	Ruminococcaceae	Ruminococcus flavefaciens	5263.0	1400	135	148	1187	0.9481	0.7616
L76602	1402	6956	Ruminococcaceae	Ruminococcus lactaris	L35516	1464	7314	Ruminococcaceae	Acetivibrio cellulolyticus	5383.0	1402	115	138	1202	0.9509	0.7739
L76602	1402	6956	Ruminococcaceae	Ruminococcus lactaris	FR749897	1529	7645	Ruminococcaceae	Acetivibrio ethanolgignens	6193.0	1401	70	59	1304	0.9717	0.8903
L76602	1402	6956	Ruminococcaceae	Ruminococcus lactaris	EU158190	1510	7550	Ruminococcaceae	Hydrogenoanaerobacterium saccharovorans	5279.0	1401	144	142	1193	0.9476	0.7589
L76602	1402	6956	Ruminococcaceae	Ruminococcus lactaris	Z49863	1506	7494	Ruminococcaceae	Sporobacter termitidis	5165.0	1401	160	165	1176	0.9515	0.7425
L76602	1402	6956	Ruminococcaceae	Ruminococcus lactaris	AY487928	1533	7665	Ruminococcaceae	Acetanaerobacterium elongatum	5231.0	1401	160	147	1189	0.9482	0.7520
L76602	1402	6956	Ruminococcaceae	Ruminococcus lactaris	KC311367	1475	7375	Ruminococcaceae	Intestinimonas butyriciproducens	5315.0	1401	152	146	1197	0.9538	0.7641
L76602	1402	6956	Ruminococcaceae	Ruminococcus lactaris	AY295777	1499	7495	Ruminococcaceae	Ethanoligenens harbinense	5137.0	1400	217	151	1185	0.9488	0.7385
L76602	1402	6956	Ruminococcaceae	Ruminococcus lactaris	LN868252	1421	7099	Ruminococcaceae	Herbivorax saccincola	5290.0	1381	144	138	1189	0.9566	0.7605
L76602	1402	6956	Ruminococcaceae	Ruminococcus lactaris	LN846908	1491	7395	Ruminococcaceae	Fournierella massiliensis	5323.0	1402	169	112	1205	0.9341	0.7652
L76602	1402	6956	Ruminococcaceae	Ruminococcus lactaris	AJ315980	1393	6965	Ruminococcaceae	Anaerotruncus colihominis	5251.0	1392	147	149	1185	0.9533	0.7549
L76602	1402	6956	Ruminococcaceae	Ruminococcus lactaris	L34618	1469	7219	Ruminococcaceae	Agathobaculum desmolans	5199.0	1401	146	151	1179	0.9432	0.7474
L76602	1402	6956	Ruminococcaceae	Ruminococcus lactaris	L76604	1418	7066	Ruminococcaceae	Ruminococcus torques	6511.0	1402	28	29	1340	0.9760	0.9360
L76602	1402	6956	Ruminococcaceae	Ruminococcus lactaris	HE862234	1506	7512	Ruminococcaceae	Pseudobacteroides cellulosolvens	5381.0	1401	131	137	1202	0.9509	0.7736
L76602	1402	6956	Ruminococcaceae	Ruminococcus lactaris	KU999999	1363	6815	Ruminococcaceae	Harryflintia acetispora	5202.0	1372	130	151	1167	0.9558	0.7633
L76602	1402	6956	Ruminococcaceae	Ruminococcus lactaris	KP889099	1360	6800	Ruminococcaceae	Agathobaculum butyriciproducens	5142.0	1336	129	133	1151	0.9568	0.7562
L76602	1402	6956	Ruminococcaceae	Ruminococcus lactaris	L76600	1380	6840	Ruminococcaceae	Ruminococcus bromii	5160.0	1380	147	148	1170	0.9497	0.7544
L76602	1402	6956	Ruminococcaceae	Ruminococcus lactaris	EF529620	1456	7178	Ruminococcaceae	Ruminococcus gauvreauii	6226.0	1401	65	63	1300	0.9716	0.8951
L76602	1402	6956	Ruminococcaceae	Ruminococcus lactaris	GQ900631	1480	7388	Ruminococcaceae	Mageeibacillus indolicus	5277.0	1401	154	144	1193	0.9491	0.7586
L76602	1402	6956	Ruminococcaceae	Ruminococcus lactaris	AJ515913	1368	6840	Ruminococcaceae	Ruminococcus champanellensis	5193.0	1380	139	151	1172	0.9536	0.7592
L76602	1402	6956	Ruminococcaceae	Ruminococcus lactaris	AJ518869	1428	7134	Ruminococcaceae	Subdoligranulum variabile	5249.0	1385	153	133	1187	0.9481	0.7546
X94967	1481	7387	Ruminococcaceae	Ruminococcus gnavus	AJ575187	1389	6945	Ruminococcaceae	Fastidiosipila sanguinis	5151.0	1456	150	218	1184	0.9564	0.7417
X94967	1481	7387	Ruminococcaceae	Ruminococcus gnavus	HG003571	1376	6862	Ruminococcaceae	Ercella succinigenes	5281.0	1419	132	175	1190	0.9566	0.7696
X94967	1481	7387	Ruminococcaceae	Ruminococcus gnavus	L76598	1407	7035	Ruminococcaceae	Ruminococcus albus	5347.0	1410	127	148	1201	0.9517	0.7601
X94967	1481	7387	Ruminococcaceae	Ruminococcus gnavus	L76596	1371	6855	Ruminococcaceae	Ruminococcus callidus	5319.0	1427	115	172	1197	0.9538	0.7759
X94967	1481	7387	Ruminococcaceae	Ruminococcus gnavus	L76603	1388	6910	Ruminococcaceae	Ruminococcus flavefaciens	5318.0	1406	123	141	1197	0.9462	0.7696
X94967	1481	7387	Ruminococcaceae	Ruminococcus gnavus	L35516	1464	7314	Ruminococcaceae	Acetivibrio cellulolyticus	5823.0	1480	111	133	1288	0.9562	0.7961
X94967	1481	7387	Ruminococcaceae	Ruminococcus gnavus	FR749897	1529	7645	Ruminococcaceae	Acetivibrio ethanolgignens	6568.0	1481	77	65	1384	0.9774	0.8891
X94967	1481	7387	Ruminococcaceae	Ruminococcus gnavus	EU158190	1510	7550	Ruminococcaceae	Hydrogenoanaerobacterium saccharovorans	5742.0	1480	127	138	1280	0.9538	0.7773
X94967	1481	7387	Ruminococcaceae	Ruminococcus gnavus	Z49863	1506	7494	Ruminococcaceae	Sporobacter termitidis	5552.0	1480	144	161	1254	0.9507	0.7516
X94967	1481	7387	Ruminococcaceae	Ruminococcus gnavus	AY487928	1533	7665	Ruminococcaceae	Acetanaerobacterium elongatum	5649.0	1480	155	145	1272	0.9528	0.7647
X94967	1481	7387	Ruminococcaceae	Ruminococcus gnavus	KC311367	1475	7375	Ruminococcaceae	Intestinimonas butyriciproducens	5710.0	1473	136	136	1275	0.9536	0.7742
X94967	1481	7387	Ruminococcaceae	Ruminococcus gnavus	AY295777	1499	7495	Ruminococcaceae	Ethanoligenens harbinense	5524.0	1480	147	174	1248	0.9556	0.7478
X94967	1481	7387	Ruminococcaceae	Ruminococcus gnavus	LN868252	1421	7099	Ruminococcaceae	Herbivorax saccincola	5548.0	1455	126	160	1241	0.9583	0.7815
X94967	1481	7387	Ruminococcaceae	Ruminococcus gnavus	LN846908	1491	7395	Ruminococcaceae	Fournierella massiliensis	5625.0	1471	128	131	1261	0.9410	0.7615
X94967	1481	7387	Ruminococcaceae	Ruminococcus gnavus	AJ315980	1393	6965	Ruminococcaceae	Anaerotruncus colihominis	5347.0	1394	132	133	1199	0.9508	0.7677
X94967	1481	7387	Ruminococcaceae	Ruminococcus gnavus	L34618	1469	7219	Ruminococcaceae	Agathobaculum desmolans	5399.0	1455	140	155	1223	0.9408	0.7479
X94967	1481	7387	Ruminococcaceae	Ruminococcus gnavus	L76604	1418	7066	Ruminococcaceae	Ruminococcus torques	6448.0	1410	38	38	1338	0.9752	0.9125
X94967	1481	7387	Ruminococcaceae	Ruminococcus gnavus	HE862234	1506	7512	Ruminococcaceae	Pseudobacteroides cellulosolvens	5862.0	1480	116	135	1291	0.9599	0.7936
X94967	1481	7387	Ruminococcaceae	Ruminococcus gnavus	KU999999	1363	6815	Ruminococcaceae	Harryflintia acetispora	5314.0	1404	123	164	1189	0.9589	0.7798
X94967	1481	7387	Ruminococcaceae	Ruminococcus gnavus	KP889099	1360	6800	Ruminococcaceae	Agathobaculum butyriciproducens	5259.0	1375	122	137	1178	0.9515	0.7734
X94967	1481	7387	Ruminococcaceae	Ruminococcus gnavus	L76600	1380	6840	Ruminococcaceae	Ruminococcus bromii	5197.0	1379	138	137	1175	0.9461	0.7598
X94967	1481	7387	Ruminococcaceae	Ruminococcus gnavus	EF529620	1456	7178	Ruminococcaceae	Ruminococcus gauvreauii	6571.0	1451	47	44	1365	0.9701	0.9154
X94967	1481	7387	Ruminococcaceae	Ruminococcus gnavus	GQ900631	1480	7388	Ruminococcaceae	Mageeibacillus indolicus	5757.0	1481	138	141	1282	0.9567	0.7793
X94967	1481	7387	Ruminococcaceae	Ruminococcus gnavus	AJ515913	1368	6840	Ruminococcaceae	Ruminococcus champanellensis	5247.0	1409	120	162	1184	0.9495	0.7671
X94967	1481	7387	Ruminococcaceae	Ruminococcus gnavus	AJ518869	1428	7134	Ruminococcaceae	Subdoligranulum variabile	5362.0	1442	148	162	1216	0.9500	0.7516
AJ575187	1389	6945	Ruminococcaceae	Fastidiosipila sanguinis	HG003571	1376	6862	Ruminococcaceae	Ercella succinigenes	5403.0	1349	85	104	1186	0.9526	0.7874
AJ575187	1389	6945	Ruminococcaceae	Fastidiosipila sanguinis	L76598	1407	7035	Ruminococcaceae	Ruminococcus albus	5247.0	1375	146	131	1184	0.9518	0.7555
AJ575187	1389	6945	Ruminococcaceae	Fastidiosipila sanguinis	L76596	1371	6855	Ruminococcaceae	Ruminococcus callidus	5281.0	1372	113	117	1185	0.9442	0.7704
AJ575187	1389	6945	Ruminococcaceae	Fastidiosipila sanguinis	L76603	1388	6910	Ruminococcaceae	Ruminococcus flavefaciens	5255.0	1372	132	125	1181	0.9471	0.7605
AJ575187	1389	6945	Ruminococcaceae	Fastidiosipila sanguinis	L35516	1464	7314	Ruminococcaceae	Acetivibrio cellulolyticus	5598.0	1389	115	100	1232	0.9558	0.8060
AJ575187	1389	6945	Ruminococcaceae	Fastidiosipila sanguinis	FR749897	1529	7645	Ruminococcaceae	Acetivibrio ethanolgignens	5122.0	1388	218	157	1179	0.9578	0.7375
AJ575187	1389	6945	Ruminococcaceae	Fastidiosipila sanguinis	EU158190	1510	7550	Ruminococcaceae	Hydrogenoanaerobacterium saccharovorans	5455.0	1389	110	121	1209	0.9535	0.7855
AJ575187	1389	6945	Ruminococcaceae	Fastidiosipila sanguinis	Z49863	1506	7494	Ruminococcaceae	Sporobacter termitidis	5343.0	1389	145	125	1200	0.9494	0.7693
AJ575187	1389	6945	Ruminococcaceae	Fastidiosipila sanguinis	AY487928	1533	7665	Ruminococcaceae	Acetanaerobacterium elongatum	5297.0	1389	158	140	1194	0.9560	0.7627
AJ575187	1389	6945	Ruminococcaceae	Fastidiosipila sanguinis	KC311367	1475	7375	Ruminococcaceae	Intestinimonas butyriciproducens	5414.0	1388	169	115	1214	0.9537	0.7796
AJ575187	1389	6945	Ruminococcaceae	Fastidiosipila sanguinis	AY295777	1499	7495	Ruminococcaceae	Ethanoligenens harbinense	5155.0	1388	245	143	1189	0.9550	0.7423
AJ575187	1389	6945	Ruminococcaceae	Fastidiosipila sanguinis	LN868252	1421	7099	Ruminococcaceae	Herbivorax saccincola	5537.0	1388	103	116	1219	0.9583	0.7973
AJ575187	1389	6945	Ruminococcaceae	Fastidiosipila sanguinis	LN846908	1491	7395	Ruminococcaceae	Fournierella massiliensis	5136.0	1388	183	155	1173	0.9513	0.7395
AJ575187	1389	6945	Ruminococcaceae	Fastidiosipila sanguinis	AJ315980	1393	6965	Ruminococcaceae	Anaerotruncus colihominis	5321.0	1365	138	123	1188	0.9565	0.7662
AJ575187	1389	6945	Ruminococcaceae	Fastidiosipila sanguinis	L34618	1469	7219	Ruminococcaceae	Agathobaculum desmolans	5255.0	1387	154	141	1185	0.9510	0.7567
AJ575187	1389	6945	Ruminococcaceae	Fastidiosipila sanguinis	L76604	1418	7066	Ruminococcaceae	Ruminococcus torques	5011.0	1375	174	159	1153	0.9482	0.7215
AJ575187	1389	6945	Ruminococcaceae	Fastidiosipila sanguinis	HE862234	1506	7512	Ruminococcaceae	Pseudobacteroides cellulosolvens	5599.0	1389	125	107	1232	0.9610	0.8062
AJ575187	1389	6945	Ruminococcaceae	Fastidiosipila sanguinis	KU999999	1363	6815	Ruminococcaceae	Harryflintia acetispora	5282.0	1389	134	160	1183	0.9626	0.7751
AJ575187	1389	6945	Ruminococcaceae	Fastidiosipila sanguinis	KP889099	1360	6800	Ruminococcaceae	Agathobaculum butyriciproducens	5205.0	1346	131	117	1167	0.9496	0.7654
AJ575187	1389	6945	Ruminococcaceae	Fastidiosipila sanguinis	L76600	1380	6840	Ruminococcaceae	Ruminococcus bromii	5269.0	1373	147	143	1180	0.9593	0.7703
AJ575187	1389	6945	Ruminococcaceae	Fastidiosipila sanguinis	EF529620	1456	7178	Ruminococcaceae	Ruminococcus gauvreauii	5109.0	1388	172	150	1171	0.9459	0.7356
AJ575187	1389	6945	Ruminococcaceae	Fastidiosipila sanguinis	GQ900631	1480	7388	Ruminococcaceae	Mageeibacillus indolicus	5655.0	1389	113	100	1237	0.9597	0.8143
AJ575187	1389	6945	Ruminococcaceae	Fastidiosipila sanguinis	AJ515913	1368	6840	Ruminococcaceae	Ruminococcus champanellensis	5322.0	1385	100	120	1192	0.9423	0.7781
AJ575187	1389	6945	Ruminococcaceae	Fastidiosipila sanguinis	AJ518869	1428	7134	Ruminococcaceae	Subdoligranulum variabile	5057.0	1388	181	175	1159	0.9555	0.7281
HG003571	1376	6862	Ruminococcaceae	Ercella succinigenes	L76598	1407	7035	Ruminococcaceae	Ruminococcus albus	5164.0	1313	200	107	1159	0.9610	0.7526
HG003571	1376	6862	Ruminococcaceae	Ercella succinigenes	L76596	1371	6855	Ruminococcaceae	Ruminococcus callidus	5199.0	1316	122	111	1153	0.9568	0.7584
HG003571	1376	6862	Ruminococcaceae	Ercella succinigenes	L76603	1388	6910	Ruminococcaceae	Ruminococcus flavefaciens	5192.0	1319	131	119	1151	0.9592	0.7566
HG003571	1376	6862	Ruminococcaceae	Ercella succinigenes	L35516	1464	7314	Ruminococcaceae	Acetivibrio cellulolyticus	5788.0	1376	98	73	1250	0.9593	0.8435
HG003571	1376	6862	Ruminococcaceae	Ercella succinigenes	FR749897	1529	7645	Ruminococcaceae	Acetivibrio ethanolgignens	5324.0	1373	248	122	1206	0.9640	0.7759
HG003571	1376	6862	Ruminococcaceae	Ercella succinigenes	EU158190	1510	7550	Ruminococcaceae	Hydrogenoanaerobacterium saccharovorans	5511.0	1376	198	95	1228	0.9586	0.8031
HG003571	1376	6862	Ruminococcaceae	Ercella succinigenes	Z49863	1506	7494	Ruminococcaceae	Sporobacter termitidis	5608.0	1376	182	85	1238	0.9589	0.8173
HG003571	1376	6862	Ruminococcaceae	Ercella succinigenes	AY487928	1533	7665	Ruminococcaceae	Acetanaerobacterium elongatum	5445.0	1376	225	101	1223	0.9592	0.7935
HG003571	1376	6862	Ruminococcaceae	Ercella succinigenes	KC311367	1475	7375	Ruminococcaceae	Intestinimonas butyriciproducens	5575.0	1375	143	101	1226	0.9623	0.8124
HG003571	1376	6862	Ruminococcaceae	Ercella succinigenes	AY295777	1499	7495	Ruminococcaceae	Ethanoligenens harbinense	5416.0	1376	206	119	1213	0.9650	0.7893
HG003571	1376	6862	Ruminococcaceae	Ercella succinigenes	LN868252	1421	7099	Ruminococcaceae	Herbivorax saccincola	5773.0	1363	97	62	1246	0.9577	0.8413
HG003571	1376	6862	Ruminococcaceae	Ercella succinigenes	LN846908	1491	7395	Ruminococcaceae	Fournierella massiliensis	5442.0	1376	218	107	1216	0.9582	0.7931
HG003571	1376	6862	Ruminococcaceae	Ercella succinigenes	AJ315980	1393	6965	Ruminococcaceae	Anaerotruncus colihominis	5196.0	1307	161	115	1152	0.9664	0.7572
HG003571	1376	6862	Ruminococcaceae	Ercella succinigenes	L34618	1469	7219	Ruminococcaceae	Agathobaculum desmolans	5349.0	1360	199	100	1198	0.9508	0.7795
HG003571	1376	6862	Ruminococcaceae	Ercella succinigenes	L76604	1418	7066	Ruminococcaceae	Ruminococcus torques	4986.0	1304	228	114	1137	0.9555	0.7266
HG003571	1376	6862	Ruminococcaceae	Ercella succinigenes	HE862234	1506	7512	Ruminococcaceae	Pseudobacteroides cellulosolvens	5864.0	1376	154	59	1269	0.9636	0.8546
HG003571	1376	6862	Ruminococcaceae	Ercella succinigenes	KU999999	1363	6815	Ruminococcaceae	Harryflintia acetispora	5188.0	1330	147	127	1156	0.9609	0.7613
HG003571	1376	6862	Ruminococcaceae	Ercella succinigenes	KP889099	1360	6800	Ruminococcaceae	Agathobaculum butyriciproducens	5417.0	1354	120	114	1191	0.9605	0.7966
HG003571	1376	6862	Ruminococcaceae	Ercella succinigenes	L76600	1380	6840	Ruminococcaceae	Ruminococcus bromii	5138.0	1330	160	145	1146	0.9671	0.7512
HG003571	1376	6862	Ruminococcaceae	Ercella succinigenes	EF529620	1456	7178	Ruminococcaceae	Ruminococcus gauvreauii	5106.0	1356	176	148	1156	0.9570	0.7441
HG003571	1376	6862	Ruminococcaceae	Ercella succinigenes	GQ900631	1480	7388	Ruminococcaceae	Mageeibacillus indolicus	5953.0	1376	92	41	1275	0.9551	0.8675
HG003571	1376	6862	Ruminococcaceae	Ercella succinigenes	AJ515913	1368	6840	Ruminococcaceae	Ruminococcus champanellensis	5184.0	1329	137	121	1156	0.9570	0.7579
HG003571	1376	6862	Ruminococcaceae	Ercella succinigenes	AJ518869	1428	7134	Ruminococcaceae	Subdoligranulum variabile	5230.0	1373	178	153	1176	0.9639	0.7622
L76598	1407	7035	Ruminococcaceae	Ruminococcus albus	L76596	1371	6855	Ruminococcaceae	Ruminococcus callidus	5916.0	1370	71	72	1259	0.9700	0.8630
L76598	1407	7035	Ruminococcaceae	Ruminococcus albus	L76603	1388	6910	Ruminococcaceae	Ruminococcus flavefaciens	6099.0	1385	63	60	1286	0.9706	0.8826
L76598	1407	7035	Ruminococcaceae	Ruminococcus albus	L35516	1464	7314	Ruminococcaceae	Acetivibrio cellulolyticus	5612.0	1392	118	108	1233	0.9603	0.7977
L76598	1407	7035	Ruminococcaceae	Ruminococcus albus	FR749897	1529	7645	Ruminococcaceae	Acetivibrio ethanolgignens	5442.0	1406	173	140	1219	0.9629	0.7736
L76598	1407	7035	Ruminococcaceae	Ruminococcus albus	EU158190	1510	7550	Ruminococcaceae	Hydrogenoanaerobacterium saccharovorans	5950.0	1407	87	77	1281	0.9632	0.8458
L76598	1407	7035	Ruminococcaceae	Ruminococcus albus	Z49863	1506	7494	Ruminococcaceae	Sporobacter termitidis	5742.0	1407	94	90	1255	0.9529	0.8162
L76598	1407	7035	Ruminococcaceae	Ruminococcus albus	AY487928	1533	7665	Ruminococcaceae	Acetanaerobacterium elongatum	6000.0	1407	100	69	1290	0.9641	0.8529
L76598	1407	7035	Ruminococcaceae	Ruminococcus albus	KC311367	1475	7375	Ruminococcaceae	Intestinimonas butyriciproducens	5679.0	1392	126	103	1243	0.9643	0.8072
L76598	1407	7035	Ruminococcaceae	Ruminococcus albus	AY295777	1499	7495	Ruminococcaceae	Ethanoligenens harbinense	5796.0	1406	94	100	1258	0.9632	0.8239
L76598	1407	7035	Ruminococcaceae	Ruminococcus albus	LN868252	1421	7099	Ruminococcaceae	Herbivorax saccincola	5442.0	1394	118	138	1207	0.9610	0.7736
L76598	1407	7035	Ruminococcaceae	Ruminococcus albus	LN846908	1491	7395	Ruminococcaceae	Fournierella massiliensis	5788.0	1407	113	95	1257	0.9581	0.8227
L76598	1407	7035	Ruminococcaceae	Ruminococcus albus	AJ315980	1393	6965	Ruminococcaceae	Anaerotruncus colihominis	5843.0	1373	107	87	1253	0.9743	0.8389
L76598	1407	7035	Ruminococcaceae	Ruminococcus albus	L34618	1469	7219	Ruminococcaceae	Agathobaculum desmolans	5657.0	1407	118	101	1242	0.9510	0.8041
L76598	1407	7035	Ruminococcaceae	Ruminococcus albus	L76604	1418	7066	Ruminococcaceae	Ruminococcus torques	5334.0	1396	150	129	1202	0.9487	0.7582
L76598	1407	7035	Ruminococcaceae	Ruminococcus albus	HE862234	1506	7512	Ruminococcaceae	Pseudobacteroides cellulosolvens	5630.0	1407	125	123	1237	0.9634	0.8003
L76598	1407	7035	Ruminococcaceae	Ruminococcus albus	KU999999	1363	6815	Ruminococcaceae	Harryflintia acetispora	5788.0	1369	70	87	1241	0.9680	0.8493
L76598	1407	7035	Ruminococcaceae	Ruminococcus albus	KP889099	1360	6800	Ruminococcaceae	Agathobaculum butyriciproducens	5482.0	1327	100	96	1190	0.9667	0.8062
L76598	1407	7035	Ruminococcaceae	Ruminococcus albus	L76600	1380	6840	Ruminococcaceae	Ruminococcus bromii	5640.0	1390	81	92	1231	0.9484	0.8246
L76598	1407	7035	Ruminococcaceae	Ruminococcus albus	EF529620	1456	7178	Ruminococcaceae	Ruminococcus gauvreauii	5394.0	1391	141	117	1205	0.9458	0.7667
L76598	1407	7035	Ruminococcaceae	Ruminococcus albus	GQ900631	1480	7388	Ruminococcaceae	Mageeibacillus indolicus	5516.0	1392	145	127	1220	0.9644	0.7841
L76598	1407	7035	Ruminococcaceae	Ruminococcus albus	AJ515913	1368	6840	Ruminococcaceae	Ruminococcus champanellensis	5986.0	1358	64	68	1262	0.9783	0.8751
L76598	1407	7035	Ruminococcaceae	Ruminococcus albus	AJ518869	1428	7134	Ruminococcaceae	Subdoligranulum variabile	5534.0	1400	122	133	1221	0.9637	0.7866
L76596	1371	6855	Ruminococcaceae	Ruminococcus callidus	L76603	1388	6910	Ruminococcaceae	Ruminococcus flavefaciens	6239.0	1369	44	38	1298	0.9752	0.9101
L76596	1371	6855	Ruminococcaceae	Ruminococcus callidus	L35516	1464	7314	Ruminococcaceae	Acetivibrio cellulolyticus	5588.0	1371	103	103	1220	0.9621	0.8152
L76596	1371	6855	Ruminococcaceae	Ruminococcus callidus	FR749897	1529	7645	Ruminococcaceae	Acetivibrio ethanolgignens	5340.0	1369	170	136	1192	0.9667	0.7790
L76596	1371	6855	Ruminococcaceae	Ruminococcus callidus	EU158190	1510	7550	Ruminococcaceae	Hydrogenoanaerobacterium saccharovorans	5730.0	1368	99	88	1237	0.9664	0.8359
L76596	1371	6855	Ruminococcaceae	Ruminococcus callidus	Z49863	1506	7494	Ruminococcaceae	Sporobacter termitidis	5553.0	1369	101	93	1217	0.9538	0.8101
L76596	1371	6855	Ruminococcaceae	Ruminococcus callidus	AY487928	1533	7665	Ruminococcaceae	Acetanaerobacterium elongatum	5707.0	1368	127	95	1238	0.9725	0.8325
L76596	1371	6855	Ruminococcaceae	Ruminococcus callidus	KC311367	1475	7375	Ruminococcaceae	Intestinimonas butyriciproducens	5749.0	1370	121	93	1243	0.9734	0.8387
L76596	1371	6855	Ruminococcaceae	Ruminococcus callidus	AY295777	1499	7495	Ruminococcaceae	Ethanoligenens harbinense	5593.0	1369	100	104	1219	0.9636	0.8159
L76596	1371	6855	Ruminococcaceae	Ruminococcus callidus	LN868252	1421	7099	Ruminococcaceae	Herbivorax saccincola	5468.0	1357	118	103	1203	0.9593	0.7977
L76596	1371	6855	Ruminococcaceae	Ruminococcus callidus	LN846908	1491	7395	Ruminococcaceae	Fournierella massiliensis	5763.0	1370	125	76	1245	0.9621	0.8407
L76596	1371	6855	Ruminococcaceae	Ruminococcus callidus	AJ315980	1393	6965	Ruminococcaceae	Anaerotruncus colihominis	5767.0	1361	102	82	1240	0.9695	0.8413
L76596	1371	6855	Ruminococcaceae	Ruminococcus callidus	L34618	1469	7219	Ruminococcaceae	Agathobaculum desmolans	5568.0	1369	118	97	1217	0.9568	0.8123
L76596	1371	6855	Ruminococcaceae	Ruminococcus callidus	L76604	1418	7066	Ruminococcaceae	Ruminococcus torques	5327.0	1370	150	124	1193	0.9575	0.7771
L76596	1371	6855	Ruminococcaceae	Ruminococcus callidus	HE862234	1506	7512	Ruminococcaceae	Pseudobacteroides cellulosolvens	5574.0	1369	117	111	1216	0.9666	0.8131
L76596	1371	6855	Ruminococcaceae	Ruminococcus callidus	KU999999	1363	6815	Ruminococcaceae	Harryflintia acetispora	5797.0	1366	72	88	1241	0.9710	0.8506
L76596	1371	6855	Ruminococcaceae	Ruminococcus callidus	KP889099	1360	6800	Ruminococcaceae	Agathobaculum butyriciproducens	5600.0	1323	90	81	1205	0.9702	0.8235
L76596	1371	6855	Ruminococcaceae	Ruminococcus callidus	L76600	1380	6840	Ruminococcaceae	Ruminococcus bromii	5717.0	1369	92	82	1235	0.9596	0.8358
L76596	1371	6855	Ruminococcaceae	Ruminococcus callidus	EF529620	1456	7178	Ruminococcaceae	Ruminococcus gauvreauii	5324.0	1370	178	118	1193	0.9529	0.7767
L76596	1371	6855	Ruminococcaceae	Ruminococcus callidus	GQ900631	1480	7388	Ruminococcaceae	Mageeibacillus indolicus	5427.0	1369	136	117	1201	0.9593	0.7917
L76596	1371	6855	Ruminococcaceae	Ruminococcus callidus	AJ515913	1368	6840	Ruminococcaceae	Ruminococcus champanellensis	6187.0	1355	35	38	1286	0.9765	0.9045
L76596	1371	6855	Ruminococcaceae	Ruminococcus callidus	AJ518869	1428	7134	Ruminococcaceae	Subdoligranulum variabile	5653.0	1363	151	95	1232	0.9716	0.8247
L76603	1388	6910	Ruminococcaceae	Ruminococcus flavefaciens	L35516	1464	7314	Ruminococcaceae	Acetivibrio cellulolyticus	5570.0	1387	105	104	1223	0.9532	0.8061
L76603	1388	6910	Ruminococcaceae	Ruminococcus flavefaciens	FR749897	1529	7645	Ruminococcaceae	Acetivibrio ethanolgignens	5322.0	1388	173	143	1196	0.9606	0.7702
L76603	1388	6910	Ruminococcaceae	Ruminococcus flavefaciens	EU158190	1510	7550	Ruminococcaceae	Hydrogenoanaerobacterium saccharovorans	5795.0	1388	102	95	1251	0.9675	0.8386
L76603	1388	6910	Ruminococcaceae	Ruminococcus flavefaciens	Z49863	1506	7494	Ruminococcaceae	Sporobacter termitidis	5608.0	1388	103	102	1228	0.9549	0.8116
L76603	1388	6910	Ruminococcaceae	Ruminococcus flavefaciens	AY487928	1533	7665	Ruminococcaceae	Acetanaerobacterium elongatum	5815.0	1388	110	82	1257	0.9625	0.8415
L76603	1388	6910	Ruminococcaceae	Ruminococcus flavefaciens	KC311367	1475	7375	Ruminococcaceae	Intestinimonas butyriciproducens	5735.0	1388	116	96	1247	0.9652	0.8300
L76603	1388	6910	Ruminococcaceae	Ruminococcus flavefaciens	AY295777	1499	7495	Ruminococcaceae	Ethanoligenens harbinense	5724.0	1388	104	106	1240	0.9672	0.8284
L76603	1388	6910	Ruminococcaceae	Ruminococcus flavefaciens	LN868252	1421	7099	Ruminococcaceae	Herbivorax saccincola	5379.0	1363	128	117	1192	0.9567	0.7784
L76603	1388	6910	Ruminococcaceae	Ruminococcus flavefaciens	LN846908	1491	7395	Ruminococcaceae	Fournierella massiliensis	5792.0	1388	150	77	1258	0.9596	0.8382
L76603	1388	6910	Ruminococcaceae	Ruminococcus flavefaciens	AJ315980	1393	6965	Ruminococcaceae	Anaerotruncus colihominis	5861.0	1377	102	86	1254	0.9713	0.8482
L76603	1388	6910	Ruminococcaceae	Ruminococcus flavefaciens	L34618	1469	7219	Ruminococcaceae	Agathobaculum desmolans	5580.0	1388	117	103	1223	0.9518	0.8075
L76603	1388	6910	Ruminococcaceae	Ruminococcus flavefaciens	L76604	1418	7066	Ruminococcaceae	Ruminococcus torques	5269.0	1388	151	135	1189	0.9489	0.7625
L76603	1388	6910	Ruminococcaceae	Ruminococcus flavefaciens	HE862234	1506	7512	Ruminococcaceae	Pseudobacteroides cellulosolvens	5559.0	1388	118	119	1220	0.9614	0.8045
L76603	1388	6910	Ruminococcaceae	Ruminococcus flavefaciens	KU999999	1363	6815	Ruminococcaceae	Harryflintia acetispora	5752.0	1372	79	99	1234	0.9694	0.8440
L76603	1388	6910	Ruminococcaceae	Ruminococcus flavefaciens	KP889099	1360	6800	Ruminococcaceae	Agathobaculum butyriciproducens	5494.0	1325	102	92	1190	0.9651	0.8079
L76603	1388	6910	Ruminococcaceae	Ruminococcus flavefaciens	L76600	1380	6840	Ruminococcaceae	Ruminococcus bromii	5742.0	1387	82	92	1239	0.9568	0.8395
L76603	1388	6910	Ruminococcaceae	Ruminococcus flavefaciens	EF529620	1456	7178	Ruminococcaceae	Ruminococcus gauvreauii	5306.0	1387	175	118	1198	0.9441	0.7679
L76603	1388	6910	Ruminococcaceae	Ruminococcus flavefaciens	GQ900631	1480	7388	Ruminococcaceae	Mageeibacillus indolicus	5448.0	1388	146	131	1208	0.9610	0.7884
L76603	1388	6910	Ruminococcaceae	Ruminococcus flavefaciens	AJ515913	1368	6840	Ruminococcaceae	Ruminococcus champanellensis	6174.0	1361	33	40	1284	0.9720	0.9026
L76603	1388	6910	Ruminococcaceae	Ruminococcus flavefaciens	AJ518869	1428	7134	Ruminococcaceae	Subdoligranulum variabile	5701.0	1367	116	94	1233	0.9686	0.8250
L35516	1464	7314	Ruminococcaceae	Acetivibrio cellulolyticus	FR749897	1529	7645	Ruminococcaceae	Acetivibrio ethanolgignens	5841.0	1464	139	105	1293	0.9514	0.7986
L35516	1464	7314	Ruminococcaceae	Acetivibrio cellulolyticus	EU158190	1510	7550	Ruminococcaceae	Hydrogenoanaerobacterium saccharovorans	5847.0	1464	129	118	1289	0.9577	0.7994
L35516	1464	7314	Ruminococcaceae	Acetivibrio cellulolyticus	Z49863	1506	7494	Ruminococcaceae	Sporobacter termitidis	5991.0	1464	106	101	1306	0.9582	0.8191
L35516	1464	7314	Ruminococcaceae	Acetivibrio cellulolyticus	AY487928	1533	7665	Ruminococcaceae	Acetanaerobacterium elongatum	5909.0	1464	151	119	1299	0.9658	0.8079
L35516	1464	7314	Ruminococcaceae	Acetivibrio cellulolyticus	KC311367	1475	7375	Ruminococcaceae	Intestinimonas butyriciproducens	5961.0	1453	134	112	1300	0.9694	0.8150
L35516	1464	7314	Ruminococcaceae	Acetivibrio cellulolyticus	AY295777	1499	7495	Ruminococcaceae	Ethanoligenens harbinense	5836.0	1464	131	136	1284	0.9669	0.7979
L35516	1464	7314	Ruminococcaceae	Acetivibrio cellulolyticus	LN868252	1421	7099	Ruminococcaceae	Herbivorax saccincola	6267.0	1433	49	61	1325	0.9657	0.8828
L35516	1464	7314	Ruminococcaceae	Acetivibrio cellulolyticus	LN846908	1491	7395	Ruminococcaceae	Fournierella massiliensis	5734.0	1452	141	122	1268	0.9534	0.7840
L35516	1464	7314	Ruminococcaceae	Acetivibrio cellulolyticus	AJ315980	1393	6965	Ruminococcaceae	Anaerotruncus colihominis	5554.0	1373	125	105	1219	0.9614	0.7974
L35516	1464	7314	Ruminococcaceae	Acetivibrio cellulolyticus	L34618	1469	7219	Ruminococcaceae	Agathobaculum desmolans	5751.0	1435	120	113	1261	0.9539	0.7966
L35516	1464	7314	Ruminococcaceae	Acetivibrio cellulolyticus	L76604	1418	7066	Ruminococcaceae	Ruminococcus torques	5451.0	1391	141	119	1215	0.9552	0.7714
L35516	1464	7314	Ruminococcaceae	Acetivibrio cellulolyticus	HE862234	1506	7512	Ruminococcaceae	Pseudobacteroides cellulosolvens	6729.0	1464	35	32	1394	0.9735	0.9200
L35516	1464	7314	Ruminococcaceae	Acetivibrio cellulolyticus	KU999999	1363	6815	Ruminococcaceae	Harryflintia acetispora	5469.0	1394	122	153	1205	0.9710	0.8025
L35516	1464	7314	Ruminococcaceae	Acetivibrio cellulolyticus	KP889099	1360	6800	Ruminococcaceae	Agathobaculum butyriciproducens	5651.0	1361	94	95	1223	0.9660	0.8310
L35516	1464	7314	Ruminococcaceae	Acetivibrio cellulolyticus	L76600	1380	6840	Ruminococcaceae	Ruminococcus bromii	5477.0	1403	126	150	1209	0.9649	0.8007
L35516	1464	7314	Ruminococcaceae	Acetivibrio cellulolyticus	EF529620	1456	7178	Ruminococcaceae	Ruminococcus gauvreauii	5558.0	1431	141	116	1243	0.9452	0.7743
L35516	1464	7314	Ruminococcaceae	Acetivibrio cellulolyticus	GQ900631	1480	7388	Ruminococcaceae	Mageeibacillus indolicus	6238.0	1461	95	76	1337	0.9653	0.8529
L35516	1464	7314	Ruminococcaceae	Acetivibrio cellulolyticus	AJ515913	1368	6840	Ruminococcaceae	Ruminococcus champanellensis	5454.0	1390	106	128	1206	0.9556	0.7974
L35516	1464	7314	Ruminococcaceae	Acetivibrio cellulolyticus	AJ518869	1428	7134	Ruminococcaceae	Subdoligranulum variabile	5462.0	1431	151	155	1225	0.9600	0.7656
FR749897	1529	7645	Ruminococcaceae	Acetivibrio ethanolgignens	EU158190	1510	7550	Ruminococcaceae	Hydrogenoanaerobacterium saccharovorans	5854.0	1528	146	169	1308	0.9625	0.7754
FR749897	1529	7645	Ruminococcaceae	Acetivibrio ethanolgignens	Z49863	1506	7494	Ruminococcaceae	Sporobacter termitidis	5688.0	1529	159	188	1285	0.9582	0.7590
FR749897	1529	7645	Ruminococcaceae	Acetivibrio ethanolgignens	AY487928	1533	7665	Ruminococcaceae	Acetanaerobacterium elongatum	5819.0	1529	157	159	1308	0.9547	0.7612
FR749897	1529	7645	Ruminococcaceae	Acetivibrio ethanolgignens	KC311367	1475	7375	Ruminococcaceae	Intestinimonas butyriciproducens	5635.0	1487	158	170	1266	0.9613	0.7641
FR749897	1529	7645	Ruminococcaceae	Acetivibrio ethanolgignens	AY295777	1499	7495	Ruminococcaceae	Ethanoligenens harbinense	5657.0	1529	159	198	1280	0.9617	0.7548
FR749897	1529	7645	Ruminococcaceae	Acetivibrio ethanolgignens	LN868252	1421	7099	Ruminococcaceae	Herbivorax saccincola	5511.0	1440	131	150	1232	0.9550	0.7763
FR749897	1529	7645	Ruminococcaceae	Acetivibrio ethanolgignens	LN846908	1491	7395	Ruminococcaceae	Fournierella massiliensis	5676.0	1500	141	156	1274	0.9479	0.7675
FR749897	1529	7645	Ruminococcaceae	Acetivibrio ethanolgignens	AJ315980	1393	6965	Ruminococcaceae	Anaerotruncus colihominis	5351.0	1441	138	186	1206	0.9610	0.7683
FR749897	1529	7645	Ruminococcaceae	Acetivibrio ethanolgignens	L34618	1469	7219	Ruminococcaceae	Agathobaculum desmolans	5530.0	1483	147	174	1246	0.9519	0.7660
FR749897	1529	7645	Ruminococcaceae	Acetivibrio ethanolgignens	L76604	1418	7066	Ruminococcaceae	Ruminococcus torques	6264.0	1429	61	73	1321	0.9742	0.8865
FR749897	1529	7645	Ruminococcaceae	Acetivibrio ethanolgignens	HE862234	1506	7512	Ruminococcaceae	Pseudobacteroides cellulosolvens	5950.0	1529	121	152	1317	0.9564	0.7921
FR749897	1529	7645	Ruminococcaceae	Acetivibrio ethanolgignens	KU999999	1363	6815	Ruminococcaceae	Harryflintia acetispora	5277.0	1387	138	162	1180	0.9633	0.7743
FR749897	1529	7645	Ruminococcaceae	Acetivibrio ethanolgignens	KP889099	1360	6800	Ruminococcaceae	Agathobaculum butyriciproducens	5289.0	1366	129	135	1180	0.9586	0.7778
FR749897	1529	7645	Ruminococcaceae	Acetivibrio ethanolgignens	L76600	1380	6840	Ruminococcaceae	Ruminococcus bromii	5170.0	1391	155	166	1172	0.9567	0.7558
FR749897	1529	7645	Ruminococcaceae	Acetivibrio ethanolgignens	EF529620	1456	7178	Ruminococcaceae	Ruminococcus gauvreauii	6472.0	1465	58	67	1355	0.9692	0.9016
FR749897	1529	7645	Ruminococcaceae	Acetivibrio ethanolgignens	GQ900631	1480	7388	Ruminococcaceae	Mageeibacillus indolicus	5733.0	1495	145	160	1281	0.9596	0.7760
FR749897	1529	7645	Ruminococcaceae	Acetivibrio ethanolgignens	AJ515913	1368	6840	Ruminococcaceae	Ruminococcus champanellensis	5261.0	1404	140	177	1182	0.9633	0.7692
FR749897	1529	7645	Ruminococcaceae	Acetivibrio ethanolgignens	AJ518869	1428	7134	Ruminococcaceae	Subdoligranulum variabile	5378.0	1454	150	176	1220	0.9546	0.7539
EU158190	1510	7550	Ruminococcaceae	Hydrogenoanaerobacterium saccharovorans	Z49863	1506	7494	Ruminococcaceae	Sporobacter termitidis	6068.0	1510	117	123	1330	0.9589	0.8097
EU158190	1510	7550	Ruminococcaceae	Hydrogenoanaerobacterium saccharovorans	AY487928	1533	7665	Ruminococcaceae	Acetanaerobacterium elongatum	6603.0	1510	94	73	1401	0.9749	0.8746
EU158190	1510	7550	Ruminococcaceae	Hydrogenoanaerobacterium saccharovorans	KC311367	1475	7375	Ruminococcaceae	Intestinimonas butyriciproducens	5946.0	1464	120	109	1302	0.9609	0.8062
EU158190	1510	7550	Ruminococcaceae	Hydrogenoanaerobacterium saccharovorans	AY295777	1499	7495	Ruminococcaceae	Ethanoligenens harbinense	6298.0	1510	105	121	1356	0.9762	0.8403
EU158190	1510	7550	Ruminococcaceae	Hydrogenoanaerobacterium saccharovorans	LN868252	1421	7099	Ruminococcaceae	Herbivorax saccincola	5658.0	1417	126	122	1247	0.9629	0.7970
EU158190	1510	7550	Ruminococcaceae	Hydrogenoanaerobacterium saccharovorans	LN846908	1491	7395	Ruminococcaceae	Fournierella massiliensis	6149.0	1482	111	103	1329	0.9637	0.8315
EU158190	1510	7550	Ruminococcaceae	Hydrogenoanaerobacterium saccharovorans	AJ315980	1393	6965	Ruminococcaceae	Anaerotruncus colihominis	6087.0	1384	78	69	1286	0.9779	0.8739
EU158190	1510	7550	Ruminococcaceae	Hydrogenoanaerobacterium saccharovorans	L34618	1469	7219	Ruminococcaceae	Agathobaculum desmolans	5802.0	1465	105	109	1280	0.9440	0.8037
EU158190	1510	7550	Ruminococcaceae	Hydrogenoanaerobacterium saccharovorans	L76604	1418	7066	Ruminococcaceae	Ruminococcus torques	5442.0	1419	140	141	1221	0.9554	0.7702
EU158190	1510	7550	Ruminococcaceae	Hydrogenoanaerobacterium saccharovorans	HE862234	1506	7512	Ruminococcaceae	Pseudobacteroides cellulosolvens	6129.0	1510	118	126	1337	0.9660	0.8159
EU158190	1510	7550	Ruminococcaceae	Hydrogenoanaerobacterium saccharovorans	KU999999	1363	6815	Ruminococcaceae	Harryflintia acetispora	5968.0	1393	60	90	1268	0.9731	0.8757
EU158190	1510	7550	Ruminococcaceae	Hydrogenoanaerobacterium saccharovorans	KP889099	1360	6800	Ruminococcaceae	Agathobaculum butyriciproducens	5519.0	1352	93	85	1207	0.9526	0.8116
EU158190	1510	7550	Ruminococcaceae	Hydrogenoanaerobacterium saccharovorans	L76600	1380	6840	Ruminococcaceae	Ruminococcus bromii	5638.0	1368	97	85	1225	0.9548	0.8243
EU158190	1510	7550	Ruminococcaceae	Hydrogenoanaerobacterium saccharovorans	EF529620	1456	7178	Ruminococcaceae	Ruminococcus gauvreauii	5562.0	1442	148	134	1243	0.9503	0.7749
EU158190	1510	7550	Ruminococcaceae	Hydrogenoanaerobacterium saccharovorans	GQ900631	1480	7388	Ruminococcaceae	Mageeibacillus indolicus	5928.0	1472	127	119	1301	0.9616	0.8024
EU158190	1510	7550	Ruminococcaceae	Hydrogenoanaerobacterium saccharovorans	AJ515913	1368	6840	Ruminococcaceae	Ruminococcus champanellensis	5768.0	1381	79	93	1243	0.9651	0.8433
EU158190	1510	7550	Ruminococcaceae	Hydrogenoanaerobacterium saccharovorans	AJ518869	1428	7134	Ruminococcaceae	Subdoligranulum variabile	5827.0	1431	119	122	1269	0.9694	0.8168
Z49863	1506	7494	Ruminococcaceae	Sporobacter termitidis	AY487928	1533	7665	Ruminococcaceae	Acetanaerobacterium elongatum	6099.0	1505	131	104	1337	0.9543	0.8139
Z49863	1506	7494	Ruminococcaceae	Sporobacter termitidis	KC311367	1475	7375	Ruminococcaceae	Intestinimonas butyriciproducens	6349.0	1458	66	49	1351	0.9588	0.8609
Z49863	1506	7494	Ruminococcaceae	Sporobacter termitidis	AY295777	1499	7495	Ruminococcaceae	Ethanoligenens harbinense	6071.0	1506	117	127	1328	0.9630	0.8101
Z49863	1506	7494	Ruminococcaceae	Sporobacter termitidis	LN868252	1421	7099	Ruminococcaceae	Herbivorax saccincola	5758.0	1445	104	128	1264	0.9598	0.8111
Z49863	1506	7494	Ruminococcaceae	Sporobacter termitidis	LN846908	1491	7395	Ruminococcaceae	Fournierella massiliensis	5944.0	1477	124	110	1304	0.9539	0.8038
Z49863	1506	7494	Ruminococcaceae	Sporobacter termitidis	AJ315980	1393	6965	Ruminococcaceae	Anaerotruncus colihominis	5604.0	1378	105	90	1227	0.9526	0.8046
Z49863	1506	7494	Ruminococcaceae	Sporobacter termitidis	L34618	1469	7219	Ruminococcaceae	Agathobaculum desmolans	5990.0	1449	98	85	1298	0.9516	0.8298
Z49863	1506	7494	Ruminococcaceae	Sporobacter termitidis	L76604	1418	7066	Ruminococcaceae	Ruminococcus torques	5248.0	1413	163	159	1194	0.9522	0.7427
Z49863	1506	7494	Ruminococcaceae	Sporobacter termitidis	HE862234	1506	7512	Ruminococcaceae	Pseudobacteroides cellulosolvens	6165.0	1505	117	119	1339	0.9661	0.8227
Z49863	1506	7494	Ruminococcaceae	Sporobacter termitidis	KU999999	1363	6815	Ruminococcaceae	Harryflintia acetispora	5601.0	1384	85	106	1222	0.9562	0.8219
Z49863	1506	7494	Ruminococcaceae	Sporobacter termitidis	KP889099	1360	6800	Ruminococcaceae	Agathobaculum butyriciproducens	5718.0	1371	81	92	1232	0.9633	0.8409
Z49863	1506	7494	Ruminococcaceae	Sporobacter termitidis	L76600	1380	6840	Ruminococcaceae	Ruminococcus bromii	5605.0	1400	93	113	1227	0.9534	0.8194
Z49863	1506	7494	Ruminococcaceae	Sporobacter termitidis	EF529620	1456	7178	Ruminococcaceae	Ruminococcus gauvreauii	5386.0	1436	162	142	1222	0.9444	0.7503
Z49863	1506	7494	Ruminococcaceae	Sporobacter termitidis	GQ900631	1480	7388	Ruminococcaceae	Mageeibacillus indolicus	5942.0	1466	126	112	1301	0.9609	0.8043
Z49863	1506	7494	Ruminococcaceae	Sporobacter termitidis	AJ515913	1368	6840	Ruminococcaceae	Ruminococcus champanellensis	5501.0	1374	95	102	1210	0.9513	0.8042
Z49863	1506	7494	Ruminococcaceae	Sporobacter termitidis	AJ518869	1428	7134	Ruminococcaceae	Subdoligranulum variabile	5591.0	1408	133	113	1237	0.9552	0.7837
AY487928	1533	7665	Ruminococcaceae	Acetanaerobacterium elongatum	KC311367	1475	7375	Ruminococcaceae	Intestinimonas butyriciproducens	5923.0	1485	128	138	1303	0.9673	0.8031
AY487928	1533	7665	Ruminococcaceae	Acetanaerobacterium elongatum	AY295777	1499	7495	Ruminococcaceae	Ethanoligenens harbinense	6559.0	1532	72	109	1391	0.9775	0.8751
AY487928	1533	7665	Ruminococcaceae	Acetanaerobacterium elongatum	LN868252	1421	7099	Ruminococcaceae	Herbivorax saccincola	5628.0	1438	128	145	1246	0.9637	0.7928
AY487928	1533	7665	Ruminococcaceae	Acetanaerobacterium elongatum	LN846908	1491	7395	Ruminococcaceae	Fournierella massiliensis	6243.0	1503	93	106	1345	0.9628	0.8442
AY487928	1533	7665	Ruminococcaceae	Acetanaerobacterium elongatum	AJ315980	1393	6965	Ruminococcaceae	Anaerotruncus colihominis	6095.0	1405	71	83	1292	0.9773	0.8751
AY487928	1533	7665	Ruminococcaceae	Acetanaerobacterium elongatum	L34618	1469	7219	Ruminococcaceae	Agathobaculum desmolans	5839.0	1475	108	122	1285	0.9497	0.8088
AY487928	1533	7665	Ruminococcaceae	Acetanaerobacterium elongatum	L76604	1418	7066	Ruminococcaceae	Ruminococcus torques	5346.0	1431	145	159	1211	0.9520	0.7566
AY487928	1533	7665	Ruminococcaceae	Acetanaerobacterium elongatum	HE862234	1506	7512	Ruminococcaceae	Pseudobacteroides cellulosolvens	6105.0	1532	127	156	1337	0.9717	0.8127
AY487928	1533	7665	Ruminococcaceae	Acetanaerobacterium elongatum	KU999999	1363	6815	Ruminococcaceae	Harryflintia acetispora	5949.0	1392	65	94	1265	0.9746	0.8729
AY487928	1533	7665	Ruminococcaceae	Acetanaerobacterium elongatum	KP889099	1360	6800	Ruminococcaceae	Agathobaculum butyriciproducens	5643.0	1352	91	83	1222	0.9630	0.8299
AY487928	1533	7665	Ruminococcaceae	Acetanaerobacterium elongatum	L76600	1380	6840	Ruminococcaceae	Ruminococcus bromii	5586.0	1389	109	118	1222	0.9614	0.8167
AY487928	1533	7665	Ruminococcaceae	Acetanaerobacterium elongatum	EF529620	1456	7178	Ruminococcaceae	Ruminococcus gauvreauii	5508.0	1463	139	146	1242	0.9431	0.7673
AY487928	1533	7665	Ruminococcaceae	Acetanaerobacterium elongatum	GQ900631	1480	7388	Ruminococcaceae	Mageeibacillus indolicus	5866.0	1493	137	150	1297	0.9657	0.7940
AY487928	1533	7665	Ruminococcaceae	Acetanaerobacterium elongatum	AJ515913	1368	6840	Ruminococcaceae	Ruminococcus champanellensis	5682.0	1405	92	130	1237	0.9702	0.8307
AY487928	1533	7665	Ruminococcaceae	Acetanaerobacterium elongatum	AJ518869	1428	7134	Ruminococcaceae	Subdoligranulum variabile	5788.0	1435	113	120	1266	0.9627	0.8113
KC311367	1475	7375	Ruminococcaceae	Intestinimonas butyriciproducens	AY295777	1499	7495	Ruminococcaceae	Ethanoligenens harbinense	5989.0	1475	102	129	1303	0.9681	0.8121
KC311367	1475	7375	Ruminococcaceae	Intestinimonas butyriciproducens	LN868252	1421	7099	Ruminococcaceae	Herbivorax saccincola	5854.0	1457	107	143	1276	0.9711	0.8246
KC311367	1475	7375	Ruminococcaceae	Intestinimonas butyriciproducens	LN846908	1491	7395	Ruminococcaceae	Fournierella massiliensis	6025.0	1474	104	109	1309	0.9590	0.8169
KC311367	1475	7375	Ruminococcaceae	Intestinimonas butyriciproducens	AJ315980	1393	6965	Ruminococcaceae	Anaerotruncus colihominis	5769.0	1397	101	105	1251	0.9683	0.8283
KC311367	1475	7375	Ruminococcaceae	Intestinimonas butyriciproducens	L34618	1469	7219	Ruminococcaceae	Agathobaculum desmolans	6010.0	1459	88	105	1297	0.9579	0.8325
KC311367	1475	7375	Ruminococcaceae	Intestinimonas butyriciproducens	L76604	1418	7066	Ruminococcaceae	Ruminococcus torques	5442.0	1419	139	146	1219	0.9576	0.7702
KC311367	1475	7375	Ruminococcaceae	Intestinimonas butyriciproducens	HE862234	1506	7512	Ruminococcaceae	Pseudobacteroides cellulosolvens	5996.0	1475	114	133	1303	0.9709	0.8130
KC311367	1475	7375	Ruminococcaceae	Intestinimonas butyriciproducens	KU999999	1363	6815	Ruminococcaceae	Harryflintia acetispora	5704.0	1403	86	126	1238	0.9695	0.8370
KC311367	1475	7375	Ruminococcaceae	Intestinimonas butyriciproducens	KP889099	1360	6800	Ruminococcaceae	Agathobaculum butyriciproducens	5884.0	1373	69	82	1253	0.9706	0.8653
KC311367	1475	7375	Ruminococcaceae	Intestinimonas butyriciproducens	L76600	1380	6840	Ruminococcaceae	Ruminococcus bromii	5732.0	1384	81	86	1240	0.9553	0.8380
KC311367	1475	7375	Ruminococcaceae	Intestinimonas butyriciproducens	EF529620	1456	7178	Ruminococcaceae	Ruminococcus gauvreauii	5610.0	1455	139	138	1252	0.9506	0.7816
KC311367	1475	7375	Ruminococcaceae	Intestinimonas butyriciproducens	GQ900631	1480	7388	Ruminococcaceae	Mageeibacillus indolicus	6036.0	1475	111	114	1313	0.9647	0.8184
KC311367	1475	7375	Ruminococcaceae	Intestinimonas butyriciproducens	AJ515913	1368	6840	Ruminococcaceae	Ruminococcus champanellensis	5627.0	1393	96	122	1228	0.9662	0.8227
KC311367	1475	7375	Ruminococcaceae	Intestinimonas butyriciproducens	AJ518869	1428	7134	Ruminococcaceae	Subdoligranulum variabile	5723.0	1427	115	114	1258	0.9581	0.8022
AY295777	1499	7495	Ruminococcaceae	Ethanoligenens harbinense	LN868252	1421	7099	Ruminococcaceae	Herbivorax saccincola	5621.0	1435	136	150	1244	0.9681	0.7918
AY295777	1499	7495	Ruminococcaceae	Ethanoligenens harbinense	LN846908	1491	7395	Ruminococcaceae	Fournierella massiliensis	6201.0	1467	111	87	1334	0.9667	0.8385
AY295777	1499	7495	Ruminococcaceae	Ethanoligenens harbinense	AJ315980	1393	6965	Ruminococcaceae	Anaerotruncus colihominis	5909.0	1380	103	90	1263	0.9791	0.8484
AY295777	1499	7495	Ruminococcaceae	Ethanoligenens harbinense	L34618	1469	7219	Ruminococcaceae	Agathobaculum desmolans	5782.0	1450	130	118	1272	0.9550	0.8009
AY295777	1499	7495	Ruminococcaceae	Ethanoligenens harbinense	L76604	1418	7066	Ruminococcaceae	Ruminococcus torques	5253.0	1452	165	199	1199	0.9569	0.7434
AY295777	1499	7495	Ruminococcaceae	Ethanoligenens harbinense	HE862234	1506	7512	Ruminococcaceae	Pseudobacteroides cellulosolvens	6037.0	1498	148	140	1322	0.9735	0.8055
AY295777	1499	7495	Ruminococcaceae	Ethanoligenens harbinense	KU999999	1363	6815	Ruminococcaceae	Harryflintia acetispora	5775.0	1377	94	108	1240	0.9771	0.8474
AY295777	1499	7495	Ruminococcaceae	Ethanoligenens harbinense	KP889099	1360	6800	Ruminococcaceae	Agathobaculum butyriciproducens	5632.0	1371	100	111	1222	0.9698	0.8282
AY295777	1499	7495	Ruminococcaceae	Ethanoligenens harbinense	L76600	1380	6840	Ruminococcaceae	Ruminococcus bromii	5679.0	1415	99	138	1235	0.9671	0.8303
AY295777	1499	7495	Ruminococcaceae	Ethanoligenens harbinense	EF529620	1456	7178	Ruminococcaceae	Ruminococcus gauvreauii	5346.0	1458	171	173	1219	0.9486	0.7448
AY295777	1499	7495	Ruminococcaceae	Ethanoligenens harbinense	GQ900631	1480	7388	Ruminococcaceae	Mageeibacillus indolicus	5702.0	1456	166	142	1268	0.9650	0.7718
AY295777	1499	7495	Ruminococcaceae	Ethanoligenens harbinense	AJ515913	1368	6840	Ruminococcaceae	Ruminococcus champanellensis	5536.0	1395	105	133	1217	0.9643	0.8094
AY295777	1499	7495	Ruminococcaceae	Ethanoligenens harbinense	AJ518869	1428	7134	Ruminococcaceae	Subdoligranulum variabile	5794.0	1434	124	130	1266	0.9709	0.8122
LN868252	1421	7099	Ruminococcaceae	Herbivorax saccincola	LN846908	1491	7395	Ruminococcaceae	Fournierella massiliensis	5594.0	1421	167	129	1243	0.9621	0.7880
LN868252	1421	7099	Ruminococcaceae	Herbivorax saccincola	AJ315980	1393	6965	Ruminococcaceae	Anaerotruncus colihominis	5453.0	1365	119	114	1202	0.9608	0.7829
LN868252	1421	7099	Ruminococcaceae	Herbivorax saccincola	L34618	1469	7219	Ruminococcaceae	Agathobaculum desmolans	5578.0	1418	111	119	1232	0.9484	0.7857
LN868252	1421	7099	Ruminococcaceae	Herbivorax saccincola	L76604	1418	7066	Ruminococcaceae	Ruminococcus torques	5378.0	1386	153	124	1205	0.9548	0.7611
LN868252	1421	7099	Ruminococcaceae	Herbivorax saccincola	HE862234	1506	7512	Ruminococcaceae	Pseudobacteroides cellulosolvens	6235.0	1421	71	49	1322	0.9636	0.8783
LN868252	1421	7099	Ruminococcaceae	Herbivorax saccincola	KU999999	1363	6815	Ruminococcaceae	Harryflintia acetispora	5414.0	1372	128	137	1195	0.9676	0.7944
LN868252	1421	7099	Ruminococcaceae	Herbivorax saccincola	KP889099	1360	6800	Ruminococcaceae	Agathobaculum butyriciproducens	5604.0	1368	97	105	1219	0.9652	0.8241
LN868252	1421	7099	Ruminococcaceae	Herbivorax saccincola	L76600	1380	6840	Ruminococcaceae	Ruminococcus bromii	5425.0	1372	132	124	1198	0.9599	0.7931
LN868252	1421	7099	Ruminococcaceae	Herbivorax saccincola	EF529620	1456	7178	Ruminococcaceae	Ruminococcus gauvreauii	5429.0	1414	170	133	1222	0.9539	0.7648
LN868252	1421	7099	Ruminococcaceae	Herbivorax saccincola	GQ900631	1480	7388	Ruminococcaceae	Mageeibacillus indolicus	6067.0	1421	82	78	1299	0.9672	0.8546
LN868252	1421	7099	Ruminococcaceae	Herbivorax saccincola	AJ515913	1368	6840	Ruminococcaceae	Ruminococcus champanellensis	5380.0	1385	110	128	1197	0.9523	0.7865
LN868252	1421	7099	Ruminococcaceae	Herbivorax saccincola	AJ518869	1428	7134	Ruminococcaceae	Subdoligranulum variabile	5493.0	1412	147	135	1225	0.9593	0.7738
LN846908	1491	7395	Ruminococcaceae	Fournierella massiliensis	AJ315980	1393	6965	Ruminococcaceae	Anaerotruncus colihominis	5828.0	1392	94	93	1254	0.9654	0.8368
LN846908	1491	7395	Ruminococcaceae	Fournierella massiliensis	L34618	1469	7219	Ruminococcaceae	Agathobaculum desmolans	5990.0	1474	99	111	1299	0.9530	0.8298
LN846908	1491	7395	Ruminococcaceae	Fournierella massiliensis	L76604	1418	7066	Ruminococcaceae	Ruminococcus torques	5445.0	1476	122	180	1228	0.9475	0.7706
LN846908	1491	7395	Ruminococcaceae	Fournierella massiliensis	HE862234	1506	7512	Ruminococcaceae	Pseudobacteroides cellulosolvens	5923.0	1490	122	138	1298	0.9601	0.8009
LN846908	1491	7395	Ruminococcaceae	Fournierella massiliensis	KU999999	1363	6815	Ruminococcaceae	Harryflintia acetispora	5802.0	1398	81	116	1244	0.9704	0.8514
LN846908	1491	7395	Ruminococcaceae	Fournierella massiliensis	KP889099	1360	6800	Ruminococcaceae	Agathobaculum butyriciproducens	5774.0	1367	82	89	1236	0.9671	0.8491
LN846908	1491	7395	Ruminococcaceae	Fournierella massiliensis	L76600	1380	6840	Ruminococcaceae	Ruminococcus bromii	5575.0	1376	102	98	1217	0.9523	0.8151
LN846908	1491	7395	Ruminococcaceae	Fournierella massiliensis	EF529620	1456	7178	Ruminococcaceae	Ruminococcus gauvreauii	5495.0	1450	136	130	1235	0.9356	0.7655
LN846908	1491	7395	Ruminococcaceae	Fournierella massiliensis	GQ900631	1480	7388	Ruminococcaceae	Mageeibacillus indolicus	5840.0	1471	133	133	1285	0.9604	0.7905
LN846908	1491	7395	Ruminococcaceae	Fournierella massiliensis	AJ515913	1368	6840	Ruminococcaceae	Ruminococcus champanellensis	5642.0	1388	91	112	1224	0.9592	0.8249
LN846908	1491	7395	Ruminococcaceae	Fournierella massiliensis	AJ518869	1428	7134	Ruminococcaceae	Subdoligranulum variabile	6440.0	1422	61	55	1341	0.9810	0.9027
AJ315980	1393	6965	Ruminococcaceae	Anaerotruncus colihominis	L34618	1469	7219	Ruminococcaceae	Agathobaculum desmolans	5709.0	1393	96	98	1238	0.9560	0.8197
AJ315980	1393	6965	Ruminococcaceae	Anaerotruncus colihominis	L76604	1418	7066	Ruminococcaceae	Ruminococcus torques	5324.0	1392	141	138	1196	0.9537	0.7644
AJ315980	1393	6965	Ruminococcaceae	Anaerotruncus colihominis	HE862234	1506	7512	Ruminococcaceae	Pseudobacteroides cellulosolvens	5546.0	1393	114	131	1217	0.9643	0.7963
AJ315980	1393	6965	Ruminococcaceae	Anaerotruncus colihominis	KU999999	1363	6815	Ruminococcaceae	Harryflintia acetispora	5950.0	1379	64	100	1257	0.9828	0.8731
AJ315980	1393	6965	Ruminococcaceae	Anaerotruncus colihominis	KP889099	1360	6800	Ruminococcaceae	Agathobaculum butyriciproducens	5595.0	1321	86	84	1200	0.9701	0.8228
AJ315980	1393	6965	Ruminococcaceae	Anaerotruncus colihominis	L76600	1380	6840	Ruminococcaceae	Ruminococcus bromii	5671.0	1368	108	105	1225	0.9699	0.8291
AJ315980	1393	6965	Ruminococcaceae	Anaerotruncus colihominis	EF529620	1456	7178	Ruminococcaceae	Ruminococcus gauvreauii	5338.0	1392	143	137	1193	0.9506	0.7664
AJ315980	1393	6965	Ruminococcaceae	Anaerotruncus colihominis	GQ900631	1480	7388	Ruminococcaceae	Mageeibacillus indolicus	5579.0	1393	124	125	1225	0.9661	0.8010
AJ315980	1393	6965	Ruminococcaceae	Anaerotruncus colihominis	AJ515913	1368	6840	Ruminococcaceae	Ruminococcus champanellensis	5693.0	1368	83	106	1226	0.9715	0.8323
AJ315980	1393	6965	Ruminococcaceae	Anaerotruncus colihominis	AJ518869	1428	7134	Ruminococcaceae	Subdoligranulum variabile	5658.0	1373	135	97	1233	0.9663	0.8123
L34618	1469	7219	Ruminococcaceae	Agathobaculum desmolans	L76604	1418	7066	Ruminococcaceae	Ruminococcus torques	5287.0	1413	152	148	1197	0.9462	0.7482
L34618	1469	7219	Ruminococcaceae	Agathobaculum desmolans	HE862234	1506	7512	Ruminococcaceae	Pseudobacteroides cellulosolvens	5835.0	1461	123	127	1278	0.9580	0.8083
L34618	1469	7219	Ruminococcaceae	Agathobaculum desmolans	KU999999	1363	6815	Ruminococcaceae	Harryflintia acetispora	5614.0	1397	89	123	1222	0.9592	0.8238
L34618	1469	7219	Ruminococcaceae	Agathobaculum desmolans	KP889099	1360	6800	Ruminococcaceae	Agathobaculum butyriciproducens	6306.0	1356	38	34	1295	0.9796	0.9274
L34618	1469	7219	Ruminococcaceae	Agathobaculum desmolans	L76600	1380	6840	Ruminococcaceae	Ruminococcus bromii	5529.0	1375	112	107	1209	0.9535	0.8083
L34618	1469	7219	Ruminococcaceae	Agathobaculum desmolans	EF529620	1456	7178	Ruminococcaceae	Ruminococcus gauvreauii	5399.0	1437	167	148	1217	0.9441	0.7522
L34618	1469	7219	Ruminococcaceae	Agathobaculum desmolans	GQ900631	1480	7388	Ruminococcaceae	Mageeibacillus indolicus	5677.0	1442	128	116	1257	0.9480	0.7864
L34618	1469	7219	Ruminococcaceae	Agathobaculum desmolans	AJ515913	1368	6840	Ruminococcaceae	Ruminococcus champanellensis	5458.0	1387	109	129	1202	0.9555	0.7980
L34618	1469	7219	Ruminococcaceae	Agathobaculum desmolans	AJ518869	1428	7134	Ruminococcaceae	Subdoligranulum variabile	5687.0	1411	115	99	1247	0.9505	0.7972
L76604	1418	7066	Ruminococcaceae	Ruminococcus torques	HE862234	1506	7512	Ruminococcaceae	Pseudobacteroides cellulosolvens	5527.0	1417	133	138	1227	0.9593	0.7822
L76604	1418	7066	Ruminococcaceae	Ruminococcus torques	KU999999	1363	6815	Ruminococcaceae	Harryflintia acetispora	5234.0	1389	129	167	1173	0.9599	0.7680
L76604	1418	7066	Ruminococcaceae	Ruminococcus torques	KP889099	1360	6800	Ruminococcaceae	Agathobaculum butyriciproducens	5108.0	1335	135	138	1146	0.9574	0.7512
L76604	1418	7066	Ruminococcaceae	Ruminococcus torques	L76600	1380	6840	Ruminococcaceae	Ruminococcus bromii	5130.0	1379	142	142	1167	0.9434	0.7500
L76604	1418	7066	Ruminococcaceae	Ruminococcus torques	EF529620	1456	7178	Ruminococcaceae	Ruminococcus gauvreauii	6309.0	1412	61	58	1317	0.9727	0.8929
L76604	1418	7066	Ruminococcaceae	Ruminococcus torques	GQ900631	1480	7388	Ruminococcaceae	Mageeibacillus indolicus	5378.0	1412	162	151	1210	0.9596	0.7611
L76604	1418	7066	Ruminococcaceae	Ruminococcus torques	AJ515913	1368	6840	Ruminococcaceae	Ruminococcus champanellensis	5167.0	1379	136	147	1169	0.9489	0.7554
L76604	1418	7066	Ruminococcaceae	Ruminococcus torques	AJ518869	1428	7134	Ruminococcaceae	Subdoligranulum variabile	5264.0	1384	156	135	1189	0.9520	0.7450
HE862234	1506	7512	Ruminococcaceae	Pseudobacteroides cellulosolvens	KU999999	1363	6815	Ruminococcaceae	Harryflintia acetispora	5505.0	1385	121	143	1208	0.9726	0.8078
HE862234	1506	7512	Ruminococcaceae	Pseudobacteroides cellulosolvens	KP889099	1360	6800	Ruminococcaceae	Agathobaculum butyriciproducens	5600.0	1362	110	112	1215	0.9720	0.8235
HE862234	1506	7512	Ruminococcaceae	Pseudobacteroides cellulosolvens	L76600	1380	6840	Ruminococcaceae	Ruminococcus bromii	5479.0	1398	123	141	1208	0.9610	0.8010
HE862234	1506	7512	Ruminococcaceae	Pseudobacteroides cellulosolvens	EF529620	1456	7178	Ruminococcaceae	Ruminococcus gauvreauii	5610.0	1434	141	119	1249	0.9498	0.7816
HE862234	1506	7512	Ruminococcaceae	Pseudobacteroides cellulosolvens	GQ900631	1480	7388	Ruminococcaceae	Mageeibacillus indolicus	6291.0	1464	80	64	1344	0.9600	0.8515
HE862234	1506	7512	Ruminococcaceae	Pseudobacteroides cellulosolvens	AJ515913	1368	6840	Ruminococcaceae	Ruminococcus champanellensis	5490.0	1373	115	121	1205	0.9625	0.8026
HE862234	1506	7512	Ruminococcaceae	Pseudobacteroides cellulosolvens	AJ518869	1428	7134	Ruminococcaceae	Subdoligranulum variabile	5546.0	1442	151	165	1235	0.9671	0.7774
KU999999	1363	6815	Ruminococcaceae	Harryflintia acetispora	KP889099	1360	6800	Ruminococcaceae	Agathobaculum butyriciproducens	5714.0	1338	81	76	1223	0.9691	0.8403
KU999999	1363	6815	Ruminococcaceae	Harryflintia acetispora	L76600	1380	6840	Ruminococcaceae	Ruminococcus bromii	5642.0	1352	119	95	1220	0.9706	0.8279
KU999999	1363	6815	Ruminococcaceae	Harryflintia acetispora	EF529620	1456	7178	Ruminococcaceae	Ruminococcus gauvreauii	5280.0	1363	171	126	1183	0.9563	0.7748
KU999999	1363	6815	Ruminococcaceae	Harryflintia acetispora	GQ900631	1480	7388	Ruminococcaceae	Mageeibacillus indolicus	5432.0	1363	166	131	1200	0.9740	0.7971
KU999999	1363	6815	Ruminococcaceae	Harryflintia acetispora	AJ515913	1368	6840	Ruminococcaceae	Ruminococcus champanellensis	5796.0	1363	76	77	1243	0.9666	0.8505
KU999999	1363	6815	Ruminococcaceae	Harryflintia acetispora	AJ518869	1428	7134	Ruminococcaceae	Subdoligranulum variabile	5714.0	1363	130	100	1235	0.9778	0.8384
KP889099	1360	6800	Ruminococcaceae	Agathobaculum butyriciproducens	L76600	1380	6840	Ruminococcaceae	Ruminococcus bromii	5569.0	1332	89	91	1199	0.9662	0.8190
KP889099	1360	6800	Ruminococcaceae	Agathobaculum butyriciproducens	EF529620	1456	7178	Ruminococcaceae	Ruminococcus gauvreauii	5249.0	1360	153	137	1175	0.9608	0.7719
KP889099	1360	6800	Ruminococcaceae	Agathobaculum butyriciproducens	GQ900631	1480	7388	Ruminococcaceae	Mageeibacillus indolicus	5511.0	1360	120	105	1208	0.9625	0.8104
KP889099	1360	6800	Ruminococcaceae	Agathobaculum butyriciproducens	AJ515913	1368	6840	Ruminococcaceae	Ruminococcus champanellensis	5489.0	1344	100	108	1195	0.9668	0.8072
KP889099	1360	6800	Ruminococcaceae	Agathobaculum butyriciproducens	AJ518869	1428	7134	Ruminococcaceae	Subdoligranulum variabile	5659.0	1360	100	87	1226	0.9631	0.8322
L76600	1380	6840	Ruminococcaceae	Ruminococcus bromii	EF529620	1456	7178	Ruminococcaceae	Ruminococcus gauvreauii	5142.0	1378	144	142	1164	0.9417	0.7518
L76600	1380	6840	Ruminococcaceae	Ruminococcus bromii	GQ900631	1480	7388	Ruminococcaceae	Mageeibacillus indolicus	5422.0	1380	132	136	1198	0.9630	0.7927
L76600	1380	6840	Ruminococcaceae	Ruminococcus bromii	AJ515913	1368	6840	Ruminococcaceae	Ruminococcus champanellensis	5673.0	1380	68	94	1228	0.9549	0.8294
L76600	1380	6840	Ruminococcaceae	Ruminococcus bromii	AJ518869	1428	7134	Ruminococcaceae	Subdoligranulum variabile	5604.0	1380	104	101	1224	0.9570	0.8193
EF529620	1456	7178	Ruminococcaceae	Ruminococcus gauvreauii	GQ900631	1480	7388	Ruminococcaceae	Mageeibacillus indolicus	5524.0	1456	150	156	1240	0.9538	0.7696
EF529620	1456	7178	Ruminococcaceae	Ruminococcus gauvreauii	AJ515913	1368	6840	Ruminococcaceae	Ruminococcus champanellensis	5227.0	1396	125	153	1176	0.9461	0.7642
EF529620	1456	7178	Ruminococcaceae	Ruminococcus gauvreauii	AJ518869	1428	7134	Ruminococcaceae	Subdoligranulum variabile	5366.0	1428	151	151	1210	0.9475	0.7522
GQ900631	1480	7388	Ruminococcaceae	Mageeibacillus indolicus	AJ515913	1368	6840	Ruminococcaceae	Ruminococcus champanellensis	5341.0	1389	129	151	1190	0.9612	0.7808
GQ900631	1480	7388	Ruminococcaceae	Mageeibacillus indolicus	AJ518869	1428	7134	Ruminococcaceae	Subdoligranulum variabile	5536.0	1439	148	159	1234	0.9641	0.7760
AJ515913	1368	6840	Ruminococcaceae	Ruminococcus champanellensis	AJ518869	1428	7134	Ruminococcaceae	Subdoligranulum variabile	5549.0	1368	143	107	1219	0.9667	0.8113
