KM406784	1381	6905	Sanguibacteraceae	Sanguibacter gelidistatuariae	X79452	1477	7385	Sanguibacteraceae	Sanguibacter suarezii	6815.0	1381	11	11	1370	1.0000	0.9870
KM406784	1381	6905	Sanguibacteraceae	Sanguibacter gelidistatuariae	X79450	1495	7475	Sanguibacteraceae	Sanguibacter keddieii	6713.0	1381	16	16	1358	0.9949	0.9722
KM406784	1381	6905	Sanguibacteraceae	Sanguibacter gelidistatuariae	EF211071	1440	7200	Sanguibacteraceae	Sanguibacter antarcticus	6644.0	1381	23	23	1350	0.9941	0.9622
KM406784	1381	6905	Sanguibacteraceae	Sanguibacter gelidistatuariae	CAHH01000076	1508	7540	Sanguibacteraceae	Timonella senegalensis	6362.0	1381	41	37	1319	0.9814	0.9214
KM406784	1381	6905	Sanguibacteraceae	Sanguibacter gelidistatuariae	AJ783958	1486	7430	Sanguibacteraceae	Sanguibacter marinus	6558.0	1381	25	25	1340	0.9882	0.9497
KM406784	1381	6905	Sanguibacteraceae	Sanguibacter gelidistatuariae	EF547937	1395	6975	Sanguibacteraceae	Sanguibacter soli	6509.0	1381	34	29	1335	0.9874	0.9427
KM406784	1381	6905	Sanguibacteraceae	Sanguibacter gelidistatuariae	X79451	1477	7385	Sanguibacteraceae	Sanguibacter inulinus	6761.0	1381	11	11	1364	0.9956	0.9791
X79452	1477	7385	Sanguibacteraceae	Sanguibacter suarezii	X79450	1495	7475	Sanguibacteraceae	Sanguibacter keddieii	7208.0	1476	11	11	1456	0.9939	0.9760
X79452	1477	7385	Sanguibacteraceae	Sanguibacter suarezii	EF211071	1440	7200	Sanguibacteraceae	Sanguibacter antarcticus	6959.0	1440	18	18	1412	0.9930	0.9665
X79452	1477	7385	Sanguibacteraceae	Sanguibacter suarezii	CAHH01000076	1508	7540	Sanguibacteraceae	Timonella senegalensis	6836.0	1477	39	35	1414	0.9806	0.9257
X79452	1477	7385	Sanguibacteraceae	Sanguibacter suarezii	AJ783958	1486	7430	Sanguibacteraceae	Sanguibacter marinus	7032.0	1477	22	22	1436	0.9869	0.9522
X79452	1477	7385	Sanguibacteraceae	Sanguibacter suarezii	EF547937	1395	6975	Sanguibacteraceae	Sanguibacter soli	6600.0	1398	23	26	1352	0.9854	0.9462
X79452	1477	7385	Sanguibacteraceae	Sanguibacter suarezii	X79451	1477	7385	Sanguibacteraceae	Sanguibacter inulinus	7263.0	1475	7	7	1462	0.9959	0.9835
X79450	1495	7475	Sanguibacteraceae	Sanguibacter keddieii	EF211071	1440	7200	Sanguibacteraceae	Sanguibacter antarcticus	6995.0	1440	15	15	1416	0.9937	0.9715
X79450	1495	7475	Sanguibacteraceae	Sanguibacter keddieii	CAHH01000076	1508	7540	Sanguibacteraceae	Timonella senegalensis	6930.0	1495	38	34	1433	0.9808	0.9271
X79450	1495	7475	Sanguibacteraceae	Sanguibacter keddieii	AJ783958	1486	7430	Sanguibacteraceae	Sanguibacter marinus	7072.0	1482	20	20	1443	0.9870	0.9518
X79450	1495	7475	Sanguibacteraceae	Sanguibacter keddieii	EF547937	1395	6975	Sanguibacteraceae	Sanguibacter soli	6576.0	1398	29	32	1349	0.9876	0.9428
X79450	1495	7475	Sanguibacteraceae	Sanguibacter keddieii	X79451	1477	7385	Sanguibacteraceae	Sanguibacter inulinus	7292.0	1474	6	6	1465	0.9980	0.9874
EF211071	1440	7200	Sanguibacteraceae	Sanguibacter antarcticus	CAHH01000076	1508	7540	Sanguibacteraceae	Timonella senegalensis	6655.0	1440	40	36	1377	0.9808	0.9243
EF211071	1440	7200	Sanguibacteraceae	Sanguibacter antarcticus	AJ783958	1486	7430	Sanguibacteraceae	Sanguibacter marinus	6915.0	1440	21	21	1407	0.9915	0.9604
EF211071	1440	7200	Sanguibacteraceae	Sanguibacter antarcticus	EF547937	1395	6975	Sanguibacteraceae	Sanguibacter soli	6630.0	1398	21	24	1356	0.9869	0.9505
EF211071	1440	7200	Sanguibacteraceae	Sanguibacter antarcticus	X79451	1477	7385	Sanguibacteraceae	Sanguibacter inulinus	6970.0	1440	20	20	1413	0.9951	0.9681
CAHH01000076	1508	7540	Sanguibacteraceae	Timonella senegalensis	AJ783958	1486	7430	Sanguibacteraceae	Sanguibacter marinus	6945.0	1490	26	30	1431	0.9801	0.9347
CAHH01000076	1508	7540	Sanguibacteraceae	Timonella senegalensis	EF547937	1395	6975	Sanguibacteraceae	Sanguibacter soli	6442.0	1402	35	42	1333	0.9801	0.9236
CAHH01000076	1508	7540	Sanguibacteraceae	Timonella senegalensis	X79451	1477	7385	Sanguibacteraceae	Sanguibacter inulinus	6848.0	1481	33	37	1416	0.9806	0.9273
AJ783958	1486	7430	Sanguibacteraceae	Sanguibacter marinus	EF547937	1395	6975	Sanguibacteraceae	Sanguibacter soli	6692.0	1398	17	20	1363	0.9891	0.9594
AJ783958	1486	7430	Sanguibacteraceae	Sanguibacter marinus	X79451	1477	7385	Sanguibacteraceae	Sanguibacter inulinus	7058.0	1477	22	22	1439	0.9890	0.9557
EF547937	1395	6975	Sanguibacteraceae	Sanguibacter soli	X79451	1477	7385	Sanguibacteraceae	Sanguibacter inulinus	6612.0	1395	31	28	1353	0.9898	0.9480
