HQ686140	1501	7505	Spongiibacteraceae	Sinobacterium caligoides	EF988653	1406	7030	Spongiibacteraceae	Spongiibacter tropicus	6099.0	1410	78	82	1296	0.9759	0.8676
HQ686140	1501	7505	Spongiibacteraceae	Sinobacterium caligoides	HG004165	1377	6885	Spongiibacteraceae	Sinobacterium norvegicum	6585.0	1379	13	15	1343	0.9846	0.9564
HQ686140	1501	7505	Spongiibacteraceae	Sinobacterium caligoides	AY771747	1486	7430	Spongiibacteraceae	Dasania marina	6463.0	1481	70	76	1368	0.9737	0.8699
HQ686140	1501	7505	Spongiibacteraceae	Sinobacterium caligoides	KF982857	1403	7015	Spongiibacteraceae	Zhongshania aliphaticivorans	6132.0	1405	75	78	1299	0.9789	0.8741
HQ686140	1501	7505	Spongiibacteraceae	Sinobacterium caligoides	AM117932	1452	7260	Spongiibacteraceae	Spongiibacter marinus	6381.0	1458	59	65	1350	0.9691	0.8789
HQ686140	1501	7505	Spongiibacteraceae	Sinobacterium caligoides	FJ889619	1501	7505	Spongiibacteraceae	Zhongshania antarctica	6587.0	1501	78	81	1392	0.9803	0.8777
HQ686140	1501	7505	Spongiibacteraceae	Sinobacterium caligoides	FJ889678	1501	7505	Spongiibacteraceae	Zhongshania guokunii	6553.0	1501	81	84	1388	0.9795	0.8732
HQ686140	1501	7505	Spongiibacteraceae	Sinobacterium caligoides	HQ199599	1429	7145	Spongiibacteraceae	Zhongshania borealis	6284.0	1448	72	91	1330	0.9801	0.8795
HQ686140	1501	7505	Spongiibacteraceae	Sinobacterium caligoides	KT966463	1440	7200	Spongiibacteraceae	Spongiibacter taiwanensis	6294.0	1446	67	73	1335	0.9723	0.8742
EF988653	1406	7030	Spongiibacteraceae	Spongiibacter tropicus	HG004165	1377	6885	Spongiibacteraceae	Sinobacterium norvegicum	5945.0	1372	80	77	1264	0.9761	0.8635
EF988653	1406	7030	Spongiibacteraceae	Spongiibacter tropicus	AY771747	1486	7430	Spongiibacteraceae	Dasania marina	6144.0	1405	65	64	1301	0.9702	0.8740
EF988653	1406	7030	Spongiibacteraceae	Spongiibacter tropicus	KF982857	1403	7015	Spongiibacteraceae	Zhongshania aliphaticivorans	6344.0	1403	34	49	1321	0.9756	0.9043
EF988653	1406	7030	Spongiibacteraceae	Spongiibacter tropicus	AM117932	1452	7260	Spongiibacteraceae	Spongiibacter marinus	6659.0	1406	30	33	1361	0.9913	0.9472
EF988653	1406	7030	Spongiibacteraceae	Spongiibacter tropicus	FJ889619	1501	7505	Spongiibacteraceae	Zhongshania antarctica	6410.0	1406	45	44	1333	0.9787	0.9118
EF988653	1406	7030	Spongiibacteraceae	Spongiibacter tropicus	FJ889678	1501	7505	Spongiibacteraceae	Zhongshania guokunii	6465.0	1406	42	41	1340	0.9817	0.9196
EF988653	1406	7030	Spongiibacteraceae	Spongiibacter tropicus	HQ199599	1429	7145	Spongiibacteraceae	Zhongshania borealis	6403.0	1398	42	41	1329	0.9794	0.9108
EF988653	1406	7030	Spongiibacteraceae	Spongiibacter tropicus	KT966463	1440	7200	Spongiibacteraceae	Spongiibacter taiwanensis	6634.0	1406	26	29	1359	0.9869	0.9437
HG004165	1377	6885	Spongiibacteraceae	Sinobacterium norvegicum	AY771747	1486	7430	Spongiibacteraceae	Dasania marina	6049.0	1376	59	64	1277	0.9733	0.8786
HG004165	1377	6885	Spongiibacteraceae	Sinobacterium norvegicum	KF982857	1403	7015	Spongiibacteraceae	Zhongshania aliphaticivorans	5908.0	1368	73	85	1255	0.9782	0.8581
HG004165	1377	6885	Spongiibacteraceae	Sinobacterium norvegicum	AM117932	1452	7260	Spongiibacteraceae	Spongiibacter marinus	5988.0	1377	75	79	1269	0.9777	0.8697
HG004165	1377	6885	Spongiibacteraceae	Sinobacterium norvegicum	FJ889619	1501	7505	Spongiibacteraceae	Zhongshania antarctica	5991.0	1377	77	78	1271	0.9784	0.8702
HG004165	1377	6885	Spongiibacteraceae	Sinobacterium norvegicum	FJ889678	1501	7505	Spongiibacteraceae	Zhongshania guokunii	5964.0	1377	79	80	1268	0.9776	0.8662
HG004165	1377	6885	Spongiibacteraceae	Sinobacterium norvegicum	HQ199599	1429	7145	Spongiibacteraceae	Zhongshania borealis	5993.0	1377	80	81	1271	0.9807	0.8704
HG004165	1377	6885	Spongiibacteraceae	Sinobacterium norvegicum	KT966463	1440	7200	Spongiibacteraceae	Spongiibacter taiwanensis	5997.0	1377	66	70	1272	0.9732	0.8710
AY771747	1486	7430	Spongiibacteraceae	Dasania marina	KF982857	1403	7015	Spongiibacteraceae	Zhongshania aliphaticivorans	6132.0	1434	55	86	1304	0.9674	0.8741
AY771747	1486	7430	Spongiibacteraceae	Dasania marina	AM117932	1452	7260	Spongiibacteraceae	Spongiibacter marinus	6290.0	1442	55	60	1333	0.9645	0.8664
AY771747	1486	7430	Spongiibacteraceae	Dasania marina	FJ889619	1501	7505	Spongiibacteraceae	Zhongshania antarctica	6514.0	1478	61	58	1376	0.9690	0.8767
AY771747	1486	7430	Spongiibacteraceae	Dasania marina	FJ889678	1501	7505	Spongiibacteraceae	Zhongshania guokunii	6487.0	1478	67	64	1372	0.9703	0.8731
AY771747	1486	7430	Spongiibacteraceae	Dasania marina	HQ199599	1429	7145	Spongiibacteraceae	Zhongshania borealis	6274.0	1423	56	56	1324	0.9685	0.8781
AY771747	1486	7430	Spongiibacteraceae	Dasania marina	KT966463	1440	7200	Spongiibacteraceae	Spongiibacter taiwanensis	6261.0	1442	71	76	1328	0.9722	0.8696
KF982857	1403	7015	Spongiibacteraceae	Zhongshania aliphaticivorans	AM117932	1452	7260	Spongiibacteraceae	Spongiibacter marinus	6329.0	1399	42	37	1323	0.9714	0.9022
KF982857	1403	7015	Spongiibacteraceae	Zhongshania aliphaticivorans	FJ889619	1501	7505	Spongiibacteraceae	Zhongshania antarctica	6897.0	1403	8	8	1389	0.9957	0.9832
KF982857	1403	7015	Spongiibacteraceae	Zhongshania aliphaticivorans	FJ889678	1501	7505	Spongiibacteraceae	Zhongshania guokunii	6876.0	1402	17	3	1389	0.9929	0.9802
KF982857	1403	7015	Spongiibacteraceae	Zhongshania aliphaticivorans	HQ199599	1429	7145	Spongiibacteraceae	Zhongshania borealis	6858.0	1382	3	3	1376	0.9978	0.9776
KF982857	1403	7015	Spongiibacteraceae	Zhongshania aliphaticivorans	KT966463	1440	7200	Spongiibacteraceae	Spongiibacter taiwanensis	6304.0	1399	53	48	1319	0.9763	0.8986
AM117932	1452	7260	Spongiibacteraceae	Spongiibacter marinus	FJ889619	1501	7505	Spongiibacteraceae	Zhongshania antarctica	6565.0	1452	48	45	1371	0.9744	0.9043
AM117932	1452	7260	Spongiibacteraceae	Spongiibacter marinus	FJ889678	1501	7505	Spongiibacteraceae	Zhongshania guokunii	6610.0	1452	43	40	1377	0.9752	0.9105
AM117932	1452	7260	Spongiibacteraceae	Spongiibacter marinus	HQ199599	1429	7145	Spongiibacteraceae	Zhongshania borealis	6502.0	1442	40	53	1356	0.9762	0.9100
AM117932	1452	7260	Spongiibacteraceae	Spongiibacter marinus	KT966463	1440	7200	Spongiibacteraceae	Spongiibacter taiwanensis	6649.0	1440	43	43	1375	0.9843	0.9235
FJ889619	1501	7505	Spongiibacteraceae	Zhongshania antarctica	FJ889678	1501	7505	Spongiibacteraceae	Zhongshania guokunii	7378.0	1501	6	6	1486	0.9940	0.9831
FJ889619	1501	7505	Spongiibacteraceae	Zhongshania antarctica	HQ199599	1429	7145	Spongiibacteraceae	Zhongshania borealis	7070.0	1429	5	5	1420	0.9972	0.9895
FJ889619	1501	7505	Spongiibacteraceae	Zhongshania antarctica	KT966463	1440	7200	Spongiibacteraceae	Spongiibacter taiwanensis	6526.0	1443	50	53	1361	0.9791	0.9064
FJ889678	1501	7505	Spongiibacteraceae	Zhongshania guokunii	HQ199599	1429	7145	Spongiibacteraceae	Zhongshania borealis	7065.0	1429	2	2	1420	0.9951	0.9888
FJ889678	1501	7505	Spongiibacteraceae	Zhongshania guokunii	KT966463	1440	7200	Spongiibacteraceae	Spongiibacter taiwanensis	6518.0	1443	52	55	1360	0.9798	0.9053
HQ199599	1429	7145	Spongiibacteraceae	Zhongshania borealis	KT966463	1440	7200	Spongiibacteraceae	Spongiibacter taiwanensis	6466.0	1426	50	53	1347	0.9811	0.9050
