AM258975	1580	7888	Sporomusaceae	Pelosinus propionicus	KX268498	1509	7545	Sporomusaceae	Anaerosporomusa subterranea	6556.0	1515	81	88	1392	0.9755	0.8689
AM258975	1580	7888	Sporomusaceae	Pelosinus propionicus	AJ279798	1528	7640	Sporomusaceae	Sporomusa acidovorans	6639.0	1532	93	97	1409	0.9819	0.8690
AM258975	1580	7888	Sporomusaceae	Pelosinus propionicus	AJ010961	1506	7530	Sporomusaceae	Anaeroarcus burkinensis	6550.0	1512	70	76	1392	0.9694	0.8699
AM258975	1580	7888	Sporomusaceae	Pelosinus propionicus	AJ010964	1510	7508	Sporomusaceae	Acetonema longum	6596.0	1512	68	70	1396	0.9681	0.8785
AM258975	1580	7888	Sporomusaceae	Pelosinus propionicus	AM158322	1387	6929	Sporomusaceae	Sporomusa rhizae	6104.0	1389	73	75	1288	0.9802	0.8809
AM258975	1580	7888	Sporomusaceae	Pelosinus propionicus	DQ145536	1404	7020	Sporomusaceae	Pelosinus fermentans	6921.0	1404	3	3	1393	0.9943	0.9859
AM258975	1580	7888	Sporomusaceae	Pelosinus propionicus	AJ010962	1506	7410	Sporomusaceae	Dendrosporobacter quercicolus	6544.0	1509	74	77	1386	0.9679	0.8831
AM258975	1580	7888	Sporomusaceae	Pelosinus propionicus	AJ279799	1533	7665	Sporomusaceae	Sporomusa malonica	6622.0	1533	91	91	1408	0.9764	0.8639
AM258975	1580	7888	Sporomusaceae	Pelosinus propionicus	JF750003	1650	8250	Sporomusaceae	Pelosinus defluvii	7390.0	1549	115	14	1520	0.9902	0.9369
AM258975	1580	7888	Sporomusaceae	Pelosinus propionicus	AJ279800	1500	7500	Sporomusaceae	Sporomusa ovata	6470.0	1543	92	135	1383	0.9822	0.8627
AM258975	1580	7888	Sporomusaceae	Pelosinus propionicus	Y09976	1481	7387	Sporomusaceae	Sporomusa silvacetica	6441.0	1480	82	81	1366	0.9764	0.8719
AM258975	1580	7888	Sporomusaceae	Pelosinus propionicus	AJ506191	1548	7728	Sporomusaceae	Sporomusa aerivorans	6825.0	1553	82	87	1441	0.9829	0.8832
AM258975	1580	7888	Sporomusaceae	Pelosinus propionicus	AJ279801	1524	7620	Sporomusaceae	Sporomusa sphaeroides	6662.0	1526	83	85	1410	0.9785	0.8743
AM258975	1580	7888	Sporomusaceae	Pelosinus propionicus	AY372050	1517	7585	Sporomusaceae	Anaerospora hongkongensis	6423.0	1489	106	78	1372	0.9724	0.8468
AM258975	1580	7888	Sporomusaceae	Pelosinus propionicus	AAWL01000022	1554	7770	Sporomusaceae	Thermosinus carboxydivorans	6645.0	1550	101	97	1418	0.9759	0.8552
AM258975	1580	7888	Sporomusaceae	Pelosinus propionicus	FR749939	1547	7735	Sporomusaceae	Sporomusa paucivorans	6777.0	1549	85	87	1433	0.9802	0.8761
AM258975	1580	7888	Sporomusaceae	Pelosinus propionicus	FJ169187	1410	7050	Sporomusaceae	Sporolituus thermophilus	5987.0	1407	102	99	1281	0.9794	0.8492
AM258975	1580	7888	Sporomusaceae	Pelosinus propionicus	AJ010960	1511	7543	Sporomusaceae	Anaerosinus glycerini	6665.0	1512	72	73	1405	0.9764	0.8836
AM258975	1580	7888	Sporomusaceae	Pelosinus propionicus	AJ508927	1547	7735	Sporomusaceae	Propionispora hippei	6760.0	1546	89	88	1430	0.9808	0.8739
AM258975	1580	7888	Sporomusaceae	Pelosinus propionicus	AF071415	1530	7644	Sporomusaceae	Anaeromusa acidaminophila	6620.0	1538	72	80	1410	0.9671	0.8660
AM258975	1580	7888	Sporomusaceae	Pelosinus propionicus	AJ279802	1520	7600	Sporomusaceae	Propionispora vibrioides	6634.0	1519	89	88	1404	0.9811	0.8729
KX268498	1509	7545	Sporomusaceae	Anaerosporomusa subterranea	AJ279798	1528	7640	Sporomusaceae	Sporomusa acidovorans	6642.0	1507	78	75	1402	0.9791	0.8803
KX268498	1509	7545	Sporomusaceae	Anaerosporomusa subterranea	AJ010961	1506	7530	Sporomusaceae	Anaeroarcus burkinensis	6500.0	1488	73	72	1378	0.9732	0.8632
KX268498	1509	7545	Sporomusaceae	Anaerosporomusa subterranea	AJ010964	1510	7508	Sporomusaceae	Acetonema longum	6598.0	1488	75	70	1385	0.9767	0.8788
KX268498	1509	7545	Sporomusaceae	Anaerosporomusa subterranea	AM158322	1387	6929	Sporomusaceae	Sporomusa rhizae	6069.0	1386	63	62	1285	0.9705	0.8759
KX268498	1509	7545	Sporomusaceae	Anaerosporomusa subterranea	DQ145536	1404	7020	Sporomusaceae	Pelosinus fermentans	6047.0	1399	80	77	1287	0.9735	0.8614
KX268498	1509	7545	Sporomusaceae	Anaerosporomusa subterranea	AJ010962	1506	7410	Sporomusaceae	Dendrosporobacter quercicolus	6505.0	1485	63	59	1375	0.9642	0.8779
KX268498	1509	7545	Sporomusaceae	Anaerosporomusa subterranea	AJ279799	1533	7665	Sporomusaceae	Sporomusa malonica	6563.0	1507	85	78	1394	0.9755	0.8698
KX268498	1509	7545	Sporomusaceae	Anaerosporomusa subterranea	JF750003	1650	8250	Sporomusaceae	Pelosinus defluvii	6498.0	1506	183	75	1397	0.9762	0.8612
KX268498	1509	7545	Sporomusaceae	Anaerosporomusa subterranea	AJ279800	1500	7500	Sporomusaceae	Sporomusa ovata	6463.0	1496	92	89	1375	0.9773	0.8617
KX268498	1509	7545	Sporomusaceae	Anaerosporomusa subterranea	Y09976	1481	7387	Sporomusaceae	Sporomusa silvacetica	6425.0	1473	86	78	1363	0.9771	0.8698
KX268498	1509	7545	Sporomusaceae	Anaerosporomusa subterranea	AJ506191	1548	7728	Sporomusaceae	Sporomusa aerivorans	6672.0	1508	67	65	1406	0.9744	0.8843
KX268498	1509	7545	Sporomusaceae	Anaerosporomusa subterranea	AJ279801	1524	7620	Sporomusaceae	Sporomusa sphaeroides	6674.0	1507	68	63	1407	0.9744	0.8846
KX268498	1509	7545	Sporomusaceae	Anaerosporomusa subterranea	AY372050	1517	7585	Sporomusaceae	Anaerospora hongkongensis	6437.0	1476	108	67	1371	0.9730	0.8531
KX268498	1509	7545	Sporomusaceae	Anaerosporomusa subterranea	AAWL01000022	1554	7770	Sporomusaceae	Thermosinus carboxydivorans	6457.0	1508	100	89	1381	0.9732	0.8558
KX268498	1509	7545	Sporomusaceae	Anaerosporomusa subterranea	FR749939	1547	7735	Sporomusaceae	Sporomusa paucivorans	6661.0	1507	74	69	1405	0.9771	0.8828
KX268498	1509	7545	Sporomusaceae	Anaerosporomusa subterranea	FJ169187	1410	7050	Sporomusaceae	Sporolituus thermophilus	5906.0	1389	86	90	1264	0.9731	0.8377
KX268498	1509	7545	Sporomusaceae	Anaerosporomusa subterranea	AJ010960	1511	7543	Sporomusaceae	Anaerosinus glycerini	6390.0	1488	92	86	1364	0.9729	0.8471
KX268498	1509	7545	Sporomusaceae	Anaerosporomusa subterranea	AJ508927	1547	7735	Sporomusaceae	Propionispora hippei	6723.0	1507	68	60	1413	0.9765	0.8911
KX268498	1509	7545	Sporomusaceae	Anaerosporomusa subterranea	AF071415	1530	7644	Sporomusaceae	Anaeromusa acidaminophila	6524.0	1499	72	73	1385	0.9712	0.8647
KX268498	1509	7545	Sporomusaceae	Anaerosporomusa subterranea	AJ279802	1520	7600	Sporomusaceae	Propionispora vibrioides	6672.0	1507	77	69	1406	0.9777	0.8843
AJ279798	1528	7640	Sporomusaceae	Sporomusa acidovorans	AJ010961	1506	7530	Sporomusaceae	Anaeroarcus burkinensis	6498.0	1508	88	90	1385	0.9767	0.8629
AJ279798	1528	7640	Sporomusaceae	Sporomusa acidovorans	AJ010964	1510	7508	Sporomusaceae	Acetonema longum	6524.0	1508	83	81	1386	0.9713	0.8689
AJ279798	1528	7640	Sporomusaceae	Sporomusa acidovorans	AM158322	1387	6929	Sporomusaceae	Sporomusa rhizae	6429.0	1387	43	43	1326	0.9866	0.9278
AJ279798	1528	7640	Sporomusaceae	Sporomusa acidovorans	DQ145536	1404	7020	Sporomusaceae	Pelosinus fermentans	6019.0	1413	92	101	1286	0.9802	0.8574
AJ279798	1528	7640	Sporomusaceae	Sporomusa acidovorans	AJ010962	1506	7410	Sporomusaceae	Dendrosporobacter quercicolus	6543.0	1505	69	68	1386	0.9645	0.8830
AJ279798	1528	7640	Sporomusaceae	Sporomusa acidovorans	AJ279799	1533	7665	Sporomusaceae	Sporomusa malonica	7038.0	1528	50	46	1457	0.9831	0.9212
AJ279798	1528	7640	Sporomusaceae	Sporomusa acidovorans	JF750003	1650	8250	Sporomusaceae	Pelosinus defluvii	6494.0	1527	196	91	1405	0.9784	0.8500
AJ279798	1528	7640	Sporomusaceae	Sporomusa acidovorans	AJ279800	1500	7500	Sporomusaceae	Sporomusa ovata	6883.0	1525	43	72	1429	0.9835	0.9177
AJ279798	1528	7640	Sporomusaceae	Sporomusa acidovorans	Y09976	1481	7387	Sporomusaceae	Sporomusa silvacetica	6835.0	1476	43	38	1412	0.9819	0.9253
AJ279798	1528	7640	Sporomusaceae	Sporomusa acidovorans	AJ506191	1548	7728	Sporomusaceae	Sporomusa aerivorans	7126.0	1528	36	37	1467	0.9839	0.9327
AJ279798	1528	7640	Sporomusaceae	Sporomusa acidovorans	AJ279801	1524	7620	Sporomusaceae	Sporomusa sphaeroides	7097.0	1522	35	33	1462	0.9819	0.9314
AJ279798	1528	7640	Sporomusaceae	Sporomusa acidovorans	AY372050	1517	7585	Sporomusaceae	Anaerospora hongkongensis	6409.0	1479	120	82	1367	0.9785	0.8450
AJ279798	1528	7640	Sporomusaceae	Sporomusa acidovorans	AAWL01000022	1554	7770	Sporomusaceae	Thermosinus carboxydivorans	6541.0	1528	103	95	1397	0.9749	0.8562
AJ279798	1528	7640	Sporomusaceae	Sporomusa acidovorans	FR749939	1547	7735	Sporomusaceae	Sporomusa paucivorans	7162.0	1528	36	34	1472	0.9853	0.9374
AJ279798	1528	7640	Sporomusaceae	Sporomusa acidovorans	FJ169187	1410	7050	Sporomusaceae	Sporolituus thermophilus	5996.0	1401	95	90	1280	0.9764	0.8505
AJ279798	1528	7640	Sporomusaceae	Sporomusa acidovorans	AJ010960	1511	7543	Sporomusaceae	Anaerosinus glycerini	6469.0	1508	103	100	1379	0.9794	0.8576
AJ279798	1528	7640	Sporomusaceae	Sporomusa acidovorans	AJ508927	1547	7735	Sporomusaceae	Propionispora hippei	6785.0	1528	74	69	1428	0.9788	0.8881
AJ279798	1528	7640	Sporomusaceae	Sporomusa acidovorans	AF071415	1530	7644	Sporomusaceae	Anaeromusa acidaminophila	6524.0	1520	91	95	1392	0.9768	0.8539
AJ279798	1528	7640	Sporomusaceae	Sporomusa acidovorans	AJ279802	1520	7600	Sporomusaceae	Propionispora vibrioides	6721.0	1515	73	68	1415	0.9779	0.8843
AJ010961	1506	7530	Sporomusaceae	Anaeroarcus burkinensis	AJ010964	1510	7508	Sporomusaceae	Acetonema longum	6435.0	1506	93	89	1375	0.9704	0.8571
AJ010961	1506	7530	Sporomusaceae	Anaeroarcus burkinensis	AM158322	1387	6929	Sporomusaceae	Sporomusa rhizae	6048.0	1385	79	77	1281	0.9794	0.8729
AJ010961	1506	7530	Sporomusaceae	Anaeroarcus burkinensis	DQ145536	1404	7020	Sporomusaceae	Pelosinus fermentans	6049.0	1411	75	82	1290	0.9707	0.8617
AJ010961	1506	7530	Sporomusaceae	Anaeroarcus burkinensis	AJ010962	1506	7410	Sporomusaceae	Dendrosporobacter quercicolus	6551.0	1503	63	60	1387	0.9612	0.8841
AJ010961	1506	7530	Sporomusaceae	Anaeroarcus burkinensis	AJ279799	1533	7665	Sporomusaceae	Sporomusa malonica	6494.0	1506	94	88	1385	0.9767	0.8624
AJ010961	1506	7530	Sporomusaceae	Anaeroarcus burkinensis	JF750003	1650	8250	Sporomusaceae	Pelosinus defluvii	6478.0	1506	109	77	1387	0.9706	0.8603
AJ010961	1506	7530	Sporomusaceae	Anaeroarcus burkinensis	AJ279800	1500	7500	Sporomusaceae	Sporomusa ovata	6302.0	1504	91	118	1353	0.9762	0.8403
AJ010961	1506	7530	Sporomusaceae	Anaeroarcus burkinensis	Y09976	1481	7387	Sporomusaceae	Sporomusa silvacetica	6346.0	1474	91	84	1354	0.9741	0.8591
AJ010961	1506	7530	Sporomusaceae	Anaeroarcus burkinensis	AJ506191	1548	7728	Sporomusaceae	Sporomusa aerivorans	6592.0	1506	81	80	1396	0.9790	0.8754
AJ010961	1506	7530	Sporomusaceae	Anaeroarcus burkinensis	AJ279801	1524	7620	Sporomusaceae	Sporomusa sphaeroides	6505.0	1501	88	84	1384	0.9767	0.8639
AJ010961	1506	7530	Sporomusaceae	Anaeroarcus burkinensis	AY372050	1517	7585	Sporomusaceae	Anaerospora hongkongensis	6326.0	1461	108	71	1351	0.9719	0.8401
AJ010961	1506	7530	Sporomusaceae	Anaeroarcus burkinensis	AAWL01000022	1554	7770	Sporomusaceae	Thermosinus carboxydivorans	6389.0	1506	103	93	1373	0.9717	0.8485
AJ010961	1506	7530	Sporomusaceae	Anaeroarcus burkinensis	FR749939	1547	7735	Sporomusaceae	Sporomusa paucivorans	6538.0	1506	88	84	1390	0.9775	0.8683
AJ010961	1506	7530	Sporomusaceae	Anaeroarcus burkinensis	FJ169187	1410	7050	Sporomusaceae	Sporolituus thermophilus	5962.0	1398	99	92	1277	0.9778	0.8457
AJ010961	1506	7530	Sporomusaceae	Anaeroarcus burkinensis	AJ010960	1511	7543	Sporomusaceae	Anaerosinus glycerini	6504.0	1506	89	84	1385	0.9740	0.8637
AJ010961	1506	7530	Sporomusaceae	Anaeroarcus burkinensis	AJ508927	1547	7735	Sporomusaceae	Propionispora hippei	6651.0	1506	74	67	1404	0.9757	0.8833
AJ010961	1506	7530	Sporomusaceae	Anaeroarcus burkinensis	AF071415	1530	7644	Sporomusaceae	Anaeromusa acidaminophila	7437.0	1506	1	3	1495	0.9947	0.9876
AJ010961	1506	7530	Sporomusaceae	Anaeroarcus burkinensis	AJ279802	1520	7600	Sporomusaceae	Propionispora vibrioides	6567.0	1494	80	73	1389	0.9775	0.8721
AJ010964	1510	7508	Sporomusaceae	Acetonema longum	AM158322	1387	6929	Sporomusaceae	Sporomusa rhizae	6087.0	1389	72	74	1284	0.9764	0.8785
AJ010964	1510	7508	Sporomusaceae	Acetonema longum	DQ145536	1404	7020	Sporomusaceae	Pelosinus fermentans	6116.0	1415	68	79	1297	0.9708	0.8712
AJ010964	1510	7508	Sporomusaceae	Acetonema longum	AJ010962	1506	7410	Sporomusaceae	Dendrosporobacter quercicolus	6458.0	1507	87	88	1373	0.9676	0.8715
AJ010964	1510	7508	Sporomusaceae	Acetonema longum	AJ279799	1533	7665	Sporomusaceae	Sporomusa malonica	6449.0	1510	104	102	1376	0.9773	0.8590
AJ010964	1510	7508	Sporomusaceae	Acetonema longum	JF750003	1650	8250	Sporomusaceae	Pelosinus defluvii	6501.0	1510	176	73	1396	0.9715	0.8659
AJ010964	1510	7508	Sporomusaceae	Acetonema longum	AJ279800	1500	7500	Sporomusaceae	Sporomusa ovata	6363.0	1508	88	119	1358	0.9777	0.8484
AJ010964	1510	7508	Sporomusaceae	Acetonema longum	Y09976	1481	7387	Sporomusaceae	Sporomusa silvacetica	6377.0	1478	85	82	1357	0.9721	0.8633
AJ010964	1510	7508	Sporomusaceae	Acetonema longum	AJ506191	1548	7728	Sporomusaceae	Sporomusa aerivorans	6653.0	1510	72	75	1401	0.9763	0.8861
AJ010964	1510	7508	Sporomusaceae	Acetonema longum	AJ279801	1524	7620	Sporomusaceae	Sporomusa sphaeroides	6567.0	1505	79	79	1388	0.9734	0.8747
AJ010964	1510	7508	Sporomusaceae	Acetonema longum	AY372050	1517	7585	Sporomusaceae	Anaerospora hongkongensis	6263.0	1465	123	90	1340	0.9745	0.8342
AJ010964	1510	7508	Sporomusaceae	Acetonema longum	AAWL01000022	1554	7770	Sporomusaceae	Thermosinus carboxydivorans	6442.0	1510	99	93	1377	0.9718	0.8580
AJ010964	1510	7508	Sporomusaceae	Acetonema longum	FR749939	1547	7735	Sporomusaceae	Sporomusa paucivorans	6575.0	1510	78	78	1391	0.9714	0.8757
AJ010964	1510	7508	Sporomusaceae	Acetonema longum	FJ169187	1410	7050	Sporomusaceae	Sporolituus thermophilus	6030.0	1409	83	87	1284	0.9713	0.8553
AJ010964	1510	7508	Sporomusaceae	Acetonema longum	AJ010960	1511	7543	Sporomusaceae	Anaerosinus glycerini	6418.0	1510	88	87	1373	0.9649	0.8548
AJ010964	1510	7508	Sporomusaceae	Acetonema longum	AJ508927	1547	7735	Sporomusaceae	Propionispora hippei	6653.0	1510	74	71	1402	0.9743	0.8861
AJ010964	1510	7508	Sporomusaceae	Acetonema longum	AF071415	1530	7644	Sporomusaceae	Anaeromusa acidaminophila	6413.0	1510	90	96	1372	0.9703	0.8542
AJ010964	1510	7508	Sporomusaceae	Acetonema longum	AJ279802	1520	7600	Sporomusaceae	Propionispora vibrioides	6587.0	1498	74	71	1389	0.9734	0.8773
AM158322	1387	6929	Sporomusaceae	Sporomusa rhizae	DQ145536	1404	7020	Sporomusaceae	Pelosinus fermentans	5928.0	1369	74	83	1257	0.9774	0.8555
AM158322	1387	6929	Sporomusaceae	Sporomusa rhizae	AJ010962	1506	7410	Sporomusaceae	Dendrosporobacter quercicolus	6103.0	1387	72	73	1287	0.9795	0.8808
AM158322	1387	6929	Sporomusaceae	Sporomusa rhizae	AJ279799	1533	7665	Sporomusaceae	Sporomusa malonica	6542.0	1387	26	24	1341	0.9839	0.9441
AM158322	1387	6929	Sporomusaceae	Sporomusa rhizae	JF750003	1650	8250	Sporomusaceae	Pelosinus defluvii	6055.0	1387	78	75	1282	0.9771	0.8739
AM158322	1387	6929	Sporomusaceae	Sporomusa rhizae	AJ279800	1500	7500	Sporomusaceae	Sporomusa ovata	6547.0	1387	43	20	1345	0.9839	0.9449
AM158322	1387	6929	Sporomusaceae	Sporomusa rhizae	Y09976	1481	7387	Sporomusaceae	Sporomusa silvacetica	6513.0	1387	29	26	1338	0.9831	0.9400
AM158322	1387	6929	Sporomusaceae	Sporomusa rhizae	AJ506191	1548	7728	Sporomusaceae	Sporomusa aerivorans	6675.0	1387	16	17	1356	0.9898	0.9633
AM158322	1387	6929	Sporomusaceae	Sporomusa rhizae	AJ279801	1524	7620	Sporomusaceae	Sporomusa sphaeroides	6517.0	1387	30	28	1338	0.9845	0.9405
AM158322	1387	6929	Sporomusaceae	Sporomusa rhizae	AY372050	1517	7585	Sporomusaceae	Anaerospora hongkongensis	6114.0	1387	67	71	1289	0.9795	0.8824
AM158322	1387	6929	Sporomusaceae	Sporomusa rhizae	AAWL01000022	1554	7770	Sporomusaceae	Thermosinus carboxydivorans	5907.0	1387	87	81	1266	0.9694	0.8525
AM158322	1387	6929	Sporomusaceae	Sporomusa rhizae	FR749939	1547	7735	Sporomusaceae	Sporomusa paucivorans	6534.0	1387	28	26	1340	0.9846	0.9430
AM158322	1387	6929	Sporomusaceae	Sporomusa rhizae	FJ169187	1410	7050	Sporomusaceae	Sporolituus thermophilus	5741.0	1341	84	79	1227	0.9723	0.8285
AM158322	1387	6929	Sporomusaceae	Sporomusa rhizae	AJ010960	1511	7543	Sporomusaceae	Anaerosinus glycerini	6019.0	1387	69	68	1278	0.9689	0.8687
AM158322	1387	6929	Sporomusaceae	Sporomusa rhizae	AJ508927	1547	7735	Sporomusaceae	Propionispora hippei	6205.0	1387	52	51	1301	0.9738	0.8955
AM158322	1387	6929	Sporomusaceae	Sporomusa rhizae	AF071415	1530	7644	Sporomusaceae	Anaeromusa acidaminophila	6024.0	1387	75	79	1278	0.9771	0.8694
AM158322	1387	6929	Sporomusaceae	Sporomusa rhizae	AJ279802	1520	7600	Sporomusaceae	Propionispora vibrioides	6189.0	1387	53	52	1299	0.9730	0.8932
DQ145536	1404	7020	Sporomusaceae	Pelosinus fermentans	AJ010962	1506	7410	Sporomusaceae	Dendrosporobacter quercicolus	6122.0	1404	74	77	1297	0.9774	0.8721
DQ145536	1404	7020	Sporomusaceae	Pelosinus fermentans	AJ279799	1533	7665	Sporomusaceae	Sporomusa malonica	6022.0	1404	97	86	1287	0.9765	0.8578
DQ145536	1404	7020	Sporomusaceae	Pelosinus fermentans	JF750003	1650	8250	Sporomusaceae	Pelosinus defluvii	6814.0	1404	13	12	1380	0.9914	0.9707
DQ145536	1404	7020	Sporomusaceae	Pelosinus fermentans	AJ279800	1500	7500	Sporomusaceae	Sporomusa ovata	5928.0	1396	105	101	1270	0.9807	0.8444
DQ145536	1404	7020	Sporomusaceae	Pelosinus fermentans	Y09976	1481	7387	Sporomusaceae	Sporomusa silvacetica	6037.0	1395	92	80	1286	0.9779	0.8600
DQ145536	1404	7020	Sporomusaceae	Pelosinus fermentans	AJ506191	1548	7728	Sporomusaceae	Sporomusa aerivorans	6083.0	1404	92	84	1293	0.9795	0.8665
DQ145536	1404	7020	Sporomusaceae	Pelosinus fermentans	AJ279801	1524	7620	Sporomusaceae	Sporomusa sphaeroides	6059.0	1404	94	83	1291	0.9773	0.8631
DQ145536	1404	7020	Sporomusaceae	Pelosinus fermentans	AY372050	1517	7585	Sporomusaceae	Anaerospora hongkongensis	5954.0	1377	76	77	1267	0.9746	0.8481
DQ145536	1404	7020	Sporomusaceae	Pelosinus fermentans	AAWL01000022	1554	7770	Sporomusaceae	Thermosinus carboxydivorans	5954.0	1404	99	95	1277	0.9756	0.8481
DQ145536	1404	7020	Sporomusaceae	Pelosinus fermentans	FR749939	1547	7735	Sporomusaceae	Sporomusa paucivorans	6044.0	1404	96	85	1289	0.9773	0.8610
DQ145536	1404	7020	Sporomusaceae	Pelosinus fermentans	FJ169187	1410	7050	Sporomusaceae	Sporolituus thermophilus	5869.0	1387	105	102	1259	0.9798	0.8360
DQ145536	1404	7020	Sporomusaceae	Pelosinus fermentans	AJ010960	1511	7543	Sporomusaceae	Anaerosinus glycerini	6175.0	1404	66	67	1303	0.9746	0.8796
DQ145536	1404	7020	Sporomusaceae	Pelosinus fermentans	AJ508927	1547	7735	Sporomusaceae	Propionispora hippei	6074.0	1404	93	83	1293	0.9788	0.8652
DQ145536	1404	7020	Sporomusaceae	Pelosinus fermentans	AF071415	1530	7644	Sporomusaceae	Anaeromusa acidaminophila	6020.0	1404	79	74	1287	0.9677	0.8575
DQ145536	1404	7020	Sporomusaceae	Pelosinus fermentans	AJ279802	1520	7600	Sporomusaceae	Propionispora vibrioides	6080.0	1404	95	85	1293	0.9803	0.8661
AJ010962	1506	7410	Sporomusaceae	Dendrosporobacter quercicolus	AJ279799	1533	7665	Sporomusaceae	Sporomusa malonica	6490.0	1506	83	80	1379	0.9670	0.8758
AJ010962	1506	7410	Sporomusaceae	Dendrosporobacter quercicolus	JF750003	1650	8250	Sporomusaceae	Pelosinus defluvii	6455.0	1506	109	99	1377	0.9787	0.8711
AJ010962	1506	7410	Sporomusaceae	Dendrosporobacter quercicolus	AJ279800	1500	7500	Sporomusaceae	Sporomusa ovata	6366.0	1478	82	83	1352	0.9692	0.8591
AJ010962	1506	7410	Sporomusaceae	Dendrosporobacter quercicolus	Y09976	1481	7387	Sporomusaceae	Sporomusa silvacetica	6373.0	1477	83	79	1356	0.9700	0.8627
AJ010962	1506	7410	Sporomusaceae	Dendrosporobacter quercicolus	AJ506191	1548	7728	Sporomusaceae	Sporomusa aerivorans	6574.0	1506	71	73	1388	0.9686	0.8872
AJ010962	1506	7410	Sporomusaceae	Dendrosporobacter quercicolus	AJ279801	1524	7620	Sporomusaceae	Sporomusa sphaeroides	6502.0	1501	73	72	1379	0.9650	0.8775
AJ010962	1506	7410	Sporomusaceae	Dendrosporobacter quercicolus	AY372050	1517	7585	Sporomusaceae	Anaerospora hongkongensis	6438.0	1458	95	58	1358	0.9700	0.8688
AJ010962	1506	7410	Sporomusaceae	Dendrosporobacter quercicolus	AAWL01000022	1554	7770	Sporomusaceae	Thermosinus carboxydivorans	6406.0	1506	82	75	1370	0.9574	0.8645
AJ010962	1506	7410	Sporomusaceae	Dendrosporobacter quercicolus	FR749939	1547	7735	Sporomusaceae	Sporomusa paucivorans	6542.0	1506	73	72	1386	0.9665	0.8829
AJ010962	1506	7410	Sporomusaceae	Dendrosporobacter quercicolus	FJ169187	1410	7050	Sporomusaceae	Sporolituus thermophilus	6074.0	1399	79	73	1290	0.9729	0.8616
AJ010962	1506	7410	Sporomusaceae	Dendrosporobacter quercicolus	AJ010960	1511	7543	Sporomusaceae	Anaerosinus glycerini	6678.0	1506	57	55	1401	0.9655	0.9012
AJ010962	1506	7410	Sporomusaceae	Dendrosporobacter quercicolus	AJ508927	1547	7735	Sporomusaceae	Propionispora hippei	6715.0	1506	62	58	1406	0.9710	0.9062
AJ010962	1506	7410	Sporomusaceae	Dendrosporobacter quercicolus	AF071415	1530	7644	Sporomusaceae	Anaeromusa acidaminophila	6512.0	1506	63	68	1382	0.9611	0.8788
AJ010962	1506	7410	Sporomusaceae	Dendrosporobacter quercicolus	AJ279802	1520	7600	Sporomusaceae	Propionispora vibrioides	6629.0	1494	64	60	1391	0.9700	0.8946
AJ279799	1533	7665	Sporomusaceae	Sporomusa malonica	JF750003	1650	8250	Sporomusaceae	Pelosinus defluvii	6519.0	1532	193	92	1409	0.9785	0.8505
AJ279799	1533	7665	Sporomusaceae	Sporomusa malonica	AJ279800	1500	7500	Sporomusaceae	Sporomusa ovata	6965.0	1533	24	63	1441	0.9803	0.9287
AJ279799	1533	7665	Sporomusaceae	Sporomusa malonica	Y09976	1481	7387	Sporomusaceae	Sporomusa silvacetica	6924.0	1480	36	35	1424	0.9855	0.9373
AJ279799	1533	7665	Sporomusaceae	Sporomusa malonica	AJ506191	1548	7728	Sporomusaceae	Sporomusa aerivorans	7185.0	1533	25	30	1476	0.9820	0.9374
AJ279799	1533	7665	Sporomusaceae	Sporomusa malonica	AJ279801	1524	7620	Sporomusaceae	Sporomusa sphaeroides	7256.0	1526	22	24	1482	0.9867	0.9522
AJ279799	1533	7665	Sporomusaceae	Sporomusa malonica	AY372050	1517	7585	Sporomusaceae	Anaerospora hongkongensis	6513.0	1483	108	74	1381	0.9801	0.8587
AJ279799	1533	7665	Sporomusaceae	Sporomusa malonica	AAWL01000022	1554	7770	Sporomusaceae	Thermosinus carboxydivorans	6576.0	1533	102	98	1404	0.9784	0.8579
AJ279799	1533	7665	Sporomusaceae	Sporomusa malonica	FR749939	1547	7735	Sporomusaceae	Sporomusa paucivorans	7284.0	1533	23	25	1488	0.9867	0.9503
AJ279799	1533	7665	Sporomusaceae	Sporomusa malonica	FJ169187	1410	7050	Sporomusaceae	Sporolituus thermophilus	6064.0	1404	90	87	1291	0.9803	0.8601
AJ279799	1533	7665	Sporomusaceae	Sporomusa malonica	AJ010960	1511	7543	Sporomusaceae	Anaerosinus glycerini	6531.0	1512	88	89	1388	0.9754	0.8658
AJ279799	1533	7665	Sporomusaceae	Sporomusa malonica	AJ508927	1547	7735	Sporomusaceae	Propionispora hippei	6800.0	1533	71	70	1431	0.9781	0.8871
AJ279799	1533	7665	Sporomusaceae	Sporomusa malonica	AF071415	1530	7644	Sporomusaceae	Anaeromusa acidaminophila	6537.0	1525	87	95	1395	0.9755	0.8552
AJ279799	1533	7665	Sporomusaceae	Sporomusa malonica	AJ279802	1520	7600	Sporomusaceae	Propionispora vibrioides	6720.0	1519	73	72	1415	0.9779	0.8842
JF750003	1650	8250	Sporomusaceae	Pelosinus defluvii	AJ279800	1500	7500	Sporomusaceae	Sporomusa ovata	6408.0	1643	83	227	1390	0.9816	0.8544
JF750003	1650	8250	Sporomusaceae	Pelosinus defluvii	Y09976	1481	7387	Sporomusaceae	Sporomusa silvacetica	6291.0	1581	87	187	1361	0.9763	0.8516
JF750003	1650	8250	Sporomusaceae	Pelosinus defluvii	AJ506191	1548	7728	Sporomusaceae	Sporomusa aerivorans	6650.0	1650	82	188	1430	0.9781	0.8605
JF750003	1650	8250	Sporomusaceae	Pelosinus defluvii	AJ279801	1524	7620	Sporomusaceae	Sporomusa sphaeroides	6498.0	1626	89	192	1403	0.9784	0.8528
JF750003	1650	8250	Sporomusaceae	Pelosinus defluvii	AY372050	1517	7585	Sporomusaceae	Anaerospora hongkongensis	6550.0	1589	80	153	1405	0.9784	0.8635
JF750003	1650	8250	Sporomusaceae	Pelosinus defluvii	AAWL01000022	1554	7770	Sporomusaceae	Thermosinus carboxydivorans	6576.0	1649	98	195	1422	0.9780	0.8463
JF750003	1650	8250	Sporomusaceae	Pelosinus defluvii	FR749939	1547	7735	Sporomusaceae	Sporomusa paucivorans	6616.0	1649	91	194	1426	0.9801	0.8553
JF750003	1650	8250	Sporomusaceae	Pelosinus defluvii	FJ169187	1410	7050	Sporomusaceae	Sporolituus thermophilus	5958.0	1408	107	105	1277	0.9800	0.8451
JF750003	1650	8250	Sporomusaceae	Pelosinus defluvii	AJ010960	1511	7543	Sporomusaceae	Anaerosinus glycerini	6613.0	1613	65	167	1412	0.9765	0.8767
JF750003	1650	8250	Sporomusaceae	Pelosinus defluvii	AJ508927	1547	7735	Sporomusaceae	Propionispora hippei	6652.0	1646	85	185	1431	0.9795	0.8600
JF750003	1650	8250	Sporomusaceae	Pelosinus defluvii	AF071415	1530	7644	Sporomusaceae	Anaeromusa acidaminophila	6570.0	1639	64	173	1418	0.9673	0.8595
JF750003	1650	8250	Sporomusaceae	Pelosinus defluvii	AJ279802	1520	7600	Sporomusaceae	Propionispora vibrioides	6505.0	1619	88	188	1402	0.9797	0.8559
AJ279800	1500	7500	Sporomusaceae	Sporomusa ovata	Y09976	1481	7387	Sporomusaceae	Sporomusa silvacetica	6930.0	1472	44	39	1420	0.9909	0.9381
AJ279800	1500	7500	Sporomusaceae	Sporomusa ovata	AJ506191	1548	7728	Sporomusaceae	Sporomusa aerivorans	7020.0	1500	61	23	1450	0.9817	0.9360
AJ279800	1500	7500	Sporomusaceae	Sporomusa ovata	AJ279801	1524	7620	Sporomusaceae	Sporomusa sphaeroides	6932.0	1498	65	39	1435	0.9836	0.9243
AJ279800	1500	7500	Sporomusaceae	Sporomusa ovata	AY372050	1517	7585	Sporomusaceae	Anaerospora hongkongensis	6529.0	1495	107	85	1384	0.9816	0.8705
AJ279800	1500	7500	Sporomusaceae	Sporomusa ovata	AAWL01000022	1554	7770	Sporomusaceae	Thermosinus carboxydivorans	6439.0	1500	133	86	1382	0.9774	0.8585
AJ279800	1500	7500	Sporomusaceae	Sporomusa ovata	FR749939	1547	7735	Sporomusaceae	Sporomusa paucivorans	6969.0	1500	70	29	1444	0.9816	0.9292
AJ279800	1500	7500	Sporomusaceae	Sporomusa ovata	FJ169187	1410	7050	Sporomusaceae	Sporolituus thermophilus	5869.0	1368	116	74	1261	0.9745	0.8325
AJ279800	1500	7500	Sporomusaceae	Sporomusa ovata	AJ010960	1511	7543	Sporomusaceae	Anaerosinus glycerini	6410.0	1477	111	79	1364	0.9757	0.8547
AJ279800	1500	7500	Sporomusaceae	Sporomusa ovata	AJ508927	1547	7735	Sporomusaceae	Propionispora hippei	6633.0	1500	107	63	1405	0.9777	0.8844
AJ279800	1500	7500	Sporomusaceae	Sporomusa ovata	AF071415	1530	7644	Sporomusaceae	Anaeromusa acidaminophila	6358.0	1492	126	91	1367	0.9757	0.8477
AJ279800	1500	7500	Sporomusaceae	Sporomusa ovata	AJ279802	1520	7600	Sporomusaceae	Propionispora vibrioides	6595.0	1499	76	71	1393	0.9755	0.8793
Y09976	1481	7387	Sporomusaceae	Sporomusa silvacetica	AJ506191	1548	7728	Sporomusaceae	Sporomusa aerivorans	6989.0	1481	25	31	1431	0.9869	0.9461
Y09976	1481	7387	Sporomusaceae	Sporomusa silvacetica	AJ279801	1524	7620	Sporomusaceae	Sporomusa sphaeroides	6963.0	1481	25	28	1429	0.9835	0.9426
Y09976	1481	7387	Sporomusaceae	Sporomusa silvacetica	AY372050	1517	7585	Sporomusaceae	Anaerospora hongkongensis	6408.0	1457	98	65	1358	0.9756	0.8675
Y09976	1481	7387	Sporomusaceae	Sporomusa silvacetica	AAWL01000022	1554	7770	Sporomusaceae	Thermosinus carboxydivorans	6284.0	1481	101	98	1347	0.9740	0.8507
Y09976	1481	7387	Sporomusaceae	Sporomusa silvacetica	FR749939	1547	7735	Sporomusaceae	Sporomusa paucivorans	6967.0	1481	28	31	1429	0.9855	0.9431
Y09976	1481	7387	Sporomusaceae	Sporomusa silvacetica	FJ169187	1410	7050	Sporomusaceae	Sporolituus thermophilus	5912.0	1379	85	83	1263	0.9745	0.8386
Y09976	1481	7387	Sporomusaceae	Sporomusa silvacetica	AJ010960	1511	7543	Sporomusaceae	Anaerosinus glycerini	6416.0	1481	82	84	1361	0.9742	0.8686
Y09976	1481	7387	Sporomusaceae	Sporomusa silvacetica	AJ508927	1547	7735	Sporomusaceae	Propionispora hippei	6614.0	1481	58	58	1388	0.9754	0.8954
Y09976	1481	7387	Sporomusaceae	Sporomusa silvacetica	AF071415	1530	7644	Sporomusaceae	Anaeromusa acidaminophila	6330.0	1481	81	90	1352	0.9720	0.8569
Y09976	1481	7387	Sporomusaceae	Sporomusa silvacetica	AJ279802	1520	7600	Sporomusaceae	Propionispora vibrioides	6611.0	1481	55	55	1388	0.9734	0.8950
AJ506191	1548	7728	Sporomusaceae	Sporomusa aerivorans	AJ279801	1524	7620	Sporomusaceae	Sporomusa sphaeroides	7210.0	1521	22	19	1476	0.9827	0.9462
AJ506191	1548	7728	Sporomusaceae	Sporomusa aerivorans	AY372050	1517	7585	Sporomusaceae	Anaerospora hongkongensis	6483.0	1478	111	72	1376	0.9787	0.8547
AJ506191	1548	7728	Sporomusaceae	Sporomusa aerivorans	AAWL01000022	1554	7770	Sporomusaceae	Thermosinus carboxydivorans	6692.0	1545	88	79	1424	0.9714	0.8659
AJ506191	1548	7728	Sporomusaceae	Sporomusa aerivorans	FR749939	1547	7735	Sporomusaceae	Sporomusa paucivorans	7345.0	1544	21	18	1501	0.9836	0.9504
AJ506191	1548	7728	Sporomusaceae	Sporomusa aerivorans	FJ169187	1410	7050	Sporomusaceae	Sporolituus thermophilus	6112.0	1405	74	69	1298	0.9716	0.8670
AJ506191	1548	7728	Sporomusaceae	Sporomusa aerivorans	AJ010960	1511	7543	Sporomusaceae	Anaerosinus glycerini	6615.0	1507	80	76	1397	0.9762	0.8770
AJ506191	1548	7728	Sporomusaceae	Sporomusa aerivorans	AJ508927	1547	7735	Sporomusaceae	Propionispora hippei	7009.0	1541	56	50	1460	0.9792	0.9070
AJ506191	1548	7728	Sporomusaceae	Sporomusa aerivorans	AF071415	1530	7644	Sporomusaceae	Anaeromusa acidaminophila	6669.0	1533	80	83	1415	0.9759	0.8724
AJ506191	1548	7728	Sporomusaceae	Sporomusa aerivorans	AJ279802	1520	7600	Sporomusaceae	Propionispora vibrioides	6879.0	1514	54	48	1434	0.9782	0.9051
AJ279801	1524	7620	Sporomusaceae	Sporomusa sphaeroides	AY372050	1517	7585	Sporomusaceae	Anaerospora hongkongensis	6564.0	1481	99	63	1387	0.9781	0.8654
AJ279801	1524	7620	Sporomusaceae	Sporomusa sphaeroides	AAWL01000022	1554	7770	Sporomusaceae	Thermosinus carboxydivorans	6526.0	1524	99	93	1395	0.9748	0.8564
AJ279801	1524	7620	Sporomusaceae	Sporomusa sphaeroides	FR749939	1547	7735	Sporomusaceae	Sporomusa paucivorans	7549.0	1524	3	3	1516	0.9967	0.9907
AJ279801	1524	7620	Sporomusaceae	Sporomusa sphaeroides	FJ169187	1410	7050	Sporomusaceae	Sporolituus thermophilus	6012.0	1397	83	80	1282	0.9734	0.8528
AJ279801	1524	7620	Sporomusaceae	Sporomusa sphaeroides	AJ010960	1511	7543	Sporomusaceae	Anaerosinus glycerini	6545.0	1505	81	80	1388	0.9740	0.8677
AJ279801	1524	7620	Sporomusaceae	Sporomusa sphaeroides	AJ508927	1547	7735	Sporomusaceae	Propionispora hippei	6855.0	1524	54	51	1436	0.9749	0.8996
AJ279801	1524	7620	Sporomusaceae	Sporomusa sphaeroides	AF071415	1530	7644	Sporomusaceae	Anaeromusa acidaminophila	6539.0	1516	82	88	1392	0.9748	0.8581
AJ279801	1524	7620	Sporomusaceae	Sporomusa sphaeroides	AJ279802	1520	7600	Sporomusaceae	Propionispora vibrioides	6810.0	1517	52	49	1428	0.9728	0.8961
AY372050	1517	7585	Sporomusaceae	Anaerospora hongkongensis	AAWL01000022	1554	7770	Sporomusaceae	Thermosinus carboxydivorans	6283.0	1517	99	123	1356	0.9727	0.8283
AY372050	1517	7585	Sporomusaceae	Anaerospora hongkongensis	FR749939	1547	7735	Sporomusaceae	Sporomusa paucivorans	6566.0	1517	65	101	1387	0.9795	0.8657
AY372050	1517	7585	Sporomusaceae	Anaerospora hongkongensis	FJ169187	1410	7050	Sporomusaceae	Sporolituus thermophilus	5785.0	1348	87	78	1237	0.9740	0.8206
AY372050	1517	7585	Sporomusaceae	Anaerospora hongkongensis	AJ010960	1511	7543	Sporomusaceae	Anaerosinus glycerini	6365.0	1498	66	101	1355	0.9699	0.8438
AY372050	1517	7585	Sporomusaceae	Anaerospora hongkongensis	AJ508927	1547	7735	Sporomusaceae	Propionispora hippei	6653.0	1517	68	101	1398	0.9873	0.8771
AY372050	1517	7585	Sporomusaceae	Anaerospora hongkongensis	AF071415	1530	7644	Sporomusaceae	Anaeromusa acidaminophila	6355.0	1509	75	114	1358	0.9735	0.8378
AY372050	1517	7585	Sporomusaceae	Anaerospora hongkongensis	AJ279802	1520	7600	Sporomusaceae	Propionispora vibrioides	6615.0	1517	73	106	1393	0.9872	0.8721
AAWL01000022	1554	7770	Sporomusaceae	Thermosinus carboxydivorans	FR749939	1547	7735	Sporomusaceae	Sporomusa paucivorans	6649.0	1553	92	98	1419	0.9753	0.8596
AAWL01000022	1554	7770	Sporomusaceae	Thermosinus carboxydivorans	FJ169187	1410	7050	Sporomusaceae	Sporolituus thermophilus	6813.0	1411	15	16	1383	0.9914	0.9664
AAWL01000022	1554	7770	Sporomusaceae	Thermosinus carboxydivorans	AJ010960	1511	7543	Sporomusaceae	Anaerosinus glycerini	6336.0	1516	103	108	1365	0.9695	0.8400
AAWL01000022	1554	7770	Sporomusaceae	Thermosinus carboxydivorans	AJ508927	1547	7735	Sporomusaceae	Propionispora hippei	6758.0	1550	82	85	1431	0.9768	0.8737
AAWL01000022	1554	7770	Sporomusaceae	Thermosinus carboxydivorans	AF071415	1530	7644	Sporomusaceae	Anaeromusa acidaminophila	6472.0	1542	95	107	1393	0.9707	0.8467
AAWL01000022	1554	7770	Sporomusaceae	Thermosinus carboxydivorans	AJ279802	1520	7600	Sporomusaceae	Propionispora vibrioides	6607.0	1523	88	91	1401	0.9784	0.8693
FR749939	1547	7735	Sporomusaceae	Sporomusa paucivorans	FJ169187	1410	7050	Sporomusaceae	Sporolituus thermophilus	6047.0	1407	85	82	1290	0.9736	0.8577
FR749939	1547	7735	Sporomusaceae	Sporomusa paucivorans	AJ010960	1511	7543	Sporomusaceae	Anaerosinus glycerini	6576.0	1510	85	84	1393	0.9769	0.8718
FR749939	1547	7735	Sporomusaceae	Sporomusa paucivorans	AJ508927	1547	7735	Sporomusaceae	Propionispora hippei	6955.0	1544	51	48	1456	0.9733	0.8992
FR749939	1547	7735	Sporomusaceae	Sporomusa paucivorans	AF071415	1530	7644	Sporomusaceae	Anaeromusa acidaminophila	6623.0	1536	85	91	1410	0.9758	0.8664
FR749939	1547	7735	Sporomusaceae	Sporomusa paucivorans	AJ279802	1520	7600	Sporomusaceae	Propionispora vibrioides	6810.0	1517	49	46	1428	0.9708	0.8961
FJ169187	1410	7050	Sporomusaceae	Sporolituus thermophilus	AJ010960	1511	7543	Sporomusaceae	Anaerosinus glycerini	5897.0	1405	96	100	1269	0.9724	0.8365
FJ169187	1410	7050	Sporomusaceae	Sporolituus thermophilus	AJ508927	1547	7735	Sporomusaceae	Propionispora hippei	6208.0	1410	67	71	1309	0.9776	0.8806
FJ169187	1410	7050	Sporomusaceae	Sporolituus thermophilus	AF071415	1530	7644	Sporomusaceae	Anaeromusa acidaminophila	5955.0	1410	92	101	1278	0.9763	0.8447
FJ169187	1410	7050	Sporomusaceae	Sporolituus thermophilus	AJ279802	1520	7600	Sporomusaceae	Propionispora vibrioides	6112.0	1393	72	76	1290	0.9795	0.8670
AJ010960	1511	7543	Sporomusaceae	Anaerosinus glycerini	AJ508927	1547	7735	Sporomusaceae	Propionispora hippei	6585.0	1511	75	73	1395	0.9701	0.8730
AJ010960	1511	7543	Sporomusaceae	Anaerosinus glycerini	AF071415	1530	7644	Sporomusaceae	Anaeromusa acidaminophila	6491.0	1511	82	89	1383	0.9726	0.8605
AJ010960	1511	7543	Sporomusaceae	Anaerosinus glycerini	AJ279802	1520	7600	Sporomusaceae	Propionispora vibrioides	6525.0	1499	75	73	1383	0.9698	0.8650
AJ508927	1547	7735	Sporomusaceae	Propionispora hippei	AF071415	1530	7644	Sporomusaceae	Anaeromusa acidaminophila	6742.0	1539	71	80	1425	0.9767	0.8820
AJ508927	1547	7735	Sporomusaceae	Propionispora hippei	AJ279802	1520	7600	Sporomusaceae	Propionispora vibrioides	7481.0	1520	9	9	1506	0.9967	0.9843
AF071415	1530	7644	Sporomusaceae	Anaeromusa acidaminophila	AJ279802	1520	7600	Sporomusaceae	Propionispora vibrioides	6600.0	1503	83	74	1397	0.9776	0.8684
