DQ898277	1467	7335	Syntrophomonadaceae	Syntrophomonas zehnderi	DQ288691	1431	7155	Syntrophomonadaceae	Syntrophomonas cellicola	5953.0	1330	59	47	1249	0.9735	0.8320
DQ898277	1467	7335	Syntrophomonadaceae	Syntrophomonas zehnderi	AY290767	1520	7600	Syntrophomonadaceae	Syntrophomonas curvata	6297.0	1467	70	110	1331	0.9808	0.8585
DQ898277	1467	7335	Syntrophomonadaceae	Syntrophomonas zehnderi	HM807481	1546	7730	Syntrophomonadaceae	Thermosyntropha tengcongensis	6187.0	1467	82	109	1322	0.9735	0.8435
DQ898277	1467	7335	Syntrophomonadaceae	Syntrophomonas zehnderi	AJ251214	1500	7488	Syntrophomonadaceae	Pelospora glutarica	6266.0	1467	60	102	1328	0.9729	0.8543
DQ898277	1467	7335	Syntrophomonadaceae	Syntrophomonas zehnderi	FR749965	1508	7540	Syntrophomonadaceae	Thermohydrogenium kirishiense	5458.0	1467	124	195	1223	0.9615	0.7441
DQ898277	1467	7335	Syntrophomonadaceae	Syntrophomonas zehnderi	DQ666175	1712	8560	Syntrophomonadaceae	Syntrophomonas wolfei subsp. saponavida	6511.0	1467	193	49	1390	0.9803	0.8877
DQ898277	1467	7335	Syntrophomonadaceae	Syntrophomonas zehnderi	EF422412	1441	7205	Syntrophomonadaceae	Dethiobacter alkaliphilus	5230.0	1445	127	207	1185	0.9572	0.7259
DQ898277	1467	7335	Syntrophomonadaceae	Syntrophomonas zehnderi	AF022249	1521	7599	Syntrophomonadaceae	Syntrophomonas sapovorans	6250.0	1467	64	112	1325	0.9779	0.8521
DQ898277	1467	7335	Syntrophomonadaceae	Syntrophomonas zehnderi	CP000448	1530	7650	Syntrophomonadaceae	Syntrophomonas wolfei subsp. wolfei	6240.0	1462	63	116	1320	0.9807	0.8507
DQ898277	1467	7335	Syntrophomonadaceae	Syntrophomonas zehnderi	X99980	1458	7278	Syntrophomonadaceae	Thermosyntropha lipolytica	5810.0	1330	73	54	1233	0.9663	0.7983
DQ898277	1467	7335	Syntrophomonadaceae	Syntrophomonas zehnderi	AY536889	1561	7805	Syntrophomonadaceae	Syntrophomonas erecta	6244.0	1467	61	100	1327	0.9707	0.8513
DQ898277	1467	7335	Syntrophomonadaceae	Syntrophomonas zehnderi	AB021305	1588	7940	Syntrophomonadaceae	Syntrophothermus lipocalidus	6158.0	1467	132	96	1332	0.9716	0.8395
DQ898277	1467	7335	Syntrophomonadaceae	Syntrophomonas zehnderi	AB274039	1571	7855	Syntrophomonadaceae	Syntrophomonas palmitatica	6465.0	1459	100	57	1367	0.9750	0.8814
DQ898277	1467	7335	Syntrophomonadaceae	Syntrophomonas zehnderi	EU443728	1528	7640	Syntrophomonadaceae	Fervidicola ferrireducens	5303.0	1467	154	215	1205	0.9625	0.7230
DQ288691	1431	7155	Syntrophomonadaceae	Syntrophomonas cellicola	AY290767	1520	7600	Syntrophomonadaceae	Syntrophomonas curvata	6435.0	1423	59	57	1342	0.9824	0.8994
DQ288691	1431	7155	Syntrophomonadaceae	Syntrophomonas cellicola	HM807481	1546	7730	Syntrophomonadaceae	Thermosyntropha tengcongensis	6238.0	1431	81	71	1323	0.9728	0.8718
DQ288691	1431	7155	Syntrophomonadaceae	Syntrophomonas cellicola	AJ251214	1500	7488	Syntrophomonadaceae	Pelospora glutarica	6133.0	1404	76	77	1297	0.9774	0.8572
DQ288691	1431	7155	Syntrophomonadaceae	Syntrophomonas cellicola	FR749965	1508	7540	Syntrophomonadaceae	Thermohydrogenium kirishiense	5484.0	1431	122	160	1222	0.9614	0.7665
DQ288691	1431	7155	Syntrophomonadaceae	Syntrophomonas cellicola	DQ666175	1712	8560	Syntrophomonadaceae	Syntrophomonas wolfei subsp. saponavida	6665.0	1431	31	33	1373	0.9821	0.9315
DQ288691	1431	7155	Syntrophomonadaceae	Syntrophomonas cellicola	EF422412	1441	7205	Syntrophomonadaceae	Dethiobacter alkaliphilus	5385.0	1418	132	168	1204	0.9632	0.7526
DQ288691	1431	7155	Syntrophomonadaceae	Syntrophomonas cellicola	AF022249	1521	7599	Syntrophomonadaceae	Syntrophomonas sapovorans	6324.0	1431	62	68	1331	0.9765	0.8839
DQ288691	1431	7155	Syntrophomonadaceae	Syntrophomonas cellicola	CP000448	1530	7650	Syntrophomonadaceae	Syntrophomonas wolfei subsp. wolfei	6493.0	1431	51	44	1354	0.9762	0.9075
DQ288691	1431	7155	Syntrophomonadaceae	Syntrophomonas cellicola	X99980	1458	7278	Syntrophomonadaceae	Thermosyntropha lipolytica	6163.0	1431	85	71	1314	0.9662	0.8614
DQ288691	1431	7155	Syntrophomonadaceae	Syntrophomonas cellicola	AY536889	1561	7805	Syntrophomonadaceae	Syntrophomonas erecta	6305.0	1431	80	70	1331	0.9780	0.8812
DQ288691	1431	7155	Syntrophomonadaceae	Syntrophomonas cellicola	AB021305	1588	7940	Syntrophomonadaceae	Syntrophothermus lipocalidus	5930.0	1421	108	105	1280	0.9726	0.8288
DQ288691	1431	7155	Syntrophomonadaceae	Syntrophomonas cellicola	AB274039	1571	7855	Syntrophomonadaceae	Syntrophomonas palmitatica	6341.0	1412	57	56	1327	0.9786	0.8862
DQ288691	1431	7155	Syntrophomonadaceae	Syntrophomonas cellicola	EU443728	1528	7640	Syntrophomonadaceae	Fervidicola ferrireducens	5334.0	1431	156	185	1203	0.9655	0.7455
AY290767	1520	7600	Syntrophomonadaceae	Syntrophomonas curvata	HM807481	1546	7730	Syntrophomonadaceae	Thermosyntropha tengcongensis	6730.0	1520	78	63	1420	0.9746	0.8855
AY290767	1520	7600	Syntrophomonadaceae	Syntrophomonas curvata	AJ251214	1500	7488	Syntrophomonadaceae	Pelospora glutarica	6617.0	1501	60	63	1396	0.9708	0.8837
AY290767	1520	7600	Syntrophomonadaceae	Syntrophomonas curvata	FR749965	1508	7540	Syntrophomonadaceae	Thermohydrogenium kirishiense	5884.0	1517	117	168	1301	0.9644	0.7804
AY290767	1520	7600	Syntrophomonadaceae	Syntrophomonas curvata	DQ666175	1712	8560	Syntrophomonadaceae	Syntrophomonas wolfei subsp. saponavida	6761.0	1520	240	56	1443	0.9857	0.8896
AY290767	1520	7600	Syntrophomonadaceae	Syntrophomonas curvata	EF422412	1441	7205	Syntrophomonadaceae	Dethiobacter alkaliphilus	5514.0	1481	139	179	1245	0.9562	0.7653
AY290767	1520	7600	Syntrophomonadaceae	Syntrophomonas curvata	AF022249	1521	7599	Syntrophomonadaceae	Syntrophomonas sapovorans	7072.0	1517	26	34	1456	0.9818	0.9306
AY290767	1520	7600	Syntrophomonadaceae	Syntrophomonas curvata	CP000448	1530	7650	Syntrophomonadaceae	Syntrophomonas wolfei subsp. wolfei	6611.0	1503	66	79	1392	0.9775	0.8699
AY290767	1520	7600	Syntrophomonadaceae	Syntrophomonas curvata	X99980	1458	7278	Syntrophomonadaceae	Thermosyntropha lipolytica	6293.0	1427	67	61	1328	0.9722	0.8647
AY290767	1520	7600	Syntrophomonadaceae	Syntrophomonas curvata	AY536889	1561	7805	Syntrophomonadaceae	Syntrophomonas erecta	6809.0	1520	68	65	1427	0.9808	0.8959
AY290767	1520	7600	Syntrophomonadaceae	Syntrophomonas curvata	AB021305	1588	7940	Syntrophomonadaceae	Syntrophothermus lipocalidus	6353.0	1516	161	89	1381	0.9678	0.8359
AY290767	1520	7600	Syntrophomonadaceae	Syntrophomonas curvata	AB274039	1571	7855	Syntrophomonadaceae	Syntrophomonas palmitatica	6740.0	1489	122	40	1417	0.9779	0.8868
AY290767	1520	7600	Syntrophomonadaceae	Syntrophomonas curvata	EU443728	1528	7640	Syntrophomonadaceae	Fervidicola ferrireducens	5672.0	1520	154	191	1278	0.9616	0.7463
HM807481	1546	7730	Syntrophomonadaceae	Thermosyntropha tengcongensis	AJ251214	1500	7488	Syntrophomonadaceae	Pelospora glutarica	6407.0	1529	80	109	1374	0.9676	0.8556
HM807481	1546	7730	Syntrophomonadaceae	Thermosyntropha tengcongensis	FR749965	1508	7540	Syntrophomonadaceae	Thermohydrogenium kirishiense	5980.0	1543	109	175	1321	0.9656	0.7931
HM807481	1546	7730	Syntrophomonadaceae	Thermosyntropha tengcongensis	DQ666175	1712	8560	Syntrophomonadaceae	Syntrophomonas wolfei subsp. saponavida	6632.0	1543	242	73	1436	0.9769	0.8580
HM807481	1546	7730	Syntrophomonadaceae	Thermosyntropha tengcongensis	EF422412	1441	7205	Syntrophomonadaceae	Dethiobacter alkaliphilus	5470.0	1496	139	194	1241	0.9531	0.7592
HM807481	1546	7730	Syntrophomonadaceae	Thermosyntropha tengcongensis	AF022249	1521	7599	Syntrophomonadaceae	Syntrophomonas sapovorans	6699.0	1543	59	82	1418	0.9706	0.8816
HM807481	1546	7730	Syntrophomonadaceae	Thermosyntropha tengcongensis	CP000448	1530	7650	Syntrophomonadaceae	Syntrophomonas wolfei subsp. wolfei	6490.0	1529	73	101	1385	0.9699	0.8484
HM807481	1546	7730	Syntrophomonadaceae	Thermosyntropha tengcongensis	X99980	1458	7278	Syntrophomonadaceae	Thermosyntropha lipolytica	6911.0	1446	19	20	1408	0.9874	0.9496
HM807481	1546	7730	Syntrophomonadaceae	Thermosyntropha tengcongensis	AY536889	1561	7805	Syntrophomonadaceae	Syntrophomonas erecta	6744.0	1546	55	67	1428	0.9655	0.8724
HM807481	1546	7730	Syntrophomonadaceae	Thermosyntropha tengcongensis	AB021305	1588	7940	Syntrophomonadaceae	Syntrophothermus lipocalidus	6508.0	1539	144	95	1404	0.9723	0.8419
HM807481	1546	7730	Syntrophomonadaceae	Thermosyntropha tengcongensis	AB274039	1571	7855	Syntrophomonadaceae	Syntrophomonas palmitatica	6554.0	1504	145	78	1398	0.9804	0.8479
HM807481	1546	7730	Syntrophomonadaceae	Thermosyntropha tengcongensis	EU443728	1528	7640	Syntrophomonadaceae	Fervidicola ferrireducens	5816.0	1546	144	196	1304	0.9659	0.7613
AJ251214	1500	7488	Syntrophomonadaceae	Pelospora glutarica	FR749965	1508	7540	Syntrophomonadaceae	Thermohydrogenium kirishiense	5691.0	1497	133	170	1272	0.9586	0.7600
AJ251214	1500	7488	Syntrophomonadaceae	Pelospora glutarica	DQ666175	1712	8560	Syntrophomonadaceae	Syntrophomonas wolfei subsp. saponavida	6448.0	1499	244	58	1401	0.9722	0.8611
AJ251214	1500	7488	Syntrophomonadaceae	Pelospora glutarica	EF422412	1441	7205	Syntrophomonadaceae	Dethiobacter alkaliphilus	5379.0	1466	165	191	1223	0.9592	0.7466
AJ251214	1500	7488	Syntrophomonadaceae	Pelospora glutarica	AF022249	1521	7599	Syntrophomonadaceae	Syntrophomonas sapovorans	6495.0	1496	67	73	1379	0.9691	0.8674
AJ251214	1500	7488	Syntrophomonadaceae	Pelospora glutarica	CP000448	1530	7650	Syntrophomonadaceae	Syntrophomonas wolfei subsp. wolfei	6359.0	1482	80	91	1354	0.9734	0.8492
AJ251214	1500	7488	Syntrophomonadaceae	Pelospora glutarica	X99980	1458	7278	Syntrophomonadaceae	Thermosyntropha lipolytica	5990.0	1405	93	72	1285	0.9640	0.8230
AJ251214	1500	7488	Syntrophomonadaceae	Pelospora glutarica	AY536889	1561	7805	Syntrophomonadaceae	Syntrophomonas erecta	6359.0	1498	98	92	1364	0.9701	0.8492
AJ251214	1500	7488	Syntrophomonadaceae	Pelospora glutarica	AB021305	1588	7940	Syntrophomonadaceae	Syntrophothermus lipocalidus	6060.0	1497	198	122	1335	0.9709	0.8093
AJ251214	1500	7488	Syntrophomonadaceae	Pelospora glutarica	AB274039	1571	7855	Syntrophomonadaceae	Syntrophomonas palmitatica	6531.0	1479	139	55	1389	0.9754	0.8722
AJ251214	1500	7488	Syntrophomonadaceae	Pelospora glutarica	EU443728	1528	7640	Syntrophomonadaceae	Fervidicola ferrireducens	5481.0	1500	200	184	1256	0.9544	0.7320
FR749965	1508	7540	Syntrophomonadaceae	Thermohydrogenium kirishiense	DQ666175	1712	8560	Syntrophomonadaceae	Syntrophomonas wolfei subsp. saponavida	5800.0	1474	343	108	1323	0.9685	0.7692
FR749965	1508	7540	Syntrophomonadaceae	Thermohydrogenium kirishiense	EF422412	1441	7205	Syntrophomonadaceae	Dethiobacter alkaliphilus	5523.0	1430	139	128	1238	0.9508	0.7666
FR749965	1508	7540	Syntrophomonadaceae	Thermohydrogenium kirishiense	AF022249	1521	7599	Syntrophomonadaceae	Syntrophomonas sapovorans	5838.0	1477	168	125	1299	0.9608	0.7743
FR749965	1508	7540	Syntrophomonadaceae	Thermohydrogenium kirishiense	CP000448	1530	7650	Syntrophomonadaceae	Syntrophomonas wolfei subsp. wolfei	5893.0	1492	168	130	1311	0.9626	0.7816
FR749965	1508	7540	Syntrophomonadaceae	Thermohydrogenium kirishiense	X99980	1458	7278	Syntrophomonadaceae	Thermosyntropha lipolytica	5647.0	1415	155	112	1252	0.9609	0.7759
FR749965	1508	7540	Syntrophomonadaceae	Thermohydrogenium kirishiense	AY536889	1561	7805	Syntrophomonadaceae	Syntrophomonas erecta	5903.0	1504	175	121	1320	0.9544	0.7829
FR749965	1508	7540	Syntrophomonadaceae	Thermohydrogenium kirishiense	AB021305	1588	7940	Syntrophomonadaceae	Syntrophothermus lipocalidus	5685.0	1485	247	147	1289	0.9634	0.7540
FR749965	1508	7540	Syntrophomonadaceae	Thermohydrogenium kirishiense	AB274039	1571	7855	Syntrophomonadaceae	Syntrophomonas palmitatica	5729.0	1438	243	110	1284	0.9669	0.7598
FR749965	1508	7540	Syntrophomonadaceae	Thermohydrogenium kirishiense	EU443728	1528	7640	Syntrophomonadaceae	Fervidicola ferrireducens	5833.0	1508	166	150	1305	0.9610	0.7736
DQ666175	1712	8560	Syntrophomonadaceae	Syntrophomonas wolfei subsp. saponavida	EF422412	1441	7205	Syntrophomonadaceae	Dethiobacter alkaliphilus	5428.0	1665	129	353	1261	0.9611	0.7534
DQ666175	1712	8560	Syntrophomonadaceae	Syntrophomonas wolfei subsp. saponavida	AF022249	1521	7599	Syntrophomonadaceae	Syntrophomonas sapovorans	6649.0	1709	49	241	1431	0.9748	0.8750
DQ666175	1712	8560	Syntrophomonadaceae	Syntrophomonas wolfei subsp. saponavida	CP000448	1530	7650	Syntrophomonadaceae	Syntrophomonas wolfei subsp. wolfei	6740.0	1526	63	86	1413	0.9813	0.8810
DQ666175	1712	8560	Syntrophomonadaceae	Syntrophomonas wolfei subsp. saponavida	X99980	1458	7278	Syntrophomonadaceae	Thermosyntropha lipolytica	6237.0	1429	77	61	1324	0.9678	0.8570
DQ666175	1712	8560	Syntrophomonadaceae	Syntrophomonas wolfei subsp. saponavida	AY536889	1561	7805	Syntrophomonadaceae	Syntrophomonas erecta	6669.0	1712	60	236	1438	0.9743	0.8545
DQ666175	1712	8560	Syntrophomonadaceae	Syntrophomonas wolfei subsp. saponavida	AB021305	1588	7940	Syntrophomonadaceae	Syntrophothermus lipocalidus	6499.0	1700	115	227	1432	0.9722	0.8185
DQ666175	1712	8560	Syntrophomonadaceae	Syntrophomonas wolfei subsp. saponavida	AB274039	1571	7855	Syntrophomonadaceae	Syntrophomonas palmitatica	6912.0	1673	62	164	1475	0.9775	0.8799
DQ666175	1712	8560	Syntrophomonadaceae	Syntrophomonas wolfei subsp. saponavida	EU443728	1528	7640	Syntrophomonadaceae	Fervidicola ferrireducens	5679.0	1712	141	357	1311	0.9675	0.7433
EF422412	1441	7205	Syntrophomonadaceae	Dethiobacter alkaliphilus	AF022249	1521	7599	Syntrophomonadaceae	Syntrophomonas sapovorans	5492.0	1441	181	149	1240	0.9598	0.7622
EF422412	1441	7205	Syntrophomonadaceae	Dethiobacter alkaliphilus	CP000448	1530	7650	Syntrophomonadaceae	Syntrophomonas wolfei subsp. wolfei	5525.0	1441	183	145	1246	0.9614	0.7668
EF422412	1441	7205	Syntrophomonadaceae	Dethiobacter alkaliphilus	X99980	1458	7278	Syntrophomonadaceae	Thermosyntropha lipolytica	5245.0	1384	177	132	1191	0.9513	0.7280
EF422412	1441	7205	Syntrophomonadaceae	Dethiobacter alkaliphilus	AY536889	1561	7805	Syntrophomonadaceae	Syntrophomonas erecta	5503.0	1441	180	137	1243	0.9532	0.7638
EF422412	1441	7205	Syntrophomonadaceae	Dethiobacter alkaliphilus	AB021305	1588	7940	Syntrophomonadaceae	Syntrophothermus lipocalidus	5463.0	1441	257	144	1247	0.9614	0.7582
EF422412	1441	7205	Syntrophomonadaceae	Dethiobacter alkaliphilus	AB274039	1571	7855	Syntrophomonadaceae	Syntrophomonas palmitatica	5510.0	1435	255	133	1253	0.9624	0.7647
EF422412	1441	7205	Syntrophomonadaceae	Dethiobacter alkaliphilus	EU443728	1528	7640	Syntrophomonadaceae	Fervidicola ferrireducens	5481.0	1441	198	145	1242	0.9583	0.7607
AF022249	1521	7599	Syntrophomonadaceae	Syntrophomonas sapovorans	CP000448	1530	7650	Syntrophomonadaceae	Syntrophomonas wolfei subsp. wolfei	6636.0	1506	64	69	1399	0.9736	0.8733
AF022249	1521	7599	Syntrophomonadaceae	Syntrophomonas sapovorans	X99980	1458	7278	Syntrophomonadaceae	Thermosyntropha lipolytica	6285.0	1430	68	54	1331	0.9673	0.8636
AF022249	1521	7599	Syntrophomonadaceae	Syntrophomonas sapovorans	AY536889	1561	7805	Syntrophomonadaceae	Syntrophomonas erecta	6805.0	1520	70	59	1428	0.9774	0.8955
AF022249	1521	7599	Syntrophomonadaceae	Syntrophomonas sapovorans	AB021305	1588	7940	Syntrophomonadaceae	Syntrophothermus lipocalidus	6261.0	1507	179	99	1367	0.9709	0.8239
AF022249	1521	7599	Syntrophomonadaceae	Syntrophomonas sapovorans	AB274039	1571	7855	Syntrophomonadaceae	Syntrophomonas palmitatica	6639.0	1481	135	45	1403	0.9770	0.8737
AF022249	1521	7599	Syntrophomonadaceae	Syntrophomonas sapovorans	EU443728	1528	7640	Syntrophomonadaceae	Fervidicola ferrireducens	5632.0	1520	168	197	1274	0.9630	0.7412
CP000448	1530	7650	Syntrophomonadaceae	Syntrophomonas wolfei subsp. wolfei	X99980	1458	7278	Syntrophomonadaceae	Thermosyntropha lipolytica	6317.0	1449	66	59	1340	0.9640	0.8680
CP000448	1530	7650	Syntrophomonadaceae	Syntrophomonas wolfei subsp. wolfei	AY536889	1561	7805	Syntrophomonadaceae	Syntrophomonas erecta	6728.0	1528	83	67	1422	0.9733	0.8795
CP000448	1530	7650	Syntrophomonadaceae	Syntrophomonas wolfei subsp. wolfei	AB021305	1588	7940	Syntrophomonadaceae	Syntrophothermus lipocalidus	6175.0	1522	176	125	1355	0.9699	0.8072
CP000448	1530	7650	Syntrophomonadaceae	Syntrophomonas wolfei subsp. wolfei	AB274039	1571	7855	Syntrophomonadaceae	Syntrophomonas palmitatica	6566.0	1477	143	50	1395	0.9776	0.8583
CP000448	1530	7650	Syntrophomonadaceae	Syntrophomonas wolfei subsp. wolfei	EU443728	1528	7640	Syntrophomonadaceae	Fervidicola ferrireducens	5621.0	1529	185	209	1276	0.9667	0.7357
X99980	1458	7278	Syntrophomonadaceae	Thermosyntropha lipolytica	AY536889	1561	7805	Syntrophomonadaceae	Syntrophomonas erecta	6340.0	1457	54	57	1345	0.9607	0.8711
X99980	1458	7278	Syntrophomonadaceae	Thermosyntropha lipolytica	AB021305	1588	7940	Syntrophomonadaceae	Syntrophothermus lipocalidus	6077.0	1458	70	102	1306	0.9631	0.8350
X99980	1458	7278	Syntrophomonadaceae	Thermosyntropha lipolytica	AB274039	1571	7855	Syntrophomonadaceae	Syntrophomonas palmitatica	6166.0	1422	73	81	1306	0.9739	0.8472
X99980	1458	7278	Syntrophomonadaceae	Thermosyntropha lipolytica	EU443728	1528	7640	Syntrophomonadaceae	Fervidicola ferrireducens	5483.0	1458	128	170	1233	0.9573	0.7534
AY536889	1561	7805	Syntrophomonadaceae	Syntrophomonas erecta	AB021305	1588	7940	Syntrophomonadaceae	Syntrophothermus lipocalidus	6390.0	1553	149	114	1392	0.9673	0.8187
AY536889	1561	7805	Syntrophomonadaceae	Syntrophomonas erecta	AB274039	1571	7855	Syntrophomonadaceae	Syntrophomonas palmitatica	6497.0	1492	135	56	1390	0.9680	0.8324
AY536889	1561	7805	Syntrophomonadaceae	Syntrophomonas erecta	EU443728	1528	7640	Syntrophomonadaceae	Fervidicola ferrireducens	5877.0	1561	149	189	1319	0.9614	0.7692
AB021305	1588	7940	Syntrophomonadaceae	Syntrophothermus lipocalidus	AB274039	1571	7855	Syntrophomonadaceae	Syntrophomonas palmitatica	6451.0	1564	131	124	1400	0.9722	0.8213
AB021305	1588	7940	Syntrophomonadaceae	Syntrophothermus lipocalidus	EU443728	1528	7640	Syntrophomonadaceae	Fervidicola ferrireducens	5761.0	1588	167	242	1305	0.9695	0.7541
AB274039	1571	7855	Syntrophomonadaceae	Syntrophomonas palmitatica	EU443728	1528	7640	Syntrophomonadaceae	Fervidicola ferrireducens	5554.0	1571	191	254	1273	0.9666	0.7270
