X82875	1486	7364	Syntrophobacteraceae	Syntrophobacter pfennigii	X82874	1486	7430	Syntrophobacteraceae	Syntrophobacter fumaroxidans	6879.0	1486	31	31	1419	0.9753	0.9341
X82875	1486	7364	Syntrophobacteraceae	Syntrophobacter pfennigii	AF170417	1461	7269	Syntrophobacteraceae	Desulfacinum hydrothermale	6289.0	1470	53	62	1339	0.9510	0.8652
X82875	1486	7364	Syntrophobacteraceae	Syntrophobacter pfennigii	AJ237605	1524	7620	Syntrophobacteraceae	Desulfovirga adipica	6691.0	1486	49	54	1395	0.9742	0.9086
X82875	1486	7364	Syntrophobacteraceae	Syntrophobacter pfennigii	L27426	1544	7612	Syntrophobacteraceae	Desulfacinum infernum	6184.0	1486	67	76	1333	0.9454	0.8398
X82875	1486	7364	Syntrophobacteraceae	Syntrophobacter pfennigii	DQ303457	1495	7469	Syntrophobacteraceae	Desulfoglaeba alkanexedens	6525.0	1486	49	52	1377	0.9603	0.8861
X82875	1486	7364	Syntrophobacteraceae	Syntrophobacter pfennigii	HM056226	1459	7277	Syntrophobacteraceae	Desulfosoma profundi	6179.0	1459	62	73	1322	0.9538	0.8491
X82875	1486	7364	Syntrophobacteraceae	Syntrophobacter pfennigii	X83274	1482	7392	Syntrophobacteraceae	Desulforhabdus amnigena	6750.0	1485	34	37	1403	0.9689	0.9166
X82875	1486	7364	Syntrophobacteraceae	Syntrophobacter pfennigii	AY651787	1554	7770	Syntrophobacteraceae	Syntrophobacter sulfatireducens	6848.0	1486	39	39	1415	0.9779	0.9299
X82875	1486	7364	Syntrophobacteraceae	Syntrophobacter pfennigii	U25627	1559	7795	Syntrophobacteraceae	Thermodesulforhabdus norvegica	6088.0	1486	96	85	1328	0.9479	0.8267
X82875	1486	7364	Syntrophobacteraceae	Syntrophobacter pfennigii	FJ491989	1479	7383	Syntrophobacteraceae	Desulfosoma caldarium	6297.0	1475	70	74	1345	0.9600	0.8551
X82875	1486	7364	Syntrophobacteraceae	Syntrophobacter pfennigii	X70905	1360	6782	Syntrophobacteraceae	Syntrophobacter wolinii	6072.0	1362	49	51	1272	0.9703	0.8953
X82874	1486	7430	Syntrophobacteraceae	Syntrophobacter fumaroxidans	AF170417	1461	7269	Syntrophobacteraceae	Desulfacinum hydrothermale	6330.0	1470	62	71	1345	0.9614	0.8708
X82874	1486	7430	Syntrophobacteraceae	Syntrophobacter fumaroxidans	AJ237605	1524	7620	Syntrophobacteraceae	Desulfovirga adipica	6776.0	1486	48	53	1406	0.9812	0.9120
X82874	1486	7430	Syntrophobacteraceae	Syntrophobacter fumaroxidans	L27426	1544	7612	Syntrophobacteraceae	Desulfacinum infernum	6227.0	1486	76	85	1340	0.9565	0.8381
X82874	1486	7430	Syntrophobacteraceae	Syntrophobacter fumaroxidans	DQ303457	1495	7469	Syntrophobacteraceae	Desulfoglaeba alkanexedens	6573.0	1486	59	62	1384	0.9719	0.8847
X82874	1486	7430	Syntrophobacteraceae	Syntrophobacter fumaroxidans	HM056226	1459	7277	Syntrophobacteraceae	Desulfosoma profundi	6170.0	1459	78	89	1322	0.9650	0.8479
X82874	1486	7430	Syntrophobacteraceae	Syntrophobacter fumaroxidans	X83274	1482	7392	Syntrophobacteraceae	Desulforhabdus amnigena	6822.0	1485	34	37	1413	0.9758	0.9229
X82874	1486	7430	Syntrophobacteraceae	Syntrophobacter fumaroxidans	AY651787	1554	7770	Syntrophobacteraceae	Syntrophobacter sulfatireducens	6937.0	1486	45	45	1426	0.9896	0.9336
X82874	1486	7430	Syntrophobacteraceae	Syntrophobacter fumaroxidans	U25627	1559	7795	Syntrophobacteraceae	Thermodesulforhabdus norvegica	6138.0	1486	108	97	1335	0.9611	0.8261
X82874	1486	7430	Syntrophobacteraceae	Syntrophobacter fumaroxidans	FJ491989	1479	7383	Syntrophobacteraceae	Desulfosoma caldarium	6262.0	1475	81	85	1342	0.9655	0.8482
X82874	1486	7430	Syntrophobacteraceae	Syntrophobacter fumaroxidans	X70905	1360	6782	Syntrophobacteraceae	Syntrophobacter wolinii	6105.0	1361	53	54	1277	0.9770	0.9002
AF170417	1461	7269	Syntrophobacteraceae	Desulfacinum hydrothermale	AJ237605	1524	7620	Syntrophobacteraceae	Desulfovirga adipica	6236.0	1461	81	77	1331	0.9617	0.8579
AF170417	1461	7269	Syntrophobacteraceae	Desulfacinum hydrothermale	L27426	1544	7612	Syntrophobacteraceae	Desulfacinum infernum	6673.0	1461	24	26	1383	0.9638	0.9180
AF170417	1461	7269	Syntrophobacteraceae	Desulfacinum hydrothermale	DQ303457	1495	7469	Syntrophobacteraceae	Desulfoglaeba alkanexedens	6645.0	1461	55	49	1380	0.9773	0.9142
AF170417	1461	7269	Syntrophobacteraceae	Desulfacinum hydrothermale	HM056226	1459	7277	Syntrophobacteraceae	Desulfosoma profundi	6677.0	1446	27	30	1378	0.9732	0.9186
AF170417	1461	7269	Syntrophobacteraceae	Desulfacinum hydrothermale	X83274	1482	7392	Syntrophobacteraceae	Desulforhabdus amnigena	6262.0	1461	70	64	1336	0.9563	0.8615
AF170417	1461	7269	Syntrophobacteraceae	Desulfacinum hydrothermale	AY651787	1554	7770	Syntrophobacteraceae	Syntrophobacter sulfatireducens	6327.0	1461	67	58	1345	0.9587	0.8704
AF170417	1461	7269	Syntrophobacteraceae	Desulfacinum hydrothermale	U25627	1559	7795	Syntrophobacteraceae	Thermodesulforhabdus norvegica	6206.0	1461	93	75	1331	0.9603	0.8538
AF170417	1461	7269	Syntrophobacteraceae	Desulfacinum hydrothermale	FJ491989	1479	7383	Syntrophobacteraceae	Desulfosoma caldarium	6663.0	1461	44	39	1384	0.9733	0.9166
AF170417	1461	7269	Syntrophobacteraceae	Desulfacinum hydrothermale	X70905	1360	6782	Syntrophobacteraceae	Syntrophobacter wolinii	5685.0	1350	90	81	1221	0.9622	0.8382
AJ237605	1524	7620	Syntrophobacteraceae	Desulfovirga adipica	L27426	1544	7612	Syntrophobacteraceae	Desulfacinum infernum	6434.0	1524	83	80	1381	0.9564	0.8452
AJ237605	1524	7620	Syntrophobacteraceae	Desulfovirga adipica	DQ303457	1495	7469	Syntrophobacteraceae	Desulfoglaeba alkanexedens	6510.0	1492	79	77	1378	0.9739	0.8716
AJ237605	1524	7620	Syntrophobacteraceae	Desulfovirga adipica	HM056226	1459	7277	Syntrophobacteraceae	Desulfosoma profundi	6203.0	1461	80	86	1327	0.9651	0.8524
AJ237605	1524	7620	Syntrophobacteraceae	Desulfovirga adipica	X83274	1482	7392	Syntrophobacteraceae	Desulforhabdus amnigena	6704.0	1480	54	52	1396	0.9776	0.9069
AJ237605	1524	7620	Syntrophobacteraceae	Desulfovirga adipica	AY651787	1554	7770	Syntrophobacteraceae	Syntrophobacter sulfatireducens	6938.0	1524	58	53	1443	0.9810	0.9105
AJ237605	1524	7620	Syntrophobacteraceae	Desulfovirga adipica	U25627	1559	7795	Syntrophobacteraceae	Thermodesulforhabdus norvegica	6172.0	1505	120	105	1346	0.9614	0.8100
AJ237605	1524	7620	Syntrophobacteraceae	Desulfovirga adipica	FJ491989	1479	7383	Syntrophobacteraceae	Desulfosoma caldarium	6252.0	1476	92	91	1341	0.9682	0.8468
AJ237605	1524	7620	Syntrophobacteraceae	Desulfovirga adipica	X70905	1360	6782	Syntrophobacteraceae	Syntrophobacter wolinii	6100.0	1360	52	52	1277	0.9763	0.8994
L27426	1544	7612	Syntrophobacteraceae	Desulfacinum infernum	DQ303457	1495	7469	Syntrophobacteraceae	Desulfoglaeba alkanexedens	6633.0	1487	59	51	1391	0.9687	0.8881
L27426	1544	7612	Syntrophobacteraceae	Desulfacinum infernum	HM056226	1459	7277	Syntrophobacteraceae	Desulfosoma profundi	6503.0	1459	36	36	1364	0.9585	0.8936
L27426	1544	7612	Syntrophobacteraceae	Desulfacinum infernum	X83274	1482	7392	Syntrophobacteraceae	Desulforhabdus amnigena	6226.0	1476	73	67	1339	0.9503	0.8423
L27426	1544	7612	Syntrophobacteraceae	Desulfacinum infernum	AY651787	1554	7770	Syntrophobacteraceae	Syntrophobacter sulfatireducens	6602.0	1543	71	60	1412	0.9521	0.8673
L27426	1544	7612	Syntrophobacteraceae	Desulfacinum infernum	U25627	1559	7795	Syntrophobacteraceae	Thermodesulforhabdus norvegica	6354.0	1513	101	75	1373	0.9548	0.8347
L27426	1544	7612	Syntrophobacteraceae	Desulfacinum infernum	FJ491989	1479	7383	Syntrophobacteraceae	Desulfosoma caldarium	6575.0	1475	48	44	1380	0.9644	0.8906
L27426	1544	7612	Syntrophobacteraceae	Desulfacinum infernum	X70905	1360	6782	Syntrophobacteraceae	Syntrophobacter wolinii	5572.0	1350	96	86	1208	0.9557	0.8216
DQ303457	1495	7469	Syntrophobacteraceae	Desulfoglaeba alkanexedens	HM056226	1459	7277	Syntrophobacteraceae	Desulfosoma profundi	6595.0	1464	51	59	1375	0.9786	0.9063
DQ303457	1495	7469	Syntrophobacteraceae	Desulfoglaeba alkanexedens	X83274	1482	7392	Syntrophobacteraceae	Desulforhabdus amnigena	6559.0	1482	55	55	1381	0.9678	0.8873
DQ303457	1495	7469	Syntrophobacteraceae	Desulfoglaeba alkanexedens	AY651787	1554	7770	Syntrophobacteraceae	Syntrophobacter sulfatireducens	6682.0	1495	54	51	1402	0.9709	0.8946
DQ303457	1495	7469	Syntrophobacteraceae	Desulfoglaeba alkanexedens	U25627	1559	7795	Syntrophobacteraceae	Thermodesulforhabdus norvegica	6353.0	1495	93	81	1363	0.9639	0.8506
DQ303457	1495	7469	Syntrophobacteraceae	Desulfoglaeba alkanexedens	FJ491989	1479	7383	Syntrophobacteraceae	Desulfosoma caldarium	6673.0	1480	58	60	1392	0.9803	0.9038
DQ303457	1495	7469	Syntrophobacteraceae	Desulfoglaeba alkanexedens	X70905	1360	6782	Syntrophobacteraceae	Syntrophobacter wolinii	5852.0	1368	81	90	1245	0.9742	0.8629
HM056226	1459	7277	Syntrophobacteraceae	Desulfosoma profundi	X83274	1482	7392	Syntrophobacteraceae	Desulforhabdus amnigena	6225.0	1448	74	66	1329	0.9616	0.8554
HM056226	1459	7277	Syntrophobacteraceae	Desulfosoma profundi	AY651787	1554	7770	Syntrophobacteraceae	Syntrophobacter sulfatireducens	6253.0	1459	86	75	1336	0.9653	0.8593
HM056226	1459	7277	Syntrophobacteraceae	Desulfosoma profundi	U25627	1559	7795	Syntrophobacteraceae	Thermodesulforhabdus norvegica	6305.0	1459	104	73	1347	0.9719	0.8664
HM056226	1459	7277	Syntrophobacteraceae	Desulfosoma profundi	FJ491989	1479	7383	Syntrophobacteraceae	Desulfosoma caldarium	7016.0	1459	23	19	1427	0.9910	0.9641
HM056226	1459	7277	Syntrophobacteraceae	Desulfosoma profundi	X70905	1360	6782	Syntrophobacteraceae	Syntrophobacter wolinii	5724.0	1350	90	81	1227	0.9669	0.8440
X83274	1482	7392	Syntrophobacteraceae	Desulforhabdus amnigena	AY651787	1554	7770	Syntrophobacteraceae	Syntrophobacter sulfatireducens	6817.0	1482	34	31	1413	0.9738	0.9222
X83274	1482	7392	Syntrophobacteraceae	Desulforhabdus amnigena	U25627	1559	7795	Syntrophobacteraceae	Thermodesulforhabdus norvegica	6103.0	1482	104	90	1330	0.9555	0.8256
X83274	1482	7392	Syntrophobacteraceae	Desulforhabdus amnigena	FJ491989	1479	7383	Syntrophobacteraceae	Desulfosoma caldarium	6240.0	1472	83	84	1338	0.9640	0.8452
X83274	1482	7392	Syntrophobacteraceae	Desulforhabdus amnigena	X70905	1360	6782	Syntrophobacteraceae	Syntrophobacter wolinii	6087.0	1360	50	50	1274	0.9725	0.8975
AY651787	1554	7770	Syntrophobacteraceae	Syntrophobacter sulfatireducens	U25627	1559	7795	Syntrophobacteraceae	Thermodesulforhabdus norvegica	6340.0	1524	107	91	1375	0.9595	0.8160
AY651787	1554	7770	Syntrophobacteraceae	Syntrophobacter sulfatireducens	FJ491989	1479	7383	Syntrophobacteraceae	Desulfosoma caldarium	6285.0	1486	86	93	1347	0.9670	0.8513
AY651787	1554	7770	Syntrophobacteraceae	Syntrophobacter sulfatireducens	X70905	1360	6782	Syntrophobacteraceae	Syntrophobacter wolinii	6067.0	1362	63	65	1271	0.9800	0.8946
U25627	1559	7795	Syntrophobacteraceae	Thermodesulforhabdus norvegica	FJ491989	1479	7383	Syntrophobacteraceae	Desulfosoma caldarium	6385.0	1498	77	96	1363	0.9722	0.8648
U25627	1559	7795	Syntrophobacteraceae	Thermodesulforhabdus norvegica	X70905	1360	6782	Syntrophobacteraceae	Syntrophobacter wolinii	5671.0	1364	69	74	1228	0.9519	0.8362
FJ491989	1479	7383	Syntrophobacteraceae	Desulfosoma caldarium	X70905	1360	6782	Syntrophobacteraceae	Syntrophobacter wolinii	5689.0	1358	95	94	1225	0.9691	0.8388
