EU247889	1480	7400	Thermaceae	Thermus arciformis	GU584097	1478	7390	Thermaceae	Meiothermus granaticius	5741.0	1475	114	136	1276	0.9529	0.7769
EU247889	1480	7400	Thermaceae	Thermus arciformis	AB079382	1493	7465	Thermaceae	Marinithermus hydrothermalis	6340.0	1480	94	82	1355	0.9692	0.8568
EU247889	1480	7400	Thermaceae	Thermus arciformis	AJ871168	1483	7415	Thermaceae	Meiothermus timidus	5821.0	1480	108	135	1285	0.9554	0.7866
EU247889	1480	7400	Thermaceae	Thermus arciformis	JX112365	1526	7630	Thermaceae	Thermus tengchongensis	6883.0	1480	38	32	1421	0.9814	0.9301
EU247889	1480	7400	Thermaceae	Thermus arciformis	CP002042	1481	7405	Thermaceae	Meiothermus silvanus	5899.0	1479	115	134	1296	0.9636	0.7972
EU247889	1480	7400	Thermaceae	Thermus arciformis	Z15059	1430	7132	Thermaceae	Meiothermus ruber	5695.0	1447	102	125	1258	0.9516	0.7985
EU247889	1480	7400	Thermaceae	Thermus arciformis	KC852874	1545	7725	Thermaceae	Thermus caliditerrae	6759.0	1480	50	52	1404	0.9832	0.9134
EU247889	1480	7400	Thermaceae	Thermus arciformis	X84212	1421	7105	Thermaceae	Meiothermus chliarophilus	5634.0	1443	104	131	1248	0.9512	0.7930
EU247889	1480	7400	Thermaceae	Thermus arciformis	EU247891	1455	7275	Thermaceae	Meiothermus cateniformans	5916.0	1480	99	124	1297	0.9565	0.8132
EU247889	1480	7400	Thermaceae	Thermus arciformis	AB107956	1383	6915	Thermaceae	Oceanithermus desulfurans	5768.0	1373	102	92	1243	0.9703	0.8341
EU247889	1480	7400	Thermaceae	Thermus arciformis	KF603888	1440	7200	Thermaceae	Meiothermus terrae	5680.0	1460	104	130	1261	0.9481	0.7889
EU247889	1480	7400	Thermaceae	Thermus arciformis	AJ507298	1481	7405	Thermaceae	Vulcanithermus mediatlanticus	5919.0	1467	117	120	1296	0.9621	0.7999
EU247889	1480	7400	Thermaceae	Thermus arciformis	EU701067	1445	7225	Thermaceae	Thermus composti	6831.0	1439	26	20	1398	0.9852	0.9455
EU247889	1480	7400	Thermaceae	Thermus arciformis	Y18411	1475	7375	Thermaceae	Thermus antranikianii	6812.0	1460	35	32	1403	0.9825	0.9237
EU247889	1480	7400	Thermaceae	Thermus arciformis	Y18406	1472	7348	Thermaceae	Thermus igniterrae	6905.0	1460	25	25	1414	0.9854	0.9397
EU247889	1480	7400	Thermaceae	Thermus arciformis	FR749951	1513	7565	Thermaceae	Thermus filiformis	6784.0	1476	35	30	1408	0.9737	0.9168
EU247889	1480	7400	Thermaceae	Thermus arciformis	AJ430586	1498	7490	Thermaceae	Oceanithermus profundus	6190.0	1470	107	93	1334	0.9688	0.8365
EU247889	1480	7400	Thermaceae	Thermus arciformis	KP232921	1538	7690	Thermaceae	Meiothermus roseus	5853.0	1479	112	130	1291	0.9570	0.7909
EU247889	1480	7400	Thermaceae	Thermus arciformis	Y13594	1436	7180	Thermaceae	Meiothermus cerbereus	5720.0	1460	99	127	1266	0.9497	0.7967
EU247889	1480	7400	Thermaceae	Thermus arciformis	Y18416	1462	7310	Thermaceae	Thermus oshimai	6390.0	1460	63	73	1350	0.9733	0.8741
EU247889	1480	7400	Thermaceae	Thermus arciformis	EU753247	1442	7210	Thermaceae	Thermus islandicus	6920.0	1441	18	17	1408	0.9888	0.9598
EU247889	1480	7400	Thermaceae	Thermus arciformis	L09663	1470	7350	Thermaceae	Thermus aquaticus	7018.0	1466	18	18	1430	0.9876	0.9548
EU247889	1480	7400	Thermaceae	Thermus arciformis	Z15062	1461	7287	Thermaceae	Thermus brockianus	6777.0	1445	35	31	1392	0.9844	0.9300
EU247889	1480	7400	Thermaceae	Thermus arciformis	AF418001	1483	7415	Thermaceae	Meiothermus taiwanensis	5855.0	1480	107	133	1290	0.9577	0.7912
EU247889	1480	7400	Thermaceae	Thermus arciformis	AF032127	1469	7321	Thermaceae	Thermus scotoductus	6811.0	1464	33	32	1404	0.9804	0.9303
EU247889	1480	7400	Thermaceae	Thermus arciformis	HM856631	1472	7360	Thermaceae	Rhabdothermus arcticus	6124.0	1460	113	110	1318	0.9763	0.8321
EU247889	1480	7400	Thermaceae	Thermus arciformis	FN178496	1487	7435	Thermaceae	Meiothermus rufus	5922.0	1479	96	121	1298	0.9558	0.8003
EU247889	1480	7400	Thermaceae	Thermus arciformis	X07998	1515	7575	Thermaceae	Thermus thermophilus	6983.0	1480	26	28	1431	0.9855	0.9436
EU247889	1480	7400	Thermaceae	Thermus arciformis	AB586707	1414	7070	Thermaceae	Meiothermus hypogaeus	5487.0	1442	117	145	1230	0.9483	0.7761
GU584097	1478	7390	Thermaceae	Meiothermus granaticius	AB079382	1493	7465	Thermaceae	Marinithermus hydrothermalis	5809.0	1449	149	110	1284	0.9589	0.7861
GU584097	1478	7390	Thermaceae	Meiothermus granaticius	AJ871168	1483	7415	Thermaceae	Meiothermus timidus	6340.0	1477	81	80	1355	0.9699	0.8579
GU584097	1478	7390	Thermaceae	Meiothermus granaticius	JX112365	1526	7630	Thermaceae	Thermus tengchongensis	5816.0	1477	152	119	1295	0.9536	0.7870
GU584097	1478	7390	Thermaceae	Meiothermus granaticius	CP002042	1481	7405	Thermaceae	Meiothermus silvanus	6222.0	1474	92	89	1340	0.9675	0.8419
GU584097	1478	7390	Thermaceae	Meiothermus granaticius	Z15059	1430	7132	Thermaceae	Meiothermus ruber	6404.0	1431	44	45	1343	0.9690	0.8979
GU584097	1478	7390	Thermaceae	Meiothermus granaticius	KC852874	1545	7725	Thermaceae	Thermus caliditerrae	5776.0	1477	158	133	1288	0.9583	0.7816
GU584097	1478	7390	Thermaceae	Meiothermus granaticius	X84212	1421	7105	Thermaceae	Meiothermus chliarophilus	5866.0	1421	107	107	1274	0.9696	0.8256
GU584097	1478	7390	Thermaceae	Meiothermus granaticius	EU247891	1455	7275	Thermaceae	Meiothermus cateniformans	6494.0	1453	48	51	1363	0.9722	0.8926
GU584097	1478	7390	Thermaceae	Meiothermus granaticius	AB107956	1383	6915	Thermaceae	Oceanithermus desulfurans	5497.0	1347	126	90	1206	0.9594	0.7949
GU584097	1478	7390	Thermaceae	Meiothermus granaticius	KF603888	1440	7200	Thermaceae	Meiothermus terrae	5916.0	1439	106	105	1288	0.9655	0.8217
GU584097	1478	7390	Thermaceae	Meiothermus granaticius	AJ507298	1481	7405	Thermaceae	Vulcanithermus mediatlanticus	5704.0	1457	153	129	1271	0.9571	0.7719
GU584097	1478	7390	Thermaceae	Meiothermus granaticius	EU701067	1445	7225	Thermaceae	Thermus composti	5515.0	1415	157	127	1233	0.9573	0.7633
GU584097	1478	7390	Thermaceae	Meiothermus granaticius	Y18411	1475	7375	Thermaceae	Thermus antranikianii	5706.0	1445	142	112	1269	0.9520	0.7737
GU584097	1478	7390	Thermaceae	Meiothermus granaticius	Y18406	1472	7348	Thermaceae	Thermus igniterrae	5735.0	1445	140	113	1272	0.9550	0.7805
GU584097	1478	7390	Thermaceae	Meiothermus granaticius	FR749951	1513	7565	Thermaceae	Thermus filiformis	5816.0	1478	157	125	1295	0.9571	0.7870
GU584097	1478	7390	Thermaceae	Meiothermus granaticius	AJ430586	1498	7490	Thermaceae	Oceanithermus profundus	5939.0	1457	144	103	1303	0.9623	0.8037
GU584097	1478	7390	Thermaceae	Meiothermus granaticius	KP232921	1538	7690	Thermaceae	Meiothermus roseus	6313.0	1477	90	81	1353	0.9692	0.8543
GU584097	1478	7390	Thermaceae	Meiothermus granaticius	Y13594	1436	7180	Thermaceae	Meiothermus cerbereus	6518.0	1437	43	44	1359	0.9756	0.9078
GU584097	1478	7390	Thermaceae	Meiothermus granaticius	Y18416	1462	7310	Thermaceae	Thermus oshimai	5616.0	1445	149	132	1254	0.9551	0.7683
GU584097	1478	7390	Thermaceae	Meiothermus granaticius	EU753247	1442	7210	Thermaceae	Thermus islandicus	5543.0	1421	146	125	1238	0.9552	0.7688
GU584097	1478	7390	Thermaceae	Meiothermus granaticius	L09663	1470	7350	Thermaceae	Thermus aquaticus	5700.0	1443	142	115	1268	0.9548	0.7755
GU584097	1478	7390	Thermaceae	Meiothermus granaticius	Z15062	1461	7287	Thermaceae	Thermus brockianus	5645.0	1433	149	121	1256	0.9573	0.7747
GU584097	1478	7390	Thermaceae	Meiothermus granaticius	AF418001	1483	7415	Thermaceae	Meiothermus taiwanensis	6567.0	1478	47	46	1383	0.9658	0.8886
GU584097	1478	7390	Thermaceae	Meiothermus granaticius	AF032127	1469	7321	Thermaceae	Thermus scotoductus	5633.0	1441	144	116	1258	0.9494	0.7694
GU584097	1478	7390	Thermaceae	Meiothermus granaticius	HM856631	1472	7360	Thermaceae	Rhabdothermus arcticus	5674.0	1442	149	119	1263	0.9546	0.7709
GU584097	1478	7390	Thermaceae	Meiothermus granaticius	FN178496	1487	7435	Thermaceae	Meiothermus rufus	6617.0	1478	53	51	1388	0.9727	0.8954
GU584097	1478	7390	Thermaceae	Meiothermus granaticius	X07998	1515	7575	Thermaceae	Thermus thermophilus	5849.0	1478	142	117	1298	0.9537	0.7915
GU584097	1478	7390	Thermaceae	Meiothermus granaticius	AB586707	1414	7070	Thermaceae	Meiothermus hypogaeus	6503.0	1415	33	34	1349	0.9768	0.9198
AB079382	1493	7465	Thermaceae	Marinithermus hydrothermalis	AJ871168	1483	7415	Thermaceae	Meiothermus timidus	5884.0	1492	102	135	1296	0.9550	0.7935
AB079382	1493	7465	Thermaceae	Marinithermus hydrothermalis	JX112365	1526	7630	Thermaceae	Thermus tengchongensis	6233.0	1492	109	109	1343	0.9711	0.8350
AB079382	1493	7465	Thermaceae	Marinithermus hydrothermalis	CP002042	1481	7405	Thermaceae	Meiothermus silvanus	5919.0	1491	95	126	1300	0.9524	0.7993
AB079382	1493	7465	Thermaceae	Marinithermus hydrothermalis	Z15059	1430	7132	Thermaceae	Meiothermus ruber	5710.0	1459	98	133	1262	0.9517	0.8006
AB079382	1493	7465	Thermaceae	Marinithermus hydrothermalis	KC852874	1545	7725	Thermaceae	Thermus caliditerrae	6250.0	1492	95	103	1345	0.9683	0.8372
AB079382	1493	7465	Thermaceae	Marinithermus hydrothermalis	X84212	1421	7105	Thermaceae	Meiothermus chliarophilus	5816.0	1454	86	120	1273	0.9543	0.8186
AB079382	1493	7465	Thermaceae	Marinithermus hydrothermalis	EU247891	1455	7275	Thermaceae	Meiothermus cateniformans	5935.0	1492	96	133	1302	0.9581	0.8158
AB079382	1493	7465	Thermaceae	Marinithermus hydrothermalis	AB107956	1383	6915	Thermaceae	Oceanithermus desulfurans	6011.0	1381	63	61	1275	0.9659	0.8693
AB079382	1493	7465	Thermaceae	Marinithermus hydrothermalis	KF603888	1440	7200	Thermaceae	Meiothermus terrae	5869.0	1471	89	122	1287	0.9540	0.8151
AB079382	1493	7465	Thermaceae	Marinithermus hydrothermalis	AJ507298	1481	7405	Thermaceae	Vulcanithermus mediatlanticus	6098.0	1478	103	113	1320	0.9670	0.8235
AB079382	1493	7465	Thermaceae	Marinithermus hydrothermalis	EU701067	1445	7225	Thermaceae	Thermus composti	6185.0	1451	85	91	1321	0.9713	0.8561
AB079382	1493	7465	Thermaceae	Marinithermus hydrothermalis	Y18411	1475	7375	Thermaceae	Thermus antranikianii	6182.0	1471	102	106	1328	0.9729	0.8382
AB079382	1493	7465	Thermaceae	Marinithermus hydrothermalis	Y18406	1472	7348	Thermaceae	Thermus igniterrae	6210.0	1471	90	97	1331	0.9687	0.8451
AB079382	1493	7465	Thermaceae	Marinithermus hydrothermalis	FR749951	1513	7565	Thermaceae	Thermus filiformis	6252.0	1487	89	91	1345	0.9635	0.8375
AB079382	1493	7465	Thermaceae	Marinithermus hydrothermalis	AJ430586	1498	7490	Thermaceae	Oceanithermus profundus	6455.0	1481	73	66	1369	0.9675	0.8647
AB079382	1493	7465	Thermaceae	Marinithermus hydrothermalis	KP232921	1538	7690	Thermaceae	Meiothermus roseus	5929.0	1492	101	126	1304	0.9546	0.7942
AB079382	1493	7465	Thermaceae	Marinithermus hydrothermalis	Y13594	1436	7180	Thermaceae	Meiothermus cerbereus	5770.0	1471	99	134	1275	0.9536	0.8036
AB079382	1493	7465	Thermaceae	Marinithermus hydrothermalis	Y18416	1462	7310	Thermaceae	Thermus oshimai	6089.0	1471	95	112	1314	0.9669	0.8330
AB079382	1493	7465	Thermaceae	Marinithermus hydrothermalis	EU753247	1442	7210	Thermaceae	Thermus islandicus	6138.0	1453	85	96	1315	0.9690	0.8513
AB079382	1493	7465	Thermaceae	Marinithermus hydrothermalis	L09663	1470	7350	Thermaceae	Thermus aquaticus	6177.0	1477	97	104	1329	0.9680	0.8404
AB079382	1493	7465	Thermaceae	Marinithermus hydrothermalis	Z15062	1461	7287	Thermaceae	Thermus brockianus	6144.0	1456	98	101	1317	0.9720	0.8431
AB079382	1493	7465	Thermaceae	Marinithermus hydrothermalis	AF418001	1483	7415	Thermaceae	Meiothermus taiwanensis	5848.0	1491	106	139	1292	0.9556	0.7887
AB079382	1493	7465	Thermaceae	Marinithermus hydrothermalis	AF032127	1469	7321	Thermaceae	Thermus scotoductus	6146.0	1475	99	105	1325	0.9672	0.8395
AB079382	1493	7465	Thermaceae	Marinithermus hydrothermalis	HM856631	1472	7360	Thermaceae	Rhabdothermus arcticus	6401.0	1471	73	77	1356	0.9727	0.8697
AB079382	1493	7465	Thermaceae	Marinithermus hydrothermalis	FN178496	1487	7435	Thermaceae	Meiothermus rufus	5906.0	1492	114	147	1298	0.9651	0.7944
AB079382	1493	7465	Thermaceae	Marinithermus hydrothermalis	X07998	1515	7575	Thermaceae	Thermus thermophilus	6322.0	1492	90	97	1353	0.9699	0.8469
AB079382	1493	7465	Thermaceae	Marinithermus hydrothermalis	AB586707	1414	7070	Thermaceae	Meiothermus hypogaeus	5480.0	1454	117	157	1232	0.9499	0.7751
AJ871168	1483	7415	Thermaceae	Meiothermus timidus	JX112365	1526	7630	Thermaceae	Thermus tengchongensis	5975.0	1483	144	105	1318	0.9565	0.8058
AJ871168	1483	7415	Thermaceae	Meiothermus timidus	CP002042	1481	7405	Thermaceae	Meiothermus silvanus	6191.0	1479	100	99	1336	0.9681	0.8361
AJ871168	1483	7415	Thermaceae	Meiothermus timidus	Z15059	1430	7132	Thermaceae	Meiothermus ruber	6128.0	1432	77	79	1308	0.9667	0.8592
AJ871168	1483	7415	Thermaceae	Meiothermus timidus	KC852874	1545	7725	Thermaceae	Thermus caliditerrae	5874.0	1483	155	124	1303	0.9588	0.7922
AJ871168	1483	7415	Thermaceae	Meiothermus timidus	X84212	1421	7105	Thermaceae	Meiothermus chliarophilus	6423.0	1422	47	48	1341	0.9760	0.9040
AJ871168	1483	7415	Thermaceae	Meiothermus timidus	EU247891	1455	7275	Thermaceae	Meiothermus cateniformans	6288.0	1454	72	72	1338	0.9682	0.8643
AJ871168	1483	7415	Thermaceae	Meiothermus timidus	AB107956	1383	6915	Thermaceae	Oceanithermus desulfurans	5597.0	1348	118	83	1218	0.9628	0.8094
AJ871168	1483	7415	Thermaceae	Meiothermus timidus	KF603888	1440	7200	Thermaceae	Meiothermus terrae	6483.0	1440	38	38	1357	0.9679	0.9004
AJ871168	1483	7415	Thermaceae	Meiothermus timidus	AJ507298	1481	7405	Thermaceae	Vulcanithermus mediatlanticus	5827.0	1458	138	115	1287	0.9583	0.7869
AJ871168	1483	7415	Thermaceae	Meiothermus timidus	EU701067	1445	7225	Thermaceae	Thermus composti	5609.0	1416	142	113	1245	0.9555	0.7763
AJ871168	1483	7415	Thermaceae	Meiothermus timidus	Y18411	1475	7375	Thermaceae	Thermus antranikianii	5751.0	1446	140	111	1274	0.9543	0.7798
AJ871168	1483	7415	Thermaceae	Meiothermus timidus	Y18406	1472	7348	Thermaceae	Thermus igniterrae	5813.0	1446	135	109	1281	0.9581	0.7911
AJ871168	1483	7415	Thermaceae	Meiothermus timidus	FR749951	1513	7565	Thermaceae	Thermus filiformis	5901.0	1478	150	119	1304	0.9595	0.7958
AJ871168	1483	7415	Thermaceae	Meiothermus timidus	AJ430586	1498	7490	Thermaceae	Oceanithermus profundus	6053.0	1458	136	96	1317	0.9670	0.8163
AJ871168	1483	7415	Thermaceae	Meiothermus timidus	KP232921	1538	7690	Thermaceae	Meiothermus roseus	7248.0	1483	11	3	1466	0.9905	0.9775
AJ871168	1483	7415	Thermaceae	Meiothermus timidus	Y13594	1436	7180	Thermaceae	Meiothermus cerbereus	6232.0	1438	67	69	1325	0.9679	0.8680
AJ871168	1483	7415	Thermaceae	Meiothermus timidus	Y18416	1462	7310	Thermaceae	Thermus oshimai	5669.0	1446	150	134	1260	0.9604	0.7755
AJ871168	1483	7415	Thermaceae	Meiothermus timidus	EU753247	1442	7210	Thermaceae	Thermus islandicus	5607.0	1417	143	118	1244	0.9577	0.7777
AJ871168	1483	7415	Thermaceae	Meiothermus timidus	L09663	1470	7350	Thermaceae	Thermus aquaticus	5811.0	1444	139	113	1280	0.9617	0.7906
AJ871168	1483	7415	Thermaceae	Meiothermus timidus	Z15062	1461	7287	Thermaceae	Thermus brockianus	5733.0	1434	143	116	1266	0.9605	0.7867
AJ871168	1483	7415	Thermaceae	Meiothermus timidus	AF418001	1483	7415	Thermaceae	Meiothermus taiwanensis	6296.0	1482	88	89	1349	0.9684	0.8491
AJ871168	1483	7415	Thermaceae	Meiothermus timidus	AF032127	1469	7321	Thermaceae	Thermus scotoductus	5696.0	1442	143	116	1265	0.9540	0.7780
AJ871168	1483	7415	Thermaceae	Meiothermus timidus	HM856631	1472	7360	Thermaceae	Rhabdothermus arcticus	5789.0	1443	131	102	1278	0.9530	0.7865
AJ871168	1483	7415	Thermaceae	Meiothermus timidus	FN178496	1487	7435	Thermaceae	Meiothermus rufus	6389.0	1483	88	88	1360	0.9749	0.8616
AJ871168	1483	7415	Thermaceae	Meiothermus timidus	X07998	1515	7575	Thermaceae	Thermus thermophilus	5952.0	1483	130	104	1313	0.9521	0.8027
AJ871168	1483	7415	Thermaceae	Meiothermus timidus	AB586707	1414	7070	Thermaceae	Meiothermus hypogaeus	6056.0	1416	77	79	1295	0.9686	0.8566
JX112365	1526	7630	Thermaceae	Thermus tengchongensis	CP002042	1481	7405	Thermaceae	Meiothermus silvanus	6046.0	1511	98	128	1325	0.9581	0.8165
JX112365	1526	7630	Thermaceae	Thermus tengchongensis	Z15059	1430	7132	Thermaceae	Meiothermus ruber	5714.0	1464	97	131	1265	0.9490	0.8012
JX112365	1526	7630	Thermaceae	Thermus tengchongensis	KC852874	1545	7725	Thermaceae	Thermus caliditerrae	7195.0	1526	22	30	1473	0.9846	0.9430
JX112365	1526	7630	Thermaceae	Thermus tengchongensis	X84212	1421	7105	Thermaceae	Meiothermus chliarophilus	5634.0	1453	109	142	1250	0.9535	0.7930
JX112365	1526	7630	Thermaceae	Thermus tengchongensis	EU247891	1455	7275	Thermaceae	Meiothermus cateniformans	5880.0	1486	100	131	1294	0.9550	0.8082
JX112365	1526	7630	Thermaceae	Thermus tengchongensis	AB107956	1383	6915	Thermaceae	Oceanithermus desulfurans	5742.0	1379	109	105	1241	0.9741	0.8304
JX112365	1526	7630	Thermaceae	Thermus tengchongensis	KF603888	1440	7200	Thermaceae	Meiothermus terrae	5699.0	1472	111	143	1266	0.9526	0.7915
JX112365	1526	7630	Thermaceae	Thermus tengchongensis	AJ507298	1481	7405	Thermaceae	Vulcanithermus mediatlanticus	5959.0	1490	123	132	1308	0.9632	0.8047
JX112365	1526	7630	Thermaceae	Thermus tengchongensis	EU701067	1445	7225	Thermaceae	Thermus composti	6668.0	1445	42	42	1379	0.9829	0.9229
JX112365	1526	7630	Thermaceae	Thermus tengchongensis	Y18411	1475	7375	Thermaceae	Thermus antranikianii	6991.0	1478	30	33	1430	0.9896	0.9479
JX112365	1526	7630	Thermaceae	Thermus tengchongensis	Y18406	1472	7348	Thermaceae	Thermus igniterrae	6955.0	1478	29	35	1425	0.9875	0.9465
JX112365	1526	7630	Thermaceae	Thermus tengchongensis	FR749951	1513	7565	Thermaceae	Thermus filiformis	6743.0	1510	53	54	1415	0.9718	0.8913
JX112365	1526	7630	Thermaceae	Thermus tengchongensis	AJ430586	1498	7490	Thermaceae	Oceanithermus profundus	6245.0	1490	110	102	1347	0.9705	0.8338
JX112365	1526	7630	Thermaceae	Thermus tengchongensis	KP232921	1538	7690	Thermaceae	Meiothermus roseus	6054.0	1526	114	139	1332	0.9603	0.7934
JX112365	1526	7630	Thermaceae	Thermus tengchongensis	Y13594	1436	7180	Thermaceae	Meiothermus cerbereus	5745.0	1470	98	132	1272	0.9507	0.8001
JX112365	1526	7630	Thermaceae	Thermus tengchongensis	Y18416	1462	7310	Thermaceae	Thermus oshimai	6386.0	1478	79	95	1354	0.9790	0.8736
JX112365	1526	7630	Thermaceae	Thermus tengchongensis	EU753247	1442	7210	Thermaceae	Thermus islandicus	6644.0	1447	44	49	1376	0.9843	0.9215
JX112365	1526	7630	Thermaceae	Thermus tengchongensis	L09663	1470	7350	Thermaceae	Thermus aquaticus	6922.0	1476	31	37	1421	0.9875	0.9418
JX112365	1526	7630	Thermaceae	Thermus tengchongensis	Z15062	1461	7287	Thermaceae	Thermus brockianus	6797.0	1463	35	37	1401	0.9825	0.9328
JX112365	1526	7630	Thermaceae	Thermus tengchongensis	AF418001	1483	7415	Thermaceae	Meiothermus taiwanensis	5964.0	1514	111	143	1315	0.9592	0.8043
JX112365	1526	7630	Thermaceae	Thermus tengchongensis	AF032127	1469	7321	Thermaceae	Thermus scotoductus	6978.0	1474	22	27	1426	0.9855	0.9531
JX112365	1526	7630	Thermaceae	Thermus tengchongensis	HM856631	1472	7360	Thermaceae	Rhabdothermus arcticus	6111.0	1475	113	116	1322	0.9728	0.8303
JX112365	1526	7630	Thermaceae	Thermus tengchongensis	FN178496	1487	7435	Thermaceae	Meiothermus rufus	6050.0	1516	96	129	1326	0.9560	0.8137
JX112365	1526	7630	Thermaceae	Thermus tengchongensis	X07998	1515	7575	Thermaceae	Thermus thermophilus	6912.0	1522	46	56	1438	0.9809	0.9125
JX112365	1526	7630	Thermaceae	Thermus tengchongensis	AB586707	1414	7070	Thermaceae	Meiothermus hypogaeus	5507.0	1448	110	144	1234	0.9463	0.7789
CP002042	1481	7405	Thermaceae	Meiothermus silvanus	Z15059	1430	7132	Thermaceae	Meiothermus ruber	6054.0	1434	84	88	1301	0.9666	0.8489
CP002042	1481	7405	Thermaceae	Meiothermus silvanus	KC852874	1545	7725	Thermaceae	Thermus caliditerrae	5964.0	1481	138	116	1313	0.9619	0.8054
CP002042	1481	7405	Thermaceae	Meiothermus silvanus	X84212	1421	7105	Thermaceae	Meiothermus chliarophilus	5985.0	1423	99	102	1287	0.9743	0.8424
CP002042	1481	7405	Thermaceae	Meiothermus silvanus	EU247891	1455	7275	Thermaceae	Meiothermus cateniformans	6170.0	1460	81	87	1325	0.9650	0.8481
CP002042	1481	7405	Thermaceae	Meiothermus silvanus	AB107956	1383	6915	Thermaceae	Oceanithermus desulfurans	5482.0	1350	120	87	1205	0.9541	0.7928
CP002042	1481	7405	Thermaceae	Meiothermus silvanus	KF603888	1440	7200	Thermaceae	Meiothermus terrae	5986.0	1442	98	100	1296	0.9657	0.8314
CP002042	1481	7405	Thermaceae	Meiothermus silvanus	AJ507298	1481	7405	Thermaceae	Vulcanithermus mediatlanticus	5889.0	1460	128	107	1295	0.9571	0.7953
CP002042	1481	7405	Thermaceae	Meiothermus silvanus	EU701067	1445	7225	Thermaceae	Thermus composti	5668.0	1415	143	113	1252	0.9616	0.7845
CP002042	1481	7405	Thermaceae	Meiothermus silvanus	Y18411	1475	7375	Thermaceae	Thermus antranikianii	5880.0	1448	128	101	1291	0.9584	0.7973
CP002042	1481	7405	Thermaceae	Meiothermus silvanus	Y18406	1472	7348	Thermaceae	Thermus igniterrae	5889.0	1448	124	100	1292	0.9585	0.8014
CP002042	1481	7405	Thermaceae	Meiothermus silvanus	FR749951	1513	7565	Thermaceae	Thermus filiformis	5960.0	1477	152	123	1311	0.9682	0.8049
CP002042	1481	7405	Thermaceae	Meiothermus silvanus	AJ430586	1498	7490	Thermaceae	Oceanithermus profundus	5969.0	1463	130	95	1309	0.9569	0.8061
CP002042	1481	7405	Thermaceae	Meiothermus silvanus	KP232921	1538	7690	Thermaceae	Meiothermus roseus	6207.0	1480	102	96	1340	0.9682	0.8382
CP002042	1481	7405	Thermaceae	Meiothermus silvanus	Y13594	1436	7180	Thermaceae	Meiothermus cerbereus	6124.0	1440	82	86	1312	0.9690	0.8529
CP002042	1481	7405	Thermaceae	Meiothermus silvanus	Y18416	1462	7310	Thermaceae	Thermus oshimai	5730.0	1448	136	122	1269	0.9570	0.7839
CP002042	1481	7405	Thermaceae	Meiothermus silvanus	EU753247	1442	7210	Thermaceae	Thermus islandicus	5660.0	1416	137	112	1251	0.9594	0.7850
CP002042	1481	7405	Thermaceae	Meiothermus silvanus	L09663	1470	7350	Thermaceae	Thermus aquaticus	5882.0	1446	132	108	1290	0.9641	0.8003
CP002042	1481	7405	Thermaceae	Meiothermus silvanus	Z15062	1461	7287	Thermaceae	Thermus brockianus	5809.0	1433	132	104	1276	0.9601	0.7972
CP002042	1481	7405	Thermaceae	Meiothermus silvanus	AF418001	1483	7415	Thermaceae	Meiothermus taiwanensis	6237.0	1481	96	98	1342	0.9704	0.8423
CP002042	1481	7405	Thermaceae	Meiothermus silvanus	AF032127	1469	7321	Thermaceae	Thermus scotoductus	5771.0	1444	136	111	1275	0.9565	0.7883
CP002042	1481	7405	Thermaceae	Meiothermus silvanus	HM856631	1472	7360	Thermaceae	Rhabdothermus arcticus	5851.0	1445	127	100	1287	0.9569	0.7950
CP002042	1481	7405	Thermaceae	Meiothermus silvanus	FN178496	1487	7435	Thermaceae	Meiothermus rufus	6241.0	1480	86	87	1343	0.9641	0.8428
CP002042	1481	7405	Thermaceae	Meiothermus silvanus	X07998	1515	7575	Thermaceae	Thermus thermophilus	5984.0	1481	135	113	1315	0.9613	0.8081
CP002042	1481	7405	Thermaceae	Meiothermus silvanus	AB586707	1414	7070	Thermaceae	Meiothermus hypogaeus	5966.0	1418	84	88	1285	0.9662	0.8438
Z15059	1430	7132	Thermaceae	Meiothermus ruber	KC852874	1545	7725	Thermaceae	Thermus caliditerrae	5693.0	1430	127	101	1261	0.9488	0.7982
Z15059	1430	7132	Thermaceae	Meiothermus ruber	X84212	1421	7105	Thermaceae	Meiothermus chliarophilus	6043.0	1420	81	80	1295	0.9664	0.8505
Z15059	1430	7132	Thermaceae	Meiothermus ruber	EU247891	1455	7275	Thermaceae	Meiothermus cateniformans	6915.0	1424	14	16	1399	0.9936	0.9696
Z15059	1430	7132	Thermaceae	Meiothermus ruber	AB107956	1383	6915	Thermaceae	Oceanithermus desulfurans	5374.0	1319	132	95	1178	0.9624	0.7772
Z15059	1430	7132	Thermaceae	Meiothermus ruber	KF603888	1440	7200	Thermaceae	Meiothermus terrae	5998.0	1426	86	84	1292	0.9627	0.8410
Z15059	1430	7132	Thermaceae	Meiothermus ruber	AJ507298	1481	7405	Thermaceae	Vulcanithermus mediatlanticus	5610.0	1430	159	130	1248	0.9600	0.7866
Z15059	1430	7132	Thermaceae	Meiothermus ruber	EU701067	1445	7225	Thermaceae	Thermus composti	5583.0	1402	134	103	1237	0.9523	0.7828
Z15059	1430	7132	Thermaceae	Meiothermus ruber	Y18411	1475	7375	Thermaceae	Thermus antranikianii	5764.0	1430	122	91	1271	0.9492	0.8082
Z15059	1430	7132	Thermaceae	Meiothermus ruber	Y18406	1472	7348	Thermaceae	Thermus igniterrae	5785.0	1430	114	86	1273	0.9472	0.8111
Z15059	1430	7132	Thermaceae	Meiothermus ruber	FR749951	1513	7565	Thermaceae	Thermus filiformis	5705.0	1430	144	111	1262	0.9568	0.7999
Z15059	1430	7132	Thermaceae	Meiothermus ruber	AJ430586	1498	7490	Thermaceae	Oceanithermus profundus	5823.0	1430	145	103	1277	0.9623	0.8165
Z15059	1430	7132	Thermaceae	Meiothermus ruber	KP232921	1538	7690	Thermaceae	Meiothermus roseus	6144.0	1430	81	71	1313	0.9662	0.8615
Z15059	1430	7132	Thermaceae	Meiothermus ruber	Y13594	1436	7180	Thermaceae	Meiothermus cerbereus	6924.0	1424	8	8	1401	0.9894	0.9708
Z15059	1430	7132	Thermaceae	Meiothermus ruber	Y18416	1462	7310	Thermaceae	Thermus oshimai	5587.0	1430	153	135	1243	0.9598	0.7834
Z15059	1430	7132	Thermaceae	Meiothermus ruber	EU753247	1442	7210	Thermaceae	Thermus islandicus	5661.0	1415	119	92	1252	0.9463	0.7937
Z15059	1430	7132	Thermaceae	Meiothermus ruber	L09663	1470	7350	Thermaceae	Thermus aquaticus	5740.0	1424	124	96	1265	0.9526	0.8048
Z15059	1430	7132	Thermaceae	Meiothermus ruber	Z15062	1461	7287	Thermaceae	Thermus brockianus	5732.0	1430	130	101	1265	0.9518	0.8037
Z15059	1430	7132	Thermaceae	Meiothermus ruber	AF418001	1483	7415	Thermaceae	Meiothermus taiwanensis	6949.0	1430	8	6	1407	0.9881	0.9743
Z15059	1430	7132	Thermaceae	Meiothermus ruber	AF032127	1469	7321	Thermaceae	Thermus scotoductus	5675.0	1424	132	103	1256	0.9508	0.7957
Z15059	1430	7132	Thermaceae	Meiothermus ruber	HM856631	1472	7360	Thermaceae	Rhabdothermus arcticus	5676.0	1429	143	108	1259	0.9531	0.7958
Z15059	1430	7132	Thermaceae	Meiothermus ruber	FN178496	1487	7435	Thermaceae	Meiothermus rufus	6655.0	1430	28	25	1373	0.9772	0.9331
Z15059	1430	7132	Thermaceae	Meiothermus ruber	X07998	1515	7575	Thermaceae	Thermus thermophilus	5720.0	1430	117	91	1264	0.9440	0.8020
Z15059	1430	7132	Thermaceae	Meiothermus ruber	AB586707	1414	7070	Thermaceae	Meiothermus hypogaeus	6372.0	1402	47	47	1327	0.9793	0.9013
KC852874	1545	7725	Thermaceae	Thermus caliditerrae	X84212	1421	7105	Thermaceae	Meiothermus chliarophilus	5598.0	1445	114	139	1245	0.9533	0.7879
KC852874	1545	7725	Thermaceae	Thermus caliditerrae	EU247891	1455	7275	Thermaceae	Meiothermus cateniformans	5852.0	1478	108	131	1289	0.9569	0.8044
KC852874	1545	7725	Thermaceae	Thermus caliditerrae	AB107956	1383	6915	Thermaceae	Oceanithermus desulfurans	5613.0	1371	126	114	1223	0.9730	0.8117
KC852874	1545	7725	Thermaceae	Thermus caliditerrae	KF603888	1440	7200	Thermaceae	Meiothermus terrae	5638.0	1464	118	142	1258	0.9516	0.7831
KC852874	1545	7725	Thermaceae	Thermus caliditerrae	AJ507298	1481	7405	Thermaceae	Vulcanithermus mediatlanticus	5879.0	1482	139	140	1297	0.9665	0.7939
KC852874	1545	7725	Thermaceae	Thermus caliditerrae	EU701067	1445	7225	Thermaceae	Thermus composti	6487.0	1437	61	53	1355	0.9790	0.8979
KC852874	1545	7725	Thermaceae	Thermus caliditerrae	Y18411	1475	7375	Thermaceae	Thermus antranikianii	6873.0	1470	29	24	1416	0.9793	0.9319
KC852874	1545	7725	Thermaceae	Thermus caliditerrae	Y18406	1472	7348	Thermaceae	Thermus igniterrae	6921.0	1470	30	28	1420	0.9847	0.9419
KC852874	1545	7725	Thermaceae	Thermus caliditerrae	FR749951	1513	7565	Thermaceae	Thermus filiformis	6731.0	1502	65	58	1411	0.9771	0.8898
KC852874	1545	7725	Thermaceae	Thermus caliditerrae	AJ430586	1498	7490	Thermaceae	Oceanithermus profundus	6110.0	1482	130	114	1328	0.9708	0.8158
KC852874	1545	7725	Thermaceae	Thermus caliditerrae	KP232921	1538	7690	Thermaceae	Meiothermus roseus	5976.0	1544	133	164	1327	0.9616	0.7771
KC852874	1545	7725	Thermaceae	Thermus caliditerrae	Y13594	1436	7180	Thermaceae	Meiothermus cerbereus	5704.0	1462	109	135	1265	0.9533	0.7944
KC852874	1545	7725	Thermaceae	Thermus caliditerrae	Y18416	1462	7310	Thermaceae	Thermus oshimai	6316.0	1470	90	98	1344	0.9796	0.8640
KC852874	1545	7725	Thermaceae	Thermus caliditerrae	EU753247	1442	7210	Thermaceae	Thermus islandicus	6610.0	1439	46	43	1371	0.9821	0.9168
KC852874	1545	7725	Thermaceae	Thermus caliditerrae	L09663	1470	7350	Thermaceae	Thermus aquaticus	6778.0	1468	44	42	1402	0.9832	0.9222
KC852874	1545	7725	Thermaceae	Thermus caliditerrae	Z15062	1461	7287	Thermaceae	Thermus brockianus	6759.0	1455	46	40	1394	0.9852	0.9275
KC852874	1545	7725	Thermaceae	Thermus caliditerrae	AF418001	1483	7415	Thermaceae	Meiothermus taiwanensis	5936.0	1506	118	142	1310	0.9604	0.8005
KC852874	1545	7725	Thermaceae	Thermus caliditerrae	AF032127	1469	7321	Thermaceae	Thermus scotoductus	6945.0	1466	27	24	1421	0.9854	0.9486
KC852874	1545	7725	Thermaceae	Thermus caliditerrae	HM856631	1472	7360	Thermaceae	Rhabdothermus arcticus	6064.0	1467	121	116	1315	0.9734	0.8239
KC852874	1545	7725	Thermaceae	Thermus caliditerrae	FN178496	1487	7435	Thermaceae	Meiothermus rufus	6017.0	1508	100	125	1321	0.9552	0.8093
KC852874	1545	7725	Thermaceae	Thermus caliditerrae	X07998	1515	7575	Thermaceae	Thermus thermophilus	6765.0	1514	64	66	1418	0.9793	0.8931
KC852874	1545	7725	Thermaceae	Thermus caliditerrae	AB586707	1414	7070	Thermaceae	Meiothermus hypogaeus	5442.0	1440	122	148	1225	0.9481	0.7697
X84212	1421	7105	Thermaceae	Meiothermus chliarophilus	EU247891	1455	7275	Thermaceae	Meiothermus cateniformans	6098.0	1417	80	78	1301	0.9716	0.8583
X84212	1421	7105	Thermaceae	Meiothermus chliarophilus	AB107956	1383	6915	Thermaceae	Oceanithermus desulfurans	5367.0	1315	128	92	1177	0.9624	0.7761
X84212	1421	7105	Thermaceae	Meiothermus chliarophilus	KF603888	1440	7200	Thermaceae	Meiothermus terrae	6902.0	1421	9	8	1398	0.9894	0.9714
X84212	1421	7105	Thermaceae	Meiothermus chliarophilus	AJ507298	1481	7405	Thermaceae	Vulcanithermus mediatlanticus	5670.0	1421	144	117	1254	0.9617	0.7980
X84212	1421	7105	Thermaceae	Meiothermus chliarophilus	EU701067	1445	7225	Thermaceae	Thermus composti	5547.0	1398	140	110	1230	0.9550	0.7807
X84212	1421	7105	Thermaceae	Meiothermus chliarophilus	Y18411	1475	7375	Thermaceae	Thermus antranikianii	5653.0	1420	136	106	1252	0.9528	0.7956
X84212	1421	7105	Thermaceae	Meiothermus chliarophilus	Y18406	1472	7348	Thermaceae	Thermus igniterrae	5684.0	1420	124	97	1256	0.9494	0.8000
X84212	1421	7105	Thermaceae	Meiothermus chliarophilus	FR749951	1513	7565	Thermaceae	Thermus filiformis	5660.0	1420	140	108	1254	0.9558	0.7966
X84212	1421	7105	Thermaceae	Meiothermus chliarophilus	AJ430586	1498	7490	Thermaceae	Oceanithermus profundus	5816.0	1420	138	97	1274	0.9630	0.8186
X84212	1421	7105	Thermaceae	Meiothermus chliarophilus	KP232921	1538	7690	Thermaceae	Meiothermus roseus	6486.0	1421	40	31	1351	0.9719	0.9129
X84212	1421	7105	Thermaceae	Meiothermus chliarophilus	Y13594	1436	7180	Thermaceae	Meiothermus cerbereus	6055.0	1421	81	82	1297	0.9686	0.8522
X84212	1421	7105	Thermaceae	Meiothermus chliarophilus	Y18416	1462	7310	Thermaceae	Thermus oshimai	5598.0	1420	148	131	1242	0.9635	0.7879
X84212	1421	7105	Thermaceae	Meiothermus chliarophilus	EU753247	1442	7210	Thermaceae	Thermus islandicus	5594.0	1413	138	110	1242	0.9532	0.7873
X84212	1421	7105	Thermaceae	Meiothermus chliarophilus	L09663	1470	7350	Thermaceae	Thermus aquaticus	5640.0	1420	135	108	1250	0.9527	0.7938
X84212	1421	7105	Thermaceae	Meiothermus chliarophilus	Z15062	1461	7287	Thermaceae	Thermus brockianus	5648.0	1420	140	109	1251	0.9542	0.7949
X84212	1421	7105	Thermaceae	Meiothermus chliarophilus	AF418001	1483	7415	Thermaceae	Meiothermus taiwanensis	5978.0	1421	91	90	1288	0.9677	0.8414
X84212	1421	7105	Thermaceae	Meiothermus chliarophilus	AF032127	1469	7321	Thermaceae	Thermus scotoductus	5609.0	1420	135	107	1247	0.9497	0.7894
X84212	1421	7105	Thermaceae	Meiothermus chliarophilus	HM856631	1472	7360	Thermaceae	Rhabdothermus arcticus	5774.0	1421	120	87	1269	0.9513	0.8127
X84212	1421	7105	Thermaceae	Meiothermus chliarophilus	FN178496	1487	7435	Thermaceae	Meiothermus rufus	6001.0	1421	103	101	1289	0.9765	0.8446
X84212	1421	7105	Thermaceae	Meiothermus chliarophilus	X07998	1515	7575	Thermaceae	Thermus thermophilus	5673.0	1420	122	97	1255	0.9486	0.7985
X84212	1421	7105	Thermaceae	Meiothermus chliarophilus	AB586707	1414	7070	Thermaceae	Meiothermus hypogaeus	5751.0	1399	106	107	1251	0.9683	0.8134
EU247891	1455	7275	Thermaceae	Meiothermus cateniformans	AB107956	1383	6915	Thermaceae	Oceanithermus desulfurans	5593.0	1349	127	93	1216	0.9682	0.8088
EU247891	1455	7275	Thermaceae	Meiothermus cateniformans	KF603888	1440	7200	Thermaceae	Meiothermus terrae	6127.0	1435	75	76	1312	0.9654	0.8510
EU247891	1455	7275	Thermaceae	Meiothermus cateniformans	AJ507298	1481	7405	Thermaceae	Vulcanithermus mediatlanticus	5704.0	1442	154	132	1263	0.9641	0.7841
EU247891	1455	7275	Thermaceae	Meiothermus cateniformans	EU701067	1445	7225	Thermaceae	Thermus composti	5694.0	1417	137	109	1255	0.9595	0.7881
EU247891	1455	7275	Thermaceae	Meiothermus cateniformans	Y18411	1475	7375	Thermaceae	Thermus antranikianii	5842.0	1435	121	93	1282	0.9553	0.8030
EU247891	1455	7275	Thermaceae	Meiothermus cateniformans	Y18406	1472	7348	Thermaceae	Thermus igniterrae	5856.0	1435	117	92	1283	0.9553	0.8049
EU247891	1455	7275	Thermaceae	Meiothermus cateniformans	FR749951	1513	7565	Thermaceae	Thermus filiformis	5868.0	1451	140	110	1290	0.9620	0.8066
EU247891	1455	7275	Thermaceae	Meiothermus cateniformans	AJ430586	1498	7490	Thermaceae	Oceanithermus profundus	5976.0	1445	141	102	1301	0.9687	0.8214
EU247891	1455	7275	Thermaceae	Meiothermus cateniformans	KP232921	1538	7690	Thermaceae	Meiothermus roseus	6309.0	1454	73	66	1343	0.9676	0.8672
EU247891	1455	7275	Thermaceae	Meiothermus cateniformans	Y13594	1436	7180	Thermaceae	Meiothermus cerbereus	6872.0	1435	16	19	1399	0.9880	0.9571
EU247891	1455	7275	Thermaceae	Meiothermus cateniformans	Y18416	1462	7310	Thermaceae	Thermus oshimai	5662.0	1435	147	132	1254	0.9624	0.7783
EU247891	1455	7275	Thermaceae	Meiothermus cateniformans	EU753247	1442	7210	Thermaceae	Thermus islandicus	5718.0	1418	121	97	1259	0.9531	0.7931
EU247891	1455	7275	Thermaceae	Meiothermus cateniformans	L09663	1470	7350	Thermaceae	Thermus aquaticus	5870.0	1441	121	96	1287	0.9569	0.8069
EU247891	1455	7275	Thermaceae	Meiothermus cateniformans	Z15062	1461	7287	Thermaceae	Thermus brockianus	5745.0	1423	131	105	1263	0.9583	0.7897
EU247891	1455	7275	Thermaceae	Meiothermus cateniformans	AF418001	1483	7415	Thermaceae	Meiothermus taiwanensis	7074.0	1455	9	10	1432	0.9910	0.9724
EU247891	1455	7275	Thermaceae	Meiothermus cateniformans	AF032127	1469	7321	Thermaceae	Thermus scotoductus	5806.0	1439	124	98	1278	0.9530	0.7981
EU247891	1455	7275	Thermaceae	Meiothermus cateniformans	HM856631	1472	7360	Thermaceae	Rhabdothermus arcticus	5746.0	1435	138	110	1269	0.9577	0.7898
EU247891	1455	7275	Thermaceae	Meiothermus cateniformans	FN178496	1487	7435	Thermaceae	Meiothermus rufus	6803.0	1454	27	27	1400	0.9811	0.9351
EU247891	1455	7275	Thermaceae	Meiothermus cateniformans	X07998	1515	7575	Thermaceae	Thermus thermophilus	5911.0	1455	112	89	1297	0.9495	0.8125
EU247891	1455	7275	Thermaceae	Meiothermus cateniformans	AB586707	1414	7070	Thermaceae	Meiothermus hypogaeus	6423.0	1417	47	50	1339	0.9795	0.9085
AB107956	1383	6915	Thermaceae	Oceanithermus desulfurans	KF603888	1440	7200	Thermaceae	Meiothermus terrae	5447.0	1368	82	117	1195	0.9552	0.7877
AB107956	1383	6915	Thermaceae	Oceanithermus desulfurans	AJ507298	1481	7405	Thermaceae	Vulcanithermus mediatlanticus	5721.0	1375	83	97	1233	0.9648	0.8273
AB107956	1383	6915	Thermaceae	Oceanithermus desulfurans	EU701067	1445	7225	Thermaceae	Thermus composti	5700.0	1368	91	95	1230	0.9662	0.8243
AB107956	1383	6915	Thermaceae	Oceanithermus desulfurans	Y18411	1475	7375	Thermaceae	Thermus antranikianii	5642.0	1368	98	105	1222	0.9675	0.8159
AB107956	1383	6915	Thermaceae	Oceanithermus desulfurans	Y18406	1472	7348	Thermaceae	Thermus igniterrae	5665.0	1368	90	100	1225	0.9661	0.8192
AB107956	1383	6915	Thermaceae	Oceanithermus desulfurans	FR749951	1513	7565	Thermaceae	Thermus filiformis	5738.0	1383	102	107	1240	0.9718	0.8298
AB107956	1383	6915	Thermaceae	Oceanithermus desulfurans	AJ430586	1498	7490	Thermaceae	Oceanithermus profundus	6793.0	1378	2	2	1367	0.9935	0.9824
AB107956	1383	6915	Thermaceae	Oceanithermus desulfurans	KP232921	1538	7690	Thermaceae	Meiothermus roseus	5605.0	1383	89	116	1221	0.9637	0.8106
AB107956	1383	6915	Thermaceae	Oceanithermus desulfurans	Y13594	1436	7180	Thermaceae	Meiothermus cerbereus	5471.0	1368	84	121	1196	0.9591	0.7912
AB107956	1383	6915	Thermaceae	Oceanithermus desulfurans	Y18416	1462	7310	Thermaceae	Thermus oshimai	5693.0	1368	77	96	1227	0.9646	0.8233
AB107956	1383	6915	Thermaceae	Oceanithermus desulfurans	EU753247	1442	7210	Thermaceae	Thermus islandicus	5590.0	1352	91	100	1210	0.9665	0.8084
AB107956	1383	6915	Thermaceae	Oceanithermus desulfurans	L09663	1470	7350	Thermaceae	Thermus aquaticus	5687.0	1374	95	105	1229	0.9685	0.8224
AB107956	1383	6915	Thermaceae	Oceanithermus desulfurans	Z15062	1461	7287	Thermaceae	Thermus brockianus	5616.0	1353	95	101	1214	0.9696	0.8121
AB107956	1383	6915	Thermaceae	Oceanithermus desulfurans	AF418001	1483	7415	Thermaceae	Meiothermus taiwanensis	5497.0	1383	102	137	1204	0.9663	0.7949
AB107956	1383	6915	Thermaceae	Oceanithermus desulfurans	AF032127	1469	7321	Thermaceae	Thermus scotoductus	5635.0	1372	103	113	1221	0.9698	0.8149
AB107956	1383	6915	Thermaceae	Oceanithermus desulfurans	HM856631	1472	7360	Thermaceae	Rhabdothermus arcticus	5855.0	1368	74	85	1247	0.9719	0.8467
AB107956	1383	6915	Thermaceae	Oceanithermus desulfurans	FN178496	1487	7435	Thermaceae	Meiothermus rufus	5571.0	1383	88	122	1215	0.9635	0.8056
AB107956	1383	6915	Thermaceae	Oceanithermus desulfurans	X07998	1515	7575	Thermaceae	Thermus thermophilus	5774.0	1383	77	89	1244	0.9614	0.8350
AB107956	1383	6915	Thermaceae	Oceanithermus desulfurans	AB586707	1414	7070	Thermaceae	Meiothermus hypogaeus	5317.0	1368	105	142	1177	0.9600	0.7689
KF603888	1440	7200	Thermaceae	Meiothermus terrae	AJ507298	1481	7405	Thermaceae	Vulcanithermus mediatlanticus	5803.0	1440	140	117	1277	0.9652	0.8060
KF603888	1440	7200	Thermaceae	Meiothermus terrae	EU701067	1445	7225	Thermaceae	Thermus composti	5602.0	1416	140	111	1244	0.9533	0.7781
KF603888	1440	7200	Thermaceae	Meiothermus terrae	Y18411	1475	7375	Thermaceae	Thermus antranikianii	5700.0	1440	146	117	1265	0.9562	0.7917
KF603888	1440	7200	Thermaceae	Meiothermus terrae	Y18406	1472	7348	Thermaceae	Thermus igniterrae	5742.0	1440	128	102	1271	0.9499	0.7975
KF603888	1440	7200	Thermaceae	Meiothermus terrae	FR749951	1513	7565	Thermaceae	Thermus filiformis	5726.0	1440	140	109	1270	0.9542	0.7953
KF603888	1440	7200	Thermaceae	Meiothermus terrae	AJ430586	1498	7490	Thermaceae	Oceanithermus profundus	5889.0	1440	131	91	1292	0.9577	0.8179
KF603888	1440	7200	Thermaceae	Meiothermus terrae	KP232921	1538	7690	Thermaceae	Meiothermus roseus	6532.0	1440	37	29	1365	0.9674	0.9072
KF603888	1440	7200	Thermaceae	Meiothermus terrae	Y13594	1436	7180	Thermaceae	Meiothermus cerbereus	6087.0	1438	84	86	1307	0.9667	0.8478
KF603888	1440	7200	Thermaceae	Meiothermus terrae	Y18416	1462	7310	Thermaceae	Thermus oshimai	5699.0	1440	143	127	1262	0.9612	0.7915
KF603888	1440	7200	Thermaceae	Meiothermus terrae	EU753247	1442	7210	Thermaceae	Thermus islandicus	5566.0	1417	136	111	1240	0.9495	0.7731
KF603888	1440	7200	Thermaceae	Meiothermus terrae	L09663	1470	7350	Thermaceae	Thermus aquaticus	5676.0	1438	141	115	1261	0.9531	0.7883
KF603888	1440	7200	Thermaceae	Meiothermus terrae	Z15062	1461	7287	Thermaceae	Thermus brockianus	5639.0	1428	136	109	1253	0.9500	0.7832
KF603888	1440	7200	Thermaceae	Meiothermus terrae	AF418001	1483	7415	Thermaceae	Meiothermus taiwanensis	6000.0	1440	92	92	1298	0.9629	0.8333
KF603888	1440	7200	Thermaceae	Meiothermus terrae	AF032127	1469	7321	Thermaceae	Thermus scotoductus	5622.0	1438	141	114	1255	0.9479	0.7808
KF603888	1440	7200	Thermaceae	Meiothermus terrae	HM856631	1472	7360	Thermaceae	Rhabdothermus arcticus	5845.0	1440	117	88	1285	0.9504	0.8118
KF603888	1440	7200	Thermaceae	Meiothermus terrae	FN178496	1487	7435	Thermaceae	Meiothermus rufus	6067.0	1440	96	95	1305	0.9703	0.8426
KF603888	1440	7200	Thermaceae	Meiothermus terrae	X07998	1515	7575	Thermaceae	Thermus thermophilus	5774.0	1440	120	96	1275	0.9487	0.8019
KF603888	1440	7200	Thermaceae	Meiothermus terrae	AB586707	1414	7070	Thermaceae	Meiothermus hypogaeus	5785.0	1416	103	105	1262	0.9626	0.8182
AJ507298	1481	7405	Thermaceae	Vulcanithermus mediatlanticus	EU701067	1445	7225	Thermaceae	Thermus composti	5806.0	1436	125	116	1272	0.9636	0.8036
AJ507298	1481	7405	Thermaceae	Vulcanithermus mediatlanticus	Y18411	1475	7375	Thermaceae	Thermus antranikianii	5957.0	1469	126	120	1303	0.9659	0.8077
AJ507298	1481	7405	Thermaceae	Vulcanithermus mediatlanticus	Y18406	1472	7348	Thermaceae	Thermus igniterrae	5887.0	1469	121	118	1294	0.9578	0.8012
AJ507298	1481	7405	Thermaceae	Vulcanithermus mediatlanticus	FR749951	1513	7565	Thermaceae	Thermus filiformis	5909.0	1481	142	134	1301	0.9659	0.7980
AJ507298	1481	7405	Thermaceae	Vulcanithermus mediatlanticus	AJ430586	1498	7490	Thermaceae	Oceanithermus profundus	6230.0	1478	103	86	1342	0.9641	0.8413
AJ507298	1481	7405	Thermaceae	Vulcanithermus mediatlanticus	KP232921	1538	7690	Thermaceae	Meiothermus roseus	5825.0	1481	124	139	1288	0.9598	0.7866
AJ507298	1481	7405	Thermaceae	Vulcanithermus mediatlanticus	Y13594	1436	7180	Thermaceae	Meiothermus cerbereus	5670.0	1461	126	151	1258	0.9603	0.7897
AJ507298	1481	7405	Thermaceae	Vulcanithermus mediatlanticus	Y18416	1462	7310	Thermaceae	Thermus oshimai	6144.0	1469	91	98	1323	0.9650	0.8405
AJ507298	1481	7405	Thermaceae	Vulcanithermus mediatlanticus	EU753247	1442	7210	Thermaceae	Thermus islandicus	5763.0	1438	124	120	1267	0.9613	0.7993
AJ507298	1481	7405	Thermaceae	Vulcanithermus mediatlanticus	L09663	1470	7350	Thermaceae	Thermus aquaticus	5933.0	1467	118	115	1299	0.9608	0.8072
AJ507298	1481	7405	Thermaceae	Vulcanithermus mediatlanticus	Z15062	1461	7287	Thermaceae	Thermus brockianus	5866.0	1454	120	113	1287	0.9597	0.8050
AJ507298	1481	7405	Thermaceae	Vulcanithermus mediatlanticus	AF418001	1483	7415	Thermaceae	Meiothermus taiwanensis	5733.0	1481	139	162	1273	0.9651	0.7742
AJ507298	1481	7405	Thermaceae	Vulcanithermus mediatlanticus	AF032127	1469	7321	Thermaceae	Thermus scotoductus	5831.0	1465	130	126	1286	0.9604	0.7965
AJ507298	1481	7405	Thermaceae	Vulcanithermus mediatlanticus	HM856631	1472	7360	Thermaceae	Rhabdothermus arcticus	6271.0	1466	75	69	1344	0.9621	0.8520
AJ507298	1481	7405	Thermaceae	Vulcanithermus mediatlanticus	FN178496	1487	7435	Thermaceae	Meiothermus rufus	5794.0	1481	129	151	1281	0.9632	0.7824
AJ507298	1481	7405	Thermaceae	Vulcanithermus mediatlanticus	X07998	1515	7575	Thermaceae	Thermus thermophilus	6105.0	1481	102	101	1326	0.9609	0.8244
AJ507298	1481	7405	Thermaceae	Vulcanithermus mediatlanticus	AB586707	1414	7070	Thermaceae	Meiothermus hypogaeus	5572.0	1439	110	135	1239	0.9502	0.7881
EU701067	1445	7225	Thermaceae	Thermus composti	Y18411	1475	7375	Thermaceae	Thermus antranikianii	6685.0	1445	41	44	1380	0.9850	0.9253
EU701067	1445	7225	Thermaceae	Thermus composti	Y18406	1472	7348	Thermaceae	Thermus igniterrae	6753.0	1445	30	36	1388	0.9851	0.9347
EU701067	1445	7225	Thermaceae	Thermus composti	FR749951	1513	7565	Thermaceae	Thermus filiformis	6567.0	1445	38	39	1368	0.9730	0.9089
EU701067	1445	7225	Thermaceae	Thermus composti	AJ430586	1498	7490	Thermaceae	Oceanithermus profundus	6057.0	1445	107	96	1307	0.9689	0.8383
EU701067	1445	7225	Thermaceae	Thermus composti	KP232921	1538	7690	Thermaceae	Meiothermus roseus	5649.0	1445	120	141	1251	0.9594	0.7819
EU701067	1445	7225	Thermaceae	Thermus composti	Y13594	1436	7180	Thermaceae	Meiothermus cerbereus	5618.0	1445	107	138	1246	0.9533	0.7825
EU701067	1445	7225	Thermaceae	Thermus composti	Y18416	1462	7310	Thermaceae	Thermus oshimai	6263.0	1445	66	82	1327	0.9736	0.8669
EU701067	1445	7225	Thermaceae	Thermus composti	EU753247	1442	7210	Thermaceae	Thermus islandicus	6783.0	1429	15	20	1386	0.9837	0.9408
EU701067	1445	7225	Thermaceae	Thermus composti	L09663	1470	7350	Thermaceae	Thermus aquaticus	6787.0	1445	24	30	1392	0.9837	0.9394
EU701067	1445	7225	Thermaceae	Thermus composti	Z15062	1461	7287	Thermaceae	Thermus brockianus	6696.0	1430	24	26	1376	0.9801	0.9268
EU701067	1445	7225	Thermaceae	Thermus composti	AF418001	1483	7415	Thermaceae	Meiothermus taiwanensis	5643.0	1445	113	142	1249	0.9586	0.7810
EU701067	1445	7225	Thermaceae	Thermus composti	AF032127	1469	7321	Thermaceae	Thermus scotoductus	6589.0	1445	39	45	1368	0.9771	0.9120
EU701067	1445	7225	Thermaceae	Thermus composti	HM856631	1472	7360	Thermaceae	Rhabdothermus arcticus	6073.0	1445	96	99	1307	0.9710	0.8406
EU701067	1445	7225	Thermaceae	Thermus composti	FN178496	1487	7435	Thermaceae	Meiothermus rufus	5713.0	1445	105	133	1258	0.9588	0.7907
EU701067	1445	7225	Thermaceae	Thermus composti	X07998	1515	7575	Thermaceae	Thermus thermophilus	6785.0	1445	28	36	1391	0.9872	0.9391
EU701067	1445	7225	Thermaceae	Thermus composti	AB586707	1414	7070	Thermaceae	Meiothermus hypogaeus	5468.0	1445	125	156	1228	0.9527	0.7734
Y18411	1475	7375	Thermaceae	Thermus antranikianii	Y18406	1472	7348	Thermaceae	Thermus igniterrae	6892.0	1475	34	37	1417	0.9854	0.9379
Y18411	1475	7375	Thermaceae	Thermus antranikianii	FR749951	1513	7565	Thermaceae	Thermus filiformis	6646.0	1475	53	51	1389	0.9754	0.9012
Y18411	1475	7375	Thermaceae	Thermus antranikianii	AJ430586	1498	7490	Thermaceae	Oceanithermus profundus	6145.0	1475	116	105	1329	0.9701	0.8332
Y18411	1475	7375	Thermaceae	Thermus antranikianii	KP232921	1538	7690	Thermaceae	Meiothermus roseus	5778.0	1475	117	138	1279	0.9566	0.7835
Y18411	1475	7375	Thermaceae	Thermus antranikianii	Y13594	1436	7180	Thermaceae	Meiothermus cerbereus	5778.0	1467	96	127	1275	0.9515	0.8047
Y18411	1475	7375	Thermaceae	Thermus antranikianii	Y18416	1462	7310	Thermaceae	Thermus oshimai	6469.0	1475	63	76	1365	0.9757	0.8850
Y18411	1475	7375	Thermaceae	Thermus antranikianii	EU753247	1442	7210	Thermaceae	Thermus islandicus	6646.0	1444	40	42	1376	0.9815	0.9218
Y18411	1475	7375	Thermaceae	Thermus antranikianii	L09663	1470	7350	Thermaceae	Thermus aquaticus	6876.0	1467	30	33	1413	0.9854	0.9355
Y18411	1475	7375	Thermaceae	Thermus antranikianii	Z15062	1461	7287	Thermaceae	Thermus brockianus	6768.0	1460	43	42	1396	0.9845	0.9288
Y18411	1475	7375	Thermaceae	Thermus antranikianii	AF418001	1483	7415	Thermaceae	Meiothermus taiwanensis	5842.0	1475	109	138	1286	0.9619	0.7921
Y18411	1475	7375	Thermaceae	Thermus antranikianii	AF032127	1469	7321	Thermaceae	Thermus scotoductus	7005.0	1467	10	12	1428	0.9814	0.9568
Y18411	1475	7375	Thermaceae	Thermus antranikianii	HM856631	1472	7360	Thermaceae	Rhabdothermus arcticus	6134.0	1472	114	114	1324	0.9750	0.8334
Y18411	1475	7375	Thermaceae	Thermus antranikianii	FN178496	1487	7435	Thermaceae	Meiothermus rufus	5923.0	1475	92	120	1296	0.9565	0.8031
Y18411	1475	7375	Thermaceae	Thermus antranikianii	X07998	1515	7575	Thermaceae	Thermus thermophilus	6788.0	1475	41	46	1404	0.9825	0.9204
Y18411	1475	7375	Thermaceae	Thermus antranikianii	AB586707	1414	7070	Thermaceae	Meiothermus hypogaeus	5517.0	1445	114	145	1234	0.9492	0.7803
Y18406	1472	7348	Thermaceae	Thermus igniterrae	FR749951	1513	7565	Thermaceae	Thermus filiformis	6683.0	1472	47	42	1393	0.9741	0.9095
Y18406	1472	7348	Thermaceae	Thermus igniterrae	AJ430586	1498	7490	Thermaceae	Oceanithermus profundus	6206.0	1472	102	88	1337	0.9660	0.8446
Y18406	1472	7348	Thermaceae	Thermus igniterrae	KP232921	1538	7690	Thermaceae	Meiothermus roseus	5842.0	1472	112	130	1286	0.9583	0.7950
Y18406	1472	7348	Thermaceae	Thermus igniterrae	Y13594	1436	7180	Thermaceae	Meiothermus cerbereus	5810.0	1464	88	116	1279	0.9488	0.8092
Y18406	1472	7348	Thermaceae	Thermus igniterrae	Y18416	1462	7310	Thermaceae	Thermus oshimai	6426.0	1472	68	78	1359	0.9749	0.8791
Y18406	1472	7348	Thermaceae	Thermus igniterrae	EU753247	1442	7210	Thermaceae	Thermus islandicus	6806.0	1441	30	29	1394	0.9873	0.9440
Y18406	1472	7348	Thermaceae	Thermus igniterrae	L09663	1470	7350	Thermaceae	Thermus aquaticus	6969.0	1464	26	26	1422	0.9889	0.9484
Y18406	1472	7348	Thermaceae	Thermus igniterrae	Z15062	1461	7287	Thermaceae	Thermus brockianus	6933.0	1457	22	18	1416	0.9840	0.9514
Y18406	1472	7348	Thermaceae	Thermus igniterrae	AF418001	1483	7415	Thermaceae	Meiothermus taiwanensis	5859.0	1472	99	125	1288	0.9562	0.7974
Y18406	1472	7348	Thermaceae	Thermus igniterrae	AF032127	1469	7321	Thermaceae	Thermus scotoductus	6902.0	1464	28	27	1414	0.9840	0.9428
Y18406	1472	7348	Thermaceae	Thermus igniterrae	HM856631	1472	7360	Thermaceae	Rhabdothermus arcticus	6199.0	1469	105	102	1331	0.9737	0.8436
Y18406	1472	7348	Thermaceae	Thermus igniterrae	FN178496	1487	7435	Thermaceae	Meiothermus rufus	5921.0	1472	90	115	1295	0.9543	0.8058
Y18406	1472	7348	Thermaceae	Thermus igniterrae	X07998	1515	7575	Thermaceae	Thermus thermophilus	6780.0	1472	39	41	1403	0.9804	0.9227
Y18406	1472	7348	Thermaceae	Thermus igniterrae	AB586707	1414	7070	Thermaceae	Meiothermus hypogaeus	5551.0	1442	103	131	1239	0.9451	0.7851
FR749951	1513	7565	Thermaceae	Thermus filiformis	AJ430586	1498	7490	Thermaceae	Oceanithermus profundus	6230.0	1489	111	102	1345	0.9697	0.8318
FR749951	1513	7565	Thermaceae	Thermus filiformis	KP232921	1538	7690	Thermaceae	Meiothermus roseus	5939.0	1512	137	148	1314	0.9633	0.7851
FR749951	1513	7565	Thermaceae	Thermus filiformis	Y13594	1436	7180	Thermaceae	Meiothermus cerbereus	5688.0	1469	114	147	1263	0.9554	0.7922
FR749951	1513	7565	Thermaceae	Thermus filiformis	Y18416	1462	7310	Thermaceae	Thermus oshimai	6364.0	1477	67	82	1353	0.9699	0.8706
FR749951	1513	7565	Thermaceae	Thermus filiformis	EU753247	1442	7210	Thermaceae	Thermus islandicus	6500.0	1446	41	45	1360	0.9707	0.9015
FR749951	1513	7565	Thermaceae	Thermus filiformis	L09663	1470	7350	Thermaceae	Thermus aquaticus	6725.0	1475	37	42	1398	0.9756	0.9150
FR749951	1513	7565	Thermaceae	Thermus filiformis	Z15062	1461	7287	Thermaceae	Thermus brockianus	6597.0	1462	43	44	1377	0.9711	0.9053
FR749951	1513	7565	Thermaceae	Thermus filiformis	AF418001	1483	7415	Thermaceae	Meiothermus taiwanensis	5954.0	1510	122	153	1311	0.9661	0.8030
FR749951	1513	7565	Thermaceae	Thermus filiformis	AF032127	1469	7321	Thermaceae	Thermus scotoductus	6621.0	1473	46	50	1384	0.9726	0.9044
FR749951	1513	7565	Thermaceae	Thermus filiformis	HM856631	1472	7360	Thermaceae	Rhabdothermus arcticus	6163.0	1474	97	99	1329	0.9665	0.8374
FR749951	1513	7565	Thermaceae	Thermus filiformis	FN178496	1487	7435	Thermaceae	Meiothermus rufus	6016.0	1513	112	142	1319	0.9621	0.8091
FR749951	1513	7565	Thermaceae	Thermus filiformis	X07998	1515	7575	Thermaceae	Thermus thermophilus	6894.0	1511	36	43	1432	0.9755	0.9113
FR749951	1513	7565	Thermaceae	Thermus filiformis	AB586707	1414	7070	Thermaceae	Meiothermus hypogaeus	5408.0	1447	136	169	1219	0.9538	0.7649
AJ430586	1498	7490	Thermaceae	Oceanithermus profundus	KP232921	1538	7690	Thermaceae	Meiothermus roseus	6077.0	1498	95	127	1323	0.9650	0.8113
AJ430586	1498	7490	Thermaceae	Oceanithermus profundus	Y13594	1436	7180	Thermaceae	Meiothermus cerbereus	5916.0	1478	93	135	1292	0.9620	0.8240
AJ430586	1498	7490	Thermaceae	Oceanithermus profundus	Y18416	1462	7310	Thermaceae	Thermus oshimai	6154.0	1486	85	109	1329	0.9651	0.8419
AJ430586	1498	7490	Thermaceae	Oceanithermus profundus	EU753247	1442	7210	Thermaceae	Thermus islandicus	6030.0	1455	94	107	1304	0.9674	0.8363
AJ430586	1498	7490	Thermaceae	Oceanithermus profundus	L09663	1470	7350	Thermaceae	Thermus aquaticus	6170.0	1484	95	109	1331	0.9680	0.8395
AJ430586	1498	7490	Thermaceae	Oceanithermus profundus	Z15062	1461	7287	Thermaceae	Thermus brockianus	6124.0	1471	97	107	1322	0.9692	0.8404
AJ430586	1498	7490	Thermaceae	Oceanithermus profundus	AF418001	1483	7415	Thermaceae	Meiothermus taiwanensis	5958.0	1498	111	151	1304	0.9681	0.8035
AJ430586	1498	7490	Thermaceae	Oceanithermus profundus	AF032127	1469	7321	Thermaceae	Thermus scotoductus	6101.0	1482	106	119	1321	0.9692	0.8334
AJ430586	1498	7490	Thermaceae	Oceanithermus profundus	HM856631	1472	7360	Thermaceae	Rhabdothermus arcticus	6367.0	1483	79	90	1355	0.9727	0.8651
AJ430586	1498	7490	Thermaceae	Oceanithermus profundus	FN178496	1487	7435	Thermaceae	Meiothermus rufus	6040.0	1498	96	135	1316	0.9655	0.8124
AJ430586	1498	7490	Thermaceae	Oceanithermus profundus	X07998	1515	7575	Thermaceae	Thermus thermophilus	6289.0	1498	82	98	1351	0.9650	0.8397
AJ430586	1498	7490	Thermaceae	Oceanithermus profundus	AB586707	1414	7070	Thermaceae	Meiothermus hypogaeus	5652.0	1456	113	155	1251	0.9616	0.7994
KP232921	1538	7690	Thermaceae	Meiothermus roseus	Y13594	1436	7180	Thermaceae	Meiothermus cerbereus	6257.0	1446	65	75	1330	0.9701	0.8714
KP232921	1538	7690	Thermaceae	Meiothermus roseus	Y18416	1462	7310	Thermaceae	Thermus oshimai	5706.0	1454	146	138	1267	0.9628	0.7806
KP232921	1538	7690	Thermaceae	Meiothermus roseus	EU753247	1442	7210	Thermaceae	Thermus islandicus	5627.0	1425	143	126	1248	0.9607	0.7804
KP232921	1538	7690	Thermaceae	Meiothermus roseus	L09663	1470	7350	Thermaceae	Thermus aquaticus	5836.0	1452	136	118	1285	0.9633	0.7940
KP232921	1538	7690	Thermaceae	Meiothermus roseus	Z15062	1461	7287	Thermaceae	Thermus brockianus	5747.0	1442	143	124	1269	0.9628	0.7887
KP232921	1538	7690	Thermaceae	Meiothermus roseus	AF418001	1483	7415	Thermaceae	Meiothermus taiwanensis	6315.0	1489	81	89	1354	0.9671	0.8517
KP232921	1538	7690	Thermaceae	Meiothermus roseus	AF032127	1469	7321	Thermaceae	Thermus scotoductus	5724.0	1450	142	123	1270	0.9570	0.7819
KP232921	1538	7690	Thermaceae	Meiothermus roseus	HM856631	1472	7360	Thermaceae	Rhabdothermus arcticus	5835.0	1451	122	101	1286	0.9526	0.7928
KP232921	1538	7690	Thermaceae	Meiothermus roseus	FN178496	1487	7435	Thermaceae	Meiothermus rufus	6400.0	1506	77	97	1367	0.9702	0.8608
KP232921	1538	7690	Thermaceae	Meiothermus roseus	X07998	1515	7575	Thermaceae	Thermus thermophilus	5997.0	1501	127	117	1322	0.9552	0.7917
KP232921	1538	7690	Thermaceae	Meiothermus roseus	AB586707	1414	7070	Thermaceae	Meiothermus hypogaeus	6032.0	1424	82	92	1293	0.9707	0.8532
Y13594	1436	7180	Thermaceae	Meiothermus cerbereus	Y18416	1462	7310	Thermaceae	Thermus oshimai	5631.0	1436	154	136	1251	0.9623	0.7843
Y13594	1436	7180	Thermaceae	Meiothermus cerbereus	EU753247	1442	7210	Thermaceae	Thermus islandicus	5641.0	1415	125	98	1250	0.9491	0.7857
Y13594	1436	7180	Thermaceae	Meiothermus cerbereus	L09663	1470	7350	Thermaceae	Thermus aquaticus	5810.0	1436	123	95	1279	0.9538	0.8092
Y13594	1436	7180	Thermaceae	Meiothermus cerbereus	Z15062	1461	7287	Thermaceae	Thermus brockianus	5700.0	1424	130	101	1260	0.9524	0.7939
Y13594	1436	7180	Thermaceae	Meiothermus cerbereus	AF418001	1483	7415	Thermaceae	Meiothermus taiwanensis	6853.0	1436	15	13	1399	0.9831	0.9545
Y13594	1436	7180	Thermaceae	Meiothermus cerbereus	AF032127	1469	7321	Thermaceae	Thermus scotoductus	5713.0	1436	133	104	1266	0.9505	0.7957
Y13594	1436	7180	Thermaceae	Meiothermus cerbereus	HM856631	1472	7360	Thermaceae	Rhabdothermus arcticus	5694.0	1436	140	109	1264	0.9525	0.7930
Y13594	1436	7180	Thermaceae	Meiothermus cerbereus	FN178496	1487	7435	Thermaceae	Meiothermus rufus	6689.0	1436	30	27	1380	0.9794	0.9316
Y13594	1436	7180	Thermaceae	Meiothermus cerbereus	X07998	1515	7575	Thermaceae	Thermus thermophilus	5740.0	1436	116	90	1270	0.9435	0.7994
Y13594	1436	7180	Thermaceae	Meiothermus cerbereus	AB586707	1414	7070	Thermaceae	Meiothermus hypogaeus	6531.0	1414	40	40	1351	0.9833	0.9238
Y18416	1462	7310	Thermaceae	Thermus oshimai	EU753247	1442	7210	Thermaceae	Thermus islandicus	6277.0	1431	72	61	1329	0.9701	0.8706
Y18416	1462	7310	Thermaceae	Thermus oshimai	L09663	1470	7350	Thermaceae	Thermus aquaticus	6454.0	1454	72	62	1359	0.9763	0.8829
Y18416	1462	7310	Thermaceae	Thermus oshimai	Z15062	1461	7287	Thermaceae	Thermus brockianus	6335.0	1447	83	69	1342	0.9739	0.8694
Y18416	1462	7310	Thermaceae	Thermus oshimai	AF418001	1483	7415	Thermaceae	Meiothermus taiwanensis	5661.0	1462	136	152	1259	0.9611	0.7744
Y18416	1462	7310	Thermaceae	Thermus oshimai	AF032127	1469	7321	Thermaceae	Thermus scotoductus	6387.0	1454	81	70	1350	0.9754	0.8737
Y18416	1462	7310	Thermaceae	Thermus oshimai	HM856631	1472	7360	Thermaceae	Rhabdothermus arcticus	6071.0	1459	118	105	1313	0.9697	0.8305
Y18416	1462	7310	Thermaceae	Thermus oshimai	FN178496	1487	7435	Thermaceae	Meiothermus rufus	5712.0	1462	128	143	1266	0.9598	0.7814
Y18416	1462	7310	Thermaceae	Thermus oshimai	X07998	1515	7575	Thermaceae	Thermus thermophilus	6586.0	1462	56	48	1378	0.9745	0.9010
Y18416	1462	7310	Thermaceae	Thermus oshimai	AB586707	1414	7070	Thermaceae	Meiothermus hypogaeus	5436.0	1432	137	155	1220	0.9554	0.7689
EU753247	1442	7210	Thermaceae	Thermus islandicus	L09663	1470	7350	Thermaceae	Thermus aquaticus	6814.0	1442	29	30	1395	0.9880	0.9451
EU753247	1442	7210	Thermaceae	Thermus islandicus	Z15062	1461	7287	Thermaceae	Thermus brockianus	6789.0	1442	36	33	1392	0.9879	0.9416
EU753247	1442	7210	Thermaceae	Thermus islandicus	AF418001	1483	7415	Thermaceae	Meiothermus taiwanensis	5657.0	1442	102	127	1252	0.9521	0.7846
EU753247	1442	7210	Thermaceae	Thermus islandicus	AF032127	1469	7321	Thermaceae	Thermus scotoductus	6676.0	1442	38	38	1379	0.9822	0.9259
EU753247	1442	7210	Thermaceae	Thermus islandicus	HM856631	1472	7360	Thermaceae	Rhabdothermus arcticus	6046.0	1442	109	107	1302	0.9753	0.8386
EU753247	1442	7210	Thermaceae	Thermus islandicus	FN178496	1487	7435	Thermaceae	Meiothermus rufus	5738.0	1442	93	117	1262	0.9525	0.7958
EU753247	1442	7210	Thermaceae	Thermus islandicus	X07998	1515	7575	Thermaceae	Thermus thermophilus	6711.0	1442	28	31	1383	0.9802	0.9308
EU753247	1442	7210	Thermaceae	Thermus islandicus	AB586707	1414	7070	Thermaceae	Meiothermus hypogaeus	5413.0	1427	116	143	1216	0.9470	0.7656
L09663	1470	7350	Thermaceae	Thermus aquaticus	Z15062	1461	7287	Thermaceae	Thermus brockianus	6822.0	1449	38	34	1398	0.9880	0.9362
L09663	1470	7350	Thermaceae	Thermus aquaticus	AF418001	1483	7415	Thermaceae	Meiothermus taiwanensis	5828.0	1470	109	135	1283	0.9610	0.7929
L09663	1470	7350	Thermaceae	Thermus aquaticus	AF032127	1469	7321	Thermaceae	Thermus scotoductus	6873.0	1468	37	36	1412	0.9860	0.9388
L09663	1470	7350	Thermaceae	Thermus aquaticus	HM856631	1472	7360	Thermaceae	Rhabdothermus arcticus	6072.0	1464	112	109	1314	0.9697	0.8261
L09663	1470	7350	Thermaceae	Thermus aquaticus	FN178496	1487	7435	Thermaceae	Meiothermus rufus	5878.0	1470	95	120	1290	0.9556	0.7997
L09663	1470	7350	Thermaceae	Thermus aquaticus	X07998	1515	7575	Thermaceae	Thermus thermophilus	6922.0	1470	23	25	1420	0.9827	0.9418
L09663	1470	7350	Thermaceae	Thermus aquaticus	AB586707	1414	7070	Thermaceae	Meiothermus hypogaeus	5515.0	1442	114	142	1234	0.9492	0.7801
Z15062	1461	7287	Thermaceae	Thermus brockianus	AF418001	1483	7415	Thermaceae	Meiothermus taiwanensis	5755.0	1461	110	137	1269	0.9585	0.7898
Z15062	1461	7287	Thermaceae	Thermus brockianus	AF032127	1469	7321	Thermaceae	Thermus scotoductus	6739.0	1453	39	42	1389	0.9844	0.9248
Z15062	1461	7287	Thermaceae	Thermus brockianus	HM856631	1472	7360	Thermaceae	Rhabdothermus arcticus	6147.0	1458	100	101	1320	0.9727	0.8436
Z15062	1461	7287	Thermaceae	Thermus brockianus	FN178496	1487	7435	Thermaceae	Meiothermus rufus	5853.0	1461	94	120	1282	0.9560	0.8032
Z15062	1461	7287	Thermaceae	Thermus brockianus	X07998	1515	7575	Thermaceae	Thermus thermophilus	6691.0	1461	41	47	1386	0.9802	0.9182
Z15062	1461	7287	Thermaceae	Thermus brockianus	AB586707	1414	7070	Thermaceae	Meiothermus hypogaeus	5485.0	1431	111	140	1225	0.9489	0.7758
AF418001	1483	7415	Thermaceae	Meiothermus taiwanensis	AF032127	1469	7321	Thermaceae	Thermus scotoductus	5758.0	1442	143	116	1273	0.9600	0.7865
AF418001	1483	7415	Thermaceae	Meiothermus taiwanensis	HM856631	1472	7360	Thermaceae	Rhabdothermus arcticus	5703.0	1443	148	119	1267	0.9569	0.7749
AF418001	1483	7415	Thermaceae	Meiothermus taiwanensis	FN178496	1487	7435	Thermaceae	Meiothermus rufus	6850.0	1482	29	28	1418	0.9752	0.9238
AF418001	1483	7415	Thermaceae	Meiothermus taiwanensis	X07998	1515	7575	Thermaceae	Thermus thermophilus	5994.0	1483	127	103	1318	0.9551	0.8084
AF418001	1483	7415	Thermaceae	Meiothermus taiwanensis	AB586707	1414	7070	Thermaceae	Meiothermus hypogaeus	6370.0	1416	46	48	1333	0.9744	0.9010
AF032127	1469	7321	Thermaceae	Thermus scotoductus	HM856631	1472	7360	Thermaceae	Rhabdothermus arcticus	6021.0	1465	119	117	1307	0.9696	0.8224
AF032127	1469	7321	Thermaceae	Thermus scotoductus	FN178496	1487	7435	Thermaceae	Meiothermus rufus	5822.0	1469	99	125	1281	0.9531	0.7952
AF032127	1469	7321	Thermaceae	Thermus scotoductus	X07998	1515	7575	Thermaceae	Thermus thermophilus	6681.0	1469	42	45	1390	0.9761	0.9126
AF032127	1469	7321	Thermaceae	Thermus scotoductus	AB586707	1414	7070	Thermaceae	Meiothermus hypogaeus	5469.0	1442	112	140	1228	0.9432	0.7736
HM856631	1472	7360	Thermaceae	Rhabdothermus arcticus	FN178496	1487	7435	Thermaceae	Meiothermus rufus	5846.0	1472	98	126	1286	0.9554	0.7943
HM856631	1472	7360	Thermaceae	Rhabdothermus arcticus	X07998	1515	7575	Thermaceae	Thermus thermophilus	6095.0	1472	107	112	1319	0.9699	0.8281
HM856631	1472	7360	Thermaceae	Rhabdothermus arcticus	AB586707	1414	7070	Thermaceae	Meiothermus hypogaeus	5477.0	1445	118	149	1229	0.9483	0.7747
FN178496	1487	7435	Thermaceae	Meiothermus rufus	X07998	1515	7575	Thermaceae	Thermus thermophilus	6036.0	1485	123	97	1324	0.9539	0.8118
FN178496	1487	7435	Thermaceae	Meiothermus rufus	AB586707	1414	7070	Thermaceae	Meiothermus hypogaeus	6334.0	1417	53	56	1328	0.9758	0.8959
X07998	1515	7575	Thermaceae	Thermus thermophilus	AB586707	1414	7070	Thermaceae	Meiothermus hypogaeus	5495.0	1440	113	139	1231	0.9462	0.7772
