JX501256	1445	7225	Thiotrichaceae	Leucothrix pacifica	GU269554	1413	7065	Thiotrichaceae	Thiothrix fructosivorans	5804.0	1444	85	125	1267	0.9606	0.8215
JX501256	1445	7225	Thiotrichaceae	Leucothrix pacifica	AB042545	1417	7085	Thiotrichaceae	Thiothrix flexilis	5825.0	1445	84	127	1269	0.9628	0.8222
JX501256	1445	7225	Thiotrichaceae	Leucothrix pacifica	L79961	1310	6532	Thiotrichaceae	Thiothrix unzii	5265.0	1341	93	133	1159	0.9594	0.8060
JX501256	1445	7225	Thiotrichaceae	Leucothrix pacifica	X87277	1516	7514	Thiotrichaceae	Leucothrix mucor	6505.0	1444	99	52	1366	0.9813	0.9003
JX501256	1445	7225	Thiotrichaceae	Leucothrix pacifica	AB042819	1421	7105	Thiotrichaceae	Thiothrix eikelboomii	5797.0	1445	107	137	1266	0.9679	0.8159
JX501256	1445	7225	Thiotrichaceae	Leucothrix pacifica	AF127020	1365	6813	Thiotrichaceae	Thiothrix defluvii	5641.0	1396	82	113	1229	0.9579	0.8280
JX501256	1445	7225	Thiotrichaceae	Leucothrix pacifica	EU642573	1404	7020	Thiotrichaceae	Thiothrix caldifontis	5754.0	1426	69	121	1251	0.9586	0.8197
JX501256	1445	7225	Thiotrichaceae	Leucothrix pacifica	AF110274	1491	7455	Thiotrichaceae	Beggiatoa alba	5616.0	1445	138	138	1252	0.9579	0.7773
JX501256	1445	7225	Thiotrichaceae	Leucothrix pacifica	EU642572	1399	6995	Thiotrichaceae	Thiothrix lacustris	5760.0	1423	72	124	1250	0.9623	0.8234
JX501256	1445	7225	Thiotrichaceae	Leucothrix pacifica	AY583996	1416	7080	Thiotrichaceae	Beggiatoa leptomitoformis	5609.0	1425	113	122	1243	0.9540	0.7922
JX501256	1445	7225	Thiotrichaceae	Leucothrix pacifica	L40993	1427	7099	Thiotrichaceae	Thiothrix nivea	5796.0	1442	90	130	1263	0.9627	0.8165
JX501256	1445	7225	Thiotrichaceae	Leucothrix pacifica	AB495251	1440	7200	Thiotrichaceae	Cocleimonas flava	6280.0	1430	67	66	1328	0.9736	0.8722
JX501256	1445	7225	Thiotrichaceae	Leucothrix pacifica	AB042532	1416	7062	Thiotrichaceae	Thiothrix disciformis	5791.0	1444	91	129	1265	0.9620	0.8200
GU269554	1413	7065	Thiotrichaceae	Thiothrix fructosivorans	AB042545	1417	7085	Thiotrichaceae	Thiothrix flexilis	6071.0	1397	69	63	1290	0.9670	0.8593
GU269554	1413	7065	Thiotrichaceae	Thiothrix fructosivorans	L79961	1310	6532	Thiotrichaceae	Thiothrix unzii	5994.0	1303	39	32	1243	0.9780	0.9176
GU269554	1413	7065	Thiotrichaceae	Thiothrix fructosivorans	X87277	1516	7514	Thiotrichaceae	Leucothrix mucor	5862.0	1412	161	76	1284	0.9611	0.8297
GU269554	1413	7065	Thiotrichaceae	Thiothrix fructosivorans	AB042819	1421	7105	Thiotrichaceae	Thiothrix eikelboomii	6211.0	1396	71	51	1309	0.9732	0.8791
GU269554	1413	7065	Thiotrichaceae	Thiothrix fructosivorans	AF127020	1365	6813	Thiotrichaceae	Thiothrix defluvii	5868.0	1351	70	67	1246	0.9704	0.8613
GU269554	1413	7065	Thiotrichaceae	Thiothrix fructosivorans	EU642573	1404	7020	Thiotrichaceae	Thiothrix caldifontis	6754.0	1371	3	2	1360	0.9934	0.9621
GU269554	1413	7065	Thiotrichaceae	Thiothrix fructosivorans	AF110274	1491	7455	Thiotrichaceae	Beggiatoa alba	5766.0	1413	145	103	1265	0.9656	0.8161
GU269554	1413	7065	Thiotrichaceae	Thiothrix fructosivorans	EU642572	1399	6995	Thiotrichaceae	Thiothrix lacustris	6689.0	1368	5	4	1351	0.9905	0.9563
GU269554	1413	7065	Thiotrichaceae	Thiothrix fructosivorans	AY583996	1416	7080	Thiotrichaceae	Beggiatoa leptomitoformis	5649.0	1375	139	99	1235	0.9679	0.7996
GU269554	1413	7065	Thiotrichaceae	Thiothrix fructosivorans	L40993	1427	7099	Thiotrichaceae	Thiothrix nivea	6358.0	1397	44	41	1322	0.9749	0.8999
GU269554	1413	7065	Thiotrichaceae	Thiothrix fructosivorans	AB495251	1440	7200	Thiotrichaceae	Cocleimonas flava	5712.0	1403	146	109	1252	0.9675	0.8085
GU269554	1413	7065	Thiotrichaceae	Thiothrix fructosivorans	AB042532	1416	7062	Thiotrichaceae	Thiothrix disciformis	6063.0	1396	84	69	1289	0.9714	0.8585
AB042545	1417	7085	Thiotrichaceae	Thiothrix flexilis	L79961	1310	6532	Thiotrichaceae	Thiothrix unzii	5438.0	1302	92	90	1174	0.9686	0.8325
AB042545	1417	7085	Thiotrichaceae	Thiothrix flexilis	X87277	1516	7514	Thiotrichaceae	Leucothrix mucor	5874.0	1417	131	88	1280	0.9631	0.8291
AB042545	1417	7085	Thiotrichaceae	Thiothrix flexilis	AB042819	1421	7105	Thiotrichaceae	Thiothrix eikelboomii	6166.0	1417	75	71	1309	0.9725	0.8703
AB042545	1417	7085	Thiotrichaceae	Thiothrix flexilis	AF127020	1365	6813	Thiotrichaceae	Thiothrix defluvii	6502.0	1366	13	14	1328	0.9822	0.9544
AB042545	1417	7085	Thiotrichaceae	Thiothrix flexilis	EU642573	1404	7020	Thiotrichaceae	Thiothrix caldifontis	6051.0	1392	64	70	1283	0.9705	0.8620
AB042545	1417	7085	Thiotrichaceae	Thiothrix flexilis	AF110274	1491	7455	Thiotrichaceae	Beggiatoa alba	5612.0	1417	150	116	1247	0.9585	0.7921
AB042545	1417	7085	Thiotrichaceae	Thiothrix flexilis	EU642572	1399	6995	Thiotrichaceae	Thiothrix lacustris	6017.0	1389	67	73	1277	0.9704	0.8602
AB042545	1417	7085	Thiotrichaceae	Thiothrix flexilis	AY583996	1416	7080	Thiotrichaceae	Beggiatoa leptomitoformis	5490.0	1381	141	107	1218	0.9560	0.7754
AB042545	1417	7085	Thiotrichaceae	Thiothrix flexilis	L40993	1427	7099	Thiotrichaceae	Thiothrix nivea	6068.0	1417	87	90	1293	0.9744	0.8565
AB042545	1417	7085	Thiotrichaceae	Thiothrix flexilis	AB495251	1440	7200	Thiotrichaceae	Cocleimonas flava	5732.0	1403	132	101	1254	0.9631	0.8090
AB042545	1417	7085	Thiotrichaceae	Thiothrix flexilis	AB042532	1416	7062	Thiotrichaceae	Thiothrix disciformis	6118.0	1417	69	70	1302	0.9666	0.8663
L79961	1310	6532	Thiotrichaceae	Thiothrix unzii	X87277	1516	7514	Thiotrichaceae	Leucothrix mucor	5360.0	1310	129	91	1174	0.9631	0.8206
L79961	1310	6532	Thiotrichaceae	Thiothrix unzii	AB042819	1421	7105	Thiotrichaceae	Thiothrix eikelboomii	5742.0	1304	60	58	1213	0.9735	0.8791
L79961	1310	6532	Thiotrichaceae	Thiothrix unzii	AF127020	1365	6813	Thiotrichaceae	Thiothrix defluvii	5312.0	1278	77	102	1143	0.9719	0.8132
L79961	1310	6532	Thiotrichaceae	Thiothrix unzii	EU642573	1404	7020	Thiotrichaceae	Thiothrix caldifontis	5824.0	1279	31	39	1210	0.9758	0.8916
L79961	1310	6532	Thiotrichaceae	Thiothrix unzii	AF110274	1491	7455	Thiotrichaceae	Beggiatoa alba	5164.0	1310	141	109	1148	0.9559	0.7906
L79961	1310	6532	Thiotrichaceae	Thiothrix unzii	EU642572	1399	6995	Thiotrichaceae	Thiothrix lacustris	5788.0	1276	30	38	1205	0.9733	0.8861
L79961	1310	6532	Thiotrichaceae	Thiothrix unzii	AY583996	1416	7080	Thiotrichaceae	Beggiatoa leptomitoformis	5147.0	1287	135	103	1137	0.9603	0.7880
L79961	1310	6532	Thiotrichaceae	Thiothrix unzii	L40993	1427	7099	Thiotrichaceae	Thiothrix nivea	5899.0	1304	27	32	1229	0.9662	0.9031
L79961	1310	6532	Thiotrichaceae	Thiothrix unzii	AB495251	1440	7200	Thiotrichaceae	Cocleimonas flava	5329.0	1310	135	89	1172	0.9599	0.8158
L79961	1310	6532	Thiotrichaceae	Thiothrix unzii	AB042532	1416	7062	Thiotrichaceae	Thiothrix disciformis	5595.0	1304	64	67	1193	0.9644	0.8566
X87277	1516	7514	Thiotrichaceae	Leucothrix mucor	AB042819	1421	7105	Thiotrichaceae	Thiothrix eikelboomii	5829.0	1460	97	136	1274	0.9622	0.8204
X87277	1516	7514	Thiotrichaceae	Leucothrix mucor	AF127020	1365	6813	Thiotrichaceae	Thiothrix defluvii	5630.0	1401	90	126	1228	0.9631	0.8264
X87277	1516	7514	Thiotrichaceae	Leucothrix mucor	EU642573	1404	7020	Thiotrichaceae	Thiothrix caldifontis	5828.0	1451	81	128	1270	0.9599	0.8302
X87277	1516	7514	Thiotrichaceae	Leucothrix mucor	AF110274	1491	7455	Thiotrichaceae	Beggiatoa alba	5835.0	1496	134	140	1296	0.9558	0.7827
X87277	1516	7514	Thiotrichaceae	Leucothrix mucor	EU642572	1399	6995	Thiotrichaceae	Thiothrix lacustris	5795.0	1445	78	124	1264	0.9569	0.8284
X87277	1516	7514	Thiotrichaceae	Leucothrix mucor	AY583996	1416	7080	Thiotrichaceae	Beggiatoa leptomitoformis	5594.0	1423	122	129	1239	0.9575	0.7901
X87277	1516	7514	Thiotrichaceae	Leucothrix mucor	L40993	1427	7099	Thiotrichaceae	Thiothrix nivea	5853.0	1470	92	135	1279	0.9581	0.8245
X87277	1516	7514	Thiotrichaceae	Leucothrix mucor	AB495251	1440	7200	Thiotrichaceae	Cocleimonas flava	6177.0	1438	83	81	1317	0.9705	0.8579
X87277	1516	7514	Thiotrichaceae	Leucothrix mucor	AB042532	1416	7062	Thiotrichaceae	Thiothrix disciformis	5881.0	1460	90	134	1279	0.9646	0.8328
AB042819	1421	7105	Thiotrichaceae	Thiothrix eikelboomii	AF127020	1365	6813	Thiotrichaceae	Thiothrix defluvii	5984.0	1368	64	67	1266	0.9731	0.8783
AB042819	1421	7105	Thiotrichaceae	Thiothrix eikelboomii	EU642573	1404	7020	Thiotrichaceae	Thiothrix caldifontis	6153.0	1396	48	58	1297	0.9694	0.8765
AB042819	1421	7105	Thiotrichaceae	Thiothrix eikelboomii	AF110274	1491	7455	Thiotrichaceae	Beggiatoa alba	5770.0	1421	136	106	1267	0.9635	0.8121
AB042819	1421	7105	Thiotrichaceae	Thiothrix eikelboomii	EU642572	1399	6995	Thiotrichaceae	Thiothrix lacustris	6165.0	1393	47	57	1297	0.9708	0.8813
AB042819	1421	7105	Thiotrichaceae	Thiothrix eikelboomii	AY583996	1416	7080	Thiotrichaceae	Beggiatoa leptomitoformis	5667.0	1389	129	102	1241	0.9643	0.8004
AB042819	1421	7105	Thiotrichaceae	Thiothrix eikelboomii	L40993	1427	7099	Thiotrichaceae	Thiothrix nivea	6198.0	1421	64	71	1311	0.9711	0.8731
AB042819	1421	7105	Thiotrichaceae	Thiothrix eikelboomii	AB495251	1440	7200	Thiotrichaceae	Cocleimonas flava	5704.0	1409	148	123	1250	0.9720	0.8028
AB042819	1421	7105	Thiotrichaceae	Thiothrix eikelboomii	AB042532	1416	7062	Thiotrichaceae	Thiothrix disciformis	6471.0	1421	29	34	1346	0.9704	0.9163
AF127020	1365	6813	Thiotrichaceae	Thiothrix defluvii	EU642573	1404	7020	Thiotrichaceae	Thiothrix caldifontis	5928.0	1365	69	71	1257	0.9714	0.8701
AF127020	1365	6813	Thiotrichaceae	Thiothrix defluvii	AF110274	1491	7455	Thiotrichaceae	Beggiatoa alba	5363.0	1365	174	117	1199	0.9607	0.7872
AF127020	1365	6813	Thiotrichaceae	Thiothrix defluvii	EU642572	1399	6995	Thiotrichaceae	Thiothrix lacustris	5943.0	1365	67	69	1259	0.9715	0.8723
AF127020	1365	6813	Thiotrichaceae	Thiothrix defluvii	AY583996	1416	7080	Thiotrichaceae	Beggiatoa leptomitoformis	5302.0	1349	165	108	1186	0.9557	0.7782
AF127020	1365	6813	Thiotrichaceae	Thiothrix defluvii	L40993	1427	7099	Thiotrichaceae	Thiothrix nivea	5916.0	1365	81	82	1255	0.9782	0.8683
AF127020	1365	6813	Thiotrichaceae	Thiothrix defluvii	AB495251	1440	7200	Thiotrichaceae	Cocleimonas flava	5503.0	1354	122	96	1206	0.9587	0.8077
AF127020	1365	6813	Thiotrichaceae	Thiothrix defluvii	AB042532	1416	7062	Thiotrichaceae	Thiothrix disciformis	6010.0	1365	76	54	1272	0.9703	0.8821
EU642573	1404	7020	Thiotrichaceae	Thiothrix caldifontis	AF110274	1491	7455	Thiotrichaceae	Beggiatoa alba	5753.0	1404	143	102	1259	0.9670	0.8195
EU642573	1404	7020	Thiotrichaceae	Thiothrix caldifontis	EU642572	1399	6995	Thiotrichaceae	Thiothrix lacustris	6848.0	1399	6	6	1382	0.9921	0.9790
EU642573	1404	7020	Thiotrichaceae	Thiothrix caldifontis	AY583996	1416	7080	Thiotrichaceae	Beggiatoa leptomitoformis	5630.0	1367	138	98	1229	0.9685	0.8020
EU642573	1404	7020	Thiotrichaceae	Thiothrix caldifontis	L40993	1427	7099	Thiotrichaceae	Thiothrix nivea	6491.0	1399	42	39	1339	0.9846	0.9246
EU642573	1404	7020	Thiotrichaceae	Thiothrix caldifontis	AB495251	1440	7200	Thiotrichaceae	Cocleimonas flava	5601.0	1372	148	111	1225	0.9715	0.7979
EU642573	1404	7020	Thiotrichaceae	Thiothrix caldifontis	AB042532	1416	7062	Thiotrichaceae	Thiothrix disciformis	6008.0	1386	79	74	1277	0.9733	0.8558
AF110274	1491	7455	Thiotrichaceae	Beggiatoa alba	EU642572	1399	6995	Thiotrichaceae	Thiothrix lacustris	5742.0	1439	106	146	1255	0.9706	0.8209
AF110274	1491	7455	Thiotrichaceae	Beggiatoa alba	AY583996	1416	7080	Thiotrichaceae	Beggiatoa leptomitoformis	6818.0	1416	12	12	1386	0.9872	0.9630
AF110274	1491	7455	Thiotrichaceae	Beggiatoa alba	L40993	1427	7099	Thiotrichaceae	Thiothrix nivea	5669.0	1464	117	154	1256	0.9588	0.7986
AF110274	1491	7455	Thiotrichaceae	Beggiatoa alba	AB495251	1440	7200	Thiotrichaceae	Cocleimonas flava	5608.0	1445	134	139	1249	0.9564	0.7789
AF110274	1491	7455	Thiotrichaceae	Beggiatoa alba	AB042532	1416	7062	Thiotrichaceae	Thiothrix disciformis	5738.0	1451	90	125	1262	0.9517	0.8125
EU642572	1399	6995	Thiotrichaceae	Thiothrix lacustris	AY583996	1416	7080	Thiotrichaceae	Beggiatoa leptomitoformis	5619.0	1364	136	96	1227	0.9677	0.8033
EU642572	1399	6995	Thiotrichaceae	Thiothrix lacustris	L40993	1427	7099	Thiotrichaceae	Thiothrix nivea	6452.0	1396	37	34	1334	0.9794	0.9224
EU642572	1399	6995	Thiotrichaceae	Thiothrix lacustris	AB495251	1440	7200	Thiotrichaceae	Cocleimonas flava	5588.0	1369	145	108	1222	0.9691	0.7989
EU642572	1399	6995	Thiotrichaceae	Thiothrix lacustris	AB042532	1416	7062	Thiotrichaceae	Thiothrix disciformis	6025.0	1383	73	68	1278	0.9719	0.8613
AY583996	1416	7080	Thiotrichaceae	Beggiatoa leptomitoformis	L40993	1427	7099	Thiotrichaceae	Thiothrix nivea	5544.0	1415	109	146	1222	0.9630	0.7831
AY583996	1416	7080	Thiotrichaceae	Beggiatoa leptomitoformis	AB495251	1440	7200	Thiotrichaceae	Cocleimonas flava	5512.0	1409	136	128	1226	0.9571	0.7785
AY583996	1416	7080	Thiotrichaceae	Beggiatoa leptomitoformis	AB042532	1416	7062	Thiotrichaceae	Thiothrix disciformis	5642.0	1416	85	117	1238	0.9530	0.7989
L40993	1427	7099	Thiotrichaceae	Thiothrix nivea	AB495251	1440	7200	Thiotrichaceae	Cocleimonas flava	5757.0	1389	141	96	1252	0.9683	0.8110
L40993	1427	7099	Thiotrichaceae	Thiothrix nivea	AB042532	1416	7062	Thiotrichaceae	Thiothrix disciformis	6058.0	1414	78	76	1293	0.9664	0.8578
AB495251	1440	7200	Thiotrichaceae	Cocleimonas flava	AB042532	1416	7062	Thiotrichaceae	Thiothrix disciformis	5651.0	1434	116	146	1243	0.9651	0.8002
