AY238513	1510	7550	Tsukamurellaceae	Tsukamurella pseudospumae	EU521689	1512	7560	Tsukamurellaceae	Tsukamurella carboxydivorans	7494.0	1510	2	1	1504	0.9967	0.9926
AY238513	1510	7550	Tsukamurellaceae	Tsukamurella pseudospumae	AF283280	1510	7550	Tsukamurellaceae	Tsukamurella paurometabola	7437.0	1509	4	4	1497	0.9947	0.9850
AY238513	1510	7550	Tsukamurellaceae	Tsukamurella pseudospumae	AF150494	1510	7550	Tsukamurellaceae	Tsukamurella sunchonensis	7550.0	1510	0	0	1510	1.0000	1.0000
AY238513	1510	7550	Tsukamurellaceae	Tsukamurella pseudospumae	KP888572	1405	7025	Tsukamurellaceae	Tsukamurella hongkongensis	6980.0	1405	2	2	1400	0.9979	0.9936
AY238513	1510	7550	Tsukamurellaceae	Tsukamurella pseudospumae	X92981	1460	7300	Tsukamurellaceae	Tsukamurella pulmonis	7250.0	1458	2	0	1454	0.9973	0.9932
AY238513	1510	7550	Tsukamurellaceae	Tsukamurella pseudospumae	AY238514	1440	7200	Tsukamurellaceae	Tsukamurella tyrosinosolvens	7150.0	1438	3	1	1434	0.9979	0.9931
AY238513	1510	7550	Tsukamurellaceae	Tsukamurella pseudospumae	KP888571	1405	7025	Tsukamurellaceae	Tsukamurella sinensis	6980.0	1405	3	3	1400	0.9986	0.9936
AY238513	1510	7550	Tsukamurellaceae	Tsukamurella pseudospumae	AF283283	1512	7560	Tsukamurellaceae	Tsukamurella strandjordii	7478.0	1509	3	1	1502	0.9960	0.9905
AY238513	1510	7550	Tsukamurellaceae	Tsukamurella pseudospumae	FJ917743	1431	7155	Tsukamurellaceae	Tsukamurella soli	6773.0	1431	31	32	1386	0.9907	0.9466
AY238513	1510	7550	Tsukamurellaceae	Tsukamurella pseudospumae	AY714239	1480	7400	Tsukamurellaceae	Tsukamurella spongiae	7249.0	1476	6	3	1462	0.9925	0.9796
AY238513	1510	7550	Tsukamurellaceae	Tsukamurella pseudospumae	Z37150	1474	7370	Tsukamurellaceae	Tsukamurella spumae	7334.0	1474	1	1	1470	0.9980	0.9951
AY238513	1510	7550	Tsukamurellaceae	Tsukamurella pseudospumae	KT581020	1407	7035	Tsukamurellaceae	Tsukamurella serpentis	6897.0	1405	8	6	1391	0.9943	0.9804
AY238513	1510	7550	Tsukamurellaceae	Tsukamurella pseudospumae	AF283281	1512	7560	Tsukamurellaceae	Tsukamurella inchonensis	7460.0	1509	4	2	1500	0.9954	0.9881
EU521689	1512	7560	Tsukamurellaceae	Tsukamurella carboxydivorans	AF283280	1510	7550	Tsukamurellaceae	Tsukamurella paurometabola	7449.0	1511	2	3	1499	0.9940	0.9866
EU521689	1512	7560	Tsukamurellaceae	Tsukamurella carboxydivorans	AF150494	1510	7550	Tsukamurellaceae	Tsukamurella sunchonensis	7494.0	1511	1	2	1504	0.9967	0.9926
EU521689	1512	7560	Tsukamurellaceae	Tsukamurella carboxydivorans	KP888572	1405	7025	Tsukamurellaceae	Tsukamurella hongkongensis	6943.0	1406	3	4	1396	0.9957	0.9883
EU521689	1512	7560	Tsukamurellaceae	Tsukamurella carboxydivorans	X92981	1460	7300	Tsukamurellaceae	Tsukamurella pulmonis	7239.0	1459	1	0	1453	0.9959	0.9916
EU521689	1512	7560	Tsukamurellaceae	Tsukamurella carboxydivorans	AY238514	1440	7200	Tsukamurellaceae	Tsukamurella tyrosinosolvens	7175.0	1439	1	0	1437	0.9986	0.9965
EU521689	1512	7560	Tsukamurellaceae	Tsukamurella carboxydivorans	KP888571	1405	7025	Tsukamurellaceae	Tsukamurella sinensis	6969.0	1406	2	3	1399	0.9971	0.9920
EU521689	1512	7560	Tsukamurellaceae	Tsukamurella carboxydivorans	AF283283	1512	7560	Tsukamurellaceae	Tsukamurella strandjordii	7490.0	1511	1	0	1504	0.9954	0.9907
EU521689	1512	7560	Tsukamurellaceae	Tsukamurella carboxydivorans	FJ917743	1431	7155	Tsukamurellaceae	Tsukamurella soli	6768.0	1432	28	30	1386	0.9886	0.9459
EU521689	1512	7560	Tsukamurellaceae	Tsukamurella carboxydivorans	AY714239	1480	7400	Tsukamurellaceae	Tsukamurella spongiae	7244.0	1478	7	5	1462	0.9925	0.9789
EU521689	1512	7560	Tsukamurellaceae	Tsukamurella carboxydivorans	Z37150	1474	7370	Tsukamurellaceae	Tsukamurella spumae	7296.0	1475	2	3	1466	0.9959	0.9900
EU521689	1512	7560	Tsukamurellaceae	Tsukamurella carboxydivorans	KT581020	1407	7035	Tsukamurellaceae	Tsukamurella serpentis	6895.0	1406	7	6	1391	0.9936	0.9801
EU521689	1512	7560	Tsukamurellaceae	Tsukamurella carboxydivorans	AF283281	1512	7560	Tsukamurellaceae	Tsukamurella inchonensis	7472.0	1511	2	1	1502	0.9947	0.9884
AF283280	1510	7550	Tsukamurellaceae	Tsukamurella paurometabola	AF150494	1510	7550	Tsukamurellaceae	Tsukamurella sunchonensis	7437.0	1509	4	4	1497	0.9947	0.9850
AF283280	1510	7550	Tsukamurellaceae	Tsukamurella paurometabola	KP888572	1405	7025	Tsukamurellaceae	Tsukamurella hongkongensis	6927.0	1405	3	3	1394	0.9943	0.9860
AF283280	1510	7550	Tsukamurellaceae	Tsukamurella paurometabola	X92981	1460	7300	Tsukamurellaceae	Tsukamurella pulmonis	7205.0	1458	3	1	1449	0.9945	0.9870
AF283280	1510	7550	Tsukamurellaceae	Tsukamurella paurometabola	AY238514	1440	7200	Tsukamurellaceae	Tsukamurella tyrosinosolvens	7123.0	1438	3	1	1431	0.9958	0.9893
AF283280	1510	7550	Tsukamurellaceae	Tsukamurella paurometabola	KP888571	1405	7025	Tsukamurellaceae	Tsukamurella sinensis	6953.0	1405	2	2	1397	0.9957	0.9898
AF283280	1510	7550	Tsukamurellaceae	Tsukamurella paurometabola	AF283283	1512	7560	Tsukamurellaceae	Tsukamurella strandjordii	7519.0	1510	3	1	1507	0.9987	0.9959
AF283280	1510	7550	Tsukamurellaceae	Tsukamurella paurometabola	FJ917743	1431	7155	Tsukamurellaceae	Tsukamurella soli	6780.0	1431	28	29	1387	0.9893	0.9476
AF283280	1510	7550	Tsukamurellaceae	Tsukamurella paurometabola	AY714239	1480	7400	Tsukamurellaceae	Tsukamurella spongiae	7209.0	1477	7	4	1458	0.9898	0.9742
AF283280	1510	7550	Tsukamurellaceae	Tsukamurella paurometabola	Z37150	1474	7370	Tsukamurellaceae	Tsukamurella spumae	7289.0	1474	3	3	1465	0.9959	0.9890
AF283280	1510	7550	Tsukamurellaceae	Tsukamurella paurometabola	KT581020	1407	7035	Tsukamurellaceae	Tsukamurella serpentis	6951.0	1405	7	5	1397	0.9979	0.9881
AF283280	1510	7550	Tsukamurellaceae	Tsukamurella paurometabola	AF283281	1512	7560	Tsukamurellaceae	Tsukamurella inchonensis	7501.0	1510	2	0	1505	0.9967	0.9935
AF150494	1510	7550	Tsukamurellaceae	Tsukamurella sunchonensis	KP888572	1405	7025	Tsukamurellaceae	Tsukamurella hongkongensis	6980.0	1405	2	2	1400	0.9979	0.9936
AF150494	1510	7550	Tsukamurellaceae	Tsukamurella sunchonensis	X92981	1460	7300	Tsukamurellaceae	Tsukamurella pulmonis	7250.0	1458	2	0	1454	0.9973	0.9932
AF150494	1510	7550	Tsukamurellaceae	Tsukamurella sunchonensis	AY238514	1440	7200	Tsukamurellaceae	Tsukamurella tyrosinosolvens	7150.0	1438	3	1	1434	0.9979	0.9931
AF150494	1510	7550	Tsukamurellaceae	Tsukamurella sunchonensis	KP888571	1405	7025	Tsukamurellaceae	Tsukamurella sinensis	6980.0	1405	3	3	1400	0.9986	0.9936
AF150494	1510	7550	Tsukamurellaceae	Tsukamurella sunchonensis	AF283283	1512	7560	Tsukamurellaceae	Tsukamurella strandjordii	7478.0	1509	3	1	1502	0.9960	0.9905
AF150494	1510	7550	Tsukamurellaceae	Tsukamurella sunchonensis	FJ917743	1431	7155	Tsukamurellaceae	Tsukamurella soli	6773.0	1431	31	32	1386	0.9907	0.9466
AF150494	1510	7550	Tsukamurellaceae	Tsukamurella sunchonensis	AY714239	1480	7400	Tsukamurellaceae	Tsukamurella spongiae	7249.0	1476	6	3	1462	0.9925	0.9796
AF150494	1510	7550	Tsukamurellaceae	Tsukamurella sunchonensis	Z37150	1474	7370	Tsukamurellaceae	Tsukamurella spumae	7334.0	1474	1	1	1470	0.9980	0.9951
AF150494	1510	7550	Tsukamurellaceae	Tsukamurella sunchonensis	KT581020	1407	7035	Tsukamurellaceae	Tsukamurella serpentis	6897.0	1405	8	6	1391	0.9943	0.9804
AF150494	1510	7550	Tsukamurellaceae	Tsukamurella sunchonensis	AF283281	1512	7560	Tsukamurellaceae	Tsukamurella inchonensis	7460.0	1509	4	2	1500	0.9954	0.9881
KP888572	1405	7025	Tsukamurellaceae	Tsukamurella hongkongensis	X92981	1460	7300	Tsukamurellaceae	Tsukamurella pulmonis	6985.0	1405	3	1	1401	0.9979	0.9943
KP888572	1405	7025	Tsukamurellaceae	Tsukamurella hongkongensis	AY238514	1440	7200	Tsukamurellaceae	Tsukamurella tyrosinosolvens	6848.0	1381	4	2	1375	0.9971	0.9748
KP888572	1405	7025	Tsukamurellaceae	Tsukamurella hongkongensis	KP888571	1405	7025	Tsukamurellaceae	Tsukamurella sinensis	6990.0	1405	2	2	1401	0.9986	0.9950
KP888572	1405	7025	Tsukamurellaceae	Tsukamurella hongkongensis	AF283283	1512	7560	Tsukamurellaceae	Tsukamurella strandjordii	6950.0	1405	4	2	1397	0.9957	0.9893
KP888572	1405	7025	Tsukamurellaceae	Tsukamurella hongkongensis	FJ917743	1431	7155	Tsukamurellaceae	Tsukamurella soli	6651.0	1405	30	31	1361	0.9905	0.9468
KP888572	1405	7025	Tsukamurellaceae	Tsukamurella hongkongensis	AY714239	1480	7400	Tsukamurellaceae	Tsukamurella spongiae	6896.0	1405	6	4	1391	0.9929	0.9816
KP888572	1405	7025	Tsukamurellaceae	Tsukamurella hongkongensis	Z37150	1474	7370	Tsukamurellaceae	Tsukamurella spumae	6962.0	1405	3	3	1398	0.9971	0.9910
KP888572	1405	7025	Tsukamurellaceae	Tsukamurella hongkongensis	KT581020	1407	7035	Tsukamurellaceae	Tsukamurella serpentis	6880.0	1405	9	7	1389	0.9936	0.9794
KP888572	1405	7025	Tsukamurellaceae	Tsukamurella hongkongensis	AF283281	1512	7560	Tsukamurellaceae	Tsukamurella inchonensis	6932.0	1405	5	3	1395	0.9950	0.9868
X92981	1460	7300	Tsukamurellaceae	Tsukamurella pulmonis	AY238514	1440	7200	Tsukamurellaceae	Tsukamurella tyrosinosolvens	7024.0	1412	0	0	1408	0.9972	0.9756
X92981	1460	7300	Tsukamurellaceae	Tsukamurella pulmonis	KP888571	1405	7025	Tsukamurellaceae	Tsukamurella sinensis	7003.0	1407	0	2	1403	0.9986	0.9969
X92981	1460	7300	Tsukamurellaceae	Tsukamurella pulmonis	AF283283	1512	7560	Tsukamurellaceae	Tsukamurella strandjordii	7246.0	1460	0	0	1454	0.9959	0.9926
X92981	1460	7300	Tsukamurellaceae	Tsukamurella pulmonis	FJ917743	1431	7155	Tsukamurellaceae	Tsukamurella soli	6770.0	1433	31	34	1386	0.9907	0.9462
X92981	1460	7300	Tsukamurellaceae	Tsukamurella pulmonis	AY714239	1480	7400	Tsukamurellaceae	Tsukamurella spongiae	7159.0	1450	4	3	1440	0.9952	0.9807
X92981	1460	7300	Tsukamurellaceae	Tsukamurella pulmonis	Z37150	1474	7370	Tsukamurellaceae	Tsukamurella spumae	7232.0	1460	1	3	1452	0.9966	0.9907
X92981	1460	7300	Tsukamurellaceae	Tsukamurella pulmonis	KT581020	1407	7035	Tsukamurellaceae	Tsukamurella serpentis	6911.0	1407	5	5	1393	0.9936	0.9824
X92981	1460	7300	Tsukamurellaceae	Tsukamurella pulmonis	AF283281	1512	7560	Tsukamurellaceae	Tsukamurella inchonensis	7228.0	1460	1	1	1452	0.9952	0.9901
AY238514	1440	7200	Tsukamurellaceae	Tsukamurella tyrosinosolvens	KP888571	1405	7025	Tsukamurellaceae	Tsukamurella sinensis	6874.0	1383	1	3	1378	0.9986	0.9785
AY238514	1440	7200	Tsukamurellaceae	Tsukamurella tyrosinosolvens	AF283283	1512	7560	Tsukamurellaceae	Tsukamurella strandjordii	7164.0	1440	0	0	1436	0.9972	0.9950
AY238514	1440	7200	Tsukamurellaceae	Tsukamurella tyrosinosolvens	FJ917743	1431	7155	Tsukamurellaceae	Tsukamurella soli	6594.0	1395	28	31	1350	0.9897	0.9216
AY238514	1440	7200	Tsukamurellaceae	Tsukamurella tyrosinosolvens	AY714239	1480	7400	Tsukamurellaceae	Tsukamurella spongiae	7075.0	1440	3	3	1426	0.9923	0.9826
AY238514	1440	7200	Tsukamurellaceae	Tsukamurella tyrosinosolvens	Z37150	1474	7370	Tsukamurellaceae	Tsukamurella spumae	7037.0	1421	2	4	1413	0.9972	0.9774
AY238514	1440	7200	Tsukamurellaceae	Tsukamurella tyrosinosolvens	KT581020	1407	7035	Tsukamurellaceae	Tsukamurella serpentis	6800.0	1383	6	6	1370	0.9949	0.9666
AY238514	1440	7200	Tsukamurellaceae	Tsukamurella tyrosinosolvens	AF283281	1512	7560	Tsukamurellaceae	Tsukamurella inchonensis	7146.0	1440	1	1	1434	0.9965	0.9925
KP888571	1405	7025	Tsukamurellaceae	Tsukamurella sinensis	AF283283	1512	7560	Tsukamurellaceae	Tsukamurella strandjordii	6976.0	1405	3	1	1400	0.9972	0.9930
KP888571	1405	7025	Tsukamurellaceae	Tsukamurella sinensis	FJ917743	1431	7155	Tsukamurellaceae	Tsukamurella soli	6644.0	1405	32	33	1360	0.9913	0.9458
KP888571	1405	7025	Tsukamurellaceae	Tsukamurella sinensis	AY714239	1480	7400	Tsukamurellaceae	Tsukamurella spongiae	6914.0	1405	5	3	1393	0.9936	0.9842
KP888571	1405	7025	Tsukamurellaceae	Tsukamurella sinensis	Z37150	1474	7370	Tsukamurellaceae	Tsukamurella spumae	6962.0	1405	4	4	1398	0.9979	0.9910
KP888571	1405	7025	Tsukamurellaceae	Tsukamurella sinensis	KT581020	1407	7035	Tsukamurellaceae	Tsukamurella serpentis	6915.0	1405	7	5	1393	0.9950	0.9843
KP888571	1405	7025	Tsukamurellaceae	Tsukamurella sinensis	AF283281	1512	7560	Tsukamurellaceae	Tsukamurella inchonensis	6958.0	1405	4	2	1398	0.9964	0.9905
AF283283	1512	7560	Tsukamurellaceae	Tsukamurella strandjordii	FJ917743	1431	7155	Tsukamurellaceae	Tsukamurella soli	6793.0	1433	28	31	1389	0.9907	0.9494
AF283283	1512	7560	Tsukamurellaceae	Tsukamurella strandjordii	AY714239	1480	7400	Tsukamurellaceae	Tsukamurella spongiae	7250.0	1479	4	3	1463	0.9912	0.9797
AF283283	1512	7560	Tsukamurellaceae	Tsukamurella strandjordii	Z37150	1474	7370	Tsukamurellaceae	Tsukamurella spumae	7294.0	1476	2	4	1466	0.9959	0.9897
AF283283	1512	7560	Tsukamurellaceae	Tsukamurella strandjordii	KT581020	1407	7035	Tsukamurellaceae	Tsukamurella serpentis	6956.0	1407	6	6	1398	0.9979	0.9888
AF283283	1512	7560	Tsukamurellaceae	Tsukamurella strandjordii	AF283281	1512	7560	Tsukamurellaceae	Tsukamurella inchonensis	7506.0	1512	1	1	1506	0.9967	0.9929
FJ917743	1431	7155	Tsukamurellaceae	Tsukamurella soli	AY714239	1480	7400	Tsukamurellaceae	Tsukamurella spongiae	6679.0	1430	38	34	1376	0.9857	0.9335
FJ917743	1431	7155	Tsukamurellaceae	Tsukamurella soli	Z37150	1474	7370	Tsukamurellaceae	Tsukamurella spumae	6773.0	1430	31	30	1386	0.9900	0.9466
FJ917743	1431	7155	Tsukamurellaceae	Tsukamurella soli	KT581020	1407	7035	Tsukamurellaceae	Tsukamurella serpentis	6640.0	1404	34	31	1360	0.9905	0.9439
FJ917743	1431	7155	Tsukamurellaceae	Tsukamurella soli	AF283281	1512	7560	Tsukamurellaceae	Tsukamurella inchonensis	6794.0	1430	31	28	1389	0.9907	0.9495
AY714239	1480	7400	Tsukamurellaceae	Tsukamurella spongiae	Z37150	1474	7370	Tsukamurellaceae	Tsukamurella spumae	7136.0	1460	4	7	1441	0.9917	0.9682
AY714239	1480	7400	Tsukamurellaceae	Tsukamurella spongiae	KT581020	1407	7035	Tsukamurellaceae	Tsukamurella serpentis	6822.0	1407	8	8	1383	0.9886	0.9697
AY714239	1480	7400	Tsukamurellaceae	Tsukamurella spongiae	AF283281	1512	7560	Tsukamurellaceae	Tsukamurella inchonensis	7232.0	1480	4	5	1461	0.9905	0.9773
Z37150	1474	7370	Tsukamurellaceae	Tsukamurella spumae	KT581020	1407	7035	Tsukamurellaceae	Tsukamurella serpentis	6933.0	1405	7	5	1395	0.9964	0.9855
Z37150	1474	7370	Tsukamurellaceae	Tsukamurella spumae	AF283281	1512	7560	Tsukamurellaceae	Tsukamurella inchonensis	7330.0	1474	3	1	1470	0.9980	0.9946
KT581020	1407	7035	Tsukamurellaceae	Tsukamurella serpentis	AF283281	1512	7560	Tsukamurellaceae	Tsukamurella inchonensis	6956.0	1407	5	5	1398	0.9971	0.9888
