AB231946	1467	7335	Unclassified Rhizobiales	Alsobacter metallidurans	GQ221764	1443	7215	Unclassified Rhizobiales	Bauldia litoralis	6233.0	1427	83	69	1322	0.9735	0.8639
AB231946	1467	7335	Unclassified Rhizobiales	Alsobacter metallidurans	FJ998414	1385	6925	Unclassified Rhizobiales	Amorphus orientalis	5949.0	1402	67	84	1273	0.9659	0.8591
AB231946	1467	7335	Unclassified Rhizobiales	Alsobacter metallidurans	KC006961	1452	7260	Unclassified Rhizobiales	Amorphus suaedae	6184.0	1439	80	79	1319	0.9699	0.8518
AB231946	1467	7335	Unclassified Rhizobiales	Alsobacter metallidurans	FJ560750	1442	7210	Unclassified Rhizobiales	Bauldia consociata	6275.0	1424	75	59	1327	0.9722	0.8703
AB231946	1467	7335	Unclassified Rhizobiales	Alsobacter metallidurans	DQ097300	1438	7190	Unclassified Rhizobiales	Amorphus coralli	6170.0	1453	65	81	1320	0.9621	0.8581
AB231946	1467	7335	Unclassified Rhizobiales	Alsobacter metallidurans	KP973992	1440	7200	Unclassified Rhizobiales	Qingshengfania soli	6151.0	1433	77	83	1311	0.9711	0.8543
GQ221764	1443	7215	Unclassified Rhizobiales	Bauldia litoralis	FJ998414	1385	6925	Unclassified Rhizobiales	Amorphus orientalis	6158.0	1417	52	84	1300	0.9752	0.8892
GQ221764	1443	7215	Unclassified Rhizobiales	Bauldia litoralis	KC006961	1452	7260	Unclassified Rhizobiales	Amorphus suaedae	6330.0	1443	62	74	1335	0.9752	0.8773
GQ221764	1443	7215	Unclassified Rhizobiales	Bauldia litoralis	FJ560750	1442	7210	Unclassified Rhizobiales	Bauldia consociata	6795.0	1441	28	27	1393	0.9851	0.9424
GQ221764	1443	7215	Unclassified Rhizobiales	Bauldia litoralis	DQ097300	1438	7190	Unclassified Rhizobiales	Amorphus coralli	6271.0	1432	61	77	1323	0.9764	0.8722
GQ221764	1443	7215	Unclassified Rhizobiales	Bauldia litoralis	KP973992	1440	7200	Unclassified Rhizobiales	Qingshengfania soli	6116.0	1443	65	85	1310	0.9647	0.8494
FJ998414	1385	6925	Unclassified Rhizobiales	Amorphus orientalis	KC006961	1452	7260	Unclassified Rhizobiales	Amorphus suaedae	6549.0	1385	37	18	1346	0.9846	0.9457
FJ998414	1385	6925	Unclassified Rhizobiales	Amorphus orientalis	FJ560750	1442	7210	Unclassified Rhizobiales	Bauldia consociata	6149.0	1385	85	52	1299	0.9745	0.8879
FJ998414	1385	6925	Unclassified Rhizobiales	Amorphus orientalis	DQ097300	1438	7190	Unclassified Rhizobiales	Amorphus coralli	6615.0	1385	24	9	1353	0.9833	0.9552
FJ998414	1385	6925	Unclassified Rhizobiales	Amorphus orientalis	KP973992	1440	7200	Unclassified Rhizobiales	Qingshengfania soli	6004.0	1385	72	61	1278	0.9653	0.8670
KC006961	1452	7260	Unclassified Rhizobiales	Amorphus suaedae	FJ560750	1442	7210	Unclassified Rhizobiales	Bauldia consociata	6321.0	1428	76	62	1333	0.9758	0.8767
KC006961	1452	7260	Unclassified Rhizobiales	Amorphus suaedae	DQ097300	1438	7190	Unclassified Rhizobiales	Amorphus coralli	6680.0	1431	22	25	1376	0.9787	0.9291
KC006961	1452	7260	Unclassified Rhizobiales	Amorphus suaedae	KP973992	1440	7200	Unclassified Rhizobiales	Qingshengfania soli	6260.0	1446	62	70	1330	0.9666	0.8694
FJ560750	1442	7210	Unclassified Rhizobiales	Bauldia consociata	DQ097300	1438	7190	Unclassified Rhizobiales	Amorphus coralli	6295.0	1431	51	69	1326	0.9736	0.8755
FJ560750	1442	7210	Unclassified Rhizobiales	Bauldia consociata	KP973992	1440	7200	Unclassified Rhizobiales	Qingshengfania soli	6050.0	1442	73	95	1300	0.9651	0.8403
DQ097300	1438	7190	Unclassified Rhizobiales	Amorphus coralli	KP973992	1440	7200	Unclassified Rhizobiales	Qingshengfania soli	6126.0	1429	66	75	1307	0.9653	0.8520
