X93359	1478	7390	Unclassified Thermoanaerobacterales	Thermoanaerobacterium aotearoense	X82842	1505	7525	Unclassified Thermoanaerobacterales	Caldicellulosiruptor lactoaceticus	5723.0	1475	172	142	1281	0.9610	0.7744
X93359	1478	7390	Unclassified Thermoanaerobacterales	Thermoanaerobacterium aotearoense	EU370564	1469	7333	Unclassified Thermoanaerobacterales	Thermovorax subterraneus	5531.0	1452	178	161	1245	0.9644	0.7543
X93359	1478	7390	Unclassified Thermoanaerobacterales	Thermoanaerobacterium aotearoense	AJ004811	1508	7522	Unclassified Thermoanaerobacterales	Caldicellulosiruptor kristjanssonii	5734.0	1477	170	139	1283	0.9589	0.7759
X93359	1478	7390	Unclassified Thermoanaerobacterales	Thermoanaerobacterium aotearoense	L09178	1535	7675	Unclassified Thermoanaerobacterales	Caldicellulosiruptor saccharolyticus	5769.0	1478	170	138	1288	0.9612	0.7806
X93359	1478	7390	Unclassified Thermoanaerobacterales	Thermoanaerobacterium aotearoense	EF530069	1418	7060	Unclassified Thermoanaerobacterales	Caldanaerovirga acetigignens	5279.0	1413	171	166	1197	0.9599	0.7477
X93359	1478	7390	Unclassified Thermoanaerobacterales	Thermoanaerobacterium aotearoense	EU443729	1360	6800	Unclassified Thermoanaerobacterales	Thermovenabulum gondwanense	5200.0	1329	147	128	1159	0.9650	0.7647
X93359	1478	7390	Unclassified Thermoanaerobacterales	Thermoanaerobacterium aotearoense	FM999998	1366	6830	Unclassified Thermoanaerobacterales	Thermoanaerobacterium thermostercoris	6685.0	1361	10	5	1348	0.9941	0.9788
X93359	1478	7390	Unclassified Thermoanaerobacterales	Thermoanaerobacterium aotearoense	AY350594	1442	7210	Unclassified Thermoanaerobacterales	Thermoanaerobacterium aciditolerans	7001.0	1434	9	10	1414	0.9930	0.9710
X93359	1478	7390	Unclassified Thermoanaerobacterales	Thermoanaerobacterium aotearoense	EU386162	1416	7074	Unclassified Thermoanaerobacterales	Syntrophaceticus schinkii	5451.0	1396	144	124	1218	0.9575	0.7706
X93359	1478	7390	Unclassified Thermoanaerobacterales	Thermoanaerobacterium aotearoense	JX280492	1429	7145	Unclassified Thermoanaerobacterales	Caldicellulosiruptor changbaiensis	5438.0	1445	153	169	1225	0.9600	0.7611
X93359	1478	7390	Unclassified Thermoanaerobacterales	Thermoanaerobacterium aotearoense	EF100908	1482	7410	Unclassified Thermoanaerobacterales	Caldicellulosiruptor hydrothermalis	5603.0	1442	170	140	1253	0.9624	0.7582
X93359	1478	7390	Unclassified Thermoanaerobacterales	Thermoanaerobacterium aotearoense	L09169	1552	7742	Unclassified Thermoanaerobacterales	Thermoanaerobacterium saccharolyticum	7136.0	1478	59	13	1454	0.9925	0.9656
X93359	1478	7390	Unclassified Thermoanaerobacterales	Thermoanaerobacterium aotearoense	CP001393	1533	7665	Unclassified Thermoanaerobacterales	Caldicellulosiruptor bescii	5755.0	1478	172	140	1286	0.9611	0.7788
X93359	1478	7390	Unclassified Thermoanaerobacterales	Thermoanaerobacterium aotearoense	AY703478	1386	6930	Unclassified Thermoanaerobacterales	Thermosediminibacter oceani	5294.0	1382	150	146	1187	0.9604	0.7639
X93359	1478	7390	Unclassified Thermoanaerobacterales	Thermoanaerobacterium aotearoense	AY772476	1421	7105	Unclassified Thermoanaerobacterales	Caldicellulosiruptor acetigenus	5379.0	1428	158	165	1212	0.9596	0.7571
X93359	1478	7390	Unclassified Thermoanaerobacterales	Thermoanaerobacterium aotearoense	FR870449	1488	7440	Unclassified Thermoanaerobacterales	Thermoanaerobacterium thermosaccharolyticum	7133.0	1469	16	13	1445	0.9924	0.9652
X93359	1478	7390	Unclassified Thermoanaerobacterales	Thermoanaerobacterium aotearoense	EF100909	1505	7525	Unclassified Thermoanaerobacterales	Caldicellulosiruptor kronotskyensis	5725.0	1465	169	139	1277	0.9630	0.7747
X93359	1478	7390	Unclassified Thermoanaerobacterales	Thermoanaerobacterium aotearoense	U80596	1539	7695	Unclassified Thermoanaerobacterales	Caldicellulosiruptor owensensis	5751.0	1478	176	142	1285	0.9618	0.7782
X93359	1478	7390	Unclassified Thermoanaerobacterales	Thermoanaerobacterium aotearoense	L09171	1574	7858	Unclassified Thermoanaerobacterales	Thermoanaerobacterium thermosulfurigenes	7125.0	1478	89	15	1456	0.9952	0.9641
X93359	1478	7390	Unclassified Thermoanaerobacterales	Thermoanaerobacterium aotearoense	AY703479	1402	7010	Unclassified Thermoanaerobacterales	Thermosediminibacter litoriperuensis	5314.0	1435	148	181	1203	0.9593	0.7581
X93359	1478	7390	Unclassified Thermoanaerobacterales	Thermoanaerobacterium aotearoense	AY331143	1531	7655	Unclassified Thermoanaerobacterales	Mahella australiensis	5978.0	1478	131	105	1315	0.9578	0.8089
X93359	1478	7390	Unclassified Thermoanaerobacterales	Thermoanaerobacterium aotearoense	L09172	1581	7851	Unclassified Thermoanaerobacterales	Thermoanaerobacterium xylanolyticum	7097.0	1478	92	15	1453	0.9932	0.9604
X93359	1478	7390	Unclassified Thermoanaerobacterales	Thermoanaerobacterium aotearoense	AY033493	1465	7253	Unclassified Thermoanaerobacterales	Thermovenabulum ferriorganovorum	5568.0	1441	150	138	1243	0.9540	0.7677
X82842	1505	7525	Unclassified Thermoanaerobacterales	Caldicellulosiruptor lactoaceticus	EU370564	1469	7333	Unclassified Thermoanaerobacterales	Thermovorax subterraneus	5886.0	1482	123	136	1296	0.9629	0.8027
X82842	1505	7525	Unclassified Thermoanaerobacterales	Caldicellulosiruptor lactoaceticus	AJ004811	1508	7522	Unclassified Thermoanaerobacterales	Caldicellulosiruptor kristjanssonii	7391.0	1505	8	7	1489	0.9940	0.9826
X82842	1505	7525	Unclassified Thermoanaerobacterales	Caldicellulosiruptor lactoaceticus	L09178	1535	7675	Unclassified Thermoanaerobacterales	Caldicellulosiruptor saccharolyticus	7139.0	1505	32	30	1460	0.9898	0.9487
X82842	1505	7525	Unclassified Thermoanaerobacterales	Caldicellulosiruptor lactoaceticus	EF530069	1418	7060	Unclassified Thermoanaerobacterales	Caldanaerovirga acetigignens	5640.0	1447	120	149	1249	0.9622	0.7989
X82842	1505	7525	Unclassified Thermoanaerobacterales	Caldicellulosiruptor lactoaceticus	EU443729	1360	6800	Unclassified Thermoanaerobacterales	Thermovenabulum gondwanense	5312.0	1371	122	146	1180	0.9633	0.7812
X82842	1505	7525	Unclassified Thermoanaerobacterales	Caldicellulosiruptor lactoaceticus	FM999998	1366	6830	Unclassified Thermoanaerobacterales	Thermoanaerobacterium thermostercoris	5266.0	1394	134	163	1182	0.9602	0.7710
X82842	1505	7525	Unclassified Thermoanaerobacterales	Caldicellulosiruptor lactoaceticus	AY350594	1442	7210	Unclassified Thermoanaerobacterales	Thermoanaerobacterium aciditolerans	5553.0	1489	132	189	1248	0.9600	0.7702
X82842	1505	7525	Unclassified Thermoanaerobacterales	Caldicellulosiruptor lactoaceticus	EU386162	1416	7074	Unclassified Thermoanaerobacterales	Syntrophaceticus schinkii	5426.0	1446	137	167	1223	0.9562	0.7670
X82842	1505	7525	Unclassified Thermoanaerobacterales	Caldicellulosiruptor lactoaceticus	JX280492	1429	7145	Unclassified Thermoanaerobacterales	Caldicellulosiruptor changbaiensis	6652.0	1475	38	84	1377	0.9899	0.9310
X82842	1505	7525	Unclassified Thermoanaerobacterales	Caldicellulosiruptor lactoaceticus	EF100908	1482	7410	Unclassified Thermoanaerobacterales	Caldicellulosiruptor hydrothermalis	7091.0	1471	19	19	1440	0.9917	0.9570
X82842	1505	7525	Unclassified Thermoanaerobacterales	Caldicellulosiruptor lactoaceticus	L09169	1552	7742	Unclassified Thermoanaerobacterales	Thermoanaerobacterium saccharolyticum	5734.0	1505	177	161	1290	0.9598	0.7620
X82842	1505	7525	Unclassified Thermoanaerobacterales	Caldicellulosiruptor lactoaceticus	CP001393	1533	7665	Unclassified Thermoanaerobacterales	Caldicellulosiruptor bescii	7290.0	1505	19	17	1478	0.9933	0.9688
X82842	1505	7525	Unclassified Thermoanaerobacterales	Caldicellulosiruptor lactoaceticus	AY703478	1386	6930	Unclassified Thermoanaerobacterales	Thermosediminibacter oceani	5506.0	1410	124	150	1218	0.9667	0.7945
X82842	1505	7525	Unclassified Thermoanaerobacterales	Caldicellulosiruptor lactoaceticus	AY772476	1421	7105	Unclassified Thermoanaerobacterales	Caldicellulosiruptor acetigenus	6945.0	1423	8	10	1403	0.9929	0.9775
X82842	1505	7525	Unclassified Thermoanaerobacterales	Caldicellulosiruptor lactoaceticus	FR870449	1488	7440	Unclassified Thermoanaerobacterales	Thermoanaerobacterium thermosaccharolyticum	5723.0	1497	137	164	1279	0.9595	0.7692
X82842	1505	7525	Unclassified Thermoanaerobacterales	Caldicellulosiruptor lactoaceticus	EF100909	1505	7525	Unclassified Thermoanaerobacterales	Caldicellulosiruptor kronotskyensis	7174.0	1494	22	22	1459	0.9912	0.9534
X82842	1505	7525	Unclassified Thermoanaerobacterales	Caldicellulosiruptor lactoaceticus	U80596	1539	7695	Unclassified Thermoanaerobacterales	Caldicellulosiruptor owensensis	7186.0	1505	24	20	1466	0.9872	0.9550
X82842	1505	7525	Unclassified Thermoanaerobacterales	Caldicellulosiruptor lactoaceticus	L09171	1574	7858	Unclassified Thermoanaerobacterales	Thermoanaerobacterium thermosulfurigenes	5745.0	1505	200	156	1295	0.9600	0.7635
X82842	1505	7525	Unclassified Thermoanaerobacterales	Caldicellulosiruptor lactoaceticus	AY703479	1402	7010	Unclassified Thermoanaerobacterales	Thermosediminibacter litoriperuensis	5559.0	1429	123	150	1232	0.9633	0.7930
X82842	1505	7525	Unclassified Thermoanaerobacterales	Caldicellulosiruptor lactoaceticus	AY331143	1531	7655	Unclassified Thermoanaerobacterales	Mahella australiensis	5738.0	1505	167	171	1287	0.9648	0.7625
X82842	1505	7525	Unclassified Thermoanaerobacterales	Caldicellulosiruptor lactoaceticus	L09172	1581	7851	Unclassified Thermoanaerobacterales	Thermoanaerobacterium xylanolyticum	5704.0	1505	205	158	1291	0.9584	0.7580
X82842	1505	7525	Unclassified Thermoanaerobacterales	Caldicellulosiruptor lactoaceticus	AY033493	1465	7253	Unclassified Thermoanaerobacterales	Thermovenabulum ferriorganovorum	5772.0	1470	122	140	1272	0.9564	0.7958
EU370564	1469	7333	Unclassified Thermoanaerobacterales	Thermovorax subterraneus	AJ004811	1508	7522	Unclassified Thermoanaerobacterales	Caldicellulosiruptor kristjanssonii	5867.0	1469	143	129	1293	0.9649	0.8001
EU370564	1469	7333	Unclassified Thermoanaerobacterales	Thermovorax subterraneus	L09178	1535	7675	Unclassified Thermoanaerobacterales	Caldicellulosiruptor saccharolyticus	5941.0	1469	135	120	1304	0.9666	0.8102
EU370564	1469	7333	Unclassified Thermoanaerobacterales	Thermovorax subterraneus	EF530069	1418	7060	Unclassified Thermoanaerobacterales	Caldanaerovirga acetigignens	6753.0	1434	16	32	1380	0.9843	0.9565
EU370564	1469	7333	Unclassified Thermoanaerobacterales	Thermovorax subterraneus	EU443729	1360	6800	Unclassified Thermoanaerobacterales	Thermovenabulum gondwanense	6148.0	1356	34	45	1280	0.9764	0.9041
EU370564	1469	7333	Unclassified Thermoanaerobacterales	Thermovorax subterraneus	FM999998	1366	6830	Unclassified Thermoanaerobacterales	Thermoanaerobacterium thermostercoris	5197.0	1402	144	180	1175	0.9615	0.7609
EU370564	1469	7333	Unclassified Thermoanaerobacterales	Thermovorax subterraneus	AY350594	1442	7210	Unclassified Thermoanaerobacterales	Thermoanaerobacterium aciditolerans	5499.0	1463	148	181	1236	0.9641	0.7627
EU370564	1469	7333	Unclassified Thermoanaerobacterales	Thermovorax subterraneus	EU386162	1416	7074	Unclassified Thermoanaerobacterales	Syntrophaceticus schinkii	5565.0	1427	131	142	1236	0.9619	0.7867
EU370564	1469	7333	Unclassified Thermoanaerobacterales	Thermovorax subterraneus	JX280492	1429	7145	Unclassified Thermoanaerobacterales	Caldicellulosiruptor changbaiensis	5727.0	1442	128	141	1261	0.9693	0.8015
EU370564	1469	7333	Unclassified Thermoanaerobacterales	Thermovorax subterraneus	EF100908	1482	7410	Unclassified Thermoanaerobacterales	Caldicellulosiruptor hydrothermalis	5836.0	1456	143	130	1284	0.9683	0.7959
EU370564	1469	7333	Unclassified Thermoanaerobacterales	Thermovorax subterraneus	L09169	1552	7742	Unclassified Thermoanaerobacterales	Thermoanaerobacterium saccharolyticum	5558.0	1469	196	167	1256	0.9647	0.7579
EU370564	1469	7333	Unclassified Thermoanaerobacterales	Thermovorax subterraneus	CP001393	1533	7665	Unclassified Thermoanaerobacterales	Caldicellulosiruptor bescii	5922.0	1469	138	123	1301	0.9666	0.8076
EU370564	1469	7333	Unclassified Thermoanaerobacterales	Thermovorax subterraneus	AY703478	1386	6930	Unclassified Thermoanaerobacterales	Thermosediminibacter oceani	6404.0	1396	35	45	1325	0.9808	0.9241
EU370564	1469	7333	Unclassified Thermoanaerobacterales	Thermovorax subterraneus	AY772476	1421	7105	Unclassified Thermoanaerobacterales	Caldicellulosiruptor acetigenus	5634.0	1410	139	128	1241	0.9680	0.7930
EU370564	1469	7333	Unclassified Thermoanaerobacterales	Thermovorax subterraneus	FR870449	1488	7440	Unclassified Thermoanaerobacterales	Thermoanaerobacterium thermosaccharolyticum	5543.0	1463	159	173	1245	0.9651	0.7559
EU370564	1469	7333	Unclassified Thermoanaerobacterales	Thermovorax subterraneus	EF100909	1505	7525	Unclassified Thermoanaerobacterales	Caldicellulosiruptor kronotskyensis	5852.0	1469	147	134	1291	0.9670	0.7980
EU370564	1469	7333	Unclassified Thermoanaerobacterales	Thermovorax subterraneus	U80596	1539	7695	Unclassified Thermoanaerobacterales	Caldicellulosiruptor owensensis	5870.0	1468	147	130	1293	0.9664	0.8005
EU370564	1469	7333	Unclassified Thermoanaerobacterales	Thermovorax subterraneus	L09171	1574	7858	Unclassified Thermoanaerobacterales	Thermoanaerobacterium thermosulfurigenes	5528.0	1469	226	169	1255	0.9654	0.7539
EU370564	1469	7333	Unclassified Thermoanaerobacterales	Thermovorax subterraneus	AY703479	1402	7010	Unclassified Thermoanaerobacterales	Thermosediminibacter litoriperuensis	6489.0	1416	33	47	1343	0.9810	0.9257
EU370564	1469	7333	Unclassified Thermoanaerobacterales	Thermovorax subterraneus	AY331143	1531	7655	Unclassified Thermoanaerobacterales	Mahella australiensis	5544.0	1469	180	171	1251	0.9638	0.7560
EU370564	1469	7333	Unclassified Thermoanaerobacterales	Thermovorax subterraneus	L09172	1581	7851	Unclassified Thermoanaerobacterales	Thermoanaerobacterium xylanolyticum	5515.0	1469	228	168	1254	0.9639	0.7521
EU370564	1469	7333	Unclassified Thermoanaerobacterales	Thermovorax subterraneus	AY033493	1465	7253	Unclassified Thermoanaerobacterales	Thermovenabulum ferriorganovorum	6476.0	1455	49	54	1356	0.9679	0.8929
AJ004811	1508	7522	Unclassified Thermoanaerobacterales	Caldicellulosiruptor kristjanssonii	L09178	1535	7675	Unclassified Thermoanaerobacterales	Caldicellulosiruptor saccharolyticus	7105.0	1508	35	34	1456	0.9878	0.9446
AJ004811	1508	7522	Unclassified Thermoanaerobacterales	Caldicellulosiruptor kristjanssonii	EF530069	1418	7060	Unclassified Thermoanaerobacterales	Caldanaerovirga acetigignens	5624.0	1448	127	157	1246	0.9651	0.7966
AJ004811	1508	7522	Unclassified Thermoanaerobacterales	Caldicellulosiruptor kristjanssonii	EU443729	1360	6800	Unclassified Thermoanaerobacterales	Thermovenabulum gondwanense	5292.0	1372	123	148	1177	0.9616	0.7782
AJ004811	1508	7522	Unclassified Thermoanaerobacterales	Caldicellulosiruptor kristjanssonii	FM999998	1366	6830	Unclassified Thermoanaerobacterales	Thermoanaerobacterium thermostercoris	5255.0	1395	132	162	1181	0.9578	0.7694
AJ004811	1508	7522	Unclassified Thermoanaerobacterales	Caldicellulosiruptor kristjanssonii	AY350594	1442	7210	Unclassified Thermoanaerobacterales	Thermoanaerobacterium aciditolerans	5550.0	1490	130	188	1248	0.9585	0.7698
AJ004811	1508	7522	Unclassified Thermoanaerobacterales	Caldicellulosiruptor kristjanssonii	EU386162	1416	7074	Unclassified Thermoanaerobacterales	Syntrophaceticus schinkii	5419.0	1447	141	172	1221	0.9576	0.7660
AJ004811	1508	7522	Unclassified Thermoanaerobacterales	Caldicellulosiruptor kristjanssonii	JX280492	1429	7145	Unclassified Thermoanaerobacterales	Caldicellulosiruptor changbaiensis	6614.0	1476	43	90	1372	0.9899	0.9257
AJ004811	1508	7522	Unclassified Thermoanaerobacterales	Caldicellulosiruptor kristjanssonii	EF100908	1482	7410	Unclassified Thermoanaerobacterales	Caldicellulosiruptor hydrothermalis	7050.0	1472	23	24	1435	0.9910	0.9514
AJ004811	1508	7522	Unclassified Thermoanaerobacterales	Caldicellulosiruptor kristjanssonii	L09169	1552	7742	Unclassified Thermoanaerobacterales	Thermoanaerobacterium saccharolyticum	5741.0	1508	175	160	1292	0.9585	0.7632
AJ004811	1508	7522	Unclassified Thermoanaerobacterales	Caldicellulosiruptor kristjanssonii	CP001393	1533	7665	Unclassified Thermoanaerobacterales	Caldicellulosiruptor bescii	7248.0	1508	24	23	1473	0.9919	0.9636
AJ004811	1508	7522	Unclassified Thermoanaerobacterales	Caldicellulosiruptor kristjanssonii	AY703478	1386	6930	Unclassified Thermoanaerobacterales	Thermosediminibacter oceani	5515.0	1411	121	148	1219	0.9652	0.7958
AJ004811	1508	7522	Unclassified Thermoanaerobacterales	Caldicellulosiruptor kristjanssonii	AY772476	1421	7105	Unclassified Thermoanaerobacterales	Caldicellulosiruptor acetigenus	7033.0	1424	0	3	1413	0.9944	0.9899
AJ004811	1508	7522	Unclassified Thermoanaerobacterales	Caldicellulosiruptor kristjanssonii	FR870449	1488	7440	Unclassified Thermoanaerobacterales	Thermoanaerobacterium thermosaccharolyticum	5723.0	1500	137	165	1280	0.9588	0.7692
AJ004811	1508	7522	Unclassified Thermoanaerobacterales	Caldicellulosiruptor kristjanssonii	EF100909	1505	7525	Unclassified Thermoanaerobacterales	Caldicellulosiruptor kronotskyensis	7208.0	1495	16	17	1463	0.9899	0.9583
AJ004811	1508	7522	Unclassified Thermoanaerobacterales	Caldicellulosiruptor kristjanssonii	U80596	1539	7695	Unclassified Thermoanaerobacterales	Caldicellulosiruptor owensensis	7177.0	1508	30	27	1465	0.9892	0.9541
AJ004811	1508	7522	Unclassified Thermoanaerobacterales	Caldicellulosiruptor kristjanssonii	L09171	1574	7858	Unclassified Thermoanaerobacterales	Thermoanaerobacterium thermosulfurigenes	5752.0	1508	199	156	1297	0.9593	0.7647
AJ004811	1508	7522	Unclassified Thermoanaerobacterales	Caldicellulosiruptor kristjanssonii	AY703479	1402	7010	Unclassified Thermoanaerobacterales	Thermosediminibacter litoriperuensis	5550.0	1430	126	154	1230	0.9639	0.7917
AJ004811	1508	7522	Unclassified Thermoanaerobacterales	Caldicellulosiruptor kristjanssonii	AY331143	1531	7655	Unclassified Thermoanaerobacterales	Mahella australiensis	5737.0	1508	172	177	1287	0.9669	0.7627
AJ004811	1508	7522	Unclassified Thermoanaerobacterales	Caldicellulosiruptor kristjanssonii	L09172	1581	7851	Unclassified Thermoanaerobacterales	Thermoanaerobacterium xylanolyticum	5712.0	1508	207	161	1294	0.9607	0.7594
AJ004811	1508	7522	Unclassified Thermoanaerobacterales	Caldicellulosiruptor kristjanssonii	AY033493	1465	7253	Unclassified Thermoanaerobacterales	Thermovenabulum ferriorganovorum	5738.0	1471	129	148	1267	0.9577	0.7911
L09178	1535	7675	Unclassified Thermoanaerobacterales	Caldicellulosiruptor saccharolyticus	EF530069	1418	7060	Unclassified Thermoanaerobacterales	Caldanaerovirga acetigignens	5700.0	1449	115	146	1257	0.9647	0.8074
L09178	1535	7675	Unclassified Thermoanaerobacterales	Caldicellulosiruptor saccharolyticus	EU443729	1360	6800	Unclassified Thermoanaerobacterales	Thermovenabulum gondwanense	5411.0	1382	117	142	1197	0.9653	0.7957
L09178	1535	7675	Unclassified Thermoanaerobacterales	Caldicellulosiruptor saccharolyticus	FM999998	1366	6830	Unclassified Thermoanaerobacterales	Thermoanaerobacterium thermostercoris	5287.0	1455	124	213	1194	0.9614	0.7741
L09178	1535	7675	Unclassified Thermoanaerobacterales	Caldicellulosiruptor saccharolyticus	AY350594	1442	7210	Unclassified Thermoanaerobacterales	Thermoanaerobacterium aciditolerans	5627.0	1516	125	199	1264	0.9598	0.7804
L09178	1535	7675	Unclassified Thermoanaerobacterales	Caldicellulosiruptor saccharolyticus	EU386162	1416	7074	Unclassified Thermoanaerobacterales	Syntrophaceticus schinkii	5496.0	1448	127	159	1233	0.9566	0.7769
L09178	1535	7675	Unclassified Thermoanaerobacterales	Caldicellulosiruptor saccharolyticus	JX280492	1429	7145	Unclassified Thermoanaerobacterales	Caldicellulosiruptor changbaiensis	6854.0	1477	16	64	1402	0.9922	0.9593
L09178	1535	7675	Unclassified Thermoanaerobacterales	Caldicellulosiruptor saccharolyticus	EF100908	1482	7410	Unclassified Thermoanaerobacterales	Caldicellulosiruptor hydrothermalis	7048.0	1483	29	31	1439	0.9910	0.9511
L09178	1535	7675	Unclassified Thermoanaerobacterales	Caldicellulosiruptor saccharolyticus	L09169	1552	7742	Unclassified Thermoanaerobacterales	Thermoanaerobacterium saccharolyticum	5889.0	1534	177	163	1319	0.9621	0.7673
L09178	1535	7675	Unclassified Thermoanaerobacterales	Caldicellulosiruptor saccharolyticus	CP001393	1533	7665	Unclassified Thermoanaerobacterales	Caldicellulosiruptor bescii	7309.0	1530	31	31	1490	0.9940	0.9536
L09178	1535	7675	Unclassified Thermoanaerobacterales	Caldicellulosiruptor saccharolyticus	AY703478	1386	6930	Unclassified Thermoanaerobacterales	Thermosediminibacter oceani	5547.0	1425	119	159	1226	0.9684	0.8004
L09178	1535	7675	Unclassified Thermoanaerobacterales	Caldicellulosiruptor saccharolyticus	AY772476	1421	7105	Unclassified Thermoanaerobacterales	Caldicellulosiruptor acetigenus	6693.0	1425	33	37	1373	0.9892	0.9420
L09178	1535	7675	Unclassified Thermoanaerobacterales	Caldicellulosiruptor saccharolyticus	FR870449	1488	7440	Unclassified Thermoanaerobacterales	Thermoanaerobacterium thermosaccharolyticum	5840.0	1517	133	162	1301	0.9601	0.7849
L09178	1535	7675	Unclassified Thermoanaerobacterales	Caldicellulosiruptor saccharolyticus	EF100909	1505	7525	Unclassified Thermoanaerobacterales	Caldicellulosiruptor kronotskyensis	7097.0	1506	37	39	1454	0.9911	0.9431
L09178	1535	7675	Unclassified Thermoanaerobacterales	Caldicellulosiruptor saccharolyticus	U80596	1539	7695	Unclassified Thermoanaerobacterales	Caldicellulosiruptor owensensis	7168.0	1534	49	47	1474	0.9913	0.9339
L09178	1535	7675	Unclassified Thermoanaerobacterales	Caldicellulosiruptor saccharolyticus	L09171	1574	7858	Unclassified Thermoanaerobacterales	Thermoanaerobacterium thermosulfurigenes	5900.0	1532	198	156	1324	0.9622	0.7687
L09178	1535	7675	Unclassified Thermoanaerobacterales	Caldicellulosiruptor saccharolyticus	AY703479	1402	7010	Unclassified Thermoanaerobacterales	Thermosediminibacter litoriperuensis	5618.0	1431	119	148	1240	0.9665	0.8014
L09178	1535	7675	Unclassified Thermoanaerobacterales	Caldicellulosiruptor saccharolyticus	AY331143	1531	7655	Unclassified Thermoanaerobacterales	Mahella australiensis	5918.0	1534	164	170	1320	0.9677	0.7731
L09178	1535	7675	Unclassified Thermoanaerobacterales	Caldicellulosiruptor saccharolyticus	L09172	1581	7851	Unclassified Thermoanaerobacterales	Thermoanaerobacterium xylanolyticum	5866.0	1535	207	162	1321	0.9621	0.7643
L09178	1535	7675	Unclassified Thermoanaerobacterales	Caldicellulosiruptor saccharolyticus	AY033493	1465	7253	Unclassified Thermoanaerobacterales	Thermovenabulum ferriorganovorum	5848.0	1482	121	141	1286	0.9590	0.8063
EF530069	1418	7060	Unclassified Thermoanaerobacterales	Caldanaerovirga acetigignens	EU443729	1360	6800	Unclassified Thermoanaerobacterales	Thermovenabulum gondwanense	6027.0	1333	41	47	1256	0.9767	0.8863
EF530069	1418	7060	Unclassified Thermoanaerobacterales	Caldanaerovirga acetigignens	FM999998	1366	6830	Unclassified Thermoanaerobacterales	Thermoanaerobacterium thermostercoris	5171.0	1384	144	167	1169	0.9606	0.7571
EF530069	1418	7060	Unclassified Thermoanaerobacterales	Caldanaerovirga acetigignens	AY350594	1442	7210	Unclassified Thermoanaerobacterales	Thermoanaerobacterium aciditolerans	5282.0	1418	153	177	1194	0.9621	0.7482
EF530069	1418	7060	Unclassified Thermoanaerobacterales	Caldanaerovirga acetigignens	EU386162	1416	7074	Unclassified Thermoanaerobacterales	Syntrophaceticus schinkii	5406.0	1405	144	149	1208	0.9618	0.7657
EF530069	1418	7060	Unclassified Thermoanaerobacterales	Caldanaerovirga acetigignens	JX280492	1429	7145	Unclassified Thermoanaerobacterales	Caldicellulosiruptor changbaiensis	5689.0	1416	132	124	1251	0.9683	0.8058
EF530069	1418	7060	Unclassified Thermoanaerobacterales	Caldanaerovirga acetigignens	EF100908	1482	7410	Unclassified Thermoanaerobacterales	Caldicellulosiruptor hydrothermalis	5656.0	1418	155	126	1250	0.9675	0.8011
EF530069	1418	7060	Unclassified Thermoanaerobacterales	Caldanaerovirga acetigignens	L09169	1552	7742	Unclassified Thermoanaerobacterales	Thermoanaerobacterium saccharolyticum	5275.0	1418	191	168	1200	0.9600	0.7472
EF530069	1418	7060	Unclassified Thermoanaerobacterales	Caldanaerovirga acetigignens	CP001393	1533	7665	Unclassified Thermoanaerobacterales	Caldicellulosiruptor bescii	5675.0	1418	152	121	1253	0.9661	0.8038
EF530069	1418	7060	Unclassified Thermoanaerobacterales	Caldanaerovirga acetigignens	AY703478	1386	6930	Unclassified Thermoanaerobacterales	Thermosediminibacter oceani	6374.0	1395	38	47	1322	0.9807	0.9198
EF530069	1418	7060	Unclassified Thermoanaerobacterales	Caldanaerovirga acetigignens	AY772476	1421	7105	Unclassified Thermoanaerobacterales	Caldicellulosiruptor acetigenus	5617.0	1412	145	136	1239	0.9710	0.7956
EF530069	1418	7060	Unclassified Thermoanaerobacterales	Caldanaerovirga acetigignens	FR870449	1488	7440	Unclassified Thermoanaerobacterales	Thermoanaerobacterium thermosaccharolyticum	5310.0	1418	169	171	1201	0.9631	0.7521
EF530069	1418	7060	Unclassified Thermoanaerobacterales	Caldanaerovirga acetigignens	EF100909	1505	7525	Unclassified Thermoanaerobacterales	Caldicellulosiruptor kronotskyensis	5602.0	1418	164	135	1243	0.9688	0.7935
EF530069	1418	7060	Unclassified Thermoanaerobacterales	Caldanaerovirga acetigignens	U80596	1539	7695	Unclassified Thermoanaerobacterales	Caldicellulosiruptor owensensis	5615.0	1418	161	128	1246	0.9659	0.7953
EF530069	1418	7060	Unclassified Thermoanaerobacterales	Caldanaerovirga acetigignens	L09171	1574	7858	Unclassified Thermoanaerobacterales	Thermoanaerobacterium thermosulfurigenes	5256.0	1418	234	165	1204	0.9609	0.7445
EF530069	1418	7060	Unclassified Thermoanaerobacterales	Caldanaerovirga acetigignens	AY703479	1402	7010	Unclassified Thermoanaerobacterales	Thermosediminibacter litoriperuensis	6440.0	1406	48	52	1335	0.9860	0.9187
EF530069	1418	7060	Unclassified Thermoanaerobacterales	Caldanaerovirga acetigignens	AY331143	1531	7655	Unclassified Thermoanaerobacterales	Mahella australiensis	5287.0	1418	189	168	1202	0.9616	0.7489
EF530069	1418	7060	Unclassified Thermoanaerobacterales	Caldanaerovirga acetigignens	L09172	1581	7851	Unclassified Thermoanaerobacterales	Thermoanaerobacterium xylanolyticum	5244.0	1418	237	165	1203	0.9601	0.7428
EF530069	1418	7060	Unclassified Thermoanaerobacterales	Caldanaerovirga acetigignens	AY033493	1465	7253	Unclassified Thermoanaerobacterales	Thermovenabulum ferriorganovorum	6262.0	1418	63	52	1318	0.9649	0.8870
EU443729	1360	6800	Unclassified Thermoanaerobacterales	Thermovenabulum gondwanense	FM999998	1366	6830	Unclassified Thermoanaerobacterales	Thermoanaerobacterium thermostercoris	4939.0	1288	127	141	1105	0.9634	0.7263
EU443729	1360	6800	Unclassified Thermoanaerobacterales	Thermovenabulum gondwanense	AY350594	1442	7210	Unclassified Thermoanaerobacterales	Thermoanaerobacterium aciditolerans	5246.0	1357	125	145	1168	0.9637	0.7715
EU443729	1360	6800	Unclassified Thermoanaerobacterales	Thermovenabulum gondwanense	EU386162	1416	7074	Unclassified Thermoanaerobacterales	Syntrophaceticus schinkii	5206.0	1342	125	124	1163	0.9548	0.7656
EU443729	1360	6800	Unclassified Thermoanaerobacterales	Thermovenabulum gondwanense	JX280492	1429	7145	Unclassified Thermoanaerobacterales	Caldicellulosiruptor changbaiensis	5264.0	1338	127	124	1168	0.9621	0.7741
EU443729	1360	6800	Unclassified Thermoanaerobacterales	Thermovenabulum gondwanense	EF100908	1482	7410	Unclassified Thermoanaerobacterales	Caldicellulosiruptor hydrothermalis	5335.0	1357	153	129	1186	0.9658	0.7846
EU443729	1360	6800	Unclassified Thermoanaerobacterales	Thermovenabulum gondwanense	L09169	1552	7742	Unclassified Thermoanaerobacterales	Thermoanaerobacterium saccharolyticum	5238.0	1356	165	138	1174	0.9639	0.7703
EU443729	1360	6800	Unclassified Thermoanaerobacterales	Thermovenabulum gondwanense	CP001393	1533	7665	Unclassified Thermoanaerobacterales	Caldicellulosiruptor bescii	5377.0	1360	149	124	1193	0.9652	0.7907
EU443729	1360	6800	Unclassified Thermoanaerobacterales	Thermovenabulum gondwanense	AY703478	1386	6930	Unclassified Thermoanaerobacterales	Thermosediminibacter oceani	5941.0	1312	53	52	1238	0.9825	0.8737
EU443729	1360	6800	Unclassified Thermoanaerobacterales	Thermovenabulum gondwanense	AY772476	1421	7105	Unclassified Thermoanaerobacterales	Caldicellulosiruptor acetigenus	5168.0	1320	151	128	1151	0.9656	0.7600
EU443729	1360	6800	Unclassified Thermoanaerobacterales	Thermovenabulum gondwanense	FR870449	1488	7440	Unclassified Thermoanaerobacterales	Thermoanaerobacterium thermosaccharolyticum	5157.0	1339	128	144	1151	0.9632	0.7584
EU443729	1360	6800	Unclassified Thermoanaerobacterales	Thermovenabulum gondwanense	EF100909	1505	7525	Unclassified Thermoanaerobacterales	Caldicellulosiruptor kronotskyensis	5318.0	1357	157	133	1183	0.9665	0.7821
EU443729	1360	6800	Unclassified Thermoanaerobacterales	Thermovenabulum gondwanense	U80596	1539	7695	Unclassified Thermoanaerobacterales	Caldicellulosiruptor owensensis	5304.0	1360	163	135	1183	0.9657	0.7800
EU443729	1360	6800	Unclassified Thermoanaerobacterales	Thermovenabulum gondwanense	L09171	1574	7858	Unclassified Thermoanaerobacterales	Thermoanaerobacterium thermosulfurigenes	5228.0	1357	191	136	1177	0.9640	0.7688
EU443729	1360	6800	Unclassified Thermoanaerobacterales	Thermovenabulum gondwanense	AY703479	1402	7010	Unclassified Thermoanaerobacterales	Thermosediminibacter litoriperuensis	5877.0	1312	54	55	1230	0.9785	0.8643
EU443729	1360	6800	Unclassified Thermoanaerobacterales	Thermovenabulum gondwanense	AY331143	1531	7655	Unclassified Thermoanaerobacterales	Mahella australiensis	5224.0	1360	153	146	1171	0.9646	0.7682
EU443729	1360	6800	Unclassified Thermoanaerobacterales	Thermovenabulum gondwanense	L09172	1581	7851	Unclassified Thermoanaerobacterales	Thermoanaerobacterium xylanolyticum	5208.0	1357	194	136	1175	0.9623	0.7659
EU443729	1360	6800	Unclassified Thermoanaerobacterales	Thermovenabulum gondwanense	AY033493	1465	7253	Unclassified Thermoanaerobacterales	Thermovenabulum ferriorganovorum	6475.0	1360	17	12	1320	0.9792	0.9522
FM999998	1366	6830	Unclassified Thermoanaerobacterales	Thermoanaerobacterium thermostercoris	AY350594	1442	7210	Unclassified Thermoanaerobacterales	Thermoanaerobacterium aciditolerans	6596.0	1366	12	18	1337	0.9918	0.9657
FM999998	1366	6830	Unclassified Thermoanaerobacterales	Thermoanaerobacterium thermostercoris	EU386162	1416	7074	Unclassified Thermoanaerobacterales	Syntrophaceticus schinkii	5255.0	1347	132	119	1174	0.9560	0.7694
FM999998	1366	6830	Unclassified Thermoanaerobacterales	Thermoanaerobacterium thermostercoris	JX280492	1429	7145	Unclassified Thermoanaerobacterales	Caldicellulosiruptor changbaiensis	5289.0	1366	152	133	1184	0.9603	0.7744
FM999998	1366	6830	Unclassified Thermoanaerobacterales	Thermoanaerobacterium thermostercoris	EF100908	1482	7410	Unclassified Thermoanaerobacterales	Caldicellulosiruptor hydrothermalis	5276.0	1365	172	135	1184	0.9626	0.7725
FM999998	1366	6830	Unclassified Thermoanaerobacterales	Thermoanaerobacterium thermostercoris	L09169	1552	7742	Unclassified Thermoanaerobacterales	Thermoanaerobacterium saccharolyticum	6563.0	1366	21	19	1334	0.9903	0.9609
FM999998	1366	6830	Unclassified Thermoanaerobacterales	Thermoanaerobacterium thermostercoris	CP001393	1533	7665	Unclassified Thermoanaerobacterales	Caldicellulosiruptor bescii	5279.0	1366	212	123	1193	0.9598	0.7729
FM999998	1366	6830	Unclassified Thermoanaerobacterales	Thermoanaerobacterium thermostercoris	AY703478	1386	6930	Unclassified Thermoanaerobacterales	Thermosediminibacter oceani	5205.0	1361	139	140	1168	0.9566	0.7621
FM999998	1366	6830	Unclassified Thermoanaerobacterales	Thermoanaerobacterium thermostercoris	AY772476	1421	7105	Unclassified Thermoanaerobacterales	Caldicellulosiruptor acetigenus	5264.0	1366	152	138	1179	0.9601	0.7707
FM999998	1366	6830	Unclassified Thermoanaerobacterales	Thermoanaerobacterium thermostercoris	FR870449	1488	7440	Unclassified Thermoanaerobacterales	Thermoanaerobacterium thermosaccharolyticum	6617.0	1366	10	12	1341	0.9904	0.9688
FM999998	1366	6830	Unclassified Thermoanaerobacterales	Thermoanaerobacterium thermostercoris	EF100909	1505	7525	Unclassified Thermoanaerobacterales	Caldicellulosiruptor kronotskyensis	5286.0	1365	193	126	1191	0.9613	0.7739
FM999998	1366	6830	Unclassified Thermoanaerobacterales	Thermoanaerobacterium thermostercoris	U80596	1539	7695	Unclassified Thermoanaerobacterales	Caldicellulosiruptor owensensis	5292.0	1366	219	123	1196	0.9622	0.7748
FM999998	1366	6830	Unclassified Thermoanaerobacterales	Thermoanaerobacterium thermostercoris	L09171	1574	7858	Unclassified Thermoanaerobacterales	Thermoanaerobacterium thermosulfurigenes	6544.0	1366	27	26	1331	0.9933	0.9581
FM999998	1366	6830	Unclassified Thermoanaerobacterales	Thermoanaerobacterium thermostercoris	AY703479	1402	7010	Unclassified Thermoanaerobacterales	Thermosediminibacter litoriperuensis	5227.0	1359	156	133	1175	0.9584	0.7653
FM999998	1366	6830	Unclassified Thermoanaerobacterales	Thermoanaerobacterium thermostercoris	AY331143	1531	7655	Unclassified Thermoanaerobacterales	Mahella australiensis	5469.0	1366	135	100	1210	0.9558	0.8007
FM999998	1366	6830	Unclassified Thermoanaerobacterales	Thermoanaerobacterium thermostercoris	L09172	1581	7851	Unclassified Thermoanaerobacterales	Thermoanaerobacterium xylanolyticum	6519.0	1366	27	26	1328	0.9910	0.9545
FM999998	1366	6830	Unclassified Thermoanaerobacterales	Thermoanaerobacterium thermostercoris	AY033493	1465	7253	Unclassified Thermoanaerobacterales	Thermovenabulum ferriorganovorum	5284.0	1365	151	129	1181	0.9555	0.7736
AY350594	1442	7210	Unclassified Thermoanaerobacterales	Thermoanaerobacterium aciditolerans	EU386162	1416	7074	Unclassified Thermoanaerobacterales	Syntrophaceticus schinkii	5498.0	1395	139	118	1224	0.9585	0.7772
AY350594	1442	7210	Unclassified Thermoanaerobacterales	Thermoanaerobacterium aciditolerans	JX280492	1429	7145	Unclassified Thermoanaerobacterales	Caldicellulosiruptor changbaiensis	5443.0	1434	152	158	1224	0.9592	0.7618
AY350594	1442	7210	Unclassified Thermoanaerobacterales	Thermoanaerobacterium aciditolerans	EF100908	1482	7410	Unclassified Thermoanaerobacterales	Caldicellulosiruptor hydrothermalis	5602.0	1442	174	139	1253	0.9616	0.7770
AY350594	1442	7210	Unclassified Thermoanaerobacterales	Thermoanaerobacterium aciditolerans	L09169	1552	7742	Unclassified Thermoanaerobacterales	Thermoanaerobacterium saccharolyticum	6966.0	1441	59	12	1419	0.9930	0.9662
AY350594	1442	7210	Unclassified Thermoanaerobacterales	Thermoanaerobacterium aciditolerans	CP001393	1533	7665	Unclassified Thermoanaerobacterales	Caldicellulosiruptor bescii	5604.0	1442	192	133	1258	0.9610	0.7773
AY350594	1442	7210	Unclassified Thermoanaerobacterales	Thermoanaerobacterium aciditolerans	AY703478	1386	6930	Unclassified Thermoanaerobacterales	Thermosediminibacter oceani	5313.0	1381	147	142	1189	0.9596	0.7667
AY350594	1442	7210	Unclassified Thermoanaerobacterales	Thermoanaerobacterium aciditolerans	AY772476	1421	7105	Unclassified Thermoanaerobacterales	Caldicellulosiruptor acetigenus	5376.0	1436	157	173	1213	0.9604	0.7567
AY350594	1442	7210	Unclassified Thermoanaerobacterales	Thermoanaerobacterium aciditolerans	FR870449	1488	7440	Unclassified Thermoanaerobacterales	Thermoanaerobacterium thermosaccharolyticum	6921.0	1424	19	15	1401	0.9943	0.9599
AY350594	1442	7210	Unclassified Thermoanaerobacterales	Thermoanaerobacterium aciditolerans	EF100909	1505	7525	Unclassified Thermoanaerobacterales	Caldicellulosiruptor kronotskyensis	5609.0	1442	190	133	1259	0.9618	0.7779
AY350594	1442	7210	Unclassified Thermoanaerobacterales	Thermoanaerobacterium aciditolerans	U80596	1539	7695	Unclassified Thermoanaerobacterales	Caldicellulosiruptor owensensis	5611.0	1442	207	131	1261	0.9619	0.7782
AY350594	1442	7210	Unclassified Thermoanaerobacterales	Thermoanaerobacterium aciditolerans	L09171	1574	7858	Unclassified Thermoanaerobacterales	Thermoanaerobacterium thermosulfurigenes	6990.0	1442	83	8	1426	0.9944	0.9695
AY350594	1442	7210	Unclassified Thermoanaerobacterales	Thermoanaerobacterium aciditolerans	AY703479	1402	7010	Unclassified Thermoanaerobacterales	Thermosediminibacter litoriperuensis	5345.0	1429	141	168	1206	0.9564	0.7625
AY350594	1442	7210	Unclassified Thermoanaerobacterales	Thermoanaerobacterium aciditolerans	AY331143	1531	7655	Unclassified Thermoanaerobacterales	Mahella australiensis	5781.0	1442	142	111	1277	0.9594	0.8018
AY350594	1442	7210	Unclassified Thermoanaerobacterales	Thermoanaerobacterium aciditolerans	L09172	1581	7851	Unclassified Thermoanaerobacterales	Thermoanaerobacterium xylanolyticum	6962.0	1442	86	8	1423	0.9923	0.9656
AY350594	1442	7210	Unclassified Thermoanaerobacterales	Thermoanaerobacterium aciditolerans	AY033493	1465	7253	Unclassified Thermoanaerobacterales	Thermovenabulum ferriorganovorum	5593.0	1436	158	132	1246	0.9555	0.7757
EU386162	1416	7074	Unclassified Thermoanaerobacterales	Syntrophaceticus schinkii	JX280492	1429	7145	Unclassified Thermoanaerobacterales	Caldicellulosiruptor changbaiensis	5407.0	1411	159	143	1216	0.9590	0.7643
EU386162	1416	7074	Unclassified Thermoanaerobacterales	Syntrophaceticus schinkii	EF100908	1482	7410	Unclassified Thermoanaerobacterales	Caldicellulosiruptor hydrothermalis	5431.0	1416	170	140	1223	0.9585	0.7677
EU386162	1416	7074	Unclassified Thermoanaerobacterales	Syntrophaceticus schinkii	L09169	1552	7742	Unclassified Thermoanaerobacterales	Thermoanaerobacterium saccharolyticum	5468.0	1416	162	136	1227	0.9586	0.7730
EU386162	1416	7074	Unclassified Thermoanaerobacterales	Syntrophaceticus schinkii	CP001393	1533	7665	Unclassified Thermoanaerobacterales	Caldicellulosiruptor bescii	5455.0	1416	165	133	1226	0.9556	0.7711
EU386162	1416	7074	Unclassified Thermoanaerobacterales	Syntrophaceticus schinkii	AY703478	1386	6930	Unclassified Thermoanaerobacterales	Thermosediminibacter oceani	5348.0	1385	135	134	1196	0.9560	0.7717
EU386162	1416	7074	Unclassified Thermoanaerobacterales	Syntrophaceticus schinkii	AY772476	1421	7105	Unclassified Thermoanaerobacterales	Caldicellulosiruptor acetigenus	5313.0	1392	169	140	1199	0.9577	0.7511
EU386162	1416	7074	Unclassified Thermoanaerobacterales	Syntrophaceticus schinkii	FR870449	1488	7440	Unclassified Thermoanaerobacterales	Thermoanaerobacterium thermosaccharolyticum	5501.0	1413	116	133	1224	0.9563	0.7776
EU386162	1416	7074	Unclassified Thermoanaerobacterales	Syntrophaceticus schinkii	EF100909	1505	7525	Unclassified Thermoanaerobacterales	Caldicellulosiruptor kronotskyensis	5454.0	1416	162	132	1226	0.9548	0.7710
EU386162	1416	7074	Unclassified Thermoanaerobacterales	Syntrophaceticus schinkii	U80596	1539	7695	Unclassified Thermoanaerobacterales	Caldicellulosiruptor owensensis	5464.0	1416	174	140	1226	0.9608	0.7724
EU386162	1416	7074	Unclassified Thermoanaerobacterales	Syntrophaceticus schinkii	L09171	1574	7858	Unclassified Thermoanaerobacterales	Thermoanaerobacterium thermosulfurigenes	5482.0	1416	185	131	1233	0.9595	0.7750
EU386162	1416	7074	Unclassified Thermoanaerobacterales	Syntrophaceticus schinkii	AY703479	1402	7010	Unclassified Thermoanaerobacterales	Thermosediminibacter litoriperuensis	5355.0	1386	151	137	1199	0.9600	0.7639
EU386162	1416	7074	Unclassified Thermoanaerobacterales	Syntrophaceticus schinkii	AY331143	1531	7655	Unclassified Thermoanaerobacterales	Mahella australiensis	5431.0	1416	151	145	1221	0.9607	0.7677
EU386162	1416	7074	Unclassified Thermoanaerobacterales	Syntrophaceticus schinkii	L09172	1581	7851	Unclassified Thermoanaerobacterales	Thermoanaerobacterium xylanolyticum	5461.0	1416	186	129	1231	0.9565	0.7720
EU386162	1416	7074	Unclassified Thermoanaerobacterales	Syntrophaceticus schinkii	AY033493	1465	7253	Unclassified Thermoanaerobacterales	Thermovenabulum ferriorganovorum	5544.0	1416	132	123	1228	0.9497	0.7837
JX280492	1429	7145	Unclassified Thermoanaerobacterales	Caldicellulosiruptor changbaiensis	EF100908	1482	7410	Unclassified Thermoanaerobacterales	Caldicellulosiruptor hydrothermalis	6676.0	1429	56	36	1377	0.9885	0.9344
JX280492	1429	7145	Unclassified Thermoanaerobacterales	Caldicellulosiruptor changbaiensis	L09169	1552	7742	Unclassified Thermoanaerobacterales	Thermoanaerobacterium saccharolyticum	5429.0	1428	207	140	1232	0.9565	0.7598
JX280492	1429	7145	Unclassified Thermoanaerobacterales	Caldicellulosiruptor changbaiensis	CP001393	1533	7665	Unclassified Thermoanaerobacterales	Caldicellulosiruptor bescii	6647.0	1429	77	35	1377	0.9878	0.9303
JX280492	1429	7145	Unclassified Thermoanaerobacterales	Caldicellulosiruptor changbaiensis	AY703478	1386	6930	Unclassified Thermoanaerobacterales	Thermosediminibacter oceani	5568.0	1414	121	149	1227	0.9700	0.8035
JX280492	1429	7145	Unclassified Thermoanaerobacterales	Caldicellulosiruptor changbaiensis	AY772476	1421	7105	Unclassified Thermoanaerobacterales	Caldicellulosiruptor acetigenus	6601.0	1407	51	37	1357	0.9905	0.9291
JX280492	1429	7145	Unclassified Thermoanaerobacterales	Caldicellulosiruptor changbaiensis	FR870449	1488	7440	Unclassified Thermoanaerobacterales	Thermoanaerobacterium thermosaccharolyticum	5489.0	1429	159	146	1231	0.9595	0.7682
JX280492	1429	7145	Unclassified Thermoanaerobacterales	Caldicellulosiruptor changbaiensis	EF100909	1505	7525	Unclassified Thermoanaerobacterales	Caldicellulosiruptor kronotskyensis	6644.0	1429	75	35	1376	0.9871	0.9299
JX280492	1429	7145	Unclassified Thermoanaerobacterales	Caldicellulosiruptor changbaiensis	U80596	1539	7695	Unclassified Thermoanaerobacterales	Caldicellulosiruptor owensensis	6668.0	1429	83	39	1379	0.9921	0.9332
JX280492	1429	7145	Unclassified Thermoanaerobacterales	Caldicellulosiruptor changbaiensis	L09171	1574	7858	Unclassified Thermoanaerobacterales	Thermoanaerobacterium thermosulfurigenes	5467.0	1428	232	137	1240	0.9605	0.7652
JX280492	1429	7145	Unclassified Thermoanaerobacterales	Caldicellulosiruptor changbaiensis	AY703479	1402	7010	Unclassified Thermoanaerobacterales	Thermosediminibacter litoriperuensis	5595.0	1416	130	144	1234	0.9701	0.7981
JX280492	1429	7145	Unclassified Thermoanaerobacterales	Caldicellulosiruptor changbaiensis	AY331143	1531	7655	Unclassified Thermoanaerobacterales	Mahella australiensis	5492.0	1429	188	152	1235	0.9671	0.7686
JX280492	1429	7145	Unclassified Thermoanaerobacterales	Caldicellulosiruptor changbaiensis	L09172	1581	7851	Unclassified Thermoanaerobacterales	Thermoanaerobacterium xylanolyticum	5431.0	1428	239	141	1236	0.9604	0.7601
JX280492	1429	7145	Unclassified Thermoanaerobacterales	Caldicellulosiruptor changbaiensis	AY033493	1465	7253	Unclassified Thermoanaerobacterales	Thermovenabulum ferriorganovorum	5667.0	1429	125	123	1249	0.9564	0.7931
EF100908	1482	7410	Unclassified Thermoanaerobacterales	Caldicellulosiruptor hydrothermalis	L09169	1552	7742	Unclassified Thermoanaerobacterales	Thermoanaerobacterium saccharolyticum	5659.0	1480	176	160	1270	0.9621	0.7637
EF100908	1482	7410	Unclassified Thermoanaerobacterales	Caldicellulosiruptor hydrothermalis	CP001393	1533	7665	Unclassified Thermoanaerobacterales	Caldicellulosiruptor bescii	7218.0	1481	19	17	1459	0.9966	0.9741
EF100908	1482	7410	Unclassified Thermoanaerobacterales	Caldicellulosiruptor hydrothermalis	AY703478	1386	6930	Unclassified Thermoanaerobacterales	Thermosediminibacter oceani	5548.0	1423	117	155	1225	0.9661	0.8006
EF100908	1482	7410	Unclassified Thermoanaerobacterales	Caldicellulosiruptor hydrothermalis	AY772476	1421	7105	Unclassified Thermoanaerobacterales	Caldicellulosiruptor acetigenus	6849.0	1422	20	21	1391	0.9929	0.9640
EF100908	1482	7410	Unclassified Thermoanaerobacterales	Caldicellulosiruptor hydrothermalis	FR870449	1488	7440	Unclassified Thermoanaerobacterales	Thermoanaerobacterium thermosaccharolyticum	5594.0	1463	138	165	1249	0.9622	0.7549
EF100908	1482	7410	Unclassified Thermoanaerobacterales	Caldicellulosiruptor hydrothermalis	EF100909	1505	7525	Unclassified Thermoanaerobacterales	Caldicellulosiruptor kronotskyensis	7194.0	1482	13	13	1457	0.9918	0.9709
EF100908	1482	7410	Unclassified Thermoanaerobacterales	Caldicellulosiruptor hydrothermalis	U80596	1539	7695	Unclassified Thermoanaerobacterales	Caldicellulosiruptor owensensis	7092.0	1481	27	23	1445	0.9911	0.9571
EF100908	1482	7410	Unclassified Thermoanaerobacterales	Caldicellulosiruptor hydrothermalis	L09171	1574	7858	Unclassified Thermoanaerobacterales	Thermoanaerobacterium thermosulfurigenes	5649.0	1481	203	159	1273	0.9629	0.7623
EF100908	1482	7410	Unclassified Thermoanaerobacterales	Caldicellulosiruptor hydrothermalis	AY703479	1402	7010	Unclassified Thermoanaerobacterales	Thermosediminibacter litoriperuensis	5580.0	1429	124	151	1234	0.9656	0.7960
EF100908	1482	7410	Unclassified Thermoanaerobacterales	Caldicellulosiruptor hydrothermalis	AY331143	1531	7655	Unclassified Thermoanaerobacterales	Mahella australiensis	5647.0	1481	165	169	1266	0.9649	0.7621
EF100908	1482	7410	Unclassified Thermoanaerobacterales	Caldicellulosiruptor hydrothermalis	L09172	1581	7851	Unclassified Thermoanaerobacterales	Thermoanaerobacterium xylanolyticum	5623.0	1481	207	160	1270	0.9614	0.7588
EF100908	1482	7410	Unclassified Thermoanaerobacterales	Caldicellulosiruptor hydrothermalis	AY033493	1465	7253	Unclassified Thermoanaerobacterales	Thermovenabulum ferriorganovorum	5789.0	1480	127	145	1278	0.9573	0.7982
L09169	1552	7742	Unclassified Thermoanaerobacterales	Thermoanaerobacterium saccharolyticum	CP001393	1533	7665	Unclassified Thermoanaerobacterales	Caldicellulosiruptor bescii	5865.0	1543	161	175	1314	0.9605	0.7652
L09169	1552	7742	Unclassified Thermoanaerobacterales	Thermoanaerobacterium saccharolyticum	AY703478	1386	6930	Unclassified Thermoanaerobacterales	Thermosediminibacter oceani	5319.0	1428	141	183	1197	0.9614	0.7675
L09169	1552	7742	Unclassified Thermoanaerobacterales	Thermoanaerobacterium saccharolyticum	AY772476	1421	7105	Unclassified Thermoanaerobacterales	Caldicellulosiruptor acetigenus	5375.0	1449	154	182	1215	0.9590	0.7565
L09169	1552	7742	Unclassified Thermoanaerobacterales	Thermoanaerobacterium saccharolyticum	FR870449	1488	7440	Unclassified Thermoanaerobacterales	Thermoanaerobacterium thermosaccharolyticum	7083.0	1531	16	59	1452	0.9864	0.9520
L09169	1552	7742	Unclassified Thermoanaerobacterales	Thermoanaerobacterium saccharolyticum	EF100909	1505	7525	Unclassified Thermoanaerobacterales	Caldicellulosiruptor kronotskyensis	5764.0	1519	160	176	1292	0.9620	0.7660
L09169	1552	7742	Unclassified Thermoanaerobacterales	Thermoanaerobacterium saccharolyticum	U80596	1539	7695	Unclassified Thermoanaerobacterales	Caldicellulosiruptor owensensis	5895.0	1547	161	173	1320	0.9607	0.7661
L09169	1552	7742	Unclassified Thermoanaerobacterales	Thermoanaerobacterium saccharolyticum	L09171	1574	7858	Unclassified Thermoanaerobacterales	Thermoanaerobacterium thermosulfurigenes	7467.0	1545	39	11	1518	0.9896	0.9645
L09169	1552	7742	Unclassified Thermoanaerobacterales	Thermoanaerobacterium saccharolyticum	AY703479	1402	7010	Unclassified Thermoanaerobacterales	Thermosediminibacter litoriperuensis	5333.0	1477	141	216	1211	0.9603	0.7608
L09169	1552	7742	Unclassified Thermoanaerobacterales	Thermoanaerobacterium saccharolyticum	AY331143	1531	7655	Unclassified Thermoanaerobacterales	Mahella australiensis	6102.0	1547	122	142	1346	0.9580	0.7971
L09169	1552	7742	Unclassified Thermoanaerobacterales	Thermoanaerobacterium saccharolyticum	L09172	1581	7851	Unclassified Thermoanaerobacterales	Thermoanaerobacterium xylanolyticum	7466.0	1549	43	12	1521	0.9896	0.9644
L09169	1552	7742	Unclassified Thermoanaerobacterales	Thermoanaerobacterium saccharolyticum	AY033493	1465	7253	Unclassified Thermoanaerobacterales	Thermovenabulum ferriorganovorum	5601.0	1495	141	175	1257	0.9523	0.7722
CP001393	1533	7665	Unclassified Thermoanaerobacterales	Caldicellulosiruptor bescii	AY703478	1386	6930	Unclassified Thermoanaerobacterales	Thermosediminibacter oceani	5543.0	1410	118	144	1223	0.9660	0.7999
CP001393	1533	7665	Unclassified Thermoanaerobacterales	Caldicellulosiruptor bescii	AY772476	1421	7105	Unclassified Thermoanaerobacterales	Caldicellulosiruptor acetigenus	6836.0	1425	22	26	1390	0.9936	0.9621
CP001393	1533	7665	Unclassified Thermoanaerobacterales	Caldicellulosiruptor bescii	FR870449	1488	7440	Unclassified Thermoanaerobacterales	Thermoanaerobacterium thermosaccharolyticum	5800.0	1512	137	166	1293	0.9606	0.7796
CP001393	1533	7665	Unclassified Thermoanaerobacterales	Caldicellulosiruptor bescii	EF100909	1505	7525	Unclassified Thermoanaerobacterales	Caldicellulosiruptor kronotskyensis	7294.0	1506	14	16	1478	0.9919	0.9693
CP001393	1533	7665	Unclassified Thermoanaerobacterales	Caldicellulosiruptor bescii	U80596	1539	7695	Unclassified Thermoanaerobacterales	Caldicellulosiruptor owensensis	7291.0	1533	32	30	1489	0.9907	0.9512
CP001393	1533	7665	Unclassified Thermoanaerobacterales	Caldicellulosiruptor bescii	L09171	1574	7858	Unclassified Thermoanaerobacterales	Thermoanaerobacterium thermosulfurigenes	5869.0	1530	202	160	1319	0.9628	0.7657
CP001393	1533	7665	Unclassified Thermoanaerobacterales	Caldicellulosiruptor bescii	AY703479	1402	7010	Unclassified Thermoanaerobacterales	Thermosediminibacter litoriperuensis	5600.0	1431	121	150	1237	0.9657	0.7989
CP001393	1533	7665	Unclassified Thermoanaerobacterales	Caldicellulosiruptor bescii	AY331143	1531	7655	Unclassified Thermoanaerobacterales	Mahella australiensis	5888.0	1533	168	174	1315	0.9676	0.7692
CP001393	1533	7665	Unclassified Thermoanaerobacterales	Caldicellulosiruptor bescii	L09172	1581	7851	Unclassified Thermoanaerobacterales	Thermoanaerobacterium xylanolyticum	5827.0	1530	208	163	1314	0.9612	0.7602
CP001393	1533	7665	Unclassified Thermoanaerobacterales	Caldicellulosiruptor bescii	AY033493	1465	7253	Unclassified Thermoanaerobacterales	Thermovenabulum ferriorganovorum	5838.0	1485	121	141	1285	0.9561	0.8049
AY703478	1386	6930	Unclassified Thermoanaerobacterales	Thermosediminibacter oceani	AY772476	1421	7105	Unclassified Thermoanaerobacterales	Caldicellulosiruptor acetigenus	5541.0	1384	141	117	1222	0.9645	0.7996
AY703478	1386	6930	Unclassified Thermoanaerobacterales	Thermosediminibacter oceani	FR870449	1488	7440	Unclassified Thermoanaerobacterales	Thermoanaerobacterium thermosaccharolyticum	5321.0	1386	144	145	1192	0.9605	0.7678
AY703478	1386	6930	Unclassified Thermoanaerobacterales	Thermosediminibacter oceani	EF100909	1505	7525	Unclassified Thermoanaerobacterales	Caldicellulosiruptor kronotskyensis	5514.0	1385	157	119	1221	0.9645	0.7957
AY703478	1386	6930	Unclassified Thermoanaerobacterales	Thermosediminibacter oceani	U80596	1539	7695	Unclassified Thermoanaerobacterales	Caldicellulosiruptor owensensis	5538.0	1385	162	120	1224	0.9676	0.7991
AY703478	1386	6930	Unclassified Thermoanaerobacterales	Thermosediminibacter oceani	L09171	1574	7858	Unclassified Thermoanaerobacterales	Thermoanaerobacterium thermosulfurigenes	5316.0	1386	206	136	1201	0.9608	0.7671
AY703478	1386	6930	Unclassified Thermoanaerobacterales	Thermosediminibacter oceani	AY703479	1402	7010	Unclassified Thermoanaerobacterales	Thermosediminibacter litoriperuensis	6731.0	1386	6	8	1363	0.9891	0.9713
AY703478	1386	6930	Unclassified Thermoanaerobacterales	Thermosediminibacter oceani	AY331143	1531	7655	Unclassified Thermoanaerobacterales	Mahella australiensis	5240.0	1386	204	154	1191	0.9667	0.7561
AY703478	1386	6930	Unclassified Thermoanaerobacterales	Thermosediminibacter oceani	L09172	1581	7851	Unclassified Thermoanaerobacterales	Thermoanaerobacterium xylanolyticum	5298.0	1386	209	136	1199	0.9592	0.7645
AY703478	1386	6930	Unclassified Thermoanaerobacterales	Thermosediminibacter oceani	AY033493	1465	7253	Unclassified Thermoanaerobacterales	Thermovenabulum ferriorganovorum	6169.0	1386	77	57	1294	0.9737	0.8902
AY772476	1421	7105	Unclassified Thermoanaerobacterales	Caldicellulosiruptor acetigenus	FR870449	1488	7440	Unclassified Thermoanaerobacterales	Thermoanaerobacterium thermosaccharolyticum	5425.0	1419	154	152	1217	0.9605	0.7635
AY772476	1421	7105	Unclassified Thermoanaerobacterales	Caldicellulosiruptor acetigenus	EF100909	1505	7525	Unclassified Thermoanaerobacterales	Caldicellulosiruptor kronotskyensis	6873.0	1421	20	18	1394	0.9936	0.9673
AY772476	1421	7105	Unclassified Thermoanaerobacterales	Caldicellulosiruptor acetigenus	U80596	1539	7695	Unclassified Thermoanaerobacterales	Caldicellulosiruptor owensensis	6786.0	1421	35	29	1384	0.9943	0.9551
AY772476	1421	7105	Unclassified Thermoanaerobacterales	Caldicellulosiruptor acetigenus	L09171	1574	7858	Unclassified Thermoanaerobacterales	Thermoanaerobacterium thermosulfurigenes	5390.0	1421	205	149	1221	0.9599	0.7586
AY772476	1421	7105	Unclassified Thermoanaerobacterales	Caldicellulosiruptor acetigenus	AY703479	1402	7010	Unclassified Thermoanaerobacterales	Thermosediminibacter litoriperuensis	5542.0	1420	123	153	1225	0.9669	0.7906
AY772476	1421	7105	Unclassified Thermoanaerobacterales	Caldicellulosiruptor acetigenus	AY331143	1531	7655	Unclassified Thermoanaerobacterales	Mahella australiensis	5389.0	1421	187	165	1215	0.9674	0.7585
AY772476	1421	7105	Unclassified Thermoanaerobacterales	Caldicellulosiruptor acetigenus	L09172	1581	7851	Unclassified Thermoanaerobacterales	Thermoanaerobacterium xylanolyticum	5358.0	1421	211	152	1218	0.9598	0.7541
AY772476	1421	7105	Unclassified Thermoanaerobacterales	Caldicellulosiruptor acetigenus	AY033493	1465	7253	Unclassified Thermoanaerobacterales	Thermovenabulum ferriorganovorum	5534.0	1421	125	141	1224	0.9563	0.7789
FR870449	1488	7440	Unclassified Thermoanaerobacterales	Thermoanaerobacterium thermosaccharolyticum	EF100909	1505	7525	Unclassified Thermoanaerobacterales	Caldicellulosiruptor kronotskyensis	5703.0	1459	165	138	1272	0.9629	0.7665
FR870449	1488	7440	Unclassified Thermoanaerobacterales	Thermoanaerobacterium thermosaccharolyticum	U80596	1539	7695	Unclassified Thermoanaerobacterales	Caldicellulosiruptor owensensis	5831.0	1487	170	139	1298	0.9629	0.7837
FR870449	1488	7440	Unclassified Thermoanaerobacterales	Thermoanaerobacterium thermosaccharolyticum	L09171	1574	7858	Unclassified Thermoanaerobacterales	Thermoanaerobacterium thermosulfurigenes	7104.0	1485	91	20	1456	0.9939	0.9548
FR870449	1488	7440	Unclassified Thermoanaerobacterales	Thermoanaerobacterium thermosaccharolyticum	AY703479	1402	7010	Unclassified Thermoanaerobacterales	Thermosediminibacter litoriperuensis	5347.0	1402	148	148	1202	0.9585	0.7628
FR870449	1488	7440	Unclassified Thermoanaerobacterales	Thermoanaerobacterium thermosaccharolyticum	AY331143	1531	7655	Unclassified Thermoanaerobacterales	Mahella australiensis	6039.0	1487	131	108	1325	0.9608	0.8117
FR870449	1488	7440	Unclassified Thermoanaerobacterales	Thermoanaerobacterium thermosaccharolyticum	L09172	1581	7851	Unclassified Thermoanaerobacterales	Thermoanaerobacterium xylanolyticum	7077.0	1488	97	23	1454	0.9925	0.9512
FR870449	1488	7440	Unclassified Thermoanaerobacterales	Thermoanaerobacterium thermosaccharolyticum	AY033493	1465	7253	Unclassified Thermoanaerobacterales	Thermovenabulum ferriorganovorum	5525.0	1435	150	141	1234	0.9536	0.7618
EF100909	1505	7525	Unclassified Thermoanaerobacterales	Caldicellulosiruptor kronotskyensis	U80596	1539	7695	Unclassified Thermoanaerobacterales	Caldicellulosiruptor owensensis	7173.0	1504	28	24	1464	0.9892	0.9532
EF100909	1505	7525	Unclassified Thermoanaerobacterales	Caldicellulosiruptor kronotskyensis	L09171	1574	7858	Unclassified Thermoanaerobacterales	Thermoanaerobacterium thermosulfurigenes	5767.0	1504	202	158	1297	0.9636	0.7664
EF100909	1505	7525	Unclassified Thermoanaerobacterales	Caldicellulosiruptor kronotskyensis	AY703479	1402	7010	Unclassified Thermoanaerobacterales	Thermosediminibacter litoriperuensis	5539.0	1429	132	159	1228	0.9669	0.7902
EF100909	1505	7525	Unclassified Thermoanaerobacterales	Caldicellulosiruptor kronotskyensis	AY331143	1531	7655	Unclassified Thermoanaerobacterales	Mahella australiensis	5765.0	1504	166	170	1289	0.9663	0.7661
EF100909	1505	7525	Unclassified Thermoanaerobacterales	Caldicellulosiruptor kronotskyensis	L09172	1581	7851	Unclassified Thermoanaerobacterales	Thermoanaerobacterium xylanolyticum	5720.0	1504	214	162	1292	0.9627	0.7601
EF100909	1505	7525	Unclassified Thermoanaerobacterales	Caldicellulosiruptor kronotskyensis	AY033493	1465	7253	Unclassified Thermoanaerobacterales	Thermovenabulum ferriorganovorum	5783.0	1480	128	146	1277	0.9573	0.7973
U80596	1539	7695	Unclassified Thermoanaerobacterales	Caldicellulosiruptor owensensis	L09171	1574	7858	Unclassified Thermoanaerobacterales	Thermoanaerobacterium thermosulfurigenes	5890.0	1534	200	160	1323	0.9629	0.7654
U80596	1539	7695	Unclassified Thermoanaerobacterales	Caldicellulosiruptor owensensis	AY703479	1402	7010	Unclassified Thermoanaerobacterales	Thermosediminibacter litoriperuensis	5600.0	1433	123	154	1237	0.9672	0.7989
U80596	1539	7695	Unclassified Thermoanaerobacterales	Caldicellulosiruptor owensensis	AY331143	1531	7655	Unclassified Thermoanaerobacterales	Mahella australiensis	5887.0	1539	172	180	1317	0.9691	0.7690
U80596	1539	7695	Unclassified Thermoanaerobacterales	Caldicellulosiruptor owensensis	L09172	1581	7851	Unclassified Thermoanaerobacterales	Thermoanaerobacterium xylanolyticum	5860.0	1536	206	163	1321	0.9621	0.7615
U80596	1539	7695	Unclassified Thermoanaerobacterales	Caldicellulosiruptor owensensis	AY033493	1465	7253	Unclassified Thermoanaerobacterales	Thermovenabulum ferriorganovorum	5759.0	1487	140	162	1275	0.9623	0.7940
L09171	1574	7858	Unclassified Thermoanaerobacterales	Thermoanaerobacterium thermosulfurigenes	AY703479	1402	7010	Unclassified Thermoanaerobacterales	Thermosediminibacter litoriperuensis	5330.0	1423	147	169	1202	0.9585	0.7603
L09171	1574	7858	Unclassified Thermoanaerobacterales	Thermoanaerobacterium thermosulfurigenes	AY331143	1531	7655	Unclassified Thermoanaerobacterales	Mahella australiensis	6129.0	1574	116	164	1354	0.9603	0.8007
L09171	1574	7858	Unclassified Thermoanaerobacterales	Thermoanaerobacterium thermosulfurigenes	L09172	1581	7851	Unclassified Thermoanaerobacterales	Thermoanaerobacterium xylanolyticum	7713.0	1574	13	10	1555	0.9942	0.9824
L09171	1574	7858	Unclassified Thermoanaerobacterales	Thermoanaerobacterium thermosulfurigenes	AY033493	1465	7253	Unclassified Thermoanaerobacterales	Thermovenabulum ferriorganovorum	5606.0	1524	137	199	1262	0.9525	0.7729
AY703479	1402	7010	Unclassified Thermoanaerobacterales	Thermosediminibacter litoriperuensis	AY331143	1531	7655	Unclassified Thermoanaerobacterales	Mahella australiensis	5304.0	1402	214	158	1205	0.9686	0.7566
AY703479	1402	7010	Unclassified Thermoanaerobacterales	Thermosediminibacter litoriperuensis	L09172	1581	7851	Unclassified Thermoanaerobacterales	Thermoanaerobacterium xylanolyticum	5308.0	1402	216	142	1207	0.9579	0.7572
AY703479	1402	7010	Unclassified Thermoanaerobacterales	Thermosediminibacter litoriperuensis	AY033493	1465	7253	Unclassified Thermoanaerobacterales	Thermovenabulum ferriorganovorum	6213.0	1402	70	61	1304	0.9724	0.8863
AY331143	1531	7655	Unclassified Thermoanaerobacterales	Mahella australiensis	L09172	1581	7851	Unclassified Thermoanaerobacterales	Thermoanaerobacterium xylanolyticum	6087.0	1528	172	121	1350	0.9595	0.7952
AY331143	1531	7655	Unclassified Thermoanaerobacterales	Mahella australiensis	AY033493	1465	7253	Unclassified Thermoanaerobacterales	Thermovenabulum ferriorganovorum	5601.0	1479	160	174	1256	0.9625	0.7722
L09172	1581	7851	Unclassified Thermoanaerobacterales	Thermoanaerobacterium xylanolyticum	AY033493	1465	7253	Unclassified Thermoanaerobacterales	Thermovenabulum ferriorganovorum	5586.0	1527	137	202	1260	0.9509	0.7702
