AF137506	1481	7405	Comamonadaceae	Acidovorax citrulli	FJ599672	1433	7165	Comamonadaceae	Acidovorax soli	6926.0	1430	10	12	1404	0.9901269393511989	0.9929971988795518	0.9818181818181818	0.9668181818181818	0.9666434
AF137506	1481	7405	Comamonadaceae	Acidovorax citrulli	AJ431731	1492	7448	Comamonadaceae	Acidovorax valerianellae	7089.0	1474	12	14	1441	0.986986301369863	0.9918478260869565	0.9776119402985075	0.960507020750889	0.9573261
AF137506	1481	7405	Comamonadaceae	Acidovorax citrulli	AF137505	1481	7405	Comamonadaceae	Acidovorax avenae	7378.0	1481	0	0	1478	0.9979743416610398	1.0	0.9979743416610398	0.9979743416610398	0.9963538
AF137506	1481	7405	Comamonadaceae	Acidovorax citrulli	Y18616	1526	7618	Comamonadaceae	Acidovorax defluvii	7056.0	1481	14	10	1442	0.9802855200543847	0.9932478055367995	0.9736664415935179	0.9580356759759631	0.95286965
AF137506	1481	7405	Comamonadaceae	Acidovorax citrulli	AF078766	1512	7560	Comamonadaceae	Acidovorax temperans	7205.0	1481	7	7	1458	0.989145183175034	0.9952734638757597	0.9844699527346388	0.9752074666202	0.9729912
AF137506	1481	7405	Comamonadaceae	Acidovorax citrulli	AF078765	1511	7555	Comamonadaceae	Acidovorax facilis	7134.0	1481	12	8	1451	0.9850644942294636	0.9945982444294396	0.9797434166103984	0.966618923420708	0.9634031
AF137506	1481	7405	Comamonadaceae	Acidovorax citrulli	AJ420325	1490	7444	Comamonadaceae	Acidovorax konjaci	7132.0	1472	17	17	1444	0.9924398625429554	0.9884510869565217	0.9809782608695652	0.9585784886267409	0.96313304
AF137506	1481	7405	Comamonadaceae	Acidovorax citrulli	JQ946365	1502	7510	Comamonadaceae	Acidovorax wautersii	7253.0	1481	4	4	1464	0.991198375084631	0.9972991222147198	0.9885212694125591	0.9831959023046126	0.97947335
AF137506	1481	7405	Comamonadaceae	Acidovorax citrulli	AF137504	1440	7200	Comamonadaceae	Acidovorax cattleyae	7191.0	1440	0	0	1439	0.9993055555555556	1.0	0.9993055555555556	0.9993055555555556	0.99875
AF137506	1481	7405	Comamonadaceae	Acidovorax citrulli	AJ007013	1486	7376	Comamonadaceae	Acidovorax anthurii	7045.0	1469	15	18	1431	0.9862164024810476	0.9897680763983628	0.9741320626276379	0.9524700962754061	0.95512474
AF137506	1481	7405	Comamonadaceae	Acidovorax citrulli	HM027578	1492	7460	Comamonadaceae	Acidovorax radicis	7067.0	1481	14	10	1443	0.9809653297076818	0.9932478055367995	0.974341661039838	0.9587000557789978	0.9543552
AF137506	1481	7405	Comamonadaceae	Acidovorax citrulli	AM084006	1518	7590	Comamonadaceae	Acidovorax caeni	7097.0	1481	16	16	1445	0.9863481228668942	0.9891964888588791	0.9756920999324781	0.9548356221784104	0.9584065
AF137506	1481	7405	Comamonadaceae	Acidovorax citrulli	AF078764	1515	7575	Comamonadaceae	Acidovorax delafieldii	7062.0	1481	18	14	1442	0.9829584185412407	0.9905469277515192	0.9736664415935179	0.9528810339010612	0.9536799
AF137506	1481	7405	Comamonadaceae	Acidovorax citrulli	DQ360414	1462	7310	Comamonadaceae	Acidovorax oryzae	7283.0	1462	0	0	1459	0.9979480164158687	1.0	0.9979480164158687	0.9979480164158687	0.9963064
FJ599672	1433	7165	Comamonadaceae	Acidovorax soli	AJ431731	1492	7448	Comamonadaceae	Acidovorax valerianellae	6890.0	1433	19	17	1401	0.989406779661017	0.9881367759944173	0.9776692254012561	0.9534294925400679	0.96161896
FJ599672	1433	7165	Comamonadaceae	Acidovorax soli	AF137505	1481	7405	Comamonadaceae	Acidovorax avenae	6935.0	1428	12	10	1405	0.9908321579689704	0.9929971988795518	0.9838935574229691	0.9688618502956738	0.9678995
FJ599672	1433	7165	Comamonadaceae	Acidovorax soli	Y18616	1526	7618	Comamonadaceae	Acidovorax defluvii	6932.0	1433	17	11	1407	0.989451476793249	0.9923237962316818	0.9818562456385206	0.9628962629641216	0.96748084
FJ599672	1433	7165	Comamonadaceae	Acidovorax soli	AF078766	1512	7560	Comamonadaceae	Acidovorax temperans	6964.0	1433	13	11	1410	0.9915611814345991	0.9923237962316818	0.9839497557571528	0.9676186394790258	0.97194695
FJ599672	1433	7165	Comamonadaceae	Acidovorax soli	AF078765	1511	7555	Comamonadaceae	Acidovorax facilis	6930.0	1433	16	10	1407	0.988756148981026	0.9930216329378926	0.9818562456385206	0.9642383972005623	0.96720165
FJ599672	1433	7165	Comamonadaceae	Acidovorax soli	AJ420325	1490	7444	Comamonadaceae	Acidovorax konjaci	6747.0	1420	25	24	1378	0.9871060171919771	0.9830985915492958	0.9704225352112676	0.9375154734636192	0.9416609
FJ599672	1433	7165	Comamonadaceae	Acidovorax soli	JQ946365	1502	7510	Comamonadaceae	Acidovorax wautersii	6968.0	1433	9	7	1411	0.9894810659186536	0.9951151430565248	0.9846475924633635	0.9737222377619671	0.9725052
FJ599672	1433	7165	Comamonadaceae	Acidovorax soli	AF137504	1440	7200	Comamonadaceae	Acidovorax cattleyae	6935.0	1428	12	10	1405	0.9908321579689704	0.9929971988795518	0.9838935574229691	0.9688618502956738	0.9678995
FJ599672	1433	7165	Comamonadaceae	Acidovorax soli	AJ007013	1486	7376	Comamonadaceae	Acidovorax anthurii	6772.0	1433	24	26	1384	0.9836531627576404	0.9832285115303984	0.9658060013956734	0.9326623500094114	0.94515
FJ599672	1433	7165	Comamonadaceae	Acidovorax soli	HM027578	1492	7460	Comamonadaceae	Acidovorax radicis	6890.0	1428	18	12	1400	0.9887005649717514	0.9915966386554622	0.9803921568627451	0.9600520706207795	0.96161896
FJ599672	1433	7165	Comamonadaceae	Acidovorax soli	AM084006	1518	7590	Comamonadaceae	Acidovorax caeni	6937.0	1433	13	11	1407	0.989451476793249	0.9923237962316818	0.9818562456385206	0.9655598764163045	0.96817863
FJ599672	1433	7165	Comamonadaceae	Acidovorax soli	AF078764	1515	7575	Comamonadaceae	Acidovorax delafieldii	6974.0	1433	13	7	1412	0.9901823281907434	0.9951151430565248	0.9853454291695743	0.9717168616845181	0.97334266
FJ599672	1433	7165	Comamonadaceae	Acidovorax soli	DQ360414	1462	7310	Comamonadaceae	Acidovorax oryzae	6935.0	1428	12	10	1405	0.9908321579689704	0.9929971988795518	0.9838935574229691	0.9688618502956738	0.9678995
AJ431731	1492	7448	Comamonadaceae	Acidovorax valerianellae	AF137505	1481	7405	Comamonadaceae	Acidovorax avenae	7105.0	1472	12	10	1443	0.9870041039671683	0.9932065217391305	0.9802989130434783	0.9657661798312435	0.95948684
AJ431731	1492	7448	Comamonadaceae	Acidovorax valerianellae	Y18616	1526	7618	Comamonadaceae	Acidovorax defluvii	7058.0	1492	30	24	1446	0.9850136239782016	0.9839142091152815	0.9691689008042895	0.9347831447967787	0.94763696
AJ431731	1492	7448	Comamonadaceae	Acidovorax valerianellae	AF078766	1512	7560	Comamonadaceae	Acidovorax temperans	7141.0	1492	19	19	1454	0.9871011541072641	0.9872654155495979	0.9745308310991957	0.950022444876979	0.9587809
AJ431731	1492	7448	Comamonadaceae	Acidovorax valerianellae	AF078765	1511	7555	Comamonadaceae	Acidovorax facilis	7149.0	1487	22	16	1454	0.9884432358939497	0.9892400806993947	0.9778076664425017	0.953184279215984	0.959855
AJ431731	1492	7448	Comamonadaceae	Acidovorax valerianellae	AJ420325	1490	7444	Comamonadaceae	Acidovorax konjaci	6941.0	1463	17	15	1420	0.9806629834254144	0.9897470950102529	0.9706083390293917	0.9496222127801075	0.9324288
AJ431731	1492	7448	Comamonadaceae	Acidovorax valerianellae	JQ946365	1502	7510	Comamonadaceae	Acidovorax wautersii	7225.0	1492	10	8	1465	0.9871967654986523	0.9946380697050938	0.9819034852546917	0.9701363329680176	0.9700591
AJ431731	1492	7448	Comamonadaceae	Acidovorax valerianellae	AF137504	1440	7200	Comamonadaceae	Acidovorax cattleyae	6949.0	1440	11	11	1411	0.9874037788663401	0.9923611111111111	0.9798611111111111	0.965004498813079	0.9651389
AJ431731	1492	7448	Comamonadaceae	Acidovorax valerianellae	AJ007013	1486	7376	Comamonadaceae	Acidovorax anthurii	7165.0	1490	9	13	1455	0.9851049424509141	0.993943472409152	0.9765100671140939	0.9621783649950079	0.9713937
AJ431731	1492	7448	Comamonadaceae	Acidovorax valerianellae	HM027578	1492	7460	Comamonadaceae	Acidovorax radicis	7042.0	1472	27	21	1435	0.988973121984838	0.985733695652174	0.9748641304347826	0.9436476672854366	0.94548875
AJ431731	1492	7448	Comamonadaceae	Acidovorax valerianellae	AM084006	1518	7590	Comamonadaceae	Acidovorax caeni	7055.0	1492	23	20	1445	0.9816576086956522	0.9865951742627346	0.9684986595174263	0.9410099186862386	0.94723415
AJ431731	1492	7448	Comamonadaceae	Acidovorax valerianellae	AF078764	1515	7575	Comamonadaceae	Acidovorax delafieldii	7015.0	1488	30	23	1439	0.9822525597269625	0.9845430107526881	0.9670698924731183	0.9333052651338065	0.9418636
AJ431731	1492	7448	Comamonadaceae	Acidovorax valerianellae	DQ360414	1462	7310	Comamonadaceae	Acidovorax oryzae	7058.0	1462	10	10	1433	0.9869146005509641	0.9931600547195623	0.9801641586867305	0.9668467108784868	0.9655267
AF137505	1481	7405	Comamonadaceae	Acidovorax avenae	Y18616	1526	7618	Comamonadaceae	Acidovorax defluvii	7074.0	1481	14	10	1444	0.981645139360979	0.9932478055367995	0.975016880486158	0.9593644355820323	0.95530045
AF137505	1481	7405	Comamonadaceae	Acidovorax avenae	AF078766	1512	7560	Comamonadaceae	Acidovorax temperans	7222.0	1481	7	7	1460	0.9905020352781547	0.9952734638757597	0.9858203916272789	0.9765451997705705	0.97528696
AF137505	1481	7405	Comamonadaceae	Acidovorax avenae	AF078765	1511	7555	Comamonadaceae	Acidovorax facilis	7143.0	1481	12	8	1452	0.9857433808553971	0.9945982444294396	0.9804186360567184	0.9672850977304395	0.9646185
AF137505	1481	7405	Comamonadaceae	Acidovorax avenae	AJ420325	1490	7444	Comamonadaceae	Acidovorax konjaci	7157.0	1472	16	16	1447	0.9938186813186813	0.9891304347826086	0.983016304347826	0.9618761687704535	0.9665091
AF137505	1481	7405	Comamonadaceae	Acidovorax avenae	JQ946365	1502	7510	Comamonadaceae	Acidovorax wautersii	7279.0	1481	2	2	1467	0.9918864097363083	0.9986495611073599	0.9905469277515192	0.9878751895782177	0.9829845
AF137505	1481	7405	Comamonadaceae	Acidovorax avenae	AF137504	1440	7200	Comamonadaceae	Acidovorax cattleyae	7191.0	1440	0	0	1439	0.9993055555555556	1.0	0.9993055555555556	0.9993055555555556	0.99875
AF137505	1481	7405	Comamonadaceae	Acidovorax avenae	AJ007013	1486	7376	Comamonadaceae	Acidovorax anthurii	7052.0	1470	14	18	1432	0.9862258953168044	0.990450204638472	0.9741496598639455	0.9531437372792783	0.95607376
AF137505	1481	7405	Comamonadaceae	Acidovorax avenae	HM027578	1492	7460	Comamonadaceae	Acidovorax radicis	7084.0	1481	14	10	1445	0.982324949014276	0.9932478055367995	0.9756920999324781	0.960028815385067	0.9566509
AF137505	1481	7405	Comamonadaceae	Acidovorax avenae	AM084006	1518	7590	Comamonadaceae	Acidovorax caeni	7115.0	1481	16	16	1447	0.9877133105802047	0.9891964888588791	0.9770425388251182	0.956157193973813	0.96083724
AF137505	1481	7405	Comamonadaceae	Acidovorax avenae	AF078764	1515	7575	Comamonadaceae	Acidovorax delafieldii	7079.0	1481	18	14	1444	0.9843217450579413	0.9905469277515192	0.975016880486158	0.9542026442116036	0.9559757
AF137505	1481	7405	Comamonadaceae	Acidovorax avenae	DQ360414	1462	7310	Comamonadaceae	Acidovorax oryzae	7301.0	1462	0	0	1461	0.9993160054719562	1.0	0.9993160054719562	0.9993160054719562	0.9987688
Y18616	1526	7618	Comamonadaceae	Acidovorax defluvii	AF078766	1512	7560	Comamonadaceae	Acidovorax temperans	7249.0	1513	11	15	1475	0.9846461949265688	0.9927104042412194	0.9748843357567746	0.9582524507635487	0.9588624
Y18616	1526	7618	Comamonadaceae	Acidovorax defluvii	AF078765	1511	7555	Comamonadaceae	Acidovorax facilis	7311.0	1511	4	4	1483	0.9840743198407432	0.9973527465254798	0.9814692256783587	0.9762865498991989	0.9677035
Y18616	1526	7618	Comamonadaceae	Acidovorax defluvii	AJ420325	1490	7444	Comamonadaceae	Acidovorax konjaci	6996.0	1494	24	28	1437	0.980218281036835	0.9838926174496644	0.9618473895582329	0.9288987306273844	0.9398173
Y18616	1526	7618	Comamonadaceae	Acidovorax defluvii	JQ946365	1502	7510	Comamonadaceae	Acidovorax wautersii	7204.0	1505	7	11	1467	0.9819277108433735	0.9953364423717521	0.9747508305647841	0.9631466540104414	0.9592543
Y18616	1526	7618	Comamonadaceae	Acidovorax defluvii	AF137504	1440	7200	Comamonadaceae	Acidovorax cattleyae	6869.0	1444	10	14	1403	0.9811188811188811	0.9930555555555556	0.971606648199446	0.9555691244327427	0.9540278
Y18616	1526	7618	Comamonadaceae	Acidovorax defluvii	AJ007013	1486	7376	Comamonadaceae	Acidovorax anthurii	6919.0	1494	24	32	1426	0.9753761969904241	0.9838492597577388	0.9544846050870147	0.9192730518031722	0.9380423
Y18616	1526	7618	Comamonadaceae	Acidovorax defluvii	HM027578	1492	7460	Comamonadaceae	Acidovorax radicis	7343.0	1492	9	9	1478	0.9966284558327714	0.9939678284182306	0.9906166219839142	0.9787371421733143	0.98431635
Y18616	1526	7618	Comamonadaceae	Acidovorax defluvii	AM084006	1518	7590	Comamonadaceae	Acidovorax caeni	7208.0	1520	24	26	1473	0.9859437751004017	0.9841897233201581	0.969078947368421	0.9376968571038996	0.9496706
Y18616	1526	7618	Comamonadaceae	Acidovorax defluvii	AF078764	1515	7575	Comamonadaceae	Acidovorax delafieldii	7264.0	1512	16	16	1477	0.9872994652406417	0.9894179894179894	0.9768518518518519	0.9563942214465775	0.9589439
Y18616	1526	7618	Comamonadaceae	Acidovorax defluvii	DQ360414	1462	7310	Comamonadaceae	Acidovorax oryzae	6970.0	1466	10	14	1424	0.9807162534435262	0.9931600547195623	0.9713506139154161	0.9555562949899622	0.95348835
AF078766	1512	7560	Comamonadaceae	Acidovorax temperans	AF078765	1511	7555	Comamonadaceae	Acidovorax facilis	7366.0	1507	11	7	1488	0.992	0.9953550099535501	0.9873921698739216	0.9756839623260095	0.97498345
AF078766	1512	7560	Comamonadaceae	Acidovorax temperans	AJ420325	1490	7444	Comamonadaceae	Acidovorax konjaci	7106.0	1482	11	11	1447	0.9836845683208701	0.9925775978407557	0.9763832658569501	0.9619958366212817	0.9545943
AF078766	1512	7560	Comamonadaceae	Acidovorax temperans	JQ946365	1502	7510	Comamonadaceae	Acidovorax wautersii	7286.0	1500	8	6	1476	0.9879518072289156	0.996	0.984	0.9748647214854111	0.9701731
AF078766	1512	7560	Comamonadaceae	Acidovorax temperans	AF137504	1440	7200	Comamonadaceae	Acidovorax cattleyae	7018.0	1440	7	7	1419	0.9902302861130495	0.9951388888888889	0.9854166666666667	0.9758825731398296	0.9747222
AF078766	1512	7560	Comamonadaceae	Acidovorax temperans	AJ007013	1486	7376	Comamonadaceae	Acidovorax anthurii	7108.0	1488	12	14	1447	0.9816824966078698	0.9919246298788694	0.9724462365591398	0.9555905017921147	0.96366596
AF078766	1512	7560	Comamonadaceae	Acidovorax temperans	HM027578	1492	7460	Comamonadaceae	Acidovorax radicis	7232.0	1487	7	2	1465	0.9865319865319865	0.9986550100874243	0.9852051109616677	0.9792701404137059	0.969437
AF078766	1512	7560	Comamonadaceae	Acidovorax temperans	AM084006	1518	7590	Comamonadaceae	Acidovorax caeni	7271.0	1509	11	10	1478	0.9859906604402935	0.9933730947647449	0.979456593770709	0.965924627672561	0.9617725
AF078766	1512	7560	Comamonadaceae	Acidovorax temperans	AF078764	1515	7575	Comamonadaceae	Acidovorax delafieldii	7320.0	1512	11	8	1485	0.9873670212765957	0.9947089947089947	0.9821428571428571	0.9698902541975424	0.96825397
AF078766	1512	7560	Comamonadaceae	Acidovorax temperans	DQ360414	1462	7310	Comamonadaceae	Acidovorax oryzae	7118.0	1462	7	7	1440	0.9896907216494846	0.9952120383036935	0.9849521203830369	0.9755652383644102	0.9737346
AF078765	1511	7555	Comamonadaceae	Acidovorax facilis	AJ420325	1490	7444	Comamonadaceae	Acidovorax konjaci	6962.0	1486	22	26	1430	0.9794520547945206	0.9851551956815114	0.9623149394347241	0.9316842251821599	0.93524987
AF078765	1511	7555	Comamonadaceae	Acidovorax facilis	JQ946365	1502	7510	Comamonadaceae	Acidovorax wautersii	7249.0	1501	5	9	1471	0.9859249329758714	0.9966599866399466	0.9800133244503664	0.9709029748206817	0.9652463
AF078765	1511	7555	Comamonadaceae	Acidovorax facilis	AF137504	1440	7200	Comamonadaceae	Acidovorax cattleyae	6947.0	1444	8	12	1412	0.9860335195530726	0.9944444444444445	0.9778393351800554	0.9643704738139389	0.9648611
AF078765	1511	7555	Comamonadaceae	Acidovorax facilis	AJ007013	1486	7376	Comamonadaceae	Acidovorax anthurii	7021.0	1489	18	26	1435	0.9808612440191388	0.987846049966239	0.9637340496977838	0.9355958292686514	0.9518709
AF078765	1511	7555	Comamonadaceae	Acidovorax facilis	HM027578	1492	7460	Comamonadaceae	Acidovorax radicis	7287.0	1491	6	5	1472	0.990578734858681	0.9966465459423206	0.9872568745808182	0.9800024820488282	0.9768097
AF078765	1511	7555	Comamonadaceae	Acidovorax facilis	AM084006	1518	7590	Comamonadaceae	Acidovorax caeni	7156.0	1511	19	22	1464	0.9832102081934184	0.9874005305039788	0.9688947716743879	0.9429309248517408	0.9471873
AF078765	1511	7555	Comamonadaceae	Acidovorax facilis	AF078764	1515	7575	Comamonadaceae	Acidovorax delafieldii	7304.0	1511	12	12	1482	0.9886591060707138	0.9920582395764395	0.9808074123097287	0.9653514846042569	0.96677697
AF078765	1511	7555	Comamonadaceae	Acidovorax facilis	DQ360414	1462	7310	Comamonadaceae	Acidovorax oryzae	7039.0	1466	8	12	1432	0.984869325997249	0.9945280437756497	0.9768076398362893	0.9635538048317264	0.9629275
AJ420325	1490	7444	Comamonadaceae	Acidovorax konjaci	JQ946365	1502	7510	Comamonadaceae	Acidovorax wautersii	7084.0	1472	17	17	1439	0.9890034364261169	0.9884510869565217	0.9775815217391305	0.9552593110345432	0.9516389
AJ420325	1490	7444	Comamonadaceae	Acidovorax konjaci	AF137504	1440	7200	Comamonadaceae	Acidovorax cattleyae	6945.0	1431	17	17	1405	0.9936350777934936	0.9881201956673655	0.9818308874912649	0.958776847315365	0.96458334
AJ420325	1490	7444	Comamonadaceae	Acidovorax konjaci	AJ007013	1486	7376	Comamonadaceae	Acidovorax anthurii	6982.0	1461	3	7	1422	0.9779917469050894	0.9979409746053535	0.973305954825462	0.9666576901067089	0.9465835
AJ420325	1490	7444	Comamonadaceae	Acidovorax konjaci	HM027578	1492	7460	Comamonadaceae	Acidovorax radicis	6980.0	1479	18	14	1432	0.9774744027303754	0.9905341446923597	0.9682217714672076	0.947524980093159	0.9376679
AJ420325	1490	7444	Comamonadaceae	Acidovorax konjaci	AM084006	1518	7590	Comamonadaceae	Acidovorax caeni	7085.0	1487	22	21	1446	0.9863574351978172	0.9858776059179556	0.972427706792199	0.9447177058696911	0.9517732
AJ420325	1490	7444	Comamonadaceae	Acidovorax konjaci	AF078764	1515	7575	Comamonadaceae	Acidovorax delafieldii	6972.0	1482	22	18	1432	0.9781420765027322	0.9878542510121457	0.9662618083670715	0.9405633560168835	0.93659323
AJ420325	1490	7444	Comamonadaceae	Acidovorax konjaci	DQ360414	1462	7310	Comamonadaceae	Acidovorax oryzae	7053.0	1453	16	16	1427	0.9930410577592206	0.9889883000688231	0.9821059876118375	0.9607122560913618	0.9648427
JQ946365	1502	7510	Comamonadaceae	Acidovorax wautersii	AF137504	1440	7200	Comamonadaceae	Acidovorax cattleyae	7066.0	1440	4	4	1425	0.9923398328690808	0.9972222222222222	0.9895833333333334	0.9841008771929826	0.98138887
JQ946365	1502	7510	Comamonadaceae	Acidovorax wautersii	AJ007013	1486	7376	Comamonadaceae	Acidovorax anthurii	7067.0	1490	18	22	1442	0.9822888283378747	0.9878869448183042	0.9677852348993289	0.942114539013405	0.95810735
JQ946365	1502	7510	Comamonadaceae	Acidovorax wautersii	HM027578	1492	7460	Comamonadaceae	Acidovorax radicis	7137.0	1481	12	8	1451	0.9850644942294636	0.9945982444294396	0.9797434166103984	0.966618923420708	0.9567024
JQ946365	1502	7510	Comamonadaceae	Acidovorax wautersii	AM084006	1518	7590	Comamonadaceae	Acidovorax caeni	7283.0	1501	17	16	1475	0.9932659932659933	0.9893404397068621	0.9826782145236509	0.961315644642702	0.96977365
JQ946365	1502	7510	Comamonadaceae	Acidovorax wautersii	AF078764	1515	7575	Comamonadaceae	Acidovorax delafieldii	7182.0	1502	17	16	1464	0.9851951547779273	0.9893475366178429	0.9747003994673769	0.9535252097488623	0.9563249
JQ946365	1502	7510	Comamonadaceae	Acidovorax wautersii	DQ360414	1462	7310	Comamonadaceae	Acidovorax oryzae	7175.0	1462	2	2	1447	0.9910958904109589	0.9986320109439124	0.9897400820793434	0.9870358742048095	0.98153216
AF137504	1440	7200	Comamonadaceae	Acidovorax cattleyae	AJ007013	1486	7376	Comamonadaceae	Acidovorax anthurii	6911.0	1440	14	18	1403	0.9866385372714487	0.9902506963788301	0.9743055555555555	0.9528627922971113	0.9598611
AF137504	1440	7200	Comamonadaceae	Acidovorax cattleyae	HM027578	1492	7460	Comamonadaceae	Acidovorax radicis	6880.0	1440	14	10	1404	0.9818181818181818	0.9930555555555556	0.975	0.9589064649243466	0.95555556
AF137504	1440	7200	Comamonadaceae	Acidovorax cattleyae	AM084006	1518	7590	Comamonadaceae	Acidovorax caeni	6910.0	1440	16	16	1406	0.9873595505617978	0.9888888888888889	0.9763888888888889	0.9549297924297924	0.9597222
AF137504	1440	7200	Comamonadaceae	Acidovorax cattleyae	AF078764	1515	7575	Comamonadaceae	Acidovorax delafieldii	6875.0	1440	18	14	1403	0.9838709677419355	0.9902777777777778	0.9743055555555555	0.9529216201798506	0.9548611
AF137504	1440	7200	Comamonadaceae	Acidovorax cattleyae	DQ360414	1462	7310	Comamonadaceae	Acidovorax oryzae	7191.0	1440	0	0	1439	0.9993055555555556	1.0	0.9993055555555556	0.9993055555555556	0.99875
AJ007013	1486	7376	Comamonadaceae	Acidovorax anthurii	HM027578	1492	7460	Comamonadaceae	Acidovorax radicis	6961.0	1466	20	12	1423	0.9786795048143053	0.9918144611186903	0.970668485675307	0.9497657995773191	0.94373643
AJ007013	1486	7376	Comamonadaceae	Acidovorax anthurii	AM084006	1518	7590	Comamonadaceae	Acidovorax caeni	7005.0	1486	20	15	1436	0.9762066621346023	0.9899057873485868	0.9663526244952894	0.9438942301677096	0.9497017
AJ007013	1486	7376	Comamonadaceae	Acidovorax anthurii	AF078764	1515	7575	Comamonadaceae	Acidovorax delafieldii	6955.0	1482	25	16	1429	0.9747612551159618	0.9892037786774629	0.9642375168690959	0.93800411395494	0.942923
AJ007013	1486	7376	Comamonadaceae	Acidovorax anthurii	DQ360414	1462	7310	Comamonadaceae	Acidovorax oryzae	7012.0	1458	18	14	1424	0.9861495844875346	0.99039780521262	0.9766803840877915	0.9555057416143433	0.95923394
HM027578	1492	7460	Comamonadaceae	Acidovorax radicis	AM084006	1518	7590	Comamonadaceae	Acidovorax caeni	7137.0	1492	12	16	1454	0.9850948509485095	0.9919354838709677	0.9745308310991957	0.9563879698819234	0.9567024
HM027578	1492	7460	Comamonadaceae	Acidovorax radicis	AF078764	1515	7575	Comamonadaceae	Acidovorax delafieldii	7270.0	1492	7	8	1470	0.9905660377358491	0.9953051643192489	0.985254691689008	0.9753955720256756	0.9745308
HM027578	1492	7460	Comamonadaceae	Acidovorax radicis	DQ360414	1462	7310	Comamonadaceae	Acidovorax oryzae	6980.0	1466	10	14	1425	0.981404958677686	0.9931600547195623	0.9720327421555253	0.956227331713972	0.95485634
AM084006	1518	7590	Comamonadaceae	Acidovorax caeni	AF078764	1515	7575	Comamonadaceae	Acidovorax delafieldii	7235.0	1509	15	12	1474	0.9846359385437542	0.9920477137176938	0.9768058316766071	0.9595002165484782	0.9551155
AM084006	1518	7590	Comamonadaceae	Acidovorax caeni	DQ360414	1462	7310	Comamonadaceae	Acidovorax oryzae	7011.0	1462	16	16	1427	0.9868603042876902	0.9890560875512996	0.9760601915184679	0.9549276298617758	0.95909715
AF078764	1515	7575	Comamonadaceae	Acidovorax delafieldii	DQ360414	1462	7310	Comamonadaceae	Acidovorax oryzae	6975.0	1466	14	18	1424	0.9834254143646409	0.9904240766073872	0.9713506139154161	0.9503484384794071	0.9541724
