AB006711	1451	7255	Acetobacteraceae	Acidiphilium multivorum	AB561883	1488	7440	Acetobacteraceae	Acidiphilium iwatense	6821.0	1451	33	29	1401	0.9852320675105485	0.980013783597519	0.9655410062026188	0.9252016919273073	0.94017917
AB006711	1451	7255	Acetobacteraceae	Acidiphilium multivorum	D30773	1360	6800	Acetobacteraceae	Acidiphilium cryptum	6791.0	1360	0	0	1359	0.9992647058823529	1.0	0.9992647058823529	0.9992647058823529	0.9986765
AB006711	1451	7255	Acetobacteraceae	Acidiphilium multivorum	D30772	1413	7065	Acetobacteraceae	Acidiphilium angustum	6554.0	1413	36	36	1353	0.9825708061002179	0.9745222929936306	0.9575371549893843	0.9099576690271789	0.9276716
AB006711	1451	7255	Acetobacteraceae	Acidiphilium multivorum	D30775	1413	7065	Acetobacteraceae	Acidiphilium organovorum	7029.0	1413	0	0	1409	0.997169143665959	1.0	0.997169143665959	0.997169143665959	0.99490446
AB006711	1451	7255	Acetobacteraceae	Acidiphilium multivorum	D30776	1413	7065	Acetobacteraceae	Acidiphilium rubrum	6554.0	1413	36	36	1353	0.9825708061002179	0.9745222929936306	0.9575371549893843	0.9099576690271789	0.9276716
AB006711	1451	7255	Acetobacteraceae	Acidiphilium multivorum	D86511	1419	7095	Acetobacteraceae	Acidiphilium acidophilum	6542.0	1413	41	35	1353	0.9818577648766328	0.9752300070771408	0.9575371549893843	0.9074870698592652	0.9220578
AB561883	1488	7440	Acetobacteraceae	Acidiphilium iwatense	D30773	1360	6800	Acetobacteraceae	Acidiphilium cryptum	6398.0	1366	27	33	1314	0.9857464366091523	0.9801470588235294	0.9619326500732065	0.9204998008238221	0.9408823
AB561883	1488	7440	Acetobacteraceae	Acidiphilium iwatense	D30772	1413	7065	Acetobacteraceae	Acidiphilium angustum	6767.0	1417	17	21	1379	0.9878223495702005	0.9879688605803255	0.9731827805222301	0.9473941154874708	0.95782024
AB561883	1488	7440	Acetobacteraceae	Acidiphilium iwatense	D30775	1413	7065	Acetobacteraceae	Acidiphilium organovorum	6624.0	1417	30	34	1362	0.9848156182212582	0.9787685774946921	0.9611856033874383	0.9186729022009863	0.93757963
AB561883	1488	7440	Acetobacteraceae	Acidiphilium iwatense	D30776	1413	7065	Acetobacteraceae	Acidiphilium rubrum	6767.0	1417	17	21	1379	0.9878223495702005	0.9879688605803255	0.9731827805222301	0.9473941154874708	0.95782024
AB561883	1488	7440	Acetobacteraceae	Acidiphilium iwatense	D86511	1419	7095	Acetobacteraceae	Acidiphilium acidophilum	6843.0	1417	11	9	1390	0.9872159090909091	0.9936485532815809	0.9809456598447425	0.9672069251130233	0.964482
D30773	1360	6800	Acetobacteraceae	Acidiphilium cryptum	D30772	1413	7065	Acetobacteraceae	Acidiphilium angustum	6323.0	1360	41	34	1305	0.9841628959276018	0.975	0.9595588235294118	0.9081905781584583	0.92985296
D30773	1360	6800	Acetobacteraceae	Acidiphilium cryptum	D30775	1413	7065	Acetobacteraceae	Acidiphilium organovorum	6773.0	1360	0	0	1357	0.9977941176470588	1.0	0.9977941176470588	0.9977941176470588	0.99602944
D30773	1360	6800	Acetobacteraceae	Acidiphilium cryptum	D30776	1413	7065	Acetobacteraceae	Acidiphilium rubrum	6323.0	1360	41	34	1305	0.9841628959276018	0.975	0.9595588235294118	0.9081905781584583	0.92985296
D30773	1360	6800	Acetobacteraceae	Acidiphilium cryptum	D86511	1419	7095	Acetobacteraceae	Acidiphilium acidophilum	6315.0	1360	45	34	1305	0.9841628959276018	0.975	0.9595588235294118	0.9056049822064057	0.9286765
D30772	1413	7065	Acetobacteraceae	Acidiphilium angustum	D30775	1413	7065	Acetobacteraceae	Acidiphilium organovorum	6539.0	1413	40	40	1351	0.9839766933721777	0.9716914366595896	0.9561217268223637	0.9034790990551311	0.9255485
D30772	1413	7065	Acetobacteraceae	Acidiphilium angustum	D30776	1413	7065	Acetobacteraceae	Acidiphilium rubrum	7065.0	1413	0	0	1413	1.0	1.0	1.0	1.0	1.0
D30772	1413	7065	Acetobacteraceae	Acidiphilium angustum	D86511	1419	7095	Acetobacteraceae	Acidiphilium acidophilum	6921.0	1413	17	11	1397	0.9964336661911555	0.9922151450813871	0.9886765746638358	0.9693178725025858	0.97961783
D30775	1413	7065	Acetobacteraceae	Acidiphilium organovorum	D30776	1413	7065	Acetobacteraceae	Acidiphilium rubrum	6539.0	1413	40	40	1351	0.9839766933721777	0.9716914366595896	0.9561217268223637	0.9034790990551311	0.9255485
D30775	1413	7065	Acetobacteraceae	Acidiphilium organovorum	D86511	1419	7095	Acetobacteraceae	Acidiphilium acidophilum	6527.0	1413	45	39	1351	0.9832605531295487	0.9723991507430998	0.9561217268223637	0.9010365244539972	0.92384994
D30776	1413	7065	Acetobacteraceae	Acidiphilium rubrum	D86511	1419	7095	Acetobacteraceae	Acidiphilium acidophilum	6921.0	1413	17	11	1397	0.9964336661911555	0.9922151450813871	0.9886765746638358	0.9693178725025858	0.97961783
