KR905751	1323	6615	Acidithiobacillaceae	Acidithiobacillus ferriphilus	AJ278719	1408	7040	Acidithiobacillaceae	Acidithiobacillus ferridurans	6534.0	1323	1	1	1314	0.9939485627836612	0.999244142101285	0.9931972789115646	0.9916969809071665	0.9877551
KR905751	1323	6615	Acidithiobacillaceae	Acidithiobacillus ferriphilus	AJ459804	1494	7470	Acidithiobacillaceae	Acidithiobacillus albertensis	6406.0	1323	7	7	1299	0.9870820668693009	0.9947089947089947	0.981859410430839	0.9715240482157775	0.9684051
KR905751	1323	6615	Acidithiobacillaceae	Acidithiobacillus ferriphilus	AF465604	1461	7305	Acidithiobacillaceae	Acidithiobacillus ferrooxidans	6441.0	1320	4	4	1302	0.9893617021276596	0.996969696969697	0.9863636363636363	0.9804037352375721	0.9736962
KR905751	1323	6615	Acidithiobacillaceae	Acidithiobacillus ferriphilus	AF376020	1478	7390	Acidithiobacillaceae	Acidithiobacillus ferrivorans	6517.0	1323	2	2	1312	0.9931869795609387	0.99848828420257	0.9916855631141346	0.9886917953764316	0.9851852
KR905751	1323	6615	Acidithiobacillaceae	Acidithiobacillus ferriphilus	Z29975	1460	7300	Acidithiobacillaceae	Acidithiobacillus caldus	6172.0	1323	20	18	1273	0.9754789272030652	0.9863945578231292	0.9622071050642479	0.9349815875717377	0.93303096
KR905751	1323	6615	Acidithiobacillaceae	Acidithiobacillus ferriphilus	Y11596	1440	7200	Acidithiobacillaceae	Acidithiobacillus thiooxidans	6397.0	1323	7	7	1298	0.986322188449848	0.9947089947089947	0.981103552532124	0.9707761467159964	0.9670446
AJ278719	1408	7040	Acidithiobacillaceae	Acidithiobacillus ferridurans	AJ459804	1494	7470	Acidithiobacillaceae	Acidithiobacillus albertensis	6848.0	1407	14	9	1386	0.9914163090128756	0.9936034115138592	0.9850746268656716	0.9691304210824834	0.9727273
AJ278719	1408	7040	Acidithiobacillaceae	Acidithiobacillus ferridurans	AF465604	1461	7305	Acidithiobacillaceae	Acidithiobacillus ferrooxidans	6851.0	1393	5	5	1380	0.9942363112391931	0.9964106245513281	0.990667623833453	0.9835813032051737	0.9731534
AJ278719	1408	7040	Acidithiobacillaceae	Acidithiobacillus ferridurans	AF376020	1478	7390	Acidithiobacillaceae	Acidithiobacillus ferrivorans	6855.0	1408	7	7	1387	0.9900071377587437	0.9950284090909091	0.9850852272727273	0.975338800995824	0.97372156
AJ278719	1408	7040	Acidithiobacillaceae	Acidithiobacillus ferridurans	Z29975	1460	7300	Acidithiobacillaceae	Acidithiobacillus caldus	6568.0	1407	27	20	1355	0.976928622927181	0.9857853589196873	0.9630419331911869	0.9314777973055622	0.93295455
AJ278719	1408	7040	Acidithiobacillaceae	Acidithiobacillus ferridurans	Y11596	1440	7200	Acidithiobacillaceae	Acidithiobacillus thiooxidans	6819.0	1403	14	9	1381	0.990674318507891	0.9935851746258019	0.9843193157519601	0.9683423614384138	0.96860796
AJ459804	1494	7470	Acidithiobacillaceae	Acidithiobacillus albertensis	AF465604	1461	7305	Acidithiobacillaceae	Acidithiobacillus ferrooxidans	7085.0	1461	13	13	1435	0.9910220994475138	0.9911019849418207	0.9822039698836413	0.964878798094649	0.9698836
AJ459804	1494	7470	Acidithiobacillaceae	Acidithiobacillus albertensis	AF376020	1478	7390	Acidithiobacillaceae	Acidithiobacillus ferrivorans	7053.0	1468	12	12	1435	0.9855769230769231	0.9918256130790191	0.9775204359673024	0.9616687532218868	0.95439786
AJ459804	1494	7470	Acidithiobacillaceae	Acidithiobacillus albertensis	Z29975	1460	7300	Acidithiobacillaceae	Acidithiobacillus caldus	6767.0	1458	22	20	1399	0.9728789986091794	0.9862825788751715	0.9595336076817559	0.9323035998961926	0.9269863
AJ459804	1494	7470	Acidithiobacillaceae	Acidithiobacillus albertensis	Y11596	1440	7200	Acidithiobacillaceae	Acidithiobacillus thiooxidans	7182.0	1440	0	0	1438	0.9986111111111111	1.0	0.9986111111111111	0.9986111111111111	0.9975
AF465604	1461	7305	Acidithiobacillaceae	Acidithiobacillus ferrooxidans	AF376020	1478	7390	Acidithiobacillaceae	Acidithiobacillus ferrivorans	6979.0	1442	5	5	1416	0.9853862212943633	0.9965325936199723	0.9819694868238558	0.975183242961908	0.95537305
AF465604	1461	7305	Acidithiobacillaceae	Acidithiobacillus ferrooxidans	Z29975	1460	7300	Acidithiobacillaceae	Acidithiobacillus caldus	6701.0	1442	26	24	1384	0.9760225669957687	0.9833564493758669	0.9597780859916782	0.9270880966867846	0.9179452
AF465604	1461	7305	Acidithiobacillaceae	Acidithiobacillus ferrooxidans	Y11596	1440	7200	Acidithiobacillaceae	Acidithiobacillus thiooxidans	6916.0	1429	13	13	1402	0.9901129943502824	0.9909027291812457	0.9811056682995102	0.963415829620046	0.96055555
AF376020	1478	7390	Acidithiobacillaceae	Acidithiobacillus ferrivorans	Z29975	1460	7300	Acidithiobacillaceae	Acidithiobacillus caldus	6757.0	1458	21	19	1398	0.9715079916608756	0.9869684499314129	0.9588477366255144	0.9329154110913557	0.92561644
AF376020	1478	7390	Acidithiobacillaceae	Acidithiobacillus ferrivorans	Y11596	1440	7200	Acidithiobacillaceae	Acidithiobacillus thiooxidans	6913.0	1440	12	12	1407	0.9852941176470589	0.9916666666666667	0.9770833333333333	0.9609331955922864	0.9601389
Z29975	1460	7300	Acidithiobacillaceae	Acidithiobacillus caldus	Y11596	1440	7200	Acidithiobacillaceae	Acidithiobacillus thiooxidans	6668.0	1442	20	22	1380	0.971830985915493	0.9861111111111112	0.957004160887656	0.9295115652944402	0.9261111
