U65583	1466	7300	Pasteurellaceae	Actinobacillus porcinus	Y09653	1497	7485	Pasteurellaceae	Actinobacillus scotiae	6626.0	1465	51	49	1382	0.9759887005649718	0.9665529010238908	0.9433447098976109	0.8811188055508028	0.9076712
U65583	1466	7300	Pasteurellaceae	Actinobacillus porcinus	AY362890	1362	6762	Pasteurellaceae	Actinobacillus hominis	6239.0	1364	49	51	1290	0.9824828636709825	0.9640234948604993	0.9457478005865103	0.8788158967941174	0.922656
U65583	1466	7300	Pasteurellaceae	Actinobacillus porcinus	AY362893	1362	6780	Pasteurellaceae	Actinobacillus minor	6417.0	1364	27	29	1313	0.9835205992509364	0.9801762114537445	0.9626099706744868	0.9238564420204457	0.9464602
U65583	1466	7300	Pasteurellaceae	Actinobacillus porcinus	AY362886	1362	6810	Pasteurellaceae	Actinobacillus capsulatus	6329.0	1364	30	32	1305	0.9797297297297297	0.9779735682819384	0.9567448680351907	0.9141923703177002	0.92936856
U65583	1466	7300	Pasteurellaceae	Actinobacillus porcinus	AY362899	1362	6810	Pasteurellaceae	Actinobacillus suis	6235.0	1364	55	57	1292	0.9885233358837031	0.959618208516887	0.9472140762463344	0.8724515839703727	0.9155654
U65583	1466	7300	Pasteurellaceae	Actinobacillus porcinus	AY362897	1364	6820	Pasteurellaceae	Actinobacillus seminis	6221.0	1364	43	43	1293	0.9788039364118092	0.968475073313783	0.9479472140762464	0.8900058776081886	0.9121701
U65583	1466	7300	Pasteurellaceae	Actinobacillus porcinus	AF247716	1461	7305	Pasteurellaceae	Actinobacillus equuli subsp. haemolyticus	6780.0	1464	48	51	1398	0.9893842887473461	0.9671457905544147	0.9549180327868853	0.8923936377829821	0.92876714
U65583	1466	7300	Pasteurellaceae	Actinobacillus porcinus	AF024525	1488	7440	Pasteurellaceae	Actinobacillus succinogenes	6663.0	1464	49	48	1385	0.9781073446327684	0.9672131147540983	0.9460382513661202	0.8853867573922182	0.91273975
U65583	1466	7300	Pasteurellaceae	Actinobacillus porcinus	M75074	1478	7306	Pasteurellaceae	Actinobacillus pleuropneumoniae	6673.0	1455	47	47	1380	0.9801136363636364	0.9676975945017182	0.9484536082474226	0.8890963251746812	0.9141096
U65583	1466	7300	Pasteurellaceae	Actinobacillus porcinus	L06084	1485	7377	Pasteurellaceae	Actinobacillus arthritidis	6755.0	1464	43	45	1394	0.9823819591261451	0.9705882352941176	0.9521857923497268	0.8965837022855092	0.92534244
U65583	1466	7300	Pasteurellaceae	Actinobacillus porcinus	AY362895	1364	6784	Pasteurellaceae	Actinobacillus rossii	6481.0	1364	25	25	1320	0.9858103061986557	0.9816715542521994	0.967741935483871	0.9329060126802758	0.9553361
U65583	1466	7300	Pasteurellaceae	Actinobacillus porcinus	AY172727	1450	7244	Pasteurellaceae	Actinobacillus anseriformium	6627.0	1452	59	61	1375	0.9884974838245866	0.9593103448275863	0.946969696969697	0.8717636323526463	0.91482604
U65583	1466	7300	Pasteurellaceae	Actinobacillus porcinus	AY362891	1362	6786	Pasteurellaceae	Actinobacillus indolicus	6392.0	1364	26	28	1311	0.9812874251497006	0.9809104258443465	0.9611436950146628	0.9238042996687695	0.9419393
U65583	1466	7300	Pasteurellaceae	Actinobacillus porcinus	AY362892	1364	6820	Pasteurellaceae	Actinobacillus lignieresii	6315.0	1364	47	47	1302	0.9886104783599089	0.9655425219941349	0.9545454545454546	0.8909541910959347	0.9259531
U65583	1466	7300	Pasteurellaceae	Actinobacillus porcinus	AY362889	1365	6819	Pasteurellaceae	Actinobacillus delphinicola	6267.0	1364	37	36	1298	0.9774096385542169	0.9736070381231672	0.9516129032258065	0.9020285049849186	0.91904974
U65583	1466	7300	Pasteurellaceae	Actinobacillus porcinus	AF381186	1362	6738	Pasteurellaceae	Actinobacillus equuli subsp. equuli	6272.0	1364	46	48	1291	0.9810030395136778	0.9662261380323054	0.9464809384164223	0.883382209188661	0.93084
U65583	1466	7300	Pasteurellaceae	Actinobacillus porcinus	AY362900	1360	6800	Pasteurellaceae	Actinobacillus ureae	6250.0	1362	50	52	1293	0.9870229007633587	0.9632352941176471	0.9493392070484582	0.8807608790605383	0.9191176
Y09653	1497	7485	Pasteurellaceae	Actinobacillus scotiae	AY362890	1362	6762	Pasteurellaceae	Actinobacillus hominis	6033.0	1365	65	68	1266	0.9760986892829607	0.9522760646108663	0.9274725274725275	0.841211096595712	0.89219165
Y09653	1497	7485	Pasteurellaceae	Actinobacillus scotiae	AY362893	1362	6780	Pasteurellaceae	Actinobacillus minor	6102.0	1365	54	57	1277	0.9762996941896025	0.960352422907489	0.9355311355311355	0.8623500530477274	0.9
Y09653	1497	7485	Pasteurellaceae	Actinobacillus scotiae	AY362886	1362	6810	Pasteurellaceae	Actinobacillus capsulatus	6104.0	1365	57	60	1279	0.9800766283524904	0.9581497797356828	0.936996336996337	0.8599017016738536	0.8963289
Y09653	1497	7485	Pasteurellaceae	Actinobacillus scotiae	AY362899	1362	6810	Pasteurellaceae	Actinobacillus suis	6059.0	1365	65	68	1273	0.9814957594448728	0.9522760646108663	0.9326007326007326	0.8458623427854196	0.889721
Y09653	1497	7485	Pasteurellaceae	Actinobacillus scotiae	AY362897	1364	6820	Pasteurellaceae	Actinobacillus seminis	6086.0	1365	48	49	1279	0.9718844984802432	0.9648093841642229	0.936996336996337	0.8726731631190231	0.89237535
Y09653	1497	7485	Pasteurellaceae	Actinobacillus scotiae	AF247716	1461	7305	Pasteurellaceae	Actinobacillus equuli subsp. haemolyticus	6522.0	1466	69	74	1368	0.9827586206896551	0.9527720739219713	0.9331514324693042	0.8462194097702094	0.89281315
Y09653	1497	7485	Pasteurellaceae	Actinobacillus scotiae	AF024525	1488	7440	Pasteurellaceae	Actinobacillus succinogenes	6498.0	1465	61	62	1367	0.9743406985032074	0.9583333333333334	0.9331058020477816	0.8578947839272855	0.8733871
Y09653	1497	7485	Pasteurellaceae	Actinobacillus scotiae	M75074	1478	7306	Pasteurellaceae	Actinobacillus pleuropneumoniae	6406.0	1456	65	67	1350	0.9719222462203023	0.9552957359009628	0.9271978021978022	0.8467309317901034	0.8768136
Y09653	1497	7485	Pasteurellaceae	Actinobacillus scotiae	L06084	1485	7377	Pasteurellaceae	Actinobacillus arthritidis	6574.0	1465	50	54	1374	0.9737774627923459	0.9657768651608487	0.9378839590443686	0.8735011658162403	0.89114815
Y09653	1497	7485	Pasteurellaceae	Actinobacillus scotiae	AY362895	1364	6784	Pasteurellaceae	Actinobacillus rossii	6150.0	1365	47	48	1282	0.973424449506454	0.9655425219941349	0.9391941391941392	0.8760047318120973	0.9065448
Y09653	1497	7485	Pasteurellaceae	Actinobacillus scotiae	AY172727	1450	7244	Pasteurellaceae	Actinobacillus anseriformium	6426.0	1454	77	81	1352	0.9847050254916242	0.9468965517241379	0.9298486932599724	0.8338878222377153	0.88707894
Y09653	1497	7485	Pasteurellaceae	Actinobacillus scotiae	AY362891	1362	6786	Pasteurellaceae	Actinobacillus indolicus	6129.0	1365	55	58	1281	0.9801071155317521	0.959618208516887	0.9384615384615385	0.8637811484290356	0.90318304
Y09653	1497	7485	Pasteurellaceae	Actinobacillus scotiae	AY362892	1364	6820	Pasteurellaceae	Actinobacillus lignieresii	6049.0	1365	63	64	1273	0.97847809377402	0.9538123167155426	0.9326007326007326	0.8496593509198551	0.88695014
Y09653	1497	7485	Pasteurellaceae	Actinobacillus scotiae	AY362889	1365	6819	Pasteurellaceae	Actinobacillus delphinicola	6451.0	1365	31	31	1320	0.9895052473763118	0.9772893772893773	0.967032967032967	0.9240845114770615	0.9460331
Y09653	1497	7485	Pasteurellaceae	Actinobacillus scotiae	AF381186	1362	6738	Pasteurellaceae	Actinobacillus equuli subsp. equuli	6036.0	1365	64	67	1266	0.975346687211094	0.9530102790014684	0.9274725274725275	0.8424488038203923	0.8958148
Y09653	1497	7485	Pasteurellaceae	Actinobacillus scotiae	AY362900	1360	6800	Pasteurellaceae	Actinobacillus ureae	6063.0	1363	68	71	1272	0.9845201238390093	0.95	0.9332355099046221	0.842585799298932	0.89161766
AY362890	1362	6762	Pasteurellaceae	Actinobacillus hominis	AY362893	1362	6780	Pasteurellaceae	Actinobacillus minor	6391.0	1362	30	30	1307	0.9812312312312312	0.9779735682819384	0.959618208516887	0.9182553547015039	0.9451346
AY362890	1362	6762	Pasteurellaceae	Actinobacillus hominis	AY362886	1362	6810	Pasteurellaceae	Actinobacillus capsulatus	6180.0	1362	51	51	1285	0.9801678108314263	0.9625550660792952	0.9434654919236417	0.8753597026977313	0.9139308
AY362890	1362	6762	Pasteurellaceae	Actinobacillus hominis	AY362899	1362	6810	Pasteurellaceae	Actinobacillus suis	6693.0	1362	8	8	1344	0.9926144756277696	0.9941262848751835	0.986784140969163	0.9752596546512751	0.9897959
AY362890	1362	6762	Pasteurellaceae	Actinobacillus hominis	AY362897	1364	6820	Pasteurellaceae	Actinobacillus seminis	6062.0	1362	58	56	1271	0.9732006125574273	0.9588839941262849	0.933186490455213	0.8582687017848649	0.8964803
AY362890	1362	6762	Pasteurellaceae	Actinobacillus hominis	AF247716	1461	7305	Pasteurellaceae	Actinobacillus equuli subsp. haemolyticus	6693.0	1362	6	6	1344	0.9911504424778761	0.9955947136563876	0.986784140969163	0.9781281397325914	0.9897959
AY362890	1362	6762	Pasteurellaceae	Actinobacillus hominis	AF024525	1488	7440	Pasteurellaceae	Actinobacillus succinogenes	6124.0	1362	53	50	1278	0.9740853658536586	0.9632892804698973	0.9383259911894273	0.8700238165657447	0.90564924
AY362890	1362	6762	Pasteurellaceae	Actinobacillus hominis	M75074	1478	7306	Pasteurellaceae	Actinobacillus pleuropneumoniae	6453.0	1362	19	17	1316	0.9784386617100371	0.9875183553597651	0.9662261380323054	0.9410384906976472	0.95430344
AY362890	1362	6762	Pasteurellaceae	Actinobacillus hominis	L06084	1485	7377	Pasteurellaceae	Actinobacillus arthritidis	6515.0	1362	25	25	1321	0.9880329094988781	0.9816446402349486	0.9698972099853157	0.9349333595893057	0.96347237
AY362890	1362	6762	Pasteurellaceae	Actinobacillus hominis	AY362895	1364	6784	Pasteurellaceae	Actinobacillus rossii	6258.0	1362	50	48	1293	0.9840182648401826	0.9647577092511013	0.9493392070484582	0.883450225256143	0.9254658
AY362890	1362	6762	Pasteurellaceae	Actinobacillus hominis	AY172727	1450	7244	Pasteurellaceae	Actinobacillus anseriformium	6446.0	1359	25	25	1316	0.9865067466266867	0.9816041206769683	0.9683590875643856	0.9333750164818572	0.9532683
AY362890	1362	6762	Pasteurellaceae	Actinobacillus hominis	AY362891	1362	6786	Pasteurellaceae	Actinobacillus indolicus	6204.0	1362	54	54	1286	0.9831804281345565	0.960352422907489	0.9441997063142438	0.8721844744767168	0.91748005
AY362890	1362	6762	Pasteurellaceae	Actinobacillus hominis	AY362892	1364	6820	Pasteurellaceae	Actinobacillus lignieresii	6548.0	1362	17	15	1329	0.9866369710467706	0.9889867841409692	0.9757709251101322	0.9531279449770471	0.96835256
AY362890	1362	6762	Pasteurellaceae	Actinobacillus hominis	AY362889	1365	6819	Pasteurellaceae	Actinobacillus delphinicola	6255.0	1362	40	37	1295	0.9773584905660377	0.972834067547724	0.9508076358296622	0.8985878156022128	0.9250222
AY362890	1362	6762	Pasteurellaceae	Actinobacillus hominis	AF381186	1362	6738	Pasteurellaceae	Actinobacillus equuli subsp. equuli	6685.0	1362	4	4	1338	0.9852724594992637	0.9970631424375918	0.9823788546255506	0.9766255377609794	0.99213415
AY362890	1362	6762	Pasteurellaceae	Actinobacillus hominis	AY362900	1360	6800	Pasteurellaceae	Actinobacillus ureae	6548.0	1360	17	17	1326	0.9873417721518988	0.9875	0.975	0.9509259259259258	0.96835256
AY362893	1362	6780	Pasteurellaceae	Actinobacillus minor	AY362886	1362	6810	Pasteurellaceae	Actinobacillus capsulatus	6361.0	1362	39	39	1306	0.9871504157218443	0.9713656387665198	0.9588839941262849	0.9054985897423804	0.9382006
AY362893	1362	6780	Pasteurellaceae	Actinobacillus minor	AY362899	1362	6810	Pasteurellaceae	Actinobacillus suis	6389.0	1362	35	35	1310	0.987189148455162	0.9743024963289281	0.9618208516886931	0.9136265355697178	0.94233036
AY362893	1362	6780	Pasteurellaceae	Actinobacillus minor	AY362897	1364	6820	Pasteurellaceae	Actinobacillus seminis	6156.0	1362	46	44	1283	0.9734446130500759	0.9676945668135095	0.9419970631424376	0.8817841826858897	0.9079646
AY362893	1362	6780	Pasteurellaceae	Actinobacillus minor	AF247716	1461	7305	Pasteurellaceae	Actinobacillus equuli subsp. haemolyticus	6459.0	1362	27	27	1318	0.9872659176029962	0.9801762114537445	0.9676945668135095	0.9300736117322068	0.95265484
AY362893	1362	6780	Pasteurellaceae	Actinobacillus minor	AF024525	1488	7440	Pasteurellaceae	Actinobacillus succinogenes	6192.0	1362	44	41	1288	0.9750189250567751	0.9698972099853157	0.9456681350954479	0.8884975863876862	0.91327435
AY362893	1362	6780	Pasteurellaceae	Actinobacillus minor	M75074	1478	7306	Pasteurellaceae	Actinobacillus pleuropneumoniae	6368.0	1362	34	32	1306	0.9819548872180451	0.9765051395007343	0.9588839941262849	0.9135499370973919	0.93923306
AY362893	1362	6780	Pasteurellaceae	Actinobacillus minor	L06084	1485	7377	Pasteurellaceae	Actinobacillus arthritidis	6399.0	1362	30	30	1311	0.9842342342342343	0.9779735682819384	0.9625550660792952	0.9210656235758774	0.94380534
AY362893	1362	6780	Pasteurellaceae	Actinobacillus minor	AY362895	1364	6784	Pasteurellaceae	Actinobacillus rossii	6337.0	1362	39	37	1302	0.9826415094339622	0.972834067547724	0.9559471365638766	0.9040899043163002	0.9346608
AY362893	1362	6780	Pasteurellaceae	Actinobacillus minor	AY172727	1450	7244	Pasteurellaceae	Actinobacillus anseriformium	6370.0	1359	29	29	1309	0.9842105263157894	0.9786607799852833	0.9632082413539367	0.9229589056201266	0.93952805
AY362893	1362	6780	Pasteurellaceae	Actinobacillus minor	AY362891	1362	6786	Pasteurellaceae	Actinobacillus indolicus	6454.0	1362	33	33	1316	0.9902182091798345	0.9757709251101322	0.9662261380323054	0.9205122132221748	0.9519174
AY362893	1362	6780	Pasteurellaceae	Actinobacillus minor	AY362892	1364	6820	Pasteurellaceae	Actinobacillus lignieresii	6417.0	1362	35	33	1314	0.9887133182844243	0.9757709251101322	0.9647577092511013	0.917797419896001	0.9464602
AY362893	1362	6780	Pasteurellaceae	Actinobacillus minor	AY362889	1365	6819	Pasteurellaceae	Actinobacillus delphinicola	6230.0	1362	46	43	1292	0.979529946929492	0.9684287812041116	0.9486049926578561	0.8886434554799092	0.91887903
AY362893	1362	6780	Pasteurellaceae	Actinobacillus minor	AF381186	1362	6738	Pasteurellaceae	Actinobacillus equuli subsp. equuli	6413.0	1362	27	27	1308	0.9797752808988764	0.9801762114537445	0.960352422907489	0.9230169075460747	0.9517661
AY362893	1362	6780	Pasteurellaceae	Actinobacillus minor	AY362900	1360	6800	Pasteurellaceae	Actinobacillus ureae	6393.0	1360	35	35	1310	0.9886792452830189	0.9742647058823529	0.9632352941176471	0.9149009065991989	0.9429203
AY362886	1362	6810	Pasteurellaceae	Actinobacillus capsulatus	AY362899	1362	6810	Pasteurellaceae	Actinobacillus suis	6210.0	1362	53	53	1290	0.985485103132162	0.9610866372980911	0.947136563876652	0.8761849908936661	0.91189426
AY362886	1362	6810	Pasteurellaceae	Actinobacillus capsulatus	AY362897	1364	6820	Pasteurellaceae	Actinobacillus seminis	6191.0	1362	43	41	1289	0.975775927327782	0.9698972099853157	0.94640234948605	0.8898202873103714	0.9091043
AY362886	1362	6810	Pasteurellaceae	Actinobacillus capsulatus	AF247716	1461	7305	Pasteurellaceae	Actinobacillus equuli subsp. haemolyticus	6240.0	1362	48	48	1294	0.984779299847793	0.9647577092511013	0.9500734214390602	0.8853875714687411	0.9162996
AY362886	1362	6810	Pasteurellaceae	Actinobacillus capsulatus	AF024525	1488	7440	Pasteurellaceae	Actinobacillus succinogenes	6265.0	1362	36	33	1299	0.9774266365688488	0.9757709251101322	0.9537444933920705	0.906671267323363	0.91997063
AY362886	1362	6810	Pasteurellaceae	Actinobacillus capsulatus	M75074	1478	7306	Pasteurellaceae	Actinobacillus pleuropneumoniae	6168.0	1362	56	54	1283	0.9808868501529052	0.960352422907489	0.9419970631424376	0.8689225377928832	0.90572685
AY362886	1362	6810	Pasteurellaceae	Actinobacillus capsulatus	L06084	1485	7377	Pasteurellaceae	Actinobacillus arthritidis	6183.0	1362	50	50	1286	0.9801829268292683	0.9632892804698973	0.9441997063142438	0.8773300387282492	0.90792954
AY362886	1362	6810	Pasteurellaceae	Actinobacillus capsulatus	AY362895	1364	6784	Pasteurellaceae	Actinobacillus rossii	6350.0	1362	28	26	1306	0.9775449101796407	0.9809104258443465	0.9588839941262849	0.9216323857213788	0.9360259
AY362886	1362	6810	Pasteurellaceae	Actinobacillus capsulatus	AY172727	1450	7244	Pasteurellaceae	Actinobacillus anseriformium	6207.0	1359	46	46	1289	0.9817212490479817	0.9661515820456218	0.9484915378955114	0.8863839069443462	0.9114537
AY362886	1362	6810	Pasteurellaceae	Actinobacillus capsulatus	AY362891	1362	6786	Pasteurellaceae	Actinobacillus indolicus	6397.0	1362	35	35	1312	0.9886963074604371	0.9743024963289281	0.9632892804698973	0.9150213852423433	0.9426761
AY362886	1362	6810	Pasteurellaceae	Actinobacillus capsulatus	AY362892	1364	6820	Pasteurellaceae	Actinobacillus lignieresii	6219.0	1362	58	56	1291	0.9885145482388974	0.9588839941262849	0.9478707782672541	0.8717741101528407	0.9132159
AY362886	1362	6810	Pasteurellaceae	Actinobacillus capsulatus	AY362889	1365	6819	Pasteurellaceae	Actinobacillus delphinicola	6185.0	1362	57	54	1288	0.9847094801223242	0.960352422907489	0.9456681350954479	0.8716940949294192	0.9082232
AY362886	1362	6810	Pasteurellaceae	Actinobacillus capsulatus	AF381186	1362	6738	Pasteurellaceae	Actinobacillus equuli subsp. equuli	6202.0	1362	50	50	1286	0.9801829268292683	0.9632892804698973	0.9441997063142438	0.8773300387282492	0.92045116
AY362886	1362	6810	Pasteurellaceae	Actinobacillus capsulatus	AY362900	1360	6800	Pasteurellaceae	Actinobacillus ureae	6209.0	1360	51	51	1289	0.9847211611917495	0.9625	0.9477941176470588	0.8792788802267895	0.91308826
AY362899	1362	6810	Pasteurellaceae	Actinobacillus suis	AY362897	1364	6820	Pasteurellaceae	Actinobacillus seminis	6079.0	1362	59	57	1276	0.9777777777777777	0.9581497797356828	0.9368575624082232	0.8603793940483682	0.8926579
AY362899	1362	6810	Pasteurellaceae	Actinobacillus suis	AF247716	1461	7305	Pasteurellaceae	Actinobacillus equuli subsp. haemolyticus	6698.0	1362	10	10	1348	0.9970414201183432	0.9926578560939795	0.9897209985315712	0.9752935787279041	0.9835536
AY362899	1362	6810	Pasteurellaceae	Actinobacillus suis	AF024525	1488	7440	Pasteurellaceae	Actinobacillus succinogenes	6124.0	1362	60	57	1280	0.9808429118773946	0.9581497797356828	0.9397944199706314	0.8624695626312757	0.89926577
AY362899	1362	6810	Pasteurellaceae	Actinobacillus suis	M75074	1478	7306	Pasteurellaceae	Actinobacillus pleuropneumoniae	6520.0	1362	17	15	1326	0.9844097995545658	0.9889867841409692	0.973568281938326	0.9509764146272119	0.9574156
AY362899	1362	6810	Pasteurellaceae	Actinobacillus suis	L06084	1485	7377	Pasteurellaceae	Actinobacillus arthritidis	6605.0	1362	17	17	1336	0.9933085501858736	0.9875183553597651	0.9809104258443465	0.9567255422484743	0.9698972
AY362899	1362	6810	Pasteurellaceae	Actinobacillus suis	AY362895	1364	6784	Pasteurellaceae	Actinobacillus rossii	6306.0	1362	48	46	1300	0.9878419452887538	0.9662261380323054	0.9544787077826725	0.8908467939304944	0.9295401
AY362899	1362	6810	Pasteurellaceae	Actinobacillus suis	AY172727	1450	7244	Pasteurellaceae	Actinobacillus anseriformium	6459.0	1359	23	23	1320	0.9880239520958084	0.9830757910228108	0.9713024282560706	0.9389725355644792	0.94845814
AY362899	1362	6810	Pasteurellaceae	Actinobacillus suis	AY362891	1362	6786	Pasteurellaceae	Actinobacillus indolicus	6214.0	1362	55	55	1289	0.9862280030604438	0.959618208516887	0.94640234948605	0.8729342771900264	0.91570884
AY362899	1362	6810	Pasteurellaceae	Actinobacillus suis	AY362892	1364	6820	Pasteurellaceae	Actinobacillus lignieresii	6596.0	1362	18	16	1337	0.9933135215453195	0.9882525697503671	0.9816446402349486	0.9574591925769861	0.9685756
AY362899	1362	6810	Pasteurellaceae	Actinobacillus suis	AY362889	1365	6819	Pasteurellaceae	Actinobacillus delphinicola	6281.0	1362	40	37	1300	0.9811320754716981	0.972834067547724	0.9544787077826725	0.902057266627704	0.9223201
AY362899	1362	6810	Pasteurellaceae	Actinobacillus suis	AF381186	1362	6738	Pasteurellaceae	Actinobacillus equuli subsp. equuli	6744.0	1362	0	0	1348	0.9897209985315712	1.0	0.9897209985315712	0.9897209985315712	1.0008905
AY362899	1362	6810	Pasteurellaceae	Actinobacillus suis	AY362900	1360	6800	Pasteurellaceae	Actinobacillus ureae	6638.0	1360	9	9	1341	0.9925980754996299	0.9933823529411765	0.9860294117647059	0.9730648175997938	0.9761765
AY362897	1364	6820	Pasteurellaceae	Actinobacillus seminis	AF247716	1461	7305	Pasteurellaceae	Actinobacillus equuli subsp. haemolyticus	6100.0	1364	55	57	1278	0.9778117827084928	0.959618208516887	0.9369501466275659	0.8629977742369476	0.89442813
AY362897	1364	6820	Pasteurellaceae	Actinobacillus seminis	AF024525	1488	7440	Pasteurellaceae	Actinobacillus succinogenes	6242.0	1364	49	48	1296	0.9848024316109423	0.9648093841642229	0.9501466275659824	0.8849207090423447	0.9152493
AY362897	1364	6820	Pasteurellaceae	Actinobacillus seminis	M75074	1478	7306	Pasteurellaceae	Actinobacillus pleuropneumoniae	6108.0	1364	53	53	1278	0.9748283752860412	0.9611436950146628	0.9369501466275659	0.8668607214034855	0.89560115
AY362897	1364	6820	Pasteurellaceae	Actinobacillus seminis	L06084	1485	7377	Pasteurellaceae	Actinobacillus arthritidis	6092.0	1364	50	52	1277	0.9733231707317073	0.9632892804698973	0.9362170087976539	0.8686822599310622	0.8932551
AY362897	1364	6820	Pasteurellaceae	Actinobacillus seminis	AY362895	1364	6784	Pasteurellaceae	Actinobacillus rossii	6177.0	1364	41	41	1286	0.9720332577475435	0.9699413489736071	0.9428152492668622	0.8877897329395437	0.9105248
AY362897	1364	6820	Pasteurellaceae	Actinobacillus seminis	AY172727	1450	7244	Pasteurellaceae	Actinobacillus anseriformium	6084.0	1361	63	65	1274	0.9830246913580247	0.9536423841059603	0.9360764144011756	0.8519347142302834	0.8920821
AY362897	1364	6820	Pasteurellaceae	Actinobacillus seminis	AY362891	1362	6786	Pasteurellaceae	Actinobacillus indolicus	6245.0	1364	38	40	1294	0.9773413897280967	0.9720998531571219	0.9486803519061584	0.8959007032266431	0.92027706
AY362897	1364	6820	Pasteurellaceae	Actinobacillus seminis	AY362892	1364	6820	Pasteurellaceae	Actinobacillus lignieresii	6160.0	1364	51	51	1286	0.9794364051789795	0.9626099706744868	0.9428152492668622	0.874852595256106	0.9032258
AY362897	1364	6820	Pasteurellaceae	Actinobacillus seminis	AY362889	1365	6819	Pasteurellaceae	Actinobacillus delphinicola	6086.0	1364	56	55	1278	0.9763177998472116	0.9596774193548387	0.9369501466275659	0.8637096774193549	0.89250624
AY362897	1364	6820	Pasteurellaceae	Actinobacillus seminis	AF381186	1362	6738	Pasteurellaceae	Actinobacillus equuli subsp. equuli	6073.0	1364	53	55	1271	0.970970206264324	0.9610866372980911	0.9318181818181818	0.8607974594213126	0.90130603
AY362897	1364	6820	Pasteurellaceae	Actinobacillus seminis	AY362900	1360	6800	Pasteurellaceae	Actinobacillus ureae	6065.0	1362	60	62	1273	0.9792307692307692	0.9558823529411765	0.9346549192364171	0.8544665225086795	0.89191175
AF247716	1461	7305	Pasteurellaceae	Actinobacillus equuli subsp. haemolyticus	AF024525	1488	7440	Pasteurellaceae	Actinobacillus succinogenes	6617.0	1459	61	57	1378	0.9828815977175464	0.9609321453050035	0.9444825222755312	0.8711608527830887	0.9058179
AF247716	1461	7305	Pasteurellaceae	Actinobacillus equuli subsp. haemolyticus	M75074	1478	7306	Pasteurellaceae	Actinobacillus pleuropneumoniae	6877.0	1450	27	24	1403	0.9838709677419355	0.983448275862069	0.9675862068965517	0.9341759858053369	0.94141
AF247716	1461	7305	Pasteurellaceae	Actinobacillus equuli subsp. haemolyticus	L06084	1485	7377	Pasteurellaceae	Actinobacillus arthritidis	6987.0	1459	28	27	1420	0.9916201117318436	0.9814941740918437	0.9732693625771076	0.9372708320177661	0.95646816
AF247716	1461	7305	Pasteurellaceae	Actinobacillus equuli subsp. haemolyticus	AY362895	1364	6784	Pasteurellaceae	Actinobacillus rossii	6290.0	1362	50	48	1298	0.9878234398782344	0.9647577092511013	0.9530102790014684	0.8868665060962673	0.9271816
AF247716	1461	7305	Pasteurellaceae	Actinobacillus equuli subsp. haemolyticus	AY172727	1450	7244	Pasteurellaceae	Actinobacillus anseriformium	6876.0	1449	31	30	1406	0.9908386187455955	0.979296066252588	0.9703243616287095	0.9303312629399586	0.9491993
AF247716	1461	7305	Pasteurellaceae	Actinobacillus equuli subsp. haemolyticus	AY362891	1362	6786	Pasteurellaceae	Actinobacillus indolicus	6258.0	1362	51	51	1295	0.9877955758962624	0.9625550660792952	0.9508076358296622	0.882171840461916	0.92219275
AF247716	1461	7305	Pasteurellaceae	Actinobacillus equuli subsp. haemolyticus	AY362892	1364	6820	Pasteurellaceae	Actinobacillus lignieresii	6546.0	1362	26	24	1330	0.9940209267563528	0.9823788546255506	0.9765051395007343	0.9413284413919181	0.959824
AF247716	1461	7305	Pasteurellaceae	Actinobacillus equuli subsp. haemolyticus	AY362889	1365	6819	Pasteurellaceae	Actinobacillus delphinicola	6280.0	1362	39	36	1300	0.9803921568627451	0.973568281938326	0.9544787077826725	0.9033824172161483	0.92095613
AF247716	1461	7305	Pasteurellaceae	Actinobacillus equuli subsp. haemolyticus	AF381186	1362	6738	Pasteurellaceae	Actinobacillus equuli subsp. equuli	6744.0	1362	0	0	1348	0.9897209985315712	1.0	0.9897209985315712	0.9897209985315712	1.0008905
AF247716	1461	7305	Pasteurellaceae	Actinobacillus equuli subsp. haemolyticus	AY362900	1360	6800	Pasteurellaceae	Actinobacillus ureae	6545.0	1360	21	21	1329	0.9925317401045557	0.9845588235294118	0.9772058823529411	0.9474863696383694	0.9625
AF024525	1488	7440	Pasteurellaceae	Actinobacillus succinogenes	M75074	1478	7306	Pasteurellaceae	Actinobacillus pleuropneumoniae	6708.0	1479	47	48	1395	0.9748427672955975	0.9682002706359946	0.9432048681541582	0.8844863475285717	0.9181495
AF024525	1488	7440	Pasteurellaceae	Actinobacillus succinogenes	L06084	1485	7377	Pasteurellaceae	Actinobacillus arthritidis	6678.0	1488	59	62	1394	0.9775596072931276	0.9602693602693603	0.9368279569892473	0.8635531135531135	0.905246
AF024525	1488	7440	Pasteurellaceae	Actinobacillus succinogenes	AY362895	1364	6784	Pasteurellaceae	Actinobacillus rossii	6184.0	1365	43	44	1288	0.9750189250567751	0.968475073313783	0.9435897435897436	0.8852855477855478	0.9115566
AF024525	1488	7440	Pasteurellaceae	Actinobacillus succinogenes	AY172727	1450	7244	Pasteurellaceae	Actinobacillus anseriformium	6593.0	1453	49	52	1373	0.9800142755174875	0.9662068965517241	0.9449415003441156	0.8814001611065951	0.9101325
AF024525	1488	7440	Pasteurellaceae	Actinobacillus succinogenes	AY362891	1362	6786	Pasteurellaceae	Actinobacillus indolicus	6184.0	1365	43	46	1287	0.9757391963608795	0.9684287812041116	0.9428571428571428	0.8832589285714285	0.91128796
AF024525	1488	7440	Pasteurellaceae	Actinobacillus succinogenes	AY362892	1364	6820	Pasteurellaceae	Actinobacillus lignieresii	6218.0	1365	46	47	1293	0.9810318664643399	0.966275659824047	0.9472527472527472	0.8848186540603266	0.91173023
AF024525	1488	7440	Pasteurellaceae	Actinobacillus succinogenes	AY362889	1365	6819	Pasteurellaceae	Actinobacillus delphinicola	6110.0	1365	51	51	1281	0.9748858447488584	0.9626373626373627	0.9384615384615385	0.8708604954367667	0.89602584
AF024525	1488	7440	Pasteurellaceae	Actinobacillus succinogenes	AF381186	1362	6738	Pasteurellaceae	Actinobacillus equuli subsp. equuli	6110.0	1365	57	60	1274	0.9762452107279693	0.9581497797356828	0.9333333333333333	0.8565400843881856	0.9067973
AF024525	1488	7440	Pasteurellaceae	Actinobacillus succinogenes	AY362900	1360	6800	Pasteurellaceae	Actinobacillus ureae	6109.0	1363	56	59	1278	0.9800613496932515	0.9588235294117647	0.9376375641966251	0.8616486143145872	0.89838237
M75074	1478	7306	Pasteurellaceae	Actinobacillus pleuropneumoniae	L06084	1485	7377	Pasteurellaceae	Actinobacillus arthritidis	6927.0	1478	22	24	1419	0.9759284731774416	0.9850948509485095	0.9600811907983762	0.930638700947226	0.9481248
M75074	1478	7306	Pasteurellaceae	Actinobacillus pleuropneumoniae	AY362895	1364	6784	Pasteurellaceae	Actinobacillus rossii	6227.0	1364	42	42	1290	0.9757942511346445	0.969208211143695	0.9457478005865103	0.8892450870379562	0.917895
M75074	1478	7306	Pasteurellaceae	Actinobacillus pleuropneumoniae	AY172727	1450	7244	Pasteurellaceae	Actinobacillus anseriformium	6760.0	1450	25	27	1390	0.9768095572733662	0.9827348066298343	0.9586206896551724	0.9248252483927528	0.9331861
M75074	1478	7306	Pasteurellaceae	Actinobacillus pleuropneumoniae	AY362891	1362	6786	Pasteurellaceae	Actinobacillus indolicus	6160.0	1364	52	54	1281	0.9778625954198473	0.9618208516886931	0.9391495601173021	0.8688459913514588	0.90775126
M75074	1478	7306	Pasteurellaceae	Actinobacillus pleuropneumoniae	AY362892	1364	6820	Pasteurellaceae	Actinobacillus lignieresii	6716.0	1364	2	2	1350	0.9911894273127754	0.998533724340176	0.9897360703812317	0.9868378681253569	0.98475075
M75074	1478	7306	Pasteurellaceae	Actinobacillus pleuropneumoniae	AY362889	1365	6819	Pasteurellaceae	Actinobacillus delphinicola	6181.0	1364	38	37	1288	0.9706103993971364	0.9728739002932552	0.9442815249266863	0.893767178015487	0.9064379
M75074	1478	7306	Pasteurellaceae	Actinobacillus pleuropneumoniae	AF381186	1362	6738	Pasteurellaceae	Actinobacillus equuli subsp. equuli	6480.0	1364	13	15	1315	0.9747961452928094	0.9904552129221733	0.9640762463343109	0.9444726625308535	0.9617097
M75074	1478	7306	Pasteurellaceae	Actinobacillus pleuropneumoniae	AY362900	1360	6800	Pasteurellaceae	Actinobacillus ureae	6485.0	1361	13	15	1321	0.9814264487369985	0.9904341427520236	0.97060984570169	0.9508303146393556	0.95367646
L06084	1485	7377	Pasteurellaceae	Actinobacillus arthritidis	AY362895	1364	6784	Pasteurellaceae	Actinobacillus rossii	6275.0	1362	49	47	1295	0.9847908745247148	0.9654919236417033	0.9508076358296622	0.8861176761984448	0.9249705
L06084	1485	7377	Pasteurellaceae	Actinobacillus arthritidis	AY172727	1450	7244	Pasteurellaceae	Actinobacillus anseriformium	6821.0	1450	33	33	1398	0.9865913902611151	0.9772413793103448	0.9641379310344828	0.9212295672797451	0.9416068
L06084	1485	7377	Pasteurellaceae	Actinobacillus arthritidis	AY362891	1362	6786	Pasteurellaceae	Actinobacillus indolicus	6195.0	1362	53	53	1286	0.9824293353705118	0.9610866372980911	0.9441997063142438	0.8734681382087245	0.9129089
L06084	1485	7377	Pasteurellaceae	Actinobacillus arthritidis	AY362892	1364	6820	Pasteurellaceae	Actinobacillus lignieresii	6470.0	1362	25	23	1321	0.9865571321882002	0.9831130690161527	0.9698972099853157	0.9363319136051461	0.94868034
L06084	1485	7377	Pasteurellaceae	Actinobacillus arthritidis	AY362889	1365	6819	Pasteurellaceae	Actinobacillus delphinicola	6193.0	1362	48	45	1288	0.9779802581624905	0.9669603524229075	0.9456681350954479	0.8832942793763865	0.9081977
L06084	1485	7377	Pasteurellaceae	Actinobacillus arthritidis	AF381186	1362	6738	Pasteurellaceae	Actinobacillus equuli subsp. equuli	6557.0	1362	17	17	1324	0.9843866171003718	0.9875183553597651	0.9720998531571219	0.9481321990546258	0.97313744
L06084	1485	7377	Pasteurellaceae	Actinobacillus arthritidis	AY362900	1360	6800	Pasteurellaceae	Actinobacillus ureae	6569.0	1360	12	12	1332	0.9881305637982196	0.9911764705882353	0.9794117647058823	0.962279197393243	0.9660294
AY362895	1364	6784	Pasteurellaceae	Actinobacillus rossii	AY172727	1450	7244	Pasteurellaceae	Actinobacillus anseriformium	6284.0	1361	49	51	1297	0.9900763358778626	0.963944076526858	0.9529757531227039	0.8853888202771221	0.9262972
AY362895	1364	6784	Pasteurellaceae	Actinobacillus rossii	AY362891	1362	6786	Pasteurellaceae	Actinobacillus indolicus	6360.0	1364	30	32	1304	0.978978978978979	0.9779735682819384	0.9560117302052786	0.9134918397657326	0.9375
AY362895	1364	6784	Pasteurellaceae	Actinobacillus rossii	AY362892	1364	6820	Pasteurellaceae	Actinobacillus lignieresii	6294.0	1364	45	45	1300	0.9855951478392722	0.967008797653959	0.9530791788856305	0.8922011617815094	0.9277712
AY362895	1364	6784	Pasteurellaceae	Actinobacillus rossii	AY362889	1365	6819	Pasteurellaceae	Actinobacillus delphinicola	6310.0	1364	29	28	1303	0.9752994011976048	0.9794721407624634	0.9552785923753666	0.9161896621776667	0.9301297
AY362895	1364	6784	Pasteurellaceae	Actinobacillus rossii	AF381186	1362	6738	Pasteurellaceae	Actinobacillus equuli subsp. equuli	6292.0	1364	38	40	1294	0.9773413897280967	0.9720998531571219	0.9486803519061584	0.8959007032266431	0.93380827
AY362895	1364	6784	Pasteurellaceae	Actinobacillus rossii	AY362900	1360	6800	Pasteurellaceae	Actinobacillus ureae	6311.0	1362	41	43	1300	0.9855951478392722	0.9698529411764706	0.9544787077826725	0.8973324416003884	0.9302771
AY172727	1450	7244	Pasteurellaceae	Actinobacillus anseriformium	AY362891	1362	6786	Pasteurellaceae	Actinobacillus indolicus	6256.0	1359	50	50	1295	0.9893048128342246	0.9632082413539367	0.9529065489330389	0.8852765596546117	0.921898
AY172727	1450	7244	Pasteurellaceae	Actinobacillus anseriformium	AY362892	1364	6820	Pasteurellaceae	Actinobacillus lignieresii	6403.0	1359	27	25	1314	0.9850074962518741	0.9816041206769683	0.9668874172185431	0.9306116988236194	0.9388563
AY172727	1450	7244	Pasteurellaceae	Actinobacillus anseriformium	AY362889	1365	6819	Pasteurellaceae	Actinobacillus delphinicola	6181.0	1359	49	46	1288	0.9809596344249809	0.9661515820456218	0.9477557027225901	0.8838091176667336	0.9064379
AY172727	1450	7244	Pasteurellaceae	Actinobacillus anseriformium	AF381186	1362	6738	Pasteurellaceae	Actinobacillus equuli subsp. equuli	6444.0	1359	24	24	1315	0.9850187265917603	0.9823399558498896	0.9676232523914643	0.9340397989462075	0.9563669
AY172727	1450	7244	Pasteurellaceae	Actinobacillus anseriformium	AY362900	1360	6800	Pasteurellaceae	Actinobacillus ureae	6421.0	1357	23	23	1315	0.9857571214392804	0.9830508474576272	0.9690493736182756	0.9367477278309997	0.9442647
AY362891	1362	6786	Pasteurellaceae	Actinobacillus indolicus	AY362892	1364	6820	Pasteurellaceae	Actinobacillus lignieresii	6212.0	1362	55	53	1289	0.9847211611917495	0.9610866372980911	0.94640234948605	0.8742700603226812	0.9154141
AY362891	1362	6786	Pasteurellaceae	Actinobacillus indolicus	AY362889	1365	6819	Pasteurellaceae	Actinobacillus delphinicola	6259.0	1362	41	38	1296	0.9788519637462235	0.9720998531571219	0.9515418502202643	0.89796251581727	0.9223401
AY362891	1362	6786	Pasteurellaceae	Actinobacillus indolicus	AF381186	1362	6738	Pasteurellaceae	Actinobacillus equuli subsp. equuli	6220.0	1362	53	53	1286	0.9824293353705118	0.9610866372980911	0.9441997063142438	0.8734681382087245	0.9231226
AY362891	1362	6786	Pasteurellaceae	Actinobacillus indolicus	AY362900	1360	6800	Pasteurellaceae	Actinobacillus ureae	6218.0	1360	51	51	1289	0.9847211611917495	0.9625	0.9477941176470588	0.8792788802267895	0.9162983
AY362892	1364	6820	Pasteurellaceae	Actinobacillus lignieresii	AY362889	1365	6819	Pasteurellaceae	Actinobacillus delphinicola	6235.0	1364	39	38	1296	0.9773755656108597	0.9721407624633431	0.9501466275659824	0.898000305169275	0.91435695
AY362892	1364	6820	Pasteurellaceae	Actinobacillus lignieresii	AF381186	1362	6738	Pasteurellaceae	Actinobacillus equuli subsp. equuli	6556.0	1364	14	16	1326	0.983679525222552	0.9897209985315712	0.9721407624633431	0.9509765949205998	0.972989
AY362892	1364	6820	Pasteurellaceae	Actinobacillus lignieresii	AY362900	1360	6800	Pasteurellaceae	Actinobacillus ureae	6558.0	1362	12	14	1332	0.9881305637982196	0.9911764705882353	0.9779735682819384	0.9594675182271127	0.96441174
AY362889	1365	6819	Pasteurellaceae	Actinobacillus delphinicola	AF381186	1362	6738	Pasteurellaceae	Actinobacillus equuli subsp. equuli	6261.0	1365	33	36	1294	0.9736644093303235	0.9757709251101322	0.947985347985348	0.9011963715826377	0.9292075
AY362889	1365	6819	Pasteurellaceae	Actinobacillus delphinicola	AY362900	1360	6800	Pasteurellaceae	Actinobacillus ureae	6275.0	1363	39	42	1298	0.9825889477668432	0.9713235294117647	0.9523110785033015	0.8972916795312847	0.9227941
AF381186	1362	6738	Pasteurellaceae	Actinobacillus equuli subsp. equuli	AY362900	1360	6800	Pasteurellaceae	Actinobacillus ureae	6573.0	1360	11	11	1327	0.9836916234247591	0.9919117647058824	0.975735294117647	0.960077980864118	0.975512
