AY822044	1473	7365	Nocardioidaceae	Aeromicrobium alkaliterrae	KJ874351	1512	7560	Nocardioidaceae	Aeromicrobium camelliae	6991.0	1473	18	16	1430	0.9814687714481812	0.9891378139850645	0.9708078750848609	0.9486700697509338	0.9492193
AY822044	1473	7365	Nocardioidaceae	Aeromicrobium alkaliterrae	AB245387	1470	7350	Nocardioidaceae	Aeromicrobium panaciterrae	7033.0	1461	21	22	1428	0.9923558026407228	0.9856164383561644	0.9774127310061602	0.9490532523062514	0.95687073
AY822044	1473	7365	Nocardioidaceae	Aeromicrobium alkaliterrae	AY166703	1280	6388	Nocardioidaceae	Aeromicrobium marinum	6206.0	1280	11	11	1256	0.9897557131599685	0.99140625	0.98125	0.9645284663051897	0.9715091
AY822044	1473	7365	Nocardioidaceae	Aeromicrobium alkaliterrae	AB245394	1483	7415	Nocardioidaceae	Aeromicrobium ginsengisoli	7085.0	1461	14	14	1435	0.9917069799585349	0.9904175222450377	0.9822039698836413	0.9635587419807655	0.96198237
AY822044	1473	7365	Nocardioidaceae	Aeromicrobium alkaliterrae	FJ042789	1358	6790	Nocardioidaceae	Aeromicrobium halocynthiae	6509.0	1358	17	17	1325	0.9880686055182699	0.9874815905743741	0.975699558173785	0.9515731690989423	0.9586156
AY822044	1473	7365	Nocardioidaceae	Aeromicrobium alkaliterrae	LN887956	1488	7440	Nocardioidaceae	Aeromicrobium choanae	7120.0	1473	18	17	1444	0.9917582417582418	0.988458927359131	0.9803122878479293	0.9573002623115929	0.9667345
AY822044	1473	7365	Nocardioidaceae	Aeromicrobium alkaliterrae	AF005021	1474	7370	Nocardioidaceae	Aeromicrobium erythreum	7103.0	1473	13	12	1443	0.9876796714579056	0.9918533604887984	0.9796334012219959	0.9631523547680593	0.96442634
AY822044	1473	7365	Nocardioidaceae	Aeromicrobium alkaliterrae	JF824798	1468	7340	Nocardioidaceae	Aeromicrobium massiliense	6950.0	1462	21	24	1420	0.9874826147426982	0.9856065798492117	0.9712722298221614	0.9418000448309294	0.9468665
AY822044	1473	7365	Nocardioidaceae	Aeromicrobium alkaliterrae	AF005022	1472	7360	Nocardioidaceae	Aeromicrobium fastidiosum	7113.0	1473	9	10	1444	0.987012987012987	0.9938858695652174	0.9803122878479293	0.9677441815934688	0.9664402
AY822044	1473	7365	Nocardioidaceae	Aeromicrobium alkaliterrae	EF133690	1427	7135	Nocardioidaceae	Aeromicrobium flavum	6769.0	1424	27	24	1383	0.9878571428571429	0.9831460674157303	0.9712078651685393	0.9370716824506927	0.9487036
AY822044	1473	7365	Nocardioidaceae	Aeromicrobium alkaliterrae	AM778683	1396	6980	Nocardioidaceae	Aeromicrobium ponti	6757.0	1397	9	10	1371	0.9884643114635905	0.9935530085959885	0.9813886900501074	0.9681266807251059	0.96805155
AY822044	1473	7365	Nocardioidaceae	Aeromicrobium alkaliterrae	DQ411541	1406	7030	Nocardioidaceae	Aeromicrobium tamlense	6700.0	1404	21	19	1367	0.9870036101083033	0.9864672364672364	0.9736467236467237	0.9463162892987454	0.9530583
KJ874351	1512	7560	Nocardioidaceae	Aeromicrobium camelliae	AB245387	1470	7350	Nocardioidaceae	Aeromicrobium panaciterrae	6840.0	1474	28	32	1411	0.978502080443828	0.9809523809523809	0.9572591587516961	0.9190197782423074	0.93061227
KJ874351	1512	7560	Nocardioidaceae	Aeromicrobium camelliae	AY166703	1280	6388	Nocardioidaceae	Aeromicrobium marinum	5961.0	1282	23	25	1228	0.9769291964996022	0.98203125	0.9578783151326054	0.9226460092886475	0.9331559
KJ874351	1512	7560	Nocardioidaceae	Aeromicrobium camelliae	AB245394	1483	7415	Nocardioidaceae	Aeromicrobium ginsengisoli	6914.0	1482	25	27	1424	0.9786941580756013	0.9831081081081081	0.9608636977058029	0.9277084805321454	0.93243426
KJ874351	1512	7560	Nocardioidaceae	Aeromicrobium camelliae	FJ042789	1358	6790	Nocardioidaceae	Aeromicrobium halocynthiae	6383.0	1360	25	27	1311	0.9834958739684921	0.9815905743740795	0.9639705882352941	0.9277781906986621	0.9400589
KJ874351	1512	7560	Nocardioidaceae	Aeromicrobium camelliae	LN887956	1488	7440	Nocardioidaceae	Aeromicrobium choanae	7006.0	1490	23	25	1438	0.9815699658703072	0.9845430107526881	0.9651006711409396	0.9344828045085766	0.94166666
KJ874351	1512	7560	Nocardioidaceae	Aeromicrobium camelliae	AF005021	1474	7370	Nocardioidaceae	Aeromicrobium erythreum	7039.0	1475	18	19	1436	0.9862637362637363	0.9877883310719131	0.9735593220338983	0.9494322658281018	0.9550882
KJ874351	1512	7560	Nocardioidaceae	Aeromicrobium camelliae	JF824798	1468	7340	Nocardioidaceae	Aeromicrobium massiliense	6962.0	1474	25	31	1425	0.9875259875259875	0.9829700272479565	0.9667571234735414	0.9306407799681923	0.94850135
KJ874351	1512	7560	Nocardioidaceae	Aeromicrobium camelliae	AF005022	1472	7360	Nocardioidaceae	Aeromicrobium fastidiosum	6952.0	1475	15	18	1426	0.9787234042553191	0.9898097826086957	0.9667796610169491	0.945367762484359	0.94456524
KJ874351	1512	7560	Nocardioidaceae	Aeromicrobium camelliae	EF133690	1427	7135	Nocardioidaceae	Aeromicrobium flavum	6661.0	1426	30	29	1371	0.9813886900501074	0.979663394109397	0.9614305750350631	0.9224715064038347	0.9335669
KJ874351	1512	7560	Nocardioidaceae	Aeromicrobium camelliae	AM778683	1396	6980	Nocardioidaceae	Aeromicrobium ponti	6558.0	1399	26	29	1347	0.9832116788321168	0.9813753581661891	0.9628305932809149	0.9256687107332305	0.9395415
KJ874351	1512	7560	Nocardioidaceae	Aeromicrobium camelliae	DQ411541	1406	7030	Nocardioidaceae	Aeromicrobium tamlense	6619.0	1406	28	28	1358	0.9854862119013063	0.9800853485064012	0.9658605974395448	0.9281421919607341	0.94153625
AB245387	1470	7350	Nocardioidaceae	Aeromicrobium panaciterrae	AY166703	1280	6388	Nocardioidaceae	Aeromicrobium marinum	6231.0	1278	10	8	1259	0.9913385826771653	0.9937402190923318	0.985133020344288	0.9713656334140107	0.9754227
AB245387	1470	7350	Nocardioidaceae	Aeromicrobium panaciterrae	AB245394	1483	7415	Nocardioidaceae	Aeromicrobium ginsengisoli	7242.0	1470	7	5	1458	0.995221843003413	0.9965986394557823	0.9918367346938776	0.9837784809252069	0.98530614
AB245387	1470	7350	Nocardioidaceae	Aeromicrobium panaciterrae	FJ042789	1358	6790	Nocardioidaceae	Aeromicrobium halocynthiae	6468.0	1356	19	17	1320	0.9858103061986557	0.9874631268436578	0.9734513274336283	0.9479646017699114	0.9525773
AB245387	1470	7350	Nocardioidaceae	Aeromicrobium panaciterrae	LN887956	1488	7440	Nocardioidaceae	Aeromicrobium choanae	7044.0	1469	24	22	1434	0.9910158949550795	0.9850238257317904	0.9761742682096665	0.9460979009372991	0.95836735
AB245387	1470	7350	Nocardioidaceae	Aeromicrobium panaciterrae	AF005021	1474	7370	Nocardioidaceae	Aeromicrobium erythreum	6937.0	1460	25	23	1418	0.9867780097425192	0.9842465753424657	0.9712328767123287	0.9398394907983949	0.9438095
AB245387	1470	7350	Nocardioidaceae	Aeromicrobium panaciterrae	JF824798	1468	7340	Nocardioidaceae	Aeromicrobium massiliense	6921.0	1469	20	22	1420	0.9813407049067036	0.9863667348329925	0.966643975493533	0.9393779936461667	0.94291556
AB245387	1470	7350	Nocardioidaceae	Aeromicrobium panaciterrae	AF005022	1472	7360	Nocardioidaceae	Aeromicrobium fastidiosum	7047.0	1460	19	19	1430	0.9923664122137404	0.986986301369863	0.9794520547945206	0.9542869580519974	0.9587755
AB245387	1470	7350	Nocardioidaceae	Aeromicrobium panaciterrae	EF133690	1427	7135	Nocardioidaceae	Aeromicrobium flavum	6843.0	1423	24	20	1392	0.99215965787598	0.9859451862262825	0.9782150386507379	0.9484697299426297	0.959075
AB245387	1470	7350	Nocardioidaceae	Aeromicrobium panaciterrae	AM778683	1396	6980	Nocardioidaceae	Aeromicrobium ponti	6602.0	1396	25	25	1352	0.9861415025528811	0.9820916905444126	0.9684813753581661	0.9344039166896874	0.94584525
AB245387	1470	7350	Nocardioidaceae	Aeromicrobium panaciterrae	DQ411541	1406	7030	Nocardioidaceae	Aeromicrobium tamlense	6697.0	1403	20	17	1367	0.9862914862914863	0.9878831076265147	0.9743406985032074	0.9490064709244169	0.9526316
AY166703	1280	6388	Nocardioidaceae	Aeromicrobium marinum	AB245394	1483	7415	Nocardioidaceae	Aeromicrobium ginsengisoli	6304.0	1280	1	2	1268	0.9921752738654147	0.9992181391712275	0.990625	0.9883050351288056	0.9868503
AY166703	1280	6388	Nocardioidaceae	Aeromicrobium marinum	FJ042789	1358	6790	Nocardioidaceae	Aeromicrobium halocynthiae	6146.0	1280	16	16	1249	0.9881329113924051	0.9875	0.97578125	0.9516878858024692	0.9621165
AY166703	1280	6388	Nocardioidaceae	Aeromicrobium marinum	LN887956	1488	7440	Nocardioidaceae	Aeromicrobium choanae	6139.0	1280	15	14	1249	0.9865718799368088	0.9890625	0.97578125	0.953929777992278	0.96102065
AY166703	1280	6388	Nocardioidaceae	Aeromicrobium marinum	AF005021	1474	7370	Nocardioidaceae	Aeromicrobium erythreum	6087.0	1280	17	16	1243	0.9833860759493671	0.9875	0.97109375	0.9463858905165766	0.9528804
AY166703	1280	6388	Nocardioidaceae	Aeromicrobium marinum	JF824798	1468	7340	Nocardioidaceae	Aeromicrobium massiliense	5968.0	1280	24	26	1229	0.9800637958532695	0.9812206572769953	0.96015625	0.9233404428680982	0.9342517
AY166703	1280	6388	Nocardioidaceae	Aeromicrobium marinum	AF005022	1472	7360	Nocardioidaceae	Aeromicrobium fastidiosum	6172.0	1280	9	11	1252	0.9866036249014972	0.9929577464788732	0.978125	0.9629485065942592	0.9661866
AY166703	1280	6388	Nocardioidaceae	Aeromicrobium marinum	EF133690	1427	7135	Nocardioidaceae	Aeromicrobium flavum	6071.0	1280	21	20	1241	0.984920634920635	0.984375	0.96953125	0.9389772290545734	0.9503757
AY166703	1280	6388	Nocardioidaceae	Aeromicrobium marinum	AM778683	1396	6980	Nocardioidaceae	Aeromicrobium ponti	6143.0	1280	19	19	1249	0.9904837430610627	0.98515625	0.97578125	0.9472364559276366	0.96164685
AY166703	1280	6388	Nocardioidaceae	Aeromicrobium marinum	DQ411541	1406	7030	Nocardioidaceae	Aeromicrobium tamlense	6103.0	1280	17	16	1245	0.9849683544303798	0.9875	0.97265625	0.9479086353122591	0.9553851
AB245394	1483	7415	Nocardioidaceae	Aeromicrobium ginsengisoli	FJ042789	1358	6790	Nocardioidaceae	Aeromicrobium halocynthiae	6542.0	1357	14	13	1329	0.9888392857142857	0.9904200442151806	0.9793662490788504	0.9600789487687637	0.9634757
AB245394	1483	7415	Nocardioidaceae	Aeromicrobium ginsengisoli	LN887956	1488	7440	Nocardioidaceae	Aeromicrobium choanae	7084.0	1471	15	14	1440	0.9883321894303363	0.990482664853841	0.9789259007477906	0.9598216940710168	0.9553608
AB245394	1483	7415	Nocardioidaceae	Aeromicrobium ginsengisoli	AF005021	1474	7370	Nocardioidaceae	Aeromicrobium erythreum	6985.0	1461	21	20	1424	0.9882026370575989	0.9863107460643394	0.974674880219028	0.9477101905503506	0.9477612
AB245394	1483	7415	Nocardioidaceae	Aeromicrobium ginsengisoli	JF824798	1468	7340	Nocardioidaceae	Aeromicrobium massiliense	6926.0	1470	21	24	1421	0.9827109266943291	0.9856850715746421	0.9666666666666667	0.9374916163648558	0.9435967
AB245394	1483	7415	Nocardioidaceae	Aeromicrobium ginsengisoli	AF005022	1472	7360	Nocardioidaceae	Aeromicrobium fastidiosum	7094.0	1461	12	13	1436	0.9917127071823204	0.9917808219178083	0.9828884325804244	0.9662066872888353	0.9638587
AB245394	1483	7415	Nocardioidaceae	Aeromicrobium ginsengisoli	EF133690	1427	7135	Nocardioidaceae	Aeromicrobium flavum	6852.0	1423	20	17	1393	0.9907539118065434	0.9880534082923401	0.9789177793394237	0.9538173234589256	0.9603364
AB245394	1483	7415	Nocardioidaceae	Aeromicrobium ginsengisoli	AM778683	1396	6980	Nocardioidaceae	Aeromicrobium ponti	6676.0	1397	20	21	1361	0.9890988372093024	0.9856733524355301	0.9742304939155333	0.946041749913743	0.956447
AB245394	1483	7415	Nocardioidaceae	Aeromicrobium ginsengisoli	DQ411541	1406	7030	Nocardioidaceae	Aeromicrobium tamlense	6723.0	1404	19	17	1370	0.9877433309300648	0.9878917378917379	0.9757834757834758	0.9510974567193822	0.95633
FJ042789	1358	6790	Nocardioidaceae	Aeromicrobium halocynthiae	LN887956	1488	7440	Nocardioidaceae	Aeromicrobium choanae	6531.0	1358	16	15	1328	0.9888309754281459	0.9889543446244478	0.9779086892488954	0.9558452472061619	0.96185565
FJ042789	1358	6790	Nocardioidaceae	Aeromicrobium halocynthiae	AF005021	1474	7370	Nocardioidaceae	Aeromicrobium erythreum	6521.0	1358	22	21	1326	0.9917726252804787	0.9845360824742269	0.9764359351988218	0.946010757507844	0.96038294
FJ042789	1358	6790	Nocardioidaceae	Aeromicrobium halocynthiae	JF824798	1468	7340	Nocardioidaceae	Aeromicrobium massiliense	6325.0	1358	33	35	1303	0.9848828420256992	0.9756637168141593	0.959499263622975	0.9125934764724629	0.93151695
FJ042789	1358	6790	Nocardioidaceae	Aeromicrobium halocynthiae	AF005022	1472	7360	Nocardioidaceae	Aeromicrobium fastidiosum	6411.0	1358	24	26	1313	0.9857357357357357	0.9823008849557522	0.9668630338733432	0.9318824610125132	0.94418263
FJ042789	1358	6790	Nocardioidaceae	Aeromicrobium halocynthiae	EF133690	1427	7135	Nocardioidaceae	Aeromicrobium flavum	6429.0	1358	26	25	1316	0.9872468117029257	0.9815905743740795	0.9690721649484536	0.9333621357487635	0.94683355
FJ042789	1358	6790	Nocardioidaceae	Aeromicrobium halocynthiae	AM778683	1396	6980	Nocardioidaceae	Aeromicrobium ponti	6531.0	1358	21	21	1327	0.9925205684367988	0.9845360824742269	0.9771723122238586	0.9474107189581573	0.96185565
FJ042789	1358	6790	Nocardioidaceae	Aeromicrobium halocynthiae	DQ411541	1406	7030	Nocardioidaceae	Aeromicrobium tamlense	6486.0	1358	23	21	1323	0.9895287958115183	0.9845360824742269	0.9742268041237113	0.9431869928409863	0.95522827
LN887956	1488	7440	Nocardioidaceae	Aeromicrobium choanae	AF005021	1474	7370	Nocardioidaceae	Aeromicrobium erythreum	7059.0	1474	22	22	1437	0.9896694214876033	0.9850746268656716	0.9748982360922659	0.9462247585601404	0.9578019
LN887956	1488	7440	Nocardioidaceae	Aeromicrobium choanae	JF824798	1468	7340	Nocardioidaceae	Aeromicrobium massiliense	6959.0	1472	23	27	1425	0.986159169550173	0.9843324250681199	0.9680706521739131	0.9356937072851536	0.94809264
LN887956	1488	7440	Nocardioidaceae	Aeromicrobium choanae	AF005022	1472	7360	Nocardioidaceae	Aeromicrobium fastidiosum	7004.0	1474	20	22	1431	0.9855371900826446	0.9864130434782609	0.9708276797829036	0.943535335371336	0.9516304
LN887956	1488	7440	Nocardioidaceae	Aeromicrobium choanae	EF133690	1427	7135	Nocardioidaceae	Aeromicrobium flavum	6983.0	1425	8	6	1409	0.992952783650458	0.9957894736842106	0.9887719298245614	0.9791119109707276	0.9786966
LN887956	1488	7440	Nocardioidaceae	Aeromicrobium choanae	AM778683	1396	6980	Nocardioidaceae	Aeromicrobium ponti	6664.0	1398	24	26	1359	0.9905247813411079	0.9828080229226361	0.9721030042918455	0.937922167291429	0.95472777
LN887956	1488	7440	Nocardioidaceae	Aeromicrobium choanae	DQ411541	1406	7030	Nocardioidaceae	Aeromicrobium tamlense	6890.0	1405	5	4	1390	0.9921484653818701	0.9971530249110321	0.9893238434163701	0.9830090103732869	0.9800854
AF005021	1474	7370	Nocardioidaceae	Aeromicrobium erythreum	JF824798	1468	7340	Nocardioidaceae	Aeromicrobium massiliense	6952.0	1463	21	25	1420	0.9874826147426982	0.9856065798492117	0.9706083390293917	0.9405220967144645	0.94713897
AF005021	1474	7370	Nocardioidaceae	Aeromicrobium erythreum	AF005022	1472	7360	Nocardioidaceae	Aeromicrobium fastidiosum	7137.0	1474	9	11	1447	0.9890635680109364	0.9938858695652174	0.9816824966078698	0.9684433530258351	0.9697011
AF005021	1474	7370	Nocardioidaceae	Aeromicrobium erythreum	EF133690	1427	7135	Nocardioidaceae	Aeromicrobium flavum	6783.0	1425	29	27	1385	0.9907010014306151	0.9810526315789474	0.9719298245614035	0.9344964888148846	0.9506657
AF005021	1474	7370	Nocardioidaceae	Aeromicrobium erythreum	AM778683	1396	6980	Nocardioidaceae	Aeromicrobium ponti	6785.0	1398	9	11	1374	0.9906272530641672	0.9935530085959885	0.9828326180257511	0.968862005118491	0.97206306
AF005021	1474	7370	Nocardioidaceae	Aeromicrobium erythreum	DQ411541	1406	7030	Nocardioidaceae	Aeromicrobium tamlense	6722.0	1405	26	25	1369	0.9920289855072464	0.9822064056939501	0.9743772241992883	0.939650991890299	0.9561878
JF824798	1468	7340	Nocardioidaceae	Aeromicrobium massiliense	AF005022	1472	7360	Nocardioidaceae	Aeromicrobium fastidiosum	6897.0	1459	24	22	1414	0.9839944328462074	0.9849211788896505	0.9691569568197396	0.9390954463587092	0.93964577
JF824798	1468	7340	Nocardioidaceae	Aeromicrobium massiliense	EF133690	1427	7135	Nocardioidaceae	Aeromicrobium flavum	6748.0	1422	22	17	1382	0.9836298932384342	0.9880450070323488	0.9718706047819972	0.9456220219658629	0.9457603
JF824798	1468	7340	Nocardioidaceae	Aeromicrobium massiliense	AM778683	1396	6980	Nocardioidaceae	Aeromicrobium ponti	6562.0	1395	21	20	1348	0.9803636363636363	0.985663082437276	0.9663082437275986	0.9383289796083673	0.9401146
JF824798	1468	7340	Nocardioidaceae	Aeromicrobium massiliense	DQ411541	1406	7030	Nocardioidaceae	Aeromicrobium tamlense	6639.0	1402	25	21	1360	0.9847936278059377	0.985021398002853	0.9700427960057061	0.9387730212220603	0.94438124
AF005022	1472	7360	Nocardioidaceae	Aeromicrobium fastidiosum	EF133690	1427	7135	Nocardioidaceae	Aeromicrobium flavum	6811.0	1423	26	22	1388	0.9907209136331192	0.9845397048489107	0.9754040758959944	0.9430925537131043	0.95459
AF005022	1472	7360	Nocardioidaceae	Aeromicrobium fastidiosum	AM778683	1396	6980	Nocardioidaceae	Aeromicrobium ponti	6649.0	1396	16	16	1358	0.9840579710144928	0.9885386819484241	0.9727793696275072	0.950733378247847	0.9525788
AF005022	1472	7360	Nocardioidaceae	Aeromicrobium fastidiosum	DQ411541	1406	7030	Nocardioidaceae	Aeromicrobium tamlense	6659.0	1403	27	24	1362	0.9876722262509064	0.9828937990021382	0.9707769066286529	0.9361547931754632	0.94722617
EF133690	1427	7135	Nocardioidaceae	Aeromicrobium flavum	AM778683	1396	6980	Nocardioidaceae	Aeromicrobium ponti	6556.0	1393	30	33	1344	0.9882352941176471	0.9784172661870504	0.964824120603015	0.9221087870836967	0.939255
EF133690	1427	7135	Nocardioidaceae	Aeromicrobium flavum	DQ411541	1406	7030	Nocardioidaceae	Aeromicrobium tamlense	6795.0	1396	2	3	1375	0.9870782483847811	0.9985663082437276	0.9849570200573066	0.9814342839340687	0.9665718
AM778683	1396	6980	Nocardioidaceae	Aeromicrobium ponti	DQ411541	1406	7030	Nocardioidaceae	Aeromicrobium tamlense	6660.0	1396	26	23	1359	0.9898033503277495	0.9835243553008596	0.9734957020057307	0.9399504914584165	0.95415473
