KJ475138	1510	7550	Flavobacteriaceae	Algibacter psychrophilus	KP136798	1373	6865	Flavobacteriaceae	Algibacter amylolyticus	6530.0	1377	24	28	1334	0.9888806523350631	0.9825200291332847	0.9687726942628904	0.9328153922631257	0.95120174
KJ475138	1510	7550	Flavobacteriaceae	Algibacter psychrophilus	CP012898	1519	7595	Flavobacteriaceae	Algibacter alginicilyticus	7111.0	1510	27	33	1457	0.98645903859174	0.9820478723404256	0.9649006622516556	0.9272337528599188	0.9418543
KJ475138	1510	7550	Flavobacteriaceae	Algibacter psychrophilus	JN864025	1452	7260	Flavobacteriaceae	Algibacter agarivorans	6952.0	1457	18	23	1417	0.9881450488145049	0.987603305785124	0.9725463280713795	0.945512836918209	0.95757574
KJ475138	1510	7550	Flavobacteriaceae	Algibacter psychrophilus	JQ259859	1457	7285	Flavobacteriaceae	Algibacter aquimarinus	6773.0	1457	38	38	1397	0.9844961240310077	0.9739190116678106	0.9588194921070693	0.9100768289631648	0.9297186
KJ475138	1510	7550	Flavobacteriaceae	Algibacter psychrophilus	KC662118	1441	7205	Flavobacteriaceae	Algibacter miyuki	6844.0	1444	37	40	1397	0.9950142450142451	0.974323386537127	0.9674515235457064	0.9171518832263145	0.9498959
KJ475138	1510	7550	Flavobacteriaceae	Algibacter psychrophilus	HQ405792	1440	7200	Flavobacteriaceae	Algibacter aestuarii	6749.0	1441	39	41	1386	0.99	0.9728978457261988	0.9618320610687023	0.9098411388487725	0.9373611
KJ475138	1510	7550	Flavobacteriaceae	Algibacter psychrophilus	JN864027	1452	7260	Flavobacteriaceae	Algibacter agarilyticus	6988.0	1458	20	26	1421	0.99231843575419	0.9862258953168044	0.9746227709190672	0.9442894505792315	0.9625344
KJ475138	1510	7550	Flavobacteriaceae	Algibacter psychrophilus	HM475134	1442	7210	Flavobacteriaceae	Algibacter pectinivorans	6740.0	1444	35	37	1386	0.9850746268656716	0.9757281553398058	0.9598337950138505	0.9131076062099307	0.9348128
KJ475138	1510	7550	Flavobacteriaceae	Algibacter psychrophilus	AY187689	1427	7135	Flavobacteriaceae	Algibacter lectus	6760.0	1428	32	33	1382	0.9906810035842294	0.9775753328661527	0.9677871148459384	0.9247007021986877	0.9474422
KJ475138	1510	7550	Flavobacteriaceae	Algibacter psychrophilus	KC261664	1441	7205	Flavobacteriaceae	Algibacter undariae	6818.0	1444	34	37	1394	0.9907604832977968	0.9764052741151977	0.9653739612188366	0.9189994339884323	0.9462873
KJ475138	1510	7550	Flavobacteriaceae	Algibacter psychrophilus	AM491809	1473	7329	Flavobacteriaceae	Algibacter mikhailovii	6939.0	1474	32	33	1420	0.9854267869535045	0.978275627970129	0.9633649932157394	0.9217854948365741	0.94678676
KJ475138	1510	7550	Flavobacteriaceae	Algibacter psychrophilus	KC987358	1443	7215	Flavobacteriaceae	Algibacter wandonensis	6859.0	1444	32	33	1400	0.9922041105598866	0.9778239778239778	0.9695290858725761	0.9268330217928218	0.9506583
KP136798	1373	6865	Flavobacteriaceae	Algibacter amylolyticus	CP012898	1519	7595	Flavobacteriaceae	Algibacter alginicilyticus	6474.0	1373	21	23	1327	0.9829629629629629	0.9846827133479212	0.9664967225054625	0.9359903697147592	0.9430444
KP136798	1373	6865	Flavobacteriaceae	Algibacter amylolyticus	JN864025	1452	7260	Flavobacteriaceae	Algibacter agarivorans	6492.0	1373	19	19	1330	0.982274741506647	0.9861616897305171	0.9686817188638019	0.9422378213660833	0.94566643
KP136798	1373	6865	Flavobacteriaceae	Algibacter amylolyticus	JQ259859	1457	7285	Flavobacteriaceae	Algibacter aquimarinus	6517.0	1373	39	35	1332	0.9955156950672646	0.9745083758193737	0.9701383831026948	0.9192954366794658	0.9493081
KP136798	1373	6865	Flavobacteriaceae	Algibacter amylolyticus	KC662118	1441	7205	Flavobacteriaceae	Algibacter miyuki	6579.0	1373	20	19	1340	0.9896602658788775	0.9861616897305171	0.9759650400582666	0.9486408214205979	0.9583394
KP136798	1373	6865	Flavobacteriaceae	Algibacter amylolyticus	HQ405792	1440	7200	Flavobacteriaceae	Algibacter aestuarii	6469.0	1373	40	38	1326	0.9932584269662922	0.9723233794610342	0.965768390386016	0.9124563348657689	0.9423161
KP136798	1373	6865	Flavobacteriaceae	Algibacter amylolyticus	JN864027	1452	7260	Flavobacteriaceae	Algibacter agarilyticus	6509.0	1373	21	21	1332	0.985207100591716	0.9847050254916242	0.9701383831026948	0.9409089626648806	0.94814277
KP136798	1373	6865	Flavobacteriaceae	Algibacter amylolyticus	HM475134	1442	7210	Flavobacteriaceae	Algibacter pectinivorans	6644.0	1373	21	19	1347	0.9948301329394387	0.9861616897305171	0.9810633648943918	0.9529123357726015	0.9678077
KP136798	1373	6865	Flavobacteriaceae	Algibacter amylolyticus	AY187689	1427	7135	Flavobacteriaceae	Algibacter lectus	6550.0	1373	23	20	1337	0.9881744271988174	0.9854333576110706	0.9737800436999272	0.9437853861934108	0.9541151
KP136798	1373	6865	Flavobacteriaceae	Algibacter amylolyticus	KC261664	1441	7205	Flavobacteriaceae	Algibacter undariae	6497.0	1373	18	17	1331	0.9815634218289085	0.98761835396941	0.9694100509832484	0.9450179936256541	0.94639474
KP136798	1373	6865	Flavobacteriaceae	Algibacter amylolyticus	AM491809	1473	7329	Flavobacteriaceae	Algibacter mikhailovii	6551.0	1373	30	27	1333	0.9903417533432393	0.9803350327749454	0.9708667152221413	0.9314230924369225	0.95426077
KP136798	1373	6865	Flavobacteriaceae	Algibacter amylolyticus	KC987358	1443	7215	Flavobacteriaceae	Algibacter wandonensis	6566.0	1373	21	18	1339	0.9881918819188192	0.9868900218499636	0.9752367079388201	0.9479524671858689	0.95644575
CP012898	1519	7595	Flavobacteriaceae	Algibacter alginicilyticus	JN864025	1452	7260	Flavobacteriaceae	Algibacter agarivorans	6863.0	1451	26	25	1405	0.985273492286115	0.9827705031013094	0.9682977257064094	0.9348629362608936	0.9453168
CP012898	1519	7595	Flavobacteriaceae	Algibacter alginicilyticus	JQ259859	1457	7285	Flavobacteriaceae	Algibacter aquimarinus	6754.0	1451	36	30	1394	0.9809992962702322	0.9793246037215714	0.9607167470709855	0.9180756540604375	0.9271105
CP012898	1519	7595	Flavobacteriaceae	Algibacter alginicilyticus	KC662118	1441	7205	Flavobacteriaceae	Algibacter miyuki	6874.0	1438	19	16	1402	0.9859353023909986	0.9888734353268428	0.9749652294853964	0.9515446508773052	0.95405966
CP012898	1519	7595	Flavobacteriaceae	Algibacter alginicilyticus	HQ405792	1440	7200	Flavobacteriaceae	Algibacter aestuarii	6745.0	1435	38	34	1384	0.9878658101356174	0.9763066202090592	0.9644599303135889	0.9173172860620082	0.93680555
CP012898	1519	7595	Flavobacteriaceae	Algibacter alginicilyticus	JN864027	1452	7260	Flavobacteriaceae	Algibacter agarilyticus	6899.0	1452	23	23	1410	0.986703988803359	0.9841597796143251	0.9710743801652892	0.9407900266143717	0.9502755
CP012898	1519	7595	Flavobacteriaceae	Algibacter alginicilyticus	HM475134	1442	7210	Flavobacteriaceae	Algibacter pectinivorans	6774.0	1438	30	26	1390	0.9844192634560907	0.9819193324061196	0.9666203059805285	0.9297465068423066	0.9395284
CP012898	1519	7595	Flavobacteriaceae	Algibacter alginicilyticus	AY187689	1427	7135	Flavobacteriaceae	Algibacter lectus	6780.0	1422	20	15	1385	0.984363894811656	0.989451476793249	0.9739803094233473	0.9503400106509359	0.95024526
CP012898	1519	7595	Flavobacteriaceae	Algibacter alginicilyticus	KC261664	1441	7205	Flavobacteriaceae	Algibacter undariae	6873.0	1438	19	16	1402	0.9859353023909986	0.9888734353268428	0.9749652294853964	0.9515446508773052	0.9539209
CP012898	1519	7595	Flavobacteriaceae	Algibacter alginicilyticus	AM491809	1473	7329	Flavobacteriaceae	Algibacter mikhailovii	6952.0	1468	28	23	1421	0.9833910034602076	0.9843324250681199	0.967983651226158	0.9349842085707208	0.94856054
CP012898	1519	7595	Flavobacteriaceae	Algibacter alginicilyticus	KC987358	1443	7215	Flavobacteriaceae	Algibacter wandonensis	6887.0	1438	18	13	1404	0.9852631578947368	0.9909596662030598	0.9763560500695411	0.9555682495529505	0.9545392
JN864025	1452	7260	Flavobacteriaceae	Algibacter agarivorans	JQ259859	1457	7285	Flavobacteriaceae	Algibacter aquimarinus	6707.0	1449	41	36	1387	0.9815994338287332	0.9751552795031055	0.9572118702553485	0.9077452165575888	0.9238292
JN864025	1452	7260	Flavobacteriaceae	Algibacter agarivorans	KC662118	1441	7205	Flavobacteriaceae	Algibacter miyuki	6765.0	1436	27	25	1388	0.9836995038979447	0.9825905292479109	0.9665738161559888	0.9322184925468902	0.9389313
JN864025	1452	7260	Flavobacteriaceae	Algibacter agarivorans	HQ405792	1440	7200	Flavobacteriaceae	Algibacter aestuarii	6703.0	1433	35	33	1379	0.985	0.9769713886950454	0.9623168178646196	0.9177408344757952	0.9309722
JN864025	1452	7260	Flavobacteriaceae	Algibacter agarivorans	JN864027	1452	7260	Flavobacteriaceae	Algibacter agarilyticus	6924.0	1447	22	22	1411	0.9901754385964913	0.9847961299239807	0.9751209398756047	0.9459137776192897	0.953719
JN864025	1452	7260	Flavobacteriaceae	Algibacter agarivorans	HM475134	1442	7210	Flavobacteriaceae	Algibacter pectinivorans	6754.0	1436	25	22	1387	0.9809052333804809	0.9846796657381616	0.9658774373259053	0.9348054047767489	0.9367545
JN864025	1452	7260	Flavobacteriaceae	Algibacter agarivorans	AY187689	1427	7135	Flavobacteriaceae	Algibacter lectus	6686.0	1423	29	25	1374	0.9828326180257511	0.9824314827828531	0.9655657062543921	0.9296562378399725	0.9370708
JN864025	1452	7260	Flavobacteriaceae	Algibacter agarivorans	KC261664	1441	7205	Flavobacteriaceae	Algibacter undariae	6708.0	1436	30	28	1381	0.9808238636363636	0.9805013927576601	0.9616991643454039	0.9236510391530209	0.93102014
JN864025	1452	7260	Flavobacteriaceae	Algibacter agarivorans	AM491809	1473	7329	Flavobacteriaceae	Algibacter mikhailovii	6606.0	1436	40	36	1368	0.9771428571428571	0.9749303621169917	0.9526462395543176	0.9035939941572119	0.90991735
JN864025	1452	7260	Flavobacteriaceae	Algibacter agarivorans	KC987358	1443	7215	Flavobacteriaceae	Algibacter wandonensis	6760.0	1436	27	23	1388	0.9823071479122435	0.983983286908078	0.9665738161559888	0.93353985114724	0.9369369
JQ259859	1457	7285	Flavobacteriaceae	Algibacter aquimarinus	KC662118	1441	7205	Flavobacteriaceae	Algibacter miyuki	6750.0	1444	34	37	1388	0.9864960909737029	0.9764052741151977	0.961218836565097	0.9150439127517533	0.9368494
JQ259859	1457	7285	Flavobacteriaceae	Algibacter aquimarinus	HQ405792	1440	7200	Flavobacteriaceae	Algibacter aestuarii	6817.0	1434	27	29	1391	0.9900355871886121	0.9811452513966481	0.9700139470013946	0.9328333987248182	0.94680554
JQ259859	1457	7285	Flavobacteriaceae	Algibacter aquimarinus	JN864027	1452	7260	Flavobacteriaceae	Algibacter agarilyticus	6704.0	1455	44	49	1387	0.9864864864864865	0.9696551724137931	0.9532646048109966	0.8941227714237899	0.92341596
JQ259859	1457	7285	Flavobacteriaceae	Algibacter aquimarinus	HM475134	1442	7210	Flavobacteriaceae	Algibacter pectinivorans	6873.0	1444	30	32	1402	0.9929178470254958	0.9791955617198336	0.9709141274238227	0.9300751342757378	0.95325935
JQ259859	1457	7285	Flavobacteriaceae	Algibacter aquimarinus	AY187689	1427	7135	Flavobacteriaceae	Algibacter lectus	6622.0	1428	38	39	1367	0.9841612670986322	0.9733707077785564	0.9572829131652661	0.9070027055842801	0.9281009
JQ259859	1457	7285	Flavobacteriaceae	Algibacter aquimarinus	KC261664	1441	7205	Flavobacteriaceae	Algibacter undariae	6639.0	1444	40	43	1375	0.9814418272662384	0.9722414989590562	0.9522160664819944	0.8989586988822602	0.92144346
JQ259859	1457	7285	Flavobacteriaceae	Algibacter aquimarinus	AM491809	1473	7329	Flavobacteriaceae	Algibacter mikhailovii	6813.0	1444	30	31	1394	0.9865534324133051	0.9792099792099792	0.9653739612188366	0.9254229356867137	0.93520933
JQ259859	1457	7285	Flavobacteriaceae	Algibacter aquimarinus	KC987358	1443	7215	Flavobacteriaceae	Algibacter wandonensis	6721.0	1444	38	39	1385	0.9857651245551602	0.9736659736659736	0.9591412742382271	0.9093073483837444	0.93153155
KC662118	1441	7205	Flavobacteriaceae	Algibacter miyuki	HQ405792	1440	7200	Flavobacteriaceae	Algibacter aestuarii	6621.0	1418	45	44	1361	0.9905385735080058	0.9689703808180536	0.9598025387870239	0.9014140043016888	0.9195833
KC662118	1441	7205	Flavobacteriaceae	Algibacter miyuki	JN864027	1452	7260	Flavobacteriaceae	Algibacter agarilyticus	6862.0	1441	25	27	1400	0.9900990099009901	0.9826268241834607	0.9715475364330326	0.9370860958501419	0.9523942
KC662118	1441	7205	Flavobacteriaceae	Algibacter miyuki	HM475134	1442	7210	Flavobacteriaceae	Algibacter pectinivorans	6860.0	1441	29	28	1400	0.9907997169143666	0.9805690492713394	0.9715475364330326	0.9338752850203231	0.9521166
KC662118	1441	7205	Flavobacteriaceae	Algibacter miyuki	AY187689	1427	7135	Flavobacteriaceae	Algibacter lectus	6953.0	1425	11	9	1406	0.9929378531073446	0.9936842105263158	0.9866666666666667	0.9729247910863511	0.97449195
KC662118	1441	7205	Flavobacteriaceae	Algibacter miyuki	KC261664	1441	7205	Flavobacteriaceae	Algibacter undariae	7027.0	1441	7	7	1421	0.9909344490934449	0.9951422623178349	0.9861207494795281	0.9765864328409138	0.97529495
KC662118	1441	7205	Flavobacteriaceae	Algibacter miyuki	AM491809	1473	7329	Flavobacteriaceae	Algibacter mikhailovii	6856.0	1441	25	23	1398	0.9858956276445698	0.9840388619014573	0.9701596113809854	0.938394494500844	0.9515614
KC662118	1441	7205	Flavobacteriaceae	Algibacter miyuki	KC987358	1443	7215	Flavobacteriaceae	Algibacter wandonensis	7069.0	1441	9	7	1426	0.9944211994421199	0.9951422623178349	0.9895905621096461	0.9786709421139534	0.9811242
HQ405792	1440	7200	Flavobacteriaceae	Algibacter aestuarii	JN864027	1452	7260	Flavobacteriaceae	Algibacter agarilyticus	6728.0	1430	30	32	1380	0.9871244635193133	0.9789915966386554	0.965034965034965	0.9240540281636171	0.9344444
HQ405792	1440	7200	Flavobacteriaceae	Algibacter aestuarii	HM475134	1442	7210	Flavobacteriaceae	Algibacter pectinivorans	6724.0	1419	27	27	1375	0.9877873563218391	0.9809725158562368	0.9689922480620154	0.9328058155617741	0.9338889
HQ405792	1440	7200	Flavobacteriaceae	Algibacter aestuarii	AY187689	1427	7135	Flavobacteriaceae	Algibacter lectus	6611.0	1414	43	42	1359	0.9905247813411079	0.9702970297029703	0.9611032531824611	0.9050333997023589	0.9265592
HQ405792	1440	7200	Flavobacteriaceae	Algibacter aestuarii	KC261664	1441	7205	Flavobacteriaceae	Algibacter undariae	6588.0	1419	40	41	1358	0.9854862119013063	0.9717912552891397	0.9570119802677942	0.9038810889712271	0.915
HQ405792	1440	7200	Flavobacteriaceae	Algibacter aestuarii	AM491809	1473	7329	Flavobacteriaceae	Algibacter mikhailovii	6685.0	1419	36	35	1368	0.9884393063583815	0.9753347427766033	0.9640591966173362	0.9170157581569713	0.9284722
HQ405792	1440	7200	Flavobacteriaceae	Algibacter aestuarii	KC987358	1443	7215	Flavobacteriaceae	Algibacter wandonensis	6646.0	1419	43	42	1365	0.9912854030501089	0.9704016913319239	0.9619450317124736	0.9060179949850041	0.9230555
JN864027	1452	7260	Flavobacteriaceae	Algibacter agarilyticus	HM475134	1442	7210	Flavobacteriaceae	Algibacter pectinivorans	6763.0	1439	33	30	1389	0.985805535841022	0.9791521890201529	0.9652536483669215	0.9239418414055656	0.93800277
JN864027	1452	7260	Flavobacteriaceae	Algibacter agarilyticus	AY187689	1427	7135	Flavobacteriaceae	Algibacter lectus	6779.0	1424	23	20	1385	0.9864672364672364	0.9859550561797753	0.9726123595505618	0.9437095734685478	0.95010513
JN864027	1452	7260	Flavobacteriaceae	Algibacter agarilyticus	KC261664	1441	7205	Flavobacteriaceae	Algibacter undariae	6843.0	1439	24	22	1398	0.9865913902611151	0.9847116052814454	0.9715079916608756	0.9409616023126868	0.9497571
JN864027	1452	7260	Flavobacteriaceae	Algibacter agarilyticus	AM491809	1473	7329	Flavobacteriaceae	Algibacter mikhailovii	6712.0	1441	34	29	1382	0.9787535410764873	0.9798750867453158	0.9590562109646079	0.9180931321234077	0.9245179
JN864027	1452	7260	Flavobacteriaceae	Algibacter agarilyticus	KC987358	1443	7215	Flavobacteriaceae	Algibacter wandonensis	6852.0	1439	26	22	1400	0.9880028228652082	0.9847116052814454	0.9728978457261988	0.9410213292791969	0.94968814
HM475134	1442	7210	Flavobacteriaceae	Algibacter pectinivorans	AY187689	1427	7135	Flavobacteriaceae	Algibacter lectus	6736.0	1426	28	27	1380	0.9864188706218727	0.9810659186535764	0.967741935483871	0.9311354661223766	0.9440785
HM475134	1442	7210	Flavobacteriaceae	Algibacter pectinivorans	KC261664	1441	7205	Flavobacteriaceae	Algibacter undariae	6782.0	1442	31	32	1391	0.9865248226950355	0.9784871616932685	0.9646324549237171	0.923375262350605	0.9412908
HM475134	1442	7210	Flavobacteriaceae	Algibacter pectinivorans	AM491809	1473	7329	Flavobacteriaceae	Algibacter mikhailovii	6782.0	1442	37	36	1388	0.9871977240398293	0.9750346740638003	0.9625520110957004	0.9150426826237693	0.940638
HM475134	1442	7210	Flavobacteriaceae	Algibacter pectinivorans	KC987358	1443	7215	Flavobacteriaceae	Algibacter wandonensis	6852.0	1442	26	25	1400	0.9880028228652082	0.9826629680998613	0.970873786407767	0.9371445199862438	0.95034677
AY187689	1427	7135	Flavobacteriaceae	Algibacter lectus	KC261664	1441	7205	Flavobacteriaceae	Algibacter undariae	6982.0	1427	9	11	1409	0.9950564971751412	0.9936842105263158	0.9873861247372109	0.973634228849506	0.9785564
AY187689	1427	7135	Flavobacteriaceae	Algibacter lectus	AM491809	1473	7329	Flavobacteriaceae	Algibacter mikhailovii	6770.0	1427	24	24	1381	0.9843193157519601	0.9831814996496145	0.9677645409950946	0.9357502763722382	0.9488437
AY187689	1427	7135	Flavobacteriaceae	Algibacter lectus	KC987358	1443	7215	Flavobacteriaceae	Algibacter wandonensis	7099.0	1427	2	2	1423	0.9985964912280701	0.9985984583041345	0.9971969166082691	0.9944056026359577	0.99495447
KC261664	1441	7205	Flavobacteriaceae	Algibacter undariae	AM491809	1473	7329	Flavobacteriaceae	Algibacter mikhailovii	6804.0	1441	25	23	1392	0.9816643159379408	0.9840388619014573	0.9659958362248439	0.934367050318437	0.9443442
KC261664	1441	7205	Flavobacteriaceae	Algibacter undariae	KC987358	1443	7215	Flavobacteriaceae	Algibacter wandonensis	7080.0	1441	9	7	1427	0.995118549511855	0.9951422623178349	0.9902845246356696	0.9793572471224484	0.98265094
AM491809	1473	7329	Flavobacteriaceae	Algibacter mikhailovii	KC987358	1443	7215	Flavobacteriaceae	Algibacter wandonensis	6852.0	1443	25	25	1397	0.9851904090267983	0.9826749826749827	0.9681219681219682	0.9351477866464243	0.94968814
