AB916540	1465	7325	Alicyclobacillaceae	Alicyclobacillus dauci	EU137838	1496	7480	Alicyclobacillaceae	Alicyclobacillus ferrooxydans	6650.0	1465	46	46	1386	0.9767441860465116	0.9686006825938567	0.9460750853242321	0.8884715725182564	0.90784985
AB916540	1465	7325	Alicyclobacillaceae	Alicyclobacillus dauci	AB084128	1438	7190	Alicyclobacillaceae	Alicyclobacillus sendaiensis	6511.0	1435	49	46	1357	0.9769618430525558	0.9679442508710802	0.9456445993031359	0.8851080515040807	0.9055633
AB916540	1465	7325	Alicyclobacillaceae	Alicyclobacillus dauci	AB622813	1503	7515	Alicyclobacillaceae	Alicyclobacillus cellulosilyticus	6291.0	1462	110	83	1345	0.9753444525018129	0.9432284541723667	0.9199726402188783	0.8070243453319549	0.8588396
AB916540	1465	7325	Alicyclobacillaceae	Alicyclobacillus dauci	AB264022	1519	7565	Alicyclobacillaceae	Alicyclobacillus kakegawensis	6407.0	1465	79	68	1357	0.9713672154617037	0.9535836177474403	0.9262798634812287	0.8380913013492723	0.87467575
AB916540	1465	7325	Alicyclobacillaceae	Alicyclobacillus dauci	AB042055	1529	7615	Alicyclobacillaceae	Alicyclobacillus herbarius	6451.0	1465	83	72	1362	0.9777458722182341	0.9508532423208191	0.9296928327645051	0.8366034341349842	0.8806826
AB916540	1465	7325	Alicyclobacillaceae	Alicyclobacillus dauci	KF772795	1460	7300	Alicyclobacillaceae	Alicyclobacillus tengchongensis	6394.0	1441	72	71	1345	0.9817518248175182	0.9507286606523248	0.9333795975017349	0.8451619620471758	0.87589043
AB916540	1465	7325	Alicyclobacillaceae	Alicyclobacillus dauci	AB264021	1440	7170	Alicyclobacillaceae	Alicyclobacillus fastidiosus	6835.0	1427	17	21	1391	0.9893314366998578	0.9880534082923401	0.9747722494744219	0.9491203481724634	0.9532775
AB916540	1465	7325	Alicyclobacillaceae	Alicyclobacillus dauci	AB264024	1519	7583	Alicyclobacillaceae	Alicyclobacillus shizuokensis	6435.0	1465	81	70	1361	0.9756272401433692	0.9522184300341296	0.9290102389078498	0.8382724988851556	0.8784983
AB916540	1465	7325	Alicyclobacillaceae	Alicyclobacillus dauci	AB042057	1514	7570	Alicyclobacillaceae	Alicyclobacillus acidoterrestris	7059.0	1465	20	23	1433	0.9937586685159501	0.9863201094391245	0.9781569965870307	0.9498332586387194	0.963686
AB916540	1465	7325	Alicyclobacillaceae	Alicyclobacillus dauci	AB089843	1517	7585	Alicyclobacillaceae	Alicyclobacillus disulfidooxidans	6422.0	1465	78	78	1357	0.9783705839942322	0.9467576791808874	0.9262798634812287	0.8326313484435932	0.8767235
AB916540	1465	7325	Alicyclobacillaceae	Alicyclobacillus dauci	AB264020	1518	7584	Alicyclobacillaceae	Alicyclobacillus sacchari	6969.0	1465	23	23	1423	0.9868238557558946	0.9843003412969283	0.9713310580204778	0.9413033505816727	0.9513993
AB916540	1465	7325	Alicyclobacillaceae	Alicyclobacillus dauci	AY425985	1458	7290	Alicyclobacillaceae	Alicyclobacillus vulcanalis	6593.0	1456	50	48	1375	0.9765625	0.967032967032967	0.9443681318681318	0.8829152255447076	0.90438956
AB916540	1465	7325	Alicyclobacillaceae	Alicyclobacillus dauci	AJ496806	1507	7535	Alicyclobacillaceae	Alicyclobacillus acidocaldarius subsp. acidocaldarius	6668.0	1465	44	42	1388	0.9754040758959944	0.9713310580204778	0.9474402730375426	0.8934443396503798	0.91030717
AB916540	1465	7325	Alicyclobacillaceae	Alicyclobacillus dauci	AJ133633	1485	7425	Alicyclobacillaceae	Alicyclobacillus hesperidum	6903.0	1454	24	24	1411	0.9867132867132867	0.9834938101788171	0.9704264099037139	0.9389105319095473	0.9423891
AB916540	1465	7325	Alicyclobacillaceae	Alicyclobacillus dauci	AB264025	1526	7612	Alicyclobacillaceae	Alicyclobacillus macrosporangiidus	6582.0	1465	87	69	1378	0.9871060171919771	0.952901023890785	0.9406143344709897	0.8460680482741635	0.89856654
AB916540	1465	7325	Alicyclobacillaceae	Alicyclobacillus dauci	AB059674	1520	7588	Alicyclobacillaceae	Alicyclobacillus acidocaldarius subsp. rittmannii	6703.0	1465	41	38	1392	0.9754730203223546	0.974061433447099	0.9501706484641638	0.9003276994411433	0.9150853
AB916540	1465	7325	Alicyclobacillaceae	Alicyclobacillus dauci	AB264026	1520	7582	Alicyclobacillaceae	Alicyclobacillus contaminans	6687.0	1465	58	46	1392	0.9809725158562368	0.9686006825938567	0.9501706484641638	0.8852870322853896	0.91290104
AB916540	1465	7325	Alicyclobacillaceae	Alicyclobacillus dauci	Z21979	1519	7595	Alicyclobacillaceae	Alicyclobacillus tolerans	6455.0	1465	68	76	1360	0.9791216702663786	0.9533287577213452	0.9283276450511946	0.8411266138135091	0.8812287
AB916540	1465	7325	Alicyclobacillaceae	Alicyclobacillus dauci	AB076660	1542	7710	Alicyclobacillaceae	Alicyclobacillus acidiphilus	6888.0	1465	31	33	1413	0.986731843575419	0.9788106630211894	0.9645051194539249	0.9232428683542918	0.9403413
AB916540	1465	7325	Alicyclobacillaceae	Alicyclobacillus dauci	AB042059	1517	7585	Alicyclobacillaceae	Alicyclobacillus cycloheptanicus	6741.0	1465	46	47	1396	0.9844851904090268	0.9685792349726776	0.952901023890785	0.8942512586877122	0.92027307
AB916540	1465	7325	Alicyclobacillaceae	Alicyclobacillus dauci	KR090679	1456	7280	Alicyclobacillaceae	Alicyclobacillus fodiniaquatilis	6871.0	1457	38	39	1407	0.9922425952045134	0.9739010989010989	0.9656829100892245	0.9159453956565353	0.9438187
AB916540	1465	7325	Alicyclobacillaceae	Alicyclobacillus dauci	FM179383	1493	7465	Alicyclobacillaceae	Alicyclobacillus aeris	6600.0	1465	61	64	1378	0.9835831548893648	0.9582763337893296	0.9406143344709897	0.8635653228006924	0.90102386
AB916540	1465	7325	Alicyclobacillaceae	Alicyclobacillus dauci	AB089840	1528	7634	Alicyclobacillaceae	Alicyclobacillus pomorum	6774.0	1465	52	42	1401	0.9845397048489107	0.9713310580204778	0.9563139931740614	0.8970565670973563	0.92477816
EU137838	1496	7480	Alicyclobacillaceae	Alicyclobacillus ferrooxydans	AB084128	1438	7190	Alicyclobacillaceae	Alicyclobacillus sendaiensis	6352.0	1436	57	55	1339	0.9695872556118754	0.9616991643454039	0.9324512534818942	0.8625017957525088	0.88344926
EU137838	1496	7480	Alicyclobacillaceae	Alicyclobacillus ferrooxydans	AB622813	1503	7515	Alicyclobacillaceae	Alicyclobacillus cellulosilyticus	6418.0	1476	89	62	1367	0.9667609618104668	0.9579945799457995	0.9261517615176151	0.8367914318120817	0.8580214
EU137838	1496	7480	Alicyclobacillaceae	Alicyclobacillus ferrooxydans	AB264022	1519	7565	Alicyclobacillaceae	Alicyclobacillus kakegawensis	6565.0	1496	76	65	1389	0.9706498951781971	0.9565508021390374	0.928475935828877	0.8451966057068212	0.8776738
EU137838	1496	7480	Alicyclobacillaceae	Alicyclobacillus ferrooxydans	AB042055	1529	7615	Alicyclobacillaceae	Alicyclobacillus herbarius	6642.0	1496	70	59	1398	0.9728601252609603	0.9605614973262032	0.9344919786096256	0.8575127543180281	0.88796794
EU137838	1496	7480	Alicyclobacillaceae	Alicyclobacillus ferrooxydans	KF772795	1460	7300	Alicyclobacillaceae	Alicyclobacillus tengchongensis	6532.0	1455	62	60	1367	0.9799283154121864	0.9587628865979382	0.9395189003436426	0.8639610191030861	0.8947945
EU137838	1496	7480	Alicyclobacillaceae	Alicyclobacillus ferrooxydans	AB264021	1440	7170	Alicyclobacillaceae	Alicyclobacillus fastidiosus	6584.0	1448	38	46	1369	0.9764621968616263	0.9736111111111111	0.9454419889502762	0.8919984310284571	0.9182706
EU137838	1496	7480	Alicyclobacillaceae	Alicyclobacillus ferrooxydans	AB264024	1519	7583	Alicyclobacillaceae	Alicyclobacillus shizuokensis	6591.0	1496	74	63	1393	0.9720865317515701	0.9578877005347594	0.9311497326203209	0.8498965393916686	0.8811497
EU137838	1496	7480	Alicyclobacillaceae	Alicyclobacillus ferrooxydans	AB042057	1514	7570	Alicyclobacillaceae	Alicyclobacillus acidoterrestris	6839.0	1496	42	45	1421	0.9793246037215714	0.971868720696584	0.9498663101604278	0.8961352510031083	0.9143048
EU137838	1496	7480	Alicyclobacillaceae	Alicyclobacillus ferrooxydans	AB089843	1517	7585	Alicyclobacillaceae	Alicyclobacillus disulfidooxidans	6719.0	1496	46	46	1407	0.9703448275862069	0.9692513368983957	0.9405080213903744	0.8843947023450343	0.898262
EU137838	1496	7480	Alicyclobacillaceae	Alicyclobacillus ferrooxydans	AB264020	1518	7584	Alicyclobacillaceae	Alicyclobacillus sacchari	6835.0	1496	42	42	1421	0.9773039889958735	0.9719251336898396	0.9498663101604278	0.8979880461464642	0.9137701
EU137838	1496	7480	Alicyclobacillaceae	Alicyclobacillus ferrooxydans	AY425985	1458	7290	Alicyclobacillaceae	Alicyclobacillus vulcanalis	6460.0	1456	51	49	1361	0.9673063255152807	0.9663461538461539	0.9347527472527473	0.8727253585830229	0.8861454
EU137838	1496	7480	Alicyclobacillaceae	Alicyclobacillus ferrooxydans	AJ496806	1507	7535	Alicyclobacillaceae	Alicyclobacillus acidocaldarius subsp. acidocaldarius	6639.0	1486	50	48	1394	0.9694019471488178	0.9676985195154778	0.9380888290713324	0.8782368074248542	0.88756686
EU137838	1496	7480	Alicyclobacillaceae	Alicyclobacillus ferrooxydans	AJ133633	1485	7425	Alicyclobacillaceae	Alicyclobacillus hesperidum	6720.0	1468	42	42	1396	0.9789621318373072	0.9713896457765667	0.9509536784741145	0.8980529440424418	0.9050505
EU137838	1496	7480	Alicyclobacillaceae	Alicyclobacillus ferrooxydans	AB264025	1526	7612	Alicyclobacillaceae	Alicyclobacillus macrosporangiidus	6790.0	1496	60	42	1418	0.9752407152682255	0.9719251336898396	0.9478609625668449	0.8857261179769875	0.907754
EU137838	1496	7480	Alicyclobacillaceae	Alicyclobacillus ferrooxydans	AB059674	1520	7588	Alicyclobacillaceae	Alicyclobacillus acidocaldarius subsp. rittmannii	6708.0	1496	51	48	1406	0.9709944751381215	0.9679144385026738	0.9398395721925134	0.8796946997639038	0.89679146
EU137838	1496	7480	Alicyclobacillaceae	Alicyclobacillus ferrooxydans	AB264026	1520	7582	Alicyclobacillaceae	Alicyclobacillus contaminans	6908.0	1496	46	34	1431	0.978796169630643	0.9772727272727273	0.9565508021390374	0.9069243013795543	0.9235294
EU137838	1496	7480	Alicyclobacillaceae	Alicyclobacillus ferrooxydans	Z21979	1519	7595	Alicyclobacillaceae	Alicyclobacillus tolerans	6706.0	1496	56	64	1402	0.979050279329609	0.9623655913978495	0.9371657754010695	0.8647045041071724	0.8965241
EU137838	1496	7480	Alicyclobacillaceae	Alicyclobacillus ferrooxydans	AB076660	1542	7710	Alicyclobacillaceae	Alicyclobacillus acidiphilus	6700.0	1496	62	64	1403	0.9797486033519553	0.9585006693440429	0.9378342245989305	0.8619888380139079	0.8957219
EU137838	1496	7480	Alicyclobacillaceae	Alicyclobacillus ferrooxydans	AB042059	1517	7585	Alicyclobacillaceae	Alicyclobacillus cycloheptanicus	6768.0	1496	49	50	1412	0.9764868603042877	0.9672240802675586	0.9438502673796791	0.8833705415087482	0.9048128
EU137838	1496	7480	Alicyclobacillaceae	Alicyclobacillus ferrooxydans	KR090679	1456	7280	Alicyclobacillaceae	Alicyclobacillus fodiniaquatilis	6618.0	1457	46	47	1379	0.9780141843971631	0.9684065934065934	0.9464653397391901	0.8879016161225936	0.90906596
EU137838	1496	7480	Alicyclobacillaceae	Alicyclobacillus ferrooxydans	FM179383	1493	7465	Alicyclobacillaceae	Alicyclobacillus aeris	6864.0	1496	44	47	1423	0.9820565907522429	0.97052913596785	0.9512032085561497	0.8949957462323771	0.91949093
EU137838	1496	7480	Alicyclobacillaceae	Alicyclobacillus ferrooxydans	AB089840	1528	7634	Alicyclobacillaceae	Alicyclobacillus pomorum	6932.0	1496	47	37	1433	0.9821795750514051	0.9752673796791443	0.9578877005347594	0.9057408652496526	0.92673796
AB084128	1438	7190	Alicyclobacillaceae	Alicyclobacillus sendaiensis	AB622813	1503	7515	Alicyclobacillaceae	Alicyclobacillus cellulosilyticus	6347.0	1438	90	66	1341	0.9774052478134111	0.9541029207232267	0.9325452016689847	0.8373377072577532	0.88275385
AB084128	1438	7190	Alicyclobacillaceae	Alicyclobacillus sendaiensis	AB264022	1519	7565	Alicyclobacillaceae	Alicyclobacillus kakegawensis	6305.0	1438	73	64	1333	0.970160116448326	0.9554937413073713	0.9269819193324061	0.8429339226755301	0.87691236
AB084128	1438	7190	Alicyclobacillaceae	Alicyclobacillus sendaiensis	AB042055	1529	7615	Alicyclobacillaceae	Alicyclobacillus herbarius	6361.0	1438	75	66	1340	0.9766763848396501	0.9541029207232267	0.9318497913769124	0.8450085352076164	0.88470095
AB084128	1438	7190	Alicyclobacillaceae	Alicyclobacillus sendaiensis	KF772795	1460	7300	Alicyclobacillaceae	Alicyclobacillus tengchongensis	6349.0	1425	66	68	1332	0.9815770081061165	0.9536191145467322	0.9347368421052632	0.8507296410039182	0.88303196
AB084128	1438	7190	Alicyclobacillaceae	Alicyclobacillus sendaiensis	AB264021	1440	7170	Alicyclobacillaceae	Alicyclobacillus fastidiosus	6429.0	1419	35	42	1339	0.9724037763253449	0.9752124645892352	0.9436222692036645	0.8936505259239657	0.8966527
AB084128	1438	7190	Alicyclobacillaceae	Alicyclobacillus sendaiensis	AB264024	1519	7583	Alicyclobacillaceae	Alicyclobacillus shizuokensis	6339.0	1438	72	63	1338	0.9730909090909091	0.9561891515994436	0.9304589707927677	0.8472722416159308	0.88164115
AB084128	1438	7190	Alicyclobacillaceae	Alicyclobacillus sendaiensis	AB042057	1514	7570	Alicyclobacillaceae	Alicyclobacillus acidoterrestris	6542.0	1438	37	43	1361	0.9756272401433692	0.9741620111731844	0.9464534075104312	0.8951203413403739	0.9098748
AB084128	1438	7190	Alicyclobacillaceae	Alicyclobacillus sendaiensis	AB089843	1517	7585	Alicyclobacillaceae	Alicyclobacillus disulfidooxidans	6288.0	1437	72	75	1330	0.9765051395007343	0.9497907949790795	0.9255393180236604	0.8353774361485922	0.87454796
AB084128	1438	7190	Alicyclobacillaceae	Alicyclobacillus sendaiensis	AB264020	1518	7584	Alicyclobacillaceae	Alicyclobacillus sacchari	6611.0	1437	29	32	1370	0.9750889679715302	0.9797768479776848	0.953375086986778	0.9137053187015164	0.9194715
AB084128	1438	7190	Alicyclobacillaceae	Alicyclobacillus sendaiensis	AY425985	1458	7290	Alicyclobacillaceae	Alicyclobacillus vulcanalis	6904.0	1438	23	24	1404	0.9929278642149929	0.9839944328462074	0.9763560500695411	0.944946923202143	0.96022254
AB084128	1438	7190	Alicyclobacillaceae	Alicyclobacillus sendaiensis	AJ496806	1507	7535	Alicyclobacillaceae	Alicyclobacillus acidocaldarius subsp. acidocaldarius	7000.0	1438	14	15	1415	0.994378074490513	0.9902574808629089	0.9840055632823366	0.9643525596079648	0.9735744
AB084128	1438	7190	Alicyclobacillaceae	Alicyclobacillus sendaiensis	AJ133633	1485	7425	Alicyclobacillaceae	Alicyclobacillus hesperidum	6611.0	1437	29	32	1370	0.9750889679715302	0.9797768479776848	0.953375086986778	0.9137053187015164	0.9194715
AB084128	1438	7190	Alicyclobacillaceae	Alicyclobacillus sendaiensis	AB264025	1526	7612	Alicyclobacillaceae	Alicyclobacillus macrosporangiidus	6485.0	1438	75	59	1356	0.9833212472806382	0.958970792767733	0.9429763560500696	0.8594609352234275	0.90194714
AB084128	1438	7190	Alicyclobacillaceae	Alicyclobacillus sendaiensis	AB059674	1520	7588	Alicyclobacillaceae	Alicyclobacillus acidocaldarius subsp. rittmannii	7025.0	1438	11	11	1418	0.9936930623686054	0.9923504867872045	0.9860917941585535	0.9711200760967948	0.97705144
AB084128	1438	7190	Alicyclobacillaceae	Alicyclobacillus sendaiensis	AB264026	1520	7582	Alicyclobacillaceae	Alicyclobacillus contaminans	6440.0	1438	58	49	1350	0.9719222462203023	0.9659248956884562	0.9388038942976356	0.8716568243177913	0.8956885
AB084128	1438	7190	Alicyclobacillaceae	Alicyclobacillus sendaiensis	Z21979	1519	7595	Alicyclobacillaceae	Alicyclobacillus tolerans	6360.0	1438	67	78	1336	0.9823529411764705	0.9530483531885073	0.9290681502086231	0.839556600852975	0.8845619
AB084128	1438	7190	Alicyclobacillaceae	Alicyclobacillus sendaiensis	AB076660	1542	7710	Alicyclobacillaceae	Alicyclobacillus acidiphilus	6497.0	1438	40	45	1356	0.9734386216798278	0.9720865317515701	0.9429763560500696	0.8887456454517908	0.90361613
AB084128	1438	7190	Alicyclobacillaceae	Alicyclobacillus sendaiensis	AB042059	1517	7585	Alicyclobacillaceae	Alicyclobacillus cycloheptanicus	6451.0	1438	45	49	1351	0.97264218862491	0.9686192468619247	0.9394993045897079	0.8799491126602186	0.89721835
AB084128	1438	7190	Alicyclobacillaceae	Alicyclobacillus sendaiensis	KR090679	1456	7280	Alicyclobacillaceae	Alicyclobacillus fodiniaquatilis	6503.0	1437	46	50	1356	0.9776496034607065	0.9678995115143056	0.9436325678496869	0.8825477893509883	0.90445065
AB084128	1438	7190	Alicyclobacillaceae	Alicyclobacillus sendaiensis	FM179383	1493	7465	Alicyclobacillaceae	Alicyclobacillus aeris	6389.0	1438	48	54	1343	0.9703757225433526	0.9664804469273743	0.9339360222531293	0.8698300503353507	0.8885953
AB084128	1438	7190	Alicyclobacillaceae	Alicyclobacillus sendaiensis	AB089840	1528	7634	Alicyclobacillaceae	Alicyclobacillus pomorum	6417.0	1438	58	51	1348	0.9718817591925017	0.9645340751043116	0.9374130737134909	0.8691122548399812	0.89248955
AB622813	1503	7515	Alicyclobacillaceae	Alicyclobacillus cellulosilyticus	AB264022	1519	7565	Alicyclobacillaceae	Alicyclobacillus kakegawensis	6508.0	1503	70	86	1379	0.9731827805222301	0.952925353059852	0.9174983366600133	0.8265067660821608	0.8660013
AB622813	1503	7515	Alicyclobacillaceae	Alicyclobacillus cellulosilyticus	AB042055	1529	7615	Alicyclobacillaceae	Alicyclobacillus herbarius	6516.0	1503	71	87	1380	0.9745762711864406	0.9522528581035642	0.9181636726546906	0.8259973065305222	0.86706585
AB622813	1503	7515	Alicyclobacillaceae	Alicyclobacillus cellulosilyticus	KF772795	1460	7300	Alicyclobacillaceae	Alicyclobacillus tengchongensis	6364.0	1479	65	87	1352	0.9712643678160919	0.9553877831159918	0.914131169709263	0.8241389820176775	0.8717808
AB622813	1503	7515	Alicyclobacillaceae	Alicyclobacillus cellulosilyticus	AB264021	1440	7170	Alicyclobacillaceae	Alicyclobacillus fastidiosus	6199.0	1455	67	102	1318	0.9741315594974131	0.9528169014084507	0.9058419243986254	0.8052589511901053	0.8645746
AB622813	1503	7515	Alicyclobacillaceae	Alicyclobacillus cellulosilyticus	AB264024	1519	7583	Alicyclobacillaceae	Alicyclobacillus shizuokensis	6518.0	1503	71	87	1381	0.9752824858757062	0.9522528581035642	0.9188290086493679	0.8265958553033703	0.867332
AB622813	1503	7515	Alicyclobacillaceae	Alicyclobacillus cellulosilyticus	AB042057	1514	7570	Alicyclobacillaceae	Alicyclobacillus acidoterrestris	6413.0	1503	70	100	1365	0.9729151817533856	0.9524779361846571	0.908183632734531	0.8100328269081671	0.85335994
AB622813	1503	7515	Alicyclobacillaceae	Alicyclobacillus cellulosilyticus	AB089843	1517	7585	Alicyclobacillaceae	Alicyclobacillus disulfidooxidans	6410.0	1503	71	98	1365	0.9715302491103203	0.9518970189701897	0.908183632734531	0.8106721753443558	0.85296077
AB622813	1503	7515	Alicyclobacillaceae	Alicyclobacillus cellulosilyticus	AB264020	1518	7584	Alicyclobacillaceae	Alicyclobacillus sacchari	6463.0	1503	69	96	1372	0.9751243781094527	0.9532520325203252	0.9128409846972722	0.8170275225630165	0.8600133
AB622813	1503	7515	Alicyclobacillaceae	Alicyclobacillus cellulosilyticus	AY425985	1458	7290	Alicyclobacillaceae	Alicyclobacillus vulcanalis	6446.0	1483	63	88	1362	0.9763440860215054	0.9567901234567902	0.9184086311530681	0.8287063651090104	0.88422495
AB622813	1503	7515	Alicyclobacillaceae	Alicyclobacillus cellulosilyticus	AJ496806	1507	7535	Alicyclobacillaceae	Alicyclobacillus acidocaldarius subsp. acidocaldarius	6542.0	1503	62	87	1381	0.9752824858757062	0.9580514208389715	0.9188290086493679	0.8313494416916964	0.8705256
AB622813	1503	7515	Alicyclobacillaceae	Alicyclobacillus cellulosilyticus	AJ133633	1485	7425	Alicyclobacillaceae	Alicyclobacillus hesperidum	6431.0	1495	67	94	1365	0.974304068522484	0.9543596730245232	0.9130434782608695	0.8189333630239938	0.86612797
AB622813	1503	7515	Alicyclobacillaceae	Alicyclobacillus cellulosilyticus	AB264025	1526	7612	Alicyclobacillaceae	Alicyclobacillus macrosporangiidus	6687.0	1503	63	72	1402	0.9797344514325647	0.9578313253012049	0.9328010645375915	0.8523871796636612	0.88982034
AB622813	1503	7515	Alicyclobacillaceae	Alicyclobacillus cellulosilyticus	AB059674	1520	7588	Alicyclobacillaceae	Alicyclobacillus acidocaldarius subsp. rittmannii	6517.0	1503	65	89	1378	0.9745403111739745	0.9560513860716701	0.916833000665336	0.8267869023857048	0.86719894
AB622813	1503	7515	Alicyclobacillaceae	Alicyclobacillus cellulosilyticus	AB264026	1520	7582	Alicyclobacillaceae	Alicyclobacillus contaminans	6533.0	1503	67	82	1382	0.9725545390570021	0.9549731182795699	0.9194943446440452	0.8322302316810117	0.869328
AB622813	1503	7515	Alicyclobacillaceae	Alicyclobacillus cellulosilyticus	Z21979	1519	7595	Alicyclobacillaceae	Alicyclobacillus tolerans	6459.0	1503	57	92	1370	0.9709425939050319	0.9611716621253406	0.9115103127079175	0.8244493918146614	0.85948104
AB622813	1503	7515	Alicyclobacillaceae	Alicyclobacillus cellulosilyticus	AB076660	1542	7710	Alicyclobacillaceae	Alicyclobacillus acidiphilus	6421.0	1503	68	97	1366	0.9715504978662873	0.9538670284938942	0.9088489687292083	0.8133937937831107	0.8544245
AB622813	1503	7515	Alicyclobacillaceae	Alicyclobacillus cellulosilyticus	AB042059	1517	7585	Alicyclobacillaceae	Alicyclobacillus cycloheptanicus	6499.0	1503	64	92	1376	0.9751948972360028	0.9566101694915254	0.9155023286759814	0.8243610630260432	0.86480373
AB622813	1503	7515	Alicyclobacillaceae	Alicyclobacillus cellulosilyticus	KR090679	1456	7280	Alicyclobacillaceae	Alicyclobacillus fodiniaquatilis	6256.0	1484	83	111	1338	0.9745083758193737	0.9429945054945055	0.9016172506738545	0.7899939279994909	0.85934067
AB622813	1503	7515	Alicyclobacillaceae	Alicyclobacillus cellulosilyticus	FM179383	1493	7465	Alicyclobacillaceae	Alicyclobacillus aeris	6492.0	1503	60	90	1375	0.97310686482661	0.9592668024439919	0.914836992681304	0.8270407361859773	0.8696584
AB622813	1503	7515	Alicyclobacillaceae	Alicyclobacillus cellulosilyticus	AB089840	1528	7634	Alicyclobacillaceae	Alicyclobacillus pomorum	6564.0	1503	60	77	1387	0.9726507713884993	0.9596231493943472	0.9228210246174318	0.8419339610393204	0.8734531
AB264022	1519	7565	Alicyclobacillaceae	Alicyclobacillus kakegawensis	AB042055	1529	7615	Alicyclobacillaceae	Alicyclobacillus herbarius	7157.0	1518	21	21	1468	0.9806279225116901	0.9861660079051383	0.9670619235836627	0.9406703701135433	0.9460674
AB264022	1519	7565	Alicyclobacillaceae	Alicyclobacillus kakegawensis	KF772795	1460	7300	Alicyclobacillaceae	Alicyclobacillus tengchongensis	6435.0	1473	70	83	1359	0.9776978417266187	0.952054794520548	0.9226069246435845	0.8311235419666769	0.88150686
AB264022	1519	7565	Alicyclobacillaceae	Alicyclobacillus kakegawensis	AB264021	1440	7170	Alicyclobacillaceae	Alicyclobacillus fastidiosus	6307.0	1450	64	74	1334	0.9694767441860465	0.9555555555555556	0.92	0.8361426684280053	0.87963736
AB264022	1519	7565	Alicyclobacillaceae	Alicyclobacillus kakegawensis	AB264024	1519	7583	Alicyclobacillaceae	Alicyclobacillus shizuokensis	7400.0	1519	3	3	1497	0.987467018469657	0.9980250164581962	0.9855167873601053	0.9816317014703808	0.97818905
AB264022	1519	7565	Alicyclobacillaceae	Alicyclobacillus kakegawensis	AB042057	1514	7570	Alicyclobacillaceae	Alicyclobacillus acidoterrestris	6619.0	1518	64	78	1399	0.9715277777777778	0.9574468085106383	0.9216073781291173	0.8388840862869337	0.8749504
AB264022	1519	7565	Alicyclobacillaceae	Alicyclobacillus kakegawensis	AB089843	1517	7585	Alicyclobacillaceae	Alicyclobacillus disulfidooxidans	6524.0	1518	80	91	1387	0.9719691660826909	0.946914399469144	0.9137022397891963	0.8159280952310282	0.8623926
AB264022	1519	7565	Alicyclobacillaceae	Alicyclobacillus kakegawensis	AB264020	1518	7584	Alicyclobacillaceae	Alicyclobacillus sacchari	6675.0	1519	63	74	1406	0.9730103806228374	0.9582228116710876	0.9256089532587228	0.8454519200119182	0.88235295
AB264022	1519	7565	Alicyclobacillaceae	Alicyclobacillus kakegawensis	AY425985	1458	7290	Alicyclobacillaceae	Alicyclobacillus vulcanalis	6503.0	1467	58	67	1366	0.9757142857142858	0.9602194787379973	0.9311520109066121	0.8548280755863981	0.8920439
AB264022	1519	7565	Alicyclobacillaceae	Alicyclobacillus kakegawensis	AJ496806	1507	7535	Alicyclobacillaceae	Alicyclobacillus acidocaldarius subsp. acidocaldarius	6619.0	1508	61	71	1396	0.9714683368128044	0.959279038718291	0.9257294429708223	0.8478478072333153	0.878434
AB264022	1519	7565	Alicyclobacillaceae	Alicyclobacillus kakegawensis	AJ133633	1485	7425	Alicyclobacillaceae	Alicyclobacillus hesperidum	6535.0	1490	61	72	1378	0.9717912552891397	0.9587559161595672	0.9248322147651007	0.8455268088568103	0.8801347
AB264022	1519	7565	Alicyclobacillaceae	Alicyclobacillus kakegawensis	AB264025	1526	7612	Alicyclobacillaceae	Alicyclobacillus macrosporangiidus	6773.0	1519	67	60	1422	0.9746401644962303	0.9605003291639236	0.9361421988150099	0.8611799924786251	0.89530736
AB264022	1519	7565	Alicyclobacillaceae	Alicyclobacillus kakegawensis	AB059674	1520	7588	Alicyclobacillaceae	Alicyclobacillus acidocaldarius subsp. rittmannii	6680.0	1518	61	69	1407	0.9710144927536232	0.9596026490066225	0.9268774703557312	0.8505671023087109	0.8830139
AB264022	1519	7565	Alicyclobacillaceae	Alicyclobacillus kakegawensis	AB264026	1520	7582	Alicyclobacillaceae	Alicyclobacillus contaminans	6797.0	1519	54	53	1424	0.9713506139154161	0.9651086240947993	0.9374588545095458	0.8736901975276505	0.8984798
AB264022	1519	7565	Alicyclobacillaceae	Alicyclobacillus kakegawensis	Z21979	1519	7595	Alicyclobacillaceae	Alicyclobacillus tolerans	6641.0	1518	66	85	1400	0.9769713886950454	0.9559706470980653	0.922266139657444	0.8343480922532306	0.8778586
AB264022	1519	7565	Alicyclobacillaceae	Alicyclobacillus kakegawensis	AB076660	1542	7710	Alicyclobacillaceae	Alicyclobacillus acidiphilus	6627.0	1519	65	76	1400	0.9702009702009702	0.9568965517241379	0.9216589861751152	0.8396173718754364	0.8760079
AB264022	1519	7565	Alicyclobacillaceae	Alicyclobacillus kakegawensis	AB042059	1517	7585	Alicyclobacillaceae	Alicyclobacillus cycloheptanicus	6619.0	1518	60	72	1400	0.9681881051175657	0.9601593625498008	0.922266139657444	0.8451184017393308	0.8749504
AB264022	1519	7565	Alicyclobacillaceae	Alicyclobacillus kakegawensis	KR090679	1456	7280	Alicyclobacillaceae	Alicyclobacillus fodiniaquatilis	6320.0	1468	72	84	1342	0.9696531791907514	0.9505494505494505	0.9141689373297003	0.8215648112105878	0.8681319
AB264022	1519	7565	Alicyclobacillaceae	Alicyclobacillus kakegawensis	FM179383	1493	7465	Alicyclobacillaceae	Alicyclobacillus aeris	6478.0	1507	69	83	1377	0.9669943820224719	0.9537843268586738	0.913735899137359	0.8256090865302025	0.867783
AB264022	1519	7565	Alicyclobacillaceae	Alicyclobacillus kakegawensis	AB089840	1528	7634	Alicyclobacillaceae	Alicyclobacillus pomorum	6750.0	1518	55	56	1418	0.9699042407660738	0.963744232036915	0.9341238471673254	0.8682066526119706	0.89226705
AB042055	1529	7615	Alicyclobacillaceae	Alicyclobacillus herbarius	KF772795	1460	7300	Alicyclobacillaceae	Alicyclobacillus tengchongensis	6448.0	1473	71	84	1361	0.9798416126709864	0.9513698630136986	0.9239646978954514	0.8312091744668277	0.88328767
AB042055	1529	7615	Alicyclobacillaceae	Alicyclobacillus herbarius	AB264021	1440	7170	Alicyclobacillaceae	Alicyclobacillus fastidiosus	6390.0	1455	63	78	1345	0.9767610748002905	0.95625	0.9243986254295533	0.8385355120003259	0.8912134
AB042055	1529	7615	Alicyclobacillaceae	Alicyclobacillus herbarius	AB264024	1519	7583	Alicyclobacillaceae	Alicyclobacillus shizuokensis	7219.0	1518	18	18	1475	0.9833333333333333	0.9881422924901185	0.97167325428195	0.9488996623847168	0.9519979
AB042055	1529	7615	Alicyclobacillaceae	Alicyclobacillus herbarius	AB042057	1514	7570	Alicyclobacillaceae	Alicyclobacillus acidoterrestris	6726.0	1528	71	85	1415	0.9805959805959806	0.9531043593130779	0.9260471204188482	0.8357010598901801	0.88850725
AB042055	1529	7615	Alicyclobacillaceae	Alicyclobacillus herbarius	AB089843	1517	7585	Alicyclobacillaceae	Alicyclobacillus disulfidooxidans	6644.0	1528	85	96	1404	0.9804469273743017	0.9439683586025049	0.918848167539267	0.8157412125953072	0.87593937
AB042055	1529	7615	Alicyclobacillaceae	Alicyclobacillus herbarius	AB264020	1518	7584	Alicyclobacillaceae	Alicyclobacillus sacchari	6770.0	1528	64	75	1421	0.9779766001376462	0.957811470006592	0.9299738219895288	0.8487763588886843	0.8926688
AB042055	1529	7615	Alicyclobacillaceae	Alicyclobacillus herbarius	AY425985	1458	7290	Alicyclobacillaceae	Alicyclobacillus vulcanalis	6473.0	1467	62	71	1363	0.9763610315186246	0.9574759945130316	0.929107021131561	0.8482886863961144	0.88792866
AB042055	1529	7615	Alicyclobacillaceae	Alicyclobacillus herbarius	AJ496806	1507	7535	Alicyclobacillaceae	Alicyclobacillus acidocaldarius subsp. acidocaldarius	6684.0	1516	67	76	1407	0.9770833333333333	0.9555408095554081	0.9281002638522428	0.8442605053362158	0.8870604
AB042055	1529	7615	Alicyclobacillaceae	Alicyclobacillus herbarius	AJ133633	1485	7425	Alicyclobacillaceae	Alicyclobacillus hesperidum	6620.0	1495	64	75	1390	0.9788732394366197	0.9568733153638814	0.9297658862876255	0.8468682222760925	0.8915825
AB042055	1529	7615	Alicyclobacillaceae	Alicyclobacillus herbarius	AB264025	1526	7612	Alicyclobacillaceae	Alicyclobacillus macrosporangiidus	6826.0	1518	72	65	1427	0.9821059876118375	0.9571805006587615	0.9400527009222661	0.8590544493333665	0.896742
AB042055	1529	7615	Alicyclobacillaceae	Alicyclobacillus herbarius	AB059674	1520	7588	Alicyclobacillaceae	Alicyclobacillus acidocaldarius subsp. rittmannii	6737.0	1528	66	74	1418	0.9752407152682255	0.9565789473684211	0.9280104712041884	0.8465039053518757	0.8878492
AB042055	1529	7615	Alicyclobacillaceae	Alicyclobacillus herbarius	AB264026	1520	7582	Alicyclobacillaceae	Alicyclobacillus contaminans	6874.0	1518	46	45	1433	0.9728445349626612	0.9703557312252964	0.9440052700922266	0.8890791322543796	0.9066209
AB042055	1529	7615	Alicyclobacillaceae	Alicyclobacillus herbarius	Z21979	1519	7595	Alicyclobacillaceae	Alicyclobacillus tolerans	6714.0	1529	67	86	1414	0.9799029799029799	0.9556291390728476	0.9247874427730542	0.8361330074696224	0.8840026
AB042055	1529	7615	Alicyclobacillaceae	Alicyclobacillus herbarius	AB076660	1542	7710	Alicyclobacillaceae	Alicyclobacillus acidiphilus	6741.0	1529	66	79	1417	0.9772413793103448	0.9564643799472295	0.9267495094833225	0.8424995540757477	0.88522655
AB042055	1529	7615	Alicyclobacillaceae	Alicyclobacillus herbarius	AB042059	1517	7585	Alicyclobacillaceae	Alicyclobacillus cycloheptanicus	6751.0	1529	60	72	1420	0.9746053534660261	0.96044825313118	0.9287115761935906	0.8515624710598246	0.8900461
AB042055	1529	7615	Alicyclobacillaceae	Alicyclobacillus herbarius	KR090679	1456	7280	Alicyclobacillaceae	Alicyclobacillus fodiniaquatilis	6392.0	1468	71	83	1351	0.9754512635379061	0.9512362637362637	0.920299727520436	0.828209956215597	0.87802196
AB042055	1529	7615	Alicyclobacillaceae	Alicyclobacillus herbarius	FM179383	1493	7465	Alicyclobacillaceae	Alicyclobacillus aeris	6548.0	1507	70	84	1385	0.9732958538299368	0.9531145344943067	0.9190444591904446	0.8292963002079916	0.8771601
AB042055	1529	7615	Alicyclobacillaceae	Alicyclobacillus herbarius	AB089840	1528	7634	Alicyclobacillaceae	Alicyclobacillus pomorum	6934.0	1529	48	49	1444	0.9756756756756757	0.9685863874345549	0.9444081098757358	0.8863183275942225	0.9105712
KF772795	1460	7300	Alicyclobacillaceae	Alicyclobacillus tengchongensis	AB264021	1440	7170	Alicyclobacillaceae	Alicyclobacillus fastidiosus	6224.0	1404	88	58	1314	0.9762258543833581	0.9586894586894587	0.9358974358974359	0.8443149790334777	0.86806136
KF772795	1460	7300	Alicyclobacillaceae	Alicyclobacillus tengchongensis	AB264024	1519	7583	Alicyclobacillaceae	Alicyclobacillus shizuokensis	6413.0	1460	85	72	1357	0.9776657060518732	0.9506849315068493	0.9294520547945205	0.8350028815888637	0.87849313
KF772795	1460	7300	Alicyclobacillaceae	Alicyclobacillus tengchongensis	AB042057	1514	7570	Alicyclobacillaceae	Alicyclobacillus acidoterrestris	6489.0	1460	94	60	1370	0.9785714285714285	0.958904109589041	0.9383561643835616	0.8453659138590646	0.8889041
KF772795	1460	7300	Alicyclobacillaceae	Alicyclobacillus tengchongensis	AB089843	1517	7585	Alicyclobacillaceae	Alicyclobacillus disulfidooxidans	6501.0	1460	68	66	1365	0.9791965566714491	0.9547945205479452	0.934931506849315	0.8529414401491788	0.89054793
KF772795	1460	7300	Alicyclobacillaceae	Alicyclobacillus tengchongensis	AB264020	1518	7584	Alicyclobacillaceae	Alicyclobacillus sacchari	6504.0	1460	68	66	1366	0.9799139167862266	0.9547945205479452	0.9356164383561644	0.8535663056730977	0.8909589
KF772795	1460	7300	Alicyclobacillaceae	Alicyclobacillus tengchongensis	AY425985	1458	7290	Alicyclobacillaceae	Alicyclobacillus vulcanalis	6424.0	1436	64	63	1347	0.9810633648943918	0.9561281337047354	0.9380222841225627	0.8586030640668525	0.8812071
KF772795	1460	7300	Alicyclobacillaceae	Alicyclobacillus tengchongensis	AJ496806	1507	7535	Alicyclobacillaceae	Alicyclobacillus acidocaldarius subsp. acidocaldarius	6495.0	1460	73	65	1366	0.9792114695340501	0.9554794520547946	0.9356164383561644	0.851392649384768	0.88972604
KF772795	1460	7300	Alicyclobacillaceae	Alicyclobacillus tengchongensis	AJ133633	1485	7425	Alicyclobacillaceae	Alicyclobacillus hesperidum	6510.0	1460	68	66	1367	0.9806312769010043	0.9547945205479452	0.9363013698630137	0.8541911711970164	0.8917808
KF772795	1460	7300	Alicyclobacillaceae	Alicyclobacillus tengchongensis	AB264025	1526	7612	Alicyclobacillaceae	Alicyclobacillus macrosporangiidus	6469.0	1460	89	69	1364	0.9805895039539899	0.9527397260273973	0.9342465753424658	0.8389522183998516	0.88616437
KF772795	1460	7300	Alicyclobacillaceae	Alicyclobacillus tengchongensis	AB059674	1520	7588	Alicyclobacillaceae	Alicyclobacillus acidocaldarius subsp. rittmannii	6513.0	1460	73	64	1368	0.9799426934097422	0.9561643835616438	0.936986301369863	0.8532504088143045	0.89219177
KF772795	1460	7300	Alicyclobacillaceae	Alicyclobacillus tengchongensis	AB264026	1520	7582	Alicyclobacillaceae	Alicyclobacillus contaminans	6574.0	1460	67	53	1376	0.9779673063255153	0.9636986301369863	0.9424657534246575	0.868401647065156	0.9005479
KF772795	1460	7300	Alicyclobacillaceae	Alicyclobacillus tengchongensis	Z21979	1519	7595	Alicyclobacillaceae	Alicyclobacillus tolerans	7121.0	1460	12	18	1438	0.9972260748959778	0.9917469050894085	0.9849315068493151	0.9648581745086361	0.9754794
KF772795	1460	7300	Alicyclobacillaceae	Alicyclobacillus tengchongensis	AB076660	1542	7710	Alicyclobacillaceae	Alicyclobacillus acidiphilus	6440.0	1460	96	61	1364	0.9749821300929236	0.9582191780821918	0.9342465753424658	0.8399813360566257	0.8821918
KF772795	1460	7300	Alicyclobacillaceae	Alicyclobacillus tengchongensis	AB042059	1517	7585	Alicyclobacillaceae	Alicyclobacillus cycloheptanicus	6517.0	1460	55	54	1368	0.972972972972973	0.963013698630137	0.936986301369863	0.8695727654957277	0.8927397
KF772795	1460	7300	Alicyclobacillaceae	Alicyclobacillus tengchongensis	KR090679	1456	7280	Alicyclobacillaceae	Alicyclobacillus fodiniaquatilis	6347.0	1437	70	72	1337	0.9794871794871794	0.9512195121951219	0.930410577592206	0.8427408350453625	0.87184066
KF772795	1460	7300	Alicyclobacillaceae	Alicyclobacillus tengchongensis	FM179383	1493	7465	Alicyclobacillaceae	Alicyclobacillus aeris	6411.0	1457	71	76	1351	0.9782766111513396	0.9511019283746557	0.9272477693891558	0.8380426502136283	0.8782192
KF772795	1460	7300	Alicyclobacillaceae	Alicyclobacillus tengchongensis	AB089840	1528	7634	Alicyclobacillaceae	Alicyclobacillus pomorum	6557.0	1460	67	55	1374	0.9779359430604982	0.9623287671232876	0.9410958904109589	0.865906827784805	0.89821917
AB264021	1440	7170	Alicyclobacillaceae	Alicyclobacillus fastidiosus	AB264024	1519	7583	Alicyclobacillaceae	Alicyclobacillus shizuokensis	6356.0	1440	74	64	1341	0.9745639534883721	0.9555555555555556	0.93125	0.8463672391017174	0.8864714
AB264021	1440	7170	Alicyclobacillaceae	Alicyclobacillus fastidiosus	AB042057	1514	7570	Alicyclobacillaceae	Alicyclobacillus acidoterrestris	7013.0	1440	7	6	1418	0.9888423988842399	0.9958333333333333	0.9847222222222223	0.9758753743377102	0.9781032
AB264021	1440	7170	Alicyclobacillaceae	Alicyclobacillus fastidiosus	AB089843	1517	7585	Alicyclobacillaceae	Alicyclobacillus disulfidooxidans	6351.0	1440	70	62	1340	0.9724238026124818	0.9569444444444445	0.9305555555555556	0.8492089771891097	0.8857741
AB264021	1440	7170	Alicyclobacillaceae	Alicyclobacillus fastidiosus	AB264020	1518	7584	Alicyclobacillaceae	Alicyclobacillus sacchari	6841.0	1440	24	20	1399	0.9852112676056338	0.9861111111111112	0.9715277777777778	0.942328855494839	0.9541144
AB264021	1440	7170	Alicyclobacillaceae	Alicyclobacillus fastidiosus	AY425985	1458	7290	Alicyclobacillaceae	Alicyclobacillus vulcanalis	6474.0	1420	41	35	1348	0.9732851985559566	0.9753521126760564	0.9492957746478873	0.8999142011549103	0.9029289
AB264021	1440	7170	Alicyclobacillaceae	Alicyclobacillus fastidiosus	AJ496806	1507	7535	Alicyclobacillaceae	Alicyclobacillus acidocaldarius subsp. acidocaldarius	6515.0	1430	42	36	1356	0.9727403156384505	0.9748251748251748	0.9482517482517483	0.8980047126786258	0.9086471
AB264021	1440	7170	Alicyclobacillaceae	Alicyclobacillus fastidiosus	AJ133633	1485	7425	Alicyclobacillaceae	Alicyclobacillus hesperidum	6717.0	1412	20	16	1373	0.9835243553008596	0.9886685552407932	0.9723796033994334	0.9479343061072689	0.9368201
AB264021	1440	7170	Alicyclobacillaceae	Alicyclobacillus fastidiosus	AB264025	1526	7612	Alicyclobacillaceae	Alicyclobacillus macrosporangiidus	6507.0	1439	71	53	1360	0.9812409812409812	0.9631688672689368	0.9451007644197359	0.8674898407190423	0.9075314
AB264021	1440	7170	Alicyclobacillaceae	Alicyclobacillus fastidiosus	AB059674	1520	7588	Alicyclobacillaceae	Alicyclobacillus acidocaldarius subsp. rittmannii	6612.0	1440	38	31	1372	0.9737402413058907	0.9784722222222222	0.9527777777777777	0.9082976244173807	0.9221757
AB264021	1440	7170	Alicyclobacillaceae	Alicyclobacillus fastidiosus	AB264026	1520	7582	Alicyclobacillaceae	Alicyclobacillus contaminans	6591.0	1440	57	41	1370	0.9792709077912795	0.9715277777777778	0.9513888888888888	0.8891069175387811	0.91924685
AB264021	1440	7170	Alicyclobacillaceae	Alicyclobacillus fastidiosus	Z21979	1519	7595	Alicyclobacillaceae	Alicyclobacillus tolerans	6366.0	1440	64	64	1340	0.9738372093023255	0.9555555555555556	0.9305555555555556	0.8513593380614658	0.8878661
AB264021	1440	7170	Alicyclobacillaceae	Alicyclobacillus fastidiosus	AB076660	1542	7710	Alicyclobacillaceae	Alicyclobacillus acidiphilus	6854.0	1440	23	21	1399	0.9859055673009162	0.9854166666666667	0.9715277777777778	0.9423088972431077	0.9559275
AB264021	1440	7170	Alicyclobacillaceae	Alicyclobacillus fastidiosus	AB042059	1517	7585	Alicyclobacillaceae	Alicyclobacillus cycloheptanicus	6597.0	1440	43	36	1370	0.9757834757834758	0.975	0.9513888888888888	0.900708024275118	0.9200837
AB264021	1440	7170	Alicyclobacillaceae	Alicyclobacillus fastidiosus	KR090679	1456	7280	Alicyclobacillaceae	Alicyclobacillus fodiniaquatilis	6750.0	1420	27	24	1378	0.9871060171919771	0.9830985915492958	0.9704225352112676	0.9362196676951829	0.9414226
AB264021	1440	7170	Alicyclobacillaceae	Alicyclobacillus fastidiosus	FM179383	1493	7465	Alicyclobacillaceae	Alicyclobacillus aeris	6555.0	1440	50	45	1364	0.9777777777777777	0.96875	0.9472222222222222	0.8868288590604027	0.91422594
AB264021	1440	7170	Alicyclobacillaceae	Alicyclobacillus fastidiosus	AB089840	1528	7634	Alicyclobacillaceae	Alicyclobacillus pomorum	6695.0	1440	51	37	1382	0.985032074126871	0.9743055555555555	0.9597222222222223	0.903078657127953	0.93375176
AB264024	1519	7583	Alicyclobacillaceae	Alicyclobacillus shizuokensis	AB042057	1514	7570	Alicyclobacillaceae	Alicyclobacillus acidoterrestris	6665.0	1518	66	80	1405	0.9770514603616134	0.9561170212765957	0.9255599472990778	0.8402494976111576	0.8804491
AB264024	1519	7583	Alicyclobacillaceae	Alicyclobacillus shizuokensis	AB089843	1517	7585	Alicyclobacillaceae	Alicyclobacillus disulfidooxidans	6561.0	1518	82	93	1391	0.976140350877193	0.9455872594558726	0.9163372859025033	0.816112895256917	0.86522484
AB264024	1519	7583	Alicyclobacillaceae	Alicyclobacillus shizuokensis	AB264020	1518	7584	Alicyclobacillaceae	Alicyclobacillus sacchari	6701.0	1519	62	73	1410	0.975103734439834	0.9588859416445623	0.9282422646477946	0.8489805911958956	0.8836872
AB264024	1519	7583	Alicyclobacillaceae	Alicyclobacillus shizuokensis	AY425985	1458	7290	Alicyclobacillaceae	Alicyclobacillus vulcanalis	6509.0	1467	59	68	1367	0.9771265189421015	0.9595336076817559	0.9318336741649625	0.8542826409939598	0.89286697
AB264024	1519	7583	Alicyclobacillaceae	Alicyclobacillus shizuokensis	AJ496806	1507	7535	Alicyclobacillaceae	Alicyclobacillus acidocaldarius subsp. acidocaldarius	6657.0	1508	63	73	1401	0.9763066202090592	0.9579439252336449	0.9290450928381963	0.8486185284677349	0.8834771
AB264024	1519	7583	Alicyclobacillaceae	Alicyclobacillus shizuokensis	AJ133633	1485	7425	Alicyclobacillaceae	Alicyclobacillus hesperidum	6562.0	1490	61	72	1382	0.9746121297602257	0.9587559161595672	0.9275167785234899	0.8479811682439128	0.88377106
AB264024	1519	7583	Alicyclobacillaceae	Alicyclobacillus shizuokensis	AB264025	1526	7612	Alicyclobacillaceae	Alicyclobacillus macrosporangiidus	6803.0	1519	67	60	1426	0.9773817683344757	0.9605003291639236	0.9387755102040817	0.863602439714852	0.89713836
AB264024	1519	7583	Alicyclobacillaceae	Alicyclobacillus shizuokensis	AB059674	1520	7588	Alicyclobacillaceae	Alicyclobacillus acidocaldarius subsp. rittmannii	6698.0	1518	61	69	1410	0.9730848861283644	0.9596026490066225	0.9288537549407114	0.8523806782198168	0.8832916
AB264024	1519	7583	Alicyclobacillaceae	Alicyclobacillus shizuokensis	AB264026	1520	7582	Alicyclobacillaceae	Alicyclobacillus contaminans	6817.0	1519	57	56	1427	0.9753930280246069	0.9631336405529954	0.9394338380513496	0.8720759549930993	0.89910316
AB264024	1519	7583	Alicyclobacillaceae	Alicyclobacillus shizuokensis	Z21979	1519	7595	Alicyclobacillaceae	Alicyclobacillus tolerans	6618.0	1518	70	89	1398	0.9783065080475857	0.9533022014676451	0.9209486166007905	0.8287377664499558	0.87274164
AB264024	1519	7583	Alicyclobacillaceae	Alicyclobacillus shizuokensis	AB076660	1542	7710	Alicyclobacillaceae	Alicyclobacillus acidiphilus	6658.0	1519	67	78	1404	0.974323386537127	0.9555702917771883	0.924292297564187	0.8397889033984826	0.8780166
AB264024	1519	7583	Alicyclobacillaceae	Alicyclobacillus shizuokensis	AB042059	1517	7585	Alicyclobacillaceae	Alicyclobacillus cycloheptanicus	6684.0	1518	62	74	1408	0.9750692520775623	0.9588313413014609	0.927536231884058	0.8476976701522657	0.88144535
AB264024	1519	7583	Alicyclobacillaceae	Alicyclobacillus shizuokensis	KR090679	1456	7280	Alicyclobacillaceae	Alicyclobacillus fodiniaquatilis	6375.0	1468	71	83	1350	0.9747292418772563	0.9512362637362637	0.9196185286103542	0.8275969214589608	0.8756868
AB264024	1519	7583	Alicyclobacillaceae	Alicyclobacillus shizuokensis	FM179383	1493	7465	Alicyclobacillaceae	Alicyclobacillus aeris	6509.0	1507	70	84	1382	0.9711876317638791	0.9531145344943067	0.9170537491705375	0.8274999905324508	0.8719357
AB264024	1519	7583	Alicyclobacillaceae	Alicyclobacillus shizuokensis	AB089840	1528	7634	Alicyclobacillaceae	Alicyclobacillus pomorum	6770.0	1518	59	60	1421	0.9746227709190672	0.9611074489123269	0.9361001317523057	0.8654622651203943	0.8927865
AB042057	1514	7570	Alicyclobacillaceae	Alicyclobacillus acidoterrestris	AB089843	1517	7585	Alicyclobacillaceae	Alicyclobacillus disulfidooxidans	6734.0	1514	64	61	1416	0.9745354439091535	0.9597093791281374	0.9352708058124174	0.8611840816511042	0.8895641
AB042057	1514	7570	Alicyclobacillaceae	Alicyclobacillus acidoterrestris	AB264020	1518	7584	Alicyclobacillaceae	Alicyclobacillus sacchari	7244.0	1514	18	15	1477	0.9853235490326885	0.9900924702774109	0.97556142668428	0.9545473750651017	0.9569353
AB042057	1514	7570	Alicyclobacillaceae	Alicyclobacillus acidoterrestris	AY425985	1458	7290	Alicyclobacillaceae	Alicyclobacillus vulcanalis	6647.0	1453	42	37	1382	0.9759887005649718	0.9745354439091535	0.9511355815554026	0.9008749053394315	0.911797
AB042057	1514	7570	Alicyclobacillaceae	Alicyclobacillus acidoterrestris	AJ496806	1507	7535	Alicyclobacillaceae	Alicyclobacillus acidocaldarius subsp. acidocaldarius	6890.0	1502	36	31	1431	0.972807613868117	0.9793608521970706	0.9527296937416777	0.9112258644304343	0.91439945
AB042057	1514	7570	Alicyclobacillaceae	Alicyclobacillus acidoterrestris	AJ133633	1485	7425	Alicyclobacillaceae	Alicyclobacillus hesperidum	7113.0	1481	18	15	1448	0.9877216916780355	0.9898717083051992	0.9777177582714383	0.9561936181627274	0.9579798
AB042057	1514	7570	Alicyclobacillaceae	Alicyclobacillus acidoterrestris	AB264025	1526	7612	Alicyclobacillaceae	Alicyclobacillus macrosporangiidus	6799.0	1504	78	57	1421	0.9820317899101589	0.9621010638297872	0.944813829787234	0.8641881237055169	0.8981506
AB042057	1514	7570	Alicyclobacillaceae	Alicyclobacillus acidoterrestris	AB059674	1520	7588	Alicyclobacillaceae	Alicyclobacillus acidocaldarius subsp. rittmannii	6991.0	1514	33	27	1448	0.9737726967047747	0.9821664464993395	0.9564068692206077	0.9193128730000282	0.9235139
AB042057	1514	7570	Alicyclobacillaceae	Alicyclobacillus acidoterrestris	AB264026	1520	7582	Alicyclobacillaceae	Alicyclobacillus contaminans	6895.0	1504	60	45	1433	0.9821795750514051	0.9700797872340425	0.9527925531914894	0.8888263012189149	0.9108322
AB042057	1514	7570	Alicyclobacillaceae	Alicyclobacillus acidoterrestris	Z21979	1519	7595	Alicyclobacillaceae	Alicyclobacillus tolerans	6734.0	1514	62	67	1414	0.9771941948859709	0.9589131875414182	0.9339498018494056	0.8575034030939657	0.8895641
AB042057	1514	7570	Alicyclobacillaceae	Alicyclobacillus acidoterrestris	AB076660	1542	7710	Alicyclobacillaceae	Alicyclobacillus acidiphilus	7185.0	1514	21	20	1470	0.9839357429718876	0.9867899603698811	0.9709379128137384	0.9450040662825572	0.9491413
AB042057	1514	7570	Alicyclobacillaceae	Alicyclobacillus acidoterrestris	AB042059	1517	7585	Alicyclobacillaceae	Alicyclobacillus cycloheptanicus	6980.0	1514	44	42	1445	0.9816576086956522	0.9722589167767504	0.9544253632760898	0.9017420633776664	0.9220608
AB042057	1514	7570	Alicyclobacillaceae	Alicyclobacillus acidoterrestris	KR090679	1456	7280	Alicyclobacillaceae	Alicyclobacillus fodiniaquatilis	6933.0	1454	33	31	1414	0.9936753338018272	0.9786795048143053	0.9724896836313618	0.9306340415651834	0.9523352
AB042057	1514	7570	Alicyclobacillaceae	Alicyclobacillus acidoterrestris	FM179383	1493	7465	Alicyclobacillaceae	Alicyclobacillus aeris	6766.0	1493	55	55	1411	0.9812239221140473	0.9631614199598124	0.9450770261219023	0.8779203898987697	0.906363
AB042057	1514	7570	Alicyclobacillaceae	Alicyclobacillus acidoterrestris	AB089840	1528	7634	Alicyclobacillaceae	Alicyclobacillus pomorum	7065.0	1514	52	39	1456	0.9871186440677966	0.9742404227212682	0.9616908850726552	0.9058071874087908	0.9332893
AB089843	1517	7585	Alicyclobacillaceae	Alicyclobacillus disulfidooxidans	AB264020	1518	7584	Alicyclobacillaceae	Alicyclobacillus sacchari	6731.0	1517	60	60	1417	0.9725463280713795	0.96044825313118	0.9340804218852999	0.8630026472332796	0.8875264
AB089843	1517	7585	Alicyclobacillaceae	Alicyclobacillus disulfidooxidans	AY425985	1458	7290	Alicyclobacillaceae	Alicyclobacillus vulcanalis	6430.0	1456	65	63	1357	0.9741564967695621	0.9567307692307693	0.9320054945054945	0.8535724219895817	0.8820302
AB089843	1517	7585	Alicyclobacillaceae	Alicyclobacillus disulfidooxidans	AJ496806	1507	7535	Alicyclobacillaceae	Alicyclobacillus acidocaldarius subsp. acidocaldarius	6662.0	1505	67	65	1404	0.975	0.9568106312292359	0.932890365448505	0.8545560599528291	0.8841407
AB089843	1517	7585	Alicyclobacillaceae	Alicyclobacillus disulfidooxidans	AJ133633	1485	7425	Alicyclobacillaceae	Alicyclobacillus hesperidum	6574.0	1484	61	61	1385	0.9732958538299368	0.9588948787061995	0.933288409703504	0.8595918491961724	0.8853872
AB089843	1517	7585	Alicyclobacillaceae	Alicyclobacillus disulfidooxidans	AB264025	1526	7612	Alicyclobacillaceae	Alicyclobacillus macrosporangiidus	6695.0	1507	80	62	1410	0.9757785467128027	0.9588586595885866	0.935633709356337	0.8519160113546989	0.88266313
AB089843	1517	7585	Alicyclobacillaceae	Alicyclobacillus disulfidooxidans	AB059674	1520	7588	Alicyclobacillaceae	Alicyclobacillus acidocaldarius subsp. rittmannii	6739.0	1517	66	63	1418	0.9752407152682255	0.958470665787739	0.934739617666447	0.8585669008761933	0.8884641
AB089843	1517	7585	Alicyclobacillaceae	Alicyclobacillus disulfidooxidans	AB264026	1520	7582	Alicyclobacillaceae	Alicyclobacillus contaminans	6659.0	1507	71	59	1404	0.9696132596685083	0.9608493696084937	0.9316522893165229	0.8549001995756179	0.8782643
AB089843	1517	7585	Alicyclobacillaceae	Alicyclobacillus disulfidooxidans	Z21979	1519	7595	Alicyclobacillaceae	Alicyclobacillus tolerans	6766.0	1517	63	71	1417	0.9799446749654218	0.9582504970178927	0.9340804218852999	0.8548609430671795	0.89202374
AB089843	1517	7585	Alicyclobacillaceae	Alicyclobacillus disulfidooxidans	AB076660	1542	7710	Alicyclobacillaceae	Alicyclobacillus acidiphilus	6690.0	1517	71	73	1411	0.9771468144044322	0.9531353135313532	0.9301252471984179	0.8457813960670751	0.88200396
AB089843	1517	7585	Alicyclobacillaceae	Alicyclobacillus disulfidooxidans	AB042059	1517	7585	Alicyclobacillaceae	Alicyclobacillus cycloheptanicus	6839.0	1517	47	48	1429	0.9727705922396188	0.9689973614775725	0.9419907712590639	0.88477266175164	0.901648
AB089843	1517	7585	Alicyclobacillaceae	Alicyclobacillus disulfidooxidans	KR090679	1456	7280	Alicyclobacillaceae	Alicyclobacillus fodiniaquatilis	6432.0	1457	54	55	1357	0.9679029957203994	0.9629120879120879	0.9313658201784488	0.8641792719326177	0.8835165
AB089843	1517	7585	Alicyclobacillaceae	Alicyclobacillus disulfidooxidans	FM179383	1493	7465	Alicyclobacillaceae	Alicyclobacillus aeris	6617.0	1496	59	62	1393	0.9714086471408647	0.9604822505023443	0.9311497326203209	0.8586937084099936	0.8864032
AB089843	1517	7585	Alicyclobacillaceae	Alicyclobacillus disulfidooxidans	AB089840	1528	7634	Alicyclobacillaceae	Alicyclobacillus pomorum	6738.0	1517	59	49	1419	0.9666212534059946	0.967699406723797	0.9353988134475939	0.8712978795311344	0.88833225
AB264020	1518	7584	Alicyclobacillaceae	Alicyclobacillus sacchari	AY425985	1458	7290	Alicyclobacillaceae	Alicyclobacillus vulcanalis	6682.0	1456	32	30	1387	0.9726507713884993	0.9793956043956044	0.9526098901098901	0.9129178113553114	0.9165981
AB264020	1518	7584	Alicyclobacillaceae	Alicyclobacillus sacchari	AJ496806	1507	7535	Alicyclobacillaceae	Alicyclobacillus acidocaldarius subsp. acidocaldarius	6963.0	1505	28	27	1440	0.9742895805142084	0.9820598006644519	0.9568106312292359	0.9224827873169019	0.9240876
AB264020	1518	7584	Alicyclobacillaceae	Alicyclobacillus sacchari	AJ133633	1485	7425	Alicyclobacillaceae	Alicyclobacillus hesperidum	7382.0	1485	0	0	1480	0.9966329966329966	1.0	0.9966329966329966	0.9966329966329966	0.99420875
AB264020	1518	7584	Alicyclobacillaceae	Alicyclobacillus sacchari	AB264025	1526	7612	Alicyclobacillaceae	Alicyclobacillus macrosporangiidus	6933.0	1508	68	50	1439	0.9869684499314129	0.96684350132626	0.9542440318302388	0.8827968264013248	0.9141614
AB264020	1518	7584	Alicyclobacillaceae	Alicyclobacillus sacchari	AB059674	1520	7588	Alicyclobacillaceae	Alicyclobacillus acidocaldarius subsp. rittmannii	7046.0	1517	27	24	1455	0.9745478901540523	0.984179301252472	0.9591298615688859	0.9274487586284629	0.9290612
AB264020	1518	7584	Alicyclobacillaceae	Alicyclobacillus sacchari	AB264026	1520	7582	Alicyclobacillaceae	Alicyclobacillus contaminans	6986.0	1508	51	39	1445	0.9836623553437712	0.9741379310344828	0.9582228116710876	0.9029052664174648	0.9213928
AB264020	1518	7584	Alicyclobacillaceae	Alicyclobacillus sacchari	Z21979	1519	7595	Alicyclobacillaceae	Alicyclobacillus tolerans	6750.0	1517	64	72	1416	0.9799307958477509	0.9575878064943671	0.9334212261041529	0.8531269270844408	0.89003164
AB264020	1518	7584	Alicyclobacillaceae	Alicyclobacillus sacchari	AB076660	1542	7710	Alicyclobacillaceae	Alicyclobacillus acidiphilus	7197.0	1518	30	30	1471	0.9885752688172043	0.9802371541501976	0.969038208168643	0.9314785876969901	0.9489715
AB264020	1518	7584	Alicyclobacillaceae	Alicyclobacillus sacchari	AB042059	1517	7585	Alicyclobacillaceae	Alicyclobacillus cycloheptanicus	6997.0	1517	41	42	1448	0.9816949152542372	0.9729551451187335	0.954515491100857	0.9036651793156381	0.9226002
AB264020	1518	7584	Alicyclobacillaceae	Alicyclobacillus sacchari	KR090679	1456	7280	Alicyclobacillaceae	Alicyclobacillus fodiniaquatilis	6855.0	1457	29	30	1406	0.9852838121934128	0.9800824175824175	0.9649965682910089	0.9266824380560362	0.9416209
AB264020	1518	7584	Alicyclobacillaceae	Alicyclobacillus sacchari	FM179383	1493	7465	Alicyclobacillaceae	Alicyclobacillus aeris	6783.0	1496	43	46	1415	0.9758620689655172	0.971198928332217	0.945855614973262	0.8911570121580441	0.9086403
AB264020	1518	7584	Alicyclobacillaceae	Alicyclobacillus sacchari	AB089840	1528	7634	Alicyclobacillaceae	Alicyclobacillus pomorum	7068.0	1517	45	35	1458	0.9838056680161943	0.976928147659855	0.9611074489123269	0.9118829957029887	0.931962
AY425985	1458	7290	Alicyclobacillaceae	Alicyclobacillus vulcanalis	AJ496806	1507	7535	Alicyclobacillaceae	Alicyclobacillus acidocaldarius subsp. acidocaldarius	7060.0	1458	17	17	1431	0.993060374739764	0.9883401920438958	0.9814814814814815	0.958857501569366	0.96844995
AY425985	1458	7290	Alicyclobacillaceae	Alicyclobacillus vulcanalis	AJ133633	1485	7425	Alicyclobacillaceae	Alicyclobacillus hesperidum	6642.0	1450	32	34	1379	0.9738700564971752	0.9779005524861878	0.9510344827586207	0.9086807203685606	0.9111111
AY425985	1458	7290	Alicyclobacillaceae	Alicyclobacillus vulcanalis	AB264025	1526	7612	Alicyclobacillaceae	Alicyclobacillus macrosporangiidus	6608.0	1458	67	51	1380	0.9808102345415778	0.9650205761316872	0.9465020576131687	0.8732645213519531	0.9064472
AY425985	1458	7290	Alicyclobacillaceae	Alicyclobacillus vulcanalis	AB059674	1520	7588	Alicyclobacillaceae	Alicyclobacillus acidocaldarius subsp. rittmannii	7070.0	1458	15	14	1432	0.9916897506925207	0.99039780521262	0.9821673525377229	0.962830724415799	0.9698217
AY425985	1458	7290	Alicyclobacillaceae	Alicyclobacillus vulcanalis	AB264026	1520	7582	Alicyclobacillaceae	Alicyclobacillus contaminans	6545.0	1458	55	45	1372	0.9709837225760792	0.9691358024691358	0.9410150891632373	0.8788197759336777	0.8978052
AY425985	1458	7290	Alicyclobacillaceae	Alicyclobacillus vulcanalis	Z21979	1519	7595	Alicyclobacillaceae	Alicyclobacillus tolerans	6483.0	1458	63	73	1360	0.9819494584837545	0.9564917127071824	0.9327846364883402	0.8493798300699219	0.8893004
AY425985	1458	7290	Alicyclobacillaceae	Alicyclobacillus vulcanalis	AB076660	1542	7710	Alicyclobacillaceae	Alicyclobacillus acidiphilus	6561.0	1458	42	46	1372	0.9716713881019831	0.9711141678129298	0.9410150891632373	0.8858088705989939	0.9
AY425985	1458	7290	Alicyclobacillaceae	Alicyclobacillus vulcanalis	AB042059	1517	7585	Alicyclobacillaceae	Alicyclobacillus cycloheptanicus	6526.0	1458	49	52	1368	0.972972972972973	0.9663230240549828	0.9382716049382716	0.8753881065316588	0.8951989
AY425985	1458	7290	Alicyclobacillaceae	Alicyclobacillus vulcanalis	KR090679	1456	7280	Alicyclobacillaceae	Alicyclobacillus fodiniaquatilis	6573.0	1458	52	55	1373	0.9786172487526729	0.9642611683848797	0.9417009602194787	0.8749711570780985	0.9028846
AY425985	1458	7290	Alicyclobacillaceae	Alicyclobacillus vulcanalis	FM179383	1493	7465	Alicyclobacillaceae	Alicyclobacillus aeris	6426.0	1458	53	58	1356	0.9685714285714285	0.9635237439779766	0.9300411522633745	0.8617191351215912	0.88148147
AY425985	1458	7290	Alicyclobacillaceae	Alicyclobacillus vulcanalis	AB089840	1528	7634	Alicyclobacillaceae	Alicyclobacillus pomorum	6562.0	1458	54	46	1374	0.9730878186968839	0.9684499314128944	0.9423868312757202	0.880059659895051	0.9001372
AJ496806	1507	7535	Alicyclobacillaceae	Alicyclobacillus acidocaldarius subsp. acidocaldarius	AJ133633	1485	7425	Alicyclobacillaceae	Alicyclobacillus hesperidum	6877.0	1487	26	28	1422	0.9746401644962303	0.9824915824915825	0.9562878278412912	0.9221572642567375	0.92619526
AJ496806	1507	7535	Alicyclobacillaceae	Alicyclobacillus acidocaldarius subsp. acidocaldarius	AB264025	1526	7612	Alicyclobacillaceae	Alicyclobacillus macrosporangiidus	6829.0	1498	63	46	1423	0.9800275482093664	0.9692923898531375	0.9499332443257676	0.883602223421534	0.90630394
AJ496806	1507	7535	Alicyclobacillaceae	Alicyclobacillus acidocaldarius subsp. acidocaldarius	AB059674	1520	7588	Alicyclobacillaceae	Alicyclobacillus acidocaldarius subsp. rittmannii	7430.0	1507	4	3	1495	0.9940159574468085	0.9980092899800929	0.9920371599203716	0.98744135573808	0.98606503
AJ496806	1507	7535	Alicyclobacillaceae	Alicyclobacillus acidocaldarius subsp. acidocaldarius	AB264026	1520	7582	Alicyclobacillaceae	Alicyclobacillus contaminans	6724.0	1498	60	49	1409	0.9723947550034506	0.9672897196261683	0.9405874499332443	0.874782551317889	0.892369
AJ496806	1507	7535	Alicyclobacillaceae	Alicyclobacillus acidocaldarius subsp. acidocaldarius	Z21979	1519	7595	Alicyclobacillaceae	Alicyclobacillus tolerans	6695.0	1507	62	72	1405	0.9790940766550522	0.9585838343353373	0.9323158593231586	0.8526916877812191	0.88852024
AJ496806	1507	7535	Alicyclobacillaceae	Alicyclobacillus acidocaldarius subsp. acidocaldarius	AB076660	1542	7710	Alicyclobacillaceae	Alicyclobacillus acidiphilus	6795.0	1507	46	50	1419	0.9739190116678106	0.9693945442448436	0.9416058394160584	0.8833996832126187	0.90179163
AJ496806	1507	7535	Alicyclobacillaceae	Alicyclobacillus acidocaldarius subsp. acidocaldarius	AB042059	1517	7585	Alicyclobacillaceae	Alicyclobacillus cycloheptanicus	6772.0	1507	44	47	1417	0.9705479452054795	0.9707446808510638	0.940278699402787	0.8851108324487873	0.8987392
AJ496806	1507	7535	Alicyclobacillaceae	Alicyclobacillus acidocaldarius subsp. acidocaldarius	KR090679	1456	7280	Alicyclobacillaceae	Alicyclobacillus fodiniaquatilis	6595.0	1459	48	51	1376	0.9772727272727273	0.967032967032967	0.9431117203564084	0.8811554759534327	0.9059066
AJ496806	1507	7535	Alicyclobacillaceae	Alicyclobacillus acidocaldarius subsp. acidocaldarius	FM179383	1493	7465	Alicyclobacillaceae	Alicyclobacillus aeris	6658.0	1488	40	45	1396	0.9674289674289674	0.9730276466621712	0.9381720430107527	0.8859831531835838	0.89189553
AJ496806	1507	7535	Alicyclobacillaceae	Alicyclobacillus acidocaldarius subsp. acidocaldarius	AB089840	1528	7634	Alicyclobacillaceae	Alicyclobacillus pomorum	6803.0	1507	48	40	1423	0.9700068166325835	0.973457199734572	0.9442601194426012	0.8908228908181968	0.90285337
AJ133633	1485	7425	Alicyclobacillaceae	Alicyclobacillus hesperidum	AB264025	1526	7612	Alicyclobacillaceae	Alicyclobacillus macrosporangiidus	6769.0	1479	68	50	1408	0.9853044086773968	0.9661933739012847	0.9519945909398242	0.8793796189095079	0.9116498
AJ133633	1485	7425	Alicyclobacillaceae	Alicyclobacillus hesperidum	AB059674	1520	7588	Alicyclobacillaceae	Alicyclobacillus acidocaldarius subsp. rittmannii	6897.0	1484	27	24	1424	0.9753424657534246	0.9838274932614556	0.9595687331536388	0.9271809069518945	0.9288889
AJ133633	1485	7425	Alicyclobacillaceae	Alicyclobacillus hesperidum	AB264026	1520	7582	Alicyclobacillaceae	Alicyclobacillus contaminans	6833.0	1479	50	38	1415	0.9819569743233866	0.9743069641649763	0.9567275185936444	0.9016640642860965	0.92026937
AJ133633	1485	7425	Alicyclobacillaceae	Alicyclobacillus hesperidum	Z21979	1519	7595	Alicyclobacillaceae	Alicyclobacillus tolerans	6599.0	1485	65	73	1385	0.9808781869688386	0.955991875423155	0.9326599326599326	0.8496231128489193	0.8887542
AJ133633	1485	7425	Alicyclobacillaceae	Alicyclobacillus hesperidum	AB076660	1542	7710	Alicyclobacillaceae	Alicyclobacillus acidiphilus	7057.0	1485	25	27	1441	0.9883401920438958	0.983142279163857	0.9703703703703703	0.936953642384106	0.9504377
AJ133633	1485	7425	Alicyclobacillaceae	Alicyclobacillus hesperidum	AB042059	1517	7585	Alicyclobacillaceae	Alicyclobacillus cycloheptanicus	6841.0	1484	41	42	1416	0.9819694868238558	0.9723533378287256	0.954177897574124	0.9022455923291061	0.9213468
AJ133633	1485	7425	Alicyclobacillaceae	Alicyclobacillus hesperidum	KR090679	1456	7280	Alicyclobacillaceae	Alicyclobacillus fodiniaquatilis	6818.0	1449	26	27	1399	0.9838255977496484	0.9820441988950276	0.9654934437543133	0.9308011369617855	0.93653846
AJ133633	1485	7425	Alicyclobacillaceae	Alicyclobacillus hesperidum	FM179383	1493	7465	Alicyclobacillaceae	Alicyclobacillus aeris	6652.0	1468	44	47	1388	0.9767769176636172	0.9699658703071672	0.9455040871934605	0.8885987486123726	0.89589226
AJ133633	1485	7425	Alicyclobacillaceae	Alicyclobacillus hesperidum	AB089840	1528	7634	Alicyclobacillaceae	Alicyclobacillus pomorum	6930.0	1484	44	34	1428	0.9848275862068966	0.977088948787062	0.9622641509433962	0.913143336955448	0.93333334
AB264025	1526	7612	Alicyclobacillaceae	Alicyclobacillus macrosporangiidus	AB059674	1520	7588	Alicyclobacillaceae	Alicyclobacillus acidocaldarius subsp. rittmannii	6875.0	1525	49	64	1432	0.9801505817932923	0.9675496688741722	0.939016393442623	0.8716028912450269	0.90603584
AB264025	1526	7612	Alicyclobacillaceae	Alicyclobacillus macrosporangiidus	AB264026	1520	7582	Alicyclobacillaceae	Alicyclobacillus contaminans	6982.0	1526	46	52	1447	0.9816824966078698	0.9697368421052631	0.9482306684141546	0.8891170516809567	0.9208652
AB264025	1526	7612	Alicyclobacillaceae	Alicyclobacillus macrosporangiidus	Z21979	1519	7595	Alicyclobacillaceae	Alicyclobacillus tolerans	6691.0	1525	67	93	1407	0.9825418994413407	0.9553035356904603	0.9226229508196722	0.8298970261141775	0.88097435
AB264025	1526	7612	Alicyclobacillaceae	Alicyclobacillus macrosporangiidus	AB076660	1542	7710	Alicyclobacillaceae	Alicyclobacillus acidiphilus	6771.0	1526	62	80	1419	0.9813278008298755	0.9588859416445623	0.9298820445609436	0.8467313831455444	0.88951653
AB264025	1526	7612	Alicyclobacillaceae	Alicyclobacillus macrosporangiidus	AB042059	1517	7585	Alicyclobacillaceae	Alicyclobacillus cycloheptanicus	6847.0	1525	50	69	1427	0.9800824175824175	0.9667994687915007	0.9357377049180328	0.8650375227686703	0.9027027
AB264025	1526	7612	Alicyclobacillaceae	Alicyclobacillus macrosporangiidus	KR090679	1456	7280	Alicyclobacillaceae	Alicyclobacillus fodiniaquatilis	6533.0	1475	62	81	1369	0.9820659971305595	0.9574175824175825	0.928135593220339	0.8417833552043934	0.8973901
AB264025	1526	7612	Alicyclobacillaceae	Alicyclobacillus macrosporangiidus	FM179383	1493	7465	Alicyclobacillaceae	Alicyclobacillus aeris	6783.0	1514	47	68	1416	0.979253112033195	0.9685197588747488	0.9352708058124174	0.8663687285104136	0.9086403
AB264025	1526	7612	Alicyclobacillaceae	Alicyclobacillus macrosporangiidus	AB089840	1528	7634	Alicyclobacillaceae	Alicyclobacillus pomorum	6985.0	1525	44	52	1446	0.9816700610997964	0.970995385629532	0.9481967213114754	0.8901808607341002	0.9176301
AB059674	1520	7588	Alicyclobacillaceae	Alicyclobacillus acidocaldarius subsp. rittmannii	AB264026	1520	7582	Alicyclobacillaceae	Alicyclobacillus contaminans	6808.0	1510	58	49	1423	0.973990417522245	0.9675496688741722	0.9423841059602649	0.8780760068928233	0.89791614
AB059674	1520	7588	Alicyclobacillaceae	Alicyclobacillus acidocaldarius subsp. rittmannii	Z21979	1519	7595	Alicyclobacillaceae	Alicyclobacillus tolerans	6765.0	1520	61	72	1418	0.9792817679558011	0.9595758780649437	0.9328947368421052	0.8544159259629148	0.8915393
AB059674	1520	7588	Alicyclobacillaceae	Alicyclobacillus acidocaldarius subsp. rittmannii	AB076660	1542	7710	Alicyclobacillaceae	Alicyclobacillus acidiphilus	6887.0	1520	41	46	1435	0.9735413839891451	0.972937293729373	0.944078947368421	0.8914621194241208	0.9076173
AB059674	1520	7588	Alicyclobacillaceae	Alicyclobacillus acidocaldarius subsp. rittmannii	AB042059	1517	7585	Alicyclobacillaceae	Alicyclobacillus cycloheptanicus	6857.0	1520	44	48	1432	0.9728260869565217	0.9709762532981531	0.9421052631578948	0.886687306501548	0.9040211
AB059674	1520	7588	Alicyclobacillaceae	Alicyclobacillus acidocaldarius subsp. rittmannii	KR090679	1456	7280	Alicyclobacillaceae	Alicyclobacillus fodiniaquatilis	6629.0	1460	44	48	1380	0.9773371104815864	0.9697802197802198	0.9452054794520548	0.8873870591664237	0.91057694
AB059674	1520	7588	Alicyclobacillaceae	Alicyclobacillus acidocaldarius subsp. rittmannii	FM179383	1493	7465	Alicyclobacillaceae	Alicyclobacillus aeris	6741.0	1499	38	44	1410	0.9690721649484536	0.9745478901540523	0.9406270847231488	0.8904439871647245	0.90301406
AB059674	1520	7588	Alicyclobacillaceae	Alicyclobacillus acidocaldarius subsp. rittmannii	AB089840	1528	7634	Alicyclobacillaceae	Alicyclobacillus pomorum	6885.0	1520	49	42	1437	0.9722598105548038	0.9723684210526315	0.9453947368421053	0.8905630471973432	0.9073537
AB264026	1520	7582	Alicyclobacillaceae	Alicyclobacillus contaminans	Z21979	1519	7595	Alicyclobacillaceae	Alicyclobacillus tolerans	6771.0	1519	50	70	1416	0.9772256728778468	0.9666444296197465	0.9321922317314022	0.8608964587500331	0.8930361
AB264026	1520	7582	Alicyclobacillaceae	Alicyclobacillus contaminans	AB076660	1542	7710	Alicyclobacillaceae	Alicyclobacillus acidiphilus	6855.0	1520	48	60	1428	0.9780821917808219	0.9681697612732095	0.9394736842105263	0.874765037593985	0.904115
AB264026	1520	7582	Alicyclobacillaceae	Alicyclobacillus contaminans	AB042059	1517	7585	Alicyclobacillaceae	Alicyclobacillus cycloheptanicus	6920.0	1519	42	55	1435	0.980191256830601	0.9721115537848606	0.9447004608294931	0.8859971009957578	0.91268796
AB264026	1520	7582	Alicyclobacillaceae	Alicyclobacillus contaminans	KR090679	1456	7280	Alicyclobacillaceae	Alicyclobacillus fodiniaquatilis	6678.0	1469	44	57	1387	0.9822946175637394	0.9697802197802198	0.9441797140912185	0.881151193851157	0.9173077
AB264026	1520	7582	Alicyclobacillaceae	Alicyclobacillus contaminans	FM179383	1493	7465	Alicyclobacillaceae	Alicyclobacillus aeris	6821.0	1508	47	62	1419	0.9813278008298755	0.9685197588747488	0.9409814323607427	0.8750219621824012	0.91373074
AB264026	1520	7582	Alicyclobacillaceae	Alicyclobacillus contaminans	AB089840	1528	7634	Alicyclobacillaceae	Alicyclobacillus pomorum	7249.0	1519	15	17	1478	0.9840213049267643	0.990112063282795	0.9730085582620145	0.9527111176724549	0.9560802
Z21979	1519	7595	Alicyclobacillaceae	Alicyclobacillus tolerans	AB076660	1542	7710	Alicyclobacillaceae	Alicyclobacillus acidiphilus	6742.0	1519	71	65	1419	0.9759284731774416	0.9572086899275839	0.934167215273206	0.8542636044070702	0.8876893
Z21979	1519	7595	Alicyclobacillaceae	Alicyclobacillus tolerans	AB042059	1517	7585	Alicyclobacillaceae	Alicyclobacillus cycloheptanicus	6782.0	1510	58	51	1421	0.973954763536669	0.9662251655629139	0.9410596026490067	0.8756415562913907	0.89413315
Z21979	1519	7595	Alicyclobacillaceae	Alicyclobacillus tolerans	KR090679	1456	7280	Alicyclobacillaceae	Alicyclobacillus fodiniaquatilis	6379.0	1449	77	70	1347	0.9767947788252357	0.9516908212560387	0.9296066252587992	0.8400573631925847	0.87623626
Z21979	1519	7595	Alicyclobacillaceae	Alicyclobacillus tolerans	FM179383	1493	7465	Alicyclobacillaceae	Alicyclobacillus aeris	6578.0	1488	77	72	1385	0.9781073446327684	0.9516129032258065	0.9307795698924731	0.8421622178707616	0.88117886
Z21979	1519	7595	Alicyclobacillaceae	Alicyclobacillus tolerans	AB089840	1528	7634	Alicyclobacillaceae	Alicyclobacillus pomorum	6808.0	1510	70	52	1425	0.977366255144033	0.9655629139072848	0.9437086092715232	0.8708399698214436	0.8963792
AB076660	1542	7710	Alicyclobacillaceae	Alicyclobacillus acidiphilus	AB042059	1517	7585	Alicyclobacillaceae	Alicyclobacillus cycloheptanicus	6953.0	1516	46	45	1443	0.9809653297076818	0.9703166226912929	0.9518469656992085	0.896393653356937	0.91667765
AB076660	1542	7710	Alicyclobacillaceae	Alicyclobacillus acidiphilus	KR090679	1456	7280	Alicyclobacillaceae	Alicyclobacillus fodiniaquatilis	6805.0	1455	38	37	1399	0.9866008462623413	0.9745704467353952	0.961512027491409	0.9132110214218473	0.93475276
AB076660	1542	7710	Alicyclobacillaceae	Alicyclobacillus acidiphilus	FM179383	1493	7465	Alicyclobacillaceae	Alicyclobacillus aeris	6708.0	1494	58	59	1404	0.978397212543554	0.9611520428667113	0.9397590361445783	0.868913799528009	0.8985934
AB076660	1542	7710	Alicyclobacillaceae	Alicyclobacillus acidiphilus	AB089840	1528	7634	Alicyclobacillaceae	Alicyclobacillus pomorum	6964.0	1516	60	48	1445	0.9843324250681199	0.9683377308707124	0.9531662269129287	0.8878477291295556	0.9122347
AB042059	1517	7585	Alicyclobacillaceae	Alicyclobacillus cycloheptanicus	KR090679	1456	7280	Alicyclobacillaceae	Alicyclobacillus fodiniaquatilis	6579.0	1456	60	60	1372	0.9828080229226361	0.9587912087912088	0.9423076923076923	0.867718692916582	0.9037088
AB042059	1517	7585	Alicyclobacillaceae	Alicyclobacillus cycloheptanicus	FM179383	1493	7465	Alicyclobacillaceae	Alicyclobacillus aeris	6795.0	1495	53	55	1414	0.9819444444444444	0.9645010046885466	0.945819397993311	0.8798319981333126	0.9102478
AB042059	1517	7585	Alicyclobacillaceae	Alicyclobacillus cycloheptanicus	AB089840	1528	7634	Alicyclobacillaceae	Alicyclobacillus pomorum	6998.0	1517	53	42	1449	0.9823728813559321	0.972313777191826	0.9551746868820039	0.897377492452838	0.9226104
KR090679	1456	7280	Alicyclobacillaceae	Alicyclobacillus fodiniaquatilis	FM179383	1493	7465	Alicyclobacillaceae	Alicyclobacillus aeris	6558.0	1456	63	65	1370	0.9849029475197699	0.9566712517193948	0.9409340659340659	0.8616453493839933	0.9008242
KR090679	1456	7280	Alicyclobacillaceae	Alicyclobacillus fodiniaquatilis	AB089840	1528	7634	Alicyclobacillaceae	Alicyclobacillus pomorum	6702.0	1456	58	47	1388	0.9850958126330731	0.9677197802197802	0.9532967032967034	0.8871829953401948	0.9206044
FM179383	1493	7465	Alicyclobacillaceae	Alicyclobacillus aeris	AB089840	1528	7634	Alicyclobacillaceae	Alicyclobacillus pomorum	6853.0	1493	54	41	1423	0.9800275482093664	0.9725385130609511	0.9531145344943067	0.8945845533844431	0.9180174
