JF922381	1437	7185	Idiomarinaceae	Aliidiomarina shirensis	KF724186	1413	7059	Idiomarinaceae	Aliidiomarina iranensis	6829.0	1406	12	12	1382	0.9913916786226685	0.9914651493598862	0.9829302987197724	0.9662939608006789	0.9674175
JF922381	1437	7185	Idiomarinaceae	Aliidiomarina shirensis	JX981923	1360	6800	Idiomarinaceae	Aliidiomarina sanyensis	6274.0	1365	25	30	1300	0.9737827715355806	0.9816176470588235	0.9523809523809523	0.9146968139773894	0.92264706
JF922381	1437	7185	Idiomarinaceae	Aliidiomarina shirensis	HQ537484	1441	7205	Idiomarinaceae	Aliidiomarina taiwanensis	6516.0	1423	32	32	1353	0.9726815240833933	0.977512297962052	0.9508081517919887	0.9089856626410009	0.9068894
JF922381	1437	7185	Idiomarinaceae	Aliidiomarina shirensis	KX355166	1351	6755	Idiomarinaceae	Aliidiomarina soli	6305.0	1352	28	29	1299	0.981859410430839	0.9792746113989638	0.9607988165680473	0.921113648057628	0.9333827
JF922381	1437	7185	Idiomarinaceae	Aliidiomarina shirensis	FN995239	1423	7115	Idiomarinaceae	Aliidiomarina haloalkalitolerans	6696.0	1410	28	18	1370	0.9841954022988506	0.9872340425531915	0.9716312056737588	0.9405498180096469	0.9411103
JF922381	1437	7185	Idiomarinaceae	Aliidiomarina shirensis	HM851284	1444	7220	Idiomarinaceae	Aliidiomarina minuta	6579.0	1401	28	26	1352	0.9832727272727273	0.9814418272662384	0.9650249821556032	0.9285579779313886	0.91565764
KF724186	1413	7059	Idiomarinaceae	Aliidiomarina iranensis	JX981923	1360	6800	Idiomarinaceae	Aliidiomarina sanyensis	6252.0	1365	36	41	1296	0.9788519637462235	0.9735294117647059	0.9494505494505494	0.8972680424500552	0.9194118
KF724186	1413	7059	Idiomarinaceae	Aliidiomarina iranensis	HQ537484	1441	7205	Idiomarinaceae	Aliidiomarina taiwanensis	6514.0	1413	31	30	1349	0.9754157628344179	0.9787685774946921	0.9547062986553433	0.914375907922673	0.92279357
KF724186	1413	7059	Idiomarinaceae	Aliidiomarina iranensis	KX355166	1351	6755	Idiomarinaceae	Aliidiomarina soli	6331.0	1352	23	24	1302	0.9804216867469879	0.9829755736491488	0.9630177514792899	0.9301000537923615	0.93723166
KF724186	1413	7059	Idiomarinaceae	Aliidiomarina iranensis	FN995239	1423	7115	Idiomarinaceae	Aliidiomarina haloalkalitolerans	6637.0	1409	33	21	1363	0.9819884726224783	0.9850958126330731	0.9673527324343506	0.9311273180436052	0.94021815
KF724186	1413	7059	Idiomarinaceae	Aliidiomarina iranensis	HM851284	1444	7220	Idiomarinaceae	Aliidiomarina minuta	6571.0	1408	29	27	1354	0.9804489500362057	0.9808238636363636	0.9616477272727273	0.9241722417283483	0.9308684
JX981923	1360	6800	Idiomarinaceae	Aliidiomarina sanyensis	HQ537484	1441	7205	Idiomarinaceae	Aliidiomarina taiwanensis	6335.0	1360	31	26	1307	0.97976011994003	0.9808823529411764	0.9610294117647059	0.9216486235040386	0.9316176
JX981923	1360	6800	Idiomarinaceae	Aliidiomarina sanyensis	KX355166	1351	6755	Idiomarinaceae	Aliidiomarina soli	5945.0	1317	38	34	1244	0.9696024941543258	0.9741837509491268	0.9445709946848899	0.8943797683990508	0.8800888
JX981923	1360	6800	Idiomarinaceae	Aliidiomarina sanyensis	FN995239	1423	7115	Idiomarinaceae	Aliidiomarina haloalkalitolerans	6370.0	1360	38	20	1313	0.9798507462686568	0.9852941176470589	0.9654411764705882	0.9253871076327527	0.9367647
JX981923	1360	6800	Idiomarinaceae	Aliidiomarina sanyensis	HM851284	1444	7220	Idiomarinaceae	Aliidiomarina minuta	6121.0	1358	46	39	1282	0.9719484457922669	0.9712812960235641	0.9440353460972017	0.8868822090471574	0.9001471
HQ537484	1441	7205	Idiomarinaceae	Aliidiomarina taiwanensis	KX355166	1351	6755	Idiomarinaceae	Aliidiomarina soli	6140.0	1352	31	32	1280	0.9696969696969697	0.9770540340488527	0.9467455621301775	0.9036183239420348	0.90895635
HQ537484	1441	7205	Idiomarinaceae	Aliidiomarina taiwanensis	FN995239	1423	7115	Idiomarinaceae	Aliidiomarina haloalkalitolerans	6575.0	1415	43	35	1357	0.9833333333333333	0.9752650176678446	0.9590106007067137	0.9077055068417456	0.92410403
HQ537484	1441	7205	Idiomarinaceae	Aliidiomarina taiwanensis	HM851284	1444	7220	Idiomarinaceae	Aliidiomarina minuta	6387.0	1419	47	42	1338	0.971677559912854	0.9704016913319239	0.9429175475687104	0.885673576399805	0.88646775
KX355166	1351	6755	Idiomarinaceae	Aliidiomarina soli	FN995239	1423	7115	Idiomarinaceae	Aliidiomarina haloalkalitolerans	6213.0	1351	40	25	1291	0.973604826546003	0.9814951887490747	0.9555884529977794	0.9109347869698458	0.91976315
KX355166	1351	6755	Idiomarinaceae	Aliidiomarina soli	HM851284	1444	7220	Idiomarinaceae	Aliidiomarina minuta	6495.0	1351	20	17	1322	0.9910044977511244	0.9874167283493709	0.9785344189489267	0.9521261231786056	0.96151
FN995239	1423	7115	Idiomarinaceae	Aliidiomarina haloalkalitolerans	HM851284	1444	7220	Idiomarinaceae	Aliidiomarina minuta	6460.0	1417	35	44	1342	0.9774217042971595	0.9751420454545454	0.9470712773465068	0.8955432946258635	0.907941
