AY211515	1391	6949	Xanthobacteraceae	Ancylobacter vacuolatus	EU589386	1393	6965	Xanthobacteraceae	Ancylobacter dichloromethanicus	6866.0	1390	1	3	1380	0.9949531362653208	0.9992795389048992	0.9928057553956835	0.9899508143305629	0.9880558
AY211515	1391	6949	Xanthobacteraceae	Ancylobacter vacuolatus	AY211516	1388	6940	Xanthobacteraceae	Ancylobacter polymorphus	6846.0	1391	0	3	1378	0.9927953890489913	1.0	0.9906542056074766	0.9885176401029314	0.9864553
AY211515	1391	6949	Xanthobacteraceae	Ancylobacter vacuolatus	KC243678	1381	6905	Xanthobacteraceae	Ancylobacter defluvii	6683.0	1381	16	16	1355	0.9926739926739927	0.9884141926140478	0.9811730629978277	0.9586980894717501	0.9678494
AY211515	1391	6949	Xanthobacteraceae	Ancylobacter vacuolatus	M62790	1433	7087	Xanthobacteraceae	Ancylobacter aquaticus	6836.0	1391	2	1	1375	0.9892086330935251	0.9992810927390366	0.9884974838245866	0.9863686306648782	0.98373866
AY211515	1391	6949	Xanthobacteraceae	Ancylobacter vacuolatus	AY056830	1457	7285	Xanthobacteraceae	Ancylobacter rudongensis	6853.0	1391	7	6	1379	0.9956678700361011	0.99568655643422	0.99137311286844	0.9821543357101498	0.9861851
AY211515	1391	6949	Xanthobacteraceae	Ancylobacter vacuolatus	AM778407	1440	7200	Xanthobacteraceae	Ancylobacter oerskovii	6709.0	1391	11	10	1363	0.9869659666908037	0.9928109273903667	0.9798705966930266	0.9651935050164548	0.9654627
EU589386	1393	6965	Xanthobacteraceae	Ancylobacter dichloromethanicus	AY211516	1388	6940	Xanthobacteraceae	Ancylobacter polymorphus	6861.0	1388	0	1	1379	0.9942321557317952	1.0	0.9935158501440923	0.9928000606266975	0.9886167
EU589386	1393	6965	Xanthobacteraceae	Ancylobacter dichloromethanicus	KC243678	1381	6905	Xanthobacteraceae	Ancylobacter defluvii	6702.0	1378	14	11	1357	0.9926847110460864	0.9920174165457184	0.9847605224963716	0.9670744498940661	0.970601
EU589386	1393	6965	Xanthobacteraceae	Ancylobacter dichloromethanicus	M62790	1433	7087	Xanthobacteraceae	Ancylobacter aquaticus	6814.0	1393	3	1	1374	0.9870689655172413	0.9992821249102656	0.9863603732950467	0.9835341258070953	0.9783202
EU589386	1393	6965	Xanthobacteraceae	Ancylobacter dichloromethanicus	AY056830	1457	7285	Xanthobacteraceae	Ancylobacter rudongensis	6875.0	1393	7	5	1383	0.9963976945244957	0.9964106245513281	0.9928212491026561	0.9843113526817763	0.98707825
EU589386	1393	6965	Xanthobacteraceae	Ancylobacter dichloromethanicus	AM778407	1440	7200	Xanthobacteraceae	Ancylobacter oerskovii	6739.0	1393	10	8	1368	0.9877256317689531	0.994256999282125	0.9820531227566404	0.9694537241753007	0.96755207
AY211516	1388	6940	Xanthobacteraceae	Ancylobacter polymorphus	KC243678	1381	6905	Xanthobacteraceae	Ancylobacter defluvii	6645.0	1378	18	15	1350	0.9904622157006603	0.9891146589259797	0.9796806966618288	0.956522055551628	0.96234614
AY211516	1388	6940	Xanthobacteraceae	Ancylobacter polymorphus	M62790	1433	7087	Xanthobacteraceae	Ancylobacter aquaticus	6768.0	1388	4	0	1367	0.9848703170028819	1.0	0.9848703170028819	0.9820402298850575	0.97521615
AY211516	1388	6940	Xanthobacteraceae	Ancylobacter polymorphus	AY056830	1457	7285	Xanthobacteraceae	Ancylobacter rudongensis	6811.0	1388	8	4	1374	0.9927745664739884	0.9971181556195965	0.9899135446685879	0.9814042591843307	0.9814121
AY211516	1388	6940	Xanthobacteraceae	Ancylobacter polymorphus	AM778407	1440	7200	Xanthobacteraceae	Ancylobacter oerskovii	6711.0	1388	11	7	1363	0.9869659666908037	0.9949567723342939	0.9819884726224783	0.9693538818382005	0.96700287
KC243678	1381	6905	Xanthobacteraceae	Ancylobacter defluvii	M62790	1433	7087	Xanthobacteraceae	Ancylobacter aquaticus	6609.0	1381	17	18	1344	0.9860601614086574	0.9876811594202899	0.9732078204199855	0.9488428177628329	0.9571325
KC243678	1381	6905	Xanthobacteraceae	Ancylobacter defluvii	AY056830	1457	7285	Xanthobacteraceae	Ancylobacter rudongensis	6717.0	1381	11	12	1359	0.9926953981008035	0.9920289855072464	0.9840695148443157	0.967809745561687	0.9727734
KC243678	1381	6905	Xanthobacteraceae	Ancylobacter defluvii	AM778407	1440	7200	Xanthobacteraceae	Ancylobacter oerskovii	6705.0	1381	7	8	1358	0.989075018208303	0.994927536231884	0.9833454018826937	0.9727184703061516	0.9710355
M62790	1433	7087	Xanthobacteraceae	Ancylobacter aquaticus	AY056830	1457	7285	Xanthobacteraceae	Ancylobacter rudongensis	6957.0	1433	5	10	1405	0.9873506676036542	0.9964985994397759	0.9804605722260991	0.9702332366326419	0.98165655
M62790	1433	7087	Xanthobacteraceae	Ancylobacter aquaticus	AM778407	1440	7200	Xanthobacteraceae	Ancylobacter oerskovii	6761.0	1416	11	11	1377	0.9800711743772242	0.992231638418079	0.972457627118644	0.9574652880880833	0.9540003
AY056830	1457	7285	Xanthobacteraceae	Ancylobacter rudongensis	AM778407	1440	7200	Xanthobacteraceae	Ancylobacter oerskovii	6986.0	1440	5	5	1416	0.9867595818815331	0.9965277777777778	0.9833333333333333	0.9765282583621684	0.9702778
