FM210786	1346	6730	Phyllobacteriaceae	Aquamicrobium aerolatum	KC840671	1445	7225	Phyllobacteriaceae	Aquamicrobium terrae	6378.0	1346	31	24	1306	0.9878971255673222	0.9821693907875185	0.9702823179791976	0.9315273960555549	0.94769686
FM210786	1346	6730	Phyllobacteriaceae	Aquamicrobium aerolatum	Y15403	1423	7115	Phyllobacteriaceae	Aquamicrobium defluvii	6364.0	1346	28	27	1304	0.9886277482941622	0.9799405646359584	0.9687964338781575	0.9300163728422779	0.94561666
FM210786	1346	6730	Phyllobacteriaceae	Aquamicrobium aerolatum	AM884145	1429	7139	Phyllobacteriaceae	Aquamicrobium segne	6389.0	1346	22	20	1307	0.9856711915535445	0.9851411589895989	0.9710252600297177	0.9412130809937176	0.94933134
FM210786	1346	6730	Phyllobacteriaceae	Aquamicrobium aerolatum	AM884149	1419	7083	Phyllobacteriaceae	Aquamicrobium ahrensii	6336.0	1346	30	29	1299	0.9863325740318907	0.9784546805349182	0.9650817236255572	0.9237010392549846	0.94145614
FM210786	1346	6730	Phyllobacteriaceae	Aquamicrobium aerolatum	AJ132378	1360	6800	Phyllobacteriaceae	Aquamicrobium lusatiense	6371.0	1338	18	24	1300	0.989345509893455	0.9864864864864865	0.9715994020926756	0.9415056153021946	0.94665676
FM210786	1346	6730	Phyllobacteriaceae	Aquamicrobium aerolatum	KU877213	1407	7035	Phyllobacteriaceae	Aquamicrobium soli	6447.0	1346	12	11	1314	0.9842696629213483	0.9918276374442794	0.9762258543833581	0.9596918377038166	0.95794946
FM210786	1346	6730	Phyllobacteriaceae	Aquamicrobium aerolatum	GU199003	1406	7030	Phyllobacteriaceae	Aquamicrobium aestuarii	6355.0	1346	29	28	1302	0.9878603945371776	0.9791976225854383	0.9673105497771174	0.9272111306227204	0.9442794
KC840671	1445	7225	Phyllobacteriaceae	Aquamicrobium terrae	Y15403	1423	7115	Phyllobacteriaceae	Aquamicrobium defluvii	6952.0	1420	11	13	1402	0.9964463397299218	0.9922425952045134	0.9873239436619718	0.9707650515250834	0.97709066
KC840671	1445	7225	Phyllobacteriaceae	Aquamicrobium terrae	AM884145	1429	7139	Phyllobacteriaceae	Aquamicrobium segne	6844.0	1429	25	25	1393	0.9921652421652422	0.9825052484254724	0.9748075577326802	0.9412859773429733	0.9586777
KC840671	1445	7225	Phyllobacteriaceae	Aquamicrobium terrae	AM884149	1419	7083	Phyllobacteriaceae	Aquamicrobium ahrensii	6954.0	1422	11	14	1402	0.9957386363636364	0.9922480620155039	0.9859353023909986	0.9687347562920628	0.9817874
KC840671	1445	7225	Phyllobacteriaceae	Aquamicrobium terrae	AJ132378	1360	6800	Phyllobacteriaceae	Aquamicrobium lusatiense	6659.0	1360	13	13	1343	0.9970304380103935	0.9904411764705883	0.9875	0.968800072833212	0.9792647
KC840671	1445	7225	Phyllobacteriaceae	Aquamicrobium terrae	KU877213	1407	7035	Phyllobacteriaceae	Aquamicrobium soli	6638.0	1409	26	28	1361	0.9855177407675597	0.9815209665955935	0.9659332860184529	0.9295845769975494	0.9435679
KC840671	1445	7225	Phyllobacteriaceae	Aquamicrobium terrae	GU199003	1406	7030	Phyllobacteriaceae	Aquamicrobium aestuarii	6749.0	1408	15	17	1374	0.9877785765636233	0.9893314366998578	0.9758522727272727	0.9539075975851273	0.96002847
Y15403	1423	7115	Phyllobacteriaceae	Aquamicrobium defluvii	AM884145	1429	7139	Phyllobacteriaceae	Aquamicrobium segne	6792.0	1413	24	23	1380	0.9928057553956835	0.9837225760792639	0.9766454352441614	0.944702265128312	0.95460296
Y15403	1423	7115	Phyllobacteriaceae	Aquamicrobium defluvii	AM884149	1419	7083	Phyllobacteriaceae	Aquamicrobium ahrensii	6902.0	1412	14	15	1392	0.9964209019327129	0.9900779588944011	0.9858356940509915	0.9657871420681874	0.9744459
Y15403	1423	7115	Phyllobacteriaceae	Aquamicrobium defluvii	AJ132378	1360	6800	Phyllobacteriaceae	Aquamicrobium lusatiense	6617.0	1355	15	15	1336	0.9970149253731343	0.988929889298893	0.9859778597785978	0.9643871037250518	0.97308826
Y15403	1423	7115	Phyllobacteriaceae	Aquamicrobium defluvii	KU877213	1407	7035	Phyllobacteriaceae	Aquamicrobium soli	6641.0	1402	30	30	1359	0.9905247813411079	0.978601997146933	0.9693295292439372	0.928715163493493	0.94399434
Y15403	1423	7115	Phyllobacteriaceae	Aquamicrobium defluvii	GU199003	1406	7030	Phyllobacteriaceae	Aquamicrobium aestuarii	6660.0	1402	24	24	1361	0.9876632801161103	0.9828815977175464	0.9707560627674751	0.938079841860856	0.94736844
AM884145	1429	7139	Phyllobacteriaceae	Aquamicrobium segne	AM884149	1419	7083	Phyllobacteriaceae	Aquamicrobium ahrensii	6808.0	1421	20	22	1384	0.9892780557541101	0.9859055673009162	0.9739619985925405	0.9455744871831813	0.96117467
AM884145	1429	7139	Phyllobacteriaceae	Aquamicrobium segne	AJ132378	1360	6800	Phyllobacteriaceae	Aquamicrobium lusatiense	6594.0	1361	12	13	1336	0.9910979228486647	0.9911764705882353	0.9816311535635562	0.9637573160988157	0.9697059
AM884145	1429	7139	Phyllobacteriaceae	Aquamicrobium segne	KU877213	1407	7035	Phyllobacteriaceae	Aquamicrobium soli	6651.0	1408	23	24	1363	0.9848265895953757	0.9836531627576404	0.9680397727272727	0.9362453147830506	0.9454158
AM884145	1429	7139	Phyllobacteriaceae	Aquamicrobium segne	GU199003	1406	7030	Phyllobacteriaceae	Aquamicrobium aestuarii	6627.0	1407	24	25	1359	0.983357452966715	0.9829302987197724	0.9658848614072495	0.9328112358244716	0.9426743
AM884149	1419	7083	Phyllobacteriaceae	Aquamicrobium ahrensii	AJ132378	1360	6800	Phyllobacteriaceae	Aquamicrobium lusatiense	6624.0	1359	18	17	1337	0.996274217585693	0.9874908020603385	0.9838116261957321	0.9588055209547367	0.97411764
AM884149	1419	7083	Phyllobacteriaceae	Aquamicrobium ahrensii	KU877213	1407	7035	Phyllobacteriaceae	Aquamicrobium soli	6651.0	1406	28	27	1361	0.9869470630891951	0.980796586059744	0.9679943100995733	0.9308676106187667	0.9454158
AM884149	1419	7083	Phyllobacteriaceae	Aquamicrobium ahrensii	GU199003	1406	7030	Phyllobacteriaceae	Aquamicrobium aestuarii	6802.0	1405	11	10	1379	0.9885304659498207	0.9928825622775801	0.9814946619217082	0.9669385970203269	0.96756756
AJ132378	1360	6800	Phyllobacteriaceae	Aquamicrobium lusatiense	KU877213	1407	7035	Phyllobacteriaceae	Aquamicrobium soli	6434.0	1360	24	24	1318	0.9865269461077845	0.9823529411764705	0.9691176470588235	0.9355066303978239	0.94617647
AJ132378	1360	6800	Phyllobacteriaceae	Aquamicrobium lusatiense	GU199003	1406	7030	Phyllobacteriaceae	Aquamicrobium aestuarii	6457.0	1359	25	25	1319	0.9887556221889056	0.9816041206769683	0.9705665930831494	0.9355027710787004	0.9495588
KU877213	1407	7035	Phyllobacteriaceae	Aquamicrobium soli	GU199003	1406	7030	Phyllobacteriaceae	Aquamicrobium aestuarii	6607.0	1406	24	24	1357	0.9819102749638206	0.9829302987197724	0.965149359886202	0.9327527380158959	0.9398293
