HM475137	1444	7220	Flavobacteriaceae	Aquimarina addita	HM998910	1429	7145	Flavobacteriaceae	Aquimarina mytili	6484.0	1419	49	45	1347	0.980349344978166	0.9682875264270613	0.9492600422832981	0.88847636110167	0.90748775
HM475137	1444	7220	Flavobacteriaceae	Aquimarina addita	KM058086	1493	7465	Flavobacteriaceae	Aquimarina penaei	6705.0	1444	30	26	1384	0.9760225669957687	0.981994459833795	0.9584487534626038	0.9220355036702661	0.92867035
HM475137	1444	7220	Flavobacteriaceae	Aquimarina addita	M58769	1470	7278	Flavobacteriaceae	Aquimarina latercula	6692.0	1443	34	35	1379	0.9794034090909091	0.9764216366158114	0.9556479556479557	0.911003602946731	0.9268698
HM475137	1444	7220	Flavobacteriaceae	Aquimarina addita	HM998909	1460	7300	Flavobacteriaceae	Aquimarina gracilis	6625.0	1444	45	43	1374	0.9807280513918629	0.9702216066481995	0.9515235457063712	0.8952884402515957	0.91759
HM475137	1444	7220	Flavobacteriaceae	Aquimarina addita	FJ348470	1420	7076	Flavobacteriaceae	Aquimarina spongiae	6411.0	1412	57	49	1335	0.979457079970653	0.9652974504249292	0.9454674220963173	0.8772444495012119	0.90602034
HM475137	1444	7220	Flavobacteriaceae	Aquimarina addita	AY608406	1427	7135	Flavobacteriaceae	Aquimarina muelleri	6725.0	1429	22	24	1380	0.9822064056939501	0.98458304134548	0.9657102869139258	0.9350950745100384	0.9425368
HM475137	1444	7220	Flavobacteriaceae	Aquimarina addita	KF906719	1486	7430	Flavobacteriaceae	Aquimarina atlantica	6771.0	1444	35	35	1391	0.9872249822569198	0.9757617728531855	0.9632963988919667	0.9177042772405553	0.9378116
HM475137	1444	7220	Flavobacteriaceae	Aquimarina addita	JX050189	1280	6400	Flavobacteriaceae	Aquimarina amphilecti	6101.0	1280	23	23	1245	0.9904534606205251	0.98203125	0.97265625	0.9383184238296239	0.9532812
HM475137	1444	7220	Flavobacteriaceae	Aquimarina addita	HQ593612	1444	7220	Flavobacteriaceae	Aquimarina agarivorans	6724.0	1444	23	23	1387	0.976073187895848	0.9840720221606648	0.9605263157894737	0.9304075628744664	0.93130195
HM475137	1444	7220	Flavobacteriaceae	Aquimarina addita	JN118549	1432	7160	Flavobacteriaceae	Aquimarina longa	6629.0	1439	35	42	1372	0.9821045096635648	0.9755586592178771	0.9534398888116747	0.903633327455841	0.925838
HM475137	1444	7220	Flavobacteriaceae	Aquimarina addita	FJ750453	1482	7410	Flavobacteriaceae	Aquimarina agarilytica	6742.0	1444	29	29	1388	0.9809187279151943	0.9799168975069252	0.961218836565097	0.9233704370262134	0.93379503
HM475137	1444	7220	Flavobacteriaceae	Aquimarina addita	KX262846	1450	7250	Flavobacteriaceae	Aquimarina rubra	6859.0	1444	31	27	1402	0.9894142554693014	0.9813019390581718	0.9709141274238227	0.9327358091929199	0.95
HM475137	1444	7220	Flavobacteriaceae	Aquimarina addita	KP200684	1488	7440	Flavobacteriaceae	Aquimarina hainanensis	6575.0	1444	45	41	1369	0.9757662152530292	0.971606648199446	0.9480609418282548	0.8933038961618814	0.9106648
HM475137	1444	7220	Flavobacteriaceae	Aquimarina addita	KC476291	1483	7415	Flavobacteriaceae	Aquimarina pacifica	6788.0	1444	24	25	1394	0.9823819591261451	0.9833679833679834	0.9653739612188366	0.9331509883988618	0.9401662
HM475137	1444	7220	Flavobacteriaceae	Aquimarina addita	KF612582	1351	6743	Flavobacteriaceae	Aquimarina versatilis	6222.0	1352	38	39	1288	0.9809596344249809	0.9718726868985936	0.9526627218934911	0.8998893193137797	0.9227347
HM475137	1444	7220	Flavobacteriaceae	Aquimarina addita	AY987367	1480	7400	Flavobacteriaceae	Aquimarina brevivitae	6557.0	1444	48	45	1366	0.9764117226590422	0.9688365650969529	0.945983379501385	0.8870179275619555	0.9081718
HM475137	1444	7220	Flavobacteriaceae	Aquimarina addita	FJ882164	1400	7000	Flavobacteriaceae	Aquimarina salinaria	6318.0	1416	41	66	1319	0.977037037037037	0.9705248023005032	0.931497175141243	0.8630893523957983	0.90257144
HM475137	1444	7220	Flavobacteriaceae	Aquimarina addita	KR080699	1483	7415	Flavobacteriaceae	Aquimarina aggregata	6849.0	1444	19	19	1401	0.9831578947368421	0.9868421052631579	0.9702216066481995	0.9450210454365578	0.94861495
HM475137	1444	7220	Flavobacteriaceae	Aquimarina addita	AB517144	1467	7335	Flavobacteriaceae	Aquimarina macrocephali	6753.0	1444	23	23	1390	0.9781843771991555	0.9840720221606648	0.9626038781163435	0.9324199800976989	0.9353186
HM475137	1444	7220	Flavobacteriaceae	Aquimarina addita	AM113977	1476	7380	Flavobacteriaceae	Aquimarina intermedia	6800.0	1444	25	23	1396	0.9824067558057706	0.9840720221606648	0.9667590027700831	0.9351698726591477	0.94182825
HM475137	1444	7220	Flavobacteriaceae	Aquimarina addita	KC476292	1485	7425	Flavobacteriaceae	Aquimarina megaterium	6748.0	1444	33	32	1389	0.9837110481586402	0.9778393351800554	0.9619113573407202	0.9195794424949877	0.93462604
HM998910	1429	7145	Flavobacteriaceae	Aquimarina mytili	KM058086	1493	7465	Flavobacteriaceae	Aquimarina penaei	6706.0	1429	36	36	1377	0.9885139985642498	0.9748075577326802	0.9636109167249826	0.9162525645036865	0.93855846
HM998910	1429	7145	Flavobacteriaceae	Aquimarina mytili	M58769	1470	7278	Flavobacteriaceae	Aquimarina latercula	6588.0	1429	34	39	1360	0.9784172661870504	0.976123595505618	0.9517144856543037	0.9042263397535762	0.9220434
HM998910	1429	7145	Flavobacteriaceae	Aquimarina mytili	HM998909	1460	7300	Flavobacteriaceae	Aquimarina gracilis	6668.0	1428	33	35	1372	0.9849246231155779	0.9768583450210379	0.9607843137254902	0.9160660842023326	0.93324006
HM998910	1429	7145	Flavobacteriaceae	Aquimarina mytili	FJ348470	1420	7076	Flavobacteriaceae	Aquimarina spongiae	6517.0	1405	43	38	1345	0.9839063643013899	0.9729537366548042	0.9572953736654805	0.9037450109120937	0.92100054
HM998910	1429	7145	Flavobacteriaceae	Aquimarina mytili	AY608406	1427	7135	Flavobacteriaceae	Aquimarina muelleri	6598.0	1416	41	47	1357	0.9912344777209642	0.9709219858156029	0.9583333333333334	0.9004518416838253	0.9247372
HM998910	1429	7145	Flavobacteriaceae	Aquimarina mytili	KF906719	1486	7430	Flavobacteriaceae	Aquimarina atlantica	6701.0	1429	42	46	1375	0.9942154736080984	0.9705263157894737	0.9622113365990203	0.9046487277474133	0.93785864
HM998910	1429	7145	Flavobacteriaceae	Aquimarina mytili	JX050189	1280	6400	Flavobacteriaceae	Aquimarina amphilecti	5975.0	1280	28	28	1230	0.9824281150159745	0.978125	0.9609375	0.9197964449541285	0.93359375
HM998910	1429	7145	Flavobacteriaceae	Aquimarina mytili	HQ593612	1444	7220	Flavobacteriaceae	Aquimarina agarivorans	6547.0	1423	43	47	1355	0.9847383720930233	0.9696969696969697	0.9522136331693605	0.8937557702872033	0.9163051
HM998910	1429	7145	Flavobacteriaceae	Aquimarina mytili	JN118549	1432	7160	Flavobacteriaceae	Aquimarina longa	6575.0	1427	50	63	1357	0.9948680351906158	0.9646393210749646	0.9509460406447092	0.878192552091661	0.92022395
HM998910	1429	7145	Flavobacteriaceae	Aquimarina mytili	FJ750453	1482	7410	Flavobacteriaceae	Aquimarina agarilytica	6667.0	1429	26	30	1373	0.9814152966404575	0.9817543859649123	0.960811756473058	0.923832060003992	0.93310004
HM998910	1429	7145	Flavobacteriaceae	Aquimarina mytili	KX262846	1450	7250	Flavobacteriaceae	Aquimarina rubra	6709.0	1423	24	24	1376	0.9835596854896355	0.983134223471539	0.9669711876317639	0.9348947418775658	0.9389783
HM998910	1429	7145	Flavobacteriaceae	Aquimarina mytili	KP200684	1488	7440	Flavobacteriaceae	Aquimarina hainanensis	6557.0	1429	50	50	1359	0.9854967367657723	0.9650104968509448	0.9510146955913226	0.8867134991348437	0.9177047
HM998910	1429	7145	Flavobacteriaceae	Aquimarina mytili	KC476291	1483	7415	Flavobacteriaceae	Aquimarina pacifica	6740.0	1429	28	33	1380	0.9885386819484241	0.9803370786516854	0.9657102869139258	0.9252790394865068	0.943317
HM998910	1429	7145	Flavobacteriaceae	Aquimarina mytili	KF612582	1351	6743	Flavobacteriaceae	Aquimarina versatilis	6342.0	1356	35	40	1302	0.9893617021276596	0.9740932642487047	0.9601769911504425	0.908406125344344	0.9405309
HM998910	1429	7145	Flavobacteriaceae	Aquimarina mytili	AY987367	1480	7400	Flavobacteriaceae	Aquimarina brevivitae	6546.0	1423	46	47	1355	0.9847383720930233	0.9676511954992968	0.9522136331693605	0.8919305372641525	0.9161652
HM998910	1429	7145	Flavobacteriaceae	Aquimarina mytili	FJ882164	1400	7000	Flavobacteriaceae	Aquimarina salinaria	6371.0	1366	38	37	1311	0.9864559819413092	0.972913616398243	0.9597364568081991	0.908468483688103	0.91014284
HM998910	1429	7145	Flavobacteriaceae	Aquimarina mytili	KR080699	1483	7415	Flavobacteriaceae	Aquimarina aggregata	6792.0	1429	21	25	1387	0.9878917378917379	0.9852631578947368	0.9706088173547935	0.9398170893559518	0.95059484
HM998910	1429	7145	Flavobacteriaceae	Aquimarina mytili	AB517144	1467	7335	Flavobacteriaceae	Aquimarina macrocephali	6757.0	1429	28	32	1382	0.9892627057981389	0.9803508771929824	0.967109867039888	0.9272837915269208	0.9456963
HM998910	1429	7145	Flavobacteriaceae	Aquimarina mytili	AM113977	1476	7380	Flavobacteriaceae	Aquimarina intermedia	6692.0	1423	29	31	1373	0.9863505747126436	0.9795918367346939	0.9648629655657063	0.9249925950877845	0.936599
HM998910	1429	7145	Flavobacteriaceae	Aquimarina mytili	KC476292	1485	7425	Flavobacteriaceae	Aquimarina megaterium	6672.0	1429	42	45	1372	0.9913294797687862	0.97054698457223	0.960111966410077	0.9033276420880669	0.93379986
KM058086	1493	7465	Flavobacteriaceae	Aquimarina penaei	M58769	1470	7278	Flavobacteriaceae	Aquimarina latercula	6806.0	1469	31	33	1403	0.9770194986072424	0.9788684389911384	0.955071477195371	0.9143217608350352	0.93514705
KM058086	1493	7465	Flavobacteriaceae	Aquimarina penaei	HM998909	1460	7300	Flavobacteriaceae	Aquimarina gracilis	6903.0	1462	27	29	1414	0.9867411025819958	0.9815068493150685	0.9671682626538988	0.9307939022048604	0.9456164
KM058086	1493	7465	Flavobacteriaceae	Aquimarina penaei	FJ348470	1420	7076	Flavobacteriaceae	Aquimarina spongiae	6639.0	1416	24	20	1365	0.9777936962750716	0.9858757062146892	0.9639830508474576	0.9345280131826742	0.93824196
KM058086	1493	7465	Flavobacteriaceae	Aquimarina penaei	AY608406	1427	7135	Flavobacteriaceae	Aquimarina muelleri	6683.0	1433	30	36	1375	0.984251968503937	0.9789768745620182	0.9595254710397767	0.9162386076845987	0.93665034
KM058086	1493	7465	Flavobacteriaceae	Aquimarina penaei	KF906719	1486	7430	Flavobacteriaceae	Aquimarina atlantica	6985.0	1490	33	37	1434	0.9869236063317275	0.977792732166891	0.9624161073825503	0.9181816178771147	0.94010764
KM058086	1493	7465	Flavobacteriaceae	Aquimarina penaei	JX050189	1280	6400	Flavobacteriaceae	Aquimarina amphilecti	5929.0	1280	31	31	1225	0.9807846277021617	0.97578125	0.95703125	0.9117711908848207	0.92640626
KM058086	1493	7465	Flavobacteriaceae	Aquimarina penaei	HQ593612	1444	7220	Flavobacteriaceae	Aquimarina agarivorans	6730.0	1448	32	36	1388	0.9830028328611898	0.9778393351800554	0.9585635359116023	0.914521427504853	0.93213296
KM058086	1493	7465	Flavobacteriaceae	Aquimarina penaei	JN118549	1432	7160	Flavobacteriaceae	Aquimarina longa	6639.0	1448	40	56	1373	0.9863505747126436	0.9720670391061452	0.9482044198895028	0.8870299411869543	0.92723465
KM058086	1493	7465	Flavobacteriaceae	Aquimarina penaei	FJ750453	1482	7410	Flavobacteriaceae	Aquimarina agarilytica	6935.0	1485	30	34	1427	0.983459682977257	0.9797434166103984	0.960942760942761	0.9203484792923737	0.9358974
KM058086	1493	7465	Flavobacteriaceae	Aquimarina penaei	KX262846	1450	7250	Flavobacteriaceae	Aquimarina rubra	6701.0	1450	32	32	1386	0.9774330042313117	0.9779310344827586	0.9558620689655173	0.9145832751640375	0.9242759
KM058086	1493	7465	Flavobacteriaceae	Aquimarina penaei	KP200684	1488	7440	Flavobacteriaceae	Aquimarina hainanensis	7088.0	1488	25	25	1447	0.9890635680109364	0.9831989247311828	0.9724462365591398	0.9403098771222878	0.95268816
KM058086	1493	7465	Flavobacteriaceae	Aquimarina penaei	KC476291	1483	7415	Flavobacteriaceae	Aquimarina pacifica	6992.0	1488	21	26	1435	0.981532147742818	0.98583951449764	0.9643817204301075	0.9343446489521651	0.94295347
KM058086	1493	7465	Flavobacteriaceae	Aquimarina penaei	KF612582	1351	6743	Flavobacteriaceae	Aquimarina versatilis	6316.0	1356	31	36	1300	0.9848484848484849	0.9770540340488527	0.9587020648967551	0.9123912946385845	0.9366751
KM058086	1493	7465	Flavobacteriaceae	Aquimarina penaei	AY987367	1480	7400	Flavobacteriaceae	Aquimarina brevivitae	6821.0	1470	41	42	1407	0.9852941176470589	0.9720898570456092	0.9571428571428572	0.9045665122435473	0.92175674
KM058086	1493	7465	Flavobacteriaceae	Aquimarina penaei	FJ882164	1400	7000	Flavobacteriaceae	Aquimarina salinaria	6643.0	1401	24	25	1359	0.9876453488372093	0.9828571428571429	0.9700214132762313	0.9366662909951537	0.949
KM058086	1493	7465	Flavobacteriaceae	Aquimarina penaei	KR080699	1483	7415	Flavobacteriaceae	Aquimarina aggregata	7024.0	1487	21	25	1438	0.9835841313269493	0.98583951449764	0.9670477471418965	0.9375489431839872	0.947269
KM058086	1493	7465	Flavobacteriaceae	Aquimarina penaei	AB517144	1467	7335	Flavobacteriaceae	Aquimarina macrocephali	6879.0	1471	30	34	1414	0.9839944328462074	0.9795501022494888	0.9612508497620667	0.9202648042025915	0.9378323
KM058086	1493	7465	Flavobacteriaceae	Aquimarina penaei	AM113977	1476	7380	Flavobacteriaceae	Aquimarina intermedia	6926.0	1470	20	22	1421	0.981353591160221	0.9863760217983651	0.9666666666666667	0.9394183445190156	0.9384824
KM058086	1493	7465	Flavobacteriaceae	Aquimarina penaei	KC476292	1485	7425	Flavobacteriaceae	Aquimarina megaterium	6921.0	1488	39	42	1426	0.9861687413554634	0.9737373737373738	0.9583333333333334	0.9074983628028814	0.9321212
M58769	1470	7278	Flavobacteriaceae	Aquimarina latercula	HM998909	1460	7300	Flavobacteriaceae	Aquimarina gracilis	6685.0	1447	34	31	1381	0.9752824858757062	0.9785763648928818	0.954388389771942	0.9125009857643955	0.9185216
M58769	1470	7278	Flavobacteriaceae	Aquimarina latercula	FJ348470	1420	7076	Flavobacteriaceae	Aquimarina spongiae	6440.0	1411	41	32	1338	0.9702683103698332	0.9773210489014883	0.9482636428065202	0.9005892310125284	0.9101187
M58769	1470	7278	Flavobacteriaceae	Aquimarina latercula	AY608406	1427	7135	Flavobacteriaceae	Aquimarina muelleri	6651.0	1428	32	33	1368	0.9806451612903225	0.9775753328661527	0.957983193277311	0.9153332565903074	0.9321654
M58769	1470	7278	Flavobacteriaceae	Aquimarina latercula	KF906719	1486	7430	Flavobacteriaceae	Aquimarina atlantica	6886.0	1462	29	28	1411	0.9839609483960948	0.9808481532147743	0.9651162790697675	0.9282204857049272	0.94613904
M58769	1470	7278	Flavobacteriaceae	Aquimarina latercula	JX050189	1280	6400	Flavobacteriaceae	Aquimarina amphilecti	6181.0	1279	10	10	1253	0.987391646966115	0.9921813917122753	0.9796716184519155	0.9644711278630572	0.9657813
M58769	1470	7278	Flavobacteriaceae	Aquimarina latercula	HQ593612	1444	7220	Flavobacteriaceae	Aquimarina agarivorans	6642.0	1442	31	30	1374	0.9730878186968839	0.9791955617198336	0.9528432732316228	0.9133840473883581	0.9199446
M58769	1470	7278	Flavobacteriaceae	Aquimarina latercula	JN118549	1432	7160	Flavobacteriaceae	Aquimarina longa	6569.0	1443	49	60	1362	0.9848156182212582	0.965782122905028	0.9438669438669439	0.8749115170026699	0.9174581
M58769	1470	7278	Flavobacteriaceae	Aquimarina latercula	FJ750453	1482	7410	Flavobacteriaceae	Aquimarina agarilytica	6718.0	1465	36	37	1392	0.9747899159663865	0.9754098360655737	0.9501706484641638	0.9039598174595775	0.92305577
M58769	1470	7278	Flavobacteriaceae	Aquimarina latercula	KX262846	1450	7250	Flavobacteriaceae	Aquimarina rubra	6813.0	1442	26	21	1394	0.9809992962702322	0.9854368932038835	0.9667128987517337	0.9357622814211265	0.93972415
M58769	1470	7278	Flavobacteriaceae	Aquimarina latercula	KP200684	1488	7440	Flavobacteriaceae	Aquimarina hainanensis	6678.0	1465	38	35	1388	0.9706293706293706	0.9761092150170648	0.9474402730375426	0.9014235465360518	0.91755974
M58769	1470	7278	Flavobacteriaceae	Aquimarina latercula	KC476291	1483	7415	Flavobacteriaceae	Aquimarina pacifica	6849.0	1465	26	28	1407	0.9791231732776617	0.9822282980177717	0.9604095563139932	0.9256261116185165	0.94105524
M58769	1470	7278	Flavobacteriaceae	Aquimarina latercula	KF612582	1351	6743	Flavobacteriaceae	Aquimarina versatilis	6246.0	1351	33	33	1289	0.9779969650986343	0.9755736491487786	0.9541080680977054	0.908608694908075	0.9262939
M58769	1470	7278	Flavobacteriaceae	Aquimarina latercula	AY987367	1480	7400	Flavobacteriaceae	Aquimarina brevivitae	6515.0	1442	50	46	1358	0.9727793696275072	0.9680998613037448	0.941747572815534	0.8811525547255264	0.89516354
M58769	1470	7278	Flavobacteriaceae	Aquimarina latercula	FJ882164	1400	7000	Flavobacteriaceae	Aquimarina salinaria	6349.0	1387	39	36	1316	0.9740932642487047	0.9740447007930786	0.9488103821196827	0.8989080127936125	0.907
M58769	1470	7278	Flavobacteriaceae	Aquimarina latercula	KR080699	1483	7415	Flavobacteriaceae	Aquimarina aggregata	6900.0	1462	26	25	1412	0.9826026443980515	0.9829001367989056	0.9658002735978112	0.9326982480914345	0.94806266
M58769	1470	7278	Flavobacteriaceae	Aquimarina latercula	AB517144	1467	7335	Flavobacteriaceae	Aquimarina macrocephali	6814.0	1452	29	28	1398	0.9817415730337079	0.9807162534435262	0.9628099173553719	0.9257537625348073	0.9362462
M58769	1470	7278	Flavobacteriaceae	Aquimarina latercula	AM113977	1476	7380	Flavobacteriaceae	Aquimarina intermedia	6762.0	1442	24	21	1389	0.9774806474313863	0.9854368932038835	0.963245492371706	0.9336779295090001	0.9291014
M58769	1470	7278	Flavobacteriaceae	Aquimarina latercula	KC476292	1485	7425	Flavobacteriaceae	Aquimarina megaterium	6827.0	1465	34	34	1405	0.9818308874912649	0.9767918088737202	0.9590443686006825	0.9155386867695642	0.93803245
HM998909	1460	7300	Flavobacteriaceae	Aquimarina gracilis	FJ348470	1420	7076	Flavobacteriaceae	Aquimarina spongiae	6704.0	1414	22	16	1372	0.9814020028612304	0.9886845827439887	0.9702970297029703	0.944620645908602	0.9474279
HM998909	1460	7300	Flavobacteriaceae	Aquimarina gracilis	AY608406	1427	7135	Flavobacteriaceae	Aquimarina muelleri	6631.0	1431	37	41	1368	0.9841726618705036	0.9740714786264891	0.9559748427672956	0.9051805391325211	0.9293623
HM998909	1460	7300	Flavobacteriaceae	Aquimarina gracilis	KF906719	1486	7430	Flavobacteriaceae	Aquimarina atlantica	6876.0	1460	34	36	1410	0.9901685393258427	0.9766803840877915	0.9657534246575342	0.9205039335423888	0.94191784
HM998909	1460	7300	Flavobacteriaceae	Aquimarina gracilis	JX050189	1280	6400	Flavobacteriaceae	Aquimarina amphilecti	5894.0	1280	31	31	1221	0.977582065652522	0.97578125	0.95390625	0.9087939788329519	0.9209375
HM998909	1460	7300	Flavobacteriaceae	Aquimarina gracilis	HQ593612	1444	7220	Flavobacteriaceae	Aquimarina agarivorans	6651.0	1446	38	40	1378	0.9800853485064012	0.9736842105263158	0.9529737206085753	0.9028848053744319	0.92119116
HM998909	1460	7300	Flavobacteriaceae	Aquimarina gracilis	JN118549	1432	7160	Flavobacteriaceae	Aquimarina longa	6523.0	1446	56	70	1359	0.9876453488372093	0.9608938547486033	0.9398340248962656	0.860993088054102	0.9110335
HM998909	1460	7300	Flavobacteriaceae	Aquimarina gracilis	FJ750453	1482	7410	Flavobacteriaceae	Aquimarina agarilytica	6715.0	1460	45	47	1391	0.9844302901627743	0.9691358024691358	0.9527397260273973	0.8944991580576163	0.919863
HM998909	1460	7300	Flavobacteriaceae	Aquimarina gracilis	KX262846	1450	7250	Flavobacteriaceae	Aquimarina rubra	6705.0	1448	40	38	1385	0.9822695035460993	0.9737569060773481	0.9564917127071824	0.9063530342184994	0.9248276
HM998909	1460	7300	Flavobacteriaceae	Aquimarina gracilis	KP200684	1488	7440	Flavobacteriaceae	Aquimarina hainanensis	6712.0	1460	49	47	1391	0.9844302901627743	0.9678082191780822	0.9527397260273973	0.8921280535962309	0.9194521
HM998909	1460	7300	Flavobacteriaceae	Aquimarina gracilis	KC476291	1483	7415	Flavobacteriaceae	Aquimarina pacifica	6808.0	1460	35	38	1401	0.9852320675105485	0.9759780370624571	0.9595890410958904	0.9127328538049204	0.93260276
HM998909	1460	7300	Flavobacteriaceae	Aquimarina gracilis	KF612582	1351	6743	Flavobacteriaceae	Aquimarina versatilis	6272.0	1354	36	39	1294	0.9840304182509506	0.9733530717986677	0.9556868537666174	0.9041210163331669	0.9301498
HM998909	1460	7300	Flavobacteriaceae	Aquimarina gracilis	AY987367	1480	7400	Flavobacteriaceae	Aquimarina brevivitae	6734.0	1455	47	46	1391	0.9872249822569198	0.9683848797250859	0.9560137457044674	0.8968198187067873	0.92246574
HM998909	1460	7300	Flavobacteriaceae	Aquimarina gracilis	FJ882164	1400	7000	Flavobacteriaceae	Aquimarina salinaria	6668.0	1398	27	26	1360	0.9912536443148688	0.9814020028612304	0.9728183118741058	0.9366362974675602	0.95257145
HM998909	1460	7300	Flavobacteriaceae	Aquimarina gracilis	KR080699	1483	7415	Flavobacteriaceae	Aquimarina aggregata	6813.0	1460	37	39	1402	0.9866291344123856	0.9746227709190672	0.9602739726027397	0.9115225885561076	0.9332877
HM998909	1460	7300	Flavobacteriaceae	Aquimarina gracilis	AB517144	1467	7335	Flavobacteriaceae	Aquimarina macrocephali	6725.0	1460	43	45	1391	0.9830388692579505	0.9705075445816187	0.9527397260273973	0.8969572270983148	0.9212329
HM998909	1460	7300	Flavobacteriaceae	Aquimarina gracilis	AM113977	1476	7380	Flavobacteriaceae	Aquimarina intermedia	6827.0	1455	36	36	1402	0.9880197322057788	0.9752577319587629	0.963573883161512	0.917043152385101	0.93520546
HM998909	1460	7300	Flavobacteriaceae	Aquimarina gracilis	KC476292	1485	7425	Flavobacteriaceae	Aquimarina megaterium	6849.0	1460	33	34	1407	0.9866760168302945	0.9773817683344757	0.9636986301369863	0.9204516052078651	0.9382192
FJ348470	1420	7076	Flavobacteriaceae	Aquimarina spongiae	AY608406	1427	7135	Flavobacteriaceae	Aquimarina muelleri	6470.0	1419	48	55	1342	0.9838709677419355	0.9660056657223796	0.9457364341085271	0.8793350348493736	0.9143584
FJ348470	1420	7076	Flavobacteriaceae	Aquimarina spongiae	KF906719	1486	7430	Flavobacteriaceae	Aquimarina atlantica	6581.0	1419	35	40	1357	0.9840464104423495	0.9752475247524752	0.95630725863284	0.9069791675754376	0.93004525
FJ348470	1420	7076	Flavobacteriaceae	Aquimarina spongiae	JX050189	1280	6400	Flavobacteriaceae	Aquimarina amphilecti	5883.0	1287	29	36	1220	0.9752198241406874	0.97734375	0.947940947940948	0.9011201564393053	0.9192188
FJ348470	1420	7076	Flavobacteriaceae	Aquimarina spongiae	HQ593612	1444	7220	Flavobacteriaceae	Aquimarina agarivorans	6452.0	1419	37	42	1342	0.9745824255628177	0.9738330975954739	0.9457364341085271	0.8944224380270891	0.9118146
FJ348470	1420	7076	Flavobacteriaceae	Aquimarina spongiae	JN118549	1432	7160	Flavobacteriaceae	Aquimarina longa	6404.0	1420	55	66	1333	0.9844903988183161	0.9609652235628106	0.9387323943661972	0.8617245165910719	0.9050311
FJ348470	1420	7076	Flavobacteriaceae	Aquimarina spongiae	FJ750453	1482	7410	Flavobacteriaceae	Aquimarina agarilytica	6425.0	1419	47	52	1338	0.9787856620336504	0.9667609618104668	0.9429175475687104	0.8792416695268943	0.90799886
FJ348470	1420	7076	Flavobacteriaceae	Aquimarina spongiae	KX262846	1450	7250	Flavobacteriaceae	Aquimarina rubra	6492.0	1419	46	47	1346	0.9810495626822158	0.9675599435825106	0.9485553206483439	0.8883398634331249	0.9174675
FJ348470	1420	7076	Flavobacteriaceae	Aquimarina spongiae	KP200684	1488	7440	Flavobacteriaceae	Aquimarina hainanensis	6474.0	1420	42	46	1344	0.9781659388646288	0.9703389830508474	0.9464788732394366	0.8895088726614131	0.91492367
FJ348470	1420	7076	Flavobacteriaceae	Aquimarina spongiae	KC476291	1483	7415	Flavobacteriaceae	Aquimarina pacifica	6488.0	1419	40	46	1345	0.9796067006554989	0.9716914366595896	0.9478505990133897	0.8919800359461165	0.9169022
FJ348470	1420	7076	Flavobacteriaceae	Aquimarina spongiae	KF612582	1351	6743	Flavobacteriaceae	Aquimarina versatilis	6166.0	1343	33	43	1274	0.98	0.9752438109527382	0.9486224869694714	0.8962276403054599	0.9144298
FJ348470	1420	7076	Flavobacteriaceae	Aquimarina spongiae	AY987367	1480	7400	Flavobacteriaceae	Aquimarina brevivitae	6518.0	1420	43	48	1349	0.9832361516034985	0.9696113074204947	0.95	0.8909090909090908	0.92114186
FJ348470	1420	7076	Flavobacteriaceae	Aquimarina spongiae	FJ882164	1400	7000	Flavobacteriaceae	Aquimarina salinaria	6553.0	1383	15	20	1339	0.9823917828319882	0.9891146589259797	0.9681851048445409	0.943945849716101	0.93614286
FJ348470	1420	7076	Flavobacteriaceae	Aquimarina spongiae	KR080699	1483	7415	Flavobacteriaceae	Aquimarina aggregata	6508.0	1419	44	49	1347	0.9832116788321168	0.9688826025459689	0.9492600422832981	0.8889174695339156	0.91972864
FJ348470	1420	7076	Flavobacteriaceae	Aquimarina spongiae	AB517144	1467	7335	Flavobacteriaceae	Aquimarina macrocephali	6467.0	1419	46	51	1342	0.9809941520467836	0.9674681753889675	0.9457364341085271	0.8831177077545838	0.9139344
FJ348470	1420	7076	Flavobacteriaceae	Aquimarina spongiae	AM113977	1476	7380	Flavobacteriaceae	Aquimarina intermedia	6611.0	1419	37	40	1360	0.9862218999274837	0.9738700564971752	0.9584214235377027	0.9077356751775356	0.9342849
FJ348470	1420	7076	Flavobacteriaceae	Aquimarina spongiae	KC476292	1485	7425	Flavobacteriaceae	Aquimarina megaterium	6557.0	1419	36	40	1354	0.9818709209572154	0.9745583038869258	0.9541930937279774	0.9043520798975125	0.9266535
AY608406	1427	7135	Flavobacteriaceae	Aquimarina muelleri	KF906719	1486	7430	Flavobacteriaceae	Aquimarina atlantica	6750.0	1427	36	34	1381	0.9913854989231874	0.9761737911702874	0.9677645409950946	0.9214600175025063	0.94604063
AY608406	1427	7135	Flavobacteriaceae	Aquimarina muelleri	JX050189	1280	6400	Flavobacteriaceae	Aquimarina amphilecti	5982.0	1280	25	25	1231	0.9808764940239044	0.98046875	0.96171875	0.9248712883141762	0.9346875
AY608406	1427	7135	Flavobacteriaceae	Aquimarina muelleri	HQ593612	1444	7220	Flavobacteriaceae	Aquimarina agarivorans	6587.0	1427	43	41	1363	0.9834054834054834	0.9712683952347583	0.9551506657323056	0.9005706276904595	0.92319554
AY608406	1427	7135	Flavobacteriaceae	Aquimarina muelleri	JN118549	1432	7160	Flavobacteriaceae	Aquimarina longa	6779.0	1427	30	32	1385	0.992831541218638	0.9789473684210527	0.9705676243868255	0.9292668744129181	0.95010513
AY608406	1427	7135	Flavobacteriaceae	Aquimarina muelleri	FJ750453	1482	7410	Flavobacteriaceae	Aquimarina agarilytica	6551.0	1427	40	38	1359	0.978401727861771	0.9733707077785564	0.9523475823405746	0.9017115145678651	0.91814995
AY608406	1427	7135	Flavobacteriaceae	Aquimarina muelleri	KX262846	1450	7250	Flavobacteriaceae	Aquimarina rubra	6676.0	1427	35	29	1374	0.9828326180257511	0.979677645409951	0.9628591450595655	0.9207093603237159	0.93566924
AY608406	1427	7135	Flavobacteriaceae	Aquimarina muelleri	KP200684	1488	7440	Flavobacteriaceae	Aquimarina hainanensis	6547.0	1427	56	50	1358	0.9862018881626725	0.9649614576033637	0.9516468114926419	0.8836262032537882	0.91758937
AY608406	1427	7135	Flavobacteriaceae	Aquimarina muelleri	KC476291	1483	7415	Flavobacteriaceae	Aquimarina pacifica	6844.0	1427	21	20	1393	0.9900497512437811	0.9859845830413455	0.9761737911702874	0.948533511171681	0.95921516
AY608406	1427	7135	Flavobacteriaceae	Aquimarina muelleri	KF612582	1351	6743	Flavobacteriaceae	Aquimarina versatilis	6202.0	1343	43	42	1282	0.9853958493466565	0.9687267311988086	0.9545793000744601	0.8960372795071232	0.91976863
AY608406	1427	7135	Flavobacteriaceae	Aquimarina muelleri	AY987367	1480	7400	Flavobacteriaceae	Aquimarina brevivitae	6553.0	1427	49	44	1359	0.982646420824295	0.96916608269096	0.9523475823405746	0.8923419419898474	0.91843027
AY608406	1427	7135	Flavobacteriaceae	Aquimarina muelleri	FJ882164	1400	7000	Flavobacteriaceae	Aquimarina salinaria	6378.0	1385	42	43	1320	0.9836065573770492	0.9696531791907514	0.9530685920577617	0.8962985637992406	0.9111429
AY608406	1427	7135	Flavobacteriaceae	Aquimarina muelleri	KR080699	1483	7415	Flavobacteriaceae	Aquimarina aggregata	6858.0	1427	18	16	1395	0.9886605244507441	0.9887876664330764	0.9775753328661527	0.9545735603281257	0.9611773
AY608406	1427	7135	Flavobacteriaceae	Aquimarina muelleri	AB517144	1467	7335	Flavobacteriaceae	Aquimarina macrocephali	6862.0	1427	21	19	1395	0.9907670454545454	0.9866853538892782	0.9775753328661527	0.9505704894168115	0.96173793
AY608406	1427	7135	Flavobacteriaceae	Aquimarina muelleri	AM113977	1476	7380	Flavobacteriaceae	Aquimarina intermedia	6712.0	1427	26	22	1379	0.9814946619217082	0.98458304134548	0.9663629992992292	0.9344391011806036	0.9407148
AY608406	1427	7135	Flavobacteriaceae	Aquimarina muelleri	KC476292	1485	7425	Flavobacteriaceae	Aquimarina megaterium	6765.0	1427	34	31	1383	0.9906876790830945	0.9782761037140855	0.96916608269096	0.9260478107026558	0.94814295
KF906719	1486	7430	Flavobacteriaceae	Aquimarina atlantica	JX050189	1280	6400	Flavobacteriaceae	Aquimarina amphilecti	6025.0	1280	29	29	1236	0.988009592326139	0.97734375	0.965625	0.9228394766997708	0.94140625
KF906719	1486	7430	Flavobacteriaceae	Aquimarina atlantica	HQ593612	1444	7220	Flavobacteriaceae	Aquimarina agarivorans	6694.0	1444	40	40	1382	0.9843304843304843	0.9722991689750693	0.9570637119113573	0.9054699808110146	0.9271468
KF906719	1486	7430	Flavobacteriaceae	Aquimarina atlantica	JN118549	1432	7160	Flavobacteriaceae	Aquimarina longa	6746.0	1444	41	53	1384	0.9949676491732566	0.9713687150837989	0.9584487534626038	0.897779270078439	0.9421788
KF906719	1486	7430	Flavobacteriaceae	Aquimarina atlantica	FJ750453	1482	7410	Flavobacteriaceae	Aquimarina agarilytica	6913.0	1480	41	41	1422	0.9881862404447533	0.9722972972972973	0.9608108108108108	0.9090116743962898	0.9329285
KF906719	1486	7430	Flavobacteriaceae	Aquimarina atlantica	KX262846	1450	7250	Flavobacteriaceae	Aquimarina rubra	6745.0	1446	43	39	1389	0.9872068230277186	0.9730290456431535	0.9605809128630706	0.9076812252507322	0.9303448
KF906719	1486	7430	Flavobacteriaceae	Aquimarina atlantica	KP200684	1488	7440	Flavobacteriaceae	Aquimarina hainanensis	6863.0	1483	42	38	1419	0.9820069204152249	0.9743762643290627	0.956844234659474	0.9066491272675016	0.92368776
KF906719	1486	7430	Flavobacteriaceae	Aquimarina atlantica	KC476291	1483	7415	Flavobacteriaceae	Aquimarina pacifica	7139.0	1483	25	26	1450	0.9951956074124915	0.9831309041835358	0.9777478084962913	0.9446807407023186	0.96277815
KF906719	1486	7430	Flavobacteriaceae	Aquimarina atlantica	KF612582	1351	6743	Flavobacteriaceae	Aquimarina versatilis	6264.0	1352	46	47	1292	0.9900383141762452	0.9659511472982976	0.9556213017751479	0.892049927622724	0.92896336
KF906719	1486	7430	Flavobacteriaceae	Aquimarina atlantica	AY987367	1480	7400	Flavobacteriaceae	Aquimarina brevivitae	6716.0	1466	58	55	1393	0.9872430900070872	0.9624829467939973	0.9502046384720327	0.8797498326010749	0.90756756
KF906719	1486	7430	Flavobacteriaceae	Aquimarina atlantica	FJ882164	1400	7000	Flavobacteriaceae	Aquimarina salinaria	6526.0	1426	35	61	1347	0.9868131868131869	0.975	0.9446002805049089	0.8825320895887752	0.9322857
KF906719	1486	7430	Flavobacteriaceae	Aquimarina atlantica	KR080699	1483	7415	Flavobacteriaceae	Aquimarina aggregata	7137.0	1483	25	25	1450	0.9945130315500685	0.983142279163857	0.9777478084962913	0.9453291145806317	0.96250844
KF906719	1486	7430	Flavobacteriaceae	Aquimarina atlantica	AB517144	1467	7335	Flavobacteriaceae	Aquimarina macrocephali	7010.0	1467	29	29	1428	0.9930458970792768	0.9802317655078391	0.9734151329243353	0.9356757761665736	0.9556919
KF906719	1486	7430	Flavobacteriaceae	Aquimarina atlantica	AM113977	1476	7380	Flavobacteriaceae	Aquimarina intermedia	6872.0	1466	42	40	1412	0.9901823281907434	0.9727148703956344	0.9631650750341064	0.9107913773200502	0.93116534
KF906719	1486	7430	Flavobacteriaceae	Aquimarina atlantica	KC476292	1485	7425	Flavobacteriaceae	Aquimarina megaterium	7253.0	1483	15	14	1464	0.9965963240299524	0.9905596763317599	0.9871881321645314	0.9680770134510658	0.976835
JX050189	1280	6400	Flavobacteriaceae	Aquimarina amphilecti	HQ593612	1444	7220	Flavobacteriaceae	Aquimarina agarivorans	5935.0	1280	26	26	1226	0.9776714513556619	0.9796875	0.9578125	0.9196760145482389	0.9273437
JX050189	1280	6400	Flavobacteriaceae	Aquimarina amphilecti	JN118549	1432	7160	Flavobacteriaceae	Aquimarina longa	5944.0	1280	37	37	1226	0.9863234111021721	0.97109375	0.9578125	0.903994637433561	0.92875
JX050189	1280	6400	Flavobacteriaceae	Aquimarina amphilecti	FJ750453	1482	7410	Flavobacteriaceae	Aquimarina agarilytica	5910.0	1280	33	33	1223	0.9807538091419407	0.97421875	0.95546875	0.907440617859863	0.9234375
JX050189	1280	6400	Flavobacteriaceae	Aquimarina amphilecti	KX262846	1450	7250	Flavobacteriaceae	Aquimarina rubra	6200.0	1280	15	15	1256	0.9928853754940712	0.98828125	0.98125	0.9585183397683398	0.96875
JX050189	1280	6400	Flavobacteriaceae	Aquimarina amphilecti	KP200684	1488	7440	Flavobacteriaceae	Aquimarina hainanensis	5807.0	1280	36	36	1211	0.9734726688102894	0.971875	0.94609375	0.8943317819148936	0.90734375
JX050189	1280	6400	Flavobacteriaceae	Aquimarina amphilecti	KC476291	1483	7415	Flavobacteriaceae	Aquimarina pacifica	6003.0	1280	26	27	1233	0.9840383080606544	0.9796716184519155	0.96328125	0.9241894381699847	0.93796873
JX050189	1280	6400	Flavobacteriaceae	Aquimarina amphilecti	KF612582	1351	6743	Flavobacteriaceae	Aquimarina versatilis	5968.0	1280	27	27	1229	0.9808459696727854	0.97890625	0.96015625	0.9204864431905126	0.9325
JX050189	1280	6400	Flavobacteriaceae	Aquimarina amphilecti	AY987367	1480	7400	Flavobacteriaceae	Aquimarina brevivitae	5788.0	1280	45	42	1208	0.975767366720517	0.9671875	0.94375	0.8817830188679245	0.904375
JX050189	1280	6400	Flavobacteriaceae	Aquimarina amphilecti	FJ882164	1400	7000	Flavobacteriaceae	Aquimarina salinaria	5828.0	1280	41	40	1212	0.9774193548387097	0.96875	0.946875	0.8888152914458743	0.910625
JX050189	1280	6400	Flavobacteriaceae	Aquimarina amphilecti	KR080699	1483	7415	Flavobacteriaceae	Aquimarina aggregata	6017.0	1280	29	29	1235	0.9872102318145484	0.97734375	0.96484375	0.9220928428189458	0.9401562
JX050189	1280	6400	Flavobacteriaceae	Aquimarina amphilecti	AB517144	1467	7335	Flavobacteriaceae	Aquimarina macrocephali	6039.0	1280	23	23	1238	0.984884645982498	0.98203125	0.9671875	0.9330427379125096	0.94359374
JX050189	1280	6400	Flavobacteriaceae	Aquimarina amphilecti	AM113977	1476	7380	Flavobacteriaceae	Aquimarina intermedia	5982.0	1280	21	21	1232	0.9785544082605242	0.98359375	0.9625	0.9314277478862415	0.9346875
JX050189	1280	6400	Flavobacteriaceae	Aquimarina amphilecti	KC476292	1485	7425	Flavobacteriaceae	Aquimarina megaterium	6001.0	1280	26	26	1234	0.9840510366826156	0.9796875	0.9640625	0.9256771630934151	0.9376562
HQ593612	1444	7220	Flavobacteriaceae	Aquimarina agarivorans	JN118549	1432	7160	Flavobacteriaceae	Aquimarina longa	6517.0	1438	51	57	1358	0.9833454018826937	0.9643854748603352	0.9443671766342142	0.8758704304444928	0.9101955
HQ593612	1444	7220	Flavobacteriaceae	Aquimarina agarivorans	FJ750453	1482	7410	Flavobacteriaceae	Aquimarina agarilytica	6909.0	1444	19	19	1408	0.9880701754385965	0.9868421052631579	0.9750692520775623	0.9497427779976256	0.9569252
HQ593612	1444	7220	Flavobacteriaceae	Aquimarina agarivorans	KX262846	1450	7250	Flavobacteriaceae	Aquimarina rubra	6675.0	1444	35	31	1381	0.9773531493276716	0.9785318559556787	0.9563711911357341	0.9136933692189265	0.92451525
HQ593612	1444	7220	Flavobacteriaceae	Aquimarina agarivorans	KP200684	1488	7440	Flavobacteriaceae	Aquimarina hainanensis	6595.0	1444	50	46	1371	0.98068669527897	0.9681440443213296	0.9494459833795014	0.8884374061342322	0.9134349
HQ593612	1444	7220	Flavobacteriaceae	Aquimarina agarivorans	KC476291	1483	7415	Flavobacteriaceae	Aquimarina pacifica	6695.0	1444	29	30	1383	0.978076379066478	0.9799029799029799	0.9577562326869806	0.9193939667477194	0.9272853
HQ593612	1444	7220	Flavobacteriaceae	Aquimarina agarivorans	KF612582	1351	6743	Flavobacteriaceae	Aquimarina versatilis	6297.0	1352	30	31	1297	0.9818319454958365	0.9777942264988897	0.959319526627219	0.9169761900684199	0.9338573
HQ593612	1444	7220	Flavobacteriaceae	Aquimarina agarivorans	AY987367	1480	7400	Flavobacteriaceae	Aquimarina brevivitae	6546.0	1444	50	47	1365	0.9770937723693629	0.9674515235457064	0.9452908587257618	0.8839165526371414	0.9066482
HQ593612	1444	7220	Flavobacteriaceae	Aquimarina agarivorans	FJ882164	1400	7000	Flavobacteriaceae	Aquimarina salinaria	6374.0	1416	36	61	1327	0.9793357933579335	0.97411933860532	0.9371468926553672	0.8745413495509796	0.91057146
HQ593612	1444	7220	Flavobacteriaceae	Aquimarina agarivorans	KR080699	1483	7415	Flavobacteriaceae	Aquimarina aggregata	6749.0	1444	29	29	1389	0.9816254416961131	0.9799168975069252	0.9619113573407202	0.9240356895024568	0.93476456
HQ593612	1444	7220	Flavobacteriaceae	Aquimarina agarivorans	AB517144	1467	7335	Flavobacteriaceae	Aquimarina macrocephali	6702.0	1444	33	33	1383	0.9801559177888023	0.9771468144044322	0.9577562326869806	0.9149587300753755	0.92825484
HQ593612	1444	7220	Flavobacteriaceae	Aquimarina agarivorans	AM113977	1476	7380	Flavobacteriaceae	Aquimarina intermedia	6697.0	1444	31	29	1384	0.9780918727915194	0.9799168975069252	0.9584487534626038	0.9194610075590403	0.92756236
HQ593612	1444	7220	Flavobacteriaceae	Aquimarina agarivorans	KC476292	1485	7425	Flavobacteriaceae	Aquimarina megaterium	6675.0	1444	42	41	1380	0.9836065573770492	0.971606648199446	0.9556786703601108	0.9022995790815851	0.92451525
JN118549	1432	7160	Flavobacteriaceae	Aquimarina longa	FJ750453	1482	7410	Flavobacteriaceae	Aquimarina agarilytica	6519.0	1432	59	47	1359	0.9812274368231046	0.9671787709497207	0.9490223463687151	0.8815532861976327	0.91047484
JN118549	1432	7160	Flavobacteriaceae	Aquimarina longa	KX262846	1450	7250	Flavobacteriaceae	Aquimarina rubra	6624.0	1432	50	40	1371	0.9849137931034483	0.9720670391061452	0.9574022346368715	0.8992603985253206	0.92513967
JN118549	1432	7160	Flavobacteriaceae	Aquimarina longa	KP200684	1488	7440	Flavobacteriaceae	Aquimarina hainanensis	6511.0	1432	68	52	1358	0.9840579710144928	0.9636871508379888	0.9483240223463687	0.8724581005586592	0.90935755
JN118549	1432	7160	Flavobacteriaceae	Aquimarina longa	KC476291	1483	7415	Flavobacteriaceae	Aquimarina pacifica	6775.0	1432	43	32	1389	0.9921428571428571	0.9776536312849162	0.9699720670391061	0.9206514534608464	0.94622904
JN118549	1432	7160	Flavobacteriaceae	Aquimarina longa	KF612582	1351	6743	Flavobacteriaceae	Aquimarina versatilis	6207.0	1346	48	45	1284	0.9869331283627979	0.9665676077265973	0.9539375928677564	0.8902961322244985	0.9205102
JN118549	1432	7160	Flavobacteriaceae	Aquimarina longa	AY987367	1480	7400	Flavobacteriaceae	Aquimarina brevivitae	6499.0	1432	65	56	1355	0.9847383720930233	0.9608938547486033	0.9462290502793296	0.8697469426749215	0.9076816
JN118549	1432	7160	Flavobacteriaceae	Aquimarina longa	FJ882164	1400	7000	Flavobacteriaceae	Aquimarina salinaria	6347.0	1397	52	62	1318	0.9872659176029962	0.9625090122566691	0.9434502505368647	0.8692243509087055	0.90671426
JN118549	1432	7160	Flavobacteriaceae	Aquimarina longa	KR080699	1483	7415	Flavobacteriaceae	Aquimarina aggregata	6838.0	1432	39	27	1396	0.993594306049822	0.9811452513966481	0.9748603351955307	0.931120850407696	0.95502794
JN118549	1432	7160	Flavobacteriaceae	Aquimarina longa	AB517144	1467	7335	Flavobacteriaceae	Aquimarina macrocephali	6737.0	1432	45	33	1384	0.9892780557541101	0.9769553072625698	0.9664804469273743	0.9154408566360168	0.9409218
JN118549	1432	7160	Flavobacteriaceae	Aquimarina longa	AM113977	1476	7380	Flavobacteriaceae	Aquimarina intermedia	6643.0	1432	49	41	1373	0.98705966930266	0.9713687150837989	0.9587988826815642	0.9005329141188763	0.9277933
JN118549	1432	7160	Flavobacteriaceae	Aquimarina longa	KC476292	1485	7425	Flavobacteriaceae	Aquimarina megaterium	6663.0	1432	61	48	1374	0.9927745664739884	0.9664804469273743	0.9594972067039106	0.8894468413115957	0.9305866
FJ750453	1482	7410	Flavobacteriaceae	Aquimarina agarilytica	KX262846	1450	7250	Flavobacteriaceae	Aquimarina rubra	6658.0	1446	41	37	1380	0.9794180269694819	0.9744121715076072	0.9543568464730291	0.9042964335443833	0.91834486
FJ750453	1482	7410	Flavobacteriaceae	Aquimarina agarilytica	KP200684	1488	7440	Flavobacteriaceae	Aquimarina hainanensis	6758.0	1482	50	46	1406	0.979108635097493	0.9689608636977058	0.9487179487179487	0.8892682600254402	0.9120108
FJ750453	1482	7410	Flavobacteriaceae	Aquimarina agarilytica	KC476291	1483	7415	Flavobacteriaceae	Aquimarina pacifica	6872.0	1482	32	33	1419	0.979296066252588	0.9783929777177582	0.9574898785425101	0.9163823210093113	0.9273954
FJ750453	1482	7410	Flavobacteriaceae	Aquimarina agarilytica	KF612582	1351	6743	Flavobacteriaceae	Aquimarina versatilis	6267.0	1352	33	34	1294	0.9817905918057663	0.9755736491487786	0.9571005917159763	0.9108004186871168	0.92940825
FJ750453	1482	7410	Flavobacteriaceae	Aquimarina agarilytica	AY987367	1480	7400	Flavobacteriaceae	Aquimarina brevivitae	6646.0	1460	52	49	1383	0.9801559177888023	0.9664383561643836	0.9472602739726027	0.8839842900630571	0.8981081
FJ750453	1482	7410	Flavobacteriaceae	Aquimarina agarilytica	FJ882164	1400	7000	Flavobacteriaceae	Aquimarina salinaria	6392.0	1399	43	42	1329	0.9793662490788504	0.9699785561115082	0.949964260185847	0.8939677538642125	0.91314286
FJ750453	1482	7410	Flavobacteriaceae	Aquimarina agarilytica	KR080699	1483	7415	Flavobacteriaceae	Aquimarina aggregata	6948.0	1481	25	25	1428	0.9807692307692307	0.9831195138419987	0.9642133693450371	0.9322009732844448	0.9376518
FJ750453	1482	7410	Flavobacteriaceae	Aquimarina agarilytica	AB517144	1467	7335	Flavobacteriaceae	Aquimarina macrocephali	6775.0	1467	35	35	1401	0.9783519553072626	0.9761417859577369	0.9550102249488752	0.910502424851391	0.9236537
FJ750453	1482	7410	Flavobacteriaceae	Aquimarina agarilytica	AM113977	1476	7380	Flavobacteriaceae	Aquimarina intermedia	6805.0	1460	32	30	1403	0.9811188811188811	0.9794520547945206	0.9609589041095891	0.921026295493775	0.9220867
FJ750453	1482	7410	Flavobacteriaceae	Aquimarina agarilytica	KC476292	1485	7425	Flavobacteriaceae	Aquimarina megaterium	6901.0	1482	41	40	1422	0.986130374479889	0.9730094466936572	0.9595141700404858	0.9084828845688644	0.93130904
KX262846	1450	7250	Flavobacteriaceae	Aquimarina rubra	KP200684	1488	7440	Flavobacteriaceae	Aquimarina hainanensis	6577.0	1450	40	40	1372	0.9730496453900709	0.9724137931034482	0.9462068965517242	0.8954038417033094	0.90717244
KX262846	1450	7250	Flavobacteriaceae	Aquimarina rubra	KC476291	1483	7415	Flavobacteriaceae	Aquimarina pacifica	6813.0	1450	23	28	1398	0.9831223628691983	0.9840830449826989	0.9641379310344828	0.9307563733408244	0.93972415
KX262846	1450	7250	Flavobacteriaceae	Aquimarina rubra	KF612582	1351	6743	Flavobacteriaceae	Aquimarina versatilis	6284.0	1356	35	40	1295	0.9840425531914894	0.9740932642487047	0.9550147492625368	0.903522221444643	0.9319294
KX262846	1450	7250	Flavobacteriaceae	Aquimarina rubra	AY987367	1480	7400	Flavobacteriaceae	Aquimarina brevivitae	6604.0	1450	47	48	1373	0.9793152639087018	0.9675638371290545	0.9468965517241379	0.886806256190542	0.91089654
KX262846	1450	7250	Flavobacteriaceae	Aquimarina rubra	FJ882164	1400	7000	Flavobacteriaceae	Aquimarina salinaria	6407.0	1393	38	38	1327	0.9793357933579335	0.9727207465900933	0.9526202440775305	0.9020268558525883	0.9152857
KX262846	1450	7250	Flavobacteriaceae	Aquimarina rubra	KR080699	1483	7415	Flavobacteriaceae	Aquimarina aggregata	6909.0	1450	16	20	1410	0.986013986013986	0.9889349930843707	0.9724137931034482	0.9485346003669379	0.9529655
KX262846	1450	7250	Flavobacteriaceae	Aquimarina rubra	AB517144	1467	7335	Flavobacteriaceae	Aquimarina macrocephali	6783.0	1450	29	33	1394	0.9837685250529288	0.9799446749654218	0.9613793103448276	0.9210780816488308	0.9355862
KX262846	1450	7250	Flavobacteriaceae	Aquimarina rubra	AM113977	1476	7380	Flavobacteriaceae	Aquimarina intermedia	6845.0	1450	25	27	1402	0.9852424455375967	0.9827348066298343	0.9668965517241379	0.932809351256575	0.94413793
KX262846	1450	7250	Flavobacteriaceae	Aquimarina rubra	KC476292	1485	7425	Flavobacteriaceae	Aquimarina megaterium	6715.0	1450	40	43	1386	0.9850746268656716	0.972356599861783	0.9558620689655173	0.9026160610969683	0.9262069
KP200684	1488	7440	Flavobacteriaceae	Aquimarina hainanensis	KC476291	1483	7415	Flavobacteriaceae	Aquimarina pacifica	6892.0	1488	33	38	1423	0.9813793103448276	0.9777478084962913	0.9563172043010753	0.9116764932521756	0.9294673
KP200684	1488	7440	Flavobacteriaceae	Aquimarina hainanensis	KF612582	1351	6743	Flavobacteriaceae	Aquimarina versatilis	6174.0	1356	44	49	1282	0.9808722264728386	0.9674315321983715	0.9454277286135693	0.8826243152128107	0.9156162
KP200684	1488	7440	Flavobacteriaceae	Aquimarina hainanensis	AY987367	1480	7400	Flavobacteriaceae	Aquimarina brevivitae	6680.0	1467	58	54	1390	0.9837225760792639	0.9631901840490797	0.9475119291070211	0.8779241677562104	0.9027027
KP200684	1488	7440	Flavobacteriaceae	Aquimarina hainanensis	FJ882164	1400	7000	Flavobacteriaceae	Aquimarina salinaria	6427.0	1401	47	48	1332	0.9844789356984479	0.9664285714285714	0.9507494646680942	0.8883729459226045	0.91814286
KP200684	1488	7440	Flavobacteriaceae	Aquimarina hainanensis	KR080699	1483	7415	Flavobacteriaceae	Aquimarina aggregata	6895.0	1487	35	39	1423	0.9827348066298343	0.9763991908293999	0.956960322797579	0.910432685552493	0.92987186
KP200684	1488	7440	Flavobacteriaceae	Aquimarina hainanensis	AB517144	1467	7335	Flavobacteriaceae	Aquimarina macrocephali	6745.0	1471	42	46	1398	0.9810526315789474	0.9713701431492843	0.9503738953093134	0.8950976872543103	0.9195637
KP200684	1488	7440	Flavobacteriaceae	Aquimarina hainanensis	AM113977	1476	7380	Flavobacteriaceae	Aquimarina intermedia	6786.0	1467	44	41	1403	0.9838709677419355	0.9720518064076347	0.956373551465576	0.9025735833156263	0.9195122
KP200684	1488	7440	Flavobacteriaceae	Aquimarina hainanensis	KC476292	1485	7425	Flavobacteriaceae	Aquimarina megaterium	6801.0	1488	51	54	1411	0.9839609483960948	0.9656565656565657	0.948252688172043	0.8835570856651785	0.9159596
KC476291	1483	7415	Flavobacteriaceae	Aquimarina pacifica	KF612582	1351	6743	Flavobacteriaceae	Aquimarina versatilis	6235.0	1351	45	45	1288	0.9862174578866769	0.9666913397483345	0.9533678756476683	0.8919043306560565	0.9246626
KC476291	1483	7415	Flavobacteriaceae	Aquimarina pacifica	AY987367	1480	7400	Flavobacteriaceae	Aquimarina brevivitae	6705.0	1462	59	50	1391	0.9851274787535411	0.9658002735978112	0.9514363885088919	0.8832532416663744	0.9060811
KC476291	1483	7415	Flavobacteriaceae	Aquimarina pacifica	FJ882164	1400	7000	Flavobacteriaceae	Aquimarina salinaria	6474.0	1425	36	61	1341	0.9831378299120235	0.9742857142857143	0.9410526315789474	0.8785734356424942	0.92485714
KC476291	1483	7415	Flavobacteriaceae	Aquimarina pacifica	KR080699	1483	7415	Flavobacteriaceae	Aquimarina aggregata	7218.0	1482	13	12	1460	0.9931972789115646	0.9919028340080972	0.9851551956815114	0.9686810285296467	0.97343224
KC476291	1483	7415	Flavobacteriaceae	Aquimarina pacifica	AB517144	1467	7335	Flavobacteriaceae	Aquimarina macrocephali	7105.0	1466	13	12	1440	0.9903713892709766	0.9918144611186903	0.9822646657571623	0.9656611386145463	0.9686435
KC476291	1483	7415	Flavobacteriaceae	Aquimarina pacifica	AM113977	1476	7380	Flavobacteriaceae	Aquimarina intermedia	6883.0	1462	31	23	1414	0.9826268241834607	0.9842681258549931	0.9671682626538988	0.9321869591151778	0.9326558
KC476291	1483	7415	Flavobacteriaceae	Aquimarina pacifica	KC476292	1485	7425	Flavobacteriaceae	Aquimarina megaterium	7102.0	1483	29	27	1446	0.9931318681318682	0.9817936614969656	0.9750505731625084	0.9389375889713044	0.9577883
KF612582	1351	6743	Flavobacteriaceae	Aquimarina versatilis	AY987367	1480	7400	Flavobacteriaceae	Aquimarina brevivitae	6273.0	1351	43	40	1293	0.9862700228832952	0.9703923019985197	0.9570688378978535	0.9000841079512812	0.9302981
KF612582	1351	6743	Flavobacteriaceae	Aquimarina versatilis	FJ882164	1400	7000	Flavobacteriaceae	Aquimarina salinaria	6001.0	1297	42	39	1239	0.9848966613672496	0.9699306090979183	0.9552814186584425	0.8974936704050192	0.88995993
KF612582	1351	6743	Flavobacteriaceae	Aquimarina versatilis	KR080699	1483	7415	Flavobacteriaceae	Aquimarina aggregata	6312.0	1351	40	39	1298	0.989329268292683	0.9711324944485566	0.9607698001480385	0.9062041536982217	0.9360819
KF612582	1351	6743	Flavobacteriaceae	Aquimarina versatilis	AB517144	1467	7335	Flavobacteriaceae	Aquimarina macrocephali	6272.0	1351	47	46	1293	0.9908045977011494	0.9659511472982976	0.9570688378978535	0.8934011684239619	0.9301498
KF612582	1351	6743	Flavobacteriaceae	Aquimarina versatilis	AM113977	1476	7380	Flavobacteriaceae	Aquimarina intermedia	6334.0	1351	36	33	1301	0.9871016691957512	0.9755736491487786	0.9629903774981495	0.9150838626838941	0.9393445
KF612582	1351	6743	Flavobacteriaceae	Aquimarina versatilis	KC476292	1485	7425	Flavobacteriaceae	Aquimarina megaterium	6246.0	1351	48	47	1290	0.9892638036809815	0.9652109548482606	0.9548482605477424	0.8900086717328493	0.9262939
AY987367	1480	7400	Flavobacteriaceae	Aquimarina brevivitae	FJ882164	1400	7000	Flavobacteriaceae	Aquimarina salinaria	6492.0	1401	41	42	1340	0.986019131714496	0.9707142857142858	0.9564596716630978	0.9014068611582177	0.92742854
AY987367	1480	7400	Flavobacteriaceae	Aquimarina brevivitae	KR080699	1483	7415	Flavobacteriaceae	Aquimarina aggregata	6774.0	1471	47	55	1399	0.9879943502824858	0.9678742310321258	0.9510537049626104	0.8871489105580082	0.9154054
AY987367	1480	7400	Flavobacteriaceae	Aquimarina brevivitae	AB517144	1467	7335	Flavobacteriaceae	Aquimarina macrocephali	6681.0	1460	50	53	1385	0.984363894811656	0.9656829100892245	0.9486301369863014	0.8839222534700172	0.9108384
AY987367	1480	7400	Flavobacteriaceae	Aquimarina brevivitae	AM113977	1476	7380	Flavobacteriaceae	Aquimarina intermedia	6941.0	1477	32	33	1424	0.9861495844875346	0.978319783197832	0.964116452268111	0.9225872478960586	0.9405149
AY987367	1480	7400	Flavobacteriaceae	Aquimarina brevivitae	KC476292	1485	7425	Flavobacteriaceae	Aquimarina megaterium	6654.0	1471	57	64	1385	0.984363894811656	0.9610655737704918	0.9415363698164514	0.8669775342485256	0.8991892
FJ882164	1400	7000	Flavobacteriaceae	Aquimarina salinaria	KR080699	1483	7415	Flavobacteriaceae	Aquimarina aggregata	6523.0	1400	34	35	1343	0.9838827838827838	0.9756969263759828	0.9592857142857143	0.9131276150627615	0.93185717
FJ882164	1400	7000	Flavobacteriaceae	Aquimarina salinaria	AB517144	1467	7335	Flavobacteriaceae	Aquimarina macrocephali	6424.0	1400	45	46	1330	0.982274741506647	0.9678341672623302	0.95	0.8901730103806228	0.9177143
FJ882164	1400	7000	Flavobacteriaceae	Aquimarina salinaria	AM113977	1476	7380	Flavobacteriaceae	Aquimarina intermedia	6570.0	1400	32	32	1349	0.9861111111111112	0.9771428571428571	0.9635714285714285	0.9205067837190742	0.93857145
FJ882164	1400	7000	Flavobacteriaceae	Aquimarina salinaria	KC476292	1485	7425	Flavobacteriaceae	Aquimarina megaterium	6480.0	1400	65	38	1341	0.9845814977973568	0.9728571428571429	0.9578571428571429	0.8905129205265725	0.9257143
KR080699	1483	7415	Flavobacteriaceae	Aquimarina aggregata	AB517144	1467	7335	Flavobacteriaceae	Aquimarina macrocephali	7058.0	1467	18	18	1434	0.989648033126294	0.9877300613496932	0.9775051124744376	0.9538080188386936	0.96223587
KR080699	1483	7415	Flavobacteriaceae	Aquimarina aggregata	AM113977	1476	7380	Flavobacteriaceae	Aquimarina intermedia	6981.0	1463	29	22	1425	0.9888965995836225	0.9849624060150376	0.974025974025974	0.9407315204902337	0.94593495
KR080699	1483	7415	Flavobacteriaceae	Aquimarina aggregata	KC476292	1485	7425	Flavobacteriaceae	Aquimarina megaterium	7105.0	1483	29	28	1446	0.9938144329896907	0.9811193526635199	0.9750505731625084	0.9382927142536044	0.9581928
AB517144	1467	7335	Flavobacteriaceae	Aquimarina macrocephali	AM113977	1476	7380	Flavobacteriaceae	Aquimarina intermedia	6867.0	1457	27	25	1409	0.9839385474860335	0.9828414550446122	0.9670555936856554	0.933169548623894	0.9361963
AB517144	1467	7335	Flavobacteriaceae	Aquimarina macrocephali	KC476292	1485	7425	Flavobacteriaceae	Aquimarina megaterium	7015.0	1467	28	27	1429	0.9923611111111111	0.9815950920245399	0.9740967961826857	0.9382604591993762	0.9563736
AM113977	1476	7380	Flavobacteriaceae	Aquimarina intermedia	KC476292	1485	7425	Flavobacteriaceae	Aquimarina megaterium	6809.0	1470	44	50	1404	0.9887323943661972	0.9699453551912568	0.9551020408163265	0.8958024425093684	0.9226287
