AJ575643	1476	7374	Flavobacteriaceae	Arenibacter palladensis	AY271622	1438	7184	Flavobacteriaceae	Arenibacter certesii	6668.0	1440	40	42	1375	0.9835479256080114	0.972183588317107	0.9548611111111112	0.9019566441441442	0.9281737
AJ575643	1476	7374	Flavobacteriaceae	Arenibacter palladensis	EF536748	1431	7155	Flavobacteriaceae	Arenibacter echinorum	7035.0	1431	7	7	1417	0.9950842696629213	0.9951083158630328	0.9902166317260657	0.9805761360068967	0.9832285
AJ575643	1476	7374	Flavobacteriaceae	Arenibacter palladensis	AB080771	1381	6905	Flavobacteriaceae	Arenibacter troitsensis	6874.0	1381	1	1	1377	0.9978260869565218	0.999275887038378	0.997103548153512	0.9956605618320162	0.9955105
AJ575643	1476	7374	Flavobacteriaceae	Arenibacter palladensis	JF751052	1462	7310	Flavobacteriaceae	Arenibacter hampyeongensis	7070.0	1462	14	14	1433	0.9896408839779005	0.9904240766073872	0.9801641586867305	0.9615702586574429	0.9671683
AJ575643	1476	7374	Flavobacteriaceae	Arenibacter palladensis	EU999955	1464	7320	Flavobacteriaceae	Arenibacter nanhaiticus	6850.0	1455	25	25	1405	0.9825174825174825	0.9828178694158075	0.9656357388316151	0.9330129098170336	0.9357923
AJ575643	1476	7374	Flavobacteriaceae	Arenibacter palladensis	AF052742	1440	7200	Flavobacteriaceae	Arenibacter latericius	6677.0	1442	36	38	1378	0.9814814814814815	0.975	0.955617198335645	0.9077716823161337	0.92736113
AY271622	1438	7184	Flavobacteriaceae	Arenibacter certesii	EF536748	1431	7155	Flavobacteriaceae	Arenibacter echinorum	6625.0	1429	40	38	1367	0.98274622573688	0.9734079776067179	0.9566130160951715	0.9058194046210915	0.9259259
AY271622	1438	7184	Flavobacteriaceae	Arenibacter certesii	AB080771	1381	6905	Flavobacteriaceae	Arenibacter troitsensis	6362.0	1379	43	41	1315	0.9828101644245142	0.9702683103698332	0.9535895576504714	0.8972593728103592	0.9213613
AY271622	1438	7184	Flavobacteriaceae	Arenibacter certesii	JF751052	1462	7310	Flavobacteriaceae	Arenibacter hampyeongensis	6617.0	1438	39	37	1370	0.9778729478943612	0.9742698191933241	0.952712100139082	0.9036896765706526	0.9210746
AY271622	1438	7184	Flavobacteriaceae	Arenibacter certesii	EU999955	1464	7320	Flavobacteriaceae	Arenibacter nanhaiticus	6689.0	1438	35	33	1379	0.9814946619217082	0.9770514603616134	0.958970792767733	0.9147005864485166	0.9310969
AY271622	1438	7184	Flavobacteriaceae	Arenibacter certesii	AF052742	1440	7200	Flavobacteriaceae	Arenibacter latericius	7057.0	1437	5	5	1422	0.9930167597765364	0.9965205288796103	0.9895615866388309	0.9826991623209472	0.9823218
EF536748	1431	7155	Flavobacteriaceae	Arenibacter echinorum	AB080771	1381	6905	Flavobacteriaceae	Arenibacter troitsensis	6779.0	1381	10	10	1366	0.9963530269876003	0.9927588703837799	0.9891383055756698	0.9749163313761634	0.98175234
EF536748	1431	7155	Flavobacteriaceae	Arenibacter echinorum	JF751052	1462	7310	Flavobacteriaceae	Arenibacter hampyeongensis	6902.0	1431	16	16	1401	0.9901060070671378	0.9888190076869322	0.9790356394129979	0.957384540269103	0.96464014
EF536748	1431	7155	Flavobacteriaceae	Arenibacter echinorum	EU999955	1464	7320	Flavobacteriaceae	Arenibacter nanhaiticus	6710.0	1431	25	25	1379	0.980796586059744	0.9825296995108316	0.9636617749825297	0.9305689942482396	0.9378057
EF536748	1431	7155	Flavobacteriaceae	Arenibacter echinorum	AF052742	1440	7200	Flavobacteriaceae	Arenibacter latericius	6633.0	1431	35	37	1369	0.9820659971305595	0.9755073477956613	0.9566736547868623	0.9096883183989672	0.92704403
AB080771	1381	6905	Flavobacteriaceae	Arenibacter troitsensis	JF751052	1462	7310	Flavobacteriaceae	Arenibacter hampyeongensis	6669.0	1381	14	14	1353	0.9897585954645208	0.9898624185372918	0.9797248370745837	0.9600601091619756	0.96582186
AB080771	1381	6905	Flavobacteriaceae	Arenibacter troitsensis	EU999955	1464	7320	Flavobacteriaceae	Arenibacter nanhaiticus	6464.0	1381	27	27	1329	0.981536189069424	0.9804489500362057	0.9623461259956553	0.9254379649134354	0.93613327
AB080771	1381	6905	Flavobacteriaceae	Arenibacter troitsensis	AF052742	1440	7200	Flavobacteriaceae	Arenibacter latericius	6362.0	1381	39	41	1316	0.982089552238806	0.971718636693256	0.9529326574945691	0.8992463105934667	0.9213613
JF751052	1462	7310	Flavobacteriaceae	Arenibacter hampyeongensis	EU999955	1464	7320	Flavobacteriaceae	Arenibacter nanhaiticus	6778.0	1455	24	24	1397	0.976240391334731	0.9835051546391752	0.9601374570446736	0.9289768093515401	0.92722297
JF751052	1462	7310	Flavobacteriaceae	Arenibacter hampyeongensis	AF052742	1440	7200	Flavobacteriaceae	Arenibacter latericius	6615.0	1442	41	43	1371	0.9799857040743388	0.9715277777777778	0.9507628294036061	0.8969097763557957	0.91875
EU999955	1464	7320	Flavobacteriaceae	Arenibacter nanhaiticus	AF052742	1440	7200	Flavobacteriaceae	Arenibacter latericius	6688.0	1442	36	38	1380	0.9829059829059829	0.975	0.957004160887656	0.9090892029000467	0.9288889
