L33692	1440	7176	Rhodocyclaceae	Azoarcus toluvorans	AF123077	1490	7450	Rhodocyclaceae	Azoarcus toluclasticus	6998.0	1440	14	13	1415	0.9915907498248073	0.9909722222222223	0.9826388888888888	0.964391811860003	0.9751951
L33692	1440	7176	Rhodocyclaceae	Azoarcus toluvorans	X77679	1526	7630	Rhodocyclaceae	Azoarcus evansii	7098.0	1440	2	1	1428	0.9923558026407228	0.9993055555555556	0.9916666666666667	0.9896035598705503	0.98913044
L33692	1440	7176	Rhodocyclaceae	Azoarcus toluvorans	AJ315676	1510	7550	Rhodocyclaceae	Azoarcus buckelii	6822.0	1440	28	25	1395	0.9858657243816255	0.9826388888888888	0.96875	0.9337746934604905	0.9506689
L33692	1440	7176	Rhodocyclaceae	Azoarcus toluvorans	L33694	1458	7290	Rhodocyclaceae	Azoarcus tolulyticus	6996.0	1440	13	12	1415	0.9908963585434174	0.9916666666666667	0.9826388888888888	0.9657318192245927	0.9749164
L33692	1440	7176	Rhodocyclaceae	Azoarcus toluvorans	Y14701	1531	7643	Rhodocyclaceae	Azoarcus anaerobius	6848.0	1440	25	22	1399	0.9866008462623413	0.9847222222222223	0.9715277777777778	0.9403593098217672	0.95429206
L33692	1440	7176	Rhodocyclaceae	Azoarcus toluvorans	EF158388	1456	7280	Rhodocyclaceae	Azoarcus olearius	6622.0	1426	26	26	1366	0.9757142857142858	0.9817671809256662	0.9579242636746143	0.9236184360499036	0.9227982
L33692	1440	7176	Rhodocyclaceae	Azoarcus toluvorans	AF011343	1350	6744	Rhodocyclaceae	Azoarcus communis	6190.0	1348	41	39	1282	0.9793735676088617	0.9710682492581603	0.9510385756676558	0.8962631357443928	0.9178529
L33692	1440	7176	Rhodocyclaceae	Azoarcus toluvorans	AF011345	1484	7384	Rhodocyclaceae	Azoarcus indigens	6646.0	1440	33	30	1375	0.975177304964539	0.9791666666666666	0.9548611111111112	0.9140218375198009	0.9261427
AF123077	1490	7450	Rhodocyclaceae	Azoarcus toluclasticus	X77679	1526	7630	Rhodocyclaceae	Azoarcus evansii	7302.0	1490	14	13	1472	0.996614759647935	0.991275167785235	0.9879194630872483	0.9701842067685278	0.98013425
AF123077	1490	7450	Rhodocyclaceae	Azoarcus toluclasticus	AJ315676	1510	7550	Rhodocyclaceae	Azoarcus buckelii	7173.0	1490	16	13	1459	0.987813134732566	0.991275167785235	0.9791946308724833	0.9603389573696267	0.9628188
AF123077	1490	7450	Rhodocyclaceae	Azoarcus toluclasticus	L33694	1458	7290	Rhodocyclaceae	Azoarcus tolulyticus	7220.0	1458	2	2	1450	0.9958791208791209	0.9986282578875172	0.9945130315500685	0.991788338312945	0.9903978
AF123077	1490	7450	Rhodocyclaceae	Azoarcus toluclasticus	Y14701	1531	7643	Rhodocyclaceae	Azoarcus anaerobius	7174.0	1490	19	16	1459	0.9898236092265943	0.9892617449664429	0.9791946308724833	0.9564830257826642	0.96295303
AF123077	1490	7450	Rhodocyclaceae	Azoarcus toluclasticus	EF158388	1456	7280	Rhodocyclaceae	Azoarcus olearius	6888.0	1457	20	21	1411	0.9825905292479109	0.9862637362637363	0.9684282772820865	0.9415457049269303	0.9461538
AF123077	1490	7450	Rhodocyclaceae	Azoarcus toluclasticus	AF011343	1350	6744	Rhodocyclaceae	Azoarcus communis	6282.0	1349	33	32	1295	0.9832953682611997	0.9762787249814677	0.9599703484062269	0.9148197893277864	0.93149465
AF123077	1490	7450	Rhodocyclaceae	Azoarcus toluclasticus	AF011345	1484	7384	Rhodocyclaceae	Azoarcus indigens	6784.0	1455	37	34	1397	0.9831104855735397	0.9766323024054983	0.9601374570446736	0.9144472697456308	0.91874325
X77679	1526	7630	Rhodocyclaceae	Azoarcus evansii	AJ315676	1510	7550	Rhodocyclaceae	Azoarcus buckelii	7223.0	1507	25	24	1470	0.9912339851652057	0.9840743198407432	0.9754479097544791	0.9442488578106348	0.95668876
X77679	1526	7630	Rhodocyclaceae	Azoarcus evansii	L33694	1458	7290	Rhodocyclaceae	Azoarcus tolulyticus	7168.0	1458	10	10	1443	0.9965469613259669	0.9931412894375857	0.9897119341563786	0.9762281203395341	0.98326474
X77679	1526	7630	Rhodocyclaceae	Azoarcus evansii	Y14701	1531	7643	Rhodocyclaceae	Azoarcus anaerobius	7339.0	1524	24	21	1492	0.9926813040585496	0.9862204724409449	0.979002624671916	0.9505432460477323	0.9618611
X77679	1526	7630	Rhodocyclaceae	Azoarcus evansii	EF158388	1456	7280	Rhodocyclaceae	Azoarcus olearius	6845.0	1457	26	27	1405	0.9825174825174825	0.9821428571428571	0.9643102264927934	0.9298473525857683	0.94024724
X77679	1526	7630	Rhodocyclaceae	Azoarcus evansii	AF011343	1350	6744	Rhodocyclaceae	Azoarcus communis	6256.0	1349	39	38	1291	0.984744469870328	0.971830985915493	0.9570051890289103	0.903914843528027	0.92763937
X77679	1526	7630	Rhodocyclaceae	Azoarcus evansii	AF011345	1484	7384	Rhodocyclaceae	Azoarcus indigens	6862.0	1470	35	31	1413	0.9819318971507992	0.9789115646258504	0.9612244897959183	0.9190711234659976	0.9293066
AJ315676	1510	7550	Rhodocyclaceae	Azoarcus buckelii	L33694	1458	7290	Rhodocyclaceae	Azoarcus tolulyticus	7023.0	1460	13	15	1428	0.9882352941176471	0.9910836762688614	0.9780821917808219	0.9594899980470385	0.9633745
AJ315676	1510	7550	Rhodocyclaceae	Azoarcus buckelii	Y14701	1531	7643	Rhodocyclaceae	Azoarcus anaerobius	7428.0	1508	6	6	1495	0.9953395472703063	0.9960212201591512	0.9913793103448276	0.9835216143579466	0.98384106
AJ315676	1510	7550	Rhodocyclaceae	Azoarcus buckelii	EF158388	1456	7280	Rhodocyclaceae	Azoarcus olearius	6832.0	1459	23	26	1405	0.9804605722260991	0.9842032967032966	0.9629883481836875	0.9311486524610149	0.93846154
AJ315676	1510	7550	Rhodocyclaceae	Azoarcus buckelii	AF011343	1350	6744	Rhodocyclaceae	Azoarcus communis	6240.0	1349	35	34	1290	0.9809885931558935	0.9747961452928094	0.9562638991845812	0.9085888926500898	0.9252669
AJ315676	1510	7550	Rhodocyclaceae	Azoarcus buckelii	AF011345	1484	7384	Rhodocyclaceae	Azoarcus indigens	6864.0	1467	39	38	1411	0.9874037788663401	0.9740967961826857	0.961826857532379	0.9126497871273369	0.92957747
L33694	1458	7290	Rhodocyclaceae	Azoarcus tolulyticus	Y14701	1531	7643	Rhodocyclaceae	Azoarcus anaerobius	7010.0	1458	20	18	1426	0.9902777777777778	0.9876543209876543	0.9780521262002744	0.952905995756695	0.96159124
L33694	1458	7290	Rhodocyclaceae	Azoarcus tolulyticus	EF158388	1456	7280	Rhodocyclaceae	Azoarcus olearius	6822.0	1444	19	20	1398	0.9817415730337079	0.9868329868329868	0.9681440443213296	0.9423356931740078	0.9370879
L33694	1458	7290	Rhodocyclaceae	Azoarcus tolulyticus	AF011343	1350	6744	Rhodocyclaceae	Azoarcus communis	6265.0	1349	32	31	1293	0.9810318664643399	0.9770200148257969	0.9584877687175686	0.9147624034538416	0.9289739
L33694	1458	7290	Rhodocyclaceae	Azoarcus tolulyticus	AF011345	1484	7384	Rhodocyclaceae	Azoarcus indigens	6806.0	1455	34	31	1400	0.9831460674157303	0.9786941580756013	0.9621993127147767	0.9201959847587925	0.9336077
Y14701	1531	7643	Rhodocyclaceae	Azoarcus anaerobius	EF158388	1456	7280	Rhodocyclaceae	Azoarcus olearius	6798.0	1459	29	32	1400	0.9810791871058164	0.9800824175824175	0.9595613433858807	0.9202244872390134	0.9337912
Y14701	1531	7643	Rhodocyclaceae	Azoarcus anaerobius	AF011343	1350	6744	Rhodocyclaceae	Azoarcus communis	6213.0	1349	41	40	1286	0.9824293353705118	0.9703484062268347	0.9532987398072647	0.8977467988544673	0.92126334
Y14701	1531	7643	Rhodocyclaceae	Azoarcus anaerobius	AF011345	1484	7384	Rhodocyclaceae	Azoarcus indigens	6866.0	1477	35	34	1416	0.9812889812889813	0.976980365605958	0.9587000677048071	0.9149498662024051	0.9298483
EF158388	1456	7280	Rhodocyclaceae	Azoarcus olearius	AF011343	1350	6744	Rhodocyclaceae	Azoarcus communis	6387.0	1348	32	30	1306	0.9908952959028832	0.9777448071216617	0.9688427299703264	0.9253150131165871	0.94706404
EF158388	1456	7280	Rhodocyclaceae	Azoarcus olearius	AF011345	1484	7384	Rhodocyclaceae	Azoarcus indigens	6891.0	1440	15	11	1405	0.9832050384884534	0.9923611111111111	0.9756944444444444	0.9582593547155402	0.9465659
AF011343	1350	6744	Rhodocyclaceae	Azoarcus communis	AF011345	1484	7384	Rhodocyclaceae	Azoarcus indigens	6222.0	1350	35	34	1288	0.9787234042553191	0.9748148148148148	0.9540740740740741	0.9065425859072068	0.9225979
