HM626177	1372	6860	Unclassified Clostridiales	Blautia stercoris	AB571656	1493	7465	Unclassified Clostridiales	Blautia coccoides	6422.0	1372	35	35	1320	0.9872849663425579	0.9744897959183674	0.9620991253644315	0.914233497236848	0.9361516
HM626177	1372	6860	Unclassified Clostridiales	Blautia stercoris	X85101	1457	7267	Ruminococcaceae	Blautia obeum	6266.0	1372	44	46	1301	0.9811463046757164	0.9678832116788321	0.9482507288629738	0.8879805554182932	0.9134111
HM626177	1372	6860	Unclassified Clostridiales	Blautia stercoris	X95624	1458	7284	Unclassified Clostridiales	Blautia hydrogenotrophica	6155.0	1372	63	60	1288	0.9817073170731707	0.956268221574344	0.9387755102040817	0.8583090379008746	0.8972303
HM626177	1372	6860	Unclassified Clostridiales	Blautia stercoris	EF036467	1438	7184	Unclassified Clostridiales	Blautia wexlerae	6185.0	1370	59	60	1290	0.9847328244274809	0.9569028487947406	0.9416058394160584	0.8631935966655259	0.9016035
HM626177	1372	6860	Unclassified Clostridiales	Blautia stercoris	AB439724	1468	7334	Unclassified Clostridiales	Blautia glucerasea	6231.0	1372	50	50	1297	0.981089258698941	0.9635568513119533	0.9453352769679301	0.8788560029195523	0.90830904
HM626177	1372	6860	Unclassified Clostridiales	Blautia stercoris	L76595	1427	7117	Unclassified Clostridiales	Blautia producta	6369.0	1372	37	37	1313	0.9835205992509364	0.9730320699708455	0.956997084548105	0.9067360595257062	0.92842567
HM626177	1372	6860	Unclassified Clostridiales	Blautia stercoris	KR364746	1378	6890	Unclassified Clostridiales	Blautia caecimuris	6182.0	1353	45	47	1284	0.9831546707503829	0.9666913397483345	0.9490022172949002	0.8865499969865089	0.9011662
HM626177	1372	6860	Unclassified Clostridiales	Blautia stercoris	X94965	1482	7374	Unclassified Clostridiales	Blautia schinkii	6228.0	1372	74	48	1301	0.9826283987915407	0.9650145772594753	0.9482507288629738	0.8682461722092513	0.9078717
HM626177	1372	6860	Unclassified Clostridiales	Blautia stercoris	AB534168	1492	7460	Unclassified Clostridiales	Blautia hansenii	6407.0	1372	35	36	1318	0.9865269461077845	0.9744711889132021	0.9606413994169096	0.9121655363333271	0.933965
HM626177	1372	6860	Unclassified Clostridiales	Blautia stercoris	HM626178	1262	6304	Unclassified Clostridiales	Blautia faecis	5833.0	1262	37	37	1205	0.9836734693877551	0.9706814580031695	0.9548335974643423	0.9004396896796145	0.9252855
HM626177	1372	6860	Unclassified Clostridiales	Blautia stercoris	AJ133124	1280	6376	Unclassified Clostridiales	Blautia luti	5905.0	1277	33	30	1221	0.9791499599037691	0.9765074393108849	0.9561472200469852	0.91016456747984	0.9261292
AB571656	1493	7465	Unclassified Clostridiales	Blautia coccoides	X85101	1457	7267	Ruminococcaceae	Blautia obeum	6682.0	1459	46	48	1386	0.9822820694542878	0.9684282772820865	0.9499657299520219	0.8906323222340884	0.9194991
AB571656	1493	7465	Unclassified Clostridiales	Blautia coccoides	X95624	1458	7284	Unclassified Clostridiales	Blautia hydrogenotrophica	6578.0	1455	58	55	1372	0.98	0.9621993127147767	0.9429553264604811	0.8725297138431418	0.9030752
AB571656	1493	7465	Unclassified Clostridiales	Blautia coccoides	EF036467	1438	7184	Unclassified Clostridiales	Blautia wexlerae	6540.0	1439	53	54	1361	0.9826714801444043	0.9631432545201669	0.9457956914523975	0.8779671800680768	0.91035634
AB571656	1493	7465	Unclassified Clostridiales	Blautia coccoides	AB439724	1468	7334	Unclassified Clostridiales	Blautia glucerasea	6762.0	1469	41	42	1400	0.9810791871058164	0.9720708446866485	0.9530292716133424	0.900644218935258	0.9220071
AB571656	1493	7465	Unclassified Clostridiales	Blautia coccoides	L76595	1427	7117	Unclassified Clostridiales	Blautia producta	7049.0	1428	1	2	1416	0.9929873772791024	0.9992992291520673	0.9915966386554622	0.9895149102328126	0.99044544
AB571656	1493	7465	Unclassified Clostridiales	Blautia coccoides	KR364746	1378	6890	Unclassified Clostridiales	Blautia caecimuris	6315.0	1405	38	66	1314	0.9813293502613891	0.9724037763253449	0.9352313167259787	0.8678272578628452	0.9165457
AB571656	1493	7465	Unclassified Clostridiales	Blautia coccoides	X94965	1482	7374	Unclassified Clostridiales	Blautia schinkii	6759.0	1471	42	42	1399	0.9790062981105668	0.9714479945615228	0.9510537049626104	0.8982523095780371	0.91659886
AB571656	1493	7465	Unclassified Clostridiales	Blautia coccoides	AB534168	1492	7460	Unclassified Clostridiales	Blautia hansenii	7031.0	1493	34	35	1441	0.9883401920438958	0.9772117962466488	0.9651707970529136	0.9215579712528802	0.9424933
AB571656	1493	7465	Unclassified Clostridiales	Blautia coccoides	HM626178	1262	6304	Unclassified Clostridiales	Blautia faecis	5858.0	1262	32	32	1209	0.9829268292682927	0.9746434231378764	0.9580031695721077	0.9106212508297469	0.92925125
AB571656	1493	7465	Unclassified Clostridiales	Blautia coccoides	AJ133124	1280	6376	Unclassified Clostridiales	Blautia luti	5870.0	1277	40	37	1216	0.9806451612903225	0.971025841816758	0.9522317932654659	0.8965584082377963	0.9206399
X85101	1457	7267	Ruminococcaceae	Blautia obeum	X95624	1458	7284	Unclassified Clostridiales	Blautia hydrogenotrophica	6406.0	1443	68	63	1346	0.9753623188405797	0.9563409563409564	0.9327789327789328	0.8519092834115998	0.8815192
X85101	1457	7267	Ruminococcaceae	Blautia obeum	EF036467	1438	7184	Unclassified Clostridiales	Blautia wexlerae	6722.0	1437	36	35	1382	0.985734664764622	0.9756437021572721	0.9617258176757133	0.9153697191998303	0.9356904
X85101	1457	7267	Ruminococcaceae	Blautia obeum	AB439724	1468	7334	Unclassified Clostridiales	Blautia glucerasea	6803.0	1452	32	31	1398	0.983814215341309	0.9786501377410468	0.9628099173553719	0.9219359114299079	0.9361497
X85101	1457	7267	Ruminococcaceae	Blautia obeum	L76595	1427	7117	Unclassified Clostridiales	Blautia producta	6386.0	1407	48	51	1329	0.9800884955752213	0.9658119658119658	0.9445628997867804	0.8802936715538654	0.8972882
X85101	1457	7267	Ruminococcaceae	Blautia obeum	KR364746	1378	6890	Unclassified Clostridiales	Blautia caecimuris	6290.0	1388	50	60	1308	0.9849397590361446	0.9637155297532656	0.9423631123919308	0.8702769215969988	0.91291726
X85101	1457	7267	Ruminococcaceae	Blautia obeum	X94965	1482	7374	Unclassified Clostridiales	Blautia schinkii	6729.0	1457	42	40	1390	0.9809456598447425	0.9725463280713795	0.9540150995195608	0.901827482334368	0.9259667
X85101	1457	7267	Ruminococcaceae	Blautia obeum	AB534168	1492	7460	Unclassified Clostridiales	Blautia hansenii	6660.0	1457	44	43	1383	0.978076379066478	0.970487302676733	0.9492107069320521	0.8941931642917533	0.9164717
X85101	1457	7267	Ruminococcaceae	Blautia obeum	HM626178	1262	6304	Unclassified Clostridiales	Blautia faecis	5990.0	1261	24	23	1224	0.9886914378029079	0.9817605075337034	0.9706582077716098	0.9351555340243214	0.95019037
X85101	1457	7267	Ruminococcaceae	Blautia obeum	AJ133124	1280	6376	Unclassified Clostridiales	Blautia luti	6000.0	1276	32	28	1231	0.9863782051282052	0.9780564263322884	0.9647335423197492	0.9204797101032469	0.94102883
X95624	1458	7284	Unclassified Clostridiales	Blautia hydrogenotrophica	EF036467	1438	7184	Unclassified Clostridiales	Blautia wexlerae	6432.0	1428	48	52	1343	0.9760174418604651	0.9662921348314607	0.9404761904761905	0.8767582913924378	0.8953229
X95624	1458	7284	Unclassified Clostridiales	Blautia hydrogenotrophica	AB439724	1468	7334	Unclassified Clostridiales	Blautia glucerasea	6496.0	1458	64	67	1362	0.9791516894320632	0.9560137457044674	0.934156378600823	0.853752642991948	0.8918177
X95624	1458	7284	Unclassified Clostridiales	Blautia hydrogenotrophica	L76595	1427	7117	Unclassified Clostridiales	Blautia producta	6357.0	1422	57	65	1329	0.9793662490788504	0.9596888260254597	0.9345991561181435	0.8575057842138748	0.89321345
X95624	1458	7284	Unclassified Clostridiales	Blautia hydrogenotrophica	KR364746	1378	6890	Unclassified Clostridiales	Blautia caecimuris	6166.0	1408	47	78	1297	0.975187969924812	0.9658678286129266	0.9211647727272727	0.842026905654483	0.8949202
X95624	1458	7284	Unclassified Clostridiales	Blautia hydrogenotrophica	X94965	1482	7374	Unclassified Clostridiales	Blautia schinkii	6570.0	1456	43	46	1371	0.9723404255319149	0.9704060564349621	0.9416208791208791	0.8857141024419211	0.90197694
X95624	1458	7284	Unclassified Clostridiales	Blautia hydrogenotrophica	AB534168	1492	7460	Unclassified Clostridiales	Blautia hansenii	6530.0	1458	55	59	1367	0.9771265189421015	0.9621733149931224	0.9375857338820301	0.8669414684077728	0.89648545
X95624	1458	7284	Unclassified Clostridiales	Blautia hydrogenotrophica	HM626178	1262	6304	Unclassified Clostridiales	Blautia faecis	5742.0	1263	43	44	1195	0.9803117309269893	0.9659270998415214	0.946159936658749	0.8831309056562137	0.9108502
X95624	1458	7284	Unclassified Clostridiales	Blautia hydrogenotrophica	AJ133124	1280	6376	Unclassified Clostridiales	Blautia luti	5828.0	1278	38	36	1212	0.9758454106280193	0.971830985915493	0.9483568075117371	0.8950297529860011	0.9140527
EF036467	1438	7184	Unclassified Clostridiales	Blautia wexlerae	AB439724	1468	7334	Unclassified Clostridiales	Blautia glucerasea	6650.0	1433	40	40	1372	0.9849246231155779	0.9720865317515701	0.9574319609211445	0.9054329406402948	0.9256682
EF036467	1438	7184	Unclassified Clostridiales	Blautia wexlerae	L76595	1427	7117	Unclassified Clostridiales	Blautia producta	6238.0	1388	54	58	1302	0.9789473684210527	0.9609826589595376	0.9380403458213257	0.8651828432332614	0.8764929
EF036467	1438	7184	Unclassified Clostridiales	Blautia wexlerae	KR364746	1378	6890	Unclassified Clostridiales	Blautia caecimuris	6264.0	1387	53	62	1305	0.9849056603773585	0.9615384615384616	0.9408795962509012	0.8657399062725307	0.9091437
EF036467	1438	7184	Unclassified Clostridiales	Blautia wexlerae	X94965	1482	7374	Unclassified Clostridiales	Blautia schinkii	6642.0	1438	38	37	1373	0.9800142755174875	0.9742698191933241	0.954798331015299	0.9062821556588306	0.9245546
EF036467	1438	7184	Unclassified Clostridiales	Blautia wexlerae	AB534168	1492	7460	Unclassified Clostridiales	Blautia hansenii	6490.0	1438	54	54	1355	0.9790462427745664	0.9624478442280946	0.9422809457579973	0.8740729416414665	0.9033964
EF036467	1438	7184	Unclassified Clostridiales	Blautia wexlerae	HM626178	1262	6304	Unclassified Clostridiales	Blautia faecis	5856.0	1262	32	32	1208	0.9821138211382113	0.9746434231378764	0.9572107765451664	0.9098680488025924	0.92893404
EF036467	1438	7184	Unclassified Clostridiales	Blautia wexlerae	AJ133124	1280	6376	Unclassified Clostridiales	Blautia luti	5976.0	1277	37	34	1229	0.9887369267900241	0.9733750978856696	0.9624119028974158	0.9104094332583621	0.93726474
AB439724	1468	7334	Unclassified Clostridiales	Blautia glucerasea	L76595	1427	7117	Unclassified Clostridiales	Blautia producta	6519.0	1419	42	42	1350	0.9803921568627451	0.9704016913319239	0.9513742071881607	0.8966750741260078	0.9159758
AB439724	1468	7334	Unclassified Clostridiales	Blautia glucerasea	KR364746	1378	6890	Unclassified Clostridiales	Blautia caecimuris	6492.0	1378	37	37	1330	0.9917971662938105	0.9731494920174165	0.965166908563135	0.9146917486806814	0.9422351
AB439724	1468	7334	Unclassified Clostridiales	Blautia glucerasea	X94965	1482	7374	Unclassified Clostridiales	Blautia schinkii	6790.0	1461	38	37	1399	0.9824438202247191	0.974674880219028	0.9575633127994524	0.9096532070890061	0.92582494
AB439724	1468	7334	Unclassified Clostridiales	Blautia glucerasea	AB534168	1492	7460	Unclassified Clostridiales	Blautia hansenii	6687.0	1468	51	51	1391	0.981651376146789	0.965258855585831	0.9475476839237057	0.8839203871757018	0.9117808
AB439724	1468	7334	Unclassified Clostridiales	Blautia glucerasea	HM626178	1262	6304	Unclassified Clostridiales	Blautia faecis	5945.0	1262	26	26	1218	0.9854368932038835	0.9793977812995246	0.96513470681458	0.926169641011507	0.94305205
AB439724	1468	7334	Unclassified Clostridiales	Blautia glucerasea	AJ133124	1280	6376	Unclassified Clostridiales	Blautia luti	5887.0	1277	44	41	1218	0.9854368932038835	0.9678935003915426	0.9537979639780736	0.892425649868962	0.92330617
L76595	1427	7117	Unclassified Clostridiales	Blautia producta	KR364746	1378	6890	Unclassified Clostridiales	Blautia caecimuris	6229.0	1371	40	49	1295	0.9795763993948563	0.9706314243759178	0.9445660102115244	0.8849867225369491	0.9040639
L76595	1427	7117	Unclassified Clostridiales	Blautia producta	X94965	1482	7374	Unclassified Clostridiales	Blautia schinkii	6459.0	1412	44	44	1338	0.9780701754385965	0.9688385269121813	0.9475920679886686	0.8903200199234194	0.9075453
L76595	1427	7117	Unclassified Clostridiales	Blautia producta	AB534168	1492	7460	Unclassified Clostridiales	Blautia hansenii	6686.0	1427	39	34	1374	0.9863603732950467	0.9761737911702874	0.9628591450595655	0.914913225830815	0.9394408
L76595	1427	7117	Unclassified Clostridiales	Blautia producta	HM626178	1262	6304	Unclassified Clostridiales	Blautia faecis	5838.0	1262	36	36	1206	0.9836867862969005	0.971473851030111	0.9556259904912837	0.9026174609725067	0.9260787
L76595	1427	7117	Unclassified Clostridiales	Blautia producta	AJ133124	1280	6376	Unclassified Clostridiales	Blautia luti	5836.0	1288	45	53	1214	0.982995951417004	0.96484375	0.9425465838509317	0.8732520863135038	0.9153074
KR364746	1378	6890	Unclassified Clostridiales	Blautia caecimuris	X94965	1482	7374	Unclassified Clostridiales	Blautia schinkii	6404.0	1378	31	28	1321	0.9785185185185186	0.9796806966618288	0.9586357039187228	0.9184941095033895	0.92946297
KR364746	1378	6890	Unclassified Clostridiales	Blautia caecimuris	AB534168	1492	7460	Unclassified Clostridiales	Blautia hansenii	6215.0	1377	88	48	1305	0.981941309255079	0.9651416122004357	0.9477124183006536	0.8597336545539718	0.90203196
KR364746	1378	6890	Unclassified Clostridiales	Blautia caecimuris	HM626178	1262	6304	Unclassified Clostridiales	Blautia faecis	5844.0	1262	30	30	1207	0.9797077922077922	0.9762282091917591	0.9564183835182251	0.9120026691133538	0.92703044
KR364746	1378	6890	Unclassified Clostridiales	Blautia caecimuris	AJ133124	1280	6376	Unclassified Clostridiales	Blautia luti	5867.0	1277	42	39	1216	0.9822294022617124	0.9694596711041503	0.9522317932654659	0.8937550872347588	0.9201694
X94965	1482	7374	Unclassified Clostridiales	Blautia schinkii	AB534168	1492	7460	Unclassified Clostridiales	Blautia hansenii	6649.0	1471	52	53	1386	0.9774330042313117	0.964625850340136	0.9422161794697484	0.8772570863349332	0.9016816
X94965	1482	7374	Unclassified Clostridiales	Blautia schinkii	HM626178	1262	6304	Unclassified Clostridiales	Blautia faecis	5899.0	1261	26	25	1212	0.9805825242718447	0.9801744647105471	0.9611419508326725	0.9230547406598161	0.9357551
X94965	1482	7374	Unclassified Clostridiales	Blautia schinkii	AJ133124	1280	6376	Unclassified Clostridiales	Blautia luti	5924.0	1276	30	26	1222	0.9776	0.9796238244514106	0.957680250783699	0.9166158602447348	0.92910916
AB534168	1492	7460	Unclassified Clostridiales	Blautia hansenii	HM626178	1262	6304	Unclassified Clostridiales	Blautia faecis	5796.0	1261	44	43	1200	0.9852216748768473	0.9659000793021412	0.9516256938937351	0.888183980967486	0.91941625
AB534168	1492	7460	Unclassified Clostridiales	Blautia hansenii	AJ133124	1280	6376	Unclassified Clostridiales	Blautia luti	5792.0	1276	40	36	1207	0.9733870967741935	0.9717868338557993	0.9459247648902821	0.891296890930053	0.9084065
HM626178	1262	6304	Unclassified Clostridiales	Blautia faecis	AJ133124	1280	6376	Unclassified Clostridiales	Blautia luti	5822.0	1251	28	25	1200	0.9787928221859706	0.9800159872102319	0.9592326139088729	0.9194833343645646	0.9235406
