AF288306	1451	7255	Bradyrhizobiaceae	Bosea vestrisii	AF288309	1360	6800	Bradyrhizobiaceae	Bosea massiliensis	6661.0	1359	5	4	1344	0.9918819188191882	0.9970566593083149	0.9889624724061811	0.9824370601982224	0.9795588
AF288306	1451	7255	Bradyrhizobiaceae	Bosea vestrisii	AF273081	1482	7404	Bradyrhizobiaceae	Bosea minatitlanensis	7035.0	1451	6	3	1427	0.9854972375690608	0.9979324603721571	0.983459682977257	0.9773847775916734	0.9696761
AF288306	1451	7255	Bradyrhizobiaceae	Bosea vestrisii	AF288300	1446	7230	Bradyrhizobiaceae	Bosea eneae	7216.0	1445	0	0	1444	0.9993079584775086	1.0	0.9993079584775086	0.9993079584775086	0.9980636
AF288306	1451	7255	Bradyrhizobiaceae	Bosea vestrisii	FR774992	1444	7214	Bradyrhizobiaceae	Bosea lupini	7097.0	1431	0	0	1424	0.9951083158630328	1.0	0.9951083158630328	0.9951083158630328	0.9837815
AF288306	1451	7255	Bradyrhizobiaceae	Bosea vestrisii	FR774994	1439	7195	Bradyrhizobiaceae	Bosea robiniae	7002.0	1431	0	0	1414	0.9881201956673655	1.0	0.9881201956673655	0.9881201956673655	0.9731758
AF288306	1451	7255	Bradyrhizobiaceae	Bosea vestrisii	FR774993	1441	7205	Bradyrhizobiaceae	Bosea lathyri	6941.0	1431	8	6	1407	0.9873684210526316	0.9958071278825996	0.9832285115303984	0.9736627025231533	0.96335876
AF288306	1451	7255	Bradyrhizobiaceae	Bosea vestrisii	AJ250796	1465	7325	Bradyrhizobiaceae	Bosea thiooxidans	7153.0	1450	2	3	1439	0.9944713199723566	0.9986197377501725	0.9924137931034482	0.9889963902346346	0.98594075
AF288309	1360	6800	Bradyrhizobiaceae	Bosea massiliensis	AF273081	1482	7404	Bradyrhizobiaceae	Bosea minatitlanensis	6602.0	1360	9	10	1337	0.9903703703703703	0.9933774834437086	0.9830882352941176	0.9694442057319641	0.97088236
AF288309	1360	6800	Bradyrhizobiaceae	Bosea massiliensis	AF288300	1446	7230	Bradyrhizobiaceae	Bosea eneae	6655.0	1360	5	6	1343	0.9918759231905465	0.9963208241353937	0.9875	0.9795421245421245	0.9786765
AF288309	1360	6800	Bradyrhizobiaceae	Bosea massiliensis	FR774992	1444	7214	Bradyrhizobiaceae	Bosea lupini	6595.0	1344	4	5	1329	0.9925317401045557	0.9970215934475056	0.9888392857142857	0.9822372430055107	0.9698529
AF288309	1360	6800	Bradyrhizobiaceae	Bosea massiliensis	FR774994	1439	7195	Bradyrhizobiaceae	Bosea robiniae	6529.0	1344	6	7	1322	0.9887808526551982	0.9955323901712584	0.9836309523809523	0.9741589506172839	0.9601471
AF288309	1360	6800	Bradyrhizobiaceae	Bosea massiliensis	FR774993	1441	7205	Bradyrhizobiaceae	Bosea lathyri	6528.0	1344	12	11	1322	0.991747936984246	0.9918154761904762	0.9836309523809523	0.9669469465514818	0.96
AF288309	1360	6800	Bradyrhizobiaceae	Bosea massiliensis	AJ250796	1465	7325	Bradyrhizobiaceae	Bosea thiooxidans	6661.0	1360	6	7	1344	0.9933481152993349	0.9955849889624724	0.9882352941176471	0.9788304194298512	0.9795588
AF273081	1482	7404	Bradyrhizobiaceae	Bosea minatitlanensis	AF288300	1446	7230	Bradyrhizobiaceae	Bosea eneae	7005.0	1448	3	6	1421	0.9854368932038835	0.9979238754325259	0.981353591160221	0.9752666288442721	0.96887964
AF273081	1482	7404	Bradyrhizobiaceae	Bosea minatitlanensis	FR774992	1444	7214	Bradyrhizobiaceae	Bosea lupini	7028.0	1444	2	2	1422	0.986130374479889	0.9986149584487535	0.9847645429362881	0.9820404363168239	0.9742168
AF273081	1482	7404	Bradyrhizobiaceae	Bosea minatitlanensis	FR774994	1439	7195	Bradyrhizobiaceae	Bosea robiniae	7079.0	1439	3	3	1426	0.9930362116991643	0.9979152189020153	0.9909659485753995	0.9868426505924228	0.9838777
AF273081	1482	7404	Bradyrhizobiaceae	Bosea minatitlanensis	FR774993	1441	7205	Bradyrhizobiaceae	Bosea lathyri	6934.0	1439	16	14	1409	0.9887719298245614	0.990271021542738	0.9791521890201529	0.9589634840919024	0.9623872
AF273081	1482	7404	Bradyrhizobiaceae	Bosea minatitlanensis	AJ250796	1465	7325	Bradyrhizobiaceae	Bosea thiooxidans	7170.0	1465	2	2	1447	0.9890635680109364	0.9986348122866894	0.9877133105802047	0.9850201590857801	0.9788396
AF288300	1446	7230	Bradyrhizobiaceae	Bosea eneae	FR774992	1444	7214	Bradyrhizobiaceae	Bosea lupini	7067.0	1425	0	0	1418	0.9950877192982456	1.0	0.9950877192982456	0.9950877192982456	0.97962296
AF288300	1446	7230	Bradyrhizobiaceae	Bosea eneae	FR774994	1439	7195	Bradyrhizobiaceae	Bosea robiniae	6972.0	1425	0	0	1408	0.9880701754385965	1.0	0.9880701754385965	0.9880701754385965	0.96900624
AF288300	1446	7230	Bradyrhizobiaceae	Bosea eneae	FR774993	1441	7205	Bradyrhizobiaceae	Bosea lathyri	6919.0	1425	8	6	1402	0.9880197322057788	0.9957894736842106	0.983859649122807	0.9742476218459616	0.96030533
AF288300	1446	7230	Bradyrhizobiaceae	Bosea eneae	AJ250796	1465	7325	Bradyrhizobiaceae	Bosea thiooxidans	7123.0	1444	2	3	1433	0.9944482997918113	0.9986139986139986	0.9923822714681441	0.9889507975004118	0.9852005
FR774992	1444	7214	Bradyrhizobiaceae	Bosea lupini	FR774994	1439	7195	Bradyrhizobiaceae	Bosea robiniae	7060.0	1439	0	0	1424	0.9895760945100764	1.0	0.9895760945100764	0.9895760945100764	0.981237
FR774992	1444	7214	Bradyrhizobiaceae	Bosea lupini	FR774993	1441	7205	Bradyrhizobiaceae	Bosea lathyri	6986.0	1439	8	6	1415	0.9874389392882066	0.9958304378040306	0.9833217512161223	0.9738079263944045	0.96960443
FR774992	1444	7214	Bradyrhizobiaceae	Bosea lupini	AJ250796	1465	7325	Bradyrhizobiaceae	Bosea thiooxidans	7153.0	1444	1	1	1436	0.9951489951489951	0.9993074792243767	0.9944598337950139	0.993083418800142	0.99154425
FR774994	1439	7195	Bradyrhizobiaceae	Bosea robiniae	FR774993	1441	7205	Bradyrhizobiaceae	Bosea lathyri	6937.0	1439	10	8	1410	0.9853249475890985	0.9944405837387075	0.9798471160528145	0.9676751021888044	0.9641418
FR774994	1439	7195	Bradyrhizobiaceae	Bosea robiniae	AJ250796	1465	7325	Bradyrhizobiaceae	Bosea thiooxidans	7078.0	1439	2	2	1426	0.9923451635351427	0.9986101459346769	0.9909659485753995	0.9882151756438925	0.9837387
FR774993	1441	7205	Bradyrhizobiaceae	Bosea lathyri	AJ250796	1465	7325	Bradyrhizobiaceae	Bosea thiooxidans	6964.0	1441	10	12	1413	0.9888033589923023	0.9930507296733843	0.9805690492713394	0.9657017032451717	0.966551
