JX232348	1379	6895	Brachyspiraceae	Brachyspira hampsonii	Z22781	1450	7250	Brachyspiraceae	Brachyspira aalborgi	6500.0	1379	16	18	1333	0.9794268919911829	0.9883805374001452	0.9666424945612763	0.9430827491741197	0.9427121
JX232348	1379	6895	Brachyspiraceae	Brachyspira hampsonii	CVLB01000001	1503	7515	Brachyspiraceae	Brachyspira suanatina	6805.0	1379	4	3	1369	0.9949127906976745	0.9978245105148659	0.9927483683828862	0.9877236116376364	0.98694706
JX232348	1379	6895	Brachyspiraceae	Brachyspira hampsonii	AY155458	1462	7310	Brachyspiraceae	Brachyspira pilosicoli	6715.0	1379	8	9	1358	0.9912408759124087	0.9941944847605225	0.9847715736040609	0.9727015543169166	0.9738941
JX232348	1379	6895	Brachyspiraceae	Brachyspira hampsonii	U14920	1360	6800	Brachyspiraceae	Brachyspira innocens	6598.0	1338	2	1	1328	0.9932685115931189	0.9992526158445441	0.992526158445441	0.9903040849563841	0.9702941
JX232348	1379	6895	Brachyspiraceae	Brachyspira hampsonii	U23033	1458	7254	Brachyspiraceae	Brachyspira intermedia	6764.0	1379	6	1	1364	0.9898403483309144	0.9992748368382887	0.9891225525743292	0.9841233772183579	0.9810007
JX232348	1379	6895	Brachyspiraceae	Brachyspira hampsonii	AY312492	1441	7205	Brachyspiraceae	Brachyspira murdochii	6805.0	1379	3	2	1369	0.9941902687000727	0.9985496736765772	0.9927483683828862	0.9891566593800537	0.98694706
JX232348	1379	6895	Brachyspiraceae	Brachyspira hampsonii	U14930	1433	7165	Brachyspiraceae	Brachyspira hyodysenteriae	6830.0	1379	2	1	1372	0.9956458635703919	0.9992748368382887	0.9949238578680203	0.9927625460840926	0.99057287
JX232348	1379	6895	Brachyspiraceae	Brachyspira hampsonii	EF455559	1433	7165	Brachyspiraceae	Brachyspira alvinipulli	6767.0	1379	2	1	1365	0.9905660377358491	0.9992748368382887	0.9898477157360406	0.9876974310530514	0.98143584
Z22781	1450	7250	Brachyspiraceae	Brachyspira aalborgi	CVLB01000001	1503	7515	Brachyspiraceae	Brachyspira suanatina	6868.0	1449	24	17	1407	0.9825418994413407	0.9882677708764666	0.9710144927536232	0.943986933892185	0.9473103
Z22781	1450	7250	Brachyspiraceae	Brachyspira aalborgi	AY155458	1462	7310	Brachyspiraceae	Brachyspira pilosicoli	6779.0	1448	29	24	1395	0.9796348314606742	0.9834254143646409	0.9633977900552486	0.9288276594710048	0.93503445
Z22781	1450	7250	Brachyspiraceae	Brachyspira aalborgi	U14920	1360	6800	Brachyspiraceae	Brachyspira innocens	6427.0	1356	21	17	1316	0.9828230022404779	0.9874631268436578	0.9705014749262537	0.9437192991476061	0.94514704
Z22781	1450	7250	Brachyspiraceae	Brachyspira aalborgi	U23033	1458	7254	Brachyspiraceae	Brachyspira intermedia	6771.0	1436	21	18	1388	0.9788434414668548	0.9874651810584958	0.9665738161559888	0.9407012157235362	0.93393105
Z22781	1450	7250	Brachyspiraceae	Brachyspira aalborgi	AY312492	1441	7205	Brachyspiraceae	Brachyspira murdochii	6795.0	1437	19	15	1393	0.9796061884669479	0.9895615866388309	0.9693806541405706	0.9467440179861891	0.9430951
Z22781	1450	7250	Brachyspiraceae	Brachyspira aalborgi	U14930	1433	7165	Brachyspiraceae	Brachyspira hyodysenteriae	6776.0	1429	22	18	1387	0.9829907866761163	0.9874037788663401	0.9706088173547935	0.9438518547812637	0.9457083
Z22781	1450	7250	Brachyspiraceae	Brachyspira aalborgi	EF455559	1433	7165	Brachyspiraceae	Brachyspira alvinipulli	6760.0	1429	25	21	1385	0.9836647727272727	0.9853044086773968	0.9692092372288313	0.9385464965737238	0.94347525
CVLB01000001	1503	7515	Brachyspiraceae	Brachyspira suanatina	AY155458	1462	7310	Brachyspiraceae	Brachyspira pilosicoli	7135.0	1464	6	8	1442	0.9903846153846154	0.9958960328317373	0.9849726775956285	0.9755919854280509	0.9760602
CVLB01000001	1503	7515	Brachyspiraceae	Brachyspira suanatina	U14920	1360	6800	Brachyspiraceae	Brachyspira innocens	6728.0	1360	0	0	1352	0.9941176470588236	1.0	0.9941176470588236	0.9941176470588236	0.9894118
CVLB01000001	1503	7515	Brachyspiraceae	Brachyspira suanatina	U23033	1458	7254	Brachyspiraceae	Brachyspira intermedia	7178.0	1458	2	2	1444	0.9917582417582418	0.9986282578875172	0.99039780521262	0.9876843865682019	0.989523
CVLB01000001	1503	7515	Brachyspiraceae	Brachyspira suanatina	AY312492	1441	7205	Brachyspiraceae	Brachyspira murdochii	7124.0	1441	1	1	1432	0.9944444444444445	0.9993060374739764	0.9937543372657877	0.9923760372141014	0.9887578
CVLB01000001	1503	7515	Brachyspiraceae	Brachyspira suanatina	U14930	1433	7165	Brachyspiraceae	Brachyspira hyodysenteriae	7120.0	1433	0	0	1428	0.9965108164689462	1.0	0.9965108164689462	0.9965108164689462	0.99371946
CVLB01000001	1503	7515	Brachyspiraceae	Brachyspira suanatina	EF455559	1433	7165	Brachyspiraceae	Brachyspira alvinipulli	7057.0	1433	0	0	1421	0.9916259595254711	1.0	0.9916259595254711	0.9916259595254711	0.9849267
AY155458	1462	7310	Brachyspiraceae	Brachyspira pilosicoli	U14920	1360	6800	Brachyspiraceae	Brachyspira innocens	6624.0	1358	8	6	1339	0.9903846153846154	0.9955817378497791	0.9860088365243005	0.9759033286829094	0.97411764
AY155458	1462	7310	Brachyspiraceae	Brachyspira pilosicoli	U23033	1458	7254	Brachyspiraceae	Brachyspira intermedia	6960.0	1436	7	5	1410	0.9853249475890985	0.9965181058495822	0.9818941504178273	0.9737287104975129	0.9594706
AY155458	1462	7310	Brachyspiraceae	Brachyspira pilosicoli	AY312492	1441	7205	Brachyspiraceae	Brachyspira murdochii	6985.0	1439	10	8	1415	0.9888190076869322	0.9944405837387075	0.9833217512161223	0.9711065741823817	0.9694657
AY155458	1462	7310	Brachyspiraceae	Brachyspira pilosicoli	U14930	1433	7165	Brachyspiraceae	Brachyspira hyodysenteriae	6989.0	1431	8	6	1412	0.9908771929824561	0.9958071278825996	0.986722571628232	0.9771227689855667	0.97543615
AY155458	1462	7310	Brachyspiraceae	Brachyspira pilosicoli	EF455559	1433	7165	Brachyspiraceae	Brachyspira alvinipulli	6950.0	1431	7	5	1408	0.9873772791023843	0.9965059399021663	0.983927323549965	0.9757165253005913	0.969993
U14920	1360	6800	Brachyspiraceae	Brachyspira innocens	U23033	1458	7254	Brachyspiraceae	Brachyspira intermedia	6648.0	1356	0	0	1340	0.9882005899705014	1.0	0.9882005899705014	0.9882005899705014	0.97764707
U14920	1360	6800	Brachyspiraceae	Brachyspira innocens	AY312492	1441	7205	Brachyspiraceae	Brachyspira murdochii	6737.0	1360	1	1	1353	0.9955849889624724	0.9992647058823529	0.9948529411764706	0.9933909971042053	0.9907353
U14920	1360	6800	Brachyspiraceae	Brachyspira innocens	U14930	1433	7165	Brachyspiraceae	Brachyspira hyodysenteriae	6737.0	1360	0	0	1353	0.9948529411764706	1.0	0.9948529411764706	0.9948529411764706	0.9907353
U14920	1360	6800	Brachyspiraceae	Brachyspira innocens	EF455559	1433	7165	Brachyspiraceae	Brachyspira alvinipulli	6685.0	1360	2	2	1347	0.991899852724595	0.9985294117647059	0.9904411764705883	0.9875323918113501	0.98308825
U23033	1458	7254	Brachyspiraceae	Brachyspira intermedia	AY312492	1441	7205	Brachyspiraceae	Brachyspira murdochii	7028.0	1437	3	3	1418	0.9888423988842399	0.9979123173277662	0.9867780097425192	0.9826664347019253	0.9754337
U23033	1458	7254	Brachyspiraceae	Brachyspira intermedia	U14930	1433	7165	Brachyspiraceae	Brachyspira hyodysenteriae	7040.0	1429	0	0	1416	0.9909027291812457	1.0	0.9909027291812457	0.9909027291812457	0.9825541
U23033	1458	7254	Brachyspiraceae	Brachyspira intermedia	EF455559	1433	7165	Brachyspiraceae	Brachyspira alvinipulli	6995.0	1429	0	0	1411	0.9874037788663401	1.0	0.9874037788663401	0.9874037788663401	0.97627354
AY312492	1441	7205	Brachyspiraceae	Brachyspira murdochii	U14930	1433	7165	Brachyspiraceae	Brachyspira hyodysenteriae	7075.0	1433	1	1	1423	0.9937150837988827	0.9993021632937893	0.9930216329378926	0.9916366655279374	0.9874389
AY312492	1441	7205	Brachyspiraceae	Brachyspira murdochii	EF455559	1433	7165	Brachyspiraceae	Brachyspira alvinipulli	7030.0	1433	1	1	1418	0.9902234636871509	0.9993021632937893	0.9895324494068388	0.988152348361641	0.98115844
U14930	1433	7165	Brachyspiraceae	Brachyspira hyodysenteriae	EF455559	1433	7165	Brachyspiraceae	Brachyspira alvinipulli	7050.0	1433	2	2	1420	0.9923130677847659	0.9986043265875785	0.9909281228192603	0.988165953835792	0.9839498
