KF308291	1344	6720	Pectobacteriaceae	Brenneria roseae subsp. roseae	AJ233409	1496	7480	Pectobacteriaceae	Brenneria alni	6378.0	1344	25	24	1304	0.9878787878787879	0.9821428571428571	0.9702380952380952	0.9355108003756653	0.94910717
KF308291	1344	6720	Pectobacteriaceae	Brenneria roseae subsp. roseae	KJ632518	1450	7250	Pectobacteriaceae	Brenneria populi	6339.0	1344	24	24	1299	0.9840909090909091	0.9821428571428571	0.9665178571428571	0.9326049498746867	0.9433036
KF308291	1344	6720	Pectobacteriaceae	Brenneria roseae subsp. roseae	U80210	1455	7275	Pectobacteriaceae	Brenneria salicis	6276.0	1344	28	29	1292	0.9825095057034221	0.9791511541325391	0.9613095238095238	0.9213717374704984	0.93392855
KF308291	1344	6720	Pectobacteriaceae	Brenneria roseae subsp. roseae	JN544202	1344	6708	Pectobacteriaceae	Brenneria goodwinii	6408.0	1344	20	20	1307	0.9871601208459214	0.9851190476190477	0.9724702380952381	0.9439520492947912	0.95527726
KF308291	1344	6720	Pectobacteriaceae	Brenneria roseae subsp. roseae	U80203	1440	7200	Pectobacteriaceae	Brenneria nigrifluens	6407.0	1344	26	26	1307	0.9916540212443096	0.9806547619047619	0.9724702380952381	0.9355589589850539	0.9534226
KF308291	1344	6720	Pectobacteriaceae	Brenneria roseae subsp. roseae	AJ233418	1491	7455	Pectobacteriaceae	Brenneria rubrifaciens	6360.0	1344	24	24	1302	0.9863636363636363	0.9821428571428571	0.96875	0.9347587719298246	0.9464286
KF308291	1344	6720	Pectobacteriaceae	Brenneria roseae subsp. roseae	KF308292	1344	6720	Pectobacteriaceae	Brenneria roseae subsp. americana	6589.0	1344	8	8	1329	0.9947604790419161	0.9940476190476191	0.9888392857142857	0.977137045646661	0.98050594
AJ233409	1496	7480	Pectobacteriaceae	Brenneria alni	KJ632518	1450	7250	Pectobacteriaceae	Brenneria populi	6805.0	1452	28	30	1398	0.9831223628691983	0.9806896551724138	0.9628099173553719	0.9250781773509046	0.9386207
AJ233409	1496	7480	Pectobacteriaceae	Brenneria alni	U80210	1455	7275	Pectobacteriaceae	Brenneria salicis	6679.0	1458	40	43	1386	0.9795053003533569	0.9725085910652921	0.9506172839506173	0.8979462328371987	0.9180756
AJ233409	1496	7480	Pectobacteriaceae	Brenneria alni	JN544202	1344	6708	Pectobacteriaceae	Brenneria goodwinii	6275.0	1345	27	28	1291	0.9802581624905087	0.9799107142857143	0.9598513011152416	0.921373297061788	0.9354502
AJ233409	1496	7480	Pectobacteriaceae	Brenneria alni	U80203	1440	7200	Pectobacteriaceae	Brenneria nigrifluens	6858.0	1442	15	17	1401	0.9831578947368421	0.9895833333333334	0.9715672676837726	0.9502287964649113	0.9525
AJ233409	1496	7480	Pectobacteriaceae	Brenneria alni	AJ233418	1491	7455	Pectobacteriaceae	Brenneria rubrifaciens	6908.0	1492	37	38	1427	0.9814305364511692	0.9751844399731724	0.9564343163538874	0.9095196180369866	0.92662644
AJ233409	1496	7480	Pectobacteriaceae	Brenneria alni	KF308292	1344	6720	Pectobacteriaceae	Brenneria roseae subsp. americana	6403.0	1345	23	24	1307	0.9894019682059046	0.9828869047619048	0.9717472118959107	0.9383611600252179	0.9528274
KJ632518	1450	7250	Pectobacteriaceae	Brenneria populi	U80210	1455	7275	Pectobacteriaceae	Brenneria salicis	6724.0	1450	38	39	1388	0.9836995038979447	0.9737750172532781	0.9572413793103448	0.9077067111605487	0.9274483
KJ632518	1450	7250	Pectobacteriaceae	Brenneria populi	JN544202	1344	6708	Pectobacteriaceae	Brenneria goodwinii	6352.0	1344	29	29	1299	0.9878326996197718	0.9784226190476191	0.9665178571428571	0.9256889891790656	0.94692904
KJ632518	1450	7250	Pectobacteriaceae	Brenneria populi	U80203	1440	7200	Pectobacteriaceae	Brenneria nigrifluens	6732.0	1436	32	32	1383	0.9850427350427351	0.9777158774373259	0.963091922005571	0.9211042632805324	0.935
KJ632518	1450	7250	Pectobacteriaceae	Brenneria populi	AJ233418	1491	7455	Pectobacteriaceae	Brenneria rubrifaciens	6777.0	1450	26	25	1395	0.9789473684210527	0.9827586206896551	0.9620689655172414	0.9288267451640034	0.9347586
KJ632518	1450	7250	Pectobacteriaceae	Brenneria populi	KF308292	1344	6720	Pectobacteriaceae	Brenneria roseae subsp. americana	6347.0	1344	21	21	1300	0.982615268329554	0.984375	0.9672619047619048	0.9375	0.94449407
U80210	1455	7275	Pectobacteriaceae	Brenneria salicis	JN544202	1344	6708	Pectobacteriaceae	Brenneria goodwinii	6416.0	1343	20	19	1307	0.9871601208459214	0.9858525688756515	0.9731943410275503	0.9453479879093739	0.9564699
U80210	1455	7275	Pectobacteriaceae	Brenneria salicis	U80203	1440	7200	Pectobacteriaceae	Brenneria nigrifluens	6706.0	1439	35	34	1382	0.9836298932384342	0.9763724808895066	0.9603891591382905	0.9154320003997952	0.9313889
U80210	1455	7275	Pectobacteriaceae	Brenneria salicis	AJ233418	1491	7455	Pectobacteriaceae	Brenneria rubrifaciens	6818.0	1455	34	32	1401	0.9845397048489107	0.9780068728522336	0.9628865979381444	0.9202066009845395	0.9371821
U80210	1455	7275	Pectobacteriaceae	Brenneria salicis	KF308292	1344	6720	Pectobacteriaceae	Brenneria roseae subsp. americana	6293.0	1343	27	26	1294	0.982536066818527	0.9806403574087863	0.9635145197319435	0.9262398704284449	0.93645835
JN544202	1344	6708	Pectobacteriaceae	Brenneria goodwinii	U80203	1440	7200	Pectobacteriaceae	Brenneria nigrifluens	6382.0	1344	23	23	1303	0.9863739591218774	0.9828869047619048	0.9694940476190477	0.9368702537708573	0.9514013
JN544202	1344	6708	Pectobacteriaceae	Brenneria goodwinii	AJ233418	1491	7455	Pectobacteriaceae	Brenneria rubrifaciens	6454.0	1344	9	9	1313	0.9835205992509364	0.9933035714285714	0.9769345238095238	0.9639376121845633	0.9621348
JN544202	1344	6708	Pectobacteriaceae	Brenneria goodwinii	KF308292	1344	6720	Pectobacteriaceae	Brenneria roseae subsp. americana	6395.0	1344	24	24	1305	0.9886363636363636	0.9821428571428571	0.9709821428571429	0.9369125939849625	0.9533393
U80203	1440	7200	Pectobacteriaceae	Brenneria nigrifluens	AJ233418	1491	7455	Pectobacteriaceae	Brenneria rubrifaciens	6750.0	1440	38	37	1387	0.9885958660014256	0.9743055555555555	0.9631944444444445	0.914317865734476	0.9375
U80203	1440	7200	Pectobacteriaceae	Brenneria nigrifluens	KF308292	1344	6720	Pectobacteriaceae	Brenneria roseae subsp. americana	6410.0	1344	28	28	1307	0.993161094224924	0.9791666666666666	0.9724702380952381	0.9327775753158407	0.95386904
AJ233418	1491	7455	Pectobacteriaceae	Brenneria rubrifaciens	KF308292	1344	6720	Pectobacteriaceae	Brenneria roseae subsp. americana	6384.0	1344	21	21	1305	0.9863945578231292	0.984375	0.9709821428571429	0.9411057692307693	0.95
