AJ227787	1416	7080	Caulobacteraceae	Brevundimonas aurantiaca	HM777012	1422	7110	Caulobacteraceae	Brevundimonas viscosa	6749.0	1401	6	4	1373	0.9828203292770222	0.9971448965024983	0.9800142755174875	0.9730489999274556	0.95324856
AJ227787	1416	7080	Caulobacteraceae	Brevundimonas aurantiaca	KC733808	1442	7210	Caulobacteraceae	Brevundimonas albigilva	6834.0	1416	18	21	1386	0.9935483870967742	0.9872611464968153	0.9788135593220338	0.952193106871853	0.96525425
AJ227787	1416	7080	Caulobacteraceae	Brevundimonas aurantiaca	LN651199	1399	6995	Caulobacteraceae	Brevundimonas balnearis	6635.0	1393	15	13	1356	0.9826086956521739	0.990667623833453	0.9734386216798278	0.954080467271422	0.94853467
AJ227787	1416	7080	Caulobacteraceae	Brevundimonas aurantiaca	AJ227798	1416	7080	Caulobacteraceae	Brevundimonas staleyi	6738.0	1416	19	19	1376	0.9849677881173944	0.9865819209039548	0.9717514124293786	0.9460186224138271	0.9516949
AJ227787	1416	7080	Caulobacteraceae	Brevundimonas aurantiaca	AJ227801	1416	7080	Caulobacteraceae	Brevundimonas mediterranea	6967.0	1416	4	4	1403	0.9936260623229461	0.9971751412429378	0.990819209039548	0.9852371289886209	0.98403955
AJ227787	1416	7080	Caulobacteraceae	Brevundimonas aurantiaca	AJ227783	1416	7080	Caulobacteraceae	Brevundimonas variabilis	6750.0	1416	17	17	1378	0.9849892780557541	0.9879943502824858	0.9731638418079096	0.9500741205089083	0.9533898
AJ227787	1416	7080	Caulobacteraceae	Brevundimonas aurantiaca	D12785	1415	7045	Caulobacteraceae	Brevundimonas bullata	6769.0	1413	14	13	1378	0.9842857142857143	0.9907997169143666	0.9752300070771408	0.956777862584441	0.9608233
AJ227787	1416	7080	Caulobacteraceae	Brevundimonas aurantiaca	AJ227786	1416	7080	Caulobacteraceae	Brevundimonas intermedia	6981.0	1416	0	0	1405	0.992231638418079	1.0	0.992231638418079	0.992231638418079	0.9860169
AJ227787	1416	7080	Caulobacteraceae	Brevundimonas aurantiaca	FR775448	1323	6615	Caulobacteraceae	Brevundimonas faecalis	6330.0	1323	14	14	1290	0.985485103132162	0.9894179894179894	0.9750566893424036	0.954636653963505	0.9569161
AJ227787	1416	7080	Caulobacteraceae	Brevundimonas aurantiaca	AB071954	1427	7135	Caulobacteraceae	Brevundimonas nasdae	6906.0	1405	1	0	1392	0.9907473309608541	1.0	0.9907473309608541	0.9900426742532006	0.97542375
AJ227787	1416	7080	Caulobacteraceae	Brevundimonas aurantiaca	FJ544245	1418	7090	Caulobacteraceae	Brevundimonas naejangsanensis	6800.0	1416	7	5	1385	0.9815733522324592	0.9964689265536724	0.9781073446327684	0.9698590746850569	0.96045196
AJ227787	1416	7080	Caulobacteraceae	Brevundimonas aurantiaca	AB021415	1452	7260	Caulobacteraceae	Brevundimonas diminuta	6649.0	1416	16	15	1367	0.9757316202712348	0.989406779661017	0.9653954802259888	0.9444965557238898	0.9391243
AJ227787	1416	7080	Caulobacteraceae	Brevundimonas aurantiaca	AJ227797	1418	7090	Caulobacteraceae	Brevundimonas poindexterae	6812.0	1416	21	19	1385	0.9914101646385111	0.9865819209039548	0.9781073446327684	0.9508809745664423	0.9621469
AJ227787	1416	7080	Caulobacteraceae	Brevundimonas aurantiaca	AJ227782	1416	7080	Caulobacteraceae	Brevundimonas bacteroides	6827.0	1416	19	19	1386	0.9921259842519685	0.9865819209039548	0.9788135593220338	0.9528937577511368	0.9642655
AJ227787	1416	7080	Caulobacteraceae	Brevundimonas aurantiaca	DQ335215	1418	7090	Caulobacteraceae	Brevundimonas terrae	6707.0	1416	23	21	1373	0.9842293906810036	0.9851694915254238	0.969632768361582	0.9399845113720686	0.9473164
AJ227787	1416	7080	Caulobacteraceae	Brevundimonas aurantiaca	AJ227779	1418	7090	Caulobacteraceae	Brevundimonas vancanneytii	6739.0	1416	13	11	1378	0.9807829181494662	0.992231638418079	0.9731638418079096	0.956819592540317	0.95183617
AJ227787	1416	7080	Caulobacteraceae	Brevundimonas aurantiaca	DQ372984	1403	7015	Caulobacteraceae	Brevundimonas aveniformis	6560.0	1383	22	2	1346	0.9746560463432296	0.9985538684020245	0.9732465654374548	0.9566217130741105	0.935139
AJ227787	1416	7080	Caulobacteraceae	Brevundimonas aurantiaca	AJ227785	1417	7085	Caulobacteraceae	Brevundimonas alba	6814.0	1416	9	8	1386	0.984375	0.9943502824858758	0.9788135593220338	0.967136485280999	0.9624294
AJ227787	1416	7080	Caulobacteraceae	Brevundimonas aurantiaca	AB688113	1406	7030	Caulobacteraceae	Brevundimonas abyssalis	6519.0	1383	45	22	1340	0.9845701689933872	0.9840925524222705	0.9689081706435285	0.9234481934494694	0.92731154
AJ227787	1416	7080	Caulobacteraceae	Brevundimonas aurantiaca	KX898252	1360	6794	Caulobacteraceae	Brevundimonas canariensis	6216.0	1320	42	21	1278	0.9838337182448037	0.9840909090909091	0.9681818181818181	0.9233980776932318	0.9149249
AJ227787	1416	7080	Caulobacteraceae	Brevundimonas aurantiaca	EU143355	1339	6695	Caulobacteraceae	Brevundimonas basaltis	6348.0	1339	15	15	1299	0.9811178247734139	0.9887976101568334	0.9701269604182226	0.9486322714872428	0.9481703
AJ227787	1416	7080	Caulobacteraceae	Brevundimonas aurantiaca	AB899817	1385	6925	Caulobacteraceae	Brevundimonas denitrificans	6579.0	1383	13	11	1345	0.9803206997084548	0.9920462762111352	0.9725234996384671	0.9558038979254848	0.9500361
AJ227787	1416	7080	Caulobacteraceae	Brevundimonas aurantiaca	M83810	1292	6424	Caulobacteraceae	Brevundimonas halotolerans	6022.0	1267	15	17	1229	0.9832	0.9881422924901185	0.9700078926598263	0.9457955271644173	0.93742216
AJ227787	1416	7080	Caulobacteraceae	Brevundimonas aurantiaca	EF363713	1418	7090	Caulobacteraceae	Brevundimonas lenta	6798.0	1416	15	13	1384	0.9864575908766928	0.990819209039548	0.9774011299435028	0.9582765795323092	0.9601695
AJ227787	1416	7080	Caulobacteraceae	Brevundimonas aurantiaca	AJ227784	1416	7080	Caulobacteraceae	Brevundimonas subvibrioides	6718.0	1416	18	18	1374	0.9828326180257511	0.9872881355932204	0.9703389830508474	0.9459790085809516	0.94887006
AJ227787	1416	7080	Caulobacteraceae	Brevundimonas aurantiaca	AJ227780	1416	7080	Caulobacteraceae	Brevundimonas vesicularis	6972.0	1416	0	0	1404	0.9915254237288136	1.0	0.9915254237288136	0.9915254237288136	0.98474574
AJ227787	1416	7080	Caulobacteraceae	Brevundimonas aurantiaca	AY971368	1416	7080	Caulobacteraceae	Brevundimonas kwangchunensis	6884.0	1416	5	5	1394	0.9879518072289156	0.9964689265536724	0.9844632768361582	0.9775353157043063	0.9723164
HM777012	1422	7110	Caulobacteraceae	Brevundimonas viscosa	KC733808	1442	7210	Caulobacteraceae	Brevundimonas albigilva	6729.0	1422	25	15	1380	0.9808102345415778	0.989451476793249	0.9704641350210971	0.9436372066169203	0.9464135
HM777012	1422	7110	Caulobacteraceae	Brevundimonas viscosa	LN651199	1399	6995	Caulobacteraceae	Brevundimonas balnearis	6687.0	1399	13	13	1364	0.9841269841269841	0.9907076483202287	0.9749821300929236	0.9570292013518357	0.95596856
HM777012	1422	7110	Caulobacteraceae	Brevundimonas viscosa	AJ227798	1416	7080	Caulobacteraceae	Brevundimonas staleyi	6633.0	1403	12	14	1359	0.978401727861771	0.9914346895074947	0.9686386315039202	0.9508403244939542	0.93686444
HM777012	1422	7110	Caulobacteraceae	Brevundimonas viscosa	AJ227801	1416	7080	Caulobacteraceae	Brevundimonas mediterranea	6695.0	1403	12	14	1366	0.9834413246940245	0.9914346895074947	0.9736279401282965	0.9557379567761157	0.9456215
HM777012	1422	7110	Caulobacteraceae	Brevundimonas viscosa	AJ227783	1416	7080	Caulobacteraceae	Brevundimonas variabilis	6742.0	1403	12	14	1372	0.9877609791216703	0.9914346895074947	0.977904490377762	0.9599359273036829	0.9522599
HM777012	1422	7110	Caulobacteraceae	Brevundimonas viscosa	D12785	1415	7045	Caulobacteraceae	Brevundimonas bullata	6634.0	1404	14	15	1359	0.978401727861771	0.9900213827512473	0.967948717948718	0.9481528696972985	0.94166076
HM777012	1422	7110	Caulobacteraceae	Brevundimonas viscosa	AJ227786	1416	7080	Caulobacteraceae	Brevundimonas intermedia	6742.0	1403	6	8	1372	0.9835125448028674	0.9957173447537473	0.977904490377762	0.9681879092100624	0.9522599
HM777012	1422	7110	Caulobacteraceae	Brevundimonas viscosa	FR775448	1323	6615	Caulobacteraceae	Brevundimonas faecalis	6236.0	1325	18	20	1280	0.9808429118773946	0.9863945578231292	0.9660377358490566	0.9387038311861645	0.942706
HM777012	1422	7110	Caulobacteraceae	Brevundimonas viscosa	AB071954	1427	7135	Caulobacteraceae	Brevundimonas nasdae	6826.0	1421	8	6	1390	0.9823321554770318	0.995777621393385	0.9781843771991555	0.968601045302173	0.96005625
HM777012	1422	7110	Caulobacteraceae	Brevundimonas viscosa	FJ544245	1418	7090	Caulobacteraceae	Brevundimonas naejangsanensis	6692.0	1403	16	16	1366	0.9848594087959625	0.9885958660014256	0.9736279401282965	0.951671566566559	0.9438646
HM777012	1422	7110	Caulobacteraceae	Brevundimonas viscosa	AB021415	1452	7260	Caulobacteraceae	Brevundimonas diminuta	6634.0	1421	20	21	1367	0.9764285714285714	0.9859154929577465	0.9619985925404645	0.9346273626347331	0.93305206
HM777012	1422	7110	Caulobacteraceae	Brevundimonas viscosa	AJ227797	1418	7090	Caulobacteraceae	Brevundimonas poindexterae	6683.0	1403	18	18	1365	0.9855595667870036	0.9871703492516037	0.9729151817533856	0.9482670842564667	0.9425952
HM777012	1422	7110	Caulobacteraceae	Brevundimonas viscosa	AJ227782	1416	7080	Caulobacteraceae	Brevundimonas bacteroides	6638.0	1403	19	21	1359	0.983357452966715	0.9864382583868665	0.9686386315039202	0.941391412614921	0.93757063
HM777012	1422	7110	Caulobacteraceae	Brevundimonas viscosa	DQ335215	1418	7090	Caulobacteraceae	Brevundimonas terrae	6560.0	1403	27	27	1350	0.9811046511627907	0.9807555238774056	0.962223806129722	0.9258880819821661	0.92524683
HM777012	1422	7110	Caulobacteraceae	Brevundimonas viscosa	AJ227779	1418	7090	Caulobacteraceae	Brevundimonas vancanneytii	6629.0	1403	20	20	1359	0.982646420824295	0.9857448325017819	0.9686386315039202	0.9414105603442879	0.93497884
HM777012	1422	7110	Caulobacteraceae	Brevundimonas viscosa	DQ372984	1403	7015	Caulobacteraceae	Brevundimonas aveniformis	6567.0	1385	26	8	1347	0.9782135076252724	0.9942238267148015	0.9725631768953069	0.9491279196207212	0.93613684
HM777012	1422	7110	Caulobacteraceae	Brevundimonas viscosa	AJ227785	1417	7085	Caulobacteraceae	Brevundimonas alba	6821.0	1403	6	7	1381	0.9892550143266475	0.9957203994293866	0.9843193157519601	0.97523759034048	0.96273816
HM777012	1422	7110	Caulobacteraceae	Brevundimonas viscosa	AB688113	1406	7030	Caulobacteraceae	Brevundimonas abyssalis	6393.0	1385	42	21	1327	0.9728739002932552	0.9848375451263538	0.9581227436823104	0.9158230009689359	0.90938836
HM777012	1422	7110	Caulobacteraceae	Brevundimonas viscosa	KX898252	1360	6794	Caulobacteraceae	Brevundimonas canariensis	6212.0	1339	46	25	1286	0.9786910197869102	0.9813293502613891	0.9604182225541449	0.9111837865964956	0.9143362
HM777012	1422	7110	Caulobacteraceae	Brevundimonas viscosa	EU143355	1339	6695	Caulobacteraceae	Brevundimonas basaltis	6445.0	1341	11	13	1311	0.9871987951807228	0.9917849141150112	0.9776286353467561	0.9602742808731451	0.9626587
HM777012	1422	7110	Caulobacteraceae	Brevundimonas viscosa	AB899817	1385	6925	Caulobacteraceae	Brevundimonas denitrificans	6668.0	1385	8	8	1356	0.9847494553376906	0.9942238267148015	0.9790613718411553	0.9678158715185002	0.96288806
HM777012	1422	7110	Caulobacteraceae	Brevundimonas viscosa	M83810	1292	6424	Caulobacteraceae	Brevundimonas halotolerans	6072.0	1286	18	20	1243	0.9818325434439179	0.985981308411215	0.9665629860031104	0.9383962732208112	0.94520545
HM777012	1422	7110	Caulobacteraceae	Brevundimonas viscosa	EF363713	1418	7090	Caulobacteraceae	Brevundimonas lenta	6803.0	1403	10	10	1379	0.9899497487437185	0.992872416250891	0.9828937990021382	0.9689816433191639	0.95952046
HM777012	1422	7110	Caulobacteraceae	Brevundimonas viscosa	AJ227784	1416	7080	Caulobacteraceae	Brevundimonas subvibrioides	6677.0	1403	16	18	1364	0.9848375451263538	0.9885795860099929	0.9722024233784747	0.9489079326139447	0.9430791
HM777012	1422	7110	Caulobacteraceae	Brevundimonas viscosa	AJ227780	1416	7080	Caulobacteraceae	Brevundimonas vesicularis	6751.0	1403	4	6	1373	0.9828203292770222	0.9971448965024983	0.9786172487526729	0.9716619022796618	0.9535311
HM777012	1422	7110	Caulobacteraceae	Brevundimonas viscosa	AY971368	1416	7080	Caulobacteraceae	Brevundimonas kwangchunensis	6830.0	1403	4	6	1382	0.9892627057981389	0.9971448965024983	0.985032074126871	0.9780311354337163	0.96468925
KC733808	1442	7210	Caulobacteraceae	Brevundimonas albigilva	LN651199	1399	6995	Caulobacteraceae	Brevundimonas balnearis	6681.0	1396	21	18	1362	0.988388969521045	0.9871060171919771	0.9756446991404012	0.9487920927420415	0.9551108
KC733808	1442	7210	Caulobacteraceae	Brevundimonas albigilva	AJ227798	1416	7080	Caulobacteraceae	Brevundimonas staleyi	6541.0	1413	45	42	1351	0.9854121079504011	0.970276008492569	0.9561217268223637	0.899069195797984	0.92387
KC733808	1442	7210	Caulobacteraceae	Brevundimonas albigilva	AJ227801	1416	7080	Caulobacteraceae	Brevundimonas mediterranea	6739.0	1413	25	22	1375	0.9884974838245866	0.9844302901627743	0.97310686482661	0.9413015639595372	0.95183617
KC733808	1442	7210	Caulobacteraceae	Brevundimonas albigilva	AJ227783	1416	7080	Caulobacteraceae	Brevundimonas variabilis	6603.0	1413	34	31	1359	0.983357452966715	0.9780608634111819	0.9617834394904459	0.9185796222362103	0.93262714
KC733808	1442	7210	Caulobacteraceae	Brevundimonas albigilva	D12785	1415	7045	Caulobacteraceae	Brevundimonas bullata	6576.0	1414	33	33	1355	0.9811730629978277	0.9766619519094767	0.9582743988684582	0.9145659604957435	0.933428
KC733808	1442	7210	Caulobacteraceae	Brevundimonas albigilva	AJ227786	1416	7080	Caulobacteraceae	Brevundimonas intermedia	6789.0	1413	21	18	1381	0.9899641577060931	0.9872611464968153	0.9773531493276716	0.9507724151409357	0.9588983
KC733808	1442	7210	Caulobacteraceae	Brevundimonas albigilva	FR775448	1323	6615	Caulobacteraceae	Brevundimonas faecalis	6247.0	1326	22	25	1281	0.9846272098385856	0.983371126228269	0.9660633484162896	0.9323801307786296	0.94436884
KC733808	1442	7210	Caulobacteraceae	Brevundimonas albigilva	AB071954	1427	7135	Caulobacteraceae	Brevundimonas nasdae	6890.0	1437	15	25	1400	0.9915014164305949	0.9894884372810091	0.9742519137091162	0.9474130180146503	0.96566224
KC733808	1442	7210	Caulobacteraceae	Brevundimonas albigilva	FJ544245	1418	7090	Caulobacteraceae	Brevundimonas naejangsanensis	6637.0	1413	27	22	1364	0.9805895039539899	0.9844302901627743	0.9653220099079972	0.93247424707085	0.9361072
KC733808	1442	7210	Caulobacteraceae	Brevundimonas albigilva	AB021415	1452	7260	Caulobacteraceae	Brevundimonas diminuta	6551.0	1435	46	36	1364	0.9749821300929236	0.9749128919860627	0.9505226480836237	0.8978941152390207	0.90859914
KC733808	1442	7210	Caulobacteraceae	Brevundimonas albigilva	AJ227797	1418	7090	Caulobacteraceae	Brevundimonas poindexterae	6708.0	1413	33	28	1371	0.9898916967509025	0.9801840056617127	0.970276008492569	0.9293445862809185	0.9461213
KC733808	1442	7210	Caulobacteraceae	Brevundimonas albigilva	AJ227782	1416	7080	Caulobacteraceae	Brevundimonas bacteroides	6689.0	1413	36	33	1368	0.991304347826087	0.9766454352441614	0.9681528662420382	0.9220503488019413	0.94477403
KC733808	1442	7210	Caulobacteraceae	Brevundimonas albigilva	DQ335215	1418	7090	Caulobacteraceae	Brevundimonas terrae	6494.0	1413	49	44	1346	0.9831994156318481	0.9688605803255484	0.9525831564048125	0.8919879214214694	0.91593796
KC733808	1442	7210	Caulobacteraceae	Brevundimonas albigilva	AJ227779	1418	7090	Caulobacteraceae	Brevundimonas vancanneytii	6644.0	1413	26	21	1365	0.9806034482758621	0.9851380042462845	0.9660297239915074	0.9344776760223615	0.9370945
KC733808	1442	7210	Caulobacteraceae	Brevundimonas albigilva	DQ372984	1403	7015	Caulobacteraceae	Brevundimonas aveniformis	6495.0	1386	29	12	1339	0.9745269286754003	0.9913419913419913	0.9660894660894661	0.9380967677787466	0.9258731
KC733808	1442	7210	Caulobacteraceae	Brevundimonas albigilva	AJ227785	1417	7085	Caulobacteraceae	Brevundimonas alba	6640.0	1413	28	24	1364	0.9820014398848093	0.9830148619957537	0.9653220099079972	0.930487350286057	0.93719125
KC733808	1442	7210	Caulobacteraceae	Brevundimonas albigilva	AB688113	1406	7030	Caulobacteraceae	Brevundimonas abyssalis	6418.0	1386	52	32	1329	0.981536189069424	0.976911976911977	0.9588744588744589	0.9028623208039063	0.9129445
KC733808	1442	7210	Caulobacteraceae	Brevundimonas albigilva	KX898252	1360	6794	Caulobacteraceae	Brevundimonas canariensis	6204.0	1342	52	34	1285	0.9824159021406728	0.9746646795827124	0.9575260804769001	0.8984534528434615	0.91315866
KC733808	1442	7210	Caulobacteraceae	Brevundimonas albigilva	EU143355	1339	6695	Caulobacteraceae	Brevundimonas basaltis	6283.0	1342	21	24	1292	0.9802731411229135	0.9843166542195668	0.96274217585693	0.9309568509020056	0.93846154
KC733808	1442	7210	Caulobacteraceae	Brevundimonas albigilva	AB899817	1385	6925	Caulobacteraceae	Brevundimonas denitrificans	6514.0	1386	19	20	1338	0.9795021961932651	0.9862815884476535	0.9653679653679653	0.938571274514335	0.9406498
KC733808	1442	7210	Caulobacteraceae	Brevundimonas albigilva	M83810	1292	6424	Caulobacteraceae	Brevundimonas halotolerans	6045.0	1289	20	22	1241	0.9794790844514601	0.9844599844599845	0.9627618308766486	0.9318710769447776	0.9410025
KC733808	1442	7210	Caulobacteraceae	Brevundimonas albigilva	EF363713	1418	7090	Caulobacteraceae	Brevundimonas lenta	6597.0	1413	37	32	1359	0.9840695148443157	0.9773531493276716	0.9617834394904459	0.9160158137491764	0.93046546
KC733808	1442	7210	Caulobacteraceae	Brevundimonas albigilva	AJ227784	1416	7080	Caulobacteraceae	Brevundimonas subvibrioides	6543.0	1413	37	34	1352	0.9804205946337926	0.9759377211606511	0.9568294409058741	0.9099777924201381	0.92415255
KC733808	1442	7210	Caulobacteraceae	Brevundimonas albigilva	AJ227780	1416	7080	Caulobacteraceae	Brevundimonas vesicularis	6816.0	1413	21	18	1384	0.9921146953405018	0.9872611464968153	0.9794762915782024	0.9528378150290044	0.9627119
KC733808	1442	7210	Caulobacteraceae	Brevundimonas albigilva	AY971368	1416	7080	Caulobacteraceae	Brevundimonas kwangchunensis	6674.0	1413	26	23	1368	0.9841726618705036	0.9837225760792639	0.9681528662420382	0.9351858819155199	0.9426554
LN651199	1399	6995	Caulobacteraceae	Brevundimonas balnearis	AJ227798	1416	7080	Caulobacteraceae	Brevundimonas staleyi	6549.0	1395	24	26	1345	0.9824689554419284	0.9827709978463748	0.96415770609319	0.9301845663436061	0.9362402
LN651199	1399	6995	Caulobacteraceae	Brevundimonas balnearis	AJ227801	1416	7080	Caulobacteraceae	Brevundimonas mediterranea	6574.0	1395	14	16	1349	0.9782451051486585	0.9899497487437185	0.9670250896057347	0.946435485142873	0.93981415
LN651199	1399	6995	Caulobacteraceae	Brevundimonas balnearis	AJ227783	1416	7080	Caulobacteraceae	Brevundimonas variabilis	6570.0	1395	21	23	1348	0.9825072886297376	0.9849246231155779	0.9663082437275986	0.9362817163801309	0.9392423
LN651199	1399	6995	Caulobacteraceae	Brevundimonas balnearis	D12785	1415	7045	Caulobacteraceae	Brevundimonas bullata	6610.0	1396	13	14	1353	0.9790159189580319	0.9906810035842294	0.9691977077363897	0.9506254308670622	0.9449607
LN651199	1399	6995	Caulobacteraceae	Brevundimonas balnearis	AJ227786	1416	7080	Caulobacteraceae	Brevundimonas intermedia	6624.0	1395	10	12	1355	0.9797541576283442	0.9928212491026561	0.9713261648745519	0.9561167872039184	0.9469621
LN651199	1399	6995	Caulobacteraceae	Brevundimonas balnearis	FR775448	1323	6615	Caulobacteraceae	Brevundimonas faecalis	6281.0	1325	19	21	1285	0.9854294478527608	0.9856386999244142	0.969811320754717	0.940947888589398	0.94950867
LN651199	1399	6995	Caulobacteraceae	Brevundimonas balnearis	AB071954	1427	7135	Caulobacteraceae	Brevundimonas nasdae	6669.0	1399	11	12	1362	0.9819754866618601	0.9921316165951359	0.9735525375268048	0.9576718932976441	0.9533953
LN651199	1399	6995	Caulobacteraceae	Brevundimonas balnearis	FJ544245	1418	7090	Caulobacteraceae	Brevundimonas naejangsanensis	6680.0	1395	14	14	1361	0.9855177407675597	0.9899641577060931	0.9756272401433692	0.9562393318935364	0.95496786
LN651199	1399	6995	Caulobacteraceae	Brevundimonas balnearis	AB021415	1452	7260	Caulobacteraceae	Brevundimonas diminuta	6561.0	1399	20	21	1349	0.978955007256894	0.9856938483547926	0.9642601858470335	0.936399250244688	0.9379557
LN651199	1399	6995	Caulobacteraceae	Brevundimonas balnearis	AJ227797	1418	7090	Caulobacteraceae	Brevundimonas poindexterae	6646.0	1395	19	19	1357	0.9861918604651163	0.9863799283154122	0.9727598566308244	0.946617795420095	0.9501072
LN651199	1399	6995	Caulobacteraceae	Brevundimonas balnearis	AJ227782	1416	7080	Caulobacteraceae	Brevundimonas bacteroides	6510.0	1395	31	33	1340	0.9838472834067548	0.9777458722182341	0.9605734767025089	0.9174621846204889	0.9306648
LN651199	1399	6995	Caulobacteraceae	Brevundimonas balnearis	DQ335215	1418	7090	Caulobacteraceae	Brevundimonas terrae	6538.0	1395	29	29	1344	0.9838945827232797	0.9792114695340501	0.9634408602150538	0.9241995892231486	0.93466765
LN651199	1399	6995	Caulobacteraceae	Brevundimonas balnearis	AJ227779	1418	7090	Caulobacteraceae	Brevundimonas vancanneytii	6652.0	1395	14	14	1358	0.9833454018826937	0.9899641577060931	0.9734767025089606	0.9541315302802517	0.950965
LN651199	1399	6995	Caulobacteraceae	Brevundimonas balnearis	DQ372984	1403	7015	Caulobacteraceae	Brevundimonas aveniformis	6514.0	1385	32	14	1341	0.9781181619256017	0.9898916967509025	0.9682310469314079	0.9367994109689204	0.9312366
LN651199	1399	6995	Caulobacteraceae	Brevundimonas balnearis	AJ227785	1417	7085	Caulobacteraceae	Brevundimonas alba	6575.0	1395	18	19	1349	0.9803779069767442	0.9870875179340028	0.9670250896057347	0.94170313042993	0.93995714
LN651199	1399	6995	Caulobacteraceae	Brevundimonas balnearis	AB688113	1406	7030	Caulobacteraceae	Brevundimonas abyssalis	6424.0	1385	46	25	1330	0.9779411764705882	0.9819494584837545	0.9602888086642599	0.9126434519800094	0.91837025
LN651199	1399	6995	Caulobacteraceae	Brevundimonas balnearis	KX898252	1360	6794	Caulobacteraceae	Brevundimonas canariensis	6166.0	1324	48	27	1274	0.9822667694680031	0.979607250755287	0.9622356495468278	0.9096353042727666	0.9075655
LN651199	1399	6995	Caulobacteraceae	Brevundimonas balnearis	EU143355	1339	6695	Caulobacteraceae	Brevundimonas basaltis	6280.0	1341	20	22	1292	0.979529946929492	0.9850634802091113	0.9634601043997018	0.9337280512146999	0.93801343
LN651199	1399	6995	Caulobacteraceae	Brevundimonas balnearis	AB899817	1385	6925	Caulobacteraceae	Brevundimonas denitrificans	6499.0	1385	22	22	1336	0.9801907556859868	0.984115523465704	0.9646209386281589	0.9344551097016209	0.9384838
LN651199	1399	6995	Caulobacteraceae	Brevundimonas balnearis	M83810	1292	6424	Caulobacteraceae	Brevundimonas halotolerans	5962.0	1271	20	22	1224	0.9799839871897518	0.9842395587076438	0.963021243115657	0.9316913498462087	0.92808217
LN651199	1399	6995	Caulobacteraceae	Brevundimonas balnearis	EF363713	1418	7090	Caulobacteraceae	Brevundimonas lenta	6628.0	1395	19	19	1355	0.9847383720930233	0.9863799283154122	0.9713261648745519	0.9452226328623645	0.94753397
LN651199	1399	6995	Caulobacteraceae	Brevundimonas balnearis	AJ227784	1416	7080	Caulobacteraceae	Brevundimonas subvibrioides	6542.0	1395	18	20	1345	0.9781818181818182	0.9870782483847811	0.96415770609319	0.9382284825747602	0.93523943
LN651199	1399	6995	Caulobacteraceae	Brevundimonas balnearis	AJ227780	1416	7080	Caulobacteraceae	Brevundimonas vesicularis	6651.0	1395	10	12	1358	0.9819233550253073	0.9928212491026561	0.9734767025089606	0.9582336509394253	0.950822
LN651199	1399	6995	Caulobacteraceae	Brevundimonas balnearis	AY971368	1416	7080	Caulobacteraceae	Brevundimonas kwangchunensis	6622.0	1395	18	20	1354	0.9847272727272727	0.9870782483847811	0.9706093189964158	0.9445065913800933	0.9466762
AJ227798	1416	7080	Caulobacteraceae	Brevundimonas staleyi	AJ227801	1416	7080	Caulobacteraceae	Brevundimonas mediterranea	6746.0	1416	18	18	1377	0.9849785407725322	0.9872881355932204	0.972457627118644	0.948044464931565	0.95282483
AJ227798	1416	7080	Caulobacteraceae	Brevundimonas staleyi	AJ227783	1416	7080	Caulobacteraceae	Brevundimonas variabilis	6867.0	1416	8	8	1392	0.9886363636363636	0.9943502824858758	0.9830508474576272	0.972005332317654	0.9699153
AJ227798	1416	7080	Caulobacteraceae	Brevundimonas staleyi	D12785	1415	7045	Caulobacteraceae	Brevundimonas bullata	6873.0	1413	8	7	1390	0.9886201991465149	0.9950460014154282	0.9837225760792639	0.9733384531790605	0.9755855
AJ227798	1416	7080	Caulobacteraceae	Brevundimonas staleyi	AJ227786	1416	7080	Caulobacteraceae	Brevundimonas intermedia	6796.0	1416	14	14	1383	0.9864479315263909	0.9901129943502824	0.9766949152542372	0.957570819011497	0.959887
AJ227798	1416	7080	Caulobacteraceae	Brevundimonas staleyi	FR775448	1323	6615	Caulobacteraceae	Brevundimonas faecalis	6382.0	1323	13	13	1296	0.9893129770992366	0.9901738473167044	0.9795918367346939	0.960527923744348	0.964777
AJ227798	1416	7080	Caulobacteraceae	Brevundimonas staleyi	AB071954	1427	7135	Caulobacteraceae	Brevundimonas nasdae	6725.0	1405	19	18	1370	0.9877433309300648	0.9871886120996441	0.9750889679715302	0.9497530888880003	0.9498588
AJ227798	1416	7080	Caulobacteraceae	Brevundimonas staleyi	FJ544245	1418	7090	Caulobacteraceae	Brevundimonas naejangsanensis	6712.0	1416	19	17	1374	0.9821300929235168	0.9879943502824858	0.9703389830508474	0.9459959841729167	0.9480226
AJ227798	1416	7080	Caulobacteraceae	Brevundimonas staleyi	AB021415	1452	7260	Caulobacteraceae	Brevundimonas diminuta	6755.0	1416	15	14	1379	0.9835948644793152	0.9901129943502824	0.9738700564971752	0.9541340455688606	0.954096
AJ227798	1416	7080	Caulobacteraceae	Brevundimonas staleyi	AJ227797	1418	7090	Caulobacteraceae	Brevundimonas poindexterae	6830.0	1416	14	12	1388	0.9886039886039886	0.9915254237288136	0.980225988700565	0.9624036979969183	0.96468925
AJ227798	1416	7080	Caulobacteraceae	Brevundimonas staleyi	AJ227782	1416	7080	Caulobacteraceae	Brevundimonas bacteroides	6783.0	1416	18	18	1382	0.9885550786838341	0.9872881355932204	0.9759887005649718	0.9514868921825876	0.95805085
AJ227798	1416	7080	Caulobacteraceae	Brevundimonas staleyi	DQ335215	1418	7090	Caulobacteraceae	Brevundimonas terrae	6782.0	1416	20	18	1382	0.9885550786838341	0.9872881355932204	0.9759887005649718	0.9501617015249517	0.9579096
AJ227798	1416	7080	Caulobacteraceae	Brevundimonas staleyi	AJ227779	1418	7090	Caulobacteraceae	Brevundimonas vancanneytii	6696.0	1416	25	23	1372	0.9849246231155779	0.9837570621468926	0.9689265536723164	0.9366514151738631	0.9457627
AJ227798	1416	7080	Caulobacteraceae	Brevundimonas staleyi	DQ372984	1403	7015	Caulobacteraceae	Brevundimonas aveniformis	6422.0	1383	42	22	1329	0.9764878765613519	0.9840925524222705	0.9609544468546638	0.9177957909959281	0.91546685
AJ227798	1416	7080	Caulobacteraceae	Brevundimonas staleyi	AJ227785	1417	7085	Caulobacteraceae	Brevundimonas alba	6742.0	1416	9	8	1378	0.9786931818181818	0.9943502824858758	0.9731638418079096	0.9615541679056397	0.9522599
AJ227798	1416	7080	Caulobacteraceae	Brevundimonas staleyi	AB688113	1406	7030	Caulobacteraceae	Brevundimonas abyssalis	6463.0	1383	42	19	1334	0.9780058651026393	0.9862617498192335	0.9645697758496024	0.9232794205325316	0.9193457
AJ227798	1416	7080	Caulobacteraceae	Brevundimonas staleyi	KX898252	1360	6794	Caulobacteraceae	Brevundimonas canariensis	6148.0	1320	44	23	1270	0.9791827293754819	0.9825757575757575	0.9621212121212122	0.9148615924642318	0.9049161
AJ227798	1416	7080	Caulobacteraceae	Brevundimonas staleyi	EU143355	1339	6695	Caulobacteraceae	Brevundimonas basaltis	6436.0	1339	2	2	1310	0.9798055347793567	0.9985063480209111	0.9783420463032113	0.9754238000800846	0.96131444
AJ227798	1416	7080	Caulobacteraceae	Brevundimonas staleyi	AB899817	1385	6925	Caulobacteraceae	Brevundimonas denitrificans	6638.0	1383	8	6	1352	0.9818445896877269	0.9956616052060737	0.9775849602313811	0.9677458592657165	0.95855594
AJ227798	1416	7080	Caulobacteraceae	Brevundimonas staleyi	M83810	1292	6424	Caulobacteraceae	Brevundimonas halotolerans	6005.0	1267	16	18	1227	0.9823859087269816	0.9873517786561264	0.9684293606945541	0.9427656052279798	0.9347758
AJ227798	1416	7080	Caulobacteraceae	Brevundimonas staleyi	EF363713	1418	7090	Caulobacteraceae	Brevundimonas lenta	6839.0	1416	7	5	1389	0.9844082211197732	0.9964689265536724	0.9809322033898306	0.9726601117238587	0.96596044
AJ227798	1416	7080	Caulobacteraceae	Brevundimonas staleyi	AJ227784	1416	7080	Caulobacteraceae	Brevundimonas subvibrioides	6892.0	1416	3	3	1395	0.9872611464968153	0.9978813559322034	0.9851694915254238	0.981003869996775	0.9734463
AJ227798	1416	7080	Caulobacteraceae	Brevundimonas staleyi	AJ227780	1416	7080	Caulobacteraceae	Brevundimonas vesicularis	6791.0	1416	18	18	1382	0.9885550786838341	0.9872881355932204	0.9759887005649718	0.9514868921825876	0.9591808
AJ227798	1416	7080	Caulobacteraceae	Brevundimonas staleyi	AY971368	1416	7080	Caulobacteraceae	Brevundimonas kwangchunensis	6710.0	1416	18	18	1373	0.9821173104434907	0.9872881355932204	0.969632768361582	0.9452905231307472	0.94774014
AJ227801	1416	7080	Caulobacteraceae	Brevundimonas mediterranea	AJ227783	1416	7080	Caulobacteraceae	Brevundimonas variabilis	6761.0	1416	19	19	1379	0.9871152469577666	0.9865819209039548	0.9738700564971752	0.94808116301502	0.9549435
AJ227801	1416	7080	Caulobacteraceae	Brevundimonas mediterranea	D12785	1415	7045	Caulobacteraceae	Brevundimonas bullata	6777.0	1413	13	12	1379	0.9842969307637401	0.9915074309978769	0.9759377211606511	0.9588280135666707	0.9619588
AJ227801	1416	7080	Caulobacteraceae	Brevundimonas mediterranea	AJ227786	1416	7080	Caulobacteraceae	Brevundimonas intermedia	7030.0	1416	4	4	1410	0.9985835694050992	0.9971751412429378	0.9957627118644068	0.9901527810933397	0.99293786
AJ227801	1416	7080	Caulobacteraceae	Brevundimonas mediterranea	FR775448	1323	6615	Caulobacteraceae	Brevundimonas faecalis	6306.0	1327	15	19	1288	0.9847094801223242	0.9886621315192744	0.9706103993971364	0.9460196739280584	0.95328796
AJ227801	1416	7080	Caulobacteraceae	Brevundimonas mediterranea	AB071954	1427	7135	Caulobacteraceae	Brevundimonas nasdae	6938.0	1405	6	5	1395	0.9964285714285714	0.99644128113879	0.9928825622775801	0.9851421595950477	0.9799435
AJ227801	1416	7080	Caulobacteraceae	Brevundimonas mediterranea	FJ544245	1418	7090	Caulobacteraceae	Brevundimonas naejangsanensis	6813.0	1416	13	11	1386	0.9864768683274021	0.992231638418079	0.9788135593220338	0.9623744232662405	0.96228814
AJ227801	1416	7080	Caulobacteraceae	Brevundimonas mediterranea	AB021415	1452	7260	Caulobacteraceae	Brevundimonas diminuta	6658.0	1416	18	17	1368	0.9778413152251608	0.9879943502824858	0.9661016949152542	0.9425218069640451	0.9403955
AJ227801	1416	7080	Caulobacteraceae	Brevundimonas mediterranea	AJ227797	1418	7090	Caulobacteraceae	Brevundimonas poindexterae	6766.0	1416	20	18	1380	0.9871244635193133	0.9872881355932204	0.9745762711864406	0.948786648411312	0.95564973
AJ227801	1416	7080	Caulobacteraceae	Brevundimonas mediterranea	AJ227782	1416	7080	Caulobacteraceae	Brevundimonas bacteroides	6801.0	1416	22	22	1383	0.9921090387374462	0.9844632768361582	0.9766949152542372	0.9468099526178072	0.9605932
AJ227801	1416	7080	Caulobacteraceae	Brevundimonas mediterranea	DQ335215	1418	7090	Caulobacteraceae	Brevundimonas terrae	6715.0	1416	24	22	1374	0.9856527977044476	0.9844632768361582	0.9703389830508474	0.9393420433145009	0.94844633
AJ227801	1416	7080	Caulobacteraceae	Brevundimonas mediterranea	AJ227779	1418	7090	Caulobacteraceae	Brevundimonas vancanneytii	6734.0	1416	19	17	1377	0.9842744817726948	0.9879943502824858	0.972457627118644	0.9480614775881414	0.95113
AJ227801	1416	7080	Caulobacteraceae	Brevundimonas mediterranea	DQ372984	1403	7015	Caulobacteraceae	Brevundimonas aveniformis	6540.0	1383	30	10	1343	0.9781500364166059	0.9927693420101229	0.9710773680404917	0.9435875628588783	0.93228793
AJ227801	1416	7080	Caulobacteraceae	Brevundimonas mediterranea	AJ227785	1417	7085	Caulobacteraceae	Brevundimonas alba	6802.0	1416	14	13	1384	0.9864575908766928	0.990819209039548	0.9774011299435028	0.9589467030144996	0.9607345
AJ227801	1416	7080	Caulobacteraceae	Brevundimonas mediterranea	AB688113	1406	7030	Caulobacteraceae	Brevundimonas abyssalis	6507.0	1383	42	19	1339	0.9816715542521994	0.9862617498192335	0.9681851048445409	0.9267399880757571	0.9256045
AJ227801	1416	7080	Caulobacteraceae	Brevundimonas mediterranea	KX898252	1360	6794	Caulobacteraceae	Brevundimonas canariensis	6182.0	1320	43	22	1274	0.9815100154083205	0.9833333333333333	0.9651515151515152	0.919124480313035	0.9099205
AJ227801	1416	7080	Caulobacteraceae	Brevundimonas mediterranea	EU143355	1339	6695	Caulobacteraceae	Brevundimonas basaltis	6341.0	1339	16	16	1298	0.981103552532124	0.988050784167289	0.9693801344286781	0.9464870242429086	0.9471247
AJ227801	1416	7080	Caulobacteraceae	Brevundimonas mediterranea	AB899817	1385	6925	Caulobacteraceae	Brevundimonas denitrificans	6527.0	1383	14	12	1339	0.9766593727206418	0.9913232104121475	0.9681851048445409	0.9501659117694099	0.94252706
AJ227801	1416	7080	Caulobacteraceae	Brevundimonas mediterranea	M83810	1292	6424	Caulobacteraceae	Brevundimonas halotolerans	6022.0	1267	17	19	1229	0.9847756410256411	0.9865612648221344	0.9700078926598263	0.9428114096880555	0.93742216
AJ227801	1416	7080	Caulobacteraceae	Brevundimonas mediterranea	EF363713	1418	7090	Caulobacteraceae	Brevundimonas lenta	6719.0	1416	17	15	1375	0.9814418272662384	0.989406779661017	0.971045197740113	0.9493610063041859	0.9490113
AJ227801	1416	7080	Caulobacteraceae	Brevundimonas mediterranea	AJ227784	1416	7080	Caulobacteraceae	Brevundimonas subvibrioides	6728.0	1416	18	18	1375	0.9835479256080114	0.9872881355932204	0.971045197740113	0.9466674940311561	0.9502825
AJ227801	1416	7080	Caulobacteraceae	Brevundimonas mediterranea	AJ227780	1416	7080	Caulobacteraceae	Brevundimonas vesicularis	7003.0	1416	4	4	1407	0.9964589235127479	0.9971751412429378	0.9936440677966102	0.9880460730484603	0.9891243
AJ227801	1416	7080	Caulobacteraceae	Brevundimonas mediterranea	AY971368	1416	7080	Caulobacteraceae	Brevundimonas kwangchunensis	6774.0	1416	11	11	1381	0.9829181494661922	0.992231638418079	0.9752824858757062	0.960246596114483	0.95677966
AJ227783	1416	7080	Caulobacteraceae	Brevundimonas variabilis	D12785	1415	7045	Caulobacteraceae	Brevundimonas bullata	6793.0	1413	12	11	1381	0.985021398002853	0.9922151450813871	0.9773531493276716	0.9615783265665934	0.96422994
AJ227783	1416	7080	Caulobacteraceae	Brevundimonas variabilis	AJ227786	1416	7080	Caulobacteraceae	Brevundimonas intermedia	6808.0	1416	13	13	1385	0.9871703492516037	0.990819209039548	0.9781073446327684	0.9603111298248944	0.96158195
AJ227783	1416	7080	Caulobacteraceae	Brevundimonas variabilis	FR775448	1323	6615	Caulobacteraceae	Brevundimonas faecalis	6304.0	1322	18	17	1287	0.9862068965517241	0.9871406959152799	0.9735249621785174	0.9480970713753472	0.95298564
AJ227783	1416	7080	Caulobacteraceae	Brevundimonas variabilis	AB071954	1427	7135	Caulobacteraceae	Brevundimonas nasdae	6716.0	1405	15	14	1370	0.9849029475197699	0.9900355871886121	0.9750889679715302	0.9551751791890131	0.9485876
AJ227783	1416	7080	Caulobacteraceae	Brevundimonas variabilis	FJ544245	1418	7090	Caulobacteraceae	Brevundimonas naejangsanensis	6702.0	1416	21	19	1373	0.9828203292770222	0.9865819209039548	0.969632768361582	0.9426422946424009	0.94661015
AJ227783	1416	7080	Caulobacteraceae	Brevundimonas variabilis	AB021415	1452	7260	Caulobacteraceae	Brevundimonas diminuta	6640.0	1416	21	20	1366	0.9785100286532952	0.9858757062146892	0.9646892655367232	0.9371650763321264	0.9378531
AJ227783	1416	7080	Caulobacteraceae	Brevundimonas variabilis	AJ227797	1418	7090	Caulobacteraceae	Brevundimonas poindexterae	6765.0	1416	12	10	1381	0.9822190611664295	0.9929378531073446	0.9752824858757062	0.9602571254490496	0.9555085
AJ227783	1416	7080	Caulobacteraceae	Brevundimonas variabilis	AJ227782	1416	7080	Caulobacteraceae	Brevundimonas bacteroides	6853.0	1416	11	11	1390	0.9893238434163701	0.992231638418079	0.981638418079096	0.9665045391738821	0.9679378
AJ227783	1416	7080	Caulobacteraceae	Brevundimonas variabilis	DQ335215	1418	7090	Caulobacteraceae	Brevundimonas terrae	6658.0	1416	32	30	1367	0.9862914862914863	0.9788135593220338	0.9653954802259888	0.9240594859069202	0.9403955
AJ227783	1416	7080	Caulobacteraceae	Brevundimonas variabilis	AJ227779	1418	7090	Caulobacteraceae	Brevundimonas vancanneytii	6664.0	1416	20	18	1369	0.9792560801144492	0.9872881355932204	0.9668079096045198	0.9412238562862943	0.94124293
AJ227783	1416	7080	Caulobacteraceae	Brevundimonas variabilis	DQ372984	1403	7015	Caulobacteraceae	Brevundimonas aveniformis	6502.0	1383	36	16	1339	0.9795171909290417	0.9884309472161966	0.9681851048445409	0.9327054533632751	0.926871
AJ227783	1416	7080	Caulobacteraceae	Brevundimonas variabilis	AJ227785	1417	7085	Caulobacteraceae	Brevundimonas alba	6899.0	1416	8	7	1396	0.9907735982966643	0.9950564971751412	0.9858757062146892	0.975490779534057	0.97443503
AJ227783	1416	7080	Caulobacteraceae	Brevundimonas variabilis	AB688113	1406	7030	Caulobacteraceae	Brevundimonas abyssalis	6454.0	1383	41	18	1333	0.9765567765567765	0.9869848156182213	0.9638467100506146	0.9239120500134052	0.9180654
AJ227783	1416	7080	Caulobacteraceae	Brevundimonas variabilis	KX898252	1360	6794	Caulobacteraceae	Brevundimonas canariensis	6155.0	1320	41	20	1271	0.9776923076923076	0.9848484848484849	0.9628787878787879	0.9197225747556387	0.90594643
AJ227783	1416	7080	Caulobacteraceae	Brevundimonas variabilis	EU143355	1339	6695	Caulobacteraceae	Brevundimonas basaltis	6517.0	1339	5	5	1319	0.9887556221889056	0.9962658700522778	0.9850634802091113	0.9777341388385078	0.973413
AJ227783	1416	7080	Caulobacteraceae	Brevundimonas variabilis	AB899817	1385	6925	Caulobacteraceae	Brevundimonas denitrificans	6709.0	1383	10	8	1360	0.9890909090909091	0.9942154736080984	0.9833694866232827	0.9706626303711513	0.96880865
AJ227783	1416	7080	Caulobacteraceae	Brevundimonas variabilis	M83810	1292	6424	Caulobacteraceae	Brevundimonas halotolerans	6041.0	1267	12	14	1231	0.9824421388667198	0.9905138339920949	0.9715864246250987	0.9518356450783805	0.9403798
AJ227783	1416	7080	Caulobacteraceae	Brevundimonas variabilis	EF363713	1418	7090	Caulobacteraceae	Brevundimonas lenta	6865.0	1416	11	9	1392	0.9893390191897654	0.9936440677966102	0.9830508474576272	0.9692729799389499	0.96963274
AJ227783	1416	7080	Caulobacteraceae	Brevundimonas variabilis	AJ227784	1416	7080	Caulobacteraceae	Brevundimonas subvibrioides	6921.0	1416	8	8	1398	0.9928977272727273	0.9943502824858758	0.9872881355932204	0.9761950104741954	0.9775424
AJ227783	1416	7080	Caulobacteraceae	Brevundimonas variabilis	AJ227780	1416	7080	Caulobacteraceae	Brevundimonas vesicularis	6781.0	1416	13	13	1382	0.985032074126871	0.990819209039548	0.9759887005649718	0.9582310335148043	0.9577684
AJ227783	1416	7080	Caulobacteraceae	Brevundimonas variabilis	AY971368	1416	7080	Caulobacteraceae	Brevundimonas kwangchunensis	6798.0	1416	19	19	1383	0.9899785254115963	0.9865819209039548	0.9766949152542372	0.9508312171499438	0.9601695
D12785	1415	7045	Caulobacteraceae	Brevundimonas bullata	AJ227786	1416	7080	Caulobacteraceae	Brevundimonas intermedia	6791.0	1414	8	9	1381	0.9829181494661922	0.9943382873319179	0.9766619519094767	0.9649859651426265	0.96394604
D12785	1415	7045	Caulobacteraceae	Brevundimonas bullata	FR775448	1323	6615	Caulobacteraceae	Brevundimonas faecalis	6471.0	1324	6	7	1306	0.9916476841305999	0.9954648526077098	0.986404833836858	0.9767632828294299	0.9782313
D12785	1415	7045	Caulobacteraceae	Brevundimonas bullata	AB071954	1427	7135	Caulobacteraceae	Brevundimonas nasdae	6736.0	1407	9	9	1372	0.9814020028612304	0.9936034115138592	0.9751243781094527	0.9627287292351799	0.9561391
D12785	1415	7045	Caulobacteraceae	Brevundimonas bullata	FJ544245	1418	7090	Caulobacteraceae	Brevundimonas naejangsanensis	6763.0	1414	13	12	1378	0.9828815977175464	0.9915134370579916	0.9745403111739745	0.9574670751688243	0.9599716
D12785	1415	7045	Caulobacteraceae	Brevundimonas bullata	AB021415	1452	7260	Caulobacteraceae	Brevundimonas diminuta	6791.0	1415	7	7	1382	0.9815340909090909	0.995053003533569	0.976678445229682	0.9670627643343124	0.96394604
D12785	1415	7045	Caulobacteraceae	Brevundimonas bullata	AJ227797	1418	7090	Caulobacteraceae	Brevundimonas poindexterae	6767.0	1414	16	15	1378	0.9849892780557541	0.9893917963224894	0.9745403111739745	0.9534139128198533	0.9605394
D12785	1415	7045	Caulobacteraceae	Brevundimonas bullata	AJ227782	1416	7080	Caulobacteraceae	Brevundimonas bacteroides	6701.0	1414	23	24	1370	0.9856115107913669	0.9837225760792639	0.9688826025459689	0.9371933316206658	0.95117104
D12785	1415	7045	Caulobacteraceae	Brevundimonas bullata	DQ335215	1418	7090	Caulobacteraceae	Brevundimonas terrae	6837.0	1414	18	17	1386	0.9921259842519685	0.987977369165488	0.9801980198019802	0.9562406659660379	0.9704755
D12785	1415	7045	Caulobacteraceae	Brevundimonas bullata	AJ227779	1418	7090	Caulobacteraceae	Brevundimonas vancanneytii	6709.0	1414	17	16	1372	0.9814020028612304	0.9886845827439887	0.9702970297029703	0.947921207215061	0.9523066
D12785	1415	7045	Caulobacteraceae	Brevundimonas bullata	DQ372984	1403	7015	Caulobacteraceae	Brevundimonas aveniformis	6463.0	1384	33	14	1334	0.9737226277372263	0.9898843930635838	0.9638728323699421	0.9319024561374882	0.9213115
D12785	1415	7045	Caulobacteraceae	Brevundimonas bullata	AJ227785	1417	7085	Caulobacteraceae	Brevundimonas alba	6712.0	1414	12	12	1372	0.978601997146933	0.9915134370579916	0.9702970297029703	0.9539666449113354	0.95273244
D12785	1415	7045	Caulobacteraceae	Brevundimonas bullata	AB688113	1406	7030	Caulobacteraceae	Brevundimonas abyssalis	6543.0	1384	34	12	1343	0.9788629737609329	0.9913294797687862	0.9703757225433526	0.9388966793578841	0.93072546
D12785	1415	7045	Caulobacteraceae	Brevundimonas bullata	KX898252	1360	6794	Caulobacteraceae	Brevundimonas canariensis	6228.0	1321	39	18	1279	0.9815809669992326	0.9863739591218774	0.9682059046177138	0.9276266865565302	0.9166912
D12785	1415	7045	Caulobacteraceae	Brevundimonas bullata	EU143355	1339	6695	Caulobacteraceae	Brevundimonas basaltis	6419.0	1340	6	7	1307	0.9804951237809453	0.9955190440627334	0.9753731343283583	0.965952740014637	0.9587752
D12785	1415	7045	Caulobacteraceae	Brevundimonas bullata	AB899817	1385	6925	Caulobacteraceae	Brevundimonas denitrificans	6653.0	1384	7	6	1353	0.9818577648766328	0.9956647398843931	0.9776011560693642	0.9684646966668466	0.960722
D12785	1415	7045	Caulobacteraceae	Brevundimonas bullata	M83810	1292	6424	Caulobacteraceae	Brevundimonas halotolerans	6110.0	1268	9	11	1239	0.9856801909307876	0.9928909952606635	0.9771293375394322	0.9618258240305922	0.9511208
D12785	1415	7045	Caulobacteraceae	Brevundimonas bullata	EF363713	1418	7090	Caulobacteraceae	Brevundimonas lenta	6805.0	1414	6	5	1383	0.9815471965933286	0.9964639321074965	0.978076379066478	0.9704997310596251	0.96593326
D12785	1415	7045	Caulobacteraceae	Brevundimonas bullata	AJ227784	1416	7080	Caulobacteraceae	Brevundimonas subvibrioides	6836.0	1414	6	7	1386	0.9850746268656716	0.9957537154989384	0.9801980198019802	0.9712243759587227	0.9703336
D12785	1415	7045	Caulobacteraceae	Brevundimonas bullata	AJ227780	1416	7080	Caulobacteraceae	Brevundimonas vesicularis	6782.0	1414	8	9	1380	0.9822064056939501	0.9943382873319179	0.9759547383309759	0.9642872062974832	0.96266854
D12785	1415	7045	Caulobacteraceae	Brevundimonas bullata	AY971368	1416	7080	Caulobacteraceae	Brevundimonas kwangchunensis	6676.0	1414	18	19	1367	0.9799283154121864	0.9872611464968153	0.9667609618104668	0.9417818028810064	0.9476224
AJ227786	1416	7080	Caulobacteraceae	Brevundimonas intermedia	FR775448	1323	6615	Caulobacteraceae	Brevundimonas faecalis	6356.0	1327	11	15	1294	0.9862804878048781	0.9916855631141346	0.9751318764129616	0.9561831254512747	0.96084654
AJ227786	1416	7080	Caulobacteraceae	Brevundimonas intermedia	AB071954	1427	7135	Caulobacteraceae	Brevundimonas nasdae	6988.0	1405	2	1	1401	0.9978632478632479	0.999288256227758	0.9971530249110321	0.9950268990583434	0.98700565
AJ227786	1416	7080	Caulobacteraceae	Brevundimonas intermedia	FJ544245	1418	7090	Caulobacteraceae	Brevundimonas naejangsanensis	6863.0	1416	9	7	1392	0.9879347054648687	0.9950564971751412	0.9830508474576272	0.9720130835563485	0.9693503
AJ227786	1416	7080	Caulobacteraceae	Brevundimonas intermedia	AB021415	1452	7260	Caulobacteraceae	Brevundimonas diminuta	6698.0	1416	13	12	1373	0.9779202279202279	0.9915254237288136	0.969632768361582	0.9526692839605746	0.9460452
AJ227786	1416	7080	Caulobacteraceae	Brevundimonas intermedia	AJ227797	1418	7090	Caulobacteraceae	Brevundimonas poindexterae	6816.0	1416	16	14	1386	0.9885877318116976	0.9901129943502824	0.9788135593220338	0.958307688665846	0.9627119
AJ227786	1416	7080	Caulobacteraceae	Brevundimonas intermedia	AJ227782	1416	7080	Caulobacteraceae	Brevundimonas bacteroides	6851.0	1416	18	18	1389	0.9935622317596566	0.9872881355932204	0.9809322033898306	0.9563062903340189	0.96765536
AJ227786	1416	7080	Caulobacteraceae	Brevundimonas intermedia	DQ335215	1418	7090	Caulobacteraceae	Brevundimonas terrae	6729.0	1416	20	18	1376	0.9842632331902719	0.9872881355932204	0.9717514124293786	0.9460365421840329	0.9504237
AJ227786	1416	7080	Caulobacteraceae	Brevundimonas intermedia	AJ227779	1418	7090	Caulobacteraceae	Brevundimonas vancanneytii	6784.0	1416	15	13	1383	0.9857448325017819	0.990819209039548	0.9766949152542372	0.9575841831598148	0.9581921
AJ227786	1416	7080	Caulobacteraceae	Brevundimonas intermedia	DQ372984	1403	7015	Caulobacteraceae	Brevundimonas aveniformis	6587.0	1383	24	4	1349	0.9782451051486585	0.9971077368040492	0.9754157628344179	0.956004503872539	0.9389879
AJ227786	1416	7080	Caulobacteraceae	Brevundimonas intermedia	AJ227785	1417	7085	Caulobacteraceae	Brevundimonas alba	6849.0	1416	8	7	1390	0.9865152590489709	0.9950564971751412	0.981638418079096	0.9712981257538247	0.9673729
AJ227786	1416	7080	Caulobacteraceae	Brevundimonas intermedia	AB688113	1406	7030	Caulobacteraceae	Brevundimonas abyssalis	6557.0	1383	38	15	1345	0.9831871345029239	0.9891540130151844	0.9725234996384671	0.936250631601283	0.9327169
AJ227786	1416	7080	Caulobacteraceae	Brevundimonas intermedia	KX898252	1360	6794	Caulobacteraceae	Brevundimonas canariensis	6232.0	1320	39	18	1280	0.9831029185867896	0.9863636363636363	0.9696969696969697	0.9290253528664124	0.91727996
AJ227786	1416	7080	Caulobacteraceae	Brevundimonas intermedia	EU143355	1339	6695	Caulobacteraceae	Brevundimonas basaltis	6388.0	1339	10	10	1304	0.9811888638073739	0.9925317401045557	0.9738610903659447	0.9594228236444333	0.9541449
AJ227786	1416	7080	Caulobacteraceae	Brevundimonas intermedia	AB899817	1385	6925	Caulobacteraceae	Brevundimonas denitrificans	6574.0	1383	8	6	1345	0.9767610748002905	0.9956616052060737	0.9725234996384671	0.9627353407636011	0.94931406
AJ227786	1416	7080	Caulobacteraceae	Brevundimonas intermedia	M83810	1292	6424	Caulobacteraceae	Brevundimonas halotolerans	6063.0	1267	13	15	1234	0.9856230031948882	0.9897233201581027	0.9739542225730071	0.9526489739542227	0.9438045
AJ227786	1416	7080	Caulobacteraceae	Brevundimonas intermedia	EF363713	1418	7090	Caulobacteraceae	Brevundimonas lenta	6766.0	1416	11	9	1381	0.9815209665955935	0.9936440677966102	0.9752824858757062	0.9616134951836852	0.95564973
AJ227786	1416	7080	Caulobacteraceae	Brevundimonas intermedia	AJ227784	1416	7080	Caulobacteraceae	Brevundimonas subvibrioides	6775.0	1416	12	12	1381	0.9836182336182336	0.9915254237288136	0.9752824858757062	0.9588911835920809	0.9569209
AJ227786	1416	7080	Caulobacteraceae	Brevundimonas intermedia	AJ227780	1416	7080	Caulobacteraceae	Brevundimonas vesicularis	7053.0	1416	0	0	1413	0.9978813559322034	1.0	0.9978813559322034	0.9978813559322034	0.99618644
AJ227786	1416	7080	Caulobacteraceae	Brevundimonas intermedia	AY971368	1416	7080	Caulobacteraceae	Brevundimonas kwangchunensis	6821.0	1416	5	5	1387	0.9829907866761163	0.9964689265536724	0.9795197740112994	0.9726266017803965	0.96341807
FR775448	1323	6615	Caulobacteraceae	Brevundimonas faecalis	AB071954	1427	7135	Caulobacteraceae	Brevundimonas nasdae	6341.0	1323	12	11	1292	0.9847560975609756	0.9916855631141346	0.9765684051398337	0.959743631118698	0.958579
FR775448	1323	6615	Caulobacteraceae	Brevundimonas faecalis	FJ544245	1418	7090	Caulobacteraceae	Brevundimonas naejangsanensis	6437.0	1323	8	6	1303	0.9893697798025817	0.9954648526077098	0.9848828420256992	0.9745234432365483	0.9730915
FR775448	1323	6615	Caulobacteraceae	Brevundimonas faecalis	AB021415	1452	7260	Caulobacteraceae	Brevundimonas diminuta	6460.0	1323	2	1	1306	0.9878971255673222	0.999244142101285	0.9871504157218443	0.9849153581768136	0.9765684
FR775448	1323	6615	Caulobacteraceae	Brevundimonas faecalis	AJ227797	1418	7090	Caulobacteraceae	Brevundimonas poindexterae	6347.0	1323	19	17	1292	0.9892802450229708	0.9871504157218443	0.9765684051398337	0.9503713391301213	0.959486
FR775448	1323	6615	Caulobacteraceae	Brevundimonas faecalis	AJ227782	1416	7080	Caulobacteraceae	Brevundimonas bacteroides	6293.0	1323	29	25	1286	0.9907550077041603	0.981103552532124	0.9720332577475435	0.9332094441984552	0.95132273
FR775448	1323	6615	Caulobacteraceae	Brevundimonas faecalis	DQ335215	1418	7090	Caulobacteraceae	Brevundimonas terrae	6458.0	1323	13	11	1305	0.9946646341463414	0.9916855631141346	0.9863945578231292	0.9686748951077436	0.9762661
FR775448	1323	6615	Caulobacteraceae	Brevundimonas faecalis	AJ227779	1418	7090	Caulobacteraceae	Brevundimonas vancanneytii	6410.0	1323	12	10	1300	0.9900990099009901	0.9924414210128496	0.982615268329554	0.9664223575406026	0.9690098
FR775448	1323	6615	Caulobacteraceae	Brevundimonas faecalis	DQ372984	1403	7015	Caulobacteraceae	Brevundimonas aveniformis	6223.0	1323	33	13	1281	0.9778625954198473	0.9901738473167044	0.9682539682539683	0.93540759469963	0.94074076
FR775448	1323	6615	Caulobacteraceae	Brevundimonas faecalis	AJ227785	1417	7085	Caulobacteraceae	Brevundimonas alba	6250.0	1323	21	20	1281	0.9831158864159631	0.9848828420256992	0.9682539682539683	0.9387164588057446	0.9448224
FR775448	1323	6615	Caulobacteraceae	Brevundimonas faecalis	AB688113	1406	7030	Caulobacteraceae	Brevundimonas abyssalis	6352.0	1323	32	9	1296	0.9863013698630136	0.9931972789115646	0.9795918367346939	0.9499510505309134	0.96024185
FR775448	1323	6615	Caulobacteraceae	Brevundimonas faecalis	KX898252	1360	6794	Caulobacteraceae	Brevundimonas canariensis	6186.0	1293	36	15	1263	0.9882629107981221	0.988399071925754	0.9767981438515081	0.9393137907014503	0.9351474
FR775448	1323	6615	Caulobacteraceae	Brevundimonas faecalis	EU143355	1339	6695	Caulobacteraceae	Brevundimonas basaltis	6322.0	1323	18	14	1290	0.985485103132162	0.9894179894179894	0.9750566893424036	0.9517891173372157	0.9557067
FR775448	1323	6615	Caulobacteraceae	Brevundimonas faecalis	AB899817	1385	6925	Caulobacteraceae	Brevundimonas denitrificans	6343.0	1323	14	12	1292	0.9855072463768116	0.9909297052154195	0.9765684051398337	0.9575775461019611	0.9588813
FR775448	1323	6615	Caulobacteraceae	Brevundimonas faecalis	M83810	1292	6424	Caulobacteraceae	Brevundimonas halotolerans	5947.0	1240	11	13	1209	0.9853300733496333	0.9911147011308562	0.975	0.956294964028777	0.9257472
FR775448	1323	6615	Caulobacteraceae	Brevundimonas faecalis	EF363713	1418	7090	Caulobacteraceae	Brevundimonas lenta	6359.0	1323	11	9	1294	0.984779299847793	0.9931972789115646	0.9780801209372638	0.9634162510581443	0.9613001
FR775448	1323	6615	Caulobacteraceae	Brevundimonas faecalis	AJ227784	1416	7080	Caulobacteraceae	Brevundimonas subvibrioides	6345.0	1323	12	12	1292	0.9855072463768116	0.9909297052154195	0.9765684051398337	0.9590121192047355	0.9591837
FR775448	1323	6615	Caulobacteraceae	Brevundimonas faecalis	AJ227780	1416	7080	Caulobacteraceae	Brevundimonas vesicularis	6343.0	1323	11	11	1292	0.9847560975609756	0.9916855631141346	0.9765684051398337	0.9604630791180374	0.9588813
FR775448	1323	6615	Caulobacteraceae	Brevundimonas faecalis	AY971368	1416	7080	Caulobacteraceae	Brevundimonas kwangchunensis	6256.0	1323	22	22	1281	0.9846272098385856	0.983371126228269	0.9682539682539683	0.9365787455006787	0.9457294
AB071954	1427	7135	Caulobacteraceae	Brevundimonas nasdae	FJ544245	1418	7090	Caulobacteraceae	Brevundimonas naejangsanensis	6788.0	1406	9	8	1379	0.9864091559370529	0.9943100995732574	0.980796586059744	0.9690131641777541	0.9574048
AB071954	1427	7135	Caulobacteraceae	Brevundimonas nasdae	AB021415	1452	7260	Caulobacteraceae	Brevundimonas diminuta	6704.0	1424	13	13	1377	0.9759036144578314	0.9908707865168539	0.9669943820224719	0.9494983110881753	0.93959355
AB071954	1427	7135	Caulobacteraceae	Brevundimonas nasdae	AJ227797	1418	7090	Caulobacteraceae	Brevundimonas poindexterae	6741.0	1406	16	15	1373	0.98705966930266	0.9893314366998578	0.9765291607396871	0.9552405503438149	0.95077574
AB071954	1427	7135	Caulobacteraceae	Brevundimonas nasdae	AJ227782	1416	7080	Caulobacteraceae	Brevundimonas bacteroides	6759.0	1406	19	20	1374	0.9913419913419913	0.9864768683274021	0.9772403982930299	0.9504948716029048	0.954661
AB071954	1427	7135	Caulobacteraceae	Brevundimonas nasdae	DQ335215	1418	7090	Caulobacteraceae	Brevundimonas terrae	6654.0	1406	20	19	1363	0.9826964671953857	0.9864864864864865	0.9694167852062588	0.9429039839278268	0.93850493
AB071954	1427	7135	Caulobacteraceae	Brevundimonas nasdae	AJ227779	1418	7090	Caulobacteraceae	Brevundimonas vancanneytii	6709.0	1406	15	14	1370	0.9841954022988506	0.9900426742532006	0.9743954480796586	0.9545098266902778	0.94626236
AB071954	1427	7135	Caulobacteraceae	Brevundimonas nasdae	DQ372984	1403	7015	Caulobacteraceae	Brevundimonas aveniformis	6612.0	1384	24	5	1352	0.9804205946337926	0.9963872832369942	0.976878612716763	0.9567582435627956	0.9425517
AB071954	1427	7135	Caulobacteraceae	Brevundimonas nasdae	AJ227785	1417	7085	Caulobacteraceae	Brevundimonas alba	6765.0	1406	7	7	1376	0.9835596854896355	0.9950213371266002	0.9786628733997155	0.968966284420525	0.95483416
AB071954	1427	7135	Caulobacteraceae	Brevundimonas nasdae	AB688113	1406	7030	Caulobacteraceae	Brevundimonas abyssalis	6537.0	1384	37	15	1343	0.9810080350620891	0.9891618497109826	0.9703757225433526	0.93486584388589	0.929872
AB071954	1427	7135	Caulobacteraceae	Brevundimonas nasdae	KX898252	1360	6794	Caulobacteraceae	Brevundimonas canariensis	6300.0	1339	39	18	1296	0.9810749432248297	0.9865571321882002	0.9678864824495892	0.9278505394164784	0.9272888
AB071954	1427	7135	Caulobacteraceae	Brevundimonas nasdae	EU143355	1339	6695	Caulobacteraceae	Brevundimonas basaltis	6360.0	1340	11	12	1301	0.9796686746987951	0.9917849141150112	0.9708955223880597	0.9543665830727929	0.9499627
AB071954	1427	7135	Caulobacteraceae	Brevundimonas nasdae	AB899817	1385	6925	Caulobacteraceae	Brevundimonas denitrificans	6554.0	1384	7	6	1343	0.974600870827286	0.9956647398843931	0.9703757225433526	0.9613067905569661	0.946426
AB071954	1427	7135	Caulobacteraceae	Brevundimonas nasdae	M83810	1292	6424	Caulobacteraceae	Brevundimonas halotolerans	6139.0	1288	14	15	1252	0.983503534956795	0.9891219891219891	0.9720496894409938	0.9503988131016783	0.95563513
AB071954	1427	7135	Caulobacteraceae	Brevundimonas nasdae	EF363713	1418	7090	Caulobacteraceae	Brevundimonas lenta	6691.0	1406	11	10	1368	0.9799426934097422	0.9928876244665719	0.972972972972973	0.9585534723149404	0.94372356
AB071954	1427	7135	Caulobacteraceae	Brevundimonas nasdae	AJ227784	1416	7080	Caulobacteraceae	Brevundimonas subvibrioides	6700.0	1406	12	13	1368	0.9820531227566404	0.9914590747330961	0.972972972972973	0.9558190065947472	0.9463277
AB071954	1427	7135	Caulobacteraceae	Brevundimonas nasdae	AJ227780	1416	7080	Caulobacteraceae	Brevundimonas vesicularis	7014.0	1406	0	1	1404	0.999288256227758	1.0	0.9985775248933144	0.9978672990576861	0.99067795
AB071954	1427	7135	Caulobacteraceae	Brevundimonas nasdae	AY971368	1416	7080	Caulobacteraceae	Brevundimonas kwangchunensis	6746.0	1406	5	6	1374	0.9814285714285714	0.99644128113879	0.9772403982930299	0.969621940191525	0.95282483
FJ544245	1418	7090	Caulobacteraceae	Brevundimonas naejangsanensis	AB021415	1452	7260	Caulobacteraceae	Brevundimonas diminuta	6873.0	1418	6	7	1393	0.9872430900070872	0.9957657021877205	0.9823695345557123	0.9734012733554144	0.9693935
FJ544245	1418	7090	Caulobacteraceae	Brevundimonas naejangsanensis	AJ227797	1418	7090	Caulobacteraceae	Brevundimonas poindexterae	6742.0	1418	20	20	1377	0.9849785407725322	0.9858956276445698	0.9710860366713682	0.9440739076958086	0.95091677
FJ544245	1418	7090	Caulobacteraceae	Brevundimonas naejangsanensis	AJ227782	1416	7080	Caulobacteraceae	Brevundimonas bacteroides	6682.0	1418	26	28	1370	0.9856115107913669	0.981638418079096	0.9661495063469676	0.9300192616497819	0.9437853
FJ544245	1418	7090	Caulobacteraceae	Brevundimonas naejangsanensis	DQ335215	1418	7090	Caulobacteraceae	Brevundimonas terrae	6857.0	1418	11	11	1391	0.9886282871357498	0.9922425952045134	0.9809590973201693	0.9658568578932667	0.9671368
FJ544245	1418	7090	Caulobacteraceae	Brevundimonas naejangsanensis	AJ227779	1418	7090	Caulobacteraceae	Brevundimonas vancanneytii	6948.0	1418	5	5	1402	0.9922151450813871	0.9964739069111425	0.9887165021156559	0.9817683889595374	0.97997177
FJ544245	1418	7090	Caulobacteraceae	Brevundimonas naejangsanensis	DQ372984	1403	7015	Caulobacteraceae	Brevundimonas aveniformis	6533.0	1385	28	10	1343	0.9767272727272728	0.9927797833935018	0.9696750902527076	0.9435974869762723	0.9312901
FJ544245	1418	7090	Caulobacteraceae	Brevundimonas naejangsanensis	AJ227785	1417	7085	Caulobacteraceae	Brevundimonas alba	6736.0	1418	17	18	1377	0.9835714285714285	0.9880028228652082	0.9710860366713682	0.9474010113867005	0.950741
FJ544245	1418	7090	Caulobacteraceae	Brevundimonas naejangsanensis	AB688113	1406	7030	Caulobacteraceae	Brevundimonas abyssalis	6604.0	1385	31	10	1351	0.9825454545454545	0.9927797833935018	0.9754512635379061	0.9472072650880091	0.9394026
FJ544245	1418	7090	Caulobacteraceae	Brevundimonas naejangsanensis	KX898252	1360	6794	Caulobacteraceae	Brevundimonas canariensis	6311.0	1320	35	14	1289	0.9869831546707504	0.9893939393939394	0.9765151515151516	0.9412020574751203	0.9289079
FJ544245	1418	7090	Caulobacteraceae	Brevundimonas naejangsanensis	EU143355	1339	6695	Caulobacteraceae	Brevundimonas basaltis	6256.0	1341	20	22	1289	0.9772554965883244	0.9850634802091113	0.9612229679343773	0.9315599520245729	0.9344287
FJ544245	1418	7090	Caulobacteraceae	Brevundimonas naejangsanensis	AB899817	1385	6925	Caulobacteraceae	Brevundimonas denitrificans	6492.0	1385	18	18	1335	0.9765910753474762	0.9870036101083033	0.9638989169675091	0.9391659440446078	0.93747294
FJ544245	1418	7090	Caulobacteraceae	Brevundimonas naejangsanensis	M83810	1292	6424	Caulobacteraceae	Brevundimonas halotolerans	6059.0	1267	14	16	1233	0.9856115107913669	0.9889328063241106	0.9731649565903709	0.9503742081924701	0.9431818
FJ544245	1418	7090	Caulobacteraceae	Brevundimonas naejangsanensis	EF363713	1418	7090	Caulobacteraceae	Brevundimonas lenta	6725.0	1418	14	14	1376	0.98005698005698	0.9901269393511989	0.9703808180535967	0.9514068914436101	0.94851905
FJ544245	1418	7090	Caulobacteraceae	Brevundimonas naejangsanensis	AJ227784	1416	7080	Caulobacteraceae	Brevundimonas subvibrioides	6720.0	1418	16	18	1375	0.9821428571428571	0.9887005649717514	0.9696755994358252	0.9466846856416703	0.9491525
FJ544245	1418	7090	Caulobacteraceae	Brevundimonas naejangsanensis	AJ227780	1416	7080	Caulobacteraceae	Brevundimonas vesicularis	6854.0	1418	7	9	1391	0.9872249822569198	0.9950564971751412	0.9809590973201693	0.9699448197362235	0.9680791
FJ544245	1418	7090	Caulobacteraceae	Brevundimonas naejangsanensis	AY971368	1416	7080	Caulobacteraceae	Brevundimonas kwangchunensis	6752.0	1418	11	13	1379	0.9814946619217082	0.992231638418079	0.9724964739069112	0.9561634330575298	0.9536723
AB021415	1452	7260	Caulobacteraceae	Brevundimonas diminuta	AJ227797	1418	7090	Caulobacteraceae	Brevundimonas poindexterae	6738.0	1417	18	17	1377	0.9835714285714285	0.9880028228652082	0.9717713479181369	0.9480696077250117	0.9503526
AB021415	1452	7260	Caulobacteraceae	Brevundimonas diminuta	AJ227782	1416	7080	Caulobacteraceae	Brevundimonas bacteroides	6590.0	1417	26	27	1360	0.9784172661870504	0.981638418079096	0.9597741707833451	0.9245225900130629	0.93079096
AB021415	1452	7260	Caulobacteraceae	Brevundimonas diminuta	DQ335215	1418	7090	Caulobacteraceae	Brevundimonas terrae	6889.0	1417	6	5	1395	0.9879603399433428	0.9964714184897672	0.9844742413549753	0.976864110184979	0.9716502
AB021415	1452	7260	Caulobacteraceae	Brevundimonas diminuta	AJ227779	1418	7090	Caulobacteraceae	Brevundimonas vancanneytii	6837.0	1417	11	10	1389	0.9872068230277186	0.9929428369795342	0.9802399435426958	0.9658246502553033	0.96431595
AB021415	1452	7260	Caulobacteraceae	Brevundimonas diminuta	DQ372984	1403	7015	Caulobacteraceae	Brevundimonas aveniformis	6389.0	1384	37	18	1326	0.9707174231332357	0.9869942196531792	0.958092485549133	0.9210093844195043	0.91076267
AB021415	1452	7260	Caulobacteraceae	Brevundimonas diminuta	AJ227785	1417	7085	Caulobacteraceae	Brevundimonas alba	6598.0	1417	23	23	1361	0.9763271162123386	0.9837685250529288	0.9604798870853917	0.929797890692386	0.9312632
AB021415	1452	7260	Caulobacteraceae	Brevundimonas diminuta	AB688113	1406	7030	Caulobacteraceae	Brevundimonas abyssalis	6542.0	1384	31	9	1344	0.9774545454545455	0.9934971098265896	0.9710982658959537	0.9436467248105557	0.93058324
AB021415	1452	7260	Caulobacteraceae	Brevundimonas diminuta	KX898252	1360	6794	Caulobacteraceae	Brevundimonas canariensis	6332.0	1337	37	15	1299	0.9826021180030258	0.9887808526551982	0.9715781600598354	0.9348080986893031	0.93199885
AB021415	1452	7260	Caulobacteraceae	Brevundimonas diminuta	EU143355	1339	6695	Caulobacteraceae	Brevundimonas basaltis	6290.0	1340	18	19	1293	0.9788039364118092	0.9865571321882002	0.9649253731343284	0.938635064735234	0.93950707
AB021415	1452	7260	Caulobacteraceae	Brevundimonas diminuta	AB899817	1385	6925	Caulobacteraceae	Brevundimonas denitrificans	6517.0	1384	16	15	1338	0.9773557341124909	0.9891618497109826	0.9667630057803468	0.9453561106523535	0.941083
AB021415	1452	7260	Caulobacteraceae	Brevundimonas diminuta	M83810	1292	6424	Caulobacteraceae	Brevundimonas halotolerans	6083.0	1284	11	12	1244	0.9779874213836478	0.9914263445050663	0.9688473520249221	0.9516400245372207	0.94691783
AB021415	1452	7260	Caulobacteraceae	Brevundimonas diminuta	EF363713	1418	7090	Caulobacteraceae	Brevundimonas lenta	6734.0	1417	13	12	1377	0.9800711743772242	0.9915314043754411	0.9717713479181369	0.9547823383391486	0.94978845
AB021415	1452	7260	Caulobacteraceae	Brevundimonas diminuta	AJ227784	1416	7080	Caulobacteraceae	Brevundimonas subvibrioides	6692.0	1417	15	16	1372	0.979300499643112	0.989406779661017	0.9682427664079041	0.9472822037272861	0.94519776
AB021415	1452	7260	Caulobacteraceae	Brevundimonas diminuta	AJ227780	1416	7080	Caulobacteraceae	Brevundimonas vesicularis	6689.0	1417	12	13	1372	0.9772079772079773	0.9915254237288136	0.9682427664079041	0.9513035997457644	0.94477403
AB021415	1452	7260	Caulobacteraceae	Brevundimonas diminuta	AY971368	1416	7080	Caulobacteraceae	Brevundimonas kwangchunensis	6602.0	1417	23	24	1361	0.9770279971284996	0.9837570621468926	0.9604798870853917	0.929130890770799	0.9324859
AJ227797	1418	7090	Caulobacteraceae	Brevundimonas poindexterae	AJ227782	1416	7080	Caulobacteraceae	Brevundimonas bacteroides	6757.0	1418	19	21	1379	0.9871152469577666	0.9865819209039548	0.9724964739069112	0.9454262867417919	0.95437855
AJ227797	1418	7090	Caulobacteraceae	Brevundimonas poindexterae	DQ335215	1418	7090	Caulobacteraceae	Brevundimonas terrae	6770.0	1418	22	22	1380	0.9885386819484241	0.9844851904090268	0.9732016925246827	0.943464974141984	0.954866
AJ227797	1418	7090	Caulobacteraceae	Brevundimonas poindexterae	AJ227779	1418	7090	Caulobacteraceae	Brevundimonas vancanneytii	6733.0	1418	23	23	1376	0.9863799283154122	0.9837799717912553	0.9703808180535967	0.939404053563336	0.94964737
AJ227797	1418	7090	Caulobacteraceae	Brevundimonas poindexterae	DQ372984	1403	7015	Caulobacteraceae	Brevundimonas aveniformis	6396.0	1385	37	19	1327	0.9714494875549048	0.9862815884476535	0.9581227436823104	0.9203907650281548	0.9117605
AJ227797	1418	7090	Caulobacteraceae	Brevundimonas poindexterae	AJ227785	1417	7085	Caulobacteraceae	Brevundimonas alba	6740.0	1418	13	14	1378	0.9814814814814815	0.9908256880733946	0.9717912552891397	0.9534555712270804	0.95130557
AJ227797	1418	7090	Caulobacteraceae	Brevundimonas poindexterae	AB688113	1406	7030	Caulobacteraceae	Brevundimonas abyssalis	6448.0	1385	48	27	1332	0.9808541973490427	0.9805054151624548	0.9617328519855596	0.9113979155592393	0.91721195
AJ227797	1418	7090	Caulobacteraceae	Brevundimonas poindexterae	KX898252	1360	6794	Caulobacteraceae	Brevundimonas canariensis	6171.0	1320	50	29	1272	0.9852827265685515	0.978030303030303	0.9636363636363636	0.9080690112806901	0.9083014
AJ227797	1418	7090	Caulobacteraceae	Brevundimonas poindexterae	EU143355	1339	6695	Caulobacteraceae	Brevundimonas basaltis	6434.0	1341	10	12	1310	0.9857035364936042	0.9925317401045557	0.976882923191648	0.9609751331766841	0.9610157
AJ227797	1418	7090	Caulobacteraceae	Brevundimonas poindexterae	AB899817	1385	6925	Caulobacteraceae	Brevundimonas denitrificans	6659.0	1385	9	9	1355	0.9847383720930233	0.9935018050541516	0.9783393501805054	0.9657065608668404	0.96158844
AJ227797	1418	7090	Caulobacteraceae	Brevundimonas poindexterae	M83810	1292	6424	Caulobacteraceae	Brevundimonas halotolerans	5977.0	1267	20	22	1223	0.9823293172690764	0.9841897233201581	0.9652722967640095	0.9337715691306853	0.9304172
AJ227797	1418	7090	Caulobacteraceae	Brevundimonas poindexterae	EF363713	1418	7090	Caulobacteraceae	Brevundimonas lenta	6877.0	1418	10	10	1394	0.9900568181818182	0.9929478138222849	0.9830747531734838	0.9693061992074687	0.9699577
AJ227797	1418	7090	Caulobacteraceae	Brevundimonas poindexterae	AJ227784	1416	7080	Caulobacteraceae	Brevundimonas subvibrioides	6808.0	1418	8	10	1386	0.984375	0.9943502824858758	0.9774330042313117	0.9650951402227819	0.96158195
AJ227797	1418	7090	Caulobacteraceae	Brevundimonas poindexterae	AJ227780	1416	7080	Caulobacteraceae	Brevundimonas vesicularis	6807.0	1418	14	16	1385	0.9878744650499287	0.9901129943502824	0.9767277856135402	0.956265611333927	0.9614407
AJ227797	1418	7090	Caulobacteraceae	Brevundimonas poindexterae	AY971368	1416	7080	Caulobacteraceae	Brevundimonas kwangchunensis	6746.0	1418	18	20	1378	0.9856938483547926	0.9872881355932204	0.9717912552891397	0.9460753307062795	0.95282483
AJ227782	1416	7080	Caulobacteraceae	Brevundimonas bacteroides	DQ335215	1418	7090	Caulobacteraceae	Brevundimonas terrae	6618.0	1416	39	37	1362	0.9876722262509064	0.9738700564971752	0.961864406779661	0.9116226920612732	0.9347458
AJ227782	1416	7080	Caulobacteraceae	Brevundimonas bacteroides	AJ227779	1418	7090	Caulobacteraceae	Brevundimonas vancanneytii	6662.0	1416	30	28	1368	0.9855907780979827	0.980225988700565	0.9661016949152542	0.9273507278992896	0.94096047
AJ227782	1416	7080	Caulobacteraceae	Brevundimonas bacteroides	DQ372984	1403	7015	Caulobacteraceae	Brevundimonas aveniformis	6448.0	1383	41	21	1332	0.9779735682819384	0.9848156182212582	0.9631236442516269	0.92118989007775	0.9191732
AJ227782	1416	7080	Caulobacteraceae	Brevundimonas bacteroides	AJ227785	1417	7085	Caulobacteraceae	Brevundimonas alba	6780.0	1416	12	11	1382	0.9836298932384342	0.992231638418079	0.9759887005649718	0.960268994603491	0.9576271
AJ227782	1416	7080	Caulobacteraceae	Brevundimonas bacteroides	AB688113	1406	7030	Caulobacteraceae	Brevundimonas abyssalis	6506.0	1383	45	22	1339	0.9838354151359294	0.9840925524222705	0.9681851048445409	0.9227590530065968	0.9254623
AJ227782	1416	7080	Caulobacteraceae	Brevundimonas bacteroides	KX898252	1360	6794	Caulobacteraceae	Brevundimonas canariensis	6188.0	1320	45	24	1275	0.9837962962962963	0.9818181818181818	0.9659090909090909	0.917082917082917	0.9108037
AJ227782	1416	7080	Caulobacteraceae	Brevundimonas bacteroides	EU143355	1339	6695	Caulobacteraceae	Brevundimonas basaltis	6378.0	1339	12	12	1303	0.9819140919366993	0.9910380881254668	0.9731142643764003	0.9558272604200467	0.9526512
AJ227782	1416	7080	Caulobacteraceae	Brevundimonas bacteroides	AB899817	1385	6925	Caulobacteraceae	Brevundimonas denitrificans	6533.0	1383	21	19	1339	0.9816715542521994	0.9862617498192335	0.9681851048445409	0.9406014836238987	0.9433935
AJ227782	1416	7080	Caulobacteraceae	Brevundimonas bacteroides	M83810	1292	6424	Caulobacteraceae	Brevundimonas halotolerans	6020.0	1267	18	20	1228	0.9847634322373697	0.9857707509881423	0.9692186266771902	0.940556908534207	0.93711084
AJ227782	1416	7080	Caulobacteraceae	Brevundimonas bacteroides	EF363713	1418	7090	Caulobacteraceae	Brevundimonas lenta	6707.0	1416	25	23	1373	0.9856424982053122	0.9837570621468926	0.969632768361582	0.9373341057097042	0.9473164
AJ227782	1416	7080	Caulobacteraceae	Brevundimonas bacteroides	AJ227784	1416	7080	Caulobacteraceae	Brevundimonas subvibrioides	6728.0	1416	16	16	1376	0.9828571428571429	0.9887005649717514	0.9717514124293786	0.9500362970678282	0.9502825
AJ227782	1416	7080	Caulobacteraceae	Brevundimonas bacteroides	AJ227780	1416	7080	Caulobacteraceae	Brevundimonas vesicularis	6824.0	1416	18	18	1386	0.9914163090128756	0.9872881355932204	0.9788135593220338	0.9542408339834054	0.9638418
AJ227782	1416	7080	Caulobacteraceae	Brevundimonas bacteroides	AY971368	1416	7080	Caulobacteraceae	Brevundimonas kwangchunensis	6713.0	1416	25	25	1373	0.98705966930266	0.9823446327683616	0.969632768361582	0.9359883280992092	0.94816387
DQ335215	1418	7090	Caulobacteraceae	Brevundimonas terrae	AJ227779	1418	7090	Caulobacteraceae	Brevundimonas vancanneytii	6824.0	1418	18	18	1387	0.9907142857142858	0.9873060648801129	0.9781382228490832	0.9536166518027274	0.9624824
DQ335215	1418	7090	Caulobacteraceae	Brevundimonas terrae	DQ372984	1403	7015	Caulobacteraceae	Brevundimonas aveniformis	6408.0	1385	40	22	1328	0.9743213499633162	0.984115523465704	0.9588447653429603	0.9171266071315473	0.91347116
DQ335215	1418	7090	Caulobacteraceae	Brevundimonas terrae	AJ227785	1417	7085	Caulobacteraceae	Brevundimonas alba	6640.0	1418	30	31	1365	0.9841384282624369	0.9788285109386027	0.96262341325811	0.9220709075890874	0.93719125
DQ335215	1418	7090	Caulobacteraceae	Brevundimonas terrae	AB688113	1406	7030	Caulobacteraceae	Brevundimonas abyssalis	6512.0	1385	41	20	1340	0.9816849816849816	0.9855595667870036	0.9675090252707581	0.9261218930537061	0.9263158
DQ335215	1418	7090	Caulobacteraceae	Brevundimonas terrae	KX898252	1360	6794	Caulobacteraceae	Brevundimonas canariensis	6235.0	1320	41	20	1280	0.9846153846153847	0.9848484848484849	0.9696969696969697	0.9262351657649234	0.9177215
DQ335215	1418	7090	Caulobacteraceae	Brevundimonas terrae	EU143355	1339	6695	Caulobacteraceae	Brevundimonas basaltis	6307.0	1341	26	28	1294	0.9855293221629855	0.9805825242718447	0.964951528709918	0.9268334727111355	0.9420463
DQ335215	1418	7090	Caulobacteraceae	Brevundimonas terrae	AB899817	1385	6925	Caulobacteraceae	Brevundimonas denitrificans	6559.0	1385	23	23	1342	0.9853157121879589	0.9833935018050541	0.9689530685920578	0.9372969314079422	0.947148
DQ335215	1418	7090	Caulobacteraceae	Brevundimonas terrae	M83810	1292	6424	Caulobacteraceae	Brevundimonas halotolerans	6035.0	1267	18	20	1230	0.9863672814755413	0.9857707509881423	0.9707971586424625	0.942088760176771	0.93944585
DQ335215	1418	7090	Caulobacteraceae	Brevundimonas terrae	EF363713	1418	7090	Caulobacteraceae	Brevundimonas lenta	6752.0	1418	14	14	1379	0.9821937321937322	0.9901269393511989	0.9724964739069112	0.9534811797243739	0.9523272
DQ335215	1418	7090	Caulobacteraceae	Brevundimonas terrae	AJ227784	1416	7080	Caulobacteraceae	Brevundimonas subvibrioides	6713.0	1418	21	23	1374	0.9849462365591398	0.9851694915254238	0.9689703808180536	0.9393423775129845	0.94816387
DQ335215	1418	7090	Caulobacteraceae	Brevundimonas terrae	AJ227780	1416	7080	Caulobacteraceae	Brevundimonas vesicularis	6720.0	1418	18	20	1375	0.9835479256080114	0.9872881355932204	0.9696755994358252	0.9440156601749885	0.9491525
DQ335215	1418	7090	Caulobacteraceae	Brevundimonas terrae	AY971368	1416	7080	Caulobacteraceae	Brevundimonas kwangchunensis	6666.0	1418	22	24	1368	0.9813486370157819	0.9844632768361582	0.9647390691114246	0.9339210155148097	0.9415254
AJ227779	1418	7090	Caulobacteraceae	Brevundimonas vancanneytii	DQ372984	1403	7015	Caulobacteraceae	Brevundimonas aveniformis	6445.0	1385	34	16	1333	0.9737034331628927	0.9884476534296028	0.9624548736462094	0.92854173503993	0.9187455
AJ227779	1418	7090	Caulobacteraceae	Brevundimonas vancanneytii	AJ227785	1417	7085	Caulobacteraceae	Brevundimonas alba	6681.0	1418	20	21	1371	0.9813886900501074	0.9858856739590685	0.9668547249647391	0.9392879351708905	0.94297814
AJ227779	1418	7090	Caulobacteraceae	Brevundimonas vancanneytii	AB688113	1406	7030	Caulobacteraceae	Brevundimonas abyssalis	6551.0	1385	34	13	1345	0.9803206997084548	0.9906137184115523	0.9711191335740073	0.9389538063872713	0.9318634
AJ227779	1418	7090	Caulobacteraceae	Brevundimonas vancanneytii	KX898252	1360	6794	Caulobacteraceae	Brevundimonas canariensis	6250.0	1320	40	19	1282	0.9853958493466565	0.9856060606060606	0.9712121212121212	0.9290786541889483	0.9199293
AJ227779	1418	7090	Caulobacteraceae	Brevundimonas vancanneytii	EU143355	1339	6695	Caulobacteraceae	Brevundimonas basaltis	6247.0	1341	24	26	1288	0.979467680608365	0.9820761762509336	0.9604772557792692	0.9252949387177575	0.93308437
AJ227779	1418	7090	Caulobacteraceae	Brevundimonas vancanneytii	AB899817	1385	6925	Caulobacteraceae	Brevundimonas denitrificans	6474.0	1385	22	22	1333	0.9779897285399853	0.984115523465704	0.9624548736462094	0.9323567823594766	0.93487364
AJ227779	1418	7090	Caulobacteraceae	Brevundimonas vancanneytii	M83810	1292	6424	Caulobacteraceae	Brevundimonas halotolerans	5996.0	1267	19	21	1226	0.9839486356340289	0.9849802371541502	0.9676400947119179	0.9375424245809095	0.9333748
AJ227779	1418	7090	Caulobacteraceae	Brevundimonas vancanneytii	EF363713	1418	7090	Caulobacteraceae	Brevundimonas lenta	6673.0	1418	20	20	1370	0.9799713876967096	0.9858956276445698	0.9661495063469676	0.9392746939311967	0.94118476
AJ227779	1418	7090	Caulobacteraceae	Brevundimonas vancanneytii	AJ227784	1416	7080	Caulobacteraceae	Brevundimonas subvibrioides	6658.0	1418	19	21	1368	0.9792412312097352	0.9865819209039548	0.9647390691114246	0.9378848152739458	0.9403955
AJ227779	1418	7090	Caulobacteraceae	Brevundimonas vancanneytii	AJ227780	1416	7080	Caulobacteraceae	Brevundimonas vesicularis	6775.0	1418	13	15	1382	0.985032074126871	0.990819209039548	0.9746121297602257	0.9555421509808502	0.9569209
AJ227779	1418	7090	Caulobacteraceae	Brevundimonas vancanneytii	AY971368	1416	7080	Caulobacteraceae	Brevundimonas kwangchunensis	6673.0	1418	17	19	1370	0.9792709077912795	0.9879943502824858	0.9661495063469676	0.941911609323629	0.9425141
DQ372984	1403	7015	Caulobacteraceae	Brevundimonas aveniformis	AJ227785	1417	7085	Caulobacteraceae	Brevundimonas alba	6545.0	1403	11	30	1344	0.9788783685360525	0.9920520231213873	0.9579472558802566	0.9301708502995703	0.9330007
DQ372984	1403	7015	Caulobacteraceae	Brevundimonas aveniformis	AB688113	1406	7030	Caulobacteraceae	Brevundimonas abyssalis	6553.0	1403	23	20	1351	0.9768618944323934	0.9857448325017819	0.9629365645046329	0.9338999079312114	0.9341411
DQ372984	1403	7015	Caulobacteraceae	Brevundimonas aveniformis	KX898252	1360	6794	Caulobacteraceae	Brevundimonas canariensis	6209.0	1340	23	22	1284	0.9742033383915023	0.9835820895522388	0.9582089552238806	0.9265732963940386	0.9138946
DQ372984	1403	7015	Caulobacteraceae	Brevundimonas aveniformis	EU143355	1339	6695	Caulobacteraceae	Brevundimonas basaltis	6250.0	1359	15	35	1291	0.9750755287009063	0.9887976101568334	0.9499632082413539	0.9153939502995287	0.9335325
DQ372984	1403	7015	Caulobacteraceae	Brevundimonas aveniformis	AB899817	1385	6925	Caulobacteraceae	Brevundimonas denitrificans	6462.0	1403	10	28	1335	0.9709090909090909	0.9927797833935018	0.9515324305060584	0.9259427402305946	0.9331408
DQ372984	1403	7015	Caulobacteraceae	Brevundimonas aveniformis	M83810	1292	6424	Caulobacteraceae	Brevundimonas halotolerans	5931.0	1287	11	33	1222	0.9744816586921851	0.991304347826087	0.9494949494949495	0.9173086800205444	0.9232565
DQ372984	1403	7015	Caulobacteraceae	Brevundimonas aveniformis	EF363713	1418	7090	Caulobacteraceae	Brevundimonas lenta	6534.0	1403	13	31	1343	0.9788629737609329	0.9906137184115523	0.9572344975053457	0.9274899227241061	0.93143266
DQ372984	1403	7015	Caulobacteraceae	Brevundimonas aveniformis	AJ227784	1416	7080	Caulobacteraceae	Brevundimonas subvibrioides	6496.0	1403	16	36	1338	0.9787856620336504	0.9884309472161966	0.9536707056307911	0.9187229419290286	0.9260157
DQ372984	1403	7015	Caulobacteraceae	Brevundimonas aveniformis	AJ227780	1416	7080	Caulobacteraceae	Brevundimonas vesicularis	6614.0	1403	4	24	1352	0.9804205946337926	0.9971077368040492	0.9636493228795439	0.9444722219267172	0.94283676
DQ372984	1403	7015	Caulobacteraceae	Brevundimonas aveniformis	AY971368	1416	7080	Caulobacteraceae	Brevundimonas kwangchunensis	6572.0	1403	9	29	1347	0.980349344978166	0.9934924078091106	0.9600855310049893	0.9342475351280844	0.9368496
AJ227785	1417	7085	Caulobacteraceae	Brevundimonas alba	AB688113	1406	7030	Caulobacteraceae	Brevundimonas abyssalis	6429.0	1384	46	24	1330	0.9779411764705882	0.9826589595375722	0.9609826589595376	0.9139415497797001	0.91450924
AJ227785	1417	7085	Caulobacteraceae	Brevundimonas alba	KX898252	1360	6794	Caulobacteraceae	Brevundimonas canariensis	6115.0	1319	48	26	1266	0.9791183294663574	0.9802880970432145	0.9598180439727066	0.9078600810948865	0.90005887
AJ227785	1417	7085	Caulobacteraceae	Brevundimonas alba	EU143355	1339	6695	Caulobacteraceae	Brevundimonas basaltis	6562.0	1340	5	6	1324	0.992503748125937	0.9962658700522778	0.9880597014925373	0.9799789158297731	0.9801344
AJ227785	1417	7085	Caulobacteraceae	Brevundimonas alba	AB899817	1385	6925	Caulobacteraceae	Brevundimonas denitrificans	6770.0	1384	7	6	1367	0.9920174165457184	0.9956647398843931	0.9877167630057804	0.9784857652206796	0.9776173
AJ227785	1417	7085	Caulobacteraceae	Brevundimonas alba	M83810	1292	6424	Caulobacteraceae	Brevundimonas halotolerans	5984.0	1266	22	23	1224	0.9847144006436042	0.9826086956521739	0.966824644549763	0.9330458332106798	0.9315069
AJ227785	1417	7085	Caulobacteraceae	Brevundimonas alba	EF363713	1418	7090	Caulobacteraceae	Brevundimonas lenta	6836.0	1417	9	8	1389	0.985805535841022	0.9943542695836274	0.9802399435426958	0.9685540536126637	0.9648553
AJ227785	1417	7085	Caulobacteraceae	Brevundimonas alba	AJ227784	1416	7080	Caulobacteraceae	Brevundimonas subvibrioides	6840.0	1417	10	11	1389	0.9879089615931721	0.9929378531073446	0.9802399435426958	0.9658145484380031	0.9661017
AJ227785	1417	7085	Caulobacteraceae	Brevundimonas alba	AJ227780	1416	7080	Caulobacteraceae	Brevundimonas vesicularis	6831.0	1417	7	8	1388	0.9850958126330731	0.9950564971751412	0.9795342272406493	0.9692160998469628	0.9648305
AJ227785	1417	7085	Caulobacteraceae	Brevundimonas alba	AY971368	1416	7080	Caulobacteraceae	Brevundimonas kwangchunensis	6876.0	1417	9	10	1393	0.9900497512437811	0.9936440677966102	0.9830628087508821	0.9699644964323221	0.97118646
AB688113	1406	7030	Caulobacteraceae	Brevundimonas abyssalis	KX898252	1360	6794	Caulobacteraceae	Brevundimonas canariensis	6636.0	1341	2	2	1333	0.9955190440627334	0.9985085756897838	0.994034302759135	0.991073664478393	0.9767442
AB688113	1406	7030	Caulobacteraceae	Brevundimonas abyssalis	EU143355	1339	6695	Caulobacteraceae	Brevundimonas basaltis	6199.0	1362	21	44	1285	0.9749620637329287	0.9843166542195668	0.9434654919236417	0.8991232959908603	0.9259149
AB688113	1406	7030	Caulobacteraceae	Brevundimonas abyssalis	AB899817	1385	6925	Caulobacteraceae	Brevundimonas denitrificans	6426.0	1406	21	42	1330	0.9750733137829912	0.9848375451263538	0.9459459459459459	0.9041837913596847	0.9279422
AB688113	1406	7030	Caulobacteraceae	Brevundimonas abyssalis	M83810	1292	6424	Caulobacteraceae	Brevundimonas halotolerans	6000.0	1288	10	33	1230	0.9800796812749004	0.9920948616600791	0.9549689440993789	0.9233328388634211	0.9339975
AB688113	1406	7030	Caulobacteraceae	Brevundimonas abyssalis	EF363713	1418	7090	Caulobacteraceae	Brevundimonas lenta	6442.0	1406	18	39	1332	0.9743964886613021	0.9870036101083033	0.9473684210526315	0.9094470727380248	0.9163585
AB688113	1406	7030	Caulobacteraceae	Brevundimonas abyssalis	AJ227784	1416	7080	Caulobacteraceae	Brevundimonas subvibrioides	6428.0	1406	19	42	1330	0.9750733137829912	0.9862617498192335	0.9459459459459459	0.9054528212422949	0.914367
AB688113	1406	7030	Caulobacteraceae	Brevundimonas abyssalis	AJ227780	1416	7080	Caulobacteraceae	Brevundimonas vesicularis	6539.0	1406	14	37	1343	0.9810080350620891	0.9898770788141721	0.9551920341394026	0.9208858413639733	0.93015647
AB688113	1406	7030	Caulobacteraceae	Brevundimonas abyssalis	AY971368	1416	7080	Caulobacteraceae	Brevundimonas kwangchunensis	6400.0	1406	30	53	1326	0.9800443458980045	0.9783080260303688	0.9431009957325747	0.8885902835836863	0.91038406
KX898252	1360	6794	Caulobacteraceae	Brevundimonas canariensis	EU143355	1339	6695	Caulobacteraceae	Brevundimonas basaltis	6019.0	1321	23	44	1247	0.9765074393108849	0.9823076923076923	0.9439818319454958	0.8969232138351176	0.89902914
KX898252	1360	6794	Caulobacteraceae	Brevundimonas canariensis	AB899817	1385	6925	Caulobacteraceae	Brevundimonas denitrificans	6130.0	1341	23	44	1268	0.9776407093292213	0.9825757575757575	0.9455630126771066	0.8991167356614422	0.9022667
KX898252	1360	6794	Caulobacteraceae	Brevundimonas canariensis	M83810	1292	6424	Caulobacteraceae	Brevundimonas halotolerans	6065.0	1307	14	37	1245	0.9803149606299213	0.9890965732087228	0.9525631216526397	0.9157874068878519	0.9441158
KX898252	1360	6794	Caulobacteraceae	Brevundimonas canariensis	EF363713	1418	7090	Caulobacteraceae	Brevundimonas lenta	6153.0	1341	18	39	1271	0.9761904761904762	0.9863636363636363	0.947800149142431	0.9080469420040068	0.90565205
KX898252	1360	6794	Caulobacteraceae	Brevundimonas canariensis	AJ227784	1416	7080	Caulobacteraceae	Brevundimonas subvibrioides	6113.0	1341	22	43	1266	0.975346687211094	0.9833333333333333	0.9440715883668904	0.8990498325019983	0.8997645
KX898252	1360	6794	Caulobacteraceae	Brevundimonas canariensis	AJ227780	1416	7080	Caulobacteraceae	Brevundimonas vesicularis	6214.0	1341	17	38	1278	0.9808135072908672	0.9871212121212121	0.9530201342281879	0.914422117009815	0.91463053
KX898252	1360	6794	Caulobacteraceae	Brevundimonas canariensis	AY971368	1416	7080	Caulobacteraceae	Brevundimonas kwangchunensis	6123.0	1341	26	47	1267	0.9791344667697064	0.9803030303030303	0.9448173005219985	0.8943625361195802	0.90123636
EU143355	1339	6695	Caulobacteraceae	Brevundimonas basaltis	AB899817	1385	6925	Caulobacteraceae	Brevundimonas denitrificans	6575.0	1339	4	2	1326	0.9917726252804787	0.9985063480209111	0.9902912621359223	0.9858670271598869	0.98207617
EU143355	1339	6695	Caulobacteraceae	Brevundimonas basaltis	M83810	1292	6424	Caulobacteraceae	Brevundimonas halotolerans	5863.0	1247	19	21	1202	0.9804241435562806	0.9847389558232932	0.9639133921411387	0.9334579927053998	0.9126712
EU143355	1339	6695	Caulobacteraceae	Brevundimonas basaltis	EF363713	1418	7090	Caulobacteraceae	Brevundimonas lenta	6521.0	1339	4	2	1320	0.9872849663425579	0.9985063480209111	0.9858103061986557	0.9814060903854077	0.97401047
EU143355	1339	6695	Caulobacteraceae	Brevundimonas basaltis	AJ227784	1416	7080	Caulobacteraceae	Brevundimonas subvibrioides	6525.0	1339	4	4	1320	0.9887640449438202	0.9970126960418223	0.9858103061986557	0.9799380184476586	0.97460794
EU143355	1339	6695	Caulobacteraceae	Brevundimonas basaltis	AJ227780	1416	7080	Caulobacteraceae	Brevundimonas vesicularis	6361.0	1339	10	10	1301	0.9789315274642588	0.9925317401045557	0.9716206123973115	0.9572155625470918	0.95011204
EU143355	1339	6695	Caulobacteraceae	Brevundimonas basaltis	AY971368	1416	7080	Caulobacteraceae	Brevundimonas kwangchunensis	6420.0	1339	16	16	1307	0.9879062736205594	0.988050784167289	0.9761015683345781	0.9530497231783371	0.9589246
AB899817	1385	6925	Caulobacteraceae	Brevundimonas denitrificans	M83810	1292	6424	Caulobacteraceae	Brevundimonas halotolerans	5972.0	1267	17	19	1223	0.9799679487179487	0.9865612648221344	0.9652722967640095	0.9382085875089438	0.92963886
AB899817	1385	6925	Caulobacteraceae	Brevundimonas denitrificans	EF363713	1418	7090	Caulobacteraceae	Brevundimonas lenta	6781.0	1385	1	1	1369	0.9891618497109826	0.9992779783393502	0.9884476534296028	0.9870213220393725	0.9792058
AB899817	1385	6925	Caulobacteraceae	Brevundimonas denitrificans	AJ227784	1416	7080	Caulobacteraceae	Brevundimonas subvibrioides	6726.0	1385	7	9	1362	0.9898255813953488	0.9949385394070861	0.9833935018050541	0.972090128221088	0.9712635
AB899817	1385	6925	Caulobacteraceae	Brevundimonas denitrificans	AJ227780	1416	7080	Caulobacteraceae	Brevundimonas vesicularis	6556.0	1385	6	8	1343	0.9753086419753086	0.9956616052060737	0.9696750902527076	0.9599155997684963	0.9467148
AB899817	1385	6925	Caulobacteraceae	Brevundimonas denitrificans	AY971368	1416	7080	Caulobacteraceae	Brevundimonas kwangchunensis	6670.0	1385	13	15	1355	0.9890510948905109	0.9906001446131598	0.9783393501805054	0.958744570634687	0.9631769
M83810	1292	6424	Caulobacteraceae	Brevundimonas halotolerans	EF363713	1418	7090	Caulobacteraceae	Brevundimonas lenta	6006.0	1265	17	15	1227	0.9816	0.9881422924901185	0.9699604743083003	0.9457492924222898	0.9349315
M83810	1292	6424	Caulobacteraceae	Brevundimonas halotolerans	AJ227784	1416	7080	Caulobacteraceae	Brevundimonas subvibrioides	5997.0	1265	19	17	1226	0.9823717948717948	0.9865612648221344	0.9691699604743083	0.9419969709282997	0.9335305
M83810	1292	6424	Caulobacteraceae	Brevundimonas halotolerans	AJ227780	1416	7080	Caulobacteraceae	Brevundimonas vesicularis	6045.0	1265	15	13	1232	0.9840255591054313	0.9897233201581027	0.9739130434782609	0.952608695652174	0.9410025
M83810	1292	6424	Caulobacteraceae	Brevundimonas halotolerans	AY971368	1416	7080	Caulobacteraceae	Brevundimonas kwangchunensis	5982.0	1265	19	17	1224	0.9807692307692307	0.9865612648221344	0.9675889328063241	0.940460271138857	0.9311955
EF363713	1418	7090	Caulobacteraceae	Brevundimonas lenta	AJ227784	1416	7080	Caulobacteraceae	Brevundimonas subvibrioides	6918.0	1418	5	7	1398	0.9907866761162296	0.9964689265536724	0.9858956276445698	0.9775816799764498	0.9771187
EF363713	1418	7090	Caulobacteraceae	Brevundimonas lenta	AJ227780	1416	7080	Caulobacteraceae	Brevundimonas vesicularis	6757.0	1418	9	11	1380	0.9808102345415778	0.9936440677966102	0.9732016925246827	0.959561865019081	0.95437855
EF363713	1418	7090	Caulobacteraceae	Brevundimonas lenta	AY971368	1416	7080	Caulobacteraceae	Brevundimonas kwangchunensis	6923.0	1418	9	11	1398	0.9936034115138592	0.9936440677966102	0.9858956276445698	0.9720778893454167	0.97782487
AJ227784	1416	7080	Caulobacteraceae	Brevundimonas subvibrioides	AJ227780	1416	7080	Caulobacteraceae	Brevundimonas vesicularis	6766.0	1416	12	12	1380	0.9829059829059829	0.9915254237288136	0.9745762711864406	0.9581968380572566	0.95564973
AJ227784	1416	7080	Caulobacteraceae	Brevundimonas subvibrioides	AY971368	1416	7080	Caulobacteraceae	Brevundimonas kwangchunensis	6802.0	1416	20	20	1383	0.9906876790830945	0.9858757062146892	0.9766949152542372	0.9494889287569047	0.9607345
AJ227780	1416	7080	Caulobacteraceae	Brevundimonas vesicularis	AY971368	1416	7080	Caulobacteraceae	Brevundimonas kwangchunensis	6812.0	1416	5	5	1386	0.9822820694542878	0.9964689265536724	0.9788135593220338	0.9719253569341237	0.9621469
