AY949193	1388	6940	Burkholderiaceae	Caballeronia humi	JN256678	1492	7460	Burkholderiaceae	Caballeronia grimmiae	6657.0	1388	16	21	1354	0.9904901243599122	0.9884309472161966	0.9755043227665706	0.9497965877648875	0.9592219
AY949193	1388	6940	Burkholderiaceae	Caballeronia humi	U96935	1606	8030	Burkholderiaceae	Caballeronia glathei	6490.0	1336	9	13	1313	0.9924414210128496	0.9932432432432432	0.9827844311377245	0.9667091467622376	0.9351585
AY949193	1388	6940	Burkholderiaceae	Caballeronia humi	HM802212	1490	7450	Burkholderiaceae	Caballeronia zhejiangensis	6699.0	1388	14	18	1359	0.9919708029197081	0.9898843930635838	0.979106628242075	0.9567589733891888	0.9652738
AY949193	1388	6940	Burkholderiaceae	Caballeronia humi	AY949196	1388	6940	Burkholderiaceae	Caballeronia choica	6772.0	1388	12	12	1369	0.9949127906976745	0.9913544668587896	0.9863112391930836	0.9694030465212022	0.9757925
AY949193	1388	6940	Burkholderiaceae	Caballeronia humi	HG324048	1484	7414	Burkholderiaceae	Caballeronia cordobensis	6648.0	1368	12	16	1344	0.9940828402366864	0.9912023460410557	0.9824561403508771	0.9625222476481058	0.9579251
AY949193	1388	6940	Burkholderiaceae	Caballeronia humi	AF512827	1469	7345	Burkholderiaceae	Caballeronia sordidicola	6546.0	1367	19	24	1332	0.9918093819806404	0.9860499265785609	0.9743964886613021	0.9441662945686354	0.94322765
AY949193	1388	6940	Burkholderiaceae	Caballeronia humi	AY154367	1454	7270	Burkholderiaceae	Caballeronia udeis	6532.0	1368	20	24	1331	0.9903273809523809	0.9853372434017595	0.972953216374269	0.9421103190252289	0.9412104
AY949193	1388	6940	Burkholderiaceae	Caballeronia humi	KF155693	1464	7320	Burkholderiaceae	Caballeronia megalochromosomata	6550.0	1370	21	24	1334	0.9910846953937593	0.9846378931967813	0.9737226277372263	0.9422218957112197	0.943804
AY949193	1388	6940	Burkholderiaceae	Caballeronia humi	HE981726	1440	7200	Burkholderiaceae	Caballeronia terrestris	6809.0	1377	4	9	1367	0.9992690058479532	0.9970845481049563	0.9927378358750908	0.9833927295272442	0.9811239
AY949193	1388	6940	Burkholderiaceae	Caballeronia humi	HE981727	1501	7505	Burkholderiaceae	Caballeronia telluris	6682.0	1377	13	16	1353	0.994121969140338	0.9905385735080058	0.9825708061002179	0.9620711274117961	0.9628242
AY949193	1388	6940	Burkholderiaceae	Caballeronia humi	KJ400396	1498	7490	Burkholderiaceae	Caballeronia jiangsuensis	6677.0	1387	13	15	1357	0.989067055393586	0.9906137184115523	0.9783705839942322	0.9588031723143475	0.9621037
JN256678	1492	7460	Burkholderiaceae	Caballeronia grimmiae	U96935	1606	8030	Burkholderiaceae	Caballeronia glathei	6911.0	1441	16	16	1407	0.9873684210526316	0.9888965995836225	0.9764052741151977	0.954960546063251	0.9264075
JN256678	1492	7460	Burkholderiaceae	Caballeronia grimmiae	HM802212	1490	7450	Burkholderiaceae	Caballeronia zhejiangensis	7319.0	1489	7	6	1475	0.9946055293324343	0.9959704499664204	0.9905977165883143	0.9819895813505816	0.9824161
JN256678	1492	7460	Burkholderiaceae	Caballeronia grimmiae	AY949196	1388	6940	Burkholderiaceae	Caballeronia choica	6619.0	1383	21	16	1350	0.9875640087783467	0.9884309472161966	0.9761388286334056	0.950414372323266	0.9537464
JN256678	1492	7460	Burkholderiaceae	Caballeronia grimmiae	HG324048	1484	7414	Burkholderiaceae	Caballeronia cordobensis	7266.0	1472	6	5	1461	0.9959100204498977	0.9966032608695652	0.9925271739130435	0.9851403004942049	0.98003775
JN256678	1492	7460	Burkholderiaceae	Caballeronia grimmiae	AF512827	1469	7345	Burkholderiaceae	Caballeronia sordidicola	7002.0	1468	22	22	1429	0.9882434301521439	0.9850136239782016	0.973433242506812	0.9446875628623156	0.95330155
JN256678	1492	7460	Burkholderiaceae	Caballeronia grimmiae	AY154367	1454	7270	Burkholderiaceae	Caballeronia udeis	6873.0	1453	26	25	1408	0.9859943977591037	0.9827942188575362	0.969029593943565	0.9356147803593041	0.945392
JN256678	1492	7460	Burkholderiaceae	Caballeronia grimmiae	KF155693	1464	7320	Burkholderiaceae	Caballeronia megalochromosomata	7178.0	1462	12	10	1447	0.9965564738292011	0.9931600547195623	0.9897400820793434	0.9749678420483084	0.9806011
JN256678	1492	7460	Burkholderiaceae	Caballeronia grimmiae	HE981726	1440	7200	Burkholderiaceae	Caballeronia terrestris	6923.0	1440	19	19	1408	0.9908515130190007	0.9868055555555556	0.9777777777777777	0.9523113243469652	0.96152776
JN256678	1492	7460	Burkholderiaceae	Caballeronia grimmiae	HE981727	1501	7505	Burkholderiaceae	Caballeronia telluris	7102.0	1481	17	15	1447	0.9870395634379263	0.9898717083051992	0.9770425388251182	0.9561711361265843	0.95201075
JN256678	1492	7460	Burkholderiaceae	Caballeronia grimmiae	KJ400396	1498	7490	Burkholderiaceae	Caballeronia jiangsuensis	7304.0	1491	12	9	1474	0.9946018893387314	0.993963782696177	0.98859825620389	0.9747855061172089	0.9790885
U96935	1606	8030	Burkholderiaceae	Caballeronia glathei	HM802212	1490	7450	Burkholderiaceae	Caballeronia zhejiangensis	6879.0	1438	20	19	1402	0.9880197322057788	0.9867872044506258	0.9749652294853964	0.9488859126473097	0.9233557
U96935	1606	8030	Burkholderiaceae	Caballeronia glathei	AY949196	1388	6940	Burkholderiaceae	Caballeronia choica	6407.0	1332	19	14	1304	0.9893778452200304	0.9894894894894894	0.978978978978979	0.9550660949624681	0.9231988
U96935	1606	8030	Burkholderiaceae	Caballeronia glathei	HG324048	1484	7414	Burkholderiaceae	Caballeronia cordobensis	6995.0	1453	18	18	1421	0.9902439024390244	0.987611837577426	0.9779766001376462	0.954042434532646	0.9434853
U96935	1606	8030	Burkholderiaceae	Caballeronia glathei	AF512827	1469	7345	Burkholderiaceae	Caballeronia sordidicola	7006.0	1439	16	16	1417	0.9957835558678847	0.9888811674774148	0.9847116052814454	0.9630547177426095	0.95384616
U96935	1606	8030	Burkholderiaceae	Caballeronia glathei	AY154367	1454	7270	Burkholderiaceae	Caballeronia udeis	6886.0	1422	19	18	1396	0.9943019943019943	0.9873417721518988	0.9817158931082982	0.9565087535905973	0.9471802
U96935	1606	8030	Burkholderiaceae	Caballeronia glathei	KF155693	1464	7320	Burkholderiaceae	Caballeronia megalochromosomata	6826.0	1429	24	22	1392	0.9893390191897654	0.9846046186144157	0.9741077676696991	0.943268843159853	0.93251365
U96935	1606	8030	Burkholderiaceae	Caballeronia glathei	HE981726	1440	7200	Burkholderiaceae	Caballeronia terrestris	6860.0	1400	8	8	1384	0.9942528735632183	0.9942857142857143	0.9885714285714285	0.9773376623376623	0.9527778
U96935	1606	8030	Burkholderiaceae	Caballeronia glathei	HE981727	1501	7505	Burkholderiaceae	Caballeronia telluris	7084.0	1460	14	13	1435	0.9917069799585349	0.9910958904109589	0.9828767123287672	0.9648728648166393	0.94390404
U96935	1606	8030	Burkholderiaceae	Caballeronia glathei	KJ400396	1498	7490	Burkholderiaceae	Caballeronia jiangsuensis	6933.0	1444	21	18	1411	0.9894810659186536	0.9875346260387812	0.9771468144044322	0.9511340323144849	0.9256342
HM802212	1490	7450	Burkholderiaceae	Caballeronia zhejiangensis	AY949196	1388	6940	Burkholderiaceae	Caballeronia choica	6661.0	1384	17	13	1355	0.9883296863603209	0.990606936416185	0.9790462427745664	0.9580816551348541	0.9597983
HM802212	1490	7450	Burkholderiaceae	Caballeronia zhejiangensis	HG324048	1484	7414	Burkholderiaceae	Caballeronia cordobensis	7301.0	1470	1	1	1464	0.9965963240299524	0.9993197278911564	0.9959183673469387	0.9945642975069021	0.98475856
HM802212	1490	7450	Burkholderiaceae	Caballeronia zhejiangensis	AF512827	1469	7345	Burkholderiaceae	Caballeronia sordidicola	6982.0	1469	24	25	1427	0.9882271468144044	0.9836512261580381	0.9714091218515998	0.9395276436394576	0.95057863
HM802212	1490	7450	Burkholderiaceae	Caballeronia zhejiangensis	AY154367	1454	7270	Burkholderiaceae	Caballeronia udeis	6871.0	1454	25	25	1408	0.9853044086773968	0.982806052269601	0.9683631361760661	0.9356260457035823	0.94511694
HM802212	1490	7450	Burkholderiaceae	Caballeronia zhejiangensis	KF155693	1464	7320	Burkholderiaceae	Caballeronia megalochromosomata	7127.0	1463	16	15	1441	0.9951657458563536	0.9897470950102529	0.9849624060150376	0.9643174874305438	0.9736339
HM802212	1490	7450	Burkholderiaceae	Caballeronia zhejiangensis	HE981726	1440	7200	Burkholderiaceae	Caballeronia terrestris	6965.0	1441	15	16	1413	0.991578947368421	0.9895833333333334	0.9805690492713394	0.9596915489091061	0.9673611
HM802212	1490	7450	Burkholderiaceae	Caballeronia zhejiangensis	HE981727	1501	7505	Burkholderiaceae	Caballeronia telluris	7112.0	1479	17	16	1447	0.9890635680109364	0.9891818796484111	0.9783637592968222	0.9567822057829216	0.95463085
HM802212	1490	7450	Burkholderiaceae	Caballeronia zhejiangensis	KJ400396	1498	7490	Burkholderiaceae	Caballeronia jiangsuensis	7247.0	1489	17	15	1466	0.994572591587517	0.989926124916051	0.984553391537945	0.9636332663525438	0.9727517
AY949196	1388	6940	Burkholderiaceae	Caballeronia choica	HG324048	1484	7414	Burkholderiaceae	Caballeronia cordobensis	6609.0	1368	10	14	1340	0.9896602658788775	0.9926686217008798	0.97953216374269	0.9624720970301903	0.9523055
AY949196	1388	6940	Burkholderiaceae	Caballeronia choica	AF512827	1469	7345	Burkholderiaceae	Caballeronia sordidicola	6570.0	1367	17	22	1335	0.9925650557620818	0.9875183553597651	0.9765910753474762	0.9490715291491008	0.94668585
AY949196	1388	6940	Burkholderiaceae	Caballeronia choica	AY154367	1454	7270	Burkholderiaceae	Caballeronia udeis	6574.0	1368	16	20	1336	0.9910979228486647	0.9882697947214076	0.9766081871345029	0.9512050840009465	0.9472622
AY949196	1388	6940	Burkholderiaceae	Caballeronia choica	KF155693	1464	7320	Burkholderiaceae	Caballeronia megalochromosomata	6486.0	1370	22	25	1327	0.9866171003717472	0.9839063643013899	0.9686131386861314	0.9359085284000336	0.9345821
AY949196	1388	6940	Burkholderiaceae	Caballeronia choica	HE981726	1440	7200	Burkholderiaceae	Caballeronia terrestris	6712.0	1377	9	14	1356	0.9948642699926632	0.9934402332361516	0.9847494553376906	0.9684080141596482	0.967147
AY949196	1388	6940	Burkholderiaceae	Caballeronia choica	HE981727	1501	7505	Burkholderiaceae	Caballeronia telluris	6603.0	1377	17	20	1344	0.9904200442151806	0.987627365356623	0.9760348583877996	0.9501286247003186	0.95144093
AY949196	1388	6940	Burkholderiaceae	Caballeronia choica	KJ400396	1498	7490	Burkholderiaceae	Caballeronia jiangsuensis	6611.0	1387	19	21	1349	0.9875549048316252	0.9862815884476535	0.9726027397260274	0.944932676006937	0.9525937
HG324048	1484	7414	Burkholderiaceae	Caballeronia cordobensis	AF512827	1469	7345	Burkholderiaceae	Caballeronia sordidicola	7029.0	1470	23	24	1432	0.9903181189488244	0.9843430905377808	0.9741496598639455	0.9434831936793471	0.95697755
HG324048	1484	7414	Burkholderiaceae	Caballeronia cordobensis	AY154367	1454	7270	Burkholderiaceae	Caballeronia udeis	6921.0	1454	24	24	1413	0.9881118881118881	0.9834938101788171	0.9718019257221459	0.9402413760369882	0.9519945
HG324048	1484	7414	Burkholderiaceae	Caballeronia cordobensis	KF155693	1464	7320	Burkholderiaceae	Caballeronia megalochromosomata	7157.0	1461	14	13	1443	0.9965469613259669	0.9911019849418207	0.9876796714579056	0.9696001113702015	0.97773224
HG324048	1484	7414	Burkholderiaceae	Caballeronia cordobensis	HE981726	1440	7200	Burkholderiaceae	Caballeronia terrestris	6969.0	1432	13	14	1409	0.9936530324400564	0.9909154437456325	0.9839385474860335	0.9655535365641491	0.96791667
HG324048	1484	7414	Burkholderiaceae	Caballeronia cordobensis	HE981727	1501	7505	Burkholderiaceae	Caballeronia telluris	7186.0	1484	15	14	1457	0.991156462585034	0.9905660377358491	0.9818059299191375	0.9628116857779401	0.96924734
HG324048	1484	7414	Burkholderiaceae	Caballeronia cordobensis	KJ400396	1498	7490	Burkholderiaceae	Caballeronia jiangsuensis	7231.0	1476	14	12	1458	0.9959016393442623	0.991869918699187	0.9878048780487805	0.9705680144049763	0.97531694
AF512827	1469	7345	Burkholderiaceae	Caballeronia sordidicola	AY154367	1454	7270	Burkholderiaceae	Caballeronia udeis	7129.0	1452	11	10	1437	0.9965325936199723	0.9931129476584022	0.9896694214876033	0.9754636403179248	0.98060524
AF512827	1469	7345	Burkholderiaceae	Caballeronia sordidicola	KF155693	1464	7320	Burkholderiaceae	Caballeronia megalochromosomata	6930.0	1459	26	24	1417	0.9874564459930314	0.9835503769705277	0.9712131596984236	0.9385123799105978	0.9467213
AF512827	1469	7345	Burkholderiaceae	Caballeronia sordidicola	HE981726	1440	7200	Burkholderiaceae	Caballeronia terrestris	6918.0	1430	17	17	1403	0.9929228591648974	0.9881118881118881	0.9811188811188811	0.9580656385770414	0.9608333
AF512827	1469	7345	Burkholderiaceae	Caballeronia sordidicola	HE981727	1501	7505	Burkholderiaceae	Caballeronia telluris	7070.0	1469	18	16	1438	0.9896765313145217	0.9891082368958475	0.9788972089857045	0.9565148921696226	0.9625596
AF512827	1469	7345	Burkholderiaceae	Caballeronia sordidicola	KJ400396	1498	7490	Burkholderiaceae	Caballeronia jiangsuensis	7013.0	1469	25	22	1431	0.9889426399447132	0.9850238257317904	0.9741320626276379	0.9434866764539437	0.9547992
AY154367	1454	7270	Burkholderiaceae	Caballeronia udeis	KF155693	1464	7320	Burkholderiaceae	Caballeronia megalochromosomata	6848.0	1454	29	28	1405	0.985273492286115	0.9807427785419532	0.9662998624484181	0.9291595440670561	0.94195324
AY154367	1454	7270	Burkholderiaceae	Caballeronia udeis	HE981726	1440	7200	Burkholderiaceae	Caballeronia terrestris	6897.0	1432	19	20	1401	0.9922096317280453	0.986722571628232	0.9783519553072626	0.9520557966187835	0.9579167
AY154367	1454	7270	Burkholderiaceae	Caballeronia udeis	HE981727	1501	7505	Burkholderiaceae	Caballeronia telluris	6973.0	1454	19	18	1420	0.9888579387186629	0.9876203576341128	0.9766162310866575	0.952084798262349	0.95914716
AY154367	1454	7270	Burkholderiaceae	Caballeronia udeis	KJ400396	1498	7490	Burkholderiaceae	Caballeronia jiangsuensis	6872.0	1454	28	26	1408	0.9859943977591037	0.9821182943603851	0.9683631361760661	0.9330786494328087	0.94525445
KF155693	1464	7320	Burkholderiaceae	Caballeronia megalochromosomata	HE981726	1440	7200	Burkholderiaceae	Caballeronia terrestris	6863.0	1435	22	24	1398	0.9907866761162296	0.9846475924633635	0.9742160278745644	0.9434583495751616	0.95319444
KF155693	1464	7320	Burkholderiaceae	Caballeronia megalochromosomata	HE981727	1501	7505	Burkholderiaceae	Caballeronia telluris	6984.0	1464	20	20	1425	0.9868421052631579	0.9863387978142076	0.9733606557377049	0.9471245194644514	0.95409834
KF155693	1464	7320	Burkholderiaceae	Caballeronia megalochromosomata	KJ400396	1498	7490	Burkholderiaceae	Caballeronia jiangsuensis	7186.0	1464	14	13	1448	0.9979324603721571	0.9911202185792349	0.9890710382513661	0.9710027581209284	0.981694
HE981726	1440	7200	Burkholderiaceae	Caballeronia terrestris	HE981727	1501	7505	Burkholderiaceae	Caballeronia telluris	7042.0	1440	13	11	1422	0.9951014695591323	0.9923611111111111	0.9875	0.9711889194769443	0.97805554
HE981726	1440	7200	Burkholderiaceae	Caballeronia terrestris	KJ400396	1498	7490	Burkholderiaceae	Caballeronia jiangsuensis	6933.0	1440	21	17	1410	0.9908643710470836	0.9881944444444445	0.9791666666666666	0.9536989504905315	0.9629167
HE981727	1501	7505	Burkholderiaceae	Caballeronia telluris	KJ400396	1498	7490	Burkholderiaceae	Caballeronia jiangsuensis	7100.0	1486	22	20	1448	0.9877216916780355	0.9865410497981157	0.9744279946164199	0.9472887533870502	0.9479306
