GU723692	1605	8025	Clostridiaceae	Caloramator mitchellensis	AF181848	1480	7400	Clostridiaceae	Caloramator viterbiensis	6501.0	1587	49	167	1385	0.9753521126760564	0.966643975493533	0.872715816005041	0.7574917229383608	0.8785135
GU723692	1605	8025	Clostridiaceae	Caloramator mitchellensis	JN648101	1440	7200	Clostridiaceae	Caloramator quimbayensis	6111.0	1470	86	116	1315	0.9711964549483013	0.9402777777777778	0.8945578231292517	0.7784262805379221	0.84875
GU723692	1605	8025	Clostridiaceae	Caloramator mitchellensis	X75788	1515	7563	Clostridiaceae	Caloramator indicus	6555.0	1605	58	171	1399	0.9755927475592747	0.9611260053619303	0.8716510903426792	0.7516221668980169	0.86671954
GU723692	1605	8025	Clostridiaceae	Caloramator mitchellensis	AF104215	1454	7264	Clostridiaceae	Caloramator coolhaasii	6398.0	1569	53	168	1366	0.9750178443968593	0.9635488308115543	0.8706182281708095	0.7519951526925426	0.88078195
GU723692	1605	8025	Clostridiaceae	Caloramator mitchellensis	FM244718	1436	7180	Clostridiaceae	Caloramator boliviensis	6290.0	1548	59	173	1345	0.9781818181818182	0.9588563458856346	0.8688630490956072	0.7434266910432233	0.8760446
GU723692	1605	8025	Clostridiaceae	Caloramator mitchellensis	X90488	1420	7088	Clostridiaceae	Caloramator proteoclasticus	6103.0	1534	65	179	1317	0.9719557195571956	0.954225352112676	0.8585397653194263	0.727530570361365	0.8610327
GU723692	1605	8025	Clostridiaceae	Caloramator mitchellensis	L09187	1519	7595	Clostridiaceae	Caloramator fervidus	6813.0	1605	43	146	1433	0.9821795750514051	0.9713715046604527	0.8928348909657321	0.7904405982518222	0.8970375
GU723692	1605	8025	Clostridiaceae	Caloramator mitchellensis	EU409943	1471	7355	Clostridiaceae	Caloramator australicus	6757.0	1572	26	137	1411	0.9832752613240419	0.9822039698836413	0.8975826972010178	0.8060270153213145	0.9186948
AF181848	1480	7400	Clostridiaceae	Caloramator viterbiensis	JN648101	1440	7200	Clostridiaceae	Caloramator quimbayensis	6076.0	1338	104	47	1273	0.9860573199070488	0.9648729446935725	0.9514200298953662	0.8517914414666559	0.8438889
AF181848	1480	7400	Clostridiaceae	Caloramator viterbiensis	X75788	1515	7563	Clostridiaceae	Caloramator indicus	6686.0	1480	44	40	1397	0.9701388888888889	0.972972972972973	0.9439189189189189	0.8918918918918918	0.9035135
AF181848	1480	7400	Clostridiaceae	Caloramator viterbiensis	AF104215	1454	7264	Clostridiaceae	Caloramator coolhaasii	6479.0	1443	42	39	1358	0.9672364672364673	0.972972972972973	0.9410949410949411	0.8897624897624897	0.89193285
AF181848	1480	7400	Clostridiaceae	Caloramator viterbiensis	FM244718	1436	7180	Clostridiaceae	Caloramator boliviensis	6957.0	1412	3	0	1401	0.9922096317280453	1.0	0.9922096317280453	0.9901060070671378	0.9689415
AF181848	1480	7400	Clostridiaceae	Caloramator viterbiensis	X90488	1420	7088	Clostridiaceae	Caloramator proteoclasticus	6181.0	1409	58	51	1309	0.9639175257731959	0.9638041163946061	0.92902767920511	0.859999719400504	0.87203723
AF181848	1480	7400	Clostridiaceae	Caloramator viterbiensis	L09187	1519	7595	Clostridiaceae	Caloramator fervidus	6597.0	1479	65	51	1388	0.9719887955182073	0.9655172413793104	0.9384719405003381	0.86796498123995	0.89148647
AF181848	1480	7400	Clostridiaceae	Caloramator viterbiensis	EU409943	1471	7355	Clostridiaceae	Caloramator australicus	6414.0	1436	57	51	1347	0.9725631768953069	0.9644846796657381	0.9380222841225627	0.8701680264633285	0.8720598
JN648101	1440	7200	Clostridiaceae	Caloramator quimbayensis	X75788	1515	7563	Clostridiaceae	Caloramator indicus	5826.0	1377	82	86	1249	0.9674670797831139	0.9402767662053897	0.9070442992011619	0.8026005416509253	0.80916667
JN648101	1440	7200	Clostridiaceae	Caloramator quimbayensis	AF104215	1454	7264	Clostridiaceae	Caloramator coolhaasii	5781.0	1431	60	141	1248	0.9674418604651163	0.9555555555555556	0.8721174004192872	0.7545482538838904	0.80291665
JN648101	1440	7200	Clostridiaceae	Caloramator quimbayensis	FM244718	1436	7180	Clostridiaceae	Caloramator boliviensis	6158.0	1426	51	114	1294	0.9862804878048781	0.962582538517975	0.9074333800841514	0.8060613369467886	0.8576602
JN648101	1440	7200	Clostridiaceae	Caloramator quimbayensis	X90488	1420	7088	Clostridiaceae	Caloramator proteoclasticus	5678.0	1438	65	154	1236	0.9626168224299065	0.9518161601186064	0.8595271210013908	0.7342866422926053	0.80107224
JN648101	1440	7200	Clostridiaceae	Caloramator quimbayensis	L09187	1519	7595	Clostridiaceae	Caloramator fervidus	5674.0	1430	97	147	1240	0.9664848012470771	0.9297101449275362	0.8671328671328671	0.7285733258228345	0.78805554
JN648101	1440	7200	Clostridiaceae	Caloramator quimbayensis	EU409943	1471	7355	Clostridiaceae	Caloramator australicus	5729.0	1438	88	151	1248	0.9696969696969697	0.936	0.8678720445062587	0.7319471305894855	0.7956945
X75788	1515	7563	Clostridiaceae	Caloramator indicus	AF104215	1454	7264	Clostridiaceae	Caloramator coolhaasii	6946.0	1455	7	8	1417	0.9792674498963373	0.9951856946354883	0.9738831615120275	0.9638912002106046	0.9562225
X75788	1515	7563	Clostridiaceae	Caloramator indicus	FM244718	1436	7180	Clostridiaceae	Caloramator boliviensis	6464.0	1437	44	45	1352	0.9712643678160919	0.9693593314763231	0.940848990953375	0.8843091123613086	0.90027857
X75788	1515	7563	Clostridiaceae	Caloramator indicus	X90488	1420	7088	Clostridiaceae	Caloramator proteoclasticus	6705.0	1420	14	14	1374	0.9772403982930299	0.9901408450704225	0.967605633802817	0.9487123578289823	0.945965
X75788	1515	7563	Clostridiaceae	Caloramator indicus	L09187	1519	7595	Clostridiaceae	Caloramator fervidus	6852.0	1509	58	48	1429	0.9780971937029432	0.9681908548707754	0.9469847581179589	0.8829258019210836	0.9059897
X75788	1515	7563	Clostridiaceae	Caloramator indicus	EU409943	1471	7355	Clostridiaceae	Caloramator australicus	6582.0	1469	67	65	1378	0.9814814814814815	0.9557522123893806	0.9380530973451328	0.8574391592920354	0.89490145
AF104215	1454	7264	Clostridiaceae	Caloramator coolhaasii	FM244718	1436	7180	Clostridiaceae	Caloramator boliviensis	6372.0	1423	42	42	1337	0.9681390296886314	0.9704848910751932	0.9395643007730148	0.8856916719232311	0.8874652
AF104215	1454	7264	Clostridiaceae	Caloramator coolhaasii	X90488	1420	7088	Clostridiaceae	Caloramator proteoclasticus	6661.0	1419	21	20	1369	0.9785561115082202	0.9859055673009162	0.9647639182522904	0.9372949455798293	0.93975735
AF104215	1454	7264	Clostridiaceae	Caloramator coolhaasii	L09187	1519	7595	Clostridiaceae	Caloramator fervidus	6498.0	1454	67	56	1365	0.9763948497854077	0.9614855570839065	0.9387895460797799	0.8628716537932494	0.8945485
AF104215	1454	7264	Clostridiaceae	Caloramator coolhaasii	EU409943	1471	7355	Clostridiaceae	Caloramator australicus	6441.0	1446	67	64	1353	0.9790159189580319	0.9557399723374828	0.9356846473029046	0.8546703123414502	0.8867015
FM244718	1436	7180	Clostridiaceae	Caloramator boliviensis	X90488	1420	7088	Clostridiaceae	Caloramator proteoclasticus	6193.0	1419	59	58	1313	0.964731814842028	0.9591261451726568	0.9252995066948555	0.852051846151352	0.87373024
FM244718	1436	7180	Clostridiaceae	Caloramator boliviensis	L09187	1519	7595	Clostridiaceae	Caloramator fervidus	6382.0	1436	64	53	1344	0.9718004338394793	0.963091922005571	0.935933147632312	0.8629303621169916	0.88885796
FM244718	1436	7180	Clostridiaceae	Caloramator boliviensis	EU409943	1471	7355	Clostridiaceae	Caloramator australicus	6412.0	1436	57	54	1346	0.9739507959479016	0.9623955431754875	0.9373259052924791	0.8676385807864742	0.8930362
X90488	1420	7088	Clostridiaceae	Caloramator proteoclasticus	L09187	1519	7595	Clostridiaceae	Caloramator fervidus	6255.0	1420	75	65	1322	0.9756457564575646	0.954225352112676	0.9309859154929577	0.8438032879551557	0.8824774
X90488	1420	7088	Clostridiaceae	Caloramator proteoclasticus	EU409943	1471	7355	Clostridiaceae	Caloramator australicus	6194.0	1420	79	77	1312	0.9769173492181683	0.9457746478873239	0.923943661971831	0.8277894182976444	0.8738713
L09187	1519	7595	Clostridiaceae	Caloramator fervidus	EU409943	1471	7355	Clostridiaceae	Caloramator australicus	6974.0	1476	28	36	1426	0.9902777777777778	0.9809264305177112	0.9661246612466124	0.9250129735339907	0.9481985
