KP208837	1509	7545	Micromonosporaceae	Catellatospora paridis	KJ522750	1516	7580	Micromonosporaceae	Catellatospora tagetis	7372.0	1509	14	15	1488	0.9959839357429718	0.9907161803713528	0.9860834990059643	0.9673071224654698	0.9770709
KP208837	1509	7545	Micromonosporaceae	Catellatospora paridis	AB200232	1508	7540	Micromonosporaceae	Catellatospora coxensis	7442.0	1506	6	5	1496	0.9966688874083944	0.9966799468791501	0.9933598937583001	0.9861330691343971	0.9870027
KP208837	1509	7545	Micromonosporaceae	Catellatospora paridis	AF152107	1440	7200	Micromonosporaceae	Catellatospora methionotrophica	7122.0	1441	6	7	1431	0.997907949790795	0.9958333333333333	0.993060374739764	0.9841386160171539	0.9891667
KP208837	1509	7545	Micromonosporaceae	Catellatospora paridis	AB200231	1481	7405	Micromonosporaceae	Catellatospora chokoriensis	7337.0	1481	5	5	1473	0.9979674796747967	0.9966239027683997	0.9945982444294396	0.987905120308111	0.990817
KP208837	1509	7545	Micromonosporaceae	Catellatospora paridis	AB200233	1492	7460	Micromonosporaceae	Catellatospora bangladeshensis	7290.0	1492	14	15	1471	0.995937711577522	0.9906103286384976	0.9859249329758714	0.9669396587020996	0.9772118
KP208837	1509	7545	Micromonosporaceae	Catellatospora paridis	AF152106	1509	7545	Micromonosporaceae	Catellatospora citrea subsp. citrea	7485.0	1509	5	5	1502	0.9986702127659575	0.9966865473823724	0.9953611663353215	0.988786786108536	0.9920477
KJ522750	1516	7580	Micromonosporaceae	Catellatospora tagetis	AB200232	1508	7540	Micromonosporaceae	Catellatospora coxensis	7364.0	1505	15	13	1486	0.9959785522788204	0.9913621262458472	0.987375415282392	0.969186920790348	0.9766578
KJ522750	1516	7580	Micromonosporaceae	Catellatospora tagetis	AF152107	1440	7200	Micromonosporaceae	Catellatospora methionotrophica	7019.0	1440	17	17	1418	0.9964862965565706	0.9881944444444445	0.9847222222222223	0.961743117516968	0.9748611
KJ522750	1516	7580	Micromonosporaceae	Catellatospora tagetis	AB200231	1481	7405	Micromonosporaceae	Catellatospora chokoriensis	7223.0	1480	15	14	1459	0.995225102319236	0.9905405405405405	0.9858108108108108	0.9666880592967549	0.975422
KJ522750	1516	7580	Micromonosporaceae	Catellatospora tagetis	AB200233	1492	7460	Micromonosporaceae	Catellatospora bangladeshensis	7322.0	1491	12	12	1475	0.9972954699121027	0.9919517102615694	0.9892689470154259	0.9734722372826445	0.98150134
KJ522750	1516	7580	Micromonosporaceae	Catellatospora tagetis	AF152106	1509	7545	Micromonosporaceae	Catellatospora citrea subsp. citrea	7380.0	1508	13	12	1489	0.9953208556149733	0.9920424403183024	0.9874005305039788	0.9711710674779437	0.97813123
AB200232	1508	7540	Micromonosporaceae	Catellatospora coxensis	AF152107	1440	7200	Micromonosporaceae	Catellatospora methionotrophica	7105.0	1439	6	7	1428	0.9972067039106145	0.9958275382475661	0.9923558026407228	0.9834280341740588	0.98680556
AB200232	1508	7540	Micromonosporaceae	Catellatospora coxensis	AB200231	1481	7405	Micromonosporaceae	Catellatospora chokoriensis	7320.0	1481	4	4	1471	0.995937711577522	0.9972991222147198	0.9932478055367995	0.9878969756079817	0.9885213
AB200232	1508	7540	Micromonosporaceae	Catellatospora coxensis	AB200233	1492	7460	Micromonosporaceae	Catellatospora bangladeshensis	7303.0	1493	15	16	1473	0.997291807718348	0.989946380697051	0.9866041527126591	0.9663225023584864	0.97895443
AB200232	1508	7540	Micromonosporaceae	Catellatospora coxensis	AF152106	1509	7545	Micromonosporaceae	Catellatospora citrea subsp. citrea	7474.0	1507	0	1	1500	0.9960159362549801	1.0	0.9953550099535501	0.9946945222229904	0.9912467
AF152107	1440	7200	Micromonosporaceae	Catellatospora methionotrophica	AB200231	1481	7405	Micromonosporaceae	Catellatospora chokoriensis	7091.0	1424	2	1	1421	0.9985945186226283	0.9992977528089888	0.9978932584269663	0.9957939037458436	0.98486114
AF152107	1440	7200	Micromonosporaceae	Catellatospora methionotrophica	AB200233	1492	7460	Micromonosporaceae	Catellatospora bangladeshensis	7034.0	1438	14	14	1419	0.9964887640449438	0.9902642559109874	0.9867872044506258	0.9677582500948286	0.97694445
AF152107	1440	7200	Micromonosporaceae	Catellatospora methionotrophica	AF152106	1509	7545	Micromonosporaceae	Catellatospora citrea subsp. citrea	7106.0	1440	9	8	1429	0.9979050279329609	0.9944444444444445	0.9923611111111111	0.9807185031822713	0.98694444
AB200231	1481	7405	Micromonosporaceae	Catellatospora chokoriensis	AB200233	1492	7460	Micromonosporaceae	Catellatospora bangladeshensis	7241.0	1478	11	12	1460	0.9959072305593452	0.992552471225457	0.9878213802435724	0.9725628901525032	0.9778528
AB200231	1481	7405	Micromonosporaceae	Catellatospora chokoriensis	AF152106	1509	7545	Micromonosporaceae	Catellatospora citrea subsp. citrea	7340.0	1481	7	7	1473	0.9993215739484396	0.9952734638757597	0.9945982444294396	0.9852404652479798	0.99122214
AB200233	1492	7460	Micromonosporaceae	Catellatospora bangladeshensis	AF152106	1509	7545	Micromonosporaceae	Catellatospora citrea subsp. citrea	7288.0	1491	15	14	1471	0.995937711577522	0.9906103286384976	0.9865861837692823	0.9675881762465006	0.9769437
