KX792139	1450	7250	Caulobacteraceae	Caulobacter rhizosphaerae	KF360052	1353	6765	Caulobacteraceae	Caulobacter profundus	6316.0	1358	30	35	1302	0.9841269841269841	0.9778270509977827	0.9587628865979382	0.9138640482486111	0.933629
KX792139	1450	7250	Caulobacteraceae	Caulobacter rhizosphaerae	KR086403	1404	7020	Caulobacteraceae	Caulobacter flavus	6774.0	1408	16	20	1376	0.9913544668587896	0.9886039886039886	0.9772727272727273	0.9525663942798774	0.96495724
KX792139	1450	7250	Caulobacteraceae	Caulobacter rhizosphaerae	AJ009957	1458	7290	Caulobacteraceae	Caulobacter vibrioides	7001.0	1450	10	13	1421	0.988865692414753	0.9930891499654457	0.98	0.9645616438356164	0.96565515
KX792139	1450	7250	Caulobacteraceae	Caulobacter rhizosphaerae	AJ227758	1360	6800	Caulobacteraceae	Caulobacter henricii	6653.0	1360	6	6	1343	0.9918759231905465	0.9955882352941177	0.9875	0.9788250366032211	0.97838235
KX792139	1450	7250	Caulobacteraceae	Caulobacter rhizosphaerae	AB023427	1419	7095	Caulobacteraceae	Caulobacter segnis	6890.0	1421	8	10	1396	0.9893692416725727	0.9943622269203665	0.9824067558057706	0.9700321430664398	0.9711064
KX792139	1450	7250	Caulobacteraceae	Caulobacter rhizosphaerae	AB271055	1421	7099	Caulobacteraceae	Caulobacter ginsengisoli	6652.0	1422	32	33	1367	0.9841612670986322	0.9774806474313863	0.9613220815752461	0.9183468853562702	0.93703336
KX792139	1450	7250	Caulobacteraceae	Caulobacter rhizosphaerae	AJ227774	1435	7175	Caulobacteraceae	Caulobacter mirabilis	6721.0	1430	23	29	1379	0.9842969307637401	0.9838483146067416	0.9643356643356643	0.9298239956877259	0.9367247
KX792139	1450	7250	Caulobacteraceae	Caulobacter rhizosphaerae	AJ227759	1439	7195	Caulobacteraceae	Caulobacter fusiformis	6711.0	1430	20	22	1379	0.9794034090909091	0.9859943977591037	0.9643356643356643	0.9364031830238726	0.9327311
KX792139	1450	7250	Caulobacteraceae	Caulobacter rhizosphaerae	JX861096	1350	6750	Caulobacteraceae	Caulobacter daechungensis	6204.0	1355	27	32	1288	0.9735449735449735	0.98	0.9505535055350554	0.9099727118834141	0.91911113
KF360052	1353	6765	Caulobacteraceae	Caulobacter profundus	KR086403	1404	7020	Caulobacteraceae	Caulobacter flavus	6346.0	1353	29	28	1305	0.9849056603773585	0.9793052475979305	0.9645232815964523	0.9247419306188852	0.93806356
KF360052	1353	6765	Caulobacteraceae	Caulobacter profundus	AJ009957	1458	7290	Caulobacteraceae	Caulobacter vibrioides	6374.0	1353	33	30	1308	0.9886621315192744	0.9778270509977827	0.9667405764966741	0.9227978230195525	0.9422025
KF360052	1353	6765	Caulobacteraceae	Caulobacter profundus	AJ227758	1360	6800	Caulobacteraceae	Caulobacter henricii	6283.0	1329	32	29	1287	0.99	0.9781790820165538	0.9683972911963883	0.9249937388356391	0.92875093
KF360052	1353	6765	Caulobacteraceae	Caulobacter profundus	AB023427	1419	7095	Caulobacteraceae	Caulobacter segnis	6358.0	1353	34	31	1306	0.9878971255673222	0.9770879526977088	0.9652623798965262	0.9200265798292773	0.9398374
KF360052	1353	6765	Caulobacteraceae	Caulobacter profundus	AB271055	1421	7099	Caulobacteraceae	Caulobacter ginsengisoli	6425.0	1353	23	19	1314	0.9850074962518741	0.9859571322985957	0.9711751662971175	0.9415317382560717	0.9497413
KF360052	1353	6765	Caulobacteraceae	Caulobacter profundus	AJ227774	1435	7175	Caulobacteraceae	Caulobacter mirabilis	6589.0	1353	7	8	1333	0.9910780669144982	0.9948224852071006	0.9852180339985218	0.9743516586235382	0.97398376
KF360052	1353	6765	Caulobacteraceae	Caulobacter profundus	AJ227759	1439	7195	Caulobacteraceae	Caulobacter fusiformis	6474.0	1353	12	9	1321	0.9828869047619048	0.9933481152993349	0.9763488543976349	0.9613281027915175	0.95698446
KF360052	1353	6765	Caulobacteraceae	Caulobacter profundus	JX861096	1350	6750	Caulobacteraceae	Caulobacter daechungensis	6438.0	1350	11	11	1315	0.9820761762509336	0.9918518518518519	0.9740740740740741	0.9583285710398127	0.9537778
KR086403	1404	7020	Caulobacteraceae	Caulobacter flavus	AJ009957	1458	7290	Caulobacteraceae	Caulobacter vibrioides	6853.0	1404	9	7	1385	0.9914101646385111	0.9950142450142451	0.9864672364672364	0.9752970483685275	0.97621083
KR086403	1404	7020	Caulobacteraceae	Caulobacter flavus	AJ227758	1360	6800	Caulobacteraceae	Caulobacter henricii	6488.0	1358	19	17	1323	0.9865771812080537	0.9874815905743741	0.9742268041237113	0.9487568223165554	0.95411766
KR086403	1404	7020	Caulobacteraceae	Caulobacter flavus	AB023427	1419	7095	Caulobacteraceae	Caulobacter segnis	6836.0	1397	9	7	1380	0.9928057553956835	0.9949892627057981	0.9878310665712241	0.9765897457567577	0.97378916
KR086403	1404	7020	Caulobacteraceae	Caulobacter flavus	AB271055	1421	7099	Caulobacteraceae	Caulobacter ginsengisoli	6598.0	1404	33	30	1354	0.9854439592430859	0.9786324786324786	0.9643874643874644	0.9221074294143187	0.93988603
KR086403	1404	7020	Caulobacteraceae	Caulobacter flavus	AJ227774	1435	7175	Caulobacteraceae	Caulobacter mirabilis	6627.0	1404	20	22	1358	0.9826338639652678	0.985734664764622	0.9672364672364673	0.9387084253657287	0.9440171
KR086403	1404	7020	Caulobacteraceae	Caulobacter flavus	AJ227759	1439	7195	Caulobacteraceae	Caulobacter fusiformis	6690.0	1404	23	21	1366	0.987707881417209	0.9850427350427351	0.9729344729344729	0.942935091848897	0.9529914
KR086403	1404	7020	Caulobacteraceae	Caulobacter flavus	JX861096	1350	6750	Caulobacteraceae	Caulobacter daechungensis	6315.0	1351	24	25	1300	0.9803921568627451	0.9822222222222222	0.9622501850481125	0.9279590875445797	0.9355556
AJ009957	1458	7290	Caulobacteraceae	Caulobacter vibrioides	AJ227758	1360	6800	Caulobacteraceae	Caulobacter henricii	6577.0	1360	15	15	1334	0.9918215613382899	0.9889705882352942	0.9808823529411764	0.9594812834224598	0.9672059
AJ009957	1458	7290	Caulobacteraceae	Caulobacter vibrioides	AB023427	1419	7095	Caulobacteraceae	Caulobacter segnis	7059.0	1419	0	0	1415	0.9971811134601832	1.0	0.9971811134601832	0.9971811134601832	0.994926
AJ009957	1458	7290	Caulobacteraceae	Caulobacter vibrioides	AB271055	1421	7099	Caulobacteraceae	Caulobacter ginsengisoli	6732.0	1421	28	28	1376	0.9877961234745154	0.9802955665024631	0.9683321604503871	0.9309086953122079	0.94830257
AJ009957	1458	7290	Caulobacteraceae	Caulobacter vibrioides	AJ227774	1435	7175	Caulobacteraceae	Caulobacter mirabilis	6854.0	1439	23	27	1398	0.990084985835694	0.98397212543554	0.9715079916608756	0.9382826841485339	0.95526135
AJ009957	1458	7290	Caulobacteraceae	Caulobacter vibrioides	AJ227759	1439	7195	Caulobacteraceae	Caulobacter fusiformis	6832.0	1439	23	23	1397	0.9865819209039548	0.9840166782487839	0.970813064628214	0.9402676467260951	0.9495483
AJ009957	1458	7290	Caulobacteraceae	Caulobacter vibrioides	JX861096	1350	6750	Caulobacteraceae	Caulobacter daechungensis	6326.0	1353	25	28	1301	0.9818867924528302	0.9814814814814815	0.9615668883961567	0.924583546534766	0.93718517
AJ227758	1360	6800	Caulobacteraceae	Caulobacter henricii	AB023427	1419	7095	Caulobacteraceae	Caulobacter segnis	6542.0	1353	14	14	1327	0.9910380881254668	0.9896526237989652	0.9807834441980784	0.9606942441706122	0.96205884
AJ227758	1360	6800	Caulobacteraceae	Caulobacter henricii	AB271055	1421	7099	Caulobacteraceae	Caulobacter ginsengisoli	6433.0	1360	30	31	1315	0.9894657637321295	0.977924944812362	0.9669117647058824	0.9244789462547608	0.9460294
AJ227758	1360	6800	Caulobacteraceae	Caulobacter henricii	AJ227774	1435	7175	Caulobacteraceae	Caulobacter mirabilis	6432.0	1360	21	25	1316	0.9857677902621723	0.9845132743362832	0.9676470588235294	0.9354155130553307	0.9458824
AJ227758	1360	6800	Caulobacteraceae	Caulobacter henricii	AJ227759	1439	7195	Caulobacteraceae	Caulobacter fusiformis	6380.0	1360	27	29	1310	0.9842223891810669	0.9801178203240059	0.9632352941176471	0.9243447559268841	0.9382353
AJ227758	1360	6800	Caulobacteraceae	Caulobacter henricii	JX861096	1350	6750	Caulobacteraceae	Caulobacter daechungensis	6127.0	1331	31	36	1268	0.9791505791505791	0.9766214177978884	0.9526671675432006	0.9058032173042914	0.9077037
AB023427	1419	7095	Caulobacteraceae	Caulobacter segnis	AB271055	1421	7099	Caulobacteraceae	Caulobacter ginsengisoli	6665.0	1404	23	22	1362	0.9855282199710564	0.9843304843304843	0.9700854700854701	0.9394941273007146	0.93939394
AB023427	1419	7095	Caulobacteraceae	Caulobacter segnis	AJ227774	1435	7175	Caulobacteraceae	Caulobacter mirabilis	6750.0	1419	20	24	1378	0.9878136200716846	0.9858657243816255	0.971106412966878	0.9414130966565635	0.95137423
AB023427	1419	7095	Caulobacteraceae	Caulobacter segnis	AJ227759	1439	7195	Caulobacteraceae	Caulobacter fusiformis	6732.0	1419	23	23	1377	0.9863896848137536	0.9837914023960536	0.9704016913319239	0.9394457427873549	0.9488372
AB023427	1419	7095	Caulobacteraceae	Caulobacter segnis	JX861096	1350	6750	Caulobacteraceae	Caulobacter daechungensis	6310.0	1353	26	29	1299	0.9811178247734139	0.9807407407407407	0.9600886917960089	0.9217965394763712	0.9348148
AB271055	1421	7099	Caulobacteraceae	Caulobacter ginsengisoli	AJ227774	1435	7175	Caulobacteraceae	Caulobacter mirabilis	6715.0	1412	22	27	1370	0.9891696750902527	0.984363894811656	0.9702549575070821	0.9371011967554455	0.9459079
AB271055	1421	7099	Caulobacteraceae	Caulobacter ginsengisoli	AJ227759	1439	7195	Caulobacteraceae	Caulobacter fusiformis	6724.0	1412	20	21	1372	0.9863407620416966	0.9858256555634302	0.9716713881019831	0.9438511877443146	0.9471757
AB271055	1421	7099	Caulobacteraceae	Caulobacter ginsengisoli	JX861096	1350	6750	Caulobacteraceae	Caulobacter daechungensis	6403.0	1354	18	22	1310	0.9834834834834835	0.9866666666666667	0.9675036927621861	0.9392965880169327	0.9485926
AJ227774	1435	7175	Caulobacteraceae	Caulobacter mirabilis	AJ227759	1439	7195	Caulobacteraceae	Caulobacter fusiformis	6812.0	1435	20	16	1394	0.9823819591261451	0.9888501742160278	0.9714285714285714	0.9473932253313696	0.94940764
AJ227774	1435	7175	Caulobacteraceae	Caulobacter mirabilis	JX861096	1350	6750	Caulobacteraceae	Caulobacter daechungensis	6428.0	1349	15	14	1313	0.9835205992509364	0.9896219421793921	0.9733135656041513	0.9526199487401334	0.9522963
AJ227759	1439	7195	Caulobacteraceae	Caulobacter fusiformis	JX861096	1350	6750	Caulobacteraceae	Caulobacter daechungensis	6485.0	1353	6	9	1321	0.9828869047619048	0.9955555555555555	0.9763488543976349	0.9655723769760275	0.96074075
