JF346422	1445	7225	Cellulomonadaceae	Cellulomonas marina	X82449	1402	7004	Cellulomonadaceae	Cellulomonas humilata	6588.0	1405	26	29	1353	0.9832848837209303	0.9814550641940085	0.9629893238434164	0.925977155561524	0.94060534
JF346422	1445	7225	Cellulomonadaceae	Cellulomonas marina	AY501362	1422	7104	Cellulomonadaceae	Cellulomonas denverensis	6692.0	1424	29	31	1374	0.9863603732950467	0.9796061884669479	0.9648876404494382	0.9250436910846987	0.9420045
JF346422	1445	7225	Cellulomonadaceae	Cellulomonas marina	X79463	1484	7420	Cellulomonadaceae	Cellulomonas flavigena	6779.0	1445	36	38	1391	0.9886282871357498	0.975051975051975	0.9626297577854671	0.914530769212797	0.9382699
JF346422	1445	7225	Cellulomonadaceae	Cellulomonas marina	AB602499	1440	7200	Cellulomonadaceae	Cellulomonas oligotrophica	6886.0	1441	25	26	1403	0.9915194346289753	0.9826388888888888	0.9736294240111034	0.9397582776096257	0.9563889
JF346422	1445	7225	Cellulomonadaceae	Cellulomonas marina	X83802	1452	7260	Cellulomonadaceae	Cellulomonas biazotea	6781.0	1432	31	32	1387	0.9907142857142858	0.9783368273934312	0.9685754189944135	0.9268664296597258	0.9385467
JF346422	1445	7225	Cellulomonadaceae	Cellulomonas marina	AY884570	1475	7375	Cellulomonadaceae	Cellulomonas terrae	6841.0	1445	31	33	1399	0.9907932011331445	0.9785169785169785	0.9681660899653979	0.9261859885034837	0.9468512
JF346422	1445	7225	Cellulomonadaceae	Cellulomonas marina	X83804	1453	7265	Cellulomonadaceae	Cellulomonas cellasea	6728.0	1432	31	31	1381	0.9857244825124911	0.9783519553072626	0.9643854748603352	0.9235160972517632	0.93121105
JF346422	1445	7225	Cellulomonadaceae	Cellulomonas marina	X82598	1406	7024	Cellulomonadaceae	Cellulomonas hominis	6634.0	1400	26	24	1358	0.9869186046511628	0.9828571428571429	0.97	0.9359887798036466	0.94447607
JF346422	1445	7225	Cellulomonadaceae	Cellulomonas marina	HQ702749	1442	7210	Cellulomonadaceae	Cellulomonas carbonis	6705.0	1445	37	40	1383	0.9843416370106761	0.9743411927877947	0.9570934256055363	0.9073658994438452	0.9299584
JF346422	1445	7225	Cellulomonadaceae	Cellulomonas marina	AY303668	1516	7556	Cellulomonadaceae	Cellulomonas xylanilytica	6811.0	1445	26	27	1396	0.9844851904090268	0.981994459833795	0.9660899653979239	0.9312818293230837	0.94269896
JF346422	1445	7225	Cellulomonadaceae	Cellulomonas marina	AF064701	1379	6895	Cellulomonadaceae	Cellulomonas persica	6370.0	1355	38	33	1308	0.989409984871407	0.9756457564575646	0.9653136531365314	0.916112454735459	0.92385787
JF346422	1445	7225	Cellulomonadaceae	Cellulomonas marina	X83803	1452	7254	Cellulomonadaceae	Cellulomonas fimi	6783.0	1432	31	32	1387	0.9907142857142858	0.9783368273934312	0.9685754189944135	0.9268664296597258	0.9388235
JF346422	1445	7225	Cellulomonadaceae	Cellulomonas marina	AB268586	1460	7300	Cellulomonadaceae	Cellulomonas chitinilytica	6844.0	1445	26	28	1400	0.9880028228652082	0.9819819819819819	0.9688581314878892	0.9332916195230041	0.94726646
JF346422	1445	7225	Cellulomonadaceae	Cellulomonas marina	X83801	1500	7500	Cellulomonadaceae	Cellulomonas uda	6728.0	1432	35	38	1380	0.9899569583931134	0.9755073477956613	0.9636871508379888	0.9157327118392341	0.93121105
JF346422	1445	7225	Cellulomonadaceae	Cellulomonas marina	AF064702	1378	6890	Cellulomonadaceae	Cellulomonas iranensis	6465.0	1355	29	25	1319	0.9917293233082707	0.981549815498155	0.9734317343173432	0.9354510163598745	0.9383164
JF346422	1445	7225	Cellulomonadaceae	Cellulomonas marina	X79461	1374	6870	Cellulomonadaceae	Cellulomonas gelida	6487.0	1373	34	33	1328	0.991044776119403	0.9759650400582666	0.9672250546249089	0.9211667186903895	0.94425035
JF346422	1445	7225	Cellulomonadaceae	Cellulomonas marina	AB166887	1453	7265	Cellulomonadaceae	Cellulomonas composti	6851.0	1445	26	30	1400	0.9893992932862191	0.9819569743233866	0.9688581314878892	0.9319743413020825	0.9482353
JF346422	1445	7225	Cellulomonadaceae	Cellulomonas marina	AB618146	1421	7105	Cellulomonadaceae	Cellulomonas pakistanensis	6686.0	1424	32	35	1373	0.9884809215262779	0.9774806474313863	0.964185393258427	0.9198169720027164	0.94102746
JF346422	1445	7225	Cellulomonadaceae	Cellulomonas marina	EU560979	1387	6935	Cellulomonadaceae	Cellulomonas aerilata	6641.0	1388	22	23	1353	0.9912087912087912	0.9841384282624369	0.9747838616714697	0.9436737384266356	0.9576063
JF346422	1445	7225	Cellulomonadaceae	Cellulomonas marina	JN657218	1470	7350	Cellulomonadaceae	Cellulomonas massiliensis	6835.0	1445	35	37	1398	0.9928977272727273	0.9757449757449758	0.9674740484429065	0.9204077433835218	0.9460208
JF346422	1445	7225	Cellulomonadaceae	Cellulomonas marina	AB602498	1446	7230	Cellulomonadaceae	Cellulomonas soli	6824.0	1445	33	32	1398	0.9893842887473461	0.9778546712802768	0.9674740484429065	0.9249261369755256	0.94449824
JF346422	1445	7225	Cellulomonadaceae	Cellulomonas marina	X92152	1458	7290	Cellulomonadaceae	Cellulomonas bogoriensis	6583.0	1438	33	34	1368	0.9743589743589743	0.9770354906054279	0.9513212795549374	0.9079912144766363	0.9111419
X82449	1402	7004	Cellulomonadaceae	Cellulomonas humilata	AY501362	1422	7104	Cellulomonadaceae	Cellulomonas denverensis	6608.0	1402	26	23	1355	0.9825960841189267	0.9835948644793152	0.9664764621968617	0.9333130541803026	0.9434609
X82449	1402	7004	Cellulomonadaceae	Cellulomonas humilata	X79463	1484	7420	Cellulomonadaceae	Cellulomonas flavigena	6642.0	1402	26	23	1360	0.9862218999274837	0.9835948644793152	0.9700427960057061	0.936757013789824	0.94831526
X82449	1402	7004	Cellulomonadaceae	Cellulomonas humilata	AB602499	1440	7200	Cellulomonadaceae	Cellulomonas oligotrophica	6703.0	1402	32	16	1369	0.9877344877344877	0.9885877318116976	0.9764621968616263	0.9437772697700237	0.9570246
X82449	1402	7004	Cellulomonadaceae	Cellulomonas humilata	X83802	1452	7260	Cellulomonadaceae	Cellulomonas biazotea	6655.0	1401	50	20	1364	0.9876900796524257	0.9857244825124911	0.9735902926481085	0.9266217740503362	0.95017135
X82449	1402	7004	Cellulomonadaceae	Cellulomonas humilata	AY884570	1475	7375	Cellulomonadaceae	Cellulomonas terrae	6806.0	1402	17	16	1378	0.9942279942279942	0.9885877318116976	0.9828815977175464	0.9600238861427196	0.9717304
X82449	1402	7004	Cellulomonadaceae	Cellulomonas humilata	X83804	1453	7265	Cellulomonadaceae	Cellulomonas cellasea	6603.0	1401	38	33	1354	0.9897660818713451	0.9764453961456103	0.966452533904354	0.918767940501151	0.942747
X82449	1402	7004	Cellulomonadaceae	Cellulomonas humilata	X82598	1406	7024	Cellulomonadaceae	Cellulomonas hominis	6606.0	1387	21	18	1349	0.985390796201607	0.9870223503965393	0.9726027397260274	0.9456627490660026	0.9431753
X82449	1402	7004	Cellulomonadaceae	Cellulomonas humilata	HQ702749	1442	7210	Cellulomonadaceae	Cellulomonas carbonis	6532.0	1402	34	32	1346	0.9824817518248176	0.9771754636233951	0.9600570613409415	0.9159318760703968	0.9326099
X82449	1402	7004	Cellulomonadaceae	Cellulomonas humilata	AY303668	1516	7556	Cellulomonadaceae	Cellulomonas xylanilytica	6883.0	1402	7	5	1387	0.9928418038654259	0.9964336661911555	0.9893009985734664	0.9808754400334511	0.98272413
X82449	1402	7004	Cellulomonadaceae	Cellulomonas humilata	AF064701	1379	6895	Cellulomonadaceae	Cellulomonas persica	6295.0	1344	31	27	1295	0.9832953682611997	0.9799107142857143	0.9635416666666666	0.9228977272727272	0.91298044
X82449	1402	7004	Cellulomonadaceae	Cellulomonas humilata	X83803	1452	7254	Cellulomonadaceae	Cellulomonas fimi	6638.0	1401	52	22	1362	0.9876722262509064	0.9842969307637401	0.9721627408993576	0.9226513556092321	0.94774413
X82449	1402	7004	Cellulomonadaceae	Cellulomonas humilata	AB268586	1460	7300	Cellulomonadaceae	Cellulomonas chitinilytica	6734.0	1402	41	12	1374	0.9884892086330935	0.9914407988587732	0.9800285306704708	0.9440330267719712	0.9614506
X82449	1402	7004	Cellulomonadaceae	Cellulomonas humilata	X83801	1500	7500	Cellulomonadaceae	Cellulomonas uda	6597.0	1401	56	28	1357	0.9883466860888566	0.9800142755174875	0.9685938615274804	0.9127517995039331	0.94189036
X82449	1402	7004	Cellulomonadaceae	Cellulomonas humilata	AF064702	1378	6890	Cellulomonadaceae	Cellulomonas iranensis	6414.0	1344	24	21	1309	0.9894179894179894	0.984375	0.9739583333333334	0.9419202302631579	0.93091434
X82449	1402	7004	Cellulomonadaceae	Cellulomonas humilata	X79461	1374	6870	Cellulomonadaceae	Cellulomonas gelida	6485.0	1374	27	27	1329	0.9866369710467706	0.980349344978166	0.9672489082969432	0.9299673657929926	0.94395924
X82449	1402	7004	Cellulomonadaceae	Cellulomonas humilata	AB166887	1453	7265	Cellulomonadaceae	Cellulomonas composti	6669.0	1402	48	21	1366	0.9891383055756698	0.985021398002853	0.9743223965763196	0.9279580894288948	0.9521702
X82449	1402	7004	Cellulomonadaceae	Cellulomonas humilata	AB618146	1421	7105	Cellulomonadaceae	Cellulomonas pakistanensis	6652.0	1402	23	18	1362	0.9841040462427746	0.9871611982881597	0.9714693295292439	0.9435182821533147	0.94974303
X82449	1402	7004	Cellulomonadaceae	Cellulomonas humilata	EU560979	1387	6935	Cellulomonadaceae	Cellulomonas aerilata	6581.0	1385	27	25	1345	0.9889705882352942	0.9819494584837545	0.9711191335740073	0.9353555394197237	0.9489546
X82449	1402	7004	Cellulomonadaceae	Cellulomonas humilata	JN657218	1470	7350	Cellulomonadaceae	Cellulomonas massiliensis	6665.0	1402	51	22	1366	0.9898550724637681	0.9843081312410842	0.9743223965763196	0.925371581056656	0.95159906
X82449	1402	7004	Cellulomonadaceae	Cellulomonas humilata	AB602498	1446	7230	Cellulomonadaceae	Cellulomonas soli	6724.0	1402	22	16	1370	0.9884559884559885	0.9885877318116976	0.9771754636233951	0.9510991520941191	0.96002287
X82449	1402	7004	Cellulomonadaceae	Cellulomonas humilata	X92152	1458	7290	Cellulomonadaceae	Cellulomonas bogoriensis	6412.0	1402	43	35	1333	0.9751280175566935	0.9750356633380884	0.9507845934379457	0.8994619648648248	0.91547686
AY501362	1422	7104	Cellulomonadaceae	Cellulomonas denverensis	X79463	1484	7420	Cellulomonadaceae	Cellulomonas flavigena	6719.0	1422	22	22	1376	0.9828571428571429	0.9845288326300985	0.9676511954992968	0.9381659790159388	0.9458052
AY501362	1422	7104	Cellulomonadaceae	Cellulomonas denverensis	AB602499	1440	7200	Cellulomonadaceae	Cellulomonas oligotrophica	6804.0	1422	19	19	1386	0.9878831076265147	0.9866385372714487	0.9746835443037974	0.9489805778336071	0.9577703
AY501362	1422	7104	Cellulomonadaceae	Cellulomonas denverensis	X83802	1452	7260	Cellulomonadaceae	Cellulomonas biazotea	6688.0	1409	22	21	1367	0.9848703170028819	0.9850958126330731	0.9701916252661462	0.9410384177983305	0.9414414
AY501362	1422	7104	Cellulomonadaceae	Cellulomonas denverensis	AY884570	1475	7375	Cellulomonadaceae	Cellulomonas terrae	6810.0	1422	15	15	1387	0.9857853589196873	0.989451476793249	0.9753867791842475	0.9550237984079584	0.9586149
AY501362	1422	7104	Cellulomonadaceae	Cellulomonas denverensis	X83804	1453	7265	Cellulomonadaceae	Cellulomonas cellasea	6695.0	1409	31	29	1367	0.9905797101449275	0.9794180269694819	0.9701916252661462	0.92976697421339	0.9424268
AY501362	1422	7104	Cellulomonadaceae	Cellulomonas denverensis	X82598	1406	7024	Cellulomonadaceae	Cellulomonas hominis	6819.0	1400	7	5	1379	0.9885304659498207	0.9964285714285714	0.985	0.9765991471215352	0.97081435
AY501362	1422	7104	Cellulomonadaceae	Cellulomonas denverensis	HQ702749	1442	7210	Cellulomonadaceae	Cellulomonas carbonis	6756.0	1422	21	22	1380	0.9857142857142858	0.9852216748768473	0.9704641350210971	0.9415452453427137	0.9510135
AY501362	1422	7104	Cellulomonadaceae	Cellulomonas denverensis	AY303668	1516	7556	Cellulomonadaceae	Cellulomonas xylanilytica	6700.0	1422	28	27	1373	0.9842293906810036	0.9810126582278481	0.9655414908579466	0.9289175032736797	0.9431306
AY501362	1422	7104	Cellulomonadaceae	Cellulomonas denverensis	AF064701	1379	6895	Cellulomonadaceae	Cellulomonas persica	6470.0	1357	17	14	1321	0.9836187639612807	0.9896831245394252	0.9734708916728076	0.9515075746117763	0.9383611
AY501362	1422	7104	Cellulomonadaceae	Cellulomonas denverensis	X83803	1452	7254	Cellulomonadaceae	Cellulomonas fimi	6668.0	1409	26	25	1364	0.9855491329479769	0.9822569198012775	0.9680624556422995	0.9336574485079739	0.9386261
AY501362	1422	7104	Cellulomonadaceae	Cellulomonas denverensis	AB268586	1460	7300	Cellulomonadaceae	Cellulomonas chitinilytica	6801.0	1422	21	21	1385	0.9885795860099929	0.9852320675105485	0.9739803094233473	0.9456316101885721	0.957348
AY501362	1422	7104	Cellulomonadaceae	Cellulomonas denverensis	X83801	1500	7500	Cellulomonadaceae	Cellulomonas uda	6666.0	1409	20	21	1364	0.9827089337175793	0.9857954545454546	0.9680624556422995	0.9402873956833532	0.9383446
AY501362	1422	7104	Cellulomonadaceae	Cellulomonas denverensis	AF064702	1378	6890	Cellulomonadaceae	Cellulomonas iranensis	6454.0	1357	24	22	1318	0.9872659176029962	0.9837877671333825	0.9712601326455417	0.9389082382923954	0.9367199
AY501362	1422	7104	Cellulomonadaceae	Cellulomonas denverensis	X79461	1374	6870	Cellulomonadaceae	Cellulomonas gelida	6514.0	1375	21	22	1332	0.9844789356984479	0.9847161572052402	0.9687272727272728	0.9388882521489972	0.9481805
AY501362	1422	7104	Cellulomonadaceae	Cellulomonas denverensis	AB166887	1453	7265	Cellulomonadaceae	Cellulomonas composti	6737.0	1422	26	28	1377	0.9878048780487805	0.9816901408450704	0.9683544303797469	0.9322417651584026	0.948339
AY501362	1422	7104	Cellulomonadaceae	Cellulomonas denverensis	AB618146	1421	7105	Cellulomonadaceae	Cellulomonas pakistanensis	6867.0	1413	11	9	1390	0.99002849002849	0.9936305732484076	0.9837225760792639	0.969906247763544	0.9666385
AY501362	1422	7104	Cellulomonadaceae	Cellulomonas denverensis	EU560979	1387	6935	Cellulomonadaceae	Cellulomonas aerilata	6526.0	1386	33	32	1338	0.9881831610044313	0.976911976911977	0.9653679653679653	0.9211474454603418	0.94102377
AY501362	1422	7104	Cellulomonadaceae	Cellulomonas denverensis	JN657218	1470	7350	Cellulomonadaceae	Cellulomonas massiliensis	6796.0	1422	22	22	1385	0.9892857142857143	0.9845288326300985	0.9739803094233473	0.9443022390531068	0.9566441
AY501362	1422	7104	Cellulomonadaceae	Cellulomonas denverensis	AB602498	1446	7230	Cellulomonadaceae	Cellulomonas soli	6779.0	1422	28	25	1383	0.9899785254115963	0.9824191279887482	0.9725738396624473	0.9370245889713371	0.9542511
AY501362	1422	7104	Cellulomonadaceae	Cellulomonas denverensis	X92152	1458	7290	Cellulomonadaceae	Cellulomonas bogoriensis	6587.0	1415	31	30	1358	0.9805054151624548	0.9787985865724381	0.9597173144876325	0.9192313143605608	0.9272241
X79463	1484	7420	Cellulomonadaceae	Cellulomonas flavigena	AB602499	1440	7200	Cellulomonadaceae	Cellulomonas oligotrophica	6949.0	1440	14	14	1411	0.9894810659186536	0.9902777777777778	0.9798611111111111	0.9609917086963167	0.9651389
X79463	1484	7420	Cellulomonadaceae	Cellulomonas flavigena	X83802	1452	7260	Cellulomonadaceae	Cellulomonas biazotea	6915.0	1451	26	25	1411	0.9894810659186536	0.9827705031013094	0.972432804962095	0.9388552334975948	0.95247936
X79463	1484	7420	Cellulomonadaceae	Cellulomonas flavigena	AY884570	1475	7375	Cellulomonadaceae	Cellulomonas terrae	7063.0	1477	18	25	1438	0.990358126721763	0.9877551020408163	0.973595125253893	0.9455920547616405	0.9576949
X79463	1484	7420	Cellulomonadaceae	Cellulomonas flavigena	X83804	1453	7265	Cellulomonadaceae	Cellulomonas cellasea	6844.0	1451	29	27	1403	0.985252808988764	0.9813921433494142	0.9669193659545141	0.9303332277832622	0.94205093
X79463	1484	7420	Cellulomonadaceae	Cellulomonas flavigena	X82598	1406	7024	Cellulomonadaceae	Cellulomonas hominis	6644.0	1405	23	22	1361	0.9840925524222705	0.9843416370106761	0.9686832740213523	0.9381575405963097	0.9458998
X79463	1484	7420	Cellulomonadaceae	Cellulomonas flavigena	HQ702749	1442	7210	Cellulomonadaceae	Cellulomonas carbonis	6721.0	1443	34	35	1385	0.9836647727272727	0.9764216366158114	0.9598059598059598	0.9149673604649908	0.93217754
X79463	1484	7420	Cellulomonadaceae	Cellulomonas flavigena	AY303668	1516	7556	Cellulomonadaceae	Cellulomonas xylanilytica	7041.0	1484	23	22	1440	0.9849521203830369	0.9851752021563343	0.9703504043126685	0.9413751102223764	0.94892186
X79463	1484	7420	Cellulomonadaceae	Cellulomonas flavigena	AF064701	1379	6895	Cellulomonadaceae	Cellulomonas persica	6631.0	1371	16	14	1345	0.9911569638909359	0.9897884755652808	0.9810357403355215	0.9598165101912782	0.9617114
X79463	1484	7420	Cellulomonadaceae	Cellulomonas flavigena	X83803	1452	7254	Cellulomonadaceae	Cellulomonas fimi	6892.0	1451	28	27	1408	0.9887640449438202	0.9813921433494142	0.9703652653342523	0.9342800120594829	0.9500965
X79463	1484	7420	Cellulomonadaceae	Cellulomonas flavigena	AB268586	1460	7300	Cellulomonadaceae	Cellulomonas chitinilytica	6955.0	1460	25	25	1419	0.9888501742160278	0.9828767123287672	0.9719178082191781	0.939193302891933	0.9527397
X79463	1484	7420	Cellulomonadaceae	Cellulomonas flavigena	X83801	1500	7500	Cellulomonadaceae	Cellulomonas uda	6884.0	1458	25	26	1410	0.9846368715083799	0.9828414550446122	0.9670781893004116	0.9338206116508357	0.9277628
X79463	1484	7420	Cellulomonadaceae	Cellulomonas flavigena	AF064702	1378	6890	Cellulomonadaceae	Cellulomonas iranensis	6660.0	1371	17	16	1348	0.9948339483394834	0.9883296863603209	0.9832239241429613	0.9598475628340869	0.9666183
X79463	1484	7420	Cellulomonadaceae	Cellulomonas flavigena	X79461	1374	6870	Cellulomonadaceae	Cellulomonas gelida	6594.0	1376	18	20	1342	0.9896755162241888	0.9868995633187773	0.9752906976744186	0.9487045810950584	0.95982534
X79463	1484	7420	Cellulomonadaceae	Cellulomonas flavigena	AB166887	1453	7265	Cellulomonadaceae	Cellulomonas composti	6908.0	1457	17	22	1412	0.98397212543554	0.9882920110192838	0.9691146190803019	0.9434731875035505	0.95086026
X79463	1484	7420	Cellulomonadaceae	Cellulomonas flavigena	AB618146	1421	7105	Cellulomonadaceae	Cellulomonas pakistanensis	6704.0	1435	25	39	1377	0.9863896848137536	0.9824067558057706	0.9595818815331011	0.9175180182330199	0.9435609
X79463	1484	7420	Cellulomonadaceae	Cellulomonas flavigena	EU560979	1387	6935	Cellulomonadaceae	Cellulomonas aerilata	6531.0	1414	26	53	1344	0.9875091844232182	0.9812545061283345	0.9504950495049505	0.8983498349834984	0.94174474
X79463	1484	7420	Cellulomonadaceae	Cellulomonas flavigena	JN657218	1470	7350	Cellulomonadaceae	Cellulomonas massiliensis	7031.0	1470	24	24	1432	0.9903181189488244	0.9836734693877551	0.9741496598639455	0.94285167882414	0.95659864
X79463	1484	7420	Cellulomonadaceae	Cellulomonas flavigena	AB602498	1446	7230	Cellulomonadaceae	Cellulomonas soli	6904.0	1443	16	13	1408	0.9846153846153847	0.990990990990991	0.9757449757449758	0.9563504560077555	0.9549101
X79463	1484	7420	Cellulomonadaceae	Cellulomonas flavigena	X92152	1458	7290	Cellulomonadaceae	Cellulomonas bogoriensis	6682.0	1457	37	36	1387	0.976073187895848	0.9752916952642416	0.9519560741249142	0.9054414868350088	0.9165981
AB602499	1440	7200	Cellulomonadaceae	Cellulomonas oligotrophica	X83802	1452	7260	Cellulomonadaceae	Cellulomonas biazotea	6863.0	1427	21	21	1395	0.9921763869132291	0.9852838121934128	0.9775753328661527	0.9492202472443444	0.95319444
AB602499	1440	7200	Cellulomonadaceae	Cellulomonas oligotrophica	AY884570	1475	7375	Cellulomonadaceae	Cellulomonas terrae	7025.0	1440	5	6	1420	0.9902370990237099	0.9965253648366922	0.9861111111111112	0.9786043829296426	0.9756944
AB602499	1440	7200	Cellulomonadaceae	Cellulomonas oligotrophica	X83804	1453	7265	Cellulomonadaceae	Cellulomonas cellasea	6812.0	1427	25	24	1389	0.9900213827512473	0.9831814996496145	0.9733707077785564	0.9405227982185361	0.9461111
AB602499	1440	7200	Cellulomonadaceae	Cellulomonas oligotrophica	X82598	1406	7024	Cellulomonadaceae	Cellulomonas hominis	6681.0	1400	23	21	1363	0.9883973894126178	0.985	0.9735714285714285	0.9434680252986647	0.9511674
AB602499	1440	7200	Cellulomonadaceae	Cellulomonas oligotrophica	HQ702749	1442	7210	Cellulomonadaceae	Cellulomonas carbonis	6758.0	1440	27	29	1388	0.9836995038979447	0.9812239221140473	0.9638888888888889	0.9270942210103764	0.9386111
AB602499	1440	7200	Cellulomonadaceae	Cellulomonas oligotrophica	AY303668	1516	7556	Cellulomonadaceae	Cellulomonas xylanilytica	6892.0	1440	17	17	1404	0.9866479269149684	0.9881944444444445	0.975	0.9522477693891558	0.9572222
AB602499	1440	7200	Cellulomonadaceae	Cellulomonas oligotrophica	AF064701	1379	6895	Cellulomonadaceae	Cellulomonas persica	6478.0	1357	22	19	1322	0.9880418535127056	0.9859985261606485	0.974207811348563	0.9452429670662635	0.9395214
AB602499	1440	7200	Cellulomonadaceae	Cellulomonas oligotrophica	X83803	1452	7254	Cellulomonadaceae	Cellulomonas fimi	6857.0	1427	23	23	1394	0.9928774928774928	0.9838822704975473	0.9768745620182201	0.9458840586714351	0.9523611
AB602499	1440	7200	Cellulomonadaceae	Cellulomonas oligotrophica	AB268586	1460	7300	Cellulomonadaceae	Cellulomonas chitinilytica	6979.0	1440	16	17	1414	0.9936753338018272	0.9888811674774148	0.9819444444444444	0.9596888354700853	0.9693056
AB602499	1440	7200	Cellulomonadaceae	Cellulomonas oligotrophica	X83801	1500	7500	Cellulomonadaceae	Cellulomonas uda	6830.0	1427	21	23	1391	0.9907407407407407	0.9852631578947368	0.9747722494744219	0.9451520982472986	0.94861114
AB602499	1440	7200	Cellulomonadaceae	Cellulomonas oligotrophica	AF064702	1378	6890	Cellulomonadaceae	Cellulomonas iranensis	6575.0	1357	19	17	1333	0.994776119402985	0.9874723655121592	0.9823139277818718	0.9566138540899042	0.95428157
AB602499	1440	7200	Cellulomonadaceae	Cellulomonas oligotrophica	X79461	1374	6870	Cellulomonadaceae	Cellulomonas gelida	6569.0	1375	23	24	1339	0.9911176905995559	0.9832605531295487	0.9738181818181818	0.9410789439458968	0.9561863
AB602499	1440	7200	Cellulomonadaceae	Cellulomonas oligotrophica	AB166887	1453	7265	Cellulomonadaceae	Cellulomonas composti	6938.0	1440	14	17	1409	0.9901616303583978	0.9902574808629089	0.9784722222222222	0.9576107099189973	0.9636111
AB602499	1440	7200	Cellulomonadaceae	Cellulomonas oligotrophica	AB618146	1421	7105	Cellulomonadaceae	Cellulomonas pakistanensis	6761.0	1422	25	26	1381	0.9892550143266475	0.9824067558057706	0.9711673699015471	0.9369382504371524	0.9515834
AB602499	1440	7200	Cellulomonadaceae	Cellulomonas oligotrophica	EU560979	1387	6935	Cellulomonadaceae	Cellulomonas aerilata	6630.0	1386	26	25	1351	0.9926524614254225	0.9819624819624819	0.9747474747474747	0.9395405900363407	0.9560202
AB602499	1440	7200	Cellulomonadaceae	Cellulomonas oligotrophica	JN657218	1470	7350	Cellulomonadaceae	Cellulomonas massiliensis	7015.0	1440	16	17	1418	0.9964862965565706	0.9888811674774148	0.9847222222222223	0.9624036553724055	0.97430557
AB602499	1440	7200	Cellulomonadaceae	Cellulomonas oligotrophica	AB602498	1446	7230	Cellulomonadaceae	Cellulomonas soli	6954.0	1440	15	13	1412	0.9894884372810091	0.9909722222222223	0.9805555555555555	0.9616857579228713	0.9658333
AB602499	1440	7200	Cellulomonadaceae	Cellulomonas oligotrophica	X92152	1458	7290	Cellulomonadaceae	Cellulomonas bogoriensis	6585.0	1433	36	36	1365	0.9770937723693629	0.9748778785764132	0.9525471039776692	0.9058599756683484	0.9145833
X83802	1452	7260	Cellulomonadaceae	Cellulomonas biazotea	AY884570	1475	7375	Cellulomonadaceae	Cellulomonas terrae	6954.0	1452	19	27	1414	0.992280701754386	0.9868421052631579	0.9738292011019284	0.9433763504896315	0.95785123
X83802	1452	7260	Cellulomonadaceae	Cellulomonas biazotea	X83804	1453	7265	Cellulomonadaceae	Cellulomonas cellasea	6997.0	1452	13	12	1422	0.9875	0.9917355371900827	0.9793388429752066	0.9626265760302372	0.9637741
X83802	1452	7260	Cellulomonadaceae	Cellulomonas biazotea	X82598	1406	7024	Cellulomonadaceae	Cellulomonas hominis	6572.0	1388	24	23	1345	0.9853479853479854	0.9834293948126801	0.9690201729106628	0.9367652521409736	0.9356492
X83802	1452	7260	Cellulomonadaceae	Cellulomonas biazotea	HQ702749	1442	7210	Cellulomonadaceae	Cellulomonas carbonis	6749.0	1431	25	27	1383	0.9850427350427351	0.9825052484254724	0.9664570230607966	0.9319407008086252	0.936061
X83802	1452	7260	Cellulomonadaceae	Cellulomonas biazotea	AY303668	1516	7556	Cellulomonadaceae	Cellulomonas xylanilytica	6901.0	1452	24	24	1409	0.9866946778711485	0.9834710743801653	0.9703856749311295	0.9388284172097919	0.950551
X83802	1452	7260	Cellulomonadaceae	Cellulomonas biazotea	AF064701	1379	6895	Cellulomonadaceae	Cellulomonas persica	6384.0	1345	29	27	1305	0.9901365705614568	0.9799256505576208	0.9702602230483272	0.9307154104641159	0.9258883
X83802	1452	7260	Cellulomonadaceae	Cellulomonas biazotea	X83803	1452	7254	Cellulomonadaceae	Cellulomonas fimi	7210.0	1452	2	2	1446	0.9972413793103448	0.9986225895316805	0.9958677685950413	0.9931281048575034	0.9939344
X83802	1452	7260	Cellulomonadaceae	Cellulomonas biazotea	AB268586	1460	7300	Cellulomonadaceae	Cellulomonas chitinilytica	7004.0	1439	7	8	1417	0.9902166317260657	0.9951321279554938	0.9847116052814454	0.9744967546042519	0.9647383
X83802	1452	7260	Cellulomonadaceae	Cellulomonas biazotea	X83801	1500	7500	Cellulomonadaceae	Cellulomonas uda	6910.0	1452	28	30	1410	0.9915611814345991	0.9806896551724138	0.9710743801652892	0.9330187625642171	0.95179063
X83802	1452	7260	Cellulomonadaceae	Cellulomonas biazotea	AF064702	1378	6890	Cellulomonadaceae	Cellulomonas iranensis	6429.0	1345	26	25	1310	0.9924242424242424	0.9814126394052045	0.9739776951672863	0.9377465774039517	0.93309146
X83802	1452	7260	Cellulomonadaceae	Cellulomonas biazotea	X79461	1374	6870	Cellulomonadaceae	Cellulomonas gelida	6524.0	1376	24	26	1334	0.9881481481481481	0.982532751091703	0.9694767441860465	0.9348525747508305	0.9496361
X83802	1452	7260	Cellulomonadaceae	Cellulomonas biazotea	AB166887	1453	7265	Cellulomonadaceae	Cellulomonas composti	6891.0	1435	24	28	1400	0.9950248756218906	0.9832285115303984	0.975609756097561	0.9408381952222539	0.94917357
X83802	1452	7260	Cellulomonadaceae	Cellulomonas biazotea	AB618146	1421	7105	Cellulomonadaceae	Cellulomonas pakistanensis	6709.0	1419	25	28	1373	0.98705966930266	0.9823446327683616	0.9675828047921071	0.9320690314860256	0.9442646
X83802	1452	7260	Cellulomonadaceae	Cellulomonas biazotea	EU560979	1387	6935	Cellulomonadaceae	Cellulomonas aerilata	6682.0	1387	21	21	1357	0.9934114202049781	0.9848594087959625	0.9783705839942322	0.949186234187586	0.9635184
X83802	1452	7260	Cellulomonadaceae	Cellulomonas biazotea	JN657218	1470	7350	Cellulomonadaceae	Cellulomonas massiliensis	6977.0	1445	25	26	1415	0.9971811134601832	0.9826869806094183	0.9792387543252595	0.9452651648894852	0.9610193
X83802	1452	7260	Cellulomonadaceae	Cellulomonas biazotea	AB602498	1446	7230	Cellulomonadaceae	Cellulomonas soli	6886.0	1431	20	18	1400	0.9907997169143666	0.9874213836477987	0.9783368273934312	0.9527153253665874	0.9524205
X83802	1452	7260	Cellulomonadaceae	Cellulomonas biazotea	X92152	1458	7290	Cellulomonadaceae	Cellulomonas bogoriensis	6701.0	1452	33	31	1387	0.976073187895848	0.9786501377410468	0.9552341597796143	0.9140658188867555	0.9230028
AY884570	1475	7375	Cellulomonadaceae	Cellulomonas terrae	X83804	1453	7265	Cellulomonadaceae	Cellulomonas cellasea	6929.0	1444	29	20	1411	0.9908707865168539	0.9861495844875346	0.9771468144044322	0.9446415911146716	0.95375085
AY884570	1475	7375	Cellulomonadaceae	Cellulomonas terrae	X82598	1406	7024	Cellulomonadaceae	Cellulomonas hominis	6703.0	1404	23	21	1367	0.9884309472161966	0.9850427350427351	0.9736467236467237	0.943625381081583	0.95429957
AY884570	1475	7375	Cellulomonadaceae	Cellulomonas terrae	HQ702749	1442	7210	Cellulomonadaceae	Cellulomonas carbonis	6785.0	1443	30	31	1392	0.9858356940509915	0.9791955617198336	0.9646569646569647	0.9247085092298941	0.9410541
AY884570	1475	7375	Cellulomonadaceae	Cellulomonas terrae	AY303668	1516	7556	Cellulomonadaceae	Cellulomonas xylanilytica	7147.0	1475	23	15	1449	0.9924657534246575	0.9898305084745763	0.9823728813559321	0.9574528750198004	0.96908474
AY884570	1475	7375	Cellulomonadaceae	Cellulomonas terrae	AF064701	1379	6895	Cellulomonadaceae	Cellulomonas persica	6548.0	1375	27	24	1337	0.9896373056994818	0.9825454545454545	0.9723636363636363	0.9369923485929191	0.94967365
AY884570	1475	7375	Cellulomonadaceae	Cellulomonas terrae	X83803	1452	7254	Cellulomonadaceae	Cellulomonas fimi	6948.0	1444	29	21	1413	0.9929725931131412	0.9854570637119113	0.9785318559556787	0.9453162464527703	0.95781636
AY884570	1475	7375	Cellulomonadaceae	Cellulomonas terrae	AB268586	1460	7300	Cellulomonadaceae	Cellulomonas chitinilytica	7077.0	1460	13	13	1434	0.9910158949550795	0.9910958904109589	0.9821917808219178	0.9648550623552716	0.9694521
AY884570	1475	7375	Cellulomonadaceae	Cellulomonas terrae	X83801	1500	7500	Cellulomonadaceae	Cellulomonas uda	6913.0	1444	28	22	1409	0.990857946554149	0.9847645429362881	0.9757617728531855	0.9426176908948571	0.93735594
AY884570	1475	7375	Cellulomonadaceae	Cellulomonas terrae	AF064702	1378	6890	Cellulomonadaceae	Cellulomonas iranensis	6658.0	1375	20	18	1350	0.9948415622697127	0.986909090909091	0.9818181818181818	0.9550733137829912	0.966328
AY884570	1475	7375	Cellulomonadaceae	Cellulomonas terrae	X79461	1374	6870	Cellulomonadaceae	Cellulomonas gelida	6592.0	1375	19	20	1342	0.9904059040590406	0.9861717612809315	0.976	0.9486944045911048	0.9595342
AY884570	1475	7375	Cellulomonadaceae	Cellulomonas terrae	AB166887	1453	7265	Cellulomonadaceae	Cellulomonas composti	6989.0	1456	15	20	1421	0.9895543175487466	0.9896623018607856	0.9759615384615384	0.9527401558332897	0.9620096
AY884570	1475	7375	Cellulomonadaceae	Cellulomonas terrae	AB618146	1421	7105	Cellulomonadaceae	Cellulomonas pakistanensis	6780.0	1435	21	35	1386	0.99	0.9852216748768473	0.9658536585365853	0.9287054409005628	0.95425755
AY884570	1475	7375	Cellulomonadaceae	Cellulomonas terrae	EU560979	1387	6935	Cellulomonadaceae	Cellulomonas aerilata	6660.0	1386	27	26	1354	0.9955882352941177	0.9812409812409812	0.976911976911977	0.9402691355982227	0.96034604
AY884570	1475	7375	Cellulomonadaceae	Cellulomonas terrae	JN657218	1470	7350	Cellulomonadaceae	Cellulomonas massiliensis	7092.0	1468	22	20	1439	0.9937845303867403	0.9863760217983651	0.9802452316076294	0.9526141579649983	0.96489793
AY884570	1475	7375	Cellulomonadaceae	Cellulomonas terrae	AB602498	1446	7230	Cellulomonadaceae	Cellulomonas soli	7013.0	1443	15	12	1420	0.9923130677847659	0.9916839916839917	0.9840609840609841	0.9658376325042991	0.96998614
AY884570	1475	7375	Cellulomonadaceae	Cellulomonas terrae	X92152	1458	7290	Cellulomonadaceae	Cellulomonas bogoriensis	6712.0	1450	39	31	1388	0.97815362931642	0.9786206896551725	0.9572413793103448	0.9122401056020009	0.9207133
X83804	1453	7265	Cellulomonadaceae	Cellulomonas cellasea	X82598	1406	7024	Cellulomonadaceae	Cellulomonas hominis	6586.0	1389	31	31	1346	0.9911634756995582	0.9776817854571634	0.9690424766018718	0.926732171285452	0.9376424
X83804	1453	7265	Cellulomonadaceae	Cellulomonas cellasea	HQ702749	1442	7210	Cellulomonadaceae	Cellulomonas carbonis	6818.0	1432	17	20	1392	0.9858356940509915	0.9881035689293212	0.9720670391061452	0.9472454514961194	0.9456311
X83804	1453	7265	Cellulomonadaceae	Cellulomonas cellasea	AY303668	1516	7556	Cellulomonadaceae	Cellulomonas xylanilytica	6853.0	1453	32	33	1403	0.9880281690140845	0.977961432506887	0.9655884377150723	0.9233236239430321	0.94328976
X83804	1453	7265	Cellulomonadaceae	Cellulomonas cellasea	AF064701	1379	6895	Cellulomonadaceae	Cellulomonas persica	6358.0	1346	29	28	1302	0.9878603945371776	0.9791976225854383	0.9673105497771174	0.9272111306227204	0.9221175
X83804	1453	7265	Cellulomonadaceae	Cellulomonas cellasea	X83803	1452	7254	Cellulomonadaceae	Cellulomonas fimi	7007.0	1453	12	13	1423	0.9881944444444445	0.9917355371900827	0.9793530626290433	0.9626405530278651	0.96594983
X83804	1453	7265	Cellulomonadaceae	Cellulomonas cellasea	AB268586	1460	7300	Cellulomonadaceae	Cellulomonas chitinilytica	6990.0	1440	10	12	1415	0.9908963585434174	0.9930458970792768	0.9826388888888888	0.9677298850574713	0.9621473
X83804	1453	7265	Cellulomonadaceae	Cellulomonas cellasea	X83801	1500	7500	Cellulomonadaceae	Cellulomonas uda	6880.0	1453	26	29	1407	0.988061797752809	0.9820689655172414	0.9683413626978665	0.9323313728747545	0.94700617
X83804	1453	7265	Cellulomonadaceae	Cellulomonas cellasea	AF064702	1378	6890	Cellulomonadaceae	Cellulomonas iranensis	6378.0	1346	30	30	1304	0.9908814589665653	0.9777117384843982	0.9687964338781575	0.9265524033311447	0.9256894
X83804	1453	7265	Cellulomonadaceae	Cellulomonas cellasea	X79461	1374	6870	Cellulomonadaceae	Cellulomonas gelida	6517.0	1377	27	30	1333	0.9896065330363771	0.980349344978166	0.9680464778503994	0.9287454456299772	0.94861716
X83804	1453	7265	Cellulomonadaceae	Cellulomonas cellasea	AB166887	1453	7265	Cellulomonadaceae	Cellulomonas composti	6816.0	1436	30	35	1391	0.9928622412562456	0.9790356394129979	0.9686629526462396	0.9257140495616519	0.93819684
X83804	1453	7265	Cellulomonadaceae	Cellulomonas cellasea	AB618146	1421	7105	Cellulomonadaceae	Cellulomonas pakistanensis	6723.0	1420	32	36	1374	0.9927745664739884	0.9774011299435028	0.967605633802817	0.9222907694098476	0.94623506
X83804	1453	7265	Cellulomonadaceae	Cellulomonas cellasea	EU560979	1387	6935	Cellulomonadaceae	Cellulomonas aerilata	6662.0	1388	20	21	1355	0.9912216532553035	0.9855803893294881	0.9762247838616714	0.9477977837634267	0.96063447
X83804	1453	7265	Cellulomonadaceae	Cellulomonas cellasea	JN657218	1470	7350	Cellulomonadaceae	Cellulomonas massiliensis	6930.0	1446	27	29	1409	0.9943542695836274	0.9813019390581718	0.9744121715076072	0.9373673095901421	0.95388854
X83804	1453	7265	Cellulomonadaceae	Cellulomonas cellasea	AB602498	1446	7230	Cellulomonadaceae	Cellulomonas soli	6949.0	1432	18	17	1407	0.9943462897526502	0.9881284916201117	0.9825418994413407	0.9588253708341359	0.96113414
X83804	1453	7265	Cellulomonadaceae	Cellulomonas cellasea	X92152	1458	7290	Cellulomonadaceae	Cellulomonas bogoriensis	6828.0	1453	27	26	1402	0.9824807288016818	0.9821059876118375	0.9649002064693737	0.9303463477241867	0.9398486
X82598	1406	7024	Cellulomonadaceae	Cellulomonas hominis	HQ702749	1442	7210	Cellulomonadaceae	Cellulomonas carbonis	6665.0	1402	21	24	1361	0.9876632801161103	0.9849892780557541	0.9707560627674751	0.9400575224831909	0.9488895
X82598	1406	7024	Cellulomonadaceae	Cellulomonas hominis	AY303668	1516	7556	Cellulomonadaceae	Cellulomonas xylanilytica	6654.0	1406	22	23	1361	0.9840925524222705	0.9843416370106761	0.9679943100995733	0.9374902877224859	0.94732344
X82598	1406	7024	Cellulomonadaceae	Cellulomonas hominis	AF064701	1379	6895	Cellulomonadaceae	Cellulomonas persica	6469.0	1362	20	18	1323	0.984375	0.986784140969163	0.9713656387665198	0.9446565980479036	0.9382161
X82598	1406	7024	Cellulomonadaceae	Cellulomonas hominis	X83803	1452	7254	Cellulomonadaceae	Cellulomonas fimi	6565.0	1389	25	26	1344	0.9860601614086574	0.9819884726224783	0.9676025917926566	0.9327032055257362	0.9346526
X82598	1406	7024	Cellulomonadaceae	Cellulomonas hominis	AB268586	1460	7300	Cellulomonadaceae	Cellulomonas chitinilytica	6680.0	1406	24	26	1364	0.9884057971014493	0.9829059829059829	0.9701280227596017	0.936207462523252	0.95102507
X82598	1406	7024	Cellulomonadaceae	Cellulomonas hominis	X83801	1500	7500	Cellulomonadaceae	Cellulomonas uda	6541.0	1389	26	29	1341	0.9860294117647059	0.9812409812409812	0.9654427645788337	0.9279167207259461	0.9312358
X82598	1406	7024	Cellulomonadaceae	Cellulomonas hominis	AF064702	1378	6890	Cellulomonadaceae	Cellulomonas iranensis	6477.0	1362	27	26	1323	0.9902694610778443	0.9809104258443465	0.9713656387665198	0.9343012911389997	0.94005805
X82598	1406	7024	Cellulomonadaceae	Cellulomonas hominis	X79461	1374	6870	Cellulomonadaceae	Cellulomonas gelida	6497.0	1377	25	28	1331	0.9866567828020756	0.9818049490538574	0.9665940450254176	0.9300537565900773	0.94570595
X82598	1406	7024	Cellulomonadaceae	Cellulomonas hominis	AB166887	1453	7265	Cellulomonadaceae	Cellulomonas composti	6649.0	1405	26	28	1360	0.9876543209876543	0.9814682822523164	0.9679715302491103	0.9314443026925401	0.94661164
X82598	1406	7024	Cellulomonadaceae	Cellulomonas hominis	AB618146	1421	7105	Cellulomonadaceae	Cellulomonas pakistanensis	6869.0	1393	7	3	1383	0.9949640287769784	0.9978463747307968	0.9928212491026561	0.9857296687519228	0.9779328
X82598	1406	7024	Cellulomonadaceae	Cellulomonas hominis	EU560979	1387	6935	Cellulomonadaceae	Cellulomonas aerilata	6482.0	1374	33	36	1327	0.9917787742899851	0.975929978118162	0.9657933042212519	0.9184303063596554	0.93467915
X82598	1406	7024	Cellulomonadaceae	Cellulomonas hominis	JN657218	1470	7350	Cellulomonadaceae	Cellulomonas massiliensis	6699.0	1406	25	27	1366	0.990572878897752	0.9821937321937322	0.9715504978662873	0.9362460772589869	0.95373005
X82598	1406	7024	Cellulomonadaceae	Cellulomonas hominis	AB602498	1446	7230	Cellulomonadaceae	Cellulomonas soli	6697.0	1402	25	24	1365	0.9905660377358491	0.9828815977175464	0.9736091298145506	0.9401775619372466	0.9534453
X82598	1406	7024	Cellulomonadaceae	Cellulomonas hominis	X92152	1458	7290	Cellulomonadaceae	Cellulomonas bogoriensis	6507.0	1394	22	22	1341	0.9774052478134111	0.9842180774748924	0.9619799139167863	0.9320878826933834	0.92639524
HQ702749	1442	7210	Cellulomonadaceae	Cellulomonas carbonis	AY303668	1516	7556	Cellulomonadaceae	Cellulomonas xylanilytica	6705.0	1442	36	34	1382	0.9815340909090909	0.9764216366158114	0.9583911234396671	0.9130004748329169	0.9299584
HQ702749	1442	7210	Cellulomonadaceae	Cellulomonas carbonis	AF064701	1379	6895	Cellulomonadaceae	Cellulomonas persica	6305.0	1356	39	35	1301	0.9848599545798638	0.974188790560472	0.9594395280235988	0.908544527970734	0.91443074
HQ702749	1442	7210	Cellulomonadaceae	Cellulomonas carbonis	X83803	1452	7254	Cellulomonadaceae	Cellulomonas fimi	6734.0	1429	29	27	1381	0.985021398002853	0.9811056682995102	0.966410076976907	0.9292914457624304	0.9339806
HQ702749	1442	7210	Cellulomonadaceae	Cellulomonas carbonis	AB268586	1460	7300	Cellulomonadaceae	Cellulomonas chitinilytica	6783.0	1442	28	27	1392	0.9837455830388693	0.9812760055478502	0.9653259361997226	0.9292082991310254	0.9407767
HQ702749	1442	7210	Cellulomonadaceae	Cellulomonas carbonis	X83801	1500	7500	Cellulomonadaceae	Cellulomonas uda	6585.0	1429	41	41	1363	0.9819884726224783	0.9713086074177747	0.9538138558432471	0.9006079128642359	0.9133148
HQ702749	1442	7210	Cellulomonadaceae	Cellulomonas carbonis	AF064702	1378	6890	Cellulomonadaceae	Cellulomonas iranensis	6294.0	1356	43	40	1299	0.9870820668693009	0.9705014749262537	0.9579646017699115	0.9011303902281654	0.9134978
HQ702749	1442	7210	Cellulomonadaceae	Cellulomonas carbonis	X79461	1374	6870	Cellulomonadaceae	Cellulomonas gelida	6343.0	1374	39	39	1312	0.9827715355805243	0.9716157205240175	0.9548762736535662	0.9021654814773609	0.92328966
HQ702749	1442	7210	Cellulomonadaceae	Cellulomonas carbonis	AB166887	1453	7265	Cellulomonadaceae	Cellulomonas composti	6710.0	1442	42	43	1382	0.9878484631879915	0.970853573907009	0.9583911234396671	0.9034967531617887	0.93065184
HQ702749	1442	7210	Cellulomonadaceae	Cellulomonas carbonis	AB618146	1421	7105	Cellulomonadaceae	Cellulomonas pakistanensis	6730.0	1422	30	31	1377	0.9899352983465133	0.9788881069669247	0.9683544303797469	0.9276728737315619	0.94722027
HQ702749	1442	7210	Cellulomonadaceae	Cellulomonas carbonis	EU560979	1387	6935	Cellulomonadaceae	Cellulomonas aerilata	6511.0	1385	32	30	1337	0.9867158671586715	0.9783393501805054	0.9653429602888086	0.9231049479120224	0.93886083
HQ702749	1442	7210	Cellulomonadaceae	Cellulomonas carbonis	JN657218	1470	7350	Cellulomonadaceae	Cellulomonas massiliensis	6734.0	1442	42	41	1385	0.9885795860099929	0.9715672676837726	0.9604715672676838	0.9067524701765667	0.9339806
HQ702749	1442	7210	Cellulomonadaceae	Cellulomonas carbonis	AB602498	1446	7230	Cellulomonadaceae	Cellulomonas soli	6750.0	1442	40	36	1388	0.9871977240398293	0.9750346740638003	0.9625520110957004	0.9131903695010491	0.9361997
HQ702749	1442	7210	Cellulomonadaceae	Cellulomonas carbonis	X92152	1458	7290	Cellulomonadaceae	Cellulomonas bogoriensis	6787.0	1435	16	14	1391	0.9788881069669247	0.9902439024390244	0.9693379790940767	0.9492965322485755	0.9413315
AY303668	1516	7556	Cellulomonadaceae	Cellulomonas xylanilytica	AF064701	1379	6895	Cellulomonadaceae	Cellulomonas persica	6464.0	1376	32	29	1327	0.9851521900519673	0.9789244186046512	0.9643895348837209	0.9226084541820825	0.93749094
AY303668	1516	7556	Cellulomonadaceae	Cellulomonas xylanilytica	X83803	1452	7254	Cellulomonadaceae	Cellulomonas fimi	6885.0	1452	26	26	1407	0.9866760168302945	0.9820936639118457	0.96900826446281	0.9349159574587057	0.9491315
AY303668	1516	7556	Cellulomonadaceae	Cellulomonas xylanilytica	AB268586	1460	7300	Cellulomonadaceae	Cellulomonas chitinilytica	7005.0	1461	18	19	1425	0.9882108183079057	0.9876712328767123	0.9753593429158111	0.9509588725386069	0.95958906
AY303668	1516	7556	Cellulomonadaceae	Cellulomonas xylanilytica	X83801	1500	7500	Cellulomonadaceae	Cellulomonas uda	6910.0	1480	54	34	1425	0.9854771784232366	0.977027027027027	0.9628378378378378	0.9076033334507911	0.9213333
AY303668	1516	7556	Cellulomonadaceae	Cellulomonas xylanilytica	AF064702	1378	6890	Cellulomonadaceae	Cellulomonas iranensis	6581.0	1376	24	22	1341	0.9903988183161004	0.9840116279069767	0.9745639534883721	0.9425425664451826	0.9551524
AY303668	1516	7556	Cellulomonadaceae	Cellulomonas xylanilytica	X79461	1374	6870	Cellulomonadaceae	Cellulomonas gelida	6482.0	1376	24	26	1329	0.9844444444444445	0.982532751091703	0.965843023255814	0.9313486295681063	0.9435226
AY303668	1516	7556	Cellulomonadaceae	Cellulomonas xylanilytica	AB166887	1453	7265	Cellulomonadaceae	Cellulomonas composti	6909.0	1458	18	24	1412	0.9846582984658299	0.987603305785124	0.9684499314128944	0.9408924130393568	0.95099795
AY303668	1516	7556	Cellulomonadaceae	Cellulomonas xylanilytica	AB618146	1421	7105	Cellulomonadaceae	Cellulomonas pakistanensis	6722.0	1436	16	31	1380	0.9822064056939501	0.9887403237156932	0.9610027855153204	0.9298959460392735	0.9460943
AY303668	1516	7556	Cellulomonadaceae	Cellulomonas xylanilytica	EU560979	1387	6935	Cellulomonadaceae	Cellulomonas aerilata	6591.0	1387	25	25	1346	0.9882525697503671	0.9819754866618601	0.9704397981254506	0.9360757826110933	0.95039654
AY303668	1516	7556	Cellulomonadaceae	Cellulomonas xylanilytica	JN657218	1470	7350	Cellulomonadaceae	Cellulomonas massiliensis	6983.0	1471	30	31	1426	0.9902777777777778	0.9795918367346939	0.9694085656016316	0.9300122148343434	0.95006806
AY303668	1516	7556	Cellulomonadaceae	Cellulomonas xylanilytica	AB602498	1446	7230	Cellulomonadaceae	Cellulomonas soli	6929.0	1444	20	18	1410	0.9887798036465638	0.9875346260387812	0.9764542936288089	0.9511091685209572	0.9583679
AY303668	1516	7556	Cellulomonadaceae	Cellulomonas xylanilytica	X92152	1458	7290	Cellulomonadaceae	Cellulomonas bogoriensis	6659.0	1458	37	37	1383	0.9732582688247713	0.9746227709190672	0.948559670781893	0.9016075532983745	0.9134431
AF064701	1379	6895	Cellulomonadaceae	Cellulomonas persica	X83803	1452	7254	Cellulomonadaceae	Cellulomonas fimi	6361.0	1347	29	31	1302	0.9893617021276596	0.9784386617100371	0.9665924276169265	0.9244445019940954	0.9225526
AF064701	1379	6895	Cellulomonadaceae	Cellulomonas persica	AB268586	1460	7300	Cellulomonadaceae	Cellulomonas chitinilytica	6551.0	1369	19	22	1334	0.9903489235337788	0.986090775988287	0.9744338933528123	0.9456501832465692	0.95010877
AF064701	1379	6895	Cellulomonadaceae	Cellulomonas persica	X83801	1500	7500	Cellulomonadaceae	Cellulomonas uda	6428.0	1347	19	23	1310	0.9894259818731118	0.9858525688756515	0.9725315515961396	0.9426294101854237	0.93226975
AF064701	1379	6895	Cellulomonadaceae	Cellulomonas persica	AF064702	1378	6890	Cellulomonadaceae	Cellulomonas iranensis	6627.0	1379	20	21	1347	0.991899852724595	0.9854862119013063	0.9767947788252357	0.9481681984593783	0.9618287
AF064701	1379	6895	Cellulomonadaceae	Cellulomonas persica	X79461	1374	6870	Cellulomonadaceae	Cellulomonas gelida	6409.0	1335	16	20	1303	0.990874524714829	0.9879789631855748	0.9760299625468165	0.9500217622124824	0.9328967
AF064701	1379	6895	Cellulomonadaceae	Cellulomonas persica	AB166887	1453	7265	Cellulomonadaceae	Cellulomonas composti	6471.0	1370	21	28	1324	0.9865871833084948	0.9845928099779897	0.9664233576642336	0.9323796879837537	0.9385062
AF064701	1379	6895	Cellulomonadaceae	Cellulomonas persica	AB618146	1421	7105	Cellulomonadaceae	Cellulomonas pakistanensis	6421.0	1364	16	30	1315	0.9857571214392804	0.9881481481481481	0.9640762463343109	0.9319403714565004	0.9312545
AF064701	1379	6895	Cellulomonadaceae	Cellulomonas persica	EU560979	1387	6935	Cellulomonadaceae	Cellulomonas aerilata	6252.0	1332	34	38	1283	0.991499227202473	0.9743975903614458	0.9632132132132132	0.912443556294215	0.906744
AF064701	1379	6895	Cellulomonadaceae	Cellulomonas persica	JN657218	1470	7350	Cellulomonadaceae	Cellulomonas massiliensis	6573.0	1373	19	22	1338	0.9903774981495189	0.9861313868613139	0.9745083758193737	0.9458051837154985	0.95329946
AF064701	1379	6895	Cellulomonadaceae	Cellulomonas persica	AB602498	1446	7230	Cellulomonadaceae	Cellulomonas soli	6492.0	1360	19	20	1324	0.9880597014925373	0.986019131714496	0.9735294117647059	0.9459966727807875	0.94155186
AF064701	1379	6895	Cellulomonadaceae	Cellulomonas persica	X92152	1458	7290	Cellulomonadaceae	Cellulomonas bogoriensis	6234.0	1353	32	33	1291	0.978030303030303	0.9763313609467456	0.9541759053954176	0.9093950867306507	0.90413344
X83803	1452	7254	Cellulomonadaceae	Cellulomonas fimi	AB268586	1460	7300	Cellulomonadaceae	Cellulomonas chitinilytica	6998.0	1439	9	10	1416	0.9909027291812457	0.9937413073713491	0.9840166782487839	0.9711048571944145	0.9647091
X83803	1452	7254	Cellulomonadaceae	Cellulomonas fimi	X83801	1500	7500	Cellulomonadaceae	Cellulomonas uda	6910.0	1452	29	31	1410	0.9922589725545391	0.98	0.9710743801652892	0.9317330818466415	0.9525779
X83803	1452	7254	Cellulomonadaceae	Cellulomonas fimi	AF064702	1378	6890	Cellulomonadaceae	Cellulomonas iranensis	6429.0	1345	26	25	1310	0.9924242424242424	0.9814126394052045	0.9739776951672863	0.9377465774039517	0.93309146
X83803	1452	7254	Cellulomonadaceae	Cellulomonas fimi	X79461	1374	6870	Cellulomonadaceae	Cellulomonas gelida	6525.0	1376	25	27	1334	0.9888806523350631	0.9818049490538574	0.9694767441860465	0.9334933104261075	0.94978166
X83803	1452	7254	Cellulomonadaceae	Cellulomonas fimi	AB166887	1453	7265	Cellulomonadaceae	Cellulomonas composti	6890.0	1435	24	28	1400	0.9950248756218906	0.9832285115303984	0.975609756097561	0.9408381952222539	0.9498208
X83803	1452	7254	Cellulomonadaceae	Cellulomonas fimi	AB618146	1421	7105	Cellulomonadaceae	Cellulomonas pakistanensis	6703.0	1419	27	30	1372	0.9877609791216703	0.9809322033898306	0.966878083157153	0.9287646317463938	0.9434201
X83803	1452	7254	Cellulomonadaceae	Cellulomonas fimi	EU560979	1387	6935	Cellulomonadaceae	Cellulomonas aerilata	6682.0	1387	22	22	1357	0.9941391941391942	0.9841384282624369	0.9783705839942322	0.9478182023790822	0.9635184
X83803	1452	7254	Cellulomonadaceae	Cellulomonas fimi	JN657218	1470	7350	Cellulomonadaceae	Cellulomonas massiliensis	6972.0	1445	26	27	1414	0.997179125528914	0.981994459833795	0.9785467128027682	0.9432897612197996	0.9611249
X83803	1452	7254	Cellulomonadaceae	Cellulomonas fimi	AB602498	1446	7230	Cellulomonadaceae	Cellulomonas soli	6896.0	1431	20	18	1401	0.9915074309978769	0.9874213836477987	0.9790356394129979	0.9533958363132777	0.9538036
X83803	1452	7254	Cellulomonadaceae	Cellulomonas fimi	X92152	1458	7290	Cellulomonadaceae	Cellulomonas bogoriensis	6711.0	1452	33	31	1388	0.9767769176636172	0.9786501377410468	0.9559228650137741	0.914724842548534	0.92514473
AB268586	1460	7300	Cellulomonadaceae	Cellulomonas chitinilytica	X83801	1500	7500	Cellulomonadaceae	Cellulomonas uda	6948.0	1438	19	20	1409	0.9936530324400564	0.9867780097425192	0.9798331015299027	0.9536055854285531	0.9517808
AB268586	1460	7300	Cellulomonadaceae	Cellulomonas chitinilytica	AF064702	1378	6890	Cellulomonadaceae	Cellulomonas iranensis	6614.0	1366	19	17	1341	0.994069681245367	0.9875549048316252	0.9816983894582724	0.9561813194073714	0.9599419
AB268586	1460	7300	Cellulomonadaceae	Cellulomonas chitinilytica	X79461	1374	6870	Cellulomonadaceae	Cellulomonas gelida	6620.0	1375	18	19	1345	0.9918879056047197	0.9868995633187773	0.9781818181818182	0.9521999608431768	0.9636099
AB268586	1460	7300	Cellulomonadaceae	Cellulomonas chitinilytica	AB166887	1453	7265	Cellulomonadaceae	Cellulomonas composti	7026.0	1456	22	27	1424	0.9965010496850945	0.9848380427291523	0.978021978021978	0.9455977040550789	0.9671025
AB268586	1460	7300	Cellulomonadaceae	Cellulomonas chitinilytica	AB618146	1421	7105	Cellulomonadaceae	Cellulomonas pakistanensis	6740.0	1435	23	37	1381	0.9878397711015737	0.983814215341309	0.9623693379790941	0.922765661519049	0.9486277
AB268586	1460	7300	Cellulomonadaceae	Cellulomonas chitinilytica	EU560979	1387	6935	Cellulomonadaceae	Cellulomonas aerilata	6676.0	1386	22	21	1356	0.9934065934065934	0.9848484848484849	0.9783549783549783	0.9484762396694215	0.9626532
AB268586	1460	7300	Cellulomonadaceae	Cellulomonas chitinilytica	JN657218	1470	7350	Cellulomonadaceae	Cellulomonas massiliensis	7126.0	1460	18	18	1439	0.9979195561719834	0.9876712328767123	0.9856164383561644	0.9616095426993161	0.9761644
AB268586	1460	7300	Cellulomonadaceae	Cellulomonas chitinilytica	AB602498	1446	7230	Cellulomonadaceae	Cellulomonas soli	6976.0	1443	14	11	1416	0.9888268156424581	0.9923769923769924	0.9812889812889813	0.9644514901893078	0.9648686
AB268586	1460	7300	Cellulomonadaceae	Cellulomonas chitinilytica	X92152	1458	7290	Cellulomonadaceae	Cellulomonas bogoriensis	6689.0	1444	32	31	1382	0.9780608634111819	0.9785318559556787	0.9570637119113573	0.9162134315248969	0.9175583
X83801	1500	7500	Cellulomonadaceae	Cellulomonas uda	AF064702	1378	6890	Cellulomonadaceae	Cellulomonas iranensis	6534.0	1343	10	7	1323	0.9902694610778443	0.9947877885331348	0.9851079672375279	0.9727304096299612	0.94833094
X83801	1500	7500	Cellulomonadaceae	Cellulomonas uda	X79461	1374	6870	Cellulomonadaceae	Cellulomonas gelida	6749.0	1374	7	7	1360	0.9948792977322605	0.99490538573508	0.9898107714701602	0.9797764841417154	0.9823872
X83801	1500	7500	Cellulomonadaceae	Cellulomonas uda	AB166887	1453	7265	Cellulomonadaceae	Cellulomonas composti	6974.0	1433	8	10	1411	0.9915671117357695	0.9944095038434662	0.9846475924633635	0.9723480389142029	0.95994496
X83801	1500	7500	Cellulomonadaceae	Cellulomonas uda	AB618146	1421	7105	Cellulomonadaceae	Cellulomonas pakistanensis	6653.0	1417	30	31	1366	0.9855699855699855	0.9788135593220338	0.9640084685956246	0.9233695490487462	0.93638283
X83801	1500	7500	Cellulomonadaceae	Cellulomonas uda	EU560979	1387	6935	Cellulomonadaceae	Cellulomonas aerilata	6605.0	1385	27	25	1348	0.9911764705882353	0.9819494584837545	0.9732851985559566	0.9374418343031877	0.9524153
X83801	1500	7500	Cellulomonadaceae	Cellulomonas uda	JN657218	1470	7350	Cellulomonadaceae	Cellulomonas massiliensis	7007.0	1443	13	12	1419	0.9916142557651991	0.9916839916839917	0.9833679833679834	0.9664832309063078	0.9533333
X83801	1500	7500	Cellulomonadaceae	Cellulomonas uda	AB602498	1446	7230	Cellulomonadaceae	Cellulomonas soli	6827.0	1429	21	17	1393	0.9865439093484419	0.9881035689293212	0.9748075577326802	0.949260876909341	0.94426
X83801	1500	7500	Cellulomonadaceae	Cellulomonas uda	X92152	1458	7290	Cellulomonadaceae	Cellulomonas bogoriensis	6619.0	1450	42	38	1377	0.9752124645892352	0.9737931034482759	0.9496551724137932	0.8987353240269946	0.9079561
AF064702	1378	6890	Cellulomonadaceae	Cellulomonas iranensis	X79461	1374	6870	Cellulomonadaceae	Cellulomonas gelida	6508.0	1334	6	9	1315	0.9924528301886792	0.9954921111945906	0.9857571214392804	0.9747225267963034	0.9473071
AF064702	1378	6890	Cellulomonadaceae	Cellulomonas iranensis	AB166887	1453	7265	Cellulomonadaceae	Cellulomonas composti	6617.0	1369	7	13	1342	0.9896755162241888	0.9948642699926632	0.9802775748721695	0.9660293543071671	0.96037734
AF064702	1378	6890	Cellulomonadaceae	Cellulomonas iranensis	AB618146	1421	7105	Cellulomonadaceae	Cellulomonas pakistanensis	6418.0	1363	21	34	1314	0.9887133182844243	0.9844444444444445	0.9640498899486427	0.9257386587729379	0.9314949
AF064702	1378	6890	Cellulomonadaceae	Cellulomonas iranensis	EU560979	1387	6935	Cellulomonadaceae	Cellulomonas aerilata	6361.0	1331	22	25	1296	0.9923430321592649	0.983433734939759	0.9737039819684448	0.9398798229495853	0.92322206
AF064702	1378	6890	Cellulomonadaceae	Cellulomonas iranensis	JN657218	1470	7350	Cellulomonadaceae	Cellulomonas massiliensis	6640.0	1372	14	16	1346	0.9926253687315634	0.9897810218978103	0.9810495626822158	0.9598147236631202	0.96371555
AF064702	1378	6890	Cellulomonadaceae	Cellulomonas iranensis	AB602498	1446	7230	Cellulomonadaceae	Cellulomonas soli	6535.0	1359	15	15	1329	0.9888392857142857	0.9889624724061811	0.977924944812362	0.9565728717815244	0.9484761
AF064702	1378	6890	Cellulomonadaceae	Cellulomonas iranensis	X92152	1458	7290	Cellulomonadaceae	Cellulomonas bogoriensis	6226.0	1352	39	39	1289	0.9817212490479817	0.9711538461538461	0.9534023668639053	0.8999405518995741	0.90362847
X79461	1374	6870	Cellulomonadaceae	Cellulomonas gelida	AB166887	1453	7265	Cellulomonadaceae	Cellulomonas composti	6669.0	1374	11	12	1351	0.9919236417033774	0.9919883466860888	0.9832605531295487	0.9669320385288415	0.97074234
X79461	1374	6870	Cellulomonadaceae	Cellulomonas gelida	AB618146	1421	7105	Cellulomonadaceae	Cellulomonas pakistanensis	6526.0	1373	18	17	1334	0.9837758112094396	0.98761835396941	0.9715950473415877	0.9471480116428419	0.9499272
X79461	1374	6870	Cellulomonadaceae	Cellulomonas gelida	EU560979	1387	6935	Cellulomonadaceae	Cellulomonas aerilata	6522.0	1371	26	26	1332	0.9903345724907063	0.9810357403355215	0.9715536105032823	0.9353898397472545	0.949345
X79461	1374	6870	Cellulomonadaceae	Cellulomonas gelida	JN657218	1470	7350	Cellulomonadaceae	Cellulomonas massiliensis	6640.0	1374	18	17	1347	0.9926308032424466	0.987627365356623	0.980349344978166	0.9556997565627667	0.9665211
X79461	1374	6870	Cellulomonadaceae	Cellulomonas gelida	AB602498	1446	7230	Cellulomonadaceae	Cellulomonas soli	6574.0	1374	19	15	1341	0.9867549668874173	0.9890829694323144	0.9759825327510917	0.9521609921096437	0.9569141
X79461	1374	6870	Cellulomonadaceae	Cellulomonas gelida	X92152	1458	7290	Cellulomonadaceae	Cellulomonas bogoriensis	6315.0	1374	39	34	1310	0.9776119402985075	0.975254730713246	0.9534206695778749	0.9041639753958615	0.91921395
AB166887	1453	7265	Cellulomonadaceae	Cellulomonas composti	AB618146	1421	7105	Cellulomonadaceae	Cellulomonas pakistanensis	6693.0	1433	29	41	1375	0.9877873563218391	0.9795918367346939	0.9595254710397767	0.9135837590200884	0.94201267
AB166887	1453	7265	Cellulomonadaceae	Cellulomonas composti	EU560979	1387	6935	Cellulomonadaceae	Cellulomonas aerilata	6670.0	1384	22	19	1355	0.9926739926739927	0.986271676300578	0.9790462427745664	0.9504965301474276	0.96178806
AB166887	1453	7265	Cellulomonadaceae	Cellulomonas composti	JN657218	1470	7350	Cellulomonadaceae	Cellulomonas massiliensis	7089.0	1452	17	12	1433	0.9951388888888889	0.9917355371900827	0.9869146005509641	0.967431602990734	0.9757743
AB166887	1453	7265	Cellulomonadaceae	Cellulomonas composti	AB602498	1446	7230	Cellulomonadaceae	Cellulomonas soli	6957.0	1441	19	14	1413	0.9901892081289418	0.9902845246356696	0.9805690492713394	0.9584055022672612	0.96224064
AB166887	1453	7265	Cellulomonadaceae	Cellulomonas composti	X92152	1458	7290	Cellulomonadaceae	Cellulomonas bogoriensis	6570.0	1437	44	40	1365	0.9770937723693629	0.9721642310368824	0.9498956158663883	0.8960190245545878	0.90433586
AB618146	1421	7105	Cellulomonadaceae	Cellulomonas pakistanensis	EU560979	1387	6935	Cellulomonadaceae	Cellulomonas aerilata	6537.0	1386	37	36	1339	0.9918518518518519	0.974025974025974	0.9660894660894661	0.9165290085880388	0.94260997
AB618146	1421	7105	Cellulomonadaceae	Cellulomonas pakistanensis	JN657218	1470	7350	Cellulomonadaceae	Cellulomonas massiliensis	6754.0	1421	41	27	1382	0.9913916786226685	0.9809992962702322	0.9725545390570021	0.9273194442171416	0.9505982
AB618146	1421	7105	Cellulomonadaceae	Cellulomonas pakistanensis	AB602498	1446	7230	Cellulomonadaceae	Cellulomonas soli	6792.0	1421	30	26	1385	0.992831541218638	0.9817030260380014	0.9746657283603096	0.9370494080376512	0.9559465
AB618146	1421	7105	Cellulomonadaceae	Cellulomonas pakistanensis	X92152	1458	7290	Cellulomonadaceae	Cellulomonas bogoriensis	6634.0	1421	30	27	1367	0.9806312769010043	0.9809992962702322	0.9619985925404645	0.9242081585123414	0.93370867
EU560979	1387	6935	Cellulomonadaceae	Cellulomonas aerilata	JN657218	1470	7350	Cellulomonadaceae	Cellulomonas massiliensis	6648.0	1387	27	28	1352	0.9948491537895512	0.9805194805194806	0.9747656813266041	0.9368504674136174	0.9586157
EU560979	1387	6935	Cellulomonadaceae	Cellulomonas aerilata	AB602498	1446	7230	Cellulomonadaceae	Cellulomonas soli	6660.0	1387	28	26	1354	0.9948567229977957	0.9812545061283345	0.9762076423936553	0.9389530751220952	0.96034604
EU560979	1387	6935	Cellulomonadaceae	Cellulomonas aerilata	X92152	1458	7290	Cellulomonadaceae	Cellulomonas bogoriensis	6429.0	1387	41	30	1330	0.9801031687546058	0.9783705839942322	0.958904109589041	0.9112275047005104	0.92703676
JN657218	1470	7350	Cellulomonadaceae	Cellulomonas massiliensis	AB602498	1446	7230	Cellulomonadaceae	Cellulomonas soli	6984.0	1443	19	16	1416	0.9922915206727401	0.988911988911989	0.9812889812889813	0.9577971110118855	0.9659751
JN657218	1470	7350	Cellulomonadaceae	Cellulomonas massiliensis	X92152	1458	7290	Cellulomonadaceae	Cellulomonas bogoriensis	6668.0	1450	42	41	1381	0.9801277501774308	0.9717241379310345	0.9524137931034483	0.8994309882592215	0.9146776
AB602498	1446	7230	Cellulomonadaceae	Cellulomonas soli	X92152	1458	7290	Cellulomonadaceae	Cellulomonas bogoriensis	6662.0	1439	33	35	1376	0.98005698005698	0.9770354906054279	0.9562195969423211	0.9120464090400943	0.92143846
