AF001366	1453	7211	Flavobacteriaceae	Cellulophaga algicola	AJ005973	1472	7360	Flavobacteriaceae	Cellulophaga fucicola	6408.0	1453	50	53	1351	0.965	0.9655172413793104	0.9298004129387474	0.8660815556315677	0.8886424
AF001366	1453	7211	Flavobacteriaceae	Cellulophaga algicola	EU443205	1479	7395	Flavobacteriaceae	Cellulophaga tyrosinoxydans	6714.0	1453	23	26	1387	0.9719691660826909	0.9841379310344828	0.9545767377838954	0.922886859632533	0.93107754
AF001366	1453	7211	Flavobacteriaceae	Cellulophaga algicola	AJ005972	1440	7200	Flavobacteriaceae	Cellulophaga baltica	6811.0	1436	16	17	1392	0.9809725158562368	0.9888501742160278	0.9693593314763231	0.947328437579134	0.9459722
AF001366	1453	7211	Flavobacteriaceae	Cellulophaga algicola	AB100840	1373	6865	Flavobacteriaceae	Cellulophaga pacifica	6584.0	1375	16	18	1340	0.9874723655121592	0.9883466860888566	0.9745454545454545	0.9507247892294621	0.95906776
AF001366	1453	7211	Flavobacteriaceae	Cellulophaga algicola	HQ596527	1441	7205	Flavobacteriaceae	Cellulophaga geojensis	6350.0	1437	51	53	1338	0.9667630057803468	0.9644599303135889	0.9311064718162839	0.8660291377646082	0.8813324
AF001366	1453	7211	Flavobacteriaceae	Cellulophaga algicola	CP002534	1508	7540	Flavobacteriaceae	Cellulophaga lytica	6380.0	1453	55	56	1348	0.964924838940587	0.9621212121212122	0.9277357192016518	0.8594474799235462	0.88475937
AJ005973	1472	7360	Flavobacteriaceae	Cellulophaga fucicola	EU443205	1479	7395	Flavobacteriaceae	Cellulophaga tyrosinoxydans	6647.0	1458	39	39	1383	0.9746300211416491	0.9732510288065843	0.948559670781893	0.89913571999967	0.903125
AJ005973	1472	7360	Flavobacteriaceae	Cellulophaga fucicola	AJ005972	1440	7200	Flavobacteriaceae	Cellulophaga baltica	6544.0	1438	35	33	1364	0.9708185053380783	0.9770514603616134	0.9485396383866481	0.9047509789091925	0.9088889
AJ005973	1472	7360	Flavobacteriaceae	Cellulophaga fucicola	AB100840	1373	6865	Flavobacteriaceae	Cellulophaga pacifica	6204.0	1372	44	43	1296	0.9751693002257337	0.9686588921282799	0.9446064139941691	0.8865691555072392	0.9037145
AJ005973	1472	7360	Flavobacteriaceae	Cellulophaga fucicola	HQ596527	1441	7205	Flavobacteriaceae	Cellulophaga geojensis	7034.0	1439	11	10	1421	0.9944016794961511	0.9930507296733843	0.9874913134120917	0.9731897150799166	0.9762665
AJ005973	1472	7360	Flavobacteriaceae	Cellulophaga fucicola	CP002534	1508	7540	Flavobacteriaceae	Cellulophaga lytica	7216.0	1472	10	8	1456	0.994535519125683	0.9945652173913043	0.9891304347826086	0.977116704805492	0.9804348
EU443205	1479	7395	Flavobacteriaceae	Cellulophaga tyrosinoxydans	AJ005972	1440	7200	Flavobacteriaceae	Cellulophaga baltica	6768.0	1438	20	18	1390	0.9788732394366197	0.9874826147426982	0.9666203059805285	0.941427184151132	0.94
EU443205	1479	7395	Flavobacteriaceae	Cellulophaga tyrosinoxydans	AB100840	1373	6865	Flavobacteriaceae	Cellulophaga pacifica	6561.0	1372	12	11	1338	0.9831006612784717	0.9919825072886297	0.9752186588921283	0.9590119904278805	0.9557174
EU443205	1479	7395	Flavobacteriaceae	Cellulophaga tyrosinoxydans	HQ596527	1441	7205	Flavobacteriaceae	Cellulophaga geojensis	6529.0	1440	43	42	1362	0.9742489270386266	0.9708333333333333	0.9458333333333333	0.8916217127444369	0.90617627
EU443205	1479	7395	Flavobacteriaceae	Cellulophaga tyrosinoxydans	CP002534	1508	7540	Flavobacteriaceae	Cellulophaga lytica	6713.0	1479	45	43	1400	0.9749303621169917	0.9709263015551048	0.9465855307640297	0.8919270486726684	0.9077755
AJ005972	1440	7200	Flavobacteriaceae	Cellulophaga baltica	AB100840	1373	6865	Flavobacteriaceae	Cellulophaga pacifica	6654.0	1374	13	14	1349	0.9919117647058824	0.9905316824471959	0.9818049490538574	0.9626926681422106	0.9692644
AJ005972	1440	7200	Flavobacteriaceae	Cellulophaga baltica	HQ596527	1441	7205	Flavobacteriaceae	Cellulophaga geojensis	6523.0	1440	40	41	1361	0.9728377412437456	0.9722029186935371	0.9451388888888889	0.893411692942943	0.90597224
AJ005972	1440	7200	Flavobacteriaceae	Cellulophaga baltica	CP002534	1508	7540	Flavobacteriaceae	Cellulophaga lytica	6495.0	1440	43	43	1358	0.972083035075161	0.9701388888888889	0.9430555555555555	0.8883672360830149	0.90208334
AB100840	1373	6865	Flavobacteriaceae	Cellulophaga pacifica	HQ596527	1441	7205	Flavobacteriaceae	Cellulophaga geojensis	6180.0	1373	46	46	1293	0.9743782969103241	0.9664967225054625	0.9417334304442826	0.8806767175472607	0.9002185
AB100840	1373	6865	Flavobacteriaceae	Cellulophaga pacifica	CP002534	1508	7540	Flavobacteriaceae	Cellulophaga lytica	6176.0	1373	48	47	1293	0.9751131221719457	0.965768390386016	0.9417334304442826	0.8787744748551153	0.89963585
HQ596527	1441	7205	Flavobacteriaceae	Cellulophaga geojensis	CP002534	1508	7540	Flavobacteriaceae	Cellulophaga lytica	7110.0	1441	6	5	1430	0.9958217270194986	0.9965301873698821	0.9923664122137404	0.9848225072141888	0.98681474
