KJ579707	1449	7245	Chitinophagaceae	Chitinophaga longshanensis	FJ750951	1488	7440	Chitinophagaceae	Chitinophaga eiseniae	6816.0	1449	24	24	1399	0.9817543859649123	0.9834368530020704	0.9654934437543133	0.9340313356075332	0.9407868
KJ579707	1449	7245	Chitinophagaceae	Chitinophaga longshanensis	AB278570	1478	7378	Chitinophagaceae	Chitinophaga terrae	6817.0	1449	26	26	1398	0.9824314827828531	0.9820565907522429	0.9648033126293996	0.9307899077095835	0.94092476
KJ579707	1449	7245	Chitinophagaceae	Chitinophaga longshanensis	KF150362	1402	7010	Chitinophagaceae	Chitinophaga jiangningensis	6611.0	1400	27	25	1355	0.9854545454545455	0.9821428571428571	0.9678571428571429	0.9325883471819	0.9430813
KJ579707	1449	7245	Chitinophagaceae	Chitinophaga longshanensis	KF150484	1514	7570	Chitinophagaceae	Chitinophaga qingshengii	6789.0	1449	33	33	1395	0.9851694915254238	0.9772256728778468	0.9627329192546584	0.9198581738627506	0.93706006
KJ579707	1449	7245	Chitinophagaceae	Chitinophaga longshanensis	KM389531	1490	7450	Chitinophagaceae	Chitinophaga dinghuensis	6831.0	1449	30	28	1401	0.9859254046446164	0.9806763285024155	0.9668737060041408	0.9289570900824098	0.94285715
KJ579707	1449	7245	Chitinophagaceae	Chitinophaga longshanensis	JN680880	1490	7450	Chitinophagaceae	Chitinophaga cymbidii	6569.0	1449	51	49	1370	0.9785714285714285	0.966183574879227	0.945479641131815	0.8824476650563607	0.9066943
KJ579707	1449	7245	Chitinophagaceae	Chitinophaga longshanensis	JF710262	1491	7455	Chitinophagaceae	Chitinophaga oryziterrae	6651.0	1449	60	44	1382	0.9836298932384342	0.9696342305037957	0.9537612146307799	0.8880281686920117	0.91801244
KJ579707	1449	7245	Chitinophagaceae	Chitinophaga longshanensis	KC479802	1492	7460	Chitinophagaceae	Chitinophaga taiwanensis	6833.0	1449	33	33	1400	0.9887005649717514	0.9772256728778468	0.966183574879227	0.9231551565647675	0.9431332
KJ579707	1449	7245	Chitinophagaceae	Chitinophaga longshanensis	FJ772016	1440	7200	Chitinophagaceae	Chitinophaga ginsengihumi	6434.0	1417	46	46	1340	0.9773887673231219	0.9675370501058574	0.9456598447424136	0.8861925134257341	0.89361113
KJ579707	1449	7245	Chitinophagaceae	Chitinophaga longshanensis	KC922450	1503	7515	Chitinophagaceae	Chitinophaga costaii	6608.0	1449	47	47	1373	0.9793152639087018	0.9675638371290545	0.9475500345065563	0.888011462819647	0.9120773
KJ579707	1449	7245	Chitinophagaceae	Chitinophaga longshanensis	FM865977	1415	7075	Chitinophagaceae	Chitinophaga rupis	6491.0	1417	37	39	1347	0.9775036284470247	0.9738515901060071	0.9505998588567396	0.9009123834281892	0.91745585
KJ579707	1449	7245	Chitinophagaceae	Chitinophaga longshanensis	AB078049	1481	7405	Chitinophagaceae	Chitinophaga filiformis	6650.0	1449	41	42	1379	0.9800995024875622	0.9716850828729282	0.9516908212560387	0.8986771714813735	0.9178744
KJ579707	1449	7245	Chitinophagaceae	Chitinophaga longshanensis	KR013246	1486	7430	Chitinophagaceae	Chitinophaga barathri	6581.0	1449	46	48	1370	0.9778729478943612	0.9682100898410505	0.945479641131815	0.8860314228934266	0.9083506
KJ579707	1449	7245	Chitinophagaceae	Chitinophaga longshanensis	AB264798	1521	7605	Chitinophagaceae	Chitinophaga ginsengisegetis	7054.0	1449	12	12	1427	0.9930410577592206	0.9917184265010351	0.9848171152518979	0.9686394213668564	0.973637
KJ579707	1449	7245	Chitinophagaceae	Chitinophaga longshanensis	AB245374	1471	7355	Chitinophagaceae	Chitinophaga ginsengisoli	6638.0	1449	41	42	1378	0.9793887704335466	0.9716850828729282	0.9510006901311249	0.8980254839023442	0.9162181
KJ579707	1449	7245	Chitinophagaceae	Chitinophaga longshanensis	AB078066	1481	7405	Chitinophagaceae	Chitinophaga sancti	6643.0	1449	49	50	1377	0.9842744817726948	0.9661602209944752	0.9503105590062112	0.8875063231306338	0.9169082
KJ579707	1449	7245	Chitinophagaceae	Chitinophaga longshanensis	DQ062743	1490	7444	Chitinophagaceae	Chitinophaga skermanii	6521.0	1449	55	53	1365	0.9777936962750716	0.9634230503795721	0.9420289855072463	0.8743832870798643	0.900069
KJ579707	1449	7245	Chitinophagaceae	Chitinophaga longshanensis	AB078055	1482	7410	Chitinophagaceae	Chitinophaga japonensis	6620.0	1449	44	44	1375	0.9786476868327402	0.9696342305037957	0.9489302967563837	0.8929987052529934	0.9137336
KJ579707	1449	7245	Chitinophagaceae	Chitinophaga longshanensis	EU714259	1402	7010	Chitinophagaceae	Chitinophaga niabensis	6389.0	1402	50	50	1328	0.9822485207100592	0.9643366619115549	0.9472182596291013	0.8819828422992735	0.91141224
KJ579707	1449	7245	Chitinophagaceae	Chitinophaga longshanensis	KC430923	1401	7005	Chitinophagaceae	Chitinophaga polysaccharea	6769.0	1402	18	19	1373	0.9927693420101229	0.987152034261242	0.9793152639087018	0.9537978943561511	0.9663098
KJ579707	1449	7245	Chitinophagaceae	Chitinophaga longshanensis	AM237311	1424	7120	Chitinophagaceae	Chitinophaga arvensicola	6911.0	1424	10	10	1400	0.9900990099009901	0.9929775280898876	0.9831460674157303	0.9694341278422891	0.9706461
KJ579707	1449	7245	Chitinophagaceae	Chitinophaga longshanensis	EU714260	1402	7010	Chitinophagaceae	Chitinophaga niastensis	6724.0	1402	23	23	1368	0.9920232052211748	0.9835948644793152	0.9757489300998573	0.9442510699001427	0.95920116
KJ579707	1449	7245	Chitinophagaceae	Chitinophaga longshanensis	AF078775	1458	7266	Chitinophagaceae	Chitinophaga pinensis	6486.0	1434	41	47	1352	0.9747656813266041	0.9712885154061625	0.9428172942817294	0.886567855707633	0.8952381
FJ750951	1488	7440	Chitinophagaceae	Chitinophaga eiseniae	AB278570	1478	7378	Chitinophagaceae	Chitinophaga terrae	7026.0	1478	21	21	1435	0.9849004804392587	0.9857916102841678	0.9709066305818674	0.9437031092446838	0.9522906
FJ750951	1488	7440	Chitinophagaceae	Chitinophaga eiseniae	KF150362	1402	7010	Chitinophagaceae	Chitinophaga jiangningensis	6649.0	1400	27	25	1359	0.9883636363636363	0.9821428571428571	0.9707142857142858	0.9353413755130644	0.9485021
FJ750951	1488	7440	Chitinophagaceae	Chitinophaga eiseniae	KF150484	1514	7570	Chitinophagaceae	Chitinophaga qingshengii	7264.0	1488	7	7	1468	0.9912221471978393	0.9952956989247311	0.9865591397849462	0.977320458877261	0.9763441
FJ750951	1488	7440	Chitinophagaceae	Chitinophaga eiseniae	KM389531	1490	7450	Chitinophagaceae	Chitinophaga dinghuensis	7057.0	1488	25	23	1444	0.985665529010239	0.9845430107526881	0.9704301075268817	0.9396431642609926	0.9485215
FJ750951	1488	7440	Chitinophagaceae	Chitinophaga eiseniae	JN680880	1490	7450	Chitinophagaceae	Chitinophaga cymbidii	6694.0	1488	63	61	1399	0.9803784162578837	0.959005376344086	0.9401881720430108	0.8650216128338983	0.89973116
FJ750951	1488	7440	Chitinophagaceae	Chitinophaga eiseniae	JF710262	1491	7455	Chitinophagaceae	Chitinophaga oryziterrae	6649.0	1481	67	57	1393	0.9782303370786517	0.9615124915597569	0.9405806887238353	0.865237015983683	0.8936828
FJ750951	1488	7440	Chitinophagaceae	Chitinophaga eiseniae	KC479802	1492	7460	Chitinophagaceae	Chitinophaga taiwanensis	6813.0	1475	44	45	1408	0.9846153846153847	0.9701492537313433	0.9545762711864407	0.8986465225784136	0.9157258
FJ750951	1488	7440	Chitinophagaceae	Chitinophaga eiseniae	FJ772016	1440	7200	Chitinophagaceae	Chitinophaga ginsengihumi	6584.0	1437	44	44	1366	0.9806173725771715	0.9693806541405706	0.9505915100904663	0.8941080172559214	0.91444445
FJ750951	1488	7440	Chitinophagaceae	Chitinophaga eiseniae	KC922450	1503	7515	Chitinophagaceae	Chitinophaga costaii	6694.0	1478	57	58	1395	0.9823943661971831	0.9614082599864591	0.9438430311231394	0.8731316639705915	0.89973116
FJ750951	1488	7440	Chitinophagaceae	Chitinophaga eiseniae	FM865977	1415	7075	Chitinophagaceae	Chitinophaga rupis	6535.0	1417	33	35	1353	0.9790159189580319	0.976678445229682	0.954834156669019	0.9100557272528168	0.92367494
FJ750951	1488	7440	Chitinophagaceae	Chitinophaga eiseniae	AB078049	1481	7405	Chitinophagaceae	Chitinophaga filiformis	6677.0	1468	49	50	1390	0.9802538787023978	0.9665985003408316	0.946866485013624	0.8850736161828073	0.90168804
FJ750951	1488	7440	Chitinophagaceae	Chitinophaga eiseniae	KR013246	1486	7430	Chitinophagaceae	Chitinophaga barathri	6789.0	1488	50	52	1411	0.9825905292479109	0.9663526244952894	0.948252688172043	0.8853646685403471	0.9137281
FJ750951	1488	7440	Chitinophagaceae	Chitinophaga eiseniae	AB264798	1521	7605	Chitinophagaceae	Chitinophaga ginsengisegetis	6984.0	1478	27	28	1431	0.9868965517241379	0.9817197020988491	0.9682002706359946	0.9328175364931508	0.9387097
FJ750951	1488	7440	Chitinophagaceae	Chitinophaga eiseniae	AB245374	1471	7355	Chitinophagaceae	Chitinophaga ginsengisoli	6725.0	1473	46	48	1398	0.9810526315789474	0.9687287559483345	0.9490835030549898	0.8903515417072815	0.914344
FJ750951	1488	7440	Chitinophagaceae	Chitinophaga eiseniae	AB078066	1481	7405	Chitinophagaceae	Chitinophaga sancti	6707.0	1468	50	51	1393	0.9830628087508821	0.9659168370824812	0.9489100817438693	0.8857744307187503	0.90573937
FJ750951	1488	7440	Chitinophagaceae	Chitinophaga eiseniae	DQ062743	1490	7444	Chitinophagaceae	Chitinophaga skermanii	6683.0	1474	63	61	1392	0.9851380042462845	0.9586160108548168	0.9443690637720489	0.8681805381326643	0.89825267
FJ750951	1488	7440	Chitinophagaceae	Chitinophaga eiseniae	AB078055	1482	7410	Chitinophagaceae	Chitinophaga japonensis	6785.0	1468	38	38	1403	0.9811188811188811	0.9741144414168937	0.9557220708446866	0.907491740576296	0.91565454
FJ750951	1488	7440	Chitinophagaceae	Chitinophaga eiseniae	EU714259	1402	7010	Chitinophagaceae	Chitinophaga niabensis	6400.0	1402	51	51	1329	0.9837157660991858	0.963623395149786	0.9479315263908702	0.8813871246758882	0.91298145
FJ750951	1488	7440	Chitinophagaceae	Chitinophaga eiseniae	KC430923	1401	7005	Chitinophagaceae	Chitinophaga polysaccharea	6591.0	1402	34	35	1352	0.9890270665691295	0.9757316202712348	0.9643366619115549	0.9180001509979774	0.9408994
FJ750951	1488	7440	Chitinophagaceae	Chitinophaga eiseniae	AM237311	1424	7120	Chitinophagaceae	Chitinophaga arvensicola	6761.0	1423	25	24	1382	0.9878484631879915	0.983134223471539	0.9711876317638791	0.9383228569320904	0.94957864
FJ750951	1488	7440	Chitinophagaceae	Chitinophaga eiseniae	EU714260	1402	7010	Chitinophagaceae	Chitinophaga niastensis	6607.0	1402	29	29	1355	0.9868900218499636	0.9793152639087018	0.9664764621968617	0.9273041108289944	0.9425107
FJ750951	1488	7440	Chitinophagaceae	Chitinophaga eiseniae	AF078775	1458	7266	Chitinophagaceae	Chitinophaga pinensis	6510.0	1453	56	62	1362	0.9791516894320632	0.9612992398064962	0.9373709566414316	0.8640709083421015	0.8959538
AB278570	1478	7378	Chitinophagaceae	Chitinophaga terrae	KF150362	1402	7010	Chitinophagaceae	Chitinophaga jiangningensis	6686.0	1400	16	14	1363	0.9834054834054834	0.99	0.9735714285714285	0.9529449152542372	0.9537803
AB278570	1478	7378	Chitinophagaceae	Chitinophaga terrae	KF150484	1514	7570	Chitinophagaceae	Chitinophaga qingshengii	7001.0	1478	23	23	1432	0.9841924398625429	0.9844384303112313	0.9688768606224628	0.9391844318492228	0.94890213
AB278570	1478	7378	Chitinophagaceae	Chitinophaga terrae	KM389531	1490	7450	Chitinophagaceae	Chitinophaga dinghuensis	7140.0	1478	11	9	1449	0.9863852961198094	0.9939106901217862	0.9803788903924222	0.9672106044234171	0.9677419
AB278570	1478	7378	Chitinophagaceae	Chitinophaga terrae	JN680880	1490	7450	Chitinophagaceae	Chitinophaga cymbidii	6665.0	1478	67	65	1390	0.9837225760792639	0.956021650879567	0.9404600811907984	0.8601100936715846	0.9033613
AB278570	1478	7378	Chitinophagaceae	Chitinophaga terrae	JF710262	1491	7455	Chitinophagaceae	Chitinophaga oryziterrae	6646.0	1473	70	53	1390	0.9788732394366197	0.9640190088255262	0.9436524100475221	0.868429308015218	0.9007861
AB278570	1478	7378	Chitinophagaceae	Chitinophaga terrae	KC479802	1492	7460	Chitinophagaceae	Chitinophaga taiwanensis	6854.0	1465	33	34	1408	0.983927323549965	0.9774590163934426	0.9610921501706484	0.9181060526663537	0.928978
AB278570	1478	7378	Chitinophagaceae	Chitinophaga terrae	FJ772016	1440	7200	Chitinophagaceae	Chitinophaga ginsengihumi	6546.0	1437	48	48	1361	0.9798416126709864	0.9665970772442589	0.9471120389700766	0.8858845940265565	0.9091667
AB278570	1478	7378	Chitinophagaceae	Chitinophaga terrae	KC922450	1503	7515	Chitinophagaceae	Chitinophaga costaii	6724.0	1468	51	51	1393	0.9830628087508821	0.965258855585831	0.9489100817438693	0.8851913007446102	0.9113581
AB278570	1478	7378	Chitinophagaceae	Chitinophaga terrae	FM865977	1415	7075	Chitinophagaceae	Chitinophaga rupis	6492.0	1417	40	42	1347	0.9796363636363636	0.9717314487632509	0.9505998588567396	0.8971000727028257	0.9175972
AB278570	1478	7378	Chitinophagaceae	Chitinophaga terrae	AB078049	1481	7405	Chitinophagaceae	Chitinophaga filiformis	6628.0	1458	50	51	1379	0.9800995024875622	0.9656829100892245	0.9458161865569273	0.8824690812238706	0.8983464
AB278570	1478	7378	Chitinophagaceae	Chitinophaga terrae	KR013246	1486	7430	Chitinophagaceae	Chitinophaga barathri	6731.0	1478	50	52	1399	0.9810659186535764	0.9661246612466124	0.9465493910690121	0.883363502398175	0.91230685
AB278570	1478	7378	Chitinophagaceae	Chitinophaga terrae	AB264798	1521	7605	Chitinophagaceae	Chitinophaga ginsengisegetis	6957.0	1467	25	25	1422	0.986130374479889	0.9829584185412407	0.9693251533742331	0.9368410664649088	0.94293845
AB278570	1478	7378	Chitinophagaceae	Chitinophaga terrae	AB245374	1471	7355	Chitinophagaceae	Chitinophaga ginsengisoli	6653.0	1467	50	51	1386	0.9788135593220338	0.965893587994543	0.9447852760736196	0.8818826307977886	0.9045547
AB278570	1478	7378	Chitinophagaceae	Chitinophaga terrae	AB078066	1481	7405	Chitinophagaceae	Chitinophaga sancti	6668.0	1458	45	46	1384	0.9801699716713881	0.9691146190803019	0.9492455418381345	0.8917729242018936	0.90376794
AB278570	1478	7378	Chitinophagaceae	Chitinophaga terrae	DQ062743	1490	7444	Chitinophagaceae	Chitinophaga skermanii	6629.0	1464	52	50	1382	0.9773691654879774	0.9658469945355191	0.9439890710382514	0.8804752944908228	0.89848197
AB278570	1478	7378	Chitinophagaceae	Chitinophaga terrae	AB078055	1482	7410	Chitinophagaceae	Chitinophaga japonensis	6677.0	1458	47	47	1385	0.9815733522324592	0.967764060356653	0.9499314128943759	0.8906001485674182	0.9049878
AB278570	1478	7378	Chitinophagaceae	Chitinophaga terrae	EU714259	1402	7010	Chitinophagaceae	Chitinophaga niabensis	6410.0	1402	45	45	1330	0.9801031687546058	0.9679029957203994	0.948644793152639	0.8896413160387915	0.91440797
AB278570	1478	7378	Chitinophagaceae	Chitinophaga terrae	KC430923	1401	7005	Chitinophagaceae	Chitinophaga polysaccharea	6646.0	1402	22	23	1358	0.9847715736040609	0.9842969307637401	0.9686162624821684	0.9380069002548526	0.9487509
AB278570	1478	7378	Chitinophagaceae	Chitinophaga terrae	AM237311	1424	7120	Chitinophagaceae	Chitinophaga arvensicola	6759.0	1424	24	24	1381	0.9864285714285714	0.9831460674157303	0.9698033707865169	0.9376551927493948	0.9492977
AB278570	1478	7378	Chitinophagaceae	Chitinophaga terrae	EU714260	1402	7010	Chitinophagaceae	Chitinophaga niastensis	6626.0	1402	17	17	1357	0.9797833935018051	0.9878744650499287	0.9679029957203994	0.9447115215452806	0.9452211
AB278570	1478	7378	Chitinophagaceae	Chitinophaga terrae	AF078775	1458	7266	Chitinophagaceae	Chitinophaga pinensis	6429.0	1443	61	67	1347	0.9789244186046512	0.9575504523312457	0.9334719334719335	0.8540275136019816	0.8848059
KF150362	1402	7010	Chitinophagaceae	Chitinophaga jiangningensis	KF150484	1514	7570	Chitinophagaceae	Chitinophaga qingshengii	6671.0	1402	21	23	1362	0.9876722262509064	0.985	0.9714693295292439	0.9414309243997381	0.9516405
KF150362	1402	7010	Chitinophagaceae	Chitinophaga jiangningensis	KM389531	1490	7450	Chitinophagaceae	Chitinophaga dinghuensis	6811.0	1402	9	9	1379	0.9899497487437185	0.9935805991440799	0.9835948644793152	0.9710472333236613	0.971612
KF150362	1402	7010	Chitinophagaceae	Chitinophaga jiangningensis	JN680880	1490	7450	Chitinophagaceae	Chitinophaga cymbidii	6380.0	1402	53	53	1327	0.9836916234247591	0.9621968616262482	0.9465049928673324	0.8775499899505369	0.9101284
KF150362	1402	7010	Chitinophagaceae	Chitinophaga jiangningensis	JF710262	1491	7455	Chitinophagaceae	Chitinophaga oryziterrae	6387.0	1402	56	42	1332	0.9794117647058823	0.9700427960057061	0.9500713266761769	0.8862119370916327	0.911127
KF150362	1402	7010	Chitinophagaceae	Chitinophaga jiangningensis	KC479802	1492	7460	Chitinophagaceae	Chitinophaga taiwanensis	6552.0	1402	31	34	1348	0.9853801169590644	0.9778413152251608	0.9614835948644793	0.9178712894449461	0.9346648
KF150362	1402	7010	Chitinophagaceae	Chitinophaga jiangningensis	FJ772016	1440	7200	Chitinophagaceae	Chitinophaga ginsengihumi	6400.0	1395	44	46	1327	0.9836916234247591	0.968413496051687	0.9512544802867383	0.8917597594904864	0.91298145
KF150362	1402	7010	Chitinophagaceae	Chitinophaga jiangningensis	KC922450	1503	7515	Chitinophagaceae	Chitinophaga costaii	6466.0	1402	37	39	1338	0.9816581071166545	0.9735714285714285	0.9543509272467903	0.9039474036395936	0.9223966
KF150362	1402	7010	Chitinophagaceae	Chitinophaga jiangningensis	FM865977	1415	7075	Chitinophagaceae	Chitinophaga rupis	6479.0	1402	33	37	1340	0.9816849816849816	0.9763948497854077	0.9557774607703281	0.9091541700010438	0.9242511
KF150362	1402	7010	Chitinophagaceae	Chitinophaga jiangningensis	AB078049	1481	7405	Chitinophagaceae	Chitinophaga filiformis	6373.0	1402	43	46	1327	0.9786135693215339	0.9692637598284489	0.9465049928673324	0.8882081455557803	0.9091298
KF150362	1402	7010	Chitinophagaceae	Chitinophaga jiangningensis	KR013246	1486	7430	Chitinophagaceae	Chitinophaga barathri	6412.0	1402	49	53	1330	0.9859154929577465	0.9649499284692418	0.948644793152639	0.8819585292645831	0.9146933
KF150362	1402	7010	Chitinophagaceae	Chitinophaga jiangningensis	AB264798	1521	7605	Chitinophagaceae	Chitinophaga ginsengisegetis	6655.0	1402	24	26	1360	0.9883720930232558	0.9828571428571429	0.9700427960057061	0.9360300752481429	0.94935805
KF150362	1402	7010	Chitinophagaceae	Chitinophaga jiangningensis	AB245374	1471	7355	Chitinophagaceae	Chitinophaga ginsengisoli	6386.0	1402	40	43	1329	0.977924944812362	0.9714081486776269	0.9479315263908702	0.8933695869384137	0.91098434
KF150362	1402	7010	Chitinophagaceae	Chitinophaga jiangningensis	AB078066	1481	7405	Chitinophagaceae	Chitinophaga sancti	6446.0	1402	38	41	1336	0.9816311535635562	0.9728377412437456	0.9529243937232525	0.900645902678713	0.9195435
KF150362	1402	7010	Chitinophagaceae	Chitinophaga jiangningensis	DQ062743	1490	7444	Chitinophagaceae	Chitinophaga skermanii	6374.0	1402	53	53	1326	0.9829503335804299	0.9621968616262482	0.9457917261055635	0.8768886862655705	0.9092725
KF150362	1402	7010	Chitinophagaceae	Chitinophaga jiangningensis	AB078055	1482	7410	Chitinophagaceae	Chitinophaga japonensis	6457.0	1402	46	48	1336	0.9867060561299852	0.9671428571428572	0.9529243937232525	0.8910632797660801	0.9211127
KF150362	1402	7010	Chitinophagaceae	Chitinophaga jiangningensis	EU714259	1402	7010	Chitinophagaceae	Chitinophaga niabensis	6478.0	1399	38	40	1338	0.9845474613686535	0.9727988546886185	0.956397426733381	0.9044844140088134	0.92410845
KF150362	1402	7010	Chitinophagaceae	Chitinophaga jiangningensis	KC430923	1401	7005	Chitinophagaceae	Chitinophaga polysaccharea	6642.0	1402	22	25	1359	0.9869281045751634	0.9842744817726948	0.9693295292439372	0.9373362091073746	0.9481799
KF150362	1402	7010	Chitinophagaceae	Chitinophaga jiangningensis	AM237311	1424	7120	Chitinophagaceae	Chitinophaga arvensicola	6666.0	1402	21	23	1362	0.9876722262509064	0.985	0.9714693295292439	0.9414309243997381	0.95092726
KF150362	1402	7010	Chitinophagaceae	Chitinophaga jiangningensis	EU714260	1402	7010	Chitinophagaceae	Chitinophaga niastensis	6663.0	1400	20	22	1361	0.9876632801161103	0.9856938483547926	0.9721428571428572	0.9433893360160965	0.9504993
KF150362	1402	7010	Chitinophagaceae	Chitinophaga jiangningensis	AF078775	1458	7266	Chitinophagaceae	Chitinophaga pinensis	6291.0	1402	50	58	1315	0.9784226190476191	0.9641319942611191	0.9379457917261056	0.8681812287051556	0.89743227
KF150484	1514	7570	Chitinophagaceae	Chitinophaga qingshengii	KM389531	1490	7450	Chitinophagaceae	Chitinophaga dinghuensis	7064.0	1488	24	22	1445	0.985675306957708	0.9852150537634409	0.9711021505376344	0.9415580374921773	0.94818795
KF150484	1514	7570	Chitinophagaceae	Chitinophaga qingshengii	JN680880	1490	7450	Chitinophagaceae	Chitinophaga cymbidii	6678.0	1488	67	65	1397	0.9817287420941673	0.9563172043010753	0.9388440860215054	0.8591479964042458	0.89637583
KF150484	1514	7570	Chitinophagaceae	Chitinophaga qingshengii	JF710262	1491	7455	Chitinophagaceae	Chitinophaga oryziterrae	6683.0	1475	67	51	1396	0.9803370786516854	0.9654237288135593	0.9464406779661017	0.8740152564356217	0.89644533
KF150484	1514	7570	Chitinophagaceae	Chitinophaga qingshengii	KC479802	1492	7460	Chitinophagaceae	Chitinophaga taiwanensis	6870.0	1487	50	46	1420	0.9854267869535045	0.9690652320107599	0.9549428379287155	0.8952977420008321	0.92091155
KF150484	1514	7570	Chitinophagaceae	Chitinophaga qingshengii	FJ772016	1440	7200	Chitinophagaceae	Chitinophaga ginsengihumi	6587.0	1439	47	47	1367	0.9820402298850575	0.9673384294649062	0.9499652536483669	0.8898732389492104	0.9148611
KF150484	1514	7570	Chitinophagaceae	Chitinophaga qingshengii	KC922450	1503	7515	Chitinophagaceae	Chitinophaga costaii	6737.0	1492	63	52	1408	0.9777777777777777	0.9651474530831099	0.9436997319034852	0.8739084334025844	0.8964737
KF150484	1514	7570	Chitinophagaceae	Chitinophaga qingshengii	FM865977	1415	7075	Chitinophagaceae	Chitinophaga rupis	6552.0	1417	33	35	1355	0.9804630969609262	0.976678445229682	0.9562455892731122	0.9114009685347869	0.9260777
KF150484	1514	7570	Chitinophagaceae	Chitinophaga qingshengii	AB078049	1481	7405	Chitinophagaceae	Chitinophaga filiformis	6694.0	1477	52	48	1397	0.9776067179846046	0.967501692620176	0.94583615436696	0.883976366638578	0.9039838
KF150484	1514	7570	Chitinophagaceae	Chitinophaga qingshengii	KR013246	1486	7430	Chitinophagaceae	Chitinophaga barathri	6802.0	1488	45	47	1413	0.9805690492713394	0.9697173620457604	0.9495967741935484	0.8926085790038507	0.9154778
KF150484	1514	7570	Chitinophagaceae	Chitinophaga qingshengii	AB264798	1521	7605	Chitinophagaceae	Chitinophaga ginsengisegetis	7036.0	1491	40	28	1444	0.987012987012987	0.9812206572769953	0.9684775318578136	0.9254622005930642	0.9294584
KF150484	1514	7570	Chitinophagaceae	Chitinophaga qingshengii	AB245374	1471	7355	Chitinophagaceae	Chitinophaga ginsengisoli	6697.0	1472	44	45	1395	0.9775753328661527	0.9700883752549286	0.9476902173913043	0.892054050275324	0.91053706
KF150484	1514	7570	Chitinophagaceae	Chitinophaga qingshengii	AB078066	1481	7405	Chitinophagaceae	Chitinophaga sancti	6752.0	1477	51	47	1403	0.9811188811188811	0.9681787406905891	0.949898442789438	0.888975636903728	0.91181636
KF150484	1514	7570	Chitinophagaceae	Chitinophaga qingshengii	DQ062743	1490	7444	Chitinophagaceae	Chitinophaga skermanii	6717.0	1483	63	56	1401	0.9817799579537492	0.9622387053270398	0.9447066756574511	0.8719899263668711	0.90233743
KF150484	1514	7570	Chitinophagaceae	Chitinophaga qingshengii	AB078055	1482	7410	Chitinophagaceae	Chitinophaga japonensis	6833.0	1477	46	41	1413	0.983983286908078	0.972241029113067	0.956668923493568	0.9020200749420642	0.92213225
KF150484	1514	7570	Chitinophagaceae	Chitinophaga qingshengii	EU714259	1402	7010	Chitinophagaceae	Chitinophaga niabensis	6400.0	1402	50	50	1329	0.9829881656804734	0.9643366619115549	0.9479315263908702	0.882646986005824	0.91298145
KF150484	1514	7570	Chitinophagaceae	Chitinophaga qingshengii	KC430923	1401	7005	Chitinophagaceae	Chitinophaga polysaccharea	6601.0	1402	31	32	1353	0.9875912408759124	0.9778729478943612	0.9650499286733238	0.9226227510694024	0.9423269
KF150484	1514	7570	Chitinophagaceae	Chitinophaga qingshengii	AM237311	1424	7120	Chitinophagaceae	Chitinophaga arvensicola	6729.0	1423	28	27	1378	0.9871060171919771	0.9810260014054814	0.9683766690091357	0.9316704548151298	0.9450843
KF150484	1514	7570	Chitinophagaceae	Chitinophaga qingshengii	EU714260	1402	7010	Chitinophagaceae	Chitinophaga niastensis	6627.0	1402	26	26	1357	0.9861918604651163	0.9814550641940085	0.9679029957203994	0.9326572283692364	0.94536376
KF150484	1514	7570	Chitinophagaceae	Chitinophaga qingshengii	AF078775	1458	7266	Chitinophagaceae	Chitinophaga pinensis	6524.0	1459	61	63	1367	0.9792263610315186	0.9581331503088538	0.9369431117203564	0.8605082789221169	0.89788055
KM389531	1490	7450	Chitinophagaceae	Chitinophaga dinghuensis	JN680880	1490	7450	Chitinophagaceae	Chitinophaga cymbidii	6718.0	1490	59	59	1403	0.9804332634521313	0.9604026845637584	0.9416107382550336	0.8698805464447728	0.90174496
KM389531	1490	7450	Chitinophagaceae	Chitinophaga dinghuensis	JF710262	1491	7455	Chitinophagaceae	Chitinophaga oryziterrae	6717.0	1483	61	53	1402	0.9804195804195804	0.9642616318273769	0.9453809844908968	0.8755795387448072	0.90161073
KM389531	1490	7450	Chitinophagaceae	Chitinophaga dinghuensis	KC479802	1492	7460	Chitinophagaceae	Chitinophaga taiwanensis	6882.0	1477	33	36	1418	0.9840388619014573	0.9776119402985075	0.960054163845633	0.916184139140104	0.9237584
KM389531	1490	7450	Chitinophagaceae	Chitinophaga dinghuensis	FJ772016	1440	7200	Chitinophagaceae	Chitinophaga ginsengihumi	6532.0	1439	47	49	1361	0.979136690647482	0.9672929714683368	0.9457956914523975	0.8846944893128079	0.9072222
KM389531	1490	7450	Chitinophagaceae	Chitinophaga dinghuensis	KC922450	1503	7515	Chitinophagaceae	Chitinophaga costaii	6758.0	1480	44	46	1404	0.9790794979079498	0.9702300405953992	0.9486486486486486	0.8926260906575867	0.9071141
KM389531	1490	7450	Chitinophagaceae	Chitinophaga dinghuensis	FM865977	1415	7075	Chitinophagaceae	Chitinophaga rupis	6482.0	1419	41	45	1347	0.980349344978166	0.9710247349823321	0.9492600422832981	0.893344724724145	0.91618377
KM389531	1490	7450	Chitinophagaceae	Chitinophaga dinghuensis	AB078049	1481	7405	Chitinophagaceae	Chitinophaga filiformis	6660.0	1470	45	48	1389	0.9767932489451476	0.9693251533742331	0.9448979591836735	0.8868943220852697	0.8993923
KM389531	1490	7450	Chitinophagaceae	Chitinophaga dinghuensis	KR013246	1486	7430	Chitinophagaceae	Chitinophaga barathri	6788.0	1490	47	51	1411	0.980542043085476	0.968371467025572	0.946979865771812	0.88659988734264	0.91359353
KM389531	1490	7450	Chitinophagaceae	Chitinophaga dinghuensis	AB264798	1521	7605	Chitinophagaceae	Chitinophaga ginsengisegetis	6992.0	1479	27	29	1432	0.9875862068965517	0.9817197020988491	0.9682217714672076	0.9322188370700206	0.9385235
KM389531	1490	7450	Chitinophagaceae	Chitinophaga dinghuensis	AB245374	1471	7355	Chitinophagaceae	Chitinophaga ginsengisoli	6687.0	1474	44	47	1394	0.9768745620182201	0.9700883752549286	0.9457259158751696	0.889032201550637	0.9091774
KM389531	1490	7450	Chitinophagaceae	Chitinophaga dinghuensis	AB078066	1481	7405	Chitinophagaceae	Chitinophaga sancti	6752.0	1470	36	39	1400	0.9783368273934312	0.9754601226993865	0.9523809523809523	0.9049516220830962	0.91181636
KM389531	1490	7450	Chitinophagaceae	Chitinophaga dinghuensis	DQ062743	1490	7444	Chitinophagaceae	Chitinophaga skermanii	6727.0	1476	50	50	1399	0.9810659186535764	0.9661246612466124	0.9478319783197832	0.8857197910118026	0.9036808
KM389531	1490	7450	Chitinophagaceae	Chitinophaga dinghuensis	AB078055	1482	7410	Chitinophagaceae	Chitinophaga japonensis	6699.0	1470	49	51	1393	0.981677237491191	0.9666212534059946	0.9476190476190476	0.8852346468541333	0.90404856
KM389531	1490	7450	Chitinophagaceae	Chitinophaga dinghuensis	EU714259	1402	7010	Chitinophagaceae	Chitinophaga niabensis	6406.0	1404	41	43	1332	0.9786921381337252	0.9707560627674751	0.9487179487179487	0.893567562771715	0.9138374
KM389531	1490	7450	Chitinophagaceae	Chitinophaga dinghuensis	KC430923	1401	7005	Chitinophagaceae	Chitinophaga polysaccharea	6640.0	1404	30	33	1358	0.9905178701677607	0.9785867237687366	0.9672364672364673	0.9247428149101788	0.94789433
KM389531	1490	7450	Chitinophagaceae	Chitinophaga dinghuensis	AM237311	1424	7120	Chitinophagaceae	Chitinophaga arvensicola	6770.0	1426	24	26	1384	0.9885714285714285	0.9831460674157303	0.97054698457223	0.9370798471731875	0.9508427
KM389531	1490	7450	Chitinophagaceae	Chitinophaga dinghuensis	EU714260	1402	7010	Chitinophagaceae	Chitinophaga niastensis	6636.0	1404	17	19	1360	0.9819494584837545	0.9878744650499287	0.9686609686609686	0.9441206485541461	0.94664764
KM389531	1490	7450	Chitinophagaceae	Chitinophaga dinghuensis	AF078775	1458	7266	Chitinophagaceae	Chitinophaga pinensis	6527.0	1455	54	62	1364	0.9791816223977028	0.962681409813407	0.9374570446735395	0.8653927523063225	0.89829344
JN680880	1490	7450	Chitinophagaceae	Chitinophaga cymbidii	JF710262	1491	7455	Chitinophagaceae	Chitinophaga oryziterrae	6719.0	1483	70	62	1400	0.9852216748768473	0.9581928523263655	0.9440323668240054	0.8637926550269875	0.9018792
JN680880	1490	7450	Chitinophagaceae	Chitinophaga cymbidii	KC479802	1492	7460	Chitinophagaceae	Chitinophaga taiwanensis	6544.0	1477	68	71	1375	0.9779516358463727	0.9538670284938942	0.9309410968178741	0.8471865256478517	0.87838924
JN680880	1490	7450	Chitinophagaceae	Chitinophaga cymbidii	FJ772016	1440	7200	Chitinophagaceae	Chitinophaga ginsengihumi	6536.0	1439	52	54	1360	0.9819494584837545	0.9638135003479471	0.9451007644197359	0.8779105021605192	0.9077778
JN680880	1490	7450	Chitinophagaceae	Chitinophaga cymbidii	KC922450	1503	7515	Chitinophagaceae	Chitinophaga costaii	6831.0	1480	43	45	1413	0.9846689895470383	0.9709066305818674	0.9547297297297297	0.899564781459069	0.91691273
JN680880	1490	7450	Chitinophagaceae	Chitinophaga cymbidii	FM865977	1415	7075	Chitinophagaceae	Chitinophaga rupis	6368.0	1419	62	66	1330	0.9830007390983001	0.9561837455830389	0.9372797744890768	0.8562724746007568	0.90007067
JN680880	1490	7450	Chitinophagaceae	Chitinophaga cymbidii	AB078049	1481	7405	Chitinophagaceae	Chitinophaga filiformis	6757.0	1470	44	47	1399	0.983134223471539	0.9700068166325835	0.9517006802721089	0.8944980634261631	0.91249156
JN680880	1490	7450	Chitinophagaceae	Chitinophaga cymbidii	KR013246	1486	7430	Chitinophagaceae	Chitinophaga barathri	7002.0	1490	32	36	1436	0.9876203576341128	0.9784656796769852	0.963758389261745	0.920699538755964	0.9423957
JN680880	1490	7450	Chitinophagaceae	Chitinophaga cymbidii	AB264798	1521	7605	Chitinophagaceae	Chitinophaga ginsengisegetis	6738.0	1479	50	52	1400	0.9810791871058164	0.96614759647935	0.9465855307640297	0.883438556180687	0.90442955
JN680880	1490	7450	Chitinophagaceae	Chitinophaga cymbidii	AB245374	1471	7355	Chitinophagaceae	Chitinophaga ginsengisoli	6767.0	1474	43	46	1402	0.9817927170868347	0.9707681849082257	0.9511533242876526	0.8953506572727541	0.9200544
JN680880	1490	7450	Chitinophagaceae	Chitinophaga cymbidii	AB078066	1481	7405	Chitinophagaceae	Chitinophaga sancti	6654.0	1470	58	61	1386	0.9836763662171752	0.9604635310156783	0.9428571428571428	0.8694278234854151	0.89858204
JN680880	1490	7450	Chitinophagaceae	Chitinophaga cymbidii	DQ062743	1490	7444	Chitinophagaceae	Chitinophaga skermanii	6706.0	1476	46	46	1396	0.9762237762237762	0.9688346883468835	0.94579945799458	0.8886289257110705	0.9008598
JN680880	1490	7450	Chitinophagaceae	Chitinophaga cymbidii	AB078055	1482	7410	Chitinophagaceae	Chitinophaga japonensis	6626.0	1470	64	66	1382	0.9843304843304843	0.9564032697547684	0.9401360544217687	0.860463507436873	0.89419705
JN680880	1490	7450	Chitinophagaceae	Chitinophaga cymbidii	EU714259	1402	7010	Chitinophagaceae	Chitinophaga niabensis	6594.0	1404	38	40	1352	0.9912023460410557	0.9728958630527818	0.9629629629629629	0.9108748137874351	0.9406562
JN680880	1490	7450	Chitinophagaceae	Chitinophaga cymbidii	KC430923	1401	7005	Chitinophagaceae	Chitinophaga polysaccharea	6379.0	1404	51	54	1327	0.9829629629629629	0.9635974304068522	0.9451566951566952	0.8769495109701296	0.91063523
JN680880	1490	7450	Chitinophagaceae	Chitinophaga cymbidii	AM237311	1424	7120	Chitinophagaceae	Chitinophaga arvensicola	6490.0	1426	51	53	1349	0.9825200291332847	0.964185393258427	0.9460028050490884	0.8793919101776563	0.91151685
JN680880	1490	7450	Chitinophagaceae	Chitinophaga cymbidii	EU714260	1402	7010	Chitinophagaceae	Chitinophaga niastensis	6297.0	1404	60	62	1316	0.9806259314456036	0.9572039942938659	0.9373219373219374	0.8592117758784426	0.89828813
JN680880	1490	7450	Chitinophagaceae	Chitinophaga cymbidii	AF078775	1458	7266	Chitinophagaceae	Chitinophaga pinensis	6539.0	1455	54	62	1365	0.9798994974874372	0.962681409813407	0.9381443298969072	0.8660272044707699	0.89994496
JF710262	1491	7455	Chitinophagaceae	Chitinophaga oryziterrae	KC479802	1492	7460	Chitinophagaceae	Chitinophaga taiwanensis	6604.0	1483	54	71	1383	0.9794617563739377	0.9631650750341064	0.9325691166554282	0.8567258247999119	0.8858484
JF710262	1491	7455	Chitinophagaceae	Chitinophaga oryziterrae	FJ772016	1440	7200	Chitinophagaceae	Chitinophaga ginsengihumi	6545.0	1448	42	58	1362	0.9798561151079137	0.9706703910614525	0.9406077348066298	0.8774796989135674	0.90902776
JF710262	1491	7455	Chitinophagaceae	Chitinophaga oryziterrae	KC922450	1503	7515	Chitinophagaceae	Chitinophaga costaii	6758.0	1486	46	62	1403	0.985252808988764	0.9687074829931973	0.9441453566621804	0.8775868067147159	0.9065057
JF710262	1491	7455	Chitinophagaceae	Chitinophaga oryziterrae	FM865977	1415	7075	Chitinophagaceae	Chitinophaga rupis	6566.0	1433	36	54	1358	0.9847715736040609	0.9745583038869258	0.947662247034194	0.8896026131110643	0.92805654
JF710262	1491	7455	Chitinophagaceae	Chitinophaga oryziterrae	AB078049	1481	7405	Chitinophagaceae	Chitinophaga filiformis	6815.0	1476	33	50	1405	0.985273492286115	0.9773817683344757	0.9518970189701897	0.8995395288611601	0.9203241
JF710262	1491	7455	Chitinophagaceae	Chitinophaga oryziterrae	KR013246	1486	7430	Chitinophagaceae	Chitinophaga barathri	6711.0	1491	57	69	1399	0.9838255977496484	0.9614604462474645	0.9382964453386988	0.8619234788576419	0.90323013
JF710262	1491	7455	Chitinophagaceae	Chitinophaga oryziterrae	AB264798	1521	7605	Chitinophagaceae	Chitinophaga ginsengisegetis	6763.0	1485	42	58	1403	0.9831814996496145	0.9714091218515998	0.9447811447811448	0.8829094260659421	0.9071764
JF710262	1491	7455	Chitinophagaceae	Chitinophaga oryziterrae	AB245374	1471	7355	Chitinophagaceae	Chitinophaga ginsengisoli	6881.0	1485	30	47	1417	0.9853963838664812	0.9795640326975477	0.9542087542087542	0.9057110155459991	0.935554
JF710262	1491	7455	Chitinophagaceae	Chitinophaga oryziterrae	AB078066	1481	7405	Chitinophagaceae	Chitinophaga sancti	6924.0	1476	17	34	1419	0.9840499306518724	0.9883481836874571	0.9613821138211383	0.9285418674682394	0.9350439
JF710262	1491	7455	Chitinophagaceae	Chitinophaga oryziterrae	DQ062743	1490	7444	Chitinophagaceae	Chitinophaga skermanii	6667.0	1482	58	72	1390	0.9858156028368794	0.9604904632152589	0.9379217273954116	0.8587465166412535	0.89562064
JF710262	1491	7455	Chitinophagaceae	Chitinophaga oryziterrae	AB078055	1482	7410	Chitinophagaceae	Chitinophaga japonensis	6713.0	1476	44	60	1393	0.9837570621468926	0.9698630136986301	0.9437669376693767	0.8791934103551561	0.9059379
JF710262	1491	7455	Chitinophagaceae	Chitinophaga oryziterrae	EU714259	1402	7010	Chitinophagaceae	Chitinophaga niabensis	6464.0	1418	37	53	1340	0.9816849816849816	0.9736091298145506	0.9449929478138223	0.8865397757841013	0.9221113
JF710262	1491	7455	Chitinophagaceae	Chitinophaga oryziterrae	KC430923	1401	7005	Chitinophagaceae	Chitinophaga polysaccharea	6387.0	1418	55	72	1330	0.9881129271916791	0.9607423269093505	0.9379407616361072	0.8570728208840462	0.9117773
JF710262	1491	7455	Chitinophagaceae	Chitinophaga oryziterrae	AM237311	1424	7120	Chitinophagaceae	Chitinophaga arvensicola	6528.0	1440	42	58	1357	0.9819102749638206	0.9705056179775281	0.9423611111111111	0.878773991602939	0.9168539
JF710262	1491	7455	Chitinophagaceae	Chitinophaga oryziterrae	EU714260	1402	7010	Chitinophagaceae	Chitinophaga niastensis	6490.0	1418	31	47	1344	0.9803063457330415	0.9778887303851641	0.9478138222849083	0.8967927883730913	0.92582023
JF710262	1491	7455	Chitinophagaceae	Chitinophaga oryziterrae	AF078775	1458	7266	Chitinophagaceae	Chitinophaga pinensis	6662.0	1461	31	53	1380	0.9801136363636364	0.9784572619874913	0.944558521560575	0.891379623563867	0.9168731
KC479802	1492	7460	Chitinophagaceae	Chitinophaga taiwanensis	FJ772016	1440	7200	Chitinophagaceae	Chitinophaga ginsengihumi	6400.0	1423	58	57	1338	0.9795021961932651	0.9599437807449052	0.9402670414617006	0.8672550834818926	0.8888889
KC479802	1492	7460	Chitinophagaceae	Chitinophaga taiwanensis	KC922450	1503	7515	Chitinophagaceae	Chitinophaga costaii	6724.0	1492	59	54	1405	0.9770514603616134	0.9638069705093834	0.9416890080428955	0.8730811048134647	0.9013405
KC479802	1492	7460	Chitinophagaceae	Chitinophaga taiwanensis	FM865977	1415	7075	Chitinophagaceae	Chitinophaga rupis	6454.0	1416	44	45	1342	0.9788475565280816	0.9689045936395759	0.9477401129943502	0.8899669143255167	0.91222614
KC479802	1492	7460	Chitinophagaceae	Chitinophaga taiwanensis	AB078049	1481	7405	Chitinophagaceae	Chitinophaga filiformis	6686.0	1482	54	55	1396	0.9782761037140855	0.9635381498987171	0.941970310391363	0.8751247610211426	0.90290344
KC479802	1492	7460	Chitinophagaceae	Chitinophaga taiwanensis	KR013246	1486	7430	Chitinophagaceae	Chitinophaga barathri	6622.0	1474	60	61	1384	0.9794762915782024	0.9592668024439919	0.9389416553595658	0.8648791127920902	0.8912517
KC479802	1492	7460	Chitinophagaceae	Chitinophaga taiwanensis	AB264798	1521	7605	Chitinophagaceae	Chitinophaga ginsengisegetis	7132.0	1491	26	24	1453	0.9904567143830948	0.9839034205231388	0.9745137491616365	0.9423939815557817	0.95603216
KC479802	1492	7460	Chitinophagaceae	Chitinophaga taiwanensis	AB245374	1471	7355	Chitinophagaceae	Chitinophaga ginsengisoli	6615.0	1469	55	55	1383	0.978076379066478	0.9625595643294759	0.9414567733151804	0.8735038566060794	0.8993882
KC479802	1492	7460	Chitinophagaceae	Chitinophaga taiwanensis	AB078066	1481	7405	Chitinophagaceae	Chitinophaga sancti	6723.0	1482	58	59	1400	0.9838369641602249	0.9608372721134368	0.9446693657219973	0.8728990307937676	0.9079001
KC479802	1492	7460	Chitinophagaceae	Chitinophaga taiwanensis	DQ062743	1490	7444	Chitinophagaceae	Chitinophaga skermanii	6653.0	1487	70	67	1395	0.9823943661971831	0.9549428379287155	0.9381304640215198	0.8555846235777509	0.89373994
KC479802	1492	7460	Chitinophagaceae	Chitinophaga taiwanensis	AB078055	1482	7410	Chitinophagaceae	Chitinophaga japonensis	6740.0	1482	54	54	1402	0.9817927170868347	0.9635627530364372	0.9460188933873145	0.879501939946019	0.90958166
KC479802	1492	7460	Chitinophagaceae	Chitinophaga taiwanensis	EU714259	1402	7010	Chitinophagaceae	Chitinophaga niabensis	6313.0	1401	55	54	1319	0.9792130660727543	0.961456102783726	0.9414703783012134	0.8709894227827846	0.90057063
KC479802	1492	7460	Chitinophagaceae	Chitinophaga taiwanensis	KC430923	1401	7005	Chitinophagaceae	Chitinophaga polysaccharea	6584.0	1401	40	40	1350	0.9919177075679647	0.9714489650249821	0.9635974304068522	0.9101013898568534	0.9399001
KC479802	1492	7460	Chitinophagaceae	Chitinophaga taiwanensis	AM237311	1424	7120	Chitinophagaceae	Chitinophaga arvensicola	6800.0	1423	26	25	1386	0.9914163090128756	0.9824314827828531	0.9739985945186226	0.9397170704879464	0.9550562
KC479802	1492	7460	Chitinophagaceae	Chitinophaga taiwanensis	EU714260	1402	7010	Chitinophagaceae	Chitinophaga niastensis	6658.0	1401	27	26	1360	0.9890909090909091	0.9814418272662384	0.9707351891506067	0.9347065021583223	0.949786
KC479802	1492	7460	Chitinophagaceae	Chitinophaga taiwanensis	AF078775	1458	7266	Chitinophagaceae	Chitinophaga pinensis	6476.0	1464	62	68	1362	0.9756446991404012	0.9574759945130316	0.930327868852459	0.8510732011258406	0.89127445
FJ772016	1440	7200	Chitinophagaceae	Chitinophaga ginsengihumi	KC922450	1503	7515	Chitinophagaceae	Chitinophaga costaii	6511.0	1427	53	53	1353	0.9847161572052402	0.9628591450595655	0.9481429572529783	0.8802354211254002	0.9043056
FJ772016	1440	7200	Chitinophagaceae	Chitinophaga ginsengihumi	FM865977	1415	7075	Chitinophagaceae	Chitinophaga rupis	6668.0	1400	24	26	1360	0.9898107714701602	0.9828326180257511	0.9714285714285714	0.9373194221508827	0.9424735
FJ772016	1440	7200	Chitinophagaceae	Chitinophaga ginsengihumi	AB078049	1481	7405	Chitinophagaceae	Chitinophaga filiformis	6592.0	1417	31	32	1359	0.9812274368231046	0.9781073446327684	0.9590684544812985	0.9173410286302476	0.91555554
FJ772016	1440	7200	Chitinophagaceae	Chitinophaga ginsengihumi	KR013246	1486	7430	Chitinophagaceae	Chitinophaga barathri	6582.0	1437	50	52	1364	0.9848375451263538	0.9651567944250871	0.9491997216423104	0.8840898550602555	0.9141667
FJ772016	1440	7200	Chitinophagaceae	Chitinophaga ginsengihumi	AB264798	1521	7605	Chitinophagaceae	Chitinophaga ginsengisegetis	6550.0	1426	43	43	1357	0.9812002892263196	0.9698457223001402	0.9516129032258065	0.8959024133160589	0.9097222
FJ772016	1440	7200	Chitinophagaceae	Chitinophaga ginsengihumi	AB245374	1471	7355	Chitinophagaceae	Chitinophaga ginsengisoli	6629.0	1426	30	31	1367	0.9799283154121864	0.9789473684210527	0.958625525946704	0.9184633301481127	0.9206945
FJ772016	1440	7200	Chitinophagaceae	Chitinophaga ginsengihumi	AB078066	1481	7405	Chitinophagaceae	Chitinophaga sancti	6446.0	1417	52	53	1340	0.9824046920821115	0.963276836158192	0.9456598447424136	0.87806673126525	0.8952778
FJ772016	1440	7200	Chitinophagaceae	Chitinophaga ginsengihumi	DQ062743	1490	7444	Chitinophagaceae	Chitinophaga skermanii	6514.0	1423	49	47	1352	0.9825581395348837	0.9669711876317639	0.9501054111033029	0.8881420147270005	0.9047222
FJ772016	1440	7200	Chitinophagaceae	Chitinophaga ginsengihumi	AB078055	1482	7410	Chitinophagaceae	Chitinophaga japonensis	6797.0	1417	28	28	1382	0.9949604031677466	0.9802399435426958	0.9752999294283698	0.9375028387377203	0.9440278
FJ772016	1440	7200	Chitinophagaceae	Chitinophaga ginsengihumi	EU714259	1402	7010	Chitinophagaceae	Chitinophaga niabensis	6393.0	1390	45	45	1323	0.9836431226765799	0.9676258992805755	0.9517985611510792	0.8921038778733111	0.9119829
FJ772016	1440	7200	Chitinophagaceae	Chitinophaga ginsengihumi	KC430923	1401	7005	Chitinophagaceae	Chitinophaga polysaccharea	6323.0	1393	54	55	1316	0.9835575485799701	0.9612068965517241	0.9447236180904522	0.8735592266793539	0.902641
FJ772016	1440	7200	Chitinophagaceae	Chitinophaga ginsengihumi	AM237311	1424	7120	Chitinophagaceae	Chitinophaga arvensicola	6453.0	1405	43	43	1337	0.9816446402349486	0.9693950177935943	0.9516014234875445	0.8950836593853837	0.9063202
FJ772016	1440	7200	Chitinophagaceae	Chitinophaga ginsengihumi	EU714260	1402	7010	Chitinophagaceae	Chitinophaga niastensis	6403.0	1391	39	39	1326	0.9807692307692307	0.9719626168224299	0.9532710280373832	0.9012744265080714	0.9134094
FJ772016	1440	7200	Chitinophagaceae	Chitinophaga ginsengihumi	AF078775	1458	7266	Chitinophagaceae	Chitinophaga pinensis	6342.0	1402	48	54	1321	0.9799703264094956	0.9656160458452722	0.942225392296719	0.8759447095282601	0.8808333
KC922450	1503	7515	Chitinophagaceae	Chitinophaga costaii	FM865977	1415	7075	Chitinophagaceae	Chitinophaga rupis	6499.0	1417	49	51	1347	0.986090775988287	0.9653710247349824	0.9505998588567396	0.8857567579797451	0.91858655
KC922450	1503	7515	Chitinophagaceae	Chitinophaga costaii	AB078049	1481	7405	Chitinophagaceae	Chitinophaga filiformis	6924.0	1482	43	44	1424	0.9902642559109874	0.9709655638082377	0.9608636977058029	0.9060472113448818	0.9350439
KC922450	1503	7515	Chitinophagaceae	Chitinophaga costaii	KR013246	1486	7430	Chitinophagaceae	Chitinophaga barathri	6857.0	1478	36	38	1415	0.9826388888888888	0.975609756097561	0.9573748308525034	0.9105810808636756	0.92288023
KC922450	1503	7515	Chitinophagaceae	Chitinophaga costaii	AB264798	1521	7605	Chitinophagaceae	Chitinophaga ginsengisegetis	6923.0	1502	44	44	1432	0.9821673525377229	0.9707057256990679	0.9533954727030626	0.8991271663655015	0.92122424
KC922450	1503	7515	Chitinophagaceae	Chitinophaga costaii	AB245374	1471	7355	Chitinophagaceae	Chitinophaga ginsengisoli	6868.0	1472	40	41	1414	0.9881201956673655	0.972807613868117	0.9605978260869565	0.9091372282608695	0.9337865
KC922450	1503	7515	Chitinophagaceae	Chitinophaga costaii	AB078066	1481	7405	Chitinophagaceae	Chitinophaga sancti	6877.0	1482	44	45	1418	0.9867780097425192	0.9702903443619176	0.9568151147098516	0.9010113498283465	0.9286968
KC922450	1503	7515	Chitinophagaceae	Chitinophaga costaii	DQ062743	1490	7444	Chitinophagaceae	Chitinophaga skermanii	6836.0	1488	47	45	1416	0.9812889812889813	0.969758064516129	0.9516129032258065	0.8945781233582012	0.91832346
KC922450	1503	7515	Chitinophagaceae	Chitinophaga costaii	AB078055	1482	7410	Chitinophagaceae	Chitinophaga japonensis	6780.0	1482	56	56	1407	0.9866760168302945	0.9622132253711201	0.9493927125506073	0.8802561821177933	0.91497976
KC922450	1503	7515	Chitinophagaceae	Chitinophaga costaii	EU714259	1402	7010	Chitinophagaceae	Chitinophaga niabensis	6538.0	1402	32	32	1347	0.9832116788321168	0.9771754636233951	0.9607703281027105	0.9178907597633984	0.9326676
KC922450	1503	7515	Chitinophagaceae	Chitinophaga costaii	KC430923	1401	7005	Chitinophagaceae	Chitinophaga polysaccharea	6411.0	1402	48	49	1330	0.9830007390983001	0.9657387580299786	0.948644793152639	0.8851837276796695	0.91520345
KC922450	1503	7515	Chitinophagaceae	Chitinophaga costaii	AM237311	1424	7120	Chitinophagaceae	Chitinophaga arvensicola	6539.0	1424	44	44	1355	0.9818840579710145	0.9691011235955056	0.9515449438202247	0.8945041025013011	0.91839886
KC922450	1503	7515	Chitinophagaceae	Chitinophaga costaii	EU714260	1402	7010	Chitinophagaceae	Chitinophaga niastensis	6455.0	1402	43	43	1336	0.9830757910228108	0.9693295292439372	0.9529243937232525	0.8962105543736333	0.9208274
KC922450	1503	7515	Chitinophagaceae	Chitinophaga costaii	AF078775	1458	7266	Chitinophagaceae	Chitinophaga pinensis	6665.0	1465	45	52	1385	0.9801840056617127	0.9691358024691358	0.9453924914675768	0.8846619804262821	0.917286
FM865977	1415	7075	Chitinophagaceae	Chitinophaga rupis	AB078049	1481	7405	Chitinophagaceae	Chitinophaga filiformis	6614.0	1415	27	26	1361	0.9798416126709864	0.9816254416961131	0.9618374558303887	0.9264855937228917	0.934841
FM865977	1415	7075	Chitinophagaceae	Chitinophaga rupis	KR013246	1486	7430	Chitinophagaceae	Chitinophaga barathri	6501.0	1415	47	47	1347	0.9846491228070176	0.9667844522968198	0.9519434628975265	0.8907377956524051	0.91886926
FM865977	1415	7075	Chitinophagaceae	Chitinophaga rupis	AB264798	1521	7605	Chitinophagaceae	Chitinophaga ginsengisegetis	6568.0	1415	33	31	1356	0.9797687861271677	0.9780918727915194	0.958303886925795	0.9159479140229975	0.92833924
FM865977	1415	7075	Chitinophagaceae	Chitinophaga rupis	AB245374	1471	7355	Chitinophagaceae	Chitinophaga ginsengisoli	6637.0	1415	25	24	1364	0.9805895039539899	0.9830388692579505	0.9639575971731449	0.9311562622693365	0.9380919
FM865977	1415	7075	Chitinophagaceae	Chitinophaga rupis	AB078066	1481	7405	Chitinophagaceae	Chitinophaga sancti	6477.0	1415	50	49	1344	0.9838945827232797	0.9653710247349824	0.9498233215547703	0.8856373086988507	0.91547704
FM865977	1415	7075	Chitinophagaceae	Chitinophaga rupis	DQ062743	1490	7444	Chitinophagaceae	Chitinophaga skermanii	6478.0	1415	51	47	1345	0.9831871345029239	0.9667844522968198	0.950530035335689	0.8869884640785967	0.91561836
FM865977	1415	7075	Chitinophagaceae	Chitinophaga rupis	AB078055	1482	7410	Chitinophagaceae	Chitinophaga japonensis	6784.0	1415	24	22	1381	0.9913854989231874	0.984452296819788	0.9759717314487633	0.9447731910410891	0.9588693
FM865977	1415	7075	Chitinophagaceae	Chitinophaga rupis	EU714259	1402	7010	Chitinophagaceae	Chitinophaga niabensis	6461.0	1400	45	43	1336	0.9845246868091379	0.9692857142857143	0.9542857142857143	0.8961700444883836	0.9216833
FM865977	1415	7075	Chitinophagaceae	Chitinophaga rupis	KC430923	1401	7005	Chitinophagaceae	Chitinophaga polysaccharea	6448.0	1400	40	39	1335	0.9808963997060984	0.9721428571428572	0.9535714285714286	0.9012574404761905	0.9204854
FM865977	1415	7075	Chitinophagaceae	Chitinophaga rupis	AM237311	1424	7120	Chitinophagaceae	Chitinophaga arvensicola	6566.0	1415	33	31	1356	0.9797687861271677	0.9780918727915194	0.958303886925795	0.9159479140229975	0.92805654
FM865977	1415	7075	Chitinophagaceae	Chitinophaga rupis	EU714260	1402	7010	Chitinophagaceae	Chitinophaga niastensis	6537.0	1400	25	23	1347	0.9782135076252724	0.9835714285714285	0.9621428571428572	0.9297338345864662	0.932525
FM865977	1415	7075	Chitinophagaceae	Chitinophaga rupis	AF078775	1458	7266	Chitinophagaceae	Chitinophaga pinensis	6461.0	1415	42	46	1341	0.9795471146822499	0.9702338766832034	0.9477031802120142	0.8904637293824622	0.9132155
AB078049	1481	7405	Chitinophagaceae	Chitinophaga filiformis	KR013246	1486	7430	Chitinophagaceae	Chitinophaga barathri	6823.0	1467	37	38	1407	0.9846046186144157	0.9747612551159618	0.9591002044989775	0.9112727341948397	0.9214045
AB078049	1481	7405	Chitinophagaceae	Chitinophaga filiformis	AB264798	1521	7605	Chitinophagaceae	Chitinophaga ginsengisegetis	6852.0	1481	41	40	1416	0.9826509368494102	0.9729912221471978	0.9561107359891965	0.9052270503025177	0.92532074
AB078049	1481	7405	Chitinophagaceae	Chitinophaga filiformis	AB245374	1471	7355	Chitinophagaceae	Chitinophaga ginsengisoli	7265.0	1462	0	0	1457	0.9965800273597811	1.0	0.9965800273597811	0.9965800273597811	0.9877634
AB078049	1481	7405	Chitinophagaceae	Chitinophaga filiformis	AB078066	1481	7405	Chitinophagaceae	Chitinophaga sancti	6956.0	1481	39	39	1427	0.9895977808599168	0.9736664415935179	0.9635381498987171	0.9140934290486514	0.93936527
AB078049	1481	7405	Chitinophagaceae	Chitinophaga filiformis	DQ062743	1490	7444	Chitinophagaceae	Chitinophaga skermanii	6851.0	1481	41	38	1416	0.9812889812889813	0.974341661039838	0.9561107359891965	0.9064834376034234	0.9251857
AB078049	1481	7405	Chitinophagaceae	Chitinophaga filiformis	AB078055	1482	7410	Chitinophagaceae	Chitinophaga japonensis	6871.0	1481	44	43	1417	0.9853963838664812	0.9709655638082377	0.9567859554355166	0.9022021009287036	0.92788655
AB078049	1481	7405	Chitinophagaceae	Chitinophaga filiformis	EU714259	1402	7010	Chitinophagaceae	Chitinophaga niabensis	6529.0	1401	35	34	1345	0.9839063643013899	0.9757316202712348	0.960028551034975	0.9138990454490326	0.9313837
AB078049	1481	7405	Chitinophagaceae	Chitinophaga filiformis	KC430923	1401	7005	Chitinophagaceae	Chitinophaga polysaccharea	6400.0	1401	52	52	1329	0.9851742031134173	0.9628836545324768	0.9486081370449678	0.8807105140217905	0.9136331
AB078049	1481	7405	Chitinophagaceae	Chitinophaga filiformis	AM237311	1424	7120	Chitinophagaceae	Chitinophaga arvensicola	6527.0	1423	42	41	1354	0.9797395079594791	0.9711876317638791	0.9515108924806747	0.8976027668315989	0.9167135
AB078049	1481	7405	Chitinophagaceae	Chitinophaga filiformis	EU714260	1402	7010	Chitinophagaceae	Chitinophaga niastensis	6429.0	1401	41	40	1333	0.9794268919911829	0.9714489650249821	0.9514632405424697	0.8980176632304446	0.91711843
AB078049	1481	7405	Chitinophagaceae	Chitinophaga filiformis	AF078775	1458	7266	Chitinophagaceae	Chitinophaga pinensis	6947.0	1464	21	27	1419	0.9874739039665971	0.98559670781893	0.9692622950819673	0.9379326047358835	0.9560969
KR013246	1486	7430	Chitinophagaceae	Chitinophaga barathri	AB264798	1521	7605	Chitinophagaceae	Chitinophaga ginsengisegetis	6806.0	1475	36	34	1409	0.9777931991672449	0.9769491525423729	0.9552542372881356	0.9110002355606907	0.91601616
KR013246	1486	7430	Chitinophagaceae	Chitinophaga barathri	AB245374	1471	7355	Chitinophagaceae	Chitinophaga ginsengisoli	6861.0	1470	37	36	1413	0.9853556485355649	0.9755102040816327	0.9612244897959183	0.9146621886976423	0.9328348
KR013246	1486	7430	Chitinophagaceae	Chitinophaga barathri	AB078066	1481	7405	Chitinophagaceae	Chitinophaga sancti	6736.0	1466	46	45	1396	0.9824067558057706	0.9693042291950886	0.9522510231923602	0.8949396190187459	0.90965563
KR013246	1486	7430	Chitinophagaceae	Chitinophaga barathri	DQ062743	1490	7444	Chitinophagaceae	Chitinophaga skermanii	6734.0	1472	48	44	1399	0.9796918767507002	0.970108695652174	0.9504076086956522	0.8928829376430205	0.9063257
KR013246	1486	7430	Chitinophagaceae	Chitinophaga barathri	AB078055	1482	7410	Chitinophagaceae	Chitinophaga japonensis	6656.0	1466	63	61	1384	0.9850533807829182	0.9583901773533424	0.9440654843110505	0.8675029466690818	0.89824563
KR013246	1486	7430	Chitinophagaceae	Chitinophaga barathri	EU714259	1402	7010	Chitinophagaceae	Chitinophaga niabensis	6685.0	1400	27	25	1363	0.9912727272727273	0.9821428571428571	0.9735714285714285	0.9380944038442286	0.95363766
KR013246	1486	7430	Chitinophagaceae	Chitinophaga barathri	KC430923	1401	7005	Chitinophagaceae	Chitinophaga polysaccharea	6368.0	1400	52	51	1325	0.9822090437361009	0.9635714285714285	0.9464285714285714	0.8792921094057458	0.90906495
KR013246	1486	7430	Chitinophagaceae	Chitinophaga barathri	AM237311	1424	7120	Chitinophagaceae	Chitinophaga arvensicola	6490.0	1422	49	47	1349	0.9810909090909091	0.9669479606188467	0.9486638537271449	0.8867524125593638	0.91151685
KR013246	1486	7430	Chitinophagaceae	Chitinophaga barathri	EU714260	1402	7010	Chitinophagaceae	Chitinophaga niastensis	6386.0	1400	48	46	1327	0.9800590841949779	0.9671428571428572	0.9478571428571428	0.8863249802683504	0.91098434
KR013246	1486	7430	Chitinophagaceae	Chitinophaga barathri	AF078775	1458	7266	Chitinophagaceae	Chitinophaga pinensis	6639.0	1451	47	51	1376	0.9828571428571429	0.967519004837595	0.9483115093039284	0.8862724386018023	0.9137077
AB264798	1521	7605	Chitinophagaceae	Chitinophaga ginsengisegetis	AB245374	1471	7355	Chitinophagaceae	Chitinophaga ginsengisoli	6798.0	1472	39	40	1406	0.9818435754189944	0.973487423521414	0.9551630434782609	0.905224009438034	0.9242692
AB264798	1521	7605	Chitinophagaceae	Chitinophaga ginsengisegetis	AB078066	1481	7405	Chitinophagaceae	Chitinophaga sancti	6843.0	1482	47	48	1414	0.9860529986052998	0.9682646860229575	0.9541160593792173	0.8948348130476113	0.92410535
AB264798	1521	7605	Chitinophagaceae	Chitinophaga ginsengisegetis	DQ062743	1490	7444	Chitinophagaceae	Chitinophaga skermanii	6758.0	1488	52	50	1408	0.9791376912378303	0.9663978494623656	0.946236559139785	0.8835637480798771	0.90784526
AB264798	1521	7605	Chitinophagaceae	Chitinophaga ginsengisegetis	AB078055	1482	7410	Chitinophagaceae	Chitinophaga japonensis	6855.0	1482	40	40	1416	0.9819694868238558	0.9730094466936572	0.9554655870445344	0.9052440055967271	0.9251012
AB264798	1521	7605	Chitinophagaceae	Chitinophaga ginsengisegetis	EU714259	1402	7010	Chitinophagaceae	Chitinophaga niabensis	6458.0	1402	44	44	1336	0.9837997054491899	0.9686162624821684	0.9529243937232525	0.8949317611868444	0.92125535
AB264798	1521	7605	Chitinophagaceae	Chitinophaga ginsengisegetis	KC430923	1401	7005	Chitinophagaceae	Chitinophaga polysaccharea	6791.0	1402	18	19	1376	0.9949385394070861	0.987152034261242	0.9814550641940085	0.955881939281911	0.9694504
AB264798	1521	7605	Chitinophagaceae	Chitinophaga ginsengisegetis	AM237311	1424	7120	Chitinophagaceae	Chitinophaga arvensicola	6996.0	1424	7	7	1410	0.995059985885674	0.9950842696629213	0.9901685393258427	0.9804813558523543	0.9825843
AB264798	1521	7605	Chitinophagaceae	Chitinophaga ginsengisegetis	EU714260	1402	7010	Chitinophagaceae	Chitinophaga niastensis	6817.0	1402	16	16	1379	0.9949494949494949	0.9885877318116976	0.9835948644793152	0.961398083334507	0.9724679
AB264798	1521	7605	Chitinophagaceae	Chitinophaga ginsengisegetis	AF078775	1458	7266	Chitinophagaceae	Chitinophaga pinensis	6609.0	1465	43	50	1379	0.9745583038869258	0.9705075445816187	0.941296928327645	0.8832461230660594	0.90957886
AB245374	1471	7355	Chitinophagaceae	Chitinophaga ginsengisoli	AB078066	1481	7405	Chitinophagaceae	Chitinophaga sancti	6860.0	1462	37	37	1408	0.9880701754385965	0.9746922024623803	0.9630642954856361	0.9155214283302412	0.93269885
AB245374	1471	7355	Chitinophagaceae	Chitinophaga ginsengisoli	DQ062743	1490	7444	Chitinophagaceae	Chitinophaga skermanii	6799.0	1468	37	34	1405	0.9797768479776848	0.9768392370572208	0.9570844686648501	0.9119329754587343	0.92440516
AB245374	1471	7355	Chitinophagaceae	Chitinophaga ginsengisoli	AB078055	1482	7410	Chitinophagaceae	Chitinophaga japonensis	6765.0	1462	44	43	1397	0.9844961240310077	0.9705882352941176	0.9555403556771546	0.9003398172017811	0.91978246
AB245374	1471	7355	Chitinophagaceae	Chitinophaga ginsengisoli	EU714259	1402	7010	Chitinophagaceae	Chitinophaga niabensis	6533.0	1401	36	35	1345	0.9846266471449487	0.9750178443968593	0.960028551034975	0.9125949900582991	0.9319543
AB245374	1471	7355	Chitinophagaceae	Chitinophaga ginsengisoli	KC430923	1401	7005	Chitinophagaceae	Chitinophaga polysaccharea	6411.0	1401	49	49	1331	0.9844674556213018	0.9650249821556032	0.9500356887937188	0.8858263801717986	0.91520345
AB245374	1471	7355	Chitinophagaceae	Chitinophaga ginsengisoli	AM237311	1424	7120	Chitinophagaceae	Chitinophaga arvensicola	6523.0	1423	41	40	1354	0.9790310918293564	0.971890372452565	0.9515108924806747	0.8988658226098177	0.9161517
AB245374	1471	7355	Chitinophagaceae	Chitinophaga ginsengisoli	EU714260	1402	7010	Chitinophagaceae	Chitinophaga niastensis	6435.0	1401	39	38	1334	0.9787234042553191	0.9728765167737331	0.9521770164168452	0.901261995400111	0.9179743
AB245374	1471	7355	Chitinophagaceae	Chitinophaga ginsengisoli	AF078775	1458	7266	Chitinophagaceae	Chitinophaga pinensis	6883.0	1447	16	21	1405	0.985273492286115	0.9889042995839112	0.9709744298548721	0.9464180020321583	0.94728875
AB078066	1481	7405	Chitinophagaceae	Chitinophaga sancti	DQ062743	1490	7444	Chitinophagaceae	Chitinophaga skermanii	6846.0	1481	48	45	1415	0.9853760445682451	0.9696151249155975	0.9554355165428764	0.8973220416975609	0.9245105
AB078066	1481	7405	Chitinophagaceae	Chitinophaga sancti	AB078055	1482	7410	Chitinophagaceae	Chitinophaga japonensis	6805.0	1481	55	54	1409	0.9873861247372109	0.9635381498987171	0.9513841998649561	0.883870607556831	0.9189737
AB078066	1481	7405	Chitinophagaceae	Chitinophaga sancti	EU714259	1402	7010	Chitinophagaceae	Chitinophaga niabensis	6516.0	1401	37	36	1343	0.9838827838827838	0.974304068522484	0.9586009992862241	0.9099376662209291	0.92952925
AB078066	1481	7405	Chitinophagaceae	Chitinophaga sancti	KC430923	1401	7005	Chitinophagaceae	Chitinophaga polysaccharea	6402.0	1401	59	59	1328	0.9895678092399404	0.9578872234118487	0.9478943611705924	0.8712837210211885	0.9139186
AB078066	1481	7405	Chitinophagaceae	Chitinophaga sancti	AM237311	1424	7120	Chitinophagaceae	Chitinophaga arvensicola	6554.0	1423	49	48	1356	0.9861818181818182	0.966268446943078	0.9529163738580464	0.8901222921568028	0.92050564
AB078066	1481	7405	Chitinophagaceae	Chitinophaga sancti	EU714260	1402	7010	Chitinophagaceae	Chitinophaga niastensis	6470.0	1401	40	39	1338	0.9823788546255506	0.9721627408993576	0.9550321199143469	0.902674356227162	0.9229672
AB078066	1481	7405	Chitinophagaceae	Chitinophaga sancti	AF078775	1458	7266	Chitinophagaceae	Chitinophaga pinensis	6807.0	1464	31	37	1402	0.9824807288016818	0.9787379972565158	0.9576502732240437	0.914091598589104	0.9368291
DQ062743	1490	7444	Chitinophagaceae	Chitinophaga skermanii	AB078055	1482	7410	Chitinophagaceae	Chitinophaga japonensis	6771.0	1484	59	61	1406	0.9880534082923401	0.9601889338731444	0.9474393530997305	0.8737564481276192	0.9137652
DQ062743	1490	7444	Chitinophagaceae	Chitinophaga skermanii	EU714259	1402	7010	Chitinophagaceae	Chitinophaga niabensis	6381.0	1404	42	44	1328	0.9764705882352941	0.9700427960057061	0.9458689458689459	0.8896139463221067	0.91027105
DQ062743	1490	7444	Chitinophagaceae	Chitinophaga skermanii	KC430923	1401	7005	Chitinophagaceae	Chitinophaga polysaccharea	6335.0	1404	55	58	1323	0.9829123328380386	0.9607423269093505	0.9423076923076923	0.8693256709020931	0.90435404
DQ062743	1490	7444	Chitinophagaceae	Chitinophaga skermanii	AM237311	1424	7120	Chitinophagaceae	Chitinophaga arvensicola	6438.0	1425	56	57	1344	0.9824561403508771	0.9606741573033708	0.9431578947368421	0.8711951384199865	0.9042135
DQ062743	1490	7444	Chitinophagaceae	Chitinophaga skermanii	EU714260	1402	7010	Chitinophagaceae	Chitinophaga niastensis	6322.0	1404	52	54	1321	0.9785185185185186	0.9629101283880172	0.9408831908831908	0.8723848267117498	0.9018545
DQ062743	1490	7444	Chitinophagaceae	Chitinophaga skermanii	AF078775	1458	7266	Chitinophagaceae	Chitinophaga pinensis	6677.0	1467	40	49	1387	0.9781382228490832	0.9725651577503429	0.94546693933197	0.8896298075466048	0.9189375
AB078055	1482	7410	Chitinophagaceae	Chitinophaga japonensis	EU714259	1402	7010	Chitinophagaceae	Chitinophaga niabensis	6366.0	1402	59	59	1323	0.9851079672375279	0.9579172610556348	0.9436519258202568	0.8674363698676282	0.90813124
AB078055	1482	7410	Chitinophagaceae	Chitinophaga japonensis	KC430923	1401	7005	Chitinophagaceae	Chitinophaga polysaccharea	6388.0	1402	53	54	1327	0.9844213649851632	0.9621698786581013	0.9465049928673324	0.8768994710550956	0.9119201
AB078055	1482	7410	Chitinophagaceae	Chitinophaga japonensis	AM237311	1424	7120	Chitinophagaceae	Chitinophaga arvensicola	6567.0	1423	42	41	1358	0.9826338639652678	0.9711876317638791	0.9543218552354181	0.9002544736760053	0.92233145
AB078055	1482	7410	Chitinophagaceae	Chitinophaga japonensis	EU714260	1402	7010	Chitinophagaceae	Chitinophaga niastensis	6478.0	1402	39	39	1339	0.9823917828319882	0.9721825962910129	0.9550641940085592	0.9033674506826275	0.92410845
AB078055	1482	7410	Chitinophagaceae	Chitinophaga japonensis	AF078775	1458	7266	Chitinophagaceae	Chitinophaga pinensis	6612.0	1465	55	62	1378	0.9821810406272273	0.9622770919067215	0.9406143344709897	0.8682117837255254	0.90999174
EU714259	1402	7010	Chitinophagaceae	Chitinophaga niabensis	KC430923	1401	7005	Chitinophagaceae	Chitinophaga polysaccharea	6416.0	1399	49	50	1330	0.9859154929577465	0.9649499284692418	0.9506790564689064	0.8856809718070129	0.9159172
EU714259	1402	7010	Chitinophagaceae	Chitinophaga niabensis	AM237311	1424	7120	Chitinophagaceae	Chitinophaga arvensicola	6429.0	1402	46	46	1333	0.9830383480825958	0.9671897289586305	0.9507845934379457	0.8903756275565293	0.91711843
EU714259	1402	7010	Chitinophagaceae	Chitinophaga niabensis	EU714260	1402	7010	Chitinophagaceae	Chitinophaga niastensis	6503.0	1401	35	35	1342	0.9824304538799414	0.9750178443968593	0.9578872234118487	0.911193556532441	0.9276748
EU714259	1402	7010	Chitinophagaceae	Chitinophaga niabensis	AF078775	1458	7266	Chitinophagaceae	Chitinophaga pinensis	6366.0	1402	41	47	1324	0.9771217712177122	0.9706303724928367	0.9443651925820257	0.886773968086379	0.90813124
KC430923	1401	7005	Chitinophagaceae	Chitinophaga polysaccharea	AM237311	1424	7120	Chitinophagaceae	Chitinophaga arvensicola	6773.0	1401	19	18	1374	0.9934924078091106	0.987152034261242	0.9807280513918629	0.955173869771089	0.9668808
KC430923	1401	7005	Chitinophagaceae	Chitinophaga polysaccharea	EU714260	1402	7010	Chitinophagaceae	Chitinophaga niastensis	6682.0	1399	27	26	1362	0.9919883466860888	0.9814152966404575	0.9735525375268048	0.9373686073101704	0.9538901
KC430923	1401	7005	Chitinophagaceae	Chitinophaga polysaccharea	AF078775	1458	7266	Chitinophagaceae	Chitinophaga pinensis	6279.0	1401	57	62	1313	0.9805825242718447	0.9591690544412608	0.9371877230549608	0.8606957209674845	0.89635974
AM237311	1424	7120	Chitinophagaceae	Chitinophaga arvensicola	EU714260	1402	7010	Chitinophagaceae	Chitinophaga niastensis	6849.0	1402	14	14	1383	0.9963976945244957	0.9900142653352354	0.9864479315263909	0.9669418989820836	0.9770328
AM237311	1424	7120	Chitinophagaceae	Chitinophaga arvensicola	AF078775	1458	7266	Chitinophagaceae	Chitinophaga pinensis	6437.0	1421	42	48	1341	0.976693372177713	0.9703180212014134	0.9437016185784659	0.8856475203747326	0.90407306
EU714260	1402	7010	Chitinophagaceae	Chitinophaga niastensis	AF078775	1458	7266	Chitinophagaceae	Chitinophaga pinensis	6345.0	1402	39	45	1322	0.974207811348563	0.9720630372492837	0.9429386590584878	0.8879720751855434	0.9051355
