X87219	1423	7109	Halomonadaceae	Chromohalobacter marismortui	AY373448	1448	7240	Halomonadaceae	Chromohalobacter sarecensis	6760.0	1416	20	17	1379	0.9857040743388135	0.9879943502824858	0.9738700564971752	0.9487773043450891	0.9509073
X87219	1423	7109	Halomonadaceae	Chromohalobacter marismortui	AB021386	1495	7469	Halomonadaceae	Chromohalobacter beijerinckii	6874.0	1423	15	14	1394	0.9893541518807665	0.9901616303583978	0.9796205200281096	0.9598646124614788	0.9669433
X87219	1423	7109	Halomonadaceae	Chromohalobacter marismortui	AJ295143	1532	7660	Halomonadaceae	Chromohalobacter canadensis	6920.0	1423	11	10	1400	0.9907997169143666	0.9929725931131412	0.9838369641602249	0.9694293098733597	0.973414
X87219	1423	7109	Halomonadaceae	Chromohalobacter marismortui	AJ295144	1532	7660	Halomonadaceae	Chromohalobacter israelensis	6766.0	1423	23	22	1382	0.9864382583868665	0.9845397048489107	0.9711876317638791	0.9409639502774513	0.9517513
X87219	1423	7109	Halomonadaceae	Chromohalobacter marismortui	CP000285	1440	7200	Halomonadaceae	Chromohalobacter salexigens	6768.0	1423	22	22	1382	0.9864382583868665	0.9845397048489107	0.9711876317638791	0.9416151364022108	0.9520326
X87219	1423	7109	Halomonadaceae	Chromohalobacter marismortui	AJ277205	1505	7525	Halomonadaceae	Chromohalobacter nigrandesensis	6785.0	1423	23	22	1384	0.9878658101356174	0.9845397048489107	0.9725931131412509	0.9423256926078094	0.95442396
X87219	1423	7109	Halomonadaceae	Chromohalobacter marismortui	AB105159	1501	7505	Halomonadaceae	Chromohalobacter japonicus	6880.0	1423	14	13	1395	0.9893617021276596	0.9908643710470836	0.9803232607167955	0.9619038257555196	0.9677873
AY373448	1448	7240	Halomonadaceae	Chromohalobacter sarecensis	AB021386	1495	7469	Halomonadaceae	Chromohalobacter beijerinckii	6989.0	1448	14	18	1418	0.9916083916083916	0.9903047091412742	0.9792817679558011	0.9578474200935674	0.9653315
AY373448	1448	7240	Halomonadaceae	Chromohalobacter sarecensis	AJ295143	1532	7660	Halomonadaceae	Chromohalobacter canadensis	7055.0	1448	7	11	1426	0.9923451635351427	0.9951523545706371	0.9848066298342542	0.9726234550321808	0.9744475
AY373448	1448	7240	Halomonadaceae	Chromohalobacter sarecensis	AJ295144	1532	7660	Halomonadaceae	Chromohalobacter israelensis	6905.0	1448	11	15	1409	0.9832519190509421	0.9923822714681441	0.9730662983425414	0.9557258434029212	0.9537293
AY373448	1448	7240	Halomonadaceae	Chromohalobacter sarecensis	CP000285	1440	7200	Halomonadaceae	Chromohalobacter salexigens	6856.0	1439	12	18	1399	0.9845179451090781	0.9916259595254711	0.9722029186935371	0.9521022380865034	0.9522222
AY373448	1448	7240	Halomonadaceae	Chromohalobacter sarecensis	AJ277205	1505	7525	Halomonadaceae	Chromohalobacter nigrandesensis	7043.0	1448	4	8	1425	0.9895833333333334	0.997229916897507	0.9841160220994475	0.9759828318341629	0.97279006
AY373448	1448	7240	Halomonadaceae	Chromohalobacter sarecensis	AB105159	1501	7505	Halomonadaceae	Chromohalobacter japonicus	7029.0	1448	9	13	1423	0.9916376306620209	0.9937673130193906	0.9827348066298343	0.9678959831941059	0.97085637
AB021386	1495	7469	Halomonadaceae	Chromohalobacter beijerinckii	AJ295143	1532	7660	Halomonadaceae	Chromohalobacter canadensis	7349.0	1495	8	8	1480	0.9952925353059852	0.9946488294314382	0.9899665551839465	0.9794279890608972	0.98393357
AB021386	1495	7469	Halomonadaceae	Chromohalobacter beijerinckii	AJ295144	1532	7660	Halomonadaceae	Chromohalobacter israelensis	7175.0	1495	17	17	1460	0.9878213802435724	0.988628762541806	0.9765886287625418	0.9546283024543893	0.9606373
AB021386	1495	7469	Halomonadaceae	Chromohalobacter beijerinckii	CP000285	1440	7200	Halomonadaceae	Chromohalobacter salexigens	6896.0	1442	17	19	1405	0.9873506676036542	0.9881944444444445	0.9743411927877947	0.9502998748026265	0.9577778
AB021386	1495	7469	Halomonadaceae	Chromohalobacter beijerinckii	AJ277205	1505	7525	Halomonadaceae	Chromohalobacter nigrandesensis	7144.0	1485	16	18	1452	0.9897750511247444	0.9892110586648685	0.9777777777777777	0.9556295802798134	0.9564868
AB021386	1495	7469	Halomonadaceae	Chromohalobacter beijerinckii	AB105159	1501	7505	Halomonadaceae	Chromohalobacter japonicus	7327.0	1481	3	3	1472	0.9959404600811907	0.9979743416610398	0.9939230249831195	0.989904468278336	0.9809881
AJ295143	1532	7660	Halomonadaceae	Chromohalobacter canadensis	AJ295144	1532	7660	Halomonadaceae	Chromohalobacter israelensis	7358.0	1532	20	20	1497	0.9900793650793651	0.9869451697127938	0.9771540469973891	0.9519696643428173	0.9605744
AJ295143	1532	7660	Halomonadaceae	Chromohalobacter canadensis	CP000285	1440	7200	Halomonadaceae	Chromohalobacter salexigens	6894.0	1442	20	22	1405	0.9894366197183099	0.9861111111111112	0.9743411927877947	0.9463505429265858	0.9575
AJ295143	1532	7660	Halomonadaceae	Chromohalobacter canadensis	AJ277205	1505	7525	Halomonadaceae	Chromohalobacter nigrandesensis	7312.0	1504	10	11	1480	0.9912926992632284	0.9933466400532269	0.9840425531914894	0.9703933500098372	0.97169435
AJ295143	1532	7660	Halomonadaceae	Chromohalobacter canadensis	AB105159	1501	7505	Halomonadaceae	Chromohalobacter japonicus	7414.0	1500	3	3	1490	0.9953239812959251	0.998	0.9933333333333333	0.9893679308050566	0.98787475
AJ295144	1532	7660	Halomonadaceae	Chromohalobacter israelensis	CP000285	1440	7200	Halomonadaceae	Chromohalobacter salexigens	7196.0	1442	0	2	1440	1.0	1.0	0.9986130374479889	0.9972279985610986	0.9994444
AJ295144	1532	7660	Halomonadaceae	Chromohalobacter israelensis	AJ277205	1505	7525	Halomonadaceae	Chromohalobacter nigrandesensis	7217.0	1504	17	18	1469	0.9885598923283984	0.9886892880904857	0.9767287234042553	0.9542530460083651	0.9590698
AJ295144	1532	7660	Halomonadaceae	Chromohalobacter israelensis	AB105159	1501	7505	Halomonadaceae	Chromohalobacter japonicus	7136.0	1500	20	20	1458	0.9851351351351352	0.9866666666666667	0.972	0.9464210526315789	0.9508328
CP000285	1440	7200	Halomonadaceae	Chromohalobacter salexigens	AJ277205	1505	7525	Halomonadaceae	Chromohalobacter nigrandesensis	6909.0	1440	18	16	1407	0.988061797752809	0.9888888888888889	0.9770833333333333	0.9542981252857795	0.95958334
CP000285	1440	7200	Halomonadaceae	Chromohalobacter salexigens	AB105159	1501	7505	Halomonadaceae	Chromohalobacter japonicus	6841.0	1440	22	20	1399	0.9852112676056338	0.9861111111111112	0.9715277777777778	0.9436179510563915	0.95013887
AJ277205	1505	7525	Halomonadaceae	Chromohalobacter nigrandesensis	AB105159	1501	7505	Halomonadaceae	Chromohalobacter japonicus	7269.0	1501	12	12	1474	0.989926124916051	0.9920053297801465	0.9820119920053297	0.9664348024427866	0.9685543
