AF025369	1530	7650	Enterobacteriaceae	Citrobacter murliniae	AF025363	1496	7474	Enterobacteriaceae	Citrobacter rodentium	7149.0	1498	14	16	1458	0.9838056680161943	0.9906417112299465	0.9732977303070761	0.9539862674041578	0.9565159
AF025369	1530	7650	Enterobacteriaceae	Citrobacter murliniae	KP057683	1492	7454	Enterobacteriaceae	Citrobacter pasteurii	7375.0	1492	2	2	1482	0.9946308724832215	0.9986595174262735	0.9932975871313673	0.9906381558405203	0.98940164
AF025369	1530	7650	Enterobacteriaceae	Citrobacter murliniae	FR870441	1504	7520	Enterobacteriaceae	Citrobacter amalonaticus	7239.0	1504	8	8	1472	0.983957219251337	0.9946808510638298	0.9787234042553191	0.9683665428346279	0.96263295
AF025369	1530	7650	Enterobacteriaceae	Citrobacter murliniae	AF025368	1530	7650	Enterobacteriaceae	Citrobacter braakii	7602.0	1529	4	3	1524	0.9986893840104849	0.9980379332897319	0.9967298888162197	0.9921786107850954	0.9937255
AF025369	1530	7650	Enterobacteriaceae	Citrobacter murliniae	LT615140	1320	6600	Enterobacteriaceae	Citrobacter europaeus	6525.0	1320	6	6	1311	0.997716894977169	0.9954545454545455	0.9931818181818182	0.9841937474290415	0.9886364
AF025369	1530	7650	Enterobacteriaceae	Citrobacter murliniae	HQ992945	1494	7434	Enterobacteriaceae	Citrobacter koseri	7172.0	1494	14	14	1457	0.9844594594594595	0.9906291834002677	0.9752342704149933	0.957126472290577	0.96475655
AF025369	1530	7650	Enterobacteriaceae	Citrobacter murliniae	AF025367	1527	7635	Enterobacteriaceae	Citrobacter gillenii	7499.0	1527	9	9	1511	0.9953886693017128	0.9941060903732809	0.9895219384413884	0.9779259782252784	0.9821873
AF025369	1530	7650	Enterobacteriaceae	Citrobacter murliniae	AF025373	1521	7581	Enterobacteriaceae	Citrobacter werkmanii	7522.0	1521	2	2	1510	0.9940750493745886	0.9986850756081526	0.9927679158448389	0.9901605148839857	0.99221736
AF025369	1530	7650	Enterobacteriaceae	Citrobacter murliniae	AF025371	1511	7543	Enterobacteriaceae	Citrobacter farmeri	7266.0	1510	13	12	1477	0.985981308411215	0.9920529801324504	0.9781456953642385	0.9620894626760533	0.9632772
AF025369	1530	7650	Enterobacteriaceae	Citrobacter murliniae	AB273741	1490	7450	Enterobacteriaceae	Citrobacter youngae	7247.0	1489	17	16	1466	0.9952477936184657	0.9892545332437878	0.984553391537945	0.9629795124405	0.9727517
AF025369	1530	7650	Enterobacteriaceae	Citrobacter murliniae	AJ233408	1505	7525	Enterobacteriaceae	Citrobacter freundii	7456.0	1515	0	10	1499	0.9960132890365448	1.0	0.9894389438943895	0.9829079937696741	0.99083054
AF025369	1530	7650	Enterobacteriaceae	Citrobacter murliniae	AF025364	1520	7594	Enterobacteriaceae	Citrobacter sedlakii	7282.0	1518	18	16	1483	0.9873501997336884	0.9894598155467721	0.9769433465085638	0.9553182984738692	0.95891494
AF025363	1496	7474	Enterobacteriaceae	Citrobacter rodentium	KP057683	1492	7454	Enterobacteriaceae	Citrobacter pasteurii	6958.0	1462	19	17	1421	0.9833910034602076	0.9883720930232558	0.9719562243502052	0.9483300095786945	0.93345857
AF025363	1496	7474	Enterobacteriaceae	Citrobacter rodentium	FR870441	1504	7520	Enterobacteriaceae	Citrobacter amalonaticus	7227.0	1488	12	10	1463	0.989851150202977	0.9932795698924731	0.9831989247311828	0.9687786738351254	0.9669521
AF025363	1496	7474	Enterobacteriaceae	Citrobacter rodentium	AF025368	1530	7650	Enterobacteriaceae	Citrobacter braakii	7167.0	1496	14	12	1460	0.9838274932614556	0.9919786096256684	0.9759358288770054	0.9591316357970039	0.9589243
AF025363	1496	7474	Enterobacteriaceae	Citrobacter rodentium	LT615140	1320	6600	Enterobacteriaceae	Citrobacter europaeus	6169.0	1294	16	14	1259	0.98359375	0.9891808346213292	0.972952086553323	0.9506707410597355	0.934697
AF025363	1496	7474	Enterobacteriaceae	Citrobacter rodentium	HQ992945	1494	7434	Enterobacteriaceae	Citrobacter koseri	7114.0	1476	16	14	1443	0.9870041039671683	0.9905149051490515	0.9776422764227642	0.9579845898995183	0.95695454
AF025363	1496	7474	Enterobacteriaceae	Citrobacter rodentium	AF025367	1527	7635	Enterobacteriaceae	Citrobacter gillenii	7088.0	1496	20	18	1451	0.9817320703653586	0.9879679144385026	0.9699197860962567	0.9456078125661395	0.9483543
AF025363	1496	7474	Enterobacteriaceae	Citrobacter rodentium	AF025373	1521	7581	Enterobacteriaceae	Citrobacter werkmanii	7121.0	1491	16	14	1451	0.982396750169262	0.9906103286384976	0.9731723675385647	0.9537993277070074	0.9527696
AF025363	1496	7474	Enterobacteriaceae	Citrobacter rodentium	AF025371	1511	7543	Enterobacteriaceae	Citrobacter farmeri	7228.0	1484	9	7	1461	0.989167230873392	0.9952830188679245	0.9845013477088949	0.9739507639424232	0.9670859
AF025363	1496	7474	Enterobacteriaceae	Citrobacter rodentium	AB273741	1490	7450	Enterobacteriaceae	Citrobacter youngae	7174.0	1488	14	13	1457	0.9877966101694915	0.991263440860215	0.9791666666666666	0.9615651353750554	0.96295303
AF025363	1496	7474	Enterobacteriaceae	Citrobacter rodentium	AJ233408	1505	7525	Enterobacteriaceae	Citrobacter freundii	7084.0	1483	16	14	1445	0.9836623553437712	0.9905596763317599	0.9743762643290627	0.9548757386920568	0.9478191
AF025363	1496	7474	Enterobacteriaceae	Citrobacter rodentium	AF025364	1520	7594	Enterobacteriaceae	Citrobacter sedlakii	7354.0	1496	7	5	1481	0.9932930918846412	0.9966577540106952	0.9899732620320856	0.9820692838921089	0.98394436
KP057683	1492	7454	Enterobacteriaceae	Citrobacter pasteurii	FR870441	1504	7520	Enterobacteriaceae	Citrobacter amalonaticus	7077.0	1478	18	18	1441	0.986986301369863	0.9878213802435724	0.9749661705006766	0.9515044177346175	0.94942313
KP057683	1492	7454	Enterobacteriaceae	Citrobacter pasteurii	AF025368	1530	7650	Enterobacteriaceae	Citrobacter braakii	7384.0	1492	5	4	1483	0.9966397849462365	0.9973190348525469	0.9939678284182306	0.9879920699307463	0.99060905
KP057683	1492	7454	Enterobacteriaceae	Citrobacter pasteurii	LT615140	1320	6600	Enterobacteriaceae	Citrobacter europaeus	6501.0	1320	6	6	1308	0.9954337899543378	0.9954545454545455	0.990909090909091	0.9819415878239409	0.985
KP057683	1492	7454	Enterobacteriaceae	Citrobacter pasteurii	HQ992945	1494	7434	Enterobacteriaceae	Citrobacter koseri	7119.0	1480	13	13	1446	0.9856850715746421	0.9912162162162163	0.977027027027027	0.9600124907224706	0.9576271
KP057683	1492	7454	Enterobacteriaceae	Citrobacter pasteurii	AF025367	1527	7635	Enterobacteriaceae	Citrobacter gillenii	7368.0	1492	5	5	1481	0.995965030262273	0.9966487935656837	0.9926273458445041	0.985996568651154	0.98846257
KP057683	1492	7454	Enterobacteriaceae	Citrobacter pasteurii	AF025373	1521	7581	Enterobacteriaceae	Citrobacter werkmanii	7340.0	1492	2	2	1477	0.991275167785235	0.9986595174262735	0.989946380697051	0.9872959218464565	0.9847062
KP057683	1492	7454	Enterobacteriaceae	Citrobacter pasteurii	AF025371	1511	7543	Enterobacteriaceae	Citrobacter farmeri	7120.0	1488	16	15	1450	0.9843856076035302	0.9899193548387096	0.9744623655913979	0.9543770375772135	0.95519185
KP057683	1492	7454	Enterobacteriaceae	Citrobacter pasteurii	AB273741	1490	7450	Enterobacteriaceae	Citrobacter youngae	7099.0	1454	15	15	1433	0.9958304378040306	0.9896836313617606	0.9855570839064649	0.9654299821248489	0.9528859
KP057683	1492	7454	Enterobacteriaceae	Citrobacter pasteurii	AJ233408	1505	7525	Enterobacteriaceae	Citrobacter freundii	7352.0	1483	2	4	1475	0.9972954699121027	0.9986495611073599	0.9946055293324343	0.9905869211331113	0.9863161
KP057683	1492	7454	Enterobacteriaceae	Citrobacter pasteurii	AF025364	1520	7594	Enterobacteriaceae	Citrobacter sedlakii	7123.0	1483	17	15	1449	0.9870572207084468	0.9898853674983142	0.9770734996628456	0.9562292650033716	0.9555943
FR870441	1504	7520	Enterobacteriaceae	Citrobacter amalonaticus	AF025368	1530	7650	Enterobacteriaceae	Citrobacter braakii	7211.0	1504	17	16	1468	0.9865591397849462	0.9893617021276596	0.976063829787234	0.9548869025137438	0.9589096
FR870441	1504	7520	Enterobacteriaceae	Citrobacter amalonaticus	LT615140	1320	6600	Enterobacteriaceae	Citrobacter europaeus	6317.0	1310	10	10	1283	0.9869230769230769	0.9923664122137404	0.9793893129770992	0.9645500809622947	0.9571212
FR870441	1504	7520	Enterobacteriaceae	Citrobacter amalonaticus	HQ992945	1494	7434	Enterobacteriaceae	Citrobacter koseri	7222.0	1492	9	9	1462	0.98583951449764	0.9939678284182306	0.9798927613941019	0.9681418821768507	0.9714824
FR870441	1504	7520	Enterobacteriaceae	Citrobacter amalonaticus	AF025367	1527	7635	Enterobacteriaceae	Citrobacter gillenii	7172.0	1504	18	17	1464	0.98453261600538	0.9886968085106383	0.973404255319149	0.9510197947829004	0.95372343
FR870441	1504	7520	Enterobacteriaceae	Citrobacter amalonaticus	AF025373	1521	7581	Enterobacteriaceae	Citrobacter werkmanii	7208.0	1504	17	17	1466	0.9858776059179556	0.9886968085106383	0.9747340425531915	0.9529451158951977	0.95851064
FR870441	1504	7520	Enterobacteriaceae	Citrobacter amalonaticus	AF025371	1511	7543	Enterobacteriaceae	Citrobacter farmeri	7451.0	1500	1	0	1494	0.996	1.0	0.996	0.9953364423717521	0.99082446
FR870441	1504	7520	Enterobacteriaceae	Citrobacter amalonaticus	AB273741	1490	7450	Enterobacteriaceae	Citrobacter youngae	7132.0	1480	21	20	1448	0.9917808219178083	0.9864864864864865	0.9783783783783784	0.9516538523866972	0.95731544
FR870441	1504	7520	Enterobacteriaceae	Citrobacter amalonaticus	AJ233408	1505	7525	Enterobacteriaceae	Citrobacter freundii	7177.0	1499	14	15	1462	0.9851752021563343	0.9906542056074766	0.9753168779186124	0.9566227672380838	0.9543883
FR870441	1504	7520	Enterobacteriaceae	Citrobacter amalonaticus	AF025364	1520	7594	Enterobacteriaceae	Citrobacter sedlakii	7345.0	1504	13	11	1483	0.9933020763563295	0.992686170212766	0.9860372340425532	0.9704374360089201	0.97672874
AF025368	1530	7650	Enterobacteriaceae	Citrobacter braakii	LT615140	1320	6600	Enterobacteriaceae	Citrobacter europaeus	6532.0	1321	6	7	1312	0.9984779299847792	0.9954545454545455	0.9931869795609387	0.9834571900098519	0.989697
AF025368	1530	7650	Enterobacteriaceae	Citrobacter braakii	HQ992945	1494	7434	Enterobacteriaceae	Citrobacter koseri	7159.0	1495	16	17	1455	0.9844384303112313	0.9892904953145917	0.9732441471571907	0.9519886495687147	0.9630078
AF025368	1530	7650	Enterobacteriaceae	Citrobacter braakii	AF025367	1527	7635	Enterobacteriaceae	Citrobacter gillenii	7518.0	1528	6	7	1514	0.9953977646285339	0.9960707269155207	0.9908376963350786	0.9824407667051201	0.9846758
AF025368	1530	7650	Enterobacteriaceae	Citrobacter braakii	AF025373	1521	7581	Enterobacteriaceae	Citrobacter werkmanii	7506.0	1522	5	6	1508	0.9947229551451188	0.9967126890203813	0.9908015768725361	0.9836641719310836	0.9901068
AF025368	1530	7650	Enterobacteriaceae	Citrobacter braakii	AF025371	1511	7543	Enterobacteriaceae	Citrobacter farmeri	7245.0	1511	17	17	1474	0.9866131191432396	0.9887491727332892	0.9755129053606882	0.9538064663670603	0.96049315
AF025368	1530	7650	Enterobacteriaceae	Citrobacter braakii	AB273741	1490	7450	Enterobacteriaceae	Citrobacter youngae	7265.0	1489	15	14	1468	0.9952542372881356	0.9905977165883143	0.9858965748824715	0.9668866010316791	0.9751678
AF025368	1530	7650	Enterobacteriaceae	Citrobacter braakii	AJ233408	1505	7525	Enterobacteriaceae	Citrobacter freundii	7466.0	1516	2	13	1500	0.998003992015968	0.998671096345515	0.9894459102902374	0.9796687767893457	0.9921595
AF025368	1530	7650	Enterobacteriaceae	Citrobacter braakii	AF025364	1520	7594	Enterobacteriaceae	Citrobacter sedlakii	7293.0	1519	15	14	1484	0.986046511627907	0.9907834101382489	0.9769585253456221	0.9584892963788535	0.96036345
LT615140	1320	6600	Enterobacteriaceae	Citrobacter europaeus	HQ992945	1494	7434	Enterobacteriaceae	Citrobacter koseri	6277.0	1312	18	18	1276	0.9860896445131375	0.9862804878048781	0.9725609756097561	0.9462360168714469	0.9510606
LT615140	1320	6600	Enterobacteriaceae	Citrobacter europaeus	AF025367	1527	7635	Enterobacteriaceae	Citrobacter gillenii	6452.0	1320	10	9	1303	0.9938977879481312	0.9931818181818182	0.9871212121212121	0.9730194805194805	0.9775758
LT615140	1320	6600	Enterobacteriaceae	Citrobacter europaeus	AF025373	1521	7581	Enterobacteriaceae	Citrobacter werkmanii	6519.0	1320	8	8	1310	0.9984756097560976	0.9939393939393939	0.9924242424242424	0.9804673238408178	0.9877273
LT615140	1320	6600	Enterobacteriaceae	Citrobacter europaeus	AF025371	1511	7543	Enterobacteriaceae	Citrobacter farmeri	6331.0	1320	11	10	1289	0.983969465648855	0.9924242424242424	0.9765151515151516	0.9611080754957539	0.9592424
LT615140	1320	6600	Enterobacteriaceae	Citrobacter europaeus	AB273741	1490	7450	Enterobacteriaceae	Citrobacter youngae	6204.0	1286	20	20	1259	0.9944707740916272	0.9844479004665629	0.97900466562986	0.9490198366672303	0.94
LT615140	1320	6600	Enterobacteriaceae	Citrobacter europaeus	AJ233408	1505	7525	Enterobacteriaceae	Citrobacter freundii	6493.0	1315	5	7	1305	0.9977064220183486	0.9961919268849961	0.9923954372623575	0.9833736605599724	0.9837879
LT615140	1320	6600	Enterobacteriaceae	Citrobacter europaeus	AF025364	1520	7594	Enterobacteriaceae	Citrobacter sedlakii	6293.0	1315	18	16	1282	0.9869130100076983	0.9878326996197718	0.9749049429657795	0.9500386503469974	0.95348483
HQ992945	1494	7434	Enterobacteriaceae	Citrobacter koseri	AF025367	1527	7635	Enterobacteriaceae	Citrobacter gillenii	7137.0	1494	18	17	1453	0.983750846310088	0.9886211512717537	0.9725568942436412	0.9500440031731865	0.96004844
HQ992945	1494	7434	Enterobacteriaceae	Citrobacter koseri	AF025373	1521	7581	Enterobacteriaceae	Citrobacter werkmanii	7174.0	1494	14	14	1455	0.9831081081081081	0.9906291834002677	0.9738955823293173	0.9558126404823538	0.96502554
HQ992945	1494	7434	Enterobacteriaceae	Citrobacter koseri	AF025371	1511	7543	Enterobacteriaceae	Citrobacter farmeri	7228.0	1494	8	7	1463	0.9838601210490922	0.9953145917001339	0.9792503346720214	0.9694708706107162	0.9722895
HQ992945	1494	7434	Enterobacteriaceae	Citrobacter koseri	AB273741	1490	7450	Enterobacteriaceae	Citrobacter youngae	7092.0	1468	16	16	1436	0.9889807162534435	0.989100817438692	0.9782016348773842	0.957108338168438	0.95399517
HQ992945	1494	7434	Enterobacteriaceae	Citrobacter koseri	AJ233408	1505	7525	Enterobacteriaceae	Citrobacter freundii	7152.0	1494	14	15	1454	0.9830966869506423	0.9906229068988613	0.9732262382864793	0.9545103490886623	0.9620662
HQ992945	1494	7434	Enterobacteriaceae	Citrobacter koseri	AF025364	1520	7594	Enterobacteriaceae	Citrobacter sedlakii	7268.0	1494	14	12	1468	0.99055330634278	0.9919678714859438	0.9825970548862115	0.9656557263536907	0.9776702
AF025367	1527	7635	Enterobacteriaceae	Citrobacter gillenii	AF025373	1521	7581	Enterobacteriaceae	Citrobacter werkmanii	7426.0	1521	8	8	1499	0.9907468605419696	0.9947403024326101	0.9855358316896778	0.9752228341049592	0.9795542
AF025367	1527	7635	Enterobacteriaceae	Citrobacter gillenii	AF025371	1511	7543	Enterobacteriaceae	Citrobacter farmeri	7206.0	1511	18	18	1470	0.9845947756195579	0.9880873593646592	0.9728656518861681	0.949959724176618	0.9553228
AF025367	1527	7635	Enterobacteriaceae	Citrobacter gillenii	AB273741	1490	7450	Enterobacteriaceae	Citrobacter youngae	7231.0	1489	15	14	1464	0.9925423728813559	0.9905977165883143	0.9832102081934184	0.9642520326364975	0.970604
AF025367	1527	7635	Enterobacteriaceae	Citrobacter gillenii	AJ233408	1505	7525	Enterobacteriaceae	Citrobacter freundii	7392.0	1508	6	11	1490	0.9953239812959251	0.9960079840319361	0.9880636604774535	0.9769691543822642	0.98232555
AF025367	1527	7635	Enterobacteriaceae	Citrobacter gillenii	AF025364	1520	7594	Enterobacteriaceae	Citrobacter sedlakii	7260.0	1519	16	15	1480	0.9840425531914894	0.990125082290981	0.9743252139565504	0.9546482878114995	0.9560179
AF025373	1521	7581	Enterobacteriaceae	Citrobacter werkmanii	AF025371	1511	7543	Enterobacteriaceae	Citrobacter farmeri	7246.0	1510	12	11	1475	0.9839893262174784	0.9927152317880795	0.9768211920529801	0.9620597679943608	0.96062577
AF025373	1521	7581	Enterobacteriaceae	Citrobacter werkmanii	AB273741	1490	7450	Enterobacteriaceae	Citrobacter youngae	7161.0	1483	19	18	1452	0.9911262798634812	0.987862440997977	0.9790964261631827	0.9549775395000417	0.96120805
AF025373	1521	7581	Enterobacteriaceae	Citrobacter werkmanii	AJ233408	1505	7525	Enterobacteriaceae	Citrobacter freundii	7414.0	1507	0	4	1491	0.9920159680638723	1.0	0.9893828798938288	0.9867567806771232	0.98524916
AF025373	1521	7581	Enterobacteriaceae	Citrobacter werkmanii	AF025364	1520	7594	Enterobacteriaceae	Citrobacter sedlakii	7258.0	1512	18	16	1476	0.9866310160427807	0.9894179894179894	0.9761904761904762	0.9544973544973544	0.95739347
AF025371	1511	7543	Enterobacteriaceae	Citrobacter farmeri	AB273741	1490	7450	Enterobacteriaceae	Citrobacter youngae	7117.0	1476	18	18	1444	0.99039780521262	0.9878048780487805	0.978319783197832	0.9547458125183662	0.955302
AF025371	1511	7543	Enterobacteriaceae	Citrobacter farmeri	AJ233408	1505	7525	Enterobacteriaceae	Citrobacter freundii	7199.0	1508	11	16	1467	0.9832439678284183	0.9926813040585496	0.9728116710875332	0.9555200877304802	0.95667773
AF025371	1511	7543	Enterobacteriaceae	Citrobacter farmeri	AF025364	1520	7594	Enterobacteriaceae	Citrobacter sedlakii	7378.0	1506	11	10	1487	0.9939839572192514	0.9933598937583001	0.9873837981407703	0.9737153342245171	0.9781254
AB273741	1490	7450	Enterobacteriaceae	Citrobacter youngae	AJ233408	1505	7525	Enterobacteriaceae	Citrobacter freundii	7184.0	1475	19	16	1453	0.995887594242632	0.9891525423728813	0.9850847457627119	0.9620071245433713	0.9642953
AB273741	1490	7450	Enterobacteriaceae	Citrobacter youngae	AF025364	1520	7594	Enterobacteriaceae	Citrobacter sedlakii	7257.0	1490	8	9	1467	0.9905469277515192	0.9946272666218939	0.9845637583892617	0.9733904714115464	0.974094
AJ233408	1505	7525	Enterobacteriaceae	Citrobacter freundii	AF025364	1520	7594	Enterobacteriaceae	Citrobacter sedlakii	7190.0	1502	20	16	1466	0.9865410497981157	0.9893475366178429	0.9760319573901465	0.952945787570143	0.9554817
