U30254	1490	7450	Microbacteriaceae	Clavibacter michiganensis subsp. tessellarius	KF663872	1360	6800	Microbacteriaceae	Clavibacter michiganensis subsp. chilensis	6782.0	1360	0	0	1358	0.9985294117647059	1.0	0.9985294117647059	0.9985294117647059	0.99735296
U30254	1490	7450	Microbacteriaceae	Clavibacter michiganensis subsp. tessellarius	X77434	1471	7355	Microbacteriaceae	Clavibacter michiganensis subsp. nebraskensis	7289.0	1465	0	0	1461	0.9972696245733789	1.0	0.9972696245733789	0.9972696245733789	0.9910265
U30254	1490	7450	Microbacteriaceae	Clavibacter michiganensis subsp. tessellarius	AM849034	1518	7590	Microbacteriaceae	Clavibacter michiganensis subsp. sepedonicus	7387.0	1490	0	0	1483	0.9953020134228188	1.0	0.9953020134228188	0.9953020134228188	0.99154365
U30254	1490	7450	Microbacteriaceae	Clavibacter michiganensis subsp. tessellarius	CP012573	1529	7645	Microbacteriaceae	Clavibacter michiganensis subsp. capsici	7414.0	1490	0	0	1486	0.9973154362416108	1.0	0.9973154362416108	0.9973154362416108	0.9951678
U30254	1490	7450	Microbacteriaceae	Clavibacter michiganensis subsp. tessellarius	X77435	1471	7355	Microbacteriaceae	Clavibacter michiganensis subsp. michiganensis	7289.0	1465	0	0	1461	0.9972696245733789	1.0	0.9972696245733789	0.9972696245733789	0.9910265
U30254	1490	7450	Microbacteriaceae	Clavibacter michiganensis subsp. tessellarius	U09761	1471	7343	Microbacteriaceae	Clavibacter michiganensis subsp. insidiosus	7294.0	1472	0	1	1464	0.9952413324269205	1.0	0.9945652173913043	0.9938895616729679	0.99332696
U30254	1490	7450	Microbacteriaceae	Clavibacter michiganensis subsp. tessellarius	KF663871	1377	6885	Microbacteriaceae	Clavibacter michiganensis subsp. californiensis	6867.0	1377	0	0	1375	0.9985475671750181	1.0	0.9985475671750181	0.9985475671750181	0.9973856
KF663872	1360	6800	Microbacteriaceae	Clavibacter michiganensis subsp. chilensis	X77434	1471	7355	Microbacteriaceae	Clavibacter michiganensis subsp. nebraskensis	6764.0	1360	0	0	1356	0.9970588235294118	1.0	0.9970588235294118	0.9970588235294118	0.99470586
KF663872	1360	6800	Microbacteriaceae	Clavibacter michiganensis subsp. chilensis	AM849034	1518	7590	Microbacteriaceae	Clavibacter michiganensis subsp. sepedonicus	6746.0	1360	0	0	1354	0.9955882352941177	1.0	0.9955882352941177	0.9955882352941177	0.9920588
KF663872	1360	6800	Microbacteriaceae	Clavibacter michiganensis subsp. chilensis	CP012573	1529	7645	Microbacteriaceae	Clavibacter michiganensis subsp. capsici	6782.0	1360	0	0	1358	0.9985294117647059	1.0	0.9985294117647059	0.9985294117647059	0.99735296
KF663872	1360	6800	Microbacteriaceae	Clavibacter michiganensis subsp. chilensis	X77435	1471	7355	Microbacteriaceae	Clavibacter michiganensis subsp. michiganensis	6764.0	1360	0	0	1356	0.9970588235294118	1.0	0.9970588235294118	0.9970588235294118	0.99470586
KF663872	1360	6800	Microbacteriaceae	Clavibacter michiganensis subsp. chilensis	U09761	1471	7343	Microbacteriaceae	Clavibacter michiganensis subsp. insidiosus	6766.0	1360	0	0	1356	0.9970588235294118	1.0	0.9970588235294118	0.9970588235294118	0.995
KF663872	1360	6800	Microbacteriaceae	Clavibacter michiganensis subsp. chilensis	KF663871	1377	6885	Microbacteriaceae	Clavibacter michiganensis subsp. californiensis	6800.0	1360	0	0	1360	1.0	1.0	1.0	1.0	1.0
X77434	1471	7355	Microbacteriaceae	Clavibacter michiganensis subsp. nebraskensis	AM849034	1518	7590	Microbacteriaceae	Clavibacter michiganensis subsp. sepedonicus	7283.0	1471	0	0	1463	0.9945615227736234	1.0	0.9945615227736234	0.9945615227736234	0.9902107
X77434	1471	7355	Microbacteriaceae	Clavibacter michiganensis subsp. nebraskensis	CP012573	1529	7645	Microbacteriaceae	Clavibacter michiganensis subsp. capsici	7301.0	1471	0	0	1465	0.9959211420802175	1.0	0.9959211420802175	0.9959211420802175	0.9926581
X77434	1471	7355	Microbacteriaceae	Clavibacter michiganensis subsp. nebraskensis	X77435	1471	7355	Microbacteriaceae	Clavibacter michiganensis subsp. michiganensis	7301.0	1471	0	0	1465	0.9959211420802175	1.0	0.9959211420802175	0.9959211420802175	0.9926581
X77434	1471	7355	Microbacteriaceae	Clavibacter michiganensis subsp. nebraskensis	U09761	1471	7343	Microbacteriaceae	Clavibacter michiganensis subsp. insidiosus	7158.0	1447	0	1	1438	0.9944674965421854	1.0	0.9937802349689012	0.9930934483517838	0.97480595
X77434	1471	7355	Microbacteriaceae	Clavibacter michiganensis subsp. nebraskensis	KF663871	1377	6885	Microbacteriaceae	Clavibacter michiganensis subsp. californiensis	6849.0	1377	0	0	1373	0.9970951343500363	1.0	0.9970951343500363	0.9970951343500363	0.99477124
AM849034	1518	7590	Microbacteriaceae	Clavibacter michiganensis subsp. sepedonicus	CP012573	1529	7645	Microbacteriaceae	Clavibacter michiganensis subsp. capsici	7545.0	1518	0	0	1513	0.9967061923583662	1.0	0.9967061923583662	0.9967061923583662	0.9940711
AM849034	1518	7590	Microbacteriaceae	Clavibacter michiganensis subsp. sepedonicus	X77435	1471	7355	Microbacteriaceae	Clavibacter michiganensis subsp. michiganensis	7301.0	1471	0	0	1465	0.9959211420802175	1.0	0.9959211420802175	0.9959211420802175	0.9926581
AM849034	1518	7590	Microbacteriaceae	Clavibacter michiganensis subsp. sepedonicus	U09761	1471	7343	Microbacteriaceae	Clavibacter michiganensis subsp. insidiosus	7284.0	1472	2	3	1463	0.9959155888359428	0.9986403806934059	0.9938858695652174	0.9905144792342634	0.9919651
AM849034	1518	7590	Microbacteriaceae	Clavibacter michiganensis subsp. sepedonicus	KF663871	1377	6885	Microbacteriaceae	Clavibacter michiganensis subsp. californiensis	6831.0	1377	0	0	1371	0.9956427015250545	1.0	0.9956427015250545	0.9956427015250545	0.99215686
CP012573	1529	7645	Microbacteriaceae	Clavibacter michiganensis subsp. capsici	X77435	1471	7355	Microbacteriaceae	Clavibacter michiganensis subsp. michiganensis	7301.0	1471	0	0	1465	0.9959211420802175	1.0	0.9959211420802175	0.9959211420802175	0.9926581
CP012573	1529	7645	Microbacteriaceae	Clavibacter michiganensis subsp. capsici	U09761	1471	7343	Microbacteriaceae	Clavibacter michiganensis subsp. insidiosus	7302.0	1472	2	3	1465	0.9972770592239619	0.9986403806934059	0.9952445652173914	0.9918685660138046	0.9944165
CP012573	1529	7645	Microbacteriaceae	Clavibacter michiganensis subsp. capsici	KF663871	1377	6885	Microbacteriaceae	Clavibacter michiganensis subsp. californiensis	6867.0	1377	0	0	1375	0.9985475671750181	1.0	0.9985475671750181	0.9985475671750181	0.9973856
X77435	1471	7355	Microbacteriaceae	Clavibacter michiganensis subsp. michiganensis	U09761	1471	7343	Microbacteriaceae	Clavibacter michiganensis subsp. insidiosus	7176.0	1447	0	1	1440	0.995850622406639	1.0	0.995162404975812	0.9944746631617306	0.97725725
X77435	1471	7355	Microbacteriaceae	Clavibacter michiganensis subsp. michiganensis	KF663871	1377	6885	Microbacteriaceae	Clavibacter michiganensis subsp. californiensis	6849.0	1377	0	0	1373	0.9970951343500363	1.0	0.9970951343500363	0.9970951343500363	0.99477124
U09761	1471	7343	Microbacteriaceae	Clavibacter michiganensis subsp. insidiosus	KF663871	1377	6885	Microbacteriaceae	Clavibacter michiganensis subsp. californiensis	6844.0	1376	1	0	1372	0.997093023255814	1.0	0.997093023255814	0.9963689179375453	0.994045
