AF233877	1442	7210	Comamonadaceae	Comamonas denitrificans	EU515237	1402	7010	Comamonadaceae	Comamonas guangdongensis	6588.0	1404	23	25	1353	0.981145757795504	0.9835948644793152	0.9636752136752137	0.931260069837505	0.93980026
AF233877	1442	7210	Comamonadaceae	Comamonas denitrificans	GQ497244	1487	7435	Comamonadaceae	Comamonas terrae	6759.0	1442	34	27	1391	0.9830388692579505	0.9812760055478502	0.9646324549237171	0.9247662084803928	0.93744797
AF233877	1442	7210	Comamonadaceae	Comamonas denitrificans	GQ245981	1453	7265	Comamonadaceae	Comamonas zonglianii	6708.0	1442	31	31	1383	0.9801559177888023	0.978502080443828	0.9590846047156727	0.9187158026163029	0.9303745
AF233877	1442	7210	Comamonadaceae	Comamonas denitrificans	LT009500	1454	7270	Comamonadaceae	Comamonas sediminis	6731.0	1440	23	25	1385	0.9787985865724381	0.9840055632823366	0.9618055555555556	0.930249392420445	0.9335645
AF233877	1442	7210	Comamonadaceae	Comamonas denitrificans	JN604116	1409	7045	Comamonadaceae	Comamonas serinivorans	6503.0	1409	33	33	1346	0.9781976744186046	0.9765791341376863	0.9552874378992193	0.9115641571077157	0.923066
AF233877	1442	7210	Comamonadaceae	Comamonas denitrificans	AB164432	1496	7480	Comamonadaceae	Comamonas badia	6558.0	1442	43	41	1366	0.9750178443968593	0.9715672676837726	0.9472954230235784	0.8937110354586083	0.90957004
AF233877	1442	7210	Comamonadaceae	Comamonas denitrificans	M11224	1536	7680	Comamonadaceae	Comamonas testosteroni	6778.0	1442	29	27	1392	0.9837455830388693	0.9812760055478502	0.9653259361997226	0.9285766143593525	0.9400832
AF233877	1442	7210	Comamonadaceae	Comamonas denitrificans	AF275377	1464	7284	Comamonadaceae	Comamonas koreensis	6711.0	1442	27	27	1383	0.9773851590106007	0.9812760055478502	0.9590846047156727	0.9238289419146881	0.93079054
AF233877	1442	7210	Comamonadaceae	Comamonas denitrificans	AJ430344	1345	6707	Comamonadaceae	Comamonas aquatica	6321.0	1350	18	23	1298	0.9781461944235117	0.9866171003717472	0.9614814814814815	0.9326651505306476	0.9424482
AF233877	1442	7210	Comamonadaceae	Comamonas denitrificans	AJ251577	1498	7490	Comamonadaceae	Comamonas nitrativorans	6938.0	1442	20	20	1410	0.9915611814345991	0.986130374479889	0.9778085991678225	0.9510559699156248	0.9622746
AF233877	1442	7210	Comamonadaceae	Comamonas denitrificans	AB907700	1453	7265	Comamonadaceae	Comamonas humi	6671.0	1442	33	33	1379	0.978708303761533	0.9771151178918169	0.9563106796116505	0.9135198288629258	0.9252427
AF233877	1442	7210	Comamonadaceae	Comamonas denitrificans	EF015884	1472	7360	Comamonadaceae	Comamonas composti	6741.0	1442	30	28	1388	0.9816124469589816	0.9805825242718447	0.9625520110957004	0.924625369354158	0.9349515
AF233877	1442	7210	Comamonadaceae	Comamonas denitrificans	DQ453128	1453	7265	Comamonadaceae	Comamonas odontotermitis	6755.0	1442	27	28	1389	0.9823196605374823	0.981263011797363	0.963245492371706	0.9271811614796407	0.9368932
AF233877	1442	7210	Comamonadaceae	Comamonas denitrificans	AB187586	1443	7215	Comamonadaceae	Comamonas granuli	6701.0	1433	33	35	1378	0.9856938483547926	0.9769392033542977	0.9616189811584089	0.9170145536558362	0.9294036
AF233877	1442	7210	Comamonadaceae	Comamonas denitrificans	JQ246447	1490	7450	Comamonadaceae	Comamonas phosphati	6838.0	1442	18	20	1399	0.9838255977496484	0.9875	0.9701803051317615	0.9449290369160033	0.94840497
AF233877	1442	7210	Comamonadaceae	Comamonas denitrificans	KM263565	1423	7115	Comamonadaceae	Comamonas piscis	6546.0	1414	30	28	1353	0.9761904761904762	0.9801980198019802	0.9568599717114569	0.9184265379446532	0.9200281
AF233877	1442	7210	Comamonadaceae	Comamonas denitrificans	AF078772	1519	7595	Comamonadaceae	Comamonas terrigena	6680.0	1442	24	24	1381	0.9739069111424542	0.9833564493758669	0.9576976421636616	0.9263405570177845	0.92649096
AF233877	1442	7210	Comamonadaceae	Comamonas denitrificans	JQ941713	1440	7200	Comamonadaceae	Comamonas jiangduensis	6789.0	1429	21	19	1388	0.9843971631205674	0.986703988803359	0.9713086074177747	0.9445138872131464	0.9429167
AF233877	1442	7210	Comamonadaceae	Comamonas denitrificans	DQ322069	1450	7250	Comamonadaceae	Comamonas thiooxydans	6737.0	1434	29	30	1383	0.9850427350427351	0.9797627355198884	0.9644351464435147	0.9255413162041658	0.9343967
AF233877	1442	7210	Comamonadaceae	Comamonas denitrificans	AJ430347	1345	6725	Comamonadaceae	Comamonas kerstersii	6259.0	1340	31	26	1290	0.9817351598173516	0.9805970149253731	0.9626865671641791	0.9226623991639178	0.9307063
EU515237	1402	7010	Comamonadaceae	Comamonas guangdongensis	GQ497244	1487	7435	Comamonadaceae	Comamonas terrae	6728.0	1402	28	19	1371	0.9913232104121475	0.9864479315263909	0.9778887303851641	0.945748331554323	0.95977175
EU515237	1402	7010	Comamonadaceae	Comamonas guangdongensis	GQ245981	1453	7265	Comamonadaceae	Comamonas zonglianii	6671.0	1402	27	25	1362	0.9891067538126361	0.9821683309557775	0.9714693295292439	0.9361184511978788	0.9516405
EU515237	1402	7010	Comamonadaceae	Comamonas guangdongensis	LT009500	1454	7270	Comamonadaceae	Comamonas sediminis	6796.0	1402	16	15	1377	0.992790194664744	0.9893009985734664	0.9821683309557775	0.9606963857797345	0.96947217
EU515237	1402	7010	Comamonadaceae	Comamonas guangdongensis	JN604116	1409	7045	Comamonadaceae	Comamonas serinivorans	6589.0	1397	30	27	1351	0.9861313868613139	0.98067287043665	0.9670722977809592	0.9284436215556511	0.93994296
EU515237	1402	7010	Comamonadaceae	Comamonas guangdongensis	AB164432	1496	7480	Comamonadaceae	Comamonas badia	6362.0	1402	41	37	1327	0.9721611721611721	0.9736091298145506	0.9465049928673324	0.8953425608204495	0.90756065
EU515237	1402	7010	Comamonadaceae	Comamonas guangdongensis	M11224	1536	7680	Comamonadaceae	Comamonas testosteroni	6830.0	1402	18	14	1381	0.9949567723342939	0.9900142653352354	0.985021398002853	0.9628237326957466	0.9743224
EU515237	1402	7010	Comamonadaceae	Comamonas guangdongensis	AF275377	1464	7284	Comamonadaceae	Comamonas koreensis	6750.0	1402	16	14	1371	0.9877521613832853	0.9900142653352354	0.9778887303851641	0.9571999702218673	0.9629101
EU515237	1402	7010	Comamonadaceae	Comamonas guangdongensis	AJ430344	1345	6707	Comamonadaceae	Comamonas aquatica	6286.0	1325	18	21	1283	0.9838957055214724	0.9863842662632375	0.9683018867924529	0.9401829191194032	0.93722975
EU515237	1402	7010	Comamonadaceae	Comamonas guangdongensis	AJ251577	1498	7490	Comamonadaceae	Comamonas nitrativorans	6560.0	1402	27	25	1350	0.9803921568627451	0.9821683309557775	0.9629101283880172	0.9278707115397479	0.935806
EU515237	1402	7010	Comamonadaceae	Comamonas guangdongensis	AB907700	1453	7265	Comamonadaceae	Comamonas humi	6631.0	1402	33	31	1357	0.9897884755652808	0.9778887303851641	0.9679029957203994	0.9247351966081306	0.94593436
EU515237	1402	7010	Comamonadaceae	Comamonas guangdongensis	EF015884	1472	7360	Comamonadaceae	Comamonas composti	6650.0	1402	31	27	1360	0.9890909090909091	0.9807417974322397	0.9700427960057061	0.9307807707661171	0.9486448
EU515237	1402	7010	Comamonadaceae	Comamonas guangdongensis	DQ453128	1453	7265	Comamonadaceae	Comamonas odontotermitis	6694.0	1402	28	26	1365	0.9920058139534884	0.9814550641940085	0.9736091298145506	0.9368434703670082	0.95492154
EU515237	1402	7010	Comamonadaceae	Comamonas guangdongensis	AB187586	1443	7215	Comamonadaceae	Comamonas granuli	6728.0	1402	20	16	1370	0.9884559884559885	0.9885877318116976	0.9771754636233951	0.9524368442911573	0.95977175
EU515237	1402	7010	Comamonadaceae	Comamonas guangdongensis	JQ246447	1490	7450	Comamonadaceae	Comamonas phosphati	6692.0	1402	26	26	1364	0.9912790697674418	0.9814550641940085	0.9728958630527818	0.9374682826054815	0.9546362
EU515237	1402	7010	Comamonadaceae	Comamonas guangdongensis	KM263565	1423	7115	Comamonadaceae	Comamonas piscis	6634.0	1387	22	18	1352	0.987582176771366	0.9870223503965393	0.9747656813266041	0.9470931282726197	0.9463623
EU515237	1402	7010	Comamonadaceae	Comamonas guangdongensis	AF078772	1519	7595	Comamonadaceae	Comamonas terrigena	6606.0	1402	24	22	1355	0.9818840579710145	0.9843081312410842	0.9664764621968617	0.9352998021259952	0.94236803
EU515237	1402	7010	Comamonadaceae	Comamonas guangdongensis	JQ941713	1440	7200	Comamonadaceae	Comamonas jiangduensis	6737.0	1402	23	19	1370	0.9906001446131598	0.9864479315263909	0.9771754636233951	0.9483745025902846	0.96105564
EU515237	1402	7010	Comamonadaceae	Comamonas guangdongensis	DQ322069	1450	7250	Comamonadaceae	Comamonas thiooxydans	6839.0	1402	18	14	1382	0.9956772334293948	0.9900142653352354	0.985734664764622	0.9635209258403489	0.97560626
EU515237	1402	7010	Comamonadaceae	Comamonas guangdongensis	AJ430347	1345	6725	Comamonadaceae	Comamonas kerstersii	6207.0	1321	37	30	1275	0.9876065065840434	0.9772899318697956	0.9651778955336866	0.9175586621016122	0.922974
GQ497244	1487	7435	Comamonadaceae	Comamonas terrae	GQ245981	1453	7265	Comamonadaceae	Comamonas zonglianii	6877.0	1460	26	33	1409	0.9873861247372109	0.9821059876118375	0.9650684931506849	0.9267515072180533	0.9465933
GQ497244	1487	7435	Comamonadaceae	Comamonas terrae	LT009500	1454	7270	Comamonadaceae	Comamonas sediminis	6911.0	1461	28	36	1413	0.991578947368421	0.9807295251204404	0.9671457905544147	0.9255760587911624	0.950619
GQ497244	1487	7435	Comamonadaceae	Comamonas terrae	JN604116	1409	7045	Comamonadaceae	Comamonas serinivorans	6589.0	1416	29	36	1357	0.9833333333333333	0.9794180269694819	0.9583333333333334	0.9152249134948097	0.93527323
GQ497244	1487	7435	Comamonadaceae	Comamonas terrae	AB164432	1496	7480	Comamonadaceae	Comamonas badia	6707.0	1485	44	47	1401	0.9742698191933241	0.970310391363023	0.9434343434343434	0.8872848828375316	0.9020847
GQ497244	1487	7435	Comamonadaceae	Comamonas terrae	M11224	1536	7680	Comamonadaceae	Comamonas testosteroni	7075.0	1487	30	30	1444	0.9910775566231984	0.9798251513113652	0.9710827168796234	0.9326746990729146	0.95158035
GQ497244	1487	7435	Comamonadaceae	Comamonas terrae	AF275377	1464	7284	Comamonadaceae	Comamonas koreensis	6913.0	1459	25	30	1412	0.9881035689293212	0.982806052269601	0.9677861549006168	0.9319180696448661	0.94906646
GQ497244	1487	7435	Comamonadaceae	Comamonas terrae	AJ430344	1345	6707	Comamonadaceae	Comamonas aquatica	6414.0	1357	16	28	1310	0.9857035364936042	0.9881040892193309	0.9653647752394989	0.9344281036367764	0.9563143
GQ497244	1487	7435	Comamonadaceae	Comamonas terrae	AJ251577	1498	7490	Comamonadaceae	Comamonas nitrativorans	6849.0	1462	22	27	1408	0.981184668989547	0.9849004804392587	0.9630642954856361	0.931265002710167	0.9211836
GQ497244	1487	7435	Comamonadaceae	Comamonas terrae	AB907700	1453	7265	Comamonadaceae	Comamonas humi	6794.0	1460	35	42	1399	0.9866008462623413	0.9759119064005506	0.9582191780821918	0.9088660832913366	0.9351686
GQ497244	1487	7435	Comamonadaceae	Comamonas terrae	EF015884	1472	7360	Comamonadaceae	Comamonas composti	6966.0	1473	23	26	1426	0.9854872149274361	0.9843537414965986	0.9680923285811269	0.9363834220968521	0.9464674
GQ497244	1487	7435	Comamonadaceae	Comamonas terrae	DQ453128	1453	7265	Comamonadaceae	Comamonas odontotermitis	6967.0	1458	25	31	1418	0.9936930623686054	0.9827823691460055	0.9725651577503429	0.9358398382398782	0.9589814
GQ497244	1487	7435	Comamonadaceae	Comamonas terrae	AB187586	1443	7215	Comamonadaceae	Comamonas granuli	6776.0	1455	29	41	1394	0.9858557284299858	0.9799029799029799	0.9580756013745705	0.9128833560267133	0.93915457
GQ497244	1487	7435	Comamonadaceae	Comamonas terrae	JQ246447	1490	7450	Comamonadaceae	Comamonas phosphati	7225.0	1485	12	19	1460	0.9959072305593452	0.9918809201623816	0.9831649831649831	0.9628055212557551	0.9717552
GQ497244	1487	7435	Comamonadaceae	Comamonas terrae	KM263565	1423	7115	Comamonadaceae	Comamonas piscis	6736.0	1428	31	36	1379	0.9906609195402298	0.9782150386507379	0.9656862745098039	0.92134016046446	0.9467323
GQ497244	1487	7435	Comamonadaceae	Comamonas terrae	AF078772	1519	7595	Comamonadaceae	Comamonas terrigena	6969.0	1487	27	28	1432	0.9814941740918437	0.9818304172274562	0.9630127774041695	0.9280288257811647	0.93732345
GQ497244	1487	7435	Comamonadaceae	Comamonas terrae	JQ941713	1440	7200	Comamonadaceae	Comamonas jiangduensis	6880.0	1445	25	30	1403	0.9915194346289753	0.9826388888888888	0.9709342560553633	0.9346067838900267	0.95555556
GQ497244	1487	7435	Comamonadaceae	Comamonas terrae	DQ322069	1450	7250	Comamonadaceae	Comamonas thiooxydans	6889.0	1447	27	30	1405	0.9915314043754411	0.9813019390581718	0.9709744298548721	0.9334265719839577	0.9502069
GQ497244	1487	7435	Comamonadaceae	Comamonas terrae	AJ430347	1345	6725	Comamonadaceae	Comamonas kerstersii	6390.0	1347	23	25	1306	0.9878971255673222	0.9828996282527881	0.9695619896065331	0.9355919344962311	0.9501859
GQ245981	1453	7265	Comamonadaceae	Comamonas zonglianii	LT009500	1454	7270	Comamonadaceae	Comamonas sediminis	6847.0	1447	21	25	1401	0.9852320675105485	0.9854469854469855	0.9682100898410505	0.9378710815762764	0.9424639
GQ245981	1453	7265	Comamonadaceae	Comamonas zonglianii	JN604116	1409	7045	Comamonadaceae	Comamonas serinivorans	6635.0	1409	27	27	1361	0.9848046309696092	0.9808374733853797	0.9659332860184529	0.9296098894690125	0.9418027
GQ245981	1453	7265	Comamonadaceae	Comamonas zonglianii	AB164432	1496	7480	Comamonadaceae	Comamonas badia	6716.0	1453	31	29	1390	0.976123595505618	0.9800412938747419	0.956641431520991	0.9179632065268808	0.9244322
GQ245981	1453	7265	Comamonadaceae	Comamonas zonglianii	M11224	1536	7680	Comamonadaceae	Comamonas testosteroni	6817.0	1453	36	34	1400	0.9866102889358703	0.9766001376462491	0.9635237439779766	0.9182271274041295	0.93833447
GQ245981	1453	7265	Comamonadaceae	Comamonas zonglianii	AF275377	1464	7284	Comamonadaceae	Comamonas koreensis	6794.0	1445	22	22	1394	0.9796205200281096	0.9847750865051903	0.9647058823529412	0.935771281927904	0.9351686
GQ245981	1453	7265	Comamonadaceae	Comamonas zonglianii	AJ430344	1345	6707	Comamonadaceae	Comamonas aquatica	6357.0	1350	20	25	1302	0.9826415094339622	0.9851301115241635	0.9644444444444444	0.9327656123276561	0.9478157
GQ245981	1453	7265	Comamonadaceae	Comamonas zonglianii	AJ251577	1498	7490	Comamonadaceae	Comamonas nitrativorans	6847.0	1448	22	22	1403	0.9838709677419355	0.9848066298342542	0.9689226519337016	0.9399208854812644	0.9424639
GQ245981	1453	7265	Comamonadaceae	Comamonas zonglianii	AB907700	1453	7265	Comamonadaceae	Comamonas humi	7160.0	1453	7	7	1441	0.9965421853388658	0.9951823812801102	0.9917412250516173	0.9822313776881086	0.9855471
GQ245981	1453	7265	Comamonadaceae	Comamonas zonglianii	EF015884	1472	7360	Comamonadaceae	Comamonas composti	6842.0	1453	30	28	1404	0.9852631578947368	0.9807295251204404	0.9662766689607708	0.9284856731416713	0.9417756
GQ245981	1453	7265	Comamonadaceae	Comamonas zonglianii	DQ453128	1453	7265	Comamonadaceae	Comamonas odontotermitis	6927.0	1444	21	22	1409	0.990857946554149	0.9854469854469855	0.9757617728531855	0.9471216662097132	0.9534756
GQ245981	1453	7265	Comamonadaceae	Comamonas zonglianii	AB187586	1443	7215	Comamonadaceae	Comamonas granuli	6811.0	1442	25	27	1395	0.9858657243816255	0.9826388888888888	0.9674063800277393	0.9331152199994895	0.94400555
GQ245981	1453	7265	Comamonadaceae	Comamonas zonglianii	JQ246447	1490	7450	Comamonadaceae	Comamonas phosphati	6901.0	1453	23	25	1410	0.9873949579831933	0.9841488628532047	0.9704060564349621	0.9388481359004919	0.94989675
GQ245981	1453	7265	Comamonadaceae	Comamonas zonglianii	KM263565	1423	7115	Comamonadaceae	Comamonas piscis	6712.0	1421	20	18	1376	0.9807555238774056	0.9873328641801549	0.9683321604503871	0.9427966836307378	0.9433591
GQ245981	1453	7265	Comamonadaceae	Comamonas zonglianii	AF078772	1519	7595	Comamonadaceae	Comamonas terrigena	6888.0	1453	22	22	1409	0.9846261355695318	0.9848589125946318	0.9697178251892636	0.9407906493870076	0.94810736
GQ245981	1453	7265	Comamonadaceae	Comamonas zonglianii	JQ941713	1440	7200	Comamonadaceae	Comamonas jiangduensis	6820.0	1438	26	24	1395	0.9865629420084866	0.9833101529902643	0.9700973574408901	0.9369656170911329	0.94722223
GQ245981	1453	7265	Comamonadaceae	Comamonas zonglianii	DQ322069	1450	7250	Comamonadaceae	Comamonas thiooxydans	6731.0	1436	36	37	1382	0.9878484631879915	0.9749128919860627	0.9623955431754875	0.9146680468087682	0.9284138
GQ245981	1453	7265	Comamonadaceae	Comamonas zonglianii	AJ430347	1345	6725	Comamonadaceae	Comamonas kerstersii	6331.0	1340	28	23	1298	0.9855732725892179	0.9828358208955223	0.9686567164179104	0.9325445142707515	0.9414126
LT009500	1454	7270	Comamonadaceae	Comamonas sediminis	JN604116	1409	7045	Comamonadaceae	Comamonas serinivorans	6567.0	1408	32	31	1353	0.9825708061002179	0.9779829545454546	0.9609375	0.918896484375	0.9321505
LT009500	1454	7270	Comamonadaceae	Comamonas sediminis	AB164432	1496	7480	Comamonadaceae	Comamonas badia	6614.0	1454	49	37	1380	0.9738884968242767	0.9745529573590096	0.9491059147180193	0.8947991225252384	0.90976614
LT009500	1454	7270	Comamonadaceae	Comamonas sediminis	M11224	1536	7680	Comamonadaceae	Comamonas testosteroni	6920.0	1454	41	29	1414	0.992280701754386	0.9800550206327373	0.9724896836313618	0.9269550496151776	0.951857
LT009500	1454	7270	Comamonadaceae	Comamonas sediminis	AF275377	1464	7284	Comamonadaceae	Comamonas koreensis	7105.0	1454	17	9	1435	0.9930795847750865	0.9938101788170564	0.9869325997248969	0.9694885157052862	0.977304
LT009500	1454	7270	Comamonadaceae	Comamonas sediminis	AJ430344	1345	6707	Comamonadaceae	Comamonas aquatica	6343.0	1347	23	25	1299	0.9826021180030258	0.9828996282527881	0.9643652561247216	0.9305772763480891	0.94572836
LT009500	1454	7270	Comamonadaceae	Comamonas sediminis	AJ251577	1498	7490	Comamonadaceae	Comamonas nitrativorans	6778.0	1454	34	24	1399	0.9783216783216783	0.9834938101788171	0.9621733149931224	0.9246692476076378	0.93232465
LT009500	1454	7270	Comamonadaceae	Comamonas sediminis	AB907700	1453	7265	Comamonadaceae	Comamonas humi	6817.0	1443	31	27	1397	0.9865819209039548	0.9812889812889813	0.9681219681219682	0.9300276165947807	0.93833447
LT009500	1454	7270	Comamonadaceae	Comamonas sediminis	EF015884	1472	7360	Comamonadaceae	Comamonas composti	6843.0	1453	31	26	1405	0.98458304134548	0.9821059876118375	0.9669649002064694	0.9298240650907222	0.94126546
LT009500	1454	7270	Comamonadaceae	Comamonas sediminis	DQ453128	1453	7265	Comamonadaceae	Comamonas odontotermitis	6964.0	1450	27	27	1416	0.9950808151791989	0.9813793103448276	0.976551724137931	0.940848411271683	0.95856845
LT009500	1454	7270	Comamonadaceae	Comamonas sediminis	AB187586	1443	7215	Comamonadaceae	Comamonas granuli	6804.0	1432	17	15	1392	0.9823570924488356	0.9895251396648045	0.9720670391061452	0.9505997200920688	0.94303536
LT009500	1454	7270	Comamonadaceae	Comamonas sediminis	JQ246447	1490	7450	Comamonadaceae	Comamonas phosphati	6933.0	1454	30	26	1415	0.9908963585434174	0.9821182943603851	0.9731774415405777	0.9364537645013107	0.9536451
LT009500	1454	7270	Comamonadaceae	Comamonas sediminis	KM263565	1423	7115	Comamonadaceae	Comamonas piscis	6840.0	1413	15	9	1388	0.9886039886039886	0.9936305732484076	0.9823071479122435	0.9657977840817857	0.96134925
LT009500	1454	7270	Comamonadaceae	Comamonas sediminis	AF078772	1519	7595	Comamonadaceae	Comamonas terrigena	6789.0	1454	39	29	1399	0.9817543859649123	0.9800550206327373	0.9621733149931224	0.9183502839016742	0.9338377
LT009500	1454	7270	Comamonadaceae	Comamonas sediminis	JQ941713	1440	7200	Comamonadaceae	Comamonas jiangduensis	6764.0	1428	33	27	1384	0.9878658101356174	0.9810924369747899	0.969187675070028	0.9293853064839899	0.9394444
LT009500	1454	7270	Comamonadaceae	Comamonas sediminis	DQ322069	1450	7250	Comamonadaceae	Comamonas thiooxydans	6867.0	1443	34	29	1402	0.9915134370579916	0.9799029799029799	0.9715869715869716	0.9301448732728353	0.9471724
LT009500	1454	7270	Comamonadaceae	Comamonas sediminis	AJ430347	1345	6725	Comamonadaceae	Comamonas kerstersii	6223.0	1338	39	32	1284	0.9831546707503829	0.976083707025411	0.9596412556053812	0.9101608422807754	0.92535317
JN604116	1409	7045	Comamonadaceae	Comamonas serinivorans	AB164432	1496	7480	Comamonadaceae	Comamonas badia	6400.0	1409	49	47	1333	0.9787077826725403	0.9666430092264017	0.9460610361958836	0.8837689515080888	0.9084457
JN604116	1409	7045	Comamonadaceae	Comamonas serinivorans	M11224	1536	7680	Comamonadaceae	Comamonas testosteroni	6676.0	1409	27	25	1366	0.9869942196531792	0.9822569198012775	0.9694819020581973	0.9343753150755885	0.9476224
JN604116	1409	7045	Comamonadaceae	Comamonas serinivorans	AF275377	1464	7284	Comamonadaceae	Comamonas koreensis	6523.0	1409	32	32	1347	0.9782135076252724	0.9772888573456352	0.9559971611071683	0.9135378840003961	0.92590487
JN604116	1409	7045	Comamonadaceae	Comamonas serinivorans	AJ430344	1345	6707	Comamonadaceae	Comamonas aquatica	6131.0	1338	31	37	1270	0.9761721752498078	0.9767267267267268	0.9491778774289985	0.902030985051225	0.9141196
JN604116	1409	7045	Comamonadaceae	Comamonas serinivorans	AJ251577	1498	7490	Comamonadaceae	Comamonas nitrativorans	6505.0	1409	35	35	1346	0.9796215429403202	0.9751596877217885	0.9552874378992193	0.90897849007862	0.9233499
JN604116	1409	7045	Comamonadaceae	Comamonas serinivorans	AB907700	1453	7265	Comamonadaceae	Comamonas humi	6630.0	1409	31	31	1360	0.9869375907111756	0.9779985805535841	0.9652235628105039	0.923665326078385	0.94109297
JN604116	1409	7045	Comamonadaceae	Comamonas serinivorans	EF015884	1472	7360	Comamonadaceae	Comamonas composti	6648.0	1409	27	25	1363	0.9848265895953757	0.9822569198012775	0.9673527324343506	0.9323232463016304	0.943648
JN604116	1409	7045	Comamonadaceae	Comamonas serinivorans	DQ453128	1453	7265	Comamonadaceae	Comamonas odontotermitis	6723.0	1409	17	13	1373	0.9835243553008596	0.9907735982966643	0.9744499645138396	0.9539496146292566	0.95429385
JN604116	1409	7045	Comamonadaceae	Comamonas serinivorans	AB187586	1443	7215	Comamonadaceae	Comamonas granuli	6566.0	1409	36	38	1352	0.9861415025528811	0.9744136460554371	0.9595457771469127	0.9104064086286625	0.9320085
JN604116	1409	7045	Comamonadaceae	Comamonas serinivorans	JQ246447	1490	7450	Comamonadaceae	Comamonas phosphati	6669.0	1409	18	20	1365	0.9827213822894169	0.9872068230277186	0.9687721788502484	0.9429744614036405	0.9466288
JN604116	1409	7045	Comamonadaceae	Comamonas serinivorans	KM263565	1423	7115	Comamonadaceae	Comamonas piscis	6437.0	1399	38	36	1334	0.9787234042553191	0.9742673338098642	0.9535382416011436	0.9044346717483359	0.91369766
JN604116	1409	7045	Comamonadaceae	Comamonas serinivorans	AF078772	1519	7595	Comamonadaceae	Comamonas terrigena	6577.0	1409	30	30	1354	0.9818709209572154	0.978708303761533	0.9609652235628106	0.9208971808847225	0.9335699
JN604116	1409	7045	Comamonadaceae	Comamonas serinivorans	JQ941713	1440	7200	Comamonadaceae	Comamonas jiangduensis	6517.0	1409	41	39	1347	0.9832116788321168	0.9723207948899929	0.9559971611071683	0.9032524901495315	0.92505324
JN604116	1409	7045	Comamonadaceae	Comamonas serinivorans	DQ322069	1450	7250	Comamonadaceae	Comamonas thiooxydans	6685.0	1409	27	25	1367	0.9877167630057804	0.9822569198012775	0.9701916252661462	0.9350593380002412	0.9488999
JN604116	1409	7045	Comamonadaceae	Comamonas serinivorans	AJ430347	1345	6725	Comamonadaceae	Comamonas kerstersii	6209.0	1334	34	30	1281	0.9823619631901841	0.9775112443778111	0.9602698650674663	0.9153449590993977	0.92327136
AB164432	1496	7480	Comamonadaceae	Comamonas badia	M11224	1536	7680	Comamonadaceae	Comamonas testosteroni	6780.0	1496	49	49	1413	0.9765031098825155	0.9672459893048129	0.94451871657754	0.8846074970146929	0.90641713
AB164432	1496	7480	Comamonadaceae	Comamonas badia	AF275377	1464	7284	Comamonadaceae	Comamonas koreensis	6610.0	1466	41	43	1381	0.9704848910751932	0.9719945355191257	0.942019099590723	0.8895110674967478	0.90746844
AB164432	1496	7480	Comamonadaceae	Comamonas badia	AJ430344	1345	6707	Comamonadaceae	Comamonas aquatica	6081.0	1352	36	43	1270	0.9702062643239114	0.9732342007434944	0.9393491124260355	0.885884717698617	0.90666467
AB164432	1496	7480	Comamonadaceae	Comamonas badia	AJ251577	1498	7490	Comamonadaceae	Comamonas nitrativorans	6766.0	1471	37	39	1402	0.979050279329609	0.9748127978216474	0.9530931339225017	0.9050592624516064	0.9045454
AB164432	1496	7480	Comamonadaceae	Comamonas badia	AB907700	1453	7265	Comamonadaceae	Comamonas humi	6692.0	1455	32	34	1387	0.976073187895848	0.9779766001376462	0.9532646048109966	0.9109542726539517	0.9211287
AB164432	1496	7480	Comamonadaceae	Comamonas badia	EF015884	1472	7360	Comamonadaceae	Comamonas composti	6705.0	1472	47	47	1395	0.9789473684210527	0.9680706521739131	0.9476902173913043	0.8890444764862467	0.91100544
AB164432	1496	7480	Comamonadaceae	Comamonas badia	DQ453128	1453	7265	Comamonadaceae	Comamonas odontotermitis	6662.0	1456	38	41	1383	0.9773851590106007	0.973847212663455	0.9498626373626373	0.8996356304338231	0.91699934
AB164432	1496	7480	Comamonadaceae	Comamonas badia	AB187586	1443	7215	Comamonadaceae	Comamonas granuli	6635.0	1450	35	42	1377	0.9779829545454546	0.9757449757449758	0.9496551724137932	0.9004137931034484	0.91961193
AB164432	1496	7480	Comamonadaceae	Comamonas badia	JQ246447	1490	7450	Comamonadaceae	Comamonas phosphati	6812.0	1494	39	43	1416	0.9758787043418332	0.9738255033557047	0.9477911646586346	0.8970939203650873	0.91436243
AB164432	1496	7480	Comamonadaceae	Comamonas badia	KM263565	1423	7115	Comamonadaceae	Comamonas piscis	6383.0	1423	43	43	1338	0.9695652173913043	0.9697821503865074	0.9402670414617006	0.8851081290703593	0.89711875
AB164432	1496	7480	Comamonadaceae	Comamonas badia	AF078772	1519	7595	Comamonadaceae	Comamonas terrigena	6787.0	1496	41	43	1415	0.973847212663455	0.9725568942436412	0.945855614973262	0.8941627902121988	0.9073529
AB164432	1496	7480	Comamonadaceae	Comamonas badia	JQ941713	1440	7200	Comamonadaceae	Comamonas jiangduensis	6501.0	1440	45	45	1358	0.9734767025089606	0.96875	0.9430555555555555	0.8859006734006734	0.90291667
AB164432	1496	7480	Comamonadaceae	Comamonas badia	DQ322069	1450	7250	Comamonadaceae	Comamonas thiooxydans	6564.0	1453	49	52	1369	0.9771591720199857	0.9662068965517241	0.9421885753613214	0.8788323529169183	0.9053793
AB164432	1496	7480	Comamonadaceae	Comamonas badia	AJ430347	1345	6725	Comamonadaceae	Comamonas kerstersii	6014.0	1342	53	50	1261	0.9760061919504643	0.96274217585693	0.9396423248882265	0.870263715953827	0.89427507
M11224	1536	7680	Comamonadaceae	Comamonas testosteroni	AF275377	1464	7284	Comamonadaceae	Comamonas koreensis	6935.0	1466	30	32	1417	0.9881450488145049	0.9795081967213115	0.9665757162346521	0.9265170969789379	0.95208675
M11224	1536	7680	Comamonadaceae	Comamonas testosteroni	AJ430344	1345	6707	Comamonadaceae	Comamonas aquatica	6364.0	1352	20	27	1303	0.9833962264150944	0.9851301115241635	0.9637573964497042	0.9307423835975641	0.9488594
M11224	1536	7680	Comamonadaceae	Comamonas testosteroni	AJ251577	1498	7490	Comamonadaceae	Comamonas nitrativorans	6964.0	1500	38	40	1436	0.9835616438356164	0.9746328437917223	0.9573333333333334	0.9087819679237105	0.92977303
M11224	1536	7680	Comamonadaceae	Comamonas testosteroni	AB907700	1453	7265	Comamonadaceae	Comamonas humi	6777.0	1455	40	42	1395	0.9872611464968153	0.9724707501720579	0.9587628865979382	0.906175223252767	0.9328286
M11224	1536	7680	Comamonadaceae	Comamonas testosteroni	EF015884	1472	7360	Comamonadaceae	Comamonas composti	7052.0	1472	24	24	1435	0.9910220994475138	0.9836956521739131	0.9748641304347826	0.94358506742618	0.9581522
M11224	1536	7680	Comamonadaceae	Comamonas testosteroni	DQ453128	1453	7265	Comamonadaceae	Comamonas odontotermitis	6946.0	1456	21	24	1416	0.9888268156424581	0.9855471438403304	0.9725274725274725	0.9428973193360465	0.95609087
M11224	1536	7680	Comamonadaceae	Comamonas testosteroni	AB187586	1443	7215	Comamonadaceae	Comamonas granuli	6799.0	1450	29	36	1395	0.9865629420084866	0.9799029799029799	0.9620689655172414	0.9197873679792964	0.94234234
M11224	1536	7680	Comamonadaceae	Comamonas testosteroni	JQ246447	1490	7450	Comamonadaceae	Comamonas phosphati	7154.0	1494	20	24	1456	0.9904761904761905	0.9865771812080537	0.9745649263721553	0.9462420355132551	0.96026844
M11224	1536	7680	Comamonadaceae	Comamonas testosteroni	KM263565	1423	7115	Comamonadaceae	Comamonas piscis	6736.0	1423	27	27	1378	0.9871060171919771	0.9810260014054814	0.9683766690091357	0.9323129861632782	0.9467323
M11224	1536	7680	Comamonadaceae	Comamonas testosteroni	AF078772	1519	7595	Comamonadaceae	Comamonas terrigena	7122.0	1519	28	31	1463	0.9831989247311828	0.9815303430079155	0.9631336405529954	0.9264013297626743	0.9377222
M11224	1536	7680	Comamonadaceae	Comamonas testosteroni	JQ941713	1440	7200	Comamonadaceae	Comamonas jiangduensis	6900.0	1440	18	18	1405	0.9880450070323488	0.9875	0.9756944444444444	0.9516032235939643	0.9583333
M11224	1536	7680	Comamonadaceae	Comamonas testosteroni	DQ322069	1450	7250	Comamonadaceae	Comamonas thiooxydans	7241.0	1450	0	0	1449	0.9993103448275862	1.0	0.9993103448275862	0.9993103448275862	0.9987586
M11224	1536	7680	Comamonadaceae	Comamonas testosteroni	AJ430347	1345	6725	Comamonadaceae	Comamonas kerstersii	6306.0	1342	32	29	1295	0.9862909367859863	0.9783904619970194	0.9649776453055141	0.922136570805051	0.93769515
AF275377	1464	7284	Comamonadaceae	Comamonas koreensis	AJ430344	1345	6707	Comamonadaceae	Comamonas aquatica	6310.0	1350	23	28	1295	0.9795763993948563	0.9828996282527881	0.9592592592592593	0.9236276334601171	0.9408081
AF275377	1464	7284	Comamonadaceae	Comamonas koreensis	AJ251577	1498	7490	Comamonadaceae	Comamonas nitrativorans	6784.0	1464	29	29	1401	0.9763066202090592	0.980191256830601	0.9569672131147541	0.9197909918417093	0.9313564
AF275377	1464	7284	Comamonadaceae	Comamonas koreensis	AB907700	1453	7265	Comamonadaceae	Comamonas humi	6769.0	1445	27	27	1391	0.9809590973201693	0.9813148788927336	0.9626297577854671	0.927315894388446	0.93172747
AF275377	1464	7284	Comamonadaceae	Comamonas koreensis	EF015884	1472	7360	Comamonadaceae	Comamonas composti	6829.0	1456	29	27	1403	0.9818054583624912	0.9814560439560439	0.9635989010989011	0.9272611647611648	0.93753433
AF275377	1464	7284	Comamonadaceae	Comamonas koreensis	DQ453128	1453	7265	Comamonadaceae	Comamonas odontotermitis	6922.0	1454	25	26	1412	0.988795518207283	0.9827942188575362	0.9711141678129298	0.9376274723711046	0.95278734
AF275377	1464	7284	Comamonadaceae	Comamonas koreensis	AB187586	1443	7215	Comamonadaceae	Comamonas granuli	6743.0	1434	15	17	1384	0.976711362032463	0.9895251396648045	0.9651324965132496	0.9438183212969461	0.93458074
AF275377	1464	7284	Comamonadaceae	Comamonas koreensis	JQ246447	1490	7450	Comamonadaceae	Comamonas phosphati	6975.0	1464	24	26	1422	0.9888734353268428	0.9835841313269493	0.9713114754098361	0.938673320994183	0.95757824
AF275377	1464	7284	Comamonadaceae	Comamonas koreensis	KM263565	1423	7115	Comamonadaceae	Comamonas piscis	6893.0	1415	11	9	1393	0.9907539118065434	0.9936395759717315	0.984452296819788	0.9706451117311514	0.96879834
AF275377	1464	7284	Comamonadaceae	Comamonas koreensis	AF078772	1519	7595	Comamonadaceae	Comamonas terrigena	6803.0	1464	31	31	1402	0.9783670621074668	0.9788251366120219	0.9576502732240437	0.9179350110568927	0.93396485
AF275377	1464	7284	Comamonadaceae	Comamonas koreensis	JQ941713	1440	7200	Comamonadaceae	Comamonas jiangduensis	6772.0	1430	31	29	1384	0.9878658101356174	0.9797202797202798	0.9678321678321679	0.9280854668945018	0.9405556
AF275377	1464	7284	Comamonadaceae	Comamonas koreensis	DQ322069	1450	7250	Comamonadaceae	Comamonas thiooxydans	6855.0	1448	32	30	1401	0.9880112834978844	0.9792817679558011	0.9675414364640884	0.9270092952068091	0.94551724
AF275377	1464	7284	Comamonadaceae	Comamonas koreensis	AJ430347	1345	6725	Comamonadaceae	Comamonas kerstersii	6201.0	1340	43	38	1281	0.9838709677419355	0.9716417910447761	0.9559701492537314	0.899980574351669	0.92208177
AJ430344	1345	6707	Comamonadaceae	Comamonas aquatica	AJ251577	1498	7490	Comamonadaceae	Comamonas nitrativorans	6301.0	1345	31	26	1295	0.9818043972706596	0.9806691449814127	0.9628252788104089	0.9229408014178266	0.93946624
AJ430344	1345	6707	Comamonadaceae	Comamonas aquatica	AB907700	1453	7265	Comamonadaceae	Comamonas humi	6290.0	1345	31	26	1294	0.9810462471569371	0.9806691449814127	0.9620817843866171	0.9222281058182762	0.93782616
AJ430344	1345	6707	Comamonadaceae	Comamonas aquatica	EF015884	1472	7360	Comamonadaceae	Comamonas composti	6281.0	1345	34	27	1293	0.9810318664643399	0.9799256505576208	0.9613382899628253	0.9188135360195822	0.9364843
AJ430344	1345	6707	Comamonadaceae	Comamonas aquatica	DQ453128	1453	7265	Comamonadaceae	Comamonas odontotermitis	6348.0	1345	30	26	1300	0.9855951478392722	0.9806691449814127	0.966542750929368	0.9271781007096992	0.94647384
AJ430344	1345	6707	Comamonadaceae	Comamonas aquatica	AB187586	1443	7215	Comamonadaceae	Comamonas granuli	6321.0	1345	26	23	1297	0.981089258698941	0.9828996282527881	0.9643122676579926	0.929847423664381	0.9424482
AJ430344	1345	6707	Comamonadaceae	Comamonas aquatica	JQ246447	1490	7450	Comamonadaceae	Comamonas phosphati	6447.0	1345	17	14	1312	0.98572501878287	0.9895910780669145	0.9754646840148699	0.9532624775505079	0.9612345
AJ430344	1345	6707	Comamonadaceae	Comamonas aquatica	KM263565	1423	7115	Comamonadaceae	Comamonas piscis	6351.0	1345	27	20	1301	0.9818867924528302	0.9851301115241635	0.9672862453531599	0.9341503462776507	0.9469211
AJ430344	1345	6707	Comamonadaceae	Comamonas aquatica	AF078772	1519	7595	Comamonadaceae	Comamonas terrigena	6374.0	1345	12	7	1305	0.9753363228699552	0.9947955390334573	0.9702602230483272	0.9566751499179525	0.9503504
AJ430344	1345	6707	Comamonadaceae	Comamonas aquatica	JQ941713	1440	7200	Comamonadaceae	Comamonas jiangduensis	6569.0	1345	14	7	1327	0.9917787742899851	0.9947955390334573	0.9866171003717472	0.9713713615139056	0.9794245
AJ430344	1345	6707	Comamonadaceae	Comamonas aquatica	DQ322069	1450	7250	Comamonadaceae	Comamonas thiooxydans	6324.0	1339	27	23	1295	0.9840425531914894	0.9828230022404779	0.9671396564600448	0.9317392297960608	0.9428955
AJ430344	1345	6707	Comamonadaceae	Comamonas aquatica	AJ430347	1345	6725	Comamonadaceae	Comamonas kerstersii	6409.0	1335	23	13	1305	0.9871406959152799	0.9902621722846442	0.9775280898876404	0.9516142377256706	0.9555688
AJ251577	1498	7490	Comamonadaceae	Comamonas nitrativorans	AB907700	1453	7265	Comamonadaceae	Comamonas humi	6782.0	1448	28	28	1395	0.9823943661971831	0.9806629834254144	0.9633977900552486	0.9268461123837758	0.93351686
AJ251577	1498	7490	Comamonadaceae	Comamonas nitrativorans	EF015884	1472	7360	Comamonadaceae	Comamonas composti	6817.0	1459	34	32	1404	0.9838822704975473	0.978067169294037	0.9623029472241261	0.919763098251057	0.9262228
AJ251577	1498	7490	Comamonadaceae	Comamonas nitrativorans	DQ453128	1453	7265	Comamonadaceae	Comamonas odontotermitis	6823.0	1454	25	26	1402	0.9817927170868347	0.9827942188575362	0.9642365887207703	0.9309870511786749	0.93916035
AJ251577	1498	7490	Comamonadaceae	Comamonas nitrativorans	AB187586	1443	7215	Comamonadaceae	Comamonas granuli	6760.0	1437	28	30	1387	0.9857853589196873	0.9804878048780488	0.965205288796103	0.9269923831645849	0.9369369
AJ251577	1498	7490	Comamonadaceae	Comamonas nitrativorans	JQ246447	1490	7450	Comamonadaceae	Comamonas phosphati	6926.0	1467	22	24	1419	0.9833679833679834	0.9849829351535836	0.967280163599182	0.9373977676787237	0.92966443
AJ251577	1498	7490	Comamonadaceae	Comamonas nitrativorans	KM263565	1423	7115	Comamonadaceae	Comamonas piscis	6535.0	1418	33	31	1354	0.9762076423936553	0.9781382228490832	0.9548660084626234	0.9127492444780556	0.91848207
AJ251577	1498	7490	Comamonadaceae	Comamonas nitrativorans	AF078772	1519	7595	Comamonadaceae	Comamonas terrigena	6990.0	1488	23	23	1436	0.9802047781569966	0.9845430107526881	0.9650537634408602	0.9356742312646328	0.93324435
AJ251577	1498	7490	Comamonadaceae	Comamonas nitrativorans	JQ941713	1440	7200	Comamonadaceae	Comamonas jiangduensis	6721.0	1433	36	34	1381	0.9871336669049321	0.9762735519888346	0.9637124912770412	0.9177901805967194	0.9334722
AJ251577	1498	7490	Comamonadaceae	Comamonas nitrativorans	DQ322069	1450	7250	Comamonadaceae	Comamonas thiooxydans	6728.0	1451	41	42	1388	0.9850958126330731	0.9717241379310345	0.9565816678152997	0.9033670039891134	0.928
AJ251577	1498	7490	Comamonadaceae	Comamonas nitrativorans	AJ430347	1345	6725	Comamonadaceae	Comamonas kerstersii	6295.0	1340	32	27	1294	0.9855293221629855	0.9798507462686568	0.9656716417910448	0.9241449458248118	0.9360595
AB907700	1453	7265	Comamonadaceae	Comamonas humi	EF015884	1472	7360	Comamonadaceae	Comamonas composti	6801.0	1453	35	33	1399	0.9852112676056338	0.9772883688919477	0.9628355127322781	0.9188349651074159	0.93613213
AB907700	1453	7265	Comamonadaceae	Comamonas humi	DQ453128	1453	7265	Comamonadaceae	Comamonas odontotermitis	6842.0	1444	28	29	1399	0.9886925795053003	0.9805959805959806	0.9688365650969529	0.9313204752800194	0.9417756
AB907700	1453	7265	Comamonadaceae	Comamonas humi	AB187586	1443	7215	Comamonadaceae	Comamonas granuli	6770.0	1442	30	32	1390	0.9858156028368794	0.9791666666666666	0.9639389736477115	0.9233382831815714	0.93832296
AB907700	1453	7265	Comamonadaceae	Comamonas humi	JQ246447	1490	7450	Comamonadaceae	Comamonas phosphati	6826.0	1453	29	31	1401	0.9852320675105485	0.980013783597519	0.9642119752236752	0.9251750531498423	0.9395733
AB907700	1453	7265	Comamonadaceae	Comamonas humi	KM263565	1423	7115	Comamonadaceae	Comamonas piscis	6696.0	1421	24	22	1374	0.9821300929235168	0.9845179451090781	0.9669247009148487	0.9361437069756909	0.9411103
AB907700	1453	7265	Comamonadaceae	Comamonas humi	AF078772	1519	7595	Comamonadaceae	Comamonas terrigena	6815.0	1453	30	30	1400	0.9838369641602249	0.9793530626290433	0.9635237439779766	0.9245409896700342	0.9380592
AB907700	1453	7265	Comamonadaceae	Comamonas humi	JQ941713	1440	7200	Comamonadaceae	Comamonas jiangduensis	6764.0	1438	33	31	1388	0.9864960909737029	0.978442280945758	0.9652294853963839	0.9232344567999402	0.9394444
AB907700	1453	7265	Comamonadaceae	Comamonas humi	DQ322069	1450	7250	Comamonadaceae	Comamonas thiooxydans	6691.0	1436	42	43	1377	0.9885139985642498	0.9707317073170731	0.9589136490250696	0.9037663823355359	0.92289656
AB907700	1453	7265	Comamonadaceae	Comamonas humi	AJ430347	1345	6725	Comamonadaceae	Comamonas kerstersii	6267.0	1340	36	31	1290	0.985485103132162	0.9768656716417911	0.9626865671641791	0.9158115671641791	0.9318959
EF015884	1472	7360	Comamonadaceae	Comamonas composti	DQ453128	1453	7265	Comamonadaceae	Comamonas odontotermitis	6873.0	1456	30	33	1407	0.988756148981026	0.9793530626290433	0.9663461538461539	0.9253772388446009	0.94604266
EF015884	1472	7360	Comamonadaceae	Comamonas composti	AB187586	1443	7215	Comamonadaceae	Comamonas granuli	6789.0	1450	30	37	1394	0.9865534324133051	0.9792099792099792	0.9613793103448276	0.9178574091332712	0.94095635
EF015884	1472	7360	Comamonadaceae	Comamonas composti	JQ246447	1490	7450	Comamonadaceae	Comamonas phosphati	7007.0	1472	17	21	1430	0.9855272226051	0.9884196185286104	0.9714673913043478	0.9466750737290858	0.95203805
EF015884	1472	7360	Comamonadaceae	Comamonas composti	KM263565	1423	7115	Comamonadaceae	Comamonas piscis	6691.0	1423	22	22	1374	0.9807280513918629	0.9845397048489107	0.9655657062543921	0.9361643975518362	0.9404076
EF015884	1472	7360	Comamonadaceae	Comamonas composti	AF078772	1519	7595	Comamonadaceae	Comamonas terrigena	6961.0	1472	29	31	1424	0.9882026370575989	0.9802721088435374	0.967391304347826	0.9287214320887524	0.945788
EF015884	1472	7360	Comamonadaceae	Comamonas composti	JQ941713	1440	7200	Comamonadaceae	Comamonas jiangduensis	6808.0	1440	26	26	1394	0.9858557284299858	0.9819444444444444	0.9680555555555556	0.9337179778687282	0.94555557
EF015884	1472	7360	Comamonadaceae	Comamonas composti	DQ322069	1450	7250	Comamonadaceae	Comamonas thiooxydans	6936.0	1449	24	27	1411	0.9922644163150492	0.983402489626556	0.9737750172532781	0.9400597926233275	0.95668966
EF015884	1472	7360	Comamonadaceae	Comamonas composti	AJ430347	1345	6725	Comamonadaceae	Comamonas kerstersii	6242.0	1342	38	35	1287	0.9846977811782709	0.973919523099851	0.9590163934426229	0.9082858161083391	0.9281784
DQ453128	1453	7265	Comamonadaceae	Comamonas odontotermitis	AB187586	1443	7215	Comamonadaceae	Comamonas granuli	6732.0	1432	27	28	1382	0.9843304843304843	0.9811320754716981	0.9650837988826816	0.9287029839830603	0.9330561
DQ453128	1453	7265	Comamonadaceae	Comamonas odontotermitis	JQ246447	1490	7450	Comamonadaceae	Comamonas phosphati	7048.0	1453	15	16	1427	0.9930410577592206	0.9896694214876033	0.9821059876118375	0.9613666922331134	0.97013074
DQ453128	1453	7265	Comamonadaceae	Comamonas odontotermitis	KM263565	1423	7115	Comamonadaceae	Comamonas piscis	6681.0	1413	32	29	1368	0.9884393063583815	0.9794762915782024	0.9681528662420382	0.9272827452449695	0.9390021
DQ453128	1453	7265	Comamonadaceae	Comamonas odontotermitis	AF078772	1519	7595	Comamonadaceae	Comamonas terrigena	6881.0	1453	25	24	1408	0.9853044086773968	0.9834824501032347	0.969029593943565	0.9369034436707404	0.94714385
DQ453128	1453	7265	Comamonadaceae	Comamonas odontotermitis	JQ941713	1440	7200	Comamonadaceae	Comamonas jiangduensis	6755.0	1428	30	27	1383	0.987152034261242	0.9810924369747899	0.9684873949579832	0.9306247190234119	0.93819445
DQ453128	1453	7265	Comamonadaceae	Comamonas odontotermitis	DQ322069	1450	7250	Comamonadaceae	Comamonas thiooxydans	6900.0	1442	24	21	1406	0.9894440534834623	0.9854368932038835	0.9750346740638003	0.9451052331818964	0.9517241
DQ453128	1453	7265	Comamonadaceae	Comamonas odontotermitis	AJ430347	1345	6725	Comamonadaceae	Comamonas kerstersii	6359.0	1339	24	18	1301	0.9848599545798638	0.9865571321882002	0.9716206123973115	0.9416807255882967	0.9455762
AB187586	1443	7215	Comamonadaceae	Comamonas granuli	JQ246447	1490	7450	Comamonadaceae	Comamonas phosphati	6792.0	1443	30	27	1394	0.9844632768361582	0.9812889812889813	0.966042966042966	0.9286604480087169	0.94137216
AB187586	1443	7215	Comamonadaceae	Comamonas granuli	KM263565	1423	7115	Comamonadaceae	Comamonas piscis	6681.0	1419	15	11	1373	0.9751420454545454	0.9922480620155039	0.9675828047921071	0.9500394624458066	0.9390021
AB187586	1443	7215	Comamonadaceae	Comamonas granuli	AF078772	1519	7595	Comamonadaceae	Comamonas terrigena	6723.0	1443	35	30	1386	0.9808917197452229	0.9792099792099792	0.9604989604989606	0.9182578018843243	0.9318087
AB187586	1443	7215	Comamonadaceae	Comamonas granuli	JQ941713	1440	7200	Comamonadaceae	Comamonas jiangduensis	6762.0	1440	31	31	1388	0.9850958126330731	0.9784722222222222	0.9638888888888889	0.9232627086637964	0.93916667
AB187586	1443	7215	Comamonadaceae	Comamonas granuli	DQ322069	1450	7250	Comamonadaceae	Comamonas thiooxydans	6684.0	1423	33	32	1372	0.9863407620416966	0.977512297962052	0.9641602248770204	0.9211173576950106	0.92640334
AB187586	1443	7215	Comamonadaceae	Comamonas granuli	AJ430347	1345	6725	Comamonadaceae	Comamonas kerstersii	6233.0	1338	39	32	1286	0.9846860643185299	0.976083707025411	0.9611360239162929	0.911578538296789	0.9268401
JQ246447	1490	7450	Comamonadaceae	Comamonas phosphati	KM263565	1423	7115	Comamonadaceae	Comamonas piscis	6763.0	1419	31	27	1380	0.9913793103448276	0.9809725158562368	0.9725158562367865	0.9336152219873151	0.9505271
JQ246447	1490	7450	Comamonadaceae	Comamonas phosphati	AF078772	1519	7595	Comamonadaceae	Comamonas terrigena	7078.0	1490	19	17	1447	0.9823489477257298	0.9885906040268456	0.9711409395973154	0.9479725672808785	0.9500671
JQ246447	1490	7450	Comamonadaceae	Comamonas phosphati	JQ941713	1440	7200	Comamonadaceae	Comamonas jiangduensis	6910.0	1436	24	20	1405	0.992231638418079	0.9860724233983287	0.9784122562674095	0.9489258595031861	0.9597222
JQ246447	1490	7450	Comamonadaceae	Comamonas phosphati	DQ322069	1450	7250	Comamonadaceae	Comamonas thiooxydans	6952.0	1446	24	20	1414	0.9915848527349228	0.9861687413554634	0.9778699861687413	0.9486004083514457	0.9588966
JQ246447	1490	7450	Comamonadaceae	Comamonas phosphati	AJ430347	1345	6725	Comamonadaceae	Comamonas kerstersii	6414.0	1338	22	15	1307	0.9879062736205594	0.9887892376681614	0.976831091180867	0.9502555394355051	0.95375466
KM263565	1423	7115	Comamonadaceae	Comamonas piscis	AF078772	1519	7595	Comamonadaceae	Comamonas terrigena	6601.0	1423	29	31	1362	0.978448275862069	0.9795918367346939	0.9571328179901616	0.9175818750980062	0.9277583
KM263565	1423	7115	Comamonadaceae	Comamonas piscis	JQ941713	1440	7200	Comamonadaceae	Comamonas jiangduensis	6823.0	1423	20	20	1388	0.9893086243763364	0.9859451862262825	0.9754040758959944	0.9483658478739294	0.95895994
KM263565	1423	7115	Comamonadaceae	Comamonas piscis	DQ322069	1450	7250	Comamonadaceae	Comamonas thiooxydans	6655.0	1405	27	27	1361	0.9876632801161103	0.9807829181494662	0.9686832740213523	0.9321547148054633	0.93534786
KM263565	1423	7115	Comamonadaceae	Comamonas piscis	AJ430347	1345	6725	Comamonadaceae	Comamonas kerstersii	6236.0	1342	40	37	1286	0.98544061302682	0.9724292101341282	0.9582712369597616	0.9048798583447821	0.92728627
AF078772	1519	7595	Comamonadaceae	Comamonas terrigena	JQ941713	1440	7200	Comamonadaceae	Comamonas jiangduensis	6863.0	1438	15	13	1401	0.9831578947368421	0.9909596662030598	0.9742698191933241	0.9554951771166462	0.95319444
AF078772	1519	7595	Comamonadaceae	Comamonas terrigena	DQ322069	1450	7250	Comamonadaceae	Comamonas thiooxydans	6784.0	1448	31	29	1395	0.9830866807610994	0.9799723756906077	0.9633977900552486	0.9243147154079768	0.93572414
AF078772	1519	7595	Comamonadaceae	Comamonas terrigena	AJ430347	1345	6725	Comamonadaceae	Comamonas kerstersii	6385.0	1340	17	12	1305	0.9826807228915663	0.991044776119403	0.9738805970149254	0.9530681155754022	0.9494424
JQ941713	1440	7200	Comamonadaceae	Comamonas jiangduensis	DQ322069	1450	7250	Comamonadaceae	Comamonas thiooxydans	6814.0	1423	18	21	1387	0.9893009985734664	0.9873239436619718	0.9747013352073085	0.9483214933800462	0.9463889
JQ941713	1440	7200	Comamonadaceae	Comamonas jiangduensis	AJ430347	1345	6725	Comamonadaceae	Comamonas kerstersii	6456.0	1342	22	19	1313	0.9924414210128496	0.9858420268256334	0.9783904619970194	0.9489813645322995	0.96
DQ322069	1450	7250	Comamonadaceae	Comamonas thiooxydans	AJ430347	1345	6725	Comamonadaceae	Comamonas kerstersii	6296.0	1339	35	29	1293	0.9870229007633587	0.9783420463032113	0.9656460044809559	0.9206668601674325	0.9362082
