HQ438078	1520	7600	Burkholderiaceae	Cupriavidus alkaliphilus	AF076645	1451	7147	Burkholderiaceae	Cupriavidus gilardii	6935.0	1451	12	12	1405	0.9763724808895066	0.9917298414886285	0.9682977257064094	0.9524131423728798	0.9703372
HQ438078	1520	7600	Burkholderiaceae	Cupriavidus alkaliphilus	AF500583	1457	7285	Burkholderiaceae	Cupriavidus respiraculi	7019.0	1456	15	15	1426	0.9895905621096461	0.9896978021978022	0.9793956043956044	0.9594215268076587	0.9634866
HQ438078	1520	7600	Burkholderiaceae	Cupriavidus alkaliphilus	HQ438086	1498	7490	Burkholderiaceae	Cupriavidus plantarum	7218.0	1502	13	19	1467	0.9892110586648685	0.9913101604278075	0.9766977363515313	0.9560678171678687	0.9636849
HQ438078	1520	7600	Burkholderiaceae	Cupriavidus alkaliphilus	AF300324	1542	7710	Burkholderiaceae	Cupriavidus taiwanensis	7432.0	1520	11	9	1501	0.9933818663136995	0.9940789473684211	0.9875	0.9745999346832136	0.9778947
HQ438078	1520	7600	Burkholderiaceae	Cupriavidus alkaliphilus	AB054961	1523	7615	Burkholderiaceae	Cupriavidus laharis	7272.0	1519	20	19	1481	0.9873333333333333	0.9874917709019092	0.9749835418038183	0.9502763565339359	0.9568421
HQ438078	1520	7600	Burkholderiaceae	Cupriavidus alkaliphilus	AF312022	1484	7408	Burkholderiaceae	Cupriavidus basilensis	7178.0	1484	18	18	1455	0.9924965893587995	0.9878706199460916	0.9804582210242587	0.9569585566055681	0.9689525
HQ438078	1520	7600	Burkholderiaceae	Cupriavidus alkaliphilus	KU168038	1405	7025	Burkholderiaceae	Cupriavidus nantongensis	6892.0	1406	4	5	1390	0.9921484653818701	0.9971530249110321	0.9886201991465149	0.9823098574498349	0.9810676
HQ438078	1520	7600	Burkholderiaceae	Cupriavidus alkaliphilus	AF155567	1469	7291	Burkholderiaceae	Cupriavidus oxalaticus	7029.0	1471	18	23	1431	0.9882596685082873	0.9877216916780355	0.972807613868117	0.946021104688404	0.9640653
HQ438078	1520	7600	Burkholderiaceae	Cupriavidus alkaliphilus	D87999	1462	7310	Burkholderiaceae	Cupriavidus metallidurans	6995.0	1464	23	25	1426	0.9909659485753995	0.9842681258549931	0.9740437158469946	0.9426018205136686	0.95690835
HQ438078	1520	7600	Burkholderiaceae	Cupriavidus alkaliphilus	AB104447	1529	7645	Burkholderiaceae	Cupriavidus numazuensis	7383.0	1520	16	14	1495	0.9926958831341302	0.9907894736842106	0.9835526315789473	0.9643426192434211	0.97144735
HQ438078	1520	7600	Burkholderiaceae	Cupriavidus alkaliphilus	AB121221	1524	7620	Burkholderiaceae	Cupriavidus pinatubonensis	7344.0	1519	19	17	1490	0.9920106524633822	0.9888084265964451	0.9809084924292297	0.9579483456623558	0.9663158
HQ438078	1520	7600	Burkholderiaceae	Cupriavidus alkaliphilus	AF312020	1484	7420	Burkholderiaceae	Cupriavidus campinensis	7135.0	1484	16	16	1451	0.9884196185286104	0.9892183288409704	0.9777628032345014	0.9569038634321654	0.9615903
HQ438078	1520	7600	Burkholderiaceae	Cupriavidus alkaliphilus	FN430567	1504	7520	Burkholderiaceae	Cupriavidus pampae	7220.0	1501	16	16	1468	0.9885521885521885	0.9893404397068621	0.978014656895403	0.9573841565521908	0.9601064
HQ438078	1520	7600	Burkholderiaceae	Cupriavidus alkaliphilus	EU024165	1315	6575	Burkholderiaceae	Cupriavidus pauculus	6332.0	1315	15	15	1287	0.99	0.9885931558935361	0.9787072243346008	0.9566311215300609	0.96304184
HQ438078	1520	7600	Burkholderiaceae	Cupriavidus alkaliphilus	KF915797	1449	7245	Burkholderiaceae	Cupriavidus yeoncheonensis	7011.0	1449	16	17	1421	0.99231843575419	0.988950276243094	0.9806763285024155	0.9585860084747161	0.96770185
HQ438078	1520	7600	Burkholderiaceae	Cupriavidus alkaliphilus	AF191737	1280	6400	Burkholderiaceae	Cupriavidus necator	6262.0	1284	6	10	1265	0.9929356357927787	0.9953125	0.985202492211838	0.9729829264169624	0.9784375
AF076645	1451	7147	Burkholderiaceae	Cupriavidus gilardii	AF500583	1457	7285	Burkholderiaceae	Cupriavidus respiraculi	6772.0	1405	6	6	1368	0.9778413152251608	0.995729537366548	0.9736654804270463	0.9653848384957037	0.94753045
AF076645	1451	7147	Burkholderiaceae	Cupriavidus gilardii	HQ438086	1498	7490	Burkholderiaceae	Cupriavidus plantarum	7026.0	1446	4	6	1414	0.9819444444444444	0.997229916897507	0.9778699861687413	0.9711260552296465	0.98306984
AF076645	1451	7147	Burkholderiaceae	Cupriavidus gilardii	AF300324	1542	7710	Burkholderiaceae	Cupriavidus taiwanensis	7038.0	1451	10	8	1418	0.9826749826749827	0.994486560992419	0.9772570640937285	0.9652169359940111	0.98474884
AF076645	1451	7147	Burkholderiaceae	Cupriavidus gilardii	AB054961	1523	7615	Burkholderiaceae	Cupriavidus laharis	6907.0	1451	17	15	1402	0.9763231197771588	0.9896623018607856	0.9662301860785665	0.945167947689933	0.96641946
AF076645	1451	7147	Burkholderiaceae	Cupriavidus gilardii	AF312022	1484	7408	Burkholderiaceae	Cupriavidus basilensis	6963.0	1451	15	15	1409	0.9811977715877437	0.9896623018607856	0.9710544452101999	0.9511829354173582	0.9742549
AF076645	1451	7147	Burkholderiaceae	Cupriavidus gilardii	KU168038	1405	7025	Burkholderiaceae	Cupriavidus nantongensis	6706.0	1393	5	5	1355	0.9762247838616714	0.9964106245513281	0.9727207465900933	0.9657628013355147	0.95459074
AF076645	1451	7147	Burkholderiaceae	Cupriavidus gilardii	AF155567	1469	7291	Burkholderiaceae	Cupriavidus oxalaticus	6863.0	1451	16	21	1396	0.9762237762237762	0.9889349930843707	0.9620951068228808	0.9378295860645669	0.9602631
AF076645	1451	7147	Burkholderiaceae	Cupriavidus gilardii	D87999	1462	7310	Burkholderiaceae	Cupriavidus metallidurans	6902.0	1436	15	16	1396	0.9830985915492958	0.9895470383275261	0.9721448467966574	0.9513753841841858	0.9657199
AF076645	1451	7147	Burkholderiaceae	Cupriavidus gilardii	AB104447	1529	7645	Burkholderiaceae	Cupriavidus numazuensis	6953.0	1451	15	13	1407	0.978442280945758	0.9910406616126809	0.9696760854583046	0.951155669092116	0.97285575
AF076645	1451	7147	Burkholderiaceae	Cupriavidus gilardii	AB121221	1524	7620	Burkholderiaceae	Cupriavidus pinatubonensis	7007.0	1451	10	7	1414	0.9792243767313019	0.9951757408683667	0.974500344589938	0.9631611893140797	0.98041135
AF076645	1451	7147	Burkholderiaceae	Cupriavidus gilardii	AF312020	1484	7420	Burkholderiaceae	Cupriavidus campinensis	6974.0	1451	11	11	1410	0.9791666666666666	0.9924190213645762	0.9717436250861475	0.9571209439973	0.975794
AF076645	1451	7147	Burkholderiaceae	Cupriavidus gilardii	FN430567	1504	7520	Burkholderiaceae	Cupriavidus pampae	6984.0	1451	7	7	1412	0.9778393351800554	0.9951757408683667	0.9731219848380427	0.9637778779877461	0.97719324
AF076645	1451	7147	Burkholderiaceae	Cupriavidus gilardii	EU024165	1315	6575	Burkholderiaceae	Cupriavidus pauculus	6370.0	1315	6	6	1285	0.9816653934300993	0.9954372623574145	0.9771863117870723	0.9683095247004373	0.9688213
AF076645	1451	7147	Burkholderiaceae	Cupriavidus gilardii	KF915797	1449	7245	Burkholderiaceae	Cupriavidus yeoncheonensis	6699.0	1407	20	19	1359	0.979106628242075	0.9864960909737029	0.9658848614072495	0.9394871672272336	0.93731636
AF076645	1451	7147	Burkholderiaceae	Cupriavidus gilardii	AF191737	1280	6400	Burkholderiaceae	Cupriavidus necator	5923.0	1243	10	10	1200	0.9732360097323601	0.9919549477071601	0.9654062751407884	0.94999675758068	0.92546874
AF500583	1457	7285	Burkholderiaceae	Cupriavidus respiraculi	HQ438086	1498	7490	Burkholderiaceae	Cupriavidus plantarum	7155.0	1456	2	2	1442	0.9917469050894085	0.9986263736263736	0.9903846153846154	0.987667510815659	0.9821551
AF500583	1457	7285	Burkholderiaceae	Cupriavidus respiraculi	AF300324	1542	7710	Burkholderiaceae	Cupriavidus taiwanensis	7101.0	1456	10	8	1436	0.9917127071823204	0.9945054945054945	0.9862637362637363	0.9741540860231174	0.97474265
AF500583	1457	7285	Burkholderiaceae	Cupriavidus respiraculi	AB054961	1523	7615	Burkholderiaceae	Cupriavidus laharis	6939.0	1456	25	24	1416	0.9888268156424581	0.9835164835164835	0.9725274725274725	0.9403506689124514	0.9525052
AF500583	1457	7285	Burkholderiaceae	Cupriavidus respiraculi	AF312022	1484	7408	Burkholderiaceae	Cupriavidus basilensis	6963.0	1438	15	15	1411	0.9915671117357695	0.9895688456189151	0.9812239221140473	0.9609646532472741	0.9557996
AF500583	1457	7285	Burkholderiaceae	Cupriavidus respiraculi	KU168038	1405	7025	Burkholderiaceae	Cupriavidus nantongensis	6819.0	1406	9	10	1382	0.9899713467048711	0.993594306049822	0.9829302987197724	0.9697319413518037	0.9706762
AF500583	1457	7285	Burkholderiaceae	Cupriavidus respiraculi	AF155567	1469	7291	Burkholderiaceae	Cupriavidus oxalaticus	6696.0	1408	22	27	1366	0.9891383055756698	0.9843193157519601	0.9701704545454546	0.9369268515575334	0.9191489
AF500583	1457	7285	Burkholderiaceae	Cupriavidus respiraculi	D87999	1462	7310	Burkholderiaceae	Cupriavidus metallidurans	6932.0	1433	14	16	1406	0.9922371206774877	0.9902166317260657	0.9811584089323099	0.9608164930594908	0.9515443
AF500583	1457	7285	Burkholderiaceae	Cupriavidus respiraculi	AB104447	1529	7645	Burkholderiaceae	Cupriavidus numazuensis	7012.0	1456	18	16	1425	0.9895833333333334	0.989010989010989	0.9787087912087912	0.956133418819986	0.9625257
AF500583	1457	7285	Burkholderiaceae	Cupriavidus respiraculi	AB121221	1524	7620	Burkholderiaceae	Cupriavidus pinatubonensis	7055.0	1456	18	16	1430	0.9930555555555556	0.989010989010989	0.9821428571428571	0.9594882729211087	0.96842825
AF500583	1457	7285	Burkholderiaceae	Cupriavidus respiraculi	AF312020	1484	7420	Burkholderiaceae	Cupriavidus campinensis	6980.0	1438	10	10	1414	0.9901960784313726	0.9930458970792768	0.9833101529902643	0.9697285210428849	0.95813316
AF500583	1457	7285	Burkholderiaceae	Cupriavidus respiraculi	FN430567	1504	7520	Burkholderiaceae	Cupriavidus pampae	6980.0	1438	8	8	1414	0.9888111888111888	0.9944367176634215	0.9833101529902643	0.9724298193472184	0.95813316
AF500583	1457	7285	Burkholderiaceae	Cupriavidus respiraculi	EU024165	1315	6575	Burkholderiaceae	Cupriavidus pauculus	6443.0	1315	6	6	1300	0.9931245225362872	0.9954372623574145	0.9885931558935361	0.9796127487241778	0.97992396
AF500583	1457	7285	Burkholderiaceae	Cupriavidus respiraculi	KF915797	1449	7245	Burkholderiaceae	Cupriavidus yeoncheonensis	6944.0	1448	25	25	1413	0.9929725931131412	0.9827348066298343	0.975828729281768	0.9427048756062157	0.95845413
AF500583	1457	7285	Burkholderiaceae	Cupriavidus respiraculi	AF191737	1280	6400	Burkholderiaceae	Cupriavidus necator	6237.0	1284	6	10	1262	0.9905808477237049	0.9953125	0.9828660436137072	0.9706754570262505	0.97453123
HQ438086	1498	7490	Burkholderiaceae	Cupriavidus plantarum	AF300324	1542	7710	Burkholderiaceae	Cupriavidus taiwanensis	7347.0	1497	11	7	1482	0.9946308724832215	0.9953239812959251	0.9899799599198397	0.9781632229977196	0.98090786
HQ438086	1498	7490	Burkholderiaceae	Cupriavidus plantarum	AB054961	1523	7615	Burkholderiaceae	Cupriavidus laharis	7152.0	1495	24	21	1458	0.989145183175034	0.9859531772575251	0.9752508361204013	0.9463592708633781	0.95487314
HQ438086	1498	7490	Burkholderiaceae	Cupriavidus plantarum	AF312022	1484	7408	Burkholderiaceae	Cupriavidus basilensis	7160.0	1477	17	15	1451	0.9924760601915185	0.989844278943805	0.982396750169262	0.9613547849715267	0.9665227
HQ438086	1498	7490	Burkholderiaceae	Cupriavidus plantarum	KU168038	1405	7025	Burkholderiaceae	Cupriavidus nantongensis	6835.0	1406	6	7	1384	0.9892780557541101	0.995729537366548	0.984352773826458	0.9752900358238065	0.97295374
HQ438086	1498	7490	Burkholderiaceae	Cupriavidus plantarum	AF155567	1469	7291	Burkholderiaceae	Cupriavidus oxalaticus	6873.0	1447	24	27	1403	0.9880281690140845	0.9833795013850416	0.9695922598479613	0.935976212769616	0.94266903
HQ438086	1498	7490	Burkholderiaceae	Cupriavidus plantarum	D87999	1462	7310	Burkholderiaceae	Cupriavidus metallidurans	7122.0	1464	11	13	1441	0.9931082012405238	0.9924760601915185	0.9842896174863388	0.968274057608595	0.9742818
HQ438086	1498	7490	Burkholderiaceae	Cupriavidus plantarum	AB104447	1529	7645	Burkholderiaceae	Cupriavidus numazuensis	7237.0	1498	20	16	1469	0.9912280701754386	0.9893190921228304	0.9806408544726302	0.957384549623477	0.96622163
HQ438086	1498	7490	Burkholderiaceae	Cupriavidus plantarum	AB121221	1524	7620	Burkholderiaceae	Cupriavidus pinatubonensis	7246.0	1495	18	14	1469	0.9918973666441594	0.9906354515050168	0.9826086956521739	0.9618264892669329	0.96742326
HQ438086	1498	7490	Burkholderiaceae	Cupriavidus plantarum	AF312020	1484	7420	Burkholderiaceae	Cupriavidus campinensis	7200.0	1477	13	11	1456	0.9931787175989086	0.992552471225457	0.985781990521327	0.9699036228887687	0.9703504
HQ438086	1498	7490	Burkholderiaceae	Cupriavidus plantarum	FN430567	1504	7520	Burkholderiaceae	Cupriavidus pampae	7225.0	1477	8	6	1459	0.9918422841604351	0.995937711577522	0.987813134732566	0.9785004183108449	0.9646195
HQ438086	1498	7490	Burkholderiaceae	Cupriavidus plantarum	EU024165	1315	6575	Burkholderiaceae	Cupriavidus pauculus	6470.0	1315	5	5	1303	0.9946564885496183	0.9961977186311787	0.990874524714829	0.9833678995275954	0.9840304
HQ438086	1498	7490	Burkholderiaceae	Cupriavidus plantarum	KF915797	1449	7245	Burkholderiaceae	Cupriavidus yeoncheonensis	6938.0	1450	25	26	1413	0.9922752808988764	0.9827467218771566	0.9744827586206897	0.9407887784921098	0.9576259
HQ438086	1498	7490	Burkholderiaceae	Cupriavidus plantarum	AF191737	1280	6400	Burkholderiaceae	Cupriavidus necator	6176.0	1284	10	14	1255	0.9881889763779528	0.9921875	0.9774143302180686	0.9592860891630193	0.965
AF300324	1542	7710	Burkholderiaceae	Cupriavidus taiwanensis	AB054961	1523	7615	Burkholderiaceae	Cupriavidus laharis	7396.0	1524	11	12	1498	0.9907407407407407	0.9927774130006566	0.9829396325459318	0.9682115468465464	0.971241
AF300324	1542	7710	Burkholderiaceae	Cupriavidus taiwanensis	AF312022	1484	7408	Burkholderiaceae	Cupriavidus basilensis	7229.0	1486	15	17	1462	0.9952348536419333	0.9898921832884097	0.9838492597577388	0.9628744587502454	0.97583693
AF300324	1542	7710	Burkholderiaceae	Cupriavidus taiwanensis	KU168038	1405	7025	Burkholderiaceae	Cupriavidus nantongensis	6931.0	1408	4	7	1395	0.9957173447537473	0.9971530249110321	0.9907670454545454	0.9830486052987379	0.98661923
AF300324	1542	7710	Burkholderiaceae	Cupriavidus taiwanensis	AF155567	1469	7291	Burkholderiaceae	Cupriavidus oxalaticus	7086.0	1475	15	21	1439	0.9896836313617606	0.989788972089857	0.9755932203389831	0.9520218405187123	0.9718831
AF300324	1542	7710	Burkholderiaceae	Cupriavidus taiwanensis	D87999	1462	7310	Burkholderiaceae	Cupriavidus metallidurans	7060.0	1466	19	23	1434	0.9937629937629938	0.9870041039671683	0.9781718963165075	0.9505064285418992	0.9658003
AF300324	1542	7710	Burkholderiaceae	Cupriavidus taiwanensis	AB104447	1529	7645	Burkholderiaceae	Cupriavidus numazuensis	7423.0	1526	16	16	1502	0.9947019867549669	0.9895150720838795	0.9842726081258192	0.9638467174254131	0.9709614
AF300324	1542	7710	Burkholderiaceae	Cupriavidus taiwanensis	AB121221	1524	7620	Burkholderiaceae	Cupriavidus pinatubonensis	7463.0	1524	12	12	1506	0.996031746031746	0.9921259842519685	0.9881889763779528	0.9727485236220472	0.97939634
AF300324	1542	7710	Burkholderiaceae	Cupriavidus taiwanensis	AF312020	1484	7420	Burkholderiaceae	Cupriavidus campinensis	7226.0	1486	11	13	1462	0.9925322471147319	0.9925876010781671	0.9838492597577388	0.9680761253327651	0.9738544
AF300324	1542	7710	Burkholderiaceae	Cupriavidus taiwanensis	FN430567	1504	7520	Burkholderiaceae	Cupriavidus pampae	7290.0	1506	11	13	1478	0.9899531145344943	0.992686170212766	0.9814077025232404	0.9658811469131167	0.9694149
AF300324	1542	7710	Burkholderiaceae	Cupriavidus taiwanensis	EU024165	1315	6575	Burkholderiaceae	Cupriavidus pauculus	6431.0	1317	10	12	1299	0.9954022988505747	0.9923954372623575	0.9863325740318907	0.9699804137992595	0.97809887
AF300324	1542	7710	Burkholderiaceae	Cupriavidus taiwanensis	KF915797	1449	7245	Burkholderiaceae	Cupriavidus yeoncheonensis	7026.0	1452	17	20	1424	0.994413407821229	0.9882677708764666	0.9807162534435262	0.9560147548884476	0.9697723
AF300324	1542	7710	Burkholderiaceae	Cupriavidus taiwanensis	AF191737	1280	6400	Burkholderiaceae	Cupriavidus necator	6225.0	1286	9	15	1261	0.99213217938631	0.99296875	0.9805598755832037	0.9623873373484569	0.97265625
AB054961	1523	7615	Burkholderiaceae	Cupriavidus laharis	AF312022	1484	7408	Burkholderiaceae	Cupriavidus basilensis	7126.0	1485	18	19	1449	0.9884038199181446	0.9878706199460916	0.9757575757575757	0.951736930180044	0.961933
AB054961	1523	7615	Burkholderiaceae	Cupriavidus laharis	KU168038	1405	7025	Burkholderiaceae	Cupriavidus nantongensis	6765.0	1408	14	17	1375	0.9884974838245866	0.9900355871886121	0.9765625	0.9552731627988749	0.96298933
AB054961	1523	7615	Burkholderiaceae	Cupriavidus laharis	AF155567	1469	7291	Burkholderiaceae	Cupriavidus oxalaticus	7017.0	1475	16	22	1431	0.9848589125946318	0.9891082368958475	0.9701694915254238	0.9454435085086793	0.96241945
AB054961	1523	7615	Burkholderiaceae	Cupriavidus laharis	D87999	1462	7310	Burkholderiaceae	Cupriavidus metallidurans	6934.0	1465	29	32	1419	0.9902302861130495	0.9801641586867305	0.9686006825938567	0.9290527296900913	0.94856364
AB054961	1523	7615	Burkholderiaceae	Cupriavidus laharis	AB104447	1529	7645	Burkholderiaceae	Cupriavidus numazuensis	7358.0	1523	12	11	1494	0.9880952380952381	0.9927774130006566	0.9809586342744583	0.9662602312853296	0.96625084
AB054961	1523	7615	Burkholderiaceae	Cupriavidus laharis	AB121221	1524	7620	Burkholderiaceae	Cupriavidus pinatubonensis	7451.0	1523	3	2	1505	0.9894806048652203	0.9986868023637557	0.9881812212738017	0.9849434060009516	0.97846353
AB054961	1523	7615	Burkholderiaceae	Cupriavidus laharis	AF312020	1484	7420	Burkholderiaceae	Cupriavidus campinensis	7093.0	1485	20	21	1446	0.9877049180327869	0.9865229110512129	0.9737373737373738	0.9472103090707743	0.95592993
AB054961	1523	7615	Burkholderiaceae	Cupriavidus laharis	FN430567	1504	7520	Burkholderiaceae	Cupriavidus pampae	7136.0	1505	22	23	1460	0.9851551956815114	0.9853723404255319	0.9700996677740864	0.9415112689202332	0.94893616
AB054961	1523	7615	Burkholderiaceae	Cupriavidus laharis	EU024165	1315	6575	Burkholderiaceae	Cupriavidus pauculus	6303.0	1317	18	20	1284	0.9899768696993061	0.9863117870722433	0.9749430523917996	0.9471918643836434	0.95863116
AB054961	1523	7615	Burkholderiaceae	Cupriavidus laharis	KF915797	1449	7245	Burkholderiaceae	Cupriavidus yeoncheonensis	7016.0	1451	15	17	1423	0.9923291492329149	0.989648033126294	0.9807029634734665	0.9592960775040594	0.968392
AB054961	1523	7615	Burkholderiaceae	Cupriavidus laharis	AF191737	1280	6400	Burkholderiaceae	Cupriavidus necator	6128.0	1285	17	22	1249	0.9889152810768013	0.98671875	0.9719844357976654	0.9428696946332191	0.9575
AF312022	1484	7408	Burkholderiaceae	Cupriavidus basilensis	KU168038	1405	7025	Burkholderiaceae	Cupriavidus nantongensis	6760.0	1406	19	20	1374	0.9913419913419913	0.9864768683274021	0.9772403982930299	0.9504948716029048	0.9622776
AF312022	1484	7408	Burkholderiaceae	Cupriavidus basilensis	AF155567	1469	7291	Burkholderiaceae	Cupriavidus oxalaticus	6965.0	1454	17	22	1416	0.9888268156424581	0.9882677708764666	0.9738651994497937	0.9480455238695475	0.95528734
AF312022	1484	7408	Burkholderiaceae	Cupriavidus basilensis	D87999	1462	7310	Burkholderiaceae	Cupriavidus metallidurans	6994.0	1464	24	26	1425	0.9909596662030598	0.9835841313269493	0.9733606557377049	0.940653644456196	0.95677155
AF312022	1484	7408	Burkholderiaceae	Cupriavidus basilensis	AB104447	1529	7645	Burkholderiaceae	Cupriavidus numazuensis	7272.0	1484	11	9	1466	0.9938983050847457	0.9939353099730458	0.9878706199460916	0.9746549594785853	0.9816415
AF312022	1484	7408	Burkholderiaceae	Cupriavidus basilensis	AB121221	1524	7620	Burkholderiaceae	Cupriavidus pinatubonensis	7246.0	1484	14	12	1463	0.9938858695652174	0.9919137466307277	0.9858490566037735	0.968738191802907	0.9781318
AF312022	1484	7408	Burkholderiaceae	Cupriavidus basilensis	AF312020	1484	7420	Burkholderiaceae	Cupriavidus campinensis	7194.0	1484	11	11	1458	0.9898167006109979	0.9925876010781671	0.9824797843665768	0.9680218878742258	0.9711123
AF312022	1484	7408	Burkholderiaceae	Cupriavidus basilensis	FN430567	1504	7520	Burkholderiaceae	Cupriavidus pampae	7195.0	1484	15	15	1457	0.9918311776718857	0.9898921832884097	0.9818059299191375	0.9621567118420367	0.9712473
AF312022	1484	7408	Burkholderiaceae	Cupriavidus basilensis	EU024165	1315	6575	Burkholderiaceae	Cupriavidus pauculus	6389.0	1315	12	12	1293	0.9923254029163469	0.990874524714829	0.9832699619771863	0.9654866318434617	0.97171104
AF312022	1484	7408	Burkholderiaceae	Cupriavidus basilensis	KF915797	1449	7245	Burkholderiaceae	Cupriavidus yeoncheonensis	7009.0	1440	14	13	1417	0.9929922915206727	0.9909722222222223	0.9840277777777777	0.9657549098272963	0.9674258
AF312022	1484	7408	Burkholderiaceae	Cupriavidus basilensis	AF191737	1280	6400	Burkholderiaceae	Cupriavidus necator	6200.0	1276	16	16	1254	0.9952380952380953	0.987460815047022	0.9827586206896551	0.9584178498985801	0.96875
KU168038	1405	7025	Burkholderiaceae	Cupriavidus nantongensis	AF155567	1469	7291	Burkholderiaceae	Cupriavidus oxalaticus	6645.0	1396	21	26	1355	0.9890510948905109	0.9849029475197699	0.9706303724928367	0.9384358576677391	0.9459075
KU168038	1405	7025	Burkholderiaceae	Cupriavidus nantongensis	D87999	1462	7310	Burkholderiaceae	Cupriavidus metallidurans	6738.0	1405	22	22	1372	0.9920462762111352	0.9843416370106761	0.9765124555160143	0.9464027512113861	0.9591459
KU168038	1405	7025	Burkholderiaceae	Cupriavidus nantongensis	AB104447	1529	7645	Burkholderiaceae	Cupriavidus numazuensis	6796.0	1405	17	14	1379	0.99137311286844	0.9900355871886121	0.9814946619217082	0.9600978022033025	0.96740216
KU168038	1405	7025	Burkholderiaceae	Cupriavidus nantongensis	AB121221	1524	7620	Burkholderiaceae	Cupriavidus pinatubonensis	6828.0	1405	16	12	1383	0.9928212491026561	0.9914590747330961	0.9843416370106761	0.9649457426853425	0.97195727
KU168038	1405	7025	Burkholderiaceae	Cupriavidus nantongensis	AF312020	1484	7420	Burkholderiaceae	Cupriavidus campinensis	6804.0	1405	11	10	1380	0.989247311827957	0.9928825622775801	0.9822064056939501	0.967639785270523	0.9685409
KU168038	1405	7025	Burkholderiaceae	Cupriavidus nantongensis	FN430567	1504	7520	Burkholderiaceae	Cupriavidus pampae	6735.0	1405	14	13	1372	0.985632183908046	0.9907473309608541	0.9765124555160143	0.9579318802524961	0.95871884
KU168038	1405	7025	Burkholderiaceae	Cupriavidus nantongensis	EU024165	1315	6575	Burkholderiaceae	Cupriavidus pauculus	6383.0	1315	12	12	1293	0.9923254029163469	0.990874524714829	0.9832699619771863	0.9654866318434617	0.9707985
KU168038	1405	7025	Burkholderiaceae	Cupriavidus nantongensis	KF915797	1449	7245	Burkholderiaceae	Cupriavidus yeoncheonensis	6813.0	1405	18	13	1381	0.9920977011494253	0.9907473309608541	0.9829181494661922	0.9615053155705828	0.96982205
KU168038	1405	7025	Burkholderiaceae	Cupriavidus nantongensis	AF191737	1280	6400	Burkholderiaceae	Cupriavidus necator	6106.0	1255	9	8	1236	0.9911788291900562	0.9936254980079682	0.9848605577689243	0.9716148065963993	0.9540625
AF155567	1469	7291	Burkholderiaceae	Cupriavidus oxalaticus	D87999	1462	7310	Burkholderiaceae	Cupriavidus metallidurans	6789.0	1434	31	27	1390	0.9879175550817342	0.9811715481171548	0.9693165969316597	0.9309409227869251	0.931148
AF155567	1469	7291	Burkholderiaceae	Cupriavidus oxalaticus	AB104447	1529	7645	Burkholderiaceae	Cupriavidus numazuensis	7027.0	1469	27	21	1432	0.988950276243094	0.9857045609257998	0.9748127978216474	0.9435353818487604	0.96379095
AF155567	1469	7291	Burkholderiaceae	Cupriavidus oxalaticus	AB121221	1524	7620	Burkholderiaceae	Cupriavidus pinatubonensis	7041.0	1469	23	16	1434	0.9869236063317275	0.9891082368958475	0.9761742682096665	0.9506576485982878	0.9657112
AF155567	1469	7291	Burkholderiaceae	Cupriavidus oxalaticus	AF312020	1484	7420	Burkholderiaceae	Cupriavidus campinensis	6867.0	1449	29	24	1405	0.9859649122807017	0.9834368530020704	0.9696342305037957	0.9348638555263253	0.94184613
AF155567	1469	7291	Burkholderiaceae	Cupriavidus oxalaticus	FN430567	1504	7520	Burkholderiaceae	Cupriavidus pampae	7002.0	1469	23	19	1429	0.9855172413793103	0.9870660313138189	0.9727705922396188	0.9453869696698709	0.9603621
AF155567	1469	7291	Burkholderiaceae	Cupriavidus oxalaticus	EU024165	1315	6575	Burkholderiaceae	Cupriavidus pauculus	6302.0	1311	22	18	1282	0.991492652745553	0.9862700228832952	0.9778794813119756	0.9485357609425239	0.9584791
AF155567	1469	7291	Burkholderiaceae	Cupriavidus oxalaticus	KF915797	1449	7245	Burkholderiaceae	Cupriavidus yeoncheonensis	6723.0	1405	28	22	1370	0.9906001446131598	0.9843416370106761	0.9750889679715302	0.9410663242879458	0.9279503
AF155567	1469	7291	Burkholderiaceae	Cupriavidus oxalaticus	AF191737	1280	6400	Burkholderiaceae	Cupriavidus necator	5954.0	1241	20	15	1212	0.9885807504078303	0.9879129734085415	0.9766317485898469	0.9495246025147916	0.9303125
D87999	1462	7310	Burkholderiaceae	Cupriavidus metallidurans	AB104447	1529	7645	Burkholderiaceae	Cupriavidus numazuensis	6970.0	1462	32	28	1423	0.9923291492329149	0.9808481532147743	0.9733242134062927	0.9342348875666825	0.95348835
D87999	1462	7310	Burkholderiaceae	Cupriavidus metallidurans	AB121221	1524	7620	Burkholderiaceae	Cupriavidus pinatubonensis	7011.0	1462	29	25	1428	0.9937369519832986	0.9829001367989056	0.9767441860465116	0.9413691451031772	0.95909715
D87999	1462	7310	Burkholderiaceae	Cupriavidus metallidurans	AF312020	1484	7420	Burkholderiaceae	Cupriavidus campinensis	7014.0	1462	25	23	1428	0.9923558026407228	0.9842681258549931	0.9767441860465116	0.9452151201889241	0.9595075
D87999	1462	7310	Burkholderiaceae	Cupriavidus metallidurans	FN430567	1504	7520	Burkholderiaceae	Cupriavidus pampae	7068.0	1462	15	13	1435	0.9903381642512077	0.9911080711354309	0.981532147742818	0.9629249032358452	0.9668947
D87999	1462	7310	Burkholderiaceae	Cupriavidus metallidurans	EU024165	1315	6575	Burkholderiaceae	Cupriavidus pauculus	6444.0	1314	9	8	1300	0.9954058192955589	0.9939117199391172	0.989345509893455	0.9766328313838641	0.9800761
D87999	1462	7310	Burkholderiaceae	Cupriavidus metallidurans	KF915797	1449	7245	Burkholderiaceae	Cupriavidus yeoncheonensis	6800.0	1433	34	31	1391	0.9921540656205421	0.9783670621074668	0.9706908583391486	0.9276813792716334	0.9385783
D87999	1462	7310	Burkholderiaceae	Cupriavidus metallidurans	AF191737	1280	6400	Burkholderiaceae	Cupriavidus necator	6065.0	1269	24	22	1237	0.991980753809142	0.9826635145784082	0.9747832939322301	0.9401042285641847	0.9476563
AB104447	1529	7645	Burkholderiaceae	Cupriavidus numazuensis	AB121221	1524	7620	Burkholderiaceae	Cupriavidus pinatubonensis	7471.0	1524	6	6	1507	0.9927536231884058	0.9960629921259843	0.9888451443569554	0.9810894961659203	0.9804462
AB104447	1529	7645	Burkholderiaceae	Cupriavidus numazuensis	AF312020	1484	7420	Burkholderiaceae	Cupriavidus campinensis	7185.0	1486	14	16	1457	0.991156462585034	0.9905660377358491	0.9804845222072678	0.9608748317631224	0.96832883
AB104447	1529	7645	Burkholderiaceae	Cupriavidus numazuensis	FN430567	1504	7520	Burkholderiaceae	Cupriavidus pampae	7260.0	1506	18	20	1474	0.9919246298788694	0.988031914893617	0.9787516600265604	0.954347091075767	0.96542555
AB104447	1529	7645	Burkholderiaceae	Cupriavidus numazuensis	EU024165	1315	6575	Burkholderiaceae	Cupriavidus pauculus	6356.0	1319	18	22	1290	0.9946029298380878	0.9863117870722433	0.978013646702047	0.9487537021485078	0.96669203
AB104447	1529	7645	Burkholderiaceae	Cupriavidus numazuensis	KF915797	1449	7245	Burkholderiaceae	Cupriavidus yeoncheonensis	7065.0	1452	12	15	1429	0.9944328462073765	0.9917184265010351	0.9841597796143251	0.9660092918755363	0.9751553
AB104447	1529	7645	Burkholderiaceae	Cupriavidus numazuensis	AF191737	1280	6400	Burkholderiaceae	Cupriavidus necator	6274.0	1286	11	17	1266	0.9976359338061466	0.99140625	0.9844479004665629	0.9631953629083025	0.9803125
AB121221	1524	7620	Burkholderiaceae	Cupriavidus pinatubonensis	AF312020	1484	7420	Burkholderiaceae	Cupriavidus campinensis	7192.0	1486	12	14	1458	0.9904891304347826	0.9919137466307277	0.9811574697173621	0.9641280343284092	0.96927226
AB121221	1524	7620	Burkholderiaceae	Cupriavidus pinatubonensis	FN430567	1504	7520	Burkholderiaceae	Cupriavidus pampae	7264.0	1506	14	16	1475	0.9899328859060402	0.9906914893617021	0.9794156706507304	0.9600850982036766	0.96595746
AB121221	1524	7620	Burkholderiaceae	Cupriavidus pinatubonensis	EU024165	1315	6575	Burkholderiaceae	Cupriavidus pauculus	6381.0	1317	14	16	1293	0.9938508839354343	0.9893536121673003	0.9817767653758542	0.9596480629256096	0.9704943
AB121221	1524	7620	Burkholderiaceae	Cupriavidus pinatubonensis	KF915797	1449	7245	Burkholderiaceae	Cupriavidus yeoncheonensis	7074.0	1452	14	17	1430	0.9965156794425087	0.9903381642512077	0.9848484848484849	0.9640229029724254	0.9763975
AB121221	1524	7620	Burkholderiaceae	Cupriavidus pinatubonensis	AF191737	1280	6400	Burkholderiaceae	Cupriavidus necator	6221.0	1286	13	19	1260	0.994475138121547	0.98984375	0.9797822706065319	0.9556459868040614	0.97203124
AF312020	1484	7420	Burkholderiaceae	Cupriavidus campinensis	FN430567	1504	7520	Burkholderiaceae	Cupriavidus pampae	7190.0	1484	14	14	1457	0.991156462585034	0.9905660377358491	0.9818059299191375	0.9634544172103685	0.9690027
AF312020	1484	7420	Burkholderiaceae	Cupriavidus campinensis	EU024165	1315	6575	Burkholderiaceae	Cupriavidus pauculus	6427.0	1315	9	9	1298	0.9938744257274119	0.9931558935361217	0.9870722433460076	0.9736528321826934	0.9774905
AF312020	1484	7420	Burkholderiaceae	Cupriavidus campinensis	KF915797	1449	7245	Burkholderiaceae	Cupriavidus yeoncheonensis	6892.0	1440	25	24	1404	0.9915254237288136	0.9833333333333333	0.975	0.9423890784982935	0.9512767
AF312020	1484	7420	Burkholderiaceae	Cupriavidus campinensis	AF191737	1280	6400	Burkholderiaceae	Cupriavidus necator	6191.0	1276	9	9	1254	0.98973954222573	0.9929467084639498	0.9827586206896551	0.9689923520729907	0.96734375
FN430567	1504	7520	Burkholderiaceae	Cupriavidus pampae	EU024165	1315	6575	Burkholderiaceae	Cupriavidus pauculus	6374.0	1315	11	11	1292	0.99079754601227	0.9916349809885932	0.9825095057034221	0.9662084430145267	0.9694297
FN430567	1504	7520	Burkholderiaceae	Cupriavidus pampae	KF915797	1449	7245	Burkholderiaceae	Cupriavidus yeoncheonensis	6883.0	1440	27	26	1403	0.9922206506364922	0.9819444444444444	0.9743055555555555	0.9391056956752254	0.9500345
FN430567	1504	7520	Burkholderiaceae	Cupriavidus pampae	AF191737	1280	6400	Burkholderiaceae	Cupriavidus necator	6148.0	1276	14	14	1249	0.9896988906497622	0.9890282131661442	0.9788401253918495	0.9575939831352823	0.960625
EU024165	1315	6575	Burkholderiaceae	Cupriavidus pauculus	KF915797	1449	7245	Burkholderiaceae	Cupriavidus yeoncheonensis	6352.0	1315	20	16	1290	0.9930715935334873	0.9878326996197718	0.9809885931558935	0.9545349681719143	0.96608365
EU024165	1315	6575	Burkholderiaceae	Cupriavidus pauculus	AF191737	1280	6400	Burkholderiaceae	Cupriavidus necator	5898.0	1213	9	9	1194	0.9916943521594684	0.9925803792250618	0.9843363561417972	0.9698371299465823	0.9215625
KF915797	1449	7245	Burkholderiaceae	Cupriavidus yeoncheonensis	AF191737	1280	6400	Burkholderiaceae	Cupriavidus necator	6245.0	1283	12	16	1262	0.9960536700868192	0.9906176700547302	0.9836321122369447	0.962364390891281	0.97578126
