DQ768107	1491	7455	Cystobacteraceae	Cystobacter armeniaca	DQ768110	1491	7455	Cystobacteraceae	Cystobacter gracilis	7022.0	1491	25	25	1441	0.9829467939972715	0.9832327297116029	0.9664654594232059	0.9345899495477703	0.9419182
DQ768107	1491	7455	Cystobacteraceae	Cystobacter armeniaca	DQ768108	1491	7455	Cystobacteraceae	Cystobacter badius	7284.0	1491	0	0	1472	0.9872568745808182	1.0	0.9872568745808182	0.9872568745808182	0.97706234
DQ768107	1491	7455	Cystobacteraceae	Cystobacter armeniaca	DQ768112	1440	7200	Cystobacteraceae	Cystobacter ferrugineus	7038.0	1440	0	0	1422	0.9875	1.0	0.9875	0.9875	0.9775
DQ768107	1491	7455	Cystobacteraceae	Cystobacter armeniaca	DQ768115	1491	7455	Cystobacteraceae	Cystobacter velatus	7302.0	1491	0	0	1474	0.98859825620389	1.0	0.98859825620389	0.98859825620389	0.97947687
DQ768107	1491	7455	Cystobacteraceae	Cystobacter armeniaca	DQ768111	1491	7455	Cystobacteraceae	Cystobacter miniatus	7294.0	1491	3	3	1473	0.9899193548387096	0.9979879275653923	0.9879275653923542	0.983959984808449	0.97840375
DQ768107	1491	7455	Cystobacteraceae	Cystobacter armeniaca	DQ768109	1491	7455	Cystobacteraceae	Cystobacter fuscus	7275.0	1491	0	0	1471	0.9865861837692823	1.0	0.9865861837692823	0.9865861837692823	0.9758551
DQ768110	1491	7455	Cystobacteraceae	Cystobacter gracilis	DQ768108	1491	7455	Cystobacteraceae	Cystobacter badius	7101.0	1491	22	22	1450	0.9870660313138189	0.9852448021462106	0.9725016767270288	0.9442200681506976	0.95251507
DQ768110	1491	7455	Cystobacteraceae	Cystobacter gracilis	DQ768112	1440	7200	Cystobacteraceae	Cystobacter ferrugineus	6846.0	1440	22	22	1399	0.9866008462623413	0.9847222222222223	0.9715277777777778	0.9422889116887064	0.9508333
DQ768110	1491	7455	Cystobacteraceae	Cystobacter gracilis	DQ768115	1491	7455	Cystobacteraceae	Cystobacter velatus	7091.0	1491	21	21	1449	0.9857142857142858	0.9859154929577465	0.971830985915493	0.9448356807511737	0.9511737
DQ768110	1491	7455	Cystobacteraceae	Cystobacter gracilis	DQ768111	1491	7455	Cystobacteraceae	Cystobacter miniatus	7061.0	1491	27	27	1445	0.9870218579234973	0.9818913480885312	0.9691482226693494	0.9346725941949456	0.9471496
DQ768110	1491	7455	Cystobacteraceae	Cystobacter gracilis	DQ768109	1491	7455	Cystobacteraceae	Cystobacter fuscus	7092.0	1491	22	22	1449	0.9863852961198094	0.9852448021462106	0.971830985915493	0.9435688818968005	0.95130783
DQ768108	1491	7455	Cystobacteraceae	Cystobacter badius	DQ768112	1440	7200	Cystobacteraceae	Cystobacter ferrugineus	7191.0	1440	0	0	1439	0.9993055555555556	1.0	0.9993055555555556	0.9993055555555556	0.99875
DQ768108	1491	7455	Cystobacteraceae	Cystobacter badius	DQ768115	1491	7455	Cystobacteraceae	Cystobacter velatus	7419.0	1491	0	0	1487	0.9973172367538564	1.0	0.9973172367538564	0.9973172367538564	0.995171
DQ768108	1491	7455	Cystobacteraceae	Cystobacter badius	DQ768111	1491	7455	Cystobacteraceae	Cystobacter miniatus	7329.0	1491	3	3	1477	0.9926075268817204	0.9979879275653923	0.9906103286384976	0.9866319739050096	0.98309857
DQ768108	1491	7455	Cystobacteraceae	Cystobacter badius	DQ768109	1491	7455	Cystobacteraceae	Cystobacter fuscus	7446.0	1491	0	0	1490	0.9993293091884641	1.0	0.9993293091884641	0.9993293091884641	0.99879277
DQ768112	1440	7200	Cystobacteraceae	Cystobacter ferrugineus	DQ768115	1491	7455	Cystobacteraceae	Cystobacter velatus	7155.0	1440	0	0	1435	0.9965277777777778	1.0	0.9965277777777778	0.9965277777777778	0.99375
DQ768112	1440	7200	Cystobacteraceae	Cystobacter ferrugineus	DQ768111	1491	7455	Cystobacteraceae	Cystobacter miniatus	7083.0	1440	3	3	1427	0.9930410577592206	0.9979166666666667	0.9909722222222223	0.9868517556017556	0.98375
DQ768112	1440	7200	Cystobacteraceae	Cystobacter ferrugineus	DQ768109	1491	7455	Cystobacteraceae	Cystobacter fuscus	7182.0	1440	0	0	1438	0.9986111111111111	1.0	0.9986111111111111	0.9986111111111111	0.9975
DQ768115	1491	7455	Cystobacteraceae	Cystobacter velatus	DQ768111	1491	7455	Cystobacteraceae	Cystobacter miniatus	7293.0	1491	3	3	1473	0.9899193548387096	0.9979879275653923	0.9879275653923542	0.983959984808449	0.97826964
DQ768115	1491	7455	Cystobacteraceae	Cystobacter velatus	DQ768109	1491	7455	Cystobacteraceae	Cystobacter fuscus	7410.0	1491	0	0	1486	0.9966465459423206	1.0	0.9966465459423206	0.9966465459423206	0.9939638
DQ768111	1491	7455	Cystobacteraceae	Cystobacter miniatus	DQ768109	1491	7455	Cystobacteraceae	Cystobacter fuscus	7320.0	1491	3	3	1476	0.9919354838709677	0.9979879275653923	0.9899396378269618	0.9859639766308695	0.98189133
