X93194	1472	7360	Micromonosporaceae	Dactylosporangium roseum	FJ973604	1444	7214	Micromonosporaceae	Dactylosporangium luteum	6967.0	1433	15	12	1410	0.9922589725545391	0.9916259595254711	0.9839497557571528	0.9656026263335041	0.965761
X93194	1472	7360	Micromonosporaceae	Dactylosporangium roseum	AB872783	1422	7110	Micromonosporaceae	Dactylosporangium sucinum	6997.0	1422	7	7	1409	0.9957597173144876	0.9950773558368495	0.990857946554149	0.9811504509266067	0.9841069
X93194	1472	7360	Micromonosporaceae	Dactylosporangium roseum	X93191	1476	7380	Micromonosporaceae	Dactylosporangium aurantiacum	7153.0	1472	17	15	1448	0.9938229238160604	0.9898097826086957	0.9836956521739131	0.9625551143165825	0.971875
X93194	1472	7360	Micromonosporaceae	Dactylosporangium roseum	X93193	1440	7194	Micromonosporaceae	Dactylosporangium matsuzakiense	7040.0	1441	14	15	1421	0.9964936886395512	0.9902777777777778	0.9861207494795281	0.9664661091118948	0.9785933
X93194	1472	7360	Micromonosporaceae	Dactylosporangium roseum	FJ973605	1441	7205	Micromonosporaceae	Dactylosporangium luridum	7013.0	1433	13	13	1415	0.9964788732394366	0.9909281228192603	0.9874389392882066	0.9696841589137299	0.97335184
X93194	1472	7360	Micromonosporaceae	Dactylosporangium roseum	KT208368	1508	7540	Micromonosporaceae	Dactylosporangium solaniradicis	7239.0	1472	9	9	1458	0.9965823650034177	0.9938858695652174	0.9904891304347826	0.978450775034495	0.9835598
X93194	1472	7360	Micromonosporaceae	Dactylosporangium roseum	X93192	1475	7375	Micromonosporaceae	Dactylosporangium fulvum	7309.0	1472	2	3	1466	0.9979577944179714	0.9986403806934059	0.9959239130434783	0.992545609403575	0.99307066
X93194	1472	7360	Micromonosporaceae	Dactylosporangium roseum	AB454508	1452	7260	Micromonosporaceae	Dactylosporangium tropicum	7104.0	1452	10	10	1434	0.9944521497919556	0.9931129476584022	0.987603305785124	0.9740930006444246	0.9785124
X93194	1472	7360	Micromonosporaceae	Dactylosporangium roseum	AB495209	1468	7340	Micromonosporaceae	Dactylosporangium maewongense	7085.0	1466	21	19	1437	0.9930891499654457	0.9870395634379263	0.980218281036835	0.9538506070344991	0.96525884
X93194	1472	7360	Micromonosporaceae	Dactylosporangium roseum	X92630	1469	7345	Micromonosporaceae	Dactylosporangium thailandense	7129.0	1470	12	13	1444	0.9910775566231984	0.9918311776718857	0.9823129251700681	0.965742194313623	0.97059226
X93194	1472	7360	Micromonosporaceae	Dactylosporangium roseum	KF928748	1509	7545	Micromonosporaceae	Dactylosporangium cerinum	7137.0	1472	16	15	1446	0.9924502402196294	0.9898097826086957	0.9823369565217391	0.9618716032608696	0.9697011
X93194	1472	7360	Micromonosporaceae	Dactylosporangium roseum	AB529446	1433	7165	Micromonosporaceae	Dactylosporangium siamense	6940.0	1432	19	18	1406	0.9943422913719944	0.9874301675977654	0.9818435754189944	0.9568069025792268	0.96859735
X93194	1472	7360	Micromonosporaceae	Dactylosporangium roseum	FJ973607	1433	7165	Micromonosporaceae	Dactylosporangium salmoneum	6960.0	1433	15	15	1409	0.9936530324400564	0.9895324494068388	0.9832519190509421	0.9628806776341409	0.9713887
X93194	1472	7360	Micromonosporaceae	Dactylosporangium roseum	FM882231	1422	7110	Micromonosporaceae	Dactylosporangium darangshiense	7006.0	1422	6	6	1410	0.9957627118644068	0.9957805907172996	0.9915611814345991	0.9832287345317874	0.9853727
X93194	1472	7360	Micromonosporaceae	Dactylosporangium roseum	X93196	1476	7380	Micromonosporaceae	Dactylosporangium vinaceum	7172.0	1472	17	18	1449	0.9965612104539202	0.9884432358939497	0.984375	0.9612365681665548	0.97445655
FJ973604	1444	7214	Micromonosporaceae	Dactylosporangium luteum	AB872783	1422	7110	Micromonosporaceae	Dactylosporangium sucinum	6915.0	1416	14	17	1395	0.9971408148677627	0.9900920028308563	0.9851694915254238	0.963812670380467	0.9725738
FJ973604	1444	7214	Micromonosporaceae	Dactylosporangium luteum	X93191	1476	7380	Micromonosporaceae	Dactylosporangium aurantiacum	7083.0	1436	5	6	1424	0.9958041958041958	0.9965156794425087	0.9916434540389972	0.9840736566799209	0.98184085
FJ973604	1444	7214	Micromonosporaceae	Dactylosporangium luteum	X93193	1440	7194	Micromonosporaceae	Dactylosporangium matsuzakiense	6982.0	1436	12	16	1411	0.9936619718309859	0.9916201117318436	0.9825905292479109	0.9635901598978133	0.970531
FJ973604	1444	7214	Micromonosporaceae	Dactylosporangium luteum	FJ973605	1441	7205	Micromonosporaceae	Dactylosporangium luridum	7103.0	1444	7	10	1429	0.9965132496513249	0.9951422623178349	0.989612188365651	0.9780178346770114	0.9858432
FJ973604	1444	7214	Micromonosporaceae	Dactylosporangium luteum	KT208368	1508	7540	Micromonosporaceae	Dactylosporangium solaniradicis	7062.0	1443	10	13	1424	0.9958041958041958	0.9930555555555556	0.9868329868329868	0.9712120930290236	0.9789299
FJ973604	1444	7214	Micromonosporaceae	Dactylosporangium luteum	X93192	1475	7375	Micromonosporaceae	Dactylosporangium fulvum	6951.0	1436	12	16	1408	0.9915492957746479	0.9916201117318436	0.9805013927576601	0.961541421074501	0.9635431
FJ973604	1444	7214	Micromonosporaceae	Dactylosporangium luteum	AB454508	1452	7260	Micromonosporaceae	Dactylosporangium tropicum	6951.0	1430	14	17	1405	0.9943382873319179	0.9901892081289418	0.9825174825174825	0.9614246556767332	0.9635431
FJ973604	1444	7214	Micromonosporaceae	Dactylosporangium luteum	AB495209	1468	7340	Micromonosporaceae	Dactylosporangium maewongense	7095.0	1436	8	9	1425	0.9985984583041345	0.9944250871080139	0.9923398328690808	0.9806571617064948	0.9835043
FJ973604	1444	7214	Micromonosporaceae	Dactylosporangium luteum	X92630	1469	7345	Micromonosporaceae	Dactylosporangium thailandense	6905.0	1436	19	23	1402	0.9922151450813871	0.986731843575419	0.9763231197771588	0.948140596732045	0.9571666
FJ973604	1444	7214	Micromonosporaceae	Dactylosporangium luteum	KF928748	1509	7545	Micromonosporaceae	Dactylosporangium cerinum	7147.0	1443	4	6	1434	0.9979123173277662	0.9972241498959056	0.9937629937629938	0.9868952467432082	0.9907125
FJ973604	1444	7214	Micromonosporaceae	Dactylosporangium luteum	AB529446	1433	7165	Micromonosporaceae	Dactylosporangium siamense	7084.0	1435	7	9	1423	0.9978962131837307	0.9951151430565248	0.9916376306620209	0.980634716590875	0.988695
FJ973604	1444	7214	Micromonosporaceae	Dactylosporangium luteum	FJ973607	1433	7165	Micromonosporaceae	Dactylosporangium salmoneum	7013.0	1436	11	14	1415	0.9950773558368495	0.9923237962316818	0.9853760445682451	0.9683515793891116	0.97878575
FJ973604	1444	7214	Micromonosporaceae	Dactylosporangium luteum	FM882231	1422	7110	Micromonosporaceae	Dactylosporangium darangshiense	6986.0	1425	5	8	1408	0.9936485532815809	0.9964838255977496	0.9880701754385965	0.9790877192982457	0.9825598
FJ973604	1444	7214	Micromonosporaceae	Dactylosporangium luteum	X93196	1476	7380	Micromonosporaceae	Dactylosporangium vinaceum	6975.0	1436	13	17	1410	0.9936575052854123	0.9909217877094972	0.9818941504178273	0.9615650789806053	0.96686995
AB872783	1422	7110	Micromonosporaceae	Dactylosporangium sucinum	X93191	1476	7380	Micromonosporaceae	Dactylosporangium aurantiacum	6935.0	1422	13	11	1402	0.9936215450035436	0.9922644163150492	0.9859353023909986	0.9694457921071074	0.9753868
AB872783	1422	7110	Micromonosporaceae	Dactylosporangium sucinum	X93193	1440	7194	Micromonosporaceae	Dactylosporangium matsuzakiense	6932.0	1421	14	15	1400	0.9957325746799431	0.9901408450704225	0.9852216748768473	0.9653112716911828	0.97496486
AB872783	1422	7110	Micromonosporaceae	Dactylosporangium sucinum	FJ973605	1441	7205	Micromonosporaceae	Dactylosporangium luridum	6929.0	1413	10	10	1397	0.9957234497505346	0.9929228591648974	0.9886765746638358	0.9747809095244988	0.9745429
AB872783	1422	7110	Micromonosporaceae	Dactylosporangium sucinum	KT208368	1508	7540	Micromonosporaceae	Dactylosporangium solaniradicis	7032.0	1422	5	5	1413	0.9971771347918137	0.9964838255977496	0.9936708860759493	0.9867075301819342	0.9890295
AB872783	1422	7110	Micromonosporaceae	Dactylosporangium sucinum	X93192	1475	7375	Micromonosporaceae	Dactylosporangium fulvum	6998.0	1422	5	6	1409	0.9950564971751412	0.9964813511611541	0.990857946554149	0.9832199385568852	0.98424757
AB872783	1422	7110	Micromonosporaceae	Dactylosporangium sucinum	AB454508	1452	7260	Micromonosporaceae	Dactylosporangium tropicum	6950.0	1422	14	14	1403	0.9964488636363636	0.9901547116736991	0.9866385372714487	0.967400459943036	0.9774965
AB872783	1422	7110	Micromonosporaceae	Dactylosporangium sucinum	AB495209	1468	7340	Micromonosporaceae	Dactylosporangium maewongense	6942.0	1422	18	16	1402	0.9971550497866287	0.9887482419127989	0.9859353023909986	0.9626562744178778	0.9763713
AB872783	1422	7110	Micromonosporaceae	Dactylosporangium sucinum	X92630	1469	7345	Micromonosporaceae	Dactylosporangium thailandense	6915.0	1422	11	12	1399	0.9921985815602837	0.9922589725545391	0.9838255977496484	0.9680349566134013	0.9725738
AB872783	1422	7110	Micromonosporaceae	Dactylosporangium sucinum	KF928748	1509	7545	Micromonosporaceae	Dactylosporangium cerinum	6941.0	1422	15	14	1402	0.9957386363636364	0.9901547116736991	0.9859353023909986	0.966038208605794	0.9762307
AB872783	1422	7110	Micromonosporaceae	Dactylosporangium sucinum	AB529446	1433	7165	Micromonosporaceae	Dactylosporangium siamense	6893.0	1412	17	16	1392	0.997134670487106	0.9886685552407932	0.9858356940509915	0.9630697193108356	0.9694796
AB872783	1422	7110	Micromonosporaceae	Dactylosporangium sucinum	FJ973607	1433	7165	Micromonosporaceae	Dactylosporangium salmoneum	6913.0	1413	14	14	1395	0.9971408148677627	0.9900920028308563	0.9872611464968153	0.9678895192354903	0.97229254
AB872783	1422	7110	Micromonosporaceae	Dactylosporangium sucinum	FM882231	1422	7110	Micromonosporaceae	Dactylosporangium darangshiense	6926.0	1409	8	8	1395	0.9957173447537473	0.9943222143364088	0.9900638750887154	0.9788846076212352	0.974121
AB872783	1422	7110	Micromonosporaceae	Dactylosporangium sucinum	X93196	1476	7380	Micromonosporaceae	Dactylosporangium vinaceum	6928.0	1422	15	16	1400	0.9957325746799431	0.9894440534834623	0.9845288326300985	0.9632898668600686	0.97440225
X93191	1476	7380	Micromonosporaceae	Dactylosporangium aurantiacum	X93193	1440	7194	Micromonosporaceae	Dactylosporangium matsuzakiense	7052.0	1443	12	15	1423	0.9964985994397759	0.9916666666666667	0.9861399861399861	0.9678404812425431	0.9802613
X93191	1476	7380	Micromonosporaceae	Dactylosporangium aurantiacum	FJ973605	1441	7205	Micromonosporaceae	Dactylosporangium luridum	7023.0	1435	8	10	1417	0.9943859649122807	0.994417306350314	0.9874564459930314	0.9751389019681703	0.9747398
X93191	1476	7380	Micromonosporaceae	Dactylosporangium aurantiacum	KT208368	1508	7540	Micromonosporaceae	Dactylosporangium solaniradicis	7235.0	1476	8	10	1459	0.995225102319236	0.994572591587517	0.9884823848238482	0.976492706301726	0.9803523
X93191	1476	7380	Micromonosporaceae	Dactylosporangium aurantiacum	X93192	1475	7375	Micromonosporaceae	Dactylosporangium fulvum	7147.0	1476	15	18	1448	0.9931412894375857	0.9898167006109979	0.981029810298103	0.9593168768709819	0.96908474
X93191	1476	7380	Micromonosporaceae	Dactylosporangium aurantiacum	AB454508	1452	7260	Micromonosporaceae	Dactylosporangium tropicum	7050.0	1454	18	20	1427	0.995118549511855	0.987603305785124	0.9814305364511692	0.9560946937982178	0.9710744
X93191	1476	7380	Micromonosporaceae	Dactylosporangium aurantiacum	AB495209	1468	7340	Micromonosporaceae	Dactylosporangium maewongense	7261.0	1468	2	2	1459	0.995225102319236	0.9986376021798365	0.9938692098092643	0.9911648037961778	0.98923707
X93191	1476	7380	Micromonosporaceae	Dactylosporangium aurantiacum	X92630	1469	7345	Micromonosporaceae	Dactylosporangium thailandense	7093.0	1472	17	20	1440	0.9917355371900827	0.988427501701838	0.9782608695652174	0.9539521709930797	0.965691
X93191	1476	7380	Micromonosporaceae	Dactylosporangium aurantiacum	KF928748	1509	7545	Micromonosporaceae	Dactylosporangium cerinum	7310.0	1476	0	1	1468	0.9952542372881356	1.0	0.994579945799458	0.9939061111478322	0.99051493
X93191	1476	7380	Micromonosporaceae	Dactylosporangium aurantiacum	AB529446	1433	7165	Micromonosporaceae	Dactylosporangium siamense	7076.0	1434	4	5	1423	0.9958012596221134	0.9972086531751571	0.9923291492329149	0.9861184661014155	0.9875785
X93191	1476	7380	Micromonosporaceae	Dactylosporangium aurantiacum	FJ973607	1433	7165	Micromonosporaceae	Dactylosporangium salmoneum	7008.0	1435	10	12	1415	0.994378074490513	0.9930216329378926	0.9860627177700348	0.971049998191529	0.9780879
X93191	1476	7380	Micromonosporaceae	Dactylosporangium aurantiacum	FM882231	1422	7110	Micromonosporaceae	Dactylosporangium darangshiense	6942.0	1424	9	11	1403	0.9929228591648974	0.9936708860759493	0.985252808988764	0.971501897488572	0.9763713
X93191	1476	7380	Micromonosporaceae	Dactylosporangium aurantiacum	X93196	1476	7380	Micromonosporaceae	Dactylosporangium vinaceum	7210.0	1476	12	15	1455	0.9958932238193019	0.9918533604887984	0.9857723577235772	0.9678853592971414	0.9769648
X93193	1440	7194	Micromonosporaceae	Dactylosporangium matsuzakiense	FJ973605	1441	7205	Micromonosporaceae	Dactylosporangium luridum	7022.0	1432	10	9	1416	0.9950808151791989	0.9937150837988827	0.9888268156424581	0.9757978908871138	0.9760912
X93193	1440	7194	Micromonosporaceae	Dactylosporangium matsuzakiense	KT208368	1508	7540	Micromonosporaceae	Dactylosporangium solaniradicis	7058.0	1440	13	12	1423	0.9964985994397759	0.9916666666666667	0.9881944444444445	0.9711917871071346	0.9810954
X93193	1440	7194	Micromonosporaceae	Dactylosporangium matsuzakiense	X93192	1475	7375	Micromonosporaceae	Dactylosporangium fulvum	7024.0	1440	15	15	1419	0.9957894736842106	0.9895833333333334	0.9854166666666667	0.9650987972508591	0.9763692
X93193	1440	7194	Micromonosporaceae	Dactylosporangium matsuzakiense	AB454508	1452	7260	Micromonosporaceae	Dactylosporangium tropicum	7050.0	1434	9	8	1420	0.9957924263674615	0.9944211994421199	0.9902370990237099	0.9785711040941166	0.9799833
X93193	1440	7194	Micromonosporaceae	Dactylosporangium matsuzakiense	AB495209	1468	7340	Micromonosporaceae	Dactylosporangium maewongense	7019.0	1440	16	13	1419	0.9943938332165382	0.9909722222222223	0.9854166666666667	0.965789548992674	0.97567415
X93193	1440	7194	Micromonosporaceae	Dactylosporangium matsuzakiense	X92630	1469	7345	Micromonosporaceae	Dactylosporangium thailandense	6964.0	1440	18	18	1412	0.9929676511954993	0.9875	0.9805555555555555	0.9563443072702331	0.9680289
X93193	1440	7194	Micromonosporaceae	Dactylosporangium matsuzakiense	KF928748	1509	7545	Micromonosporaceae	Dactylosporangium cerinum	7027.0	1440	13	11	1420	0.9937018894331701	0.9923611111111111	0.9861111111111112	0.9698229716295786	0.9767862
X93193	1440	7194	Micromonosporaceae	Dactylosporangium matsuzakiense	AB529446	1433	7165	Micromonosporaceae	Dactylosporangium siamense	7015.0	1431	8	6	1415	0.9929824561403509	0.9958071278825996	0.9888190076869322	0.9791988088630149	0.9790649
X93193	1440	7194	Micromonosporaceae	Dactylosporangium matsuzakiense	FJ973607	1433	7165	Micromonosporaceae	Dactylosporangium salmoneum	7063.0	1432	6	5	1421	0.9957953749124037	0.9965083798882681	0.99231843575419	0.9847276827685877	0.98576415
X93193	1440	7194	Micromonosporaceae	Dactylosporangium matsuzakiense	FM882231	1422	7110	Micromonosporaceae	Dactylosporangium darangshiense	6968.0	1421	11	10	1405	0.9957476966690291	0.9929627023223082	0.9887403237156932	0.9742406401975162	0.98002815
X93193	1440	7194	Micromonosporaceae	Dactylosporangium matsuzakiense	X93196	1476	7380	Micromonosporaceae	Dactylosporangium vinaceum	7141.0	1440	2	2	1433	0.9965229485396384	0.9986111111111111	0.9951388888888889	0.9923784481430113	0.99263275
FJ973605	1441	7205	Micromonosporaceae	Dactylosporangium luridum	KT208368	1508	7540	Micromonosporaceae	Dactylosporangium solaniradicis	7104.0	1440	7	7	1429	0.9972086531751571	0.9951388888888889	0.9923611111111111	0.9827598287644936	0.98598194
FJ973605	1441	7205	Micromonosporaceae	Dactylosporangium luridum	X93192	1475	7375	Micromonosporaceae	Dactylosporangium fulvum	7006.0	1433	12	13	1414	0.995774647887324	0.9916201117318436	0.9867411025819958	0.9696694572086049	0.9723803
FJ973605	1441	7205	Micromonosporaceae	Dactylosporangium luridum	AB454508	1452	7260	Micromonosporaceae	Dactylosporangium tropicum	6987.0	1427	12	12	1409	0.9957597173144876	0.9915907498248073	0.9873861247372109	0.9709182533030948	0.96974325
FJ973605	1441	7205	Micromonosporaceae	Dactylosporangium luridum	AB495209	1468	7340	Micromonosporaceae	Dactylosporangium maewongense	7032.0	1433	8	6	1418	0.9936930623686054	0.9958129797627355	0.9895324494068388	0.9799186712724212	0.9759889
FJ973605	1441	7205	Micromonosporaceae	Dactylosporangium luridum	X92630	1469	7345	Micromonosporaceae	Dactylosporangium thailandense	6921.0	1433	16	17	1404	0.9915254237288136	0.9888268156424581	0.9797627355198884	0.9574492984790628	0.9605829
FJ973605	1441	7205	Micromonosporaceae	Dactylosporangium luridum	KF928748	1509	7545	Micromonosporaceae	Dactylosporangium cerinum	7077.0	1440	6	5	1426	0.9937282229965156	0.9965277777777778	0.9902777777777778	0.982744544336868	0.98223454
FJ973605	1441	7205	Micromonosporaceae	Dactylosporangium luridum	AB529446	1433	7165	Micromonosporaceae	Dactylosporangium siamense	7027.0	1432	6	5	1417	0.9929922915206727	0.9965083798882681	0.9895251396648045	0.9819557540345453	0.9807397
FJ973605	1441	7205	Micromonosporaceae	Dactylosporangium luridum	FJ973607	1433	7165	Micromonosporaceae	Dactylosporangium salmoneum	7040.0	1433	11	11	1418	0.9971870604781997	0.9923237962316818	0.9895324494068388	0.9744564702607513	0.9825541
FJ973605	1441	7205	Micromonosporaceae	Dactylosporangium luridum	FM882231	1422	7110	Micromonosporaceae	Dactylosporangium darangshiense	7007.0	1422	7	7	1410	0.9964664310954063	0.9950773558368495	0.9915611814345991	0.9818467961721189	0.9855134
FJ973605	1441	7205	Micromonosporaceae	Dactylosporangium luridum	X93196	1476	7380	Micromonosporaceae	Dactylosporangium vinaceum	7006.0	1433	11	12	1414	0.9950738916256158	0.99231843575419	0.9867411025819958	0.9710243121669087	0.9723803
KT208368	1508	7540	Micromonosporaceae	Dactylosporangium solaniradicis	X93192	1475	7375	Micromonosporaceae	Dactylosporangium fulvum	7252.0	1476	8	9	1461	0.9959100204498977	0.9945762711864407	0.9898373983739838	0.97849829071067	0.983322
KT208368	1508	7540	Micromonosporaceae	Dactylosporangium solaniradicis	AB454508	1452	7260	Micromonosporaceae	Dactylosporangium tropicum	7128.0	1452	14	14	1436	0.9986091794158554	0.990358126721763	0.9889807162534435	0.970091589340008	0.9818182
KT208368	1508	7540	Micromonosporaceae	Dactylosporangium solaniradicis	AB495209	1468	7340	Micromonosporaceae	Dactylosporangium maewongense	7175.0	1466	14	12	1448	0.9958734525447043	0.9918144611186903	0.9877216916780355	0.9703698241215294	0.9775204
KT208368	1508	7540	Micromonosporaceae	Dactylosporangium solaniradicis	X92630	1469	7345	Micromonosporaceae	Dactylosporangium thailandense	7146.0	1470	12	13	1446	0.9924502402196294	0.9918311776718857	0.9836734693877551	0.9670797873805392	0.97290677
KT208368	1508	7540	Micromonosporaceae	Dactylosporangium solaniradicis	KF928748	1509	7545	Micromonosporaceae	Dactylosporangium cerinum	7402.0	1508	11	10	1492	0.9959946595460614	0.993368700265252	0.9893899204244032	0.9757117187595497	0.9816976
KT208368	1508	7540	Micromonosporaceae	Dactylosporangium solaniradicis	AB529446	1433	7165	Micromonosporaceae	Dactylosporangium siamense	7024.0	1432	13	12	1416	0.9971830985915493	0.9916201117318436	0.9888268156424581	0.9717190852680211	0.980321
KT208368	1508	7540	Micromonosporaceae	Dactylosporangium solaniradicis	FJ973607	1433	7165	Micromonosporaceae	Dactylosporangium salmoneum	7065.0	1433	10	10	1421	0.9985945186226283	0.9930216329378926	0.9916259595254711	0.9778820099824985	0.9860433
KT208368	1508	7540	Micromonosporaceae	Dactylosporangium solaniradicis	FM882231	1422	7110	Micromonosporaceae	Dactylosporangium darangshiense	7033.0	1422	5	5	1413	0.9971771347918137	0.9964838255977496	0.9936708860759493	0.9867075301819342	0.9891702
KT208368	1508	7540	Micromonosporaceae	Dactylosporangium solaniradicis	X93196	1476	7380	Micromonosporaceae	Dactylosporangium vinaceum	7245.0	1477	12	13	1460	0.9972677595628415	0.991869918699187	0.988490182802979	0.9718936384308672	0.98170733
X93192	1475	7375	Micromonosporaceae	Dactylosporangium fulvum	AB454508	1452	7260	Micromonosporaceae	Dactylosporangium tropicum	7115.0	1451	10	9	1435	0.9951456310679612	0.9937973811164714	0.988973121984838	0.9761117329925643	0.98002756
X93192	1475	7375	Micromonosporaceae	Dactylosporangium fulvum	AB495209	1468	7340	Micromonosporaceae	Dactylosporangium maewongense	7069.0	1465	22	19	1435	0.9923928077455049	0.9870307167235495	0.9795221843003413	0.9525145114312668	0.96307904
X93192	1475	7375	Micromonosporaceae	Dactylosporangium fulvum	X92630	1469	7345	Micromonosporaceae	Dactylosporangium thailandense	7131.0	1469	13	13	1444	0.9917582417582418	0.9911504424778761	0.9829816201497618	0.965736328568187	0.97086453
X93192	1475	7375	Micromonosporaceae	Dactylosporangium fulvum	KF928748	1509	7545	Micromonosporaceae	Dactylosporangium cerinum	7141.0	1475	17	15	1448	0.9917808219178083	0.9898305084745763	0.9816949152542372	0.960639796428409	0.9682712
X93192	1475	7375	Micromonosporaceae	Dactylosporangium fulvum	AB529446	1433	7165	Micromonosporaceae	Dactylosporangium siamense	6924.0	1431	20	18	1404	0.9936305732484076	0.9874213836477987	0.9811320754716981	0.9554373691533491	0.96636426
X93192	1475	7375	Micromonosporaceae	Dactylosporangium fulvum	FJ973607	1433	7165	Micromonosporaceae	Dactylosporangium salmoneum	6953.0	1432	15	14	1408	0.9929478138222849	0.9902234636871509	0.9832402234636871	0.9635346488400196	0.9704117
X93192	1475	7375	Micromonosporaceae	Dactylosporangium fulvum	FM882231	1422	7110	Micromonosporaceae	Dactylosporangium darangshiense	6990.0	1421	7	6	1408	0.995053003533569	0.995777621393385	0.9908515130190007	0.9818311561077633	0.98312235
X93192	1475	7375	Micromonosporaceae	Dactylosporangium fulvum	X93196	1476	7380	Micromonosporaceae	Dactylosporangium vinaceum	7176.0	1475	18	18	1451	0.9958819492107069	0.9877966101694915	0.9837288135593221	0.9600086278338461	0.973017
AB454508	1452	7260	Micromonosporaceae	Dactylosporangium tropicum	AB495209	1468	7340	Micromonosporaceae	Dactylosporangium maewongense	7043.0	1452	20	18	1426	0.9944211994421199	0.987603305785124	0.9820936639118457	0.9567407024793388	0.9701102
AB454508	1452	7260	Micromonosporaceae	Dactylosporangium tropicum	X92630	1469	7345	Micromonosporaceae	Dactylosporangium thailandense	6970.0	1452	24	25	1417	0.9929922915206727	0.983459682977257	0.9758953168044077	0.9434977080487058	0.9600551
AB454508	1452	7260	Micromonosporaceae	Dactylosporangium tropicum	KF928748	1509	7545	Micromonosporaceae	Dactylosporangium cerinum	7050.0	1452	16	15	1427	0.9930410577592206	0.9896694214876033	0.9827823691460055	0.9620287905060012	0.9710744
AB454508	1452	7260	Micromonosporaceae	Dactylosporangium tropicum	AB529446	1433	7165	Micromonosporaceae	Dactylosporangium siamense	6960.0	1426	12	11	1406	0.9936395759717315	0.9922861150070126	0.9859747545582047	0.9702046437412097	0.9713887
AB454508	1452	7260	Micromonosporaceae	Dactylosporangium tropicum	FJ973607	1433	7165	Micromonosporaceae	Dactylosporangium salmoneum	7025.0	1427	8	8	1414	0.9964763918252291	0.9943938332165382	0.9908899789768746	0.9798417283401987	0.9804606
AB454508	1452	7260	Micromonosporaceae	Dactylosporangium tropicum	FM882231	1422	7110	Micromonosporaceae	Dactylosporangium darangshiense	6976.0	1422	12	12	1406	0.9971631205673759	0.9915611814345991	0.9887482419127989	0.9722001541820406	0.9811533
AB454508	1452	7260	Micromonosporaceae	Dactylosporangium tropicum	X93196	1476	7380	Micromonosporaceae	Dactylosporangium vinaceum	7122.0	1452	11	12	1435	0.9965277777777778	0.9924190213645762	0.9882920110192838	0.9727549527462532	0.9809917
AB495209	1468	7340	Micromonosporaceae	Dactylosporangium maewongense	X92630	1469	7345	Micromonosporaceae	Dactylosporangium thailandense	7066.0	1468	18	21	1435	0.9917069799585349	0.9877133105802047	0.9775204359673024	0.9518654581727366	0.9626703
AB495209	1468	7340	Micromonosporaceae	Dactylosporangium maewongense	KF928748	1509	7545	Micromonosporaceae	Dactylosporangium cerinum	7281.0	1468	2	3	1461	0.9972696245733789	0.9986366734832992	0.9952316076294278	0.9918464661068788	0.99196184
AB495209	1468	7340	Micromonosporaceae	Dactylosporangium maewongense	AB529446	1433	7165	Micromonosporaceae	Dactylosporangium siamense	7105.0	1434	5	6	1426	0.9985994397759104	0.9965108164689462	0.9944211994421199	0.9868196475353351	0.99162596
AB495209	1468	7340	Micromonosporaceae	Dactylosporangium maewongense	FJ973607	1433	7165	Micromonosporaceae	Dactylosporangium salmoneum	7026.0	1435	10	12	1417	0.9957835558678847	0.9930216329378926	0.9874564459930314	0.9724225070228953	0.9806001
AB495209	1468	7340	Micromonosporaceae	Dactylosporangium maewongense	FM882231	1422	7110	Micromonosporaceae	Dactylosporangium darangshiense	6938.0	1424	13	15	1402	0.9950319375443577	0.990857946554149	0.9845505617977528	0.965366556418256	0.97580874
AB495209	1468	7340	Micromonosporaceae	Dactylosporangium maewongense	X93196	1476	7380	Micromonosporaceae	Dactylosporangium vinaceum	7144.0	1468	13	16	1444	0.9944903581267218	0.9911262798634812	0.9836512261580381	0.9643899935053823	0.973297
X92630	1469	7345	Micromonosporaceae	Dactylosporangium thailandense	KF928748	1509	7545	Micromonosporaceae	Dactylosporangium cerinum	7112.0	1469	18	16	1442	0.9924294562973159	0.9891082368958475	0.9816201497617427	0.9591755733717634	0.96827775
X92630	1469	7345	Micromonosporaceae	Dactylosporangium thailandense	AB529446	1433	7165	Micromonosporaceae	Dactylosporangium siamense	6917.0	1431	21	19	1403	0.9936260623229461	0.986722571628232	0.9804332634521313	0.9534240826407779	0.9653873
X92630	1469	7345	Micromonosporaceae	Dactylosporangium thailandense	FJ973607	1433	7165	Micromonosporaceae	Dactylosporangium salmoneum	6910.0	1432	17	16	1403	0.990819209039548	0.9888268156424581	0.9797486033519553	0.9574354881617452	0.9644103
X92630	1469	7345	Micromonosporaceae	Dactylosporangium thailandense	FM882231	1422	7110	Micromonosporaceae	Dactylosporangium darangshiense	6925.0	1421	14	13	1400	0.9943181818181818	0.9908515130190007	0.9852216748768473	0.9666844029453665	0.9739803
X92630	1469	7345	Micromonosporaceae	Dactylosporangium thailandense	X93196	1476	7380	Micromonosporaceae	Dactylosporangium vinaceum	7101.0	1469	20	20	1440	0.9937888198757764	0.9863852961198094	0.9802586793737236	0.9539253367444764	0.9667801
KF928748	1509	7545	Micromonosporaceae	Dactylosporangium cerinum	AB529446	1433	7165	Micromonosporaceae	Dactylosporangium siamense	7114.0	1433	4	4	1427	0.9986004198740378	0.9972086531751571	0.9958129797627355	0.9902691357557057	0.9928821
KF928748	1509	7545	Micromonosporaceae	Dactylosporangium cerinum	FJ973607	1433	7165	Micromonosporaceae	Dactylosporangium salmoneum	7011.0	1434	9	10	1415	0.9936797752808989	0.9937194696441033	0.9867503486750349	0.9737577938414759	0.9785066
KF928748	1509	7545	Micromonosporaceae	Dactylosporangium cerinum	FM882231	1422	7110	Micromonosporaceae	Dactylosporangium darangshiense	6962.0	1423	9	10	1405	0.9943382873319179	0.9936708860759493	0.9873506676036542	0.9742503444999744	0.97918427
KF928748	1509	7545	Micromonosporaceae	Dactylosporangium cerinum	X93196	1476	7380	Micromonosporaceae	Dactylosporangium vinaceum	7201.0	1478	12	14	1455	0.9938524590163934	0.991869918699187	0.9844384303112313	0.967260310050767	0.97574526
AB529446	1433	7165	Micromonosporaceae	Dactylosporangium siamense	FJ973607	1433	7165	Micromonosporaceae	Dactylosporangium salmoneum	7035.0	1433	4	5	1418	0.9929971988795518	0.9972067039106145	0.9895324494068388	0.9833349601621195	0.9818562
AB529446	1433	7165	Micromonosporaceae	Dactylosporangium siamense	FM882231	1422	7110	Micromonosporaceae	Dactylosporangium darangshiense	6948.0	1423	12	13	1403	0.9950354609929078	0.9915611814345991	0.9859451862262825	0.9687684408216434	0.9772152
AB529446	1433	7165	Micromonosporaceae	Dactylosporangium siamense	X93196	1476	7380	Micromonosporaceae	Dactylosporangium vinaceum	7013.0	1433	7	9	1415	0.9936797752808989	0.9951083158630328	0.9874389392882066	0.9764673955183377	0.97878575
FJ973607	1433	7165	Micromonosporaceae	Dactylosporangium salmoneum	FM882231	1422	7110	Micromonosporaceae	Dactylosporangium darangshiense	6966.0	1422	11	11	1405	0.9957476966690291	0.9922644163150492	0.9880450070323488	0.9728761374198494	0.9797468
FJ973607	1433	7165	Micromonosporaceae	Dactylosporangium salmoneum	X93196	1476	7380	Micromonosporaceae	Dactylosporangium vinaceum	7050.0	1433	7	8	1419	0.9957894736842106	0.9951117318435754	0.9902302861130495	0.979915387299372	0.9839498
FM882231	1422	7110	Micromonosporaceae	Dactylosporangium darangshiense	X93196	1476	7380	Micromonosporaceae	Dactylosporangium vinaceum	6960.0	1422	10	11	1404	0.9950389794472005	0.9929627023223082	0.9873417721518988	0.9728625981189449	0.97890294
