AY548789	1533	7665	Desulfobulbaceae	Desulfobulbus propionicus	AF354663	1457	7279	Desulfobulbaceae	Desulfobulbus mediterraneus	6555.0	1442	38	35	1366	0.9708599857853589	0.9757281553398058	0.9472954230235784	0.9005707163474154	0.90053576
AY548789	1533	7665	Desulfobulbaceae	Desulfobulbus propionicus	X95180	1454	7264	Desulfobulbaceae	Desulfobulbus elongatus	6893.0	1462	14	22	1412	0.9805555555555555	0.9903713892709766	0.9658002735978112	0.9422441693637182	0.9489262
AY548789	1533	7665	Desulfobulbaceae	Desulfobulbus propionicus	AB110549	1485	7371	Desulfobulbaceae	Desulfobulbus japonicus	6557.0	1480	60	55	1380	0.968421052631579	0.9628378378378378	0.9324324324324325	0.8628027378027379	0.8895672
AY548789	1533	7665	Desulfobulbaceae	Desulfobulbus propionicus	KU845305	1385	6925	Desulfobulbaceae	Desulfobulbus oligotrophicus	6504.0	1383	20	18	1336	0.9787545787545787	0.9869848156182213	0.9660159074475777	0.9398515421710218	0.93920577
AY548789	1533	7665	Desulfobulbaceae	Desulfobulbus propionicus	HM750216	1500	7500	Desulfobulbaceae	Desulfobulbus alkaliphilus	6941.0	1499	34	33	1435	0.9788540245566166	0.9779853235490327	0.9573048699132756	0.9154657138244371	0.92546666
AY548789	1533	7665	Desulfobulbaceae	Desulfobulbus propionicus	U12253	1440	7182	Desulfobulbaceae	Desulfobulbus rhabdoformis	6629.0	1440	37	37	1373	0.9786172487526729	0.9743055555555555	0.9534722222222223	0.905701779131874	0.92300195
AF354663	1457	7279	Desulfobulbaceae	Desulfobulbus mediterraneus	X95180	1454	7264	Desulfobulbaceae	Desulfobulbus elongatus	6556.0	1442	29	34	1365	0.9694602272727273	0.9798190675017397	0.9466019417475728	0.9060608660642981	0.90253305
AF354663	1457	7279	Desulfobulbaceae	Desulfobulbus mediterraneus	AB110549	1485	7371	Desulfobulbaceae	Desulfobulbus japonicus	6617.0	1442	40	39	1371	0.977191732002851	0.9729542302357836	0.9507628294036061	0.9000811401169091	0.90905344
AF354663	1457	7279	Desulfobulbaceae	Desulfobulbus mediterraneus	KU845305	1385	6925	Desulfobulbaceae	Desulfobulbus oligotrophicus	6319.0	1387	30	33	1315	0.9711964549483013	0.9783236994219653	0.9480894015861572	0.9059372263568504	0.91249096
AF354663	1457	7279	Desulfobulbaceae	Desulfobulbus mediterraneus	HM750216	1500	7500	Desulfobulbaceae	Desulfobulbus alkaliphilus	6507.0	1445	39	40	1361	0.9686832740213523	0.9729916897506925	0.9418685121107266	0.8917286115334035	0.89394146
AF354663	1457	7279	Desulfobulbaceae	Desulfobulbus mediterraneus	U12253	1440	7182	Desulfobulbaceae	Desulfobulbus rhabdoformis	6571.0	1430	34	35	1362	0.9763440860215054	0.9762071378586424	0.9524475524475524	0.907557606328098	0.91492623
X95180	1454	7264	Desulfobulbaceae	Desulfobulbus elongatus	AB110549	1485	7371	Desulfobulbaceae	Desulfobulbus japonicus	6416.0	1453	77	51	1356	0.9671897289586305	0.9649002064693737	0.9332415691672402	0.855166457498347	0.8832599
X95180	1454	7264	Desulfobulbaceae	Desulfobulbus elongatus	KU845305	1385	6925	Desulfobulbaceae	Desulfobulbus oligotrophicus	6545.0	1383	16	14	1341	0.9795471146822499	0.9898770788141721	0.9696312364425163	0.9488385723300963	0.94512635
X95180	1454	7264	Desulfobulbaceae	Desulfobulbus elongatus	HM750216	1500	7500	Desulfobulbaceae	Desulfobulbus alkaliphilus	6715.0	1454	45	35	1391	0.9802677942212826	0.9759284731774416	0.9566712517193948	0.9056147472914085	0.9244218
X95180	1454	7264	Desulfobulbaceae	Desulfobulbus elongatus	U12253	1440	7182	Desulfobulbaceae	Desulfobulbus rhabdoformis	6684.0	1440	42	42	1378	0.9856938483547926	0.9708333333333333	0.9569444444444445	0.9027046783625732	0.93066
AB110549	1485	7371	Desulfobulbaceae	Desulfobulbus japonicus	KU845305	1385	6925	Desulfobulbaceae	Desulfobulbus oligotrophicus	6151.0	1390	44	49	1295	0.9656972408650261	0.9682310469314079	0.9316546762589928	0.8712335570873845	0.88823104
AB110549	1485	7371	Desulfobulbaceae	Desulfobulbus japonicus	HM750216	1500	7500	Desulfobulbaceae	Desulfobulbus alkaliphilus	6537.0	1485	56	59	1378	0.9663394109396914	0.9622132253711201	0.927946127946128	0.8586964169053721	0.8868539
AB110549	1485	7371	Desulfobulbaceae	Desulfobulbus japonicus	U12253	1440	7182	Desulfobulbaceae	Desulfobulbus rhabdoformis	6468.0	1470	46	78	1356	0.9741379310344828	0.9680111265646731	0.9224489795918367	0.8469980076463304	0.9005848
KU845305	1385	6925	Desulfobulbaceae	Desulfobulbus oligotrophicus	HM750216	1500	7500	Desulfobulbaceae	Desulfobulbus alkaliphilus	6467.0	1384	27	27	1332	0.9815770081061165	0.9804913294797688	0.9624277456647399	0.9255949332863587	0.9338628
KU845305	1385	6925	Desulfobulbaceae	Desulfobulbus oligotrophicus	U12253	1440	7182	Desulfobulbaceae	Desulfobulbus rhabdoformis	6382.0	1384	37	37	1321	0.9806978470675576	0.9732658959537572	0.9544797687861272	0.9047742776600375	0.9215884
HM750216	1500	7500	Desulfobulbaceae	Desulfobulbus alkaliphilus	U12253	1440	7182	Desulfobulbaceae	Desulfobulbus rhabdoformis	6571.0	1442	46	48	1366	0.9799139167862266	0.9680555555555556	0.9472954230235784	0.8874528358164437	0.91492623
