AF357915	1526	7630	Desulfuromonadaceae	Desulfuromonas michiganensis	AAEW02000008	1558	7790	Desulfuromonadaceae	Desulfuromonas acetoxidans	6843.0	1526	55	52	1433	0.9721845318860244	0.9659239842726082	0.9390563564875491	0.8755022577246347	0.8968545
AF357915	1526	7630	Desulfuromonadaceae	Desulfuromonas michiganensis	U49748	1502	7426	Desulfuromonadaceae	Desulfuromonas chloroethenica	7095.0	1503	18	19	1451	0.9777628032345014	0.9880159786950732	0.9654025282767797	0.9419180486277062	0.9554269
AF357915	1526	7630	Desulfuromonadaceae	Desulfuromonas michiganensis	Y11560	1440	7200	Desulfuromonadaceae	Desulfuromonas thiophila	6567.0	1439	36	35	1366	0.9729344729344729	0.9756775538568451	0.9492703266157053	0.9035766363175933	0.9120833
AF357915	1526	7630	Desulfuromonadaceae	Desulfuromonas michiganensis	AY835388	1516	7580	Desulfuromonadaceae	Desulfuromonas svalbardensis	6794.0	1513	48	52	1421	0.972621492128679	0.9681908548707754	0.9391936549900859	0.8790275015634308	0.8963061
AF357915	1526	7630	Desulfuromonadaceae	Desulfuromonas michiganensis	KJ776405	1547	7735	Desulfuromonadaceae	Desulfuromonas carbonis	7130.0	1526	34	29	1469	0.9812959251837008	0.9809960681520314	0.9626474442988204	0.9237712975098296	0.9344692
AF357915	1526	7630	Desulfuromonadaceae	Desulfuromonas michiganensis	U23140	1318	6590	Desulfuromonadaceae	Desulfuromonas acetexigens	6281.0	1320	15	17	1283	0.9846508058326938	0.988619119878604	0.9719696969696969	0.9486715469299738	0.95311075
AF357915	1526	7630	Desulfuromonadaceae	Desulfuromonas michiganensis	U28172	1471	7313	Desulfuromonadaceae	Desulfuromonas palmitatis	6750.0	1470	29	28	1398	0.9694868238557559	0.9809523809523809	0.9510204081632653	0.9148575240636615	0.9230138
AAEW02000008	1558	7790	Desulfuromonadaceae	Desulfuromonas acetoxidans	U49748	1502	7426	Desulfuromonadaceae	Desulfuromonas chloroethenica	6585.0	1506	55	59	1389	0.9599170697995854	0.9633821571238349	0.9223107569721115	0.8549543019466018	0.88674927
AAEW02000008	1558	7790	Desulfuromonadaceae	Desulfuromonas acetoxidans	Y11560	1440	7200	Desulfuromonadaceae	Desulfuromonas thiophila	6668.0	1442	36	38	1377	0.9807692307692307	0.975	0.9549237170596394	0.9071129220241771	0.9261111
AAEW02000008	1558	7790	Desulfuromonadaceae	Desulfuromonas acetoxidans	AY835388	1516	7580	Desulfuromonadaceae	Desulfuromonas svalbardensis	7241.0	1523	20	27	1477	0.9872994652406417	0.9868073878627969	0.9697964543663822	0.9402563160933946	0.955277
AAEW02000008	1558	7790	Desulfuromonadaceae	Desulfuromonas acetoxidans	KJ776405	1547	7735	Desulfuromonadaceae	Desulfuromonas carbonis	6812.0	1544	60	58	1437	0.9670255720053835	0.9624352331606217	0.930699481865285	0.8622315648702079	0.8806723
AAEW02000008	1558	7790	Desulfuromonadaceae	Desulfuromonas acetoxidans	U23140	1318	6590	Desulfuromonadaceae	Desulfuromonas acetexigens	5832.0	1335	52	69	1230	0.9715639810426541	0.960546282245827	0.9213483146067416	0.8409711364759445	0.8849772
AAEW02000008	1558	7790	Desulfuromonadaceae	Desulfuromonas acetoxidans	U28172	1471	7313	Desulfuromonadaceae	Desulfuromonas palmitatis	6553.0	1473	50	52	1373	0.9662209711470795	0.9660095173351462	0.9321113374066531	0.8696849707517098	0.8960755
U49748	1502	7426	Desulfuromonadaceae	Desulfuromonas chloroethenica	Y11560	1440	7200	Desulfuromonadaceae	Desulfuromonas thiophila	6409.0	1438	50	49	1343	0.9668826493880489	0.9659248956884562	0.9339360222531293	0.8717991498048364	0.89013886
U49748	1502	7426	Desulfuromonadaceae	Desulfuromonas chloroethenica	AY835388	1516	7580	Desulfuromonadaceae	Desulfuromonas svalbardensis	6682.0	1501	52	52	1400	0.966183574879227	0.9653564290473018	0.9327115256495669	0.870250483365243	0.89981145
U49748	1502	7426	Desulfuromonadaceae	Desulfuromonas chloroethenica	KJ776405	1547	7735	Desulfuromonadaceae	Desulfuromonas carbonis	6886.0	1501	27	24	1427	0.96614759647935	0.9840106595602931	0.9506995336442372	0.9189680701521847	0.9272825
U49748	1502	7426	Desulfuromonadaceae	Desulfuromonas chloroethenica	U23140	1318	6590	Desulfuromonadaceae	Desulfuromonas acetexigens	6178.0	1334	14	30	1271	0.9746932515337423	0.9893778452200304	0.9527736131934033	0.9216741777479213	0.93748105
U49748	1502	7426	Desulfuromonadaceae	Desulfuromonas chloroethenica	U28172	1471	7313	Desulfuromonadaceae	Desulfuromonas palmitatis	6519.0	1469	40	38	1367	0.9552760307477288	0.9741320626276379	0.9305650102110279	0.8824642343353087	0.8914262
Y11560	1440	7200	Desulfuromonadaceae	Desulfuromonas thiophila	AY835388	1516	7580	Desulfuromonadaceae	Desulfuromonas svalbardensis	6743.0	1440	28	28	1387	0.9822946175637394	0.9805555555555555	0.9631944444444445	0.926451332122313	0.9365278
Y11560	1440	7200	Desulfuromonadaceae	Desulfuromonas thiophila	KJ776405	1547	7735	Desulfuromonadaceae	Desulfuromonas carbonis	6523.0	1440	40	40	1361	0.9721428571428572	0.9722222222222222	0.9451388888888889	0.8940503003003002	0.90597224
Y11560	1440	7200	Desulfuromonadaceae	Desulfuromonas thiophila	U23140	1318	6590	Desulfuromonadaceae	Desulfuromonas acetexigens	5971.0	1327	38	47	1247	0.97421875	0.9711684370257967	0.9397136397889977	0.8811966732087304	0.9060698
Y11560	1440	7200	Desulfuromonadaceae	Desulfuromonas thiophila	U28172	1471	7313	Desulfuromonadaceae	Desulfuromonas palmitatis	6443.0	1434	50	50	1345	0.971820809248555	0.9651324965132496	0.9379358437935844	0.8747326198182754	0.8948611
AY835388	1516	7580	Desulfuromonadaceae	Desulfuromonas svalbardensis	KJ776405	1547	7735	Desulfuromonadaceae	Desulfuromonas carbonis	6778.0	1516	56	54	1421	0.9719562243502052	0.9643799472295514	0.9373350923482849	0.8717454866496136	0.89419526
AY835388	1516	7580	Desulfuromonadaceae	Desulfuromonas svalbardensis	U23140	1318	6590	Desulfuromonadaceae	Desulfuromonas acetexigens	5935.0	1333	41	56	1243	0.9733750978856696	0.9688922610015175	0.932483120780195	0.8666527985708217	0.900607
AY835388	1516	7580	Desulfuromonadaceae	Desulfuromonas svalbardensis	U28172	1471	7313	Desulfuromonadaceae	Desulfuromonas palmitatis	6563.0	1471	55	55	1374	0.9703389830508474	0.9626104690686608	0.9340584636301835	0.8667279059635254	0.89744294
KJ776405	1547	7735	Desulfuromonadaceae	Desulfuromonas carbonis	U23140	1318	6590	Desulfuromonadaceae	Desulfuromonas acetexigens	6218.0	1320	20	22	1275	0.9822804314329738	0.9848254931714719	0.9659090909090909	0.9356343283582089	0.9435508
KJ776405	1547	7735	Desulfuromonadaceae	Desulfuromonas carbonis	U28172	1471	7313	Desulfuromonadaceae	Desulfuromonas palmitatis	6785.0	1470	35	34	1401	0.9756267409470752	0.9768707482993197	0.9530612244897959	0.9093660587158452	0.9277998
U23140	1318	6590	Desulfuromonadaceae	Desulfuromonas acetexigens	U28172	1471	7313	Desulfuromonadaceae	Desulfuromonas palmitatis	6005.0	1318	26	25	1248	0.9651972157772621	0.9810318664643399	0.9468892261001517	0.9109581617168869	0.91122913
