GQ863488	1485	7425	Desulfonatronaceae	Desulfonatronum alkalitolerans	FJ469577	1496	7480	Desulfonatronaceae	Desulfonatronum thioautotrophicum	6711.0	1483	55	56	1399	0.9803784162578837	0.9628879892037787	0.9433580579905597	0.8752743489938418	0.9038384
GQ863488	1485	7425	Desulfonatronaceae	Desulfonatronum alkalitolerans	KC417374	1360	6800	Desulfonatronaceae	Desulfonatronum buryatense	6220.0	1361	42	43	1292	0.9802731411229135	0.9691176470588235	0.9493019838354151	0.8917890339950656	0.9147059
GQ863488	1485	7425	Desulfonatronaceae	Desulfonatronum alkalitolerans	AF373920	1481	7405	Desulfonatronaceae	Desulfonatronum thiodismutans	6778.0	1471	45	45	1403	0.9838709677419355	0.9694085656016316	0.9537729435757988	0.8971505392738055	0.9153275
GQ863488	1485	7425	Desulfonatronaceae	Desulfonatronum alkalitolerans	AY725424	1493	7465	Desulfonatronaceae	Desulfonatronum cooperativum	7145.0	1485	16	15	1453	0.9884353741496599	0.98989898989899	0.9784511784511785	0.9582433259981561	0.9622896
GQ863488	1485	7425	Desulfonatronaceae	Desulfonatronum alkalitolerans	FJ469578	1522	7610	Desulfonatronaceae	Desulfonatronum thiosulfatophilum	6838.0	1485	43	42	1416	0.9812889812889813	0.9717171717171718	0.9535353535353536	0.9004918292876408	0.9209428
GQ863488	1485	7425	Desulfonatronaceae	Desulfonatronum alkalitolerans	JX984981	1523	7615	Desulfonatronaceae	Desulfonatronum zhilinae	6829.0	1485	44	44	1415	0.9819569743233866	0.9703703703703703	0.9528619528619529	0.8980209771576678	0.91973066
GQ863488	1485	7425	Desulfonatronaceae	Desulfonatronum alkalitolerans	AF418171	1525	7619	Desulfonatronaceae	Desulfonatronum lacustre	6772.0	1485	48	46	1408	0.9784572619874913	0.969023569023569	0.9481481481481482	0.8900099055350198	0.9120539
FJ469577	1496	7480	Desulfonatronaceae	Desulfonatronum thioautotrophicum	KC417374	1360	6800	Desulfonatronaceae	Desulfonatronum buryatense	6546.0	1361	9	10	1331	0.9851961509992598	0.9933823529411765	0.9779573842762674	0.9643944716476185	0.9626471
FJ469577	1496	7480	Desulfonatronaceae	Desulfonatronum thioautotrophicum	AF373920	1481	7405	Desulfonatronaceae	Desulfonatronum thiodismutans	7139.0	1481	12	12	1450	0.9870660313138189	0.9918973666441594	0.9790681971640783	0.9633296595003558	0.9640783
FJ469577	1496	7480	Desulfonatronaceae	Desulfonatronum thioautotrophicum	AY725424	1493	7465	Desulfonatronaceae	Desulfonatronum cooperativum	6848.0	1487	45	43	1418	0.981994459833795	0.9710827168796234	0.9535978480161399	0.8988219925165182	0.9173476
FJ469577	1496	7480	Desulfonatronaceae	Desulfonatronum thioautotrophicum	FJ469578	1522	7610	Desulfonatronaceae	Desulfonatronum thiosulfatophilum	7171.0	1496	20	18	1460	0.9878213802435724	0.9879679144385026	0.9759358288770054	0.9514730574407744	0.95868987
FJ469577	1496	7480	Desulfonatronaceae	Desulfonatronum thioautotrophicum	JX984981	1523	7615	Desulfonatronaceae	Desulfonatronum zhilinae	7187.0	1496	18	16	1462	0.9878378378378379	0.9893048128342246	0.9772727272727273	0.9553260477963252	0.9608289
FJ469577	1496	7480	Desulfonatronaceae	Desulfonatronum thioautotrophicum	AF418171	1525	7619	Desulfonatronaceae	Desulfonatronum lacustre	7201.0	1496	13	9	1464	0.98453261600538	0.9939839572192514	0.9786096256684492	0.9643422885148999	0.96270055
KC417374	1360	6800	Desulfonatronaceae	Desulfonatronum buryatense	AF373920	1481	7405	Desulfonatronaceae	Desulfonatronum thiodismutans	6644.0	1360	8	7	1342	0.991869918699187	0.9948529411764706	0.986764705882353	0.9759449174406605	0.9770588
KC417374	1360	6800	Desulfonatronaceae	Desulfonatronum buryatense	AY725424	1493	7465	Desulfonatronaceae	Desulfonatronum cooperativum	6306.0	1360	29	27	1303	0.9774943735933983	0.9801470588235294	0.9580882352941177	0.9194612078092577	0.92735296
KC417374	1360	6800	Desulfonatronaceae	Desulfonatronum buryatense	FJ469578	1522	7610	Desulfonatronaceae	Desulfonatronum thiosulfatophilum	6542.0	1360	15	14	1330	0.9881129271916791	0.9897058823529412	0.9779411764705882	0.9573155080213903	0.96205884
KC417374	1360	6800	Desulfonatronaceae	Desulfonatronum buryatense	JX984981	1523	7615	Desulfonatronaceae	Desulfonatronum zhilinae	6780.0	1360	1	0	1358	0.9985294117647059	1.0	0.9985294117647059	0.9977957384276267	0.9970588
KC417374	1360	6800	Desulfonatronaceae	Desulfonatronum buryatense	AF418171	1525	7619	Desulfonatronaceae	Desulfonatronum lacustre	6735.0	1360	7	4	1353	0.9977876106194691	0.9970588235294118	0.9948529411764706	0.9868475407719781	0.9904412
AF373920	1481	7405	Desulfonatronaceae	Desulfonatronum thiodismutans	AY725424	1493	7465	Desulfonatronaceae	Desulfonatronum cooperativum	6857.0	1476	34	33	1415	0.9805959805959806	0.9776422764227642	0.9586720867208672	0.9161349808862328	0.92599595
AF373920	1481	7405	Desulfonatronaceae	Desulfonatronum thiodismutans	FJ469578	1522	7610	Desulfonatronaceae	Desulfonatronum thiosulfatophilum	7104.0	1481	14	14	1446	0.9856850715746421	0.9905469277515192	0.9763673193787981	0.9580808411563189	0.9593518
AF373920	1481	7405	Desulfonatronaceae	Desulfonatronum thiodismutans	JX984981	1523	7615	Desulfonatronaceae	Desulfonatronum zhilinae	7235.0	1481	10	10	1461	0.9932019034670292	0.9932478055367995	0.986495611073599	0.9732629402342482	0.97704256
AF373920	1481	7405	Desulfonatronaceae	Desulfonatronum thiodismutans	AF418171	1525	7619	Desulfonatronaceae	Desulfonatronum lacustre	7231.0	1481	5	3	1461	0.9884979702300406	0.9979743416610398	0.986495611073599	0.9811847329520721	0.97650236
AY725424	1493	7465	Desulfonatronaceae	Desulfonatronum cooperativum	FJ469578	1522	7610	Desulfonatronaceae	Desulfonatronum thiosulfatophilum	7000.0	1491	30	30	1438	0.9842573579739904	0.9798792756539235	0.9644533869885983	0.9264078884880619	0.93770933
AY725424	1493	7465	Desulfonatronaceae	Desulfonatronum cooperativum	JX984981	1523	7615	Desulfonatronaceae	Desulfonatronum zhilinae	6953.0	1491	30	31	1432	0.9808219178082191	0.9798657718120806	0.960429242119383	0.9219110410876391	0.93141323
AY725424	1493	7465	Desulfonatronaceae	Desulfonatronum cooperativum	AF418171	1525	7619	Desulfonatronaceae	Desulfonatronum lacustre	6903.0	1491	33	32	1426	0.9773817683344757	0.9785378940308518	0.9564050972501676	0.9156135412650883	0.92471534
FJ469578	1522	7610	Desulfonatronaceae	Desulfonatronum thiosulfatophilum	JX984981	1523	7615	Desulfonatronaceae	Desulfonatronum zhilinae	7334.0	1522	13	13	1490	0.9874088800530152	0.9914586070959264	0.9789750328515112	0.9623930453243847	0.96373194
FJ469578	1522	7610	Desulfonatronaceae	Desulfonatronum thiosulfatophilum	AF418171	1525	7619	Desulfonatronaceae	Desulfonatronum lacustre	7282.0	1522	20	18	1484	0.9867021276595744	0.988173455978975	0.9750328515111695	0.9510048045867697	0.9568988
JX984981	1523	7615	Desulfonatronaceae	Desulfonatronum zhilinae	AF418171	1525	7619	Desulfonatronaceae	Desulfonatronum lacustre	7525.0	1523	6	4	1513	0.9960500329163924	0.9973736047275115	0.9934340118187788	0.9869367324739863	0.98818123
