AF520711	1422	7110	Pectobacteriaceae	Dickeya zeae	KT992690	1426	7130	Pectobacteriaceae	Dickeya fangzhongdai	6772.0	1420	27	27	1381	0.9913854989231874	0.9809859154929578	0.9725352112676057	0.9362415682762784	0.9524613
AF520711	1422	7110	Pectobacteriaceae	Dickeya zeae	KF639914	1401	6993	Pectobacteriaceae	Dickeya solani	6652.0	1401	35	35	1358	0.9941434846266471	0.9750178443968593	0.9693076374018558	0.9220572651051079	0.95123696
AF520711	1422	7110	Pectobacteriaceae	Dickeya zeae	Z96096	1497	7479	Pectobacteriaceae	Dickeya paradisiaca	6785.0	1422	23	23	1383	0.9885632594710507	0.9838255977496484	0.9725738396624473	0.9416130115486254	0.95428973
AF520711	1422	7110	Pectobacteriaceae	Dickeya zeae	AJ233412	1496	7480	Pectobacteriaceae	Dickeya chrysanthemi	6990.0	1422	8	8	1408	0.9957567185289957	0.9943741209563994	0.9901547116736991	0.9790760575570703	0.98312235
AF520711	1422	7110	Pectobacteriaceae	Dickeya zeae	AF520712	1434	7170	Pectobacteriaceae	Dickeya dadantii subsp. dieffenbachiae	7049.0	1422	2	2	1415	0.9964788732394366	0.9985935302390999	0.9950773558368495	0.9922821947249482	0.9914205
AF520711	1422	7110	Pectobacteriaceae	Dickeya zeae	AF520708	1427	7135	Pectobacteriaceae	Dickeya dianthicola	6770.0	1420	26	25	1381	0.9899641577060931	0.9823943661971831	0.9725352112676057	0.9382341768453042	0.95218
AF520711	1422	7110	Pectobacteriaceae	Dickeya zeae	JX273704	1409	7045	Pectobacteriaceae	Dickeya aquatica	6857.0	1399	6	7	1383	0.9935344827586207	0.9957081545064378	0.9885632594710507	0.9794164108069058	0.9733144
AF520711	1422	7110	Pectobacteriaceae	Dickeya zeae	AF520707	1360	6800	Pectobacteriaceae	Dickeya dadantii	6450.0	1362	25	27	1319	0.9880149812734083	0.9816176470588235	0.9684287812041116	0.9321214296376993	0.9485294
KT992690	1426	7130	Pectobacteriaceae	Dickeya fangzhongdai	KF639914	1401	6993	Pectobacteriaceae	Dickeya solani	6850.0	1401	10	10	1382	0.9935298346513299	0.9928622412562456	0.9864382583868665	0.9724561427470809	0.97955096
KT992690	1426	7130	Pectobacteriaceae	Dickeya fangzhongdai	Z96096	1497	7479	Pectobacteriaceae	Dickeya paradisiaca	6789.0	1423	26	26	1384	0.9906943450250537	0.9817287420941673	0.9725931131412509	0.9376898406199637	0.9521739
KT992690	1426	7130	Pectobacteriaceae	Dickeya fangzhongdai	AJ233412	1496	7480	Pectobacteriaceae	Dickeya chrysanthemi	6823.0	1426	29	29	1389	0.9942734430923408	0.979663394109397	0.9740532959326789	0.9352250545827852	0.9569425
KT992690	1426	7130	Pectobacteriaceae	Dickeya fangzhongdai	AF520712	1434	7170	Pectobacteriaceae	Dickeya dadantii subsp. dieffenbachiae	6774.0	1420	28	28	1381	0.9920977011494253	0.9802816901408451	0.9725352112676057	0.9349233522683059	0.95007014
KT992690	1426	7130	Pectobacteriaceae	Dickeya fangzhongdai	AF520708	1427	7135	Pectobacteriaceae	Dickeya dianthicola	6984.0	1426	12	11	1409	0.9957597173144876	0.9922861150070126	0.988078541374474	0.9722747816723789	0.9795231
KT992690	1426	7130	Pectobacteriaceae	Dickeya fangzhongdai	JX273704	1409	7045	Pectobacteriaceae	Dickeya aquatica	6672.0	1397	30	31	1359	0.9948755490483162	0.9785100286532952	0.9727988546886185	0.9312146009142626	0.9470546
KT992690	1426	7130	Pectobacteriaceae	Dickeya fangzhongdai	AF520707	1360	6800	Pectobacteriaceae	Dickeya dadantii	6701.0	1362	6	8	1349	0.9963072378138847	0.9955882352941177	0.9904552129221733	0.9803189753630283	0.98544115
KF639914	1401	6993	Pectobacteriaceae	Dickeya solani	Z96096	1497	7479	Pectobacteriaceae	Dickeya paradisiaca	6682.0	1401	28	28	1362	0.9919883466860888	0.9800142755174875	0.9721627408993576	0.9340653906611742	0.95552695
KF639914	1401	6993	Pectobacteriaceae	Dickeya solani	AJ233412	1496	7480	Pectobacteriaceae	Dickeya chrysanthemi	6667.0	1401	32	32	1359	0.9926953981008035	0.9771591720199857	0.9700214132762313	0.9266987542045783	0.95338196
KF639914	1401	6993	Pectobacteriaceae	Dickeya solani	AF520712	1434	7170	Pectobacteriaceae	Dickeya dadantii subsp. dieffenbachiae	6619.0	1401	37	37	1354	0.9926686217008798	0.9735902926481085	0.966452533904354	0.9167185370274957	0.94651794
KF639914	1401	6993	Pectobacteriaceae	Dickeya solani	AF520708	1427	7135	Pectobacteriaceae	Dickeya dianthicola	6841.0	1401	12	11	1381	0.9935251798561151	0.9921484653818701	0.9857244825124911	0.9696794272415872	0.978264
KF639914	1401	6993	Pectobacteriaceae	Dickeya solani	JX273704	1409	7045	Pectobacteriaceae	Dickeya aquatica	6600.0	1397	34	35	1350	0.9911894273127754	0.9756446991404012	0.9663564781675018	0.9197606731405573	0.9438009
KF639914	1401	6993	Pectobacteriaceae	Dickeya solani	AF520707	1360	6800	Pectobacteriaceae	Dickeya dadantii	6570.0	1350	11	13	1327	0.9925205684367988	0.9918397626112759	0.9829629629629629	0.9656293030723597	0.96617645
Z96096	1497	7479	Pectobacteriaceae	Dickeya paradisiaca	AJ233412	1496	7480	Pectobacteriaceae	Dickeya chrysanthemi	7118.0	1490	23	24	1450	0.9890859481582538	0.984553391537945	0.9731543624161074	0.9429241872452171	0.9517315
Z96096	1497	7479	Pectobacteriaceae	Dickeya paradisiaca	AF520712	1434	7170	Pectobacteriaceae	Dickeya dadantii subsp. dieffenbachiae	6802.0	1435	27	28	1390	0.9879175550817342	0.9811715481171548	0.9686411149825784	0.9322011277568317	0.94867504
Z96096	1497	7479	Pectobacteriaceae	Dickeya paradisiaca	AF520708	1427	7135	Pectobacteriaceae	Dickeya dianthicola	6837.0	1423	20	19	1390	0.99002849002849	0.9866479269149684	0.9768095572733662	0.9504092989686806	0.9582341
Z96096	1497	7479	Pectobacteriaceae	Dickeya paradisiaca	JX273704	1409	7045	Pectobacteriaceae	Dickeya aquatica	6661.0	1410	29	30	1363	0.9876811594202899	0.9794180269694819	0.9666666666666667	0.9270326615705351	0.9454933
Z96096	1497	7479	Pectobacteriaceae	Dickeya paradisiaca	AF520707	1360	6800	Pectobacteriaceae	Dickeya dadantii	6473.0	1363	29	32	1321	0.9924868519909842	0.9786764705882353	0.9691856199559794	0.9267141236791729	0.95191175
AJ233412	1496	7480	Pectobacteriaceae	Dickeya chrysanthemi	AF520712	1434	7170	Pectobacteriaceae	Dickeya dadantii subsp. dieffenbachiae	7041.0	1435	10	11	1419	0.9964887640449438	0.99302649930265	0.9888501742160278	0.9744793412343417	0.9820084
AJ233412	1496	7480	Pectobacteriaceae	Dickeya chrysanthemi	AF520708	1427	7135	Pectobacteriaceae	Dickeya dianthicola	6887.0	1426	22	21	1397	0.994306049822064	0.985273492286115	0.979663394109397	0.9505711800578057	0.9652418
AJ233412	1496	7480	Pectobacteriaceae	Dickeya chrysanthemi	JX273704	1409	7045	Pectobacteriaceae	Dickeya aquatica	6896.0	1410	10	11	1392	0.9949964260185847	0.992902767920511	0.9872340425531915	0.972634102487264	0.97885025
AJ233412	1496	7480	Pectobacteriaceae	Dickeya chrysanthemi	AF520707	1360	6800	Pectobacteriaceae	Dickeya dadantii	6505.0	1362	25	27	1325	0.9925093632958801	0.9816176470588235	0.972834067547724	0.9363615574449975	0.95661765
AF520712	1434	7170	Pectobacteriaceae	Dickeya dadantii subsp. dieffenbachiae	AF520708	1427	7135	Pectobacteriaceae	Dickeya dianthicola	6772.0	1420	28	27	1381	0.9913854989231874	0.9809859154929578	0.9725352112676057	0.9355949926075793	0.94912404
AF520712	1434	7170	Pectobacteriaceae	Dickeya dadantii subsp. dieffenbachiae	JX273704	1409	7045	Pectobacteriaceae	Dickeya aquatica	6907.0	1409	9	9	1393	0.995	0.99361249112846	0.9886444286728177	0.9760946404386069	0.98041165
AF520712	1434	7170	Pectobacteriaceae	Dickeya dadantii subsp. dieffenbachiae	AF520707	1360	6800	Pectobacteriaceae	Dickeya dadantii	6452.0	1362	27	29	1319	0.9894973743435859	0.9801470588235294	0.9684287812041116	0.9293848562599574	0.9488235
AF520708	1427	7135	Pectobacteriaceae	Dickeya dianthicola	JX273704	1409	7045	Pectobacteriaceae	Dickeya aquatica	6648.0	1398	26	28	1357	0.9905109489051095	0.9813753581661891	0.9706723891273248	0.9338631833598561	0.943648
AF520708	1427	7135	Pectobacteriaceae	Dickeya dianthicola	AF520707	1360	6800	Pectobacteriaceae	Dickeya dadantii	6659.0	1363	10	13	1344	0.9955555555555555	0.9926470588235294	0.9860601614086574	0.969542037801666	0.9792647
JX273704	1409	7045	Pectobacteriaceae	Dickeya aquatica	AF520707	1360	6800	Pectobacteriaceae	Dickeya dadantii	6424.0	1345	25	26	1309	0.9924184988627748	0.9813988095238095	0.9732342007434944	0.9370043144384447	0.9447059
