GQ131577	1501	7505	Cytophagaceae	Dyadobacter psychrophilus	GQ241324	1398	6990	Cytophagaceae	Dyadobacter soli	6630.0	1402	30	34	1356	0.9912280701754386	0.9785407725321889	0.9671897289586305	0.9239633723571276	0.94849783
GQ131577	1501	7505	Cytophagaceae	Dyadobacter psychrophilus	JN562715	1401	7005	Cytophagaceae	Dyadobacter arcticus	6635.0	1402	24	25	1358	0.9862018881626725	0.9828693790149893	0.9686162624821684	0.9353328144726129	0.94718057
GQ131577	1501	7505	Cytophagaceae	Dyadobacter psychrophilus	EU360597	1412	7060	Cytophagaceae	Dyadobacter alkalitolerans	6893.0	1412	15	15	1392	0.9964209019327129	0.9893767705382436	0.9858356940509915	0.9651103465937177	0.9763456
GQ131577	1501	7505	Cytophagaceae	Dyadobacter psychrophilus	AJ821885	1434	7170	Cytophagaceae	Dyadobacter crusticola	6773.0	1438	26	32	1388	0.9871977240398293	0.9818435754189944	0.9652294853963839	0.9269895194448877	0.9446304
GQ131577	1501	7505	Cytophagaceae	Dyadobacter psychrophilus	EF017660	1360	6800	Cytophagaceae	Dyadobacter koreensis	6570.0	1361	14	15	1333	0.9903417533432393	0.9897058823529412	0.9794268919911829	0.9587698884510053	0.96617645
GQ131577	1501	7505	Cytophagaceae	Dyadobacter psychrophilus	KJ473428	1472	7360	Cytophagaceae	Dyadobacter sediminis	7001.0	1471	28	27	1430	0.9903047091412742	0.981645139360979	0.9721278042148198	0.9364593390835222	0.95122284
GQ131577	1501	7505	Cytophagaceae	Dyadobacter psychrophilus	JN597283	1346	6718	Cytophagaceae	Dyadobacter jejuensis	6336.0	1346	28	28	1298	0.9848254931714719	0.9791976225854383	0.9643387815750372	0.9250353086724157	0.9431378
GQ131577	1501	7505	Cytophagaceae	Dyadobacter psychrophilus	DQ335125	1411	7055	Cytophagaceae	Dyadobacter beijingensis	6594.0	1413	27	29	1358	0.9812138728323699	0.9808646350106307	0.9610757254069356	0.923700558307777	0.93465626
GQ131577	1501	7505	Cytophagaceae	Dyadobacter psychrophilus	KT003984	1374	6870	Cytophagaceae	Dyadobacter endophyticus	6507.0	1379	27	32	1332	0.9888641425389755	0.980349344978166	0.9659173313995649	0.9253845273081179	0.94716156
GQ131577	1501	7505	Cytophagaceae	Dyadobacter psychrophilus	AB245369	1451	7255	Cytophagaceae	Dyadobacter ginsengisoli	7000.0	1456	18	23	1422	0.9923237962316818	0.9875947622329428	0.9766483516483516	0.94948242056451	0.9648518
GQ131577	1501	7505	Cytophagaceae	Dyadobacter psychrophilus	AJ619978	1446	7230	Cytophagaceae	Dyadobacter hamtensis	6882.0	1453	20	27	1407	0.9866760168302945	0.9861687413554634	0.9683413626978665	0.9374438446755993	0.9518672
GQ131577	1501	7505	Cytophagaceae	Dyadobacter psychrophilus	JQ824420	1353	6765	Cytophagaceae	Dyadobacter tibetensis	6295.0	1367	33	47	1300	0.9848484848484849	0.975609756097561	0.9509875640087784	0.896645417493991	0.93052477
GQ131577	1501	7505	Cytophagaceae	Dyadobacter psychrophilus	AF137029	1393	6965	Cytophagaceae	Dyadobacter fermentans	6596.0	1395	32	34	1349	0.991182953710507	0.9770279971284996	0.9670250896057347	0.9222993321327295	0.9470208
GQ131577	1501	7505	Cytophagaceae	Dyadobacter psychrophilus	KP318954	1499	7495	Cytophagaceae	Dyadobacter jiangsuensis	7098.0	1500	30	32	1452	0.989100817438692	0.9799732977303071	0.968	0.9287738562091502	0.9470314
GQ241324	1398	6990	Cytophagaceae	Dyadobacter soli	JN562715	1401	7005	Cytophagaceae	Dyadobacter arcticus	6343.0	1358	35	34	1305	0.9856495468277946	0.9749631811487481	0.9609720176730486	0.9133718244071186	0.9074392
GQ241324	1398	6990	Cytophagaceae	Dyadobacter soli	EU360597	1412	7060	Cytophagaceae	Dyadobacter alkalitolerans	6398.0	1363	39	37	1313	0.9901960784313726	0.9728539985326485	0.9633162142333089	0.9110965050451981	0.9153076
GQ241324	1398	6990	Cytophagaceae	Dyadobacter soli	AJ821885	1434	7170	Cytophagaceae	Dyadobacter crusticola	6599.0	1398	33	31	1352	0.9890270665691295	0.9778254649499285	0.9670958512160229	0.9238434861022385	0.94406295
GQ241324	1398	6990	Cytophagaceae	Dyadobacter soli	EF017660	1360	6800	Cytophagaceae	Dyadobacter koreensis	6379.0	1359	29	28	1310	0.9842223891810669	0.9793966151582045	0.963944076526858	0.9243584768423977	0.93808824
GQ241324	1398	6990	Cytophagaceae	Dyadobacter soli	KJ473428	1472	7360	Cytophagaceae	Dyadobacter sediminis	6556.0	1398	34	29	1348	0.9846603360116873	0.9792560801144492	0.9642346208869814	0.9218136843535457	0.93791133
GQ241324	1398	6990	Cytophagaceae	Dyadobacter soli	JN597283	1346	6718	Cytophagaceae	Dyadobacter jejuensis	6307.0	1344	31	29	1295	0.9847908745247148	0.9784226190476191	0.9635416666666666	0.921496212121212	0.9388211
GQ241324	1398	6990	Cytophagaceae	Dyadobacter soli	DQ335125	1411	7055	Cytophagaceae	Dyadobacter beijingensis	6734.0	1389	9	9	1365	0.9891304347826086	0.9935205183585313	0.9827213822894169	0.9700683172813986	0.9633762
GQ241324	1398	6990	Cytophagaceae	Dyadobacter soli	KT003984	1374	6870	Cytophagaceae	Dyadobacter endophyticus	6692.0	1365	10	12	1349	0.9970436067997044	0.9926632428466617	0.9882783882783883	0.9724659340659341	0.9740902
GQ241324	1398	6990	Cytophagaceae	Dyadobacter soli	AB245369	1451	7255	Cytophagaceae	Dyadobacter ginsengisoli	6641.0	1397	26	24	1357	0.9883466860888566	0.9828203292770222	0.9713672154617037	0.9372362521636819	0.9500715
GQ241324	1398	6990	Cytophagaceae	Dyadobacter soli	AJ619978	1446	7230	Cytophagaceae	Dyadobacter hamtensis	6512.0	1398	28	28	1342	0.9795620437956204	0.9799713876967096	0.9599427753934192	0.922245162895501	0.9316166
GQ241324	1398	6990	Cytophagaceae	Dyadobacter soli	JQ824420	1353	6765	Cytophagaceae	Dyadobacter tibetensis	6250.0	1365	35	47	1295	0.9825493171471927	0.9741315594974131	0.9487179487179487	0.8931501831501831	0.9238729
GQ241324	1398	6990	Cytophagaceae	Dyadobacter soli	AF137029	1393	6965	Cytophagaceae	Dyadobacter fermentans	6760.0	1372	9	9	1360	0.9977989728539985	0.9934402332361516	0.9912536443148688	0.9783336112970067	0.9705671
GQ241324	1398	6990	Cytophagaceae	Dyadobacter soli	KP318954	1499	7495	Cytophagaceae	Dyadobacter jiangsuensis	6886.0	1398	10	8	1386	0.9971223021582734	0.994277539341917	0.9914163090128756	0.9787419527896997	0.9851216
JN562715	1401	7005	Cytophagaceae	Dyadobacter arcticus	EU360597	1412	7060	Cytophagaceae	Dyadobacter alkalitolerans	6671.0	1401	26	25	1362	0.9898255813953488	0.9821556031406139	0.9721627408993576	0.9374183121776567	0.9523198
JN562715	1401	7005	Cytophagaceae	Dyadobacter arcticus	AJ821885	1434	7170	Cytophagaceae	Dyadobacter crusticola	6605.0	1384	20	25	1346	0.9904341427520236	0.9854967367657723	0.9725433526011561	0.941372091299837	0.9428979
JN562715	1401	7005	Cytophagaceae	Dyadobacter arcticus	EF017660	1360	6800	Cytophagaceae	Dyadobacter koreensis	6219.0	1330	32	32	1279	0.985362095531587	0.9759398496240601	0.9616541353383459	0.9164662758217129	0.9145588
JN562715	1401	7005	Cytophagaceae	Dyadobacter arcticus	KJ473428	1472	7360	Cytophagaceae	Dyadobacter sediminis	6547.0	1401	30	28	1348	0.9817916970138383	0.9800142755174875	0.9621698786581013	0.923172077845963	0.9346181
JN562715	1401	7005	Cytophagaceae	Dyadobacter arcticus	JN597283	1346	6718	Cytophagaceae	Dyadobacter jejuensis	6268.0	1345	37	36	1289	0.9847211611917495	0.9732342007434944	0.958364312267658	0.9077415953389032	0.93301576
JN562715	1401	7005	Cytophagaceae	Dyadobacter arcticus	DQ335125	1411	7055	Cytophagaceae	Dyadobacter beijingensis	6388.0	1381	34	35	1320	0.9806835066864784	0.9753623188405797	0.9558291093410572	0.9092197746806099	0.9119201
JN562715	1401	7005	Cytophagaceae	Dyadobacter arcticus	KT003984	1374	6870	Cytophagaceae	Dyadobacter endophyticus	6399.0	1371	34	37	1316	0.9865067466266867	0.9751461988304093	0.9598832968636032	0.9113767388014568	0.93144107
JN562715	1401	7005	Cytophagaceae	Dyadobacter arcticus	AB245369	1451	7255	Cytophagaceae	Dyadobacter ginsengisoli	6619.0	1401	25	26	1355	0.9854545454545455	0.9821428571428571	0.9671663097787295	0.9325762103406403	0.9448965
JN562715	1401	7005	Cytophagaceae	Dyadobacter arcticus	AJ619978	1446	7230	Cytophagaceae	Dyadobacter hamtensis	6535.0	1401	34	37	1345	0.9860703812316716	0.9756795422031473	0.960028551034975	0.9125288805656487	0.9329051
JN562715	1401	7005	Cytophagaceae	Dyadobacter arcticus	JQ824420	1353	6765	Cytophagaceae	Dyadobacter tibetensis	6182.0	1330	36	38	1274	0.9860681114551083	0.9728915662650602	0.9578947368421052	0.9060029282576866	0.91382116
JN562715	1401	7005	Cytophagaceae	Dyadobacter arcticus	AF137029	1393	6965	Cytophagaceae	Dyadobacter fermentans	6456.0	1380	32	33	1327	0.9851521900519673	0.9767947788252357	0.9615942028985507	0.9173281808104445	0.9269203
JN562715	1401	7005	Cytophagaceae	Dyadobacter arcticus	KP318954	1499	7495	Cytophagaceae	Dyadobacter jiangsuensis	6518.0	1401	35	36	1343	0.9838827838827838	0.975	0.9586009992862241	0.9112049888758328	0.9304782
EU360597	1412	7060	Cytophagaceae	Dyadobacter alkalitolerans	AJ821885	1434	7170	Cytophagaceae	Dyadobacter crusticola	6541.0	1390	29	35	1341	0.9896678966789668	0.9790462427745664	0.9647482014388489	0.9212359499292743	0.92648727
EU360597	1412	7060	Cytophagaceae	Dyadobacter alkalitolerans	EF017660	1360	6800	Cytophagaceae	Dyadobacter koreensis	6348.0	1336	26	27	1296	0.9900687547746372	0.9805243445692884	0.9700598802395209	0.9323115882771901	0.93352944
EU360597	1412	7060	Cytophagaceae	Dyadobacter alkalitolerans	KJ473428	1472	7360	Cytophagaceae	Dyadobacter sediminis	6681.0	1412	32	31	1367	0.9898624185372918	0.9780453257790368	0.9681303116147308	0.9258919392935896	0.94631726
EU360597	1412	7060	Cytophagaceae	Dyadobacter alkalitolerans	JN597283	1346	6718	Cytophagaceae	Dyadobacter jejuensis	6280.0	1346	45	45	1290	0.9915449654112222	0.9665676077265973	0.9583952451708767	0.8963854881145297	0.934802
EU360597	1412	7060	Cytophagaceae	Dyadobacter alkalitolerans	DQ335125	1411	7055	Cytophagaceae	Dyadobacter beijingensis	6416.0	1387	35	37	1325	0.9814814814814815	0.9747292418772563	0.9552992069214131	0.9069296268241264	0.9094259
EU360597	1412	7060	Cytophagaceae	Dyadobacter alkalitolerans	KT003984	1374	6870	Cytophagaceae	Dyadobacter endophyticus	6425.0	1377	39	44	1320	0.9902475618904726	0.9715743440233237	0.9586056644880174	0.9024162081656266	0.9352256
EU360597	1412	7060	Cytophagaceae	Dyadobacter alkalitolerans	AB245369	1451	7255	Cytophagaceae	Dyadobacter ginsengisoli	6731.0	1412	27	29	1372	0.9920462762111352	0.9808510638297873	0.9716713881019831	0.933857908092455	0.9533994
EU360597	1412	7060	Cytophagaceae	Dyadobacter alkalitolerans	AJ619978	1446	7230	Cytophagaceae	Dyadobacter hamtensis	6645.0	1412	27	30	1363	0.9862518089725036	0.9808374733853797	0.9652974504249292	0.9270612067319335	0.94121814
EU360597	1412	7060	Cytophagaceae	Dyadobacter alkalitolerans	JQ824420	1353	6765	Cytophagaceae	Dyadobacter tibetensis	6206.0	1336	40	44	1278	0.9891640866873065	0.96996996996997	0.9565868263473054	0.898190537529592	0.9173688
EU360597	1412	7060	Cytophagaceae	Dyadobacter alkalitolerans	AF137029	1393	6965	Cytophagaceae	Dyadobacter fermentans	6497.0	1386	38	40	1333	0.9903417533432393	0.9725433526011561	0.9617604617604618	0.9090797623100993	0.9328069
EU360597	1412	7060	Cytophagaceae	Dyadobacter alkalitolerans	KP318954	1499	7495	Cytophagaceae	Dyadobacter jiangsuensis	6607.0	1412	37	39	1357	0.9883466860888566	0.973758865248227	0.9610481586402266	0.9106412158820091	0.9358357
AJ821885	1434	7170	Cytophagaceae	Dyadobacter crusticola	EF017660	1360	6800	Cytophagaceae	Dyadobacter koreensis	6375.0	1358	30	28	1309	0.9842105263157894	0.979381443298969	0.9639175257731959	0.9236385513532785	0.9375
AJ821885	1434	7170	Cytophagaceae	Dyadobacter crusticola	KJ473428	1472	7360	Cytophagaceae	Dyadobacter sediminis	6722.0	1432	33	26	1382	0.9829302987197724	0.9818435754189944	0.9650837988826816	0.9262169428184645	0.9375174
AJ821885	1434	7170	Cytophagaceae	Dyadobacter crusticola	JN597283	1346	6718	Cytophagaceae	Dyadobacter jejuensis	6277.0	1343	31	28	1291	0.9817490494296578	0.9791511541325391	0.9612807148175726	0.9200030130895982	0.93435544
AJ821885	1434	7170	Cytophagaceae	Dyadobacter crusticola	DQ335125	1411	7055	Cytophagaceae	Dyadobacter beijingensis	6549.0	1408	38	35	1351	0.9839766933721777	0.9751420454545454	0.9595170454545454	0.9110766966867848	0.9282778
AJ821885	1434	7170	Cytophagaceae	Dyadobacter crusticola	KT003984	1374	6870	Cytophagaceae	Dyadobacter endophyticus	6471.0	1376	34	36	1327	0.9902985074626866	0.975254730713246	0.9643895348837209	0.9165120402441036	0.9419214
AJ821885	1434	7170	Cytophagaceae	Dyadobacter crusticola	AB245369	1451	7255	Cytophagaceae	Dyadobacter ginsengisoli	6739.0	1420	29	25	1378	0.9878136200716846	0.9823943661971831	0.9704225352112676	0.9342577202344502	0.9398884
AJ821885	1434	7170	Cytophagaceae	Dyadobacter crusticola	AJ619978	1446	7230	Cytophagaceae	Dyadobacter hamtensis	6661.0	1422	26	26	1370	0.9813753581661891	0.9817158931082982	0.9634317862165963	0.9288334071535693	0.92900974
AJ821885	1434	7170	Cytophagaceae	Dyadobacter crusticola	JQ824420	1353	6765	Cytophagaceae	Dyadobacter tibetensis	6272.0	1364	32	43	1297	0.9818319454958365	0.9763488543976349	0.9508797653958945	0.8997938181145965	0.9271249
AJ821885	1434	7170	Cytophagaceae	Dyadobacter crusticola	AF137029	1393	6965	Cytophagaceae	Dyadobacter fermentans	6551.0	1390	38	35	1343	0.9911439114391144	0.9748201438848921	0.9661870503597122	0.9167951353203152	0.9405599
AJ821885	1434	7170	Cytophagaceae	Dyadobacter crusticola	KP318954	1499	7495	Cytophagaceae	Dyadobacter jiangsuensis	6731.0	1432	36	32	1382	0.9871428571428571	0.9776536312849162	0.9650837988826816	0.9203796447110042	0.9387727
EF017660	1360	6800	Cytophagaceae	Dyadobacter koreensis	KJ473428	1472	7360	Cytophagaceae	Dyadobacter sediminis	6421.0	1360	33	31	1316	0.9902182091798345	0.9772058823529411	0.9676470588235294	0.9231894767957434	0.9442647
EF017660	1360	6800	Cytophagaceae	Dyadobacter koreensis	JN597283	1346	6718	Cytophagaceae	Dyadobacter jejuensis	6290.0	1328	25	24	1286	0.9861963190184049	0.9819277108433735	0.9683734939759037	0.9333030570174268	0.93629056
EF017660	1360	6800	Cytophagaceae	Dyadobacter koreensis	DQ335125	1411	7055	Cytophagaceae	Dyadobacter beijingensis	6292.0	1360	33	34	1300	0.9803921568627451	0.9757174392935982	0.9558823529411765	0.9099066762383345	0.9252941
EF017660	1360	6800	Cytophagaceae	Dyadobacter koreensis	KT003984	1374	6870	Cytophagaceae	Dyadobacter endophyticus	6254.0	1337	30	33	1285	0.9854294478527608	0.9775112443778111	0.9611069558713538	0.9168130727551174	0.91970587
EF017660	1360	6800	Cytophagaceae	Dyadobacter koreensis	AB245369	1451	7255	Cytophagaceae	Dyadobacter ginsengisoli	6486.0	1360	20	21	1323	0.988050784167289	0.9852832965415746	0.9727941176470588	0.94389226342711	0.9538235
EF017660	1360	6800	Cytophagaceae	Dyadobacter koreensis	AJ619978	1446	7230	Cytophagaceae	Dyadobacter hamtensis	6598.0	1360	11	13	1336	0.991833704528582	0.991899852724595	0.9823529411764705	0.9651563907838847	0.9702941
EF017660	1360	6800	Cytophagaceae	Dyadobacter koreensis	JQ824420	1353	6765	Cytophagaceae	Dyadobacter tibetensis	6286.0	1358	35	41	1297	0.9848139711465452	0.974112426035503	0.9550810014727541	0.9029732081404287	0.9291944
EF017660	1360	6800	Cytophagaceae	Dyadobacter koreensis	AF137029	1393	6965	Cytophagaceae	Dyadobacter fermentans	6307.0	1344	35	36	1294	0.9892966360856269	0.9739389426656738	0.9627976190476191	0.9132264580959287	0.9275
EF017660	1360	6800	Cytophagaceae	Dyadobacter koreensis	KP318954	1499	7495	Cytophagaceae	Dyadobacter jiangsuensis	6350.0	1360	33	34	1306	0.9849170437405732	0.9757174392935982	0.9602941176470589	0.9141062455132808	0.9338235
KJ473428	1472	7360	Cytophagaceae	Dyadobacter sediminis	JN597283	1346	6718	Cytophagaceae	Dyadobacter jejuensis	6267.0	1347	29	30	1291	0.9802581624905087	0.9784546805349182	0.9584261321455085	0.9173308256072926	0.93286693
KJ473428	1472	7360	Cytophagaceae	Dyadobacter sediminis	DQ335125	1411	7055	Cytophagaceae	Dyadobacter beijingensis	6533.0	1414	31	34	1351	0.9789855072463768	0.9780297661233168	0.9554455445544554	0.9124670252492377	0.9260099
KJ473428	1472	7360	Cytophagaceae	Dyadobacter sediminis	KT003984	1374	6870	Cytophagaceae	Dyadobacter endophyticus	6417.0	1380	31	37	1322	0.9843633655994043	0.9774381368267832	0.9579710144927536	0.9118037366858739	0.9340611
KJ473428	1472	7360	Cytophagaceae	Dyadobacter sediminis	AB245369	1451	7255	Cytophagaceae	Dyadobacter ginsengisoli	6925.0	1457	18	24	1414	0.9867411025819958	0.9875947622329428	0.970487302676733	0.9428530879564464	0.95451415
KJ473428	1472	7360	Cytophagaceae	Dyadobacter sediminis	AJ619978	1446	7230	Cytophagaceae	Dyadobacter hamtensis	6745.0	1454	26	34	1392	0.9802816901408451	0.9820193637621023	0.9573590096286108	0.9185471578869103	0.93291837
KJ473428	1472	7360	Cytophagaceae	Dyadobacter sediminis	JQ824420	1353	6765	Cytophagaceae	Dyadobacter tibetensis	6206.0	1368	38	53	1290	0.9809885931558935	0.9719142645971914	0.9429824561403509	0.8819501634598589	0.9173688
KJ473428	1472	7360	Cytophagaceae	Dyadobacter sediminis	AF137029	1393	6965	Cytophagaceae	Dyadobacter fermentans	6521.0	1396	35	38	1341	0.9874815905743741	0.9748743718592965	0.9606017191977078	0.9115982771981043	0.9362527
KJ473428	1472	7360	Cytophagaceae	Dyadobacter sediminis	KP318954	1499	7495	Cytophagaceae	Dyadobacter jiangsuensis	6904.0	1472	27	30	1418	0.9833564493758669	0.9816201497617427	0.9633152173913043	0.9266848188647503	0.9380435
JN597283	1346	6718	Cytophagaceae	Dyadobacter jejuensis	DQ335125	1411	7055	Cytophagaceae	Dyadobacter beijingensis	6249.0	1346	33	35	1288	0.9824561403508771	0.9754464285714286	0.9569093610698366	0.9097231126632022	0.9301876
JN597283	1346	6718	Cytophagaceae	Dyadobacter jejuensis	KT003984	1374	6870	Cytophagaceae	Dyadobacter endophyticus	6365.0	1346	27	30	1301	0.9886018237082067	0.9798957557706627	0.9665676077265973	0.9264406203701399	0.9474546
JN597283	1346	6718	Cytophagaceae	Dyadobacter jejuensis	AB245369	1451	7255	Cytophagaceae	Dyadobacter ginsengisoli	6386.0	1346	18	20	1304	0.9834087481146304	0.9866071428571429	0.9687964338781575	0.9418065039020798	0.95058054
JN597283	1346	6718	Cytophagaceae	Dyadobacter jejuensis	AJ619978	1446	7230	Cytophagaceae	Dyadobacter hamtensis	6250.0	1346	30	33	1288	0.9809596344249809	0.9776619508562919	0.9569093610698366	0.9130973772417845	0.9303364
JN597283	1346	6718	Cytophagaceae	Dyadobacter jejuensis	JQ824420	1353	6765	Cytophagaceae	Dyadobacter tibetensis	6402.0	1329	15	18	1299	0.9908466819221968	0.9886877828054299	0.9774266365688488	0.9534273218316672	0.9529622
JN597283	1346	6718	Cytophagaceae	Dyadobacter jejuensis	AF137029	1393	6965	Cytophagaceae	Dyadobacter fermentans	6297.0	1346	33	35	1293	0.9862700228832952	0.9754464285714286	0.9606240713224369	0.9132546464856524	0.9373325
JN597283	1346	6718	Cytophagaceae	Dyadobacter jejuensis	KP318954	1499	7495	Cytophagaceae	Dyadobacter jiangsuensis	6326.0	1346	26	28	1297	0.9840667678300455	0.9806547619047619	0.9635958395245171	0.9256700557531439	0.9416493
DQ335125	1411	7055	Cytophagaceae	Dyadobacter beijingensis	KT003984	1374	6870	Cytophagaceae	Dyadobacter endophyticus	6681.0	1377	7	10	1353	0.9897585954645208	0.99490538573508	0.9825708061002179	0.9705016560252875	0.97248906
DQ335125	1411	7055	Cytophagaceae	Dyadobacter beijingensis	AB245369	1451	7255	Cytophagaceae	Dyadobacter ginsengisoli	6664.0	1411	19	19	1366	0.9813218390804598	0.9865343727852587	0.9681077250177179	0.9423817854717925	0.9445783
DQ335125	1411	7055	Cytophagaceae	Dyadobacter beijingensis	AJ619978	1446	7230	Cytophagaceae	Dyadobacter hamtensis	6495.0	1411	35	36	1345	0.9781818181818182	0.975177304964539	0.9532246633593197	0.9064204094875964	0.92062366
DQ335125	1411	7055	Cytophagaceae	Dyadobacter beijingensis	JQ824420	1353	6765	Cytophagaceae	Dyadobacter tibetensis	6188.0	1357	42	47	1286	0.981679389312977	0.9689349112426036	0.9476787030213707	0.8873903509349503	0.9147081
DQ335125	1411	7055	Cytophagaceae	Dyadobacter beijingensis	AF137029	1393	6965	Cytophagaceae	Dyadobacter fermentans	6708.0	1393	15	15	1363	0.9891146589259797	0.9892318736539842	0.9784637473079684	0.9576157981465769	0.9631012
DQ335125	1411	7055	Cytophagaceae	Dyadobacter beijingensis	KP318954	1499	7495	Cytophagaceae	Dyadobacter jiangsuensis	6846.0	1411	10	10	1387	0.9900071377587437	0.9929128277817151	0.9829907866761163	0.9691555891155799	0.9703756
KT003984	1374	6870	Cytophagaceae	Dyadobacter endophyticus	AB245369	1451	7255	Cytophagaceae	Dyadobacter ginsengisoli	6580.0	1374	19	16	1341	0.9874815905743741	0.9883551673944687	0.9759825327510917	0.9514603585613658	0.95778745
KT003984	1374	6870	Cytophagaceae	Dyadobacter endophyticus	AJ619978	1446	7230	Cytophagaceae	Dyadobacter hamtensis	6390.0	1374	31	29	1318	0.9799256505576208	0.9788937409024745	0.9592430858806404	0.9182789683341361	0.930131
KT003984	1374	6870	Cytophagaceae	Dyadobacter endophyticus	JQ824420	1353	6765	Cytophagaceae	Dyadobacter tibetensis	6233.0	1333	34	34	1282	0.9869130100076983	0.9744936234058514	0.9617404351087772	0.9138996526746903	0.92135996
KT003984	1374	6870	Cytophagaceae	Dyadobacter endophyticus	AF137029	1393	6965	Cytophagaceae	Dyadobacter fermentans	6737.0	1374	12	9	1359	0.9956043956043956	0.9934497816593887	0.9890829694323144	0.9740968638348552	0.9806405
KT003984	1374	6870	Cytophagaceae	Dyadobacter endophyticus	KP318954	1499	7495	Cytophagaceae	Dyadobacter jiangsuensis	6774.0	1374	5	2	1364	0.9941690962099126	0.9985443959243085	0.992721979621543	0.9876827817554439	0.9860262
AB245369	1451	7255	Cytophagaceae	Dyadobacter ginsengisoli	AJ619978	1446	7230	Cytophagaceae	Dyadobacter hamtensis	6817.0	1449	25	29	1398	0.9845070422535211	0.9826989619377162	0.9648033126293996	0.9294577367257445	0.9428769
AB245369	1451	7255	Cytophagaceae	Dyadobacter ginsengisoli	JQ824420	1353	6765	Cytophagaceae	Dyadobacter tibetensis	6293.0	1365	28	40	1300	0.9811320754716981	0.9793052475979305	0.9523809523809523	0.9058899941886303	0.9302291
AB245369	1451	7255	Cytophagaceae	Dyadobacter ginsengisoli	AF137029	1393	6965	Cytophagaceae	Dyadobacter fermentans	6631.0	1393	24	24	1354	0.9890430971512053	0.9827709978463748	0.9720028715003589	0.9390768744417722	0.9520459
AB245369	1451	7255	Cytophagaceae	Dyadobacter ginsengisoli	KP318954	1499	7495	Cytophagaceae	Dyadobacter jiangsuensis	6941.0	1451	22	19	1415	0.9881284916201117	0.9869055823569952	0.9751895244658856	0.9480457563035629	0.9567195
AJ619978	1446	7230	Cytophagaceae	Dyadobacter hamtensis	JQ824420	1353	6765	Cytophagaceae	Dyadobacter tibetensis	6236.0	1364	32	43	1293	0.9788039364118092	0.9763488543976349	0.9479472140762464	0.8970188179045282	0.9218034
AJ619978	1446	7230	Cytophagaceae	Dyadobacter hamtensis	AF137029	1393	6965	Cytophagaceae	Dyadobacter fermentans	6486.0	1392	35	34	1336	0.9837997054491899	0.9755747126436781	0.9597701149425287	0.9133621696509838	0.93122756
AJ619978	1446	7230	Cytophagaceae	Dyadobacter hamtensis	KP318954	1499	7495	Cytophagaceae	Dyadobacter jiangsuensis	6719.0	1446	35	30	1387	0.9795197740112994	0.979253112033195	0.9591977869986169	0.9170993020864562	0.92932224
JQ824420	1353	6765	Cytophagaceae	Dyadobacter tibetensis	AF137029	1393	6965	Cytophagaceae	Dyadobacter fermentans	6210.0	1339	39	35	1283	0.9838957055214724	0.9738610903659447	0.9581777445855115	0.9067226262260573	0.9179601
JQ824420	1353	6765	Cytophagaceae	Dyadobacter tibetensis	KP318954	1499	7495	Cytophagaceae	Dyadobacter jiangsuensis	6260.0	1353	46	34	1296	0.9825625473843821	0.974870657797487	0.9578713968957872	0.9030967637637908	0.9253511
AF137029	1393	6965	Cytophagaceae	Dyadobacter fermentans	KP318954	1499	7495	Cytophagaceae	Dyadobacter jiangsuensis	6830.0	1393	10	10	1377	0.9956616052060737	0.9928212491026561	0.9885139985642498	0.974422565940383	0.98061734
