KX430826	1442	7210	Rhodanobacteraceae	Dyella acidisoli	EU604273	1423	7115	Rhodanobacteraceae	Dyella terrae	6696.0	1415	22	22	1371	0.9842067480258435	0.984452296819788	0.9689045936395759	0.9392373687821359	0.9411103
KX430826	1442	7210	Rhodanobacteraceae	Dyella acidisoli	AY884571	1486	7430	Rhodanobacteraceae	Dyella koreensis	7000.0	1442	10	10	1418	0.9902234636871509	0.9930651872399445	0.9833564493758669	0.9698115947012682	0.9708738
KX430826	1442	7210	Rhodanobacteraceae	Dyella acidisoli	EF397574	1422	7104	Rhodanobacteraceae	Dyella thiooxydans	6712.0	1427	23	30	1376	0.9849677881173944	0.9838028169014085	0.964260686755431	0.9290152961360946	0.9448198
KX430826	1442	7210	Rhodanobacteraceae	Dyella acidisoli	AB245367	1491	7455	Rhodanobacteraceae	Dyella ginsengisoli	6930.0	1442	12	12	1410	0.986013986013986	0.9916782246879334	0.9778085991678225	0.9616687048211735	0.9611651
KX430826	1442	7210	Rhodanobacteraceae	Dyella acidisoli	HQ236051	1360	6800	Rhodanobacteraceae	Dyella jiangningensis	6420.0	1363	23	26	1316	0.9842931937172775	0.9830882352941176	0.9655172413793104	0.931382793451759	0.94411767
KX430826	1442	7210	Rhodanobacteraceae	Dyella acidisoli	KF709700	1405	7025	Rhodanobacteraceae	Dyella jejuensis	6725.0	1406	22	23	1370	0.9906001446131598	0.9843416370106761	0.9743954480796586	0.9436897091695854	0.95729536
KX430826	1442	7210	Rhodanobacteraceae	Dyella acidisoli	KX430825	1468	7340	Rhodanobacteraceae	Dyella flagellata	7036.0	1442	11	11	1422	0.9937106918238994	0.992371705963939	0.986130374479889	0.9711992882868007	0.97586685
KX430826	1442	7210	Rhodanobacteraceae	Dyella acidisoli	KU296959	1502	7510	Rhodanobacteraceae	Dyella nitratireducens	7033.0	1442	12	16	1420	0.9957924263674615	0.9916550764951322	0.984743411927878	0.9657799899650302	0.97545075
KX430826	1442	7210	Rhodanobacteraceae	Dyella acidisoli	AB110498	1485	7425	Rhodanobacteraceae	Dyella japonica	6847.0	1442	15	15	1401	0.9817799579537492	0.9895977808599168	0.9715672676837726	0.9515624509160902	0.94965327
KX430826	1442	7210	Rhodanobacteraceae	Dyella acidisoli	AM939778	1421	7105	Rhodanobacteraceae	Dyella marensis	6927.0	1421	5	5	1401	0.989406779661017	0.9964813511611541	0.9859254046446164	0.9790114817508954	0.9749472
KX430826	1442	7210	Rhodanobacteraceae	Dyella acidisoli	KP938953	1506	7530	Rhodanobacteraceae	Dyella humi	7034.0	1442	15	15	1421	0.9957953749124037	0.9895977808599168	0.9854368932038835	0.9651464973245997	0.97558945
KX430826	1442	7210	Rhodanobacteraceae	Dyella acidisoli	KX430827	1468	7340	Rhodanobacteraceae	Dyella lipolytica	6930.0	1442	20	20	1409	0.990857946554149	0.986130374479889	0.9771151178918169	0.9503814621355428	0.9611651
KX430826	1442	7210	Rhodanobacteraceae	Dyella acidisoli	JX566987	1454	7264	Rhodanobacteraceae	Dyella kyungheensis	6761.0	1442	28	29	1389	0.9830148619957537	0.9805690492713394	0.963245492371706	0.9258951569532112	0.93772537
KX430826	1442	7210	Rhodanobacteraceae	Dyella acidisoli	EU604272	1420	7100	Rhodanobacteraceae	Dyella soli	6715.0	1414	16	17	1373	0.9828203292770222	0.9886765746638358	0.9710042432814711	0.9485964530518987	0.9457747
EU604273	1423	7115	Rhodanobacteraceae	Dyella terrae	AY884571	1486	7430	Rhodanobacteraceae	Dyella koreensis	6802.0	1423	23	23	1386	0.99	0.9838369641602249	0.9739985945186226	0.9430138536141575	0.95600843
EU604273	1423	7115	Rhodanobacteraceae	Dyella terrae	EF397574	1422	7104	Rhodanobacteraceae	Dyella thiooxydans	6828.0	1417	12	13	1387	0.9878917378917379	0.9915254237288136	0.9788285109386027	0.961704149305667	0.9611486
EU604273	1423	7115	Rhodanobacteraceae	Dyella terrae	AB245367	1491	7455	Rhodanobacteraceae	Dyella ginsengisoli	6865.0	1423	17	17	1394	0.9914651493598862	0.9880534082923401	0.9796205200281096	0.9564905910830015	0.96486294
EU604273	1423	7115	Rhodanobacteraceae	Dyella terrae	HQ236051	1360	6800	Rhodanobacteraceae	Dyella jiangningensis	6541.0	1354	15	16	1327	0.9917787742899851	0.9889135254988913	0.9800590841949779	0.9578663657069981	0.96191174
EU604273	1423	7115	Rhodanobacteraceae	Dyella terrae	KF709700	1405	7025	Rhodanobacteraceae	Dyella jejuensis	6686.0	1406	19	20	1366	0.9855699855699855	0.9864768683274021	0.9715504978662873	0.9449606947667889	0.9517438
EU604273	1423	7115	Rhodanobacteraceae	Dyella terrae	KX430825	1468	7340	Rhodanobacteraceae	Dyella flagellata	6725.0	1423	24	24	1378	0.9849892780557541	0.983134223471539	0.9683766690091357	0.9362536005140157	0.9451862
EU604273	1423	7115	Rhodanobacteraceae	Dyella terrae	KU296959	1502	7510	Rhodanobacteraceae	Dyella nitratireducens	6766.0	1423	16	20	1382	0.985032074126871	0.9887244538407329	0.9711876317638791	0.9468910683563047	0.9509487
EU604273	1423	7115	Rhodanobacteraceae	Dyella terrae	AB110498	1485	7425	Rhodanobacteraceae	Dyella japonica	6926.0	1423	12	12	1401	0.9929128277817151	0.9915671117357695	0.9845397048489107	0.9680735355692077	0.9734364
EU604273	1423	7115	Rhodanobacteraceae	Dyella terrae	AM939778	1421	7105	Rhodanobacteraceae	Dyella marensis	6778.0	1412	17	17	1379	0.9885304659498207	0.9879603399433428	0.976628895184136	0.9533920985177534	0.9539761
EU604273	1423	7115	Rhodanobacteraceae	Dyella terrae	KP938953	1506	7530	Rhodanobacteraceae	Dyella humi	6716.0	1423	26	26	1377	0.9856836077308518	0.9817287420941673	0.9676739283204497	0.9329471896919725	0.94392127
EU604273	1423	7115	Rhodanobacteraceae	Dyella terrae	KX430827	1468	7340	Rhodanobacteraceae	Dyella lipolytica	6800.0	1423	14	14	1387	0.9843860894251242	0.9901616303583978	0.9747013352073085	0.9557092423848974	0.95572734
EU604273	1423	7115	Rhodanobacteraceae	Dyella terrae	JX566987	1454	7264	Rhodanobacteraceae	Dyella kyungheensis	6924.0	1423	10	12	1400	0.9922041105598866	0.9929627023223082	0.9838369641602249	0.9687326981368299	0.9731553
EU604273	1423	7115	Rhodanobacteraceae	Dyella terrae	EU604272	1420	7100	Rhodanobacteraceae	Dyella soli	6790.0	1421	21	22	1384	0.9892780557541101	0.9852112676056338	0.9739619985925405	0.9449187489812512	0.95633805
AY884571	1486	7430	Rhodanobacteraceae	Dyella koreensis	EF397574	1422	7104	Rhodanobacteraceae	Dyella thiooxydans	6802.0	1429	20	27	1387	0.9893009985734664	0.9859353023909986	0.9706088173547935	0.9391259916710977	0.9574887
AY884571	1486	7430	Rhodanobacteraceae	Dyella koreensis	AB245367	1491	7455	Rhodanobacteraceae	Dyella ginsengisoli	7107.0	1470	13	13	1442	0.9897048730267674	0.991156462585034	0.9809523809523809	0.9637542947050702	0.9565276
AY884571	1486	7430	Rhodanobacteraceae	Dyella koreensis	HQ236051	1360	6800	Rhodanobacteraceae	Dyella jiangningensis	6531.0	1363	18	21	1329	0.9903129657228018	0.986764705882353	0.97505502567865	0.9475190763654947	0.9604412
AY884571	1486	7430	Rhodanobacteraceae	Dyella koreensis	KF709700	1405	7025	Rhodanobacteraceae	Dyella jejuensis	6776.0	1406	16	17	1376	0.9906407487401008	0.9886120996441281	0.9786628733997155	0.9559512877301019	0.96455514
AY884571	1486	7430	Rhodanobacteraceae	Dyella koreensis	KX430825	1468	7340	Rhodanobacteraceae	Dyella flagellata	7114.0	1468	17	17	1442	0.9937973811164714	0.9884196185286104	0.9822888283378747	0.9597987137496674	0.9692098
AY884571	1486	7430	Rhodanobacteraceae	Dyella koreensis	KU296959	1502	7510	Rhodanobacteraceae	Dyella nitratireducens	7208.0	1486	14	18	1459	0.9938692098092643	0.99055330634278	0.9818304172274562	0.9608847016599372	0.97012115
AY884571	1486	7430	Rhodanobacteraceae	Dyella koreensis	AB110498	1485	7425	Rhodanobacteraceae	Dyella japonica	7138.0	1478	16	17	1449	0.9917864476386037	0.989167230873392	0.9803788903924222	0.9587239349821478	0.9613468
AY884571	1486	7430	Rhodanobacteraceae	Dyella koreensis	AM939778	1421	7105	Rhodanobacteraceae	Dyella marensis	7012.0	1421	8	8	1410	0.9978768577494692	0.9943701618578465	0.9922589725545391	0.981149005052179	0.98691064
AY884571	1486	7430	Rhodanobacteraceae	Dyella koreensis	KP938953	1506	7530	Rhodanobacteraceae	Dyella humi	7166.0	1486	21	21	1455	0.9931740614334471	0.9858681022880216	0.9791386271870794	0.9518500921228078	0.96446836
AY884571	1486	7430	Rhodanobacteraceae	Dyella koreensis	KX430827	1468	7340	Rhodanobacteraceae	Dyella lipolytica	7127.0	1468	15	15	1443	0.9931176875430144	0.9897820163487738	0.9829700272479565	0.9630852660763862	0.97098094
AY884571	1486	7430	Rhodanobacteraceae	Dyella koreensis	JX566987	1454	7264	Rhodanobacteraceae	Dyella kyungheensis	6936.0	1457	23	26	1415	0.9888190076869322	0.984181568088033	0.9711736444749485	0.9390199224619264	0.9548458
AY884571	1486	7430	Rhodanobacteraceae	Dyella koreensis	EU604272	1420	7100	Rhodanobacteraceae	Dyella soli	6907.0	1421	10	11	1398	0.9914893617021276	0.9929577464788732	0.983814215341309	0.9693766901685853	0.9728169
EF397574	1422	7104	Rhodanobacteraceae	Dyella thiooxydans	AB245367	1491	7455	Rhodanobacteraceae	Dyella ginsengisoli	6912.0	1422	20	13	1400	0.99361249112846	0.990857946554149	0.9845288326300985	0.9619980063632516	0.972973
EF397574	1422	7104	Rhodanobacteraceae	Dyella thiooxydans	HQ236051	1360	6800	Rhodanobacteraceae	Dyella jiangningensis	6439.0	1360	21	22	1318	0.9850523168908819	0.9845474613686535	0.9691176470588235	0.938942369127231	0.94691175
EF397574	1422	7104	Rhodanobacteraceae	Dyella thiooxydans	KF709700	1405	7025	Rhodanobacteraceae	Dyella jejuensis	6645.0	1405	24	24	1361	0.9855177407675597	0.9829181494661922	0.9686832740213523	0.9361452774132173	0.9459075
EF397574	1422	7104	Rhodanobacteraceae	Dyella thiooxydans	KX430825	1468	7340	Rhodanobacteraceae	Dyella flagellata	6730.0	1422	32	25	1379	0.9871152469577666	0.9824191279887482	0.969760900140647	0.9317441385808004	0.9473536
EF397574	1422	7104	Rhodanobacteraceae	Dyella thiooxydans	KU296959	1502	7510	Rhodanobacteraceae	Dyella nitratireducens	6739.0	1422	32	29	1379	0.9899497487437185	0.9796061884669479	0.969760900140647	0.9290762956643199	0.9486205
EF397574	1422	7104	Rhodanobacteraceae	Dyella thiooxydans	AB110498	1485	7425	Rhodanobacteraceae	Dyella japonica	6779.0	1422	25	18	1385	0.9864672364672364	0.9873417721518988	0.9739803094233473	0.9450368724467032	0.9542511
EF397574	1422	7104	Rhodanobacteraceae	Dyella thiooxydans	AM939778	1421	7105	Rhodanobacteraceae	Dyella marensis	6798.0	1420	18	18	1385	0.9878744650499287	0.9873239436619718	0.9753521126760564	0.9509343963642775	0.9569257
EF397574	1422	7104	Rhodanobacteraceae	Dyella thiooxydans	KP938953	1506	7530	Rhodanobacteraceae	Dyella humi	6728.0	1422	31	24	1379	0.9864091559370529	0.9831223628691983	0.969760900140647	0.9330528137623016	0.9470721
EF397574	1422	7104	Rhodanobacteraceae	Dyella thiooxydans	KX430827	1468	7340	Rhodanobacteraceae	Dyella lipolytica	6747.0	1422	29	22	1381	0.9864285714285714	0.9845288326300985	0.9711673699015471	0.9370326105183776	0.9497466
EF397574	1422	7104	Rhodanobacteraceae	Dyella thiooxydans	JX566987	1454	7264	Rhodanobacteraceae	Dyella kyungheensis	6777.0	1422	24	18	1384	0.9857549857549858	0.9873417721518988	0.9732770745428974	0.9450076159462157	0.9539696
EF397574	1422	7104	Rhodanobacteraceae	Dyella thiooxydans	EU604272	1420	7100	Rhodanobacteraceae	Dyella soli	6794.0	1418	19	22	1383	0.9906876790830945	0.9865724381625441	0.9753173483779972	0.9474899222934475	0.95690143
AB245367	1491	7455	Rhodanobacteraceae	Dyella ginsengisoli	HQ236051	1360	6800	Rhodanobacteraceae	Dyella jiangningensis	6481.0	1363	22	25	1323	0.9887892376681614	0.9838235294117647	0.9706529713866471	0.9377138452818295	0.9530882
AB245367	1491	7455	Rhodanobacteraceae	Dyella ginsengisoli	KF709700	1405	7025	Rhodanobacteraceae	Dyella jejuensis	6720.0	1405	16	16	1370	0.986321094312455	0.9886120996441281	0.9750889679715302	0.9531305957160138	0.9565836
AB245367	1491	7455	Rhodanobacteraceae	Dyella ginsengisoli	KX430825	1468	7340	Rhodanobacteraceae	Dyella flagellata	7076.0	1468	12	12	1438	0.9876373626373627	0.9918256130790191	0.9795640326975477	0.9636792105456956	0.9640327
AB245367	1491	7455	Rhodanobacteraceae	Dyella ginsengisoli	KU296959	1502	7510	Rhodanobacteraceae	Dyella nitratireducens	7166.0	1489	12	16	1456	0.988458927359131	0.9919191919191919	0.9778374748153122	0.9595966691558661	0.9612341
AB245367	1491	7455	Rhodanobacteraceae	Dyella ginsengisoli	AB110498	1485	7425	Rhodanobacteraceae	Dyella japonica	7127.0	1478	15	15	1448	0.9897470950102529	0.989851150202977	0.979702300405954	0.9600163868010118	0.95986533
AB245367	1491	7455	Rhodanobacteraceae	Dyella ginsengisoli	AM939778	1421	7105	Rhodanobacteraceae	Dyella marensis	6894.0	1421	10	10	1397	0.9900779588944011	0.9929627023223082	0.9831104855735397	0.9693702970959222	0.9703026
AB245367	1491	7455	Rhodanobacteraceae	Dyella ginsengisoli	KP938953	1506	7530	Rhodanobacteraceae	Dyella humi	7174.0	1489	14	14	1458	0.9884745762711864	0.9905977165883143	0.9791806581598388	0.960939102319203	0.96230716
AB245367	1491	7455	Rhodanobacteraceae	Dyella ginsengisoli	KX430827	1468	7340	Rhodanobacteraceae	Dyella lipolytica	7089.0	1468	13	13	1439	0.9890034364261169	0.9911444141689373	0.9802452316076294	0.9630363349014861	0.9658038
AB245367	1491	7455	Rhodanobacteraceae	Dyella ginsengisoli	JX566987	1454	7264	Rhodanobacteraceae	Dyella kyungheensis	6916.0	1456	26	29	1412	0.9894884372810091	0.9821059876118375	0.9697802197802198	0.9337897257937744	0.9520925
AB245367	1491	7455	Rhodanobacteraceae	Dyella ginsengisoli	EU604272	1420	7100	Rhodanobacteraceae	Dyella soli	6932.0	1421	8	9	1401	0.9922096317280453	0.9943661971830986	0.9859254046446164	0.9741964110274306	0.976338
HQ236051	1360	6800	Rhodanobacteraceae	Dyella jiangningensis	KF709700	1405	7025	Rhodanobacteraceae	Dyella jejuensis	6459.0	1351	13	13	1317	0.984304932735426	0.9903774981495189	0.9748334566987417	0.9562515872895281	0.94985294
HQ236051	1360	6800	Rhodanobacteraceae	Dyella jiangningensis	KX430825	1468	7340	Rhodanobacteraceae	Dyella flagellata	6442.0	1360	26	23	1319	0.9865370231862378	0.9830882352941176	0.9698529411764706	0.9355652109328579	0.94735295
HQ236051	1360	6800	Rhodanobacteraceae	Dyella jiangningensis	KU296959	1502	7510	Rhodanobacteraceae	Dyella nitratireducens	6453.0	1360	23	24	1319	0.9872754491017964	0.9830757910228108	0.9698529411764706	0.9368933690612905	0.9489706
HQ236051	1360	6800	Rhodanobacteraceae	Dyella jiangningensis	AB110498	1485	7425	Rhodanobacteraceae	Dyella japonica	6581.0	1360	17	14	1335	0.9918276374442794	0.9897058823529412	0.9816176470588235	0.9595187748301934	0.9677941
HQ236051	1360	6800	Rhodanobacteraceae	Dyella jiangningensis	AM939778	1421	7105	Rhodanobacteraceae	Dyella marensis	6538.0	1360	21	18	1330	0.9910581222056631	0.986764705882353	0.9779411764705882	0.9503237210887251	0.9614706
HQ236051	1360	6800	Rhodanobacteraceae	Dyella jiangningensis	KP938953	1506	7530	Rhodanobacteraceae	Dyella humi	6409.0	1360	32	29	1315	0.9879789631855748	0.9786764705882353	0.9669117647058824	0.9245399129479379	0.9425
HQ236051	1360	6800	Rhodanobacteraceae	Dyella jiangningensis	KX430827	1468	7340	Rhodanobacteraceae	Dyella lipolytica	6525.0	1360	13	10	1329	0.9844444444444445	0.9926470588235294	0.9772058823529411	0.9608360824300586	0.95955884
HQ236051	1360	6800	Rhodanobacteraceae	Dyella jiangningensis	JX566987	1454	7264	Rhodanobacteraceae	Dyella kyungheensis	6634.0	1360	14	11	1341	0.994069681245367	0.9919117647058824	0.9860294117647059	0.9680885563832521	0.97558826
HQ236051	1360	6800	Rhodanobacteraceae	Dyella jiangningensis	EU604272	1420	7100	Rhodanobacteraceae	Dyella soli	6523.0	1352	14	14	1324	0.9895366218236173	0.9896449704142012	0.9792899408284024	0.9592166477513927	0.9592647
KF709700	1405	7025	Rhodanobacteraceae	Dyella jejuensis	KX430825	1468	7340	Rhodanobacteraceae	Dyella flagellata	6714.0	1405	26	25	1369	0.9920289855072464	0.9822064056939501	0.9743772241992883	0.939650991890299	0.95572954
KF709700	1405	7025	Rhodanobacteraceae	Dyella jejuensis	KU296959	1502	7510	Rhodanobacteraceae	Dyella nitratireducens	6781.0	1405	14	18	1376	0.9920692141312184	0.9900071377587437	0.9793594306049822	0.9572738056723822	0.9652669
KF709700	1405	7025	Rhodanobacteraceae	Dyella jejuensis	AB110498	1485	7425	Rhodanobacteraceae	Dyella japonica	6680.0	1405	19	19	1365	0.9848484848484849	0.9864768683274021	0.9715302491103203	0.9456045823503539	0.9508897
KF709700	1405	7025	Rhodanobacteraceae	Dyella jejuensis	AM939778	1421	7105	Rhodanobacteraceae	Dyella marensis	6760.0	1405	20	19	1374	0.9913419913419913	0.9864768683274021	0.9779359430604982	0.9511713804083162	0.9622776
KF709700	1405	7025	Rhodanobacteraceae	Dyella jejuensis	KP938953	1506	7530	Rhodanobacteraceae	Dyella humi	6772.0	1405	19	18	1376	0.9920692141312184	0.9871886120996441	0.9793594306049822	0.9539125914670719	0.96398574
KF709700	1405	7025	Rhodanobacteraceae	Dyella jejuensis	KX430827	1468	7340	Rhodanobacteraceae	Dyella lipolytica	6916.0	1405	4	3	1393	0.9935805991440799	0.997864768683274	0.9914590747330961	0.9865334441276087	0.98448396
KF709700	1405	7025	Rhodanobacteraceae	Dyella jejuensis	JX566987	1454	7264	Rhodanobacteraceae	Dyella kyungheensis	6666.0	1405	22	22	1363	0.9855386840202458	0.9843416370106761	0.9701067615658363	0.9401945698987747	0.9488968
KF709700	1405	7025	Rhodanobacteraceae	Dyella jejuensis	EU604272	1420	7100	Rhodanobacteraceae	Dyella soli	6758.0	1405	11	12	1374	0.9863603732950467	0.9921652421652422	0.9779359430604982	0.9620513903130467	0.96199286
KX430825	1468	7340	Rhodanobacteraceae	Dyella flagellata	KU296959	1502	7510	Rhodanobacteraceae	Dyella nitratireducens	7153.0	1468	13	17	1445	0.9958649207443143	0.9911202185792349	0.9843324250681199	0.9643932132166388	0.9745232
KX430825	1468	7340	Rhodanobacteraceae	Dyella flagellata	AB110498	1485	7425	Rhodanobacteraceae	Dyella japonica	6970.0	1468	22	22	1426	0.9861687413554634	0.9850136239782016	0.9713896457765667	0.9427043139549769	0.9495913
KX430825	1468	7340	Rhodanobacteraceae	Dyella flagellata	AM939778	1421	7105	Rhodanobacteraceae	Dyella marensis	6917.0	1421	9	9	1400	0.9915014164305949	0.9936664320900774	0.9852216748768473	0.9728202831651108	0.97353977
KX430825	1468	7340	Rhodanobacteraceae	Dyella flagellata	KP938953	1506	7530	Rhodanobacteraceae	Dyella humi	7136.0	1468	17	17	1444	0.9951757408683667	0.9884196185286104	0.9836512261580381	0.9611299186231066	0.97220707
KX430825	1468	7340	Rhodanobacteraceae	Dyella flagellata	KX430827	1468	7340	Rhodanobacteraceae	Dyella lipolytica	7068.0	1468	22	22	1436	0.9930843706777317	0.9850136239782016	0.9782016348773842	0.9493151436461057	0.9629428
KX430825	1468	7340	Rhodanobacteraceae	Dyella flagellata	JX566987	1454	7264	Rhodanobacteraceae	Dyella kyungheensis	6807.0	1454	31	34	1399	0.9852112676056338	0.9786354238456237	0.9621733149931224	0.9200579847072281	0.937087
KX430825	1468	7340	Rhodanobacteraceae	Dyella flagellata	EU604272	1420	7100	Rhodanobacteraceae	Dyella soli	6725.0	1421	23	24	1377	0.9856836077308518	0.9838028169014085	0.9690358902181563	0.9374952483620251	0.9471831
KU296959	1502	7510	Rhodanobacteraceae	Dyella nitratireducens	AB110498	1485	7425	Rhodanobacteraceae	Dyella japonica	7065.0	1482	22	19	1443	0.9863294600136705	0.9871794871794872	0.9736842105263158	0.9471409574468085	0.95151514
KU296959	1502	7510	Rhodanobacteraceae	Dyella nitratireducens	AM939778	1421	7105	Rhodanobacteraceae	Dyella marensis	6923.0	1417	12	8	1399	0.992902767920511	0.9943542695836274	0.9872971065631616	0.9734790924755036	0.97438425
KU296959	1502	7510	Rhodanobacteraceae	Dyella nitratireducens	KP938953	1506	7530	Rhodanobacteraceae	Dyella humi	7368.0	1502	15	11	1486	0.9966465459423206	0.992676431424767	0.9893475366178429	0.9723910198399497	0.98109186
KU296959	1502	7510	Rhodanobacteraceae	Dyella nitratireducens	KX430827	1468	7340	Rhodanobacteraceae	Dyella lipolytica	7111.0	1464	17	13	1440	0.9924190213645762	0.9911202185792349	0.9836065573770492	0.963682049124982	0.9688011
KU296959	1502	7510	Rhodanobacteraceae	Dyella nitratireducens	JX566987	1454	7264	Rhodanobacteraceae	Dyella kyungheensis	6858.0	1453	30	29	1405	0.9866573033707865	0.9800412938747419	0.9669649002064694	0.9284949547498399	0.94410795
KU296959	1502	7510	Rhodanobacteraceae	Dyella nitratireducens	EU604272	1420	7100	Rhodanobacteraceae	Dyella soli	6757.0	1417	18	15	1380	0.9843081312410842	0.9894142554693014	0.9738884968242767	0.9514924547370285	0.95169014
AB110498	1485	7425	Rhodanobacteraceae	Dyella japonica	AM939778	1421	7105	Rhodanobacteraceae	Dyella marensis	6848.0	1421	11	11	1392	0.9872340425531915	0.9922589725545391	0.9795918367346939	0.9645422414775966	0.96382827
AB110498	1485	7425	Rhodanobacteraceae	Dyella japonica	KP938953	1506	7530	Rhodanobacteraceae	Dyella humi	7014.0	1485	29	28	1438	0.9869595058339052	0.9811447811447811	0.9683501683501684	0.931893127665915	0.9446465
AB110498	1485	7425	Rhodanobacteraceae	Dyella japonica	KX430827	1468	7340	Rhodanobacteraceae	Dyella lipolytica	7015.0	1468	15	15	1431	0.9848589125946318	0.9897820163487738	0.9747956403269755	0.9550762409946699	0.9557221
AB110498	1485	7425	Rhodanobacteraceae	Dyella japonica	JX566987	1454	7264	Rhodanobacteraceae	Dyella kyungheensis	7149.0	1457	5	8	1440	0.9937888198757764	0.9965612104539202	0.9883321894303363	0.9795440099073579	0.9841685
AB110498	1485	7425	Rhodanobacteraceae	Dyella japonica	EU604272	1420	7100	Rhodanobacteraceae	Dyella soli	6865.0	1421	14	15	1393	0.9907539118065434	0.9901408450704225	0.9802955665024631	0.960484715332727	0.9669014
AM939778	1421	7105	Rhodanobacteraceae	Dyella marensis	KP938953	1506	7530	Rhodanobacteraceae	Dyella humi	6873.0	1421	18	18	1394	0.9935851746258019	0.9873328641801549	0.9809992962702322	0.9564572707902265	0.96734697
AM939778	1421	7105	Rhodanobacteraceae	Dyella marensis	KX430827	1468	7340	Rhodanobacteraceae	Dyella lipolytica	6895.0	1421	15	15	1396	0.9928876244665719	0.9894440534834623	0.9824067558057706	0.9618829377875443	0.97044337
AM939778	1421	7105	Rhodanobacteraceae	Dyella marensis	JX566987	1454	7264	Rhodanobacteraceae	Dyella kyungheensis	6765.0	1421	26	24	1381	0.9885468861846815	0.9831104855735397	0.971850809289233	0.9382692332944426	0.95214635
AM939778	1421	7105	Rhodanobacteraceae	Dyella marensis	EU604272	1420	7100	Rhodanobacteraceae	Dyella soli	6799.0	1411	16	17	1381	0.990674318507891	0.9886524822695035	0.9787384833451452	0.9561047272481658	0.95760566
KP938953	1506	7530	Rhodanobacteraceae	Dyella humi	KX430827	1468	7340	Rhodanobacteraceae	Dyella lipolytica	7093.0	1468	17	17	1439	0.9917298414886285	0.9884196185286104	0.9802452316076294	0.9578019064395087	0.96634877
KP938953	1506	7530	Rhodanobacteraceae	Dyella humi	JX566987	1454	7264	Rhodanobacteraceae	Dyella kyungheensis	6814.0	1457	35	38	1401	0.9873150105708245	0.9759284731774416	0.9615648592999314	0.9145177850848544	0.9380507
KP938953	1506	7530	Rhodanobacteraceae	Dyella humi	EU604272	1420	7100	Rhodanobacteraceae	Dyella soli	6706.0	1421	22	23	1375	0.9835479256080114	0.9845070422535211	0.9676284306826178	0.9374529078962576	0.94450706
KX430827	1468	7340	Rhodanobacteraceae	Dyella lipolytica	JX566987	1454	7264	Rhodanobacteraceae	Dyella kyungheensis	6926.0	1454	20	23	1413	0.9874213836477987	0.9862164024810476	0.9718019257221459	0.9434522087573884	0.95346916
KX430827	1468	7340	Rhodanobacteraceae	Dyella lipolytica	EU604272	1420	7100	Rhodanobacteraceae	Dyella soli	6850.0	1421	7	8	1392	0.9851380042462845	0.9950704225352113	0.9795918367346939	0.9693020065168925	0.96478873
JX566987	1454	7264	Rhodanobacteraceae	Dyella kyungheensis	EU604272	1420	7100	Rhodanobacteraceae	Dyella soli	6767.0	1419	23	22	1380	0.9878310665712241	0.9844961240310077	0.9725158562367865	0.9421668870754444	0.9530986
