Y18530	1464	7314	Porphyromonadaceae	Dysgonomonas gadei	FN356023	1504	7502	Porphyromonadaceae	Dysgonomonas hofstadii	6645.0	1461	51	47	1383	0.978076379066478	0.9678302532511978	0.946611909650924	0.8852574340254011	0.9085316
Y18530	1464	7314	Porphyromonadaceae	Dysgonomonas gadei	HG315620	1419	7095	Porphyromonadaceae	Dysgonomonas macrotermitis	6124.0	1417	57	55	1305	0.9581497797356828	0.9611856033874383	0.9209597741707833	0.8509818266082815	0.8631431
Y18530	1464	7314	Porphyromonadaceae	Dysgonomonas gadei	LC021528	1450	7244	Porphyromonadaceae	Dysgonomonas alginatilytica	6340.0	1448	55	53	1343	0.9627240143369176	0.9633977900552486	0.9274861878453039	0.8608404737486354	0.87520707
Y18530	1464	7314	Porphyromonadaceae	Dysgonomonas gadei	AB971823	1488	7440	Porphyromonadaceae	Dysgonomonas termitidis	7036.0	1464	20	20	1430	0.9903047091412742	0.9863387978142076	0.976775956284153	0.9504477633923968	0.9619907
Y18530	1464	7314	Porphyromonadaceae	Dysgonomonas gadei	AJ319867	1440	7200	Porphyromonadaceae	Dysgonomonas mossii	6570.0	1439	35	34	1366	0.9722419928825623	0.9763724808895066	0.9492703266157053	0.9048336559668019	0.9125
Y18530	1464	7314	Porphyromonadaceae	Dysgonomonas gadei	AB547446	1429	7145	Porphyromonadaceae	Dysgonomonas oryzarvi	6545.0	1430	35	36	1359	0.9748923959827833	0.9755073477956613	0.9503496503496504	0.904291749206425	0.9160252
Y18530	1464	7314	Porphyromonadaceae	Dysgonomonas gadei	U41355	1471	7331	Porphyromonadaceae	Dysgonomonas capnocytophagoides	6507.0	1464	50	46	1369	0.9654442877291961	0.9685792349726776	0.9351092896174863	0.8758157019006576	0.88966364
FN356023	1504	7502	Porphyromonadaceae	Dysgonomonas hofstadii	HG315620	1419	7095	Porphyromonadaceae	Dysgonomonas macrotermitis	6074.0	1421	62	64	1299	0.9572586588061901	0.95630725863284	0.9141449683321604	0.8364765489054227	0.85609585
FN356023	1504	7502	Porphyromonadaceae	Dysgonomonas hofstadii	LC021528	1450	7244	Porphyromonadaceae	Dysgonomonas alginatilytica	6180.0	1452	63	65	1324	0.9545782263878875	0.956551724137931	0.9118457300275482	0.8348052987116894	0.85311985
FN356023	1504	7502	Porphyromonadaceae	Dysgonomonas hofstadii	AB971823	1488	7440	Porphyromonadaceae	Dysgonomonas termitidis	6672.0	1477	51	60	1389	0.9802399435426958	0.965258855585831	0.940419769803656	0.8721039357406941	0.8967742
FN356023	1504	7502	Porphyromonadaceae	Dysgonomonas hofstadii	AJ319867	1440	7200	Porphyromonadaceae	Dysgonomonas mossii	6495.0	1443	43	46	1358	0.972083035075161	0.9701388888888889	0.9410949410949411	0.8847305738288241	0.90208334
FN356023	1504	7502	Porphyromonadaceae	Dysgonomonas hofstadii	AB547446	1429	7145	Porphyromonadaceae	Dysgonomonas oryzarvi	6435.0	1432	43	47	1346	0.9718411552346571	0.9698879551820728	0.9399441340782123	0.8825916106429317	0.9006298
FN356023	1504	7502	Porphyromonadaceae	Dysgonomonas hofstadii	U41355	1471	7331	Porphyromonadaceae	Dysgonomonas capnocytophagoides	6243.0	1465	69	69	1336	0.9570200573065902	0.952901023890785	0.9119453924914676	0.8299059764785455	0.85158914
HG315620	1419	7095	Porphyromonadaceae	Dysgonomonas macrotermitis	LC021528	1450	7244	Porphyromonadaceae	Dysgonomonas alginatilytica	6528.0	1419	41	41	1352	0.9811320754716981	0.971106412966878	0.952783650458069	0.8992711440624789	0.9200846
HG315620	1419	7095	Porphyromonadaceae	Dysgonomonas macrotermitis	AB971823	1488	7440	Porphyromonadaceae	Dysgonomonas termitidis	6140.0	1419	55	57	1307	0.959618208516887	0.9611856033874383	0.9210711768851304	0.8510847645302222	0.86539817
HG315620	1419	7095	Porphyromonadaceae	Dysgonomonas macrotermitis	AJ319867	1440	7200	Porphyromonadaceae	Dysgonomonas mossii	6226.0	1419	49	50	1318	0.9627465303140978	0.9654442877291961	0.9288231148696265	0.8661844988123425	0.87751937
HG315620	1419	7095	Porphyromonadaceae	Dysgonomonas macrotermitis	AB547446	1429	7145	Porphyromonadaceae	Dysgonomonas oryzarvi	6199.0	1413	44	46	1313	0.9604974396488661	0.9688164422395464	0.9292285916489739	0.8718294336198678	0.8737139
HG315620	1419	7095	Porphyromonadaceae	Dysgonomonas macrotermitis	U41355	1471	7331	Porphyromonadaceae	Dysgonomonas capnocytophagoides	6526.0	1419	41	39	1352	0.9797101449275363	0.9725158562367865	0.952783650458069	0.9005763271452981	0.91980267
LC021528	1450	7244	Porphyromonadaceae	Dysgonomonas alginatilytica	AB971823	1488	7440	Porphyromonadaceae	Dysgonomonas termitidis	6271.0	1450	58	60	1335	0.960431654676259	0.9599447513812155	0.9206896551724137	0.848646300192079	0.86568195
LC021528	1450	7244	Porphyromonadaceae	Dysgonomonas alginatilytica	AJ319867	1440	7200	Porphyromonadaceae	Dysgonomonas mossii	6327.0	1440	50	51	1338	0.9632829373650108	0.9652536483669215	0.9291666666666667	0.8661828859060402	0.87875
LC021528	1450	7244	Porphyromonadaceae	Dysgonomonas alginatilytica	AB547446	1429	7145	Porphyromonadaceae	Dysgonomonas oryzarvi	6279.0	1429	48	50	1328	0.9630166787527193	0.9663629992992292	0.9293212036389084	0.8676600811225827	0.87879634
LC021528	1450	7244	Porphyromonadaceae	Dysgonomonas alginatilytica	U41355	1471	7331	Porphyromonadaceae	Dysgonomonas capnocytophagoides	6676.0	1450	38	36	1382	0.9773691654879774	0.9751724137931035	0.953103448275862	0.9057044864664441	0.92159027
AB971823	1488	7440	Porphyromonadaceae	Dysgonomonas termitidis	AJ319867	1440	7200	Porphyromonadaceae	Dysgonomonas mossii	6649.0	1439	33	32	1375	0.9772565742714996	0.9777623349548298	0.9555246699096595	0.9133309854367464	0.9234722
AB971823	1488	7440	Porphyromonadaceae	Dysgonomonas termitidis	AB547446	1429	7145	Porphyromonadaceae	Dysgonomonas oryzarvi	6612.0	1429	34	34	1366	0.9792114695340501	0.9762071378586424	0.9559132260321903	0.9114825361004139	0.9254024
AB971823	1488	7440	Porphyromonadaceae	Dysgonomonas termitidis	U41355	1471	7331	Porphyromonadaceae	Dysgonomonas capnocytophagoides	6434.0	1467	60	56	1361	0.9645641389085755	0.961826857532379	0.9277436946148603	0.8572667669296449	0.87764287
AJ319867	1440	7200	Porphyromonadaceae	Dysgonomonas mossii	AB547446	1429	7145	Porphyromonadaceae	Dysgonomonas oryzarvi	7056.0	1418	0	1	1414	0.9978828510938603	1.0	0.997179125528914	0.9964758962443379	0.98754376
AJ319867	1440	7200	Porphyromonadaceae	Dysgonomonas mossii	U41355	1471	7331	Porphyromonadaceae	Dysgonomonas capnocytophagoides	6257.0	1440	57	54	1330	0.9595959595959596	0.9625	0.9236111111111112	0.855126920507682	0.8690278
AB547446	1429	7145	Porphyromonadaceae	Dysgonomonas oryzarvi	U41355	1471	7331	Porphyromonadaceae	Dysgonomonas capnocytophagoides	6234.0	1429	57	53	1323	0.9614825581395349	0.9629111266620014	0.9258222533240028	0.8572889775059407	0.8724983
