LUTV01000003	1555	7775	Hahellaceae	Endozoicomonas ascidiicola	JX488685	1556	7780	Hahellaceae	Endozoicomonas gorgoniicola	7135.0	1555	52	54	1478	0.9846768820786143	0.9665164198325821	0.9504823151125402	0.8877871530702693	0.9176849
LUTV01000003	1555	7775	Hahellaceae	Endozoicomonas ascidiicola	AB196667	1437	7185	Hahellaceae	Endozoicomonas elysicola	6908.0	1455	21	40	1407	0.9943462897526502	0.9853760445682451	0.9670103092783505	0.9270457910764675	0.9614475
LUTV01000003	1555	7775	Hahellaceae	Endozoicomonas ascidiicola	AB695088	1466	7330	Hahellaceae	Endozoicomonas numazuensis	6921.0	1500	27	61	1423	0.9888811674774148	0.9815825375170532	0.9486666666666667	0.8939956341410172	0.9442019
LUTV01000003	1555	7775	Hahellaceae	Endozoicomonas ascidiicola	JX488684	1522	7610	Hahellaceae	Endozoicomonas euniceicola	7112.0	1553	38	69	1468	0.9892183288409704	0.9750328515111695	0.9452672247263362	0.8816948846598887	0.93455976
LUTV01000003	1555	7775	Hahellaceae	Endozoicomonas ascidiicola	KC878324	1465	7325	Hahellaceae	Endozoicomonas atrinae	7039.0	1497	15	47	1437	0.9910344827586207	0.9897610921501706	0.9599198396793587	0.9205580473115543	0.9609556
LUTV01000003	1555	7775	Hahellaceae	Endozoicomonas ascidiicola	LASA01000059	1521	7599	Hahellaceae	Endozoicomonas arenosclerae	7204.0	1555	28	62	1478	0.9899531145344943	0.9815910585141354	0.9504823151125402	0.8964435227182707	0.9480195
LUTV01000003	1555	7775	Hahellaceae	Endozoicomonas ascidiicola	FJ347758	1440	7200	Hahellaceae	Endozoicomonas montiporae	6760.0	1458	35	53	1391	0.9900355871886121	0.9756944444444444	0.9540466392318244	0.8978134816615628	0.9388889
JX488685	1556	7780	Hahellaceae	Endozoicomonas gorgoniicola	AB196667	1437	7185	Hahellaceae	Endozoicomonas elysicola	6797.0	1463	14	40	1397	0.9817287420941673	0.9902574808629089	0.9548872180451128	0.9199759724293809	0.9459986
JX488685	1556	7780	Hahellaceae	Endozoicomonas gorgoniicola	AB695088	1466	7330	Hahellaceae	Endozoicomonas numazuensis	7008.0	1498	20	52	1434	0.991701244813278	0.9863574351978172	0.9572763684913218	0.9118719557565556	0.95607096
JX488685	1556	7780	Hahellaceae	Endozoicomonas gorgoniicola	JX488684	1522	7610	Hahellaceae	Endozoicomonas euniceicola	7204.0	1551	33	62	1478	0.9926124916051041	0.9783180026281209	0.9529335912314636	0.8957816397371523	0.94664913
JX488685	1556	7780	Hahellaceae	Endozoicomonas gorgoniicola	KC878324	1465	7325	Hahellaceae	Endozoicomonas atrinae	6852.0	1495	24	54	1415	0.9819569743233866	0.9836177474402731	0.9464882943143813	0.8978865254160787	0.9354266
JX488685	1556	7780	Hahellaceae	Endozoicomonas gorgoniicola	LASA01000059	1521	7599	Hahellaceae	Endozoicomonas arenosclerae	7238.0	1553	20	52	1483	0.9880079946702198	0.9868507560815253	0.9549259497746297	0.9112166882464839	0.9524937
JX488685	1556	7780	Hahellaceae	Endozoicomonas gorgoniicola	FJ347758	1440	7200	Hahellaceae	Endozoicomonas montiporae	6841.0	1456	28	44	1399	0.9907932011331445	0.9805555555555555	0.9608516483516484	0.9142335090785225	0.95013887
AB196667	1437	7185	Hahellaceae	Endozoicomonas elysicola	AB695088	1466	7330	Hahellaceae	Endozoicomonas numazuensis	6793.0	1428	23	25	1387	0.9885958660014256	0.9838709677419355	0.9712885154061625	0.939157675475428	0.9454419
AB196667	1437	7185	Hahellaceae	Endozoicomonas elysicola	JX488684	1522	7610	Hahellaceae	Endozoicomonas euniceicola	6762.0	1437	34	34	1387	0.9885958660014256	0.97633959638135	0.965205288796103	0.9205866894499881	0.94112736
AB196667	1437	7185	Hahellaceae	Endozoicomonas elysicola	KC878324	1465	7325	Hahellaceae	Endozoicomonas atrinae	7004.0	1428	13	13	1412	0.9978798586572438	0.9908963585434174	0.988795518207283	0.9709546552833487	0.97480863
AB196667	1437	7185	Hahellaceae	Endozoicomonas elysicola	LASA01000059	1521	7599	Hahellaceae	Endozoicomonas arenosclerae	6866.0	1437	22	23	1399	0.9893917963224894	0.9846796657381616	0.9735560194850382	0.9435285891376587	0.95560193
AB196667	1437	7185	Hahellaceae	Endozoicomonas elysicola	FJ347758	1440	7200	Hahellaceae	Endozoicomonas montiporae	6690.0	1400	34	20	1366	0.9898550724637681	0.9857142857142858	0.9757142857142858	0.9389719067543335	0.93110645
AB695088	1466	7330	Hahellaceae	Endozoicomonas numazuensis	JX488684	1522	7610	Hahellaceae	Endozoicomonas euniceicola	6959.0	1466	29	27	1423	0.9888811674774148	0.9815825375170532	0.970668485675307	0.9343089972486733	0.94938606
AB695088	1466	7330	Hahellaceae	Endozoicomonas numazuensis	KC878324	1465	7325	Hahellaceae	Endozoicomonas atrinae	6905.0	1463	30	28	1416	0.9867595818815331	0.9808612440191388	0.9678742310321258	0.930274294394575	0.9426621
AB695088	1466	7330	Hahellaceae	Endozoicomonas numazuensis	LASA01000059	1521	7599	Hahellaceae	Endozoicomonas arenosclerae	7231.0	1466	5	5	1454	0.9952087611225188	0.9965893587994543	0.9918144611186903	0.985072010669209	0.9864939
AB695088	1466	7330	Hahellaceae	Endozoicomonas numazuensis	FJ347758	1440	7200	Hahellaceae	Endozoicomonas montiporae	6857.0	1424	30	14	1396	0.9900709219858156	0.9901685393258427	0.9803370786516854	0.9506707571519095	0.9523611
JX488684	1522	7610	Hahellaceae	Endozoicomonas euniceicola	KC878324	1465	7325	Hahellaceae	Endozoicomonas atrinae	6810.0	1465	42	42	1404	0.9866479269149684	0.9713310580204778	0.9583617747440273	0.9049428038890185	0.9296928
JX488684	1522	7610	Hahellaceae	Endozoicomonas euniceicola	LASA01000059	1521	7599	Hahellaceae	Endozoicomonas arenosclerae	7183.0	1522	34	37	1470	0.98989898989899	0.97761685319289	0.9658344283837057	0.921763577217097	0.94525594
JX488684	1522	7610	Hahellaceae	Endozoicomonas euniceicola	FJ347758	1440	7200	Hahellaceae	Endozoicomonas montiporae	6871.0	1426	37	23	1397	0.9957234497505346	0.9838709677419355	0.979663394109397	0.9394858113024497	0.9543055
KC878324	1465	7325	Hahellaceae	Endozoicomonas atrinae	LASA01000059	1521	7599	Hahellaceae	Endozoicomonas arenosclerae	6912.0	1465	29	31	1416	0.9874476987447699	0.9801777170198223	0.9665529010238908	0.927735515440602	0.94361776
KC878324	1465	7325	Hahellaceae	Endozoicomonas atrinae	FJ347758	1440	7200	Hahellaceae	Endozoicomonas montiporae	6724.0	1426	43	29	1381	0.9885468861846815	0.979663394109397	0.9684431977559608	0.9209769552519246	0.9338889
LASA01000059	1521	7599	Hahellaceae	Endozoicomonas arenosclerae	FJ347758	1440	7200	Hahellaceae	Endozoicomonas montiporae	6848.0	1424	31	15	1394	0.9893541518807665	0.9894662921348315	0.9789325842696629	0.947983512876945	0.95111114
