GU391222	1416	7080	Ferrimonadaceae	Ferrimonas sediminum	DQ778094	1405	7025	Ferrimonadaceae	Ferrimonas senticii	6139.0	1394	81	70	1297	0.979607250755287	0.9497847919655668	0.930416068866571	0.8351666950368408	0.873879
GU391222	1416	7080	Ferrimonadaceae	Ferrimonas sediminum	JQ780822	1459	7295	Ferrimonadaceae	Ferrimonas pelagia	6202.0	1416	92	63	1317	0.9733924611973392	0.9555084745762712	0.9300847457627118	0.8344858494807356	0.8759887
GU391222	1416	7080	Ferrimonadaceae	Ferrimonas sediminum	KC017768	1492	7460	Ferrimonadaceae	Ferrimonas gelatinilytica	6211.0	1416	101	60	1322	0.9749262536873157	0.9576271186440678	0.9336158192090396	0.8345306861222529	0.8772599
GU391222	1416	7080	Ferrimonadaceae	Ferrimonas sediminum	AB245514	1479	7395	Ferrimonadaceae	Ferrimonas kyonanensis	6772.0	1416	66	21	1387	0.9942652329749104	0.9851694915254238	0.9795197740112994	0.9220176010430248	0.9564972
GU391222	1416	7080	Ferrimonadaceae	Ferrimonas sediminum	X93021	1546	7718	Ferrimonadaceae	Ferrimonas balearica	6300.0	1415	113	52	1333	0.9779897285399853	0.9632508833922262	0.9420494699646643	0.840322923797014	0.8898305
GU391222	1416	7080	Ferrimonadaceae	Ferrimonas sediminum	AB245515	1491	7437	Ferrimonadaceae	Ferrimonas futtsuensis	6567.0	1416	85	28	1365	0.9834293948126801	0.980225988700565	0.9639830508474576	0.8914113754672026	0.9275424
GU391222	1416	7080	Ferrimonadaceae	Ferrimonas sediminum	AB193751	1440	7200	Ferrimonadaceae	Ferrimonas marina	6205.0	1407	86	66	1313	0.9791200596569725	0.9530916844349681	0.9331911869225302	0.8381844485352398	0.87641245
DQ778094	1405	7025	Ferrimonadaceae	Ferrimonas senticii	JQ780822	1459	7295	Ferrimonadaceae	Ferrimonas pelagia	6479.0	1405	37	43	1340	0.9838472834067548	0.9735525375268048	0.9537366548042705	0.9008247738165163	0.92227757
DQ778094	1405	7025	Ferrimonadaceae	Ferrimonas senticii	KC017768	1492	7460	Ferrimonadaceae	Ferrimonas gelatinilytica	6386.0	1405	53	48	1330	0.9801031687546058	0.9658362989323843	0.9466192170818505	0.881044086131736	0.90903914
DQ778094	1405	7025	Ferrimonadaceae	Ferrimonas senticii	AB245514	1479	7395	Ferrimonadaceae	Ferrimonas kyonanensis	6370.0	1405	63	54	1329	0.9837157660991858	0.9615658362989323	0.9459074733096086	0.8705183899463769	0.9067616
DQ778094	1405	7025	Ferrimonadaceae	Ferrimonas senticii	X93021	1546	7718	Ferrimonadaceae	Ferrimonas balearica	6527.0	1405	44	39	1346	0.9853587115666179	0.9722419928825623	0.9580071174377224	0.9031316234782117	0.92911035
DQ778094	1405	7025	Ferrimonadaceae	Ferrimonas senticii	AB245515	1491	7437	Ferrimonadaceae	Ferrimonas futtsuensis	6278.0	1405	71	62	1318	0.9813849590469099	0.9558718861209965	0.9380782918149466	0.8535495568478816	0.8936655
DQ778094	1405	7025	Ferrimonadaceae	Ferrimonas senticii	AB193751	1440	7200	Ferrimonadaceae	Ferrimonas marina	6530.0	1402	41	37	1346	0.9860805860805861	0.9736091298145506	0.9600570613409415	0.9081620850522419	0.92953736
JQ780822	1459	7295	Ferrimonadaceae	Ferrimonas pelagia	KC017768	1492	7460	Ferrimonadaceae	Ferrimonas gelatinilytica	6734.0	1459	55	39	1395	0.9823943661971831	0.9732693625771076	0.9561343385880741	0.896770647817084	0.923098
JQ780822	1459	7295	Ferrimonadaceae	Ferrimonas pelagia	AB245514	1479	7395	Ferrimonadaceae	Ferrimonas kyonanensis	6636.0	1459	61	41	1386	0.9774330042313117	0.971898560657985	0.9499657299520219	0.88621802965261	0.90966415
JQ780822	1459	7295	Ferrimonadaceae	Ferrimonas pelagia	X93021	1546	7718	Ferrimonadaceae	Ferrimonas balearica	6858.0	1459	41	25	1411	0.9839609483960948	0.9828649760109665	0.9671007539410555	0.9245483207676491	0.94009596
JQ780822	1459	7295	Ferrimonadaceae	Ferrimonas pelagia	AB245515	1491	7437	Ferrimonadaceae	Ferrimonas futtsuensis	6535.0	1459	69	49	1374	0.9744680851063829	0.9664153529814942	0.9417409184372858	0.8690148527464483	0.89581907
JQ780822	1459	7295	Ferrimonadaceae	Ferrimonas pelagia	AB193751	1440	7200	Ferrimonadaceae	Ferrimonas marina	6809.0	1423	32	17	1390	0.9886201991465149	0.9880534082923401	0.9768095572733662	0.9439135653102081	0.94569445
KC017768	1492	7460	Ferrimonadaceae	Ferrimonas gelatinilytica	AB245514	1479	7395	Ferrimonadaceae	Ferrimonas kyonanensis	6566.0	1475	68	64	1381	0.9787384833451452	0.9566101694915254	0.936271186440678	0.8561754012104968	0.88789725
KC017768	1492	7460	Ferrimonadaceae	Ferrimonas gelatinilytica	X93021	1546	7718	Ferrimonadaceae	Ferrimonas balearica	6929.0	1492	41	41	1429	0.9848380427291523	0.9725201072386059	0.957774798927614	0.9065435311441408	0.9288204
KC017768	1492	7460	Ferrimonadaceae	Ferrimonas gelatinilytica	AB245515	1491	7437	Ferrimonadaceae	Ferrimonas futtsuensis	6698.0	1487	52	48	1402	0.9742876997915219	0.9677202420981843	0.9428379287155346	0.8815749054071829	0.90063196
KC017768	1492	7460	Ferrimonadaceae	Ferrimonas gelatinilytica	AB193751	1440	7200	Ferrimonadaceae	Ferrimonas marina	6900.0	1441	19	20	1405	0.9887403237156932	0.9868055555555556	0.9750173490631506	0.9489723650813268	0.9583333
AB245514	1479	7395	Ferrimonadaceae	Ferrimonas kyonanensis	X93021	1546	7718	Ferrimonadaceae	Ferrimonas balearica	6803.0	1479	42	46	1408	0.9825540823447313	0.9715254237288136	0.9519945909398242	0.8969153509643445	0.9199459
AB245514	1479	7395	Ferrimonadaceae	Ferrimonas kyonanensis	AB245515	1491	7437	Ferrimonadaceae	Ferrimonas futtsuensis	6999.0	1479	28	28	1432	0.9869055823569952	0.9810682893847193	0.9682217714672076	0.9322427275374374	0.9464503
AB245514	1479	7395	Ferrimonadaceae	Ferrimonas kyonanensis	AB193751	1440	7200	Ferrimonadaceae	Ferrimonas marina	6539.0	1443	49	54	1363	0.9812814974802015	0.9659248956884562	0.9445599445599445	0.8793523880655247	0.9081944
X93021	1546	7718	Ferrimonadaceae	Ferrimonas balearica	AB245515	1491	7437	Ferrimonadaceae	Ferrimonas futtsuensis	6854.0	1487	47	43	1419	0.9826869806094183	0.9710827168796234	0.9542703429724277	0.8982831650926895	0.92160815
X93021	1546	7718	Ferrimonadaceae	Ferrimonas balearica	AB193751	1440	7200	Ferrimonadaceae	Ferrimonas marina	6904.0	1441	17	18	1406	0.9880534082923401	0.9881944444444445	0.9757113115891742	0.9522888864138511	0.9588889
AB245515	1491	7437	Ferrimonadaceae	Ferrimonas futtsuensis	AB193751	1440	7200	Ferrimonadaceae	Ferrimonas marina	6506.0	1445	44	49	1360	0.9742120343839542	0.9694444444444444	0.9411764705882353	0.8823924465689565	0.9036111
