KU168417	1479	7395	Propionibacteriaceae	Friedmanniella endophytica	AB445455	1417	7085	Propionibacteriaceae	Friedmanniella okinawensis	6683.0	1419	18	20	1371	0.9799857040743388	0.9872971065631616	0.9661733615221987	0.9406238919760306	0.94326043
KU168417	1479	7395	Propionibacteriaceae	Friedmanniella endophytica	KR869781	1430	7150	Propionibacteriaceae	Friedmanniella aerolata	6710.0	1428	26	24	1378	0.9814814814814815	0.9831932773109243	0.9649859943977591	0.931802156901275	0.93846154
KU168417	1479	7395	Propionibacteriaceae	Friedmanniella endophytica	AJ132943	1423	7115	Propionibacteriaceae	Friedmanniella lacustris	6662.0	1420	24	21	1370	0.9792709077912795	0.9852112676056338	0.9647887323943662	0.9347226015372011	0.9363317
KU168417	1479	7395	Propionibacteriaceae	Friedmanniella endophytica	AF062535	1475	7375	Propionibacteriaceae	Friedmanniella spumicola	6905.0	1475	20	20	1421	0.9766323024054983	0.9864406779661017	0.9633898305084746	0.9376135139731309	0.9362712
KU168417	1479	7395	Propionibacteriaceae	Friedmanniella endophytica	AB445454	1420	7100	Propionibacteriaceae	Friedmanniella lucida	6695.0	1419	20	19	1373	0.9807142857142858	0.9866102889358703	0.9675828047921071	0.9413592263439541	0.94295776
KU168417	1479	7395	Propionibacteriaceae	Friedmanniella endophytica	HQ839787	1360	6800	Propionibacteriaceae	Friedmanniella flava	6417.0	1360	13	13	1316	0.9769858945805494	0.9904411764705883	0.9676470588235294	0.9493230795595733	0.9436765
KU168417	1479	7395	Propionibacteriaceae	Friedmanniella endophytica	AF084529	1477	7385	Propionibacteriaceae	Friedmanniella capsulata	6853.0	1474	27	27	1414	0.9771941948859709	0.9816824966078698	0.9592944369063772	0.9247828449057479	0.92796206
KU168417	1479	7395	Propionibacteriaceae	Friedmanniella endophytica	Z78206	1473	7365	Propionibacteriaceae	Friedmanniella antarctica	6830.0	1461	25	20	1407	0.9764052741151977	0.9863107460643394	0.9630390143737166	0.9338756525656297	0.9273591
KU168417	1479	7395	Propionibacteriaceae	Friedmanniella endophytica	AB445453	1458	7290	Propionibacteriaceae	Friedmanniella luteola	6761.0	1455	30	27	1396	0.9775910364145658	0.9814432989690721	0.9594501718213059	0.9226227914887709	0.92743486
KU168417	1479	7395	Propionibacteriaceae	Friedmanniella endophytica	AB445456	1495	7475	Propionibacteriaceae	Friedmanniella sagamiharensis	6792.0	1459	30	23	1402	0.9763231197771588	0.9842357779300891	0.9609321453050035	0.9267283819059671	0.9184584
AB445455	1417	7085	Propionibacteriaceae	Friedmanniella okinawensis	KR869781	1430	7150	Propionibacteriaceae	Friedmanniella aerolata	6744.0	1416	28	24	1377	0.9892241379310345	0.9830508474576272	0.972457627118644	0.9374383773886098	0.95187014
AB445455	1417	7085	Propionibacteriaceae	Friedmanniella okinawensis	AJ132943	1423	7115	Propionibacteriaceae	Friedmanniella lacustris	6787.0	1411	20	15	1381	0.9892550143266475	0.9893692416725727	0.9787384833451452	0.9548000857790516	0.9579393
AB445455	1417	7085	Propionibacteriaceae	Friedmanniella okinawensis	AF062535	1475	7375	Propionibacteriaceae	Friedmanniella spumicola	6906.0	1417	16	14	1396	0.9950106913756237	0.9901199717713479	0.9851799576570219	0.9645551155567355	0.9747354
AB445455	1417	7085	Propionibacteriaceae	Friedmanniella okinawensis	AB445454	1420	7100	Propionibacteriaceae	Friedmanniella lucida	6708.0	1395	21	18	1364	0.990559186637618	0.9870967741935484	0.9777777777777777	0.9508474576271185	0.94678897
AB445455	1417	7085	Propionibacteriaceae	Friedmanniella okinawensis	HQ839787	1360	6800	Propionibacteriaceae	Friedmanniella flava	6608.0	1349	14	12	1333	0.9970082273747195	0.9911045218680504	0.9881393624907339	0.9692900422964865	0.9717647
AB445455	1417	7085	Propionibacteriaceae	Friedmanniella okinawensis	AF084529	1477	7385	Propionibacteriaceae	Friedmanniella capsulata	6746.0	1417	21	19	1378	0.9856938483547926	0.9865913902611151	0.9724770642201835	0.9454262418496638	0.95215243
AB445455	1417	7085	Propionibacteriaceae	Friedmanniella okinawensis	Z78206	1473	7365	Propionibacteriaceae	Friedmanniella antarctica	6894.0	1417	22	20	1394	0.9978525411596277	0.9858856739590685	0.9837685250529288	0.9550553366914117	0.97304165
AB445455	1417	7085	Propionibacteriaceae	Friedmanniella okinawensis	AB445453	1458	7290	Propionibacteriaceae	Friedmanniella luteola	6759.0	1417	26	21	1380	0.9885386819484241	0.9851799576570219	0.9738884968242767	0.9421679428736591	0.9539873
AB445455	1417	7085	Propionibacteriaceae	Friedmanniella okinawensis	AB445456	1495	7475	Propionibacteriaceae	Friedmanniella sagamiharensis	6966.0	1417	12	8	1404	0.9964513839602555	0.9943542695836274	0.9908256880733946	0.976958288660191	0.98320395
KR869781	1430	7150	Propionibacteriaceae	Friedmanniella aerolata	AJ132943	1423	7115	Propionibacteriaceae	Friedmanniella lacustris	6887.0	1422	19	18	1395	0.9935897435897436	0.9873417721518988	0.9810126582278481	0.9558235754003461	0.96795505
KR869781	1430	7150	Propionibacteriaceae	Friedmanniella aerolata	AF062535	1475	7375	Propionibacteriaceae	Friedmanniella spumicola	6792.0	1430	25	27	1387	0.9885958660014256	0.9824929971988795	0.9699300699300699	0.9352659024823973	0.9499301
KR869781	1430	7150	Propionibacteriaceae	Friedmanniella aerolata	AB445454	1420	7100	Propionibacteriaceae	Friedmanniella lucida	6741.0	1409	25	26	1372	0.9920462762111352	0.9822443181818182	0.9737402413058907	0.93910931222179	0.9494366
KR869781	1430	7150	Propionibacteriaceae	Friedmanniella aerolata	HQ839787	1360	6800	Propionibacteriaceae	Friedmanniella flava	6478.0	1360	24	24	1322	0.9895209580838323	0.9823529411764705	0.9720588235294118	0.938345800748045	0.95264703
KR869781	1430	7150	Propionibacteriaceae	Friedmanniella aerolata	AF084529	1477	7385	Propionibacteriaceae	Friedmanniella capsulata	6790.0	1430	23	25	1387	0.9871886120996441	0.9838935574229691	0.9699300699300699	0.9378883332771839	0.94965035
KR869781	1430	7150	Propionibacteriaceae	Friedmanniella aerolata	Z78206	1473	7365	Propionibacteriaceae	Friedmanniella antarctica	6770.0	1430	30	32	1384	0.9899856938483548	0.9789915966386554	0.9678321678321679	0.9267324456365553	0.94685316
KR869781	1430	7150	Propionibacteriaceae	Friedmanniella aerolata	AB445453	1458	7290	Propionibacteriaceae	Friedmanniella luteola	6841.0	1430	23	22	1393	0.9893465909090909	0.9846153846153847	0.9741258741258741	0.9439568002541162	0.95678324
KR869781	1430	7150	Propionibacteriaceae	Friedmanniella aerolata	AB445456	1495	7475	Propionibacteriaceae	Friedmanniella sagamiharensis	6809.0	1430	28	28	1389	0.9907275320970043	0.9804195804195804	0.9713286713286713	0.9340211229100117	0.9523077
AJ132943	1423	7115	Propionibacteriaceae	Friedmanniella lacustris	AF062535	1475	7375	Propionibacteriaceae	Friedmanniella spumicola	6800.0	1423	15	18	1386	0.9864768683274021	0.9894366197183099	0.9739985945186226	0.9516467491645791	0.95572734
AJ132943	1423	7115	Propionibacteriaceae	Friedmanniella lacustris	AB445454	1420	7100	Propionibacteriaceae	Friedmanniella lucida	6854.0	1407	12	14	1385	0.994256999282125	0.9914590747330961	0.984363894811656	0.9663276289447758	0.9653521
AJ132943	1423	7115	Propionibacteriaceae	Friedmanniella lacustris	HQ839787	1360	6800	Propionibacteriaceae	Friedmanniella flava	6573.0	1359	14	15	1333	0.9918154761904762	0.9896907216494846	0.9808682855040471	0.9601507470629566	0.96661764
AJ132943	1423	7115	Propionibacteriaceae	Friedmanniella lacustris	AF084529	1477	7385	Propionibacteriaceae	Friedmanniella capsulata	6970.0	1423	3	6	1406	0.9922371206774877	0.997887323943662	0.9880534082923401	0.9818174470899341	0.9796205
AJ132943	1423	7115	Propionibacteriaceae	Friedmanniella lacustris	Z78206	1473	7365	Propionibacteriaceae	Friedmanniella antarctica	6802.0	1423	23	26	1385	0.9914101646385111	0.9838028169014085	0.9732958538299368	0.9403141824345932	0.95600843
AJ132943	1423	7115	Propionibacteriaceae	Friedmanniella lacustris	AB445453	1458	7290	Propionibacteriaceae	Friedmanniella luteola	7013.0	1423	6	6	1411	0.9957657021877205	0.9957835558678847	0.9915671117357695	0.9832404459969106	0.98566407
AJ132943	1423	7115	Propionibacteriaceae	Friedmanniella lacustris	AB445456	1495	7475	Propionibacteriaceae	Friedmanniella sagamiharensis	6851.0	1423	16	17	1392	0.9900426742532006	0.9887482419127989	0.9782150386507379	0.9557820322049599	0.9628953
AF062535	1475	7375	Propionibacteriaceae	Friedmanniella spumicola	AB445454	1420	7100	Propionibacteriaceae	Friedmanniella lucida	6803.0	1419	18	17	1385	0.9878744650499287	0.9880197322057788	0.9760394644115574	0.952266756510093	0.95816904
AF062535	1475	7375	Propionibacteriaceae	Friedmanniella spumicola	HQ839787	1360	6800	Propionibacteriaceae	Friedmanniella flava	6636.0	1360	11	11	1341	0.994069681245367	0.9919117647058824	0.9860294117647059	0.9702069120864977	0.97588235
AF062535	1475	7375	Propionibacteriaceae	Friedmanniella spumicola	AF084529	1477	7385	Propionibacteriaceae	Friedmanniella capsulata	6974.0	1471	20	20	1427	0.983459682977257	0.9864038069340585	0.9700883752549286	0.9440632008684785	0.9456271
AF062535	1475	7375	Propionibacteriaceae	Friedmanniella spumicola	Z78206	1473	7365	Propionibacteriaceae	Friedmanniella antarctica	7152.0	1458	9	9	1442	0.9951690821256038	0.9938271604938271	0.9890260631001372	0.9768907739823441	0.9710794
AF062535	1475	7375	Propionibacteriaceae	Friedmanniella spumicola	AB445453	1458	7290	Propionibacteriaceae	Friedmanniella luteola	6981.0	1455	16	13	1422	0.986130374479889	0.99106529209622	0.977319587628866	0.9580522402180996	0.95761317
AF062535	1475	7375	Propionibacteriaceae	Friedmanniella spumicola	AB445456	1495	7475	Propionibacteriaceae	Friedmanniella sagamiharensis	7158.0	1456	10	8	1442	0.9958563535911602	0.9945054945054945	0.9903846153846154	0.9782243677195929	0.9705763
AB445454	1420	7100	Propionibacteriaceae	Friedmanniella lucida	HQ839787	1360	6800	Propionibacteriaceae	Friedmanniella flava	6584.0	1361	14	15	1335	0.9918276374442794	0.9897058823529412	0.9808963997060984	0.9602084029122971	0.9682353
AB445454	1420	7100	Propionibacteriaceae	Friedmanniella lucida	AF084529	1477	7385	Propionibacteriaceae	Friedmanniella capsulata	6846.0	1420	15	16	1390	0.99002849002849	0.9894291754756871	0.9788732394366197	0.9577268488982676	0.96422535
AB445454	1420	7100	Propionibacteriaceae	Friedmanniella lucida	Z78206	1473	7365	Propionibacteriaceae	Friedmanniella antarctica	6797.0	1420	21	22	1384	0.9899856938483548	0.985200845665962	0.9746478873239437	0.9455640155994957	0.95732397
AB445454	1420	7100	Propionibacteriaceae	Friedmanniella lucida	AB445453	1458	7290	Propionibacteriaceae	Friedmanniella luteola	6861.0	1420	18	16	1392	0.9914529914529915	0.9887323943661972	0.9802816901408451	0.9571039589414093	0.96633804
AB445454	1420	7100	Propionibacteriaceae	Friedmanniella lucida	AB445456	1495	7475	Propionibacteriaceae	Friedmanniella sagamiharensis	6800.0	1420	21	20	1385	0.9892857142857143	0.9859154929577465	0.9753521126760564	0.9476009422251762	0.9577465
HQ839787	1360	6800	Propionibacteriaceae	Friedmanniella flava	AF084529	1477	7385	Propionibacteriaceae	Friedmanniella capsulata	6502.0	1360	16	15	1326	0.9858736059479554	0.9889705882352942	0.975	0.9530341569767442	0.95617646
HQ839787	1360	6800	Propionibacteriaceae	Friedmanniella flava	Z78206	1473	7365	Propionibacteriaceae	Friedmanniella antarctica	6665.0	1360	12	12	1344	0.9970326409495549	0.9911764705882353	0.9882352941176471	0.9709483793517407	0.98014706
HQ839787	1360	6800	Propionibacteriaceae	Friedmanniella flava	AB445453	1458	7290	Propionibacteriaceae	Friedmanniella luteola	6516.0	1360	21	20	1327	0.9902985074626866	0.9852941176470589	0.975735294117647	0.9467670486007582	0.9582353
HQ839787	1360	6800	Propionibacteriaceae	Friedmanniella flava	AB445456	1495	7475	Propionibacteriaceae	Friedmanniella sagamiharensis	6631.0	1360	15	15	1340	0.9962825278810409	0.9889705882352942	0.9852941176470589	0.9637967914438503	0.97514707
AF084529	1477	7385	Propionibacteriaceae	Friedmanniella capsulata	Z78206	1473	7365	Propionibacteriaceae	Friedmanniella antarctica	6930.0	1464	26	26	1418	0.9860917941585535	0.98224043715847	0.9685792349726776	0.934776469725309	0.94093686
AF084529	1477	7385	Propionibacteriaceae	Friedmanniella capsulata	AB445453	1458	7290	Propionibacteriaceae	Friedmanniella luteola	7070.0	1455	12	9	1432	0.9903181189488244	0.9938144329896907	0.9841924398625429	0.9701037955291323	0.9698217
AF084529	1477	7385	Propionibacteriaceae	Friedmanniella capsulata	AB445456	1495	7475	Propionibacteriaceae	Friedmanniella sagamiharensis	6950.0	1462	21	19	1421	0.9847539847539848	0.9870041039671683	0.9719562243502052	0.9457402776381296	0.94109684
Z78206	1473	7365	Propionibacteriaceae	Friedmanniella antarctica	AB445453	1458	7290	Propionibacteriaceae	Friedmanniella luteola	6974.0	1455	24	21	1420	0.9902370990237099	0.9855670103092784	0.9759450171821306	0.9462509497222281	0.95665294
Z78206	1473	7365	Propionibacteriaceae	Friedmanniella antarctica	AB445456	1495	7475	Propionibacteriaceae	Friedmanniella sagamiharensis	7218.0	1471	17	15	1455	0.9993131868131868	0.9898028552005439	0.9891230455472467	0.9678515822021446	0.9800407
AB445453	1458	7290	Propionibacteriaceae	Friedmanniella luteola	AB445456	1495	7475	Propionibacteriaceae	Friedmanniella sagamiharensis	7041.0	1458	14	15	1429	0.9902979902979903	0.9903912148249828	0.9801097393689986	0.9608005121667561	0.9658436
