EU289803	1334	6670	Rhodobacteraceae	Gemmobacter nanjingensis	AB101543	1386	6930	Rhodobacteraceae	Gemmobacter nectariphilus	6055.0	1334	63	47	1264	0.9821289821289821	0.9647676161919041	0.9475262368815592	0.872917871772775	0.9077961
EU289803	1334	6670	Rhodobacteraceae	Gemmobacter nanjingensis	HQ111526	1402	7010	Rhodobacteraceae	Gemmobacter tilapiae	6268.0	1334	40	24	1290	0.9847328244274809	0.9820089955022488	0.967016491754123	0.9219735110610634	0.9397301
EU289803	1334	6670	Rhodobacteraceae	Gemmobacter nanjingensis	JN620361	1428	7140	Rhodobacteraceae	Gemmobacter megaterium	6057.0	1334	53	37	1265	0.9753276792598303	0.972263868065967	0.9482758620689655	0.8867439027422123	0.90809596
EU289803	1334	6670	Rhodobacteraceae	Gemmobacter nanjingensis	JN104393	1404	7020	Rhodobacteraceae	Gemmobacter lanyuensis	6359.0	1334	37	24	1300	0.9923664122137404	0.9820089955022488	0.974512743628186	0.9311536791779165	0.9533733
EU289803	1334	6670	Rhodobacteraceae	Gemmobacter nanjingensis	KM407667	1344	6720	Rhodobacteraceae	Gemmobacter intermedius	6087.0	1331	52	46	1265	0.9844357976653697	0.9654395191585274	0.9504132231404959	0.8830665160777565	0.9125937
EU289803	1334	6670	Rhodobacteraceae	Gemmobacter nanjingensis	FJ906694	1405	7025	Rhodobacteraceae	Gemmobacter fontiphilus	6354.0	1334	34	19	1300	0.9885931558935361	0.9857571214392804	0.974512743628186	0.9367574984437607	0.95262367
EU289803	1334	6670	Rhodobacteraceae	Gemmobacter nanjingensis	FR733676	1454	7270	Rhodobacteraceae	Gemmobacter aquatilis	6308.0	1334	48	23	1295	0.9877955758962624	0.9827586206896551	0.9707646176911544	0.9208917610659215	0.9457271
EU289803	1334	6670	Rhodobacteraceae	Gemmobacter nanjingensis	EU313813	1333	6665	Rhodobacteraceae	Gemmobacter aquaticus	6258.0	1327	35	29	1284	0.9892141756548536	0.9781461944235117	0.9675960813865863	0.9221290114829582	0.93893474
EU289803	1334	6670	Rhodobacteraceae	Gemmobacter nanjingensis	FJ386516	1360	6800	Rhodobacteraceae	Gemmobacter caeni	6439.0	1306	21	5	1298	0.9976940814757879	0.9961715160796325	0.9938744257274119	0.9744013774463925	0.9653673
AB101543	1386	6930	Rhodobacteraceae	Gemmobacter nectariphilus	HQ111526	1402	7010	Rhodobacteraceae	Gemmobacter tilapiae	6504.0	1386	24	24	1337	0.9816446402349486	0.9826839826839827	0.9646464646464646	0.9318074360627552	0.9385281
AB101543	1386	6930	Rhodobacteraceae	Gemmobacter nectariphilus	JN620361	1428	7140	Rhodobacteraceae	Gemmobacter megaterium	6550.0	1386	22	22	1342	0.9838709677419355	0.9841269841269841	0.9682539682539683	0.9379960317460317	0.94516593
AB101543	1386	6930	Rhodobacteraceae	Gemmobacter nectariphilus	JN104393	1404	7020	Rhodobacteraceae	Gemmobacter lanyuensis	6416.0	1386	38	42	1325	0.9858630952380952	0.9725036179450073	0.9559884559884559	0.902281239359891	0.9258297
AB101543	1386	6930	Rhodobacteraceae	Gemmobacter nectariphilus	KM407667	1344	6720	Rhodobacteraceae	Gemmobacter intermedius	6214.0	1345	35	36	1285	0.9816653934300993	0.9739583333333334	0.9553903345724907	0.9062361941705727	0.9247024
AB101543	1386	6930	Rhodobacteraceae	Gemmobacter nectariphilus	FJ906694	1405	7025	Rhodobacteraceae	Gemmobacter fontiphilus	6358.0	1386	43	42	1319	0.9813988095238095	0.9696969696969697	0.9516594516594516	0.8950526963123184	0.9174603
AB101543	1386	6930	Rhodobacteraceae	Gemmobacter nectariphilus	FR733676	1454	7270	Rhodobacteraceae	Gemmobacter aquatilis	6440.0	1386	36	36	1329	0.9844444444444445	0.974025974025974	0.9588744588744589	0.910323853361828	0.9292929
AB101543	1386	6930	Rhodobacteraceae	Gemmobacter nectariphilus	EU313813	1333	6665	Rhodobacteraceae	Gemmobacter aquaticus	6142.0	1336	43	46	1272	0.986046511627907	0.967741935483871	0.9520958083832335	0.8906480005905519	0.92153037
AB101543	1386	6930	Rhodobacteraceae	Gemmobacter nectariphilus	FJ386516	1360	6800	Rhodobacteraceae	Gemmobacter caeni	6140.0	1336	46	46	1272	0.986046511627907	0.9655688622754491	0.9520958083832335	0.8887146112983872	0.90294117
HQ111526	1402	7010	Rhodobacteraceae	Gemmobacter tilapiae	JN620361	1428	7140	Rhodobacteraceae	Gemmobacter megaterium	6621.0	1402	20	20	1357	0.9819102749638206	0.985734664764622	0.9679029957203994	0.9406764698210914	0.94450784
HQ111526	1402	7010	Rhodobacteraceae	Gemmobacter tilapiae	JN104393	1404	7020	Rhodobacteraceae	Gemmobacter lanyuensis	6635.0	1399	23	26	1357	0.9883466860888566	0.9835243553008596	0.9699785561115082	0.936554541168144	0.946505
HQ111526	1402	7010	Rhodobacteraceae	Gemmobacter tilapiae	KM407667	1344	6720	Rhodobacteraceae	Gemmobacter intermedius	6216.0	1345	36	37	1285	0.9824159021406728	0.9732142857142857	0.9553903345724907	0.9048881662714104	0.925
HQ111526	1402	7010	Rhodobacteraceae	Gemmobacter tilapiae	FJ906694	1405	7025	Rhodobacteraceae	Gemmobacter fontiphilus	6704.0	1402	23	22	1367	0.9905797101449275	0.9843081312410842	0.9750356633380884	0.9442450634432015	0.95634806
HQ111526	1402	7010	Rhodobacteraceae	Gemmobacter tilapiae	FR733676	1454	7270	Rhodobacteraceae	Gemmobacter aquatilis	6760.0	1402	17	17	1373	0.9913357400722022	0.9878744650499287	0.9793152639087018	0.9558503456755123	0.96433663
HQ111526	1402	7010	Rhodobacteraceae	Gemmobacter tilapiae	EU313813	1333	6665	Rhodobacteraceae	Gemmobacter aquaticus	6287.0	1333	30	30	1289	0.9892555640828856	0.9774943735933983	0.9669917479369843	0.9244242461936101	0.9432858
HQ111526	1402	7010	Rhodobacteraceae	Gemmobacter tilapiae	FJ386516	1360	6800	Rhodobacteraceae	Gemmobacter caeni	6324.0	1337	22	22	1295	0.9847908745247148	0.9835452505609573	0.9685863874345549	0.9372267104315231	0.93
JN620361	1428	7140	Rhodobacteraceae	Gemmobacter megaterium	JN104393	1404	7020	Rhodobacteraceae	Gemmobacter lanyuensis	6507.0	1407	35	38	1345	0.9824689554419284	0.9750712250712251	0.9559346126510305	0.9075412515390158	0.9269231
JN620361	1428	7140	Rhodobacteraceae	Gemmobacter megaterium	KM407667	1344	6720	Rhodobacteraceae	Gemmobacter intermedius	6184.0	1345	38	39	1281	0.9808575803981623	0.9717261904761905	0.9524163568773234	0.8993895604351297	0.9202381
JN620361	1428	7140	Rhodobacteraceae	Gemmobacter megaterium	FJ906694	1405	7025	Rhodobacteraceae	Gemmobacter fontiphilus	6442.0	1404	39	38	1337	0.9787701317715959	0.9729344729344729	0.9522792022792023	0.9014645809517604	0.91701066
JN620361	1428	7140	Rhodobacteraceae	Gemmobacter megaterium	FR733676	1454	7270	Rhodobacteraceae	Gemmobacter aquatilis	6604.0	1425	36	36	1364	0.9820014398848093	0.9747368421052631	0.9571929824561404	0.9100212543679528	0.92493
JN620361	1428	7140	Rhodobacteraceae	Gemmobacter megaterium	EU313813	1333	6665	Rhodobacteraceae	Gemmobacter aquaticus	6145.0	1341	39	47	1273	0.9837712519319938	0.9707426856714179	0.9492915734526473	0.8901328232229895	0.9219805
JN620361	1428	7140	Rhodobacteraceae	Gemmobacter megaterium	FJ386516	1360	6800	Rhodobacteraceae	Gemmobacter caeni	6281.0	1357	32	32	1298	0.979622641509434	0.976418570375829	0.9565217391304348	0.9124487432309765	0.9236765
JN104393	1404	7020	Rhodobacteraceae	Gemmobacter lanyuensis	KM407667	1344	6720	Rhodobacteraceae	Gemmobacter intermedius	6109.0	1344	48	48	1272	0.9814814814814815	0.9642857142857143	0.9464285714285714	0.8811576354679802	0.9090774
JN104393	1404	7020	Rhodobacteraceae	Gemmobacter lanyuensis	FJ906694	1405	7025	Rhodobacteraceae	Gemmobacter fontiphilus	6708.0	1396	15	11	1366	0.9862815884476535	0.9921203438395415	0.9785100286532952	0.9604793690182947	0.95555556
JN104393	1404	7020	Rhodobacteraceae	Gemmobacter lanyuensis	FR733676	1454	7270	Rhodobacteraceae	Gemmobacter aquatilis	6735.0	1404	16	13	1372	0.9863407620416966	0.9907407407407407	0.9772079772079773	0.9572509128847158	0.9594017
JN104393	1404	7020	Rhodobacteraceae	Gemmobacter lanyuensis	EU313813	1333	6665	Rhodobacteraceae	Gemmobacter aquaticus	6430.0	1341	12	20	1307	0.9894019682059046	0.9909977494373593	0.9746457867263236	0.9515942973137277	0.9647412
JN104393	1404	7020	Rhodobacteraceae	Gemmobacter lanyuensis	FJ386516	1360	6800	Rhodobacteraceae	Gemmobacter caeni	6466.0	1341	21	17	1314	0.9924471299093656	0.9873228933631618	0.9798657718120806	0.9525273728922133	0.9508824
KM407667	1344	6720	Rhodobacteraceae	Gemmobacter intermedius	FJ906694	1405	7025	Rhodobacteraceae	Gemmobacter fontiphilus	6094.0	1344	44	44	1271	0.9776923076923076	0.9672619047619048	0.9456845238095238	0.8857275799368739	0.9068452
KM407667	1344	6720	Rhodobacteraceae	Gemmobacter intermedius	FR733676	1454	7270	Rhodobacteraceae	Gemmobacter aquatilis	6150.0	1344	39	38	1278	0.9785604900459418	0.9717261904761905	0.9508928571428571	0.8979508831732258	0.9151786
KM407667	1344	6720	Rhodobacteraceae	Gemmobacter intermedius	EU313813	1333	6665	Rhodobacteraceae	Gemmobacter aquaticus	6021.0	1333	45	45	1258	0.9767080745341615	0.9662415603900976	0.9437359339834959	0.8820986088321789	0.90337586
KM407667	1344	6720	Rhodobacteraceae	Gemmobacter intermedius	FJ386516	1360	6800	Rhodobacteraceae	Gemmobacter caeni	6030.0	1316	45	45	1251	0.98426435877262	0.96580547112462	0.9506079027355623	0.8877462486237322	0.8973214
FJ906694	1405	7025	Rhodobacteraceae	Gemmobacter fontiphilus	FR733676	1454	7270	Rhodobacteraceae	Gemmobacter aquatilis	6793.0	1405	12	13	1378	0.9899425287356322	0.9914529914529915	0.9807829181494662	0.9634790557967938	0.9669751
FJ906694	1405	7025	Rhodobacteraceae	Gemmobacter fontiphilus	EU313813	1333	6665	Rhodobacteraceae	Gemmobacter aquaticus	6439.0	1332	20	19	1306	0.9946686976389947	0.9857357357357357	0.9804804804804805	0.9521973896973898	0.9660915
FJ906694	1405	7025	Rhodobacteraceae	Gemmobacter fontiphilus	FJ386516	1360	6800	Rhodobacteraceae	Gemmobacter caeni	6406.0	1336	15	14	1305	0.9871406959152799	0.9895209580838323	0.9767964071856288	0.9558289047367885	0.9420588
FR733676	1454	7270	Rhodobacteraceae	Gemmobacter aquatilis	EU313813	1333	6665	Rhodobacteraceae	Gemmobacter aquaticus	6416.0	1333	15	15	1304	0.9893778452200304	0.9887471867966992	0.978244561140285	0.9564735397499226	0.96264064
FR733676	1454	7270	Rhodobacteraceae	Gemmobacter aquatilis	FJ386516	1360	6800	Rhodobacteraceae	Gemmobacter caeni	6448.0	1354	22	22	1316	0.987987987987988	0.983751846381093	0.9719350073855244	0.9408556902888943	0.9482353
EU313813	1333	6665	Rhodobacteraceae	Gemmobacter aquaticus	FJ386516	1360	6800	Rhodobacteraceae	Gemmobacter caeni	6229.0	1309	23	23	1272	0.9891135303265941	0.9824293353705118	0.9717341482047365	0.9381757617051736	0.93458366
