AF276304	1463	7309	Bacillaceae	Geobacillus uzenensis	X60618	1425	7095	Bacillaceae	Geobacillus kaustophilus	6833.0	1411	10	16	1382	0.9906810035842294	0.9928825622775801	0.9794472005669738	0.9615262806410474	0.9630726
AF276304	1463	7309	Bacillaceae	Geobacillus uzenensis	AY608935	1561	7793	Bacillaceae	Geobacillus thermocatenulatus	7107.0	1463	13	13	1437	0.9910344827586207	0.9911141490088858	0.9822282980177717	0.9649261735269438	0.9723628
AF276304	1463	7309	Bacillaceae	Geobacillus uzenensis	AF067651	1516	7568	Bacillaceae	Geobacillus caldoxylosilyticus	6814.0	1463	36	20	1407	0.975051975051975	0.9863294600136705	0.9617224880382775	0.9257942296459203	0.9322753
AF276304	1463	7309	Bacillaceae	Geobacillus uzenensis	AF326278	1511	7555	Bacillaceae	Geobacillus toebii	6799.0	1463	25	27	1402	0.9763231197771588	0.9828884325804244	0.9583048530416951	0.9248157049515283	0.930223
AF276304	1463	7309	Bacillaceae	Geobacillus uzenensis	AB021196	1523	7615	Bacillaceae	Geobacillus stearothermophilus	7127.0	1463	10	9	1441	0.9910591471801926	0.9938482570061518	0.9849624060150376	0.9722575277297113	0.9750992
AF276304	1463	7309	Bacillaceae	Geobacillus uzenensis	EU477773	1400	7000	Bacillaceae	Geobacillus thermodenitrificans subsp. calidus	6786.0	1400	9	9	1375	0.9884974838245866	0.9935714285714285	0.9821428571428571	0.9695959647166176	0.9694286
AF276304	1463	7309	Bacillaceae	Geobacillus uzenensis	HE613733	1546	7730	Bacillaceae	Geobacillus subterraneus subsp. aromaticivorans	7096.0	1463	12	12	1437	0.9903514817367333	0.9917976760082023	0.9822282980177717	0.9662462782534148	0.97085786
AF276304	1463	7309	Bacillaceae	Geobacillus uzenensis	AY608981	1562	7810	Bacillaceae	Geobacillus thermoglucosidasius	6802.0	1463	26	25	1403	0.9756606397774688	0.9829118250170882	0.9589883800410116	0.9261419009395397	0.9306335
AF276304	1463	7309	Bacillaceae	Geobacillus uzenensis	AF276306	1495	7475	Bacillaceae	Geobacillus subterraneus	7085.0	1463	10	10	1436	0.9883000688231246	0.9931647300068353	0.9815447710184553	0.968217618662468	0.96935284
AF276304	1463	7309	Bacillaceae	Geobacillus uzenensis	FR749957	1551	7755	Bacillaceae	Geobacillus thermantarcticus	6858.0	1463	19	21	1409	0.9771151178918169	0.9869952087611226	0.9630895420369104	0.937095222413782	0.93829525
AF276304	1463	7309	Bacillaceae	Geobacillus uzenensis	AJ293805	1532	7660	Bacillaceae	Geobacillus vulcani	7123.0	1463	11	11	1440	0.9917355371900827	0.9924812030075187	0.9842788790157211	0.9695881494781731	0.9745519
AF276304	1463	7309	Bacillaceae	Geobacillus uzenensis	KF631430	1306	6530	Bacillaceae	Geobacillus icigianus	6355.0	1304	6	4	1285	0.9884615384615385	0.9969325153374233	0.9854294478527608	0.9779070856554114	0.9732006
AF276304	1463	7309	Bacillaceae	Geobacillus uzenensis	AY044055	1523	7615	Bacillaceae	Geobacillus lituanicus	7090.0	1463	14	14	1436	0.9910282953761215	0.9904306220095693	0.9815447710184553	0.9629372872076789	0.9700369
AF276304	1463	7309	Bacillaceae	Geobacillus uzenensis	FR749979	1550	7750	Bacillaceae	Geobacillus gargensis	7102.0	1463	15	13	1438	0.9917241379310345	0.9911141490088858	0.9829118250170882	0.9642910326622314	0.97167873
AF276304	1463	7309	Bacillaceae	Geobacillus uzenensis	Z26923	1518	7590	Bacillaceae	Geobacillus thermoleovorans	7132.0	1463	11	11	1441	0.9924242424242424	0.9924812030075187	0.9849624060150376	0.9702614745819774	0.9757833
AF276304	1463	7309	Bacillaceae	Geobacillus uzenensis	AY312404	1520	7600	Bacillaceae	Geobacillus jurassicus	7221.0	1463	2	2	1452	0.9938398357289527	0.9986329460013671	0.9924812030075187	0.9897713567194437	0.98796004
AF276304	1463	7309	Bacillaceae	Geobacillus uzenensis	AY608961	1520	7600	Bacillaceae	Geobacillus thermodenitrificans subsp. thermodenitrificans	7068.0	1463	10	11	1434	0.987603305785124	0.9931600547195623	0.9801777170198223	0.9662036966142443	0.96702695
X60618	1425	7095	Bacillaceae	Geobacillus kaustophilus	AY608935	1561	7793	Bacillaceae	Geobacillus thermocatenulatus	6977.0	1425	15	8	1407	0.9929428369795342	0.9943859649122807	0.9873684210526316	0.9715979532163743	0.9833686
X60618	1425	7095	Bacillaceae	Geobacillus kaustophilus	AF067651	1516	7568	Bacillaceae	Geobacillus caldoxylosilyticus	6646.0	1423	27	21	1369	0.9764621968616263	0.9852424455375967	0.9620520028109627	0.9302047640972205	0.936716
X60618	1425	7095	Bacillaceae	Geobacillus kaustophilus	AF326278	1511	7555	Bacillaceae	Geobacillus toebii	6581.0	1410	31	26	1355	0.9790462427745664	0.9815602836879432	0.9609929078014184	0.9229800030514663	0.9275546
X60618	1425	7095	Bacillaceae	Geobacillus kaustophilus	AB021196	1523	7615	Bacillaceae	Geobacillus stearothermophilus	6886.0	1409	17	9	1391	0.9935714285714285	0.99361249112846	0.9872249822569198	0.9692250877697669	0.9705426
X60618	1425	7095	Bacillaceae	Geobacillus kaustophilus	EU477773	1400	7000	Bacillaceae	Geobacillus thermodenitrificans subsp. calidus	6648.0	1373	19	13	1348	0.9911764705882353	0.9905316824471959	0.9817916970138383	0.9592217729445546	0.9497143
X60618	1425	7095	Bacillaceae	Geobacillus kaustophilus	HE613733	1546	7730	Bacillaceae	Geobacillus subterraneus subsp. aromaticivorans	6939.0	1425	15	8	1404	0.9908256880733946	0.9943859649122807	0.9852631578947368	0.9695263157894737	0.9780127
X60618	1425	7095	Bacillaceae	Geobacillus kaustophilus	AY608981	1562	7810	Bacillaceae	Geobacillus thermoglucosidasius	6655.0	1425	28	20	1371	0.9758007117437723	0.9859649122807017	0.9621052631578947	0.9303220197775925	0.93798447
X60618	1425	7095	Bacillaceae	Geobacillus kaustophilus	AF276306	1495	7475	Bacillaceae	Geobacillus subterraneus	6939.0	1425	13	6	1404	0.9894291754756871	0.9957894736842106	0.9852631578947368	0.9722450772271429	0.9780127
X60618	1425	7095	Bacillaceae	Geobacillus kaustophilus	FR749957	1551	7755	Bacillaceae	Geobacillus thermantarcticus	6736.0	1425	21	16	1380	0.9794180269694819	0.9887719298245614	0.968421052631579	0.9436412608284196	0.94940096
X60618	1425	7095	Bacillaceae	Geobacillus kaustophilus	AJ293805	1532	7660	Bacillaceae	Geobacillus vulcani	6994.0	1424	9	8	1408	0.9943502824858758	0.9943820224719101	0.9887640449438202	0.9770341155899857	0.9857646
X60618	1425	7095	Bacillaceae	Geobacillus kaustophilus	KF631430	1306	6530	Bacillaceae	Geobacillus icigianus	6335.0	1299	12	5	1281	0.9899536321483772	0.9961508852963818	0.9861431870669746	0.9733556705298742	0.97013783
X60618	1425	7095	Bacillaceae	Geobacillus kaustophilus	AY044055	1523	7615	Bacillaceae	Geobacillus lituanicus	6999.0	1425	9	2	1411	0.9915671117357695	0.9985964912280701	0.9901754385964913	0.9825799505737846	0.9864693
X60618	1425	7095	Bacillaceae	Geobacillus kaustophilus	FR749979	1550	7750	Bacillaceae	Geobacillus gargensis	6973.0	1425	17	8	1408	0.9936485532815809	0.9943859649122807	0.9880701754385965	0.9709399712874419	0.9828048
X60618	1425	7095	Bacillaceae	Geobacillus kaustophilus	Z26923	1518	7590	Bacillaceae	Geobacillus thermoleovorans	7025.0	1416	7	0	1410	0.9957627118644068	1.0	0.9957627118644068	0.9908643710470836	0.9901339
X60618	1425	7095	Bacillaceae	Geobacillus kaustophilus	AY312404	1520	7600	Bacillaceae	Geobacillus jurassicus	6890.0	1414	18	12	1393	0.9935805991440799	0.9915134370579916	0.9851485148514851	0.964509928646496	0.9711064
X60618	1425	7095	Bacillaceae	Geobacillus kaustophilus	AY608961	1520	7600	Bacillaceae	Geobacillus thermodenitrificans subsp. thermodenitrificans	6898.0	1425	18	12	1399	0.9900920028308563	0.991578947368421	0.9817543859649123	0.9613436918700077	0.97223395
AY608935	1561	7793	Bacillaceae	Geobacillus thermocatenulatus	AF067651	1516	7568	Bacillaceae	Geobacillus caldoxylosilyticus	7114.0	1516	17	18	1461	0.9753004005340454	0.9887788778877887	0.9637203166226913	0.9417175696678354	0.94001055
AY608935	1561	7793	Bacillaceae	Geobacillus thermocatenulatus	AF326278	1511	7555	Bacillaceae	Geobacillus toebii	7102.0	1513	19	21	1458	0.9772117962466488	0.9874255459960292	0.9636483807005949	0.9384878485674202	0.9400397
AY608935	1561	7793	Bacillaceae	Geobacillus thermocatenulatus	AB021196	1523	7615	Bacillaceae	Geobacillus stearothermophilus	7455.0	1522	14	13	1503	0.9960238568588469	0.9914586070959264	0.9875164257555847	0.9701577385840999	0.9789888
AY608935	1561	7793	Bacillaceae	Geobacillus thermocatenulatus	EU477773	1400	7000	Bacillaceae	Geobacillus thermodenitrificans subsp. calidus	6796.0	1400	10	11	1376	0.9906407487401008	0.9928520371694067	0.9828571428571429	0.9682188449848025	0.97085714
AY608935	1561	7793	Bacillaceae	Geobacillus thermocatenulatus	HE613733	1546	7730	Bacillaceae	Geobacillus subterraneus subsp. aromaticivorans	7524.0	1546	15	15	1521	0.9934683213585892	0.9902975420439845	0.9838292367399741	0.964921564028764	0.9733506
AY608935	1561	7793	Bacillaceae	Geobacillus thermocatenulatus	AY608981	1562	7810	Bacillaceae	Geobacillus thermoglucosidasius	7367.0	1561	16	16	1510	0.9773462783171522	0.9897501601537476	0.9673286354900704	0.9476998997033347	0.94533557
AY608935	1561	7793	Bacillaceae	Geobacillus thermocatenulatus	AF276306	1495	7475	Bacillaceae	Geobacillus subterraneus	7268.0	1495	10	10	1470	0.98989898989899	0.9933110367892977	0.9832775919732442	0.970210780119779	0.9723077
AY608935	1561	7793	Bacillaceae	Geobacillus thermocatenulatus	FR749957	1551	7755	Bacillaceae	Geobacillus thermantarcticus	7353.0	1553	16	18	1504	0.9798045602605863	0.9896840747904577	0.9684481648422408	0.947462035075105	0.9481625
AY608935	1561	7793	Bacillaceae	Geobacillus thermocatenulatus	AJ293805	1532	7660	Bacillaceae	Geobacillus vulcani	7524.0	1532	9	9	1515	0.9947472094550229	0.9941253263707572	0.9889033942558747	0.9773522838752091	0.98224545
AY608935	1561	7793	Bacillaceae	Geobacillus thermocatenulatus	KF631430	1306	6530	Bacillaceae	Geobacillus icigianus	6410.0	1306	3	3	1292	0.9915579432079816	0.9977029096477795	0.9892802450229708	0.9847457290030032	0.9816233
AY608935	1561	7793	Bacillaceae	Geobacillus thermocatenulatus	AY044055	1523	7615	Bacillaceae	Geobacillus lituanicus	7467.0	1523	7	7	1505	0.9927440633245382	0.9954038082731451	0.9881812212738017	0.9791390401641068	0.98056465
AY608935	1561	7793	Bacillaceae	Geobacillus thermocatenulatus	FR749979	1550	7750	Bacillaceae	Geobacillus gargensis	7701.0	1548	2	0	1543	0.9967700258397932	1.0	0.9967700258397932	0.9954838709677419	0.99367744
AY608935	1561	7793	Bacillaceae	Geobacillus thermocatenulatus	Z26923	1518	7590	Bacillaceae	Geobacillus thermoleovorans	7446.0	1518	11	11	1500	0.9953550099535501	0.9927536231884058	0.9881422924901185	0.9739244177780306	0.98102766
AY608935	1561	7793	Bacillaceae	Geobacillus thermocatenulatus	AY312404	1520	7600	Bacillaceae	Geobacillus jurassicus	7396.0	1520	13	13	1495	0.9920371599203716	0.9914473684210526	0.9835526315789473	0.9668713736395784	0.9731579
AY608935	1561	7793	Bacillaceae	Geobacillus thermocatenulatus	AY608961	1520	7600	Bacillaceae	Geobacillus thermodenitrificans subsp. thermodenitrificans	7372.0	1521	11	12	1493	0.9893969516235918	0.9927631578947368	0.9815910585141354	0.966854378131743	0.97
AF067651	1516	7568	Bacillaceae	Geobacillus caldoxylosilyticus	AF326278	1511	7555	Bacillaceae	Geobacillus toebii	7256.0	1502	13	14	1472	0.989247311827957	0.9913391072618255	0.9800266311584553	0.9625608100090967	0.9604236
AF067651	1516	7568	Bacillaceae	Geobacillus caldoxylosilyticus	AB021196	1523	7615	Bacillaceae	Geobacillus stearothermophilus	7021.0	1501	25	23	1445	0.9776725304465493	0.9846768820786143	0.9626915389740173	0.932410284799212	0.927722
AF067651	1516	7568	Bacillaceae	Geobacillus caldoxylosilyticus	EU477773	1400	7000	Bacillaceae	Geobacillus thermodenitrificans subsp. calidus	6682.0	1399	15	15	1363	0.9848265895953757	0.9892780557541101	0.9742673338098642	0.9535968811830636	0.9545714
AF067651	1516	7568	Bacillaceae	Geobacillus caldoxylosilyticus	HE613733	1546	7730	Bacillaceae	Geobacillus subterraneus subsp. aromaticivorans	7117.0	1515	25	24	1462	0.9805499664654594	0.9841584158415841	0.9650165016501651	0.9343114311431143	0.940407
AF067651	1516	7568	Bacillaceae	Geobacillus caldoxylosilyticus	AY608981	1562	7810	Bacillaceae	Geobacillus thermoglucosidasius	7304.0	1515	14	12	1484	0.9873586161011311	0.9920792079207921	0.9795379537953796	0.9628813241036334	0.96511626
AF067651	1516	7568	Bacillaceae	Geobacillus caldoxylosilyticus	AF276306	1495	7475	Bacillaceae	Geobacillus subterraneus	7005.0	1488	23	22	1438	0.9809004092769441	0.9852150537634409	0.9663978494623656	0.9376169737338371	0.9371238
AF067651	1516	7568	Bacillaceae	Geobacillus caldoxylosilyticus	FR749957	1551	7755	Bacillaceae	Geobacillus thermantarcticus	7314.0	1515	14	15	1484	0.9893333333333333	0.9907529722589168	0.9795379537953796	0.9609594052930472	0.96643764
AF067651	1516	7568	Bacillaceae	Geobacillus caldoxylosilyticus	AJ293805	1532	7660	Bacillaceae	Geobacillus vulcani	7075.0	1510	23	22	1455	0.9778225806451613	0.9854304635761589	0.9635761589403974	0.9352911444900921	0.9348573
AF067651	1516	7568	Bacillaceae	Geobacillus caldoxylosilyticus	KF631430	1306	6530	Bacillaceae	Geobacillus icigianus	6137.0	1309	19	22	1261	0.9797979797979798	0.9854517611026034	0.9633307868601986	0.9335893996152677	0.93981624
AF067651	1516	7568	Bacillaceae	Geobacillus caldoxylosilyticus	AY044055	1523	7615	Bacillaceae	Geobacillus lituanicus	7068.0	1514	22	21	1456	0.9752176825184193	0.9861294583883752	0.9616908850726552	0.9347685490973139	0.93393236
AF067651	1516	7568	Bacillaceae	Geobacillus caldoxylosilyticus	FR749979	1550	7750	Bacillaceae	Geobacillus gargensis	7125.0	1515	18	15	1464	0.976	0.9900990099009901	0.9663366336633663	0.9455348665982058	0.94146407
AF067651	1516	7568	Bacillaceae	Geobacillus caldoxylosilyticus	Z26923	1518	7590	Bacillaceae	Geobacillus thermoleovorans	7057.0	1508	24	23	1452	0.9777777777777777	0.9847480106100795	0.9628647214854111	0.9333251379933653	0.93247885
AF067651	1516	7568	Bacillaceae	Geobacillus caldoxylosilyticus	AY312404	1520	7600	Bacillaceae	Geobacillus jurassicus	7047.0	1506	21	20	1450	0.9757738896366084	0.9867197875166003	0.9628154050464808	0.9369637798946107	0.9311575
AF067651	1516	7568	Bacillaceae	Geobacillus caldoxylosilyticus	AY608961	1520	7600	Bacillaceae	Geobacillus thermodenitrificans subsp. thermodenitrificans	7143.0	1505	19	19	1461	0.9831763122476447	0.987375415282392	0.9707641196013289	0.9465587150443404	0.9438425
AF326278	1511	7555	Bacillaceae	Geobacillus toebii	AB021196	1523	7615	Bacillaceae	Geobacillus stearothermophilus	7083.0	1510	28	25	1456	0.9804713804713805	0.9834437086092715	0.9642384105960264	0.9310104289565015	0.9375248
AF326278	1511	7555	Bacillaceae	Geobacillus toebii	EU477773	1400	7000	Bacillaceae	Geobacillus thermodenitrificans subsp. calidus	6632.0	1400	20	20	1357	0.9833333333333333	0.9857142857142858	0.9692857142857143	0.9419818913480885	0.9474286
AF326278	1511	7555	Bacillaceae	Geobacillus toebii	HE613733	1546	7730	Bacillaceae	Geobacillus subterraneus subsp. aromaticivorans	7125.0	1511	28	26	1461	0.9838383838383838	0.9827928524156188	0.9669093315684977	0.932982688355568	0.94308406
AF326278	1511	7555	Bacillaceae	Geobacillus toebii	AY608981	1562	7810	Bacillaceae	Geobacillus thermoglucosidasius	7382.0	1511	8	5	1492	0.9907038512616202	0.9966909331568498	0.9874255459960292	0.9789748994536009	0.97710127
AF326278	1511	7555	Bacillaceae	Geobacillus toebii	AF276306	1495	7475	Bacillaceae	Geobacillus subterraneus	6946.0	1474	23	21	1425	0.9807295251204404	0.985753052917232	0.9667571234735414	0.9383420844402509	0.92923075
AF326278	1511	7555	Bacillaceae	Geobacillus toebii	FR749957	1551	7755	Bacillaceae	Geobacillus thermantarcticus	7366.0	1511	11	11	1489	0.9926666666666667	0.9927200529450695	0.985440105890139	0.9711958993661028	0.97498345
AF326278	1511	7555	Bacillaceae	Geobacillus toebii	AJ293805	1532	7660	Bacillaceae	Geobacillus vulcani	7122.0	1511	24	22	1461	0.9811954331766286	0.985440105890139	0.9669093315684977	0.9379335470394091	0.942687
AF326278	1511	7555	Bacillaceae	Geobacillus toebii	KF631430	1306	6530	Bacillaceae	Geobacillus icigianus	6109.0	1308	25	27	1257	0.9812646370023419	0.9808575803981623	0.9610091743119266	0.9235204443312662	0.93552834
AF326278	1511	7555	Bacillaceae	Geobacillus toebii	AY044055	1523	7615	Bacillaceae	Geobacillus lituanicus	7016.0	1500	26	24	1444	0.978319783197832	0.984	0.9626666666666667	0.9311245085190039	0.9286565
AF326278	1511	7555	Bacillaceae	Geobacillus toebii	FR749979	1550	7750	Bacillaceae	Geobacillus gargensis	7113.0	1511	21	17	1461	0.9779116465863453	0.9887491727332892	0.9669093315684977	0.9429259408376864	0.9414957
AF326278	1511	7555	Bacillaceae	Geobacillus toebii	Z26923	1518	7590	Bacillaceae	Geobacillus thermoleovorans	7091.0	1510	25	23	1457	0.9798251513113652	0.9847682119205298	0.9649006622516556	0.9347278728131674	0.93858373
AF326278	1511	7555	Bacillaceae	Geobacillus toebii	AY312404	1520	7600	Bacillaceae	Geobacillus jurassicus	7081.0	1511	27	25	1456	0.9798115746971736	0.9834546657842489	0.9636002647253474	0.9310208019387948	0.9372601
AF326278	1511	7555	Bacillaceae	Geobacillus toebii	AY608961	1520	7600	Bacillaceae	Geobacillus thermodenitrificans subsp. thermodenitrificans	7074.0	1491	18	17	1447	0.9816824966078698	0.98859825620389	0.9704896042924211	0.9479799050543597	0.93633354
AB021196	1523	7615	Bacillaceae	Geobacillus stearothermophilus	EU477773	1400	7000	Bacillaceae	Geobacillus thermodenitrificans subsp. calidus	6807.0	1402	12	14	1378	0.9927953890489913	0.9914285714285714	0.9828815977175464	0.964808810206474	0.97242856
AB021196	1523	7615	Bacillaceae	Geobacillus stearothermophilus	HE613733	1546	7730	Bacillaceae	Geobacillus subterraneus subsp. aromaticivorans	7431.0	1523	9	10	1502	0.992729676140119	0.9940867279894875	0.9862114248194354	0.9739803431800298	0.9758372
AB021196	1523	7615	Bacillaceae	Geobacillus stearothermophilus	AY608981	1562	7810	Bacillaceae	Geobacillus thermoglucosidasius	7173.0	1523	21	21	1472	0.9800266311584553	0.9862114248194354	0.9665134602757715	0.9402222910195653	0.94195664
AB021196	1523	7615	Bacillaceae	Geobacillus stearothermophilus	AF276306	1495	7475	Bacillaceae	Geobacillus subterraneus	7209.0	1476	10	11	1456	0.9938566552901024	0.9932203389830508	0.986449864498645	0.9725094559155552	0.9644147
AB021196	1523	7615	Bacillaceae	Geobacillus stearothermophilus	FR749957	1551	7755	Bacillaceae	Geobacillus thermantarcticus	7202.0	1523	20	23	1474	0.9826666666666667	0.9868421052631579	0.9678266579120157	0.9408554678341048	0.94576496
AB021196	1523	7615	Bacillaceae	Geobacillus stearothermophilus	AJ293805	1532	7660	Bacillaceae	Geobacillus vulcani	7497.0	1523	9	10	1509	0.9973562458691342	0.9940867279894875	0.9908076165462902	0.9785195325290712	0.9845043
AB021196	1523	7615	Bacillaceae	Geobacillus stearothermophilus	KF631430	1306	6530	Bacillaceae	Geobacillus icigianus	6404.0	1307	6	7	1292	0.9938461538461538	0.9954058192955589	0.9885233358837031	0.9787359761224783	0.9807044
AB021196	1523	7615	Bacillaceae	Geobacillus stearothermophilus	AY044055	1523	7615	Bacillaceae	Geobacillus lituanicus	7298.0	1502	13	14	1477	0.9926075268817204	0.9913391072618255	0.9833555259653795	0.9658303779778775	0.95837164
AB021196	1523	7615	Bacillaceae	Geobacillus stearothermophilus	FR749979	1550	7750	Bacillaceae	Geobacillus gargensis	7432.0	1523	15	14	1502	0.9953611663353215	0.9908076165462902	0.9862114248194354	0.9676157607623719	0.9759685
AB021196	1523	7615	Bacillaceae	Geobacillus stearothermophilus	Z26923	1518	7590	Bacillaceae	Geobacillus thermoleovorans	7424.0	1512	9	10	1496	0.996005326231691	0.9940436796823295	0.9894179894179894	0.9770583958618148	0.9781291
AB021196	1523	7615	Bacillaceae	Geobacillus stearothermophilus	AY312404	1520	7600	Bacillaceae	Geobacillus jurassicus	7392.0	1516	10	11	1494	0.9926910299003322	0.9933993399339934	0.9854881266490765	0.9719263634383093	0.9726316
AB021196	1523	7615	Bacillaceae	Geobacillus stearothermophilus	AY608961	1520	7600	Bacillaceae	Geobacillus thermodenitrificans subsp. thermodenitrificans	7244.0	1493	12	14	1467	0.9918864097363083	0.9919517102615694	0.9825853985264568	0.9656105012761659	0.9531579
EU477773	1400	7000	Bacillaceae	Geobacillus thermodenitrificans subsp. calidus	HE613733	1546	7730	Bacillaceae	Geobacillus subterraneus subsp. aromaticivorans	6901.0	1400	5	4	1389	0.9949856733524355	0.9971428571428571	0.9921428571428571	0.9857874936451448	0.9858571
EU477773	1400	7000	Bacillaceae	Geobacillus thermodenitrificans subsp. calidus	AY608981	1562	7810	Bacillaceae	Geobacillus thermoglucosidasius	6634.0	1399	16	14	1358	0.9805054151624548	0.9899928520371694	0.9706933523945676	0.9501132813190644	0.94771427
EU477773	1400	7000	Bacillaceae	Geobacillus thermodenitrificans subsp. calidus	AF276306	1495	7475	Bacillaceae	Geobacillus subterraneus	6919.0	1400	5	4	1391	0.9964183381088825	0.9971428571428571	0.9935714285714285	0.9872069140823588	0.9884286
EU477773	1400	7000	Bacillaceae	Geobacillus thermodenitrificans subsp. calidus	FR749957	1551	7755	Bacillaceae	Geobacillus thermantarcticus	6697.0	1400	10	11	1365	0.9827213822894169	0.9928520371694067	0.975	0.9604787234042552	0.9567143
EU477773	1400	7000	Bacillaceae	Geobacillus thermodenitrificans subsp. calidus	AJ293805	1532	7660	Bacillaceae	Geobacillus vulcani	6815.0	1400	12	11	1379	0.9928005759539237	0.9921428571428571	0.985	0.9689553824362606	0.9735714
EU477773	1400	7000	Bacillaceae	Geobacillus thermodenitrificans subsp. calidus	KF631430	1306	6530	Bacillaceae	Geobacillus icigianus	6390.0	1305	6	5	1290	0.9923076923076923	0.9961685823754789	0.9885057471264368	0.9802116485616842	0.9785605
EU477773	1400	7000	Bacillaceae	Geobacillus thermodenitrificans subsp. calidus	AY044055	1523	7615	Bacillaceae	Geobacillus lituanicus	6757.0	1399	12	11	1372	0.9884726224783862	0.9921372408863474	0.9807005003573981	0.9647145956740387	0.9652857
EU477773	1400	7000	Bacillaceae	Geobacillus thermodenitrificans subsp. calidus	FR749979	1550	7750	Bacillaceae	Geobacillus gargensis	6787.0	1399	13	10	1376	0.9906407487401008	0.9928520371694067	0.9835596854896355	0.9675385291395919	0.9695714
EU477773	1400	7000	Bacillaceae	Geobacillus thermodenitrificans subsp. calidus	Z26923	1518	7590	Bacillaceae	Geobacillus thermoleovorans	6807.0	1400	13	12	1378	0.9927953890489913	0.9914285714285714	0.9842857142857143	0.9668708927307654	0.97242856
EU477773	1400	7000	Bacillaceae	Geobacillus thermodenitrificans subsp. calidus	AY312404	1520	7600	Bacillaceae	Geobacillus jurassicus	6798.0	1400	12	11	1377	0.9913606911447084	0.9921428571428571	0.9835714285714285	0.967550080938891	0.9711428
EU477773	1400	7000	Bacillaceae	Geobacillus thermodenitrificans subsp. calidus	AY608961	1520	7600	Bacillaceae	Geobacillus thermodenitrificans subsp. thermodenitrificans	6982.0	1400	0	0	1398	0.9985714285714286	1.0	0.9985714285714286	0.9985714285714286	0.9974286
HE613733	1546	7730	Bacillaceae	Geobacillus subterraneus subsp. aromaticivorans	AY608981	1562	7810	Bacillaceae	Geobacillus thermoglucosidasius	7308.0	1546	22	21	1497	0.981639344262295	0.9864165588615783	0.9683053040103493	0.9417510131478206	0.9454075
HE613733	1546	7730	Bacillaceae	Geobacillus subterraneus subsp. aromaticivorans	AF276306	1495	7475	Bacillaceae	Geobacillus subterraneus	7383.0	1491	0	0	1483	0.994634473507713	1.0	0.994634473507713	0.994634473507713	0.9876923
HE613733	1546	7730	Bacillaceae	Geobacillus subterraneus subsp. aromaticivorans	FR749957	1551	7755	Bacillaceae	Geobacillus thermantarcticus	7373.0	1546	17	19	1504	0.9849377865094957	0.9889896373056994	0.9728331177231565	0.9504262129003582	0.9538163
HE613733	1546	7730	Bacillaceae	Geobacillus subterraneus subsp. aromaticivorans	AJ293805	1532	7660	Bacillaceae	Geobacillus vulcani	7504.0	1532	9	9	1514	0.9940906106369009	0.9941253263707572	0.9882506527415144	0.9767071668561494	0.97963446
HE613733	1546	7730	Bacillaceae	Geobacillus subterraneus subsp. aromaticivorans	KF631430	1306	6530	Bacillaceae	Geobacillus icigianus	6423.0	1306	3	3	1294	0.9930928626247122	0.9977029096477795	0.9908116385911179	0.9862701031965062	0.9836141
HE613733	1546	7730	Bacillaceae	Geobacillus subterraneus subsp. aromaticivorans	AY044055	1523	7615	Bacillaceae	Geobacillus lituanicus	7350.0	1517	14	14	1490	0.9913506320691949	0.990771259063942	0.982201713909031	0.9642385212314001	0.96520025
HE613733	1546	7730	Bacillaceae	Geobacillus subterraneus subsp. aromaticivorans	FR749979	1550	7750	Bacillaceae	Geobacillus gargensis	7519.0	1546	17	15	1522	0.9941214892227302	0.9902975420439845	0.9844760672703752	0.9643204472110969	0.97270375
HE613733	1546	7730	Bacillaceae	Geobacillus subterraneus subsp. aromaticivorans	Z26923	1518	7590	Bacillaceae	Geobacillus thermoleovorans	7432.0	1518	8	8	1500	0.9933774834437086	0.994729907773386	0.9881422924901185	0.9777816917824895	0.97918314
HE613733	1546	7730	Bacillaceae	Geobacillus subterraneus subsp. aromaticivorans	AY312404	1520	7600	Bacillaceae	Geobacillus jurassicus	7395.0	1520	14	14	1496	0.9933598937583001	0.9907894736842106	0.9842105263157894	0.9662457970218897	0.97302634
HE613733	1546	7730	Bacillaceae	Geobacillus subterraneus subsp. aromaticivorans	AY608961	1520	7600	Bacillaceae	Geobacillus thermodenitrificans subsp. thermodenitrificans	7426.0	1508	2	3	1495	0.9933554817275747	0.9986728599867286	0.9913793103448276	0.988096597396666	0.97710526
AY608981	1562	7810	Bacillaceae	Geobacillus thermoglucosidasius	AF276306	1495	7475	Bacillaceae	Geobacillus subterraneus	7069.0	1496	18	19	1448	0.980365605958023	0.9879598662207358	0.9679144385026738	0.9442599905339822	0.9456856
AY608981	1562	7810	Bacillaceae	Geobacillus thermoglucosidasius	FR749957	1551	7755	Bacillaceae	Geobacillus thermantarcticus	7613.0	1554	8	11	1535	0.9948152948801037	0.9948420373952289	0.9877734877734877	0.975758317307613	0.9816892
AY608981	1562	7810	Bacillaceae	Geobacillus thermoglucosidasius	AJ293805	1532	7660	Bacillaceae	Geobacillus vulcani	7234.0	1533	20	21	1483	0.9808201058201058	0.9869451697127938	0.9673842139595564	0.9418447723804567	0.9443864
AY608981	1562	7810	Bacillaceae	Geobacillus thermoglucosidasius	KF631430	1306	6530	Bacillaceae	Geobacillus icigianus	6144.0	1306	16	16	1262	0.9782945736434109	0.9877488514548239	0.9663093415007658	0.9429191002541512	0.9408882
AY608981	1562	7810	Bacillaceae	Geobacillus thermoglucosidasius	AY044055	1523	7615	Bacillaceae	Geobacillus lituanicus	7130.0	1524	22	23	1467	0.977348434377082	0.9855548260013132	0.9625984251968503	0.9345797129498528	0.93630993
AY608981	1562	7810	Bacillaceae	Geobacillus thermoglucosidasius	FR749979	1550	7750	Bacillaceae	Geobacillus gargensis	7307.0	1549	19	18	1499	0.9790986283474853	0.9883795997417689	0.9677211103938025	0.9448858546000711	0.9428387
AY608981	1562	7810	Bacillaceae	Geobacillus thermoglucosidasius	Z26923	1518	7590	Bacillaceae	Geobacillus thermoleovorans	7123.0	1519	23	24	1464	0.9792642140468227	0.9848484848484849	0.9637919684002634	0.934415689207778	0.9384717
AY608981	1562	7810	Bacillaceae	Geobacillus thermoglucosidasius	AY312404	1520	7600	Bacillaceae	Geobacillus jurassicus	7127.0	1521	26	27	1465	0.9805890227576974	0.9828947368421053	0.9631821170282708	0.9301836346737147	0.93776315
AY608981	1562	7810	Bacillaceae	Geobacillus thermoglucosidasius	AY608961	1520	7600	Bacillaceae	Geobacillus thermodenitrificans subsp. thermodenitrificans	7217.0	1522	16	19	1476	0.9820359281437125	0.989466754443713	0.9697766097240473	0.9477075711412504	0.9496053
AF276306	1495	7475	Bacillaceae	Geobacillus subterraneus	FR749957	1551	7755	Bacillaceae	Geobacillus thermantarcticus	7131.0	1495	12	14	1455	0.9824442943956786	0.9919624916275954	0.9732441471571907	0.956452940902322	0.9539799
AF276306	1495	7475	Bacillaceae	Geobacillus subterraneus	AJ293805	1532	7660	Bacillaceae	Geobacillus vulcani	7263.0	1484	7	7	1466	0.992552471225457	0.9952830188679245	0.9878706199460916	0.9785948394771141	0.9716388
AF276306	1495	7475	Bacillaceae	Geobacillus subterraneus	KF631430	1306	6530	Bacillaceae	Geobacillus icigianus	6431.0	1306	1	1	1295	0.9923371647509579	0.9992343032159265	0.9915773353751914	0.9900600020387336	0.9848392
AF276306	1495	7475	Bacillaceae	Geobacillus subterraneus	AY044055	1523	7615	Bacillaceae	Geobacillus lituanicus	7224.0	1495	13	13	1466	0.9892037786774629	0.991304347826087	0.9806020066889632	0.9636950755391536	0.9664214
AF276306	1495	7475	Bacillaceae	Geobacillus subterraneus	FR749979	1550	7750	Bacillaceae	Geobacillus gargensis	7253.0	1493	12	10	1469	0.9905596763317599	0.9933020763563295	0.9839249832551908	0.9695420266893342	0.97030103
AF276306	1495	7475	Bacillaceae	Geobacillus subterraneus	Z26923	1518	7590	Bacillaceae	Geobacillus thermoleovorans	7252.0	1482	6	6	1464	0.991869918699187	0.9959514170040485	0.9878542510121457	0.9798876844717253	0.9701672
AF276306	1495	7475	Bacillaceae	Geobacillus subterraneus	AY312404	1520	7600	Bacillaceae	Geobacillus jurassicus	7185.0	1480	13	13	1455	0.9918200408997955	0.9912162162162163	0.9831081081081081	0.9659876721999964	0.961204
AF276306	1495	7475	Bacillaceae	Geobacillus subterraneus	AY608961	1520	7600	Bacillaceae	Geobacillus thermodenitrificans subsp. thermodenitrificans	7379.0	1495	2	3	1484	0.9946380697050938	0.998661311914324	0.9926421404682274	0.9893267024573116	0.98715717
FR749957	1551	7755	Bacillaceae	Geobacillus thermantarcticus	AJ293805	1532	7660	Bacillaceae	Geobacillus vulcani	7276.0	1530	20	18	1487	0.9834656084656085	0.9882352941176471	0.9718954248366013	0.9480683111954459	0.94986945
FR749957	1551	7755	Bacillaceae	Geobacillus thermantarcticus	KF631430	1306	6530	Bacillaceae	Geobacillus icigianus	6181.0	1303	19	16	1265	0.9829059829059829	0.9877206446661551	0.9708365310821182	0.9451335972032422	0.94655436
FR749957	1551	7755	Bacillaceae	Geobacillus thermantarcticus	AY044055	1523	7615	Bacillaceae	Geobacillus lituanicus	7174.0	1520	22	20	1471	0.9806666666666667	0.9868421052631579	0.9677631578947369	0.9414038500921565	0.942088
FR749957	1551	7755	Bacillaceae	Geobacillus thermantarcticus	FR749979	1550	7750	Bacillaceae	Geobacillus gargensis	7323.0	1546	20	16	1500	0.9803921568627451	0.9896507115135834	0.9702457956015524	0.9479412945532409	0.94490325
FR749957	1551	7755	Bacillaceae	Geobacillus thermantarcticus	Z26923	1518	7590	Bacillaceae	Geobacillus thermoleovorans	7213.0	1516	19	17	1474	0.9833222148098733	0.9887862796833773	0.9722955145118733	0.9494924926731584	0.95032936
FR749957	1551	7755	Bacillaceae	Geobacillus thermantarcticus	AY312404	1520	7600	Bacillaceae	Geobacillus jurassicus	7184.0	1518	22	20	1471	0.9819759679572764	0.9868247694334651	0.969038208168643	0.9426098934004074	0.94526315
FR749957	1551	7755	Bacillaceae	Geobacillus thermantarcticus	AY608961	1520	7600	Bacillaceae	Geobacillus thermodenitrificans subsp. thermodenitrificans	7266.0	1511	12	11	1478	0.9853333333333333	0.9927200529450695	0.9781601588352085	0.9633882063380255	0.95605266
AJ293805	1532	7660	Bacillaceae	Geobacillus vulcani	KF631430	1306	6530	Bacillaceae	Geobacillus icigianus	6407.0	1306	5	5	1292	0.9930822444273636	0.9961715160796325	0.9892802450229708	0.9817342477306523	0.98116386
AJ293805	1532	7660	Bacillaceae	Geobacillus vulcani	AY044055	1523	7615	Bacillaceae	Geobacillus lituanicus	7412.0	1510	7	7	1494	0.9940119760479041	0.9953642384105961	0.9894039735099338	0.9802730205573043	0.97334206
AJ293805	1532	7660	Bacillaceae	Geobacillus vulcani	FR749979	1550	7750	Bacillaceae	Geobacillus gargensis	7519.0	1532	11	9	1516	0.9954038082731451	0.9941253263707572	0.9895561357702349	0.976729743861353	0.9815927
AJ293805	1532	7660	Bacillaceae	Geobacillus vulcani	Z26923	1518	7590	Bacillaceae	Geobacillus thermoleovorans	7529.0	1518	2	2	1511	0.9967018469656992	0.9986824769433466	0.9953886693017128	0.9927692254351292	0.9919631
AJ293805	1532	7660	Bacillaceae	Geobacillus vulcani	AY312404	1520	7600	Bacillaceae	Geobacillus jurassicus	7413.0	1520	13	13	1498	0.9940278699402787	0.9914473684210526	0.9855263157894737	0.9688115837539053	0.9753947
AJ293805	1532	7660	Bacillaceae	Geobacillus vulcani	AY608961	1520	7600	Bacillaceae	Geobacillus thermodenitrificans subsp. thermodenitrificans	7314.0	1501	9	10	1479	0.9919517102615694	0.994	0.9853431045969354	0.9729447476516759	0.9623684
KF631430	1306	6530	Bacillaceae	Geobacillus icigianus	AY044055	1523	7615	Bacillaceae	Geobacillus lituanicus	6363.0	1306	7	7	1287	0.9907621247113164	0.9946401225114855	0.9854517611026034	0.974944278501357	0.97442573
KF631430	1306	6530	Bacillaceae	Geobacillus icigianus	FR749979	1550	7750	Bacillaceae	Geobacillus gargensis	6401.0	1306	5	3	1292	0.9915579432079816	0.9977029096477795	0.9892802450229708	0.983243447189116	0.980245
KF631430	1306	6530	Bacillaceae	Geobacillus icigianus	Z26923	1518	7590	Bacillaceae	Geobacillus thermoleovorans	6398.0	1306	5	5	1291	0.9923136049192929	0.9961715160796325	0.9885145482388974	0.9809743915017586	0.9797856
KF631430	1306	6530	Bacillaceae	Geobacillus icigianus	AY312404	1520	7600	Bacillaceae	Geobacillus jurassicus	6358.0	1306	7	8	1286	0.9907550077041603	0.9946360153256705	0.9846860643185299	0.9734367947337789	0.97366005
KF631430	1306	6530	Bacillaceae	Geobacillus icigianus	AY608961	1520	7600	Bacillaceae	Geobacillus thermodenitrificans subsp. thermodenitrificans	6381.0	1306	5	6	1289	0.9915384615384616	0.9961685823754789	0.9869831546707504	0.9787018314812932	0.9771822
AY044055	1523	7615	Bacillaceae	Geobacillus lituanicus	FR749979	1550	7750	Bacillaceae	Geobacillus gargensis	7442.0	1519	9	7	1502	0.9933862433862434	0.9953917050691244	0.9888084265964451	0.9784544116582624	0.9772817
AY044055	1523	7615	Bacillaceae	Geobacillus lituanicus	Z26923	1518	7590	Bacillaceae	Geobacillus thermoleovorans	7427.0	1508	5	5	1495	0.9946773120425815	0.996684350132626	0.9913793103448276	0.9848269024773799	0.9785244
AY044055	1523	7615	Bacillaceae	Geobacillus lituanicus	AY312404	1520	7600	Bacillaceae	Geobacillus jurassicus	7302.0	1506	16	16	1479	0.9926174496644296	0.9893758300132802	0.9820717131474104	0.9614236876410259	0.9607895
AY044055	1523	7615	Bacillaceae	Geobacillus lituanicus	AY608961	1520	7600	Bacillaceae	Geobacillus thermodenitrificans subsp. thermodenitrificans	7293.0	1514	12	13	1482	0.9873417721518988	0.9920687376074026	0.9788639365918098	0.9628275025060986	0.9596053
FR749979	1550	7750	Bacillaceae	Geobacillus gargensis	Z26923	1518	7590	Bacillaceae	Geobacillus thermoleovorans	7441.0	1520	11	13	1501	0.9960185799601858	0.9927536231884058	0.9875	0.9720199216198564	0.9803689
FR749979	1550	7750	Bacillaceae	Geobacillus gargensis	AY312404	1520	7600	Bacillaceae	Geobacillus jurassicus	7391.0	1522	13	15	1496	0.9927007299270073	0.9914473684210526	0.9829172141918529	0.9649877796658777	0.9725
FR749979	1550	7750	Bacillaceae	Geobacillus gargensis	AY608961	1520	7600	Bacillaceae	Geobacillus thermodenitrificans subsp. thermodenitrificans	7312.0	1512	11	14	1483	0.9899866488651535	0.9927104042412194	0.9808201058201058	0.9647199727633082	0.9621053
Z26923	1518	7590	Bacillaceae	Geobacillus thermoleovorans	AY312404	1520	7600	Bacillaceae	Geobacillus jurassicus	7403.0	1516	13	13	1495	0.9946773120425815	0.991424802110818	0.9861477572559367	0.9693787306446521	0.9753623
Z26923	1518	7590	Bacillaceae	Geobacillus thermoleovorans	AY608961	1520	7600	Bacillaceae	Geobacillus thermodenitrificans subsp. thermodenitrificans	7296.0	1499	11	12	1476	0.9926025554808339	0.992656875834446	0.9846564376250834	0.969658359436092	0.96126485
AY312404	1520	7600	Bacillaceae	Geobacillus jurassicus	AY608961	1520	7600	Bacillaceae	Geobacillus thermodenitrificans subsp. thermodenitrificans	7270.0	1497	12	13	1472	0.9919137466307277	0.9919786096256684	0.9832999331997327	0.9670093445118644	0.95657897
