AY694007	1440	7194	Flavobacteriaceae	Gillisia sandarakina	AY694008	1424	7108	Flavobacteriaceae	Gillisia illustrilutea	6401.0	1403	30	30	1333	0.9708667152221413	0.9786172487526729	0.9501069137562367	0.910325745001614	0.90053463
AY694007	1440	7194	Flavobacteriaceae	Gillisia sandarakina	AY576655	1430	7150	Flavobacteriaceae	Gillisia mitskevichiae	6537.0	1430	38	38	1358	0.9755747126436781	0.9734265734265735	0.9496503496503497	0.9004858901316667	0.91426575
AY694007	1440	7194	Flavobacteriaceae	Gillisia sandarakina	AJ440991	1483	7373	Flavobacteriaceae	Gillisia limnaea	6556.0	1440	39	39	1362	0.9721627408993576	0.9729166666666667	0.9458333333333333	0.8959516565246788	0.91131496
AY694007	1440	7194	Flavobacteriaceae	Gillisia sandarakina	JQ764565	1441	7205	Flavobacteriaceae	Gillisia marina	6534.0	1440	46	47	1361	0.9770279971284996	0.9680333564975677	0.9451388888888889	0.8859882047255869	0.9082569
AY694007	1440	7194	Flavobacteriaceae	Gillisia sandarakina	AY694006	1368	6840	Flavobacteriaceae	Gillisia hiemivivida	6387.0	1369	20	21	1316	0.9762611275964391	0.9853801169590644	0.9612856099342586	0.9329107287194964	0.9337719
AY694007	1440	7194	Flavobacteriaceae	Gillisia sandarakina	DQ202393	1411	7055	Flavobacteriaceae	Gillisia myxillae	6320.0	1415	51	55	1325	0.9742647058823529	0.963855421686747	0.9363957597173145	0.8686891086054214	0.8958186
AY694008	1424	7108	Flavobacteriaceae	Gillisia illustrilutea	AY576655	1430	7150	Flavobacteriaceae	Gillisia mitskevichiae	6524.0	1398	30	30	1343	0.9817251461988304	0.9785407725321889	0.9606580829756796	0.9202942979767015	0.91783905
AY694008	1424	7108	Flavobacteriaceae	Gillisia illustrilutea	AJ440991	1483	7373	Flavobacteriaceae	Gillisia limnaea	6515.0	1404	29	29	1342	0.976	0.9793447293447294	0.9558404558404558	0.9171532636291883	0.91657287
AY694008	1424	7108	Flavobacteriaceae	Gillisia illustrilutea	JQ764565	1441	7205	Flavobacteriaceae	Gillisia marina	6497.0	1404	36	37	1342	0.9817117776152158	0.9743406985032074	0.9558404558404558	0.9073846549540995	0.9140405
AY694008	1424	7108	Flavobacteriaceae	Gillisia illustrilutea	AY694006	1368	6840	Flavobacteriaceae	Gillisia hiemivivida	6518.0	1369	17	18	1331	0.9851961509992598	0.9875730994152047	0.9722425127830533	0.9476909341774207	0.95292395
AY694008	1424	7108	Flavobacteriaceae	Gillisia illustrilutea	DQ202393	1411	7055	Flavobacteriaceae	Gillisia myxillae	6311.0	1387	37	40	1313	0.9747587230883444	0.9732658959537572	0.946647440519106	0.8954593415584522	0.8945429
AY576655	1430	7150	Flavobacteriaceae	Gillisia mitskevichiae	AJ440991	1483	7373	Flavobacteriaceae	Gillisia limnaea	6750.0	1430	28	28	1379	0.9835948644793152	0.9804195804195804	0.9643356643356643	0.9272967087781901	0.9440559
AY576655	1430	7150	Flavobacteriaceae	Gillisia mitskevichiae	JQ764565	1441	7205	Flavobacteriaceae	Gillisia marina	7056.0	1430	6	7	1419	0.9971890372452565	0.9958012596221134	0.9923076923076923	0.9833244053996144	0.9868531
AY576655	1430	7150	Flavobacteriaceae	Gillisia mitskevichiae	AY694006	1368	6840	Flavobacteriaceae	Gillisia hiemivivida	6638.0	1369	13	14	1344	0.9918819188191882	0.9904970760233918	0.9817384952520087	0.9625583654605441	0.97046787
AY576655	1430	7150	Flavobacteriaceae	Gillisia mitskevichiae	DQ202393	1411	7055	Flavobacteriaceae	Gillisia myxillae	6711.0	1415	20	24	1372	0.9863407620416966	0.9858256555634302	0.9696113074204947	0.939881065241748	0.95124024
AJ440991	1483	7373	Flavobacteriaceae	Gillisia limnaea	JQ764565	1441	7205	Flavobacteriaceae	Gillisia marina	6787.0	1442	25	26	1389	0.9809322033898306	0.9826509368494102	0.963245492371706	0.9297584302647142	0.9419847
AJ440991	1483	7373	Flavobacteriaceae	Gillisia limnaea	AY694006	1368	6840	Flavobacteriaceae	Gillisia hiemivivida	6590.0	1369	13	14	1336	0.9859778597785978	0.9904970760233918	0.9758948137326515	0.9568288513804216	0.9634503
AJ440991	1483	7373	Flavobacteriaceae	Gillisia limnaea	DQ202393	1411	7055	Flavobacteriaceae	Gillisia myxillae	6682.0	1415	28	32	1364	0.9862617498192335	0.9801559177888023	0.9639575971731449	0.9238762002012886	0.94712967
JQ764565	1441	7205	Flavobacteriaceae	Gillisia marina	AY694006	1368	6840	Flavobacteriaceae	Gillisia hiemivivida	6553.0	1369	21	22	1334	0.9903489235337788	0.9846491228070176	0.9744338933528123	0.9442895355008908	0.95804095
JQ764565	1441	7205	Flavobacteriaceae	Gillisia marina	DQ202393	1411	7055	Flavobacteriaceae	Gillisia myxillae	6690.0	1414	26	29	1369	0.9884476534296028	0.9815733522324592	0.9681753889674681	0.9311964678610718	0.94826365
AY694006	1368	6840	Flavobacteriaceae	Gillisia hiemivivida	DQ202393	1411	7055	Flavobacteriaceae	Gillisia myxillae	6416.0	1368	29	29	1318	0.9843166542195668	0.9788011695906432	0.9634502923976608	0.9234502086760686	0.9380117
