AF127407	1427	7111	Acetobacteraceae	Gluconacetobacter sacchari	AJ251110	1484	7408	Acetobacteraceae	Gluconacetobacter entanii	6765.0	1427	14	16	1383	0.9801559177888023	0.9901754385964913	0.96916608269096	0.9489891344045417	0.951343
AF127407	1427	7111	Acetobacteraceae	Gluconacetobacter sacchari	X75617	1483	7415	Acetobacteraceae	Gluconacetobacter liquefaciens	7005.0	1427	6	6	1411	0.9929627023223082	0.9957953749124037	0.9887876664330764	0.9805075184936507	0.98509353
AF127407	1427	7111	Acetobacteraceae	Gluconacetobacter sacchari	AB778531	1416	7080	Acetobacteraceae	Gluconacetobacter takamatsuzukensis	6946.0	1411	3	3	1398	0.9928977272727273	0.9978738483345145	0.9907866761162296	0.9865824893717478	0.98107344
AF127407	1427	7111	Acetobacteraceae	Gluconacetobacter sacchari	AB778526	1414	7070	Acetobacteraceae	Gluconacetobacter aggeris	6899.0	1411	6	8	1392	0.99215965787598	0.9957416607523066	0.9865343727852587	0.9767873853336048	0.97581327
AF127407	1427	7111	Acetobacteraceae	Gluconacetobacter sacchari	AF111841	1440	7200	Acetobacteraceae	Gluconacetobacter johannae	6824.0	1411	15	14	1384	0.9906943450250537	0.9900779588944011	0.9808646350106307	0.9609171774963892	0.95963997
AF127407	1427	7111	Acetobacteraceae	Gluconacetobacter sacchari	AB627116	1418	7084	Acetobacteraceae	Gluconacetobacter tumulicola	6897.0	1411	9	7	1392	0.9914529914529915	0.9950389794472005	0.9865343727852587	0.9754184925285233	0.9736025
AF127407	1427	7111	Acetobacteraceae	Gluconacetobacter sacchari	AF192761	1447	7235	Acetobacteraceae	Gluconacetobacter azotocaptans	6821.0	1411	16	14	1384	0.9906943450250537	0.9900779588944011	0.9808646350106307	0.960243794751122	0.9592181
AF127407	1427	7111	Acetobacteraceae	Gluconacetobacter sacchari	AB778530	1414	7070	Acetobacteraceae	Gluconacetobacter tumulisoli	6831.0	1411	11	13	1384	0.9899856938483548	0.9921930447125621	0.9808646350106307	0.964309957626485	0.96619517
AF127407	1427	7111	Acetobacteraceae	Gluconacetobacter sacchari	X75618	1485	7425	Acetobacteraceae	Gluconacetobacter diazotrophicus	6929.0	1427	10	8	1403	0.9887244538407329	0.9943938332165382	0.9831814996496145	0.9708660737667384	0.9744058
AF127407	1427	7111	Acetobacteraceae	Gluconacetobacter sacchari	AB627120	1418	7084	Acetobacteraceae	Gluconacetobacter asukensis	6913.0	1411	8	6	1394	0.9921708185053381	0.9957476966690291	0.9879518072289156	0.9782045730490674	0.9758611
AJ251110	1484	7408	Acetobacteraceae	Gluconacetobacter entanii	X75617	1483	7415	Acetobacteraceae	Gluconacetobacter liquefaciens	7088.0	1481	15	13	1445	0.9843324250681199	0.9912221471978393	0.9756920999324781	0.9574304830888221	0.95680344
AJ251110	1484	7408	Acetobacteraceae	Gluconacetobacter entanii	AB778531	1416	7080	Acetobacteraceae	Gluconacetobacter takamatsuzukensis	6773.0	1414	18	16	1380	0.9871244635193133	0.9886845827439887	0.9759547383309759	0.9527826286220001	0.9566384
AJ251110	1484	7408	Acetobacteraceae	Gluconacetobacter entanii	AB778526	1414	7070	Acetobacteraceae	Gluconacetobacter aggeris	6777.0	1414	18	18	1380	0.9885386819484241	0.9872701555869873	0.9759547383309759	0.9514195633450016	0.9585573
AJ251110	1484	7408	Acetobacteraceae	Gluconacetobacter entanii	AF111841	1440	7200	Acetobacteraceae	Gluconacetobacter johannae	6895.0	1437	15	12	1404	0.9852631578947368	0.9916492693110647	0.9770354906054279	0.9588674752842526	0.95763886
AJ251110	1484	7408	Acetobacteraceae	Gluconacetobacter entanii	AB627116	1418	7084	Acetobacteraceae	Gluconacetobacter tumulicola	6773.0	1414	20	16	1380	0.9871244635193133	0.9886845827439887	0.9759547383309759	0.9514537825569764	0.95609826
AJ251110	1484	7408	Acetobacteraceae	Gluconacetobacter entanii	AF192761	1447	7235	Acetobacteraceae	Gluconacetobacter azotocaptans	6933.0	1444	12	9	1412	0.98397212543554	0.9937673130193906	0.9778393351800554	0.9637358832303431	0.95825845
AJ251110	1484	7408	Acetobacteraceae	Gluconacetobacter entanii	AB778530	1414	7070	Acetobacteraceae	Gluconacetobacter tumulisoli	6802.0	1414	13	13	1383	0.987152034261242	0.9908062234794908	0.978076379066478	0.9602557863154421	0.96209335
AJ251110	1484	7408	Acetobacteraceae	Gluconacetobacter entanii	X75618	1485	7425	Acetobacteraceae	Gluconacetobacter diazotrophicus	7091.0	1481	22	18	1445	0.9876965140123035	0.987846049966239	0.9756920999324781	0.9497255769801832	0.9572084
AJ251110	1484	7408	Acetobacteraceae	Gluconacetobacter entanii	AB627120	1418	7084	Acetobacteraceae	Gluconacetobacter asukensis	6768.0	1414	23	19	1379	0.9885304659498207	0.9865629420084866	0.9752475247524752	0.94674342173257	0.9553924
X75617	1483	7415	Acetobacteraceae	Gluconacetobacter liquefaciens	AB778531	1416	7080	Acetobacteraceae	Gluconacetobacter takamatsuzukensis	6993.0	1416	3	3	1406	0.9950460014154282	0.9978813559322034	0.9929378531073446	0.9887393843838462	0.98771185
X75617	1483	7415	Acetobacteraceae	Gluconacetobacter liquefaciens	AB778526	1414	7070	Acetobacteraceae	Gluconacetobacter aggeris	6930.0	1416	9	11	1398	0.9950177935943061	0.9936350777934936	0.9872881355932204	0.9734314600059472	0.980198
X75617	1483	7415	Acetobacteraceae	Gluconacetobacter liquefaciens	AF111841	1440	7200	Acetobacteraceae	Gluconacetobacter johannae	6983.0	1439	12	11	1415	0.9908963585434174	0.9923558026407228	0.9833217512161223	0.9677349832781686	0.9698611
X75617	1483	7415	Acetobacteraceae	Gluconacetobacter liquefaciens	AB627116	1418	7084	Acetobacteraceae	Gluconacetobacter tumulicola	7002.0	1416	6	4	1407	0.9964589235127479	0.9971751412429378	0.9936440677966102	0.9866564161243415	0.9884246
X75617	1483	7415	Acetobacteraceae	Gluconacetobacter liquefaciens	AF192761	1447	7235	Acetobacteraceae	Gluconacetobacter azotocaptans	7000.0	1446	14	13	1420	0.9909281228192603	0.9910096818810512	0.9820193637621023	0.9638587316925291	0.967519
X75617	1483	7415	Acetobacteraceae	Gluconacetobacter liquefaciens	AB778530	1414	7070	Acetobacteraceae	Gluconacetobacter tumulisoli	6870.0	1416	10	12	1391	0.9907407407407407	0.9929278642149929	0.9823446327683616	0.9671892457270544	0.97171146
X75617	1483	7415	Acetobacteraceae	Gluconacetobacter liquefaciens	X75618	1485	7425	Acetobacteraceae	Gluconacetobacter diazotrophicus	7228.0	1483	10	8	1462	0.9911864406779661	0.9946055293324343	0.98583951449764	0.9739539744702069	0.97478086
X75617	1483	7415	Acetobacteraceae	Gluconacetobacter liquefaciens	AB627120	1418	7084	Acetobacteraceae	Gluconacetobacter asukensis	6960.0	1416	8	6	1402	0.9943262411347518	0.9957627118644068	0.9901129943502824	0.9803787373833556	0.9824958
AB778531	1416	7080	Acetobacteraceae	Gluconacetobacter takamatsuzukensis	AB778526	1414	7070	Acetobacteraceae	Gluconacetobacter aggeris	6968.0	1416	3	5	1403	0.9943302622253721	0.9978783592644979	0.990819209039548	0.985233195176041	0.9855728
AB778531	1416	7080	Acetobacteraceae	Gluconacetobacter takamatsuzukensis	AF111841	1440	7200	Acetobacteraceae	Gluconacetobacter johannae	6896.0	1416	12	11	1395	0.9928825622775801	0.992231638418079	0.9851694915254238	0.9693019156815269	0.9740113
AB778531	1416	7080	Acetobacteraceae	Gluconacetobacter takamatsuzukensis	AB627116	1418	7084	Acetobacteraceae	Gluconacetobacter tumulicola	6958.0	1416	6	4	1402	0.9929178470254958	0.9971751412429378	0.9901129943502824	0.9831501744181427	0.98276836
AB778531	1416	7080	Acetobacteraceae	Gluconacetobacter takamatsuzukensis	AF192761	1447	7235	Acetobacteraceae	Gluconacetobacter azotocaptans	6892.0	1416	12	10	1395	0.9921763869132291	0.9929378531073446	0.9851694915254238	0.9699918102834354	0.9734463
AB778531	1416	7080	Acetobacteraceae	Gluconacetobacter takamatsuzukensis	AB778530	1414	7070	Acetobacteraceae	Gluconacetobacter tumulisoli	6906.0	1416	11	13	1395	0.9942979330007128	0.9922206506364922	0.9851694915254238	0.9686004180870145	0.9768034
AB778531	1416	7080	Acetobacteraceae	Gluconacetobacter takamatsuzukensis	X75618	1485	7425	Acetobacteraceae	Gluconacetobacter diazotrophicus	6910.0	1416	8	6	1397	0.9907801418439717	0.9957627118644068	0.9865819209039548	0.9768823795467529	0.9759887
AB778531	1416	7080	Acetobacteraceae	Gluconacetobacter takamatsuzukensis	AB627120	1418	7084	Acetobacteraceae	Gluconacetobacter asukensis	7000.0	1416	3	1	1407	0.9943462897526502	0.9992937853107344	0.9936440677966102	0.9908430979085295	0.98870057
AB778526	1414	7070	Acetobacteraceae	Gluconacetobacter aggeris	AF111841	1440	7200	Acetobacteraceae	Gluconacetobacter johannae	6824.0	1414	18	15	1386	0.9907076483202287	0.9893917963224894	0.9801980198019802	0.9576096576138061	0.9652051
AB778526	1414	7070	Acetobacteraceae	Gluconacetobacter aggeris	AB627116	1418	7084	Acetobacteraceae	Gluconacetobacter tumulicola	7001.0	1414	8	4	1406	0.9971631205673759	0.9971711456859972	0.9943422913719944	0.9859512171832011	0.99024045
AB778526	1414	7070	Acetobacteraceae	Gluconacetobacter aggeris	AF192761	1447	7235	Acetobacteraceae	Gluconacetobacter azotocaptans	6829.0	1414	18	14	1387	0.9907142857142858	0.9900990099009901	0.9809052333804809	0.9589855633608053	0.9659123
AB778526	1414	7070	Acetobacteraceae	Gluconacetobacter aggeris	AB778530	1414	7070	Acetobacteraceae	Gluconacetobacter tumulisoli	6863.0	1414	10	10	1390	0.99002849002849	0.9929278642149929	0.983026874115983	0.9692203168952529	0.97072136
AB778526	1414	7070	Acetobacteraceae	Gluconacetobacter aggeris	X75618	1485	7425	Acetobacteraceae	Gluconacetobacter diazotrophicus	6917.0	1414	11	7	1397	0.9928926794598436	0.995049504950495	0.987977369165488	0.9754976550286607	0.9783593
AB778526	1414	7070	Acetobacteraceae	Gluconacetobacter aggeris	AB627120	1418	7084	Acetobacteraceae	Gluconacetobacter asukensis	7034.0	1414	6	2	1410	0.9985835694050992	0.9985855728429985	0.9971711456859972	0.9915532800764986	0.99490803
AF111841	1440	7200	Acetobacteraceae	Gluconacetobacter johannae	AB627116	1418	7084	Acetobacteraceae	Gluconacetobacter tumulicola	6873.0	1417	11	10	1393	0.9900497512437811	0.9929428369795342	0.9830628087508821	0.9686060027398398	0.97021455
AF111841	1440	7200	Acetobacteraceae	Gluconacetobacter johannae	AF192761	1447	7235	Acetobacteraceae	Gluconacetobacter azotocaptans	7122.0	1440	7	6	1431	0.997907949790795	0.9958333333333333	0.99375	0.9848220456116104	0.9891667
AF111841	1440	7200	Acetobacteraceae	Gluconacetobacter johannae	AB778530	1414	7070	Acetobacteraceae	Gluconacetobacter tumulisoli	6978.0	1417	5	8	1404	0.9964513839602555	0.9964639321074965	0.9908256880733946	0.9817675066775056	0.9869873
AF111841	1440	7200	Acetobacteraceae	Gluconacetobacter johannae	X75618	1485	7425	Acetobacteraceae	Gluconacetobacter diazotrophicus	7060.0	1440	10	9	1424	0.9951083158630328	0.99375	0.9888888888888889	0.9759310344827588	0.98055553
AF111841	1440	7200	Acetobacteraceae	Gluconacetobacter johannae	AB627120	1418	7084	Acetobacteraceae	Gluconacetobacter asukensis	6864.0	1417	14	13	1391	0.9907407407407407	0.9908256880733946	0.981651376146789	0.9631296520685476	0.9689441
AB627116	1418	7084	Acetobacteraceae	Gluconacetobacter tumulicola	AF192761	1447	7235	Acetobacteraceae	Gluconacetobacter azotocaptans	6870.0	1418	11	11	1393	0.9900497512437811	0.9922425952045134	0.9823695345557123	0.9672455809096481	0.96979105
AB627116	1418	7084	Acetobacteraceae	Gluconacetobacter tumulicola	AB778530	1414	7070	Acetobacteraceae	Gluconacetobacter tumulisoli	6862.0	1418	9	13	1390	0.9893238434163701	0.9936350777934936	0.9802538787023978	0.96514134518351	0.9705799
AB627116	1418	7084	Acetobacteraceae	Gluconacetobacter tumulicola	X75618	1485	7425	Acetobacteraceae	Gluconacetobacter diazotrophicus	6954.0	1418	4	4	1402	0.9915134370579916	0.997179125528914	0.9887165021156559	0.9831541026663413	0.9816488
AB627116	1418	7084	Acetobacteraceae	Gluconacetobacter tumulicola	AB627120	1418	7084	Acetobacteraceae	Gluconacetobacter asukensis	7040.0	1418	3	3	1411	0.9971731448763251	0.9978843441466855	0.9950634696755994	0.9908619349690171	0.99378884
AF192761	1447	7235	Acetobacteraceae	Gluconacetobacter azotocaptans	AB778530	1414	7070	Acetobacteraceae	Gluconacetobacter tumulisoli	6947.0	1418	12	16	1400	0.9985734664764622	0.9915134370579916	0.9873060648801129	0.9679741978754672	0.98260254
AF192761	1447	7235	Acetobacteraceae	Gluconacetobacter azotocaptans	X75618	1485	7425	Acetobacteraceae	Gluconacetobacter diazotrophicus	7094.0	1447	11	10	1431	0.9958246346555324	0.9930891499654457	0.9889426399447132	0.9746986101512709	0.9805114
AF192761	1447	7235	Acetobacteraceae	Gluconacetobacter azotocaptans	AB627120	1418	7084	Acetobacteraceae	Gluconacetobacter asukensis	6868.0	1418	12	12	1392	0.9900426742532006	0.9915373765867419	0.9816643159379408	0.965188830915206	0.96950877
AB778530	1414	7070	Acetobacteraceae	Gluconacetobacter tumulisoli	X75618	1485	7425	Acetobacteraceae	Gluconacetobacter diazotrophicus	6920.0	1414	13	9	1397	0.994306049822064	0.9936350777934936	0.987977369165488	0.9727457629134623	0.9787836
AB778530	1414	7070	Acetobacteraceae	Gluconacetobacter tumulisoli	AB627120	1418	7084	Acetobacteraceae	Gluconacetobacter asukensis	6864.0	1414	15	11	1390	0.9907341411261582	0.9922206506364922	0.983026874115983	0.9651411507240897	0.9708628
X75618	1485	7425	Acetobacteraceae	Gluconacetobacter diazotrophicus	AB627120	1418	7084	Acetobacteraceae	Gluconacetobacter asukensis	6956.0	1418	5	5	1402	0.9922151450813871	0.9964739069111425	0.9887165021156559	0.9817683889595374	0.9819311
