AJ617482	1491	7455	Micrococcaceae	Glutamicibacter mysorens	AJ609630	1468	7340	Micrococcaceae	Glutamicibacter bergerei	7170.0	1467	13	12	1448	0.9951890034364261	0.9918200408997955	0.9870483980913429	0.9703752832587188	0.97683924
AJ617482	1491	7455	Micrococcaceae	Glutamicibacter mysorens	X80745	1473	7365	Micrococcaceae	Glutamicibacter protophormiae	7233.0	1469	6	6	1456	0.9952153110047847	0.9959155888359428	0.9911504424778761	0.9830868456577171	0.9820774
AJ617482	1491	7455	Micrococcaceae	Glutamicibacter mysorens	AJ609628	1459	7289	Micrococcaceae	Glutamicibacter arilaitensis	7189.0	1457	10	8	1445	0.9972394755003451	0.9945092656142759	0.9917638984214139	0.979595016232194	0.9862807
AJ617482	1491	7455	Micrococcaceae	Glutamicibacter mysorens	EF660748	1401	7005	Micrococcaceae	Glutamicibacter soli	6831.0	1400	17	16	1380	0.9971098265895953	0.9885714285714285	0.9857142857142858	0.9627583425748564	0.9751606
AJ617482	1491	7455	Micrococcaceae	Glutamicibacter mysorens	X83410	1484	7414	Micrococcaceae	Glutamicibacter uratoxydans	7155.0	1481	23	21	1451	0.9938356164383562	0.9858203916272789	0.9797434166103984	0.951080710273392	0.9650661
AJ617482	1491	7455	Micrococcaceae	Glutamicibacter mysorens	JX993762	1517	7585	Micrococcaceae	Glutamicibacter halophytocola	7372.0	1491	9	8	1481	0.9986513823331086	0.994634473507713	0.9932930918846412	0.9820357701766154	0.9888665
AJ617482	1491	7455	Micrococcaceae	Glutamicibacter mysorens	AJ551163	1440	7200	Micrococcaceae	Glutamicibacter ardleyensis	6959.0	1427	14	12	1407	0.9943462897526502	0.9915907498248073	0.9859845830413455	0.9681944378927855	0.96652776
AJ617482	1491	7455	Micrococcaceae	Glutamicibacter mysorens	X80739	1472	7354	Micrococcaceae	Glutamicibacter nicotianae	7266.0	1469	7	8	1459	0.998631074606434	0.9952316076294278	0.9931926480599047	0.9830992268397837	0.9880337
AJ617482	1491	7455	Micrococcaceae	Glutamicibacter mysorens	D88211	1386	6930	Micrococcaceae	Glutamicibacter creatinolyticus	6523.0	1367	39	30	1330	0.9947643979057592	0.978054133138259	0.9729334308705194	0.9251863421578125	0.9412698
AJ609630	1468	7340	Micrococcaceae	Glutamicibacter bergerei	X80745	1473	7365	Micrococcaceae	Glutamicibacter protophormiae	7145.0	1468	17	18	1444	0.9958620689655172	0.9884117246080436	0.9836512261580381	0.9604675272250204	0.97343326
AJ609630	1468	7340	Micrococcaceae	Glutamicibacter bergerei	AJ609628	1459	7289	Micrococcaceae	Glutamicibacter arilaitensis	7091.0	1458	15	14	1434	0.9930747922437673	0.99039780521262	0.9835390946502057	0.9641754600644244	0.9728358
AJ609630	1468	7340	Micrococcaceae	Glutamicibacter bergerei	EF660748	1401	7005	Micrococcaceae	Glutamicibacter soli	6809.0	1401	18	18	1377	0.9956616052060737	0.987152034261242	0.9828693790149893	0.9579340036488585	0.97202
AJ609630	1468	7340	Micrococcaceae	Glutamicibacter bergerei	X83410	1484	7414	Micrococcaceae	Glutamicibacter uratoxydans	7013.0	1468	25	24	1429	0.989612188365651	0.9836512261580381	0.973433242506812	0.9414853330072581	0.9554496
AJ609630	1468	7340	Micrococcaceae	Glutamicibacter bergerei	JX993762	1517	7585	Micrococcaceae	Glutamicibacter halophytocola	7128.0	1468	15	15	1443	0.9931176875430144	0.9897820163487738	0.9829700272479565	0.9630852660763862	0.97111714
AJ609630	1468	7340	Micrococcaceae	Glutamicibacter bergerei	AJ551163	1440	7200	Micrococcaceae	Glutamicibacter ardleyensis	7102.0	1428	1	0	1424	0.9971988795518207	1.0	0.9971988795518207	0.9965010496850945	0.98638886
AJ609630	1468	7340	Micrococcaceae	Glutamicibacter bergerei	X80739	1472	7354	Micrococcaceae	Glutamicibacter nicotianae	7128.0	1468	15	17	1442	0.9937973811164714	0.9897680763983628	0.9822888283378747	0.96109311525169	0.97111714
AJ609630	1468	7340	Micrococcaceae	Glutamicibacter bergerei	D88211	1386	6930	Micrococcaceae	Glutamicibacter creatinolyticus	6518.0	1367	40	31	1329	0.9947604790419161	0.9773226042428675	0.972201901975128	0.923142673090811	0.94054836
X80745	1473	7365	Micrococcaceae	Glutamicibacter protophormiae	AJ609628	1459	7289	Micrococcaceae	Glutamicibacter arilaitensis	7109.0	1457	13	11	1436	0.9930843706777317	0.9924502402196294	0.9855868222374743	0.9694956088131891	0.97530526
X80745	1473	7365	Micrococcaceae	Glutamicibacter protophormiae	EF660748	1401	7005	Micrococcaceae	Glutamicibacter soli	6907.0	1400	10	9	1389	0.9985621854780733	0.9935714285714285	0.9921428571428571	0.978773556231003	0.98601
X80745	1473	7365	Micrococcaceae	Glutamicibacter protophormiae	X83410	1484	7414	Micrococcaceae	Glutamicibacter uratoxydans	7032.0	1470	28	26	1432	0.9916897506925207	0.9823129251700681	0.9741496598639455	0.9390334504963535	0.9547861
X80745	1473	7365	Micrococcaceae	Glutamicibacter protophormiae	JX993762	1517	7585	Micrococcaceae	Glutamicibacter halophytocola	7197.0	1473	15	14	1453	0.995887594242632	0.9904955872369314	0.9864222674813307	0.9671976399564929	0.9771894
X80745	1473	7365	Micrococcaceae	Glutamicibacter protophormiae	AJ551163	1440	7200	Micrococcaceae	Glutamicibacter ardleyensis	6954.0	1431	19	17	1407	0.995049504950495	0.9881201956673655	0.9832285115303984	0.9588173208992988	0.9658333
X80745	1473	7365	Micrococcaceae	Glutamicibacter protophormiae	X80739	1472	7354	Micrococcaceae	Glutamicibacter nicotianae	7214.0	1473	11	12	1455	0.9958932238193019	0.9925271739130435	0.9877800407331976	0.9724707813417802	0.98096275
X80745	1473	7365	Micrococcaceae	Glutamicibacter protophormiae	D88211	1386	6930	Micrococcaceae	Glutamicibacter creatinolyticus	6605.0	1371	30	22	1342	0.9948109710896961	0.9839533187454412	0.9788475565280816	0.9425163124599445	0.95310247
AJ609628	1459	7289	Micrococcaceae	Glutamicibacter arilaitensis	EF660748	1401	7005	Micrococcaceae	Glutamicibacter soli	6833.0	1402	11	12	1381	0.9935251798561151	0.9921484653818701	0.985021398002853	0.9689877871365645	0.9754461
AJ609628	1459	7289	Micrococcaceae	Glutamicibacter arilaitensis	X83410	1484	7414	Micrococcaceae	Glutamicibacter uratoxydans	7050.0	1459	19	19	1429	0.9923611111111111	0.9869773817683345	0.9794379712131597	0.9542562101129566	0.9672109
AJ609628	1459	7289	Micrococcaceae	Glutamicibacter arilaitensis	JX993762	1517	7585	Micrococcaceae	Glutamicibacter halophytocola	7191.0	1459	6	7	1446	0.9958677685950413	0.9958847736625515	0.9910897875257025	0.9822951341210375	0.9865551
AJ609628	1459	7289	Micrococcaceae	Glutamicibacter arilaitensis	AJ551163	1440	7200	Micrococcaceae	Glutamicibacter ardleyensis	6929.0	1429	14	14	1403	0.9915194346289753	0.9902029391182645	0.9818054583624912	0.9627544861974533	0.9623611
AJ609628	1459	7289	Micrococcaceae	Glutamicibacter arilaitensis	X80739	1472	7354	Micrococcaceae	Glutamicibacter nicotianae	7195.0	1459	4	7	1446	0.9958677685950413	0.9972527472527473	0.9910897875257025	0.9836379846119754	0.9871039
AJ609628	1459	7289	Micrococcaceae	Glutamicibacter arilaitensis	D88211	1386	6930	Micrococcaceae	Glutamicibacter creatinolyticus	6545.0	1367	32	23	1333	0.9918154761904762	0.9831748354059985	0.9751280175566935	0.9367920340215841	0.9444444
EF660748	1401	7005	Micrococcaceae	Glutamicibacter soli	X83410	1484	7414	Micrococcaceae	Glutamicibacter uratoxydans	6705.0	1401	27	26	1365	0.9927272727272727	0.9814418272662384	0.974304068522484	0.9381429231221396	0.95717347
EF660748	1401	7005	Micrococcaceae	Glutamicibacter soli	JX993762	1517	7585	Micrococcaceae	Glutamicibacter halophytocola	6845.0	1401	13	13	1382	0.9956772334293948	0.9907209136331192	0.9864382583868665	0.9683000725890882	0.97715914
EF660748	1401	7005	Micrococcaceae	Glutamicibacter soli	AJ551163	1440	7200	Micrococcaceae	Glutamicibacter ardleyensis	6758.0	1393	19	18	1368	0.9949090909090909	0.9870782483847811	0.9820531227566404	0.9563194361121675	0.9647395
EF660748	1401	7005	Micrococcaceae	Glutamicibacter soli	X80739	1472	7354	Micrococcaceae	Glutamicibacter nicotianae	6841.0	1401	13	15	1381	0.9963924963924964	0.9907076483202287	0.9857244825124911	0.9662051858290754	0.97658813
EF660748	1401	7005	Micrococcaceae	Glutamicibacter soli	D88211	1386	6930	Micrococcaceae	Glutamicibacter creatinolyticus	6405.0	1332	33	25	1302	0.9961744452945677	0.9812312312312312	0.9774774774774775	0.9359436359436359	0.92424244
X83410	1484	7414	Micrococcaceae	Glutamicibacter uratoxydans	JX993762	1517	7585	Micrococcaceae	Glutamicibacter halophytocola	7162.0	1484	17	18	1453	0.9911323328785812	0.9885367498314228	0.97911051212938	0.956279820640687	0.9660103
X83410	1484	7414	Micrococcaceae	Glutamicibacter uratoxydans	AJ551163	1440	7200	Micrococcaceae	Glutamicibacter ardleyensis	6807.0	1430	24	24	1389	0.9879089615931721	0.9832167832167832	0.9713286713286713	0.9392628004732543	0.9454167
X83410	1484	7414	Micrococcaceae	Glutamicibacter uratoxydans	X80739	1472	7354	Micrococcaceae	Glutamicibacter nicotianae	7115.0	1472	16	19	1442	0.9924294562973159	0.9891082368958475	0.9796195652173914	0.9565774383473586	0.9675007
X83410	1484	7414	Micrococcaceae	Glutamicibacter uratoxydans	D88211	1386	6930	Micrococcaceae	Glutamicibacter creatinolyticus	6463.0	1368	37	25	1325	0.9865971705137752	0.9817251461988304	0.9685672514619883	0.9258262054900002	0.9326118
JX993762	1517	7585	Micrococcaceae	Glutamicibacter halophytocola	AJ551163	1440	7200	Micrococcaceae	Glutamicibacter ardleyensis	6981.0	1439	16	15	1414	0.9929775280898876	0.9895760945100764	0.9826268241834607	0.9616911323967341	0.96958333
JX993762	1517	7585	Micrococcaceae	Glutamicibacter halophytocola	X80739	1472	7354	Micrococcaceae	Glutamicibacter nicotianae	7283.0	1474	6	8	1463	0.9979536152796725	0.9959239130434783	0.9925373134328358	0.983148446954417	0.9903454
JX993762	1517	7585	Micrococcaceae	Glutamicibacter halophytocola	D88211	1386	6930	Micrococcaceae	Glutamicibacter creatinolyticus	6591.0	1378	33	25	1343	0.9926090169992609	0.9818577648766328	0.974600870827286	0.9345393183765542	0.9510822
AJ551163	1440	7200	Micrococcaceae	Glutamicibacter ardleyensis	X80739	1472	7354	Micrococcaceae	Glutamicibacter nicotianae	6946.0	1433	15	18	1406	0.9936395759717315	0.9895104895104895	0.9811584089323099	0.9587977545850955	0.9647222
AJ551163	1440	7200	Micrococcaceae	Glutamicibacter ardleyensis	D88211	1386	6930	Micrococcaceae	Glutamicibacter creatinolyticus	6555.0	1379	39	32	1338	0.9933184855233853	0.9767947788252357	0.9702683103698332	0.921686469723671	0.94588745
X80739	1472	7354	Micrococcaceae	Glutamicibacter nicotianae	D88211	1386	6930	Micrococcaceae	Glutamicibacter creatinolyticus	6542.0	1371	35	27	1334	0.9925595238095238	0.9803063457330415	0.9730123997082422	0.930105736278718	0.94401157
