EU784646	1501	7505	Bacillaceae	Gracilibacillus saliphilus	LN626645	1528	7640	Bacillaceae	Gracilibacillus massiliensis	7103.0	1498	27	19	1455	0.9837728194726166	0.9873164218958611	0.9712950600801068	0.9419969795793299	0.9464357
EU784646	1501	7505	Bacillaceae	Gracilibacillus saliphilus	EU709020	1485	7425	Bacillaceae	Gracilibacillus ureilyticus	7045.0	1477	21	15	1439	0.9842681258549931	0.989844278943805	0.974272173324306	0.950858422830531	0.94882154
EU784646	1501	7505	Bacillaceae	Gracilibacillus saliphilus	EF520006	1452	7254	Bacillaceae	Gracilibacillus bigeumensis	6830.0	1448	29	27	1401	0.9859254046446164	0.981353591160221	0.9675414364640884	0.9308574009583409	0.9415495
EU784646	1501	7505	Bacillaceae	Gracilibacillus saliphilus	DQ664540	1476	7344	Bacillaceae	Gracilibacillus lacisalsi	7067.0	1457	35	16	1435	0.9958362248438585	0.9890185312285518	0.9849004804392587	0.9512343112017237	0.9622821
EU784646	1501	7505	Bacillaceae	Gracilibacillus saliphilus	AB197126	1500	7500	Bacillaceae	Gracilibacillus boraciitolerans	7049.0	1482	15	7	1443	0.9783050847457627	0.99527665317139	0.9736842105263158	0.9593748901311395	0.93986666
EU784646	1501	7505	Bacillaceae	Gracilibacillus saliphilus	HQ439902	1410	7050	Bacillaceae	Gracilibacillus kekensis	6740.0	1410	18	18	1374	0.9870689655172413	0.9872340425531915	0.9744680851063829	0.9499016627927767	0.95602834
EU784646	1501	7505	Bacillaceae	Gracilibacillus saliphilus	AM040716	1453	7265	Bacillaceae	Gracilibacillus orientalis	6928.0	1439	13	7	1410	0.9846368715083799	0.995135510771369	0.9798471160528145	0.9663505993027757	0.9536132
EU784646	1501	7505	Bacillaceae	Gracilibacillus saliphilus	AB101591	1514	7564	Bacillaceae	Gracilibacillus dipsosauri	7136.0	1501	28	18	1460	0.9844908968307485	0.9880079946702198	0.9726848767488341	0.9434216299663316	0.9508328
EU784646	1501	7505	Bacillaceae	Gracilibacillus saliphilus	FJ182214	1551	7755	Bacillaceae	Gracilibacillus thailandensis	7416.0	1501	16	4	1493	0.9973279893119572	0.9973351099267155	0.9946702198534311	0.9815565716022322	0.98814124
EU784646	1501	7505	Bacillaceae	Gracilibacillus saliphilus	AB854047	1534	7664	Bacillaceae	Gracilibacillus alcaliphilus	7133.0	1501	31	18	1460	0.9844908968307485	0.9880079946702198	0.9726848767488341	0.9415741985760581	0.950433
EU784646	1501	7505	Bacillaceae	Gracilibacillus saliphilus	AF036922	1541	7705	Bacillaceae	Gracilibacillus halotolerans	7027.0	1501	38	26	1447	0.9810169491525423	0.9826782145236509	0.9640239840106596	0.9239346175540759	0.9363091
EU784646	1501	7505	Bacillaceae	Gracilibacillus saliphilus	EU135704	1440	7200	Bacillaceae	Gracilibacillus halophilus	6612.0	1433	40	35	1369	0.9792560801144492	0.9755757152826239	0.9553384508025122	0.9066959634907753	0.91833335
LN626645	1528	7640	Bacillaceae	Gracilibacillus massiliensis	EU709020	1485	7425	Bacillaceae	Gracilibacillus ureilyticus	7096.0	1485	8	8	1448	0.980365605958023	0.9946127946127946	0.9750841750841751	0.9646345121227908	0.95569026
LN626645	1528	7640	Bacillaceae	Gracilibacillus massiliensis	EF520006	1452	7254	Bacillaceae	Gracilibacillus bigeumensis	6661.0	1451	39	38	1382	0.9780608634111819	0.9738111647139903	0.9524465885596141	0.9032261943857279	0.918252
LN626645	1528	7640	Bacillaceae	Gracilibacillus massiliensis	DQ664540	1476	7344	Bacillaceae	Gracilibacillus lacisalsi	6777.0	1470	42	37	1404	0.9797627355198884	0.9748299319727891	0.9551020408163265	0.9051992225461614	0.9227941
LN626645	1528	7640	Bacillaceae	Gracilibacillus massiliensis	AB197126	1500	7500	Bacillaceae	Gracilibacillus boraciitolerans	7214.0	1499	17	16	1467	0.9892110586648685	0.9893262174783188	0.9786524349566378	0.9573493146706424	0.9618667
LN626645	1528	7640	Bacillaceae	Gracilibacillus massiliensis	HQ439902	1410	7050	Bacillaceae	Gracilibacillus kekensis	6950.0	1409	8	7	1398	0.9971469329529244	0.9950319375443577	0.9921930447125621	0.9816899426160989	0.9858156
LN626645	1528	7640	Bacillaceae	Gracilibacillus massiliensis	AM040716	1453	7265	Bacillaceae	Gracilibacillus orientalis	6922.0	1452	24	23	1413	0.9888033589923023	0.9841597796143251	0.9731404958677686	0.942152959752738	0.95278734
LN626645	1528	7640	Bacillaceae	Gracilibacillus massiliensis	AB101591	1514	7564	Bacillaceae	Gracilibacillus dipsosauri	7180.0	1508	18	19	1466	0.984553391537945	0.9880557398805574	0.9721485411140584	0.9485774428039534	0.94923323
LN626645	1528	7640	Bacillaceae	Gracilibacillus massiliensis	FJ182214	1551	7755	Bacillaceae	Gracilibacillus thailandensis	7250.0	1525	20	19	1482	0.9840637450199203	0.9875409836065574	0.9718032786885246	0.9472723221391054	0.94895285
LN626645	1528	7640	Bacillaceae	Gracilibacillus massiliensis	AB854047	1534	7664	Bacillaceae	Gracilibacillus alcaliphilus	7188.0	1514	30	28	1469	0.9885598923283984	0.9815059445178336	0.9702774108322325	0.9338291661248042	0.9408377
LN626645	1528	7640	Bacillaceae	Gracilibacillus massiliensis	AF036922	1541	7705	Bacillaceae	Gracilibacillus halotolerans	7204.0	1519	22	21	1474	0.9839786381842457	0.9861751152073732	0.9703752468729427	0.9432979362853136	0.94293195
LN626645	1528	7640	Bacillaceae	Gracilibacillus massiliensis	EU135704	1440	7200	Bacillaceae	Gracilibacillus halophilus	6607.0	1440	42	42	1370	0.9799713876967096	0.9708333333333333	0.9513888888888888	0.8974640125955914	0.9176389
EU709020	1485	7425	Bacillaceae	Gracilibacillus ureilyticus	EF520006	1452	7254	Bacillaceae	Gracilibacillus bigeumensis	6754.0	1451	33	32	1393	0.981677237491191	0.9779462439696761	0.9600275671950379	0.9179778422168186	0.93107253
EU709020	1485	7425	Bacillaceae	Gracilibacillus ureilyticus	DQ664540	1476	7344	Bacillaceae	Gracilibacillus lacisalsi	6820.0	1469	41	36	1408	0.9825540823447313	0.9754935330156569	0.9584751531654186	0.9095992678715529	0.92864925
EU709020	1485	7425	Bacillaceae	Gracilibacillus ureilyticus	AB197126	1500	7500	Bacillaceae	Gracilibacillus boraciitolerans	7027.0	1485	19	16	1440	0.9802586793737236	0.9892255892255892	0.9696969696969697	0.9471308833010961	0.9463973
EU709020	1485	7425	Bacillaceae	Gracilibacillus ureilyticus	HQ439902	1410	7050	Bacillaceae	Gracilibacillus kekensis	6710.0	1408	11	9	1371	0.9799857040743388	0.9936079545454546	0.9737215909090909	0.9599975374783779	0.95177305
EU709020	1485	7425	Bacillaceae	Gracilibacillus ureilyticus	AM040716	1453	7265	Bacillaceae	Gracilibacillus orientalis	6880.0	1445	17	15	1406	0.9832167832167832	0.9896193771626297	0.9730103806228374	0.9517132997884115	0.94700617
EU709020	1485	7425	Bacillaceae	Gracilibacillus ureilyticus	AB101591	1514	7564	Bacillaceae	Gracilibacillus dipsosauri	7224.0	1485	10	11	1461	0.991180461329715	0.9932614555256065	0.9838383838383838	0.970018580453363	0.9729293
EU709020	1485	7425	Bacillaceae	Gracilibacillus ureilyticus	FJ182214	1551	7755	Bacillaceae	Gracilibacillus thailandensis	7108.0	1485	13	12	1449	0.9837067209775967	0.9919191919191919	0.9757575757575757	0.9594732370433304	0.9573064
EU709020	1485	7425	Bacillaceae	Gracilibacillus ureilyticus	AB854047	1534	7664	Bacillaceae	Gracilibacillus alcaliphilus	7087.0	1485	21	19	1446	0.9863574351978172	0.9872053872053872	0.9737373737373738	0.9478744952848539	0.9544781
EU709020	1485	7425	Bacillaceae	Gracilibacillus ureilyticus	AF036922	1541	7705	Bacillaceae	Gracilibacillus halotolerans	7039.0	1485	16	15	1441	0.9802721088435374	0.98989898989899	0.9703703703703703	0.9503294100229476	0.9480135
EU709020	1485	7425	Bacillaceae	Gracilibacillus ureilyticus	EU135704	1440	7200	Bacillaceae	Gracilibacillus halophilus	6696.0	1439	31	30	1381	0.9801277501774308	0.9791521890201529	0.9596942321056289	0.9198701857393409	0.93
EF520006	1452	7254	Bacillaceae	Gracilibacillus bigeumensis	DQ664540	1476	7344	Bacillaceae	Gracilibacillus lacisalsi	6666.0	1452	51	48	1383	0.9850427350427351	0.9669421487603306	0.9524793388429752	0.8897411787994259	0.91894126
EF520006	1452	7254	Bacillaceae	Gracilibacillus bigeumensis	AB197126	1500	7500	Bacillaceae	Gracilibacillus boraciitolerans	6754.0	1452	28	26	1394	0.9775596072931276	0.9820936639118457	0.9600550964187328	0.9250260591169681	0.93107253
EF520006	1452	7254	Bacillaceae	Gracilibacillus bigeumensis	HQ439902	1410	7050	Bacillaceae	Gracilibacillus kekensis	6551.0	1412	33	35	1352	0.9818445896877269	0.9765957446808511	0.9575070821529745	0.9124479253457757	0.92921984
EF520006	1452	7254	Bacillaceae	Gracilibacillus bigeumensis	AM040716	1453	7265	Bacillaceae	Gracilibacillus orientalis	6673.0	1431	26	25	1376	0.9786628733997155	0.9825296995108316	0.9615653389238294	0.9279072522490763	0.91990626
EF520006	1452	7254	Bacillaceae	Gracilibacillus bigeumensis	AB101591	1514	7564	Bacillaceae	Gracilibacillus dipsosauri	6723.0	1452	38	40	1388	0.9830028328611898	0.9737931034482759	0.9559228650137741	0.9058812653687577	0.926799
EF520006	1452	7254	Bacillaceae	Gracilibacillus bigeumensis	FJ182214	1551	7755	Bacillaceae	Gracilibacillus thailandensis	6811.0	1452	31	31	1400	0.9852216748768473	0.9786501377410468	0.9641873278236914	0.9238774058243193	0.9389303
EF520006	1452	7254	Bacillaceae	Gracilibacillus bigeumensis	AB854047	1534	7664	Bacillaceae	Gracilibacillus alcaliphilus	6712.0	1452	36	35	1388	0.9795342272406493	0.9758953168044077	0.9559228650137741	0.9103109541159394	0.9252826
EF520006	1452	7254	Bacillaceae	Gracilibacillus bigeumensis	AF036922	1541	7705	Bacillaceae	Gracilibacillus halotolerans	6632.0	1452	43	43	1378	0.9779985805535841	0.9703856749311295	0.9490358126721763	0.8944424481973888	0.9142542
EF520006	1452	7254	Bacillaceae	Gracilibacillus bigeumensis	EU135704	1440	7200	Bacillaceae	Gracilibacillus halophilus	6686.0	1424	29	28	1374	0.9842406876790831	0.9803370786516854	0.9648876404494382	0.9270358885529357	0.9286111
DQ664540	1476	7344	Bacillaceae	Gracilibacillus lacisalsi	AB197126	1500	7500	Bacillaceae	Gracilibacillus boraciitolerans	6818.0	1475	30	32	1410	0.9771309771309772	0.9796334012219959	0.9559322033898305	0.9165516076355651	0.9283769
DQ664540	1476	7344	Bacillaceae	Gracilibacillus lacisalsi	HQ439902	1410	7050	Bacillaceae	Gracilibacillus kekensis	6675.0	1416	21	27	1368	0.9848812095032398	0.9851063829787234	0.9661016949152542	0.9338310746258094	0.9468085
DQ664540	1476	7344	Bacillaceae	Gracilibacillus lacisalsi	AM040716	1453	7265	Bacillaceae	Gracilibacillus orientalis	6780.0	1453	28	33	1395	0.9823943661971831	0.9806629834254144	0.9600825877494839	0.9205383353168582	0.93324155
DQ664540	1476	7344	Bacillaceae	Gracilibacillus lacisalsi	AB101591	1514	7564	Bacillaceae	Gracilibacillus dipsosauri	6771.0	1474	38	44	1402	0.9804195804195804	0.9741144414168937	0.9511533242876526	0.8995696122561795	0.9219771
DQ664540	1476	7344	Bacillaceae	Gracilibacillus lacisalsi	FJ182214	1551	7755	Bacillaceae	Gracilibacillus thailandensis	7091.0	1475	26	30	1440	0.9965397923875432	0.982324949014276	0.976271186440678	0.9398480109305661	0.9655501
DQ664540	1476	7344	Bacillaceae	Gracilibacillus lacisalsi	AB854047	1534	7664	Bacillaceae	Gracilibacillus alcaliphilus	6802.0	1475	44	47	1406	0.9845938375350141	0.970108695652174	0.9532203389830508	0.8961149730531907	0.92619824
DQ664540	1476	7344	Bacillaceae	Gracilibacillus lacisalsi	AF036922	1541	7705	Bacillaceae	Gracilibacillus halotolerans	6701.0	1475	47	51	1394	0.9789325842696629	0.9680489462950373	0.9450847457627118	0.8842317200828526	0.91244555
DQ664540	1476	7344	Bacillaceae	Gracilibacillus lacisalsi	EU135704	1440	7200	Bacillaceae	Gracilibacillus halophilus	6483.0	1446	51	57	1356	0.9762419006479481	0.9645833333333333	0.9377593360995851	0.870105355940096	0.9004167
AB197126	1500	7500	Bacillaceae	Gracilibacillus boraciitolerans	HQ439902	1410	7050	Bacillaceae	Gracilibacillus kekensis	6759.0	1412	16	18	1377	0.9878048780487805	0.9886524822695035	0.9752124645892352	0.9519931201942533	0.9587234
AB197126	1500	7500	Bacillaceae	Gracilibacillus boraciitolerans	AM040716	1453	7265	Bacillaceae	Gracilibacillus orientalis	6903.0	1455	18	20	1412	0.98397212543554	0.987611837577426	0.970446735395189	0.9454114496212466	0.95017207
AB197126	1500	7500	Bacillaceae	Gracilibacillus boraciitolerans	AB101591	1514	7564	Bacillaceae	Gracilibacillus dipsosauri	7005.0	1492	21	24	1438	0.9795640326975477	0.9858965748824715	0.9638069705093834	0.935141198088417	0.934
AB197126	1500	7500	Bacillaceae	Gracilibacillus boraciitolerans	FJ182214	1551	7755	Bacillaceae	Gracilibacillus thailandensis	7146.0	1500	10	10	1460	0.9798657718120806	0.9933333333333333	0.9733333333333334	0.9604415011037527	0.9528
AB197126	1500	7500	Bacillaceae	Gracilibacillus boraciitolerans	AB854047	1534	7664	Bacillaceae	Gracilibacillus alcaliphilus	7107.0	1498	23	23	1453	0.9850847457627119	0.9846461949265688	0.9699599465954606	0.9406251947589115	0.9476
AB197126	1500	7500	Bacillaceae	Gracilibacillus boraciitolerans	AF036922	1541	7705	Bacillaceae	Gracilibacillus halotolerans	7039.0	1500	29	29	1446	0.9830047586675731	0.9806666666666667	0.964	0.9274323086984957	0.9385333
AB197126	1500	7500	Bacillaceae	Gracilibacillus boraciitolerans	EU135704	1440	7200	Bacillaceae	Gracilibacillus halophilus	6619.0	1443	32	35	1373	0.9751420454545454	0.9777777777777777	0.9514899514899515	0.9082697299646453	0.91930556
HQ439902	1410	7050	Bacillaceae	Gracilibacillus kekensis	AM040716	1453	7265	Bacillaceae	Gracilibacillus orientalis	6638.0	1410	29	29	1362	0.9862418537291817	0.9794326241134752	0.9659574468085106	0.9270237901616075	0.94156027
HQ439902	1410	7050	Bacillaceae	Gracilibacillus kekensis	AB101591	1514	7564	Bacillaceae	Gracilibacillus dipsosauri	6709.0	1410	15	17	1370	0.9834888729361091	0.9893465909090909	0.9716312056737588	0.949812118949857	0.9516312
HQ439902	1410	7050	Bacillaceae	Gracilibacillus kekensis	FJ182214	1551	7755	Bacillaceae	Gracilibacillus thailandensis	6732.0	1410	20	20	1373	0.9877697841726619	0.9858156028368794	0.973758865248227	0.9465208550314933	0.9548936
HQ439902	1410	7050	Bacillaceae	Gracilibacillus kekensis	AB854047	1534	7664	Bacillaceae	Gracilibacillus alcaliphilus	6697.0	1410	24	25	1368	0.9877256317689531	0.9829666430092264	0.9702127659574468	0.937060446897534	0.94992906
HQ439902	1410	7050	Bacillaceae	Gracilibacillus kekensis	AF036922	1541	7705	Bacillaceae	Gracilibacillus halotolerans	6640.0	1410	22	24	1362	0.9826839826839827	0.984375	0.9659574468085106	0.9349280874836562	0.941844
HQ439902	1410	7050	Bacillaceae	Gracilibacillus kekensis	EU135704	1440	7200	Bacillaceae	Gracilibacillus halophilus	6402.0	1403	40	40	1331	0.9765223771093177	0.9714896650035638	0.9486813970064149	0.89608644776143	0.9080851
AM040716	1453	7265	Bacillaceae	Gracilibacillus orientalis	AB101591	1514	7564	Bacillaceae	Gracilibacillus dipsosauri	6829.0	1447	24	26	1399	0.9845179451090781	0.9833910034602076	0.9668279198341396	0.9339649721851206	0.9399862
AM040716	1453	7265	Bacillaceae	Gracilibacillus orientalis	FJ182214	1551	7755	Bacillaceae	Gracilibacillus thailandensis	6982.0	1453	8	8	1421	0.9833910034602076	0.9944941500344116	0.9779766001376462	0.9672663841197117	0.9610461
AM040716	1453	7265	Bacillaceae	Gracilibacillus orientalis	AB854047	1534	7664	Bacillaceae	Gracilibacillus alcaliphilus	6887.0	1453	17	18	1409	0.9818815331010453	0.9882920110192838	0.9697178251892636	0.9466293055419002	0.94796973
AM040716	1453	7265	Bacillaceae	Gracilibacillus orientalis	AF036922	1541	7705	Bacillaceae	Gracilibacillus halotolerans	6779.0	1453	27	29	1396	0.9803370786516854	0.9813921433494142	0.9607708189951824	0.924417328546716	0.9331039
AM040716	1453	7265	Bacillaceae	Gracilibacillus orientalis	EU135704	1440	7200	Bacillaceae	Gracilibacillus halophilus	6683.0	1441	30	31	1380	0.9787234042553191	0.9791666666666666	0.9576682859125607	0.9179553250419515	0.92819446
AB101591	1514	7564	Bacillaceae	Gracilibacillus dipsosauri	FJ182214	1551	7755	Bacillaceae	Gracilibacillus thailandensis	7228.0	1514	16	14	1475	0.9833333333333333	0.9907529722589168	0.9742404227212682	0.9551376693345768	0.95557904
AB101591	1514	7564	Bacillaceae	Gracilibacillus dipsosauri	AB854047	1534	7664	Bacillaceae	Gracilibacillus alcaliphilus	7219.0	1514	24	21	1473	0.9866041527126591	0.9861294583883752	0.9729194187582563	0.9444529858296987	0.9543892
AB101591	1514	7564	Bacillaceae	Gracilibacillus dipsosauri	AF036922	1541	7705	Bacillaceae	Gracilibacillus halotolerans	7139.0	1514	23	21	1464	0.9805760214333556	0.9861294583883752	0.9669749009247027	0.9392931210673917	0.9438128
AB101591	1514	7564	Bacillaceae	Gracilibacillus dipsosauri	EU135704	1440	7200	Bacillaceae	Gracilibacillus halophilus	6684.0	1439	31	30	1380	0.9794180269694819	0.9791521890201529	0.9589993050729674	0.9192040958148375	0.92833334
FJ182214	1551	7755	Bacillaceae	Gracilibacillus thailandensis	AB854047	1534	7664	Bacillaceae	Gracilibacillus alcaliphilus	7353.0	1533	15	14	1497	0.9855167873601053	0.9908675799086758	0.9765166340508806	0.9582227177799016	0.9594207
FJ182214	1551	7755	Bacillaceae	Gracilibacillus thailandensis	AF036922	1541	7705	Bacillaceae	Gracilibacillus halotolerans	7271.0	1541	24	24	1490	0.982201713909031	0.9844256975989617	0.9669046073977936	0.9372487472347942	0.94367296
FJ182214	1551	7755	Bacillaceae	Gracilibacillus thailandensis	EU135704	1440	7200	Bacillaceae	Gracilibacillus halophilus	6660.0	1441	32	33	1377	0.9779829545454546	0.9777777777777777	0.9555863983344899	0.9134186346605307	0.925
AB854047	1534	7664	Bacillaceae	Gracilibacillus alcaliphilus	AF036922	1541	7705	Bacillaceae	Gracilibacillus halotolerans	7329.0	1534	24	25	1493	0.9893969516235918	0.9843444227005871	0.9732724902216427	0.9426625081800122	0.9562892
AB854047	1534	7664	Bacillaceae	Gracilibacillus alcaliphilus	EU135704	1440	7200	Bacillaceae	Gracilibacillus halophilus	6651.0	1439	28	27	1376	0.9745042492917847	0.9812369701181376	0.9562195969423211	0.920369509804061	0.92375
AF036922	1541	7705	Bacillaceae	Gracilibacillus halotolerans	EU135704	1440	7200	Bacillaceae	Gracilibacillus halophilus	6575.0	1439	42	41	1366	0.977110157367668	0.9715079916608756	0.9492703266157053	0.8960701665150278	0.9131944
