KC169794	1440	7200	Flavobacteriaceae	Gramella planctonica	KM591916	1452	7260	Flavobacteriaceae	Gramella aestuariivivens	6491.0	1436	48	49	1355	0.976928622927181	0.9665505226480836	0.9435933147632312	0.8819163932456885	0.90152776
KC169794	1440	7200	Flavobacteriaceae	Gramella planctonica	KR868710	1452	7260	Flavobacteriaceae	Gramella aquimixticola	6550.0	1436	43	44	1362	0.978448275862069	0.9700348432055749	0.9484679665738162	0.8926757332459445	0.9097222
KC169794	1440	7200	Flavobacteriaceae	Gramella planctonica	JX397931	1492	7460	Flavobacteriaceae	Gramella flava	6682.0	1440	42	42	1379	0.9864091559370529	0.9708333333333333	0.9576388888888889	0.9033597615834458	0.9280556
KC169794	1440	7200	Flavobacteriaceae	Gramella planctonica	JF751047	1492	7460	Flavobacteriaceae	Gramella aestuarii	6673.0	1440	28	30	1378	0.9773049645390071	0.980528511821975	0.9569444444444445	0.919136012715713	0.92680556
KC169794	1440	7200	Flavobacteriaceae	Gramella planctonica	LC025613	1372	6860	Flavobacteriaceae	Gramella lutea	6373.0	1373	32	33	1315	0.9813432835820896	0.9766763848396501	0.9577567370721048	0.9134477065314025	0.9290087
KC169794	1440	7200	Flavobacteriaceae	Gramella planctonica	GQ857650	1402	7010	Flavobacteriaceae	Gramella gaetbulicola	6380.0	1429	42	70	1332	0.9801324503311258	0.9700214132762313	0.9321203638908327	0.8611499486931622	0.9101284
KC169794	1440	7200	Flavobacteriaceae	Gramella planctonica	AY608409	1438	7184	Flavobacteriaceae	Gramella echinicola	6468.0	1429	46	46	1349	0.9754157628344179	0.9678096571028691	0.9440167949615116	0.8851357474113699	0.90033406
KC169794	1440	7200	Flavobacteriaceae	Gramella planctonica	DQ002871	1468	7340	Flavobacteriaceae	Gramella portivictoriae	6414.0	1414	39	42	1337	0.9744897959183674	0.9723600283486888	0.9455445544554455	0.8928335366227607	0.8908333
KC169794	1440	7200	Flavobacteriaceae	Gramella planctonica	KC169796	1521	7605	Flavobacteriaceae	Gramella oceani	6885.0	1440	17	17	1404	0.9866479269149684	0.9881944444444445	0.975	0.9522477693891558	0.95625
KC169794	1440	7200	Flavobacteriaceae	Gramella planctonica	KU696541	1452	7260	Flavobacteriaceae	Gramella sediminilitoris	6541.0	1436	48	49	1360	0.9805335255948089	0.9665505226480836	0.947075208913649	0.8851706972798055	0.90847224
KC169794	1440	7200	Flavobacteriaceae	Gramella planctonica	AF235117	1436	7174	Flavobacteriaceae	Gramella forsetii	6468.0	1432	50	51	1350	0.9775524981897176	0.9650593990216632	0.9427374301675978	0.8784887928889694	0.9015891
KC169794	1440	7200	Flavobacteriaceae	Gramella planctonica	AY753911	1438	7190	Flavobacteriaceae	Gramella marina	6381.0	1429	45	45	1340	0.9682080924855492	0.9685094471658502	0.9377186843946816	0.8804631337871366	0.88748264
KM591916	1452	7260	Flavobacteriaceae	Gramella aestuariivivens	KR868710	1452	7260	Flavobacteriaceae	Gramella aquimixticola	7067.0	1452	11	11	1430	0.9923664122137404	0.9924242424242424	0.9848484848484849	0.970038733196628	0.973416
KM591916	1452	7260	Flavobacteriaceae	Gramella aestuariivivens	JX397931	1492	7460	Flavobacteriaceae	Gramella flava	6796.0	1452	28	28	1398	0.9817415730337079	0.9807162534435262	0.9628099173553719	0.9263792718338174	0.93608814
KM591916	1452	7260	Flavobacteriaceae	Gramella aestuariivivens	JF751047	1492	7460	Flavobacteriaceae	Gramella aestuarii	6903.0	1452	15	17	1411	0.9832752613240419	0.9896551724137931	0.971763085399449	0.950565799283033	0.95082647
KM591916	1452	7260	Flavobacteriaceae	Gramella aestuariivivens	LC025613	1372	6860	Flavobacteriaceae	Gramella lutea	6545.0	1373	19	20	1336	0.9874353288987435	0.9861516034985423	0.9730517115804806	0.9457894869025794	0.95408165
KM591916	1452	7260	Flavobacteriaceae	Gramella aestuariivivens	GQ857650	1402	7010	Flavobacteriaceae	Gramella gaetbulicola	6782.0	1411	15	25	1377	0.9935064935064936	0.9892933618843683	0.9759036144578314	0.948529039017219	0.96747506
KM591916	1452	7260	Flavobacteriaceae	Gramella aestuariivivens	AY608409	1438	7184	Flavobacteriaceae	Gramella echinicola	6976.0	1438	15	15	1413	0.9929725931131412	0.9895688456189151	0.9826147426981919	0.9623267576459237	0.97104675
KM591916	1452	7260	Flavobacteriaceae	Gramella aestuariivivens	DQ002871	1468	7340	Flavobacteriaceae	Gramella portivictoriae	6877.0	1431	13	16	1399	0.9886925795053003	0.9908963585434174	0.9776380153738644	0.9580040109099848	0.9472452
KM591916	1452	7260	Flavobacteriaceae	Gramella aestuariivivens	KC169796	1521	7605	Flavobacteriaceae	Gramella oceani	6699.0	1452	30	29	1387	0.9747013352073085	0.9800275482093664	0.9552341597796143	0.9172052694779967	0.9227273
KM591916	1452	7260	Flavobacteriaceae	Gramella aestuariivivens	KU696541	1452	7260	Flavobacteriaceae	Gramella sediminilitoris	7085.0	1452	10	10	1432	0.9930651872399445	0.9931129476584022	0.9862258953168044	0.972734433000569	0.97589535
KM591916	1452	7260	Flavobacteriaceae	Gramella aestuariivivens	AF235117	1436	7174	Flavobacteriaceae	Gramella forsetii	6940.0	1437	17	18	1408	0.9922480620155039	0.9881615598885793	0.9798190675017397	0.9562333265371173	0.9673822
KM591916	1452	7260	Flavobacteriaceae	Gramella aestuariivivens	AY753911	1438	7190	Flavobacteriaceae	Gramella marina	6846.0	1438	14	14	1399	0.9824438202247191	0.9902642559109874	0.9728789986091794	0.9541182465698839	0.95215577
KR868710	1452	7260	Flavobacteriaceae	Gramella aquimixticola	JX397931	1492	7460	Flavobacteriaceae	Gramella flava	6785.0	1452	31	31	1397	0.9831104855735397	0.9786501377410468	0.9621212121212122	0.9218976685261244	0.934573
KR868710	1452	7260	Flavobacteriaceae	Gramella aquimixticola	JF751047	1492	7460	Flavobacteriaceae	Gramella aestuarii	6940.0	1452	12	14	1415	0.9840055632823366	0.9917241379310345	0.9745179063360881	0.9572108943383162	0.95592284
KR868710	1452	7260	Flavobacteriaceae	Gramella aquimixticola	LC025613	1372	6860	Flavobacteriaceae	Gramella lutea	6596.0	1373	16	17	1342	0.9896755162241888	0.9883381924198251	0.9774217042971595	0.9542000223376157	0.961516
KR868710	1452	7260	Flavobacteriaceae	Gramella aquimixticola	GQ857650	1402	7010	Flavobacteriaceae	Gramella gaetbulicola	6732.0	1411	22	32	1371	0.994198694706309	0.9842969307637401	0.9716513111268604	0.935036397797586	0.96034235
KR868710	1452	7260	Flavobacteriaceae	Gramella aquimixticola	AY608409	1438	7184	Flavobacteriaceae	Gramella echinicola	6924.0	1438	18	18	1407	0.9908450704225352	0.9874826147426982	0.978442280945758	0.9542500267465498	0.9638085
KR868710	1452	7260	Flavobacteriaceae	Gramella aquimixticola	DQ002871	1468	7340	Flavobacteriaceae	Gramella portivictoriae	6958.0	1431	10	13	1408	0.9929478138222849	0.9929971988795518	0.983927323549965	0.9682227236598545	0.9584022
KR868710	1452	7260	Flavobacteriaceae	Gramella aquimixticola	KC169796	1521	7605	Flavobacteriaceae	Gramella oceani	6738.0	1452	28	27	1392	0.9768421052631578	0.981404958677686	0.9586776859504132	0.9230511503238775	0.92809916
KR868710	1452	7260	Flavobacteriaceae	Gramella aquimixticola	KU696541	1452	7260	Flavobacteriaceae	Gramella sediminilitoris	7050.0	1452	15	15	1428	0.9937369519832986	0.9896694214876033	0.9834710743801653	0.9633591914685056	0.9710744
KR868710	1452	7260	Flavobacteriaceae	Gramella aquimixticola	AF235117	1436	7174	Flavobacteriaceae	Gramella forsetii	6919.0	1437	18	19	1406	0.9915373765867419	0.9874651810584958	0.9784272790535838	0.9535463104453484	0.96445495
KR868710	1452	7260	Flavobacteriaceae	Gramella aquimixticola	AY753911	1438	7190	Flavobacteriaceae	Gramella marina	6917.0	1438	10	10	1407	0.9852941176470589	0.9930458970792768	0.978442280945758	0.9649278848000984	0.9620306
JX397931	1492	7460	Flavobacteriaceae	Gramella flava	JF751047	1492	7460	Flavobacteriaceae	Gramella aestuarii	7049.0	1492	31	31	1444	0.9883641341546886	0.9792225201072386	0.967828418230563	0.9284289685061409	0.9449062
JX397931	1492	7460	Flavobacteriaceae	Gramella flava	LC025613	1372	6860	Flavobacteriaceae	Gramella lutea	6427.0	1373	26	27	1322	0.9821693907875185	0.9810495626822158	0.9628550619082301	0.9263780652812564	0.93688047
JX397931	1492	7460	Flavobacteriaceae	Gramella flava	GQ857650	1402	7010	Flavobacteriaceae	Gramella gaetbulicola	6506.0	1433	30	61	1348	0.9825072886297376	0.978601997146933	0.9406838799720866	0.8821724424618611	0.92810273
JX397931	1492	7460	Flavobacteriaceae	Gramella flava	AY608409	1438	7184	Flavobacteriaceae	Gramella echinicola	6796.0	1438	23	23	1392	0.9837455830388693	0.9840055632823366	0.9680111265646731	0.9375330212792694	0.9459911
JX397931	1492	7460	Flavobacteriaceae	Gramella flava	DQ002871	1468	7340	Flavobacteriaceae	Gramella portivictoriae	6768.0	1451	33	29	1395	0.9810126582278481	0.980013783597519	0.9614059269469332	0.921239372047533	0.92207086
JX397931	1492	7460	Flavobacteriaceae	Gramella flava	KC169796	1521	7605	Flavobacteriaceae	Gramella oceani	7046.0	1491	33	26	1444	0.985665529010239	0.9825620389000671	0.9684775318578136	0.9309839791152867	0.944504
JX397931	1492	7460	Flavobacteriaceae	Gramella flava	KU696541	1452	7260	Flavobacteriaceae	Gramella sediminilitoris	6823.0	1452	28	28	1401	0.9838483146067416	0.9807162534435262	0.9648760330578512	0.9283672101853919	0.9398072
JX397931	1492	7460	Flavobacteriaceae	Gramella flava	AF235117	1436	7174	Flavobacteriaceae	Gramella forsetii	6753.0	1437	22	23	1387	0.9809052333804809	0.9846796657381616	0.965205288796103	0.9354354203959491	0.9413159
JX397931	1492	7460	Flavobacteriaceae	Gramella flava	AY753911	1438	7190	Flavobacteriaceae	Gramella marina	6622.0	1438	29	29	1372	0.9737402413058907	0.9798331015299027	0.9541029207232267	0.916381060190202	0.9210014
JF751047	1492	7460	Flavobacteriaceae	Gramella aestuarii	LC025613	1372	6860	Flavobacteriaceae	Gramella lutea	6624.0	1383	14	25	1346	0.9911634756995582	0.9897959183673469	0.9732465654374548	0.9460764752069174	0.9655977
JF751047	1492	7460	Flavobacteriaceae	Gramella aestuarii	GQ857650	1402	7010	Flavobacteriaceae	Gramella gaetbulicola	6730.0	1431	15	44	1374	0.9906272530641672	0.9893009985734664	0.960167714884696	0.9209907472649194	0.9600571
JF751047	1492	7460	Flavobacteriaceae	Gramella aestuarii	AY608409	1438	7184	Flavobacteriaceae	Gramella echinicola	6813.0	1436	26	24	1393	0.9865439093484419	0.9832869080779945	0.9700557103064067	0.9368800704190468	0.94835746
JF751047	1492	7460	Flavobacteriaceae	Gramella aestuarii	DQ002871	1468	7340	Flavobacteriaceae	Gramella portivictoriae	6876.0	1451	21	22	1407	0.9846046186144157	0.9855172413793103	0.9696760854583046	0.9413499498097265	0.93678474
JF751047	1492	7460	Flavobacteriaceae	Gramella aestuarii	KC169796	1521	7605	Flavobacteriaceae	Gramella oceani	7069.0	1491	23	21	1446	0.9836734693877551	0.9859154929577465	0.9698189134808853	0.9416339516624184	0.94758713
JF751047	1492	7460	Flavobacteriaceae	Gramella aestuarii	KU696541	1452	7260	Flavobacteriaceae	Gramella sediminilitoris	7010.0	1450	13	11	1423	0.9888811674774148	0.9924137931034482	0.9813793103448276	0.9652801282202371	0.9655647
JF751047	1492	7460	Flavobacteriaceae	Gramella aestuarii	AF235117	1436	7174	Flavobacteriaceae	Gramella forsetii	6854.0	1435	19	18	1398	0.9865913902611151	0.9874564459930314	0.9742160278745644	0.9494251110717041	0.9553945
JF751047	1492	7460	Flavobacteriaceae	Gramella aestuarii	AY753911	1438	7190	Flavobacteriaceae	Gramella marina	6698.0	1436	23	21	1381	0.9759717314487633	0.9853760445682451	0.9616991643454039	0.9326965850231298	0.9315716
LC025613	1372	6860	Flavobacteriaceae	Gramella lutea	GQ857650	1402	7010	Flavobacteriaceae	Gramella gaetbulicola	6666.0	1372	10	10	1350	0.9911894273127754	0.9927113702623906	0.9839650145772595	0.9697252893301211	0.9717201
LC025613	1372	6860	Flavobacteriaceae	Gramella lutea	AY608409	1438	7184	Flavobacteriaceae	Gramella echinicola	6608.0	1372	13	13	1343	0.9882266372332598	0.9905247813411079	0.9788629737609329	0.9604872067444822	0.9632653
LC025613	1372	6860	Flavobacteriaceae	Gramella lutea	DQ002871	1468	7340	Flavobacteriaceae	Gramella portivictoriae	6645.0	1372	9	8	1348	0.9882697947214076	0.9941690962099126	0.9825072886297376	0.9704127021657944	0.96865886
LC025613	1372	6860	Flavobacteriaceae	Gramella lutea	KC169796	1521	7605	Flavobacteriaceae	Gramella oceani	6591.0	1372	9	9	1341	0.9838591342626559	0.9934402332361516	0.9774052478134111	0.9646657152568278	0.9607872
LC025613	1372	6860	Flavobacteriaceae	Gramella lutea	KU696541	1452	7260	Flavobacteriaceae	Gramella sediminilitoris	6677.0	1372	22	9	1353	0.9926632428466617	0.9934402332361516	0.9861516034985423	0.964221402846853	0.97332364
LC025613	1372	6860	Flavobacteriaceae	Gramella lutea	AF235117	1436	7174	Flavobacteriaceae	Gramella forsetii	6634.0	1372	20	8	1348	0.9882697947214076	0.9941690962099126	0.9825072886297376	0.9627442109848866	0.9670554
LC025613	1372	6860	Flavobacteriaceae	Gramella lutea	AY753911	1438	7190	Flavobacteriaceae	Gramella marina	6495.0	1372	12	11	1331	0.9779573842762674	0.9919825072886297	0.9701166180758017	0.9539947378621143	0.946793
GQ857650	1402	7010	Flavobacteriaceae	Gramella gaetbulicola	AY608409	1438	7184	Flavobacteriaceae	Gramella echinicola	6776.0	1402	17	22	1373	0.994927536231884	0.9878310665712241	0.9793152639087018	0.9523996224059258	0.96661913
GQ857650	1402	7010	Flavobacteriaceae	Gramella gaetbulicola	DQ002871	1468	7340	Flavobacteriaceae	Gramella portivictoriae	6705.0	1402	18	25	1365	0.9912854030501089	0.9870967741935484	0.9736091298145506	0.9441265998272086	0.95649076
GQ857650	1402	7010	Flavobacteriaceae	Gramella gaetbulicola	KC169796	1521	7605	Flavobacteriaceae	Gramella oceani	6525.0	1401	55	23	1350	0.9796806966618288	0.9835831548893648	0.9635974304068522	0.9119761394921994	0.93081313
GQ857650	1402	7010	Flavobacteriaceae	Gramella gaetbulicola	KU696541	1452	7260	Flavobacteriaceae	Gramella sediminilitoris	6865.0	1402	10	15	1384	0.9978370583994232	0.9928418038654259	0.9871611982881597	0.9696831317462307	0.9793153
GQ857650	1402	7010	Flavobacteriaceae	Gramella gaetbulicola	AF235117	1436	7174	Flavobacteriaceae	Gramella forsetii	6772.0	1402	15	21	1373	0.9942070963070239	0.9892550143266475	0.9793152639087018	0.9544349890316988	0.9660485
GQ857650	1402	7010	Flavobacteriaceae	Gramella gaetbulicola	AY753911	1438	7190	Flavobacteriaceae	Gramella marina	6607.0	1401	33	23	1357	0.9847605224963716	0.9835831548893648	0.9685938615274804	0.9307687177021394	0.9425107
AY608409	1438	7184	Flavobacteriaceae	Gramella echinicola	DQ002871	1468	7340	Flavobacteriaceae	Gramella portivictoriae	6887.0	1423	11	14	1396	0.9907735982966643	0.9922535211267606	0.9810260014054814	0.9639230376431821	0.95865816
AY608409	1438	7184	Flavobacteriaceae	Gramella echinicola	KC169796	1521	7605	Flavobacteriaceae	Gramella oceani	6677.0	1438	28	28	1378	0.9773049645390071	0.980528511821975	0.9582753824756607	0.9216700472651307	0.9294265
AY608409	1438	7184	Flavobacteriaceae	Gramella echinicola	KU696541	1452	7260	Flavobacteriaceae	Gramella sediminilitoris	6997.0	1438	14	14	1415	0.9936797752808989	0.9902642559109874	0.9840055632823366	0.9650302493898397	0.97396994
AY608409	1438	7184	Flavobacteriaceae	Gramella echinicola	AF235117	1436	7174	Flavobacteriaceae	Gramella forsetii	6957.0	1434	15	16	1408	0.9929478138222849	0.9895324494068388	0.9818688981868898	0.9608627312829605	0.9697519
AY608409	1438	7184	Flavobacteriaceae	Gramella echinicola	AY753911	1438	7190	Flavobacteriaceae	Gramella marina	6870.0	1438	14	14	1401	0.9838483146067416	0.9902642559109874	0.9742698191933241	0.9554822469223785	0.95629174
DQ002871	1468	7340	Flavobacteriaceae	Gramella portivictoriae	KC169796	1521	7605	Flavobacteriaceae	Gramella oceani	6830.0	1468	24	21	1410	0.9744298548721493	0.9856948228882834	0.9604904632152589	0.9315212468314207	0.93051773
DQ002871	1468	7340	Flavobacteriaceae	Gramella portivictoriae	KU696541	1452	7260	Flavobacteriaceae	Gramella sediminilitoris	6896.0	1428	16	13	1401	0.9901060070671378	0.9908963585434174	0.9810924369747899	0.9613890570078446	0.94986224
DQ002871	1468	7340	Flavobacteriaceae	Gramella portivictoriae	AF235117	1436	7174	Flavobacteriaceae	Gramella forsetii	6806.0	1416	15	13	1385	0.9871703492516037	0.990819209039548	0.9781073446327684	0.9589689759048037	0.94870365
DQ002871	1468	7340	Flavobacteriaceae	Gramella portivictoriae	AY753911	1438	7190	Flavobacteriaceae	Gramella marina	6915.0	1420	8	5	1400	0.9893992932862191	0.9964788732394366	0.9859154929577465	0.9769400718033693	0.9617524
KC169796	1521	7605	Flavobacteriaceae	Gramella oceani	KU696541	1452	7260	Flavobacteriaceae	Gramella sediminilitoris	6813.0	1453	23	24	1400	0.979706088173548	0.9841597796143251	0.9635237439779766	0.9328424323472415	0.9384298
KC169796	1521	7605	Flavobacteriaceae	Gramella oceani	AF235117	1436	7174	Flavobacteriaceae	Gramella forsetii	6688.0	1444	24	32	1380	0.9773371104815864	0.9832869080779945	0.9556786703601108	0.9192222633164008	0.9322554
KC169796	1521	7605	Flavobacteriaceae	Gramella oceani	AY753911	1438	7190	Flavobacteriaceae	Gramella marina	6548.0	1438	25	25	1364	0.9653220099079972	0.9826147426981919	0.9485396383866481	0.9161220157486902	0.9107093
KU696541	1452	7260	Flavobacteriaceae	Gramella sediminilitoris	AF235117	1436	7174	Flavobacteriaceae	Gramella forsetii	7041.0	1437	9	10	1420	0.9950946040644709	0.9937325905292479	0.988169798190675	0.9751855477303548	0.9814608
KU696541	1452	7260	Flavobacteriaceae	Gramella sediminilitoris	AY753911	1438	7190	Flavobacteriaceae	Gramella marina	6840.0	1438	20	20	1398	0.9858956276445698	0.9860917941585535	0.972183588317107	0.9455118849339216	0.9513213
AF235117	1436	7174	Flavobacteriaceae	Gramella forsetii	AY753911	1438	7190	Flavobacteriaceae	Gramella marina	6789.0	1433	18	17	1390	0.981638418079096	0.9881367759944173	0.9699930216329379	0.9465955331717711	0.946334
