JF506642	1364	6814	Pasteurellaceae	Haemophilus sputorum	AY362909	1362	6810	Pasteurellaceae	Haemophilus parasuis	6311.0	1364	35	37	1304	0.9826676714393369	0.9743024963289281	0.9560117302052786	0.9068102687508255	0.9267254
JF506642	1364	6814	Pasteurellaceae	Haemophilus sputorum	AY362905	1362	6804	Pasteurellaceae	Haemophilus aegyptius	6304.0	1364	31	33	1303	0.9789631855747558	0.9772393538913363	0.9552785923753666	0.9114521910047404	0.9265138
JF506642	1364	6814	Pasteurellaceae	Haemophilus sputorum	M75076	1473	7221	Pasteurellaceae	Haemophilus paraphrohaemolyticus	6323.0	1364	22	26	1301	0.9723467862481315	0.9838235294117647	0.9538123167155426	0.9207798555305887	0.92794245
JF506642	1364	6814	Pasteurellaceae	Haemophilus sputorum	AF224292	1535	7627	Pasteurellaceae	Haemophilus felis	6281.0	1364	40	42	1296	0.9803328290468987	0.9706314243759178	0.9501466275659824	0.8946537333634109	0.9217787
JF506642	1364	6814	Pasteurellaceae	Haemophilus sputorum	AJ290755	1468	7340	Pasteurellaceae	Haemophilus pittmaniae	6440.0	1364	18	18	1320	0.9806835066864784	0.9868035190615836	0.967741935483871	0.942533028336679	0.945113
JF506642	1364	6814	Pasteurellaceae	Haemophilus sputorum	M63900	1498	7472	Pasteurellaceae	Haemophilus ducreyi	6281.0	1350	38	41	1293	0.9877769289533995	0.9717891610987379	0.9577777777777777	0.9032644892731347	0.9217787
JF506642	1364	6814	Pasteurellaceae	Haemophilus sputorum	AY362908	1360	6764	Pasteurellaceae	Haemophilus parainfluenzae	6542.0	1362	9	11	1327	0.9822353811991118	0.9933823529411765	0.9743024963289281	0.9600894766888269	0.9671792
JF506642	1364	6814	Pasteurellaceae	Haemophilus sputorum	M75061	1480	7322	Pasteurellaceae	Haemophilus paracuniculus	6243.0	1364	32	35	1293	0.9729119638826185	0.9764878765613519	0.9479472140762464	0.902451180162845	0.91620195
JF506642	1364	6814	Pasteurellaceae	Haemophilus sputorum	AY362907	1360	6788	Pasteurellaceae	Haemophilus haemoglobinophilus	6263.0	1364	42	46	1296	0.9833080424886191	0.9691176470588235	0.9501466275659824	0.8906779908477701	0.9226576
JF506642	1364	6814	Pasteurellaceae	Haemophilus sputorum	M35019	1486	7394	Pasteurellaceae	Haemophilus influenzae	6273.0	1364	30	32	1299	0.9752252252252253	0.9779735682819384	0.9523460410557185	0.9099891870058945	0.92060465
AY362909	1362	6810	Pasteurellaceae	Haemophilus parasuis	AY362905	1362	6804	Pasteurellaceae	Haemophilus aegyptius	6306.0	1362	34	34	1303	0.9811746987951807	0.9750367107195301	0.9566813509544787	0.910080826695951	0.92680776
AY362909	1362	6810	Pasteurellaceae	Haemophilus parasuis	M75076	1473	7221	Pasteurellaceae	Haemophilus paraphrohaemolyticus	6143.0	1362	47	49	1278	0.9733434881949733	0.9654411764705882	0.9383259911894273	0.8743946248628233	0.9020558
AY362909	1362	6810	Pasteurellaceae	Haemophilus parasuis	AF224292	1535	7627	Pasteurellaceae	Haemophilus felis	6425.0	1362	31	31	1313	0.9864763335837716	0.9772393538913363	0.9640234948604993	0.9211164907819991	0.9434655
AY362909	1362	6810	Pasteurellaceae	Haemophilus parasuis	AJ290755	1468	7340	Pasteurellaceae	Haemophilus pittmaniae	6268.0	1362	40	38	1299	0.9811178247734139	0.9720998531571219	0.9537444933920705	0.9006831021762491	0.92041117
AY362909	1362	6810	Pasteurellaceae	Haemophilus parasuis	M63900	1498	7472	Pasteurellaceae	Haemophilus ducreyi	6147.0	1348	48	49	1277	0.9830638953040801	0.9643652561247216	0.9473293768545994	0.8815049144227254	0.90264314
AY362909	1362	6810	Pasteurellaceae	Haemophilus parasuis	AY362908	1360	6764	Pasteurellaceae	Haemophilus parainfluenzae	6229.0	1360	37	37	1290	0.9750566893424036	0.9727941176470588	0.9485294117647058	0.8982851909554086	0.9209048
AY362909	1362	6810	Pasteurellaceae	Haemophilus parasuis	M75061	1480	7322	Pasteurellaceae	Haemophilus paracuniculus	6363.0	1362	27	28	1307	0.97976011994003	0.9801616458486407	0.959618208516887	0.9216203672869165	0.9343612
AY362909	1362	6810	Pasteurellaceae	Haemophilus parasuis	AY362907	1360	6788	Pasteurellaceae	Haemophilus haemoglobinophilus	6406.0	1362	26	28	1313	0.9842578710644677	0.9808823529411764	0.9640234948604993	0.9265182580287508	0.9437242
AY362909	1362	6810	Pasteurellaceae	Haemophilus parasuis	M35019	1486	7394	Pasteurellaceae	Haemophilus influenzae	6286.0	1362	32	32	1300	0.9774436090225563	0.9765051395007343	0.9544787077826725	0.9106575906391351	0.92305434
AY362905	1362	6804	Pasteurellaceae	Haemophilus aegyptius	M75076	1473	7221	Pasteurellaceae	Haemophilus paraphrohaemolyticus	6129.0	1362	40	42	1277	0.9674242424242424	0.9705882352941176	0.9375917767988252	0.8827540266579524	0.9007937
AY362905	1362	6804	Pasteurellaceae	Haemophilus aegyptius	AF224292	1535	7627	Pasteurellaceae	Haemophilus felis	6320.0	1362	36	36	1300	0.9803921568627451	0.973568281938326	0.9544787077826725	0.9053210060942946	0.9288654
AY362905	1362	6804	Pasteurellaceae	Haemophilus aegyptius	AJ290755	1468	7340	Pasteurellaceae	Haemophilus pittmaniae	6308.0	1362	33	31	1304	0.9797145003756574	0.9772393538913363	0.9574155653450808	0.9134911236374929	0.92710173
AY362905	1362	6804	Pasteurellaceae	Haemophilus aegyptius	M63900	1498	7472	Pasteurellaceae	Haemophilus ducreyi	6115.0	1348	52	53	1273	0.983011583011583	0.961395694135115	0.9443620178041543	0.8735348664688427	0.89873606
AY362905	1362	6804	Pasteurellaceae	Haemophilus aegyptius	AY362908	1360	6764	Pasteurellaceae	Haemophilus parainfluenzae	6286.0	1360	30	30	1297	0.975187969924812	0.9779411764705882	0.9536764705882353	0.912510579771477	0.9293318
AY362905	1362	6804	Pasteurellaceae	Haemophilus aegyptius	M75061	1480	7322	Pasteurellaceae	Haemophilus paracuniculus	6222.0	1362	39	40	1290	0.9757942511346445	0.9713445995591476	0.947136563876652	0.893729148782965	0.9144621
AY362905	1362	6804	Pasteurellaceae	Haemophilus aegyptius	AY362907	1360	6788	Pasteurellaceae	Haemophilus haemoglobinophilus	6296.0	1362	42	44	1299	0.9855842185128983	0.9691176470588235	0.9537444933920705	0.8953242466458324	0.92751914
AY362905	1362	6804	Pasteurellaceae	Haemophilus aegyptius	M35019	1486	7394	Pasteurellaceae	Haemophilus influenzae	6686.0	1362	5	5	1346	0.9918938835666913	0.9963289280469897	0.9882525697503671	0.9810232166431954	0.98265725
M75076	1473	7221	Pasteurellaceae	Haemophilus paraphrohaemolyticus	AF224292	1535	7627	Pasteurellaceae	Haemophilus felis	6654.0	1471	51	49	1381	0.9711673699015471	0.9666893269884432	0.938817131203263	0.8771340082595532	0.92147905
M75076	1473	7221	Pasteurellaceae	Haemophilus paraphrohaemolyticus	AJ290755	1468	7340	Pasteurellaceae	Haemophilus pittmaniae	6563.0	1451	38	34	1367	0.9647141848976711	0.9765678842177808	0.9421088904203997	0.8965535914880499	0.9088769
M75076	1473	7221	Pasteurellaceae	Haemophilus paraphrohaemolyticus	M63900	1498	7472	Pasteurellaceae	Haemophilus ducreyi	6515.0	1434	44	43	1352	0.9719626168224299	0.9700139470013946	0.9428172942817294	0.8873199298686641	0.9022296
M75076	1473	7221	Pasteurellaceae	Haemophilus paraphrohaemolyticus	AY362908	1360	6764	Pasteurellaceae	Haemophilus parainfluenzae	6165.0	1358	27	25	1279	0.959489872468117	0.9815905743740795	0.9418262150220913	0.9064652307757745	0.91144294
M75076	1473	7221	Pasteurellaceae	Haemophilus paraphrohaemolyticus	M75061	1480	7322	Pasteurellaceae	Haemophilus paracuniculus	6663.0	1473	44	43	1386	0.9692307692307692	0.9708078750848609	0.9409368635437881	0.8869741034064713	0.9227254
M75076	1473	7221	Pasteurellaceae	Haemophilus paraphrohaemolyticus	AY362907	1360	6788	Pasteurellaceae	Haemophilus haemoglobinophilus	6159.0	1360	45	45	1279	0.9726235741444867	0.9669117647058824	0.9404411764705882	0.8801993929244295	0.9073365
M75076	1473	7221	Pasteurellaceae	Haemophilus paraphrohaemolyticus	M35019	1486	7394	Pasteurellaceae	Haemophilus influenzae	6654.0	1473	46	44	1386	0.9699090272918125	0.9701289884589274	0.9409368635437881	0.8851868189625235	0.92147905
AF224292	1535	7627	Pasteurellaceae	Haemophilus felis	AJ290755	1468	7340	Pasteurellaceae	Haemophilus pittmaniae	6775.0	1466	40	38	1397	0.9782913165266106	0.9740791268758526	0.9529331514324693	0.9035780479718234	0.92302454
AF224292	1535	7627	Pasteurellaceae	Haemophilus felis	M63900	1498	7472	Pasteurellaceae	Haemophilus ducreyi	6825.0	1498	58	59	1413	0.9819318971507992	0.9612558450233801	0.9432576769025367	0.872331489114878	0.91341007
AF224292	1535	7627	Pasteurellaceae	Haemophilus felis	AY362908	1360	6764	Pasteurellaceae	Haemophilus parainfluenzae	6239.0	1360	36	36	1288	0.972809667673716	0.9735294117647059	0.9470588235294117	0.8982133827743131	0.9223832
AF224292	1535	7627	Pasteurellaceae	Haemophilus felis	M75061	1480	7322	Pasteurellaceae	Haemophilus paracuniculus	6922.0	1479	28	29	1417	0.9772413793103448	0.9810554803788903	0.9580797836375929	0.9218418621595951	0.94537014
AF224292	1535	7627	Pasteurellaceae	Haemophilus felis	AY362907	1360	6788	Pasteurellaceae	Haemophilus haemoglobinophilus	6385.0	1362	35	37	1306	0.9856603773584905	0.9742647058823529	0.9588839941262849	0.9094640602844148	0.9406305
AF224292	1535	7627	Pasteurellaceae	Haemophilus felis	M35019	1486	7394	Pasteurellaceae	Haemophilus influenzae	6868.0	1483	39	39	1413	0.9785318559556787	0.973701955495617	0.9527983816587997	0.9039690296421201	0.92886126
AJ290755	1468	7340	Pasteurellaceae	Haemophilus pittmaniae	M63900	1498	7472	Pasteurellaceae	Haemophilus ducreyi	6550.0	1451	49	52	1367	0.9771265189421015	0.9661602209944752	0.9421088904203997	0.8786735584654262	0.8923706
AJ290755	1468	7340	Pasteurellaceae	Haemophilus pittmaniae	AY362908	1360	6764	Pasteurellaceae	Haemophilus parainfluenzae	6477.0	1362	15	17	1320	0.9814126394052045	0.9889705882352942	0.9691629955947136	0.9466406892337618	0.9575695
AJ290755	1468	7340	Pasteurellaceae	Haemophilus pittmaniae	M75061	1480	7322	Pasteurellaceae	Haemophilus paracuniculus	6644.0	1461	41	44	1381	0.9745942131263232	0.9718792866941015	0.945242984257358	0.8917505384105701	0.90740234
AJ290755	1468	7340	Pasteurellaceae	Haemophilus pittmaniae	AY362907	1360	6788	Pasteurellaceae	Haemophilus haemoglobinophilus	6260.0	1364	45	49	1296	0.9855513307984791	0.9669117647058824	0.9501466275659824	0.8867585629874144	0.9222157
AJ290755	1468	7340	Pasteurellaceae	Haemophilus pittmaniae	M35019	1486	7394	Pasteurellaceae	Haemophilus influenzae	6788.0	1465	34	36	1401	0.980405878236529	0.9767600820232399	0.9563139931740614	0.9116562349871473	0.9247956
M63900	1498	7472	Pasteurellaceae	Haemophilus ducreyi	AY362908	1360	6764	Pasteurellaceae	Haemophilus parainfluenzae	6168.0	1345	43	42	1277	0.9800460475825019	0.9687732342007435	0.9494423791821561	0.8912992940016927	0.91188645
M63900	1498	7472	Pasteurellaceae	Haemophilus ducreyi	M75061	1480	7322	Pasteurellaceae	Haemophilus paracuniculus	6600.0	1441	43	43	1367	0.9778254649499285	0.9701596113809854	0.9486467730742539	0.8936712862249373	0.90139306
M63900	1498	7472	Pasteurellaceae	Haemophilus ducreyi	AY362907	1360	6788	Pasteurellaceae	Haemophilus haemoglobinophilus	6103.0	1347	56	57	1270	0.9844961240310077	0.9583952451708767	0.9428359317000743	0.8668983263671388	0.8990866
M63900	1498	7472	Pasteurellaceae	Haemophilus ducreyi	M35019	1486	7394	Pasteurellaceae	Haemophilus influenzae	6561.0	1445	51	50	1365	0.978494623655914	0.9653979238754326	0.9446366782006921	0.8808610735895491	0.8873411
AY362908	1360	6764	Pasteurellaceae	Haemophilus parainfluenzae	M75061	1480	7322	Pasteurellaceae	Haemophilus paracuniculus	6100.0	1360	40	41	1274	0.9658832448824868	0.9705665930831494	0.9367647058823529	0.8825661764705882	0.90183324
AY362908	1360	6764	Pasteurellaceae	Haemophilus parainfluenzae	AY362907	1360	6788	Pasteurellaceae	Haemophilus haemoglobinophilus	6202.0	1360	44	46	1285	0.9779299847792998	0.96759941089838	0.9448529411764706	0.8842854449472095	0.9169131
AY362908	1360	6764	Pasteurellaceae	Haemophilus parainfluenzae	M35019	1486	7394	Pasteurellaceae	Haemophilus influenzae	6259.0	1359	30	30	1293	0.9729119638826185	0.977924944812362	0.9514348785871964	0.9103361797281384	0.92534006
M75061	1480	7322	Pasteurellaceae	Haemophilus paracuniculus	AY362907	1360	6788	Pasteurellaceae	Haemophilus haemoglobinophilus	6297.0	1361	37	38	1298	0.981103552532124	0.9727941176470588	0.9537105069801617	0.9025457802108398	0.9276665
M75061	1480	7322	Pasteurellaceae	Haemophilus paracuniculus	M35019	1486	7394	Pasteurellaceae	Haemophilus influenzae	6769.0	1480	43	42	1402	0.9749652294853964	0.9716216216216216	0.9472972972972973	0.8944277830029637	0.9244742
AY362907	1360	6788	Pasteurellaceae	Haemophilus haemoglobinophilus	M35019	1486	7394	Pasteurellaceae	Haemophilus influenzae	6293.0	1360	41	39	1298	0.9825889477668432	0.9713235294117647	0.9544117647058824	0.8999128773565102	0.9270772
