AJ420376	1472	7360	Halococcaceae	Halococcus dombrowskii	AB004877	1471	7355	Halococcaceae	Halococcus salifodinae	6757.0	1472	27	29	1403	0.9722799722799723	0.9816326530612245	0.953125	0.9175179286190794	0.9186948
AJ420376	1472	7360	Halococcaceae	Halococcus dombrowskii	DQ017835	1312	6560	Halococcaceae	Halococcus hamelinensis	5924.0	1310	34	32	1238	0.9687010954616588	0.9755725190839695	0.9450381679389313	0.8986300436205016	0.90304875
AJ420376	1472	7360	Halococcaceae	Halococcus dombrowskii	AB004876	1440	7200	Halococcaceae	Halococcus saccharolyticus	6586.0	1440	28	29	1370	0.9709425939050319	0.980542043085476	0.9513888888888888	0.9144480396609143	0.9147222
AJ420376	1472	7360	Halococcaceae	Halococcus dombrowskii	D11106	1474	7370	Halococcaceae	Halococcus morrhuae	7268.0	1472	1	0	1462	0.9932065217391305	1.0	0.9932065217391305	0.9925322471147319	0.9875
AJ420376	1472	7360	Halococcaceae	Halococcus dombrowskii	AB220647	1384	6920	Halococcaceae	Halococcus thailandensis	6757.0	1382	3	2	1365	0.9891304347826086	0.9985528219971056	0.9876989869753979	0.9841332866614074	0.9764451
AJ420376	1472	7360	Halococcaceae	Halococcus dombrowskii	JX989265	1406	7030	Halococcaceae	Halococcus sediminicola	6830.0	1405	9	8	1383	0.9899785254115963	0.994306049822064	0.9843416370106761	0.9725072608938575	0.9715505
AJ420376	1472	7360	Halococcaceae	Halococcus dombrowskii	AB748562	1474	7370	Halococcaceae	Halococcus agarilyticus	6786.0	1472	26	25	1407	0.972356599861783	0.983016304347826	0.9558423913043478	0.9233003606257618	0.9220109
AJ420376	1472	7360	Halococcaceae	Halococcus dombrowskii	AY243109	1476	7374	Halococcaceae	Halococcus qingdaonensis	7248.0	1472	3	0	1460	0.9918478260869565	1.0	0.9918478260869565	0.9898305084745763	0.98478264
AB004877	1471	7355	Halococcaceae	Halococcus salifodinae	DQ017835	1312	6560	Halococcaceae	Halococcus hamelinensis	5910.0	1309	31	28	1237	0.9656518345042935	0.9786096256684492	0.944996180290298	0.9033881395163221	0.9009146
AB004877	1471	7355	Halococcaceae	Halococcus salifodinae	AB004876	1440	7200	Halococcaceae	Halococcus saccharolyticus	7069.0	1439	4	3	1425	0.9923398328690808	0.9979152189020153	0.990271021542738	0.9854672120134247	0.98180556
AB004877	1471	7355	Halococcaceae	Halococcus salifodinae	D11106	1474	7370	Halococcaceae	Halococcus morrhuae	6715.0	1471	30	27	1399	0.9688365650969529	0.981645139360979	0.9510537049626104	0.9149377414830177	0.9129844
AB004877	1471	7355	Halococcaceae	Halococcus salifodinae	AB220647	1384	6920	Halococcaceae	Halococcus thailandensis	6265.0	1383	28	27	1309	0.9653392330383481	0.9804772234273319	0.9464931308749096	0.9095993518542718	0.9053468
AB004877	1471	7355	Halococcaceae	Halococcus salifodinae	JX989265	1406	7030	Halococcaceae	Halococcus sediminicola	6332.0	1403	35	32	1326	0.9671772428884027	0.977191732002851	0.9451176051318603	0.9010822229734217	0.90071124
AB004877	1471	7355	Halococcaceae	Halococcus salifodinae	AB748562	1474	7370	Halococcaceae	Halococcus agarilyticus	7295.0	1471	3	0	1465	0.9959211420802175	1.0	0.9959211420802175	0.9938941655359566	0.99184227
AB004877	1471	7355	Halococcaceae	Halococcus salifodinae	AY243109	1476	7374	Halococcaceae	Halococcus qingdaonensis	6695.0	1471	31	26	1397	0.9667820069204153	0.982324949014276	0.9496940856560163	0.9136537641630783	0.91026515
DQ017835	1312	6560	Halococcaceae	Halococcus hamelinensis	AB004876	1440	7200	Halococcaceae	Halococcus saccharolyticus	5865.0	1312	30	32	1232	0.9625	0.9770992366412213	0.9390243902439024	0.895641743302679	0.8940549
DQ017835	1312	6560	Halococcaceae	Halococcus hamelinensis	D11106	1474	7370	Halococcaceae	Halococcus morrhuae	5862.0	1312	34	35	1231	0.9639780736100235	0.9740655987795576	0.9382621951219512	0.8901640588192657	0.89359754
DQ017835	1312	6560	Halococcaceae	Halococcus hamelinensis	AB220647	1384	6920	Halococcaceae	Halococcus thailandensis	5831.0	1312	39	40	1227	0.964622641509434	0.9702517162471396	0.9352134146341463	0.8805266198479896	0.88887197
DQ017835	1312	6560	Halococcaceae	Halococcus hamelinensis	JX989265	1406	7030	Halococcaceae	Halococcus sediminicola	5828.0	1296	24	27	1221	0.9621749408983451	0.9814385150812065	0.9421296296296297	0.9057291666666667	0.8884146
DQ017835	1312	6560	Halococcaceae	Halococcus hamelinensis	AB748562	1474	7370	Halococcaceae	Halococcus agarilyticus	5937.0	1312	24	25	1241	0.9642579642579643	0.9816933638443935	0.9458841463414634	0.9111922876807361	0.9050305
DQ017835	1312	6560	Halococcaceae	Halococcus hamelinensis	AY243109	1476	7374	Halococcaceae	Halococcus qingdaonensis	5841.0	1312	34	34	1229	0.9616588419405321	0.9740853658536586	0.9367378048780488	0.8894137553002573	0.89039636
AB004876	1440	7200	Halococcaceae	Halococcus saccharolyticus	D11106	1474	7370	Halococcaceae	Halococcus morrhuae	6561.0	1440	29	27	1368	0.9681528662420382	0.98125	0.95	0.9137848876786929	0.91125
AB004876	1440	7200	Halococcaceae	Halococcus saccharolyticus	AB220647	1384	6920	Halococcaceae	Halococcus thailandensis	6272.0	1384	29	29	1310	0.966789667896679	0.9790462427745664	0.9465317919075145	0.9076791068893716	0.90635836
AB004876	1440	7200	Halococcaceae	Halococcus saccharolyticus	JX989265	1406	7030	Halococcaceae	Halococcus sediminicola	6330.0	1404	35	33	1326	0.9671772428884027	0.9764957264957265	0.9444444444444444	0.8998146861246236	0.90042675
AB004876	1440	7200	Halococcaceae	Halococcus saccharolyticus	AB748562	1474	7370	Halococcaceae	Halococcus agarilyticus	7117.0	1440	5	3	1431	0.9958246346555324	0.9979166666666667	0.99375	0.9882482698961937	0.9884722
AB004876	1440	7200	Halococcaceae	Halococcus saccharolyticus	AY243109	1476	7374	Halococcaceae	Halococcus qingdaonensis	6545.0	1440	31	28	1366	0.9674220963172805	0.9805555555555555	0.9486111111111111	0.9105634866681773	0.90902776
D11106	1474	7370	Halococcaceae	Halococcus morrhuae	AB220647	1384	6920	Halococcaceae	Halococcus thailandensis	6715.0	1384	2	2	1361	0.9848046309696092	0.9985549132947977	0.9833815028901735	0.9805434610347906	0.9703757
D11106	1474	7370	Halococcaceae	Halococcus morrhuae	JX989265	1406	7030	Halococcaceae	Halococcus sediminicola	6784.0	1406	10	10	1378	0.9871060171919771	0.9928876244665719	0.9800853485064012	0.9662423351094181	0.9650071
D11106	1474	7370	Halococcaceae	Halococcus morrhuae	AB748562	1474	7370	Halococcaceae	Halococcus agarilyticus	6744.0	1474	26	26	1403	0.9689226519337016	0.9823609226594301	0.9518317503392131	0.9188349163274536	0.91506106
D11106	1474	7370	Halococcaceae	Halococcus morrhuae	AY243109	1476	7374	Halococcaceae	Halococcus qingdaonensis	7224.0	1474	2	0	1458	0.989145183175034	1.0	0.989145183175034	0.9878048780487805	0.98019
AB220647	1384	6920	Halococcaceae	Halococcus thailandensis	JX989265	1406	7030	Halococcaceae	Halococcus sediminicola	6546.0	1365	13	13	1333	0.9859467455621301	0.9904761904761905	0.9765567765567765	0.9581311769991014	0.9459538
AB220647	1384	6920	Halococcaceae	Halococcus thailandensis	AB748562	1474	7370	Halococcaceae	Halococcus agarilyticus	6306.0	1384	26	25	1314	0.9668874172185431	0.9819364161849711	0.9494219653179191	0.9150811708276966	0.9112717
AB220647	1384	6920	Halococcaceae	Halococcus thailandensis	AY243109	1476	7374	Halococcaceae	Halococcus qingdaonensis	6734.0	1384	5	4	1363	0.9876811594202899	0.9971098265895953	0.9848265895953757	0.9784454237880622	0.9731214
JX989265	1406	7030	Halococcaceae	Halococcus sediminicola	AB748562	1474	7370	Halococcaceae	Halococcus agarilyticus	6370.0	1406	30	30	1331	0.967296511627907	0.9786628733997155	0.9466571834992887	0.9071032621831624	0.90611666
JX989265	1406	7030	Halococcaceae	Halococcus sediminicola	AY243109	1476	7374	Halococcaceae	Halococcus qingdaonensis	6813.0	1406	13	12	1381	0.990674318507891	0.9914651493598862	0.9822190611664295	0.96491428559972	0.9691323
AB748562	1474	7370	Halococcaceae	Halococcus agarilyticus	AY243109	1476	7374	Halococcaceae	Halococcus qingdaonensis	6742.0	1474	27	25	1403	0.9682539682539683	0.9830393487109905	0.9518317503392131	0.9188568995613057	0.9147897
