AM285297	1352	6742	Natrialbaceae	Haloterrigena hispanica	AF115478	1451	7255	Natrialbaceae	Haloterrigena thermotolerans	6399.0	1352	22	23	1308	0.9841986455981941	0.9837157660991858	0.9674556213017751	0.935770393529883	0.9491249
AM285297	1352	6742	Natrialbaceae	Haloterrigena hispanica	AM942763	1421	7105	Natrialbaceae	Haloterrigena salina	6130.0	1323	29	33	1264	0.9798449612403101	0.978013646702047	0.9554043839758125	0.9115914610420104	0.90922576
AM285297	1352	6742	Natrialbaceae	Haloterrigena hispanica	DQ367241	1474	7370	Natrialbaceae	Haloterrigena limicola	6685.0	1352	2	2	1342	0.9940740740740741	0.9985207100591716	0.992603550295858	0.9896711912107891	0.99154556
AM285297	1352	6742	Natrialbaceae	Haloterrigena hispanica	AY820137	1440	7200	Natrialbaceae	Haloterrigena saccharevitans	6294.0	1341	24	26	1291	0.9817490494296578	0.9820761762509336	0.9627143922445935	0.9274501287924106	0.9335509
AM285297	1352	6742	Natrialbaceae	Haloterrigena hispanica	EF077633	1344	6720	Natrialbaceae	Haloterrigena jeotgali	6147.0	1311	15	32	1258	0.983580922595778	0.9884080370942813	0.9595728451563692	0.9255608363159852	0.91473216
AM285297	1352	6742	Natrialbaceae	Haloterrigena hispanica	DQ367242	1474	7370	Natrialbaceae	Haloterrigena longa	6301.0	1352	34	34	1296	0.9833080424886191	0.9748520710059172	0.9585798816568047	0.9115499884730653	0.93458915
AM285297	1352	6742	Natrialbaceae	Haloterrigena hispanica	CP001860	1475	7375	Natrialbaceae	Haloterrigena turkmenica	6364.0	1352	24	23	1305	0.981941309255079	0.9829881656804734	0.9652366863905325	0.9322671193408559	0.94393355
AM285297	1352	6742	Natrialbaceae	Haloterrigena hispanica	KY349160	1473	7365	Natrialbaceae	Haloterrigena mahii	6376.0	1352	26	27	1305	0.9849056603773585	0.9807549962990377	0.9652366863905325	0.9281121984524351	0.94571346
AM285297	1352	6742	Natrialbaceae	Haloterrigena hispanica	FJ545273	1475	7375	Natrialbaceae	Haloterrigena daqingensis	6329.0	1352	22	21	1301	0.9774605559729527	0.9844674556213018	0.9622781065088757	0.9321631439325426	0.9387422
AF115478	1451	7255	Natrialbaceae	Haloterrigena thermotolerans	AM942763	1421	7105	Natrialbaceae	Haloterrigena salina	6584.0	1407	30	33	1354	0.9854439592430859	0.9786324786324786	0.9623312011371713	0.9201413154923267	0.9266714
AF115478	1451	7255	Natrialbaceae	Haloterrigena thermotolerans	DQ367241	1474	7370	Natrialbaceae	Haloterrigena limicola	6957.0	1451	23	22	1416	0.9909027291812457	0.9848380427291523	0.9758787043418332	0.9460859352133513	0.9589249
AF115478	1451	7255	Natrialbaceae	Haloterrigena thermotolerans	AY820137	1440	7200	Natrialbaceae	Haloterrigena saccharevitans	6963.0	1425	8	9	1406	0.9929378531073446	0.9943820224719101	0.9866666666666667	0.9749616189811585	0.96708333
AF115478	1451	7255	Natrialbaceae	Haloterrigena thermotolerans	EF077633	1344	6720	Natrialbaceae	Haloterrigena jeotgali	6615.0	1348	8	12	1332	0.9970059880239521	0.9940476190476191	0.9881305637982196	0.9735563666920511	0.984375
AF115478	1451	7255	Natrialbaceae	Haloterrigena thermotolerans	DQ367242	1474	7370	Natrialbaceae	Haloterrigena longa	6881.0	1451	27	26	1408	0.9880701754385965	0.9820813232253618	0.9703652653342523	0.9355686759819415	0.9484494
AF115478	1451	7255	Natrialbaceae	Haloterrigena thermotolerans	CP001860	1475	7375	Natrialbaceae	Haloterrigena turkmenica	6917.0	1451	24	22	1412	0.9881035689293212	0.9848380427291523	0.9731219848380427	0.9427737737854666	0.95341146
AF115478	1451	7255	Natrialbaceae	Haloterrigena thermotolerans	KY349160	1473	7365	Natrialbaceae	Haloterrigena mahii	7146.0	1451	8	8	1438	0.9965349965349966	0.994486560992419	0.9910406616126809	0.9801724980857426	0.9849759
AF115478	1451	7255	Natrialbaceae	Haloterrigena thermotolerans	FJ545273	1475	7375	Natrialbaceae	Haloterrigena daqingensis	6779.0	1451	32	30	1396	0.9824067558057706	0.9793246037215714	0.9620951068228808	0.9218726546158554	0.93439007
AM942763	1421	7105	Natrialbaceae	Haloterrigena salina	DQ367241	1474	7370	Natrialbaceae	Haloterrigena limicola	6651.0	1419	34	30	1368	0.9848812095032398	0.9788583509513742	0.9640591966173362	0.92159547426117	0.9361013
AM942763	1421	7105	Natrialbaceae	Haloterrigena salina	AY820137	1440	7200	Natrialbaceae	Haloterrigena saccharevitans	6624.0	1419	27	25	1365	0.9791965566714491	0.9823819591261451	0.9619450317124736	0.9273522643203237	0.9323012
AM942763	1421	7105	Natrialbaceae	Haloterrigena salina	EF077633	1344	6720	Natrialbaceae	Haloterrigena jeotgali	6343.0	1346	21	23	1301	0.983371126228269	0.984375	0.9665676077265973	0.9354564338129395	0.9438988
AM942763	1421	7105	Natrialbaceae	Haloterrigena salina	DQ367242	1474	7370	Natrialbaceae	Haloterrigena longa	6615.0	1419	40	36	1364	0.9862617498192335	0.9746300211416491	0.9612403100775194	0.9111688477294102	0.9310345
AM942763	1421	7105	Natrialbaceae	Haloterrigena salina	CP001860	1475	7375	Natrialbaceae	Haloterrigena turkmenica	6864.0	1419	21	16	1393	0.992872416250891	0.9887244538407329	0.981677237491191	0.9564535862500978	0.96608025
AM942763	1421	7105	Natrialbaceae	Haloterrigena salina	KY349160	1473	7365	Natrialbaceae	Haloterrigena mahii	6665.0	1419	28	25	1370	0.9827833572453372	0.9823819591261451	0.9654686398872445	0.9301059322756177	0.9380718
AM942763	1421	7105	Natrialbaceae	Haloterrigena salina	FJ545273	1475	7375	Natrialbaceae	Haloterrigena daqingensis	6654.0	1419	40	35	1368	0.9884393063583815	0.9753347427766033	0.9640591966173362	0.9145016642346766	0.93652356
DQ367241	1474	7370	Natrialbaceae	Haloterrigena limicola	AY820137	1440	7200	Natrialbaceae	Haloterrigena saccharevitans	6848.0	1442	24	26	1399	0.9879943502824858	0.9833333333333333	0.9701803051317615	0.9370909359253576	0.95111114
DQ367241	1474	7370	Natrialbaceae	Haloterrigena limicola	EF077633	1344	6720	Natrialbaceae	Haloterrigena jeotgali	6463.0	1361	14	31	1317	0.9902255639097745	0.9895833333333334	0.967670830271859	0.9360016030993253	0.96175593
DQ367241	1474	7370	Natrialbaceae	Haloterrigena limicola	DQ367242	1474	7370	Natrialbaceae	Haloterrigena longa	6898.0	1474	40	40	1418	0.9888423988842399	0.9728629579375848	0.9620081411126187	0.9111754784382399	0.9359566
DQ367241	1474	7370	Natrialbaceae	Haloterrigena limicola	CP001860	1475	7375	Natrialbaceae	Haloterrigena turkmenica	7009.0	1473	24	23	1432	0.9875862068965517	0.9843856076035302	0.9721656483367278	0.9416434135526088	0.9510176
DQ367241	1474	7370	Natrialbaceae	Haloterrigena limicola	KY349160	1473	7365	Natrialbaceae	Haloterrigena mahii	7021.0	1473	26	27	1432	0.9903181189488244	0.9823369565217391	0.9721656483367278	0.9377928802501058	0.9532926
DQ367241	1474	7370	Natrialbaceae	Haloterrigena limicola	FJ545273	1475	7375	Natrialbaceae	Haloterrigena daqingensis	6943.0	1474	26	25	1425	0.9834368530020704	0.9830393487109905	0.9667571234735414	0.9338873812754409	0.94206244
AY820137	1440	7200	Natrialbaceae	Haloterrigena saccharevitans	EF077633	1344	6720	Natrialbaceae	Haloterrigena jeotgali	6547.0	1348	6	10	1325	0.9902840059790733	0.9955357142857143	0.9829376854599406	0.9713224690881836	0.974256
AY820137	1440	7200	Natrialbaceae	Haloterrigena saccharevitans	DQ367242	1474	7370	Natrialbaceae	Haloterrigena longa	6781.0	1440	27	25	1392	0.9837455830388693	0.9826388888888888	0.9666666666666667	0.9324017268802545	0.94180554
AY820137	1440	7200	Natrialbaceae	Haloterrigena saccharevitans	CP001860	1475	7375	Natrialbaceae	Haloterrigena turkmenica	6795.0	1440	21	18	1394	0.980309423347398	0.9875	0.9680555555555556	0.9422142368240931	0.94375
AY820137	1440	7200	Natrialbaceae	Haloterrigena saccharevitans	KY349160	1473	7365	Natrialbaceae	Haloterrigena mahii	7110.0	1440	4	3	1430	0.9951287404314544	0.9979166666666667	0.9930555555555556	0.9882415743305631	0.9875
AY820137	1440	7200	Natrialbaceae	Haloterrigena saccharevitans	FJ545273	1475	7375	Natrialbaceae	Haloterrigena daqingensis	6646.0	1440	39	36	1376	0.98005698005698	0.975	0.9555555555555556	0.9070993914807303	0.9230555
EF077633	1344	6720	Natrialbaceae	Haloterrigena jeotgali	DQ367242	1474	7370	Natrialbaceae	Haloterrigena longa	6305.0	1344	33	28	1297	0.9855623100303952	0.9791666666666666	0.9650297619047619	0.9222797143548777	0.93824404
EF077633	1344	6720	Natrialbaceae	Haloterrigena jeotgali	CP001860	1475	7375	Natrialbaceae	Haloterrigena turkmenica	6388.0	1344	35	17	1308	0.9856819894498869	0.9873511904761905	0.9732142857142857	0.9365158499948203	0.95059526
EF077633	1344	6720	Natrialbaceae	Haloterrigena jeotgali	KY349160	1473	7365	Natrialbaceae	Haloterrigena mahii	6584.0	1344	10	6	1329	0.9932735426008968	0.9955357142857143	0.9888392857142857	0.9771543310825068	0.9797619
EF077633	1344	6720	Natrialbaceae	Haloterrigena jeotgali	FJ545273	1475	7375	Natrialbaceae	Haloterrigena daqingensis	6255.0	1344	47	28	1293	0.9825227963525835	0.9791666666666666	0.9620535714285714	0.9101815240833933	0.9308036
DQ367242	1474	7370	Natrialbaceae	Haloterrigena longa	CP001860	1475	7375	Natrialbaceae	Haloterrigena turkmenica	6921.0	1473	33	32	1422	0.9868147120055517	0.978275627970129	0.9653767820773931	0.9237104535016756	0.9390773
DQ367242	1474	7370	Natrialbaceae	Haloterrigena longa	KY349160	1473	7365	Natrialbaceae	Haloterrigena mahii	6992.0	1473	22	23	1430	0.9862068965517241	0.9850543478260869	0.9708078750848609	0.9415862333598984	0.94935507
DQ367242	1474	7370	Natrialbaceae	Haloterrigena longa	FJ545273	1475	7375	Natrialbaceae	Haloterrigena daqingensis	6934.0	1474	36	35	1423	0.9888811674774148	0.9762550881953868	0.9654002713704206	0.920007278478169	0.94084126
CP001860	1475	7375	Natrialbaceae	Haloterrigena turkmenica	KY349160	1473	7365	Natrialbaceae	Haloterrigena mahii	7018.0	1475	19	21	1433	0.9855570839064649	0.9871011541072641	0.9715254237288136	0.9455140335352711	0.95288527
CP001860	1475	7375	Natrialbaceae	Haloterrigena turkmenica	FJ545273	1475	7375	Natrialbaceae	Haloterrigena daqingensis	7015.0	1474	23	23	1433	0.9875947622329428	0.9843962008141113	0.9721845318860244	0.9423111260966075	0.9511864
KY349160	1473	7365	Natrialbaceae	Haloterrigena mahii	FJ545273	1475	7375	Natrialbaceae	Haloterrigena daqingensis	6857.0	1472	34	32	1414	0.9819444444444444	0.9782608695652174	0.9605978260869565	0.9184999133899187	0.93102515
