AM295006	1484	7420	Bacillaceae	Halobacillus alkaliphilus	AY881246	1522	7610	Bacillaceae	Halobacillus yeomjeoni	7264.0	1484	6	6	1466	0.9918809201623816	0.9959568733153639	0.9878706199460916	0.9799146149532371	0.9789757
AM295006	1484	7420	Bacillaceae	Halobacillus alkaliphilus	EF612763	1522	7598	Bacillaceae	Halobacillus seohaensis	7128.0	1484	13	13	1450	0.9857239972807614	0.9912398921832885	0.977088948787062	0.9601188000439332	0.9606469
AM295006	1484	7420	Bacillaceae	Halobacillus alkaliphilus	AJ310149	1536	7680	Bacillaceae	Halobacillus trueperi	7244.0	1484	8	10	1463	0.9925373134328358	0.9946018893387314	0.9858490566037735	0.9739554352774545	0.97628033
AM295006	1484	7420	Bacillaceae	Halobacillus alkaliphilus	AF500003	1522	7610	Bacillaceae	Halobacillus salinus	7187.0	1484	10	10	1457	0.9884667571234735	0.9932614555256065	0.9818059299191375	0.9686626109108492	0.96859837
AM295006	1484	7420	Bacillaceae	Halobacillus alkaliphilus	JQ762290	1360	6800	Bacillaceae	Halobacillus andaensis	6651.0	1360	5	5	1343	0.9911439114391144	0.9963235294117647	0.9875	0.9802655677655677	0.97808826
AM295006	1484	7420	Bacillaceae	Halobacillus alkaliphilus	HE717023	1569	7845	Bacillaceae	Halobacillus halophilus	7368.0	1484	2	2	1478	0.9973009446693657	0.9986522911051213	0.9959568733153639	0.9932759665231288	0.9929919
AM295006	1484	7420	Bacillaceae	Halobacillus alkaliphilus	AB243865	1517	7573	Bacillaceae	Halobacillus faecis	7229.0	1484	6	8	1461	0.9898373983739838	0.9959514170040485	0.9845013477088949	0.9752509994753885	0.9742588
AM295006	1484	7420	Bacillaceae	Halobacillus alkaliphilus	AJ486874	1529	7639	Bacillaceae	Halobacillus karajensis	7257.0	1484	7	9	1464	0.9925423728813559	0.99527665317139	0.9865229110512129	0.975936481422226	0.97803235
AM295006	1484	7420	Bacillaceae	Halobacillus alkaliphilus	AY351395	1459	7295	Bacillaceae	Halobacillus dabanensis	7140.0	1458	7	9	1440	0.9937888198757764	0.9951923076923077	0.9876543209876543	0.9768676526355707	0.97875255
AM295006	1484	7420	Bacillaceae	Halobacillus alkaliphilus	AY190534	1522	7610	Bacillaceae	Halobacillus locisalis	7185.0	1484	6	6	1457	0.9857916102841678	0.9959568733153639	0.9818059299191375	0.9738987680674398	0.96832883
AM295006	1484	7420	Bacillaceae	Halobacillus alkaliphilus	AB189298	1548	7740	Bacillaceae	Halobacillus profundi	7234.0	1484	7	9	1462	0.9911864406779661	0.99527665317139	0.9851752021563343	0.9746032348629062	0.9749326
AM295006	1484	7420	Bacillaceae	Halobacillus alkaliphilus	AB195680	1544	7720	Bacillaceae	Halobacillus kuroshimensis	7097.0	1484	21	23	1446	0.9897330595482546	0.9858299595141701	0.9743935309973046	0.9459062782638286	0.956469
AM295006	1484	7420	Bacillaceae	Halobacillus alkaliphilus	FJ456889	1541	7621	Bacillaceae	Halobacillus salsuginis	7058.0	1483	54	12	1444	0.981645139360979	0.9919082939986514	0.973701955495617	0.9318904206467485	0.95121294
AM295006	1484	7420	Bacillaceae	Halobacillus alkaliphilus	AB971838	1502	7510	Bacillaceae	Halobacillus sediminis	7170.0	1484	12	11	1455	0.9877800407331976	0.9925876010781671	0.9804582210242587	0.9653843312625221	0.9663073
AM295006	1484	7420	Bacillaceae	Halobacillus alkaliphilus	EF486356	1522	7610	Bacillaceae	Halobacillus campisalis	7330.0	1484	0	0	1474	0.9932614555256065	1.0	0.9932614555256065	0.9932614555256065	0.98787063
AM295006	1484	7420	Bacillaceae	Halobacillus alkaliphilus	AY351389	1492	7460	Bacillaceae	Halobacillus aidingensis	7108.0	1484	8	21	1445	0.9876965140123035	0.9945615227736234	0.9737196765498652	0.9547934898072741	0.9579515
AM295006	1484	7420	Bacillaceae	Halobacillus alkaliphilus	X94558	1559	7795	Bacillaceae	Halobacillus litoralis	7253.0	1484	8	10	1464	0.9932157394843962	0.9946018893387314	0.9865229110512129	0.9746211601135977	0.9774933
AM295006	1484	7420	Bacillaceae	Halobacillus alkaliphilus	DQ888316	1460	7294	Bacillaceae	Halobacillus mangrovi	7061.0	1447	6	9	1426	0.9916550764951322	0.9958448753462604	0.9854872149274361	0.9753135685241934	0.96805596
AM295006	1484	7420	Bacillaceae	Halobacillus alkaliphilus	AB971839	1500	7500	Bacillaceae	Halobacillus salicampi	7163.0	1484	13	14	1454	0.9891156462585035	0.9912339851652057	0.9797843665768194	0.9621129050553938	0.96536386
AY881246	1522	7610	Bacillaceae	Halobacillus yeomjeoni	EF612763	1522	7598	Bacillaceae	Halobacillus seohaensis	7279.0	1522	10	10	1484	0.9814814814814815	0.9934296977660972	0.9750328515111695	0.9623039631102404	0.95801526
AY881246	1522	7610	Bacillaceae	Halobacillus yeomjeoni	AJ310149	1536	7680	Bacillaceae	Halobacillus trueperi	7498.0	1522	2	4	1509	0.9940711462450593	0.9986842105263158	0.9914586070959264	0.9875552267530291	0.98528254
AY881246	1522	7610	Bacillaceae	Halobacillus yeomjeoni	AF500003	1522	7610	Bacillaceae	Halobacillus salinus	7404.0	1522	4	4	1499	0.9874835309617919	0.9973718791064389	0.9848883048620236	0.9797250634210692	0.9729304
AY881246	1522	7610	Bacillaceae	Halobacillus yeomjeoni	JQ762290	1360	6800	Bacillaceae	Halobacillus andaensis	6616.0	1360	5	5	1339	0.9881918819188192	0.9963235294117647	0.9845588235294118	0.9773459383753501	0.97294116
AY881246	1522	7610	Bacillaceae	Halobacillus yeomjeoni	HE717023	1569	7845	Bacillaceae	Halobacillus halophilus	7429.0	1522	9	9	1501	0.9920687376074026	0.9940867279894875	0.9862023653088042	0.9746075628427308	0.9762155
AY881246	1522	7610	Bacillaceae	Halobacillus yeomjeoni	AB243865	1517	7573	Bacillaceae	Halobacillus faecis	7459.0	1519	1	3	1503	0.991424802110818	0.999340804218853	0.989466754443713	0.986862894563598	0.98494655
AY881246	1522	7610	Bacillaceae	Halobacillus yeomjeoni	AJ486874	1529	7639	Bacillaceae	Halobacillus karajensis	7511.0	1522	2	4	1510	0.994729907773386	0.9986842105263158	0.9921156373193167	0.9882096702432565	0.9869908
AY881246	1522	7610	Bacillaceae	Halobacillus yeomjeoni	AY351395	1459	7295	Bacillaceae	Halobacillus dabanensis	7192.0	1461	1	3	1448	0.9931412894375857	0.9993145990404386	0.9911019849418207	0.9883903516040865	0.98588073
AY881246	1522	7610	Bacillaceae	Halobacillus yeomjeoni	AY190534	1522	7610	Bacillaceae	Halobacillus locisalis	7457.0	1522	1	1	1505	0.9894806048652203	0.9993429697766097	0.9888304862023654	0.9875319563452382	0.9798949
AY881246	1522	7610	Bacillaceae	Halobacillus yeomjeoni	AB189298	1548	7740	Bacillaceae	Halobacillus profundi	7454.0	1522	5	7	1504	0.9927392739273927	0.9967105263157895	0.988173455978975	0.9804078492522247	0.97950065
AY881246	1522	7610	Bacillaceae	Halobacillus yeomjeoni	AB195680	1544	7720	Bacillaceae	Halobacillus kuroshimensis	7257.0	1521	25	28	1480	0.9912926992632284	0.9835309617918313	0.9730440499671269	0.939686136223105	0.95361364
AY881246	1522	7610	Bacillaceae	Halobacillus yeomjeoni	FJ456889	1541	7621	Bacillaceae	Halobacillus salsuginis	7110.0	1500	58	19	1456	0.9831195138419987	0.9873333333333333	0.9706666666666667	0.92269405220368	0.93429697
AY881246	1522	7610	Bacillaceae	Halobacillus yeomjeoni	AB971838	1502	7510	Bacillaceae	Halobacillus sediminis	7240.0	1505	11	14	1472	0.9872568745808182	0.992676431424767	0.9780730897009967	0.9619439160581703	0.9640479
AY881246	1522	7610	Bacillaceae	Halobacillus yeomjeoni	EF486356	1522	7610	Bacillaceae	Halobacillus campisalis	7426.0	1522	6	6	1501	0.9901055408970977	0.9960578186596584	0.9862023653088042	0.9784573205550702	0.9758213
AY881246	1522	7610	Bacillaceae	Halobacillus yeomjeoni	AY351389	1492	7460	Bacillaceae	Halobacillus aidingensis	7264.0	1508	4	20	1473	0.9899193548387096	0.9973190348525469	0.976790450928382	0.9612858405961855	0.9737266
AY881246	1522	7610	Bacillaceae	Halobacillus yeomjeoni	X94558	1559	7795	Bacillaceae	Halobacillus litoralis	7498.0	1522	4	6	1509	0.9953825857519789	0.9973684210526316	0.9914586070959264	0.984961499578915	0.98528254
AY881246	1522	7610	Bacillaceae	Halobacillus yeomjeoni	DQ888316	1460	7294	Bacillaceae	Halobacillus mangrovi	7133.0	1460	5	8	1440	0.9917355371900827	0.9965682910089224	0.9863013698630136	0.9775492075365843	0.9779271
AY881246	1522	7610	Bacillaceae	Halobacillus yeomjeoni	AB971839	1500	7500	Bacillaceae	Halobacillus salicampi	7267.0	1509	11	20	1475	0.9905977165883143	0.9926666666666667	0.9774685222001326	0.9575333089184194	0.96893334
EF612763	1522	7598	Bacillaceae	Halobacillus seohaensis	AJ310149	1536	7680	Bacillaceae	Halobacillus trueperi	7291.0	1522	9	11	1485	0.9827928524156188	0.9940789473684211	0.9756898817345598	0.9629440962122273	0.9595946
EF612763	1522	7598	Bacillaceae	Halobacillus seohaensis	AF500003	1522	7610	Bacillaceae	Halobacillus salinus	7282.0	1522	14	14	1484	0.9840848806366048	0.9908015768725361	0.9750328515111695	0.9572588151554972	0.9584101
EF612763	1522	7598	Bacillaceae	Halobacillus seohaensis	JQ762290	1360	6800	Bacillaceae	Halobacillus andaensis	6542.0	1360	10	10	1330	0.9851851851851852	0.9926470588235294	0.9779411764705882	0.9636646629454702	0.96205884
EF612763	1522	7598	Bacillaceae	Halobacillus seohaensis	HE717023	1569	7845	Bacillaceae	Halobacillus halophilus	7298.0	1522	11	11	1486	0.9834546657842489	0.992772667542707	0.9763469119579501	0.962335410286016	0.9605159
EF612763	1522	7598	Bacillaceae	Halobacillus seohaensis	AB243865	1517	7573	Bacillaceae	Halobacillus faecis	7254.0	1519	9	11	1479	0.9807692307692307	0.994067237969677	0.9736668861092824	0.9609225551392656	0.9578767
EF612763	1522	7598	Bacillaceae	Halobacillus seohaensis	AJ486874	1529	7639	Bacillaceae	Halobacillus karajensis	7295.0	1522	9	11	1485	0.9827928524156188	0.9940789473684211	0.9756898817345598	0.9629440962122273	0.9601211
EF612763	1522	7598	Bacillaceae	Halobacillus seohaensis	AY351395	1459	7295	Bacillaceae	Halobacillus dabanensis	6985.0	1461	9	11	1424	0.9820689655172414	0.9938313913639479	0.974674880219028	0.9614139974949597	0.95750517
EF612763	1522	7598	Bacillaceae	Halobacillus seohaensis	AY190534	1522	7610	Bacillaceae	Halobacillus locisalis	7236.0	1522	12	12	1479	0.9794701986754967	0.9921156373193167	0.9717477003942181	0.9565443465418966	0.95235586
EF612763	1522	7598	Bacillaceae	Halobacillus seohaensis	AB189298	1548	7740	Bacillaceae	Halobacillus profundi	7254.0	1522	9	11	1481	0.9801455989410987	0.9940789473684211	0.9730617608409987	0.9603503074008811	0.9547249
EF612763	1522	7598	Bacillaceae	Halobacillus seohaensis	AB195680	1544	7720	Bacillaceae	Halobacillus kuroshimensis	7088.0	1521	31	34	1460	0.9818426361802286	0.9795783926218709	0.9598948060486522	0.9196930261561507	0.93287706
EF612763	1522	7598	Bacillaceae	Halobacillus seohaensis	FJ456889	1541	7621	Bacillaceae	Halobacillus salsuginis	6980.0	1500	58	19	1441	0.9729912221471978	0.9873333333333333	0.9606666666666667	0.9131882755669661	0.9186628
EF612763	1522	7598	Bacillaceae	Halobacillus seohaensis	AB971838	1502	7510	Bacillaceae	Halobacillus sediminis	7200.0	1505	12	15	1467	0.9845637583892617	0.9920106524633822	0.9747508305647841	0.9574019364149823	0.9587217
EF612763	1522	7598	Bacillaceae	Halobacillus seohaensis	EF486356	1522	7610	Bacillaceae	Halobacillus campisalis	7369.0	1522	10	10	1494	0.9880952380952381	0.9934296977660972	0.9816031537450722	0.9687884911635439	0.9698605
EF612763	1522	7598	Bacillaceae	Halobacillus seohaensis	AY351389	1492	7460	Bacillaceae	Halobacillus aidingensis	7068.0	1508	12	28	1450	0.9797297297297297	0.9919571045576407	0.9615384615384616	0.9362348178137652	0.9474531
EF612763	1522	7598	Bacillaceae	Halobacillus seohaensis	X94558	1559	7795	Bacillaceae	Halobacillus litoralis	7291.0	1522	10	12	1485	0.9834437086092715	0.993421052631579	0.9756898817345598	0.9616786693336719	0.9595946
EF612763	1522	7598	Bacillaceae	Halobacillus seohaensis	DQ888316	1460	7294	Bacillaceae	Halobacillus mangrovi	6941.0	1460	10	13	1418	0.9799585348997927	0.9931365820178449	0.9712328767123287	0.9560367160562855	0.95160407
EF612763	1522	7598	Bacillaceae	Halobacillus seohaensis	AB971839	1500	7500	Bacillaceae	Halobacillus salicampi	7143.0	1509	16	25	1460	0.9838274932614556	0.9893333333333333	0.9675281643472499	0.9415159317320123	0.9524
AJ310149	1536	7680	Bacillaceae	Halobacillus trueperi	AF500003	1522	7610	Bacillaceae	Halobacillus salinus	7391.0	1520	9	7	1497	0.9894249834765367	0.9953947368421052	0.9848684210526316	0.9745624074902758	0.9712221
AJ310149	1536	7680	Bacillaceae	Halobacillus trueperi	JQ762290	1360	6800	Bacillaceae	Halobacillus andaensis	6571.0	1358	13	11	1333	0.9896065330363771	0.991899852724595	0.9815905743740795	0.9644073695710321	0.96632355
AJ310149	1536	7680	Bacillaceae	Halobacillus trueperi	HE717023	1569	7845	Bacillaceae	Halobacillus halophilus	7489.0	1536	13	11	1514	0.9927868852459016	0.9928385416666666	0.9856770833333334	0.9704051336884012	0.9751302
AJ310149	1536	7680	Bacillaceae	Halobacillus trueperi	AB243865	1517	7573	Bacillaceae	Halobacillus faecis	7517.0	1517	0	0	1509	0.994726433750824	1.0	0.994726433750824	0.994726433750824	0.9926053
AJ310149	1536	7680	Bacillaceae	Halobacillus trueperi	AJ486874	1529	7639	Bacillaceae	Halobacillus karajensis	7605.0	1529	1	1	1524	0.9973821989528796	0.999345977763244	0.9967298888162197	0.9954269739288781	0.99554914
AJ310149	1536	7680	Bacillaceae	Halobacillus trueperi	AY351395	1459	7295	Bacillaceae	Halobacillus dabanensis	7241.0	1459	1	1	1453	0.9965706447187929	0.9993145990404386	0.995887594242632	0.9945233646614777	0.9925977
AJ310149	1536	7680	Bacillaceae	Halobacillus trueperi	AY190534	1522	7610	Bacillaceae	Halobacillus locisalis	7462.0	1520	6	4	1505	0.9927440633245382	0.9973684210526316	0.9901315789473685	0.9836431675519074	0.9805519
AJ310149	1536	7680	Bacillaceae	Halobacillus trueperi	AB189298	1548	7740	Bacillaceae	Halobacillus profundi	7581.0	1536	1	1	1525	0.993485342019544	0.9993489583333334	0.9928385416666666	0.9915466242409455	0.98710936
AJ310149	1536	7680	Bacillaceae	Halobacillus trueperi	AB195680	1544	7720	Bacillaceae	Halobacillus kuroshimensis	7383.0	1532	22	21	1500	0.9927200529450695	0.9862924281984334	0.97911227154047	0.9520197183382563	0.96132815
AJ310149	1536	7680	Bacillaceae	Halobacillus trueperi	FJ456889	1541	7621	Bacillaceae	Halobacillus salsuginis	7061.0	1503	63	25	1451	0.9817320703653586	0.9833666001330672	0.9654025282767797	0.9111525777733591	0.92651886
AJ310149	1536	7680	Bacillaceae	Halobacillus trueperi	AB971838	1502	7510	Bacillaceae	Halobacillus sediminis	7287.0	1503	10	11	1477	0.989946380697051	0.9933422103861518	0.9827012641383899	0.9690616563744069	0.9703063
AJ310149	1536	7680	Bacillaceae	Halobacillus trueperi	EF486356	1522	7610	Bacillaceae	Halobacillus campisalis	7413.0	1520	12	10	1499	0.9927152317880795	0.993421052631579	0.9861842105263158	0.972022296275938	0.974113
AJ310149	1536	7680	Bacillaceae	Halobacillus trueperi	AY351389	1492	7460	Bacillaceae	Halobacillus aidingensis	7331.0	1506	3	17	1480	0.9939556749496307	0.9979892761394102	0.9827357237715804	0.969710730746112	0.9827078
AJ310149	1536	7680	Bacillaceae	Halobacillus trueperi	X94558	1559	7795	Bacillaceae	Halobacillus litoralis	7617.0	1536	3	3	1529	0.9973907371167645	0.998046875	0.9954427083333334	0.9915618400747238	0.99179685
AJ310149	1536	7680	Bacillaceae	Halobacillus trueperi	DQ888316	1460	7294	Bacillaceae	Halobacillus mangrovi	7160.0	1461	6	7	1444	0.9931224209078404	0.9958904109589041	0.9883641341546886	0.9796056244450697	0.9816287
AJ310149	1536	7680	Bacillaceae	Halobacillus trueperi	AB971839	1500	7500	Bacillaceae	Halobacillus salicampi	7263.0	1507	14	21	1474	0.9919246298788694	0.9906666666666667	0.9781021897810219	0.9555949073074284	0.9684
AF500003	1522	7610	Bacillaceae	Halobacillus salinus	JQ762290	1360	6800	Bacillaceae	Halobacillus andaensis	6564.0	1360	6	6	1333	0.9844903988183161	0.9955882352941177	0.9801470588235294	0.9715366893463095	0.9652941
AF500003	1522	7610	Bacillaceae	Halobacillus salinus	HE717023	1569	7845	Bacillaceae	Halobacillus halophilus	7343.0	1522	12	12	1491	0.9874172185430463	0.9921156373193167	0.9796320630749015	0.9643053554387883	0.96491456
AF500003	1522	7610	Bacillaceae	Halobacillus salinus	AB243865	1517	7573	Bacillaceae	Halobacillus faecis	7363.0	1519	6	8	1492	0.9874255459960292	0.996044825313118	0.9822251481237656	0.9732079992229572	0.9722699
AF500003	1522	7610	Bacillaceae	Halobacillus salinus	AJ486874	1529	7639	Bacillaceae	Halobacillus karajensis	7386.0	1522	5	7	1496	0.9874587458745875	0.9967105263157895	0.9829172141918529	0.9751929138838618	0.970565
AF500003	1522	7610	Bacillaceae	Halobacillus salinus	AY351395	1459	7295	Bacillaceae	Halobacillus dabanensis	7078.0	1461	7	9	1435	0.9882920110192838	0.9952021932830706	0.9822039698836413	0.9714987495034382	0.9702536
AF500003	1522	7610	Bacillaceae	Halobacillus salinus	AY190534	1522	7610	Bacillaceae	Halobacillus locisalis	7397.0	1522	5	5	1498	0.987475280158207	0.9967148488830486	0.9842312746386334	0.9777857522113993	0.9720105
AF500003	1522	7610	Bacillaceae	Halobacillus salinus	AB189298	1548	7740	Bacillaceae	Halobacillus profundi	7354.0	1522	4	6	1493	0.9848284960422163	0.9973684210526316	0.980946123521682	0.9745179051499803	0.96636003
AF500003	1522	7610	Bacillaceae	Halobacillus salinus	AB195680	1544	7720	Bacillaceae	Halobacillus kuroshimensis	7200.0	1521	20	23	1474	0.9839786381842457	0.9868247694334651	0.9690992767915845	0.9420575708201125	0.94612354
AF500003	1522	7610	Bacillaceae	Halobacillus salinus	FJ456889	1541	7621	Bacillaceae	Halobacillus salsuginis	7016.0	1500	60	21	1445	0.9770114942528736	0.986	0.9633333333333334	0.9133141025641025	0.9219448
AF500003	1522	7610	Bacillaceae	Halobacillus salinus	AB971838	1502	7510	Bacillaceae	Halobacillus sediminis	7206.0	1505	12	15	1468	0.9852348993288591	0.9920106524633822	0.9754152823920266	0.9580545621385099	0.95952064
AF500003	1522	7610	Bacillaceae	Halobacillus salinus	EF486356	1522	7610	Bacillaceae	Halobacillus campisalis	7379.0	1522	12	12	1495	0.9900662251655629	0.9921156373193167	0.9822601839684626	0.9668923584044189	0.9696452
AF500003	1522	7610	Bacillaceae	Halobacillus salinus	AY351389	1492	7460	Bacillaceae	Halobacillus aidingensis	7157.0	1508	8	24	1461	0.9845013477088949	0.9946380697050938	0.9688328912466844	0.9483825927507121	0.95938337
AF500003	1522	7610	Bacillaceae	Halobacillus salinus	X94558	1559	7795	Bacillaceae	Halobacillus litoralis	7392.0	1522	7	9	1497	0.9894249834765367	0.9953947368421052	0.9835742444152431	0.9732817735776735	0.9713535
AF500003	1522	7610	Bacillaceae	Halobacillus salinus	DQ888316	1460	7294	Bacillaceae	Halobacillus mangrovi	7000.0	1460	9	12	1425	0.9841160220994475	0.9938229238160604	0.976027397260274	0.9620746570679897	0.9596929
AF500003	1522	7610	Bacillaceae	Halobacillus salinus	AB971839	1500	7500	Bacillaceae	Halobacillus salicampi	7197.0	1509	12	21	1467	0.9858870967741935	0.992	0.9721669980119284	0.9510746173844506	0.9596
JQ762290	1360	6800	Bacillaceae	Halobacillus andaensis	HE717023	1569	7845	Bacillaceae	Halobacillus halophilus	6608.0	1360	7	7	1338	0.9889135254988913	0.9948529411764706	0.9838235294117647	0.973747794655536	0.9717647
JQ762290	1360	6800	Bacillaceae	Halobacillus andaensis	AB243865	1517	7573	Bacillaceae	Halobacillus faecis	6555.0	1360	7	9	1331	0.9851961509992598	0.9948453608247423	0.9786764705882353	0.9672215887086363	0.9639706
JQ762290	1360	6800	Bacillaceae	Halobacillus andaensis	AJ486874	1529	7639	Bacillaceae	Halobacillus karajensis	6581.0	1360	8	10	1334	0.9881481481481481	0.9941089837997055	0.9808823529411764	0.9679760061919505	0.9677941
JQ762290	1360	6800	Bacillaceae	Halobacillus andaensis	AY351395	1459	7295	Bacillaceae	Halobacillus dabanensis	6585.0	1360	7	9	1335	0.9881569207994079	0.9948453608247423	0.9816176470588235	0.9701283402900296	0.96838236
JQ762290	1360	6800	Bacillaceae	Halobacillus andaensis	AY190534	1522	7610	Bacillaceae	Halobacillus locisalis	6538.0	1360	6	6	1330	0.982274741506647	0.9955882352941177	0.9779411764705882	0.969350185169236	0.9614706
JQ762290	1360	6800	Bacillaceae	Halobacillus andaensis	AB189298	1548	7740	Bacillaceae	Halobacillus profundi	6558.0	1360	7	9	1332	0.9859363434492968	0.9948453608247423	0.9794117647058823	0.9679482766039847	0.96441174
JQ762290	1360	6800	Bacillaceae	Halobacillus andaensis	AB195680	1544	7720	Bacillaceae	Halobacillus kuroshimensis	6507.0	1360	11	13	1326	0.9844097995545658	0.991899852724595	0.975	0.9579321663019694	0.95691174
JQ762290	1360	6800	Bacillaceae	Halobacillus andaensis	FJ456889	1541	7621	Bacillaceae	Halobacillus salsuginis	6527.0	1360	47	5	1331	0.9822878228782288	0.9963235294117647	0.9786764705882353	0.9425064802040218	0.95985293
JQ762290	1360	6800	Bacillaceae	Halobacillus andaensis	AB971838	1502	7510	Bacillaceae	Halobacillus sediminis	6595.0	1360	12	12	1336	0.9910979228486647	0.9911764705882353	0.9823529411764705	0.9651689247127423	0.9698529
JQ762290	1360	6800	Bacillaceae	Halobacillus andaensis	EF486356	1522	7610	Bacillaceae	Halobacillus campisalis	6660.0	1360	6	6	1344	0.9926144756277696	0.9955882352941177	0.9882352941176471	0.9795538713289124	0.9794118
JQ762290	1360	6800	Bacillaceae	Halobacillus andaensis	AY351389	1492	7460	Bacillaceae	Halobacillus aidingensis	6450.0	1360	9	21	1317	0.9835698282300224	0.9933234421364985	0.9683823529411765	0.947161410217849	0.9485294
JQ762290	1360	6800	Bacillaceae	Halobacillus andaensis	X94558	1559	7795	Bacillaceae	Halobacillus litoralis	6578.0	1360	11	13	1334	0.9903489235337788	0.991899852724595	0.9808823529411764	0.9637115458875015	0.9673529
JQ762290	1360	6800	Bacillaceae	Halobacillus andaensis	DQ888316	1460	7294	Bacillaceae	Halobacillus mangrovi	6572.0	1360	4	5	1334	0.9845018450184502	0.9970566593083149	0.9808823529411764	0.9744102553044679	0.9664706
JQ762290	1360	6800	Bacillaceae	Halobacillus andaensis	AB971839	1500	7500	Bacillaceae	Halobacillus salicampi	6526.0	1360	12	13	1328	0.985894580549369	0.9911699779249448	0.9764705882352941	0.9586777568170125	0.9597059
HE717023	1569	7845	Bacillaceae	Halobacillus halophilus	AB243865	1517	7573	Bacillaceae	Halobacillus faecis	7379.0	1519	9	11	1493	0.9900530503978779	0.994067237969677	0.9828834759710335	0.970018509008062	0.9743827
HE717023	1569	7845	Bacillaceae	Halobacillus halophilus	AJ486874	1529	7639	Bacillaceae	Halobacillus karajensis	7467.0	1531	10	12	1508	0.9927583936800527	0.9934597776324395	0.984977139124755	0.9709151682871531	0.977484
HE717023	1569	7845	Bacillaceae	Halobacillus halophilus	AY351395	1459	7295	Bacillaceae	Halobacillus dabanensis	7130.0	1461	10	12	1440	0.9937888198757764	0.9931459904043866	0.9856262833675564	0.9708854416040716	0.97738177
HE717023	1569	7845	Bacillaceae	Halobacillus halophilus	AY190534	1522	7610	Bacillaceae	Halobacillus locisalis	7368.0	1522	8	8	1494	0.9867899603698811	0.9947437582128777	0.9816031537450722	0.971338022725516	0.96819973
HE717023	1569	7845	Bacillaceae	Halobacillus halophilus	AB189298	1548	7740	Bacillaceae	Halobacillus profundi	7534.0	1549	10	12	1524	0.9915419648666233	0.9935358758888171	0.9838605551969012	0.9699766987412682	0.97338504
HE717023	1569	7845	Bacillaceae	Halobacillus halophilus	AB195680	1544	7720	Bacillaceae	Halobacillus kuroshimensis	7306.0	1544	31	32	1495	0.9887566137566137	0.9799092676604018	0.9682642487046632	0.9295336787564766	0.94637305
HE717023	1569	7845	Bacillaceae	Halobacillus halophilus	FJ456889	1541	7621	Bacillaceae	Halobacillus salsuginis	7081.0	1505	58	22	1454	0.9804450438300741	0.9853820598006644	0.9661129568106313	0.9166637971530174	0.92914313
HE717023	1569	7845	Bacillaceae	Halobacillus halophilus	AB971838	1502	7510	Bacillaceae	Halobacillus sediminis	7193.0	1505	13	16	1466	0.984553391537945	0.9913448735019973	0.9740863787375416	0.9554773504217388	0.9577896
HE717023	1569	7845	Bacillaceae	Halobacillus halophilus	EF486356	1522	7610	Bacillaceae	Halobacillus campisalis	7486.0	1522	2	2	1508	0.9921052631578947	0.9986859395532195	0.9908015768725361	0.9882010477993799	0.98370564
HE717023	1569	7845	Bacillaceae	Halobacillus halophilus	AY351389	1492	7460	Bacillaceae	Halobacillus aidingensis	7166.0	1508	13	29	1461	0.9878296146044625	0.9912868632707775	0.9688328912466844	0.9420801092398726	0.9605898
HE717023	1569	7845	Bacillaceae	Halobacillus halophilus	X94558	1559	7795	Bacillaceae	Halobacillus litoralis	7599.0	1560	10	12	1536	0.9922480620155039	0.993581514762516	0.9846153846153847	0.9708182263596277	0.97485566
HE717023	1569	7845	Bacillaceae	Halobacillus halophilus	DQ888316	1460	7294	Bacillaceae	Halobacillus mangrovi	7116.0	1463	9	12	1439	0.9917298414886285	0.9938356164383562	0.9835953520164047	0.9695630813694315	0.97559637
HE717023	1569	7845	Bacillaceae	Halobacillus halophilus	AB971839	1500	7500	Bacillaceae	Halobacillus salicampi	7212.0	1509	15	24	1468	0.9885521885521885	0.99	0.9728296885354539	0.9479344406004915	0.9616
AB243865	1517	7573	Bacillaceae	Halobacillus faecis	AJ486874	1529	7639	Bacillaceae	Halobacillus karajensis	7504.0	1517	1	1	1507	0.9940633245382586	0.999340804218853	0.99340804218853	0.9920992041882816	0.99088866
AB243865	1517	7573	Bacillaceae	Halobacillus faecis	AY351395	1459	7295	Bacillaceae	Halobacillus dabanensis	7209.0	1459	1	1	1449	0.9938271604938271	0.9993145990404386	0.9931459904043866	0.9917855164449285	0.9882111
AB243865	1517	7573	Bacillaceae	Halobacillus faecis	AY190534	1522	7610	Bacillaceae	Halobacillus locisalis	7450.0	1517	4	2	1502	0.9914191419141914	0.998681608437706	0.990112063282795	0.986206295774776	0.9837581
AB243865	1517	7573	Bacillaceae	Halobacillus faecis	AB189298	1548	7740	Bacillaceae	Halobacillus profundi	7456.0	1517	3	3	1502	0.9920739762219286	0.998022412656559	0.990112063282795	0.9862037261908891	0.98455036
AB243865	1517	7573	Bacillaceae	Halobacillus faecis	AB195680	1544	7720	Bacillaceae	Halobacillus kuroshimensis	7289.0	1517	21	22	1482	0.991304347826087	0.9861477572559367	0.976928147659855	0.9496148119320438	0.96249837
AB243865	1517	7573	Bacillaceae	Halobacillus faecis	FJ456889	1541	7621	Bacillaceae	Halobacillus salsuginis	7029.0	1498	62	21	1446	0.979011509817197	0.985981308411215	0.965287049399199	0.9139288281811647	0.92816585
AB243865	1517	7573	Bacillaceae	Halobacillus faecis	AB971838	1502	7510	Bacillaceae	Halobacillus sediminis	7269.0	1503	13	14	1474	0.989926124916051	0.9913448735019973	0.980705256154358	0.9632388696661207	0.96790946
AB243865	1517	7573	Bacillaceae	Halobacillus faecis	EF486356	1522	7610	Bacillaceae	Halobacillus campisalis	7373.0	1517	7	5	1493	0.9874338624338624	0.996704021094265	0.984179301252472	0.9764298579355234	0.9735904
AB243865	1517	7573	Bacillaceae	Halobacillus faecis	AY351389	1492	7460	Bacillaceae	Halobacillus aidingensis	7299.0	1506	3	17	1476	0.9912693082605776	0.9979892761394102	0.9800796812749004	0.9670898909332848	0.97841823
AB243865	1517	7573	Bacillaceae	Halobacillus faecis	X94558	1559	7795	Bacillaceae	Halobacillus litoralis	7472.0	1517	2	2	1504	0.9927392739273927	0.998681608437706	0.991430454845089	0.9888197097368727	0.98666316
AB243865	1517	7573	Bacillaceae	Halobacillus faecis	DQ888316	1460	7294	Bacillaceae	Halobacillus mangrovi	7096.0	1458	7	8	1435	0.9896551724137931	0.9951956074124915	0.9842249657064472	0.9741475769790775	0.9728544
AB243865	1517	7573	Bacillaceae	Halobacillus faecis	AB971839	1500	7500	Bacillaceae	Halobacillus salicampi	7282.0	1507	9	16	1476	0.9899396378269618	0.994	0.9794293297942933	0.9632777907145722	0.9709333
AJ486874	1529	7639	Bacillaceae	Halobacillus karajensis	AY351395	1459	7295	Bacillaceae	Halobacillus dabanensis	7264.0	1459	0	0	1455	0.9972583961617546	1.0	0.9972583961617546	0.9972583961617546	0.9957505
AJ486874	1529	7639	Bacillaceae	Halobacillus karajensis	AY190534	1522	7610	Bacillaceae	Halobacillus locisalis	7457.0	1520	6	4	1504	0.9920844327176781	0.9973684210526316	0.9894736842105263	0.9829895840518726	0.9798949
AJ486874	1529	7639	Bacillaceae	Halobacillus karajensis	AB189298	1548	7740	Bacillaceae	Halobacillus profundi	7569.0	1529	0	0	1520	0.9941137998691956	1.0	0.9941137998691956	0.9941137998691956	0.9908365
AJ486874	1529	7639	Bacillaceae	Halobacillus karajensis	AB195680	1544	7720	Bacillaceae	Halobacillus kuroshimensis	7373.0	1529	21	20	1497	0.9920477137176938	0.986919555264879	0.9790712884238064	0.9531732736977574	0.96517867
AJ486874	1529	7639	Bacillaceae	Halobacillus karajensis	FJ456889	1541	7621	Bacillaceae	Halobacillus salsuginis	7072.0	1503	62	24	1452	0.9817444219066938	0.9840319361277445	0.9660678642714571	0.9129804289185207	0.9279622
AJ486874	1529	7639	Bacillaceae	Halobacillus karajensis	AB971838	1502	7510	Bacillaceae	Halobacillus sediminis	7292.0	1503	10	11	1477	0.989946380697051	0.9933422103861518	0.9827012641383899	0.9690616563744069	0.97097206
AJ486874	1529	7639	Bacillaceae	Halobacillus karajensis	EF486356	1522	7610	Bacillaceae	Halobacillus campisalis	7407.0	1520	9	7	1498	0.9900859220092532	0.9953947368421052	0.9855263157894737	0.9752134177825205	0.9733246
AJ486874	1529	7639	Bacillaceae	Halobacillus karajensis	AY351389	1492	7460	Bacillaceae	Halobacillus aidingensis	7327.0	1506	4	18	1479	0.9939516129032258	0.9973190348525469	0.9820717131474104	0.9677633835518852	0.9821716
AJ486874	1529	7639	Bacillaceae	Halobacillus karajensis	X94558	1559	7795	Bacillaceae	Halobacillus litoralis	7596.0	1529	2	2	1523	0.9973804846103471	0.9986919555264879	0.9960758665794637	0.9934734475942789	0.994371
AJ486874	1529	7639	Bacillaceae	Halobacillus karajensis	DQ888316	1460	7294	Bacillaceae	Halobacillus mangrovi	7164.0	1461	5	6	1444	0.9924398625429554	0.9965753424657534	0.9883641341546886	0.9809480321930913	0.98217714
AJ486874	1529	7639	Bacillaceae	Halobacillus karajensis	AB971839	1500	7500	Bacillaceae	Halobacillus salicampi	7258.0	1507	14	21	1473	0.9912516823687753	0.9906666666666667	0.9774386197743862	0.9549466068275726	0.9677333
AY351395	1459	7295	Bacillaceae	Halobacillus dabanensis	AY190534	1522	7610	Bacillaceae	Halobacillus locisalis	7156.0	1459	5	3	1444	0.9917582417582418	0.997943797121316	0.9897189856065799	0.9843106851387844	0.9809458
AY351395	1459	7295	Bacillaceae	Halobacillus dabanensis	AB189298	1548	7740	Bacillaceae	Halobacillus profundi	7214.0	1459	0	0	1450	0.9938313913639479	1.0	0.9938313913639479	0.9938313913639479	0.9888965
AY351395	1459	7295	Bacillaceae	Halobacillus dabanensis	AB195680	1544	7720	Bacillaceae	Halobacillus kuroshimensis	7142.0	1459	5	5	1442	0.9917469050894085	0.9965729952021933	0.9883481836874571	0.9815971715037997	0.97902673
AY351395	1459	7295	Bacillaceae	Halobacillus dabanensis	FJ456889	1541	7621	Bacillaceae	Halobacillus salsuginis	6908.0	1457	57	14	1416	0.9812889812889813	0.9903912148249828	0.9718599862731641	0.9262839895589007	0.94694996
AY351395	1459	7295	Bacillaceae	Halobacillus dabanensis	AB971838	1502	7510	Bacillaceae	Halobacillus sediminis	7109.0	1459	7	7	1438	0.990358126721763	0.9952021932830706	0.9856065798492117	0.9761942387046764	0.9745031
AY351395	1459	7295	Bacillaceae	Halobacillus dabanensis	EF486356	1522	7610	Bacillaceae	Halobacillus campisalis	7133.0	1459	9	7	1441	0.9924242424242424	0.9952021932830706	0.9876627827278959	0.9768980657499352	0.97779304
AY351395	1459	7295	Bacillaceae	Halobacillus dabanensis	AY351389	1492	7460	Bacillaceae	Halobacillus aidingensis	7099.0	1459	2	14	1434	0.9923875432525952	0.9986178299930891	0.9828649760109665	0.9721012254181016	0.97313225
AY351395	1459	7295	Bacillaceae	Halobacillus dabanensis	X94558	1559	7795	Bacillaceae	Halobacillus litoralis	7223.0	1459	2	2	1451	0.9958819492107069	0.9986291980808774	0.9945167923235092	0.9917939537408301	0.99013025
AY351395	1459	7295	Bacillaceae	Halobacillus dabanensis	DQ888316	1460	7294	Bacillaceae	Halobacillus mangrovi	7121.0	1448	5	6	1434	0.9944521497919556	0.9965445749827229	0.9903314917127072	0.9828341438745518	0.9762819
AY351395	1459	7295	Bacillaceae	Halobacillus dabanensis	AB971839	1500	7500	Bacillaceae	Halobacillus salicampi	7072.0	1458	12	13	1433	0.9916955017301038	0.9917638984214139	0.9828532235939643	0.9661380327165159	0.9694311
AY190534	1522	7610	Bacillaceae	Halobacillus locisalis	AB189298	1548	7740	Bacillaceae	Halobacillus profundi	7407.0	1522	3	5	1499	0.988134475939354	0.9980263157894737	0.9848883048620236	0.9797216776889769	0.9733246
AY190534	1522	7610	Bacillaceae	Halobacillus locisalis	AB195680	1544	7720	Bacillaceae	Halobacillus kuroshimensis	7235.0	1521	19	22	1478	0.9859906604402935	0.9874835309617919	0.9717291255752795	0.9458584150891843	0.95072275
AY190534	1522	7610	Bacillaceae	Halobacillus locisalis	FJ456889	1541	7621	Bacillaceae	Halobacillus salsuginis	7019.0	1500	57	18	1446	0.9757085020242915	0.988	0.964	0.9175645472061656	0.922339
AY190534	1522	7610	Bacillaceae	Halobacillus locisalis	AB971838	1502	7510	Bacillaceae	Halobacillus sediminis	7226.0	1505	14	17	1470	0.9879032258064516	0.9906790945406125	0.9767441860465116	0.9568106312292358	0.9621838
AY190534	1522	7610	Bacillaceae	Halobacillus locisalis	EF486356	1522	7610	Bacillaceae	Halobacillus campisalis	7373.0	1522	7	7	1495	0.9867986798679867	0.9954007884362681	0.9822601839684626	0.9732663039321261	0.96885675
AY190534	1522	7610	Bacillaceae	Halobacillus locisalis	AY351389	1492	7460	Bacillaceae	Halobacillus aidingensis	7237.0	1508	6	22	1470	0.9892328398384926	0.9959785522788204	0.9748010610079576	0.9567730361016018	0.97010726
AY190534	1522	7610	Bacillaceae	Halobacillus locisalis	X94558	1559	7795	Bacillaceae	Halobacillus litoralis	7444.0	1522	4	6	1503	0.991424802110818	0.9973684210526316	0.9875164257555847	0.9810451516680645	0.9781866
AY190534	1522	7610	Bacillaceae	Halobacillus locisalis	DQ888316	1460	7294	Bacillaceae	Halobacillus mangrovi	7086.0	1460	4	7	1435	0.987611837577426	0.997254632807138	0.9828767123287672	0.9754917097088106	0.9714834
AY190534	1522	7610	Bacillaceae	Halobacillus locisalis	AB971839	1500	7500	Bacillaceae	Halobacillus salicampi	7329.0	1509	9	18	1482	0.993963782696177	0.994	0.9821073558648111	0.9646390432110892	0.9772
AB189298	1548	7740	Bacillaceae	Halobacillus profundi	AB195680	1544	7720	Bacillaceae	Halobacillus kuroshimensis	7422.0	1543	22	21	1509	0.9914586070959264	0.9863901490602722	0.9779650032404407	0.9510943993175405	0.96139896
AB189298	1548	7740	Bacillaceae	Halobacillus profundi	FJ456889	1541	7621	Bacillaceae	Halobacillus salsuginis	7058.0	1503	62	24	1451	0.9810682893847193	0.9840319361277445	0.9654025282767797	0.9123516545184391	0.92612517
AB189298	1548	7740	Bacillaceae	Halobacillus profundi	AB971838	1502	7510	Bacillaceae	Halobacillus sediminis	7252.0	1503	9	10	1473	0.9866041527126591	0.9940079893475366	0.9800399201596807	0.9677246037026477	0.9656458
AB189298	1548	7740	Bacillaceae	Halobacillus profundi	EF486356	1522	7610	Bacillaceae	Halobacillus campisalis	7384.0	1520	9	7	1496	0.9887640449438202	0.9953947368421052	0.9842105263157894	0.973911397198031	0.9703022
AB189298	1548	7740	Bacillaceae	Halobacillus profundi	AY351389	1492	7460	Bacillaceae	Halobacillus aidingensis	7259.0	1506	4	18	1472	0.989247311827957	0.9973190348525469	0.9774236387782205	0.9631830294715179	0.9730563
AB189298	1548	7740	Bacillaceae	Halobacillus profundi	X94558	1559	7795	Bacillaceae	Halobacillus litoralis	7642.0	1548	2	2	1537	0.9941785252263907	0.9987080103359173	0.9928940568475452	0.9903317496040676	0.9873385
AB189298	1548	7740	Bacillaceae	Halobacillus profundi	DQ888316	1460	7294	Bacillaceae	Halobacillus mangrovi	7150.0	1461	5	6	1443	0.9917525773195877	0.9965753424657534	0.9876796714579056	0.980268705300991	0.98025775
AB189298	1548	7740	Bacillaceae	Halobacillus profundi	AB971839	1500	7500	Bacillaceae	Halobacillus salicampi	7217.0	1507	14	21	1469	0.9885598923283984	0.9906666666666667	0.9747843397478434	0.9523534049081495	0.9622667
AB195680	1544	7720	Bacillaceae	Halobacillus kuroshimensis	FJ456889	1541	7621	Bacillaceae	Halobacillus salsuginis	6909.0	1512	76	48	1434	0.9795081967213115	0.9682539682539683	0.9484126984126984	0.8743552836751829	0.90657395
AB195680	1544	7720	Bacillaceae	Halobacillus kuroshimensis	AB971838	1502	7510	Bacillaceae	Halobacillus sediminis	7117.0	1499	27	24	1456	0.9871186440677966	0.9839893262174784	0.971314209472982	0.9388522011616307	0.94766974
AB195680	1544	7720	Bacillaceae	Halobacillus kuroshimensis	EF486356	1522	7610	Bacillaceae	Halobacillus campisalis	7199.0	1518	30	27	1473	0.9879275653923542	0.9822134387351779	0.9703557312252964	0.9346255783313417	0.9459921
AB195680	1544	7720	Bacillaceae	Halobacillus kuroshimensis	AY351389	1492	7460	Bacillaceae	Halobacillus aidingensis	7130.0	1507	17	32	1457	0.9877966101694915	0.9886058981233244	0.966821499668215	0.9357360315030296	0.95576406
AB195680	1544	7720	Bacillaceae	Halobacillus kuroshimensis	X94558	1559	7795	Bacillaceae	Halobacillus litoralis	7413.0	1544	22	23	1508	0.9914529914529915	0.9857420609202852	0.9766839378238342	0.9486183074265976	0.96023315
AB195680	1544	7720	Bacillaceae	Halobacillus kuroshimensis	DQ888316	1460	7294	Bacillaceae	Halobacillus mangrovi	7071.0	1462	11	13	1434	0.989648033126294	0.9924657534246575	0.9808481532147743	0.9648669205758369	0.96942693
AB195680	1544	7720	Bacillaceae	Halobacillus kuroshimensis	AB971839	1500	7500	Bacillaceae	Halobacillus salicampi	7080.0	1503	29	32	1452	0.9870836165873556	0.9806666666666667	0.9660678642714571	0.9276017156287946	0.944
FJ456889	1541	7621	Bacillaceae	Halobacillus salsuginis	AB971838	1502	7510	Bacillaceae	Halobacillus sediminis	6993.0	1540	21	69	1441	0.9796057104010877	0.9859249329758714	0.9357142857142857	0.8817653518806626	0.9311585
FJ456889	1541	7621	Bacillaceae	Halobacillus salsuginis	EF486356	1522	7610	Bacillaceae	Halobacillus campisalis	7111.0	1539	18	57	1456	0.9824561403508771	0.988	0.9460688758934372	0.9004971574014604	0.9344284
FJ456889	1541	7621	Bacillaceae	Halobacillus salsuginis	AY351389	1492	7460	Bacillaceae	Halobacillus aidingensis	6916.0	1531	17	69	1428	0.9767441860465116	0.9885057471264368	0.9327237099934683	0.8809057261049423	0.9270778
FJ456889	1541	7621	Bacillaceae	Halobacillus salsuginis	X94558	1559	7795	Bacillaceae	Halobacillus litoralis	7072.0	1541	24	62	1453	0.982420554428668	0.9840319361277445	0.9428942245295263	0.891080228804581	0.9279622
FJ456889	1541	7621	Bacillaceae	Halobacillus salsuginis	DQ888316	1460	7294	Bacillaceae	Halobacillus mangrovi	6850.0	1499	20	59	1409	0.9784722222222222	0.9863013698630136	0.9399599733155437	0.8910746290812265	0.93912804
FJ456889	1541	7621	Bacillaceae	Halobacillus salsuginis	AB971839	1500	7500	Bacillaceae	Halobacillus salicampi	6969.0	1538	18	66	1438	0.9769021739130435	0.9879194630872483	0.9349804941482445	0.8845059687572081	0.9292
AB971838	1502	7510	Bacillaceae	Halobacillus sediminis	EF486356	1522	7610	Bacillaceae	Halobacillus campisalis	7225.0	1502	16	13	1470	0.9872397582269979	0.9913448735019973	0.9786950732356857	0.9599980000315783	0.9620506
AB971838	1502	7510	Bacillaceae	Halobacillus sediminis	AY351389	1492	7460	Bacillaceae	Halobacillus aidingensis	7148.0	1501	10	25	1457	0.9871273712737128	0.9932705248990579	0.9706862091938707	0.9482017503442444	0.958177
AB971838	1502	7510	Bacillaceae	Halobacillus sediminis	X94558	1559	7795	Bacillaceae	Halobacillus litoralis	7288.0	1502	12	11	1477	0.9906103286384976	0.992676431424767	0.9833555259653795	0.9684168356766055	0.97043943
AB971838	1502	7510	Bacillaceae	Halobacillus sediminis	DQ888316	1460	7294	Bacillaceae	Halobacillus mangrovi	6989.0	1452	8	9	1421	0.9847539847539848	0.994486560992419	0.9786501377410468	0.9672548964111853	0.95818484
AB971838	1502	7510	Bacillaceae	Halobacillus sediminis	AB971839	1500	7500	Bacillaceae	Halobacillus salicampi	7241.0	1501	15	16	1470	0.98989898989899	0.99	0.9793471019320453	0.9593208749136459	0.9654667
EF486356	1522	7610	Bacillaceae	Halobacillus campisalis	AY351389	1492	7460	Bacillaceae	Halobacillus aidingensis	7169.0	1508	9	25	1462	0.98583951449764	0.9939678284182306	0.9694960212201591	0.9477670398612366	0.960992
EF486356	1522	7610	Bacillaceae	Halobacillus campisalis	X94558	1559	7795	Bacillaceae	Halobacillus litoralis	7404.0	1522	11	13	1498	0.9927104042412194	0.9927631578947368	0.9842312746386334	0.9688225658380285	0.9729304
EF486356	1522	7610	Bacillaceae	Halobacillus campisalis	DQ888316	1460	7294	Bacillaceae	Halobacillus mangrovi	7096.0	1460	6	9	1436	0.9896623018607856	0.9958819492107069	0.9835616438356164	0.9734979162383898	0.9728544
EF486356	1522	7610	Bacillaceae	Halobacillus campisalis	AB971839	1500	7500	Bacillaceae	Halobacillus salicampi	7238.0	1509	17	26	1471	0.9919082939986514	0.9886666666666667	0.9748177601060305	0.9473491076259786	0.9650667
AY351389	1492	7460	Bacillaceae	Halobacillus aidingensis	X94558	1559	7795	Bacillaceae	Halobacillus litoralis	7286.0	1492	20	6	1475	0.9925975773889637	0.9959785522788204	0.9886058981233244	0.9716060612508335	0.9766756
AY351389	1492	7460	Bacillaceae	Halobacillus aidingensis	DQ888316	1460	7294	Bacillaceae	Halobacillus mangrovi	6956.0	1439	19	7	1414	0.9874301675977654	0.995135510771369	0.9826268241834607	0.9651039864408202	0.95366055
AY351389	1492	7460	Bacillaceae	Halobacillus aidingensis	AB971839	1500	7500	Bacillaceae	Halobacillus salicampi	7127.0	1482	26	13	1452	0.988427501701838	0.9912280701754386	0.979757085020243	0.9544185397179953	0.9553619
X94558	1559	7795	Bacillaceae	Halobacillus litoralis	DQ888316	1460	7294	Bacillaceae	Halobacillus mangrovi	7142.0	1461	7	8	1442	0.9924294562973159	0.9952054794520548	0.9869952087611226	0.976910107854163	0.97916096
X94558	1559	7795	Bacillaceae	Halobacillus litoralis	AB971839	1500	7500	Bacillaceae	Halobacillus salicampi	7245.0	1507	14	21	1472	0.990578734858681	0.9906666666666667	0.9767750497677505	0.9542983063477168	0.966
DQ888316	1460	7294	Bacillaceae	Halobacillus mangrovi	AB971839	1500	7500	Bacillaceae	Halobacillus salicampi	6974.0	1455	14	19	1419	0.9881615598885793	0.9903448275862069	0.9752577319587629	0.953349287333413	0.9561283
