EF645685	1472	7360	Haloarculaceae	Haloarcula japonica	EF645688	1472	7360	Haloarculaceae	Haloarcula vallismortis	7166.0	1472	5	5	1450	0.9884117246080436	0.9966032608695652	0.9850543478260869	0.978385056371611	0.9736413
EF645685	1472	7360	Haloarculaceae	Haloarcula japonica	EF645681	1472	7360	Haloarculaceae	Haloarcula argentinensis	7202.0	1472	4	4	1454	0.9904632152588556	0.9972826086956522	0.9877717391304348	0.9824179627665842	0.9785326
EF645685	1472	7360	Haloarculaceae	Haloarcula japonica	AB010964	1471	7355	Haloarculaceae	Haloarcula quadrata	7213.0	1472	6	7	1455	0.9931740614334471	0.9959211420802175	0.9884510869565217	0.9797569975583926	0.9806934
EF645685	1472	7360	Haloarculaceae	Haloarcula japonica	DQ826513	1472	7360	Haloarculaceae	Haloarcula amylolytica	7261.0	1472	0	0	1461	0.9925271739130435	1.0	0.9925271739130435	0.9925271739130435	0.9865489
EF645685	1472	7360	Haloarculaceae	Haloarcula japonica	FJ429313	1489	7445	Haloarculaceae	Haloarcula tradensis	6971.0	1472	27	24	1428	0.9861878453038674	0.9836956521739131	0.970108695652174	0.9371029962003655	0.9471467
EF645685	1472	7360	Haloarculaceae	Haloarcula japonica	AB090167	1472	7360	Haloarculaceae	Haloarcula hispanica	7202.0	1472	4	4	1454	0.9904632152588556	0.9972826086956522	0.9877717391304348	0.9824179627665842	0.9785326
EF645685	1472	7360	Haloarculaceae	Haloarcula japonica	FJ429317	1440	7200	Haloarculaceae	Haloarcula salaria	7020.0	1437	5	3	1419	0.9895397489539749	0.9979123173277662	0.9874739039665971	0.9819955466630376	0.975
EF645685	1472	7360	Haloarculaceae	Haloarcula japonica	AY596297	1472	7360	Haloarculaceae	Haloarcula marismortui	6833.0	1472	35	35	1411	0.9819067501739736	0.9762228260869565	0.9585597826086957	0.91403477611725	0.92839676
EF645688	1472	7360	Haloarculaceae	Haloarcula vallismortis	EF645681	1472	7360	Haloarculaceae	Haloarcula argentinensis	7207.0	1472	0	0	1455	0.9884510869565217	1.0	0.9884510869565217	0.9884510869565217	0.979212
EF645688	1472	7360	Haloarculaceae	Haloarcula vallismortis	AB010964	1471	7355	Haloarculaceae	Haloarcula quadrata	7236.0	1472	0	1	1458	0.991162474507138	1.0	0.9904891304347826	0.989816243797259	0.98382056
EF645688	1472	7360	Haloarculaceae	Haloarcula vallismortis	DQ826513	1472	7360	Haloarculaceae	Haloarcula amylolytica	7104.0	1472	6	6	1443	0.9843110504774898	0.9959239130434783	0.9802989130434783	0.9723397879037478	0.9652174
EF645688	1472	7360	Haloarculaceae	Haloarcula vallismortis	FJ429313	1489	7445	Haloarculaceae	Haloarcula tradensis	6939.0	1472	29	26	1424	0.9847856154910097	0.9823369565217391	0.967391304347826	0.9319439214436752	0.9427989
EF645688	1472	7360	Haloarculaceae	Haloarcula vallismortis	AB090167	1472	7360	Haloarculaceae	Haloarcula hispanica	7234.0	1472	0	0	1458	0.9904891304347826	1.0	0.9904891304347826	0.9904891304347826	0.9828804
EF645688	1472	7360	Haloarculaceae	Haloarcula vallismortis	FJ429317	1440	7200	Haloarculaceae	Haloarcula salaria	6934.0	1437	8	6	1409	0.9846261355695318	0.9958246346555324	0.9805149617258176	0.9710151627886817	0.96305555
EF645688	1472	7360	Haloarculaceae	Haloarcula vallismortis	AY596297	1472	7360	Haloarculaceae	Haloarcula marismortui	6765.0	1472	40	40	1403	0.9797486033519553	0.9728260869565217	0.953125	0.9026951058201058	0.9191576
EF645681	1472	7360	Haloarculaceae	Haloarcula argentinensis	AB010964	1471	7355	Haloarculaceae	Haloarcula quadrata	7236.0	1472	0	1	1458	0.991162474507138	1.0	0.9904891304347826	0.989816243797259	0.98382056
EF645681	1472	7360	Haloarculaceae	Haloarcula argentinensis	DQ826513	1472	7360	Haloarculaceae	Haloarcula amylolytica	7139.0	1472	4	4	1447	0.9856948228882834	0.9972826086956522	0.983016304347826	0.9776883026982444	0.96997285
EF645681	1472	7360	Haloarculaceae	Haloarcula argentinensis	FJ429313	1489	7445	Haloarculaceae	Haloarcula tradensis	6977.0	1472	30	27	1428	0.9882352941176471	0.9816576086956522	0.970108695652174	0.9332936519423377	0.947962
EF645681	1472	7360	Haloarculaceae	Haloarcula argentinensis	AB090167	1472	7360	Haloarculaceae	Haloarcula hispanica	7254.0	1472	2	2	1460	0.9931972789115646	0.998641304347826	0.9918478260869565	0.9891562444693528	0.98559785
EF645681	1472	7360	Haloarculaceae	Haloarcula argentinensis	FJ429317	1440	7200	Haloarculaceae	Haloarcula salaria	7015.0	1437	8	6	1418	0.9909154437456325	0.9958246346555324	0.9867780097425192	0.9772175307553944	0.97430557
EF645681	1472	7360	Haloarculaceae	Haloarcula argentinensis	AY596297	1472	7360	Haloarculaceae	Haloarcula marismortui	6794.0	1472	40	40	1406	0.9818435754189944	0.9728260869565217	0.9551630434782609	0.9046253163100989	0.92309785
AB010964	1471	7355	Haloarculaceae	Haloarcula quadrata	DQ826513	1472	7360	Haloarculaceae	Haloarcula amylolytica	7159.0	1471	7	6	1449	0.9890784982935154	0.9959211420802175	0.9850441876274643	0.9763800641909575	0.9733515
AB010964	1471	7355	Haloarculaceae	Haloarcula quadrata	FJ429313	1489	7445	Haloarculaceae	Haloarcula tradensis	6933.0	1471	31	27	1423	0.9854570637119113	0.981645139360979	0.9673691366417403	0.9300140035357344	0.9426241
AB010964	1471	7355	Haloarculaceae	Haloarcula quadrata	AB090167	1472	7360	Haloarculaceae	Haloarcula hispanica	7254.0	1471	1	0	1460	0.9925220938137321	1.0	0.9925220938137321	0.9918478260869565	0.98626786
AB010964	1471	7355	Haloarculaceae	Haloarcula quadrata	FJ429317	1440	7200	Haloarculaceae	Haloarcula salaria	6965.0	1436	11	8	1412	0.988795518207283	0.9944289693593314	0.9832869080779945	0.9703757461889261	0.9673611
AB010964	1471	7355	Haloarculaceae	Haloarcula quadrata	AY596297	1472	7360	Haloarculaceae	Haloarcula marismortui	6776.0	1471	39	38	1404	0.9797627355198884	0.9741672331747111	0.9544527532290958	0.9057819836935723	0.92127806
DQ826513	1472	7360	Haloarculaceae	Haloarcula amylolytica	FJ429313	1489	7445	Haloarculaceae	Haloarcula tradensis	6980.0	1472	26	23	1429	0.9861973775017253	0.984375	0.9707880434782609	0.9390332943925234	0.94836956
DQ826513	1472	7360	Haloarculaceae	Haloarcula amylolytica	AB090167	1472	7360	Haloarculaceae	Haloarcula hispanica	7184.0	1472	4	4	1452	0.989100817438692	0.9972826086956522	0.9864130434782609	0.9810666313184871	0.976087
DQ826513	1472	7360	Haloarculaceae	Haloarcula amylolytica	FJ429317	1440	7200	Haloarculaceae	Haloarcula salaria	7032.0	1437	8	6	1420	0.9923130677847659	0.9958246346555324	0.988169798190675	0.9785958347479972	0.9766667
DQ826513	1472	7360	Haloarculaceae	Haloarcula amylolytica	AY596297	1472	7360	Haloarculaceae	Haloarcula marismortui	6843.0	1472	37	37	1412	0.98397212543554	0.9748641304347826	0.9592391304347826	0.9121989080012677	0.92975545
FJ429313	1489	7445	Haloarculaceae	Haloarcula tradensis	AB090167	1472	7360	Haloarculaceae	Haloarcula hispanica	6975.0	1475	26	29	1428	0.9875518672199171	0.9823369565217391	0.9681355932203389	0.932660937905803	0.9476902
FJ429313	1489	7445	Haloarculaceae	Haloarcula tradensis	FJ429317	1440	7200	Haloarculaceae	Haloarcula salaria	6913.0	1441	22	23	1407	0.9922425952045134	0.9847222222222223	0.9764052741151977	0.9463723025942244	0.9601389
FJ429313	1489	7445	Haloarculaceae	Haloarcula tradensis	AY596297	1472	7360	Haloarculaceae	Haloarcula marismortui	7119.0	1475	12	15	1445	0.9897260273972602	0.9918478260869565	0.9796610169491525	0.9618729554443596	0.9672554
AB090167	1472	7360	Haloarculaceae	Haloarcula hispanica	FJ429317	1440	7200	Haloarculaceae	Haloarcula salaria	6990.0	1437	10	8	1415	0.9902029391182645	0.9944328462073765	0.9846903270702854	0.9724412421447394	0.97083336
AB090167	1472	7360	Haloarculaceae	Haloarcula hispanica	AY596297	1472	7360	Haloarculaceae	Haloarcula marismortui	6792.0	1472	39	39	1406	0.9811584089323099	0.9735054347826086	0.9551630434782609	0.9058561491094294	0.9228261
FJ429317	1440	7200	Haloarculaceae	Haloarcula salaria	AY596297	1472	7360	Haloarculaceae	Haloarcula marismortui	6769.0	1439	31	33	1389	0.9879089615931721	0.9784272790535838	0.9652536483669215	0.9232289997305385	0.9401389
