DQ188986	1488	7440	Oxalobacteraceae	Herbaspirillum rhizosphaerae	Y10146	1526	7630	Oxalobacteraceae	Herbaspirillum seropedicae	7119.0	1488	24	24	1450	0.9904371584699454	0.9838709677419355	0.9744623655913979	0.9435270523980203	0.9568548
DQ188986	1488	7440	Oxalobacteraceae	Herbaspirillum rhizosphaerae	AB109890	1496	7480	Oxalobacteraceae	Herbaspirillum huttiense subsp. putei	6987.0	1475	28	30	1429	0.9889273356401385	0.9809911744738629	0.968813559322034	0.9314275403994272	0.9391129
DQ188986	1488	7440	Oxalobacteraceae	Herbaspirillum rhizosphaerae	AB074524	1489	7445	Oxalobacteraceae	Herbaspirillum autotrophicum	7167.0	1472	8	12	1449	0.9924657534246575	0.9945504087193461	0.984375	0.9710726351351351	0.9633064
DQ188986	1488	7440	Oxalobacteraceae	Herbaspirillum rhizosphaerae	AB094401	1474	7370	Oxalobacteraceae	Herbaspirillum chlorophenolicum	6981.0	1462	18	18	1424	0.9861495844875346	0.987688098495212	0.9740082079343365	0.9503161163899878	0.9472185
DQ188986	1488	7440	Oxalobacteraceae	Herbaspirillum rhizosphaerae	DQ150563	1478	7390	Oxalobacteraceae	Herbaspirillum hiltneri	7191.0	1478	10	10	1455	0.9911444141689373	0.993234100135318	0.9844384303112313	0.9712067309790912	0.9730717
DQ188986	1488	7440	Oxalobacteraceae	Herbaspirillum rhizosphaerae	FJ267649	1455	7269	Oxalobacteraceae	Herbaspirillum aquaticum	6945.0	1455	21	21	1416	0.9874476987447699	0.9855670103092784	0.9731958762886598	0.9455033107032101	0.95542717
DQ188986	1488	7440	Oxalobacteraceae	Herbaspirillum rhizosphaerae	AB021366	1440	7200	Oxalobacteraceae	Herbaspirillum huttiense subsp. huttiense	6856.0	1440	21	21	1400	0.9866102889358703	0.9854166666666667	0.9722222222222222	0.9442733287702486	0.9522222
DQ188986	1488	7440	Oxalobacteraceae	Herbaspirillum rhizosphaerae	AJ238358	1466	7330	Oxalobacteraceae	Herbaspirillum frisingense	6964.0	1466	23	23	1423	0.9861399861399861	0.9843110504774898	0.970668485675307	0.9406814135859423	0.95006824
DQ188986	1488	7440	Oxalobacteraceae	Herbaspirillum rhizosphaerae	AF543312	1524	7614	Oxalobacteraceae	Herbaspirillum lusitanum	7234.0	1488	10	10	1464	0.9905277401894452	0.9932795698924731	0.9838709677419355	0.970735173780094	0.97231185
DQ188986	1488	7440	Oxalobacteraceae	Herbaspirillum rhizosphaerae	AF137508	1485	7425	Oxalobacteraceae	Herbaspirillum rubrisubalbicans	7109.0	1485	22	22	1448	0.9897470950102529	0.9851851851851852	0.9750841750841751	0.9466145641328123	0.9574411
Y10146	1526	7630	Oxalobacteraceae	Herbaspirillum seropedicae	AB109890	1496	7480	Oxalobacteraceae	Herbaspirillum huttiense subsp. putei	7273.0	1494	17	19	1470	0.9966101694915255	0.9886058981233244	0.9839357429718876	0.9604931971433053	0.9723262
Y10146	1526	7630	Oxalobacteraceae	Herbaspirillum seropedicae	AB074524	1489	7445	Oxalobacteraceae	Herbaspirillum autotrophicum	7119.0	1491	26	30	1450	0.9924709103353867	0.9825151311365165	0.9725016767270288	0.9366018125894457	0.9562122
Y10146	1526	7630	Oxalobacteraceae	Herbaspirillum seropedicae	AB094401	1474	7370	Oxalobacteraceae	Herbaspirillum chlorophenolicum	7224.0	1474	10	10	1457	0.9952185792349727	0.9932157394843962	0.9884667571234735	0.9751451027148014	0.98019
Y10146	1526	7630	Oxalobacteraceae	Herbaspirillum seropedicae	DQ150563	1478	7390	Oxalobacteraceae	Herbaspirillum hiltneri	7109.0	1478	20	20	1445	0.9910836762688614	0.986468200270636	0.9776725304465493	0.9515664548672021	0.96197563
Y10146	1526	7630	Oxalobacteraceae	Herbaspirillum seropedicae	FJ267649	1455	7269	Oxalobacteraceae	Herbaspirillum aquaticum	7153.0	1455	9	9	1440	0.995850622406639	0.9938144329896907	0.9896907216494846	0.977522393104614	0.9840418
Y10146	1526	7630	Oxalobacteraceae	Herbaspirillum seropedicae	AB021366	1440	7200	Oxalobacteraceae	Herbaspirillum huttiense subsp. huttiense	7058.0	1440	11	11	1423	0.9958012596221134	0.9923611111111111	0.9881944444444445	0.9732114825024888	0.9802778
Y10146	1526	7630	Oxalobacteraceae	Herbaspirillum seropedicae	AJ238358	1466	7330	Oxalobacteraceae	Herbaspirillum frisingense	7191.0	1466	7	7	1450	0.9938313913639479	0.995225102319236	0.9890859481582538	0.9796852670488067	0.98103684
Y10146	1526	7630	Oxalobacteraceae	Herbaspirillum seropedicae	AF543312	1524	7614	Oxalobacteraceae	Herbaspirillum lusitanum	7303.0	1522	19	19	1486	0.9886892880904857	0.9875164257555847	0.9763469119579501	0.9522708687039577	0.9591542
Y10146	1526	7630	Oxalobacteraceae	Herbaspirillum seropedicae	AF137508	1485	7425	Oxalobacteraceae	Herbaspirillum rubrisubalbicans	7324.0	1485	6	6	1473	0.9959432048681541	0.9959595959595959	0.9919191919191919	0.9839359388655163	0.9863973
AB109890	1496	7480	Oxalobacteraceae	Herbaspirillum huttiense subsp. putei	AB074524	1489	7445	Oxalobacteraceae	Herbaspirillum autotrophicum	7095.0	1493	24	28	1449	0.9890784982935154	0.9838817998656817	0.97052913596785	0.9372611629485169	0.95298856
AB109890	1496	7480	Oxalobacteraceae	Herbaspirillum huttiense subsp. putei	AB094401	1474	7370	Oxalobacteraceae	Herbaspirillum chlorophenolicum	7251.0	1478	7	11	1461	0.9959100204498977	0.9952510176390773	0.9884979702300406	0.9765161766514946	0.98385346
AB109890	1496	7480	Oxalobacteraceae	Herbaspirillum huttiense subsp. putei	DQ150563	1478	7390	Oxalobacteraceae	Herbaspirillum hiltneri	6950.0	1464	30	28	1421	0.9895543175487466	0.9808743169398907	0.9706284153005464	0.9329467231402843	0.9404601
AB109890	1496	7480	Oxalobacteraceae	Herbaspirillum huttiense subsp. putei	FJ267649	1455	7269	Oxalobacteraceae	Herbaspirillum aquaticum	7227.0	1459	0	4	1450	0.9965635738831615	1.0	0.9938313913639479	0.9911066994068158	0.99422204
AB109890	1496	7480	Oxalobacteraceae	Herbaspirillum huttiense subsp. putei	AB021366	1440	7200	Oxalobacteraceae	Herbaspirillum huttiense subsp. huttiense	7183.0	1444	0	4	1439	0.9993055555555556	1.0	0.9965373961218836	0.993776904719884	0.9976389
AB109890	1496	7480	Oxalobacteraceae	Herbaspirillum huttiense subsp. putei	AJ238358	1466	7330	Oxalobacteraceae	Herbaspirillum frisingense	7156.0	1456	13	11	1442	0.9979238754325259	0.992445054945055	0.9903846153846154	0.9742040634654658	0.9762619
AB109890	1496	7480	Oxalobacteraceae	Herbaspirillum huttiense subsp. putei	AF543312	1524	7614	Oxalobacteraceae	Herbaspirillum lusitanum	7093.0	1492	23	25	1449	0.9877300613496932	0.9845637583892617	0.9711796246648794	0.9404095771507447	0.94826204
AB109890	1496	7480	Oxalobacteraceae	Herbaspirillum huttiense subsp. putei	AF137508	1485	7425	Oxalobacteraceae	Herbaspirillum rubrisubalbicans	7221.0	1473	9	7	1457	0.9938608458390177	0.9952477936184657	0.9891378139850645	0.9784588632267912	0.97252524
AB074524	1489	7445	Oxalobacteraceae	Herbaspirillum autotrophicum	AB094401	1474	7370	Oxalobacteraceae	Herbaspirillum chlorophenolicum	7049.0	1473	21	21	1436	0.9889807162534435	0.9857433808553971	0.9748811948404617	0.9474748961903282	0.95644504
AB074524	1489	7445	Oxalobacteraceae	Herbaspirillum autotrophicum	DQ150563	1478	7390	Oxalobacteraceae	Herbaspirillum hiltneri	7125.0	1459	11	7	1440	0.9917355371900827	0.9952021932830706	0.9869773817683345	0.974891944440559	0.9641407
AB074524	1489	7445	Oxalobacteraceae	Herbaspirillum autotrophicum	FJ267649	1455	7269	Oxalobacteraceae	Herbaspirillum aquaticum	6960.0	1455	20	20	1418	0.9881533101045297	0.9862542955326461	0.9745704467353952	0.9481414176713844	0.95749074
AB074524	1489	7445	Oxalobacteraceae	Herbaspirillum autotrophicum	AB021366	1440	7200	Oxalobacteraceae	Herbaspirillum huttiense subsp. huttiense	6873.0	1440	21	21	1402	0.9880197322057788	0.9854166666666667	0.9736111111111111	0.9456222906684918	0.95458335
AB074524	1489	7445	Oxalobacteraceae	Herbaspirillum autotrophicum	AJ238358	1466	7330	Oxalobacteraceae	Herbaspirillum frisingense	6928.0	1451	27	23	1413	0.9894957983193278	0.9841488628532047	0.9738111647139903	0.9408676205761694	0.9451569
AB074524	1489	7445	Oxalobacteraceae	Herbaspirillum autotrophicum	AF543312	1524	7614	Oxalobacteraceae	Herbaspirillum lusitanum	7264.0	1488	9	7	1468	0.9912221471978393	0.9952956989247311	0.9865591397849462	0.9760147535213797	0.9756884
AB074524	1489	7445	Oxalobacteraceae	Herbaspirillum autotrophicum	AF137508	1485	7425	Oxalobacteraceae	Herbaspirillum rubrisubalbicans	7036.0	1468	26	22	1433	0.9910096818810512	0.9850136239782016	0.976158038147139	0.9447955308974317	0.9476094
AB094401	1474	7370	Oxalobacteraceae	Herbaspirillum chlorophenolicum	DQ150563	1478	7390	Oxalobacteraceae	Herbaspirillum hiltneri	6983.0	1453	19	19	1420	0.9902370990237099	0.9869236063317275	0.9772883688919477	0.9520594571950088	0.9474898
AB094401	1474	7370	Oxalobacteraceae	Herbaspirillum chlorophenolicum	FJ267649	1455	7269	Oxalobacteraceae	Herbaspirillum aquaticum	7178.0	1455	6	6	1443	0.9958592132505176	0.9958762886597938	0.9917525773195877	0.9836067655962234	0.98748106
AB094401	1474	7370	Oxalobacteraceae	Herbaspirillum chlorophenolicum	AB021366	1440	7200	Oxalobacteraceae	Herbaspirillum huttiense subsp. huttiense	7089.0	1440	7	7	1427	0.9958129797627355	0.9951388888888889	0.9909722222222223	0.9813843776395608	0.9845833
AB094401	1474	7370	Oxalobacteraceae	Herbaspirillum chlorophenolicum	AJ238358	1466	7330	Oxalobacteraceae	Herbaspirillum frisingense	7120.0	1445	4	4	1433	0.9944482997918113	0.9972318339100346	0.9916955017301038	0.9862203022726567	0.9713506
AB094401	1474	7370	Oxalobacteraceae	Herbaspirillum chlorophenolicum	AF543312	1524	7614	Oxalobacteraceae	Herbaspirillum lusitanum	7076.0	1474	16	16	1440	0.9876543209876543	0.989145183175034	0.9769335142469471	0.9559523917933214	0.9601085
AB094401	1474	7370	Oxalobacteraceae	Herbaspirillum chlorophenolicum	AF137508	1485	7425	Oxalobacteraceae	Herbaspirillum rubrisubalbicans	7170.0	1462	6	6	1446	0.9931318681318682	0.9958960328317373	0.9890560875512996	0.9809711604051037	0.97286296
DQ150563	1478	7390	Oxalobacteraceae	Herbaspirillum hiltneri	FJ267649	1455	7269	Oxalobacteraceae	Herbaspirillum aquaticum	6889.0	1446	24	24	1405	0.9880450070323488	0.983402489626556	0.9716459197786999	0.9399187060716402	0.9477232
DQ150563	1478	7390	Oxalobacteraceae	Herbaspirillum hiltneri	AB021366	1440	7200	Oxalobacteraceae	Herbaspirillum huttiense subsp. huttiense	6812.0	1432	24	24	1391	0.9879261363636364	0.9832402234636871	0.9713687150837989	0.9393455706304868	0.9461111
DQ150563	1478	7390	Oxalobacteraceae	Herbaspirillum hiltneri	AJ238358	1466	7330	Oxalobacteraceae	Herbaspirillum frisingense	7027.0	1466	16	16	1431	0.9868965517241379	0.9890859481582538	0.9761255115961801	0.9550485774726458	0.95866305
DQ150563	1478	7390	Oxalobacteraceae	Herbaspirillum hiltneri	AF543312	1524	7614	Oxalobacteraceae	Herbaspirillum lusitanum	7365.0	1478	0	0	1475	0.9979702300405954	1.0	0.9979702300405954	0.9979702300405954	0.9966171
DQ150563	1478	7390	Oxalobacteraceae	Herbaspirillum hiltneri	AF137508	1485	7425	Oxalobacteraceae	Herbaspirillum rubrisubalbicans	7040.0	1476	23	23	1436	0.9883000688231246	0.9844173441734417	0.9728997289972899	0.9430442336444712	0.9526387
FJ267649	1455	7269	Oxalobacteraceae	Herbaspirillum aquaticum	AB021366	1440	7200	Oxalobacteraceae	Herbaspirillum huttiense subsp. huttiense	7169.0	1440	0	0	1436	0.9972222222222222	1.0	0.9972222222222222	0.9972222222222222	0.99569446
FJ267649	1455	7269	Oxalobacteraceae	Herbaspirillum aquaticum	AJ238358	1466	7330	Oxalobacteraceae	Herbaspirillum frisingense	7095.0	1438	8	8	1426	0.9972027972027973	0.9944367176634215	0.9916550764951322	0.9806824062157945	0.9760627
FJ267649	1455	7269	Oxalobacteraceae	Herbaspirillum aquaticum	AF543312	1524	7614	Oxalobacteraceae	Herbaspirillum lusitanum	6931.0	1455	21	21	1414	0.9860529986052998	0.9855670103092784	0.9718213058419244	0.9441678540496745	0.95350116
FJ267649	1455	7269	Oxalobacteraceae	Herbaspirillum aquaticum	AF137508	1485	7425	Oxalobacteraceae	Herbaspirillum rubrisubalbicans	7183.0	1455	3	3	1444	0.9944903581267218	0.9979381443298969	0.9924398625429554	0.9883557478822846	0.98816895
AB021366	1440	7200	Oxalobacteraceae	Herbaspirillum huttiense subsp. huttiense	AJ238358	1466	7330	Oxalobacteraceae	Herbaspirillum frisingense	7026.0	1424	8	8	1413	0.9978813559322034	0.9943820224719101	0.9922752808988764	0.9811884062519617	0.97583336
AB021366	1440	7200	Oxalobacteraceae	Herbaspirillum huttiense subsp. huttiense	AF543312	1524	7614	Oxalobacteraceae	Herbaspirillum lusitanum	6849.0	1440	21	21	1399	0.9859055673009162	0.9854166666666667	0.9715277777777778	0.943598847821127	0.95125
AB021366	1440	7200	Oxalobacteraceae	Herbaspirillum huttiense subsp. huttiense	AF137508	1485	7425	Oxalobacteraceae	Herbaspirillum rubrisubalbicans	7085.0	1440	3	3	1427	0.9930410577592206	0.9979166666666667	0.9909722222222223	0.9868517556017556	0.9840278
AJ238358	1466	7330	Oxalobacteraceae	Herbaspirillum frisingense	AF543312	1524	7614	Oxalobacteraceae	Herbaspirillum lusitanum	7035.0	1466	13	13	1432	0.9855471438403304	0.9911323328785812	0.9768076398362893	0.959635903098126	0.9597544
AJ238358	1466	7330	Oxalobacteraceae	Herbaspirillum frisingense	AF137508	1485	7425	Oxalobacteraceae	Herbaspirillum rubrisubalbicans	7184.0	1466	10	10	1449	0.9951923076923077	0.9931787175989086	0.9884038199181446	0.9750108142281969	0.98008186
AF543312	1524	7614	Oxalobacteraceae	Herbaspirillum lusitanum	AF137508	1485	7425	Oxalobacteraceae	Herbaspirillum rubrisubalbicans	7075.0	1485	20	20	1444	0.985665529010239	0.9865319865319865	0.9723905723905724	0.9465463046858396	0.95286196
