AF235089	1411	7055	Hyphomicrobiaceae	Hyphomicrobium sulfonivorans	Y14305	1360	6800	Hyphomicrobiaceae	Hyphomicrobium zavarzinii	6229.0	1354	30	28	1292	0.9743589743589743	0.9793205317577548	0.9542097488921714	0.9142211900513144	0.9160294
AF235089	1411	7055	Hyphomicrobiaceae	Hyphomicrobium sulfonivorans	JX131369	1450	7250	Hyphomicrobiaceae	Hyphomicrobium nitrativorans	6487.0	1411	34	34	1345	0.9767610748002905	0.9759036144578314	0.9532246633593197	0.9083670321424105	0.91948974
AF235089	1411	7055	Hyphomicrobiaceae	Hyphomicrobium sulfonivorans	Y14309	1423	7115	Hyphomicrobiaceae	Hyphomicrobium facile subsp. facile	6438.0	1411	46	48	1338	0.9816581071166545	0.9673527324343506	0.9482636428065202	0.8870853432706157	0.9125443
AF235089	1411	7055	Hyphomicrobiaceae	Hyphomicrobium sulfonivorans	CP002083	1469	7345	Hyphomicrobiaceae	Hyphomicrobium denitrificans	6380.0	1411	53	56	1330	0.981549815498155	0.9623579545454546	0.9425939050318922	0.8724144407911298	0.90432316
AF235089	1411	7055	Hyphomicrobiaceae	Hyphomicrobium sulfonivorans	Y14307	1420	7100	Hyphomicrobiaceae	Hyphomicrobium methylovorum	6406.0	1411	47	50	1334	0.9801616458486407	0.9666193181818182	0.9454287739192062	0.8825298774376129	0.9080085
AF235089	1411	7055	Hyphomicrobiaceae	Hyphomicrobium sulfonivorans	Y14311	1423	7115	Hyphomicrobiaceae	Hyphomicrobium facile subsp. tolerans	6447.0	1411	46	48	1339	0.9823917828319882	0.9673527324343506	0.9489723600283487	0.8877483368007133	0.91381997
AF235089	1411	7055	Hyphomicrobiaceae	Hyphomicrobium sulfonivorans	AF198623	1447	7235	Hyphomicrobiaceae	Hyphomicrobium chloromethanicum	6226.0	1411	56	54	1315	0.9690493736182756	0.9617292700212615	0.9319631467044649	0.8620817928275112	0.8824947
AF235089	1411	7055	Hyphomicrobiaceae	Hyphomicrobium sulfonivorans	Y14303	1425	7119	Hyphomicrobiaceae	Hyphomicrobium hollandicum	6553.0	1411	24	24	1353	0.9754866618601298	0.9829907866761163	0.9588944011339475	0.9268198845803381	0.9288448
AF235089	1411	7055	Hyphomicrobiaceae	Hyphomicrobium sulfonivorans	AB543807	1406	7030	Hyphomicrobiaceae	Hyphomicrobium vulgare	6437.0	1399	30	30	1335	0.9751643535427319	0.9785561115082202	0.954253037884203	0.9141864302753492	0.9156472
AF235089	1411	7055	Hyphomicrobiaceae	Hyphomicrobium sulfonivorans	Y14310	1423	7115	Hyphomicrobiaceae	Hyphomicrobium facile subsp. ureaphilum	6447.0	1411	46	48	1339	0.9823917828319882	0.9673527324343506	0.9489723600283487	0.8877483368007133	0.91381997
Y14305	1360	6800	Hyphomicrobiaceae	Hyphomicrobium zavarzinii	JX131369	1450	7250	Hyphomicrobiaceae	Hyphomicrobium nitrativorans	6728.0	1360	0	0	1352	0.9941176470588236	1.0	0.9941176470588236	0.9941176470588236	0.9894118
Y14305	1360	6800	Hyphomicrobiaceae	Hyphomicrobium zavarzinii	Y14309	1423	7115	Hyphomicrobiaceae	Hyphomicrobium facile subsp. facile	6137.0	1360	45	47	1282	0.9763899466869764	0.9668630338733432	0.9426470588235294	0.8809221268578605	0.9025
Y14305	1360	6800	Hyphomicrobiaceae	Hyphomicrobium zavarzinii	CP002083	1469	7345	Hyphomicrobiaceae	Hyphomicrobium denitrificans	6143.0	1360	49	52	1282	0.9801223241590215	0.9638909358879882	0.9426470588235294	0.8750761908737945	0.90338236
Y14305	1360	6800	Hyphomicrobiaceae	Hyphomicrobium zavarzinii	Y14307	1420	7100	Hyphomicrobiaceae	Hyphomicrobium methylovorum	6095.0	1360	45	48	1277	0.9733231707317073	0.9668386145910096	0.9389705882352941	0.8768180866652712	0.8963235
Y14305	1360	6800	Hyphomicrobiaceae	Hyphomicrobium zavarzinii	Y14311	1423	7115	Hyphomicrobiaceae	Hyphomicrobium facile subsp. tolerans	6155.0	1360	45	47	1284	0.9779131759329779	0.9668630338733432	0.9441176470588235	0.8822964203474983	0.9051471
Y14305	1360	6800	Hyphomicrobiaceae	Hyphomicrobium zavarzinii	AF198623	1447	7235	Hyphomicrobiaceae	Hyphomicrobium chloromethanicum	5940.0	1360	57	55	1260	0.9655172413793104	0.9595588235294118	0.9264705882352942	0.8532421437170492	0.87352943
Y14305	1360	6800	Hyphomicrobiaceae	Hyphomicrobium zavarzinii	Y14303	1425	7119	Hyphomicrobiaceae	Hyphomicrobium hollandicum	6618.0	1360	8	8	1339	0.9903846153846154	0.9941176470588236	0.9845588235294118	0.9730435156518749	0.9732353
Y14305	1360	6800	Hyphomicrobiaceae	Hyphomicrobium zavarzinii	AB543807	1406	7030	Hyphomicrobiaceae	Hyphomicrobium vulgare	6670.0	1360	9	9	1345	0.9955588452997779	0.9933823529411765	0.9889705882352942	0.9759673226485628	0.98088235
Y14305	1360	6800	Hyphomicrobiaceae	Hyphomicrobium zavarzinii	Y14310	1423	7115	Hyphomicrobiaceae	Hyphomicrobium facile subsp. ureaphilum	6155.0	1360	45	47	1284	0.9779131759329779	0.9668630338733432	0.9441176470588235	0.8822964203474983	0.9051471
JX131369	1450	7250	Hyphomicrobiaceae	Hyphomicrobium nitrativorans	Y14309	1423	7115	Hyphomicrobiaceae	Hyphomicrobium facile subsp. facile	6432.0	1425	48	50	1343	0.9767272727272728	0.966268446943078	0.9424561403508772	0.8797536951679946	0.90400565
JX131369	1450	7250	Hyphomicrobiaceae	Hyphomicrobium nitrativorans	CP002083	1469	7345	Hyphomicrobiaceae	Hyphomicrobium denitrificans	6549.0	1450	56	59	1366	0.9820273184759166	0.9612992398064962	0.9420689655172414	0.8701314283097495	0.90331036
JX131369	1450	7250	Hyphomicrobiaceae	Hyphomicrobium nitrativorans	Y14307	1420	7100	Hyphomicrobiaceae	Hyphomicrobium methylovorum	6393.0	1423	51	54	1337	0.9766252739225713	0.9640845070422536	0.9395643007730148	0.8726346864031596	0.9004225
JX131369	1450	7250	Hyphomicrobiaceae	Hyphomicrobium nitrativorans	Y14311	1423	7115	Hyphomicrobiaceae	Hyphomicrobium facile subsp. tolerans	6450.0	1425	48	50	1345	0.9781818181818182	0.966268446943078	0.9438596491228071	0.8810638272531295	0.9065355
JX131369	1450	7250	Hyphomicrobiaceae	Hyphomicrobium nitrativorans	AF198623	1447	7235	Hyphomicrobiaceae	Hyphomicrobium chloromethanicum	6264.0	1434	64	61	1328	0.9672250546249089	0.9574616457461645	0.9260808926080892	0.848804449633449	0.8657913
JX131369	1450	7250	Hyphomicrobiaceae	Hyphomicrobium nitrativorans	Y14303	1425	7119	Hyphomicrobiaceae	Hyphomicrobium hollandicum	6998.0	1425	9	9	1410	0.9957627118644068	0.9936842105263158	0.9894736842105263	0.9770535124421933	0.98300326
JX131369	1450	7250	Hyphomicrobiaceae	Hyphomicrobium nitrativorans	AB543807	1406	7030	Hyphomicrobiaceae	Hyphomicrobium vulgare	6837.0	1406	9	9	1384	0.9906943450250537	0.9935988620199147	0.984352773826458	0.9718309717565808	0.9725462
JX131369	1450	7250	Hyphomicrobiaceae	Hyphomicrobium nitrativorans	Y14310	1423	7115	Hyphomicrobiaceae	Hyphomicrobium facile subsp. ureaphilum	6450.0	1425	48	50	1345	0.9781818181818182	0.966268446943078	0.9438596491228071	0.8810638272531295	0.9065355
Y14309	1423	7115	Hyphomicrobiaceae	Hyphomicrobium facile subsp. facile	CP002083	1469	7345	Hyphomicrobiaceae	Hyphomicrobium denitrificans	6969.0	1423	7	8	1406	0.9936395759717315	0.9950773558368495	0.9880534082923401	0.9776892117018611	0.97947997
Y14309	1423	7115	Hyphomicrobiaceae	Hyphomicrobium facile subsp. facile	Y14307	1420	7100	Hyphomicrobiaceae	Hyphomicrobium methylovorum	6908.0	1417	2	3	1397	0.987977369165488	0.998587570621469	0.9858856739590685	0.9824117991389167	0.97295773
Y14309	1423	7115	Hyphomicrobiaceae	Hyphomicrobium facile subsp. facile	Y14311	1423	7115	Hyphomicrobiaceae	Hyphomicrobium facile subsp. tolerans	7097.0	1423	0	0	1421	0.9985945186226283	1.0	0.9985945186226283	0.9985945186226283	0.99747014
Y14309	1423	7115	Hyphomicrobiaceae	Hyphomicrobium facile subsp. facile	AF198623	1447	7235	Hyphomicrobiaceae	Hyphomicrobium chloromethanicum	6768.0	1420	17	13	1383	0.9829424307036247	0.9908450704225352	0.973943661971831	0.9536108089035256	0.9512298
Y14309	1423	7115	Hyphomicrobiaceae	Hyphomicrobium facile subsp. facile	Y14303	1425	7119	Hyphomicrobiaceae	Hyphomicrobium hollandicum	6381.0	1423	59	57	1336	0.9780380673499268	0.9599437807449052	0.9388615600843289	0.8653744204286055	0.89683765
Y14309	1423	7115	Hyphomicrobiaceae	Hyphomicrobium facile subsp. facile	AB543807	1406	7030	Hyphomicrobiaceae	Hyphomicrobium vulgare	6360.0	1401	52	50	1325	0.9807549962990377	0.9643112062812277	0.9457530335474661	0.879361561130507	0.90469414
Y14309	1423	7115	Hyphomicrobiaceae	Hyphomicrobium facile subsp. facile	Y14310	1423	7115	Hyphomicrobiaceae	Hyphomicrobium facile subsp. ureaphilum	7097.0	1423	0	0	1421	0.9985945186226283	1.0	0.9985945186226283	0.9985945186226283	0.99747014
CP002083	1469	7345	Hyphomicrobiaceae	Hyphomicrobium denitrificans	Y14307	1420	7100	Hyphomicrobiaceae	Hyphomicrobium methylovorum	6864.0	1420	10	10	1393	0.9879432624113476	0.9929577464788732	0.9809859154929578	0.9672658327587904	0.9667606
CP002083	1469	7345	Hyphomicrobiaceae	Hyphomicrobium denitrificans	Y14311	1423	7115	Hyphomicrobiaceae	Hyphomicrobium facile subsp. tolerans	6969.0	1422	8	7	1406	0.9936395759717315	0.9950773558368495	0.9887482419127989	0.9783767568577695	0.97947997
CP002083	1469	7345	Hyphomicrobiaceae	Hyphomicrobium denitrificans	AF198623	1447	7235	Hyphomicrobiaceae	Hyphomicrobium chloromethanicum	6795.0	1442	17	12	1396	0.9762237762237762	0.9916782246879334	0.9680998613037448	0.94885730066097	0.93918455
CP002083	1469	7345	Hyphomicrobiaceae	Hyphomicrobium denitrificans	Y14303	1425	7119	Hyphomicrobiaceae	Hyphomicrobium hollandicum	6380.0	1422	65	62	1335	0.9816176470588235	0.9563994374120957	0.9388185654008439	0.8586370201379608	0.89619327
CP002083	1469	7345	Hyphomicrobiaceae	Hyphomicrobium denitrificans	AB543807	1406	7030	Hyphomicrobiaceae	Hyphomicrobium vulgare	6353.0	1403	55	52	1325	0.9807549962990377	0.9629365645046329	0.9444048467569494	0.8750966721321252	0.90369844
CP002083	1469	7345	Hyphomicrobiaceae	Hyphomicrobium denitrificans	Y14310	1423	7115	Hyphomicrobiaceae	Hyphomicrobium facile subsp. ureaphilum	6969.0	1422	8	7	1406	0.9936395759717315	0.9950773558368495	0.9887482419127989	0.9783767568577695	0.97947997
Y14307	1420	7100	Hyphomicrobiaceae	Hyphomicrobium methylovorum	Y14311	1423	7115	Hyphomicrobiaceae	Hyphomicrobium facile subsp. tolerans	6926.0	1416	3	2	1399	0.9893917963224894	0.998587570621469	0.9879943502824858	0.9845130453132029	0.97549295
Y14307	1420	7100	Hyphomicrobiaceae	Hyphomicrobium methylovorum	AF198623	1447	7235	Hyphomicrobiaceae	Hyphomicrobium chloromethanicum	6679.0	1420	20	15	1373	0.9772241992882562	0.9894366197183099	0.9669014084507043	0.9434003325508608	0.9407042
Y14307	1420	7100	Hyphomicrobiaceae	Hyphomicrobium methylovorum	Y14303	1425	7119	Hyphomicrobiaceae	Hyphomicrobium hollandicum	6337.0	1416	60	57	1328	0.9771891096394407	0.9597457627118644	0.9378531073446328	0.863511092738046	0.8925352
Y14307	1420	7100	Hyphomicrobiaceae	Hyphomicrobium methylovorum	AB543807	1406	7030	Hyphomicrobiaceae	Hyphomicrobium vulgare	6310.0	1403	49	46	1321	0.9734708916728076	0.9672131147540983	0.9415538132573058	0.8799507745111322	0.8975818
Y14307	1420	7100	Hyphomicrobiaceae	Hyphomicrobium methylovorum	Y14310	1423	7115	Hyphomicrobiaceae	Hyphomicrobium facile subsp. ureaphilum	6926.0	1416	3	2	1399	0.9893917963224894	0.998587570621469	0.9879943502824858	0.9845130453132029	0.97549295
Y14311	1423	7115	Hyphomicrobiaceae	Hyphomicrobium facile subsp. tolerans	AF198623	1447	7235	Hyphomicrobiaceae	Hyphomicrobium chloromethanicum	6775.0	1420	15	11	1384	0.9822569198012775	0.9922535211267606	0.9746478873239437	0.9569887618393287	0.95221364
Y14311	1423	7115	Hyphomicrobiaceae	Hyphomicrobium facile subsp. tolerans	Y14303	1425	7119	Hyphomicrobiaceae	Hyphomicrobium hollandicum	6399.0	1423	59	57	1338	0.9795021961932651	0.9599437807449052	0.9402670414617006	0.8666698911178697	0.8993675
Y14311	1423	7115	Hyphomicrobiaceae	Hyphomicrobium facile subsp. tolerans	AB543807	1406	7030	Hyphomicrobiaceae	Hyphomicrobium vulgare	6360.0	1401	52	50	1325	0.9807549962990377	0.9643112062812277	0.9457530335474661	0.879361561130507	0.90469414
Y14311	1423	7115	Hyphomicrobiaceae	Hyphomicrobium facile subsp. tolerans	Y14310	1423	7115	Hyphomicrobiaceae	Hyphomicrobium facile subsp. ureaphilum	7115.0	1423	0	0	1423	1.0	1.0	1.0	1.0	1.0
AF198623	1447	7235	Hyphomicrobiaceae	Hyphomicrobium chloromethanicum	Y14303	1425	7119	Hyphomicrobiaceae	Hyphomicrobium hollandicum	6162.0	1424	70	72	1310	0.9689349112426036	0.9507735583684951	0.9199438202247191	0.8325060541792638	0.865571
AF198623	1447	7235	Hyphomicrobiaceae	Hyphomicrobium chloromethanicum	AB543807	1406	7030	Hyphomicrobiaceae	Hyphomicrobium vulgare	6178.0	1408	61	63	1306	0.971003717472119	0.9566145092460882	0.9275568181818182	0.8492606674299152	0.8788051
AF198623	1447	7235	Hyphomicrobiaceae	Hyphomicrobium chloromethanicum	Y14310	1423	7115	Hyphomicrobiaceae	Hyphomicrobium facile subsp. ureaphilum	6775.0	1424	11	15	1384	0.9822569198012775	0.9922535211267606	0.9719101123595506	0.9543005911600048	0.95221364
Y14303	1425	7119	Hyphomicrobiaceae	Hyphomicrobium hollandicum	AB543807	1406	7030	Hyphomicrobiaceae	Hyphomicrobium vulgare	6819.0	1403	3	3	1381	0.9864285714285714	0.9978617248752673	0.9843193157519601	0.980118806580899	0.9699858
Y14303	1425	7119	Hyphomicrobiaceae	Hyphomicrobium hollandicum	Y14310	1423	7115	Hyphomicrobiaceae	Hyphomicrobium facile subsp. ureaphilum	6399.0	1425	57	59	1338	0.9795021961932651	0.9599437807449052	0.9389473684210526	0.8654535123233185	0.8993675
AB543807	1406	7030	Hyphomicrobiaceae	Hyphomicrobium vulgare	Y14310	1423	7115	Hyphomicrobiaceae	Hyphomicrobium facile subsp. ureaphilum	6360.0	1403	50	52	1325	0.9807549962990377	0.9643112062812277	0.9444048467569494	0.8781080164959659	0.90469414
