AY526862	1459	7289	Idiomarinaceae	Idiomarina ramblicola	AJ440214	1476	7374	Idiomarinaceae	Idiomarina baltica	6837.0	1459	23	30	1404	0.9825052484254724	0.9841597796143251	0.9623029472241261	0.9278886043072039	0.93798876
AY526862	1459	7289	Idiomarinaceae	Idiomarina ramblicola	EU423908	1465	7325	Idiomarinaceae	Idiomarina marina	6629.0	1459	38	43	1381	0.9752824858757062	0.9738651994497937	0.9465387251542152	0.8953232029514822	0.9094526
AY526862	1459	7289	Idiomarinaceae	Idiomarina ramblicola	EU723884	1502	7510	Idiomarinaceae	Idiomarina maris	6487.0	1459	44	52	1363	0.968727789623312	0.9696760854583046	0.934201507882111	0.8745319504924353	0.8899712
AY526862	1459	7289	Idiomarinaceae	Idiomarina ramblicola	EU423907	1465	7325	Idiomarinaceae	Idiomarina tainanensis	6652.0	1459	41	46	1383	0.9787685774946921	0.9718019257221459	0.9479095270733379	0.8929307745030842	0.912608
AY526862	1459	7289	Idiomarinaceae	Idiomarina ramblicola	KJ825892	1505	7525	Idiomarinaceae	Idiomarina atlantica	6668.0	1459	39	44	1384	0.9780918727915194	0.9731774415405777	0.9485949280328992	0.8960359300177252	0.91480315
AY526862	1459	7289	Idiomarinaceae	Idiomarina ramblicola	AF052740	1465	7325	Idiomarinaceae	Idiomarina abyssalis	7118.0	1459	8	14	1437	0.9944636678200692	0.9944941500344116	0.9849211788896505	0.9701507181292057	0.97653997
AY526862	1459	7289	Idiomarinaceae	Idiomarina ramblicola	DQ118948	1465	7325	Idiomarinaceae	Idiomarina taiwanensis	6617.0	1459	39	45	1379	0.9752475247524752	0.9731589814177564	0.9451679232350926	0.8921678527733117	0.9078063
AY526862	1459	7289	Idiomarinaceae	Idiomarina ramblicola	EU600203	1507	7535	Idiomarinaceae	Idiomarina maritima	6634.0	1459	41	46	1381	0.9773531493276716	0.9718019257221459	0.9465387251542152	0.8916394790952707	0.91013855
AY526862	1459	7289	Idiomarinaceae	Idiomarina ramblicola	AY635468	1463	7315	Idiomarinaceae	Idiomarina seosinensis	6864.0	1459	19	27	1407	0.9825418994413407	0.9869055823569952	0.9643591501028101	0.934345265864157	0.94169295
AY526862	1459	7289	Idiomarinaceae	Idiomarina ramblicola	JN867053	1536	7680	Idiomarinaceae	Idiomarina indica	6485.0	1459	54	59	1363	0.9735714285714285	0.9628610729023384	0.934201507882111	0.8644296834335462	0.8896968
AY526862	1459	7289	Idiomarinaceae	Idiomarina ramblicola	FM877003	1530	7650	Idiomarinaceae	Idiomarina insulisalsae	6682.0	1459	33	38	1387	0.976073187895848	0.9773039889958735	0.9506511309115833	0.9054123706604288	0.91672385
AY526862	1459	7289	Idiomarinaceae	Idiomarina ramblicola	AF288370	1415	7075	Idiomarinaceae	Idiomarina loihiensis	6962.0	1420	2	7	1403	0.9929228591648974	0.9985865724381625	0.9880281690140845	0.9817748261722232	0.9840283
AY526862	1459	7289	Idiomarinaceae	Idiomarina ramblicola	KF732819	1508	7540	Idiomarinaceae	Idiomarina tyrosinivorans	6677.0	1459	35	41	1385	0.9767277856135402	0.9759119064005506	0.9492803289924606	0.9009902988696848	0.91603786
AY526862	1459	7289	Idiomarinaceae	Idiomarina ramblicola	KC762312	1505	7525	Idiomarinaceae	Idiomarina planktonica	6675.0	1459	36	41	1386	0.9774330042313117	0.9752407152682255	0.9499657299520219	0.9010377291451285	0.9157635
AY526862	1459	7289	Idiomarinaceae	Idiomarina ramblicola	EU600204	1507	7535	Idiomarinaceae	Idiomarina donghaiensis	6674.0	1459	38	43	1386	0.9788135593220338	0.9738651994497937	0.9499657299520219	0.8985647786319726	0.9156263
AY526862	1459	7289	Idiomarinaceae	Idiomarina ramblicola	HF954116	1440	7200	Idiomarinaceae	Idiomarina aquatica	6670.0	1423	18	22	1371	0.9785867237687366	0.9873150105708245	0.9634574841883345	0.9367133486105875	0.92638886
AY526862	1459	7289	Idiomarinaceae	Idiomarina ramblicola	FJ768737	1477	7379	Idiomarinaceae	Idiomarina aestuarii	6664.0	1459	43	48	1384	0.9808646350106307	0.9704264099037139	0.9485949280328992	0.89112346435048	0.91425437
AY526862	1459	7289	Idiomarinaceae	Idiomarina ramblicola	AY526861	1455	7257	Idiomarinaceae	Idiomarina fontislapidosi	6829.0	1459	20	28	1403	0.9804332634521313	0.9862164024810476	0.9616175462645647	0.9304088632214957	0.94102246
AY526862	1459	7289	Idiomarinaceae	Idiomarina ramblicola	EF212001	1455	7275	Idiomarinaceae	Idiomarina sediminum	6526.0	1456	41	50	1366	0.9715504978662873	0.9716655148583275	0.9381868131868132	0.8811560850639008	0.89704466
AY526862	1459	7289	Idiomarinaceae	Idiomarina ramblicola	GU471247	1504	7520	Idiomarinaceae	Idiomarina xiamenensis	6585.0	1459	45	53	1374	0.9772403982930299	0.968986905582357	0.9417409184372858	0.8803774809327286	0.9034161
AY526862	1459	7289	Idiomarinaceae	Idiomarina ramblicola	FJ906745	1430	7150	Idiomarinaceae	Idiomarina aquimaris	6504.0	1427	34	40	1352	0.9747656813266041	0.976073187895848	0.9474421864050455	0.8994540126925381	0.9096503
AY526862	1459	7289	Idiomarinaceae	Idiomarina ramblicola	KF963828	1489	7445	Idiomarinaceae	Idiomarina halophila	6691.0	1459	38	45	1387	0.9809052333804809	0.9738292011019284	0.9506511309115833	0.897943018776873	0.91795856
AY526862	1459	7289	Idiomarinaceae	Idiomarina ramblicola	KF487034	1444	7220	Idiomarinaceae	Idiomarina woesei	6672.0	1450	35	41	1382	0.9808374733853797	0.9757617728531855	0.953103448275862	0.9043250899802624	0.92409974
AY526862	1459	7289	Idiomarinaceae	Idiomarina ramblicola	AB619724	1397	6985	Idiomarinaceae	Idiomarina piscisalsi	6676.0	1406	18	27	1363	0.9883973894126178	0.9871152469577666	0.9694167852062588	0.9387821255613982	0.9557623
AY526862	1459	7289	Idiomarinaceae	Idiomarina ramblicola	AF052741	1464	7308	Idiomarinaceae	Idiomarina zobellii	6897.0	1459	19	26	1411	0.9846475924633635	0.9869146005509641	0.9671007539410555	0.9376558730700492	0.94622034
AJ440214	1476	7374	Idiomarinaceae	Idiomarina baltica	EU423908	1465	7325	Idiomarinaceae	Idiomarina marina	6736.0	1463	37	35	1396	0.9775910364145658	0.9760765550239234	0.9542036910457963	0.908401913875598	0.9195905
AJ440214	1476	7374	Idiomarinaceae	Idiomarina baltica	EU723884	1502	7510	Idiomarinaceae	Idiomarina maris	6681.0	1476	56	57	1392	0.9809725158562368	0.9620338983050848	0.943089430894309	0.8735273514615042	0.9060212
AJ440214	1476	7374	Idiomarinaceae	Idiomarina baltica	EU423907	1465	7325	Idiomarinaceae	Idiomarina tainanensis	6713.0	1463	39	37	1393	0.9768583450210379	0.9747095010252905	0.9521531100478469	0.9039749233876363	0.9164505
AJ440214	1476	7374	Idiomarinaceae	Idiomarina baltica	KJ825892	1505	7525	Idiomarinaceae	Idiomarina atlantica	6766.0	1476	34	32	1406	0.9736842105263158	0.978319783197832	0.9525745257452575	0.9109388179974516	0.9175481
AJ440214	1476	7374	Idiomarinaceae	Idiomarina baltica	AF052740	1465	7325	Idiomarinaceae	Idiomarina abyssalis	6944.0	1464	23	22	1420	0.984743411927878	0.9849726775956285	0.9699453551912568	0.9405926040254151	0.94798636
AJ440214	1476	7374	Idiomarinaceae	Idiomarina baltica	DQ118948	1465	7325	Idiomarinaceae	Idiomarina taiwanensis	6705.0	1464	32	31	1393	0.9720865317515701	0.9788251366120219	0.9515027322404371	0.9114327642383332	0.91535836
AJ440214	1476	7374	Idiomarinaceae	Idiomarina baltica	EU600203	1507	7535	Idiomarinaceae	Idiomarina maritima	6777.0	1476	38	36	1406	0.9763888888888889	0.975609756097561	0.9525745257452575	0.9060154009730322	0.91903985
AJ440214	1476	7374	Idiomarinaceae	Idiomarina baltica	AY635468	1463	7315	Idiomarinaceae	Idiomarina seosinensis	6954.0	1464	25	26	1420	0.9874826147426982	0.9829118250170882	0.9699453551912568	0.9367235868133158	0.9506493
AJ440214	1476	7374	Idiomarinaceae	Idiomarina baltica	JN867053	1536	7680	Idiomarinaceae	Idiomarina indica	6637.0	1476	51	49	1389	0.9733707077785564	0.9668021680216802	0.9410569105691057	0.8794290840747306	0.9000542
AJ440214	1476	7374	Idiomarinaceae	Idiomarina baltica	FM877003	1530	7650	Idiomarinaceae	Idiomarina insulisalsae	6859.0	1476	27	25	1416	0.9758787043418332	0.9830623306233063	0.959349593495935	0.9261585230622765	0.93016005
AJ440214	1476	7374	Idiomarinaceae	Idiomarina baltica	AF288370	1415	7075	Idiomarinaceae	Idiomarina loihiensis	6681.0	1414	22	21	1369	0.9827709978463748	0.9851485148514851	0.9681753889674681	0.9391840646460189	0.94431096
AJ440214	1476	7374	Idiomarinaceae	Idiomarina baltica	KF732819	1508	7540	Idiomarinaceae	Idiomarina tyrosinivorans	6967.0	1473	23	22	1427	0.983459682977257	0.9850644942294636	0.9687712152070604	0.9396303698298426	0.9448061
AJ440214	1476	7374	Idiomarinaceae	Idiomarina baltica	KC762312	1505	7525	Idiomarinaceae	Idiomarina planktonica	6747.0	1476	42	40	1402	0.9763231197771588	0.9728997289972899	0.9498644986449865	0.8985542951608699	0.91497153
AJ440214	1476	7374	Idiomarinaceae	Idiomarina baltica	EU600204	1507	7535	Idiomarinaceae	Idiomarina donghaiensis	6806.0	1476	33	31	1410	0.9757785467128027	0.9789972899728997	0.9552845528455285	0.914768839537302	0.9229726
AJ440214	1476	7374	Idiomarinaceae	Idiomarina baltica	HF954116	1440	7200	Idiomarinaceae	Idiomarina aquatica	6941.0	1427	15	14	1404	0.9936305732484076	0.9901892081289418	0.9838822704975473	0.9640954564584149	0.96402776
AJ440214	1476	7374	Idiomarinaceae	Idiomarina baltica	FJ768737	1477	7379	Idiomarinaceae	Idiomarina aestuarii	6758.0	1474	43	41	1403	0.9790648988136776	0.9721845318860244	0.9518317503392131	0.8991264985076416	0.91646326
AJ440214	1476	7374	Idiomarinaceae	Idiomarina baltica	AY526861	1455	7257	Idiomarinaceae	Idiomarina fontislapidosi	7172.0	1458	4	7	1443	0.994486560992419	0.9972508591065292	0.9897119341563786	0.9822654011360502	0.98828715
AJ440214	1476	7374	Idiomarinaceae	Idiomarina baltica	EF212001	1455	7275	Idiomarinaceae	Idiomarina sediminum	6615.0	1461	39	46	1379	0.9745583038869258	0.9731774415405777	0.9438740588637919	0.8903878621948437	0.90927833
AJ440214	1476	7374	Idiomarinaceae	Idiomarina baltica	GU471247	1504	7520	Idiomarinaceae	Idiomarina xiamenensis	6608.0	1476	51	52	1384	0.9719101123595506	0.9654237288135593	0.9376693766937669	0.8744212131053859	0.8961215
AJ440214	1476	7374	Idiomarinaceae	Idiomarina baltica	FJ906745	1430	7150	Idiomarinaceae	Idiomarina aquimaris	6662.0	1429	19	18	1374	0.9737774627923459	0.9874037788663401	0.9615115465360392	0.9369425360237232	0.9317483
AJ440214	1476	7374	Idiomarinaceae	Idiomarina baltica	KF963828	1489	7445	Idiomarinaceae	Idiomarina halophila	6747.0	1476	46	46	1401	0.9797202797202798	0.9688346883468835	0.9491869918699187	0.8918116940696346	0.91497153
AJ440214	1476	7374	Idiomarinaceae	Idiomarina baltica	KF487034	1444	7220	Idiomarinaceae	Idiomarina woesei	6658.0	1446	24	26	1380	0.971830985915493	0.9833795013850416	0.9543568464730291	0.9218957292460552	0.9221607
AJ440214	1476	7374	Idiomarinaceae	Idiomarina baltica	AB619724	1397	6985	Idiomarinaceae	Idiomarina piscisalsi	6720.0	1401	12	16	1367	0.9870036101083033	0.9914101646385111	0.9757316202712348	0.9563965280082521	0.9620616
AJ440214	1476	7374	Idiomarinaceae	Idiomarina baltica	AF052741	1464	7308	Idiomarinaceae	Idiomarina zobellii	6966.0	1464	14	14	1423	0.9813793103448276	0.9904371584699454	0.9719945355191257	0.9535805659693724	0.95320195
EU423908	1465	7325	Idiomarinaceae	Idiomarina marina	EU723884	1502	7510	Idiomarinaceae	Idiomarina maris	6540.0	1465	49	52	1372	0.9709837225760792	0.966484268125855	0.936518771331058	0.8740429484087088	0.89283276
EU423908	1465	7325	Idiomarinaceae	Idiomarina marina	EU423907	1465	7325	Idiomarinaceae	Idiomarina tainanensis	7184.0	1465	8	8	1449	0.9945092656142759	0.9945392491467577	0.9890784982935154	0.9783349436616782	0.98075086
EU423908	1465	7325	Idiomarinaceae	Idiomarina marina	KJ825892	1505	7525	Idiomarinaceae	Idiomarina atlantica	6834.0	1465	24	24	1408	0.9770992366412213	0.9836177474402731	0.9610921501706484	0.9301099989227027	0.9329693
EU423908	1465	7325	Idiomarinaceae	Idiomarina marina	AF052740	1465	7325	Idiomarinaceae	Idiomarina abyssalis	6699.0	1465	39	40	1392	0.9768421052631578	0.9733606557377049	0.9501706484641638	0.9002614189238254	0.9145393
EU423908	1465	7325	Idiomarinaceae	Idiomarina marina	DQ118948	1465	7325	Idiomarinaceae	Idiomarina taiwanensis	6924.0	1465	28	29	1418	0.9874651810584958	0.9808743169398907	0.9679180887372013	0.9309647524625728	0.945256
EU423908	1465	7325	Idiomarinaceae	Idiomarina marina	EU600203	1507	7535	Idiomarinaceae	Idiomarina maritima	7157.0	1465	8	8	1446	0.9924502402196294	0.9945392491467577	0.9870307167235495	0.9763094054760432	0.97706485
EU423908	1465	7325	Idiomarinaceae	Idiomarina marina	AY635468	1463	7315	Idiomarinaceae	Idiomarina seosinensis	6669.0	1465	37	40	1388	0.9740350877192983	0.9746922024623803	0.9474402730375426	0.898869766363847	0.9116883
EU423908	1465	7325	Idiomarinaceae	Idiomarina marina	JN867053	1536	7680	Idiomarinaceae	Idiomarina indica	6777.0	1465	42	42	1400	0.9838369641602249	0.9713310580204778	0.9556313993174061	0.902364619262554	0.9251877
EU423908	1465	7325	Idiomarinaceae	Idiomarina marina	FM877003	1530	7650	Idiomarinaceae	Idiomarina insulisalsae	6883.0	1465	30	30	1413	0.9846689895470383	0.9795221843003413	0.9645051194539249	0.9257958838905568	0.9396587
EU423908	1465	7325	Idiomarinaceae	Idiomarina marina	AF288370	1415	7075	Idiomarinaceae	Idiomarina loihiensis	6457.0	1414	37	38	1343	0.9760174418604651	0.9738145789101204	0.9497878359264498	0.9006947362059234	0.91265017
EU423908	1465	7325	Idiomarinaceae	Idiomarina marina	KF732819	1508	7540	Idiomarinaceae	Idiomarina tyrosinivorans	6710.0	1465	49	50	1392	0.9837455830388693	0.9665300546448088	0.9501706484641638	0.8880392784523063	0.91604096
EU423908	1465	7325	Idiomarinaceae	Idiomarina marina	KC762312	1505	7525	Idiomarinaceae	Idiomarina planktonica	6871.0	1465	28	28	1412	0.9826026443980515	0.9808873720136518	0.9638225255972697	0.9276711113752689	0.93802047
EU423908	1465	7325	Idiomarinaceae	Idiomarina marina	EU600204	1507	7535	Idiomarinaceae	Idiomarina donghaiensis	7076.0	1465	12	12	1436	0.9883000688231246	0.9918088737201365	0.9802047781569966	0.9642772800691375	0.9660068
EU423908	1465	7325	Idiomarinaceae	Idiomarina marina	HF954116	1440	7200	Idiomarinaceae	Idiomarina aquatica	6544.0	1439	29	49	1358	0.9769784172661871	0.9795630725863284	0.9437109103544128	0.89356823255629	0.9088889
EU423908	1465	7325	Idiomarinaceae	Idiomarina marina	FJ768737	1477	7379	Idiomarinaceae	Idiomarina aestuarii	6872.0	1465	27	27	1412	0.9819193324061196	0.9815699658703072	0.9638225255972697	0.928938868504607	0.938157
EU423908	1465	7325	Idiomarinaceae	Idiomarina marina	AY526861	1455	7257	Idiomarinaceae	Idiomarina fontislapidosi	6664.0	1460	33	38	1385	0.9739803094233473	0.977319587628866	0.9486301369863014	0.9035177861986072	0.9182858
EU423908	1465	7325	Idiomarinaceae	Idiomarina marina	EF212001	1455	7275	Idiomarinaceae	Idiomarina sediminum	6825.0	1456	28	32	1402	0.9845505617977528	0.9807162534435262	0.9629120879120879	0.9239803323361275	0.9381443
EU423908	1465	7325	Idiomarinaceae	Idiomarina marina	GU471247	1504	7520	Idiomarinaceae	Idiomarina xiamenensis	6630.0	1465	52	55	1381	0.9794326241134752	0.9644322845417237	0.9426621160409556	0.8761724348172363	0.9051195
EU423908	1465	7325	Idiomarinaceae	Idiomarina marina	FJ906745	1430	7150	Idiomarinaceae	Idiomarina aquimaris	6798.0	1431	24	25	1389	0.9879089615931721	0.9832167832167832	0.9706498951781971	0.9379613420072476	0.95076925
EU423908	1465	7325	Idiomarinaceae	Idiomarina marina	KF963828	1489	7445	Idiomarinaceae	Idiomarina halophila	6886.0	1465	28	30	1413	0.9846689895470383	0.9808612440191388	0.9645051194539249	0.9270360659185414	0.94006824
EU423908	1465	7325	Idiomarinaceae	Idiomarina marina	KF487034	1444	7220	Idiomarinaceae	Idiomarina woesei	6965.0	1448	14	18	1415	0.9895104895104895	0.9903047091412742	0.9772099447513812	0.9558209445926642	0.96468145
EU423908	1465	7325	Idiomarinaceae	Idiomarina marina	AB619724	1397	6985	Idiomarinaceae	Idiomarina piscisalsi	6435.0	1407	32	43	1335	0.9787390029325513	0.9770773638968482	0.9488272921108742	0.8993748620147549	0.9212598
EU423908	1465	7325	Idiomarinaceae	Idiomarina marina	AF052741	1464	7308	Idiomarinaceae	Idiomarina zobellii	6647.0	1465	38	40	1386	0.9726315789473684	0.974025974025974	0.9460750853242321	0.8969773763054097	0.9095512
EU723884	1502	7510	Idiomarinaceae	Idiomarina maris	EU423907	1465	7325	Idiomarinaceae	Idiomarina tainanensis	6578.0	1462	49	46	1377	0.972457627118644	0.9685362517099864	0.9418604651162791	0.8826435596324628	0.8980205
EU723884	1502	7510	Idiomarinaceae	Idiomarina maris	KJ825892	1505	7525	Idiomarinaceae	Idiomarina atlantica	6805.0	1502	53	50	1418	0.9765840220385675	0.966711051930759	0.9440745672436751	0.8815410106995604	0.9061252
EU723884	1502	7510	Idiomarinaceae	Idiomarina maris	AF052740	1465	7325	Idiomarinaceae	Idiomarina abyssalis	6588.0	1463	48	46	1378	0.9724770642201835	0.9685577580314423	0.9419002050580998	0.8833041631815536	0.8993857
EU723884	1502	7510	Idiomarinaceae	Idiomarina maris	DQ118948	1465	7325	Idiomarinaceae	Idiomarina taiwanensis	6596.0	1463	55	53	1378	0.9773049645390071	0.963773069036227	0.9419002050580998	0.8748875422476421	0.9004778
EU723884	1502	7510	Idiomarinaceae	Idiomarina maris	EU600203	1507	7535	Idiomarinaceae	Idiomarina maritima	6787.0	1502	49	46	1418	0.9739010989010989	0.9693741677762983	0.9440745672436751	0.8862492391404196	0.90372837
EU723884	1502	7510	Idiomarinaceae	Idiomarina maris	AY635468	1463	7315	Idiomarinaceae	Idiomarina seosinensis	6709.0	1463	37	37	1393	0.9768583450210379	0.9747095010252905	0.9521531100478469	0.9051802232854864	0.9171565
EU723884	1502	7510	Idiomarinaceae	Idiomarina maris	JN867053	1536	7680	Idiomarinaceae	Idiomarina indica	6755.0	1502	43	40	1415	0.9678522571819426	0.9733688415446072	0.9420772303595206	0.8914672561719218	0.89946735
EU723884	1502	7510	Idiomarinaceae	Idiomarina maris	FM877003	1530	7650	Idiomarinaceae	Idiomarina insulisalsae	6736.0	1497	59	56	1409	0.9777931991672449	0.9625918503674015	0.9412157648630595	0.8716529030640545	0.89693743
EU723884	1502	7510	Idiomarinaceae	Idiomarina maris	AF288370	1415	7075	Idiomarinaceae	Idiomarina loihiensis	6338.0	1411	50	48	1327	0.9735876742479824	0.9659815733522324	0.9404677533664068	0.8773836740851556	0.8958304
EU723884	1502	7510	Idiomarinaceae	Idiomarina maris	KF732819	1508	7540	Idiomarinaceae	Idiomarina tyrosinivorans	6643.0	1487	63	61	1393	0.9768583450210379	0.9589778076664425	0.9367854741089442	0.8618426361802286	0.8845539
EU723884	1502	7510	Idiomarinaceae	Idiomarina maris	KC762312	1505	7525	Idiomarinaceae	Idiomarina planktonica	6882.0	1502	34	31	1429	0.9714479945615228	0.9793608521970706	0.9513981358189081	0.9111371469984465	0.91637814
EU723884	1502	7510	Idiomarinaceae	Idiomarina maris	EU600204	1507	7535	Idiomarinaceae	Idiomarina donghaiensis	6874.0	1502	40	37	1428	0.9747440273037543	0.9753661784287616	0.9507323568575233	0.9032573948095146	0.91531295
EU723884	1502	7510	Idiomarinaceae	Idiomarina maris	HF954116	1440	7200	Idiomarinaceae	Idiomarina aquatica	6558.0	1457	46	63	1366	0.9799139167862266	0.9680555555555556	0.9375428963623885	0.8695507634924615	0.91083336
EU723884	1502	7510	Idiomarinaceae	Idiomarina maris	FJ768737	1477	7379	Idiomarinaceae	Idiomarina aestuarii	6743.0	1474	37	34	1401	0.9729166666666667	0.9769335142469471	0.9504748982360922	0.9058132716478973	0.9138095
EU723884	1502	7510	Idiomarinaceae	Idiomarina maris	AY526861	1455	7257	Idiomarinaceae	Idiomarina fontislapidosi	6568.0	1457	53	55	1371	0.9778887303851641	0.963573883161512	0.940974605353466	0.8736731104010327	0.9050572
EU723884	1502	7510	Idiomarinaceae	Idiomarina maris	EF212001	1455	7275	Idiomarinaceae	Idiomarina sediminum	6465.0	1460	63	69	1359	0.9769949676491733	0.9566712517193948	0.9308219178082192	0.8501466104210328	0.8886598
EU723884	1502	7510	Idiomarinaceae	Idiomarina maris	GU471247	1504	7520	Idiomarinaceae	Idiomarina xiamenensis	6809.0	1502	38	38	1421	0.9706284153005464	0.9747003994673769	0.9460719041278296	0.8993826413267159	0.9066578
EU723884	1502	7510	Idiomarinaceae	Idiomarina maris	FJ906745	1430	7150	Idiomarinaceae	Idiomarina aquimaris	6358.0	1454	54	78	1341	0.9745639534883721	0.9622377622377623	0.9222833562585969	0.8415529828990911	0.8892308
EU723884	1502	7510	Idiomarinaceae	Idiomarina maris	KF963828	1489	7445	Idiomarinaceae	Idiomarina halophila	6847.0	1488	37	36	1419	0.9772727272727273	0.9758064516129032	0.9536290322580645	0.9079799048122686	0.9196776
EU723884	1502	7510	Idiomarinaceae	Idiomarina maris	KF487034	1444	7220	Idiomarinaceae	Idiomarina woesei	6511.0	1445	46	47	1361	0.9735336194563662	0.9681440443213296	0.9418685121107266	0.8831201743331965	0.9018006
EU723884	1502	7510	Idiomarinaceae	Idiomarina maris	AB619724	1397	6985	Idiomarinaceae	Idiomarina piscisalsi	6232.0	1404	51	59	1309	0.9732342007434944	0.9634670487106017	0.9323361823361823	0.8618502853898042	0.89219755
EU723884	1502	7510	Idiomarinaceae	Idiomarina maris	AF052741	1464	7308	Idiomarinaceae	Idiomarina zobellii	6506.0	1463	52	51	1368	0.9688385269121813	0.9651401230348599	0.935064935064935	0.8714928635720716	0.89025724
EU423907	1465	7325	Idiomarinaceae	Idiomarina tainanensis	KJ825892	1505	7525	Idiomarinaceae	Idiomarina atlantica	6836.0	1465	31	31	1407	0.9811715481171548	0.978839590443686	0.9604095563139932	0.9206064864667555	0.9332423
EU423907	1465	7325	Idiomarinaceae	Idiomarina tainanensis	AF052740	1465	7325	Idiomarinaceae	Idiomarina abyssalis	6706.0	1465	41	42	1393	0.9789177793394237	0.9719945355191257	0.9508532423208191	0.8984489799618364	0.91549486
EU423907	1465	7325	Idiomarinaceae	Idiomarina tainanensis	DQ118948	1465	7325	Idiomarinaceae	Idiomarina taiwanensis	6923.0	1465	26	27	1418	0.9860917941585535	0.98224043715847	0.9679180887372013	0.9335118790101244	0.94511944
EU423907	1465	7325	Idiomarinaceae	Idiomarina tainanensis	EU600203	1507	7535	Idiomarinaceae	Idiomarina maritima	7298.0	1465	0	0	1462	0.9979522184300341	1.0	0.9979522184300341	0.9979522184300341	0.996314
EU423907	1465	7325	Idiomarinaceae	Idiomarina tainanensis	AY635468	1463	7315	Idiomarinaceae	Idiomarina seosinensis	6669.0	1465	37	40	1388	0.9740350877192983	0.9746922024623803	0.9474402730375426	0.898869766363847	0.9116883
EU423907	1465	7325	Idiomarinaceae	Idiomarina tainanensis	JN867053	1536	7680	Idiomarinaceae	Idiomarina indica	6868.0	1465	31	31	1411	0.9839609483960948	0.978839590443686	0.9631399317406143	0.923223704623022	0.9376109
EU423907	1465	7325	Idiomarinaceae	Idiomarina tainanensis	FM877003	1530	7650	Idiomarinaceae	Idiomarina insulisalsae	6899.0	1465	30	30	1415	0.9860627177700348	0.9795221843003413	0.9658703071672355	0.9271062814615271	0.94184303
EU423907	1465	7325	Idiomarinaceae	Idiomarina tainanensis	AF288370	1415	7075	Idiomarinaceae	Idiomarina loihiensis	6516.0	1414	33	34	1350	0.9782608695652174	0.9766454352441614	0.9547383309759547	0.9105313730109312	0.9209894
EU423907	1465	7325	Idiomarinaceae	Idiomarina tainanensis	KF732819	1508	7540	Idiomarinaceae	Idiomarina tyrosinivorans	6740.0	1465	42	43	1396	0.9817158931082982	0.9713114754098361	0.952901023890785	0.8991541180973431	0.9201365
EU423907	1465	7325	Idiomarinaceae	Idiomarina tainanensis	KC762312	1505	7525	Idiomarinaceae	Idiomarina planktonica	6842.0	1465	29	29	1409	0.9811977715877437	0.9802047781569966	0.9617747440273038	0.9244367686902332	0.9340614
EU423907	1465	7325	Idiomarinaceae	Idiomarina tainanensis	EU600204	1507	7535	Idiomarinaceae	Idiomarina donghaiensis	7074.0	1465	15	15	1436	0.9903448275862069	0.9897610921501706	0.9802047781569966	0.9603357623835439	0.96573377
EU423907	1465	7325	Idiomarinaceae	Idiomarina tainanensis	HF954116	1440	7200	Idiomarinaceae	Idiomarina aquatica	6535.0	1439	29	49	1357	0.9762589928057553	0.9795630725863284	0.9430159833217512	0.8929102294395329	0.9076389
EU423907	1465	7325	Idiomarinaceae	Idiomarina tainanensis	FJ768737	1477	7379	Idiomarinaceae	Idiomarina aestuarii	6872.0	1465	19	19	1413	0.9771784232365145	0.9870307167235495	0.9645051194539249	0.939807549009687	0.938157
EU423907	1465	7325	Idiomarinaceae	Idiomarina tainanensis	AY526861	1455	7257	Idiomarinaceae	Idiomarina fontislapidosi	6647.0	1460	34	39	1383	0.9732582688247713	0.9766323024054983	0.9472602739726027	0.9009751334103536	0.9159432
EU423907	1465	7325	Idiomarinaceae	Idiomarina tainanensis	EF212001	1455	7275	Idiomarinaceae	Idiomarina sediminum	6791.0	1456	31	35	1398	0.983814215341309	0.9786501377410468	0.9601648351648352	0.9175482385805183	0.9334708
EU423907	1465	7325	Idiomarinaceae	Idiomarina tainanensis	GU471247	1504	7520	Idiomarinaceae	Idiomarina xiamenensis	6695.0	1465	41	44	1390	0.9781843771991555	0.9719562243502052	0.9488054607508533	0.8952540237230827	0.9139932
EU423907	1465	7325	Idiomarinaceae	Idiomarina tainanensis	FJ906745	1430	7150	Idiomarinaceae	Idiomarina aquimaris	6731.0	1431	29	30	1381	0.9857244825124911	0.9797202797202798	0.9650593990216632	0.9260604233077739	0.9413986
EU423907	1465	7325	Idiomarinaceae	Idiomarina tainanensis	KF963828	1489	7445	Idiomarinaceae	Idiomarina halophila	6949.0	1465	16	18	1421	0.9820317899101589	0.9890635680109364	0.9699658703071672	0.94769791649863	0.94866896
EU423907	1465	7325	Idiomarinaceae	Idiomarina tainanensis	KF487034	1444	7220	Idiomarinaceae	Idiomarina woesei	6998.0	1448	14	18	1419	0.9923076923076923	0.9903047091412742	0.9799723756906077	0.9585229119272017	0.96925205
EU423907	1465	7325	Idiomarinaceae	Idiomarina tainanensis	AB619724	1397	6985	Idiomarinaceae	Idiomarina piscisalsi	6440.0	1407	35	46	1335	0.9808963997060984	0.9749283667621776	0.9488272921108742	0.8955297812502773	0.9219757
EU423907	1465	7325	Idiomarinaceae	Idiomarina tainanensis	AF052741	1464	7308	Idiomarinaceae	Idiomarina zobellii	6653.0	1465	44	46	1386	0.9767441860465116	0.9699248120300752	0.9460750853242321	0.8896491359013157	0.9103722
KJ825892	1505	7525	Idiomarinaceae	Idiomarina atlantica	AF052740	1465	7325	Idiomarinaceae	Idiomarina abyssalis	6753.0	1466	38	39	1398	0.979677645409951	0.974061433447099	0.9536152796725784	0.9047932208063626	0.92191124
KJ825892	1505	7525	Idiomarinaceae	Idiomarina atlantica	DQ118948	1465	7325	Idiomarinaceae	Idiomarina taiwanensis	6824.0	1466	38	39	1406	0.9852838121934128	0.974061433447099	0.9590723055934516	0.9099708644161273	0.9316041
KJ825892	1505	7525	Idiomarinaceae	Idiomarina atlantica	EU600203	1507	7535	Idiomarinaceae	Idiomarina maritima	7040.0	1505	33	33	1447	0.983016304347826	0.9780730897009967	0.9614617940199336	0.9202027053298715	0.9355482
KJ825892	1505	7525	Idiomarinaceae	Idiomarina atlantica	AY635468	1463	7315	Idiomarinaceae	Idiomarina seosinensis	6643.0	1466	44	47	1384	0.9753347427766033	0.9699248120300752	0.9440654843110505	0.8871714716803846	0.908134
KJ825892	1505	7525	Idiomarinaceae	Idiomarina atlantica	JN867053	1536	7680	Idiomarinaceae	Idiomarina indica	6891.0	1505	41	41	1430	0.976775956284153	0.9727574750830564	0.9501661129568106	0.8997692039901493	0.9157475
KJ825892	1505	7525	Idiomarinaceae	Idiomarina atlantica	FM877003	1530	7650	Idiomarinaceae	Idiomarina insulisalsae	7070.0	1500	29	29	1450	0.9857239972807614	0.9806666666666667	0.9666666666666667	0.9299978199258775	0.9395349
KJ825892	1505	7525	Idiomarinaceae	Idiomarina atlantica	AF288370	1415	7075	Idiomarinaceae	Idiomarina loihiensis	6499.0	1414	37	38	1347	0.9789244186046512	0.9738145789101204	0.9526166902404526	0.9033773713100364	0.91858655
KJ825892	1505	7525	Idiomarinaceae	Idiomarina atlantica	KF732819	1508	7540	Idiomarinaceae	Idiomarina tyrosinivorans	6803.0	1490	38	39	1415	0.9751895244658856	0.974479516453996	0.9496644295302014	0.9018083031729857	0.90405315
KJ825892	1505	7525	Idiomarinaceae	Idiomarina atlantica	KC762312	1505	7525	Idiomarinaceae	Idiomarina planktonica	7039.0	1505	35	35	1447	0.9843537414965986	0.9767441860465116	0.9614617940199336	0.9177589852008458	0.93541527
KJ825892	1505	7525	Idiomarinaceae	Idiomarina atlantica	EU600204	1507	7535	Idiomarinaceae	Idiomarina donghaiensis	7171.0	1505	18	18	1464	0.98453261600538	0.9880398671096345	0.9727574750830564	0.9497638643785324	0.9529568
KJ825892	1505	7525	Idiomarinaceae	Idiomarina atlantica	HF954116	1440	7200	Idiomarinaceae	Idiomarina aquatica	6624.0	1460	25	45	1377	0.9731448763250884	0.9826388888888888	0.9431506849315069	0.898692403486924	0.92
KJ825892	1505	7525	Idiomarinaceae	Idiomarina atlantica	FJ768737	1477	7379	Idiomarinaceae	Idiomarina aestuarii	6952.0	1477	32	32	1425	0.986159169550173	0.9783344617467841	0.9647935003385241	0.9238744917091897	0.94213307
KJ825892	1505	7525	Idiomarinaceae	Idiomarina atlantica	AY526861	1455	7257	Idiomarinaceae	Idiomarina fontislapidosi	6648.0	1460	30	35	1384	0.9712280701754386	0.979381443298969	0.947945205479452	0.9065918911464559	0.916081
KJ825892	1505	7525	Idiomarinaceae	Idiomarina atlantica	EF212001	1455	7275	Idiomarinaceae	Idiomarina sediminum	6787.0	1463	33	42	1399	0.9845179451090781	0.9773039889958735	0.9562542720437457	0.9083137169613388	0.93292093
KJ825892	1505	7525	Idiomarinaceae	Idiomarina atlantica	GU471247	1504	7520	Idiomarinaceae	Idiomarina xiamenensis	6774.0	1505	57	60	1414	0.9785467128027682	0.9620505992010653	0.9395348837209302	0.8691599916624482	0.90079784
KJ825892	1505	7525	Idiomarinaceae	Idiomarina atlantica	FJ906745	1430	7150	Idiomarinaceae	Idiomarina aquimaris	6682.0	1431	24	25	1376	0.9786628733997155	0.9832167832167832	0.9615653389238294	0.9291827261353294	0.93454546
KJ825892	1505	7525	Idiomarinaceae	Idiomarina atlantica	KF963828	1489	7445	Idiomarinaceae	Idiomarina halophila	7034.0	1491	34	36	1440	0.9896907216494846	0.977165883143049	0.96579476861167	0.9214632054622819	0.9447952
KJ825892	1505	7525	Idiomarinaceae	Idiomarina atlantica	KF487034	1444	7220	Idiomarinaceae	Idiomarina woesei	6841.0	1448	19	23	1401	0.9831578947368421	0.9868421052631579	0.9675414364640884	0.9398408636409856	0.9475069
KJ825892	1505	7525	Idiomarinaceae	Idiomarina atlantica	AB619724	1397	6985	Idiomarinaceae	Idiomarina piscisalsi	6404.0	1407	30	41	1332	0.9751098096632503	0.9785100286532952	0.9466950959488273	0.8999203208532346	0.9168218
KJ825892	1505	7525	Idiomarinaceae	Idiomarina atlantica	AF052741	1464	7308	Idiomarinaceae	Idiomarina zobellii	6648.0	1466	40	42	1386	0.973314606741573	0.9726775956284153	0.9454297407912687	0.8939521586233511	0.909688
AF052740	1465	7325	Idiomarinaceae	Idiomarina abyssalis	DQ118948	1465	7325	Idiomarinaceae	Idiomarina taiwanensis	6687.0	1465	41	41	1391	0.9768258426966292	0.9720136518771331	0.9494880546075085	0.8977895018333945	0.91290104
AF052740	1465	7325	Idiomarinaceae	Idiomarina abyssalis	EU600203	1507	7535	Idiomarinaceae	Idiomarina maritima	6730.0	1465	42	41	1396	0.9803370786516854	0.9720136518771331	0.952901023890785	0.900418751174836	0.9187713
AF052740	1465	7325	Idiomarinaceae	Idiomarina abyssalis	AY635468	1463	7315	Idiomarinaceae	Idiomarina seosinensis	6959.0	1465	22	24	1421	0.9861207494795281	0.9849624060150376	0.9699658703071672	0.9399602011517336	0.95133287
AF052740	1465	7325	Idiomarinaceae	Idiomarina abyssalis	JN867053	1536	7680	Idiomarinaceae	Idiomarina indica	6611.0	1465	49	48	1382	0.9752999294283698	0.967235494880546	0.9433447098976109	0.8829058480349502	0.9025256
AF052740	1465	7325	Idiomarinaceae	Idiomarina abyssalis	FM877003	1530	7650	Idiomarinaceae	Idiomarina insulisalsae	6784.0	1465	34	33	1402	0.979050279329609	0.9774744027303754	0.9569965870307168	0.914222223234147	0.92614335
AF052740	1465	7325	Idiomarinaceae	Idiomarina abyssalis	AF288370	1415	7075	Idiomarinaceae	Idiomarina loihiensis	6977.0	1415	3	3	1404	0.9943342776203966	0.9978798586572438	0.992226148409894	0.9880277302925037	0.9861484
AF052740	1465	7325	Idiomarinaceae	Idiomarina abyssalis	KF732819	1508	7540	Idiomarinaceae	Idiomarina tyrosinivorans	6792.0	1465	32	32	1403	0.9790648988136776	0.9781569965870307	0.957679180887372	0.9167363167746188	0.9272355
AF052740	1465	7325	Idiomarinaceae	Idiomarina abyssalis	KC762312	1505	7525	Idiomarinaceae	Idiomarina planktonica	6773.0	1465	32	31	1402	0.9776847977684798	0.978839590443686	0.9569965870307168	0.9167221815644943	0.9246416
AF052740	1465	7325	Idiomarinaceae	Idiomarina abyssalis	EU600204	1507	7535	Idiomarinaceae	Idiomarina donghaiensis	6775.0	1465	38	37	1401	0.9810924369747899	0.9747440273037543	0.9563139931740614	0.9085937340336393	0.92491466
AF052740	1465	7325	Idiomarinaceae	Idiomarina abyssalis	HF954116	1440	7200	Idiomarinaceae	Idiomarina aquatica	6726.0	1420	17	17	1377	0.9814682822523164	0.9880281690140845	0.969718309859155	0.9467743832514923	0.93416667
AF052740	1465	7325	Idiomarinaceae	Idiomarina abyssalis	FJ768737	1477	7379	Idiomarinaceae	Idiomarina aestuarii	6755.0	1465	40	39	1399	0.9810659186535764	0.9733788395904437	0.9549488054607509	0.9048219246425453	0.9221843
AF052740	1465	7325	Idiomarinaceae	Idiomarina abyssalis	AY526861	1455	7257	Idiomarinaceae	Idiomarina fontislapidosi	6893.0	1459	20	24	1411	0.9832752613240419	0.9862542955326461	0.9671007539410555	0.9383296699833771	0.94984156
AF052740	1465	7325	Idiomarinaceae	Idiomarina abyssalis	EF212001	1455	7275	Idiomarinaceae	Idiomarina sediminum	6581.0	1459	43	49	1374	0.9744680851063829	0.9704060564349621	0.9417409184372858	0.8840577197047756	0.9046048
AF052740	1465	7325	Idiomarinaceae	Idiomarina abyssalis	GU471247	1504	7520	Idiomarinaceae	Idiomarina xiamenensis	6651.0	1465	48	50	1385	0.9787985865724381	0.9671907040328093	0.9453924914675768	0.8841575515047067	0.90798634
AF052740	1465	7325	Idiomarinaceae	Idiomarina abyssalis	FJ906745	1430	7150	Idiomarinaceae	Idiomarina aquimaris	6577.0	1430	34	34	1363	0.9763610315186246	0.9762237762237762	0.9531468531468531	0.9088750047766441	0.9198601
AF052740	1465	7325	Idiomarinaceae	Idiomarina abyssalis	KF963828	1489	7445	Idiomarinaceae	Idiomarina halophila	6758.0	1465	38	39	1399	0.9810659186535764	0.9740437158469946	0.9549488054607509	0.9060259458330211	0.92259383
AF052740	1465	7325	Idiomarinaceae	Idiomarina abyssalis	KF487034	1444	7220	Idiomarinaceae	Idiomarina woesei	6672.0	1447	34	37	1381	0.9794326241134752	0.9764542936288089	0.954388389771942	0.908634456163699	0.92409974
AF052740	1465	7325	Idiomarinaceae	Idiomarina abyssalis	AB619724	1397	6985	Idiomarinaceae	Idiomarina piscisalsi	6692.0	1402	17	22	1364	0.9884057971014493	0.9878310665712241	0.9728958630527818	0.9461566532860033	0.958053
AF052740	1465	7325	Idiomarinaceae	Idiomarina abyssalis	AF052741	1464	7308	Idiomarinaceae	Idiomarina zobellii	6987.0	1465	20	21	1425	0.9868421052631579	0.9863387978142076	0.9726962457337884	0.9458406591512394	0.95607555
DQ118948	1465	7325	Idiomarinaceae	Idiomarina taiwanensis	EU600203	1507	7535	Idiomarinaceae	Idiomarina maritima	6912.0	1465	28	27	1417	0.9853963838664812	0.9815699658703072	0.967235494880546	0.9316039126846787	0.94361776
DQ118948	1465	7325	Idiomarinaceae	Idiomarina taiwanensis	AY635468	1463	7315	Idiomarinaceae	Idiomarina seosinensis	6636.0	1465	39	41	1384	0.9719101123595506	0.9733424470266575	0.9447098976109215	0.8944593711422555	0.90717703
DQ118948	1465	7325	Idiomarinaceae	Idiomarina taiwanensis	JN867053	1536	7680	Idiomarinaceae	Idiomarina indica	6808.0	1465	34	33	1405	0.9811452513966481	0.9774744027303754	0.9590443686006825	0.9161784762082571	0.9294198
DQ118948	1465	7325	Idiomarinaceae	Idiomarina taiwanensis	FM877003	1530	7650	Idiomarinaceae	Idiomarina insulisalsae	6894.0	1465	30	29	1415	0.9853760445682451	0.9802047781569966	0.9658703071672355	0.9277523485566223	0.9411604
DQ118948	1465	7325	Idiomarinaceae	Idiomarina taiwanensis	AF288370	1415	7075	Idiomarinaceae	Idiomarina loihiensis	6471.0	1413	37	37	1344	0.9767441860465116	0.9738145789101204	0.9511677282377919	0.9026253752104839	0.914629
DQ118948	1465	7325	Idiomarinaceae	Idiomarina taiwanensis	KF732819	1508	7540	Idiomarinaceae	Idiomarina tyrosinivorans	6753.0	1465	43	43	1397	0.9824191279887482	0.9706484641638226	0.9535836177474403	0.8992015281411538	0.92191124
DQ118948	1465	7325	Idiomarinaceae	Idiomarina taiwanensis	KC762312	1505	7525	Idiomarinaceae	Idiomarina planktonica	6853.0	1465	35	34	1410	0.9853249475890985	0.9767918088737202	0.962457337883959	0.9181843003412968	0.93556315
DQ118948	1465	7325	Idiomarinaceae	Idiomarina taiwanensis	EU600204	1507	7535	Idiomarinaceae	Idiomarina donghaiensis	6936.0	1465	28	27	1420	0.9874826147426982	0.9815699658703072	0.9692832764505119	0.9335762568893745	0.94689417
DQ118948	1465	7325	Idiomarinaceae	Idiomarina taiwanensis	HF954116	1440	7200	Idiomarinaceae	Idiomarina aquatica	6523.0	1439	30	49	1356	0.9755395683453237	0.9788732394366197	0.9423210562890897	0.8916448388303844	0.90597224
DQ118948	1465	7325	Idiomarinaceae	Idiomarina taiwanensis	FJ768737	1477	7379	Idiomarinaceae	Idiomarina aestuarii	6955.0	1465	25	24	1422	0.9868147120055517	0.9836177474402731	0.9706484641638226	0.9387278099732002	0.94948804
DQ118948	1465	7325	Idiomarinaceae	Idiomarina taiwanensis	AY526861	1455	7257	Idiomarinaceae	Idiomarina fontislapidosi	6605.0	1459	36	40	1378	0.971106412966878	0.9752577319587629	0.9444825222755312	0.8964686950561731	0.9101557
DQ118948	1465	7325	Idiomarinaceae	Idiomarina taiwanensis	EF212001	1455	7275	Idiomarinaceae	Idiomarina sediminum	6968.0	1459	22	28	1419	0.9916142557651991	0.9848589125946318	0.9725839616175462	0.9397485814143881	0.9578007
DQ118948	1465	7325	Idiomarinaceae	Idiomarina taiwanensis	GU471247	1504	7520	Idiomarinaceae	Idiomarina xiamenensis	6748.0	1465	45	47	1395	0.9837799717912553	0.9692412850307587	0.9522184300341296	0.8942024727075469	0.92122865
DQ118948	1465	7325	Idiomarinaceae	Idiomarina taiwanensis	FJ906745	1430	7150	Idiomarinaceae	Idiomarina aquimaris	6713.0	1430	31	31	1379	0.9857040743388135	0.9783216783216783	0.9643356643356643	0.9234124533919195	0.9388811
DQ118948	1465	7325	Idiomarinaceae	Idiomarina taiwanensis	KF963828	1489	7445	Idiomarinaceae	Idiomarina halophila	6884.0	1465	32	33	1413	0.986731843575419	0.9781420765027322	0.9645051194539249	0.9226261396513163	0.9397952
DQ118948	1465	7325	Idiomarinaceae	Idiomarina taiwanensis	KF487034	1444	7220	Idiomarinaceae	Idiomarina woesei	6809.0	1447	29	32	1397	0.9872791519434629	0.9799168975069252	0.9654457498272287	0.9255458916026617	0.94307476
DQ118948	1465	7325	Idiomarinaceae	Idiomarina taiwanensis	AB619724	1397	6985	Idiomarinaceae	Idiomarina piscisalsi	6436.0	1406	28	38	1335	0.9758771929824561	0.9799426934097422	0.94950213371266	0.9058011986882281	0.921403
DQ118948	1465	7325	Idiomarinaceae	Idiomarina taiwanensis	AF052741	1464	7308	Idiomarinaceae	Idiomarina zobellii	6702.0	1465	32	33	1393	0.9727653631284916	0.9781420765027322	0.9508532423208191	0.9095670293943975	0.9170772
EU600203	1507	7535	Idiomarinaceae	Idiomarina maritima	AY635468	1463	7315	Idiomarinaceae	Idiomarina seosinensis	6692.0	1466	37	40	1391	0.9754558204768583	0.9747095010252905	0.9488403819918144	0.90023046222244	0.91483253
EU600203	1507	7535	Idiomarinaceae	Idiomarina maritima	JN867053	1536	7680	Idiomarinaceae	Idiomarina indica	7085.0	1507	30	30	1454	0.984427894380501	0.980092899800929	0.9648307896483079	0.9271666078793434	0.9402787
EU600203	1507	7535	Idiomarinaceae	Idiomarina maritima	FM877003	1530	7650	Idiomarinaceae	Idiomarina insulisalsae	7084.0	1502	30	30	1452	0.9864130434782609	0.9800266311584553	0.966711051930759	0.928850305771591	0.94014597
EU600203	1507	7535	Idiomarinaceae	Idiomarina maritima	AF288370	1415	7075	Idiomarinaceae	Idiomarina loihiensis	6535.0	1414	33	34	1352	0.9797101449275363	0.9766454352441614	0.9561527581329562	0.9118803083783549	0.92367494
EU600203	1507	7535	Idiomarinaceae	Idiomarina maritima	KF732819	1508	7540	Idiomarinaceae	Idiomarina tyrosinivorans	6850.0	1492	44	45	1420	0.9813407049067036	0.9704896042924211	0.9517426273458445	0.8965960818811438	0.90909094
EU600203	1507	7535	Idiomarinaceae	Idiomarina maritima	KC762312	1505	7525	Idiomarinaceae	Idiomarina planktonica	7052.0	1505	30	30	1450	0.9830508474576272	0.9800664451827242	0.9634551495016611	0.9257956648305864	0.93714285
EU600203	1507	7535	Idiomarinaceae	Idiomarina maritima	EU600204	1507	7535	Idiomarinaceae	Idiomarina donghaiensis	7284.0	1507	15	15	1478	0.9906166219839142	0.9900464499004645	0.9807564698075647	0.961424870534091	0.9666888
EU600203	1507	7535	Idiomarinaceae	Idiomarina maritima	HF954116	1440	7200	Idiomarinaceae	Idiomarina aquatica	6649.0	1460	29	49	1379	0.9773210489014883	0.9798611111111111	0.9445205479452055	0.8950426414712458	0.9234722
EU600203	1507	7535	Idiomarinaceae	Idiomarina maritima	FJ768737	1477	7379	Idiomarinaceae	Idiomarina aestuarii	6950.0	1477	19	19	1427	0.9787379972565158	0.987136086662153	0.96614759647935	0.9416064142158371	0.94186205
EU600203	1507	7535	Idiomarinaceae	Idiomarina maritima	AY526861	1455	7257	Idiomarinaceae	Idiomarina fontislapidosi	6665.0	1460	33	38	1385	0.9739803094233473	0.977319587628866	0.9486301369863014	0.9035177861986072	0.9184236
EU600203	1507	7535	Idiomarinaceae	Idiomarina maritima	EF212001	1455	7275	Idiomarinaceae	Idiomarina sediminum	6804.0	1463	32	41	1401	0.9852320675105485	0.9779917469050894	0.9576213260423787	0.910861221158704	0.93525773
EU600203	1507	7535	Idiomarinaceae	Idiomarina maritima	GU471247	1504	7520	Idiomarinaceae	Idiomarina xiamenensis	6881.0	1507	44	47	1429	0.9787671232876712	0.9707446808510638	0.9482415394824154	0.8926064781717128	0.9150266
EU600203	1507	7535	Idiomarinaceae	Idiomarina maritima	FJ906745	1430	7150	Idiomarinaceae	Idiomarina aquimaris	6706.0	1431	31	32	1378	0.9849892780557541	0.9783216783216783	0.9629629629629629	0.9214672949283073	0.9379021
EU600203	1507	7535	Idiomarinaceae	Idiomarina maritima	KF963828	1489	7445	Idiomarinaceae	Idiomarina halophila	7088.0	1491	17	19	1448	0.9836956521739131	0.9885829415715245	0.9711602951039571	0.9479760970776027	0.95204836
EU600203	1507	7535	Idiomarinaceae	Idiomarina maritima	KF487034	1444	7220	Idiomarinaceae	Idiomarina woesei	6971.0	1448	14	18	1416	0.9902097902097902	0.9903047091412742	0.9779005524861878	0.9564964364262987	0.96551245
EU600203	1507	7535	Idiomarinaceae	Idiomarina maritima	AB619724	1397	6985	Idiomarinaceae	Idiomarina piscisalsi	6424.0	1407	37	48	1333	0.9808682855040471	0.9734957020057307	0.9474058280028429	0.8916374794015676	0.91968507
EU600203	1507	7535	Idiomarinaceae	Idiomarina maritima	AF052741	1464	7308	Idiomarinaceae	Idiomarina zobellii	6643.0	1466	46	48	1385	0.9767277856135402	0.9685792349726776	0.9447476125511596	0.8860133033052542	0.90900385
AY635468	1463	7315	Idiomarinaceae	Idiomarina seosinensis	JN867053	1536	7680	Idiomarinaceae	Idiomarina indica	6651.0	1463	42	39	1386	0.973314606741573	0.9733424470266575	0.9473684210526315	0.8963804860989683	0.9092276
AY635468	1463	7315	Idiomarinaceae	Idiomarina seosinensis	FM877003	1530	7650	Idiomarinaceae	Idiomarina insulisalsae	6739.0	1463	38	35	1396	0.9775910364145658	0.9760765550239234	0.9542036910457963	0.9077967160648881	0.9212577
AY635468	1463	7315	Idiomarinaceae	Idiomarina seosinensis	AF288370	1415	7075	Idiomarinaceae	Idiomarina loihiensis	6697.0	1413	22	20	1370	0.9834888729361091	0.9858457183297947	0.9695682944090588	0.9411906857922083	0.9465724
AY635468	1463	7315	Idiomarinaceae	Idiomarina seosinensis	KF732819	1508	7540	Idiomarinaceae	Idiomarina tyrosinivorans	6766.0	1463	40	38	1398	0.9810526315789474	0.974025974025974	0.9555707450444293	0.9059802472976126	0.92494875
AY635468	1463	7315	Idiomarinaceae	Idiomarina seosinensis	KC762312	1505	7525	Idiomarinaceae	Idiomarina planktonica	6735.0	1463	39	36	1395	0.9775753328661527	0.9753930280246069	0.9535201640464799	0.9059076392106038	0.92071086
AY635468	1463	7315	Idiomarinaceae	Idiomarina seosinensis	EU600204	1507	7535	Idiomarinaceae	Idiomarina donghaiensis	6705.0	1463	36	33	1393	0.9741258741258741	0.9774436090225563	0.9521531100478469	0.908324848144377	0.9166097
AY635468	1463	7315	Idiomarinaceae	Idiomarina seosinensis	HF954116	1440	7200	Idiomarinaceae	Idiomarina aquatica	6863.0	1418	19	17	1391	0.9928622412562456	0.9880112834978844	0.9809590973201693	0.9563839216044239	0.95319444
AY635468	1463	7315	Idiomarinaceae	Idiomarina seosinensis	FJ768737	1477	7379	Idiomarinaceae	Idiomarina aestuarii	6654.0	1463	43	40	1386	0.9739985945186226	0.9726589200273411	0.9473684210526315	0.8951562172363178	0.90963775
AY635468	1463	7315	Idiomarinaceae	Idiomarina seosinensis	AY526861	1455	7257	Idiomarinaceae	Idiomarina fontislapidosi	6905.0	1457	24	26	1411	0.9860237596086653	0.9835051546391752	0.9684282772820865	0.9357331970227318	0.9514951
AY635468	1463	7315	Idiomarinaceae	Idiomarina seosinensis	EF212001	1455	7275	Idiomarinaceae	Idiomarina sediminum	6537.0	1457	47	51	1368	0.972972972972973	0.9676531314521679	0.9389155799588195	0.8777362403072474	0.8985567
AY635468	1463	7315	Idiomarinaceae	Idiomarina seosinensis	GU471247	1504	7520	Idiomarinaceae	Idiomarina xiamenensis	6672.0	1463	33	33	1389	0.9713286713286713	0.9774436090225563	0.949419002050581	0.907532869607173	0.9120984
AY635468	1463	7315	Idiomarinaceae	Idiomarina seosinensis	FJ906745	1430	7150	Idiomarinaceae	Idiomarina aquimaris	6519.0	1454	35	59	1361	0.9756272401433692	0.9755244755244755	0.9360385144429161	0.8769467613484674	0.91174823
AY635468	1463	7315	Idiomarinaceae	Idiomarina seosinensis	KF963828	1489	7445	Idiomarinaceae	Idiomarina halophila	6731.0	1463	36	35	1395	0.976890756302521	0.9760765550239234	0.9535201640464799	0.9083567673504825	0.92016405
AY635468	1463	7315	Idiomarinaceae	Idiomarina seosinensis	KF487034	1444	7220	Idiomarinaceae	Idiomarina woesei	6609.0	1445	30	31	1374	0.9717114568599717	0.9792243767313019	0.9508650519031142	0.9115411412820362	0.915374
AY635468	1463	7315	Idiomarinaceae	Idiomarina seosinensis	AB619724	1397	6985	Idiomarinaceae	Idiomarina piscisalsi	6623.0	1400	21	24	1355	0.9847383720930233	0.9849677881173944	0.9678571428571429	0.9372071981501959	0.94817466
AY635468	1463	7315	Idiomarinaceae	Idiomarina seosinensis	AF052741	1464	7308	Idiomarinaceae	Idiomarina zobellii	6936.0	1463	20	19	1418	0.981994459833795	0.987012987012987	0.9692412850307587	0.9437521345815345	0.94909686
JN867053	1536	7680	Idiomarinaceae	Idiomarina indica	FM877003	1530	7650	Idiomarinaceae	Idiomarina insulisalsae	7079.0	1530	37	37	1463	0.9799062290689886	0.9758169934640523	0.9562091503267974	0.9110531342934962	0.9253595
JN867053	1536	7680	Idiomarinaceae	Idiomarina indica	AF288370	1415	7075	Idiomarinaceae	Idiomarina loihiensis	6365.0	1414	46	47	1332	0.9743964886613021	0.967445152158528	0.942008486562942	0.882003836391467	0.89964664
JN867053	1536	7680	Idiomarinaceae	Idiomarina indica	KF732819	1508	7540	Idiomarinaceae	Idiomarina tyrosinivorans	6808.0	1509	54	55	1422	0.9779917469050894	0.9641909814323607	0.9423459244532804	0.8766289022105372	0.90291774
JN867053	1536	7680	Idiomarinaceae	Idiomarina indica	KC762312	1505	7525	Idiomarinaceae	Idiomarina planktonica	6925.0	1505	37	37	1435	0.9775204359673024	0.9754152823920266	0.9534883720930233	0.9077308237565228	0.9202658
JN867053	1536	7680	Idiomarinaceae	Idiomarina indica	EU600204	1507	7535	Idiomarinaceae	Idiomarina donghaiensis	7021.0	1507	33	33	1447	0.9816824966078698	0.9781021897810219	0.960185799601858	0.9190349796189212	0.931785
JN867053	1536	7680	Idiomarinaceae	Idiomarina indica	HF954116	1440	7200	Idiomarinaceae	Idiomarina aquatica	6575.0	1460	37	57	1370	0.9764789736279401	0.9743055555555555	0.9383561643835616	0.8794346684236052	0.9131944
JN867053	1536	7680	Idiomarinaceae	Idiomarina indica	FJ768737	1477	7379	Idiomarinaceae	Idiomarina aestuarii	6876.0	1477	24	24	1418	0.9759119064005506	0.983750846310088	0.960054163845633	0.9293528981130611	0.93183357
JN867053	1536	7680	Idiomarinaceae	Idiomarina indica	AY526861	1455	7257	Idiomarinaceae	Idiomarina fontislapidosi	6511.0	1460	48	53	1366	0.9708599857853589	0.9670103092783505	0.9356164383561644	0.8729524726572435	0.89720273
JN867053	1536	7680	Idiomarinaceae	Idiomarina indica	EF212001	1455	7275	Idiomarinaceae	Idiomarina sediminum	6696.0	1463	41	50	1388	0.9823071479122435	0.9718019257221459	0.9487354750512645	0.8913319323453702	0.92041236
JN867053	1536	7680	Idiomarinaceae	Idiomarina indica	GU471247	1504	7520	Idiomarinaceae	Idiomarina xiamenensis	6832.0	1507	47	50	1423	0.9766643788606726	0.96875	0.9442601194426012	0.8853198159767502	0.9085106
JN867053	1536	7680	Idiomarinaceae	Idiomarina indica	FJ906745	1430	7150	Idiomarinaceae	Idiomarina aquimaris	6484.0	1431	46	47	1352	0.976878612716763	0.9678321678321679	0.9447938504542278	0.8853044610891343	0.90685314
JN867053	1536	7680	Idiomarinaceae	Idiomarina indica	KF963828	1489	7445	Idiomarinaceae	Idiomarina halophila	6904.0	1491	28	30	1427	0.9767282683093771	0.9811954331766286	0.9570757880617036	0.9205317487545417	0.9273338
JN867053	1536	7680	Idiomarinaceae	Idiomarina indica	KF487034	1444	7220	Idiomarinaceae	Idiomarina woesei	6714.0	1448	29	33	1386	0.9795053003533569	0.9799168975069252	0.9571823204419889	0.9170026969704904	0.9299169
JN867053	1536	7680	Idiomarinaceae	Idiomarina indica	AB619724	1397	6985	Idiomarinaceae	Idiomarina piscisalsi	6325.0	1407	44	55	1322	0.977810650887574	0.9684813753581661	0.9395877754086709	0.875480821745364	0.9055118
JN867053	1536	7680	Idiomarinaceae	Idiomarina indica	AF052741	1464	7308	Idiomarinaceae	Idiomarina zobellii	6570.0	1466	45	47	1377	0.9704016913319239	0.9692622950819673	0.9392905866302865	0.8821001604423406	0.8990148
FM877003	1530	7650	Idiomarinaceae	Idiomarina insulisalsae	AF288370	1415	7075	Idiomarinaceae	Idiomarina loihiensis	6532.0	1416	32	33	1352	0.9775849602313811	0.9773851590106007	0.9548022598870056	0.9119416612042326	0.92325085
FM877003	1530	7650	Idiomarinaceae	Idiomarina insulisalsae	KF732819	1508	7540	Idiomarinaceae	Idiomarina tyrosinivorans	6946.0	1509	39	40	1439	0.9795779441797141	0.9741379310344828	0.953611663353214	0.9049454350554724	0.9212202
FM877003	1530	7650	Idiomarinaceae	Idiomarina insulisalsae	KC762312	1505	7525	Idiomarinaceae	Idiomarina planktonica	6972.0	1500	37	37	1438	0.9829118250170882	0.9753333333333334	0.9586666666666667	0.9125109520711343	0.92651165
FM877003	1530	7650	Idiomarinaceae	Idiomarina insulisalsae	EU600204	1507	7535	Idiomarinaceae	Idiomarina donghaiensis	7119.0	1502	19	19	1457	0.9824679703304113	0.9873501997336884	0.9700399467376831	0.9458048921840789	0.94479096
FM877003	1530	7650	Idiomarinaceae	Idiomarina insulisalsae	HF954116	1440	7200	Idiomarinaceae	Idiomarina aquatica	6668.0	1436	27	28	1376	0.9772727272727273	0.981184668989547	0.958217270194986	0.9221940645485579	0.9261111
FM877003	1530	7650	Idiomarinaceae	Idiomarina insulisalsae	FJ768737	1477	7379	Idiomarinaceae	Idiomarina aestuarii	6844.0	1477	32	32	1414	0.9785467128027682	0.9783344617467841	0.957345971563981	0.9167428289661713	0.92749697
FM877003	1530	7650	Idiomarinaceae	Idiomarina insulisalsae	AY526861	1455	7257	Idiomarinaceae	Idiomarina fontislapidosi	6748.0	1460	22	27	1395	0.9734822051639916	0.9848797250859107	0.9554794520547946	0.9238880261771394	0.92986083
FM877003	1530	7650	Idiomarinaceae	Idiomarina insulisalsae	EF212001	1455	7275	Idiomarinaceae	Idiomarina sediminum	6890.0	1463	25	34	1411	0.9874037788663401	0.982806052269601	0.9644565960355435	0.9262153734776826	0.94707906
FM877003	1530	7650	Idiomarinaceae	Idiomarina insulisalsae	GU471247	1504	7520	Idiomarinaceae	Idiomarina xiamenensis	6753.0	1502	53	56	1411	0.9757952973720608	0.9646430953969313	0.9394141145139814	0.8735645077731299	0.8980053
FM877003	1530	7650	Idiomarinaceae	Idiomarina insulisalsae	FJ906745	1430	7150	Idiomarinaceae	Idiomarina aquimaris	6841.0	1431	22	23	1394	0.9900568181818182	0.9846153846153847	0.9741439552760307	0.9439743214237104	0.95678324
FM877003	1530	7650	Idiomarinaceae	Idiomarina insulisalsae	KF963828	1489	7445	Idiomarinaceae	Idiomarina halophila	7058.0	1488	26	28	1443	0.9883561643835617	0.9825033647375505	0.969758064516129	0.9351695998636382	0.9480188
FM877003	1530	7650	Idiomarinaceae	Idiomarina insulisalsae	KF487034	1444	7220	Idiomarinaceae	Idiomarina woesei	6816.0	1448	21	25	1398	0.9824314827828531	0.9854570637119113	0.9654696132596685	0.9352370726130077	0.9440443
FM877003	1530	7650	Idiomarinaceae	Idiomarina insulisalsae	AB619724	1397	6985	Idiomarinaceae	Idiomarina piscisalsi	6441.0	1403	32	38	1335	0.978021978021978	0.9770937723693629	0.9515324305060584	0.9051162143838117	0.92211884
FM877003	1530	7650	Idiomarinaceae	Idiomarina insulisalsae	AF052741	1464	7308	Idiomarinaceae	Idiomarina zobellii	6703.0	1466	33	35	1393	0.973445143256464	0.9774590163934426	0.9502046384720327	0.9070999584079245	0.91721404
AF288370	1415	7075	Idiomarinaceae	Idiomarina loihiensis	KF732819	1508	7540	Idiomarinaceae	Idiomarina tyrosinivorans	6523.0	1415	37	37	1350	0.9796806966618288	0.9738515901060071	0.9540636042402827	0.9054405279911223	0.9219788
AF288370	1415	7075	Idiomarinaceae	Idiomarina loihiensis	KC762312	1505	7525	Idiomarinaceae	Idiomarina planktonica	6549.0	1413	30	29	1354	0.9783236994219653	0.9794762915782024	0.9582448690728945	0.919065071931314	0.9256537
AF288370	1415	7075	Idiomarinaceae	Idiomarina loihiensis	EU600204	1507	7535	Idiomarinaceae	Idiomarina donghaiensis	6546.0	1413	36	35	1353	0.9818577648766328	0.9752300070771408	0.9575371549893843	0.9106184952210984	0.92522967
AF288370	1415	7075	Idiomarinaceae	Idiomarina loihiensis	HF954116	1440	7200	Idiomarinaceae	Idiomarina aquatica	6642.0	1402	17	17	1360	0.9819494584837545	0.9878744650499287	0.9700427960057061	0.9468000510696991	0.9387986
AF288370	1415	7075	Idiomarinaceae	Idiomarina loihiensis	FJ768737	1477	7379	Idiomarinaceae	Idiomarina aestuarii	6546.0	1413	39	38	1353	0.984	0.97310686482661	0.9575371549893843	0.906758669497523	0.92522967
AF288370	1415	7075	Idiomarinaceae	Idiomarina loihiensis	AY526861	1455	7257	Idiomarinaceae	Idiomarina fontislapidosi	6704.0	1415	19	20	1372	0.9835125448028674	0.9865629420084866	0.9696113074204947	0.9432411254195189	0.94756186
AF288370	1415	7075	Idiomarinaceae	Idiomarina loihiensis	EF212001	1455	7275	Idiomarinaceae	Idiomarina sediminum	6457.0	1413	39	38	1342	0.976	0.97310686482661	0.9497523000707714	0.899386647794291	0.91265017
AF288370	1415	7075	Idiomarinaceae	Idiomarina loihiensis	GU471247	1504	7520	Idiomarinaceae	Idiomarina xiamenensis	6418.0	1415	56	49	1338	0.9795021961932651	0.9653710247349824	0.945583038869258	0.8780873086984408	0.9071378
AF288370	1415	7075	Idiomarinaceae	Idiomarina loihiensis	FJ906745	1430	7150	Idiomarinaceae	Idiomarina aquimaris	6431.0	1400	38	38	1333	0.9787077826725403	0.9728571428571429	0.9521428571428572	0.9018209815219551	0.90897524
AF288370	1415	7075	Idiomarinaceae	Idiomarina loihiensis	KF963828	1489	7445	Idiomarinaceae	Idiomarina halophila	6577.0	1413	34	35	1356	0.9840348330914369	0.9759206798866855	0.9596602972399151	0.9138990252913636	0.9296113
AF288370	1415	7075	Idiomarinaceae	Idiomarina loihiensis	KF487034	1444	7220	Idiomarinaceae	Idiomarina woesei	6558.0	1413	32	31	1355	0.9804630969609262	0.9780608634111819	0.9589525831564049	0.9171435778007968	0.9269258
AF288370	1415	7075	Idiomarinaceae	Idiomarina loihiensis	AB619724	1397	6985	Idiomarinaceae	Idiomarina piscisalsi	6665.0	1398	20	21	1360	0.9876543209876543	0.9856836077308518	0.9728183118741058	0.9446902788791564	0.9541876
AF288370	1415	7075	Idiomarinaceae	Idiomarina loihiensis	AF052741	1464	7308	Idiomarinaceae	Idiomarina zobellii	6716.0	1415	18	19	1373	0.9835243553008596	0.9872701555869873	0.9703180212014134	0.9452644505214048	0.94925797
KF732819	1508	7540	Idiomarinaceae	Idiomarina tyrosinivorans	KC762312	1505	7525	Idiomarinaceae	Idiomarina planktonica	6748.0	1489	50	49	1407	0.9770833333333333	0.9670920080591001	0.9449294828744124	0.8841445453795671	0.8967442
KF732819	1508	7540	Idiomarinaceae	Idiomarina tyrosinivorans	EU600204	1507	7535	Idiomarinaceae	Idiomarina donghaiensis	6825.0	1491	43	42	1418	0.9786059351276742	0.971830985915493	0.9510395707578806	0.8983418109701232	0.90577304
KF732819	1508	7540	Idiomarinaceae	Idiomarina tyrosinivorans	HF954116	1440	7200	Idiomarinaceae	Idiomarina aquatica	6717.0	1425	29	29	1377	0.9863896848137536	0.9796491228070175	0.9663157894736842	0.9277694925070585	0.93291664
KF732819	1508	7540	Idiomarinaceae	Idiomarina tyrosinivorans	FJ768737	1477	7379	Idiomarinaceae	Idiomarina aestuarii	6705.0	1475	48	47	1396	0.9775910364145658	0.9681355932203389	0.9464406779661017	0.8874046540614532	0.9086597
KF732819	1508	7540	Idiomarinaceae	Idiomarina tyrosinivorans	AY526861	1455	7257	Idiomarinaceae	Idiomarina fontislapidosi	6808.0	1459	28	32	1401	0.9817799579537492	0.9807560137457044	0.9602467443454421	0.9215010788035951	0.9381287
KF732819	1508	7540	Idiomarinaceae	Idiomarina tyrosinivorans	EF212001	1455	7275	Idiomarinaceae	Idiomarina sediminum	6634.0	1462	48	56	1380	0.9815078236130867	0.9669876203576341	0.9439124487004104	0.878901260180647	0.91189003
KF732819	1508	7540	Idiomarinaceae	Idiomarina tyrosinivorans	GU471247	1504	7520	Idiomarinaceae	Idiomarina xiamenensis	6782.0	1491	51	53	1410	0.980528511821975	0.9657488247145736	0.9456740442655935	0.8818931748728428	0.9018617
KF732819	1508	7540	Idiomarinaceae	Idiomarina tyrosinivorans	FJ906745	1430	7150	Idiomarinaceae	Idiomarina aquimaris	6631.0	1430	35	35	1369	0.9813620071684588	0.9755244755244755	0.9573426573426573	0.9115993221795269	0.92741257
KF732819	1508	7540	Idiomarinaceae	Idiomarina tyrosinivorans	KF963828	1489	7445	Idiomarinaceae	Idiomarina halophila	6666.0	1477	58	59	1391	0.9809590973201693	0.9607046070460704	0.9417738659444821	0.8699904507552284	0.895366
KF732819	1508	7540	Idiomarinaceae	Idiomarina tyrosinivorans	KF487034	1444	7220	Idiomarinaceae	Idiomarina woesei	6624.0	1447	41	44	1375	0.9800427655024947	0.971606648199446	0.9502418797512094	0.8959605895772492	0.9174515
KF732819	1508	7540	Idiomarinaceae	Idiomarina tyrosinivorans	AB619724	1397	6985	Idiomarinaceae	Idiomarina piscisalsi	6556.0	1402	24	29	1348	0.9817916970138383	0.9828203292770222	0.9614835948644793	0.9257482298379595	0.93858266
KF732819	1508	7540	Idiomarinaceae	Idiomarina tyrosinivorans	AF052741	1464	7308	Idiomarinaceae	Idiomarina zobellii	6802.0	1465	26	27	1404	0.9763560500695411	0.98224043715847	0.9583617747440273	0.9242952596122812	0.9307608
KC762312	1505	7525	Idiomarinaceae	Idiomarina planktonica	EU600204	1507	7535	Idiomarinaceae	Idiomarina donghaiensis	7063.0	1505	28	28	1451	0.982396750169262	0.9813953488372092	0.9641196013289036	0.9289006204584414	0.93860465
KC762312	1505	7525	Idiomarinaceae	Idiomarina planktonica	HF954116	1440	7200	Idiomarinaceae	Idiomarina aquatica	6630.0	1460	29	49	1377	0.9759036144578314	0.9798611111111111	0.9431506849315069	0.8937445375677343	0.92083335
KC762312	1505	7525	Idiomarinaceae	Idiomarina planktonica	FJ768737	1477	7379	Idiomarinaceae	Idiomarina aestuarii	7088.0	1477	12	12	1443	0.9849829351535836	0.991875423155044	0.976980365605958	0.9612332005458216	0.9605638
KC762312	1505	7525	Idiomarinaceae	Idiomarina planktonica	AY526861	1455	7257	Idiomarinaceae	Idiomarina fontislapidosi	6642.0	1460	36	41	1382	0.9739252995066948	0.9752577319587629	0.9465753424657535	0.8978545527800162	0.91525424
KC762312	1505	7525	Idiomarinaceae	Idiomarina planktonica	EF212001	1455	7275	Idiomarinaceae	Idiomarina sediminum	6713.0	1463	38	47	1390	0.981638418079096	0.9738651994497937	0.9501025290498974	0.896299254586712	0.92274916
KC762312	1505	7525	Idiomarinaceae	Idiomarina planktonica	GU471247	1504	7520	Idiomarinaceae	Idiomarina xiamenensis	6895.0	1505	36	39	1430	0.975443383356071	0.9760319573901465	0.9501661129568106	0.9039218180367842	0.9168883
KC762312	1505	7525	Idiomarinaceae	Idiomarina planktonica	FJ906745	1430	7150	Idiomarinaceae	Idiomarina aquimaris	6571.0	1431	42	43	1362	0.9812680115273775	0.9706293706293706	0.9517819706498952	0.8968590463421958	0.91902095
KC762312	1505	7525	Idiomarinaceae	Idiomarina planktonica	KF963828	1489	7445	Idiomarinaceae	Idiomarina halophila	7027.0	1491	25	27	1441	0.9842896174863388	0.9832102081934184	0.9664654594232059	0.9333149291527529	0.9438549
KC762312	1505	7525	Idiomarinaceae	Idiomarina planktonica	KF487034	1444	7220	Idiomarinaceae	Idiomarina woesei	6730.0	1448	26	30	1388	0.9788434414668548	0.981994459833795	0.9585635359116023	0.9221459253206594	0.93213296
KC762312	1505	7525	Idiomarinaceae	Idiomarina planktonica	AB619724	1397	6985	Idiomarinaceae	Idiomarina piscisalsi	6391.0	1407	35	46	1330	0.9772226304188097	0.9749283667621776	0.945273631840796	0.8921757371257444	0.9149606
KC762312	1505	7525	Idiomarinaceae	Idiomarina planktonica	AF052741	1464	7308	Idiomarinaceae	Idiomarina zobellii	6644.0	1466	39	41	1386	0.9726315789473684	0.9733606557377049	0.9454297407912687	0.895174339287414	0.90914065
EU600204	1507	7535	Idiomarinaceae	Idiomarina donghaiensis	HF954116	1440	7200	Idiomarinaceae	Idiomarina aquatica	6648.0	1460	27	47	1379	0.9759377211606511	0.98125	0.9445205479452055	0.8975168354045564	0.92333335
EU600204	1507	7535	Idiomarinaceae	Idiomarina donghaiensis	FJ768737	1477	7379	Idiomarinaceae	Idiomarina aestuarii	7013.0	1477	18	18	1434	0.9828649760109665	0.987813134732566	0.970886932972241	0.9475077158571905	0.95039976
EU600204	1507	7535	Idiomarinaceae	Idiomarina donghaiensis	AY526861	1455	7257	Idiomarinaceae	Idiomarina fontislapidosi	6688.0	1460	30	35	1388	0.9740350877192983	0.979381443298969	0.9506849315068493	0.9092120989243356	0.92159295
EU600204	1507	7535	Idiomarinaceae	Idiomarina donghaiensis	EF212001	1455	7275	Idiomarinaceae	Idiomarina sediminum	6807.0	1463	25	34	1402	0.9811056682995102	0.982806052269601	0.9583048530416951	0.920307550400929	0.9356701
EU600204	1507	7535	Idiomarinaceae	Idiomarina donghaiensis	GU471247	1504	7520	Idiomarinaceae	Idiomarina xiamenensis	6847.0	1507	51	54	1424	0.9800412938747419	0.9660904255319149	0.9449236894492369	0.8812414125608095	0.9105053
EU600204	1507	7535	Idiomarinaceae	Idiomarina donghaiensis	FJ906745	1430	7150	Idiomarinaceae	Idiomarina aquimaris	6759.0	1431	17	18	1385	0.9801840056617127	0.9881118881118881	0.9678546470999301	0.9444603704089787	0.9453147
EU600204	1507	7535	Idiomarinaceae	Idiomarina donghaiensis	KF963828	1489	7445	Idiomarinaceae	Idiomarina halophila	7085.0	1491	24	26	1447	0.9877133105802047	0.9838817998656817	0.9704896042924211	0.9384602444147835	0.9516454
EU600204	1507	7535	Idiomarinaceae	Idiomarina donghaiensis	KF487034	1444	7220	Idiomarinaceae	Idiomarina woesei	7124.0	1448	2	6	1434	0.9944521497919556	0.9986149584487535	0.9903314917127072	0.9848675938273956	0.9867036
EU600204	1507	7535	Idiomarinaceae	Idiomarina donghaiensis	AB619724	1397	6985	Idiomarinaceae	Idiomarina piscisalsi	6429.0	1407	33	44	1334	0.9787234042553191	0.9763610315186246	0.9481165600568585	0.8974186606649293	0.92040086
EU600204	1507	7535	Idiomarinaceae	Idiomarina donghaiensis	AF052741	1464	7308	Idiomarinaceae	Idiomarina zobellii	6688.0	1466	39	41	1391	0.976140350877193	0.9733606557377049	0.9488403819918144	0.898403683945738	0.9151615
HF954116	1440	7200	Idiomarinaceae	Idiomarina aquatica	FJ768737	1477	7379	Idiomarinaceae	Idiomarina aestuarii	6562.0	1426	51	31	1363	0.9770609318996416	0.9782608695652174	0.955820476858345	0.9027552912778546	0.9113889
HF954116	1440	7200	Idiomarinaceae	Idiomarina aquatica	AY526861	1455	7257	Idiomarinaceae	Idiomarina fontislapidosi	6934.0	1419	11	11	1400	0.9943181818181818	0.9922480620155039	0.9866102889358703	0.9714316691060877	0.96305555
HF954116	1440	7200	Idiomarinaceae	Idiomarina aquatica	EF212001	1455	7275	Idiomarinaceae	Idiomarina sediminum	6531.0	1423	31	36	1354	0.9762076423936553	0.9781382228490832	0.9515108924806747	0.9076654799660906	0.90708333
HF954116	1440	7200	Idiomarinaceae	Idiomarina aquatica	GU471247	1504	7520	Idiomarinaceae	Idiomarina xiamenensis	6484.0	1440	62	45	1358	0.9734767025089606	0.96875	0.9430555555555555	0.8758738348868176	0.90055555
HF954116	1440	7200	Idiomarinaceae	Idiomarina aquatica	FJ906745	1430	7150	Idiomarinaceae	Idiomarina aquimaris	6434.0	1387	27	27	1329	0.9772058823529411	0.9805335255948089	0.9581831290555155	0.9215905625993642	0.89986014
HF954116	1440	7200	Idiomarinaceae	Idiomarina aquatica	KF963828	1489	7445	Idiomarinaceae	Idiomarina halophila	6604.0	1438	52	34	1372	0.9772079772079773	0.9763560500695411	0.9541029207232267	0.8990338930841679	0.9172222
HF954116	1440	7200	Idiomarinaceae	Idiomarina aquatica	KF487034	1444	7220	Idiomarinaceae	Idiomarina woesei	6506.0	1410	23	22	1348	0.9711815561959655	0.9843971631205674	0.9560283687943263	0.9260065428377704	0.9036111
HF954116	1440	7200	Idiomarinaceae	Idiomarina aquatica	AB619724	1397	6985	Idiomarinaceae	Idiomarina piscisalsi	6745.0	1402	7	12	1371	0.9863309352517986	0.9949892627057981	0.9778887303851641	0.9647021541769895	0.96564066
HF954116	1440	7200	Idiomarinaceae	Idiomarina aquatica	AF052741	1464	7308	Idiomarinaceae	Idiomarina zobellii	6747.0	1420	14	15	1379	0.9814946619217082	0.9901338971106413	0.9711267605633803	0.9514875164515686	0.9370833
FJ768737	1477	7379	Idiomarinaceae	Idiomarina aestuarii	AY526861	1455	7257	Idiomarinaceae	Idiomarina fontislapidosi	6657.0	1460	38	43	1384	0.976711362032463	0.9738831615120275	0.947945205479452	0.8966878212045284	0.9173212
FJ768737	1477	7379	Idiomarinaceae	Idiomarina aestuarii	EF212001	1455	7275	Idiomarinaceae	Idiomarina sediminum	6787.0	1463	30	39	1399	0.9824438202247191	0.9793672627235214	0.9562542720437457	0.9120603371669751	0.93292093
FJ768737	1477	7379	Idiomarinaceae	Idiomarina aestuarii	GU471247	1504	7520	Idiomarinaceae	Idiomarina xiamenensis	6775.0	1477	47	50	1403	0.9831814996496145	0.9681139755766621	0.949898442789438	0.889439027467538	0.9181461
FJ768737	1477	7379	Idiomarinaceae	Idiomarina aestuarii	FJ906745	1430	7150	Idiomarinaceae	Idiomarina aquimaris	6592.0	1431	35	36	1365	0.978494623655914	0.9755244755244755	0.9538784067085954	0.9076810213905119	0.921958
FJ768737	1477	7379	Idiomarinaceae	Idiomarina aestuarii	KF963828	1489	7445	Idiomarinaceae	Idiomarina halophila	7003.0	1477	26	28	1432	0.9882677708764666	0.9823728813559321	0.969532836831415	0.9346993217356755	0.9490446
FJ768737	1477	7379	Idiomarinaceae	Idiomarina aestuarii	KF487034	1444	7220	Idiomarinaceae	Idiomarina woesei	6812.0	1448	18	22	1398	0.9803646563814866	0.9875346260387812	0.9654696132596685	0.9391266497328018	0.9434903
FJ768737	1477	7379	Idiomarinaceae	Idiomarina aestuarii	AB619724	1397	6985	Idiomarinaceae	Idiomarina piscisalsi	6384.0	1407	36	47	1329	0.9772058823529411	0.9742120343839542	0.9445628997867804	0.8902325320235769	0.9139585
FJ768737	1477	7379	Idiomarinaceae	Idiomarina aestuarii	AF052741	1464	7308	Idiomarinaceae	Idiomarina zobellii	6661.0	1466	40	42	1388	0.9747191011235955	0.9726775956284153	0.946793997271487	0.8952421328782189	0.9114669
AY526861	1455	7257	Idiomarinaceae	Idiomarina fontislapidosi	EF212001	1455	7275	Idiomarinaceae	Idiomarina sediminum	6621.0	1451	33	36	1377	0.9731448763250884	0.9772099447513812	0.9490006891798759	0.9048759940630218	0.9123605
AY526861	1455	7257	Idiomarinaceae	Idiomarina fontislapidosi	GU471247	1504	7520	Idiomarinaceae	Idiomarina xiamenensis	6473.0	1455	57	55	1360	0.9714285714285714	0.9621993127147767	0.9347079037800687	0.8654702812778415	0.8919664
AY526861	1455	7257	Idiomarinaceae	Idiomarina fontislapidosi	FJ906745	1430	7150	Idiomarinaceae	Idiomarina aquimaris	6581.0	1423	29	25	1362	0.9742489270386266	0.9824314827828531	0.9571328179901616	0.9215369693872216	0.9204196
AY526861	1455	7257	Idiomarinaceae	Idiomarina fontislapidosi	KF963828	1489	7445	Idiomarinaceae	Idiomarina halophila	6642.0	1455	44	41	1381	0.9766619519094767	0.9718213058419244	0.9491408934707903	0.8953203624867896	0.91525424
AY526861	1455	7257	Idiomarinaceae	Idiomarina fontislapidosi	KF487034	1444	7220	Idiomarinaceae	Idiomarina woesei	6638.0	1442	25	23	1377	0.9704016913319239	0.9840499306518724	0.9549237170596394	0.923678769262187	0.91939056
AY526861	1455	7257	Idiomarinaceae	Idiomarina fontislapidosi	AB619724	1397	6985	Idiomarinaceae	Idiomarina piscisalsi	6700.0	1402	17	22	1365	0.9891304347826086	0.9878310665712241	0.9736091298145506	0.9468503165215503	0.9591983
AY526861	1455	7257	Idiomarinaceae	Idiomarina fontislapidosi	AF052741	1464	7308	Idiomarinaceae	Idiomarina zobellii	6869.0	1455	23	20	1408	0.981184668989547	0.9862542955326461	0.9676975945017182	0.9395440108998415	0.9465344
EF212001	1455	7275	Idiomarinaceae	Idiomarina sediminum	GU471247	1504	7520	Idiomarinaceae	Idiomarina xiamenensis	6519.0	1454	65	59	1365	0.978494623655914	0.9594222833562586	0.9387895460797799	0.8621536647671448	0.89608246
EF212001	1455	7275	Idiomarinaceae	Idiomarina sediminum	FJ906745	1430	7150	Idiomarinaceae	Idiomarina aquimaris	6783.0	1424	27	25	1385	0.9899928520371694	0.9824438202247191	0.9726123595505618	0.9377565065549525	0.94867134
EF212001	1455	7275	Idiomarinaceae	Idiomarina sediminum	KF963828	1489	7445	Idiomarinaceae	Idiomarina halophila	6817.0	1454	38	31	1402	0.9852424455375967	0.9786795048143053	0.9642365887207703	0.919643877848295	0.9370447
EF212001	1455	7275	Idiomarinaceae	Idiomarina sediminum	KF487034	1444	7220	Idiomarinaceae	Idiomarina woesei	6764.0	1448	22	27	1392	0.9795918367346939	0.9847539847539848	0.9613259668508287	0.9292817679558011	0.9368421
EF212001	1455	7275	Idiomarinaceae	Idiomarina sediminum	AB619724	1397	6985	Idiomarinaceae	Idiomarina piscisalsi	6411.0	1407	32	43	1332	0.9765395894428153	0.9770773638968482	0.9466950959488273	0.8973537949091038	0.9178239
EF212001	1455	7275	Idiomarinaceae	Idiomarina sediminum	AF052741	1464	7308	Idiomarinaceae	Idiomarina zobellii	6519.0	1453	49	44	1367	0.9701916252661462	0.9697178251892636	0.9408121128699243	0.8825594321129983	0.89608246
GU471247	1504	7520	Idiomarinaceae	Idiomarina xiamenensis	FJ906745	1430	7150	Idiomarinaceae	Idiomarina aquimaris	6442.0	1454	44	68	1351	0.9747474747474747	0.9692307692307692	0.9291609353507565	0.8596909588759336	0.90097904
GU471247	1504	7520	Idiomarinaceae	Idiomarina xiamenensis	KF963828	1489	7445	Idiomarinaceae	Idiomarina halophila	6795.0	1488	43	42	1412	0.9764868603042877	0.9717741935483871	0.9489247311827957	0.8962411242915236	0.9126931
GU471247	1504	7520	Idiomarinaceae	Idiomarina xiamenensis	KF487034	1444	7220	Idiomarinaceae	Idiomarina woesei	6581.0	1445	48	49	1368	0.9799426934097422	0.9667590027700831	0.946712802768166	0.8852050051335297	0.91149586
GU471247	1504	7520	Idiomarinaceae	Idiomarina xiamenensis	AB619724	1397	6985	Idiomarinaceae	Idiomarina piscisalsi	6345.0	1404	40	48	1323	0.9756637168141593	0.9713467048710601	0.9423076923076923	0.8848817387598551	0.9083751
GU471247	1504	7520	Idiomarinaceae	Idiomarina xiamenensis	AF052741	1464	7308	Idiomarinaceae	Idiomarina zobellii	6598.0	1463	45	44	1379	0.9718111346018323	0.9699248120300752	0.9425837320574163	0.8869537903113222	0.9028462
FJ906745	1430	7150	Idiomarinaceae	Idiomarina aquimaris	KF963828	1489	7445	Idiomarinaceae	Idiomarina halophila	6737.0	1430	32	33	1381	0.9885468861846815	0.9776067179846046	0.9657342657342657	0.9227980637693359	0.94223773
FJ906745	1430	7150	Idiomarinaceae	Idiomarina aquimaris	KF487034	1444	7220	Idiomarinaceae	Idiomarina woesei	6712.0	1424	20	23	1376	0.9821556031406139	0.9859254046446164	0.9662921348314607	0.9375175075476984	0.93874127
FJ906745	1430	7150	Idiomarinaceae	Idiomarina aquimaris	AB619724	1397	6985	Idiomarinaceae	Idiomarina piscisalsi	6429.0	1383	22	23	1327	0.975735294117647	0.984081041968162	0.9595083152566883	0.9287767322057624	0.92040086
FJ906745	1430	7150	Idiomarinaceae	Idiomarina aquimaris	AF052741	1464	7308	Idiomarinaceae	Idiomarina zobellii	6570.0	1430	25	26	1363	0.9707977207977208	0.9825052484254724	0.9531468531468531	0.9197375820056233	0.9188811
KF963828	1489	7445	Idiomarinaceae	Idiomarina halophila	KF487034	1444	7220	Idiomarinaceae	Idiomarina woesei	6839.0	1446	22	24	1400	0.9845288326300985	0.9847645429362881	0.9681881051175657	0.9378497857473967	0.9472299
KF963828	1489	7445	Idiomarinaceae	Idiomarina halophila	AB619724	1397	6985	Idiomarinaceae	Idiomarina piscisalsi	6382.0	1405	39	48	1328	0.9786293294030951	0.9720630372492837	0.9451957295373665	0.88824834140042	0.91367215
KF963828	1489	7445	Idiomarinaceae	Idiomarina halophila	AF052741	1464	7308	Idiomarinaceae	Idiomarina zobellii	6643.0	1464	44	44	1385	0.9753521126760564	0.9699453551912568	0.9460382513661202	0.8908317751590786	0.90900385
KF487034	1444	7220	Idiomarinaceae	Idiomarina woesei	AB619724	1397	6985	Idiomarinaceae	Idiomarina piscisalsi	6482.0	1407	24	35	1341	0.9774052478134111	0.9828080229226361	0.9530916844349681	0.9137958008698646	0.9279885
KF487034	1444	7220	Idiomarinaceae	Idiomarina woesei	AF052741	1464	7308	Idiomarinaceae	Idiomarina zobellii	6624.0	1444	34	32	1376	0.9745042492917847	0.9778393351800554	0.9529085872576177	0.9103565123191856	0.9174515
AB619724	1397	6985	Idiomarinaceae	Idiomarina piscisalsi	AF052741	1464	7308	Idiomarinaceae	Idiomarina zobellii	6832.0	1397	10	6	1380	0.9920920201294033	0.9957050823192556	0.9878310665712241	0.9765977353237901	0.97809595
