HM222655	1484	7420	Intrasporangiaceae	Janibacter indicus	AY837752	1483	7415	Intrasporangiaceae	Janibacter anophelis	7231.0	1484	13	16	1461	0.9952316076294278	0.9912221471978393	0.9845013477088949	0.9654295113137326	0.97518545
HM222655	1484	7420	Intrasporangiaceae	Janibacter indicus	AB286023	1473	7365	Intrasporangiaceae	Janibacter corallicola	7084.0	1473	18	18	1440	0.9896907216494846	0.9877800407331976	0.9775967413441955	0.9539927958791444	0.9618466
HM222655	1484	7420	Intrasporangiaceae	Janibacter indicus	AY522568	1479	7395	Intrasporangiaceae	Janibacter melonis	7040.0	1464	27	21	1431	0.9916839916839917	0.985655737704918	0.9774590163934426	0.9459915229079394	0.9519946
HM222655	1484	7420	Intrasporangiaceae	Janibacter indicus	AB778259	1480	7400	Intrasporangiaceae	Janibacter cremeus	7128.0	1464	17	10	1443	0.9924346629986245	0.9931693989071039	0.985655737704918	0.9676863218250848	0.96324325
HM222655	1484	7420	Intrasporangiaceae	Janibacter indicus	AF176948	1480	7400	Intrasporangiaceae	Janibacter terrae	7155.0	1464	15	8	1446	0.9931318681318682	0.994535519125683	0.9877049180327869	0.9723450714372803	0.9668919
HM222655	1484	7420	Intrasporangiaceae	Janibacter indicus	FR749912	1513	7565	Intrasporangiaceae	Janibacter hoylei	7218.0	1481	14	10	1460	0.9925220938137321	0.9932478055367995	0.9858203916272789	0.9699945124305868	0.9727763
HM222655	1484	7420	Intrasporangiaceae	Janibacter indicus	Y08539	1473	7365	Intrasporangiaceae	Janibacter limosus	7113.0	1464	20	15	1440	0.9937888198757764	0.9897540983606558	0.9836065573770492	0.960408289514383	0.96578413
HM222655	1484	7420	Intrasporangiaceae	Janibacter indicus	JN160681	1360	6800	Intrasporangiaceae	Janibacter alkaliphilus	6485.0	1361	22	23	1323	0.9887892376681614	0.9838235294117647	0.9720793534166055	0.940449873370512	0.95367646
AY837752	1483	7415	Intrasporangiaceae	Janibacter anophelis	AB286023	1473	7365	Intrasporangiaceae	Janibacter corallicola	7088.0	1471	19	17	1440	0.9903713892709766	0.9884432358939497	0.9789259007477906	0.9552739997901258	0.9623897
AY837752	1483	7415	Intrasporangiaceae	Janibacter anophelis	AY522568	1479	7395	Intrasporangiaceae	Janibacter melonis	7124.0	1465	17	11	1443	0.9924346629986245	0.9924914675767919	0.9849829351535836	0.9663732710616131	0.96335363
AY837752	1483	7415	Intrasporangiaceae	Janibacter anophelis	AB778259	1480	7400	Intrasporangiaceae	Janibacter cremeus	7185.0	1465	13	6	1450	0.9938313913639479	0.9959044368600682	0.9897610921501706	0.9770375057152225	0.97094595
AY837752	1483	7415	Intrasporangiaceae	Janibacter anophelis	AF176948	1480	7400	Intrasporangiaceae	Janibacter terrae	7144.0	1465	17	10	1445	0.993127147766323	0.9931740614334471	0.9863481228668942	0.9683782177944205	0.9654054
AY837752	1483	7415	Intrasporangiaceae	Janibacter anophelis	FR749912	1513	7565	Intrasporangiaceae	Janibacter hoylei	7253.0	1480	13	7	1464	0.9938900203665988	0.9952702702702703	0.9891891891891892	0.9759381618725222	0.9781524
AY837752	1483	7415	Intrasporangiaceae	Janibacter anophelis	Y08539	1473	7365	Intrasporangiaceae	Janibacter limosus	7160.0	1465	11	6	1447	0.9917751884852639	0.9959044368600682	0.9877133105802047	0.9763372087645791	0.97216564
AY837752	1483	7415	Intrasporangiaceae	Janibacter anophelis	JN160681	1360	6800	Intrasporangiaceae	Janibacter alkaliphilus	6526.0	1361	18	19	1328	0.9895678092399404	0.986764705882353	0.9757531227038942	0.9495726545820349	0.9597059
AB286023	1473	7365	Intrasporangiaceae	Janibacter corallicola	AY522568	1479	7395	Intrasporangiaceae	Janibacter melonis	6916.0	1461	26	25	1415	0.9853760445682451	0.9828884325804244	0.9685147159479809	0.9352973316081375	0.93903595
AB286023	1473	7365	Intrasporangiaceae	Janibacter corallicola	AB778259	1480	7400	Intrasporangiaceae	Janibacter cremeus	7027.0	1461	16	14	1429	0.9875604699378023	0.9904175222450377	0.9780971937029432	0.9582306291727547	0.9541073
AB286023	1473	7365	Intrasporangiaceae	Janibacter corallicola	AF176948	1480	7400	Intrasporangiaceae	Janibacter terrae	6974.0	1461	23	21	1422	0.9875	0.9856262833675564	0.973305954825462	0.944447826784815	0.94691104
AB286023	1473	7365	Intrasporangiaceae	Janibacter corallicola	FR749912	1513	7565	Intrasporangiaceae	Janibacter hoylei	7078.0	1473	12	12	1440	0.9856262833675564	0.9918533604887984	0.9775967413441955	0.9617971980497438	0.9610319
AB286023	1473	7365	Intrasporangiaceae	Janibacter corallicola	Y08539	1473	7365	Intrasporangiaceae	Janibacter limosus	6946.0	1461	20	20	1419	0.9847328244274809	0.9863107460643394	0.971252566735113	0.9450202219212004	0.9431093
AB286023	1473	7365	Intrasporangiaceae	Janibacter corallicola	JN160681	1360	6800	Intrasporangiaceae	Janibacter alkaliphilus	6400.0	1363	26	29	1313	0.9842578710644677	0.9808823529411764	0.9633162142333089	0.9251719436913134	0.9411765
AY522568	1479	7395	Intrasporangiaceae	Janibacter melonis	AB778259	1480	7400	Intrasporangiaceae	Janibacter cremeus	7160.0	1479	12	11	1452	0.989100817438692	0.9925625422582827	0.9817444219066938	0.966600141756557	0.9682218
AY522568	1479	7395	Intrasporangiaceae	Janibacter melonis	AF176948	1480	7400	Intrasporangiaceae	Janibacter terrae	7191.0	1479	9	8	1456	0.9898028552005439	0.9945909398242055	0.9844489519945909	0.9732018873548679	0.9724138
AY522568	1479	7395	Intrasporangiaceae	Janibacter melonis	FR749912	1513	7565	Intrasporangiaceae	Janibacter hoylei	7145.0	1479	16	17	1449	0.9911080711354309	0.9891745602165088	0.9797160243407708	0.9580901856763925	0.9661934
AY522568	1479	7395	Intrasporangiaceae	Janibacter melonis	Y08539	1473	7365	Intrasporangiaceae	Janibacter limosus	7127.0	1474	17	18	1445	0.992445054945055	0.988458927359131	0.980325644504749	0.9573133054318675	0.967685
AY522568	1479	7395	Intrasporangiaceae	Janibacter melonis	JN160681	1360	6800	Intrasporangiaceae	Janibacter alkaliphilus	6592.0	1362	15	17	1336	0.9933085501858736	0.9889705882352942	0.9809104258443465	0.9581151218305345	0.9694118
AB778259	1480	7400	Intrasporangiaceae	Janibacter cremeus	AF176948	1480	7400	Intrasporangiaceae	Janibacter terrae	7213.0	1480	13	13	1458	0.9938650306748467	0.9912162162162163	0.9851351351351352	0.9679793993591718	0.9747297
AB778259	1480	7400	Intrasporangiaceae	Janibacter cremeus	FR749912	1513	7565	Intrasporangiaceae	Janibacter hoylei	7236.0	1480	5	7	1461	0.9918533604887984	0.996617050067659	0.9871621621621621	0.9791850941850943	0.97783786
AB778259	1480	7400	Intrasporangiaceae	Janibacter cremeus	Y08539	1473	7365	Intrasporangiaceae	Janibacter limosus	7179.0	1475	9	11	1452	0.9918032786885246	0.9938900203665988	0.984406779661017	0.9711398419297363	0.9747454
AB778259	1480	7400	Intrasporangiaceae	Janibacter cremeus	JN160681	1360	6800	Intrasporangiaceae	Janibacter alkaliphilus	6507.0	1363	18	21	1326	0.9880774962742176	0.986764705882353	0.9728539985326485	0.9453802071186201	0.95691174
AF176948	1480	7400	Intrasporangiaceae	Janibacter terrae	FR749912	1513	7565	Intrasporangiaceae	Janibacter hoylei	7191.0	1480	12	14	1455	0.9924965893587995	0.9918809201623816	0.9831081081081081	0.9659761973770017	0.97175676
AF176948	1480	7400	Intrasporangiaceae	Janibacter terrae	Y08539	1473	7365	Intrasporangiaceae	Janibacter limosus	7203.0	1475	13	15	1454	0.9958904109589041	0.991174473862865	0.9857627118644068	0.9672134135228723	0.9780041
AF176948	1480	7400	Intrasporangiaceae	Janibacter terrae	JN160681	1360	6800	Intrasporangiaceae	Janibacter alkaliphilus	6558.0	1363	15	18	1332	0.9903345724907063	0.9889705882352942	0.9772560528246516	0.9538529688310278	0.96441174
FR749912	1513	7565	Intrasporangiaceae	Janibacter hoylei	Y08539	1473	7365	Intrasporangiaceae	Janibacter limosus	7201.0	1473	7	7	1454	0.9918144611186903	0.9952477936184657	0.9871011541072641	0.9777637107576008	0.97773254
FR749912	1513	7565	Intrasporangiaceae	Janibacter hoylei	JN160681	1360	6800	Intrasporangiaceae	Janibacter alkaliphilus	6521.0	1361	20	21	1327	0.9902985074626866	0.9852941176470589	0.9750183688464364	0.9460714078596849	0.9589706
Y08539	1473	7365	Intrasporangiaceae	Janibacter limosus	JN160681	1360	6800	Intrasporangiaceae	Janibacter alkaliphilus	6506.0	1361	25	26	1325	0.9925093632958801	0.9816176470588235	0.973548861131521	0.9377256346396684	0.9567647
