FJ386517	1457	7285	Staphylococcaceae	Jeotgalicoccus halophilus	AY028925	1506	7530	Staphylococcaceae	Jeotgalicoccus halotolerans	7085.0	1455	13	10	1434	0.9923875432525952	0.993127147766323	0.9855670103092784	0.9701255653248687	0.97254634
FJ386517	1457	7285	Staphylococcaceae	Jeotgalicoccus halophilus	AJ251530	1360	6800	Staphylococcaceae	Jeotgalicoccus pinnipedialis	6100.0	1349	53	42	1275	0.9755164498852333	0.9688658265381764	0.9451445515196442	0.8811012331213801	0.89705884
FJ386517	1457	7285	Staphylococcaceae	Jeotgalicoccus halophilus	FJ237390	1452	7260	Staphylococcaceae	Jeotgalicoccus nanhaiensis	7051.0	1448	13	9	1427	0.9916608756080612	0.9937845303867403	0.9854972375690608	0.9706574434372884	0.97121215
FJ386517	1457	7285	Staphylococcaceae	Jeotgalicoccus halophilus	GU295938	1325	6625	Staphylococcaceae	Jeotgalicoccus coquinae	6464.0	1325	10	10	1306	0.9931558935361217	0.9924528301886792	0.9856603773584905	0.9708939297576142	0.9756981
FJ386517	1457	7285	Staphylococcaceae	Jeotgalicoccus halophilus	EU583727	1459	7295	Staphylococcaceae	Jeotgalicoccus marinus	6792.0	1439	28	23	1393	0.9837570621468926	0.9840166782487839	0.9680333564975677	0.9343798451264866	0.9323267
FJ386517	1457	7285	Staphylococcaceae	Jeotgalicoccus halophilus	GU295939	1326	6576	Staphylococcaceae	Jeotgalicoccus aerolatus	6585.0	1326	0	0	1316	0.9924585218702866	1.0	0.9924585218702866	0.9924585218702866	1.0013686
FJ386517	1457	7285	Staphylococcaceae	Jeotgalicoccus halophilus	KU878872	1407	7017	Staphylococcaceae	Jeotgalicoccus schoeneichii	6306.0	1416	47	61	1321	0.9749077490774908	0.9664764621968617	0.932909604519774	0.8640413630377948	0.89867467
FJ386517	1457	7285	Staphylococcaceae	Jeotgalicoccus halophilus	AY028926	1507	7535	Staphylococcaceae	Jeotgalicoccus psychrophilus	7065.0	1454	18	13	1431	0.993060374739764	0.9910591471801926	0.984181568088033	0.9634549182166138	0.96980095
FJ386517	1457	7285	Staphylococcaceae	Jeotgalicoccus halophilus	FJ158840	1508	7540	Staphylococcaceae	Jeotgalicoccus huakuii	6838.0	1456	45	24	1408	0.9832402234636871	0.9835164835164835	0.967032967032967	0.922579086469826	0.9386411
AY028925	1506	7530	Staphylococcaceae	Jeotgalicoccus halotolerans	AJ251530	1360	6800	Staphylococcaceae	Jeotgalicoccus pinnipedialis	6087.0	1350	55	45	1273	0.9754789272030652	0.9666666666666667	0.942962962962963	0.8758481613285883	0.8951471
AY028925	1506	7530	Staphylococcaceae	Jeotgalicoccus halotolerans	FJ237390	1452	7260	Staphylococcaceae	Jeotgalicoccus nanhaiensis	7162.0	1455	6	9	1441	0.9965421853388658	0.9958677685950413	0.9903780068728523	0.9802098548515704	0.9865014
AY028925	1506	7530	Staphylococcaceae	Jeotgalicoccus halotolerans	GU295938	1325	6625	Staphylococcaceae	Jeotgalicoccus coquinae	6463.0	1325	9	9	1306	0.9924012158054711	0.9932075471698113	0.9856603773584905	0.9723606121467567	0.9755472
AY028925	1506	7530	Staphylococcaceae	Jeotgalicoccus halotolerans	EU583727	1459	7295	Staphylococcaceae	Jeotgalicoccus marinus	6903.0	1459	22	22	1413	0.9832985386221295	0.9849211788896505	0.9684715558601782	0.9396985994402944	0.94626456
AY028925	1506	7530	Staphylococcaceae	Jeotgalicoccus halotolerans	GU295939	1326	6576	Staphylococcaceae	Jeotgalicoccus aerolatus	6493.0	1326	5	5	1306	0.9886449659348978	0.9962292609351433	0.9849170437405732	0.9775172162143481	0.98737836
AY028925	1506	7530	Staphylococcaceae	Jeotgalicoccus halotolerans	KU878872	1407	7017	Staphylococcaceae	Jeotgalicoccus schoeneichii	6268.0	1398	63	54	1313	0.9769345238095238	0.9613733905579399	0.9391988555078684	0.8639858054774642	0.8932592
AY028925	1506	7530	Staphylococcaceae	Jeotgalicoccus halotolerans	AY028926	1507	7535	Staphylococcaceae	Jeotgalicoccus psychrophilus	7306.0	1506	15	14	1480	0.9919571045576407	0.9907038512616202	0.9827357237715804	0.963998487749637	0.97025234
AY028925	1506	7530	Staphylococcaceae	Jeotgalicoccus halotolerans	FJ158840	1508	7540	Staphylococcaceae	Jeotgalicoccus huakuii	7046.0	1489	21	22	1442	0.9829584185412407	0.9858870967741935	0.9684351914036265	0.9408572356219339	0.9357238
AJ251530	1360	6800	Staphylococcaceae	Jeotgalicoccus pinnipedialis	FJ237390	1452	7260	Staphylococcaceae	Jeotgalicoccus nanhaiensis	6081.0	1360	41	51	1273	0.972498090145149	0.9696296296296296	0.9360294117647059	0.8745628122769451	0.8942647
AJ251530	1360	6800	Staphylococcaceae	Jeotgalicoccus pinnipedialis	GU295938	1325	6625	Staphylococcaceae	Jeotgalicoccus coquinae	5760.0	1265	28	27	1200	0.9693053311793215	0.9786561264822135	0.9486166007905138	0.9082655466192235	0.86943394
AJ251530	1360	6800	Staphylococcaceae	Jeotgalicoccus pinnipedialis	EU583727	1459	7295	Staphylococcaceae	Jeotgalicoccus marinus	6058.0	1351	41	51	1267	0.9746153846153847	0.9694258016405667	0.9378238341968912	0.8758412244654875	0.8908824
AJ251530	1360	6800	Staphylococcaceae	Jeotgalicoccus pinnipedialis	GU295939	1326	6576	Staphylococcaceae	Jeotgalicoccus aerolatus	5751.0	1266	35	34	1194	0.9691558441558441	0.9731437598736177	0.943127962085308	0.8931081086003839	0.8745438
AJ251530	1360	6800	Staphylococcaceae	Jeotgalicoccus pinnipedialis	KU878872	1407	7017	Staphylococcaceae	Jeotgalicoccus schoeneichii	6578.0	1346	9	9	1327	0.9925205684367988	0.9933135215453195	0.9858841010401189	0.9727874856757484	0.9673529
AJ251530	1360	6800	Staphylococcaceae	Jeotgalicoccus pinnipedialis	AY028926	1507	7535	Staphylococcaceae	Jeotgalicoccus psychrophilus	6130.0	1360	40	50	1279	0.9763358778625955	0.9703703703703703	0.9404411764705882	0.879984243697479	0.9014706
AJ251530	1360	6800	Staphylococcaceae	Jeotgalicoccus pinnipedialis	FJ158840	1508	7540	Staphylococcaceae	Jeotgalicoccus huakuii	6105.0	1360	40	51	1276	0.9747899159663865	0.9703484062268347	0.9382352941176471	0.8772500000000001	0.8977941
FJ237390	1452	7260	Staphylococcaceae	Jeotgalicoccus nanhaiensis	GU295938	1325	6625	Staphylococcaceae	Jeotgalicoccus coquinae	6481.0	1325	9	9	1308	0.993920972644377	0.9932075471698113	0.9871698113207548	0.9738496789341179	0.97826415
FJ237390	1452	7260	Staphylococcaceae	Jeotgalicoccus nanhaiensis	EU583727	1459	7295	Staphylococcaceae	Jeotgalicoccus marinus	6773.0	1434	25	25	1387	0.9843860894251242	0.9825662482566249	0.9672245467224547	0.9340777151007119	0.9329201
FJ237390	1452	7260	Staphylococcaceae	Jeotgalicoccus nanhaiensis	GU295939	1326	6576	Staphylococcaceae	Jeotgalicoccus aerolatus	6495.0	1326	4	4	1306	0.9878971255673222	0.9969834087481146	0.9849170437405732	0.9789927306955172	0.98768246
FJ237390	1452	7260	Staphylococcaceae	Jeotgalicoccus nanhaiensis	KU878872	1407	7017	Staphylococcaceae	Jeotgalicoccus schoeneichii	6281.0	1421	55	69	1320	0.9763313609467456	0.9609097370291401	0.9289232934553132	0.8508836671758695	0.89511186
FJ237390	1452	7260	Staphylococcaceae	Jeotgalicoccus nanhaiensis	AY028926	1507	7535	Staphylococcaceae	Jeotgalicoccus psychrophilus	7000.0	1452	21	17	1422	0.9909407665505227	0.9882920110192838	0.9793388429752066	0.9540741613505915	0.9641873
FJ237390	1452	7260	Staphylococcaceae	Jeotgalicoccus nanhaiensis	FJ158840	1508	7540	Staphylococcaceae	Jeotgalicoccus huakuii	6853.0	1452	29	27	1404	0.9852631578947368	0.981404958677686	0.9669421487603306	0.930379852791	0.9439394
GU295938	1325	6625	Staphylococcaceae	Jeotgalicoccus coquinae	EU583727	1459	7295	Staphylococcaceae	Jeotgalicoccus marinus	6228.0	1325	25	25	1278	0.9830769230769231	0.9811320754716981	0.9645283018867925	0.9288050314465408	0.94007546
GU295938	1325	6625	Staphylococcaceae	Jeotgalicoccus coquinae	GU295939	1326	6576	Staphylococcaceae	Jeotgalicoccus aerolatus	6436.0	1325	10	10	1299	0.9878326996197718	0.9924528301886792	0.9803773584905661	0.965690057239771	0.9787105
GU295938	1325	6625	Staphylococcaceae	Jeotgalicoccus coquinae	KU878872	1407	7017	Staphylococcaceae	Jeotgalicoccus schoeneichii	6014.0	1325	37	38	1253	0.9735819735819736	0.9720543806646526	0.9456603773584905	0.8935865680325824	0.9077736
GU295938	1325	6625	Staphylococcaceae	Jeotgalicoccus coquinae	AY028926	1507	7535	Staphylococcaceae	Jeotgalicoccus psychrophilus	6529.0	1325	4	4	1314	0.9947009841029523	0.9969811320754717	0.9916981132075472	0.9857285233613017	0.98550946
GU295938	1325	6625	Staphylococcaceae	Jeotgalicoccus coquinae	FJ158840	1508	7540	Staphylococcaceae	Jeotgalicoccus huakuii	6221.0	1325	24	25	1277	0.9823076923076923	0.9818731117824774	0.9637735849056603	0.9287662419402212	0.93901885
EU583727	1459	7295	Staphylococcaceae	Jeotgalicoccus marinus	GU295939	1326	6576	Staphylococcaceae	Jeotgalicoccus aerolatus	6293.0	1326	15	15	1282	0.9778794813119756	0.9886877828054299	0.9668174962292609	0.94518846946798	0.95696473
EU583727	1459	7295	Staphylococcaceae	Jeotgalicoccus marinus	KU878872	1407	7017	Staphylococcaceae	Jeotgalicoccus schoeneichii	6307.0	1401	53	47	1319	0.9741506646971935	0.966452533904354	0.9414703783012134	0.8767200084042935	0.8988172
EU583727	1459	7295	Staphylococcaceae	Jeotgalicoccus marinus	AY028926	1507	7535	Staphylococcaceae	Jeotgalicoccus psychrophilus	6780.0	1459	36	35	1398	0.9817415730337079	0.976010966415353	0.9581905414667581	0.912684502373688	0.9294037
EU583727	1459	7295	Staphylococcaceae	Jeotgalicoccus marinus	FJ158840	1508	7540	Staphylococcaceae	Jeotgalicoccus huakuii	7279.0	1459	0	1	1457	0.9993141289437586	1.0	0.9986291980808774	0.9979447366702667	0.9978067
GU295939	1326	6576	Staphylococcaceae	Jeotgalicoccus aerolatus	KU878872	1407	7017	Staphylococcaceae	Jeotgalicoccus schoeneichii	5997.0	1326	39	40	1246	0.968895800933126	0.970566037735849	0.9396681749622926	0.8852844490853541	0.91195256
GU295939	1326	6576	Staphylococcaceae	Jeotgalicoccus aerolatus	AY028926	1507	7535	Staphylococcaceae	Jeotgalicoccus psychrophilus	6454.0	1326	10	10	1301	0.9886018237082067	0.9924585218702866	0.9811463046757164	0.9664584857434453	0.9814477
GU295939	1326	6576	Staphylococcaceae	Jeotgalicoccus aerolatus	FJ158840	1508	7540	Staphylococcaceae	Jeotgalicoccus huakuii	6287.0	1326	15	16	1281	0.9778625954198473	0.9886792452830189	0.9660633484162896	0.9437307877892166	0.9560523
KU878872	1407	7017	Staphylococcaceae	Jeotgalicoccus schoeneichii	AY028926	1507	7535	Staphylococcaceae	Jeotgalicoccus psychrophilus	6300.0	1407	46	55	1318	0.9748520710059172	0.9670958512160229	0.9367448471926084	0.8716304428110163	0.8978196
KU878872	1407	7017	Staphylococcaceae	Jeotgalicoccus schoeneichii	FJ158840	1508	7540	Staphylococcaceae	Jeotgalicoccus huakuii	6311.0	1407	68	49	1325	0.975699558173785	0.9651741293532339	0.9417199715707179	0.8670208280630745	0.8993872
AY028926	1507	7535	Staphylococcaceae	Jeotgalicoccus psychrophilus	FJ158840	1508	7540	Staphylococcaceae	Jeotgalicoccus huakuii	6923.0	1490	34	36	1427	0.9814305364511692	0.9771505376344086	0.9577181208053691	0.9137284433405556	0.918779
