U93324	1482	7410	Streptomycetaceae	Kitasatospora mediocidica	AB278569	1446	7230	Streptomycetaceae	Kitasatospora kazusensis	7113.0	1448	4	6	1433	0.9937586685159501	0.9972337482710927	0.9896408839779005	0.9828251754105596	0.9838174
U93324	1482	7410	Streptomycetaceae	Kitasatospora mediocidica	U93328	1475	7375	Streptomycetaceae	Kitasatospora paracochleata	7162.0	1482	14	21	1451	0.9931553730321697	0.9905084745762712	0.9790823211875843	0.9561759834592651	0.9711186
U93324	1482	7410	Streptomycetaceae	Kitasatospora mediocidica	AB022869	1516	7574	Streptomycetaceae	Kitasatospora phosalacinea	7085.0	1482	14	24	1442	0.9890260631001372	0.9904891304347826	0.9730094466936572	0.9482939660958236	0.95614034
U93324	1482	7410	Streptomycetaceae	Kitasatospora mediocidica	AY260167	1481	7405	Streptomycetaceae	Kitasatospora sampliensis	6953.0	1462	30	25	1421	0.988865692414753	0.9829001367989056	0.9719562243502052	0.9361267388681266	0.93896013
U93324	1482	7410	Streptomycetaceae	Kitasatospora mediocidica	U93320	1475	7375	Streptomycetaceae	Kitasatospora griseola	7140.0	1482	11	18	1449	0.9897540983606558	0.9925423728813559	0.9777327935222672	0.9587413326969852	0.9681356
U93324	1482	7410	Streptomycetaceae	Kitasatospora mediocidica	AY442263	1390	6950	Streptomycetaceae	Kitasatospora nipponensis	6726.0	1393	8	11	1365	0.9876989869753979	0.9942446043165467	0.9798994974874372	0.9666103536956733	0.9677698
U93324	1482	7410	Streptomycetaceae	Kitasatospora mediocidica	AY613990	1422	7086	Streptomycetaceae	Kitasatospora viridis	6781.0	1431	11	20	1385	0.9815733522324592	0.9922644163150492	0.9678546470999301	0.9470477857545085	0.9569574
U93324	1482	7410	Streptomycetaceae	Kitasatospora mediocidica	AB278568	1439	7195	Streptomycetaceae	Kitasatospora saccharophila	6978.0	1438	10	9	1414	0.9895031490552834	0.9937413073713491	0.9833101529902643	0.9704076026402538	0.96984017
U93324	1482	7410	Streptomycetaceae	Kitasatospora mediocidica	DQ026645	1520	7600	Streptomycetaceae	Kitasatospora atroaurantiaca	7103.0	1451	3	3	1434	0.9903314917127072	0.9979324603721571	0.9882839421088904	0.9842057415224712	0.9585695
U93324	1482	7410	Streptomycetaceae	Kitasatospora mediocidica	AY442267	1437	7185	Streptomycetaceae	Kitasatospora arboriphila	6832.0	1432	9	18	1392	0.9844413012729845	0.9936753338018272	0.9720670391061452	0.953853430462241	0.95086986
U93324	1482	7410	Streptomycetaceae	Kitasatospora mediocidica	AY442266	1444	7220	Streptomycetaceae	Kitasatospora terrestris	6963.0	1432	6	8	1409	0.9894662921348315	0.9958041958041958	0.9839385474860335	0.9743591735883947	0.9644044
U93324	1482	7410	Streptomycetaceae	Kitasatospora mediocidica	U93316	1475	7375	Streptomycetaceae	Kitasatospora cochleata	7109.0	1482	16	23	1445	0.9904043865661412	0.9891525423728813	0.975033738191633	0.9496490147006625	0.9639322
U93324	1482	7410	Streptomycetaceae	Kitasatospora mediocidica	U93332	1482	7410	Streptomycetaceae	Kitasatospora setae	7147.0	1482	9	9	1452	0.9857433808553971	0.9939271255060729	0.979757085020243	0.9679290316799584	0.9645074
U93324	1482	7410	Streptomycetaceae	Kitasatospora mediocidica	AY442268	1446	7230	Streptomycetaceae	Kitasatospora paranensis	6991.0	1432	4	4	1413	0.9894957983193278	0.9972067039106145	0.986731843575419	0.981234730240737	0.96694326
U93324	1482	7410	Streptomycetaceae	Kitasatospora mediocidica	AF050493	1508	7540	Streptomycetaceae	Kitasatospora cheerisanensis	7033.0	1482	12	25	1436	0.9855868222374743	0.9918311776718857	0.9689608636977058	0.944963840968914	0.9491228
U93324	1482	7410	Streptomycetaceae	Kitasatospora mediocidica	U93322	1481	7405	Streptomycetaceae	Kitasatospora kifunensis	7175.0	1482	8	9	1455	0.9877800407331976	0.9945982444294396	0.9817813765182186	0.9705798440344536	0.9689399
U93324	1482	7410	Streptomycetaceae	Kitasatospora mediocidica	AB249960	1473	7365	Streptomycetaceae	Kitasatospora niigatensis	6953.0	1462	16	22	1419	0.9854166666666667	0.989010989010989	0.9705882352941176	0.9456340046167317	0.9440597
U93324	1482	7410	Streptomycetaceae	Kitasatospora mediocidica	AY442265	1429	7145	Streptomycetaceae	Kitasatospora gansuensis	7013.0	1429	5	5	1414	0.9929775280898876	0.9965010496850945	0.9895031490552834	0.9826028481553163	0.98152554
U93324	1482	7410	Streptomycetaceae	Kitasatospora mediocidica	AB022875	1515	7563	Streptomycetaceae	Kitasatospora cineracea	7045.0	1482	13	24	1437	0.98559670781893	0.991162474507138	0.9696356275303644	0.9456379564811179	0.95074224
U93324	1482	7410	Streptomycetaceae	Kitasatospora mediocidica	AY999887	1420	7100	Streptomycetaceae	Kitasatospora cystarginea	6915.0	1421	8	9	1399	0.9907932011331445	0.9943661971830986	0.9845179451090781	0.9728056952372416	0.97394365
U93324	1482	7410	Streptomycetaceae	Kitasatospora mediocidica	AY189976	1532	7660	Streptomycetaceae	Kitasatospora putterlickiae	7144.0	1482	15	16	1451	0.9897680763983628	0.9898717083051992	0.9790823211875843	0.9588074033807605	0.96410257
U93324	1482	7410	Streptomycetaceae	Kitasatospora mediocidica	U93312	1481	7405	Streptomycetaceae	Kitasatospora azatica	7153.0	1482	11	12	1452	0.9877551020408163	0.9925725860904794	0.979757085020243	0.9646637072871783	0.96596897
AB278569	1446	7230	Streptomycetaceae	Kitasatospora kazusensis	U93328	1475	7375	Streptomycetaceae	Kitasatospora paracochleata	6933.0	1446	16	21	1410	0.9894736842105263	0.9888965995836225	0.975103734439834	0.9504260065504537	0.95892113
AB278569	1446	7230	Streptomycetaceae	Kitasatospora kazusensis	AB022869	1516	7574	Streptomycetaceae	Kitasatospora phosalacinea	6909.0	1446	15	23	1407	0.988756148981026	0.9895688456189151	0.9730290456431535	0.9477209664272467	0.95560163
AB278569	1446	7230	Streptomycetaceae	Kitasatospora kazusensis	AY260167	1481	7405	Streptomycetaceae	Kitasatospora sampliensis	6765.0	1434	37	30	1387	0.9878917378917379	0.9790794979079498	0.9672245467224547	0.9231701316100112	0.9356846
AB278569	1446	7230	Streptomycetaceae	Kitasatospora kazusensis	U93320	1475	7375	Streptomycetaceae	Kitasatospora griseola	6910.0	1446	13	18	1408	0.9859943977591037	0.9909784871616932	0.9737206085753803	0.9530315483520515	0.95574
AB278569	1446	7230	Streptomycetaceae	Kitasatospora kazusensis	AY442263	1390	6950	Streptomycetaceae	Kitasatospora nipponensis	6651.0	1391	12	13	1356	0.9840348330914369	0.9913669064748202	0.9748382458662832	0.9574676427681669	0.95697844
AB278569	1446	7230	Streptomycetaceae	Kitasatospora kazusensis	AY613990	1422	7086	Streptomycetaceae	Kitasatospora viridis	6630.0	1414	15	22	1361	0.9777298850574713	0.9893390191897654	0.9625176803394625	0.9375959489380907	0.9356478
AB278569	1446	7230	Streptomycetaceae	Kitasatospora kazusensis	AB278568	1439	7195	Streptomycetaceae	Kitasatospora saccharophila	6899.0	1428	14	11	1401	0.9887085391672548	0.992296918767507	0.9810924369747899	0.964083206097973	0.95886034
AB278569	1446	7230	Streptomycetaceae	Kitasatospora kazusensis	DQ026645	1520	7600	Streptomycetaceae	Kitasatospora atroaurantiaca	7013.0	1442	9	7	1420	0.9895470383275261	0.9951456310679612	0.984743411927878	0.9738847664483149	0.96998614
AB278569	1446	7230	Streptomycetaceae	Kitasatospora kazusensis	AY442267	1437	7185	Streptomycetaceae	Kitasatospora arboriphila	6656.0	1404	16	23	1360	0.9847936278059377	0.9885468861846815	0.9686609686609686	0.9420568998033787	0.9263744
AB278569	1446	7230	Streptomycetaceae	Kitasatospora kazusensis	AY442266	1444	7220	Streptomycetaceae	Kitasatospora terrestris	6743.0	1404	13	13	1372	0.9863407620416966	0.9907407407407407	0.9772079772079773	0.9592775556078308	0.9339335
AB278569	1446	7230	Streptomycetaceae	Kitasatospora kazusensis	U93316	1475	7375	Streptomycetaceae	Kitasatospora cochleata	6880.0	1446	18	23	1404	0.9866479269149684	0.9875086745315753	0.970954356846473	0.943762329093259	0.9515906
AB278569	1446	7230	Streptomycetaceae	Kitasatospora kazusensis	U93332	1482	7410	Streptomycetaceae	Kitasatospora setae	6963.0	1446	11	9	1416	0.9853862212943633	0.9937759336099585	0.979253112033195	0.9658110651967751	0.9630705
AB278569	1446	7230	Streptomycetaceae	Kitasatospora kazusensis	AY442268	1446	7230	Streptomycetaceae	Kitasatospora paranensis	6773.0	1404	13	11	1376	0.9877961234745154	0.9921652421652422	0.98005698005698	0.9634575675507221	0.9367911
AB278569	1446	7230	Streptomycetaceae	Kitasatospora kazusensis	AF050493	1508	7540	Streptomycetaceae	Kitasatospora cheerisanensis	6836.0	1446	18	29	1398	0.9865913902611151	0.9874564459930314	0.966804979253112	0.9357668412579643	0.94550484
AB278569	1446	7230	Streptomycetaceae	Kitasatospora kazusensis	U93322	1481	7405	Streptomycetaceae	Kitasatospora kifunensis	6931.0	1446	14	13	1412	0.9853454291695743	0.9910096818810512	0.9764868603042877	0.9584285416548248	0.9586445
AB278569	1446	7230	Streptomycetaceae	Kitasatospora kazusensis	AB249960	1473	7365	Streptomycetaceae	Kitasatospora niigatensis	6818.0	1434	18	22	1392	0.9858356940509915	0.9874125874125874	0.9707112970711297	0.9439699390250931	0.9430152
AB278569	1446	7230	Streptomycetaceae	Kitasatospora kazusensis	AY442265	1429	7145	Streptomycetaceae	Kitasatospora gansuensis	6832.0	1404	9	7	1383	0.9899785254115963	0.9950142450142451	0.9850427350427351	0.9738886771795477	0.95619315
AB278569	1446	7230	Streptomycetaceae	Kitasatospora kazusensis	AB022875	1515	7563	Streptomycetaceae	Kitasatospora cineracea	6879.0	1446	14	23	1403	0.9859451862262825	0.9902574808629089	0.9702627939142462	0.9456739422876523	0.95145226
AB278569	1446	7230	Streptomycetaceae	Kitasatospora kazusensis	AY999887	1420	7100	Streptomycetaceae	Kitasatospora cystarginea	6838.0	1419	10	9	1390	0.9858156028368794	0.9936575052854123	0.9795630725863284	0.9665387910054044	0.9630986
AB278569	1446	7230	Streptomycetaceae	Kitasatospora kazusensis	AY189976	1532	7660	Streptomycetaceae	Kitasatospora putterlickiae	6920.0	1446	21	20	1410	0.9887798036465638	0.9861687413554634	0.975103734439834	0.9478513464970711	0.9571231
AB278569	1446	7230	Streptomycetaceae	Kitasatospora kazusensis	U93312	1481	7405	Streptomycetaceae	Kitasatospora azatica	6904.0	1446	20	19	1408	0.9866853538892782	0.9868603042876902	0.9737206085753803	0.9478167178970449	0.9549101
U93328	1475	7375	Streptomycetaceae	Kitasatospora paracochleata	AB022869	1516	7574	Streptomycetaceae	Kitasatospora phosalacinea	7213.0	1475	7	10	1456	0.9938566552901024	0.9952445652173914	0.9871186440677966	0.975795420755278	0.9780339
U93328	1475	7375	Streptomycetaceae	Kitasatospora paracochleata	AY260167	1481	7405	Streptomycetaceae	Kitasatospora sampliensis	6970.0	1455	39	27	1420	0.9943977591036415	0.9814432989690721	0.9759450171821306	0.9328309802785022	0.94508475
U93328	1475	7375	Streptomycetaceae	Kitasatospora paracochleata	U93320	1475	7375	Streptomycetaceae	Kitasatospora griseola	7270.0	1475	4	4	1463	0.9945615227736234	0.9972881355932204	0.991864406779661	0.9864993525171611	0.9857627
U93328	1475	7375	Streptomycetaceae	Kitasatospora paracochleata	AY442263	1390	6950	Streptomycetaceae	Kitasatospora nipponensis	6709.0	1385	20	15	1360	0.9927007299270073	0.9891696750902527	0.9819494584837545	0.9574880840731272	0.96532375
U93328	1475	7375	Streptomycetaceae	Kitasatospora paracochleata	AY613990	1422	7086	Streptomycetaceae	Kitasatospora viridis	6894.0	1424	5	7	1397	0.9858856739590685	0.9964838255977496	0.9810393258426966	0.9728010669832758	0.9729043
U93328	1475	7375	Streptomycetaceae	Kitasatospora paracochleata	AB278568	1439	7195	Streptomycetaceae	Kitasatospora saccharophila	7007.0	1431	17	9	1415	0.9950773558368495	0.9937106918238994	0.9888190076869322	0.9710639702560895	0.97387075
U93328	1475	7375	Streptomycetaceae	Kitasatospora paracochleata	DQ026645	1520	7600	Streptomycetaceae	Kitasatospora atroaurantiaca	7028.0	1444	15	8	1423	0.9909470752089137	0.9944598337950139	0.9854570637119113	0.9699220997191944	0.95294917
U93328	1475	7375	Streptomycetaceae	Kitasatospora paracochleata	AY442267	1437	7185	Streptomycetaceae	Kitasatospora arboriphila	6950.0	1425	9	11	1404	0.9929278642149929	0.9936753338018272	0.9852631578947368	0.9715216912574323	0.96729296
U93328	1475	7375	Streptomycetaceae	Kitasatospora paracochleata	AY442266	1444	7220	Streptomycetaceae	Kitasatospora terrestris	6987.0	1425	17	12	1409	0.997169143665959	0.991578947368421	0.9887719298245614	0.9688867800569384	0.96772856
U93328	1475	7375	Streptomycetaceae	Kitasatospora paracochleata	U93316	1475	7375	Streptomycetaceae	Kitasatospora cochleata	7303.0	1475	0	0	1467	0.9945762711864407	1.0	0.9945762711864407	0.9945762711864407	0.9902373
U93328	1475	7375	Streptomycetaceae	Kitasatospora paracochleata	U93332	1482	7410	Streptomycetaceae	Kitasatospora setae	7191.0	1475	13	6	1455	0.9904697072838666	0.9959322033898305	0.9864406779661017	0.9738449972662657	0.97505087
U93328	1475	7375	Streptomycetaceae	Kitasatospora paracochleata	AY442268	1446	7230	Streptomycetaceae	Kitasatospora paranensis	6964.0	1425	20	13	1407	0.9964589235127479	0.9908771929824561	0.9873684210526316	0.9648195228555819	0.96320885
U93328	1475	7375	Streptomycetaceae	Kitasatospora paracochleata	AF050493	1508	7540	Streptomycetaceae	Kitasatospora cheerisanensis	7123.0	1475	12	18	1445	0.9917638984214139	0.9918311776718857	0.9796610169491525	0.9598965041660492	0.9658305
U93328	1475	7375	Streptomycetaceae	Kitasatospora paracochleata	U93322	1481	7405	Streptomycetaceae	Kitasatospora kifunensis	7161.0	1475	18	12	1451	0.9917976760082023	0.991864406779661	0.9837288135593221	0.9639619921214255	0.970983
U93328	1475	7375	Streptomycetaceae	Kitasatospora paracochleata	AB249960	1473	7365	Streptomycetaceae	Kitasatospora niigatensis	7106.0	1455	7	6	1436	0.9910282953761215	0.9958762886597938	0.9869415807560138	0.978165766426446	0.9648337
U93328	1475	7375	Streptomycetaceae	Kitasatospora paracochleata	AY442265	1429	7145	Streptomycetaceae	Kitasatospora gansuensis	6963.0	1422	15	8	1406	0.9943422913719944	0.9943741209563994	0.9887482419127989	0.9729227655286692	0.97452766
U93328	1475	7375	Streptomycetaceae	Kitasatospora paracochleata	AB022875	1515	7563	Streptomycetaceae	Kitasatospora cineracea	7198.0	1475	4	8	1454	0.9911383776414451	0.9972807613868117	0.9857627118644068	0.9777646371231135	0.976
U93328	1475	7375	Streptomycetaceae	Kitasatospora paracochleata	AY999887	1420	7100	Streptomycetaceae	Kitasatospora cystarginea	6943.0	1414	13	7	1400	0.9950248756218906	0.995049504950495	0.9900990099009901	0.9762223594468767	0.97788733
U93328	1475	7375	Streptomycetaceae	Kitasatospora paracochleata	AY189976	1532	7660	Streptomycetaceae	Kitasatospora putterlickiae	7093.0	1475	31	25	1442	0.9944827586206897	0.9830508474576272	0.9776271186440678	0.941274450221712	0.9617627
U93328	1475	7375	Streptomycetaceae	Kitasatospora paracochleata	U93312	1481	7405	Streptomycetaceae	Kitasatospora azatica	7137.0	1475	27	21	1447	0.9951856946354883	0.9857627118644068	0.9810169491525423	0.9496662077681735	0.9677288
AB022869	1516	7574	Streptomycetaceae	Kitasatospora phosalacinea	AY260167	1481	7405	Streptomycetaceae	Kitasatospora sampliensis	6971.0	1465	40	24	1426	0.9895905621096461	0.9836177474402731	0.9733788395904437	0.9319859852822786	0.94139093
AB022869	1516	7574	Streptomycetaceae	Kitasatospora phosalacinea	U93320	1475	7375	Streptomycetaceae	Kitasatospora griseola	7207.0	1472	13	10	1455	0.9952120383036935	0.9932065217391305	0.9884510869565217	0.9731417435221783	0.97722036
AB022869	1516	7574	Streptomycetaceae	Kitasatospora phosalacinea	AY442263	1390	6950	Streptomycetaceae	Kitasatospora nipponensis	6614.0	1382	21	13	1349	0.985390796201607	0.9905933429811867	0.9761215629522432	0.9524664431087818	0.9516547
AB022869	1516	7574	Streptomycetaceae	Kitasatospora phosalacinea	AY613990	1422	7086	Streptomycetaceae	Kitasatospora viridis	6864.0	1421	10	9	1393	0.9865439093484419	0.9936664320900774	0.9802955665024631	0.9672797623350649	0.9686706
AB022869	1516	7574	Streptomycetaceae	Kitasatospora phosalacinea	AB278568	1439	7195	Streptomycetaceae	Kitasatospora saccharophila	7046.0	1428	16	5	1419	0.9971890372452565	0.9964985994397759	0.9936974789915967	0.9792461998649876	0.9792912
AB022869	1516	7574	Streptomycetaceae	Kitasatospora phosalacinea	DQ026645	1520	7600	Streptomycetaceae	Kitasatospora atroaurantiaca	6984.0	1450	41	9	1424	0.9882026370575989	0.9937931034482759	0.9820689655172414	0.9491357339438933	0.9221019
AB022869	1516	7574	Streptomycetaceae	Kitasatospora phosalacinea	AY442267	1437	7185	Streptomycetaceae	Kitasatospora arboriphila	7011.0	1435	8	6	1417	0.9916025192442267	0.9958188153310105	0.9874564459930314	0.9778761339736949	0.9757829
AB022869	1516	7574	Streptomycetaceae	Kitasatospora phosalacinea	AY442266	1444	7220	Streptomycetaceae	Kitasatospora terrestris	6952.0	1435	19	10	1411	0.9901754385964913	0.9930313588850174	0.9832752613240419	0.9636638565245941	0.9628809
AB022869	1516	7574	Streptomycetaceae	Kitasatospora phosalacinea	U93316	1475	7375	Streptomycetaceae	Kitasatospora cochleata	7159.0	1472	10	7	1450	0.9897610921501706	0.9952445652173914	0.9850543478260869	0.9737548040251128	0.9707119
AB022869	1516	7574	Streptomycetaceae	Kitasatospora phosalacinea	U93332	1482	7410	Streptomycetaceae	Kitasatospora setae	7208.0	1472	21	11	1456	0.9965776865160849	0.9925271739130435	0.9891304347826086	0.9679300503800343	0.9727395
AB022869	1516	7574	Streptomycetaceae	Kitasatospora phosalacinea	AY442268	1446	7230	Streptomycetaceae	Kitasatospora paranensis	6976.0	1435	23	12	1414	0.9936753338018272	0.9916376306620209	0.9853658536585366	0.9617116664993811	0.9648686
AB022869	1516	7574	Streptomycetaceae	Kitasatospora phosalacinea	AF050493	1508	7540	Streptomycetaceae	Kitasatospora cheerisanensis	7300.0	1515	15	25	1481	0.9939597315436242	0.9900332225913622	0.9775577557755776	0.9520006902651049	0.96816975
AB022869	1516	7574	Streptomycetaceae	Kitasatospora phosalacinea	U93322	1481	7405	Streptomycetaceae	Kitasatospora kifunensis	7070.0	1472	23	14	1440	0.9876543209876543	0.9904891304347826	0.9782608695652174	0.9540497309873491	0.9547603
AB022869	1516	7574	Streptomycetaceae	Kitasatospora phosalacinea	AB249960	1473	7365	Streptomycetaceae	Kitasatospora niigatensis	7218.0	1468	12	7	1455	0.9958932238193019	0.9952316076294278	0.9911444141689373	0.9784202629059576	0.9800407
AB022869	1516	7574	Streptomycetaceae	Kitasatospora phosalacinea	AY442265	1429	7145	Streptomycetaceae	Kitasatospora gansuensis	6852.0	1419	19	9	1393	0.9879432624113476	0.9936575052854123	0.981677237491191	0.962562520766745	0.9589923
AB022869	1516	7574	Streptomycetaceae	Kitasatospora phosalacinea	AB022875	1515	7563	Streptomycetaceae	Kitasatospora cineracea	7480.0	1516	5	6	1505	0.9966887417218543	0.9966996699669967	0.9927440633245382	0.9855644547140386	0.98902553
AB022869	1516	7574	Streptomycetaceae	Kitasatospora phosalacinea	AY999887	1420	7100	Streptomycetaceae	Kitasatospora cystarginea	6817.0	1411	24	15	1385	0.9921203438395415	0.9893692416725727	0.9815733522324592	0.9548964457954794	0.9601408
AB022869	1516	7574	Streptomycetaceae	Kitasatospora phosalacinea	AY189976	1532	7660	Streptomycetaceae	Kitasatospora putterlickiae	7203.0	1508	38	23	1471	0.9905723905723905	0.9847480106100795	0.9754641909814323	0.9369756297590084	0.95101666
AB022869	1516	7574	Streptomycetaceae	Kitasatospora phosalacinea	U93312	1481	7405	Streptomycetaceae	Kitasatospora azatica	7062.0	1472	29	20	1438	0.990358126721763	0.9864130434782609	0.9769021739130435	0.9450112968166149	0.9536799
AY260167	1481	7405	Streptomycetaceae	Kitasatospora sampliensis	U93320	1475	7375	Streptomycetaceae	Kitasatospora griseola	6950.0	1467	26	38	1418	0.9923023093072079	0.9821305841924398	0.9665985003408316	0.9251636014648682	0.94237286
AY260167	1481	7405	Streptomycetaceae	Kitasatospora sampliensis	AY442263	1390	6950	Streptomycetaceae	Kitasatospora nipponensis	6717.0	1397	24	31	1363	0.9978038067349927	0.9827338129496402	0.9756621331424481	0.9378989963916848	0.96647483
AY260167	1481	7405	Streptomycetaceae	Kitasatospora sampliensis	AY613990	1422	7086	Streptomycetaceae	Kitasatospora viridis	6818.0	1436	18	32	1389	0.9893162393162394	0.9873417721518988	0.9672701949860725	0.9340078086385459	0.96217895
AY260167	1481	7405	Streptomycetaceae	Kitasatospora sampliensis	AB278568	1439	7195	Streptomycetaceae	Kitasatospora saccharophila	6735.0	1423	27	31	1377	0.9892241379310345	0.9809725158562368	0.9676739283204497	0.9289669711876317	0.9360667
AY260167	1481	7405	Streptomycetaceae	Kitasatospora sampliensis	DQ026645	1520	7600	Streptomycetaceae	Kitasatospora atroaurantiaca	6800.0	1437	29	34	1390	0.9907341411261582	0.9797486033519553	0.9672929714683368	0.9257244467735857	0.9182984
AY260167	1481	7405	Streptomycetaceae	Kitasatospora sampliensis	AY442267	1437	7185	Streptomycetaceae	Kitasatospora arboriphila	6953.0	1457	13	33	1413	0.9922752808988764	0.9909533750869868	0.9698009608785175	0.9394534478170129	0.9677105
AY260167	1481	7405	Streptomycetaceae	Kitasatospora sampliensis	AY442266	1444	7220	Streptomycetaceae	Kitasatospora terrestris	6929.0	1457	18	31	1412	0.9901823281907434	0.9875346260387812	0.9691146190803019	0.9369203029210241	0.9596953
AY260167	1481	7405	Streptomycetaceae	Kitasatospora sampliensis	U93316	1475	7375	Streptomycetaceae	Kitasatospora cochleata	6915.0	1467	27	39	1414	0.9901960784313726	0.9814432989690721	0.9638718473074301	0.9212911632898327	0.93762714
AY260167	1481	7405	Streptomycetaceae	Kitasatospora sampliensis	U93332	1482	7410	Streptomycetaceae	Kitasatospora setae	6892.0	1467	34	39	1413	0.9894957983193278	0.9767441860465116	0.9631901840490797	0.9163461577762065	0.9307225
AY260167	1481	7405	Streptomycetaceae	Kitasatospora sampliensis	AY442268	1446	7230	Streptomycetaceae	Kitasatospora paranensis	6927.0	1457	24	35	1412	0.9929676511954993	0.983402489626556	0.9691146190803019	0.9305070819258537	0.95809126
AY260167	1481	7405	Streptomycetaceae	Kitasatospora sampliensis	AF050493	1508	7540	Streptomycetaceae	Kitasatospora cheerisanensis	6931.0	1481	27	45	1421	0.9895543175487466	0.9815447710184553	0.9594868332207968	0.9136757907858515	0.9359892
AY260167	1481	7405	Streptomycetaceae	Kitasatospora sampliensis	U93322	1481	7405	Streptomycetaceae	Kitasatospora kifunensis	7031.0	1467	26	32	1429	0.9958188153310105	0.9822039698836413	0.9740967961826857	0.936255125600907	0.9494936
AY260167	1481	7405	Streptomycetaceae	Kitasatospora sampliensis	AB249960	1473	7365	Streptomycetaceae	Kitasatospora niigatensis	6925.0	1481	31	42	1421	0.9874913134120917	0.9789115646258504	0.9594868332207968	0.9131624027809038	0.94025797
AY260167	1481	7405	Streptomycetaceae	Kitasatospora sampliensis	AY442265	1429	7145	Streptomycetaceae	Kitasatospora gansuensis	6784.0	1440	27	38	1388	0.9900142653352354	0.9811056682995102	0.9638888888888889	0.9211807922441869	0.94947517
AY260167	1481	7405	Streptomycetaceae	Kitasatospora sampliensis	AB022875	1515	7563	Streptomycetaceae	Kitasatospora cineracea	6910.0	1481	28	45	1418	0.9874651810584958	0.9808743169398907	0.9574611748818366	0.9111426422334774	0.9331533
AY260167	1481	7405	Streptomycetaceae	Kitasatospora sampliensis	AY999887	1420	7100	Streptomycetaceae	Kitasatospora cystarginea	6791.0	1426	28	34	1384	0.9942528735632183	0.9802816901408451	0.97054698457223	0.9291618999481046	0.9564789
AY260167	1481	7405	Streptomycetaceae	Kitasatospora sampliensis	AY189976	1532	7660	Streptomycetaceae	Kitasatospora putterlickiae	7254.0	1481	13	19	1461	0.9993160054719562	0.9911864406779661	0.986495611073599	0.9653658523357441	0.97960836
AY260167	1481	7405	Streptomycetaceae	Kitasatospora sampliensis	U93312	1481	7405	Streptomycetaceae	Kitasatospora azatica	7068.0	1467	22	28	1434	0.9965253648366922	0.9849418206707734	0.9775051124744376	0.9446808978178077	0.9544902
U93320	1475	7375	Streptomycetaceae	Kitasatospora griseola	AY442263	1390	6950	Streptomycetaceae	Kitasatospora nipponensis	6660.0	1385	20	15	1355	0.9890510948905109	0.9891696750902527	0.9783393501805054	0.9539679072934465	0.9582734
U93320	1475	7375	Streptomycetaceae	Kitasatospora griseola	AY613990	1422	7086	Streptomycetaceae	Kitasatospora viridis	6880.0	1424	10	12	1395	0.9879603399433428	0.9929676511954993	0.9796348314606742	0.9646055662639273	0.9709286
U93320	1475	7375	Streptomycetaceae	Kitasatospora griseola	AB278568	1439	7195	Streptomycetaceae	Kitasatospora saccharophila	6989.0	1431	17	9	1413	0.9936708860759493	0.9937106918238994	0.9874213836477987	0.9696914416762222	0.971369
U93320	1475	7375	Streptomycetaceae	Kitasatospora griseola	DQ026645	1520	7600	Streptomycetaceae	Kitasatospora atroaurantiaca	7010.0	1444	16	9	1421	0.9902439024390244	0.9937673130193906	0.9840720221606648	0.9672214738359959	0.9505085
U93320	1475	7375	Streptomycetaceae	Kitasatospora griseola	AY442267	1437	7185	Streptomycetaceae	Kitasatospora arboriphila	6945.0	1425	5	7	1404	0.9901269393511989	0.9964862965565706	0.9852631578947368	0.9769952153110047	0.9665971
U93320	1475	7375	Streptomycetaceae	Kitasatospora griseola	AY442266	1444	7220	Streptomycetaceae	Kitasatospora terrestris	6907.0	1425	20	15	1400	0.9929078014184397	0.9894736842105263	0.9824561403508771	0.9586596248406484	0.9566482
U93320	1475	7375	Streptomycetaceae	Kitasatospora griseola	U93316	1475	7375	Streptomycetaceae	Kitasatospora cochleata	7216.0	1475	4	4	1457	0.990482664853841	0.9972881355932204	0.9877966101694915	0.9824535588636389	0.9784407
U93320	1475	7375	Streptomycetaceae	Kitasatospora griseola	U93332	1482	7410	Streptomycetaceae	Kitasatospora setae	7185.0	1475	17	10	1454	0.9924914675767919	0.9932203389830508	0.9857627118644068	0.9679238424137774	0.97423726
U93320	1475	7375	Streptomycetaceae	Kitasatospora griseola	AY442268	1446	7230	Streptomycetaceae	Kitasatospora paranensis	6980.0	1425	18	11	1409	0.9964639321074965	0.992280701754386	0.9887719298245614	0.9689005604795079	0.96542186
U93320	1475	7375	Streptomycetaceae	Kitasatospora griseola	AF050493	1508	7540	Streptomycetaceae	Kitasatospora cheerisanensis	7147.0	1475	9	15	1448	0.9917808219178083	0.9938733832539143	0.9816949152542372	0.9658184476220932	0.96908474
U93320	1475	7375	Streptomycetaceae	Kitasatospora griseola	U93322	1481	7405	Streptomycetaceae	Kitasatospora kifunensis	7127.0	1475	21	15	1447	0.9910958904109589	0.9898305084745763	0.9810169491525423	0.9574095894135773	0.9663729
U93320	1475	7375	Streptomycetaceae	Kitasatospora griseola	AB249960	1473	7365	Streptomycetaceae	Kitasatospora niigatensis	7108.0	1455	10	9	1436	0.9930843706777317	0.9938144329896907	0.9869415807560138	0.9741416558178811	0.96510524
U93320	1475	7375	Streptomycetaceae	Kitasatospora griseola	AY442265	1429	7145	Streptomycetaceae	Kitasatospora gansuensis	6892.0	1422	17	10	1398	0.990084985835694	0.9929676511954993	0.9831223628691983	0.9646760085971564	0.9645906
U93320	1475	7375	Streptomycetaceae	Kitasatospora griseola	AB022875	1515	7563	Streptomycetaceae	Kitasatospora cineracea	7199.0	1475	5	9	1454	0.9918144611186903	0.9966009517335146	0.9857627118644068	0.9764379294548786	0.9761356
U93320	1475	7375	Streptomycetaceae	Kitasatospora griseola	AY999887	1420	7100	Streptomycetaceae	Kitasatospora cystarginea	6910.0	1414	17	11	1396	0.9950106913756237	0.9922206506364922	0.9872701555869873	0.9679525005510434	0.9732394
U93320	1475	7375	Streptomycetaceae	Kitasatospora griseola	AY189976	1532	7660	Streptomycetaceae	Kitasatospora putterlickiae	7074.0	1475	31	25	1440	0.993103448275862	0.9830508474576272	0.976271186440678	0.9399689378080898	0.95918643
U93320	1475	7375	Streptomycetaceae	Kitasatospora griseola	U93312	1481	7405	Streptomycetaceae	Kitasatospora azatica	7112.0	1475	22	16	1445	0.9904043865661412	0.9891525423728813	0.9796610169491525	0.9547932022236564	0.96433896
AY442263	1390	6950	Streptomycetaceae	Kitasatospora nipponensis	AY613990	1422	7086	Streptomycetaceae	Kitasatospora viridis	6681.0	1390	9	16	1356	0.9868995633187773	0.9934924078091106	0.9755395683453237	0.9581067669095602	0.96129495
AY442263	1390	6950	Streptomycetaceae	Kitasatospora nipponensis	AB278568	1439	7195	Streptomycetaceae	Kitasatospora saccharophila	6671.0	1375	10	7	1352	0.9883040935672515	0.9949090909090909	0.9832727272727273	0.971203675746636	0.9598561
AY442263	1390	6950	Streptomycetaceae	Kitasatospora nipponensis	DQ026645	1520	7600	Streptomycetaceae	Kitasatospora atroaurantiaca	6757.0	1389	10	7	1368	0.9898697539797395	0.9949604031677466	0.9848812095032398	0.9729133892305056	0.9722302
AY442263	1390	6950	Streptomycetaceae	Kitasatospora nipponensis	AY442267	1437	7185	Streptomycetaceae	Kitasatospora arboriphila	6697.0	1390	17	24	1358	0.9941434846266471	0.987707881417209	0.9769784172661871	0.9485092522996529	0.9635971
AY442263	1390	6950	Streptomycetaceae	Kitasatospora nipponensis	AY442266	1444	7220	Streptomycetaceae	Kitasatospora terrestris	6765.0	1390	12	12	1368	0.9927431059506531	0.9913669064748202	0.9841726618705036	0.9673251983292112	0.9733813
AY442263	1390	6950	Streptomycetaceae	Kitasatospora nipponensis	U93316	1475	7375	Streptomycetaceae	Kitasatospora cochleata	6646.0	1390	16	21	1353	0.9883126369612856	0.9884476534296028	0.9733812949640288	0.9477659977281333	0.956259
AY442263	1390	6950	Streptomycetaceae	Kitasatospora nipponensis	U93332	1482	7410	Streptomycetaceae	Kitasatospora setae	6708.0	1390	11	9	1363	0.9869659666908037	0.9935251798561151	0.9805755395683453	0.966577316305414	0.96517986
AY442263	1390	6950	Streptomycetaceae	Kitasatospora nipponensis	AY442268	1446	7230	Streptomycetaceae	Kitasatospora paranensis	6779.0	1390	7	5	1371	0.9898916967509025	0.9964028776978417	0.9863309352517986	0.9778585149060424	0.9753957
AY442263	1390	6950	Streptomycetaceae	Kitasatospora nipponensis	AF050493	1508	7540	Streptomycetaceae	Kitasatospora cheerisanensis	6566.0	1390	18	29	1343	0.9867744305657604	0.9869470630891951	0.9661870503597122	0.933935067854807	0.9447482
AY442263	1390	6950	Streptomycetaceae	Kitasatospora nipponensis	U93322	1481	7405	Streptomycetaceae	Kitasatospora kifunensis	6853.0	1390	4	3	1379	0.9942321557317952	0.9978417266187051	0.9920863309352518	0.9871045487856487	0.98604316
AY442263	1390	6950	Streptomycetaceae	Kitasatospora nipponensis	AB249960	1473	7365	Streptomycetaceae	Kitasatospora niigatensis	6589.0	1390	18	22	1347	0.9846491228070176	0.987012987012987	0.9690647482014388	0.9415344996729889	0.94805753
AY442263	1390	6950	Streptomycetaceae	Kitasatospora nipponensis	AY442265	1429	7145	Streptomycetaceae	Kitasatospora gansuensis	6770.0	1390	8	5	1370	0.9891696750902527	0.9964028776978417	0.9856115107913669	0.9764463107625487	0.9741007
AY442263	1390	6950	Streptomycetaceae	Kitasatospora nipponensis	AB022875	1515	7563	Streptomycetaceae	Kitasatospora cineracea	6581.0	1390	15	24	1345	0.9846266471449487	0.9891383055756698	0.9676258992805755	0.9407665326813283	0.94690645
AY442263	1390	6950	Streptomycetaceae	Kitasatospora nipponensis	AY999887	1420	7100	Streptomycetaceae	Kitasatospora cystarginea	6791.0	1390	8	7	1372	0.9920462762111352	0.9949640287769784	0.9870503597122302	0.9764596906166054	0.9771223
AY442263	1390	6950	Streptomycetaceae	Kitasatospora nipponensis	AY189976	1532	7660	Streptomycetaceae	Kitasatospora putterlickiae	6773.0	1390	17	16	1369	0.9963609898107715	0.9884892086330935	0.9848920863309353	0.9617922719393782	0.97453237
AY442263	1390	6950	Streptomycetaceae	Kitasatospora nipponensis	U93312	1481	7405	Streptomycetaceae	Kitasatospora azatica	6856.0	1390	7	6	1379	0.9963872832369942	0.99568345323741	0.9920863309352518	0.9828543178342078	0.9864748
AY613990	1422	7086	Streptomycetaceae	Kitasatospora viridis	AB278568	1439	7195	Streptomycetaceae	Kitasatospora saccharophila	6721.0	1389	18	8	1364	0.9876900796524257	0.994240460763139	0.9820014398848093	0.9638550024740025	0.94848996
AY613990	1422	7086	Streptomycetaceae	Kitasatospora viridis	DQ026645	1520	7600	Streptomycetaceae	Kitasatospora atroaurantiaca	6701.0	1403	15	6	1368	0.9792412312097352	0.9957234497505346	0.9750534568781183	0.960613314004747	0.9456675
AY613990	1422	7086	Streptomycetaceae	Kitasatospora viridis	AY442267	1437	7185	Streptomycetaceae	Kitasatospora arboriphila	6893.0	1412	5	5	1392	0.9893390191897654	0.9964589235127479	0.9858356940509915	0.9788784908466795	0.9727632
AY613990	1422	7086	Streptomycetaceae	Kitasatospora viridis	AY442266	1444	7220	Streptomycetaceae	Kitasatospora terrestris	6820.0	1412	11	4	1385	0.9836647727272727	0.9971671388101983	0.9808781869688386	0.9705386417794271	0.9624612
AY613990	1422	7086	Streptomycetaceae	Kitasatospora viridis	U93316	1475	7375	Streptomycetaceae	Kitasatospora cochleata	6840.0	1422	8	6	1391	0.9823446327683616	0.9957805907172996	0.9781997187060478	0.9686229382431915	0.96528363
AY613990	1422	7086	Streptomycetaceae	Kitasatospora viridis	U93332	1482	7410	Streptomycetaceae	Kitasatospora setae	6786.0	1422	25	16	1385	0.9850640113798008	0.9887482419127989	0.9739803094233473	0.94638307881771	0.957663
AY613990	1422	7086	Streptomycetaceae	Kitasatospora viridis	AY442268	1446	7230	Streptomycetaceae	Kitasatospora paranensis	6821.0	1412	20	11	1385	0.9885795860099929	0.9922096317280453	0.9808781869688386	0.9596440921392059	0.9626023
AY613990	1422	7086	Streptomycetaceae	Kitasatospora viridis	AF050493	1508	7540	Streptomycetaceae	Kitasatospora cheerisanensis	6792.0	1422	16	20	1384	0.9871611982881597	0.9887165021156559	0.9732770745428974	0.9489113063345911	0.95850974
AY613990	1422	7086	Streptomycetaceae	Kitasatospora viridis	U93322	1481	7405	Streptomycetaceae	Kitasatospora kifunensis	6940.0	1422	12	4	1403	0.9894217207334274	0.9971870604781997	0.9866385372714487	0.9756300180271368	0.979396
AY613990	1422	7086	Streptomycetaceae	Kitasatospora viridis	AB249960	1473	7365	Streptomycetaceae	Kitasatospora niigatensis	6792.0	1422	19	16	1385	0.9850640113798008	0.9887482419127989	0.9739803094233473	0.9503236051694839	0.95850974
AY613990	1422	7086	Streptomycetaceae	Kitasatospora viridis	AY442265	1429	7145	Streptomycetaceae	Kitasatospora gansuensis	6773.0	1412	15	6	1380	0.9815078236130867	0.9957507082152974	0.9773371104815864	0.9629544340133921	0.95582837
AY613990	1422	7086	Streptomycetaceae	Kitasatospora viridis	AB022875	1515	7563	Streptomycetaceae	Kitasatospora cineracea	6785.0	1422	18	20	1383	0.9864479315263909	0.9873239436619718	0.9725738396624473	0.9469086966713549	0.95752186
AY613990	1422	7086	Streptomycetaceae	Kitasatospora viridis	AY999887	1420	7100	Streptomycetaceae	Kitasatospora cystarginea	6769.0	1405	19	11	1376	0.9870875179340028	0.9921708185053381	0.9793594306049822	0.9587268583310009	0.9552639
AY613990	1422	7086	Streptomycetaceae	Kitasatospora viridis	AY189976	1532	7660	Streptomycetaceae	Kitasatospora putterlickiae	6842.0	1422	25	17	1391	0.9900355871886121	0.9880450070323488	0.9781997187060478	0.9498069141548011	0.9655659
AY613990	1422	7086	Streptomycetaceae	Kitasatospora viridis	U93312	1481	7405	Streptomycetaceae	Kitasatospora azatica	6862.0	1422	22	14	1393	0.9893465909090909	0.9901547116736991	0.9796061884669479	0.9551838735190183	0.9683884
AB278568	1439	7195	Streptomycetaceae	Kitasatospora saccharophila	DQ026645	1520	7600	Streptomycetaceae	Kitasatospora atroaurantiaca	6988.0	1438	4	5	1415	0.9874389392882066	0.9972164231036882	0.9840055632823366	0.9778640583797422	0.97123003
AB278568	1439	7195	Streptomycetaceae	Kitasatospora saccharophila	AY442267	1437	7185	Streptomycetaceae	Kitasatospora arboriphila	6727.0	1389	7	17	1361	0.9919825072886297	0.9949238578680203	0.9798416126709864	0.9629961981264995	0.9362561
AB278568	1439	7195	Streptomycetaceae	Kitasatospora saccharophila	AY442266	1444	7220	Streptomycetaceae	Kitasatospora terrestris	6809.0	1389	1	4	1373	0.9913357400722022	0.9992784992784993	0.9884809215262779	0.9849252347581978	0.94635165
AB278568	1439	7195	Streptomycetaceae	Kitasatospora saccharophila	U93316	1475	7375	Streptomycetaceae	Kitasatospora cochleata	6962.0	1439	9	17	1410	0.9915611814345991	0.9937106918238994	0.9798471160528145	0.9622531761236893	0.9676164
AB278568	1439	7195	Streptomycetaceae	Kitasatospora saccharophila	U93332	1482	7410	Streptomycetaceae	Kitasatospora setae	7075.0	1439	6	7	1425	0.9951117318435754	0.9958275382475661	0.990271021542738	0.9813620088921805	0.9833217
AB278568	1439	7195	Streptomycetaceae	Kitasatospora saccharophila	AY442268	1446	7230	Streptomycetaceae	Kitasatospora paranensis	6824.0	1389	5	6	1375	0.9942154736080984	0.9963976945244957	0.9899208063354932	0.9821093795997038	0.94843644
AB278568	1439	7195	Streptomycetaceae	Kitasatospora saccharophila	AF050493	1508	7540	Streptomycetaceae	Kitasatospora cheerisanensis	6963.0	1439	9	23	1409	0.9950564971751412	0.9936842105263158	0.9791521890201529	0.9575134666108678	0.9677554
AB278568	1439	7195	Streptomycetaceae	Kitasatospora saccharophila	U93322	1481	7405	Streptomycetaceae	Kitasatospora kifunensis	6988.0	1439	5	7	1415	0.9881284916201117	0.9965205288796103	0.9833217512161223	0.9751501023140493	0.97123003
AB278568	1439	7195	Streptomycetaceae	Kitasatospora saccharophila	AB249960	1473	7365	Streptomycetaceae	Kitasatospora niigatensis	6873.0	1419	13	20	1391	0.9942816297355254	0.9907932011331445	0.9802677942212826	0.9576778241030548	0.9552467
AB278568	1439	7195	Streptomycetaceae	Kitasatospora saccharophila	AY442265	1429	7145	Streptomycetaceae	Kitasatospora gansuensis	6769.0	1389	3	4	1369	0.9884476534296028	0.9978386167146974	0.9856011519078474	0.9806448242761268	0.9473758
AB278568	1439	7195	Streptomycetaceae	Kitasatospora saccharophila	AB022875	1515	7563	Streptomycetaceae	Kitasatospora cineracea	6965.0	1439	10	22	1409	0.9943542695836274	0.9929922915206727	0.9791521890201529	0.9575284001667058	0.9680334
AB278568	1439	7195	Streptomycetaceae	Kitasatospora saccharophila	AY999887	1420	7100	Streptomycetaceae	Kitasatospora cystarginea	6867.0	1406	7	9	1387	0.9928418038654259	0.9950142450142451	0.9864864864864865	0.9753160804116219	0.9671831
AB278568	1439	7195	Streptomycetaceae	Kitasatospora saccharophila	AY189976	1532	7660	Streptomycetaceae	Kitasatospora putterlickiae	6916.0	1439	15	17	1406	0.9887482419127989	0.9895615866388309	0.9770674079221682	0.9555638611178289	0.96122307
AB278568	1439	7195	Streptomycetaceae	Kitasatospora saccharophila	U93312	1481	7405	Streptomycetaceae	Kitasatospora azatica	6946.0	1439	13	15	1409	0.9894662921348315	0.9909533750869868	0.9791521890201529	0.9602704663668716	0.96539265
DQ026645	1520	7600	Streptomycetaceae	Kitasatospora atroaurantiaca	AY442267	1437	7185	Streptomycetaceae	Kitasatospora arboriphila	6693.0	1402	12	21	1363	0.9869659666908037	0.9913854989231874	0.9721825962910129	0.9494937521060034	0.931524
DQ026645	1520	7600	Streptomycetaceae	Kitasatospora atroaurantiaca	AY442266	1444	7220	Streptomycetaceae	Kitasatospora terrestris	6805.0	1402	7	9	1378	0.9892318736539842	0.995	0.9828815977175464	0.9717204156284898	0.9425208
DQ026645	1520	7600	Streptomycetaceae	Kitasatospora atroaurantiaca	U93316	1475	7375	Streptomycetaceae	Kitasatospora cochleata	6977.0	1451	12	15	1418	0.9874651810584958	0.9917127071823204	0.9772570640937285	0.9592215612020466	0.9460339
DQ026645	1520	7600	Streptomycetaceae	Kitasatospora atroaurantiaca	U93332	1482	7410	Streptomycetaceae	Kitasatospora setae	7058.0	1451	5	5	1429	0.9882434301521439	0.9965541006202618	0.9848380427291523	0.9780740451829356	0.95249665
DQ026645	1520	7600	Streptomycetaceae	Kitasatospora atroaurantiaca	AY442268	1446	7230	Streptomycetaceae	Kitasatospora paranensis	6850.0	1402	4	4	1384	0.9899856938483548	0.9971469329529244	0.9871611982881597	0.9815443493647563	0.9474412
DQ026645	1520	7600	Streptomycetaceae	Kitasatospora atroaurantiaca	AF050493	1508	7540	Streptomycetaceae	Kitasatospora cheerisanensis	6915.0	1481	13	47	1416	0.9874476987447699	0.9910158949550795	0.9561107359891965	0.917712714463526	0.9171088
DQ026645	1520	7600	Streptomycetaceae	Kitasatospora atroaurantiaca	U93322	1481	7405	Streptomycetaceae	Kitasatospora kifunensis	7054.0	1451	5	6	1428	0.9882352941176471	0.996551724137931	0.9841488628532047	0.9767136722684621	0.9525996
DQ026645	1520	7600	Streptomycetaceae	Kitasatospora atroaurantiaca	AB249960	1473	7365	Streptomycetaceae	Kitasatospora niigatensis	6889.0	1432	13	19	1399	0.9900920028308563	0.9908835904628331	0.9769553072625698	0.955320310838762	0.93536997
DQ026645	1520	7600	Streptomycetaceae	Kitasatospora atroaurantiaca	AY442265	1429	7145	Streptomycetaceae	Kitasatospora gansuensis	6938.0	1402	0	0	1394	0.9942938659058488	1.0	0.9942938659058488	0.9942938659058488	0.9710287
DQ026645	1520	7600	Streptomycetaceae	Kitasatospora atroaurantiaca	AB022875	1515	7563	Streptomycetaceae	Kitasatospora cineracea	6988.0	1482	10	43	1424	0.9895760945100764	0.9930986887508627	0.9608636977058029	0.9267311400795243	0.92397195
DQ026645	1520	7600	Streptomycetaceae	Kitasatospora atroaurantiaca	AY999887	1420	7100	Streptomycetaceae	Kitasatospora cystarginea	6919.0	1419	4	5	1399	0.9893917963224894	0.997179125528914	0.9859055673009162	0.9796700436848176	0.97450703
DQ026645	1520	7600	Streptomycetaceae	Kitasatospora atroaurantiaca	AY189976	1532	7660	Streptomycetaceae	Kitasatospora putterlickiae	6971.0	1452	20	20	1418	0.9902234636871509	0.9862258953168044	0.9765840220385675	0.9500464127440413	0.91723686
DQ026645	1520	7600	Streptomycetaceae	Kitasatospora atroaurantiaca	U93312	1481	7405	Streptomycetaceae	Kitasatospora azatica	7026.0	1451	10	11	1424	0.9888888888888889	0.993103448275862	0.9813921433494142	0.9672858907756032	0.9488184
AY442267	1437	7185	Streptomycetaceae	Kitasatospora arboriphila	AY442266	1444	7220	Streptomycetaceae	Kitasatospora terrestris	7012.0	1437	14	7	1418	0.9916083916083916	0.9951287404314544	0.9867780097425192	0.9724965912693332	0.97592205
AY442267	1437	7185	Streptomycetaceae	Kitasatospora arboriphila	U93316	1475	7375	Streptomycetaceae	Kitasatospora cochleata	6887.0	1423	12	10	1397	0.9886765746638358	0.9929725931131412	0.9817287420941673	0.9666778484871487	0.9585247
AY442267	1437	7185	Streptomycetaceae	Kitasatospora arboriphila	U93332	1482	7410	Streptomycetaceae	Kitasatospora setae	6880.0	1423	23	14	1397	0.9914833215046132	0.9901616303583978	0.9817287420941673	0.9566084354154092	0.95755047
AY442267	1437	7185	Streptomycetaceae	Kitasatospora arboriphila	AY442268	1446	7230	Streptomycetaceae	Kitasatospora paranensis	7041.0	1437	13	4	1422	0.9923237962316818	0.9972164231036882	0.9895615866388309	0.9779598301058239	0.97995824
AY442267	1437	7185	Streptomycetaceae	Kitasatospora arboriphila	AF050493	1508	7540	Streptomycetaceae	Kitasatospora cheerisanensis	6928.0	1437	13	17	1407	0.9908450704225352	0.9909281228192603	0.9791231732776617	0.9588654524512273	0.964231
AY442267	1437	7185	Streptomycetaceae	Kitasatospora arboriphila	U93322	1481	7405	Streptomycetaceae	Kitasatospora kifunensis	6900.0	1423	23	15	1399	0.9936079545454546	0.9894588896697118	0.983134223471539	0.9572980543899909	0.960334
AY442267	1437	7185	Streptomycetaceae	Kitasatospora arboriphila	AB249960	1473	7365	Streptomycetaceae	Kitasatospora niigatensis	6956.0	1437	16	13	1411	0.9908707865168539	0.9909533750869868	0.9819067501739736	0.9623091619048441	0.968128
AY442267	1437	7185	Streptomycetaceae	Kitasatospora arboriphila	AY442265	1429	7145	Streptomycetaceae	Kitasatospora gansuensis	6813.0	1420	24	15	1388	0.9879003558718861	0.9894366197183099	0.9774647887323944	0.951065116460536	0.95353395
AY442267	1437	7185	Streptomycetaceae	Kitasatospora arboriphila	AB022875	1515	7563	Streptomycetaceae	Kitasatospora cineracea	6941.0	1437	13	16	1408	0.9908515130190007	0.9909344490934449	0.9798190675017397	0.960222686151705	0.9660404
AY442267	1437	7185	Streptomycetaceae	Kitasatospora arboriphila	AY999887	1420	7100	Streptomycetaceae	Kitasatospora cystarginea	6749.0	1395	20	12	1370	0.9906001446131598	0.9913978494623656	0.982078853046595	0.9598692959458947	0.9505634
AY442267	1437	7185	Streptomycetaceae	Kitasatospora arboriphila	AY189976	1532	7660	Streptomycetaceae	Kitasatospora putterlickiae	6961.0	1437	23	15	1412	0.9929676511954993	0.9895615866388309	0.9826026443980515	0.9570280550233076	0.9688239
AY442267	1437	7185	Streptomycetaceae	Kitasatospora arboriphila	U93312	1481	7405	Streptomycetaceae	Kitasatospora azatica	6899.0	1423	27	19	1398	0.9957264957264957	0.9866479269149684	0.9824314827828531	0.951264690915259	0.9601948
AY442266	1444	7220	Streptomycetaceae	Kitasatospora terrestris	U93316	1475	7375	Streptomycetaceae	Kitasatospora cochleata	6924.0	1430	13	18	1402	0.9929178470254958	0.9908771929824561	0.9804195804195804	0.9593572055110516	0.9590028
AY442266	1444	7220	Streptomycetaceae	Kitasatospora terrestris	U93332	1482	7410	Streptomycetaceae	Kitasatospora setae	6938.0	1430	11	9	1406	0.9894440534834623	0.9937062937062937	0.9832167832167832	0.969570471166585	0.96094185
AY442266	1444	7220	Streptomycetaceae	Kitasatospora terrestris	AY442268	1446	7230	Streptomycetaceae	Kitasatospora paranensis	7119.0	1444	4	2	1433	0.9937586685159501	0.9986149584487535	0.9923822714681441	0.9882701902327787	0.9860111
AY442266	1444	7220	Streptomycetaceae	Kitasatospora terrestris	AF050493	1508	7540	Streptomycetaceae	Kitasatospora cheerisanensis	6886.0	1444	16	27	1403	0.9901199717713479	0.988834612700628	0.971606648199446	0.9429908359579554	0.9537396
AY442266	1444	7220	Streptomycetaceae	Kitasatospora terrestris	U93322	1481	7405	Streptomycetaceae	Kitasatospora kifunensis	6973.0	1430	7	6	1410	0.9901685393258427	0.9958041958041958	0.986013986013986	0.9770938873235325	0.9657895
AY442266	1444	7220	Streptomycetaceae	Kitasatospora terrestris	AB249960	1473	7365	Streptomycetaceae	Kitasatospora niigatensis	6898.0	1444	21	25	1405	0.9901338971106413	0.9854166666666667	0.9729916897506925	0.9424404148506706	0.95540166
AY442266	1444	7220	Streptomycetaceae	Kitasatospora terrestris	AY442265	1429	7145	Streptomycetaceae	Kitasatospora gansuensis	6967.0	1427	10	8	1408	0.9922480620155039	0.9943938332165382	0.9866853538892782	0.974326038391709	0.97508746
AY442266	1444	7220	Streptomycetaceae	Kitasatospora terrestris	AB022875	1515	7563	Streptomycetaceae	Kitasatospora cineracea	6882.0	1444	17	27	1402	0.9894142554693014	0.9881450488145049	0.9709141274238227	0.9416737293357679	0.9531856
AY442266	1444	7220	Streptomycetaceae	Kitasatospora terrestris	AY999887	1420	7100	Streptomycetaceae	Kitasatospora cystarginea	6903.0	1402	6	5	1390	0.9949892627057981	0.9964336661911555	0.9914407988587732	0.983695167617689	0.9722535
AY442266	1444	7220	Streptomycetaceae	Kitasatospora terrestris	AY189976	1532	7660	Streptomycetaceae	Kitasatospora putterlickiae	7003.0	1444	12	11	1419	0.9902302861130495	0.9923822714681441	0.9826869806094183	0.9671637659431981	0.9699446
AY442266	1444	7220	Streptomycetaceae	Kitasatospora terrestris	U93312	1481	7405	Streptomycetaceae	Kitasatospora azatica	6931.0	1430	16	15	1404	0.992226148409894	0.9895104895104895	0.9818181818181818	0.9607695209354961	0.9599723
U93316	1475	7375	Streptomycetaceae	Kitasatospora cochleata	U93332	1482	7410	Streptomycetaceae	Kitasatospora setae	7137.0	1475	13	6	1449	0.9863852961198094	0.9959322033898305	0.9823728813559321	0.9698291416074357	0.9677288
U93316	1475	7375	Streptomycetaceae	Kitasatospora cochleata	AY442268	1446	7230	Streptomycetaceae	Kitasatospora paranensis	6901.0	1425	20	13	1400	0.9915014164305949	0.9908771929824561	0.9824561403508771	0.960019425726947	0.95449513
U93316	1475	7375	Streptomycetaceae	Kitasatospora cochleata	AF050493	1508	7540	Streptomycetaceae	Kitasatospora cheerisanensis	7069.0	1475	12	18	1439	0.9876458476321208	0.9918311776718857	0.9755932203389831	0.9559107747369862	0.9585085
U93316	1475	7375	Streptomycetaceae	Kitasatospora cochleata	U93322	1481	7405	Streptomycetaceae	Kitasatospora kifunensis	7107.0	1475	18	12	1445	0.9876965140123035	0.991864406779661	0.9796610169491525	0.9599759328845345	0.963661
U93316	1475	7375	Streptomycetaceae	Kitasatospora cochleata	AB249960	1473	7365	Streptomycetaceae	Kitasatospora niigatensis	7052.0	1455	7	6	1430	0.9868875086266391	0.9958762886597938	0.9828178694158075	0.9740787228341349	0.9575017
U93316	1475	7375	Streptomycetaceae	Kitasatospora cochleata	AY442265	1429	7145	Streptomycetaceae	Kitasatospora gansuensis	6900.0	1422	15	8	1399	0.9893917963224894	0.9943741209563994	0.9838255977496484	0.9680789110772462	0.9657103
U93316	1475	7375	Streptomycetaceae	Kitasatospora cochleata	AB022875	1515	7563	Streptomycetaceae	Kitasatospora cineracea	7144.0	1475	4	8	1448	0.9870483980913429	0.9972807613868117	0.9816949152542372	0.9737298449479148	0.96867794
U93316	1475	7375	Streptomycetaceae	Kitasatospora cochleata	AY999887	1420	7100	Streptomycetaceae	Kitasatospora cystarginea	6889.0	1414	13	7	1394	0.9907604832977968	0.995049504950495	0.9858557284299858	0.9720385493349615	0.97028166
U93316	1475	7375	Streptomycetaceae	Kitasatospora cochleata	AY189976	1532	7660	Streptomycetaceae	Kitasatospora putterlickiae	7039.0	1475	31	25	1436	0.9903448275862069	0.9830508474576272	0.9735593220338983	0.937357912980845	0.95444065
U93316	1475	7375	Streptomycetaceae	Kitasatospora cochleata	U93312	1481	7405	Streptomycetaceae	Kitasatospora azatica	7083.0	1475	27	21	1441	0.9910591471801926	0.9857627118644068	0.9769491525423729	0.9457284073213117	0.9604068
U93332	1482	7410	Streptomycetaceae	Kitasatospora setae	AY442268	1446	7230	Streptomycetaceae	Kitasatospora paranensis	6994.0	1432	10	10	1413	0.9936708860759493	0.9930167597765364	0.986731843575419	0.9730462424162593	0.96735823
U93332	1482	7410	Streptomycetaceae	Kitasatospora setae	AF050493	1508	7540	Streptomycetaceae	Kitasatospora cheerisanensis	7102.0	1482	17	30	1443	0.993801652892562	0.988427501701838	0.9736842105263158	0.9431550858467049	0.9584345
U93332	1482	7410	Streptomycetaceae	Kitasatospora setae	U93322	1481	7405	Streptomycetaceae	Kitasatospora kifunensis	7156.0	1482	7	8	1453	0.985753052917232	0.9952734638757597	0.9804318488529015	0.9705551008792322	0.9663741
U93332	1482	7410	Streptomycetaceae	Kitasatospora setae	AB249960	1473	7365	Streptomycetaceae	Kitasatospora niigatensis	7137.0	1462	10	16	1440	0.995850622406639	0.9931318681318682	0.9849521203830369	0.9675548682567061	0.9690428
U93332	1482	7410	Streptomycetaceae	Kitasatospora setae	AY442265	1429	7145	Streptomycetaceae	Kitasatospora gansuensis	6921.0	1429	4	4	1404	0.9852631578947368	0.9972008397480756	0.9825052484254724	0.9770202226143043	0.9686494
U93332	1482	7410	Streptomycetaceae	Kitasatospora setae	AB022875	1515	7563	Streptomycetaceae	Kitasatospora cineracea	7229.0	1482	7	18	1458	0.9959016393442623	0.9952413324269205	0.9838056680161943	0.9672877756720674	0.97557354
U93332	1482	7410	Streptomycetaceae	Kitasatospora setae	AY999887	1420	7100	Streptomycetaceae	Kitasatospora cystarginea	6921.0	1421	4	5	1400	0.9887005649717514	0.9971830985915493	0.9852216748768473	0.9789992221934145	0.9747887
U93332	1482	7410	Streptomycetaceae	Kitasatospora setae	AY189976	1532	7660	Streptomycetaceae	Kitasatospora putterlickiae	7082.0	1482	23	24	1443	0.9897119341563786	0.9844699527346388	0.9736842105263158	0.9432767966427698	0.9557355
U93332	1482	7410	Streptomycetaceae	Kitasatospora setae	U93312	1481	7405	Streptomycetaceae	Kitasatospora azatica	7127.0	1482	13	14	1449	0.9870572207084468	0.9912221471978393	0.9777327935222672	0.9600747430706945	0.9624578
AY442268	1446	7230	Streptomycetaceae	Kitasatospora paranensis	AF050493	1508	7540	Streptomycetaceae	Kitasatospora cheerisanensis	6917.0	1446	14	27	1407	0.9915433403805497	0.9902302861130495	0.9730290456431535	0.9457042573750923	0.95670813
AY442268	1446	7230	Streptomycetaceae	Kitasatospora paranensis	U93322	1481	7405	Streptomycetaceae	Kitasatospora kifunensis	6985.0	1432	5	6	1412	0.9901823281907434	0.9965059399021663	0.9860335195530726	0.9784855942120261	0.9661134
AY442268	1446	7230	Streptomycetaceae	Kitasatospora paranensis	AB249960	1473	7365	Streptomycetaceae	Kitasatospora niigatensis	6953.0	1446	18	24	1412	0.9929676511954993	0.9875	0.9764868603042877	0.9484728930004762	0.9616874
AY442268	1446	7230	Streptomycetaceae	Kitasatospora paranensis	AY442265	1429	7145	Streptomycetaceae	Kitasatospora gansuensis	6969.0	1429	6	6	1409	0.9901616303583978	0.9958012596221134	0.9860041987403779	0.9777588674617127	0.97536737
AY442268	1446	7230	Streptomycetaceae	Kitasatospora paranensis	AB022875	1515	7563	Streptomycetaceae	Kitasatospora cineracea	6938.0	1446	15	27	1409	0.992952783650458	0.9895397489539749	0.9744121715076072	0.9464003226346986	0.9596127
AY442268	1446	7230	Streptomycetaceae	Kitasatospora paranensis	AY999887	1420	7100	Streptomycetaceae	Kitasatospora cystarginea	6907.0	1404	6	7	1391	0.9957050823192556	0.9957234497505346	0.9907407407407407	0.9816062516417126	0.9728169
AY442268	1446	7230	Streptomycetaceae	Kitasatospora paranensis	AY189976	1532	7660	Streptomycetaceae	Kitasatospora putterlickiae	7001.0	1446	16	17	1419	0.9930020993701889	0.9889273356401385	0.9813278008298755	0.9591774469123748	0.9683264
AY442268	1446	7230	Streptomycetaceae	Kitasatospora paranensis	U93312	1481	7405	Streptomycetaceae	Kitasatospora azatica	6963.0	1432	8	9	1409	0.9901616303583978	0.9944095038434662	0.9839385474860335	0.9723226063004345	0.9630705
AF050493	1508	7540	Streptomycetaceae	Kitasatospora cheerisanensis	U93322	1481	7405	Streptomycetaceae	Kitasatospora kifunensis	7029.0	1469	29	17	1435	0.9882920110192838	0.988427501701838	0.9768550034036759	0.9468581207891438	0.9492235
AF050493	1508	7540	Streptomycetaceae	Kitasatospora cheerisanensis	AB249960	1473	7365	Streptomycetaceae	Kitasatospora niigatensis	7121.0	1465	22	14	1443	0.994486560992419	0.990443686006826	0.9849829351535836	0.9611366771404504	0.9668703
AF050493	1508	7540	Streptomycetaceae	Kitasatospora cheerisanensis	AY442265	1429	7145	Streptomycetaceae	Kitasatospora gansuensis	6787.0	1416	27	14	1385	0.9878744650499287	0.9901129943502824	0.9781073446327684	0.9503163528587257	0.949895
AF050493	1508	7540	Streptomycetaceae	Kitasatospora cheerisanensis	AB022875	1515	7563	Streptomycetaceae	Kitasatospora cineracea	7274.0	1505	28	19	1477	0.993943472409152	0.987375415282392	0.9813953488372092	0.9513069069615739	0.9647215
AF050493	1508	7540	Streptomycetaceae	Kitasatospora cheerisanensis	AY999887	1420	7100	Streptomycetaceae	Kitasatospora cystarginea	6781.0	1408	29	17	1380	0.9920920201294033	0.9879261363636364	0.9801136363636364	0.9487390871133042	0.95507044
AF050493	1508	7540	Streptomycetaceae	Kitasatospora cheerisanensis	AY189976	1532	7660	Streptomycetaceae	Kitasatospora putterlickiae	7105.0	1500	54	28	1458	0.9904891304347826	0.9813333333333333	0.972	0.9207104247104246	0.9423077
AF050493	1508	7540	Streptomycetaceae	Kitasatospora cheerisanensis	U93312	1481	7405	Streptomycetaceae	Kitasatospora azatica	6993.0	1469	34	22	1430	0.9882515549412578	0.9850238257317904	0.9734513274336283	0.9371816838299801	0.9443619
U93322	1481	7405	Streptomycetaceae	Kitasatospora kifunensis	AB249960	1473	7365	Streptomycetaceae	Kitasatospora niigatensis	6945.0	1461	17	22	1418	0.985406532314107	0.9883241758241759	0.9705681040383299	0.9449577142835973	0.9429735
U93322	1481	7405	Streptomycetaceae	Kitasatospora kifunensis	AY442265	1429	7145	Streptomycetaceae	Kitasatospora gansuensis	6961.0	1428	4	3	1408	0.9880701754385965	0.9978991596638656	0.9859943977591037	0.9811745927421248	0.97424775
U93322	1481	7405	Streptomycetaceae	Kitasatospora kifunensis	AB022875	1515	7563	Streptomycetaceae	Kitasatospora cineracea	7038.0	1481	16	26	1436	0.9869415807560138	0.9891230455472467	0.9696151249155975	0.9424114941564424	0.9504389
U93322	1481	7405	Streptomycetaceae	Kitasatospora kifunensis	AY999887	1420	7100	Streptomycetaceae	Kitasatospora cystarginea	6947.0	1420	3	3	1403	0.9901199717713479	0.997887323943662	0.9880281690140845	0.9838622034384804	0.9784507
U93322	1481	7405	Streptomycetaceae	Kitasatospora kifunensis	AY189976	1532	7660	Streptomycetaceae	Kitasatospora putterlickiae	7221.0	1481	16	16	1459	0.9959044368600682	0.9891964888588791	0.9851451721809588	0.9640866247462289	0.9751519
U93322	1481	7405	Streptomycetaceae	Kitasatospora kifunensis	U93312	1481	7405	Streptomycetaceae	Kitasatospora azatica	7280.0	1481	7	7	1466	0.994572591587517	0.9952734638757597	0.9898717083051992	0.9805583992216826	0.9831195
AB249960	1473	7365	Streptomycetaceae	Kitasatospora niigatensis	AY442265	1429	7145	Streptomycetaceae	Kitasatospora gansuensis	6828.0	1423	19	13	1391	0.9865248226950355	0.9908643710470836	0.977512297962052	0.955819930739593	0.9556333
AB249960	1473	7365	Streptomycetaceae	Kitasatospora niigatensis	AB022875	1515	7563	Streptomycetaceae	Kitasatospora cineracea	7291.0	1473	2	8	1463	0.9986348122866894	0.9986366734832992	0.9932111337406653	0.9864774989356438	0.9899525
AB249960	1473	7365	Streptomycetaceae	Kitasatospora niigatensis	AY999887	1420	7100	Streptomycetaceae	Kitasatospora cystarginea	6810.0	1415	19	14	1385	0.9885795860099929	0.9901060070671378	0.9787985865724381	0.9562739329065453	0.9591549
AB249960	1473	7365	Streptomycetaceae	Kitasatospora niigatensis	AY189976	1532	7660	Streptomycetaceae	Kitasatospora putterlickiae	6964.0	1473	35	30	1426	0.9882189882189882	0.9796334012219959	0.9680923285811269	0.9263642109698715	0.9455533
AB249960	1473	7365	Streptomycetaceae	Kitasatospora niigatensis	U93312	1481	7405	Streptomycetaceae	Kitasatospora azatica	6935.0	1456	26	21	1416	0.9867595818815331	0.9855769230769231	0.9725274725274725	0.9416848333852382	0.94161576
AY442265	1429	7145	Streptomycetaceae	Kitasatospora gansuensis	AB022875	1515	7563	Streptomycetaceae	Kitasatospora cineracea	6829.0	1429	10	21	1390	0.9872159090909091	0.9929478138222849	0.9727081875437369	0.9517533898968599	0.9557733
AY442265	1429	7145	Streptomycetaceae	Kitasatospora gansuensis	AY999887	1420	7100	Streptomycetaceae	Kitasatospora cystarginea	6871.0	1404	4	5	1387	0.9914224446032881	0.9971489665003563	0.9878917378917379	0.981577088998964	0.9677465
AY442265	1429	7145	Streptomycetaceae	Kitasatospora gansuensis	AY189976	1532	7660	Streptomycetaceae	Kitasatospora putterlickiae	6859.0	1429	20	21	1395	0.9907670454545454	0.9859943977591037	0.9762071378586424	0.9485849897204752	0.959972
AY442265	1429	7145	Streptomycetaceae	Kitasatospora gansuensis	U93312	1481	7405	Streptomycetaceae	Kitasatospora azatica	6917.0	1429	11	12	1402	0.9894142554693014	0.992296918767507	0.9811056682995102	0.9654352305419486	0.9680896
AB022875	1515	7563	Streptomycetaceae	Kitasatospora cineracea	AY999887	1420	7100	Streptomycetaceae	Kitasatospora cystarginea	6802.0	1410	21	11	1383	0.9885632594710507	0.9921985815602837	0.9808510638297873	0.9589172874198969	0.9580282
AB022875	1515	7563	Streptomycetaceae	Kitasatospora cineracea	AY189976	1532	7660	Streptomycetaceae	Kitasatospora putterlickiae	7142.0	1507	43	27	1463	0.9885135135135135	0.9820836098208361	0.9708029197080292	0.9269602072050859	0.94433427
AB022875	1515	7563	Streptomycetaceae	Kitasatospora cineracea	U93312	1481	7405	Streptomycetaceae	Kitasatospora azatica	7027.0	1471	28	18	1434	0.9869236063317275	0.9877634262406526	0.9748470428280082	0.9449317900127391	0.9489534
AY999887	1420	7100	Streptomycetaceae	Kitasatospora cystarginea	AY189976	1532	7660	Streptomycetaceae	Kitasatospora putterlickiae	6872.0	1420	18	18	1393	0.9935805991440799	0.9873239436619718	0.9809859154929578	0.9564271582205333	0.96788734
AY999887	1420	7100	Streptomycetaceae	Kitasatospora cystarginea	U93312	1481	7405	Streptomycetaceae	Kitasatospora azatica	6885.0	1420	10	10	1395	0.9893617021276596	0.9929577464788732	0.9823943661971831	0.968654584851768	0.96971834
AY189976	1532	7660	Streptomycetaceae	Kitasatospora putterlickiae	U93312	1481	7405	Streptomycetaceae	Kitasatospora azatica	7250.0	1481	14	14	1463	0.9972733469665985	0.9905469277515192	0.987846049966239	0.969344585485266	0.9790682
