JQ070300	1395	6921	Enterobacteriaceae	Klebsiella michiganensis	AF250285	1282	6404	Enterobacteriaceae	Klebsiella singaporensis	6094.0	1272	20	10	1238	0.9809825673534073	0.9921383647798742	0.9732704402515723	0.9506712814222015	0.95159274
JQ070300	1395	6921	Enterobacteriaceae	Klebsiella michiganensis	X87276	1534	7658	Enterobacteriaceae	Klebsiella pneumoniae subsp. pneumoniae	6682.0	1392	9	8	1355	0.9790462427745664	0.9942528735632183	0.9734195402298851	0.9616078827110356	0.9654674
JQ070300	1395	6921	Enterobacteriaceae	Klebsiella michiganensis	Y17657	1452	7260	Enterobacteriaceae	Klebsiella pneumoniae subsp. rhinoscleromatis	6638.0	1370	4	4	1341	0.9816983894582724	0.997080291970803	0.9788321167883212	0.9731329487138621	0.95910996
JQ070300	1395	6921	Enterobacteriaceae	Klebsiella michiganensis	HG933295	1440	7182	Enterobacteriaceae	Klebsiella quasipneumoniae subsp. similipneumoniae	6663.0	1372	4	4	1343	0.9817251461988304	0.9970845481049563	0.9788629737609329	0.9731719099599973	0.9627221
JQ070300	1395	6921	Enterobacteriaceae	Klebsiella michiganensis	HG933296	1462	7280	Enterobacteriaceae	Klebsiella quasipneumoniae subsp. quasipneumoniae	6630.0	1372	4	4	1340	0.97953216374269	0.9970845481049563	0.9766763848396501	0.9709980337650009	0.95795405
JQ070300	1395	6921	Enterobacteriaceae	Klebsiella michiganensis	AF129440	1436	7180	Enterobacteriaceae	Klebsiella oxytoca	6821.0	1384	3	3	1369	0.9913106444605359	0.9978323699421965	0.9891618497109826	0.9848828510820958	0.98555124
JQ070300	1395	6921	Enterobacteriaceae	Klebsiella michiganensis	AF130982	1436	7180	Enterobacteriaceae	Klebsiella pneumoniae subsp. ozaenae	6715.0	1384	2	2	1356	0.9811866859623734	0.9985549132947977	0.9797687861271677	0.9769411705827892	0.9702355
AF250285	1282	6404	Enterobacteriaceae	Klebsiella singaporensis	X87276	1534	7658	Enterobacteriaceae	Klebsiella pneumoniae subsp. pneumoniae	6275.0	1282	5	14	1264	0.9968454258675079	0.9960722702278083	0.9859594383775351	0.9714037046330338	0.9798563
AF250285	1282	6404	Enterobacteriaceae	Klebsiella singaporensis	Y17657	1452	7260	Enterobacteriaceae	Klebsiella pneumoniae subsp. rhinoscleromatis	6252.0	1282	6	16	1261	0.9960505529225908	0.9952830188679245	0.983619344773791	0.9668183932326238	0.97626483
AF250285	1282	6404	Enterobacteriaceae	Klebsiella singaporensis	HG933295	1440	7182	Enterobacteriaceae	Klebsiella quasipneumoniae subsp. similipneumoniae	6226.0	1282	6	16	1257	0.9928909952606635	0.9952830188679245	0.9804992199687987	0.9637515624848596	0.97220486
AF250285	1282	6404	Enterobacteriaceae	Klebsiella singaporensis	HG933296	1462	7280	Enterobacteriaceae	Klebsiella quasipneumoniae subsp. quasipneumoniae	6245.0	1282	2	12	1259	0.9913385826771653	0.9984276729559748	0.9820592823712948	0.9713514708812651	0.97517174
AF250285	1282	6404	Enterobacteriaceae	Klebsiella singaporensis	AF129440	1436	7180	Enterobacteriaceae	Klebsiella oxytoca	6052.0	1282	14	24	1238	0.9841017488076311	0.9889937106918238	0.9656786271450858	0.937363976040523	0.9450343
AF250285	1282	6404	Enterobacteriaceae	Klebsiella singaporensis	AF130982	1436	7180	Enterobacteriaceae	Klebsiella pneumoniae subsp. ozaenae	6195.0	1282	12	22	1254	0.9952380952380953	0.9905660377358491	0.9781591263650546	0.9524578819319697	0.96736413
X87276	1534	7658	Enterobacteriaceae	Klebsiella pneumoniae subsp. pneumoniae	Y17657	1452	7260	Enterobacteriaceae	Klebsiella pneumoniae subsp. rhinoscleromatis	7201.0	1453	6	7	1445	0.9993084370677732	0.9958677685950413	0.9944941500344116	0.9856329958531591	0.99187326
X87276	1534	7658	Enterobacteriaceae	Klebsiella pneumoniae subsp. pneumoniae	HG933295	1440	7182	Enterobacteriaceae	Klebsiella quasipneumoniae subsp. similipneumoniae	7115.0	1441	6	7	1429	0.9965132496513249	0.9958333333333333	0.9916724496877168	0.9827631602295688	0.9906711
X87276	1534	7658	Enterobacteriaceae	Klebsiella pneumoniae subsp. pneumoniae	HG933296	1462	7280	Enterobacteriaceae	Klebsiella quasipneumoniae subsp. quasipneumoniae	7240.0	1463	2	3	1452	0.9945205479452055	0.9986320109439124	0.9924812030075187	0.9890938951474249	0.99450547
X87276	1534	7658	Enterobacteriaceae	Klebsiella pneumoniae subsp. pneumoniae	AF129440	1436	7180	Enterobacteriaceae	Klebsiella oxytoca	6866.0	1437	10	11	1400	0.9817671809256662	0.9930362116991643	0.9742519137091162	0.9601128050789218	0.9562674
X87276	1534	7658	Enterobacteriaceae	Klebsiella pneumoniae subsp. pneumoniae	AF130982	1436	7180	Enterobacteriaceae	Klebsiella pneumoniae subsp. ozaenae	7041.0	1437	12	13	1419	0.9964887640449438	0.9916434540389972	0.9874739039665971	0.9704367420624115	0.98064065
Y17657	1452	7260	Enterobacteriaceae	Klebsiella pneumoniae subsp. rhinoscleromatis	HG933295	1440	7182	Enterobacteriaceae	Klebsiella quasipneumoniae subsp. similipneumoniae	7160.0	1438	0	0	1433	0.9965229485396384	1.0	0.9965229485396384	0.9965229485396384	0.9969368
Y17657	1452	7260	Enterobacteriaceae	Klebsiella pneumoniae subsp. rhinoscleromatis	HG933296	1462	7280	Enterobacteriaceae	Klebsiella quasipneumoniae subsp. quasipneumoniae	7222.0	1452	0	0	1445	0.9951790633608816	1.0	0.9951790633608816	0.9951790633608816	0.9947658
Y17657	1452	7260	Enterobacteriaceae	Klebsiella pneumoniae subsp. rhinoscleromatis	AF129440	1436	7180	Enterobacteriaceae	Klebsiella oxytoca	6836.0	1422	7	7	1391	0.9830388692579505	0.9950773558368495	0.9781997187060478	0.9686162365073882	0.95208913
Y17657	1452	7260	Enterobacteriaceae	Klebsiella pneumoniae subsp. rhinoscleromatis	AF130982	1436	7180	Enterobacteriaceae	Klebsiella pneumoniae subsp. ozaenae	7033.0	1422	4	4	1413	0.9964739069111425	0.9971870604781997	0.9936708860759493	0.9880962948497168	0.97952646
HG933295	1440	7182	Enterobacteriaceae	Klebsiella quasipneumoniae subsp. similipneumoniae	HG933296	1462	7280	Enterobacteriaceae	Klebsiella quasipneumoniae subsp. quasipneumoniae	7154.0	1440	1	1	1431	0.9944405837387075	0.9993055555555556	0.99375	0.9923707494795282	0.9961014
HG933295	1440	7182	Enterobacteriaceae	Klebsiella quasipneumoniae subsp. similipneumoniae	AF129440	1436	7180	Enterobacteriaceae	Klebsiella oxytoca	6861.0	1424	7	7	1393	0.9830628087508821	0.9950842696629213	0.9782303370786517	0.9686599494342764	0.95557106
HG933295	1440	7182	Enterobacteriaceae	Klebsiella quasipneumoniae subsp. similipneumoniae	AF130982	1436	7180	Enterobacteriaceae	Klebsiella pneumoniae subsp. ozaenae	7029.0	1424	2	2	1412	0.9929676511954993	0.9985955056179775	0.9915730337078652	0.9887916226736215	0.97896934
HG933296	1462	7280	Enterobacteriaceae	Klebsiella quasipneumoniae subsp. quasipneumoniae	AF129440	1436	7180	Enterobacteriaceae	Klebsiella oxytoca	6826.0	1424	7	7	1388	0.9795342272406493	0.9950842696629213	0.9747191011235955	0.9651830651936653	0.95069635
HG933296	1462	7280	Enterobacteriaceae	Klebsiella quasipneumoniae subsp. quasipneumoniae	AF130982	1436	7180	Enterobacteriaceae	Klebsiella pneumoniae subsp. ozaenae	7030.0	1424	2	2	1411	0.9922644163150492	0.9985955056179775	0.9908707865168539	0.9880913453204532	0.97910863
AF129440	1436	7180	Enterobacteriaceae	Klebsiella oxytoca	AF130982	1436	7180	Enterobacteriaceae	Klebsiella pneumoniae subsp. ozaenae	6919.0	1436	10	10	1406	0.9859747545582047	0.9930362116991643	0.979108635097493	0.9655663303243603	0.96364903
