AY195836	1514	7570	Flavobacteriaceae	Kordia algicida	KT589975	1444	7220	Flavobacteriaceae	Kordia ulvae	6943.0	1444	20	20	1411	0.9908707865168539	0.9861495844875346	0.9771468144044322	0.9504488140108684	0.96163434
AY195836	1514	7570	Flavobacteriaceae	Kordia algicida	KF040476	1446	7230	Flavobacteriaceae	Kordia jejudonensis	6909.0	1444	29	27	1407	0.9929428369795342	0.9813019390581718	0.974376731301939	0.9373332167378463	0.95560163
AY195836	1514	7570	Flavobacteriaceae	Kordia algicida	JX456458	1416	7080	Flavobacteriaceae	Kordia antarctica	6765.0	1413	27	24	1378	0.9920806335493161	0.9830148619957537	0.9752300070771408	0.9406906109931588	0.9555085
AY195836	1514	7570	Flavobacteriaceae	Kordia algicida	KP704352	1488	7440	Flavobacteriaceae	Kordia zhangzhouensis	7016.0	1486	33	31	1437	0.9876288659793815	0.9791386271870794	0.9670255720053835	0.926281900768817	0.94301075
AY195836	1514	7570	Flavobacteriaceae	Kordia algicida	JX235671	1482	7410	Flavobacteriaceae	Kordia aquimaris	6836.0	1480	39	37	1414	0.9799029799029799	0.975	0.9554054054054054	0.9076036866359447	0.9225371
AY195836	1514	7570	Flavobacteriaceae	Kordia algicida	GU233518	1440	7200	Flavobacteriaceae	Kordia periserrulae	6863.0	1437	27	25	1399	0.9907932011331445	0.9826026443980515	0.9735560194850382	0.9389761608694495	0.95319444
KT589975	1444	7220	Flavobacteriaceae	Kordia ulvae	KF040476	1446	7230	Flavobacteriaceae	Kordia jejudonensis	6943.0	1444	20	18	1412	0.9901823281907434	0.9875346260387812	0.9778393351800554	0.952458259540136	0.96163434
KT589975	1444	7220	Flavobacteriaceae	Kordia ulvae	JX456458	1416	7080	Flavobacteriaceae	Kordia antarctica	6768.0	1407	22	19	1376	0.9913544668587896	0.9864960909737029	0.9779673063255153	0.9499080624071485	0.9559322
KT589975	1444	7220	Flavobacteriaceae	Kordia ulvae	KP704352	1488	7440	Flavobacteriaceae	Kordia zhangzhouensis	6758.0	1444	35	33	1390	0.9851169383416017	0.9771468144044322	0.9626038781163435	0.918346228547776	0.9360111
KT589975	1444	7220	Flavobacteriaceae	Kordia ulvae	JX235671	1482	7410	Flavobacteriaceae	Kordia aquimaris	6590.0	1444	47	44	1371	0.9792857142857143	0.9695290858725761	0.9494459833795014	0.8914985759431937	0.9127424
KT589975	1444	7220	Flavobacteriaceae	Kordia ulvae	GU233518	1440	7200	Flavobacteriaceae	Kordia periserrulae	6681.0	1422	37	40	1370	0.9913169319826338	0.9739252995066948	0.9634317862165963	0.9125858317692502	0.92791665
KF040476	1446	7230	Flavobacteriaceae	Kordia jejudonensis	JX456458	1416	7080	Flavobacteriaceae	Kordia antarctica	6745.0	1410	26	25	1374	0.992057761732852	0.9822695035460993	0.9744680851063829	0.9398595389083151	0.9526836
KF040476	1446	7230	Flavobacteriaceae	Kordia jejudonensis	KP704352	1488	7440	Flavobacteriaceae	Kordia zhangzhouensis	6946.0	1446	18	18	1413	0.9894957983193278	0.9875518672199171	0.9771784232365145	0.9531494456159445	0.9607192
KF040476	1446	7230	Flavobacteriaceae	Kordia jejudonensis	JX235671	1482	7410	Flavobacteriaceae	Kordia aquimaris	6722.0	1446	36	35	1387	0.9829907866761163	0.9757952973720608	0.9591977869986169	0.9132443167712877	0.9297372
KF040476	1446	7230	Flavobacteriaceae	Kordia jejudonensis	GU233518	1440	7200	Flavobacteriaceae	Kordia periserrulae	6807.0	1419	21	21	1385	0.9907010014306151	0.985200845665962	0.9760394644115574	0.9475716466995537	0.9454167
JX456458	1416	7080	Flavobacteriaceae	Kordia antarctica	KP704352	1488	7440	Flavobacteriaceae	Kordia zhangzhouensis	6603.0	1415	37	38	1359	0.9869281045751634	0.9738330975954739	0.9604240282685512	0.9108153491224484	0.93262714
JX456458	1416	7080	Flavobacteriaceae	Kordia antarctica	JX235671	1482	7410	Flavobacteriaceae	Kordia aquimaris	6490.0	1413	41	42	1345	0.9810357403355215	0.9709631728045326	0.9518754423213022	0.8975386736055745	0.9166667
JX456458	1416	7080	Flavobacteriaceae	Kordia antarctica	GU233518	1440	7200	Flavobacteriaceae	Kordia periserrulae	6704.0	1415	25	26	1371	0.9870410367170627	0.9823196605374823	0.9689045936395759	0.9345892226148409	0.9468927
KP704352	1488	7440	Flavobacteriaceae	Kordia zhangzhouensis	JX235671	1482	7410	Flavobacteriaceae	Kordia aquimaris	6971.0	1471	28	28	1426	0.9882189882189882	0.9809653297076818	0.9694085656016316	0.9331931688880283	0.9407557
KP704352	1488	7440	Flavobacteriaceae	Kordia zhangzhouensis	GU233518	1440	7200	Flavobacteriaceae	Kordia periserrulae	6811.0	1439	28	28	1394	0.9879518072289156	0.980542043085476	0.9687282835302293	0.9317488807506159	0.9459722
JX235671	1482	7410	Flavobacteriaceae	Kordia aquimaris	GU233518	1440	7200	Flavobacteriaceae	Kordia periserrulae	6617.0	1422	29	29	1365	0.9798994974874372	0.9796061884669479	0.959915611814346	0.9215454495226629	0.9190278
