EF472955	1389	6945	Nocardioidaceae	Kribbella hippodromi	AY253862	1516	7574	Nocardioidaceae	Kribbella solani	6896.0	1389	1	2	1383	0.9971160778658976	0.9992795389048992	0.9956803455723542	0.9935313951862268	0.99294454
EF472955	1389	6945	Nocardioidaceae	Kribbella hippodromi	Y09159	1510	7544	Nocardioidaceae	Kribbella koreensis	6730.0	1389	10	17	1362	0.9927113702623906	0.9927641099855282	0.980561555075594	0.9616372076938634	0.9690425
EF472955	1389	6945	Nocardioidaceae	Kribbella hippodromi	AY995147	1422	7104	Nocardioidaceae	Kribbella swartbergensis	6777.0	1389	10	17	1367	0.9963556851311953	0.9927641099855282	0.9841612670986322	0.9651674470759994	0.97580993
EF472955	1389	6945	Nocardioidaceae	Kribbella hippodromi	AY082062	1469	7345	Nocardioidaceae	Kribbella alba	6784.0	1389	4	11	1369	0.9934687953555879	0.9971056439942113	0.9856011519078474	0.974988074177325	0.97681785
EF472955	1389	6945	Nocardioidaceae	Kribbella hippodromi	JN038072	1424	7120	Nocardioidaceae	Kribbella shirazensis	6775.0	1374	6	6	1363	0.9963450292397661	0.9956331877729258	0.9919941775836972	0.9833681412568824	0.975522
EF472955	1389	6945	Nocardioidaceae	Kribbella hippodromi	KX601688	1475	7375	Nocardioidaceae	Kribbella deserti	6639.0	1389	21	31	1350	0.9941089837997055	0.9847715736040609	0.9719222462203023	0.9360783052249436	0.95593953
EF472955	1389	6945	Nocardioidaceae	Kribbella hippodromi	AM778577	1380	6900	Nocardioidaceae	Kribbella sancticallisti	6709.0	1382	8	15	1357	0.9926847110460864	0.9941818181818182	0.9819102749638206	0.9656628387593832	0.9723188
EF472955	1389	6945	Nocardioidaceae	Kribbella hippodromi	HQ396152	1421	7105	Nocardioidaceae	Kribbella endophytica	6728.0	1389	9	17	1362	0.9927113702623906	0.9934829833454019	0.980561555075594	0.9623250740799105	0.9687545
EF472955	1389	6945	Nocardioidaceae	Kribbella hippodromi	AY082063	1481	7393	Nocardioidaceae	Kribbella antibiotica	6727.0	1389	10	17	1362	0.9927113702623906	0.9927641099855282	0.980561555075594	0.9616372076938634	0.9686105
EF472955	1389	6945	Nocardioidaceae	Kribbella hippodromi	AY253866	1517	7585	Nocardioidaceae	Kribbella jejuensis	6792.0	1389	8	8	1371	0.9927588703837799	0.994240460763139	0.9870410367170627	0.9757363433831522	0.97796977
EF472955	1389	6945	Nocardioidaceae	Kribbella hippodromi	HM368615	1420	7100	Nocardioidaceae	Kribbella amoyensis	6702.0	1389	14	18	1360	0.9919766593727206	0.9898916967509025	0.9791216702663786	0.9567896008091269	0.9650108
EF472955	1389	6945	Nocardioidaceae	Kribbella hippodromi	AJ811962	1458	7290	Nocardioidaceae	Kribbella lupini	6736.0	1389	7	12	1364	0.990559186637618	0.994942196531792	0.9820014398848093	0.9686360907746291	0.9699064
EF472955	1389	6945	Nocardioidaceae	Kribbella hippodromi	EF126967	1429	7145	Nocardioidaceae	Kribbella aluminosa	6800.0	1379	5	5	1368	0.9956331877729258	0.9963741841914431	0.9920232052211748	0.9848554074955882	0.9791217
EF472955	1389	6945	Nocardioidaceae	Kribbella hippodromi	KC283016	1440	7200	Nocardioidaceae	Kribbella albertanoniae	6800.0	1389	5	10	1371	0.994198694706309	0.9963872832369942	0.9870410367170627	0.9764200786462192	0.9791217
EF472955	1389	6945	Nocardioidaceae	Kribbella hippodromi	AB245391	1482	7410	Nocardioidaceae	Kribbella ginsengisoli	6776.0	1389	6	13	1368	0.9941860465116279	0.9956584659913169	0.9848812095032398	0.971467056829002	0.9756659
EF472955	1389	6945	Nocardioidaceae	Kribbella hippodromi	AY253863	1510	7550	Nocardioidaceae	Kribbella flavida	6778.0	1389	5	12	1368	0.9934640522875817	0.9963820549927641	0.9848812095032398	0.9728704630458832	0.97595394
EF472955	1389	6945	Nocardioidaceae	Kribbella hippodromi	GU434268	1346	6730	Nocardioidaceae	Kribbella pittospori	6645.0	1355	1	10	1338	0.9947955390334573	0.9992570579494799	0.9874538745387453	0.9794435554975018	0.98737
EF472955	1389	6945	Nocardioidaceae	Kribbella hippodromi	KJ875927	1467	7335	Nocardioidaceae	Kribbella italica	6784.0	1389	2	9	1369	0.9920289855072464	0.9985528219971056	0.9856011519078474	0.9778070378381232	0.97681785
EF472955	1389	6945	Nocardioidaceae	Kribbella hippodromi	KJ786943	1489	7445	Nocardioidaceae	Kribbella mirabilis	6649.0	1389	24	22	1355	0.9912216532553035	0.9841612670986322	0.9755219582433405	0.9437639893267138	0.9573794
EF472955	1389	6945	Nocardioidaceae	Kribbella hippodromi	AY253864	1507	7535	Nocardioidaceae	Kribbella sandramycini	6783.0	1389	3	13	1368	0.9941860465116279	0.9978245105148659	0.9848812095032398	0.9735607358307887	0.97667384
EF472955	1389	6945	Nocardioidaceae	Kribbella hippodromi	AY995146	1419	7095	Nocardioidaceae	Kribbella karoonensis	6805.0	1389	11	16	1371	0.9985433357611071	0.9920520231213873	0.9870410367170627	0.9680052452946621	0.9798416
EF472955	1389	6945	Nocardioidaceae	Kribbella hippodromi	AY082061	1493	7465	Nocardioidaceae	Kribbella yunnanensis	6774.0	1389	7	12	1368	0.9934640522875817	0.994942196531792	0.9848812095032398	0.9714766658208891	0.975378
EF472955	1389	6945	Nocardioidaceae	Kribbella hippodromi	AM778574	1346	6730	Nocardioidaceae	Kribbella catacumbae	6554.0	1346	5	13	1324	0.9932483120780196	0.9962630792227205	0.9836552748885586	0.97054957914615	0.97384846
AY253862	1516	7574	Nocardioidaceae	Kribbella solani	Y09159	1510	7544	Nocardioidaceae	Kribbella koreensis	7303.0	1516	12	18	1482	0.9893190921228304	0.9920529801324504	0.9775725593667546	0.958379380845156	0.96805406
AY253862	1516	7574	Nocardioidaceae	Kribbella solani	AY995147	1422	7104	Nocardioidaceae	Kribbella swartbergensis	6928.0	1428	12	18	1401	0.9936170212765958	0.9915611814345991	0.9810924369747899	0.9606530112044818	0.9752252
AY253862	1516	7574	Nocardioidaceae	Kribbella solani	AY082062	1469	7345	Nocardioidaceae	Kribbella alba	7100.0	1461	6	12	1436	0.9910282953761215	0.9958762886597938	0.9828884325804244	0.9708284518125664	0.966644
AY253862	1516	7574	Nocardioidaceae	Kribbella solani	JN038072	1424	7120	Nocardioidaceae	Kribbella shirazensis	6962.0	1422	8	7	1405	0.9929328621908127	0.9950773558368495	0.9880450070323488	0.9776808985669744	0.977809
AY253862	1516	7574	Nocardioidaceae	Kribbella solani	KX601688	1475	7375	Nocardioidaceae	Kribbella deserti	7064.0	1489	23	37	1440	0.9917355371900827	0.984406779661017	0.9670920080591001	0.928715341072628	0.9578305
AY253862	1516	7574	Nocardioidaceae	Kribbella solani	AM778577	1380	6900	Nocardioidaceae	Kribbella sancticallisti	6685.0	1386	10	16	1356	0.9897810218978103	0.9927536231884058	0.9783549783549783	0.9601334672967909	0.9688406
AY253862	1516	7574	Nocardioidaceae	Kribbella solani	HQ396152	1421	7105	Nocardioidaceae	Kribbella endophytica	6877.0	1429	11	19	1396	0.9900709219858156	0.9922589725545391	0.9769069279216235	0.9565547002565896	0.96790993
AY253862	1516	7574	Nocardioidaceae	Kribbella solani	AY082063	1481	7393	Nocardioidaceae	Kribbella antibiotica	7163.0	1485	12	18	1453	0.9904567143830948	0.9918864097363083	0.9784511784511785	0.9588429384020567	0.9688895
AY253862	1516	7574	Nocardioidaceae	Kribbella solani	AY253866	1517	7585	Nocardioidaceae	Kribbella jejuensis	7374.0	1516	10	9	1492	0.9900464499004645	0.9940633245382586	0.9841688654353562	0.9719151246468426	0.9735939
AY253862	1516	7574	Nocardioidaceae	Kribbella solani	HM368615	1420	7100	Nocardioidaceae	Kribbella amoyensis	6828.0	1423	16	19	1389	0.9893162393162394	0.9887323943661972	0.9761068165846802	0.9523655111083329	0.9616901
AY253862	1516	7574	Nocardioidaceae	Kribbella solani	AJ811962	1458	7290	Nocardioidaceae	Kribbella lupini	7025.0	1461	8	12	1428	0.9855072463768116	0.9945092656142759	0.9774127310061602	0.9641055461047829	0.96364886
AY253862	1516	7574	Nocardioidaceae	Kribbella solani	EF126967	1429	7145	Nocardioidaceae	Kribbella aluminosa	6997.0	1430	7	8	1412	0.9929676511954993	0.9951014695591323	0.9874125874125874	0.9771055666671533	0.9792862
AY253862	1516	7574	Nocardioidaceae	Kribbella solani	KC283016	1440	7200	Nocardioidaceae	Kribbella albertanoniae	7026.0	1443	7	11	1420	0.9916201117318436	0.995135510771369	0.9840609840609841	0.9718450546036752	0.97583336
AY253862	1516	7574	Nocardioidaceae	Kribbella solani	AB245391	1482	7410	Nocardioidaceae	Kribbella ginsengisoli	7204.0	1490	9	19	1459	0.9918422841604351	0.9939189189189189	0.9791946308724833	0.9609041374339046	0.97219974
AY253862	1516	7574	Nocardioidaceae	Kribbella solani	AY253863	1510	7550	Nocardioidaceae	Kribbella flavida	7369.0	1516	7	13	1490	0.9913506320691949	0.9953642384105961	0.9828496042216359	0.9699428464511614	0.9760265
AY253862	1516	7574	Nocardioidaceae	Kribbella solani	GU434268	1346	6730	Nocardioidaceae	Kribbella pittospori	6596.0	1354	3	11	1332	0.9918093819806404	0.9977711738484398	0.983751846381093	0.9736026010978689	0.9800891
AY253862	1516	7574	Nocardioidaceae	Kribbella solani	KJ875927	1467	7335	Nocardioidaceae	Kribbella italica	7151.0	1473	4	10	1447	0.9890635680109364	0.9972733469665985	0.9823489477257298	0.9730375832923106	0.9749148
AY253862	1516	7574	Nocardioidaceae	Kribbella solani	KJ786943	1489	7445	Nocardioidaceae	Kribbella mirabilis	7093.0	1486	26	23	1447	0.9890635680109364	0.9845222072678331	0.9737550471063257	0.9421981705797318	0.9527199
AY253862	1516	7574	Nocardioidaceae	Kribbella solani	AY253864	1507	7535	Nocardioidaceae	Kribbella sandramycini	7374.0	1516	5	14	1490	0.9920106524633822	0.9966821499668215	0.9828496042216359	0.9705720614996036	0.97863305
AY253862	1516	7574	Nocardioidaceae	Kribbella solani	AY995146	1419	7095	Nocardioidaceae	Kribbella karoonensis	6948.0	1427	10	18	1403	0.9957416607523066	0.992952783650458	0.9831814996496145	0.9640241704984738	0.9792812
AY253862	1516	7574	Nocardioidaceae	Kribbella solani	AY082061	1493	7465	Nocardioidaceae	Kribbella yunnanensis	7218.0	1488	9	14	1461	0.991180461329715	0.9939312204989885	0.9818548387096774	0.9667695606266296	0.96691227
AY253862	1516	7574	Nocardioidaceae	Kribbella solani	AM778574	1346	6730	Nocardioidaceae	Kribbella catacumbae	6545.0	1353	7	14	1326	0.9902912621359223	0.9947994056463596	0.9800443458980045	0.9649113082039911	0.9725112
Y09159	1510	7544	Nocardioidaceae	Kribbella koreensis	AY995147	1422	7104	Nocardioidaceae	Kribbella swartbergensis	6943.0	1422	15	15	1401	0.9957356076759062	0.989451476793249	0.9852320675105485	0.9646635483558398	0.9773367
Y09159	1510	7544	Nocardioidaceae	Kribbella koreensis	AY082062	1469	7345	Nocardioidaceae	Kribbella alba	7122.0	1455	9	9	1437	0.9937759336099585	0.9938144329896907	0.9876288659793815	0.9754858881189792	0.9696392
Y09159	1510	7544	Nocardioidaceae	Kribbella koreensis	JN038072	1424	7120	Nocardioidaceae	Kribbella shirazensis	6868.0	1416	20	13	1392	0.99215965787598	0.990819209039548	0.9830508474576272	0.9604598460884756	0.96460676
Y09159	1510	7544	Nocardioidaceae	Kribbella koreensis	KX601688	1475	7375	Nocardioidaceae	Kribbella deserti	7033.0	1483	27	35	1435	0.9910220994475138	0.9816949152542372	0.9676331759946055	0.9279025422782706	0.9536271
Y09159	1510	7544	Nocardioidaceae	Kribbella koreensis	AM778577	1380	6900	Nocardioidaceae	Kribbella sancticallisti	6768.0	1380	10	10	1364	0.9956204379562044	0.9927536231884058	0.9884057971014493	0.9741841309561047	0.9808696
Y09159	1510	7544	Nocardioidaceae	Kribbella koreensis	HQ396152	1421	7105	Nocardioidaceae	Kribbella endophytica	6960.0	1423	6	8	1405	0.9929328621908127	0.995777621393385	0.9873506676036542	0.977677533001519	0.97959185
Y09159	1510	7544	Nocardioidaceae	Kribbella koreensis	AY082063	1481	7393	Nocardioidaceae	Kribbella antibiotica	7227.0	1479	10	10	1459	0.9931926480599047	0.993238674780257	0.9864773495605138	0.9732271501036902	0.97754633
Y09159	1510	7544	Nocardioidaceae	Kribbella koreensis	AY253866	1517	7585	Nocardioidaceae	Kribbella jejuensis	7264.0	1510	24	17	1477	0.9892833221701273	0.9887417218543046	0.9781456953642385	0.9520022967267328	0.9628844
Y09159	1510	7544	Nocardioidaceae	Kribbella koreensis	HM368615	1420	7100	Nocardioidaceae	Kribbella amoyensis	6835.0	1417	19	16	1388	0.9907209136331192	0.9887085391672548	0.9795342272406493	0.9556597857689064	0.96267605
Y09159	1510	7544	Nocardioidaceae	Kribbella koreensis	AJ811962	1458	7290	Nocardioidaceae	Kribbella lupini	7044.0	1455	10	8	1429	0.9875604699378023	0.9945017182130584	0.9821305841924398	0.9700634507347853	0.9662551
Y09159	1510	7544	Nocardioidaceae	Kribbella koreensis	EF126967	1429	7145	Nocardioidaceae	Kribbella aluminosa	6928.0	1424	18	13	1402	0.9936215450035436	0.9908707865168539	0.9845505617977528	0.9633847730212408	0.9696291
Y09159	1510	7544	Nocardioidaceae	Kribbella koreensis	KC283016	1440	7200	Nocardioidaceae	Kribbella albertanoniae	7053.0	1437	8	6	1422	0.9937106918238994	0.9958246346555324	0.9895615866388309	0.9799741387405999	0.9795833
Y09159	1510	7544	Nocardioidaceae	Kribbella koreensis	AB245391	1482	7410	Nocardioidaceae	Kribbella ginsengisoli	7298.0	1484	8	12	1468	0.9972826086956522	0.9945945945945946	0.9892183288409704	0.9759580295267483	0.9848853
Y09159	1510	7544	Nocardioidaceae	Kribbella koreensis	AY253863	1510	7550	Nocardioidaceae	Kribbella flavida	7406.0	1510	8	8	1493	0.9940079893475366	0.9947019867549669	0.9887417218543046	0.9783202017293581	0.98170733
Y09159	1510	7544	Nocardioidaceae	Kribbella koreensis	GU434268	1346	6730	Nocardioidaceae	Kribbella pittospori	6574.0	1347	9	10	1328	0.9932685115931189	0.9933135215453195	0.985894580549369	0.9720804234472761	0.97682023
Y09159	1510	7544	Nocardioidaceae	Kribbella koreensis	KJ875927	1467	7335	Nocardioidaceae	Kribbella italica	7191.0	1467	7	7	1450	0.9931506849315068	0.9952283571915473	0.9884117246080436	0.9790238249170581	0.9803681
Y09159	1510	7544	Nocardioidaceae	Kribbella koreensis	KJ786943	1489	7445	Nocardioidaceae	Kribbella mirabilis	7037.0	1480	34	25	1439	0.9890034364261169	0.9831081081081081	0.9722972972972973	0.9344072441001107	0.9451981
Y09159	1510	7544	Nocardioidaceae	Kribbella koreensis	AY253864	1507	7535	Nocardioidaceae	Kribbella sandramycini	7365.0	1510	6	9	1488	0.9913391072618255	0.9960185799601858	0.9854304635761589	0.9756801621555504	0.9774386
Y09159	1510	7544	Nocardioidaceae	Kribbella koreensis	AY995146	1419	7095	Nocardioidaceae	Kribbella karoonensis	6897.0	1421	14	16	1396	0.993594306049822	0.9901338971106413	0.9824067558057706	0.9618686354753364	0.97209305
Y09159	1510	7544	Nocardioidaceae	Kribbella koreensis	AY082061	1493	7465	Nocardioidaceae	Kribbella yunnanensis	7201.0	1482	12	11	1458	0.991162474507138	0.9925775978407557	0.9838056680161943	0.9686600653626651	0.96463495
Y09159	1510	7544	Nocardioidaceae	Kribbella koreensis	AM778574	1346	6730	Nocardioidaceae	Kribbella catacumbae	6599.0	1347	6	7	1331	0.9932835820895523	0.9955423476968797	0.9881217520415738	0.9786276036479741	0.9805349
AY995147	1422	7104	Nocardioidaceae	Kribbella swartbergensis	AY082062	1469	7345	Nocardioidaceae	Kribbella alba	6909.0	1406	10	10	1391	0.9964183381088825	0.9928876244665719	0.9893314366998578	0.9753578288368654	0.9725507
AY995147	1422	7104	Nocardioidaceae	Kribbella swartbergensis	JN038072	1424	7120	Nocardioidaceae	Kribbella shirazensis	6691.0	1368	19	12	1351	0.9963126843657817	0.9912280701754386	0.9875730994152047	0.9655004490317357	0.9418637
AY995147	1422	7104	Nocardioidaceae	Kribbella swartbergensis	KX601688	1475	7375	Nocardioidaceae	Kribbella deserti	6796.0	1422	27	30	1383	0.9935344827586207	0.9809725158562368	0.9725738396624473	0.9343152414148562	0.9566441
AY995147	1422	7104	Nocardioidaceae	Kribbella swartbergensis	AM778577	1380	6900	Nocardioidaceae	Kribbella sancticallisti	6783.0	1381	9	10	1366	0.9963530269876003	0.9934782608695653	0.9891383055756698	0.9756177100318297	0.9830435
AY995147	1422	7104	Nocardioidaceae	Kribbella swartbergensis	HQ396152	1421	7105	Nocardioidaceae	Kribbella endophytica	6941.0	1422	13	15	1401	0.9957356076759062	0.9908450704225352	0.9852320675105485	0.9660080271688793	0.9770552
AY995147	1422	7104	Nocardioidaceae	Kribbella swartbergensis	AY082063	1481	7393	Nocardioidaceae	Kribbella antibiotica	6952.0	1422	11	11	1403	0.9943302622253721	0.9922644163150492	0.9866385372714487	0.9714912603559065	0.9786036
AY995147	1422	7104	Nocardioidaceae	Kribbella swartbergensis	AY253866	1517	7585	Nocardioidaceae	Kribbella jejuensis	6895.0	1422	22	15	1397	0.9928926794598436	0.989451476793249	0.9824191279887482	0.9572463386981779	0.97058
AY995147	1422	7104	Nocardioidaceae	Kribbella swartbergensis	HM368615	1420	7100	Nocardioidaceae	Kribbella amoyensis	6908.0	1415	13	10	1396	0.993594306049822	0.9929328621908127	0.9865724381625441	0.9706822658391978	0.97295773
AY995147	1422	7104	Nocardioidaceae	Kribbella swartbergensis	AJ811962	1458	7290	Nocardioidaceae	Kribbella lupini	6866.0	1406	11	9	1387	0.9928418038654259	0.9935988620199147	0.9864864864864865	0.9725628945812432	0.9664977
AY995147	1422	7104	Nocardioidaceae	Kribbella swartbergensis	EF126967	1429	7145	Nocardioidaceae	Kribbella aluminosa	6919.0	1412	14	8	1396	0.9943019943019943	0.9943342776203966	0.9886685552407932	0.9734156041781723	0.9739583
AY995147	1422	7104	Nocardioidaceae	Kribbella swartbergensis	KC283016	1440	7200	Nocardioidaceae	Kribbella albertanoniae	6884.0	1400	12	10	1386	0.9971223021582734	0.9928571428571429	0.99	0.9745750708215297	0.9690315
AY995147	1422	7104	Nocardioidaceae	Kribbella swartbergensis	AB245391	1482	7410	Nocardioidaceae	Kribbella ginsengisoli	6988.0	1422	12	12	1407	0.997872340425532	0.9915611814345991	0.989451476793249	0.9728916194410607	0.9836712
AY995147	1422	7104	Nocardioidaceae	Kribbella swartbergensis	AY253863	1510	7550	Nocardioidaceae	Kribbella flavida	7004.0	1422	10	10	1409	0.9978753541076487	0.9929676511954993	0.990857946554149	0.9770191484179179	0.9859234
AY995147	1422	7104	Nocardioidaceae	Kribbella swartbergensis	GU434268	1346	6730	Nocardioidaceae	Kribbella pittospori	6630.0	1350	7	11	1334	0.9962658700522778	0.9947994056463596	0.9881481481481481	0.9750408035153798	0.98514116
AY995147	1422	7104	Nocardioidaceae	Kribbella swartbergensis	KJ875927	1467	7335	Nocardioidaceae	Kribbella italica	7004.0	1422	8	8	1409	0.9964639321074965	0.9943741209563994	0.990857946554149	0.9797714240752216	0.9859234
AY995147	1422	7104	Nocardioidaceae	Kribbella swartbergensis	KJ786943	1489	7445	Nocardioidaceae	Kribbella mirabilis	6788.0	1422	36	27	1385	0.992831541218638	0.9810126582278481	0.9739803094233473	0.9318947404976471	0.955518
AY995147	1422	7104	Nocardioidaceae	Kribbella swartbergensis	AY253864	1507	7535	Nocardioidaceae	Kribbella sandramycini	6968.0	1422	9	12	1404	0.9957446808510638	0.9936575052854123	0.9873417721518988	0.9728524798980972	0.9808559
AY995147	1422	7104	Nocardioidaceae	Kribbella swartbergensis	AY995146	1419	7095	Nocardioidaceae	Kribbella karoonensis	6933.0	1414	9	11	1397	0.9957234497505346	0.9936260623229461	0.987977369165488	0.9740915312292197	0.977167
AY995147	1422	7104	Nocardioidaceae	Kribbella swartbergensis	AY082061	1493	7465	Nocardioidaceae	Kribbella yunnanensis	6941.0	1422	14	12	1402	0.9943262411347518	0.9915611814345991	0.9859353023909986	0.9680841061081532	0.9770552
AY995147	1422	7104	Nocardioidaceae	Kribbella swartbergensis	AM778574	1346	6730	Nocardioidaceae	Kribbella catacumbae	6618.0	1349	6	9	1333	0.994776119402985	0.9955423476968797	0.9881393624907339	0.9772005503598402	0.9833581
AY082062	1469	7345	Nocardioidaceae	Kribbella alba	JN038072	1424	7120	Nocardioidaceae	Kribbella shirazensis	6924.0	1419	15	10	1400	0.99361249112846	0.992952783650458	0.9866102889358703	0.9694099700911027	0.9724719
AY082062	1469	7345	Nocardioidaceae	Kribbella alba	KX601688	1475	7375	Nocardioidaceae	Kribbella deserti	6998.0	1454	23	26	1421	0.9950980392156863	0.9841488628532047	0.9773039889958735	0.944881581778001	0.952757
AY082062	1469	7345	Nocardioidaceae	Kribbella alba	AM778577	1380	6900	Nocardioidaceae	Kribbella sancticallisti	6769.0	1380	8	8	1365	0.9948979591836735	0.9942028985507246	0.9891304347826086	0.9777283548427514	0.9810145
AY082062	1469	7345	Nocardioidaceae	Kribbella alba	HQ396152	1421	7105	Nocardioidaceae	Kribbella endophytica	6916.0	1407	7	8	1393	0.995711222301644	0.9950213371266002	0.9900497512437811	0.9795471018317184	0.97339904
AY082062	1469	7345	Nocardioidaceae	Kribbella alba	AY082063	1481	7393	Nocardioidaceae	Kribbella antibiotica	7105.0	1457	8	9	1436	0.9917127071823204	0.9945054945054945	0.9855868222374743	0.9741499785664592	0.96732473
AY082062	1469	7345	Nocardioidaceae	Kribbella alba	AY253866	1517	7585	Nocardioidaceae	Kribbella jejuensis	7051.0	1455	18	11	1430	0.9903047091412742	0.9924398625429554	0.9828178694158075	0.9634684341048377	0.9599728
AY082062	1469	7345	Nocardioidaceae	Kribbella alba	HM368615	1420	7100	Nocardioidaceae	Kribbella amoyensis	6855.0	1408	15	12	1387	0.9935530085959885	0.9914772727272727	0.9850852272727273	0.9663942215549735	0.96549296
AY082062	1469	7345	Nocardioidaceae	Kribbella alba	AJ811962	1458	7290	Nocardioidaceae	Kribbella lupini	7105.0	1457	8	7	1437	0.9910344827586207	0.9951956074124915	0.9862731640356898	0.9761748039943686	0.9746228
AY082062	1469	7345	Nocardioidaceae	Kribbella alba	EF126967	1429	7145	Nocardioidaceae	Kribbella aluminosa	6829.0	1395	15	8	1379	0.9942321557317952	0.9942652329749104	0.9885304659498207	0.9724055009024124	0.9557733
AY082062	1469	7345	Nocardioidaceae	Kribbella alba	KC283016	1440	7200	Nocardioidaceae	Kribbella albertanoniae	7083.0	1437	5	3	1426	0.9944211994421199	0.9979123173277662	0.9923451635351427	0.9868397812131724	0.98375
AY082062	1469	7345	Nocardioidaceae	Kribbella alba	AB245391	1482	7410	Nocardioidaceae	Kribbella ginsengisoli	7180.0	1458	6	8	1445	0.996551724137931	0.9958791208791209	0.9910836762688614	0.9816061001296784	0.9775357
AY082062	1469	7345	Nocardioidaceae	Kribbella alba	AY253863	1510	7550	Nocardioidaceae	Kribbella flavida	7181.0	1455	8	8	1444	0.9979267449896337	0.9945017182130584	0.9924398625429554	0.9815861114830188	0.97767186
AY082062	1469	7345	Nocardioidaceae	Kribbella alba	GU434268	1346	6730	Nocardioidaceae	Kribbella pittospori	6636.0	1348	2	4	1336	0.9940476190476191	0.9985141158989599	0.9910979228486647	0.9866930431915595	0.98603266
AY082062	1469	7345	Nocardioidaceae	Kribbella alba	KJ875927	1467	7335	Nocardioidaceae	Kribbella italica	7127.0	1441	4	4	1432	0.9965205288796103	0.9972241498959056	0.9937543372657877	0.9882525831494373	0.9716428
AY082062	1469	7345	Nocardioidaceae	Kribbella alba	KJ786943	1489	7445	Nocardioidaceae	Kribbella mirabilis	6930.0	1454	32	23	1416	0.989517819706499	0.984181568088033	0.9738651994497937	0.9378203905872508	0.94349897
AY082062	1469	7345	Nocardioidaceae	Kribbella alba	AY253864	1507	7535	Nocardioidaceae	Kribbella sandramycini	7147.0	1455	3	6	1440	0.9937888198757764	0.9979338842975206	0.9896907216494846	0.9835815196639939	0.9730429
AY082062	1469	7345	Nocardioidaceae	Kribbella alba	AY995146	1419	7095	Nocardioidaceae	Kribbella karoonensis	6901.0	1413	8	10	1394	0.9935851746258019	0.9943302622253721	0.9865534324133051	0.9740566260913912	0.9726568
AY082062	1469	7345	Nocardioidaceae	Kribbella alba	AY082061	1493	7465	Nocardioidaceae	Kribbella yunnanensis	7165.0	1464	8	6	1447	0.9924554183813443	0.9959016393442623	0.9883879781420765	0.9789875490021381	0.97549355
AY082062	1469	7345	Nocardioidaceae	Kribbella alba	AM778574	1346	6730	Nocardioidaceae	Kribbella catacumbae	6622.0	1347	4	5	1334	0.9940387481371088	0.9970282317979198	0.9903489235337788	0.9837514843688608	0.98395246
JN038072	1424	7120	Nocardioidaceae	Kribbella shirazensis	KX601688	1475	7375	Nocardioidaceae	Kribbella deserti	6784.0	1423	23	33	1381	0.9935251798561151	0.9837225760792639	0.9704848910751932	0.9329004139657805	0.952809
JN038072	1424	7120	Nocardioidaceae	Kribbella shirazensis	AM778577	1380	6900	Nocardioidaceae	Kribbella sancticallisti	6631.0	1367	12	19	1341	0.994807121661721	0.9911764705882353	0.9809802487198245	0.9589277558189436	0.9610145
JN038072	1424	7120	Nocardioidaceae	Kribbella shirazensis	HQ396152	1421	7105	Nocardioidaceae	Kribbella endophytica	6660.0	1376	13	21	1348	0.9948339483394834	0.9904970760233918	0.9796511627906976	0.9556712207209469	0.93736804
JN038072	1424	7120	Nocardioidaceae	Kribbella shirazensis	AY082063	1481	7393	Nocardioidaceae	Kribbella antibiotica	6910.0	1424	13	19	1398	0.9950177935943061	0.9908321579689704	0.9817415730337079	0.9598795477469447	0.9705056
JN038072	1424	7120	Nocardioidaceae	Kribbella shirazensis	AY253866	1517	7585	Nocardioidaceae	Kribbella jejuensis	6987.0	1423	8	8	1408	0.995053003533569	0.994378074490513	0.9894588896697118	0.9783957574302182	0.9813202
JN038072	1424	7120	Nocardioidaceae	Kribbella shirazensis	HM368615	1420	7100	Nocardioidaceae	Kribbella amoyensis	6623.0	1377	15	21	1345	0.9918879056047197	0.9890590809628009	0.9767610748002905	0.9515000125209726	0.9328169
JN038072	1424	7120	Nocardioidaceae	Kribbella shirazensis	AJ811962	1458	7290	Nocardioidaceae	Kribbella lupini	6850.0	1424	12	16	1392	0.9886363636363636	0.9915492957746479	0.9775280898876404	0.9584676535945666	0.96207863
JN038072	1424	7120	Nocardioidaceae	Kribbella shirazensis	EF126967	1429	7145	Nocardioidaceae	Kribbella aluminosa	6745.0	1364	7	7	1355	0.9985261606484893	0.9948680351906158	0.9934017595307918	0.98325761318985	0.9473315
JN038072	1424	7120	Nocardioidaceae	Kribbella shirazensis	KC283016	1440	7200	Nocardioidaceae	Kribbella albertanoniae	6905.0	1412	6	13	1392	0.9949964260185847	0.995729537366548	0.9858356940509915	0.9726263300263308	0.9698034
JN038072	1424	7120	Nocardioidaceae	Kribbella shirazensis	AB245391	1482	7410	Nocardioidaceae	Kribbella ginsengisoli	6921.0	1424	10	17	1399	0.994314143567875	0.9929428369795342	0.9824438202247191	0.9639459240280194	0.97205055
JN038072	1424	7120	Nocardioidaceae	Kribbella shirazensis	AY253863	1510	7550	Nocardioidaceae	Kribbella flavida	6919.0	1423	11	18	1398	0.9950177935943061	0.992231638418079	0.9824314827828531	0.9625636215550268	0.9717697
JN038072	1424	7120	Nocardioidaceae	Kribbella shirazensis	GU434268	1346	6730	Nocardioidaceae	Kribbella pittospori	6625.0	1354	5	13	1335	0.9955257270693513	0.9962852897473997	0.9859675036927622	0.972908331458421	0.98439825
JN038072	1424	7120	Nocardioidaceae	Kribbella shirazensis	KJ875927	1467	7335	Nocardioidaceae	Kribbella italica	6877.0	1410	8	15	1388	0.9949820788530466	0.9942979330007128	0.9843971631205674	0.9684302133661435	0.9658708
JN038072	1424	7120	Nocardioidaceae	Kribbella shirazensis	KJ786943	1489	7445	Nocardioidaceae	Kribbella mirabilis	6855.0	1423	18	18	1393	0.9914590747330961	0.9873506676036542	0.9789177793394237	0.9544618181623111	0.9627809
JN038072	1424	7120	Nocardioidaceae	Kribbella shirazensis	AY253864	1507	7535	Nocardioidaceae	Kribbella sandramycini	6912.0	1423	6	16	1397	0.9928926794598436	0.9957537154989384	0.9817287420941673	0.9666146536924376	0.9707865
JN038072	1424	7120	Nocardioidaceae	Kribbella shirazensis	AY995146	1419	7095	Nocardioidaceae	Kribbella karoonensis	6781.0	1382	5	16	1364	0.9985358711566618	0.9963530269876003	0.9869753979739508	0.972032006944785	0.9557435
JN038072	1424	7120	Nocardioidaceae	Kribbella shirazensis	AY082061	1493	7465	Nocardioidaceae	Kribbella yunnanensis	6891.0	1424	10	15	1396	0.9907735982966643	0.992952783650458	0.9803370786516854	0.9632461253976462	0.9678371
JN038072	1424	7120	Nocardioidaceae	Kribbella shirazensis	AM778574	1346	6730	Nocardioidaceae	Kribbella catacumbae	6473.0	1331	7	15	1308	0.993920972644377	0.9947089947089947	0.9827197595792637	0.9665614376728783	0.9618128
KX601688	1475	7375	Nocardioidaceae	Kribbella deserti	AM778577	1380	6900	Nocardioidaceae	Kribbella sancticallisti	6605.0	1377	28	25	1344	0.9940828402366864	0.9818445896877269	0.9760348583877996	0.9392164615945231	0.95724636
KX601688	1475	7375	Nocardioidaceae	Kribbella deserti	HQ396152	1421	7105	Nocardioidaceae	Kribbella endophytica	6842.0	1420	28	27	1389	0.9971284996410624	0.9809859154929578	0.9781690140845071	0.9410148042953855	0.9629838
KX601688	1475	7375	Nocardioidaceae	Kribbella deserti	AY082063	1481	7393	Nocardioidaceae	Kribbella antibiotica	7077.0	1475	29	26	1440	0.9937888198757764	0.9823728813559321	0.976271186440678	0.9405697800216373	0.95959324
KX601688	1475	7375	Nocardioidaceae	Kribbella deserti	AY253866	1517	7585	Nocardioidaceae	Kribbella jejuensis	6999.0	1475	44	29	1432	0.9903181189488244	0.9803389830508474	0.9708474576271187	0.924190535700338	0.9490169
KX601688	1475	7375	Nocardioidaceae	Kribbella deserti	HM368615	1420	7100	Nocardioidaceae	Kribbella amoyensis	6760.0	1414	34	28	1378	0.9942279942279942	0.9801980198019802	0.9745403111739745	0.9328127564137629	0.9521127
KX601688	1475	7375	Nocardioidaceae	Kribbella deserti	AJ811962	1458	7290	Nocardioidaceae	Kribbella lupini	6949.0	1451	28	23	1416	0.9915966386554622	0.9841488628532047	0.9758787043418332	0.9422277145369423	0.9532236
KX601688	1475	7375	Nocardioidaceae	Kribbella deserti	EF126967	1429	7145	Nocardioidaceae	Kribbella aluminosa	6770.0	1416	38	25	1381	0.9928109273903667	0.9823446327683616	0.9752824858757062	0.9330247165427148	0.9475157
KX601688	1475	7375	Nocardioidaceae	Kribbella deserti	KC283016	1440	7200	Nocardioidaceae	Kribbella albertanoniae	6934.0	1434	25	20	1407	0.995049504950495	0.9860529986052998	0.9811715481171548	0.9509092316913345	0.96305555
KX601688	1475	7375	Nocardioidaceae	Kribbella deserti	AB245391	1482	7410	Nocardioidaceae	Kribbella ginsengisoli	7080.0	1475	27	23	1441	0.9924242424242424	0.984406779661017	0.9769491525423729	0.9444275429371007	0.96
KX601688	1475	7375	Nocardioidaceae	Kribbella deserti	AY253863	1510	7550	Nocardioidaceae	Kribbella flavida	7132.0	1475	31	23	1447	0.9965564738292011	0.984406779661017	0.9810169491525423	0.9458410426092242	0.96705085
KX601688	1475	7375	Nocardioidaceae	Kribbella deserti	GU434268	1346	6730	Nocardioidaceae	Kribbella pittospori	6468.0	1345	28	27	1314	0.9969650986342944	0.9799256505576208	0.9769516728624535	0.937816682325356	0.9610698
KX601688	1475	7375	Nocardioidaceae	Kribbella deserti	KJ875927	1467	7335	Nocardioidaceae	Kribbella italica	7082.0	1462	26	24	1435	0.997913769123783	0.9835841313269493	0.981532147742818	0.9485505567568363	0.96550786
KX601688	1475	7375	Nocardioidaceae	Kribbella deserti	KJ786943	1489	7445	Nocardioidaceae	Kribbella mirabilis	6972.0	1475	45	33	1429	0.9909847434119279	0.9776271186440678	0.968813559322034	0.9190981266726138	0.94535595
KX601688	1475	7375	Nocardioidaceae	Kribbella deserti	AY253864	1507	7535	Nocardioidaceae	Kribbella sandramycini	7134.0	1475	26	21	1447	0.9951856946354883	0.9857627118644068	0.9810169491525423	0.9502988967806772	0.96732205
KX601688	1475	7375	Nocardioidaceae	Kribbella deserti	AY995146	1419	7095	Nocardioidaceae	Kribbella karoonensis	6799.0	1418	29	28	1383	0.9949640287769784	0.9802538787023978	0.9753173483779972	0.9368977983727824	0.9582805
KX601688	1475	7375	Nocardioidaceae	Kribbella deserti	AY082061	1493	7465	Nocardioidaceae	Kribbella yunnanensis	7104.0	1475	27	22	1444	0.993805918788713	0.9850847457627119	0.9789830508474576	0.9470455212259361	0.9632542
KX601688	1475	7375	Nocardioidaceae	Kribbella deserti	AM778574	1346	6730	Nocardioidaceae	Kribbella catacumbae	6452.0	1346	24	24	1313	0.9931921331316188	0.9821693907875185	0.975482912332838	0.9413054088350452	0.95869243
AM778577	1380	6900	Nocardioidaceae	Kribbella sancticallisti	HQ396152	1421	7105	Nocardioidaceae	Kribbella endophytica	6749.0	1380	10	10	1362	0.9941605839416059	0.9927536231884058	0.9869565217391304	0.9727557084766969	0.9781159
AM778577	1380	6900	Nocardioidaceae	Kribbella sancticallisti	AY082063	1481	7393	Nocardioidaceae	Kribbella antibiotica	6754.0	1380	8	8	1363	0.9934402332361516	0.9942028985507246	0.9876811594202899	0.976295785824667	0.9788406
AM778577	1380	6900	Nocardioidaceae	Kribbella sancticallisti	AY253866	1517	7585	Nocardioidaceae	Kribbella jejuensis	6660.0	1380	22	15	1353	0.9912087912087912	0.9891304347826086	0.9804347826086957	0.9545602555355702	0.9652174
AM778577	1380	6900	Nocardioidaceae	Kribbella sancticallisti	HM368615	1420	7100	Nocardioidaceae	Kribbella amoyensis	6705.0	1380	15	12	1358	0.9926900584795322	0.991304347826087	0.9840579710144928	0.9650116877045349	0.9717391
AM778577	1380	6900	Nocardioidaceae	Kribbella sancticallisti	AJ811962	1458	7290	Nocardioidaceae	Kribbella lupini	6720.0	1380	9	7	1360	0.9905316824471959	0.994927536231884	0.9855072463768116	0.9741551110693755	0.973913
AM778577	1380	6900	Nocardioidaceae	Kribbella sancticallisti	EF126967	1429	7145	Nocardioidaceae	Kribbella aluminosa	6740.0	1377	17	10	1361	0.9956108266276518	0.9927378358750908	0.9883805374001452	0.9692368684548053	0.9768116
AM778577	1380	6900	Nocardioidaceae	Kribbella sancticallisti	KC283016	1440	7200	Nocardioidaceae	Kribbella albertanoniae	6783.0	1380	7	5	1367	0.9941818181818182	0.9963768115942029	0.9905797101449275	0.9820094458898885	0.9830435
AM778577	1380	6900	Nocardioidaceae	Kribbella sancticallisti	AB245391	1482	7410	Nocardioidaceae	Kribbella ginsengisoli	6813.0	1380	7	7	1370	0.9978150036416606	0.994927536231884	0.9927536231884058	0.9827330386717239	0.9873913
AM778577	1380	6900	Nocardioidaceae	Kribbella sancticallisti	AY253863	1510	7550	Nocardioidaceae	Kribbella flavida	6810.0	1380	2	2	1370	0.9941944847605225	0.9985507246376811	0.9927536231884058	0.989880240776862	0.98695654
AM778577	1380	6900	Nocardioidaceae	Kribbella sancticallisti	GU434268	1346	6730	Nocardioidaceae	Kribbella pittospori	6593.0	1347	10	11	1330	0.9955089820359282	0.9925705794947994	0.9873793615441723	0.9720993566860826	0.9796434
AM778577	1380	6900	Nocardioidaceae	Kribbella sancticallisti	KJ875927	1467	7335	Nocardioidaceae	Kribbella italica	6794.0	1380	4	4	1368	0.9941860465116279	0.9971014492753624	0.991304347826087	0.985574264890676	0.9846377
AM778577	1380	6900	Nocardioidaceae	Kribbella sancticallisti	KJ786943	1489	7445	Nocardioidaceae	Kribbella mirabilis	6573.0	1380	32	23	1343	0.9896831245394252	0.9833333333333333	0.9731884057971014	0.9352809254013219	0.9526087
AM778577	1380	6900	Nocardioidaceae	Kribbella sancticallisti	AY253864	1507	7535	Nocardioidaceae	Kribbella sandramycini	6748.0	1380	5	8	1362	0.9927113702623906	0.9963689179375453	0.9869565217391304	0.977692669910532	0.977971
AM778577	1380	6900	Nocardioidaceae	Kribbella sancticallisti	AY995146	1419	7095	Nocardioidaceae	Kribbella karoonensis	6723.0	1380	13	14	1359	0.9948755490483162	0.990572878897752	0.9847826086956522	0.9656949342988234	0.97434783
AM778577	1380	6900	Nocardioidaceae	Kribbella sancticallisti	AY082061	1493	7465	Nocardioidaceae	Kribbella yunnanensis	6721.0	1380	9	7	1360	0.9905316824471959	0.994927536231884	0.9855072463768116	0.9741551110693755	0.974058
AM778577	1380	6900	Nocardioidaceae	Kribbella sancticallisti	AM778574	1346	6730	Nocardioidaceae	Kribbella catacumbae	6598.0	1344	4	5	1330	0.9932785660941	0.9970215934475056	0.9895833333333334	0.9829763229475768	0.9803863
HQ396152	1421	7105	Nocardioidaceae	Kribbella endophytica	AY082063	1481	7393	Nocardioidaceae	Kribbella antibiotica	6982.0	1421	8	6	1407	0.9943462897526502	0.995777621393385	0.9901477832512315	0.9804472451368037	0.98268825
HQ396152	1421	7105	Nocardioidaceae	Kribbella endophytica	AY253866	1517	7585	Nocardioidaceae	Kribbella jejuensis	6840.0	1421	26	17	1391	0.9907407407407407	0.988036593947924	0.9788881069669247	0.9497988266631392	0.96270233
HQ396152	1421	7105	Nocardioidaceae	Kribbella endophytica	HM368615	1420	7100	Nocardioidaceae	Kribbella amoyensis	6888.0	1415	15	11	1394	0.9928774928774928	0.992226148409894	0.9851590106007068	0.9672470285897848	0.9701409
HQ396152	1421	7105	Nocardioidaceae	Kribbella endophytica	AJ811962	1458	7290	Nocardioidaceae	Kribbella lupini	6885.0	1406	12	9	1390	0.9949892627057981	0.9935988620199147	0.9886201991465149	0.9739791383693097	0.96903586
HQ396152	1421	7105	Nocardioidaceae	Kribbella endophytica	EF126967	1429	7145	Nocardioidaceae	Kribbella aluminosa	6847.0	1410	22	14	1387	0.9935530085959885	0.9900709219858156	0.9836879432624114	0.9589583580965966	0.96368754
HQ396152	1421	7105	Nocardioidaceae	Kribbella endophytica	KC283016	1440	7200	Nocardioidaceae	Kribbella albertanoniae	6889.0	1400	10	7	1388	0.9964106245513281	0.995	0.9914285714285714	0.9794751773049645	0.9695989
HQ396152	1421	7105	Nocardioidaceae	Kribbella endophytica	AB245391	1482	7410	Nocardioidaceae	Kribbella ginsengisoli	6962.0	1421	11	9	1405	0.9950424929178471	0.9936664320900774	0.9887403237156932	0.9749311013174292	0.9798733
HQ396152	1421	7105	Nocardioidaceae	Kribbella endophytica	AY253863	1510	7550	Nocardioidaceae	Kribbella flavida	6991.0	1421	12	10	1408	0.9978738483345145	0.9929627023223082	0.9908515130190007	0.9756395567828401	0.98395497
HQ396152	1421	7105	Nocardioidaceae	Kribbella endophytica	GU434268	1346	6730	Nocardioidaceae	Kribbella pittospori	6600.0	1347	10	11	1331	0.9962574850299402	0.9925705794947994	0.9881217520415738	0.972830258458027	0.9806835
HQ396152	1421	7105	Nocardioidaceae	Kribbella endophytica	KJ875927	1467	7335	Nocardioidaceae	Kribbella italica	7026.0	1421	10	8	1412	0.9992922859164898	0.9943701618578465	0.9936664320900774	0.9811674832587557	0.98888105
HQ396152	1421	7105	Nocardioidaceae	Kribbella endophytica	KJ786943	1489	7445	Nocardioidaceae	Kribbella mirabilis	6763.0	1421	34	23	1383	0.9892703862660944	0.983814215341309	0.9732582688247713	0.9351306253038009	0.9518649
HQ396152	1421	7105	Nocardioidaceae	Kribbella endophytica	AY253864	1507	7535	Nocardioidaceae	Kribbella sandramycini	6957.0	1421	9	10	1404	0.9950389794472005	0.9936619718309859	0.988036593947924	0.9749088350073571	0.9791696
HQ396152	1421	7105	Nocardioidaceae	Kribbella endophytica	AY995146	1419	7095	Nocardioidaceae	Kribbella karoonensis	6877.0	1414	15	16	1391	0.9949928469241774	0.9893842887473461	0.9837340876944838	0.9623934601797678	0.96927416
HQ396152	1421	7105	Nocardioidaceae	Kribbella endophytica	AY082061	1493	7465	Nocardioidaceae	Kribbella yunnanensis	6930.0	1421	13	9	1402	0.9929178470254958	0.9936664320900774	0.9866291344123856	0.9714925647073142	0.97536945
HQ396152	1421	7105	Nocardioidaceae	Kribbella endophytica	AM778574	1346	6730	Nocardioidaceae	Kribbella catacumbae	6604.0	1347	5	6	1332	0.9932885906040269	0.9962852897473997	0.9888641425389755	0.9808186502550046	0.9812779
AY082063	1481	7393	Nocardioidaceae	Kribbella antibiotica	AY253866	1517	7585	Nocardioidaceae	Kribbella jejuensis	7137.0	1479	20	13	1450	0.9890859481582538	0.991210277214334	0.9803921568627451	0.9588091407343458	0.9653726
AY082063	1481	7393	Nocardioidaceae	Kribbella antibiotica	HM368615	1420	7100	Nocardioidaceae	Kribbella amoyensis	6864.0	1417	11	8	1392	0.9879347054648687	0.9943542695836274	0.9823570924488356	0.9692865148882418	0.9667606
AY082063	1481	7393	Nocardioidaceae	Kribbella antibiotica	AJ811962	1458	7290	Nocardioidaceae	Kribbella lupini	7063.0	1456	10	8	1432	0.988950276243094	0.9945054945054945	0.9835164835164835	0.9714405648921337	0.96886146
AY082063	1481	7393	Nocardioidaceae	Kribbella antibiotica	EF126967	1429	7145	Nocardioidaceae	Kribbella aluminosa	6900.0	1419	16	10	1397	0.9914833215046132	0.992952783650458	0.9844961240310077	0.9666585635956028	0.9657103
AY082063	1481	7393	Nocardioidaceae	Kribbella antibiotica	KC283016	1440	7200	Nocardioidaceae	Kribbella albertanoniae	7094.0	1437	9	7	1427	0.9979020979020979	0.9951287404314544	0.9930410577592206	0.9820530515876109	0.9852778
AY082063	1481	7393	Nocardioidaceae	Kribbella antibiotica	AB245391	1482	7410	Nocardioidaceae	Kribbella ginsengisoli	7270.0	1480	8	8	1465	0.9952445652173914	0.9945945945945946	0.9898648648648649	0.9792211566405116	0.9833626
AY082063	1481	7393	Nocardioidaceae	Kribbella antibiotica	AY253863	1510	7550	Nocardioidaceae	Kribbella flavida	7241.0	1479	9	9	1461	0.9938775510204082	0.9939148073022313	0.9878296146044625	0.9758800628148924	0.97944003
AY082063	1481	7393	Nocardioidaceae	Kribbella antibiotica	GU434268	1346	6730	Nocardioidaceae	Kribbella pittospori	6585.0	1347	14	15	1329	0.9977477477477478	0.9895988112927192	0.9866369710467706	0.9656138467555463	0.9784547
AY082063	1481	7393	Nocardioidaceae	Kribbella antibiotica	KJ875927	1467	7335	Nocardioidaceae	Kribbella italica	7190.0	1465	7	8	1449	0.9945092656142759	0.9952185792349727	0.9890784982935154	0.9789995733788396	0.98023176
AY082063	1481	7393	Nocardioidaceae	Kribbella antibiotica	KJ786943	1489	7445	Nocardioidaceae	Kribbella mirabilis	7083.0	1478	30	21	1444	0.9910775566231984	0.9857916102841678	0.9769959404600812	0.9439543005638847	0.95806843
AY082063	1481	7393	Nocardioidaceae	Kribbella antibiotica	AY253864	1507	7535	Nocardioidaceae	Kribbella sandramycini	7251.0	1479	7	10	1462	0.9952348536419333	0.9952574525745257	0.9885057471264368	0.9771971349453134	0.98079264
AY082063	1481	7393	Nocardioidaceae	Kribbella antibiotica	AY995146	1419	7095	Nocardioidaceae	Kribbella karoonensis	6904.0	1421	15	17	1397	0.9950142450142451	0.9894291754756871	0.9831104855735397	0.9612027310203689	0.9730796
AY082063	1481	7393	Nocardioidaceae	Kribbella antibiotica	AY082061	1493	7465	Nocardioidaceae	Kribbella yunnanensis	7245.0	1480	12	9	1463	0.9945615227736234	0.9939189189189189	0.9885135135135135	0.9746001195565538	0.97998106
AY082063	1481	7393	Nocardioidaceae	Kribbella antibiotica	AM778574	1346	6730	Nocardioidaceae	Kribbella catacumbae	6599.0	1347	7	8	1331	0.9940253920836445	0.9947994056463596	0.9881217520415738	0.9771750561179227	0.9805349
AY253866	1517	7585	Nocardioidaceae	Kribbella jejuensis	HM368615	1420	7100	Nocardioidaceae	Kribbella amoyensis	6787.0	1424	19	23	1384	0.9878658101356174	0.9866197183098592	0.9719101123595506	0.9436216683407695	0.9559155
AY253866	1517	7585	Nocardioidaceae	Kribbella jejuensis	AJ811962	1458	7290	Nocardioidaceae	Kribbella lupini	6951.0	1462	15	20	1419	0.9840499306518724	0.9897048730267674	0.9705882352941176	0.9475885140786172	0.95349795
AY253866	1517	7585	Nocardioidaceae	Kribbella jejuensis	EF126967	1429	7145	Nocardioidaceae	Kribbella aluminosa	6992.0	1431	10	12	1411	0.9943622269203665	0.9930020993701889	0.9860237596086653	0.9709699617520445	0.97858644
AY253866	1517	7585	Nocardioidaceae	Kribbella jejuensis	KC283016	1440	7200	Nocardioidaceae	Kribbella albertanoniae	6976.0	1444	12	17	1414	0.9908899789768746	0.9916608756080612	0.9792243767313019	0.9597205945024504	0.9688889
AY253866	1517	7585	Nocardioidaceae	Kribbella jejuensis	AB245391	1482	7410	Nocardioidaceae	Kribbella ginsengisoli	7164.0	1491	14	25	1454	0.9918144611186903	0.9905405405405405	0.9751844399731724	0.9499138797346649	0.96680164
AY253866	1517	7585	Nocardioidaceae	Kribbella jejuensis	AY253863	1510	7550	Nocardioidaceae	Kribbella flavida	7329.0	1517	13	20	1485	0.9919839679358717	0.9913907284768212	0.978905735003296	0.9577920818953817	0.97072846
AY253866	1517	7585	Nocardioidaceae	Kribbella jejuensis	GU434268	1346	6730	Nocardioidaceae	Kribbella pittospori	6550.0	1354	11	19	1326	0.9932584269662922	0.9918276374442794	0.9793205317577548	0.9577970035872547	0.9732541
AY253866	1517	7585	Nocardioidaceae	Kribbella jejuensis	KJ875927	1467	7335	Nocardioidaceae	Kribbella italica	7097.0	1474	12	19	1440	0.9896907216494846	0.9918200408997955	0.9769335142469471	0.9565533399928048	0.96755284
AY253866	1517	7585	Nocardioidaceae	Kribbella jejuensis	KJ786943	1489	7445	Nocardioidaceae	Kribbella mirabilis	7073.0	1487	29	27	1445	0.9897260273972602	0.9818426361802286	0.9717552118359112	0.9358592409501519	0.9500336
AY253866	1517	7585	Nocardioidaceae	Kribbella jejuensis	AY253864	1507	7535	Nocardioidaceae	Kribbella sandramycini	7306.0	1517	10	20	1482	0.9899799599198397	0.993364299933643	0.976928147659855	0.9577350602795043	0.9696085
AY253866	1517	7585	Nocardioidaceae	Kribbella jejuensis	AY995146	1419	7095	Nocardioidaceae	Kribbella karoonensis	6923.0	1428	12	21	1400	0.9950248756218906	0.9915433403805497	0.9803921568627451	0.9579248366013071	0.9757576
AY253866	1517	7585	Nocardioidaceae	Kribbella jejuensis	AY082061	1493	7465	Nocardioidaceae	Kribbella yunnanensis	7132.0	1489	14	20	1451	0.9877467665078284	0.9905596763317599	0.974479516453996	0.9524354023093281	0.9553918
AY253866	1517	7585	Nocardioidaceae	Kribbella jejuensis	AM778574	1346	6730	Nocardioidaceae	Kribbella catacumbae	6497.0	1354	11	19	1320	0.9887640449438202	0.9918276374442794	0.9748892171344166	0.9534630804940997	0.9653789
HM368615	1420	7100	Nocardioidaceae	Kribbella amoyensis	AJ811962	1458	7290	Nocardioidaceae	Kribbella lupini	6820.0	1411	14	15	1384	0.9914040114613181	0.9900709219858156	0.9808646350106307	0.9609031792805899	0.96056336
HM368615	1420	7100	Nocardioidaceae	Kribbella amoyensis	EF126967	1429	7145	Nocardioidaceae	Kribbella aluminosa	6796.0	1407	17	13	1380	0.9899569583931134	0.9907604832977968	0.9808102345415778	0.9601470975779209	0.9571831
HM368615	1420	7100	Nocardioidaceae	Kribbella amoyensis	KC283016	1440	7200	Nocardioidaceae	Kribbella albertanoniae	6821.0	1405	12	13	1381	0.9920977011494253	0.9914529914529915	0.9829181494661922	0.9655766154247984	0.9607042
HM368615	1420	7100	Nocardioidaceae	Kribbella amoyensis	AB245391	1482	7410	Nocardioidaceae	Kribbella ginsengisoli	6881.0	1420	13	16	1394	0.9928774928774928	0.9908256880733946	0.9816901408450704	0.9618234178272707	0.96915495
HM368615	1420	7100	Nocardioidaceae	Kribbella amoyensis	AY253863	1510	7550	Nocardioidaceae	Kribbella flavida	6948.0	1420	9	12	1402	0.9957386363636364	0.9936485532815809	0.9873239436619718	0.9728146344828945	0.97859156
HM368615	1420	7100	Nocardioidaceae	Kribbella amoyensis	GU434268	1346	6730	Nocardioidaceae	Kribbella pittospori	6539.0	1348	10	12	1324	0.9910179640718563	0.9925705794947994	0.9821958456973294	0.9662839836904509	0.9716196
HM368615	1420	7100	Nocardioidaceae	Kribbella amoyensis	KJ875927	1467	7335	Nocardioidaceae	Kribbella italica	6939.0	1420	8	11	1401	0.9943222143364088	0.9943542695836274	0.9866197183098592	0.9734924251390698	0.97732395
HM368615	1420	7100	Nocardioidaceae	Kribbella amoyensis	KJ786943	1489	7445	Nocardioidaceae	Kribbella mirabilis	6740.0	1420	31	25	1379	0.9885304659498207	0.9823943661971831	0.9711267605633803	0.9336470234224091	0.94929576
HM368615	1420	7100	Nocardioidaceae	Kribbella amoyensis	AY253864	1507	7535	Nocardioidaceae	Kribbella sandramycini	6852.0	1420	12	18	1390	0.9914407988587732	0.9915134370579916	0.9788732394366197	0.9583661184987018	0.9650704
HM368615	1420	7100	Nocardioidaceae	Kribbella amoyensis	AY995146	1419	7095	Nocardioidaceae	Kribbella karoonensis	6868.0	1419	10	15	1392	0.9914529914529915	0.9929278642149929	0.9809725158562368	0.9638106453898926	0.96800566
HM368615	1420	7100	Nocardioidaceae	Kribbella amoyensis	AY082061	1493	7465	Nocardioidaceae	Kribbella yunnanensis	6843.0	1420	15	16	1390	0.99002849002849	0.9894291754756871	0.9788732394366197	0.9577268488982676	0.9638028
HM368615	1420	7100	Nocardioidaceae	Kribbella amoyensis	AM778574	1346	6730	Nocardioidaceae	Kribbella catacumbae	6520.0	1350	10	14	1323	0.9902694610778443	0.9925705794947994	0.98	0.9627058823529412	0.96879643
AJ811962	1458	7290	Nocardioidaceae	Kribbella lupini	EF126967	1429	7145	Nocardioidaceae	Kribbella aluminosa	6760.0	1397	14	9	1372	0.9884726224783862	0.9935576234788833	0.9821045096635648	0.966095718931983	0.94611615
AJ811962	1458	7290	Nocardioidaceae	Kribbella lupini	KC283016	1440	7200	Nocardioidaceae	Kribbella albertanoniae	7043.0	1439	6	6	1422	0.9923237962316818	0.9958304378040306	0.9881862404447533	0.9799798495206447	0.9781944
AJ811962	1458	7290	Nocardioidaceae	Kribbella lupini	AB245391	1482	7410	Nocardioidaceae	Kribbella ginsengisoli	7073.0	1458	6	9	1433	0.9889579020013802	0.9958762886597938	0.9828532235939643	0.9727830061391081	0.9702332
AJ811962	1458	7290	Nocardioidaceae	Kribbella lupini	AY253863	1510	7550	Nocardioidaceae	Kribbella flavida	7120.0	1457	6	8	1438	0.9924085576259489	0.9958762886597938	0.9869595058339052	0.977514917261332	0.9766804
AJ811962	1458	7290	Nocardioidaceae	Kribbella lupini	GU434268	1346	6730	Nocardioidaceae	Kribbella pittospori	6568.0	1350	8	12	1328	0.992526158445441	0.9940564635958395	0.9837037037037037	0.969216167566683	0.97592866
AJ811962	1458	7290	Nocardioidaceae	Kribbella lupini	KJ875927	1467	7335	Nocardioidaceae	Kribbella italica	7103.0	1443	4	6	1430	0.9951287404314544	0.9972241498959056	0.990990990990991	0.9841424008666578	0.9743484
AJ811962	1458	7290	Nocardioidaceae	Kribbella lupini	KJ786943	1489	7445	Nocardioidaceae	Kribbella mirabilis	6863.0	1456	33	26	1409	0.9853146853146854	0.9821428571428571	0.9677197802197802	0.9293749400364579	0.94142663
AJ811962	1458	7290	Nocardioidaceae	Kribbella lupini	AY253864	1507	7535	Nocardioidaceae	Kribbella sandramycini	7098.0	1457	2	7	1435	0.9896551724137931	0.9986225895316805	0.9849004804392587	0.9788250148299692	0.97366256
AJ811962	1458	7290	Nocardioidaceae	Kribbella lupini	AY995146	1419	7095	Nocardioidaceae	Kribbella karoonensis	6858.0	1415	11	15	1389	0.9921428571428571	0.9922041105598866	0.9816254416961131	0.9637276426189048	0.9665962
AJ811962	1458	7290	Nocardioidaceae	Kribbella lupini	AY082061	1493	7465	Nocardioidaceae	Kribbella yunnanensis	7074.0	1458	9	8	1434	0.9889655172413793	0.9945130315500685	0.9835390946502057	0.9721415727626437	0.97037035
AJ811962	1458	7290	Nocardioidaceae	Kribbella lupini	AM778574	1346	6730	Nocardioidaceae	Kribbella catacumbae	6588.0	1351	3	8	1331	0.9910647803425168	0.9977711738484398	0.9851961509992598	0.9771923417961639	0.97890043
EF126967	1429	7145	Nocardioidaceae	Kribbella aluminosa	KC283016	1440	7200	Nocardioidaceae	Kribbella albertanoniae	6795.0	1396	10	15	1373	0.9942070963070239	0.9928109273903667	0.9835243553008596	0.9660363688979283	0.9510147
EF126967	1429	7145	Nocardioidaceae	Kribbella aluminosa	AB245391	1482	7410	Nocardioidaceae	Kribbella ginsengisoli	6939.0	1426	14	19	1402	0.9964463397299218	0.9901477832512315	0.9831697054698457	0.9606387330528284	0.97116864
EF126967	1429	7145	Nocardioidaceae	Kribbella aluminosa	AY253863	1510	7550	Nocardioidaceae	Kribbella flavida	6953.0	1429	11	16	1405	0.9943382873319179	0.9922752808988764	0.9832050384884534	0.9647699440167948	0.9731281
EF126967	1429	7145	Nocardioidaceae	Kribbella aluminosa	GU434268	1346	6730	Nocardioidaceae	Kribbella pittospori	6592.0	1354	9	17	1331	0.9955123410620793	0.9933135215453195	0.98301329394387	0.9642617564218299	0.9794948
EF126967	1429	7145	Nocardioidaceae	Kribbella aluminosa	KJ875927	1467	7335	Nocardioidaceae	Kribbella italica	6936.0	1426	7	13	1402	0.9922151450813871	0.9950704225352113	0.9831697054698457	0.9694478672916205	0.9707488
EF126967	1429	7145	Nocardioidaceae	Kribbella aluminosa	KJ786943	1489	7445	Nocardioidaceae	Kribbella mirabilis	6856.0	1426	24	21	1395	0.9928825622775801	0.985273492286115	0.9782608695652174	0.9479010494752624	0.9595521
EF126967	1429	7145	Nocardioidaceae	Kribbella aluminosa	AY253864	1507	7535	Nocardioidaceae	Kribbella sandramycini	6921.0	1429	10	18	1401	0.9929128277817151	0.9929627023223082	0.980405878236529	0.9613291828990567	0.9686494
EF126967	1429	7145	Nocardioidaceae	Kribbella aluminosa	AY995146	1419	7095	Nocardioidaceae	Kribbella karoonensis	6890.0	1410	9	17	1389	0.9971284996410624	0.9935805991440799	0.9851063829787234	0.9670565126774925	0.9711064
EF126967	1429	7145	Nocardioidaceae	Kribbella aluminosa	AY082061	1493	7465	Nocardioidaceae	Kribbella yunnanensis	6886.0	1427	13	17	1397	0.9907801418439717	0.9908643710470836	0.9789768745620182	0.9585815230086427	0.9637509
EF126967	1429	7145	Nocardioidaceae	Kribbella aluminosa	AM778574	1346	6730	Nocardioidaceae	Kribbella catacumbae	6571.0	1354	6	14	1329	0.9917910447761195	0.9955423476968797	0.981536189069424	0.9671018333478149	0.97637445
KC283016	1440	7200	Nocardioidaceae	Kribbella albertanoniae	AB245391	1482	7410	Nocardioidaceae	Kribbella ginsengisoli	7092.0	1439	4	6	1427	0.9958129797627355	0.9972164231036882	0.9916608756080612	0.9847886588678806	0.985
KC283016	1440	7200	Nocardioidaceae	Kribbella albertanoniae	AY253863	1510	7550	Nocardioidaceae	Kribbella flavida	7087.0	1439	5	7	1426	0.9958100558659218	0.9965205288796103	0.9909659485753995	0.9827307744875152	0.98430556
KC283016	1440	7200	Nocardioidaceae	Kribbella albertanoniae	GU434268	1346	6730	Nocardioidaceae	Kribbella pittospori	6651.0	1347	4	5	1337	0.996274217585693	0.9970282317979198	0.9925760950259837	0.9859638190413547	0.9882615
KC283016	1440	7200	Nocardioidaceae	Kribbella albertanoniae	KJ875927	1467	7335	Nocardioidaceae	Kribbella italica	7110.0	1437	3	5	1428	0.9972067039106145	0.9979094076655052	0.9937369519832986	0.988216191138947	0.9875
KC283016	1440	7200	Nocardioidaceae	Kribbella albertanoniae	KJ786943	1489	7445	Nocardioidaceae	Kribbella mirabilis	6911.0	1439	30	23	1407	0.9936440677966102	0.9840166782487839	0.9777623349548298	0.9424856816174533	0.9598611
KC283016	1440	7200	Nocardioidaceae	Kribbella albertanoniae	AY253864	1507	7535	Nocardioidaceae	Kribbella sandramycini	7124.0	1439	0	5	1430	0.99721059972106	1.0	0.9937456567060459	0.9902927531038705	0.98944443
KC283016	1440	7200	Nocardioidaceae	Kribbella albertanoniae	AY995146	1419	7095	Nocardioidaceae	Kribbella karoonensis	6899.0	1409	9	13	1391	0.9964183381088825	0.993594306049822	0.9872249822569198	0.9719083746337518	0.9723749
KC283016	1440	7200	Nocardioidaceae	Kribbella albertanoniae	AY082061	1493	7465	Nocardioidaceae	Kribbella yunnanensis	7133.0	1439	2	2	1432	0.9965205288796103	0.9986101459346769	0.995135510771369	0.9923731637602062	0.99069446
KC283016	1440	7200	Nocardioidaceae	Kribbella albertanoniae	AM778574	1346	6730	Nocardioidaceae	Kribbella catacumbae	6644.0	1349	4	7	1337	0.996274217585693	0.9970282317979198	0.9911045218680504	0.9830467615276598	0.9872214
AB245391	1482	7410	Nocardioidaceae	Kribbella ginsengisoli	AY253863	1510	7550	Nocardioidaceae	Kribbella flavida	7300.0	1480	11	7	1469	0.9972844534962662	0.9952702702702703	0.9925675675675676	0.9805848605144379	0.9851552
AB245391	1482	7410	Nocardioidaceae	Kribbella ginsengisoli	GU434268	1346	6730	Nocardioidaceae	Kribbella pittospori	6621.0	1347	4	5	1334	0.9940387481371088	0.9970282317979198	0.9903489235337788	0.9837514843688608	0.98380387
AB245391	1482	7410	Nocardioidaceae	Kribbella ginsengisoli	KJ875927	1467	7335	Nocardioidaceae	Kribbella italica	7223.0	1467	5	6	1454	0.9952087611225188	0.9965893587994543	0.9911383776414451	0.9837317729172222	0.9847307
AB245391	1482	7410	Nocardioidaceae	Kribbella ginsengisoli	KJ786943	1489	7445	Nocardioidaceae	Kribbella mirabilis	7063.0	1480	33	25	1442	0.99106529209622	0.9831081081081081	0.9743243243243244	0.9369741519444097	0.9531714
AB245391	1482	7410	Nocardioidaceae	Kribbella ginsengisoli	AY253864	1507	7535	Nocardioidaceae	Kribbella sandramycini	7259.0	1480	9	8	1464	0.9945652173913043	0.9945945945945946	0.9891891891891892	0.9778955584194	0.9796221
AB245391	1482	7410	Nocardioidaceae	Kribbella ginsengisoli	AY995146	1419	7095	Nocardioidaceae	Kribbella karoonensis	6941.0	1421	9	11	1402	0.9943262411347518	0.9936575052854123	0.9866291344123856	0.9728301255394852	0.97829455
AB245391	1482	7410	Nocardioidaceae	Kribbella ginsengisoli	AY082061	1493	7465	Nocardioidaceae	Kribbella yunnanensis	7236.0	1482	10	7	1463	0.991864406779661	0.99527665317139	0.9871794871794872	0.9759314635319998	0.9765182
AB245391	1482	7410	Nocardioidaceae	Kribbella ginsengisoli	AM778574	1346	6730	Nocardioidaceae	Kribbella catacumbae	6625.0	1347	6	7	1334	0.9955223880597015	0.9955423476968797	0.9903489235337788	0.9808333758575489	0.98439825
AY253863	1510	7550	Nocardioidaceae	Kribbella flavida	GU434268	1346	6730	Nocardioidaceae	Kribbella pittospori	6616.0	1347	6	7	1333	0.994776119402985	0.9955423476968797	0.9896065330363771	0.9800981184543571	0.9830609
AY253863	1510	7550	Nocardioidaceae	Kribbella flavida	KJ875927	1467	7335	Nocardioidaceae	Kribbella italica	7282.0	1467	3	3	1461	0.9979508196721312	0.9979550102249489	0.9959100204498977	0.9918450815909186	0.99277437
AY253863	1510	7550	Nocardioidaceae	Kribbella flavida	KJ786943	1489	7445	Nocardioidaceae	Kribbella mirabilis	7081.0	1480	33	24	1444	0.9917582417582418	0.9837837837837838	0.9756756756756757	0.9389185616548473	0.9511081
AY253863	1510	7550	Nocardioidaceae	Kribbella flavida	AY253864	1507	7535	Nocardioidaceae	Kribbella sandramycini	7417.0	1510	5	8	1494	0.9946737683089214	0.9966821499668215	0.9894039735099338	0.9809140384237099	0.9843398
AY253863	1510	7550	Nocardioidaceae	Kribbella flavida	AY995146	1419	7095	Nocardioidaceae	Kribbella karoonensis	6944.0	1421	11	13	1402	0.9957386363636364	0.9922480620155039	0.9866291344123856	0.9700934505954183	0.9787174
AY253863	1510	7550	Nocardioidaceae	Kribbella flavida	AY082061	1493	7465	Nocardioidaceae	Kribbella yunnanensis	7243.0	1482	9	8	1463	0.9925373134328358	0.9946018893387314	0.9871794871794872	0.9759239195858915	0.9702612
AY253863	1510	7550	Nocardioidaceae	Kribbella flavida	AM778574	1346	6730	Nocardioidaceae	Kribbella catacumbae	6612.0	1347	4	5	1333	0.9932935916542474	0.9970282317979198	0.9896065330363771	0.9830140394780297	0.9824666
GU434268	1346	6730	Nocardioidaceae	Kribbella pittospori	KJ875927	1467	7335	Nocardioidaceae	Kribbella italica	6627.0	1346	8	7	1334	0.9962658700522778	0.9947994056463596	0.9910846953937593	0.9801051751345966	0.9846954
GU434268	1346	6730	Nocardioidaceae	Kribbella pittospori	KJ786943	1489	7445	Nocardioidaceae	Kribbella mirabilis	6452.0	1346	28	20	1315	0.9917043740573153	0.9851411589895989	0.9769687964338781	0.9428388821479785	0.95869243
GU434268	1346	6730	Nocardioidaceae	Kribbella pittospori	AY253864	1507	7535	Nocardioidaceae	Kribbella sandramycini	6619.0	1346	5	6	1333	0.994776119402985	0.9962825278810409	0.9903417533432393	0.9822782749666473	0.9835067
GU434268	1346	6730	Nocardioidaceae	Kribbella pittospori	AY995146	1419	7095	Nocardioidaceae	Kribbella karoonensis	6635.0	1346	7	7	1335	0.9970126960418223	0.9947994056463596	0.9918276374442794	0.98156482375306	0.98588413
GU434268	1346	6730	Nocardioidaceae	Kribbella pittospori	AY082061	1493	7465	Nocardioidaceae	Kribbella yunnanensis	6596.0	1346	8	6	1331	0.9932835820895523	0.9955423476968797	0.9888558692421991	0.9786313624701233	0.9800891
GU434268	1346	6730	Nocardioidaceae	Kribbella pittospori	AM778574	1346	6730	Nocardioidaceae	Kribbella catacumbae	6484.0	1321	8	8	1307	0.9954303122619954	0.9939439818319455	0.9894019682059046	0.9774904320950736	0.9634473
KJ875927	1467	7335	Nocardioidaceae	Kribbella italica	KJ786943	1489	7445	Nocardioidaceae	Kribbella mirabilis	7020.0	1467	31	22	1432	0.9910034602076124	0.9850034083162917	0.9761417859577369	0.941605394331729	0.9570552
KJ875927	1467	7335	Nocardioidaceae	Kribbella italica	AY253864	1507	7535	Nocardioidaceae	Kribbella sandramycini	7226.0	1467	3	6	1454	0.9952087611225188	0.9979508196721312	0.9911383776414451	0.9850701834926199	0.9851397
KJ875927	1467	7335	Nocardioidaceae	Kribbella italica	AY995146	1419	7095	Nocardioidaceae	Kribbella karoonensis	6946.0	1421	11	13	1402	0.9957386363636364	0.9922480620155039	0.9866291344123856	0.9700934505954183	0.9789993
KJ875927	1467	7335	Nocardioidaceae	Kribbella italica	AY082061	1493	7465	Nocardioidaceae	Kribbella yunnanensis	7194.0	1466	7	5	1451	0.9931553730321697	0.9965893587994543	0.9897680763983628	0.9817047926802499	0.9807771
KJ875927	1467	7335	Nocardioidaceae	Kribbella italica	AM778574	1346	6730	Nocardioidaceae	Kribbella catacumbae	6648.0	1347	2	3	1337	0.9947916666666666	0.9985141158989599	0.9925760950259837	0.9888971621311505	0.98781574
KJ786943	1489	7445	Nocardioidaceae	Kribbella mirabilis	AY253864	1507	7535	Nocardioidaceae	Kribbella sandramycini	7089.0	1489	21	33	1445	0.992445054945055	0.985781990521327	0.9704499664204164	0.9357451331841896	0.95218265
KJ786943	1489	7445	Nocardioidaceae	Kribbella mirabilis	AY995146	1419	7095	Nocardioidaceae	Kribbella karoonensis	6801.0	1430	19	30	1387	0.9907142857142858	0.9866102889358703	0.9699300699300699	0.9371305023478936	0.9585624
KJ786943	1489	7445	Nocardioidaceae	Kribbella mirabilis	AY082061	1493	7465	Nocardioidaceae	Kribbella yunnanensis	7077.0	1488	25	32	1444	0.9917582417582418	0.9831195138419987	0.9704301075268817	0.9338706123986383	0.9505709
KJ786943	1489	7445	Nocardioidaceae	Kribbella mirabilis	AM778574	1346	6730	Nocardioidaceae	Kribbella catacumbae	6419.0	1356	19	29	1312	0.9886963074604371	0.9858841010401189	0.967551622418879	0.9337752748726199	0.953789
AY253864	1507	7535	Nocardioidaceae	Kribbella sandramycini	AY995146	1419	7095	Nocardioidaceae	Kribbella karoonensis	6934.0	1418	12	11	1400	0.9950248756218906	0.9922425952045134	0.9873060648801129	0.9714263169834396	0.977308
AY253864	1507	7535	Nocardioidaceae	Kribbella sandramycini	AY082061	1493	7465	Nocardioidaceae	Kribbella yunnanensis	7318.0	1479	8	4	1471	0.9972881355932204	0.9972954699121027	0.9945909398242055	0.9865646511369893	0.9803081
AY253864	1507	7535	Nocardioidaceae	Kribbella sandramycini	AM778574	1346	6730	Nocardioidaceae	Kribbella catacumbae	6623.0	1346	5	5	1334	0.9947800149142431	0.9962852897473997	0.9910846953937593	0.9837487613049825	0.98410106
AY995146	1419	7095	Nocardioidaceae	Kribbella karoonensis	AY082061	1493	7465	Nocardioidaceae	Kribbella yunnanensis	6925.0	1419	15	11	1400	0.9943181818181818	0.9922480620155039	0.9866102889358703	0.968721957337312	0.97603947
AY995146	1419	7095	Nocardioidaceae	Kribbella karoonensis	AM778574	1346	6730	Nocardioidaceae	Kribbella catacumbae	6596.0	1349	8	11	1331	0.9947683109118086	0.9940564635958395	0.9866567828020756	0.9728421336692535	0.9800891
AY082061	1493	7465	Nocardioidaceae	Kribbella yunnanensis	AM778574	1346	6730	Nocardioidaceae	Kribbella catacumbae	6600.0	1349	6	9	1332	0.9940298507462687	0.9955423476968797	0.9873980726464048	0.9764674666761494	0.9806835
