HG970752	1337	6685	Flavobacteriaceae	Lacinutrix venerupis	DQ167238	1496	7480	Flavobacteriaceae	Lacinutrix algicola	6443.0	1337	18	18	1309	0.9924184988627748	0.9865370231862378	0.9790575916230366	0.9530457294101736	0.96379954
HG970752	1337	6685	Flavobacteriaceae	Lacinutrix venerupis	JX412960	1486	7430	Flavobacteriaceae	Lacinutrix iliipiscaria	6402.0	1337	16	14	1305	0.9863945578231292	0.9895287958115183	0.9760658189977561	0.9544235613703114	0.9576664
HG970752	1337	6685	Flavobacteriaceae	Lacinutrix venerupis	DQ167239	1454	7270	Flavobacteriaceae	Lacinutrix mariniflava	6445.0	1337	19	16	1310	0.991672975018925	0.9880329094988781	0.9798055347793567	0.954515568911158	0.96409875
HG970752	1337	6685	Flavobacteriaceae	Lacinutrix venerupis	KT350410	1444	7220	Flavobacteriaceae	Lacinutrix gracilariae	6334.0	1337	22	22	1296	0.9855513307984791	0.9835452505609573	0.9693343305908751	0.9379504376210456	0.9474944
HG970752	1337	6685	Flavobacteriaceae	Lacinutrix venerupis	KF977035	1440	7200	Flavobacteriaceae	Lacinutrix jangbogonensis	6471.0	1337	9	9	1313	0.9887048192771084	0.9932685115931189	0.9820493642483171	0.9689164604173589	0.967988
HG970752	1337	6685	Flavobacteriaceae	Lacinutrix venerupis	AY694001	1364	6820	Flavobacteriaceae	Lacinutrix copepodicola	6292.0	1336	38	20	1294	0.9832826747720365	0.9850299401197605	0.968562874251497	0.9276773962991048	0.94121164
HG970752	1337	6685	Flavobacteriaceae	Lacinutrix venerupis	FN377744	1488	7440	Flavobacteriaceae	Lacinutrix himadriensis	6289.0	1337	28	22	1292	0.9825095057034221	0.9835452505609573	0.9663425579655947	0.9309453946701516	0.9407629
HG970752	1337	6685	Flavobacteriaceae	Lacinutrix venerupis	KU510085	1478	7390	Flavobacteriaceae	Lacinutrix cladophorae	6374.0	1337	14	14	1301	0.983371126228269	0.9895287958115183	0.9730740463724757	0.9529067086238234	0.9534779
DQ167238	1496	7480	Flavobacteriaceae	Lacinutrix algicola	JX412960	1486	7430	Flavobacteriaceae	Lacinutrix iliipiscaria	6925.0	1479	35	40	1423	0.9888811674774148	0.9762550881953868	0.9621365787694388	0.9144745950126965	0.9320323
DQ167238	1496	7480	Flavobacteriaceae	Lacinutrix algicola	DQ167239	1454	7270	Flavobacteriaceae	Lacinutrix mariniflava	7180.0	1448	5	2	1442	0.9972337482710927	0.9986187845303868	0.9958563535911602	0.9910586973797781	0.98762035
DQ167238	1496	7480	Flavobacteriaceae	Lacinutrix algicola	KT350410	1444	7220	Flavobacteriaceae	Lacinutrix gracilariae	6763.0	1444	36	36	1390	0.9872159090909091	0.9750692520775623	0.9626038781163435	0.915774500262035	0.9367036
DQ167238	1496	7480	Flavobacteriaceae	Lacinutrix algicola	KF977035	1440	7200	Flavobacteriaceae	Lacinutrix jangbogonensis	6927.0	1442	15	17	1409	0.9887719298245614	0.9895833333333334	0.9771151178918169	0.9556547995853392	0.96208334
DQ167238	1496	7480	Flavobacteriaceae	Lacinutrix algicola	AY694001	1364	6820	Flavobacteriaceae	Lacinutrix copepodicola	6435.0	1373	23	32	1321	0.9850857568978374	0.9831378299120235	0.9621267297887837	0.924220590721174	0.9435484
DQ167238	1496	7480	Flavobacteriaceae	Lacinutrix algicola	FN377744	1488	7440	Flavobacteriaceae	Lacinutrix himadriensis	7038.0	1490	28	32	1441	0.9883401920438958	0.9811574697173621	0.9671140939597316	0.9288882404435367	0.94596773
DQ167238	1496	7480	Flavobacteriaceae	Lacinutrix algicola	KU510085	1478	7390	Flavobacteriaceae	Lacinutrix cladophorae	6909.0	1468	30	32	1417	0.9867688022284122	0.9795361527967258	0.965258855585831	0.9253082220435603	0.934912
JX412960	1486	7430	Flavobacteriaceae	Lacinutrix iliipiscaria	DQ167239	1454	7270	Flavobacteriaceae	Lacinutrix mariniflava	6718.0	1428	39	33	1380	0.989247311827957	0.976890756302521	0.9663865546218487	0.9189565396710833	0.92407155
JX412960	1486	7430	Flavobacteriaceae	Lacinutrix iliipiscaria	KT350410	1444	7220	Flavobacteriaceae	Lacinutrix gracilariae	6876.0	1446	32	34	1403	0.9936260623229461	0.9778393351800554	0.9702627939142462	0.9269357679343138	0.95235455
JX412960	1486	7430	Flavobacteriaceae	Lacinutrix iliipiscaria	KF977035	1440	7200	Flavobacteriaceae	Lacinutrix jangbogonensis	6809.0	1444	21	25	1396	0.9837914023960536	0.9854166666666667	0.9667590027700831	0.9364034299868585	0.94569445
JX412960	1486	7430	Flavobacteriaceae	Lacinutrix iliipiscaria	AY694001	1364	6820	Flavobacteriaceae	Lacinutrix copepodicola	6376.0	1376	31	43	1314	0.9857464366091523	0.9772727272727273	0.9549418604651163	0.9047174840085288	0.93489736
JX412960	1486	7430	Flavobacteriaceae	Lacinutrix iliipiscaria	FN377744	1488	7440	Flavobacteriaceae	Lacinutrix himadriensis	6953.0	1476	36	34	1426	0.9889042995839112	0.9769647696476965	0.9661246612466124	0.9213966676703804	0.9358008
JX412960	1486	7430	Flavobacteriaceae	Lacinutrix iliipiscaria	KU510085	1478	7390	Flavobacteriaceae	Lacinutrix cladophorae	7107.0	1482	24	28	1445	0.9938101788170564	0.9837618403247632	0.975033738191633	0.941367234615295	0.961705
DQ167239	1454	7270	Flavobacteriaceae	Lacinutrix mariniflava	KT350410	1444	7220	Flavobacteriaceae	Lacinutrix gracilariae	6570.0	1407	37	38	1352	0.987582176771366	0.9736842105263158	0.9609097370291401	0.9110009902997872	0.9099723
DQ167239	1454	7270	Flavobacteriaceae	Lacinutrix mariniflava	KF977035	1440	7200	Flavobacteriaceae	Lacinutrix jangbogonensis	6759.0	1401	14	16	1372	0.9906137184115523	0.9899928520371694	0.979300499643112	0.9585379448803605	0.93875
DQ167239	1454	7270	Flavobacteriaceae	Lacinutrix mariniflava	AY694001	1364	6820	Flavobacteriaceae	Lacinutrix copepodicola	6407.0	1365	24	28	1316	0.9842931937172775	0.9823659074210139	0.9641025641025641	0.9280094515515681	0.9394428
DQ167239	1454	7270	Flavobacteriaceae	Lacinutrix mariniflava	FN377744	1488	7440	Flavobacteriaceae	Lacinutrix himadriensis	6794.0	1445	49	29	1398	0.9872881355932204	0.9799307958477509	0.9674740484429065	0.9169633551507066	0.93452543
DQ167239	1454	7270	Flavobacteriaceae	Lacinutrix mariniflava	KU510085	1478	7390	Flavobacteriaceae	Lacinutrix cladophorae	6676.0	1423	31	34	1371	0.9870410367170627	0.9781690140845071	0.9634574841883345	0.9203868263669853	0.91829437
KT350410	1444	7220	Flavobacteriaceae	Lacinutrix gracilariae	KF977035	1440	7200	Flavobacteriaceae	Lacinutrix jangbogonensis	6766.0	1439	24	26	1389	0.9830148619957537	0.9832985386221295	0.9652536483669215	0.9322648018745455	0.93972224
KT350410	1444	7220	Flavobacteriaceae	Lacinutrix gracilariae	AY694001	1364	6820	Flavobacteriaceae	Lacinutrix copepodicola	6444.0	1374	20	30	1322	0.9836309523809523	0.9853372434017595	0.9621542940320232	0.9276437382919938	0.944868
KT350410	1444	7220	Flavobacteriaceae	Lacinutrix gracilariae	FN377744	1488	7440	Flavobacteriaceae	Lacinutrix himadriensis	6895.0	1444	16	19	1406	0.9866666666666667	0.9888965995836225	0.9736842105263158	0.9503424657534246	0.95498616
KT350410	1444	7220	Flavobacteriaceae	Lacinutrix gracilariae	KU510085	1478	7390	Flavobacteriaceae	Lacinutrix cladophorae	7039.0	1444	14	16	1422	0.9957983193277311	0.9902912621359223	0.9847645429362881	0.9645018980199035	0.97493076
KF977035	1440	7200	Flavobacteriaceae	Lacinutrix jangbogonensis	AY694001	1364	6820	Flavobacteriaceae	Lacinutrix copepodicola	6395.0	1372	19	27	1317	0.979182156133829	0.9860703812316716	0.9599125364431487	0.928168484195568	0.9376833
KF977035	1440	7200	Flavobacteriaceae	Lacinutrix jangbogonensis	FN377744	1488	7440	Flavobacteriaceae	Lacinutrix himadriensis	6782.0	1440	23	24	1392	0.9830508474576272	0.9840166782487839	0.9666666666666667	0.9356117566643882	0.9419444
KF977035	1440	7200	Flavobacteriaceae	Lacinutrix jangbogonensis	KU510085	1478	7390	Flavobacteriaceae	Lacinutrix cladophorae	6822.0	1440	18	18	1397	0.9824191279887482	0.9875	0.9701388888888889	0.946184842249657	0.9475
AY694001	1364	6820	Flavobacteriaceae	Lacinutrix copepodicola	FN377744	1488	7440	Flavobacteriaceae	Lacinutrix himadriensis	6652.0	1364	11	4	1346	0.9897058823529412	0.9970674486803519	0.9868035190615836	0.9760383897627299	0.9753666
AY694001	1364	6820	Flavobacteriaceae	Lacinutrix copepodicola	KU510085	1478	7390	Flavobacteriaceae	Lacinutrix cladophorae	6547.0	1364	20	12	1334	0.9866863905325444	0.9912023460410557	0.9780058651026393	0.955393012730324	0.95997065
FN377744	1488	7440	Flavobacteriaceae	Lacinutrix himadriensis	KU510085	1478	7390	Flavobacteriaceae	Lacinutrix cladophorae	7124.0	1467	12	11	1443	0.9910714285714286	0.9925017041581459	0.983640081799591	0.9683434476674809	0.9640054
