AB020029	1476	7380	Pseudonocardiaceae	Lentzea waywayandensis	AF183957	1426	7130	Pseudonocardiaceae	Lentzea flaviverrucosa	6920.0	1429	18	24	1401	0.9971530249110321	0.9873506676036542	0.980405878236529	0.9519490386470789	0.97054696
AB020029	1476	7380	Pseudonocardiaceae	Lentzea waywayandensis	DQ291145	1419	7083	Pseudonocardiaceae	Lentzea kentuckyensis	6864.0	1401	7	6	1384	0.9921146953405018	0.9957173447537473	0.9878658101356174	0.9787448900136265	0.9690809
AB020029	1476	7380	Pseudonocardiaceae	Lentzea waywayandensis	AF328680	1509	7545	Pseudonocardiaceae	Lentzea albidocapillata	7148.0	1476	17	17	1449	0.9931459904043866	0.9884823848238482	0.9817073170731707	0.9593509548625292	0.9685637
AB020029	1476	7380	Pseudonocardiaceae	Lentzea waywayandensis	KM597488	1497	7485	Pseudonocardiaceae	Lentzea guizhouensis	7131.0	1476	18	18	1447	0.9924554183813443	0.9878048780487805	0.9803523035230353	0.9567293564501911	0.96626014
AB020029	1476	7380	Pseudonocardiaceae	Lentzea waywayandensis	AJ242633	1440	7200	Pseudonocardiaceae	Lentzea violacea	6957.0	1427	12	13	1406	0.9943422913719944	0.9915848527349228	0.9852838121934128	0.9681663032949865	0.96625
AB020029	1476	7380	Pseudonocardiaceae	Lentzea waywayandensis	FJ938354	1474	7370	Pseudonocardiaceae	Lentzea jiangxiensis	7051.0	1461	22	22	1431	0.9944405837387075	0.9849418206707734	0.9794661190965093	0.9504057622251362	0.9567164
AB020029	1476	7380	Pseudonocardiaceae	Lentzea waywayandensis	AF174435	1451	7249	Pseudonocardiaceae	Lentzea californiensis	6911.0	1439	11	12	1406	0.9852838121934128	0.9923504867872045	0.9770674079221682	0.9615690973137476	0.9533729
AB020029	1476	7380	Pseudonocardiaceae	Lentzea waywayandensis	AB006176	1471	7355	Pseudonocardiaceae	Lentzea albida	7198.0	1470	10	11	1452	0.9952021932830706	0.9931926480599047	0.9877551020408163	0.9737396580253722	0.97865397
AF183957	1426	7130	Pseudonocardiaceae	Lentzea flaviverrucosa	DQ291145	1419	7083	Pseudonocardiaceae	Lentzea kentuckyensis	6715.0	1395	22	16	1365	0.9898477157360406	0.9885304659498207	0.978494623655914	0.9522541185755153	0.9480446
AF183957	1426	7130	Pseudonocardiaceae	Lentzea flaviverrucosa	AF328680	1509	7545	Pseudonocardiaceae	Lentzea albidocapillata	6941.0	1423	18	12	1404	0.9950389794472005	0.9915671117357695	0.9866479269149684	0.9661070262852328	0.97349226
AF183957	1426	7130	Pseudonocardiaceae	Lentzea flaviverrucosa	KM597488	1497	7485	Pseudonocardiaceae	Lentzea guizhouensis	6895.0	1423	19	13	1399	0.9921985815602837	0.9908643710470836	0.983134223471539	0.9613170978466505	0.96704066
AF183957	1426	7130	Pseudonocardiaceae	Lentzea flaviverrucosa	AJ242633	1440	7200	Pseudonocardiaceae	Lentzea violacea	6985.0	1423	20	9	1410	0.9971711456859972	0.9936753338018272	0.9908643710470836	0.9709509498687292	0.9796634
AF183957	1426	7130	Pseudonocardiaceae	Lentzea flaviverrucosa	FJ938354	1474	7370	Pseudonocardiaceae	Lentzea jiangxiensis	6882.0	1426	32	20	1399	0.9950213371266002	0.9859747545582047	0.9810659186535764	0.9460759133243679	0.9652174
AF183957	1426	7130	Pseudonocardiaceae	Lentzea flaviverrucosa	AF174435	1451	7249	Pseudonocardiaceae	Lentzea californiensis	6820.0	1423	19	14	1390	0.9865152590489709	0.9901616303583978	0.9768095572733662	0.9544553857130187	0.95652175
AF183957	1426	7130	Pseudonocardiaceae	Lentzea flaviverrucosa	AB006176	1471	7355	Pseudonocardiaceae	Lentzea albida	6874.0	1419	21	18	1394	0.9950035688793719	0.9873150105708245	0.9823819591261451	0.9557757810664786	0.96409535
DQ291145	1419	7083	Pseudonocardiaceae	Lentzea kentuckyensis	AF328680	1509	7545	Pseudonocardiaceae	Lentzea albidocapillata	6777.0	1415	16	16	1380	0.9864188706218727	0.9886925795053003	0.9752650176678446	0.9534561563363484	0.95679796
DQ291145	1419	7083	Pseudonocardiaceae	Lentzea kentuckyensis	KM597488	1497	7485	Pseudonocardiaceae	Lentzea guizhouensis	6851.0	1411	12	13	1386	0.9914163090128756	0.9914893617021276	0.9822820694542878	0.9650248300049854	0.9672455
DQ291145	1419	7083	Pseudonocardiaceae	Lentzea kentuckyensis	AJ242633	1440	7200	Pseudonocardiaceae	Lentzea violacea	6838.0	1415	13	13	1387	0.9893009985734664	0.9908127208480565	0.9802120141342756	0.9623650166780493	0.9654101
DQ291145	1419	7083	Pseudonocardiaceae	Lentzea kentuckyensis	FJ938354	1474	7370	Pseudonocardiaceae	Lentzea jiangxiensis	6917.0	1415	7	7	1396	0.9914772727272727	0.995053003533569	0.9865724381625441	0.9768593480540522	0.97656363
DQ291145	1419	7083	Pseudonocardiaceae	Lentzea kentuckyensis	AF174435	1451	7249	Pseudonocardiaceae	Lentzea californiensis	6730.0	1414	11	11	1374	0.9793300071275838	0.9922206506364922	0.9717114568599717	0.9567095957716073	0.95016235
DQ291145	1419	7083	Pseudonocardiaceae	Lentzea kentuckyensis	AB006176	1471	7355	Pseudonocardiaceae	Lentzea albida	6863.0	1396	5	7	1381	0.994240460763139	0.996413199426112	0.9892550143266475	0.980781737972672	0.9689397
AF328680	1509	7545	Pseudonocardiaceae	Lentzea albidocapillata	KM597488	1497	7485	Pseudonocardiaceae	Lentzea guizhouensis	7208.0	1497	18	18	1465	0.9905341446923597	0.9879759519038076	0.978623914495658	0.9553694848442761	0.96299267
AF328680	1509	7545	Pseudonocardiaceae	Lentzea albidocapillata	AJ242633	1440	7200	Pseudonocardiaceae	Lentzea violacea	7083.0	1441	7	8	1427	0.9958129797627355	0.9951388888888889	0.9902845246356696	0.9800260523500791	0.98375
AF328680	1509	7545	Pseudonocardiaceae	Lentzea albidocapillata	FJ938354	1474	7370	Pseudonocardiaceae	Lentzea jiangxiensis	7092.0	1475	21	22	1442	0.9924294562973159	0.985753052917232	0.9776271186440678	0.9495268739236835	0.9622795
AF328680	1509	7545	Pseudonocardiaceae	Lentzea albidocapillata	AF174435	1451	7249	Pseudonocardiaceae	Lentzea californiensis	6987.0	1452	6	7	1421	0.9833910034602076	0.9958649207443143	0.9786501377410468	0.9699241762934243	0.96385705
AF328680	1509	7545	Pseudonocardiaceae	Lentzea albidocapillata	AB006176	1471	7355	Pseudonocardiaceae	Lentzea albida	7110.0	1472	18	19	1443	0.9931176875430144	0.9877634262406526	0.9802989130434783	0.9559559199007879	0.96668935
KM597488	1497	7485	Pseudonocardiaceae	Lentzea guizhouensis	AJ242633	1440	7200	Pseudonocardiaceae	Lentzea violacea	6962.0	1437	14	15	1411	0.9922644163150492	0.9902506963788301	0.9819067501739736	0.9622821493779395	0.96694446
KM597488	1497	7485	Pseudonocardiaceae	Lentzea guizhouensis	FJ938354	1474	7370	Pseudonocardiaceae	Lentzea jiangxiensis	7244.0	1470	10	10	1457	0.9979452054794521	0.9931972789115646	0.991156462585034	0.9777624563338849	0.98290366
KM597488	1497	7485	Pseudonocardiaceae	Lentzea guizhouensis	AF174435	1451	7249	Pseudonocardiaceae	Lentzea californiensis	6855.0	1449	16	17	1404	0.9804469273743017	0.988950276243094	0.968944099378882	0.9471180548194943	0.94564766
KM597488	1497	7485	Pseudonocardiaceae	Lentzea guizhouensis	AB006176	1471	7355	Pseudonocardiaceae	Lentzea albida	7136.0	1472	15	16	1446	0.9931318681318682	0.9898028552005439	0.9823369565217391	0.961857840414023	0.9702243
AJ242633	1440	7200	Pseudonocardiaceae	Lentzea violacea	FJ938354	1474	7370	Pseudonocardiaceae	Lentzea jiangxiensis	7001.0	1440	16	16	1417	0.9950842696629213	0.9888888888888889	0.9840277777777777	0.9624007936507936	0.9723611
AJ242633	1440	7200	Pseudonocardiaceae	Lentzea violacea	AF174435	1451	7249	Pseudonocardiaceae	Lentzea californiensis	6905.0	1439	11	11	1406	0.9845938375350141	0.9923558026407228	0.9770674079221682	0.962242936905418	0.95902777
AJ242633	1440	7200	Pseudonocardiaceae	Lentzea violacea	AB006176	1471	7355	Pseudonocardiaceae	Lentzea albida	6919.0	1420	14	14	1399	0.9950213371266002	0.9901408450704225	0.9852112676056338	0.9659742275129157	0.96097225
FJ938354	1474	7370	Pseudonocardiaceae	Lentzea jiangxiensis	AF174435	1451	7249	Pseudonocardiaceae	Lentzea californiensis	6849.0	1451	22	22	1404	0.9825052484254724	0.9848380427291523	0.9676085458304617	0.9387050997907195	0.94482
FJ938354	1474	7370	Pseudonocardiaceae	Lentzea jiangxiensis	AB006176	1471	7355	Pseudonocardiaceae	Lentzea albida	7094.0	1455	11	12	1434	0.9937629937629938	0.9924346629986245	0.9855670103092784	0.9701044992334847	0.96451396
AF174435	1451	7249	Pseudonocardiaceae	Lentzea californiensis	AB006176	1471	7355	Pseudonocardiaceae	Lentzea albida	6871.0	1432	11	11	1399	0.9845179451090781	0.99231843575419	0.9769553072625698	0.9620606317533693	0.9478549
