KJ941155	1415	7075	Bacillaceae	Lentibacillus kimchii	AY321433	1466	7330	Bacillaceae	Lentibacillus halodurans	6560.0	1415	34	39	1353	0.9832848837209303	0.975886524822695	0.9561837455830389	0.908011617613707	0.9272085
KJ941155	1415	7075	Bacillaceae	Lentibacillus kimchii	FJ182050	1414	7070	Bacillaceae	Lentibacillus jeotgali	6391.0	1379	37	36	1320	0.9828741623231572	0.9738941261783901	0.9572153734590283	0.9078674057595163	0.9039604
KJ941155	1415	7075	Bacillaceae	Lentibacillus kimchii	AY667497	1365	6825	Bacillaceae	Lentibacillus lacisalsi	6304.0	1365	32	32	1305	0.9789947486871718	0.9765567765567765	0.9560439560439561	0.9122452350798808	0.923663
KJ941155	1415	7075	Bacillaceae	Lentibacillus kimchii	AB231905	1516	7580	Bacillaceae	Lentibacillus kapialis	6491.0	1415	34	35	1347	0.9760869565217392	0.9759547383309759	0.9519434628975265	0.9066128218071682	0.91745585
KJ941155	1415	7075	Bacillaceae	Lentibacillus kimchii	KJ002449	1472	7360	Bacillaceae	Lentibacillus amyloliquefaciens	6521.0	1415	36	33	1351	0.9775687409551375	0.976678445229682	0.9547703180212014	0.909367732257271	0.9216961
KJ941155	1415	7075	Bacillaceae	Lentibacillus kimchii	FN376846	1480	7400	Bacillaceae	Lentibacillus persicus	6477.0	1405	30	31	1341	0.9759825327510917	0.9786324786324786	0.9544483985765124	0.9138760276265702	0.91547704
KJ941155	1415	7075	Bacillaceae	Lentibacillus kimchii	AB127980	1524	7620	Bacillaceae	Lentibacillus juripiscarius	6515.0	1415	39	38	1350	0.9803921568627451	0.9731448763250884	0.9540636042402827	0.9035389154325097	0.9208481
KJ941155	1415	7075	Bacillaceae	Lentibacillus kimchii	AB191345	1410	7050	Bacillaceae	Lentibacillus halophilus	6340.0	1381	36	34	1316	0.9769858945805494	0.9753801593048516	0.9529326574945691	0.9058576497143151	0.8992908
KJ941155	1415	7075	Bacillaceae	Lentibacillus kimchii	EF601571	1521	7605	Bacillaceae	Lentibacillus salinarum	6712.0	1415	17	18	1373	0.9828203292770222	0.987977369165488	0.9703180212014134	0.9466021477781945	0.94869256
KJ941155	1415	7075	Bacillaceae	Lentibacillus kimchii	KT981892	1469	7345	Bacillaceae	Lentibacillus populi	6380.0	1415	43	49	1332	0.9751098096632503	0.9694819020581973	0.9413427561837456	0.8819438991406012	0.9017668
KJ941155	1415	7075	Bacillaceae	Lentibacillus kimchii	AY762976	1518	7590	Bacillaceae	Lentibacillus salis	6541.0	1415	31	34	1353	0.9797248370745837	0.9780453257790368	0.9561837455830389	0.913201765318241	0.924523
KJ941155	1415	7075	Bacillaceae	Lentibacillus kimchii	AY057394	1520	7594	Bacillaceae	Lentibacillus salicampi	6561.0	1414	29	29	1355	0.9783393501805054	0.9794908062234795	0.9582743988684582	0.9197574791634197	0.9273498
KJ941155	1415	7075	Bacillaceae	Lentibacillus kimchii	KC477431	1415	7075	Bacillaceae	Lentibacillus garicola	6285.0	1390	41	39	1313	0.9718726868985936	0.9719424460431655	0.9446043165467626	0.8917962485357624	0.8883392
KJ941155	1415	7075	Bacillaceae	Lentibacillus kimchii	AY667493	1404	7020	Bacillaceae	Lentibacillus salarius	6483.0	1378	17	22	1330	0.9808259587020649	0.98761835396941	0.965166908563135	0.9381837476785742	0.9235043
AY321433	1466	7330	Bacillaceae	Lentibacillus halodurans	FJ182050	1414	7070	Bacillaceae	Lentibacillus jeotgali	6607.0	1413	33	32	1359	0.9840695148443157	0.9773531493276716	0.9617834394904459	0.9185497440776664	0.934512
AY321433	1466	7330	Bacillaceae	Lentibacillus halodurans	AY667497	1365	6825	Bacillaceae	Lentibacillus lacisalsi	6338.0	1363	24	24	1308	0.9768483943241225	0.9823917828319882	0.9596478356566398	0.9264372400463163	0.9286447
AY321433	1466	7330	Bacillaceae	Lentibacillus halodurans	AB231905	1516	7580	Bacillaceae	Lentibacillus kapialis	6811.0	1451	38	36	1398	0.9879858657243816	0.9751895244658856	0.9634734665747761	0.9155909705865064	0.9291951
AY321433	1466	7330	Bacillaceae	Lentibacillus halodurans	KJ002449	1472	7360	Bacillaceae	Lentibacillus amyloliquefaciens	6810.0	1466	38	39	1404	0.9838822704975473	0.974061433447099	0.9577080491132333	0.9086764535136862	0.9290587
AY321433	1466	7330	Bacillaceae	Lentibacillus halodurans	FN376846	1480	7400	Bacillaceae	Lentibacillus persicus	6810.0	1451	26	25	1399	0.9810659186535764	0.9827705031013094	0.9641626464507237	0.9308706390241922	0.9290587
AY321433	1466	7330	Bacillaceae	Lentibacillus halodurans	AB127980	1524	7620	Bacillaceae	Lentibacillus juripiscarius	6868.0	1466	37	34	1412	0.9860335195530726	0.9768076398362893	0.9631650750341064	0.9176662591143316	0.93697137
AY321433	1466	7330	Bacillaceae	Lentibacillus halodurans	AB191345	1410	7050	Bacillaceae	Lentibacillus halophilus	6426.0	1385	36	33	1327	0.981508875739645	0.976173285198556	0.9581227436823104	0.9115988384648019	0.91148937
AY321433	1466	7330	Bacillaceae	Lentibacillus halodurans	EF601571	1521	7605	Bacillaceae	Lentibacillus salinarum	6981.0	1466	25	23	1425	0.9875259875259875	0.9843110504774898	0.9720327421555253	0.9407399375790898	0.95238745
AY321433	1466	7330	Bacillaceae	Lentibacillus halodurans	KT981892	1469	7345	Bacillaceae	Lentibacillus populi	6742.0	1464	32	31	1398	0.9755757152826239	0.9788251366120219	0.9549180327868853	0.9147042386254055	0.91978174
AY321433	1466	7330	Bacillaceae	Lentibacillus halodurans	AY762976	1518	7590	Bacillaceae	Lentibacillus salis	6796.0	1466	39	39	1403	0.9831814996496145	0.9733969986357435	0.9570259208731241	0.9074259063694007	0.9271487
AY321433	1466	7330	Bacillaceae	Lentibacillus halodurans	AY057394	1520	7594	Bacillaceae	Lentibacillus salicampi	6898.0	1466	25	23	1416	0.9812889812889813	0.9843110504774898	0.965893587994543	0.9347984221838535	0.9410641
AY321433	1466	7330	Bacillaceae	Lentibacillus halodurans	KC477431	1415	7075	Bacillaceae	Lentibacillus garicola	6462.0	1412	37	34	1343	0.974600870827286	0.9759206798866855	0.9511331444759207	0.9045282768031875	0.9133569
AY321433	1466	7330	Bacillaceae	Lentibacillus halodurans	AY667493	1404	7020	Bacillaceae	Lentibacillus salarius	6787.0	1405	13	14	1377	0.9899352983465133	0.9907407407407407	0.9800711743772242	0.9614097345266001	0.9668091
FJ182050	1414	7070	Bacillaceae	Lentibacillus jeotgali	AY667497	1365	6825	Bacillaceae	Lentibacillus lacisalsi	6335.0	1365	27	27	1308	0.9775784753363229	0.9802197802197802	0.9582417582417583	0.9210685865858279	0.92820513
FJ182050	1414	7070	Bacillaceae	Lentibacillus jeotgali	AB231905	1516	7580	Bacillaceae	Lentibacillus kapialis	6807.0	1412	13	13	1383	0.9885632594710507	0.9907932011331445	0.9794617563739377	0.9615908752050097	0.96280056
FJ182050	1414	7070	Bacillaceae	Lentibacillus jeotgali	KJ002449	1472	7360	Bacillaceae	Lentibacillus amyloliquefaciens	6757.0	1414	18	18	1378	0.9871060171919771	0.9872701555869873	0.9745403111739745	0.9500406944126177	0.9557284
FJ182050	1414	7070	Bacillaceae	Lentibacillus jeotgali	FN376846	1480	7400	Bacillaceae	Lentibacillus persicus	6731.0	1414	26	25	1374	0.9892008639308856	0.9823196605374823	0.9717114568599717	0.9372966760961812	0.9520509
FJ182050	1414	7070	Bacillaceae	Lentibacillus jeotgali	AB127980	1524	7620	Bacillaceae	Lentibacillus juripiscarius	6656.0	1414	22	20	1367	0.9806312769010043	0.9858557284299858	0.9667609618104668	0.9384852233731134	0.9414427
FJ182050	1414	7070	Bacillaceae	Lentibacillus jeotgali	AB191345	1410	7050	Bacillaceae	Lentibacillus halophilus	6164.0	1345	36	34	1280	0.9763539282990084	0.9747211895910781	0.9516728624535316	0.9034345566086748	0.8743262
FJ182050	1414	7070	Bacillaceae	Lentibacillus jeotgali	EF601571	1521	7605	Bacillaceae	Lentibacillus salinarum	6688.0	1414	25	24	1370	0.9856115107913669	0.983026874115983	0.9688826025459689	0.9358907696587191	0.94596887
FJ182050	1414	7070	Bacillaceae	Lentibacillus jeotgali	KT981892	1469	7345	Bacillaceae	Lentibacillus populi	6530.0	1414	30	33	1350	0.9775524981897176	0.9787384833451452	0.9547383309759547	0.9130842348184165	0.92362094
FJ182050	1414	7070	Bacillaceae	Lentibacillus jeotgali	AY762976	1518	7590	Bacillaceae	Lentibacillus salis	6635.0	1414	16	18	1364	0.9770773638968482	0.9886685552407932	0.9646393210749646	0.9417038407137417	0.9384724
FJ182050	1414	7070	Bacillaceae	Lentibacillus jeotgali	AY057394	1520	7594	Bacillaceae	Lentibacillus salicampi	6693.0	1414	24	23	1370	0.9849029475197699	0.9837340876944838	0.9688826025459689	0.9372153686658156	0.9466761
FJ182050	1414	7070	Bacillaceae	Lentibacillus jeotgali	KC477431	1415	7075	Bacillaceae	Lentibacillus garicola	6420.0	1402	34	34	1333	0.9744152046783626	0.9757489300998573	0.9507845934379457	0.9057613675648396	0.9080622
FJ182050	1414	7070	Bacillaceae	Lentibacillus jeotgali	AY667493	1404	7020	Bacillaceae	Lentibacillus salarius	6579.0	1407	32	35	1352	0.9854227405247813	0.9772079772079773	0.9609097370291401	0.9161696728311189	0.9371795
AY667497	1365	6825	Bacillaceae	Lentibacillus lacisalsi	AB231905	1516	7580	Bacillaceae	Lentibacillus kapialis	6327.0	1365	21	21	1308	0.9732142857142857	0.9846153846153847	0.9582417582417583	0.9292041292041292	0.92703295
AY667497	1365	6825	Bacillaceae	Lentibacillus lacisalsi	KJ002449	1472	7360	Bacillaceae	Lentibacillus amyloliquefaciens	6322.0	1365	27	26	1307	0.9761015683345781	0.9809523809523809	0.9575091575091575	0.921052271483306	0.92630035
AY667497	1365	6825	Bacillaceae	Lentibacillus lacisalsi	FN376846	1480	7400	Bacillaceae	Lentibacillus persicus	6294.0	1365	21	21	1304	0.9702380952380952	0.9846153846153847	0.9553113553113554	0.9263625263625264	0.9221978
AY667497	1365	6825	Bacillaceae	Lentibacillus lacisalsi	AB127980	1524	7620	Bacillaceae	Lentibacillus juripiscarius	6420.0	1365	28	27	1318	0.9850523168908819	0.9802197802197802	0.9655677655677656	0.9274441280184281	0.94065934
AY667497	1365	6825	Bacillaceae	Lentibacillus lacisalsi	AB191345	1410	7050	Bacillaceae	Lentibacillus halophilus	6118.0	1332	31	28	1270	0.9739263803680982	0.978978978978979	0.9534534534534534	0.9121814404279553	0.8964102
AY667497	1365	6825	Bacillaceae	Lentibacillus lacisalsi	EF601571	1521	7605	Bacillaceae	Lentibacillus salinarum	6372.0	1365	22	22	1313	0.9776619508562919	0.9838827838827838	0.9619047619047619	0.9313901191334502	0.93362635
AY667497	1365	6825	Bacillaceae	Lentibacillus lacisalsi	KT981892	1469	7345	Bacillaceae	Lentibacillus populi	6347.0	1365	32	25	1311	0.9783582089552239	0.9816849816849816	0.9604395604395605	0.9212519763700866	0.92996335
AY667497	1365	6825	Bacillaceae	Lentibacillus lacisalsi	AY762976	1518	7590	Bacillaceae	Lentibacillus salis	6456.0	1365	16	18	1322	0.9814402375649591	0.9882611885546588	0.9684981684981685	0.9446538978762005	0.94593406
AY667497	1365	6825	Bacillaceae	Lentibacillus lacisalsi	AY057394	1520	7594	Bacillaceae	Lentibacillus salicampi	6329.0	1365	23	23	1308	0.9746646795827124	0.9831501831501831	0.9582417582417583	0.9264844665421035	0.927326
AY667497	1365	6825	Bacillaceae	Lentibacillus lacisalsi	KC477431	1415	7075	Bacillaceae	Lentibacillus garicola	6307.0	1365	28	28	1305	0.9760658189977561	0.9794871794871794	0.9560439560439561	0.917610028162792	0.92410254
AY667497	1365	6825	Bacillaceae	Lentibacillus lacisalsi	AY667493	1404	7020	Bacillaceae	Lentibacillus salarius	6377.0	1363	18	19	1313	0.9769345238095238	0.986784140969163	0.9633162142333089	0.9375068732292304	0.93435895
AB231905	1516	7580	Bacillaceae	Lentibacillus kapialis	KJ002449	1472	7360	Bacillaceae	Lentibacillus amyloliquefaciens	6866.0	1460	31	33	1409	0.9873861247372109	0.9787379972565158	0.9650684931506849	0.9236436886157124	0.93288046
AB231905	1516	7580	Bacillaceae	Lentibacillus kapialis	FN376846	1480	7400	Bacillaceae	Lentibacillus persicus	6771.0	1438	30	31	1388	0.9864960909737029	0.9791231732776617	0.9652294853963839	0.9251211757171063	0.915
AB231905	1516	7580	Bacillaceae	Lentibacillus kapialis	AB127980	1524	7620	Bacillaceae	Lentibacillus juripiscarius	7043.0	1499	30	29	1446	0.9836734693877551	0.980653769179453	0.9646430953969313	0.9274201113364873	0.92915565
AB231905	1516	7580	Bacillaceae	Lentibacillus kapialis	AB191345	1410	7050	Bacillaceae	Lentibacillus halophilus	6532.0	1407	37	34	1349	0.9825200291332847	0.9758351101634684	0.9587775408670931	0.9116354318632403	0.9265248
AB231905	1516	7580	Bacillaceae	Lentibacillus kapialis	EF601571	1521	7605	Bacillaceae	Lentibacillus salinarum	7048.0	1499	27	27	1447	0.983016304347826	0.9819879919946631	0.9653102068045364	0.9311511300237729	0.9298153
AB231905	1516	7580	Bacillaceae	Lentibacillus kapialis	KT981892	1469	7345	Bacillaceae	Lentibacillus populi	6672.0	1461	34	42	1385	0.9760394644115574	0.9766001376462491	0.94798083504449	0.8997891671760077	0.90837306
AB231905	1516	7580	Bacillaceae	Lentibacillus kapialis	AY762976	1518	7590	Bacillaceae	Lentibacillus salis	6937.0	1488	24	27	1429	0.9780971937029432	0.9838383838383838	0.9603494623655914	0.9279567225635774	0.9151715
AB231905	1516	7580	Bacillaceae	Lentibacillus kapialis	AY057394	1520	7594	Bacillaceae	Lentibacillus salicampi	7029.0	1498	28	28	1444	0.9823129251700681	0.9813084112149533	0.9639519359145527	0.9285775529452114	0.9273087
AB231905	1516	7580	Bacillaceae	Lentibacillus kapialis	KC477431	1415	7075	Bacillaceae	Lentibacillus garicola	6474.0	1416	35	36	1345	0.9746376811594203	0.9752650176678446	0.9498587570621468	0.9033804856965972	0.915053
AB231905	1516	7580	Bacillaceae	Lentibacillus kapialis	AY667493	1404	7020	Bacillaceae	Lentibacillus salarius	6564.0	1407	30	33	1351	0.9832605531295487	0.9786324786324786	0.9601990049751243	0.9181025976588871	0.93504274
KJ002449	1472	7360	Bacillaceae	Lentibacillus amyloliquefaciens	FN376846	1480	7400	Bacillaceae	Lentibacillus persicus	6957.0	1452	26	21	1417	0.9902166317260657	0.9855371900826446	0.9758953168044077	0.9448621098424271	0.94524455
KJ002449	1472	7360	Bacillaceae	Lentibacillus amyloliquefaciens	AB127980	1524	7620	Bacillaceae	Lentibacillus juripiscarius	6830.0	1472	43	33	1412	0.9812369701181376	0.9775815217391305	0.9592391304347826	0.9111188836274933	0.9279891
KJ002449	1472	7360	Bacillaceae	Lentibacillus amyloliquefaciens	AB191345	1410	7050	Bacillaceae	Lentibacillus halophilus	6364.0	1392	38	34	1323	0.9742268041237113	0.9755747126436781	0.9504310344827587	0.9025771642150953	0.90269506
KJ002449	1472	7360	Bacillaceae	Lentibacillus amyloliquefaciens	EF601571	1521	7605	Bacillaceae	Lentibacillus salinarum	6924.0	1472	37	28	1423	0.9854570637119113	0.9809782608695652	0.9667119565217391	0.9250709511049644	0.94076085
KJ002449	1472	7360	Bacillaceae	Lentibacillus amyloliquefaciens	KT981892	1469	7345	Bacillaceae	Lentibacillus populi	6749.0	1471	38	45	1398	0.9803646563814866	0.9740437158469946	0.9503738953093134	0.89810018204843	0.9188564
KJ002449	1472	7360	Bacillaceae	Lentibacillus amyloliquefaciens	AY762976	1518	7590	Bacillaceae	Lentibacillus salis	6772.0	1472	41	34	1405	0.9770514603616134	0.9769021739130435	0.954483695652174	0.9071695666542143	0.9201087
KJ002449	1472	7360	Bacillaceae	Lentibacillus amyloliquefaciens	AY057394	1520	7594	Bacillaceae	Lentibacillus salicampi	6972.0	1472	24	15	1429	0.9807824296499656	0.9898097826086957	0.9707880434782609	0.9454800664089746	0.9472826
KJ002449	1472	7360	Bacillaceae	Lentibacillus amyloliquefaciens	KC477431	1415	7075	Bacillaceae	Lentibacillus garicola	6467.0	1414	42	42	1343	0.9788629737609329	0.9702970297029703	0.9497878359264498	0.89499238385377	0.91406363
KJ002449	1472	7360	Bacillaceae	Lentibacillus amyloliquefaciens	AY667493	1404	7020	Bacillaceae	Lentibacillus salarius	6539.0	1409	30	35	1348	0.9810771470160117	0.9786324786324786	0.9567068843151171	0.913492188359257	0.9314815
FN376846	1480	7400	Bacillaceae	Lentibacillus persicus	AB127980	1524	7620	Bacillaceae	Lentibacillus juripiscarius	6873.0	1461	26	24	1411	0.9819067501739736	0.9835728952772074	0.9657768651608487	0.9333028616248418	0.9287838
FN376846	1480	7400	Bacillaceae	Lentibacillus persicus	AB191345	1410	7050	Bacillaceae	Lentibacillus halophilus	6304.0	1369	28	24	1307	0.9717472118959107	0.9824689554419284	0.9547114682249818	0.9191746061292775	0.8941844
FN376846	1480	7400	Bacillaceae	Lentibacillus persicus	EF601571	1521	7605	Bacillaceae	Lentibacillus salinarum	6936.0	1459	21	20	1417	0.9847116052814454	0.9862919808087731	0.9712131596984236	0.9443079302743456	0.9372973
FN376846	1480	7400	Bacillaceae	Lentibacillus persicus	KT981892	1469	7345	Bacillaceae	Lentibacillus populi	6684.0	1460	36	48	1385	0.9808781869688386	0.9751381215469613	0.9486301369863014	0.8953648084389423	0.9100068
FN376846	1480	7400	Bacillaceae	Lentibacillus persicus	AY762976	1518	7590	Bacillaceae	Lentibacillus salis	6804.0	1469	26	32	1405	0.977731384829506	0.9822282980177717	0.95643294758339	0.9193271877440343	0.91945946
FN376846	1480	7400	Bacillaceae	Lentibacillus persicus	AY057394	1520	7594	Bacillaceae	Lentibacillus salicampi	6904.0	1459	25	24	1413	0.9846689895470383	0.9835503769705277	0.9684715558601782	0.9364937214685685	0.93297297
FN376846	1480	7400	Bacillaceae	Lentibacillus persicus	KC477431	1415	7075	Bacillaceae	Lentibacillus garicola	6463.0	1423	42	50	1344	0.9788783685360525	0.9703180212014134	0.9444834855938159	0.8851712120957742	0.9134982
FN376846	1480	7400	Bacillaceae	Lentibacillus persicus	AY667493	1404	7020	Bacillaceae	Lentibacillus salarius	6541.0	1407	30	33	1348	0.9810771470160117	0.9786324786324786	0.9580668088130775	0.9160638798254477	0.9317664
AB127980	1524	7620	Bacillaceae	Lentibacillus juripiscarius	AB191345	1410	7050	Bacillaceae	Lentibacillus halophilus	6703.0	1408	13	11	1370	0.98067287043665	0.9921875	0.9730113636363636	0.9565776741731176	0.95078015
AB127980	1524	7620	Bacillaceae	Lentibacillus juripiscarius	EF601571	1521	7605	Bacillaceae	Lentibacillus salinarum	7188.0	1522	27	28	1473	0.9859437751004017	0.9822485207100592	0.9678055190538765	0.9334418627930867	0.94516766
AB127980	1524	7620	Bacillaceae	Lentibacillus juripiscarius	KT981892	1469	7345	Bacillaceae	Lentibacillus populi	6811.0	1486	33	51	1410	0.9825783972125436	0.9775204359673024	0.9488559892328399	0.8963846902890883	0.9272975
AB127980	1524	7620	Bacillaceae	Lentibacillus juripiscarius	AY762976	1518	7590	Bacillaceae	Lentibacillus salis	7120.0	1513	27	32	1460	0.9858203916272789	0.9820954907161804	0.9649702577660277	0.9280006180204462	0.93807644
AB127980	1524	7620	Bacillaceae	Lentibacillus juripiscarius	AY057394	1520	7594	Bacillaceae	Lentibacillus salicampi	7104.0	1521	34	35	1462	0.9838492597577388	0.9776315789473684	0.9612097304404996	0.918557980343783	0.93547535
AB127980	1524	7620	Bacillaceae	Lentibacillus juripiscarius	KC477431	1415	7075	Bacillaceae	Lentibacillus garicola	6596.0	1425	24	34	1361	0.9784327821711	0.9830388692579505	0.9550877192982457	0.9168578450958315	0.9322968
AB127980	1524	7620	Bacillaceae	Lentibacillus juripiscarius	AY667493	1404	7020	Bacillaceae	Lentibacillus salarius	6513.0	1408	36	40	1345	0.9831871345029239	0.9743589743589743	0.9552556818181818	0.9049790669856459	0.92777777
AB191345	1410	7050	Bacillaceae	Lentibacillus halophilus	EF601571	1521	7605	Bacillaceae	Lentibacillus salinarum	6520.0	1410	35	38	1347	0.9817784256559767	0.9751243781094527	0.9553191489361702	0.9070573511006405	0.9248227
AB191345	1410	7050	Bacillaceae	Lentibacillus halophilus	KT981892	1469	7345	Bacillaceae	Lentibacillus populi	6321.0	1397	37	46	1318	0.9755736491487786	0.973342939481268	0.9434502505368647	0.8888432974025832	0.8965957
AB191345	1410	7050	Bacillaceae	Lentibacillus halophilus	AY762976	1518	7590	Bacillaceae	Lentibacillus salis	6443.0	1410	36	40	1338	0.9766423357664233	0.9743954480796586	0.948936170212766	0.8990612401047644	0.91390073
AB191345	1410	7050	Bacillaceae	Lentibacillus halophilus	AY057394	1520	7594	Bacillaceae	Lentibacillus salicampi	6459.0	1410	37	40	1340	0.9781021897810219	0.9737029140014215	0.950354609929078	0.899782871874801	0.91617024
AB191345	1410	7050	Bacillaceae	Lentibacillus halophilus	KC477431	1415	7075	Bacillaceae	Lentibacillus garicola	6163.0	1359	38	39	1285	0.9734848484848485	0.9720176730486009	0.9455481972038263	0.8934313674366863	0.87418437
AB191345	1410	7050	Bacillaceae	Lentibacillus halophilus	AY667493	1404	7020	Bacillaceae	Lentibacillus salarius	6205.0	1346	32	35	1284	0.9794050343249427	0.9761727475800447	0.9539375928677564	0.9075560117921834	0.88390315
EF601571	1521	7605	Bacillaceae	Lentibacillus salinarum	KT981892	1469	7345	Bacillaceae	Lentibacillus populi	6740.0	1484	35	52	1401	0.9783519553072626	0.9761417859577369	0.9440700808625337	0.8899989175741595	0.91763103
EF601571	1521	7605	Bacillaceae	Lentibacillus salinarum	AY762976	1518	7590	Bacillaceae	Lentibacillus salis	7059.0	1510	15	18	1454	0.9745308310991957	0.9900464499004645	0.9629139072847682	0.9420770817500814	0.9300395
EF601571	1521	7605	Bacillaceae	Lentibacillus salinarum	AY057394	1520	7594	Bacillaceae	Lentibacillus salicampi	7218.0	1520	20	20	1476	0.984	0.9868421052631579	0.9710526315789474	0.9458304853041695	0.95048726
EF601571	1521	7605	Bacillaceae	Lentibacillus salinarum	KC477431	1415	7075	Bacillaceae	Lentibacillus garicola	6532.0	1424	33	42	1353	0.9790159189580319	0.976678445229682	0.9501404494382022	0.901231366591349	0.92325085
EF601571	1521	7605	Bacillaceae	Lentibacillus salinarum	AY667493	1404	7020	Bacillaceae	Lentibacillus salarius	6685.0	1407	21	24	1365	0.9869848156182213	0.9850427350427351	0.9701492537313433	0.9395773234667001	0.9522792
KT981892	1469	7345	Bacillaceae	Lentibacillus populi	AY762976	1518	7590	Bacillaceae	Lentibacillus salis	6761.0	1468	54	36	1404	0.9804469273743017	0.9754768392370572	0.9564032697547684	0.8998485428967334	0.92049015
KT981892	1469	7345	Bacillaceae	Lentibacillus populi	AY057394	1520	7594	Bacillaceae	Lentibacillus salicampi	6747.0	1467	51	34	1402	0.9783670621074668	0.9768234492160872	0.9556918882072256	0.9021781790520121	0.91858405
KT981892	1469	7345	Bacillaceae	Lentibacillus populi	KC477431	1415	7075	Bacillaceae	Lentibacillus garicola	6630.0	1411	19	15	1363	0.9763610315186246	0.9893692416725727	0.9659815733522324	0.943014179300501	0.9371025
KT981892	1469	7345	Bacillaceae	Lentibacillus populi	AY667493	1404	7020	Bacillaceae	Lentibacillus salarius	6449.0	1404	24	24	1339	0.9702898550724638	0.9829059829059829	0.9537037037037037	0.9216464363523187	0.918661
AY762976	1518	7590	Bacillaceae	Lentibacillus salis	AY057394	1520	7594	Bacillaceae	Lentibacillus salicampi	6981.0	1507	37	34	1443	0.9796334012219959	0.9774386197743862	0.9575315195753152	0.9134999535844814	0.91976285
AY762976	1518	7590	Bacillaceae	Lentibacillus salis	KC477431	1415	7075	Bacillaceae	Lentibacillus garicola	6525.0	1410	34	30	1350	0.9782608695652174	0.9787234042553191	0.9574468085106383	0.9150114928979785	0.9222615
AY762976	1518	7590	Bacillaceae	Lentibacillus salis	AY667493	1404	7020	Bacillaceae	Lentibacillus salarius	6546.0	1404	29	29	1349	0.9810909090909091	0.9793447293447294	0.9608262108262108	0.9219372225303836	0.9324786
AY057394	1520	7594	Bacillaceae	Lentibacillus salicampi	KC477431	1415	7075	Bacillaceae	Lentibacillus garicola	6505.0	1416	39	40	1348	0.9796511627906976	0.9724381625441696	0.9519774011299436	0.9002892810685926	0.9194346
AY057394	1520	7594	Bacillaceae	Lentibacillus salicampi	AY667493	1404	7020	Bacillaceae	Lentibacillus salarius	6637.0	1407	17	20	1360	0.9805335255948089	0.9878917378917379	0.9665955934612651	0.9414803989682408	0.9454416
KC477431	1415	7075	Bacillaceae	Lentibacillus garicola	AY667493	1404	7020	Bacillaceae	Lentibacillus salarius	6409.0	1401	31	34	1331	0.9736649597659107	0.9778254649499285	0.9500356887937188	0.9069125604616016	0.912963
