AB279549	1331	6655	Leptospiraceae	Leptospira kmetyi	AY631888	1422	7110	Leptospiraceae	Leptospira terpstrae	5606.0	1323	88	97	1199	0.9779771615008157	0.9330289193302892	0.9062736205593348	0.7874496518821719	0.84237415
AB279549	1331	6655	Leptospiraceae	Leptospira kmetyi	AY887899	1431	7155	Leptospiraceae	Leptospira borgpetersenii	6510.0	1323	4	4	1311	0.9939347990902199	0.9969765684051398	0.9909297052154195	0.9849557507001796	0.9782119
AB279549	1331	6655	Leptospiraceae	Leptospira kmetyi	AY631882	1360	6758	Leptospiraceae	Leptospira yanagawae	5610.0	1323	84	93	1196	0.9723577235772358	0.9360730593607306	0.9040060468631897	0.7902824716714452	0.8429752
AB279549	1331	6655	Leptospiraceae	Leptospira kmetyi	AY631885	1431	7155	Leptospiraceae	Leptospira fainei	6158.0	1323	26	26	1270	0.9791827293754819	0.9803476946334089	0.9599395313681028	0.9229366732278943	0.9253193
AB279549	1331	6655	Leptospiraceae	Leptospira kmetyi	AY631877	1431	7155	Leptospiraceae	Leptospira weilii	6484.0	1323	4	4	1308	0.9916603487490523	0.9969765684051398	0.9886621315192744	0.9827018473804996	0.97430503
AB279549	1331	6655	Leptospiraceae	Leptospira kmetyi	AY631878	1422	7068	Leptospiraceae	Leptospira meyeri	5605.0	1323	86	95	1196	0.9739413680781759	0.9345509893455098	0.9040060468631897	0.7878775199063144	0.8422239
AB279549	1331	6655	Leptospiraceae	Leptospira kmetyi	AY631881	1431	7155	Leptospiraceae	Leptospira alstonii	6552.0	1323	0	0	1316	0.9947089947089947	1.0	0.9947089947089947	0.9947089947089947	0.98452294
AB279549	1331	6655	Leptospiraceae	Leptospira kmetyi	AY796065	1431	7155	Leptospiraceae	Leptospira broomii	6152.0	1323	28	28	1269	0.9799227799227799	0.9788359788359788	0.9591836734693877	0.9194247647245426	0.92441773
AB279549	1331	6655	Leptospiraceae	Leptospira kmetyi	AY631897	1422	7110	Leptospiraceae	Leptospira vanthielii	5623.0	1323	88	97	1201	0.9796084828711256	0.9330289193302892	0.907785336356765	0.7887631625608745	0.8449286
AB279549	1331	6655	Leptospiraceae	Leptospira kmetyi	AB721966	1443	7215	Leptospiraceae	Leptospira idonii	5653.0	1331	84	93	1209	0.9765751211631664	0.9364599092284418	0.9083395942900075	0.7947169029901268	0.8494365
AB279549	1331	6655	Leptospiraceae	Leptospira kmetyi	AY631895	1464	7320	Leptospiraceae	Leptospira kirschneri	6507.0	1323	0	0	1311	0.9909297052154195	1.0	0.9909297052154195	0.9909297052154195	0.9777611
AB279549	1331	6655	Leptospiraceae	Leptospira kmetyi	AY631886	1431	7143	Leptospiraceae	Leptospira noguchii	6517.0	1323	0	0	1311	0.9909297052154195	1.0	0.9909297052154195	0.9909297052154195	0.9792637
AB279549	1331	6655	Leptospiraceae	Leptospira kmetyi	AY631879	1422	7104	Leptospiraceae	Leptospira wolbachii	5616.0	1323	88	97	1200	0.9787928221859706	0.9330289193302892	0.9070294784580499	0.7881064072215231	0.8438768
AB279549	1331	6655	Leptospiraceae	Leptospira kmetyi	Z21634	1374	6852	Leptospiraceae	Leptospira inadai	6231.0	1321	20	22	1276	0.9822940723633564	0.9848369977255497	0.9659348978046934	0.9356819032425777	0.9362885
AB279549	1331	6655	Leptospiraceae	Leptospira kmetyi	AY631883	1431	7149	Leptospiraceae	Leptospira santarosai	6462.0	1323	6	6	1305	0.9908883826879271	0.9954648526077098	0.9863945578231292	0.9774880606870288	0.97099924
AB279549	1331	6655	Leptospiraceae	Leptospira kmetyi	EF025496	1318	6590	Leptospiraceae	Leptospira wolffii	6136.0	1318	27	27	1265	0.9798605731990705	0.9795144157814871	0.9597875569044007	0.9212533352889081	0.93110776
AB279549	1331	6655	Leptospiraceae	Leptospira kmetyi	AY631880	1432	7154	Leptospiraceae	Leptospira alexanderi	6479.0	1323	6	5	1307	0.9916540212443096	0.9962207105064248	0.9879062736205594	0.979729472258764	0.9735537
AB279549	1331	6655	Leptospiraceae	Leptospira kmetyi	Z12817	1396	6980	Leptospiraceae	Leptospira interrogans	6362.0	1297	3	0	1284	0.9899768696993061	1.0	0.9899768696993061	0.9876923076923076	0.95597297
AB279549	1331	6655	Leptospiraceae	Leptospira kmetyi	EF612284	1348	6740	Leptospiraceae	Leptospira licerasiae	6060.0	1293	24	24	1246	0.9818754925137904	0.9814385150812065	0.9636504253673627	0.9285287697731079	0.9105935
AB279549	1331	6655	Leptospiraceae	Leptospira kmetyi	AY631876	1422	7104	Leptospiraceae	Leptospira biflexa	5618.0	1323	87	96	1200	0.9779951100244498	0.9337899543378996	0.9070294784580499	0.78930863125392	0.8441773
AB279549	1331	6655	Leptospiraceae	Leptospira kmetyi	KJ847187	1313	6565	Leptospiraceae	Leptospira mayottensis	6478.0	1313	4	4	1303	0.9954163483575248	0.996953541507997	0.9923838537699924	0.986355705835171	0.9867479
AY631888	1422	7110	Leptospiraceae	Leptospira terpstrae	AY887899	1431	7155	Leptospiraceae	Leptospira borgpetersenii	6089.0	1422	99	90	1301	0.9767267267267268	0.9367088607594937	0.9149085794655415	0.8012217145615392	0.8563994
AY631888	1422	7110	Leptospiraceae	Leptospira terpstrae	AY631882	1360	6758	Leptospiraceae	Leptospira yanagawae	6754.0	1360	0	0	1351	0.9933823529411765	1.0	0.9933823529411765	0.9933823529411765	0.9994081
AY631888	1422	7110	Leptospiraceae	Leptospira terpstrae	AY631885	1431	7155	Leptospiraceae	Leptospira fainei	5965.0	1422	104	95	1286	0.9691032403918614	0.9331926863572433	0.9043600562587905	0.7864258156326441	0.8389592
AY631888	1422	7110	Leptospiraceae	Leptospira terpstrae	AY631877	1431	7155	Leptospiraceae	Leptospira weilii	6069.0	1422	96	87	1299	0.9730337078651685	0.9388185654008439	0.9135021097046413	0.8033763613015126	0.8535865
AY631888	1422	7110	Leptospiraceae	Leptospira terpstrae	AY631878	1422	7068	Leptospiraceae	Leptospira meyeri	7064.0	1422	0	0	1413	0.9936708860759493	1.0	0.9936708860759493	0.9936708860759493	0.99943405
AY631888	1422	7110	Leptospiraceae	Leptospira terpstrae	AY631881	1431	7155	Leptospiraceae	Leptospira alstonii	6070.0	1422	101	92	1298	0.9759398496240601	0.9353023909985936	0.9127988748241913	0.7971257409823864	0.85372716
AY631888	1422	7110	Leptospiraceae	Leptospira terpstrae	AY796065	1431	7155	Leptospiraceae	Leptospira broomii	5972.0	1422	102	93	1287	0.9683972911963883	0.9345991561181435	0.9050632911392406	0.7892579487690622	0.83994377
AY631888	1422	7110	Leptospiraceae	Leptospira terpstrae	AY631897	1422	7110	Leptospiraceae	Leptospira vanthielii	7065.0	1422	0	0	1417	0.9964838255977496	1.0	0.9964838255977496	0.9964838255977496	0.9936709
AY631888	1422	7110	Leptospiraceae	Leptospira terpstrae	AB721966	1443	7215	Leptospiraceae	Leptospira idonii	6857.0	1422	17	17	1392	0.9907473309608541	0.9880450070323488	0.9789029535864979	0.9557739053433145	0.9644163
AY631888	1422	7110	Leptospiraceae	Leptospira terpstrae	AY631895	1464	7320	Leptospiraceae	Leptospira kirschneri	6108.0	1422	97	88	1303	0.9767616191904048	0.9381153305203939	0.9163150492264416	0.8047164421777967	0.85907173
AY631888	1422	7110	Leptospiraceae	Leptospira terpstrae	AY631886	1431	7143	Leptospiraceae	Leptospira noguchii	6083.0	1422	95	86	1300	0.9730538922155688	0.939521800281294	0.9142053445850914	0.8051274491533831	0.85555553
AY631888	1422	7110	Leptospiraceae	Leptospira terpstrae	AY631879	1422	7104	Leptospiraceae	Leptospira wolbachii	7070.0	1422	2	2	1417	0.997887323943662	0.9985935302390999	0.9964838255977496	0.993684713728093	0.995214
AY631888	1422	7110	Leptospiraceae	Leptospira terpstrae	Z21634	1374	6852	Leptospiraceae	Leptospira inadai	5799.0	1367	95	88	1243	0.9718530101641908	0.9356254572055597	0.9092904169714704	0.7954736274326338	0.84632224
AY631888	1422	7110	Leptospiraceae	Leptospira terpstrae	AY631883	1431	7149	Leptospiraceae	Leptospira santarosai	6074.0	1422	97	88	1300	0.974512743628186	0.9381153305203939	0.9142053445850914	0.8028636798397051	0.8542897
AY631888	1422	7110	Leptospiraceae	Leptospira terpstrae	EF025496	1318	6590	Leptospiraceae	Leptospira wolffii	5476.0	1309	99	90	1182	0.9696472518457753	0.9312452253628725	0.9029793735676088	0.781769784360025	0.830956
AY631888	1422	7110	Leptospiraceae	Leptospira terpstrae	AY631880	1432	7154	Leptospiraceae	Leptospira alexanderi	6076.0	1422	106	96	1299	0.9796380090497737	0.9324894514767933	0.9135021097046413	0.7927380873483995	0.85457104
AY631888	1422	7110	Leptospiraceae	Leptospira terpstrae	Z12817	1396	6980	Leptospiraceae	Leptospira interrogans	5921.0	1384	100	88	1266	0.9768518518518519	0.9364161849710982	0.9147398843930635	0.7988563949955596	0.8482808
AY631888	1422	7110	Leptospiraceae	Leptospira terpstrae	EF612284	1348	6740	Leptospiraceae	Leptospira licerasiae	5657.0	1339	97	88	1216	0.9720223820943246	0.9342793129200896	0.9081404032860344	0.7911445992415245	0.8393175
AY631888	1422	7110	Leptospiraceae	Leptospira terpstrae	AY631876	1422	7104	Leptospiraceae	Leptospira biflexa	7088.0	1422	0	0	1419	0.9978902953586498	1.0	0.9978902953586498	0.9978902953586498	0.9977477
AY631888	1422	7110	Leptospiraceae	Leptospira terpstrae	KJ847187	1313	6565	Leptospiraceae	Leptospira mayottensis	5554.0	1304	97	88	1189	0.977796052631579	0.9325153374233128	0.9118098159509203	0.7914066639516909	0.8460015
AY887899	1431	7155	Leptospiraceae	Leptospira borgpetersenii	AY631882	1360	6758	Leptospiraceae	Leptospira yanagawae	5851.0	1369	81	90	1244	0.9726348709929633	0.9404411764705882	0.9086924762600438	0.8015294325079972	0.8657887
AY887899	1431	7155	Leptospiraceae	Leptospira borgpetersenii	AY631885	1431	7155	Leptospiraceae	Leptospira fainei	6628.0	1431	35	35	1369	0.9806590257879656	0.9755415793151643	0.9566736547868623	0.9109934666319643	0.9263452
AY887899	1431	7155	Leptospiraceae	Leptospira borgpetersenii	AY631877	1431	7155	Leptospiraceae	Leptospira weilii	7101.0	1431	0	0	1425	0.9958071278825996	1.0	0.9958071278825996	0.9958071278825996	0.99245286
AY887899	1431	7155	Leptospiraceae	Leptospira borgpetersenii	AY631878	1422	7068	Leptospiraceae	Leptospira meyeri	6079.0	1431	88	97	1297	0.972263868065967	0.9381153305203939	0.9063591893780573	0.7959731129890246	0.86007357
AY887899	1431	7155	Leptospiraceae	Leptospira borgpetersenii	AY631881	1431	7155	Leptospiraceae	Leptospira alstonii	7021.0	1431	2	2	1416	0.9909027291812457	0.9986023759608665	0.989517819706499	0.9867557322823356	0.98127186
AY887899	1431	7155	Leptospiraceae	Leptospira borgpetersenii	AY796065	1431	7155	Leptospiraceae	Leptospira broomii	6635.0	1431	33	33	1370	0.9799713876967096	0.9769392033542977	0.9573724668064291	0.9142122326471228	0.9273235
AY887899	1431	7155	Leptospiraceae	Leptospira borgpetersenii	AY631897	1422	7110	Leptospiraceae	Leptospira vanthielii	6099.0	1431	90	99	1302	0.9774774774774775	0.9367088607594937	0.909853249475891	0.7967945616711944	0.8578059
AY887899	1431	7155	Leptospiraceae	Leptospira borgpetersenii	AB721966	1443	7215	Leptospiraceae	Leptospira idonii	6096.0	1431	89	98	1302	0.9767441860465116	0.9374120956399438	0.909853249475891	0.7979173562837912	0.8519916
AY887899	1431	7155	Leptospiraceae	Leptospira borgpetersenii	AY631895	1464	7320	Leptospiraceae	Leptospira kirschneri	7074.0	1431	0	0	1422	0.9937106918238994	1.0	0.9937106918238994	0.9937106918238994	0.98867923
AY887899	1431	7155	Leptospiraceae	Leptospira borgpetersenii	AY631886	1431	7143	Leptospiraceae	Leptospira noguchii	7066.0	1431	0	0	1420	0.9923130677847659	1.0	0.9923130677847659	0.9923130677847659	0.9892202
AY887899	1431	7155	Leptospiraceae	Leptospira borgpetersenii	AY631879	1422	7104	Leptospiraceae	Leptospira wolbachii	6095.0	1431	90	99	1301	0.9767267267267268	0.9367088607594937	0.9091544374563243	0.7961825842812781	0.8579673
AY887899	1431	7155	Leptospiraceae	Leptospira borgpetersenii	Z21634	1374	6852	Leptospiraceae	Leptospira inadai	6501.0	1376	22	24	1330	0.9837278106508875	0.9839883551673945	0.9665697674418605	0.9347656120038594	0.9487741
AY887899	1431	7155	Leptospiraceae	Leptospira borgpetersenii	AY631883	1431	7149	Leptospiraceae	Leptospira santarosai	7055.0	1431	4	4	1419	0.9943938332165382	0.9972047519217331	0.9916142557651991	0.9860860926668565	0.98685133
AY887899	1431	7155	Leptospiraceae	Leptospira borgpetersenii	EF025496	1318	6590	Leptospiraceae	Leptospira wolffii	6123.0	1318	31	31	1263	0.9813519813519813	0.9764795144157815	0.9582701062215478	0.9142280405538414	0.929135
AY887899	1431	7155	Leptospiraceae	Leptospira borgpetersenii	AY631880	1432	7154	Leptospiraceae	Leptospira alexanderi	7089.0	1431	4	3	1423	0.9964985994397759	0.9979035639412998	0.9944095038434662	0.9895587257759371	0.99091417
AY887899	1431	7155	Leptospiraceae	Leptospira borgpetersenii	Z12817	1396	6980	Leptospiraceae	Leptospira interrogans	6869.0	1393	3	0	1383	0.9928212491026561	1.0	0.9928212491026561	0.9906876790830945	0.9840974
AY887899	1431	7155	Leptospiraceae	Leptospira borgpetersenii	EF612284	1348	6740	Leptospiraceae	Leptospira licerasiae	6297.0	1348	28	28	1296	0.9818181818181818	0.9792284866468842	0.9614243323442137	0.9222965978883445	0.934273
AY887899	1431	7155	Leptospiraceae	Leptospira borgpetersenii	AY631876	1422	7104	Leptospiraceae	Leptospira biflexa	6101.0	1431	89	98	1302	0.9767441860465116	0.9374120956399438	0.909853249475891	0.7979173562837912	0.8588119
AY887899	1431	7155	Leptospiraceae	Leptospira borgpetersenii	KJ847187	1313	6565	Leptospiraceae	Leptospira mayottensis	6502.0	1313	1	1	1306	0.9954268292682927	0.9992383853769993	0.9946686976389947	0.9931547422392398	0.99040365
AY631882	1360	6758	Leptospiraceae	Leptospira yanagawae	AY631885	1431	7155	Leptospiraceae	Leptospira fainei	5735.0	1360	96	87	1230	0.9662215239591516	0.9360294117647059	0.9044117647058824	0.7907391321913381	0.8486239
AY631882	1360	6758	Leptospiraceae	Leptospira yanagawae	AY631877	1431	7155	Leptospiraceae	Leptospira weilii	5840.0	1360	88	79	1243	0.970335675253708	0.9419117647058823	0.9139705882352941	0.8085609969125771	0.864161
AY631882	1360	6758	Leptospiraceae	Leptospira yanagawae	AY631878	1422	7068	Leptospiraceae	Leptospira meyeri	6752.0	1360	0	0	1354	0.9955882352941177	1.0	0.9955882352941177	0.9955882352941177	0.9991122
AY631882	1360	6758	Leptospiraceae	Leptospira yanagawae	AY631881	1431	7155	Leptospiraceae	Leptospira alstonii	5841.0	1360	93	84	1242	0.9733542319749217	0.9382352941176471	0.913235294117647	0.801987773774341	0.86430895
AY631882	1360	6758	Leptospiraceae	Leptospira yanagawae	AY796065	1431	7155	Leptospiraceae	Leptospira broomii	5742.0	1360	94	85	1231	0.9654901960784313	0.9375	0.9051470588235294	0.7937156121045392	0.8496597
AY631882	1360	6758	Leptospiraceae	Leptospira yanagawae	AY631897	1422	7110	Leptospiraceae	Leptospira vanthielii	6745.0	1360	1	1	1350	0.9933774834437086	0.9992647058823529	0.9926470588235294	0.9911883563124001	0.9980764
AY631882	1360	6758	Leptospiraceae	Leptospira yanagawae	AB721966	1443	7215	Leptospiraceae	Leptospira idonii	6545.0	1360	16	16	1327	0.9873511904761905	0.9882352941176471	0.975735294117647	0.9530437756497947	0.9684818
AY631882	1360	6758	Leptospiraceae	Leptospira yanagawae	AY631895	1464	7320	Leptospiraceae	Leptospira kirschneri	5870.0	1360	88	79	1246	0.9726775956284153	0.9419117647058823	0.9161764705882353	0.8105124715632109	0.8686002
AY631882	1360	6758	Leptospiraceae	Leptospira yanagawae	AY631886	1431	7143	Leptospiraceae	Leptospira noguchii	5844.0	1360	87	78	1243	0.9695787831513261	0.9426470588235294	0.9139705882352941	0.8097514126590512	0.8647529
AY631882	1360	6758	Leptospiraceae	Leptospira yanagawae	AY631879	1422	7104	Leptospiraceae	Leptospira wolbachii	6763.0	1360	1	1	1352	0.9948491537895512	0.9992647058823529	0.9941176470588236	0.992656783506937	1.0007398
AY631882	1360	6758	Leptospiraceae	Leptospira yanagawae	Z21634	1374	6852	Leptospiraceae	Leptospira inadai	5767.0	1358	91	84	1232	0.967032967032967	0.9381443298969072	0.9072164948453608	0.7976492853229742	0.853359
AY631882	1360	6758	Leptospiraceae	Leptospira yanagawae	AY631883	1431	7149	Leptospiraceae	Leptospira santarosai	5844.0	1360	88	79	1244	0.9711163153786104	0.9419117647058823	0.9147058823529411	0.8092114884627885	0.8647529
AY631882	1360	6758	Leptospiraceae	Leptospira yanagawae	EF025496	1318	6590	Leptospiraceae	Leptospira wolffii	5491.0	1309	95	86	1180	0.9648405560098119	0.9343009931245225	0.9014514896867838	0.785238726415197	0.83323216
AY631882	1360	6758	Leptospiraceae	Leptospira yanagawae	AY631880	1432	7154	Leptospiraceae	Leptospira alexanderi	5846.0	1360	95	85	1243	0.9749019607843137	0.9375	0.9139705882352941	0.8009020618556701	0.8650488
AY631882	1360	6758	Leptospiraceae	Leptospira yanagawae	Z12817	1396	6980	Leptospiraceae	Leptospira interrogans	5734.0	1334	91	79	1220	0.9721115537848606	0.9407796101949025	0.9145427286356822	0.8054393855703726	0.8484759
AY631882	1360	6758	Leptospiraceae	Leptospira yanagawae	EF612284	1348	6740	Leptospiraceae	Leptospira licerasiae	5618.0	1330	95	86	1204	0.9678456591639871	0.9353383458646617	0.9052631578947369	0.7902788550323178	0.83353114
AY631882	1360	6758	Leptospiraceae	Leptospira yanagawae	AY631876	1422	7104	Leptospiraceae	Leptospira biflexa	6759.0	1360	1	1	1351	0.9941133186166299	0.9992647058823529	0.9933823529411765	0.9919225699096685	1.0001479
AY631882	1360	6758	Leptospiraceae	Leptospira yanagawae	KJ847187	1313	6565	Leptospiraceae	Leptospira mayottensis	5558.0	1304	93	84	1186	0.9721311475409836	0.9355828220858896	0.9095092024539877	0.7942743213986148	0.84661084
AY631885	1431	7155	Leptospiraceae	Leptospira fainei	AY631877	1431	7155	Leptospiraceae	Leptospira weilii	6610.0	1431	35	35	1367	0.9792263610315186	0.9755415793151643	0.9552760307477288	0.9096625777106613	0.9238295
AY631885	1431	7155	Leptospiraceae	Leptospira fainei	AY631878	1422	7068	Leptospiraceae	Leptospira meyeri	5952.0	1431	96	105	1282	0.9668174962292609	0.9324894514767933	0.8958770090845563	0.777952137554762	0.84210527
AY631885	1431	7155	Leptospiraceae	Leptospira fainei	AY631881	1431	7155	Leptospiraceae	Leptospira alstonii	6628.0	1431	28	28	1370	0.9764789736279401	0.9804332634521313	0.9573724668064291	0.9206261623916518	0.9263452
AY631885	1431	7155	Leptospiraceae	Leptospira fainei	AY796065	1431	7155	Leptospiraceae	Leptospira broomii	7121.0	1431	2	2	1427	0.9986004198740378	0.9986023759608665	0.9972047519217331	0.9944212076037381	0.9952481
AY631885	1431	7155	Leptospiraceae	Leptospira fainei	AY631897	1422	7110	Leptospiraceae	Leptospira vanthielii	5982.0	1431	94	103	1288	0.9698795180722891	0.9338959212376934	0.9000698812019566	0.7837985588434088	0.8413502
AY631885	1431	7155	Leptospiraceae	Leptospira fainei	AB721966	1443	7215	Leptospiraceae	Leptospira idonii	6010.0	1431	94	103	1291	0.9721385542168675	0.9338959212376934	0.9021663172606569	0.7856241766046901	0.839972
AY631885	1431	7155	Leptospiraceae	Leptospira fainei	AY631895	1464	7320	Leptospiraceae	Leptospira kirschneri	6640.0	1431	30	30	1371	0.9785867237687366	0.9790356394129979	0.9580712788259959	0.9187254357530598	0.9280224
AY631885	1431	7155	Leptospiraceae	Leptospira fainei	AY631886	1431	7143	Leptospiraceae	Leptospira noguchii	6632.0	1431	29	29	1369	0.9764621968616263	0.9797344514325647	0.9566736547868623	0.9186688109665623	0.92846143
AY631885	1431	7155	Leptospiraceae	Leptospira fainei	AY631879	1422	7104	Leptospiraceae	Leptospira wolbachii	5963.0	1431	96	105	1285	0.969079939668175	0.9324894514767933	0.8979734451432565	0.7797726183758731	0.8393863
AY631885	1431	7155	Leptospiraceae	Leptospira fainei	Z21634	1374	6852	Leptospiraceae	Leptospira inadai	6622.0	1376	15	17	1344	0.9889624724061811	0.9890829694323144	0.9767441860465116	0.9542741544480297	0.96643317
AY631885	1431	7155	Leptospiraceae	Leptospira fainei	AY631883	1431	7149	Leptospiraceae	Leptospira santarosai	6597.0	1431	33	33	1366	0.977110157367668	0.9769392033542977	0.9545772187281621	0.9115429998510728	0.9227864
AY631885	1431	7155	Leptospiraceae	Leptospira fainei	EF025496	1318	6590	Leptospiraceae	Leptospira wolffii	6334.0	1318	7	7	1289	0.9832189168573608	0.9946889226100152	0.9779969650986343	0.9676634122598563	0.96115327
AY631885	1431	7155	Leptospiraceae	Leptospira fainei	AY631880	1432	7154	Leptospiraceae	Leptospira alexanderi	6614.0	1431	36	35	1367	0.9792263610315186	0.9755415793151643	0.9552760307477288	0.9090424941539396	0.92451775
AY631885	1431	7155	Leptospiraceae	Leptospira fainei	Z12817	1396	6980	Leptospiraceae	Leptospira interrogans	6445.0	1393	34	31	1333	0.9787077826725403	0.9777458722182341	0.9569274946159368	0.9133393466481472	0.9233524
AY631885	1431	7155	Leptospiraceae	Leptospira fainei	EF612284	1348	6740	Leptospiraceae	Leptospira licerasiae	6470.0	1348	12	12	1317	0.9857784431137725	0.9910979228486647	0.9770029673590505	0.9597617385233025	0.9599407
AY631885	1431	7155	Leptospiraceae	Leptospira fainei	AY631876	1422	7104	Leptospiraceae	Leptospira biflexa	5977.0	1431	94	103	1287	0.9691265060240963	0.9338959212376934	0.89937106918239	0.7831900195896484	0.841357
AY631885	1431	7155	Leptospiraceae	Leptospira fainei	KJ847187	1313	6565	Leptospiraceae	Leptospira mayottensis	6074.0	1313	34	34	1255	0.9812353401094606	0.9741051028179741	0.9558263518659559	0.9075737966121437	0.92520946
AY631877	1431	7155	Leptospiraceae	Leptospira weilii	AY631878	1422	7068	Leptospiraceae	Leptospira meyeri	6068.0	1431	86	95	1296	0.9700598802395209	0.939521800281294	0.9056603773584906	0.7976020198753747	0.8585173
AY631877	1431	7155	Leptospiraceae	Leptospira weilii	AY631881	1431	7155	Leptospiraceae	Leptospira alstonii	7012.0	1431	2	2	1415	0.9902029391182645	0.9986023759608665	0.9888190076869322	0.9860588708894809	0.98001397
AY631877	1431	7155	Leptospiraceae	Leptospira weilii	AY796065	1431	7155	Leptospiraceae	Leptospira broomii	6608.0	1431	33	33	1367	0.9778254649499285	0.9769392033542977	0.9552760307477288	0.9122103080500853	0.92354995
AY631877	1431	7155	Leptospiraceae	Leptospira weilii	AY631897	1422	7110	Leptospiraceae	Leptospira vanthielii	6077.0	1431	86	95	1300	0.9730538922155688	0.939521800281294	0.9084556254367575	0.8000637545046196	0.85471165
AY631877	1431	7155	Leptospiraceae	Leptospira weilii	AB721966	1443	7215	Leptospiraceae	Leptospira idonii	6086.0	1431	87	96	1301	0.9745318352059925	0.9388185654008439	0.9091544374563243	0.7995528155495343	0.850594
AY631877	1431	7155	Leptospiraceae	Leptospira weilii	AY631895	1464	7320	Leptospiraceae	Leptospira kirschneri	7047.0	1431	0	0	1419	0.9916142557651991	1.0	0.9916142557651991	0.9916142557651991	0.98490566
AY631877	1431	7155	Leptospiraceae	Leptospira weilii	AY631886	1431	7143	Leptospiraceae	Leptospira noguchii	7057.0	1431	0	0	1419	0.9916142557651991	1.0	0.9916142557651991	0.9916142557651991	0.9879602
AY631877	1431	7155	Leptospiraceae	Leptospira weilii	AY631879	1422	7104	Leptospiraceae	Leptospira wolbachii	6075.0	1431	88	97	1299	0.9737631184407796	0.9381153305203939	0.9077568134171907	0.7972005194855382	0.855152
AY631877	1431	7155	Leptospiraceae	Leptospira weilii	Z21634	1374	6852	Leptospiraceae	Leptospira inadai	6456.0	1376	22	24	1325	0.9800295857988166	0.9839883551673945	0.9629360465116279	0.9312514555677546	0.9422067
AY631877	1431	7155	Leptospiraceae	Leptospira weilii	AY631883	1431	7149	Leptospiraceae	Leptospira santarosai	7037.0	1431	4	4	1417	0.9929922915206727	0.9972047519217331	0.9902166317260657	0.984696260259997	0.98433346
AY631877	1431	7155	Leptospiraceae	Leptospira weilii	EF025496	1318	6590	Leptospiraceae	Leptospira wolffii	6089.0	1318	33	33	1259	0.9797665369649805	0.9749620637329287	0.9552352048558422	0.9085693843373481	0.9239757
AY631877	1431	7155	Leptospiraceae	Leptospira weilii	AY631880	1432	7154	Leptospiraceae	Leptospira alexanderi	7053.0	1431	4	3	1419	0.9936974789915967	0.9979035639412998	0.9916142557651991	0.9867771130541493	0.98588204
AY631877	1431	7155	Leptospiraceae	Leptospira weilii	Z12817	1396	6980	Leptospiraceae	Leptospira interrogans	6842.0	1393	3	0	1380	0.990667623833453	1.0	0.990667623833453	0.9885386819484241	0.9802292
AY631877	1431	7155	Leptospiraceae	Leptospira weilii	EF612284	1348	6740	Leptospiraceae	Leptospira licerasiae	6271.0	1348	29	29	1293	0.9802880970432145	0.978486646884273	0.9591988130563798	0.9187968296451452	0.93041545
AY631877	1431	7155	Leptospiraceae	Leptospira weilii	AY631876	1422	7104	Leptospiraceae	Leptospira biflexa	6081.0	1431	87	96	1300	0.9737827715355806	0.9388185654008439	0.9084556254367575	0.7989382476667136	0.8559966
AY631877	1431	7155	Leptospiraceae	Leptospira weilii	KJ847187	1313	6565	Leptospiraceae	Leptospira mayottensis	6484.0	1313	1	1	1304	0.9939024390243902	0.9992383853769993	0.9931454683929931	0.9916338314547998	0.98766184
AY631878	1422	7068	Leptospiraceae	Leptospira meyeri	AY631881	1431	7155	Leptospiraceae	Leptospira alstonii	6060.0	1422	99	90	1294	0.9714714714714715	0.9367088607594937	0.909985935302391	0.7969107599097862	0.8573854
AY631878	1422	7068	Leptospiraceae	Leptospira meyeri	AY796065	1431	7155	Leptospiraceae	Leptospira broomii	5959.0	1422	103	94	1283	0.9661144578313253	0.9338959212376934	0.9022503516174403	0.785697355375712	0.84309566
AY631878	1422	7068	Leptospiraceae	Leptospira meyeri	AY631897	1422	7110	Leptospiraceae	Leptospira vanthielii	7046.0	1422	1	1	1411	0.9929627023223082	0.9992967651195499	0.9922644163150492	0.9908698071564898	0.9968874
AY631878	1422	7068	Leptospiraceae	Leptospira meyeri	AB721966	1443	7215	Leptospiraceae	Leptospira idonii	6833.0	1422	17	17	1386	0.9864768683274021	0.9880450070323488	0.9746835443037974	0.9516541902340759	0.9667516
AY631878	1422	7068	Leptospiraceae	Leptospira meyeri	AY631895	1464	7320	Leptospiraceae	Leptospira kirschneri	6098.0	1422	95	86	1299	0.9723053892215568	0.939521800281294	0.9135021097046413	0.804508120346342	0.86276174
AY631878	1422	7068	Leptospiraceae	Leptospira meyeri	AY631886	1431	7143	Leptospiraceae	Leptospira noguchii	6081.0	1422	93	84	1297	0.9693572496263079	0.9409282700421941	0.9120956399437412	0.8055339711186309	0.8603565
AY631878	1422	7068	Leptospiraceae	Leptospira meyeri	AY631879	1422	7104	Leptospiraceae	Leptospira wolbachii	7069.0	1422	1	1	1413	0.9943701618578465	0.9992967651195499	0.9936708860759493	0.9922743001503331	1.0001415
AY631878	1422	7068	Leptospiraceae	Leptospira meyeri	Z21634	1374	6852	Leptospiraceae	Leptospira inadai	5789.0	1367	93	86	1239	0.9672131147540983	0.9370885149963424	0.9063643013899049	0.7952415548496357	0.8448628
AY631878	1422	7068	Leptospiraceae	Leptospira meyeri	AY631883	1431	7149	Leptospiraceae	Leptospira santarosai	6072.0	1422	95	86	1297	0.9708083832335329	0.939521800281294	0.9120956399437412	0.8032694627322599	0.8590832
AY631878	1422	7068	Leptospiraceae	Leptospira meyeri	EF025496	1318	6590	Leptospiraceae	Leptospira wolffii	5482.0	1309	98	89	1180	0.9672131147540983	0.932009167303285	0.9014514896867838	0.7816423720098623	0.83186644
AY631878	1422	7068	Leptospiraceae	Leptospira meyeri	AY631880	1432	7154	Leptospiraceae	Leptospira alexanderi	6066.0	1422	104	94	1295	0.9751506024096386	0.9338959212376934	0.9106891701828411	0.7925263551787766	0.8582343
AY631878	1422	7068	Leptospiraceae	Leptospira meyeri	Z12817	1396	6980	Leptospiraceae	Leptospira interrogans	5911.0	1384	98	86	1262	0.9722650231124808	0.9378612716763006	0.911849710982659	0.7986376011170656	0.84684813
AY631878	1422	7068	Leptospiraceae	Leptospira meyeri	EF612284	1348	6740	Leptospiraceae	Leptospira licerasiae	5649.0	1339	97	88	1212	0.9688249400479616	0.9342793129200896	0.9051530993278566	0.7885421499019141	0.8381306
AY631878	1422	7068	Leptospiraceae	Leptospira meyeri	AY631876	1422	7104	Leptospiraceae	Leptospira biflexa	7069.0	1422	1	1	1413	0.9943701618578465	0.9992967651195499	0.9936708860759493	0.9922743001503331	1.0001415
AY631878	1422	7068	Leptospiraceae	Leptospira meyeri	KJ847187	1313	6565	Leptospiraceae	Leptospira mayottensis	5553.0	1304	95	86	1186	0.9737274220032841	0.9340490797546013	0.9095092024539877	0.7918386051386398	0.8458492
AY631881	1431	7155	Leptospiraceae	Leptospira alstonii	AY796065	1431	7155	Leptospiraceae	Leptospira broomii	6613.0	1431	30	30	1368	0.9764453961456103	0.9790356394129979	0.9559748427672956	0.9167150956310617	0.92424875
AY631881	1431	7155	Leptospiraceae	Leptospira alstonii	AY631897	1422	7110	Leptospiraceae	Leptospira vanthielii	6079.0	1431	92	101	1299	0.9766917293233083	0.9353023909985936	0.9077568134171907	0.7927226276066077	0.854993
AY631881	1431	7155	Leptospiraceae	Leptospira alstonii	AB721966	1443	7215	Leptospiraceae	Leptospira idonii	6081.0	1431	89	98	1300	0.9752438109527382	0.9374120956399438	0.9084556254367575	0.7966916767810511	0.8498952
AY631881	1431	7155	Leptospiraceae	Leptospira alstonii	AY631895	1464	7320	Leptospiraceae	Leptospira kirschneri	7047.0	1431	0	0	1419	0.9916142557651991	1.0	0.9916142557651991	0.9916142557651991	0.98490566
AY631881	1431	7155	Leptospiraceae	Leptospira alstonii	AY631886	1431	7143	Leptospiraceae	Leptospira noguchii	7039.0	1431	0	0	1417	0.9902166317260657	1.0	0.9902166317260657	0.9902166317260657	0.9854403
AY631881	1431	7155	Leptospiraceae	Leptospira alstonii	AY631879	1422	7104	Leptospiraceae	Leptospira wolbachii	6076.0	1431	92	101	1298	0.9759398496240601	0.9353023909985936	0.907058001397624	0.7921123715422457	0.8552928
AY631881	1431	7155	Leptospiraceae	Leptospira alstonii	Z21634	1374	6852	Leptospiraceae	Leptospira inadai	6488.0	1376	19	21	1329	0.9808118081180812	0.9861717612809315	0.965843023255814	0.9381485996499125	0.9468768
AY631881	1431	7155	Leptospiraceae	Leptospira alstonii	AY631883	1431	7149	Leptospiraceae	Leptospira santarosai	6982.0	1431	4	4	1411	0.9887876664330764	0.9972047519217331	0.9860237596086653	0.9805267630394183	0.9766401
AY631881	1431	7155	Leptospiraceae	Leptospira alstonii	EF025496	1318	6590	Leptospiraceae	Leptospira wolffii	6093.0	1318	28	28	1260	0.9767441860465116	0.9787556904400607	0.9559939301972686	0.9162200371132813	0.9245827
AY631881	1431	7155	Leptospiraceae	Leptospira alstonii	AY631880	1432	7154	Leptospiraceae	Leptospira alexanderi	7007.0	1431	4	3	1414	0.9901960784313726	0.9979035639412998	0.9881201956673655	0.983300097151915	0.9794521
AY631881	1431	7155	Leptospiraceae	Leptospira alstonii	Z12817	1396	6980	Leptospiraceae	Leptospira interrogans	6842.0	1393	3	0	1380	0.990667623833453	1.0	0.990667623833453	0.9885386819484241	0.9802292
AY631881	1431	7155	Leptospiraceae	Leptospira alstonii	EF612284	1348	6740	Leptospiraceae	Leptospira licerasiae	6284.0	1348	26	26	1295	0.9795763993948563	0.9807121661721068	0.9606824925816023	0.9243247854387759	0.9323442
AY631881	1431	7155	Leptospiraceae	Leptospira alstonii	AY631876	1422	7104	Leptospiraceae	Leptospira biflexa	6082.0	1431	91	100	1299	0.9759579263711495	0.9360056258790436	0.9077568134171907	0.7938398939936143	0.8561374
AY631881	1431	7155	Leptospiraceae	Leptospira alstonii	KJ847187	1313	6565	Leptospiraceae	Leptospira mayottensis	6441.0	1313	3	3	1299	0.9916030534351145	0.9977151561309977	0.9893373952779894	0.9848267384606125	0.98111194
AY796065	1431	7155	Leptospiraceae	Leptospira broomii	AY631897	1422	7110	Leptospiraceae	Leptospira vanthielii	5989.0	1431	92	101	1289	0.969172932330827	0.9353023909985936	0.9007686932215234	0.7866200669629849	0.84233475
AY796065	1431	7155	Leptospiraceae	Leptospira broomii	AB721966	1443	7215	Leptospiraceae	Leptospira idonii	6022.0	1431	90	99	1293	0.9707207207207207	0.9367088607594937	0.9035639412997903	0.7912867651619466	0.8416492
AY796065	1431	7155	Leptospiraceae	Leptospira broomii	AY631895	1464	7320	Leptospiraceae	Leptospira kirschneri	6626.0	1431	34	34	1369	0.9799570508231925	0.976240391334731	0.9566736547868623	0.9122683247353219	0.9260657
AY796065	1431	7155	Leptospiraceae	Leptospira broomii	AY631886	1431	7143	Leptospiraceae	Leptospira noguchii	6618.0	1431	33	33	1367	0.9778254649499285	0.9769392033542977	0.9552760307477288	0.9122103080500853	0.92650145
AY796065	1431	7155	Leptospiraceae	Leptospira broomii	AY631879	1422	7104	Leptospiraceae	Leptospira wolbachii	5970.0	1431	93	102	1286	0.9676448457486833	0.9345991561181435	0.8986722571628232	0.7836846652030132	0.8403716
AY796065	1431	7155	Leptospiraceae	Leptospira broomii	Z21634	1374	6852	Leptospiraceae	Leptospira inadai	6656.0	1376	13	15	1348	0.9904481998530492	0.9905385735080058	0.9796511627906976	0.9599029752038442	0.9713952
AY796065	1431	7155	Leptospiraceae	Leptospira broomii	AY631883	1431	7149	Leptospiraceae	Leptospira santarosai	6608.0	1431	32	32	1367	0.9771265189421015	0.9776380153738644	0.9552760307477288	0.9134867853835082	0.9243251
AY796065	1431	7155	Leptospiraceae	Leptospira broomii	EF025496	1318	6590	Leptospiraceae	Leptospira wolffii	6334.0	1318	7	7	1289	0.9832189168573608	0.9946889226100152	0.9779969650986343	0.9676634122598563	0.96115327
AY796065	1431	7155	Leptospiraceae	Leptospira broomii	AY631880	1432	7154	Leptospiraceae	Leptospira alexanderi	6612.0	1431	34	33	1367	0.9778254649499285	0.9769392033542977	0.9552760307477288	0.9115876388978327	0.9242382
AY796065	1431	7155	Leptospiraceae	Leptospira broomii	Z12817	1396	6980	Leptospiraceae	Leptospira interrogans	6431.0	1393	38	35	1331	0.9801178203240059	0.9748743718592965	0.955491744436468	0.9067489789970116	0.9213467
AY796065	1431	7155	Leptospiraceae	Leptospira broomii	EF612284	1348	6740	Leptospiraceae	Leptospira licerasiae	6470.0	1348	12	12	1317	0.9857784431137725	0.9910979228486647	0.9770029673590505	0.9597617385233025	0.9599407
AY796065	1431	7155	Leptospiraceae	Leptospira broomii	AY631876	1422	7104	Leptospiraceae	Leptospira biflexa	5984.0	1431	91	100	1288	0.9676934635612322	0.9360056258790436	0.9000698812019566	0.7871176162153773	0.8423423
AY796065	1431	7155	Leptospiraceae	Leptospira broomii	KJ847187	1313	6565	Leptospiraceae	Leptospira mayottensis	6080.0	1313	32	32	1256	0.9804839968774395	0.9756283320639756	0.9565879664889566	0.9110700260760992	0.9261234
AY631897	1422	7110	Leptospiraceae	Leptospira vanthielii	AB721966	1443	7215	Leptospiraceae	Leptospira idonii	6840.0	1422	17	17	1390	0.9893238434163701	0.9880450070323488	0.9774964838255977	0.9544006669735684	0.96202534
AY631897	1422	7110	Leptospiraceae	Leptospira vanthielii	AY631895	1464	7320	Leptospiraceae	Leptospira kirschneri	6116.0	1422	99	90	1304	0.978978978978979	0.9367088607594937	0.9170182841068917	0.8030692665551478	0.8601969
AY631897	1422	7110	Leptospiraceae	Leptospira vanthielii	AY631886	1431	7143	Leptospiraceae	Leptospira noguchii	6096.0	1422	95	86	1302	0.9745508982035929	0.939521800281294	0.9156118143459916	0.8063661067674652	0.85738397
AY631897	1422	7110	Leptospiraceae	Leptospira vanthielii	AY631879	1422	7104	Leptospiraceae	Leptospira wolbachii	7070.0	1422	2	2	1417	0.997887323943662	0.9985935302390999	0.9964838255977496	0.993684713728093	0.995214
AY631897	1422	7110	Leptospiraceae	Leptospira vanthielii	Z21634	1374	6852	Leptospiraceae	Leptospira inadai	5824.0	1367	93	86	1246	0.9726775956284153	0.9370885149963424	0.9114850036576445	0.7997344449900292	0.8499708
AY631897	1422	7110	Leptospiraceae	Leptospira vanthielii	AY631883	1431	7149	Leptospiraceae	Leptospira santarosai	6089.0	1422	95	86	1302	0.9745508982035929	0.939521800281294	0.9156118143459916	0.8063661067674652	0.8563994
AY631897	1422	7110	Leptospiraceae	Leptospira vanthielii	EF025496	1318	6590	Leptospiraceae	Leptospira wolffii	5494.0	1309	98	89	1184	0.9704918032786886	0.932009167303285	0.904507257448434	0.7842920071692179	0.8336874
AY631897	1422	7110	Leptospiraceae	Leptospira vanthielii	AY631880	1432	7154	Leptospiraceae	Leptospira alexanderi	6084.0	1422	105	95	1300	0.9796533534287868	0.9331926863572433	0.9142053445850914	0.7944665961129117	0.8556962
AY631897	1422	7110	Leptospiraceae	Leptospira vanthielii	Z12817	1396	6980	Leptospiraceae	Leptospira interrogans	5929.0	1384	102	90	1267	0.9791344667697064	0.934971098265896	0.9154624277456648	0.7971792607691052	0.8494269
AY631897	1422	7110	Leptospiraceae	Leptospira vanthielii	EF612284	1348	6740	Leptospiraceae	Leptospira licerasiae	5675.0	1339	96	87	1218	0.9728434504792333	0.935026138909634	0.9096340552651232	0.7936319422940308	0.84198815
AY631897	1422	7110	Leptospiraceae	Leptospira vanthielii	AY631876	1422	7104	Leptospiraceae	Leptospira biflexa	7079.0	1422	0	0	1418	0.9971870604781997	1.0	0.9971870604781997	0.9971870604781997	0.9964809
AY631897	1422	7110	Leptospiraceae	Leptospira vanthielii	KJ847187	1313	6565	Leptospiraceae	Leptospira mayottensis	5578.0	1304	96	87	1192	0.9794576828266228	0.933282208588957	0.9141104294478528	0.7946231375985977	0.8496573
AB721966	1443	7215	Leptospiraceae	Leptospira idonii	AY631895	1464	7320	Leptospiraceae	Leptospira kirschneri	6174.0	1435	97	88	1316	0.9769858945805494	0.9386759581881533	0.9170731707317074	0.8063300006368209	0.85571724
AB721966	1443	7215	Leptospiraceae	Leptospira idonii	AY631886	1431	7143	Leptospiraceae	Leptospira noguchii	6094.0	1422	93	84	1301	0.9723467862481315	0.9409282700421941	0.9149085794655415	0.8080182701814486	0.8531429
AB721966	1443	7215	Leptospiraceae	Leptospira idonii	AY631879	1422	7104	Leptospiraceae	Leptospira wolbachii	6836.0	1422	17	17	1389	0.9886120996441281	0.9880450070323488	0.9767932489451476	0.9537140477886952	0.9622748
AB721966	1443	7215	Leptospiraceae	Leptospira idonii	Z21634	1374	6852	Leptospiraceae	Leptospira inadai	5837.0	1367	91	84	1248	0.9727201870615745	0.9385515727871251	0.9129480614484272	0.803369247488568	0.8518681
AB721966	1443	7215	Leptospiraceae	Leptospira idonii	AY631883	1431	7149	Leptospiraceae	Leptospira santarosai	6111.0	1422	90	81	1305	0.9731543624161074	0.9430379746835443	0.9177215189873418	0.8139315852923448	0.8548049
AB721966	1443	7215	Leptospiraceae	Leptospira idonii	EF025496	1318	6590	Leptospiraceae	Leptospira wolffii	5470.0	1309	102	93	1181	0.9712171052631579	0.9289533995416348	0.9022154316271963	0.7775293868594406	0.8300455
AB721966	1443	7215	Leptospiraceae	Leptospira idonii	AY631880	1432	7154	Leptospiraceae	Leptospira alexanderi	6079.0	1422	100	90	1300	0.975975975975976	0.9367088607594937	0.9142053445850914	0.8000798416473993	0.8497344
AB721966	1443	7215	Leptospiraceae	Leptospira idonii	Z12817	1396	6980	Leptospiraceae	Leptospira interrogans	5917.0	1384	97	85	1266	0.9745958429561201	0.9385838150289018	0.9147398843930635	0.8023275555885142	0.84770775
AB721966	1443	7215	Leptospiraceae	Leptospira idonii	EF612284	1348	6740	Leptospiraceae	Leptospira licerasiae	5661.0	1339	100	91	1216	0.9743589743589743	0.9320388349514563	0.9081404032860344	0.787601961988166	0.839911
AB721966	1443	7215	Leptospiraceae	Leptospira idonii	AY631876	1422	7104	Leptospiraceae	Leptospira biflexa	6844.0	1422	17	17	1390	0.9893238434163701	0.9880450070323488	0.9774964838255977	0.9544006669735684	0.9634009
AB721966	1443	7215	Leptospiraceae	Leptospira idonii	KJ847187	1313	6565	Leptospiraceae	Leptospira mayottensis	5556.0	1304	95	86	1190	0.9770114942528736	0.9340490797546013	0.9125766871165644	0.794509224380254	0.84630615
AY631895	1464	7320	Leptospiraceae	Leptospira kirschneri	AY631886	1431	7143	Leptospiraceae	Leptospira noguchii	7093.0	1431	0	0	1423	0.9944095038434662	1.0	0.9944095038434662	0.9944095038434662	0.99300015
AY631895	1464	7320	Leptospiraceae	Leptospira kirschneri	AY631879	1422	7104	Leptospiraceae	Leptospira wolbachii	6114.0	1431	88	97	1303	0.9767616191904048	0.9381153305203939	0.9105520614954578	0.7996553324785652	0.8606419
AY631895	1464	7320	Leptospiraceae	Leptospira kirschneri	Z21634	1374	6852	Leptospiraceae	Leptospira inadai	6510.0	1376	22	24	1331	0.9844674556213018	0.9839883551673945	0.967296511627907	0.9354684432910804	0.95008755
AY631895	1464	7320	Leptospiraceae	Leptospira kirschneri	AY631883	1431	7149	Leptospiraceae	Leptospira santarosai	7017.0	1431	2	2	1415	0.9902029391182645	0.9986023759608665	0.9888190076869322	0.9860588708894809	0.98153585
AY631895	1464	7320	Leptospiraceae	Leptospira kirschneri	EF025496	1318	6590	Leptospiraceae	Leptospira wolffii	6129.0	1318	31	31	1264	0.9821289821289821	0.9764795144157815	0.9590288315629742	0.9149518949010733	0.93004555
AY631895	1464	7320	Leptospiraceae	Leptospira kirschneri	AY631880	1432	7154	Leptospiraceae	Leptospira alexanderi	7051.0	1431	2	1	1419	0.9923076923076923	0.9993011879804332	0.9916142557651991	0.9895383012869747	0.98560244
AY631895	1464	7320	Leptospiraceae	Leptospira kirschneri	Z12817	1396	6980	Leptospiraceae	Leptospira interrogans	6950.0	1393	3	0	1392	0.9992821249102656	1.0	0.9992821249102656	0.997134670487106	0.995702
AY631895	1464	7320	Leptospiraceae	Leptospira kirschneri	EF612284	1348	6740	Leptospiraceae	Leptospira licerasiae	6303.0	1348	28	28	1297	0.9825757575757575	0.9792284866468842	0.962166172106825	0.9230082464978262	0.9351632
AY631895	1464	7320	Leptospiraceae	Leptospira kirschneri	AY631876	1422	7104	Leptospiraceae	Leptospira biflexa	6120.0	1431	87	96	1304	0.9767790262172285	0.9388185654008439	0.9112508735150244	0.8013965191979958	0.8614865
AY631895	1464	7320	Leptospiraceae	Leptospira kirschneri	KJ847187	1313	6565	Leptospiraceae	Leptospira mayottensis	6449.0	1313	2	2	1300	0.9916094584286804	0.9984767707539984	0.9900990099009901	0.9870873018860822	0.98233056
AY631886	1431	7143	Leptospiraceae	Leptospira noguchii	AY631879	1422	7104	Leptospiraceae	Leptospira wolbachii	6088.0	1431	86	95	1300	0.9730538922155688	0.939521800281294	0.9084556254367575	0.8000637545046196	0.856982
AY631886	1431	7143	Leptospiraceae	Leptospira noguchii	Z21634	1374	6852	Leptospiraceae	Leptospira inadai	6475.0	1376	22	24	1326	0.9807692307692307	0.9839883551673945	0.9636627906976745	0.9319542868549756	0.94497955
AY631886	1431	7143	Leptospiraceae	Leptospira noguchii	AY631883	1431	7149	Leptospiraceae	Leptospira santarosai	7036.0	1431	2	2	1416	0.9909027291812457	0.9986023759608665	0.989517819706499	0.9867557322823356	0.9850203
AY631886	1431	7143	Leptospiraceae	Leptospira noguchii	EF025496	1318	6590	Leptospiraceae	Leptospira wolffii	6124.0	1318	33	33	1262	0.982101167315175	0.9749620637329287	0.9575113808801214	0.9107343630132909	0.9292868
AY631886	1431	7143	Leptospiraceae	Leptospira noguchii	AY631880	1432	7154	Leptospiraceae	Leptospira alexanderi	7025.0	1431	2	1	1415	0.9895104895104895	0.9993011879804332	0.9888190076869322	0.9867489050888437	0.98348033
AY631886	1431	7143	Leptospiraceae	Leptospira noguchii	Z12817	1396	6980	Leptospiraceae	Leptospira interrogans	6892.0	1393	4	1	1385	0.9949712643678161	0.9992821249102656	0.994256999282125	0.9906984559776078	0.98739254
AY631886	1431	7143	Leptospiraceae	Leptospira noguchii	EF612284	1348	6740	Leptospiraceae	Leptospira licerasiae	6306.0	1348	29	29	1296	0.9825625473843821	0.978486646884273	0.9614243323442137	0.9209286088322569	0.9356083
AY631886	1431	7143	Leptospiraceae	Leptospira noguchii	AY631876	1422	7104	Leptospiraceae	Leptospira biflexa	6094.0	1431	85	94	1301	0.9730740463724757	0.940225035161744	0.9091544374563243	0.8018070467540275	0.8578266
AY631886	1431	7143	Leptospiraceae	Leptospira noguchii	KJ847187	1313	6565	Leptospiraceae	Leptospira mayottensis	6459.0	1313	2	2	1300	0.9916094584286804	0.9984767707539984	0.9900990099009901	0.9870873018860822	0.98385376
AY631879	1422	7104	Leptospiraceae	Leptospira wolbachii	Z21634	1374	6852	Leptospiraceae	Leptospira inadai	5809.0	1367	95	88	1244	0.9726348709929633	0.9356254572055597	0.9100219458668617	0.7961135901256607	0.84778166
AY631879	1422	7104	Leptospiraceae	Leptospira wolbachii	AY631883	1431	7149	Leptospiraceae	Leptospira santarosai	6079.0	1422	97	88	1300	0.974512743628186	0.9381153305203939	0.9142053445850914	0.8028636798397051	0.8557151
AY631879	1422	7104	Leptospiraceae	Leptospira wolbachii	EF025496	1318	6590	Leptospiraceae	Leptospira wolffii	5511.0	1309	96	87	1186	0.9705400981996727	0.93353705118411	0.906035141329259	0.7880248702522096	0.83626705
AY631879	1422	7104	Leptospiraceae	Leptospira wolbachii	AY631880	1432	7154	Leptospiraceae	Leptospira alexanderi	6082.0	1422	106	96	1299	0.9796380090497737	0.9324894514767933	0.9135021097046413	0.7927380873483995	0.8561374
AY631879	1422	7104	Leptospiraceae	Leptospira wolbachii	Z12817	1396	6980	Leptospiraceae	Leptospira interrogans	5927.0	1384	100	88	1266	0.9768518518518519	0.9364161849710982	0.9147398843930635	0.7988563949955596	0.8491404
AY631879	1422	7104	Leptospiraceae	Leptospira wolbachii	EF612284	1348	6740	Leptospiraceae	Leptospira licerasiae	5660.0	1339	98	89	1216	0.9728	0.9335324869305451	0.9081404032860344	0.7899620766232032	0.8397626
AY631879	1422	7104	Leptospiraceae	Leptospira wolbachii	AY631876	1422	7104	Leptospiraceae	Leptospira biflexa	7084.0	1422	2	2	1418	0.9985915492957746	0.9985935302390999	0.9971870604781997	0.9943859732296655	0.9971847
AY631879	1422	7104	Leptospiraceae	Leptospira wolbachii	KJ847187	1313	6565	Leptospiraceae	Leptospira mayottensis	5564.0	1304	97	88	1190	0.9786184210526315	0.9325153374233128	0.9125766871165644	0.7920722709020288	0.84752476
Z21634	1374	6852	Leptospiraceae	Leptospira inadai	AY631883	1431	7149	Leptospiraceae	Leptospira santarosai	6474.0	1374	23	21	1327	0.9807834441980784	0.9847161572052402	0.9657933042212519	0.9353746174741259	0.94483364
Z21634	1374	6852	Leptospiraceae	Leptospira inadai	EF025496	1318	6590	Leptospiraceae	Leptospira wolffii	6193.0	1315	18	16	1270	0.9776751347190146	0.9878326996197718	0.9657794676806084	0.9411459328710505	0.9397572
Z21634	1374	6852	Leptospiraceae	Leptospira inadai	AY631880	1432	7154	Leptospiraceae	Leptospira alexanderi	6487.0	1374	25	22	1328	0.9822485207100592	0.9839883551673945	0.9665211062590975	0.934050418629235	0.94673085
Z21634	1374	6852	Leptospiraceae	Leptospira inadai	Z12817	1396	6980	Leptospiraceae	Leptospira interrogans	6393.0	1350	28	23	1309	0.9864355689525245	0.9829629629629629	0.9696296296296296	0.9337434822340482	0.93301225
Z21634	1374	6852	Leptospiraceae	Leptospira inadai	EF612284	1348	6740	Leptospiraceae	Leptospira licerasiae	6318.0	1346	28	26	1298	0.9833333333333333	0.9806835066864784	0.9643387815750372	0.9264390041332234	0.9373887
Z21634	1374	6852	Leptospiraceae	Leptospira inadai	AY631876	1422	7104	Leptospiraceae	Leptospira biflexa	5811.0	1374	86	93	1244	0.9711163153786104	0.9370885149963424	0.9053857350800583	0.7943829634503798	0.84807354
Z21634	1374	6852	Leptospiraceae	Leptospira inadai	KJ847187	1313	6565	Leptospiraceae	Leptospira mayottensis	6177.0	1311	26	24	1267	0.9844599844599845	0.9816933638443935	0.9664378337147216	0.9302958055279331	0.9408987
AY631883	1431	7149	Leptospiraceae	Leptospira santarosai	EF025496	1318	6590	Leptospiraceae	Leptospira wolffii	6087.0	1318	31	31	1259	0.9782439782439782	0.9764795144157815	0.9552352048558422	0.911332623164914	0.92367226
AY631883	1431	7149	Leptospiraceae	Leptospira santarosai	AY631880	1432	7154	Leptospiraceae	Leptospira alexanderi	7007.0	1431	8	7	1413	0.9922752808988764	0.9951083158630328	0.9874213836477987	0.9771285964659245	0.9801371
AY631883	1431	7149	Leptospiraceae	Leptospira santarosai	Z12817	1396	6980	Leptospiraceae	Leptospira interrogans	6821.0	1393	6	3	1377	0.9906474820143885	0.9978463747307968	0.9885139985642498	0.9821547233769172	0.97722065
AY631883	1431	7149	Leptospiraceae	Leptospira santarosai	EF612284	1348	6740	Leptospiraceae	Leptospira licerasiae	6269.0	1348	27	27	1293	0.9788039364118092	0.9799703264094956	0.9591988130563798	0.9215284596708929	0.9301187
AY631883	1431	7149	Leptospiraceae	Leptospira santarosai	AY631876	1422	7104	Leptospiraceae	Leptospira biflexa	6085.0	1431	87	96	1301	0.9745318352059925	0.9388185654008439	0.9091544374563243	0.7995528155495343	0.8565597
AY631883	1431	7149	Leptospiraceae	Leptospira santarosai	KJ847187	1313	6565	Leptospiraceae	Leptospira mayottensis	6446.0	1313	3	3	1299	0.9916030534351145	0.9977151561309977	0.9893373952779894	0.9848267384606125	0.9818736
EF025496	1318	6590	Leptospiraceae	Leptospira wolffii	AY631880	1432	7154	Leptospiraceae	Leptospira alexanderi	6099.0	1318	32	31	1260	0.9790209790209791	0.9764795144157815	0.9559939301972686	0.9113808801213962	0.9254932
EF025496	1318	6590	Leptospiraceae	Leptospira wolffii	Z12817	1396	6980	Leptospiraceae	Leptospira interrogans	5990.0	1293	35	32	1238	0.9817605075337034	0.9752513534416086	0.9574632637277649	0.9091575117174032	0.90895295
EF025496	1318	6590	Leptospiraceae	Leptospira wolffii	EF612284	1348	6740	Leptospiraceae	Leptospira licerasiae	6307.0	1289	8	8	1273	0.9937548790007806	0.9937936384794415	0.9875872769588828	0.9754042419308626	0.95705616
EF025496	1318	6590	Leptospiraceae	Leptospira wolffii	AY631876	1422	7104	Leptospiraceae	Leptospira biflexa	5489.0	1318	89	98	1183	0.969672131147541	0.932009167303285	0.8975720789074355	0.7782785616681388	0.83292866
EF025496	1318	6590	Leptospiraceae	Leptospira wolffii	KJ847187	1313	6565	Leptospiraceae	Leptospira mayottensis	6090.0	1313	33	33	1257	0.98203125	0.9748667174409749	0.9573495811119573	0.910406733895472	0.92764664
AY631880	1432	7154	Leptospiraceae	Leptospira alexanderi	Z12817	1396	6980	Leptospiraceae	Leptospira interrogans	6855.0	1394	4	2	1381	0.9920977011494253	0.9985652797704447	0.990674318507891	0.986422497398415	0.98209167
AY631880	1432	7154	Leptospiraceae	Leptospira alexanderi	EF612284	1348	6740	Leptospiraceae	Leptospira licerasiae	6282.0	1349	28	29	1294	0.9803030303030303	0.9792284866468842	0.9592290585618977	0.9195224090789433	0.9320475
AY631880	1432	7154	Leptospiraceae	Leptospira alexanderi	AY631876	1422	7104	Leptospiraceae	Leptospira biflexa	6088.0	1432	95	105	1300	0.9796533534287868	0.9331926863572433	0.9078212290502793	0.7889186450227379	0.856982
AY631880	1432	7154	Leptospiraceae	Leptospira alexanderi	KJ847187	1313	6565	Leptospiraceae	Leptospira mayottensis	6479.0	1314	2	3	1303	0.9938977879481312	0.9984767707539984	0.9916286149162862	0.987861028993352	0.9869002
Z12817	1396	6980	Leptospiraceae	Leptospira interrogans	EF612284	1348	6740	Leptospiraceae	Leptospira licerasiae	6293.0	1349	29	30	1296	0.9825625473843821	0.978486646884273	0.9607116382505559	0.9195781210830793	0.9336795
Z12817	1396	6980	Leptospiraceae	Leptospira interrogans	AY631876	1422	7104	Leptospiraceae	Leptospira biflexa	5933.0	1396	87	99	1267	0.976869699306091	0.9371387283236994	0.9075931232091691	0.7937614840204263	0.85
Z12817	1396	6980	Leptospiraceae	Leptospira interrogans	KJ847187	1313	6565	Leptospiraceae	Leptospira mayottensis	6334.0	1296	2	5	1279	0.9907048799380326	0.9984532095901005	0.9868827160493827	0.9815605442370979	0.9648134
EF612284	1348	6740	Leptospiraceae	Leptospira licerasiae	AY631876	1422	7104	Leptospiraceae	Leptospira biflexa	5670.0	1348	87	96	1217	0.9720447284345048	0.935026138909634	0.9028189910979229	0.7876859769021598	0.8412463
EF612284	1348	6740	Leptospiraceae	Leptospira licerasiae	KJ847187	1313	6565	Leptospiraceae	Leptospira mayottensis	6027.0	1289	28	28	1240	0.9833465503568596	0.978277734678045	0.9619860356865787	0.921081542141819	0.9180503
AY631876	1422	7104	Leptospiraceae	Leptospira biflexa	KJ847187	1313	6565	Leptospiraceae	Leptospira mayottensis	5566.0	1304	96	87	1190	0.9778142974527527	0.933282208588957	0.9125766871165644	0.7932898773006135	0.8478294
