AY029806	1485	7419	Leptotrichiaceae	Leptotrichia shahii	AY029803	1486	7412	Leptotrichiaceae	Leptotrichia hofstadii	6939.0	1485	15	14	1429	0.9714479945615228	0.9905723905723905	0.9622895622895623	0.9436852974186307	0.9361846
AY029806	1485	7419	Leptotrichiaceae	Leptotrichia shahii	AY029802	1486	7412	Leptotrichiaceae	Leptotrichia wadei	6966.0	1485	23	22	1432	0.9788106630211894	0.9851851851851852	0.9643097643097643	0.9355339424304941	0.9398273
AY029806	1485	7419	Leptotrichiaceae	Leptotrichia shahii	CP001685	1505	7525	Leptotrichiaceae	Leptotrichia buccalis	6902.0	1485	27	26	1424	0.976010966415353	0.9824915824915825	0.958922558922559	0.9253095327169402	0.93031406
AY029806	1485	7419	Leptotrichiaceae	Leptotrichia shahii	EU919515	1268	6340	Leptotrichiaceae	Leptotrichia hongkongensis	6035.0	1269	13	14	1233	0.9824701195219123	0.9897476340694006	0.9716312056737588	0.9511678339474003	0.95189273
AY029806	1485	7419	Leptotrichiaceae	Leptotrichia shahii	AF206305	1440	7194	Leptotrichiaceae	Leptotrichia trevisanii	6741.0	1442	25	29	1386	0.9808917197452229	0.9826147426981919	0.9611650485436893	0.9257847400083388	0.93703085
AY029806	1485	7419	Leptotrichiaceae	Leptotrichia shahii	AY029807	1485	7419	Leptotrichiaceae	Leptotrichia goodfellowii	6226.0	1485	94	94	1342	0.9647735442127966	0.9367003367003367	0.9037037037037037	0.7961063026294185	0.8391967
AY029803	1486	7412	Leptotrichiaceae	Leptotrichia hofstadii	AY029802	1486	7412	Leptotrichiaceae	Leptotrichia wadei	6873.0	1486	28	28	1420	0.9739368998628258	0.9811574697173621	0.955585464333782	0.9202401631431004	0.92728007
AY029803	1486	7412	Leptotrichiaceae	Leptotrichia hofstadii	CP001685	1505	7525	Leptotrichiaceae	Leptotrichia buccalis	7035.0	1486	14	14	1439	0.9775815217391305	0.990578734858681	0.968371467025572	0.9502951996410947	0.94913656
AY029803	1486	7412	Leptotrichiaceae	Leptotrichia hofstadii	EU919515	1268	6340	Leptotrichiaceae	Leptotrichia hongkongensis	5838.0	1269	28	29	1208	0.9741935483870968	0.9779179810725552	0.9519306540583137	0.9100956137488889	0.9208202
AY029803	1486	7412	Leptotrichiaceae	Leptotrichia hofstadii	AF206305	1440	7194	Leptotrichiaceae	Leptotrichia trevisanii	6681.0	1443	31	36	1378	0.9793887704335466	0.978442280945758	0.954954954954955	0.9115479115479116	0.92869055
AY029803	1486	7412	Leptotrichiaceae	Leptotrichia hofstadii	AY029807	1485	7419	Leptotrichiaceae	Leptotrichia goodfellowii	6283.0	1486	90	91	1348	0.9663082437275986	0.9393939393939394	0.9071332436069987	0.8029510627105095	0.84767944
AY029802	1486	7412	Leptotrichiaceae	Leptotrichia wadei	CP001685	1505	7525	Leptotrichiaceae	Leptotrichia buccalis	6801.0	1486	38	38	1411	0.9744475138121547	0.9744279946164199	0.949528936742934	0.9021771000024728	0.9175661
AY029802	1486	7412	Leptotrichiaceae	Leptotrichia wadei	EU919515	1268	6340	Leptotrichiaceae	Leptotrichia hongkongensis	5878.0	1269	19	20	1214	0.9719775820656525	0.9850157728706624	0.9566587864460205	0.9276916337508382	0.9271293
AY029802	1486	7412	Leptotrichiaceae	Leptotrichia wadei	AF206305	1440	7194	Leptotrichiaceae	Leptotrichia trevisanii	6660.0	1440	23	25	1376	0.9724381625441696	0.9840055632823366	0.9555555555555556	0.92420445052024	0.9257715
AY029802	1486	7412	Leptotrichiaceae	Leptotrichia wadei	AY029807	1485	7419	Leptotrichiaceae	Leptotrichia goodfellowii	6174.0	1486	94	95	1336	0.9604601006470166	0.9367003367003367	0.8990578734858681	0.7915123430499004	0.83297354
CP001685	1505	7525	Leptotrichiaceae	Leptotrichia buccalis	EU919515	1268	6340	Leptotrichiaceae	Leptotrichia hongkongensis	5807.0	1269	37	38	1205	0.9788789601949635	0.9708201892744479	0.9495665878644602	0.8950355816701	0.9159306
CP001685	1505	7525	Leptotrichiaceae	Leptotrichia buccalis	AF206305	1440	7194	Leptotrichiaceae	Leptotrichia trevisanii	6604.0	1441	47	49	1369	0.9834770114942529	0.9673384294649062	0.9500346981263011	0.8887421369568623	0.9179872
CP001685	1505	7525	Leptotrichiaceae	Leptotrichia buccalis	AY029807	1485	7419	Leptotrichiaceae	Leptotrichia goodfellowii	6406.0	1486	74	75	1364	0.966690290574061	0.9501683501683502	0.917900403768506	0.8302291472547192	0.8634587
EU919515	1268	6340	Leptotrichiaceae	Leptotrichia hongkongensis	AF206305	1440	7194	Leptotrichiaceae	Leptotrichia trevisanii	6030.0	1268	6	6	1233	0.9770206022187005	0.9952681388012619	0.972397476340694	0.963238316437956	0.9511041
EU919515	1268	6340	Leptotrichiaceae	Leptotrichia hongkongensis	AY029807	1485	7419	Leptotrichiaceae	Leptotrichia goodfellowii	5351.0	1268	74	71	1151	0.9615705931495405	0.944006309148265	0.9077287066246057	0.8096507167136013	0.8440063
AF206305	1440	7194	Leptotrichiaceae	Leptotrichia trevisanii	AY029807	1485	7419	Leptotrichiaceae	Leptotrichia goodfellowii	6056.0	1438	90	83	1304	0.9623616236162361	0.9422809457579973	0.9068150208623088	0.8041455191547305	0.8418126
