EF554367	1452	7260	Lewinellaceae	Lewinella antarctica	AF039295	1419	7089	Lewinellaceae	Lewinella persica	6177.0	1419	77	77	1309	0.9754098360655737	0.9457364341085271	0.9224806201550387	0.8275193798449613	0.87135
EF554367	1452	7260	Lewinellaceae	Lewinella antarctica	AF039294	1440	7170	Lewinellaceae	Lewinella nigricans	5840.0	1436	101	105	1276	0.9586776859504132	0.9294692737430168	0.8885793871866295	0.7694854680191308	0.81450486
EF554367	1452	7260	Lewinellaceae	Lewinella antarctica	AF039292	1425	7101	Lewinellaceae	Lewinella cohaerens	5870.0	1424	101	109	1273	0.9680608365019011	0.9286723163841808	0.8939606741573034	0.770857892797937	0.8266441
EF554367	1452	7260	Lewinellaceae	Lewinella antarctica	KJ573521	1462	7310	Lewinellaceae	Lewinella xylanilytica	6381.0	1450	64	64	1348	0.9725829725829725	0.9558620689655173	0.9296551724137931	0.8510581697262334	0.8789256
EF554367	1452	7260	Lewinellaceae	Lewinella antarctica	AB301495	1446	7230	Lewinellaceae	Lewinella marina	6280.0	1440	72	71	1331	0.9722425127830533	0.9506944444444444	0.9243055555555556	0.8368877682245738	0.86860305
EF554367	1452	7260	Lewinellaceae	Lewinella antarctica	AM286229	1415	7075	Lewinellaceae	Lewinella agarilytica	6388.0	1412	50	47	1333	0.9765567765567765	0.96671388101983	0.9440509915014165	0.8814155974004334	0.90289754
EF554367	1452	7260	Lewinellaceae	Lewinella antarctica	KX084062	1479	7395	Lewinellaceae	Lewinella aquimaris	6423.0	1452	63	62	1353	0.9733812949640288	0.9573002754820936	0.9318181818181818	0.8549354935493549	0.8847107
EF554367	1452	7260	Lewinellaceae	Lewinella antarctica	AB301494	1446	7230	Lewinellaceae	Lewinella lutea	6559.0	1440	48	47	1365	0.9798994974874372	0.9673611111111111	0.9479166666666666	0.8873977934587812	0.90719223
AF039295	1419	7089	Lewinellaceae	Lewinella persica	AF039294	1440	7170	Lewinellaceae	Lewinella nigricans	5783.0	1419	104	108	1262	0.9626239511823036	0.9265017667844523	0.8893587033121917	0.7655609061341323	0.8157709
AF039295	1419	7089	Lewinellaceae	Lewinella persica	AF039292	1425	7101	Lewinellaceae	Lewinella cohaerens	5824.0	1418	85	96	1265	0.9568835098335855	0.9395877754086709	0.892101551480959	0.784669495048455	0.82155454
AF039295	1419	7089	Lewinellaceae	Lewinella persica	KJ573521	1462	7310	Lewinellaceae	Lewinella xylanilytica	6083.0	1419	87	87	1298	0.9744744744744744	0.9386892177589852	0.9147286821705426	0.8090428981747428	0.85809
AF039295	1419	7089	Lewinellaceae	Lewinella persica	AB301495	1446	7230	Lewinellaceae	Lewinella marina	6081.0	1419	86	85	1298	0.9730134932533733	0.9400986610288936	0.9147286821705426	0.8107960544953514	0.8578079
AF039295	1419	7089	Lewinellaceae	Lewinella persica	AM286229	1415	7075	Lewinellaceae	Lewinella agarilytica	6286.0	1415	55	55	1323	0.9727941176470588	0.9611307420494699	0.934982332155477	0.865017667844523	0.88848054
AF039295	1419	7089	Lewinellaceae	Lewinella persica	KX084062	1479	7395	Lewinellaceae	Lewinella aquimaris	6030.0	1419	95	94	1291	0.9743396226415094	0.9337561663143058	0.9097956307258633	0.7962214073393454	0.85061365
AF039295	1419	7089	Lewinellaceae	Lewinella persica	AB301494	1446	7230	Lewinellaceae	Lewinella lutea	6135.0	1419	72	71	1305	0.9681008902077152	0.9499647639182522	0.919661733615222	0.8314580931678869	0.8654253
AF039294	1440	7170	Lewinellaceae	Lewinella nigricans	AF039292	1425	7101	Lewinellaceae	Lewinella cohaerens	6014.0	1422	71	73	1294	0.9592290585618977	0.95	0.909985935302391	0.8222177004172307	0.846923
AF039294	1440	7170	Lewinellaceae	Lewinella nigricans	KJ573521	1462	7310	Lewinellaceae	Lewinella xylanilytica	5878.0	1440	111	107	1283	0.9624906226556639	0.9256944444444445	0.8909722222222223	0.7657420839601691	0.8198047
AF039294	1440	7170	Lewinellaceae	Lewinella nigricans	AB301495	1446	7230	Lewinellaceae	Lewinella marina	5853.0	1437	114	109	1278	0.9623493975903614	0.9241475295755045	0.8893528183716075	0.7614832642150191	0.816318
AF039294	1440	7170	Lewinellaceae	Lewinella nigricans	AM286229	1415	7075	Lewinellaceae	Lewinella agarilytica	5804.0	1406	111	102	1262	0.9677914110429447	0.9274537695590327	0.8975817923186344	0.7715534984729726	0.8203533
AF039294	1440	7170	Lewinellaceae	Lewinella nigricans	KX084062	1479	7395	Lewinellaceae	Lewinella aquimaris	5854.0	1437	132	103	1282	0.9610194902548725	0.9283228949199722	0.8921363952679193	0.7585149466458918	0.81645745
AF039294	1440	7170	Lewinellaceae	Lewinella nigricans	AB301494	1446	7230	Lewinellaceae	Lewinella lutea	5830.0	1437	110	105	1277	0.9587087087087087	0.9269311064718163	0.8886569241475296	0.7651525681735679	0.8131102
AF039292	1425	7101	Lewinellaceae	Lewinella cohaerens	KJ573521	1462	7310	Lewinellaceae	Lewinella xylanilytica	5805.0	1423	117	108	1268	0.9642585551330799	0.9241040056219255	0.8910751932536893	0.7608856357977932	0.8174905
AF039292	1425	7101	Lewinellaceae	Lewinella cohaerens	AB301495	1446	7230	Lewinellaceae	Lewinella marina	5762.0	1422	124	116	1262	0.9663093415007658	0.9184247538677919	0.8874824191279888	0.7497102453953126	0.811435
AF039292	1425	7101	Lewinellaceae	Lewinella cohaerens	AM286229	1415	7075	Lewinellaceae	Lewinella agarilytica	5704.0	1404	120	109	1248	0.9637065637065637	0.9223646723646723	0.8888888888888888	0.7553222513852434	0.8062191
AF039292	1425	7101	Lewinellaceae	Lewinella cohaerens	KX084062	1479	7395	Lewinellaceae	Lewinella aquimaris	5749.0	1422	119	111	1260	0.9610983981693364	0.9219409282700421	0.8860759493670886	0.7538258076705082	0.8096043
AF039292	1425	7101	Lewinellaceae	Lewinella cohaerens	AB301494	1446	7230	Lewinellaceae	Lewinella lutea	5711.0	1421	116	108	1255	0.9558263518659559	0.9239971850809289	0.8831808585503167	0.7544674478051827	0.8042529
KJ573521	1462	7310	Lewinellaceae	Lewinella xylanilytica	AB301495	1446	7230	Lewinellaceae	Lewinella marina	6795.0	1445	36	35	1394	0.9886524822695035	0.9757785467128027	0.9647058823529412	0.9184573221591135	0.939834
KJ573521	1462	7310	Lewinellaceae	Lewinella xylanilytica	AM286229	1415	7075	Lewinellaceae	Lewinella agarilytica	6296.0	1412	77	74	1320	0.9865470852017937	0.9475920679886686	0.9348441926345609	0.840041322864367	0.889894
KJ573521	1462	7310	Lewinellaceae	Lewinella xylanilytica	KX084062	1479	7395	Lewinellaceae	Lewinella aquimaris	6843.0	1455	35	34	1404	0.988036593947924	0.9766323024054983	0.9649484536082474	0.920262921192832	0.9361149
KJ573521	1462	7310	Lewinellaceae	Lewinella xylanilytica	AB301494	1446	7230	Lewinellaceae	Lewinella lutea	6350.0	1445	69	68	1341	0.9738562091503268	0.9529411764705882	0.9280276816608997	0.844051596860673	0.87828493
AB301495	1446	7230	Lewinellaceae	Lewinella marina	AM286229	1415	7075	Lewinellaceae	Lewinella agarilytica	6311.0	1413	73	71	1323	0.9858420268256334	0.9497523000707714	0.9363057324840764	0.8455735484479344	0.89201415
AB301495	1446	7230	Lewinellaceae	Lewinella marina	KX084062	1479	7395	Lewinellaceae	Lewinella aquimaris	6740.0	1446	46	46	1386	0.99	0.9681881051175657	0.9585062240663901	0.8994026231185965	0.93222684
AB301495	1446	7230	Lewinellaceae	Lewinella marina	AB301494	1446	7230	Lewinellaceae	Lewinella lutea	6382.0	1446	69	69	1344	0.9760348583877996	0.9522821576763485	0.9294605809128631	0.8447968448297113	0.88271093
AM286229	1415	7075	Lewinellaceae	Lewinella agarilytica	KX084062	1479	7395	Lewinellaceae	Lewinella aquimaris	6293.0	1415	74	76	1320	0.9858103061986557	0.9476291578202406	0.9328621908127208	0.8388868190048577	0.88947
AM286229	1415	7075	Lewinellaceae	Lewinella agarilytica	AB301494	1446	7230	Lewinellaceae	Lewinella lutea	6401.0	1415	56	58	1334	0.9830508474576272	0.9603680113234253	0.942756183745583	0.8696941817421864	0.90473497
KX084062	1479	7395	Lewinellaceae	Lewinella aquimaris	AB301494	1446	7230	Lewinellaceae	Lewinella lutea	6498.0	1446	52	52	1360	0.975609756097561	0.9640387275242047	0.9405255878284924	0.8752287512903327	0.8987552
