AB246747	1394	6970	Rhodobacteraceae	Loktanella atrilutea	KC311338	1384	6920	Rhodobacteraceae	Loktanella sediminilitoris	6347.0	1372	34	34	1313	0.9813153961136024	0.9752186588921283	0.956997084548105	0.9107127305301311	0.9171965
AB246747	1394	6970	Rhodobacteraceae	Loktanella atrilutea	JN885197	1384	6920	Rhodobacteraceae	Loktanella litorea	6308.0	1372	49	49	1306	0.9871504157218443	0.9642857142857143	0.9518950437317785	0.8862471096813109	0.9115607
AB246747	1394	6970	Rhodobacteraceae	Loktanella atrilutea	DQ344498	1395	6975	Rhodobacteraceae	Loktanella koreensis	6280.0	1377	57	55	1305	0.9871406959152799	0.9600580973129993	0.9477124183006536	0.8736930383496959	0.9010043
AB246747	1394	6970	Rhodobacteraceae	Loktanella atrilutea	AB894236	1447	7229	Rhodobacteraceae	Loktanella maritima	6323.0	1379	43	41	1312	0.9805680119581465	0.9702683103698332	0.9514140681653372	0.8952123932526168	0.9071736
AB246747	1394	6970	Rhodobacteraceae	Loktanella atrilutea	KU522242	1383	6915	Rhodobacteraceae	Loktanella marina	6221.0	1372	64	61	1295	0.9877955758962624	0.9555393586005831	0.9438775510204082	0.8617155079301916	0.8996385
AB246747	1394	6970	Rhodobacteraceae	Loktanella atrilutea	AJ582226	1449	7239	Rhodobacteraceae	Loktanella vestfoldensis	6445.0	1393	44	38	1332	0.9830258302583026	0.9727207465900933	0.9562096195262024	0.9016451179248465	0.9246772
AB246747	1394	6970	Rhodobacteraceae	Loktanella atrilutea	AM983542	1280	6400	Rhodobacteraceae	Loktanella pyoseonensis	5872.0	1280	44	44	1218	0.9854368932038835	0.965625	0.9515625	0.8883166540785498	0.9175
AB246747	1394	6970	Rhodobacteraceae	Loktanella atrilutea	AJ440997	1415	7075	Rhodobacteraceae	Loktanella salsilacus	6670.0	1372	12	11	1350	0.9919177075679647	0.9919825072886297	0.9839650145772595	0.9676129948263368	0.9569584
AB246747	1394	6970	Rhodobacteraceae	Loktanella atrilutea	EF202613	1419	7095	Rhodobacteraceae	Loktanella maricola	6293.0	1372	43	41	1306	0.9812171299774606	0.9701166180758017	0.9518950437317785	0.8953867867187258	0.90286946
AB246747	1394	6970	Rhodobacteraceae	Loktanella atrilutea	KJ855314	1387	6935	Rhodobacteraceae	Loktanella ponticola	6346.0	1372	44	41	1312	0.98572501878287	0.9701166180758017	0.956268221574344	0.8988651150532851	0.9150685
AB246747	1394	6970	Rhodobacteraceae	Loktanella atrilutea	AY682198	1396	6980	Rhodobacteraceae	Loktanella agnita	6218.0	1360	49	42	1292	0.9802731411229135	0.9691176470588235	0.95	0.8886444286728176	0.89210904
AB246747	1394	6970	Rhodobacteraceae	Loktanella atrilutea	DQ533556	1352	6760	Rhodobacteraceae	Loktanella tamlensis	6227.0	1351	40	40	1288	0.9824561403508771	0.9703923019985197	0.9533678756476683	0.8985372285938843	0.92115384
AB246747	1394	6970	Rhodobacteraceae	Loktanella atrilutea	KJ620985	1421	7105	Rhodobacteraceae	Loktanella sediminum	6267.0	1393	51	54	1310	0.9783420463032113	0.9633093525179857	0.9404163675520459	0.8720342909641202	0.89913917
AB246747	1394	6970	Rhodobacteraceae	Loktanella atrilutea	AY600300	1407	7035	Rhodobacteraceae	Loktanella hongkongensis	6211.0	1356	44	48	1288	0.9847094801223242	0.9674556213017751	0.9498525073746312	0.887433628318584	0.89110476
AB246747	1394	6970	Rhodobacteraceae	Loktanella atrilutea	KJ569528	1385	6925	Rhodobacteraceae	Loktanella variabilis	6312.0	1372	40	39	1308	0.981245311327832	0.9715743440233237	0.9533527696793003	0.9000136274663649	0.9114801
AB246747	1394	6970	Rhodobacteraceae	Loktanella atrilutea	KC987356	1385	6925	Rhodobacteraceae	Loktanella soesokkakensis	6290.0	1372	47	46	1305	0.9841628959276018	0.9664723032069971	0.9511661807580175	0.8888275938584435	0.90830326
AB246747	1394	6970	Rhodobacteraceae	Loktanella atrilutea	AY682199	1398	6990	Rhodobacteraceae	Loktanella rosea	6229.0	1361	39	36	1294	0.9766037735849057	0.973548861131521	0.9507714915503307	0.8998373045029916	0.89368725
AB246747	1394	6970	Rhodobacteraceae	Loktanella atrilutea	KJ855316	1385	6925	Rhodobacteraceae	Loktanella aestuariicola	6305.0	1372	45	44	1307	0.9841867469879518	0.967930029154519	0.9526239067055393	0.892790789064895	0.9104693
AB246747	1394	6970	Rhodobacteraceae	Loktanella atrilutea	AB688112	1385	6925	Rhodobacteraceae	Loktanella cinnabarina	6339.0	1372	41	40	1311	0.9842342342342343	0.9708454810495627	0.9555393586005831	0.9007632170247535	0.91537905
AB246747	1394	6970	Rhodobacteraceae	Loktanella atrilutea	AJ582225	1415	7075	Rhodobacteraceae	Loktanella fryxellensis	6656.0	1372	17	16	1348	0.9941002949852508	0.9883381924198251	0.9825072886297376	0.9591647828523571	0.9549498
KC311338	1384	6920	Rhodobacteraceae	Loktanella sediminilitoris	JN885197	1384	6920	Rhodobacteraceae	Loktanella litorea	6597.0	1384	25	25	1346	0.9904341427520236	0.9819364161849711	0.9725433526011561	0.9380315231972827	0.9533237
KC311338	1384	6920	Rhodobacteraceae	Loktanella sediminilitoris	DQ344498	1395	6975	Rhodobacteraceae	Loktanella koreensis	6579.0	1384	20	18	1345	0.9846266471449487	0.9869942196531792	0.971820809248555	0.9455179668329958	0.9507225
KC311338	1384	6920	Rhodobacteraceae	Loktanella sediminilitoris	AB894236	1447	7229	Rhodobacteraceae	Loktanella maritima	6770.0	1384	8	6	1367	0.9920174165457184	0.9956647398843931	0.9877167630057804	0.9777828300445153	0.9783237
KC311338	1384	6920	Rhodobacteraceae	Loktanella sediminilitoris	KU522242	1383	6915	Rhodobacteraceae	Loktanella marina	6359.0	1384	49	50	1317	0.987256371814093	0.9645697758496024	0.9515895953757225	0.8858482346344828	0.91959506
KC311338	1384	6920	Rhodobacteraceae	Loktanella sediminilitoris	AJ582226	1449	7239	Rhodobacteraceae	Loktanella vestfoldensis	6502.0	1384	36	35	1335	0.9896219421793921	0.9747109826589595	0.9645953757225434	0.9163656069364162	0.9395954
KC311338	1384	6920	Rhodobacteraceae	Loktanella sediminilitoris	AM983542	1280	6400	Rhodobacteraceae	Loktanella pyoseonensis	5847.0	1281	41	42	1215	0.9806295399515739	0.96796875	0.9484777517564403	0.8889288460107637	0.91359377
KC311338	1384	6920	Rhodobacteraceae	Loktanella sediminilitoris	AJ440997	1415	7075	Rhodobacteraceae	Loktanella salsilacus	6460.0	1384	24	23	1332	0.9786921381337252	0.9833815028901735	0.9624277456647399	0.9303012513137152	0.93352604
KC311338	1384	6920	Rhodobacteraceae	Loktanella sediminilitoris	EF202613	1419	7095	Rhodobacteraceae	Loktanella maricola	6734.0	1384	8	6	1363	0.9891146589259797	0.9956647398843931	0.9848265895953757	0.9749217244701349	0.9731214
KC311338	1384	6920	Rhodobacteraceae	Loktanella sediminilitoris	KJ855314	1387	6935	Rhodobacteraceae	Loktanella ponticola	6570.0	1384	26	23	1344	0.9875091844232182	0.9833815028901735	0.9710982658959537	0.9373508793506333	0.94942194
KC311338	1384	6920	Rhodobacteraceae	Loktanella sediminilitoris	AY682198	1396	6980	Rhodobacteraceae	Loktanella agnita	6530.0	1374	25	25	1334	0.9888806523350631	0.9818049490538574	0.9708879184861717	0.9361885647161157	0.9436416
KC311338	1384	6920	Rhodobacteraceae	Loktanella sediminilitoris	DQ533556	1352	6760	Rhodobacteraceae	Loktanella tamlensis	6586.0	1348	12	8	1331	0.9932835820895523	0.9940652818991098	0.9873887240356083	0.9728683016233199	0.97426033
KC311338	1384	6920	Rhodobacteraceae	Loktanella sediminilitoris	KJ620985	1421	7105	Rhodobacteraceae	Loktanella sediminum	6468.0	1384	28	30	1331	0.98301329394387	0.9797395079594791	0.9617052023121387	0.9222017308290622	0.9346821
KC311338	1384	6920	Rhodobacteraceae	Loktanella sediminilitoris	AY600300	1407	7035	Rhodobacteraceae	Loktanella hongkongensis	6337.0	1369	34	39	1309	0.9842105263157894	0.9750733137829912	0.956172388604821	0.9064214375227455	0.91575146
KC311338	1384	6920	Rhodobacteraceae	Loktanella sediminilitoris	KJ569528	1385	6925	Rhodobacteraceae	Loktanella variabilis	6432.0	1384	31	30	1328	0.9807976366322009	0.9783236994219653	0.9595375722543352	0.9181723482914275	0.9294798
KC311338	1384	6920	Rhodobacteraceae	Loktanella sediminilitoris	KC987356	1385	6925	Rhodobacteraceae	Loktanella soesokkakensis	6424.0	1384	33	32	1327	0.981508875739645	0.976878612716763	0.9588150289017341	0.9148326881264253	0.9283237
KC311338	1384	6920	Rhodobacteraceae	Loktanella sediminilitoris	AY682199	1398	6990	Rhodobacteraceae	Loktanella rosea	6693.0	1374	9	7	1354	0.9904901243599122	0.99490538573508	0.9854439592430859	0.9740433060631225	0.9671965
KC311338	1384	6920	Rhodobacteraceae	Loktanella sediminilitoris	KJ855316	1385	6925	Rhodobacteraceae	Loktanella aestuariicola	6432.0	1384	38	37	1327	0.9851521900519673	0.9732658959537572	0.9588150289017341	0.908244615984976	0.9294798
KC311338	1384	6920	Rhodobacteraceae	Loktanella sediminilitoris	AB688112	1385	6925	Rhodobacteraceae	Loktanella cinnabarina	6433.0	1384	40	39	1327	0.9866171003717472	0.971820809248555	0.9588150289017341	0.9056223412028317	0.92962426
KC311338	1384	6920	Rhodobacteraceae	Loktanella sediminilitoris	AJ582225	1415	7075	Rhodobacteraceae	Loktanella fryxellensis	6398.0	1384	31	30	1324	0.9778434268833087	0.9783236994219653	0.9566473988439307	0.9154067689291039	0.92456645
JN885197	1384	6920	Rhodobacteraceae	Loktanella litorea	DQ344498	1395	6975	Rhodobacteraceae	Loktanella koreensis	6552.0	1384	22	20	1342	0.9838709677419355	0.9855491329479769	0.9696531791907514	0.9406877214908854	0.9468208
JN885197	1384	6920	Rhodobacteraceae	Loktanella litorea	AB894236	1447	7229	Rhodobacteraceae	Loktanella maritima	6589.0	1384	27	25	1345	0.9896983075791023	0.9819364161849711	0.971820809248555	0.9360060097581758	0.95216763
JN885197	1384	6920	Rhodobacteraceae	Loktanella litorea	KU522242	1383	6915	Rhodobacteraceae	Loktanella marina	6333.0	1384	46	47	1314	0.9827973074046372	0.9667389732465654	0.9494219653179191	0.8876763410000404	0.91583514
JN885197	1384	6920	Rhodobacteraceae	Loktanella litorea	AJ582226	1449	7239	Rhodobacteraceae	Loktanella vestfoldensis	6463.0	1384	38	37	1330	0.9873793615441723	0.9732658959537572	0.9609826589595376	0.9102979195629375	0.93395954
JN885197	1384	6920	Rhodobacteraceae	Loktanella litorea	AM983542	1280	6400	Rhodobacteraceae	Loktanella pyoseonensis	5986.0	1281	27	28	1232	0.9832402234636871	0.97890625	0.9617486338797814	0.9213081332196987	0.9353125
JN885197	1384	6920	Rhodobacteraceae	Loktanella litorea	AJ440997	1415	7075	Rhodobacteraceae	Loktanella salsilacus	6438.0	1384	40	39	1327	0.9866171003717472	0.971820809248555	0.9588150289017341	0.9056223412028317	0.93034685
JN885197	1384	6920	Rhodobacteraceae	Loktanella litorea	EF202613	1419	7095	Rhodobacteraceae	Loktanella maricola	6584.0	1384	25	23	1345	0.988243938280676	0.9833815028901735	0.971820809248555	0.9387140676985687	0.9514451
JN885197	1384	6920	Rhodobacteraceae	Loktanella litorea	KJ855314	1387	6935	Rhodobacteraceae	Loktanella ponticola	6464.0	1384	38	35	1331	0.9866567828020756	0.9747109826589595	0.9617052023121387	0.9123349633748771	0.934104
JN885197	1384	6920	Rhodobacteraceae	Loktanella litorea	AY682198	1396	6980	Rhodobacteraceae	Loktanella agnita	6502.0	1374	23	23	1331	0.9851961509992598	0.9832605531295487	0.9687045123726347	0.9368072986509873	0.9395954
JN885197	1384	6920	Rhodobacteraceae	Loktanella litorea	DQ533556	1352	6760	Rhodobacteraceae	Loktanella tamlensis	6437.0	1348	24	20	1313	0.9887048192771084	0.9851632047477745	0.9740356083086054	0.942798314747688	0.95221895
JN885197	1384	6920	Rhodobacteraceae	Loktanella litorea	KJ620985	1421	7105	Rhodobacteraceae	Loktanella sediminum	6541.0	1384	26	28	1339	0.9874631268436578	0.9811866859623734	0.9674855491329479	0.9304329110810478	0.9452312
JN885197	1384	6920	Rhodobacteraceae	Loktanella litorea	AY600300	1407	7035	Rhodobacteraceae	Loktanella hongkongensis	6355.0	1369	39	44	1310	0.9886792452830189	0.9714076246334311	0.9569028487947406	0.9004945132478915	0.9183526
JN885197	1384	6920	Rhodobacteraceae	Loktanella litorea	KJ569528	1385	6925	Rhodobacteraceae	Loktanella variabilis	6400.0	1384	42	41	1323	0.9851079672375279	0.9703757225433526	0.9559248554913294	0.9002854704942885	0.9248555
JN885197	1384	6920	Rhodobacteraceae	Loktanella litorea	KC987356	1385	6925	Rhodobacteraceae	Loktanella soesokkakensis	6400.0	1384	41	40	1323	0.984375	0.9710982658959537	0.9559248554913294	0.9015880742318223	0.9248555
JN885197	1384	6920	Rhodobacteraceae	Loktanella litorea	AY682199	1398	6990	Rhodobacteraceae	Loktanella rosea	6523.0	1374	19	17	1334	0.9830508474576272	0.987627365356623	0.9708879184861717	0.9457967734283813	0.94263005
JN885197	1384	6920	Rhodobacteraceae	Loktanella litorea	KJ855316	1385	6925	Rhodobacteraceae	Loktanella aestuariicola	6471.0	1384	39	38	1331	0.9888558692421991	0.9725433526011561	0.9617052023121387	0.9096663403458459	0.93511564
JN885197	1384	6920	Rhodobacteraceae	Loktanella litorea	AB688112	1385	6925	Rhodobacteraceae	Loktanella cinnabarina	6444.0	1384	39	38	1328	0.986627043090639	0.9725433526011561	0.9595375722543352	0.9076160029896944	0.93121386
JN885197	1384	6920	Rhodobacteraceae	Loktanella litorea	AJ582225	1415	7075	Rhodobacteraceae	Loktanella fryxellensis	6381.0	1384	45	44	1320	0.9850746268656716	0.9682080924855492	0.953757225433526	0.8943559706654478	0.92210984
DQ344498	1395	6975	Rhodobacteraceae	Loktanella koreensis	AB894236	1447	7229	Rhodobacteraceae	Loktanella maritima	6632.0	1395	18	18	1355	0.9840232389251997	0.9870967741935484	0.9713261648745519	0.9465790014382577	0.9508244
DQ344498	1395	6975	Rhodobacteraceae	Loktanella koreensis	KU522242	1383	6915	Rhodobacteraceae	Loktanella marina	6299.0	1386	52	55	1310	0.9842223891810669	0.9624005784526392	0.9451659451659452	0.8748371856855862	0.9109183
DQ344498	1395	6975	Rhodobacteraceae	Loktanella koreensis	AJ582226	1449	7239	Rhodobacteraceae	Loktanella vestfoldensis	6412.0	1395	46	47	1328	0.9851632047477745	0.9670014347202296	0.9519713261648746	0.8905325105275856	0.91928315
DQ344498	1395	6975	Rhodobacteraceae	Loktanella koreensis	AM983542	1280	6400	Rhodobacteraceae	Loktanella pyoseonensis	5842.0	1281	35	36	1215	0.9759036144578314	0.97265625	0.9484777517564403	0.8973060797391856	0.9128125
DQ344498	1395	6975	Rhodobacteraceae	Loktanella koreensis	AJ440997	1415	7075	Rhodobacteraceae	Loktanella salsilacus	6462.0	1390	43	44	1332	0.9895988112927192	0.9690424766018718	0.958273381294964	0.9000948857104127	0.9264516
DQ344498	1395	6975	Rhodobacteraceae	Loktanella koreensis	EF202613	1419	7095	Rhodobacteraceae	Loktanella maricola	6646.0	1390	18	18	1355	0.9876093294460642	0.9870503597122302	0.9748201438848921	0.949895765206017	0.95283157
DQ344498	1395	6975	Rhodobacteraceae	Loktanella koreensis	KJ855314	1387	6935	Rhodobacteraceae	Loktanella ponticola	6573.0	1386	28	27	1344	0.9889624724061811	0.9805194805194806	0.9696969696969697	0.931978912176932	0.947801
DQ344498	1395	6975	Rhodobacteraceae	Loktanella koreensis	AY682198	1396	6980	Rhodobacteraceae	Loktanella agnita	6434.0	1380	31	33	1325	0.9836674090571641	0.9775036284470247	0.9601449275362319	0.9165947678180755	0.92243725
DQ344498	1395	6975	Rhodobacteraceae	Loktanella koreensis	DQ533556	1352	6760	Rhodobacteraceae	Loktanella tamlensis	6353.0	1353	30	31	1304	0.9863842662632375	0.977810650887574	0.9637841832963784	0.9212745410830168	0.9397929
DQ344498	1395	6975	Rhodobacteraceae	Loktanella koreensis	KJ620985	1421	7105	Rhodobacteraceae	Loktanella sediminum	6508.0	1395	21	25	1340	0.9781021897810219	0.9849029475197699	0.9605734767025089	0.9293684061316647	0.9330466
DQ344498	1395	6975	Rhodobacteraceae	Loktanella koreensis	AY600300	1407	7035	Rhodobacteraceae	Loktanella hongkongensis	6249.0	1375	44	51	1300	0.9818731117824774	0.9678362573099415	0.9454545454545454	0.8821577295150234	0.89591396
DQ344498	1395	6975	Rhodobacteraceae	Loktanella koreensis	KJ569528	1385	6925	Rhodobacteraceae	Loktanella variabilis	6316.0	1386	41	42	1314	0.9776785714285714	0.9703971119133574	0.948051948051948	0.8929094731477353	0.91205776
DQ344498	1395	6975	Rhodobacteraceae	Loktanella koreensis	KC987356	1385	6925	Rhodobacteraceae	Loktanella soesokkakensis	6335.0	1386	41	42	1316	0.9791666666666666	0.9703971119133574	0.9494949494949495	0.89426854388312	0.9148014
DQ344498	1395	6975	Rhodobacteraceae	Loktanella koreensis	AY682199	1398	6990	Rhodobacteraceae	Loktanella rosea	6537.0	1380	21	21	1338	0.9845474613686535	0.9847826086956522	0.9695652173913043	0.9404990224373895	0.9372043
DQ344498	1395	6975	Rhodobacteraceae	Loktanella koreensis	KJ855316	1385	6925	Rhodobacteraceae	Loktanella aestuariicola	6385.0	1386	35	36	1322	0.9792592592592593	0.9747292418772563	0.9538239538239538	0.906166317848232	0.9220217
DQ344498	1395	6975	Rhodobacteraceae	Loktanella koreensis	AB688112	1385	6925	Rhodobacteraceae	Loktanella cinnabarina	6377.0	1386	44	45	1320	0.9843400447427293	0.9682310469314079	0.9523809523809523	0.8931068931068931	0.92086643
DQ344498	1395	6975	Rhodobacteraceae	Loktanella koreensis	AJ582225	1415	7075	Rhodobacteraceae	Loktanella fryxellensis	6382.0	1390	51	52	1322	0.9880418535127056	0.9632829373650108	0.9510791366906475	0.8830977688355908	0.9149821
AB894236	1447	7229	Rhodobacteraceae	Loktanella maritima	KU522242	1383	6915	Rhodobacteraceae	Loktanella marina	6407.0	1386	41	44	1323	0.9858420268256334	0.970354302241504	0.9545454545454546	0.897687456201822	0.9265365
AB894236	1447	7229	Rhodobacteraceae	Loktanella maritima	AJ582226	1449	7239	Rhodobacteraceae	Loktanella vestfoldensis	6763.0	1439	34	39	1387	0.9907142857142858	0.9762900976290098	0.9638637943015983	0.9160959348419807	0.9355374
AB894236	1447	7229	Rhodobacteraceae	Loktanella maritima	AM983542	1280	6400	Rhodobacteraceae	Loktanella pyoseonensis	5779.0	1281	49	50	1206	0.9796913078797725	0.96171875	0.9414519906323185	0.8713739853145746	0.90296876
AB894236	1447	7229	Rhodobacteraceae	Loktanella maritima	AJ440997	1415	7075	Rhodobacteraceae	Loktanella salsilacus	6596.0	1417	36	38	1359	0.9854967367657723	0.9745583038869258	0.9590684544812985	0.9102239495730976	0.9322968
AB894236	1447	7229	Rhodobacteraceae	Loktanella maritima	EF202613	1419	7095	Rhodobacteraceae	Loktanella maricola	6896.0	1420	10	11	1396	0.9907735982966643	0.992952783650458	0.9830985915492958	0.9686614793657047	0.9719521
AB894236	1447	7229	Rhodobacteraceae	Loktanella maritima	KJ855314	1387	6935	Rhodobacteraceae	Loktanella ponticola	6523.0	1386	22	21	1339	0.9809523809523809	0.9848484848484849	0.9660894660894661	0.9365853133608816	0.9405912
AB894236	1447	7229	Rhodobacteraceae	Loktanella maritima	AY682198	1396	6980	Rhodobacteraceae	Loktanella agnita	6631.0	1399	29	32	1355	0.9912216532553035	0.9792263610315186	0.9685489635453896	0.9271753733659297	0.95
AB894236	1447	7229	Rhodobacteraceae	Loktanella maritima	DQ533556	1352	6760	Rhodobacteraceae	Loktanella tamlensis	6597.0	1350	13	11	1332	0.9947722180731889	0.9918518518518519	0.9866666666666667	0.9692932257275618	0.9758876
AB894236	1447	7229	Rhodobacteraceae	Loktanella maritima	KJ620985	1421	7105	Rhodobacteraceae	Loktanella sediminum	6545.0	1412	27	31	1351	0.9782766111513396	0.9808238636363636	0.9567988668555241	0.9182343538064481	0.9211823
AB894236	1447	7229	Rhodobacteraceae	Loktanella maritima	AY600300	1407	7035	Rhodobacteraceae	Loktanella hongkongensis	6518.0	1416	39	48	1348	0.9853801169590644	0.9722814498933902	0.9519774011299436	0.8950550410623799	0.92651033
AB894236	1447	7229	Rhodobacteraceae	Loktanella maritima	KJ569528	1385	6925	Rhodobacteraceae	Loktanella variabilis	6368.0	1386	36	37	1320	0.9785025945144552	0.9740072202166065	0.9523809523809523	0.9034893845020426	0.9195668
AB894236	1447	7229	Rhodobacteraceae	Loktanella maritima	KC987356	1385	6925	Rhodobacteraceae	Loktanella soesokkakensis	6396.0	1386	38	39	1323	0.9821826280623608	0.9725631768953069	0.9545454545454546	0.9029302860061287	0.9236101
AB894236	1447	7229	Rhodobacteraceae	Loktanella maritima	AY682199	1398	6990	Rhodobacteraceae	Loktanella rosea	6747.0	1399	19	20	1369	0.9927483683828862	0.9864091559370529	0.9785561115082202	0.9516423679618023	0.96523607
AB894236	1447	7229	Rhodobacteraceae	Loktanella maritima	KJ855316	1385	6925	Rhodobacteraceae	Loktanella aestuariicola	6377.0	1386	43	44	1320	0.9836065573770492	0.9689530685920578	0.9523809523809523	0.8943983471625179	0.92086643
AB894236	1447	7229	Rhodobacteraceae	Loktanella maritima	AB688112	1385	6925	Rhodobacteraceae	Loktanella cinnabarina	6455.0	1386	33	34	1330	0.9837278106508875	0.976173285198556	0.9595959595959596	0.9142873413486522	0.93213
AB894236	1447	7229	Rhodobacteraceae	Loktanella maritima	AJ582225	1415	7075	Rhodobacteraceae	Loktanella fryxellensis	6532.0	1417	42	44	1351	0.9839766933721777	0.9703180212014134	0.9534227240649259	0.8972237149699406	0.92325085
KU522242	1383	6915	Rhodobacteraceae	Loktanella marina	AJ582226	1449	7239	Rhodobacteraceae	Loktanella vestfoldensis	6499.0	1383	29	27	1335	0.9845132743362832	0.9804772234273319	0.96529284164859	0.9270092728579943	0.9398409
KU522242	1383	6915	Rhodobacteraceae	Loktanella marina	AM983542	1280	6400	Rhodobacteraceae	Loktanella pyoseonensis	5863.0	1278	52	50	1215	0.989413680781759	0.9608763693270735	0.9507042253521126	0.877793074234883	0.91609377
KU522242	1383	6915	Rhodobacteraceae	Loktanella marina	AJ440997	1415	7075	Rhodobacteraceae	Loktanella salsilacus	6371.0	1383	45	43	1318	0.9835820895522388	0.9689081706435285	0.953000723065799	0.8942723871905957	0.92133045
KU522242	1383	6915	Rhodobacteraceae	Loktanella marina	EF202613	1419	7095	Rhodobacteraceae	Loktanella maricola	6369.0	1383	45	42	1319	0.9835943325876212	0.9696312364425163	0.9537237888647867	0.895618768114621	0.9210412
KU522242	1383	6915	Rhodobacteraceae	Loktanella marina	KJ855314	1387	6935	Rhodobacteraceae	Loktanella ponticola	6363.0	1383	40	36	1319	0.9792130660727543	0.9739696312364425	0.9537237888647867	0.902787029937363	0.9201735
KU522242	1383	6915	Rhodobacteraceae	Loktanella marina	AY682198	1396	6980	Rhodobacteraceae	Loktanella agnita	6476.0	1373	27	26	1328	0.985894580549369	0.9810633648943918	0.9672250546249089	0.930608677556966	0.9365148
KU522242	1383	6915	Rhodobacteraceae	Loktanella marina	DQ533556	1352	6760	Rhodobacteraceae	Loktanella tamlensis	6183.0	1347	51	46	1282	0.9853958493466565	0.9658500371195249	0.9517446176688938	0.8857079739536701	0.91464496
KU522242	1383	6915	Rhodobacteraceae	Loktanella marina	KJ620985	1421	7105	Rhodobacteraceae	Loktanella sediminum	6226.0	1383	43	44	1302	0.9723674383868559	0.9688856729377714	0.9414316702819957	0.8839950957276242	0.90036154
KU522242	1383	6915	Rhodobacteraceae	Loktanella marina	AY600300	1407	7035	Rhodobacteraceae	Loktanella hongkongensis	6280.0	1368	45	49	1301	0.9863532979529946	0.967008797653959	0.9510233918128655	0.8877564428883012	0.90817064
KU522242	1383	6915	Rhodobacteraceae	Loktanella marina	KJ569528	1385	6925	Rhodobacteraceae	Loktanella variabilis	6386.0	1383	41	39	1321	0.9828869047619048	0.9718004338394793	0.9551699204627621	0.90150868897609	0.92349964
KU522242	1383	6915	Rhodobacteraceae	Loktanella marina	KC987356	1385	6925	Rhodobacteraceae	Loktanella soesokkakensis	6396.0	1383	45	43	1322	0.9865671641791045	0.9689081706435285	0.9558929862617498	0.8969864156797932	0.9249458
KU522242	1383	6915	Rhodobacteraceae	Loktanella marina	AY682199	1398	6990	Rhodobacteraceae	Loktanella rosea	6301.0	1373	45	42	1307	0.9819684447783621	0.9694100509832484	0.9519300801165331	0.8935253431841365	0.9112075
KU522242	1383	6915	Rhodobacteraceae	Loktanella marina	KJ855316	1385	6925	Rhodobacteraceae	Loktanella aestuariicola	6343.0	1383	51	49	1315	0.9857571214392804	0.9645697758496024	0.9508315256688359	0.8845252825956953	0.91728127
KU522242	1383	6915	Rhodobacteraceae	Loktanella marina	AB688112	1385	6925	Rhodobacteraceae	Loktanella cinnabarina	6390.0	1383	44	42	1321	0.9850857568978374	0.9696312364425163	0.9551699204627621	0.897605370245665	0.9240781
KU522242	1383	6915	Rhodobacteraceae	Loktanella marina	AJ582225	1415	7075	Rhodobacteraceae	Loktanella fryxellensis	6338.0	1383	50	48	1314	0.9842696629213483	0.96529284164859	0.9501084598698482	0.8851324451683512	0.9165582
AJ582226	1449	7239	Rhodobacteraceae	Loktanella vestfoldensis	AM983542	1280	6400	Rhodobacteraceae	Loktanella pyoseonensis	5798.0	1280	52	52	1208	0.9837133550488599	0.959375	0.94375	0.8700638138138138	0.9059375
AJ582226	1449	7239	Rhodobacteraceae	Loktanella vestfoldensis	AJ440997	1415	7075	Rhodobacteraceae	Loktanella salsilacus	6644.0	1415	28	28	1364	0.9834174477289113	0.9802120141342756	0.9639575971731449	0.9265482933327457	0.93908125
AJ582226	1449	7239	Rhodobacteraceae	Loktanella vestfoldensis	EF202613	1419	7095	Rhodobacteraceae	Loktanella maricola	6633.0	1418	40	39	1364	0.9891225525743292	0.9724964739069112	0.9619181946403385	0.909797798634449	0.9348837
AJ582226	1449	7239	Rhodobacteraceae	Loktanella vestfoldensis	KJ855314	1387	6935	Rhodobacteraceae	Loktanella ponticola	6379.0	1385	40	38	1321	0.9806978470675576	0.9725631768953069	0.9537906137184116	0.9015831274938249	0.919827
AJ582226	1449	7239	Rhodobacteraceae	Loktanella vestfoldensis	AY682198	1396	6980	Rhodobacteraceae	Loktanella agnita	6689.0	1397	24	25	1362	0.9927113702623906	0.9828080229226361	0.9749463135289907	0.9413274751314393	0.9583095
AJ582226	1449	7239	Rhodobacteraceae	Loktanella vestfoldensis	DQ533556	1352	6760	Rhodobacteraceae	Loktanella tamlensis	6345.0	1349	34	31	1302	0.9878603945371776	0.9770200148257969	0.9651593773165308	0.9197975844563903	0.9386095
AJ582226	1449	7239	Rhodobacteraceae	Loktanella vestfoldensis	KJ620985	1421	7105	Rhodobacteraceae	Loktanella sediminum	6478.0	1424	43	46	1348	0.9782293178519593	0.9697396199859254	0.9466292134831461	0.889199083967127	0.9117523
AJ582226	1449	7239	Rhodobacteraceae	Loktanella vestfoldensis	AY600300	1407	7035	Rhodobacteraceae	Loktanella hongkongensis	6506.0	1411	44	48	1345	0.9867938371239912	0.968727789623312	0.9532246633593197	0.8929520385970809	0.92480457
AJ582226	1449	7239	Rhodobacteraceae	Loktanella vestfoldensis	KJ569528	1385	6925	Rhodobacteraceae	Loktanella variabilis	6342.0	1385	45	45	1316	0.982089552238806	0.9675090252707581	0.9501805054151624	0.890378935144278	0.91581225
AJ582226	1449	7239	Rhodobacteraceae	Loktanella vestfoldensis	KC987356	1385	6925	Rhodobacteraceae	Loktanella soesokkakensis	6367.0	1385	44	44	1319	0.9835943325876212	0.9682310469314079	0.9523465703971119	0.8936996157470448	0.9194224
AJ582226	1449	7239	Rhodobacteraceae	Loktanella vestfoldensis	AY682199	1398	6990	Rhodobacteraceae	Loktanella rosea	6537.0	1397	38	37	1344	0.9882352941176471	0.9735146743020758	0.9620615604867573	0.9117795973951149	0.9351931
AJ582226	1449	7239	Rhodobacteraceae	Loktanella vestfoldensis	KJ855316	1385	6925	Rhodobacteraceae	Loktanella aestuariicola	6376.0	1385	45	45	1320	0.9850746268656716	0.9675090252707581	0.9530685920577617	0.8930852540960844	0.920722
AJ582226	1449	7239	Rhodobacteraceae	Loktanella vestfoldensis	AB688112	1385	6925	Rhodobacteraceae	Loktanella cinnabarina	6467.0	1385	36	36	1331	0.9866567828020756	0.9740072202166065	0.9610108303249097	0.9123178114766384	0.9338628
AJ582226	1449	7239	Rhodobacteraceae	Loktanella vestfoldensis	AJ582225	1415	7075	Rhodobacteraceae	Loktanella fryxellensis	6607.0	1415	29	29	1360	0.9812409812409812	0.9795053003533569	0.9611307420494699	0.9225257676458208	0.9338516
AM983542	1280	6400	Rhodobacteraceae	Loktanella pyoseonensis	AJ440997	1415	7075	Rhodobacteraceae	Loktanella salsilacus	5893.0	1280	37	37	1221	0.9823008849557522	0.97109375	0.95390625	0.9003078730068337	0.92078125
AM983542	1280	6400	Rhodobacteraceae	Loktanella pyoseonensis	EF202613	1419	7095	Rhodobacteraceae	Loktanella maricola	5884.0	1280	35	34	1220	0.9791332263242376	0.9734375	0.953125	0.9031131178707225	0.919375
AM983542	1280	6400	Rhodobacteraceae	Loktanella pyoseonensis	KJ855314	1387	6935	Rhodobacteraceae	Loktanella ponticola	5769.0	1280	54	52	1205	0.9812703583061889	0.959375	0.94140625	0.8666018553223388	0.9014062
AM983542	1280	6400	Rhodobacteraceae	Loktanella pyoseonensis	AY682198	1396	6980	Rhodobacteraceae	Loktanella agnita	5857.0	1280	49	50	1214	0.9869918699186991	0.9616888193901486	0.9484375	0.8777863995485328	0.91515625
AM983542	1280	6400	Rhodobacteraceae	Loktanella pyoseonensis	DQ533556	1352	6760	Rhodobacteraceae	Loktanella tamlensis	5821.0	1280	47	44	1211	0.9797734627831716	0.965625	0.94609375	0.8812146759608139	0.90953124
AM983542	1280	6400	Rhodobacteraceae	Loktanella pyoseonensis	KJ620985	1421	7105	Rhodobacteraceae	Loktanella sediminum	5778.0	1280	50	51	1206	0.9812855980471928	0.9609069585613761	0.9421875	0.8706379229323308	0.9028125
AM983542	1280	6400	Rhodobacteraceae	Loktanella pyoseonensis	AY600300	1407	7035	Rhodobacteraceae	Loktanella hongkongensis	6102.0	1280	26	28	1244	0.9936102236421726	0.9796557120500783	0.971875	0.9316902756508424	0.9534375
AM983542	1280	6400	Rhodobacteraceae	Loktanella pyoseonensis	KJ569528	1385	6925	Rhodobacteraceae	Loktanella variabilis	6160.0	1280	24	24	1251	0.9960191082802548	0.98125	0.97734375	0.9413679064417179	0.9625
AM983542	1280	6400	Rhodobacteraceae	Loktanella pyoseonensis	KC987356	1385	6925	Rhodobacteraceae	Loktanella soesokkakensis	6123.0	1280	22	22	1247	0.9912559618441972	0.9828125	0.97421875	0.9412958429339479	0.95671874
AM983542	1280	6400	Rhodobacteraceae	Loktanella pyoseonensis	AY682199	1398	6990	Rhodobacteraceae	Loktanella rosea	5866.0	1280	34	33	1218	0.9767441860465116	0.97421875	0.9515625	0.903042950913242	0.9165625
AM983542	1280	6400	Rhodobacteraceae	Loktanella pyoseonensis	KJ855316	1385	6925	Rhodobacteraceae	Loktanella aestuariicola	6190.0	1280	16	16	1255	0.992879746835443	0.9875	0.98046875	0.9562596450617284	0.9671875
AM983542	1280	6400	Rhodobacteraceae	Loktanella pyoseonensis	AB688112	1385	6925	Rhodobacteraceae	Loktanella cinnabarina	6072.0	1280	26	26	1241	0.9896331738437002	0.9796875	0.96953125	0.9309281680704441	0.94875
AM983542	1280	6400	Rhodobacteraceae	Loktanella pyoseonensis	AJ582225	1415	7075	Rhodobacteraceae	Loktanella fryxellensis	5837.0	1280	42	42	1214	0.9806138933764136	0.9671875	0.9484375	0.8881736951588503	0.91203123
AJ440997	1415	7075	Rhodobacteraceae	Loktanella salsilacus	EF202613	1419	7095	Rhodobacteraceae	Loktanella maricola	6604.0	1415	37	36	1360	0.9862218999274837	0.9745583038869258	0.9611307420494699	0.9128094306378919	0.9334276
AJ440997	1415	7075	Rhodobacteraceae	Loktanella salsilacus	KJ855314	1387	6935	Rhodobacteraceae	Loktanella ponticola	6460.0	1385	34	32	1331	0.983739837398374	0.9768953068592058	0.9610108303249097	0.9163126521702628	0.9315069
AJ440997	1415	7075	Rhodobacteraceae	Loktanella salsilacus	AY682198	1396	6980	Rhodobacteraceae	Loktanella agnita	6488.0	1397	36	37	1338	0.9838235294117647	0.9742120343839542	0.9577666428060129	0.9089760182946109	0.9295129
AJ440997	1415	7075	Rhodobacteraceae	Loktanella salsilacus	DQ533556	1352	6760	Rhodobacteraceae	Loktanella tamlensis	6280.0	1352	36	36	1295	0.9840425531914894	0.9733727810650887	0.9578402366863905	0.9081539996248487	0.92899406
AJ440997	1415	7075	Rhodobacteraceae	Loktanella salsilacus	KJ620985	1421	7105	Rhodobacteraceae	Loktanella sediminum	6404.0	1404	42	45	1331	0.9793966151582045	0.9700214132762313	0.948005698005698	0.8909680107812888	0.905159
AJ440997	1415	7075	Rhodobacteraceae	Loktanella salsilacus	AY600300	1407	7035	Rhodobacteraceae	Loktanella hongkongensis	6493.0	1400	29	36	1340	0.9824046920821115	0.9791816223977028	0.9571428571428572	0.9136059182245326	0.92295665
AJ440997	1415	7075	Rhodobacteraceae	Loktanella salsilacus	KJ569528	1385	6925	Rhodobacteraceae	Loktanella variabilis	6446.0	1385	28	28	1330	0.9801031687546058	0.9797833935018051	0.9602888086642599	0.9222306534730366	0.9308303
AJ440997	1415	7075	Rhodobacteraceae	Loktanella salsilacus	KC987356	1385	6925	Rhodobacteraceae	Loktanella soesokkakensis	6430.0	1385	32	32	1328	0.9815225424981523	0.9768953068592058	0.9588447653429603	0.915537732892749	0.92851985
AJ440997	1415	7075	Rhodobacteraceae	Loktanella salsilacus	AY682199	1398	6990	Rhodobacteraceae	Loktanella rosea	6500.0	1397	28	27	1341	0.9788321167883212	0.98067287043665	0.9599141016463851	0.9228647854424896	0.9298999
AJ440997	1415	7075	Rhodobacteraceae	Loktanella salsilacus	KJ855316	1385	6925	Rhodobacteraceae	Loktanella aestuariicola	6436.0	1385	34	34	1328	0.9829755736491488	0.9754512635379061	0.9588447653429603	0.9128958970953766	0.92938626
AJ440997	1415	7075	Rhodobacteraceae	Loktanella salsilacus	AB688112	1385	6925	Rhodobacteraceae	Loktanella cinnabarina	6469.0	1385	28	28	1332	0.9815770081061165	0.9797833935018051	0.9617328519855596	0.923617466485778	0.93415165
AJ440997	1415	7075	Rhodobacteraceae	Loktanella salsilacus	AJ582225	1415	7075	Rhodobacteraceae	Loktanella fryxellensis	6919.0	1415	9	9	1397	0.9935988620199147	0.9936395759717315	0.9872791519434629	0.9747994997419304	0.9779505
EF202613	1419	7095	Rhodobacteraceae	Loktanella maricola	KJ855314	1387	6935	Rhodobacteraceae	Loktanella ponticola	6536.0	1386	21	20	1341	0.9816983894582724	0.9855699855699855	0.9675324675324676	0.9393385576754447	0.9424658
EF202613	1419	7095	Rhodobacteraceae	Loktanella maricola	AY682198	1396	6980	Rhodobacteraceae	Loktanella agnita	6554.0	1398	34	36	1346	0.9882525697503671	0.9756446991404012	0.9628040057224606	0.9157395641019492	0.9389685
EF202613	1419	7095	Rhodobacteraceae	Loktanella maricola	DQ533556	1352	6760	Rhodobacteraceae	Loktanella tamlensis	6524.0	1350	15	13	1324	0.9902767389678384	0.9903703703703703	0.9807407407407407	0.9606229819563152	0.9650888
EF202613	1419	7095	Rhodobacteraceae	Loktanella maricola	KJ620985	1421	7105	Rhodobacteraceae	Loktanella sediminum	6554.0	1405	22	26	1350	0.9789702683103698	0.9842969307637401	0.9608540925266904	0.9285338427430316	0.92374915
EF202613	1419	7095	Rhodobacteraceae	Loktanella maricola	AY600300	1407	7035	Rhodobacteraceae	Loktanella hongkongensis	6467.0	1404	35	43	1338	0.9831006612784717	0.9749283667621776	0.9529914529914529	0.9013352102302762	0.91926086
EF202613	1419	7095	Rhodobacteraceae	Loktanella maricola	KJ569528	1385	6925	Rhodobacteraceae	Loktanella variabilis	6405.0	1386	30	31	1325	0.977859778597786	0.9783393501805054	0.9559884559884559	0.914805337474829	0.9249098
EF202613	1419	7095	Rhodobacteraceae	Loktanella maricola	KC987356	1385	6925	Rhodobacteraceae	Loktanella soesokkakensis	6425.0	1386	34	35	1327	0.9822353811991118	0.9754512635379061	0.9574314574314574	0.9109083795703514	0.92779785
EF202613	1419	7095	Rhodobacteraceae	Loktanella maricola	AY682199	1398	6990	Rhodobacteraceae	Loktanella rosea	6816.0	1398	6	6	1378	0.9899425287356322	0.9957081545064378	0.9856938483547926	0.9772691146081703	0.9751073
EF202613	1419	7095	Rhodobacteraceae	Loktanella maricola	KJ855316	1385	6925	Rhodobacteraceae	Loktanella aestuariicola	6414.0	1386	37	38	1325	0.9829376854599406	0.9732851985559566	0.9559884559884559	0.9056025570431754	0.9262094
EF202613	1419	7095	Rhodobacteraceae	Loktanella maricola	AB688112	1385	6925	Rhodobacteraceae	Loktanella cinnabarina	6431.0	1386	40	41	1327	0.9866171003717472	0.9711191335740073	0.9574314574314574	0.9030472021355612	0.92866427
EF202613	1419	7095	Rhodobacteraceae	Loktanella maricola	AJ582225	1415	7075	Rhodobacteraceae	Loktanella fryxellensis	6541.0	1416	42	43	1352	0.9847050254916242	0.9703180212014134	0.9548022598870056	0.8991382049553215	0.924523
KJ855314	1387	6935	Rhodobacteraceae	Loktanella ponticola	AY682198	1396	6980	Rhodobacteraceae	Loktanella agnita	6387.0	1377	34	37	1318	0.9835820895522388	0.975254730713246	0.9571532316630356	0.90899031213924	0.9209805
KJ855314	1387	6935	Rhodobacteraceae	Loktanella ponticola	DQ533556	1352	6760	Rhodobacteraceae	Loktanella tamlensis	6364.0	1354	27	29	1306	0.9856603773584905	0.9800295857988166	0.9645494830132939	0.9254366871778525	0.94142014
KJ855314	1387	6935	Rhodobacteraceae	Loktanella ponticola	KJ620985	1421	7105	Rhodobacteraceae	Loktanella sediminum	6403.0	1387	28	33	1324	0.9778434268833087	0.9797395079594791	0.9545782263878875	0.9134267975471376	0.9232877
KJ855314	1387	6935	Rhodobacteraceae	Loktanella ponticola	AY600300	1407	7035	Rhodobacteraceae	Loktanella hongkongensis	6176.0	1372	49	57	1290	0.9809885931558935	0.9640762463343109	0.9402332361516035	0.8700962037574657	0.89055514
KJ855314	1387	6935	Rhodobacteraceae	Loktanella ponticola	KJ569528	1385	6925	Rhodobacteraceae	Loktanella variabilis	6262.0	1387	43	45	1308	0.9746646795827124	0.9689530685920578	0.943042537851478	0.8850091509067717	0.9042599
KJ855314	1387	6935	Rhodobacteraceae	Loktanella ponticola	KC987356	1385	6925	Rhodobacteraceae	Loktanella soesokkakensis	6264.0	1387	46	48	1308	0.9768483943241225	0.9667870036101083	0.943042537851478	0.8811821061989735	0.90454876
KJ855314	1387	6935	Rhodobacteraceae	Loktanella ponticola	AY682199	1398	6990	Rhodobacteraceae	Loktanella rosea	6424.0	1377	29	30	1323	0.9821826280623608	0.9789244186046512	0.9607843137254902	0.9204669065350181	0.9263158
KJ855314	1387	6935	Rhodobacteraceae	Loktanella ponticola	KJ855316	1385	6925	Rhodobacteraceae	Loktanella aestuariicola	6245.0	1387	49	51	1305	0.9767964071856288	0.9646209386281589	0.9408795962509012	0.8753587330022312	0.90180504
KJ855314	1387	6935	Rhodobacteraceae	Loktanella ponticola	AB688112	1385	6925	Rhodobacteraceae	Loktanella cinnabarina	6291.0	1387	53	55	1310	0.9834834834834835	0.9617328519855596	0.9444844989185291	0.8736481614996394	0.9084477
KJ855314	1387	6935	Rhodobacteraceae	Loktanella ponticola	AJ582225	1415	7075	Rhodobacteraceae	Loktanella fryxellensis	6402.0	1387	37	39	1324	0.9821958456973294	0.9732851985559566	0.9545782263878875	0.9036316356537024	0.92314345
AY682198	1396	6980	Rhodobacteraceae	Loktanella agnita	DQ533556	1352	6760	Rhodobacteraceae	Loktanella tamlensis	6414.0	1348	22	18	1311	0.9857142857142858	0.9866468842729971	0.9725519287833828	0.9441562520305833	0.9488166
AY682198	1396	6980	Rhodobacteraceae	Loktanella agnita	KJ620985	1421	7105	Rhodobacteraceae	Loktanella sediminum	6404.0	1393	31	33	1327	0.975735294117647	0.9777138749101366	0.9526202440775305	0.909805851085282	0.9174785
AY682198	1396	6980	Rhodobacteraceae	Loktanella agnita	AY600300	1407	7035	Rhodobacteraceae	Loktanella hongkongensis	6394.0	1391	48	53	1323	0.9887892376681614	0.9653679653679653	0.9511143062544932	0.8843578469551856	0.91604584
AY682198	1396	6980	Rhodobacteraceae	Loktanella agnita	KJ569528	1385	6925	Rhodobacteraceae	Loktanella variabilis	6342.0	1374	47	46	1311	0.9871987951807228	0.9665211062590975	0.9541484716157205	0.891702442157408	0.91581225
AY682198	1396	6980	Rhodobacteraceae	Loktanella agnita	KC987356	1385	6925	Rhodobacteraceae	Loktanella soesokkakensis	6304.0	1374	49	48	1307	0.9856711915535445	0.9650655021834061	0.9512372634643377	0.8863953698901699	0.91032493
AY682198	1396	6980	Rhodobacteraceae	Loktanella agnita	AY682199	1398	6990	Rhodobacteraceae	Loktanella rosea	6601.0	1396	29	27	1352	0.987582176771366	0.9806590257879656	0.9684813753581661	0.9304217563967224	0.945702
AY682198	1396	6980	Rhodobacteraceae	Loktanella agnita	KJ855316	1385	6925	Rhodobacteraceae	Loktanella aestuariicola	6303.0	1374	53	52	1306	0.9878971255673222	0.9621542940320232	0.950509461426492	0.8805700826950401	0.9101805
AY682198	1396	6980	Rhodobacteraceae	Loktanella agnita	AB688112	1385	6925	Rhodobacteraceae	Loktanella cinnabarina	6348.0	1374	46	45	1312	0.9872084273890143	0.9672489082969432	0.9548762736535662	0.8936834983701334	0.9166787
AY682198	1396	6980	Rhodobacteraceae	Loktanella agnita	AJ582225	1415	7075	Rhodobacteraceae	Loktanella fryxellensis	6425.0	1396	41	40	1331	0.9815634218289085	0.9713467048710601	0.9534383954154728	0.8996955213523877	0.9204871
DQ533556	1352	6760	Rhodobacteraceae	Loktanella tamlensis	KJ620985	1421	7105	Rhodobacteraceae	Loktanella sediminum	6217.0	1352	36	42	1287	0.982442748091603	0.9732540861812778	0.9519230769230769	0.8984288406118377	0.9196746
DQ533556	1352	6760	Rhodobacteraceae	Loktanella tamlensis	AY600300	1407	7035	Rhodobacteraceae	Loktanella hongkongensis	6249.0	1352	32	41	1290	0.9839816933638444	0.9761727475800447	0.9541420118343196	0.9038151571638677	0.92440826
DQ533556	1352	6760	Rhodobacteraceae	Loktanella tamlensis	KJ569528	1385	6925	Rhodobacteraceae	Loktanella variabilis	6228.0	1352	31	34	1289	0.9779969650986343	0.9770200148257969	0.9534023668639053	0.908593144993946	0.9213018
DQ533556	1352	6760	Rhodobacteraceae	Loktanella tamlensis	KC987356	1385	6925	Rhodobacteraceae	Loktanella soesokkakensis	6256.0	1352	33	36	1292	0.9817629179331308	0.9755374351371386	0.9556213017751479	0.9080127315062055	0.92544377
DQ533556	1352	6760	Rhodobacteraceae	Loktanella tamlensis	AY682199	1398	6990	Rhodobacteraceae	Loktanella rosea	6525.0	1352	13	15	1324	0.9902767389678384	0.9903703703703703	0.9792899408284024	0.9592019420421787	0.96523666
DQ533556	1352	6760	Rhodobacteraceae	Loktanella tamlensis	KJ855316	1385	6925	Rhodobacteraceae	Loktanella aestuariicola	6237.0	1352	37	40	1289	0.9824695121951219	0.9725722757598221	0.9534023668639053	0.9005499678368926	0.9226331
DQ533556	1352	6760	Rhodobacteraceae	Loktanella tamlensis	AB688112	1385	6925	Rhodobacteraceae	Loktanella cinnabarina	6324.0	1352	28	31	1300	0.9841029523088569	0.9792438843587843	0.9615384615384616	0.9204292084726867	0.93550295
DQ533556	1352	6760	Rhodobacteraceae	Loktanella tamlensis	AJ582225	1415	7075	Rhodobacteraceae	Loktanella fryxellensis	6231.0	1352	40	40	1289	0.9824695121951219	0.9704142011834319	0.9534023668639053	0.8986091273889683	0.92174554
KJ620985	1421	7105	Rhodobacteraceae	Loktanella sediminum	AY600300	1407	7035	Rhodobacteraceae	Loktanella hongkongensis	6261.0	1386	48	51	1307	0.9790262172284644	0.96529284164859	0.943001443001443	0.8778988329197533	0.8899787
KJ620985	1421	7105	Rhodobacteraceae	Loktanella sediminum	KJ569528	1385	6925	Rhodobacteraceae	Loktanella variabilis	6301.0	1382	47	44	1311	0.9798206278026906	0.9681620839363242	0.9486251808972503	0.8882158796644654	0.9098917
KJ620985	1421	7105	Rhodobacteraceae	Loktanella sediminum	KC987356	1385	6925	Rhodobacteraceae	Loktanella soesokkakensis	6257.0	1382	49	46	1306	0.9775449101796407	0.9667149059334298	0.9450072358900145	0.8822709064633538	0.9035379
KJ620985	1421	7105	Rhodobacteraceae	Loktanella sediminum	AY682199	1398	6990	Rhodobacteraceae	Loktanella rosea	6488.0	1391	27	23	1338	0.9780701754385965	0.9834651329978433	0.9618979151689432	0.9279804992603062	0.92818314
KJ620985	1421	7105	Rhodobacteraceae	Loktanella sediminum	KJ855316	1385	6925	Rhodobacteraceae	Loktanella aestuariicola	6279.0	1382	54	51	1308	0.9827197595792637	0.9630969609261939	0.9464544138929089	0.8772498780581209	0.9067148
KJ620985	1421	7105	Rhodobacteraceae	Loktanella sediminum	AB688112	1385	6925	Rhodobacteraceae	Loktanella cinnabarina	6233.0	1382	54	51	1303	0.9789631855747558	0.9630969609261939	0.942836468885673	0.8738964763835868	0.9000722
KJ620985	1421	7105	Rhodobacteraceae	Loktanella sediminum	AJ582225	1415	7075	Rhodobacteraceae	Loktanella fryxellensis	6329.0	1401	52	49	1322	0.977810650887574	0.9650249821556032	0.9436117059243397	0.8780199768821111	0.8945583
AY600300	1407	7035	Rhodobacteraceae	Loktanella hongkongensis	KJ569528	1385	6925	Rhodobacteraceae	Loktanella variabilis	6675.0	1364	11	5	1349	0.9926416482707874	0.9963343108504399	0.9890029325513197	0.9774945347907225	0.9638989
AY600300	1407	7035	Rhodobacteraceae	Loktanella hongkongensis	KC987356	1385	6925	Rhodobacteraceae	Loktanella soesokkakensis	6719.0	1364	9	3	1354	0.9948567229977957	0.9978005865102639	0.9926686217008798	0.9839927124070629	0.9702527
AY600300	1407	7035	Rhodobacteraceae	Loktanella hongkongensis	AY682199	1398	6990	Rhodobacteraceae	Loktanella rosea	6415.0	1386	42	35	1327	0.9822353811991118	0.9747474747474747	0.9574314574314574	0.9058052513934868	0.9177396
AY600300	1407	7035	Rhodobacteraceae	Loktanella hongkongensis	KJ855316	1385	6925	Rhodobacteraceae	Loktanella aestuariicola	6662.0	1364	16	10	1347	0.9948301329394387	0.9926686217008798	0.9875366568914956	0.9689308937906415	0.96202165
AY600300	1407	7035	Rhodobacteraceae	Loktanella hongkongensis	AB688112	1385	6925	Rhodobacteraceae	Loktanella cinnabarina	6704.0	1364	12	6	1352	0.9955817378497791	0.9956011730205279	0.9912023460410557	0.9782360362817977	0.96808666
AY600300	1407	7035	Rhodobacteraceae	Loktanella hongkongensis	AJ582225	1415	7075	Rhodobacteraceae	Loktanella fryxellensis	6431.0	1393	41	34	1332	0.9801324503311258	0.9755922469490309	0.9562096195262024	0.9061986561618613	0.91414356
KJ569528	1385	6925	Rhodobacteraceae	Loktanella variabilis	KC987356	1385	6925	Rhodobacteraceae	Loktanella soesokkakensis	6817.0	1385	1	1	1373	0.9920520231213873	0.9992779783393502	0.9913357400722022	0.9899052411687791	0.9844043
KJ569528	1385	6925	Rhodobacteraceae	Loktanella variabilis	AY682199	1398	6990	Rhodobacteraceae	Loktanella rosea	6351.0	1375	34	33	1314	0.9791356184798807	0.976	0.9556363636363636	0.910194464158978	0.91711193
KJ569528	1385	6925	Rhodobacteraceae	Loktanella variabilis	KJ855316	1385	6925	Rhodobacteraceae	Loktanella aestuariicola	6751.0	1385	11	11	1365	0.9934497816593887	0.992057761732852	0.9855595667870036	0.9700278257631397	0.97487366
KJ569528	1385	6925	Rhodobacteraceae	Loktanella variabilis	AB688112	1385	6925	Rhodobacteraceae	Loktanella cinnabarina	6705.0	1385	10	10	1360	0.9890909090909091	0.9927797833935018	0.9819494584837545	0.9678713300467113	0.968231
KJ569528	1385	6925	Rhodobacteraceae	Loktanella variabilis	AJ582225	1415	7075	Rhodobacteraceae	Loktanella fryxellensis	6362.0	1385	36	36	1319	0.977761304670126	0.9740072202166065	0.9523465703971119	0.904092556977976	0.91870034
KC987356	1385	6925	Rhodobacteraceae	Loktanella soesokkakensis	AY682199	1398	6990	Rhodobacteraceae	Loktanella rosea	6369.0	1375	35	34	1316	0.9813571961222968	0.9752727272727273	0.9570909090909091	0.9102545454545455	0.9197112
KC987356	1385	6925	Rhodobacteraceae	Loktanella soesokkakensis	KJ855316	1385	6925	Rhodobacteraceae	Loktanella aestuariicola	6734.0	1385	11	11	1363	0.9919941775836972	0.992057761732852	0.984115523465704	0.9686065395715453	0.9724188
KC987356	1385	6925	Rhodobacteraceae	Loktanella soesokkakensis	AB688112	1385	6925	Rhodobacteraceae	Loktanella cinnabarina	6768.0	1385	9	9	1367	0.9934593023255814	0.9935018050541516	0.9870036101083033	0.9742589436937054	0.97732854
KC987356	1385	6925	Rhodobacteraceae	Loktanella soesokkakensis	AJ582225	1415	7075	Rhodobacteraceae	Loktanella fryxellensis	6371.0	1385	38	38	1320	0.9799554565701559	0.9725631768953069	0.9530685920577617	0.902166826072948	0.92
AY682199	1398	6990	Rhodobacteraceae	Loktanella rosea	KJ855316	1385	6925	Rhodobacteraceae	Loktanella aestuariicola	6355.0	1376	34	35	1314	0.9798657718120806	0.9752727272727273	0.9549418604651163	0.9082106630380999	0.9176895
AY682199	1398	6990	Rhodobacteraceae	Loktanella rosea	AB688112	1385	6925	Rhodobacteraceae	Loktanella cinnabarina	6378.0	1376	40	41	1316	0.9857677902621723	0.9709090909090909	0.9563953488372093	0.9016862928655892	0.92101085
AY682199	1398	6990	Rhodobacteraceae	Loktanella rosea	AJ582225	1415	7075	Rhodobacteraceae	Loktanella fryxellensis	6470.0	1398	31	32	1337	0.9787701317715959	0.9778095919828204	0.9563662374821174	0.9142031353397987	0.92560804
KJ855316	1385	6925	Rhodobacteraceae	Loktanella aestuariicola	AB688112	1385	6925	Rhodobacteraceae	Loktanella cinnabarina	6753.0	1385	9	9	1365	0.9920058139534884	0.9935018050541516	0.9855595667870036	0.9728335465558945	0.97516245
KJ855316	1385	6925	Rhodobacteraceae	Loktanella aestuariicola	AJ582225	1415	7075	Rhodobacteraceae	Loktanella fryxellensis	6370.0	1385	39	39	1320	0.9806835066864784	0.9718411552346571	0.9530685920577617	0.9008639922119012	0.9198556
AB688112	1385	6925	Rhodobacteraceae	Loktanella cinnabarina	AJ582225	1415	7075	Rhodobacteraceae	Loktanella fryxellensis	6418.0	1385	33	33	1326	0.9807692307692307	0.976173285198556	0.9574007220216606	0.9128390523083817	0.926787
