JN860068	1456	7280	Bacillaceae	Lysinibacillus varians	AB199591	1484	7420	Bacillaceae	Lysinibacillus boronitolerans	6872.0	1452	29	26	1407	0.9866760168302945	0.9820936639118457	0.96900826446281	0.9330221371532526	0.943956
JN860068	1456	7280	Bacillaceae	Lysinibacillus varians	KX258757	1347	6735	Bacillaceae	Lysinibacillus alkalisoli	6209.0	1347	22	22	1287	0.9713207547169811	0.9836674090571641	0.955456570155902	0.9247479586972756	0.9219005
JN860068	1456	7280	Bacillaceae	Lysinibacillus varians	AJ628749	1504	7514	Bacillaceae	Lysinibacillus macroides	6928.0	1455	31	13	1418	0.9833564493758669	0.99106529209622	0.9745704467353952	0.9457137174915476	0.95164835
JN860068	1456	7280	Bacillaceae	Lysinibacillus varians	AB558495	1481	7393	Bacillaceae	Lysinibacillus pakistanensis	6961.0	1456	29	12	1423	0.9854570637119113	0.9917582417582418	0.9773351648351648	0.9503515003515003	0.95618135
JN860068	1456	7280	Bacillaceae	Lysinibacillus varians	JX217747	1493	7465	Bacillaceae	Lysinibacillus chungkukjangi	6707.0	1456	57	32	1393	0.9782303370786517	0.978021978021978	0.9567307692307693	0.9004524886877828	0.92129123
JN860068	1456	7280	Bacillaceae	Lysinibacillus varians	KP334990	1510	7550	Bacillaceae	Lysinibacillus endophyticus	6672.0	1456	57	37	1388	0.97815362931642	0.9745879120879121	0.9532967032967034	0.8940700740105896	0.9164835
JN860068	1456	7280	Bacillaceae	Lysinibacillus varians	AJ310084	1515	7575	Bacillaceae	Lysinibacillus sphaericus	7110.0	1456	21	3	1440	0.9910529938059188	0.9979395604395604	0.989010989010989	0.9729403974495375	0.97664833
JN860068	1456	7280	Bacillaceae	Lysinibacillus varians	EU043375	1452	7260	Bacillaceae	Lysinibacillus cresolivorans	6497.0	1437	52	42	1360	0.974910394265233	0.9707724425887265	0.9464161447459986	0.8866692558231484	0.8949036
JN860068	1456	7280	Bacillaceae	Lysinibacillus varians	HG937791	1405	7025	Bacillaceae	Lysinibacillus louembei	6425.0	1402	40	37	1334	0.9772893772893773	0.9736091298145506	0.9514978601997147	0.9006897220337106	0.9145908
JN860068	1456	7280	Bacillaceae	Lysinibacillus varians	AB547124	1475	7369	Bacillaceae	Lysinibacillus composti	6694.0	1456	44	34	1389	0.9767932489451476	0.9766483516483516	0.9539835164835165	0.9043763736263736	0.9195055
JN860068	1456	7280	Bacillaceae	Lysinibacillus varians	AF526913	1516	7580	Bacillaceae	Lysinibacillus odysseyi	6718.0	1456	48	26	1395	0.9755244755244755	0.9821428571428571	0.9581043956043956	0.9109636208206687	0.9228022
JN860068	1456	7280	Bacillaceae	Lysinibacillus varians	JF731238	1452	7260	Bacillaceae	Lysinibacillus mangiferihumi	7078.0	1455	4	8	1432	0.9896337249481686	0.9972432804962095	0.9841924398625429	0.9760976425504453	0.9749311
JN860068	1456	7280	Bacillaceae	Lysinibacillus varians	KC254732	1435	7175	Bacillaceae	Lysinibacillus contaminans	6827.0	1432	15	12	1395	0.9823943661971831	0.9916201117318436	0.9741620111731844	0.9559848347380248	0.95149827
JN860068	1456	7280	Bacillaceae	Lysinibacillus varians	AJ310083	1440	7200	Bacillaceae	Lysinibacillus fusiformis	6875.0	1421	17	7	1397	0.987977369165488	0.9950738916256158	0.9831104855735397	0.9667025219756504	0.9548611
JN860068	1456	7280	Bacillaceae	Lysinibacillus varians	FJ477040	1349	6745	Bacillaceae	Lysinibacillus xylanilyticus	6471.0	1349	10	10	1318	0.9843166542195668	0.9925871015567087	0.9770200148257969	0.9626415009946593	0.9593773
JN860068	1456	7280	Bacillaceae	Lysinibacillus varians	AB300598	1477	7355	Bacillaceae	Lysinibacillus parviboronicapiens	6915.0	1455	35	17	1415	0.9840055632823366	0.9883161512027492	0.9725085910652921	0.938568693927443	0.94986266
JN860068	1456	7280	Bacillaceae	Lysinibacillus varians	FJ169465	1412	7060	Bacillaceae	Lysinibacillus sinduriensis	6544.0	1414	26	28	1353	0.9761904761904762	0.9815864022662889	0.9568599717114569	0.9209777227722772	0.9269122
JN860068	1456	7280	Bacillaceae	Lysinibacillus varians	AY677116	1472	7354	Bacillaceae	Lysinibacillus massiliensis	6596.0	1455	55	39	1378	0.9731638418079096	0.9731958762886598	0.9470790378006873	0.8881217996859425	0.90604395
JN860068	1456	7280	Bacillaceae	Lysinibacillus varians	FN179488	1472	7360	Bacillaceae	Lysinibacillus acetophenoni	6533.0	1455	68	51	1370	0.9757834757834758	0.9649484536082474	0.9415807560137457	0.8680100994374911	0.8973901
JN860068	1456	7280	Bacillaceae	Lysinibacillus varians	KF771256	1472	7360	Bacillaceae	Lysinibacillus alkaliphilus	6694.0	1455	47	31	1390	0.976123595505618	0.9786941580756013	0.9553264604810997	0.9057156323069814	0.9195055
JN860068	1456	7280	Bacillaceae	Lysinibacillus varians	JQ754706	1454	7270	Bacillaceae	Lysinibacillus tabacifolii	7080.0	1456	10	14	1432	0.9930651872399445	0.9931129476584022	0.9835164835164835	0.9674152586840171	0.9738652
JN860068	1456	7280	Bacillaceae	Lysinibacillus varians	JX993821	1515	7575	Bacillaceae	Lysinibacillus manganicus	6618.0	1456	67	42	1382	0.9773691654879774	0.9711538461538461	0.9491758241758241	0.8812440022223343	0.90906596
JN860068	1456	7280	Bacillaceae	Lysinibacillus varians	KF443809	1430	7150	Bacillaceae	Lysinibacillus halotolerans	6661.0	1433	26	29	1374	0.9786324786324786	0.9818181818181818	0.958827634333566	0.9226826583991272	0.9316084
JN860068	1456	7280	Bacillaceae	Lysinibacillus varians	HE577173	1504	7520	Bacillaceae	Lysinibacillus meyeri	6636.0	1456	61	40	1384	0.9774011299435028	0.9725274725274725	0.9505494505494505	0.8872630336044969	0.9115385
AB199591	1484	7420	Bacillaceae	Lysinibacillus boronitolerans	KX258757	1347	6735	Bacillaceae	Lysinibacillus alkalisoli	6244.0	1349	30	32	1290	0.979498861047836	0.977728285077951	0.9562638991845812	0.9132701633256661	0.92709726
AB199591	1484	7420	Bacillaceae	Lysinibacillus boronitolerans	AJ628749	1504	7514	Bacillaceae	Lysinibacillus macroides	7224.0	1481	25	7	1463	0.9925373134328358	0.9952734638757597	0.987846049966239	0.9668559612551371	0.9735849
AB199591	1484	7420	Bacillaceae	Lysinibacillus boronitolerans	AB558495	1481	7393	Bacillaceae	Lysinibacillus pakistanensis	7062.0	1465	34	18	1436	0.9923980649619903	0.9877133105802047	0.9802047781569966	0.9462016771135251	0.9552279
AB199591	1484	7420	Bacillaceae	Lysinibacillus boronitolerans	JX217747	1493	7465	Bacillaceae	Lysinibacillus chungkukjangi	6881.0	1469	44	30	1417	0.9847116052814454	0.9795779441797141	0.9646017699115044	0.9174236265053899	0.9273585
AB199591	1484	7420	Bacillaceae	Lysinibacillus boronitolerans	KP334990	1510	7550	Bacillaceae	Lysinibacillus endophyticus	6922.0	1481	57	32	1428	0.9855072463768116	0.9783929777177582	0.9642133693450371	0.9084168869837183	0.9328841
AB199591	1484	7420	Bacillaceae	Lysinibacillus boronitolerans	AJ310084	1515	7575	Bacillaceae	Lysinibacillus sphaericus	7111.0	1482	42	14	1452	0.989100817438692	0.99055330634278	0.979757085020243	0.9437555123423337	0.9583558
AB199591	1484	7420	Bacillaceae	Lysinibacillus boronitolerans	EU043375	1452	7260	Bacillaceae	Lysinibacillus cresolivorans	6648.0	1460	40	48	1383	0.9794617563739377	0.9724517906336089	0.9472602739726027	0.8916876712328767	0.91570246
AB199591	1484	7420	Bacillaceae	Lysinibacillus boronitolerans	HG937791	1405	7025	Bacillaceae	Lysinibacillus louembei	6532.0	1402	35	32	1346	0.9824817518248176	0.9771754636233951	0.9600570613409415	0.9152944843681906	0.9298221
AB199591	1484	7420	Bacillaceae	Lysinibacillus boronitolerans	AB547124	1475	7369	Bacillaceae	Lysinibacillus composti	6757.0	1464	53	43	1398	0.983814215341309	0.9706284153005464	0.9549180327868853	0.8944881506856717	0.9169494
AB199591	1484	7420	Bacillaceae	Lysinibacillus boronitolerans	AF526913	1516	7580	Bacillaceae	Lysinibacillus odysseyi	6923.0	1481	53	21	1430	0.9794520547945206	0.9858203916272789	0.9655638082376773	0.9189851108389888	0.93301886
AB199591	1484	7420	Bacillaceae	Lysinibacillus boronitolerans	JF731238	1452	7260	Bacillaceae	Lysinibacillus mangiferihumi	6956.0	1456	19	24	1417	0.9895251396648045	0.9869055823569952	0.9732142857142857	0.9448426150121065	0.9581267
AB199591	1484	7420	Bacillaceae	Lysinibacillus boronitolerans	KC254732	1435	7175	Bacillaceae	Lysinibacillus contaminans	6763.0	1429	16	10	1387	0.9774489076814659	0.9930020993701889	0.9706088173547935	0.9531445756584443	0.9425784
AB199591	1484	7420	Bacillaceae	Lysinibacillus boronitolerans	AJ310083	1440	7200	Bacillaceae	Lysinibacillus fusiformis	6806.0	1416	35	13	1388	0.9893086243763364	0.990819209039548	0.980225988700565	0.947799491486487	0.94527775
AB199591	1484	7420	Bacillaceae	Lysinibacillus boronitolerans	FJ477040	1349	6745	Bacillaceae	Lysinibacillus xylanilyticus	6569.0	1351	9	11	1329	0.9917910447761195	0.9933283914010378	0.9837157660991858	0.9692493577741977	0.9739066
AB199591	1484	7420	Bacillaceae	Lysinibacillus boronitolerans	AB300598	1477	7355	Bacillaceae	Lysinibacillus parviboronicapiens	6925.0	1462	29	17	1418	0.9813148788927336	0.9883720930232558	0.9699042407660738	0.9399809710979052	0.94153637
AB199591	1484	7420	Bacillaceae	Lysinibacillus boronitolerans	FJ169465	1412	7060	Bacillaceae	Lysinibacillus sinduriensis	6626.0	1414	30	32	1361	0.9848046309696092	0.9787535410764873	0.9625176803394625	0.9211907439259952	0.9385269
AB199591	1484	7420	Bacillaceae	Lysinibacillus boronitolerans	AY677116	1472	7354	Bacillaceae	Lysinibacillus massiliensis	6764.0	1459	43	33	1398	0.9803646563814866	0.9773817683344757	0.9581905414667581	0.9097068656002643	0.91977155
AB199591	1484	7420	Bacillaceae	Lysinibacillus boronitolerans	FN179488	1472	7360	Bacillaceae	Lysinibacillus acetophenoni	6731.0	1458	55	41	1394	0.9837685250529288	0.9718792866941015	0.9561042524005487	0.8954393427968127	0.914538
AB199591	1484	7420	Bacillaceae	Lysinibacillus boronitolerans	KF771256	1472	7360	Bacillaceae	Lysinibacillus alkaliphilus	6798.0	1459	43	33	1402	0.9831697054698457	0.9773817683344757	0.9609321453050035	0.9123097464746571	0.9236413
AB199591	1484	7420	Bacillaceae	Lysinibacillus boronitolerans	JQ754706	1454	7270	Bacillaceae	Lysinibacillus tabacifolii	6869.0	1452	26	27	1406	0.9866666666666667	0.9820813232253618	0.9683195592286501	0.9335963274024536	0.9448418
AB199591	1484	7420	Bacillaceae	Lysinibacillus boronitolerans	JX993821	1515	7575	Bacillaceae	Lysinibacillus manganicus	6862.0	1481	63	33	1422	0.9820441988950276	0.9777177582714383	0.9601620526671168	0.9004628576826329	0.92479783
AB199591	1484	7420	Bacillaceae	Lysinibacillus boronitolerans	KF443809	1430	7150	Bacillaceae	Lysinibacillus halotolerans	6766.0	1428	27	26	1384	0.9871611982881597	0.9817927170868347	0.969187675070028	0.9338839315795047	0.9462937
AB199591	1484	7420	Bacillaceae	Lysinibacillus boronitolerans	HE577173	1504	7520	Bacillaceae	Lysinibacillus meyeri	6852.0	1479	58	34	1419	0.9820069204152249	0.9770114942528736	0.9594320486815415	0.9020034550063939	0.9234501
KX258757	1347	6735	Bacillaceae	Lysinibacillus alkalisoli	AJ628749	1504	7514	Bacillaceae	Lysinibacillus macroides	6302.0	1347	27	27	1296	0.9818181818181818	0.9799554565701559	0.9621380846325167	0.9243247974635531	0.935709
KX258757	1347	6735	Bacillaceae	Lysinibacillus alkalisoli	AB558495	1481	7393	Bacillaceae	Lysinibacillus pakistanensis	6336.0	1347	23	23	1301	0.9826283987915407	0.9829250185597624	0.9658500371195249	0.9334200358731759	0.9407572
KX258757	1347	6735	Bacillaceae	Lysinibacillus alkalisoli	JX217747	1493	7465	Bacillaceae	Lysinibacillus chungkukjangi	6249.0	1347	33	33	1290	0.9817351598173516	0.9755011135857461	0.9576837416481069	0.9118814757431974	0.92783964
KX258757	1347	6735	Bacillaceae	Lysinibacillus alkalisoli	KP334990	1510	7550	Bacillaceae	Lysinibacillus endophyticus	6266.0	1347	33	34	1292	0.984006092916984	0.975482912332838	0.9591685226429102	0.9126001958189429	0.9303638
KX258757	1347	6735	Bacillaceae	Lysinibacillus alkalisoli	AJ310084	1515	7575	Bacillaceae	Lysinibacillus sphaericus	6333.0	1347	18	18	1301	0.9789315274642588	0.9866369710467706	0.9658500371195249	0.9403770691075815	0.9403118
KX258757	1347	6735	Bacillaceae	Lysinibacillus alkalisoli	EU043375	1452	7260	Bacillaceae	Lysinibacillus cresolivorans	5866.0	1347	68	67	1245	0.97265625	0.9502598366740905	0.9242761692650334	0.8360943439287934	0.8709725
KX258757	1347	6735	Bacillaceae	Lysinibacillus alkalisoli	HG937791	1405	7025	Bacillaceae	Lysinibacillus louembei	6271.0	1347	24	25	1293	0.9780635400907716	0.9821693907875185	0.9599109131403119	0.9256033750339112	0.93110615
KX258757	1347	6735	Bacillaceae	Lysinibacillus alkalisoli	AB547124	1475	7369	Bacillaceae	Lysinibacillus composti	6217.0	1347	37	37	1286	0.981679389312977	0.9725315515961396	0.9547141796585004	0.903667323231673	0.9230884
KX258757	1347	6735	Bacillaceae	Lysinibacillus alkalisoli	AF526913	1516	7580	Bacillaceae	Lysinibacillus odysseyi	6313.0	1347	26	26	1298	0.9825889477668432	0.9806978470675576	0.96362286562732	0.9271273164557099	0.9373422
KX258757	1347	6735	Bacillaceae	Lysinibacillus alkalisoli	JF731238	1452	7260	Bacillaceae	Lysinibacillus mangiferihumi	6331.0	1347	17	17	1301	0.9781954887218045	0.9873793615441723	0.9658500371195249	0.9417745963115602	0.94001484
KX258757	1347	6735	Bacillaceae	Lysinibacillus alkalisoli	KC254732	1435	7175	Bacillaceae	Lysinibacillus contaminans	6339.0	1347	18	18	1302	0.9796839729119639	0.9866369710467706	0.9665924276169265	0.9410998800753811	0.9412027
KX258757	1347	6735	Bacillaceae	Lysinibacillus alkalisoli	AJ310083	1440	7200	Bacillaceae	Lysinibacillus fusiformis	6308.0	1346	18	18	1298	0.9774096385542169	0.986627043090639	0.9643387815750372	0.9388870248765757	0.93659985
KX258757	1347	6735	Bacillaceae	Lysinibacillus alkalisoli	FJ477040	1349	6745	Bacillaceae	Lysinibacillus xylanilyticus	6376.0	1347	17	17	1306	0.9819548872180451	0.9873793615441723	0.9695619896065331	0.9453940221236723	0.94669634
KX258757	1347	6735	Bacillaceae	Lysinibacillus alkalisoli	AB300598	1477	7355	Bacillaceae	Lysinibacillus parviboronicapiens	6255.0	1347	25	25	1290	0.9757942511346445	0.9814402375649591	0.9576837416481069	0.9227827306551001	0.9287305
KX258757	1347	6735	Bacillaceae	Lysinibacillus alkalisoli	FJ169465	1412	7060	Bacillaceae	Lysinibacillus sinduriensis	6268.0	1347	29	29	1293	0.9810318664643399	0.9784706755753526	0.9599109131403119	0.9194495519759673	0.9306607
KX258757	1347	6735	Bacillaceae	Lysinibacillus alkalisoli	AY677116	1472	7354	Bacillaceae	Lysinibacillus massiliensis	6165.0	1347	37	37	1280	0.9770992366412213	0.9725315515961396	0.9502598366740905	0.8994511459848689	0.9153675
KX258757	1347	6735	Bacillaceae	Lysinibacillus alkalisoli	FN179488	1472	7360	Bacillaceae	Lysinibacillus acetophenoni	6197.0	1347	34	32	1285	0.9771863117870723	0.9762435040831478	0.9539717891610987	0.9083800888825813	0.9201188
KX258757	1347	6735	Bacillaceae	Lysinibacillus alkalisoli	KF771256	1472	7360	Bacillaceae	Lysinibacillus alkaliphilus	6223.0	1347	35	35	1287	0.9809451219512195	0.9740163325909429	0.955456570155902	0.9070615195691343	0.9239792
KX258757	1347	6735	Bacillaceae	Lysinibacillus alkalisoli	JQ754706	1454	7270	Bacillaceae	Lysinibacillus tabacifolii	6269.0	1347	19	19	1294	0.9743975903614458	0.985894580549369	0.9606533036377134	0.9339294196419352	0.9308092
KX258757	1347	6735	Bacillaceae	Lysinibacillus alkalisoli	JX993821	1515	7575	Bacillaceae	Lysinibacillus manganicus	6207.0	1347	38	38	1285	0.9816653934300993	0.9717891610987379	0.9539717891610987	0.9016238787089375	0.92160356
KX258757	1347	6735	Bacillaceae	Lysinibacillus alkalisoli	KF443809	1430	7150	Bacillaceae	Lysinibacillus halotolerans	6275.0	1347	36	35	1293	0.9855182926829268	0.9740163325909429	0.9599109131403119	0.9106313217932677	0.93170005
KX258757	1347	6735	Bacillaceae	Lysinibacillus alkalisoli	HE577173	1504	7520	Bacillaceae	Lysinibacillus meyeri	6303.0	1347	23	24	1297	0.9803476946334089	0.9829123328380386	0.9628804751299184	0.9298473493407898	0.9358575
AJ628749	1504	7514	Bacillaceae	Lysinibacillus macroides	AB558495	1481	7393	Bacillaceae	Lysinibacillus pakistanensis	7249.0	1478	7	13	1459	0.9959044368600682	0.9952445652173914	0.9871447902571042	0.9738499109270421	0.9805221
AJ628749	1504	7514	Bacillaceae	Lysinibacillus macroides	JX217747	1493	7465	Bacillaceae	Lysinibacillus chungkukjangi	7022.0	1484	29	27	1437	0.9862731640356898	0.9818059299191375	0.9683288409703504	0.932488513743424	0.9406564
AJ628749	1504	7514	Bacillaceae	Lysinibacillus macroides	KP334990	1510	7550	Bacillaceae	Lysinibacillus endophyticus	7066.0	1493	22	25	1445	0.9843324250681199	0.9852348993288591	0.9678499665103818	0.9378242579783765	0.94037795
AJ628749	1504	7514	Bacillaceae	Lysinibacillus macroides	AJ310084	1515	7575	Bacillaceae	Lysinibacillus sphaericus	7333.0	1504	8	8	1482	0.9906417112299465	0.9946808510638298	0.9853723404255319	0.9749451198919284	0.9759116
AJ628749	1504	7514	Bacillaceae	Lysinibacillus macroides	EU043375	1452	7260	Bacillaceae	Lysinibacillus cresolivorans	6702.0	1451	38	37	1387	0.9809052333804809	0.974500344589938	0.9558924879393522	0.9077447803534211	0.92314047
AJ628749	1504	7514	Bacillaceae	Lysinibacillus macroides	HG937791	1405	7025	Bacillaceae	Lysinibacillus louembei	6616.0	1403	30	28	1356	0.9861818181818182	0.9800427655024947	0.9665003563791874	0.9273817097148518	0.9417794
AJ628749	1504	7514	Bacillaceae	Lysinibacillus macroides	AB547124	1475	7369	Bacillaceae	Lysinibacillus composti	6914.0	1477	26	35	1419	0.9840499306518724	0.9822888283378747	0.960731211916046	0.9217394594696862	0.93825483
AJ628749	1504	7514	Bacillaceae	Lysinibacillus macroides	AF526913	1516	7580	Bacillaceae	Lysinibacillus odysseyi	7086.0	1495	21	17	1451	0.9817320703653586	0.988628762541806	0.9705685618729097	0.9462403261531402	0.94303966
AJ628749	1504	7514	Bacillaceae	Lysinibacillus macroides	JF731238	1452	7260	Bacillaceae	Lysinibacillus mangiferihumi	7033.0	1463	10	23	1427	0.9909722222222223	0.993103448275862	0.9753930280246069	0.9535410457267034	0.9687328
AJ628749	1504	7514	Bacillaceae	Lysinibacillus macroides	KC254732	1435	7175	Bacillaceae	Lysinibacillus contaminans	6854.0	1433	6	4	1398	0.9783065080475857	0.9972086531751571	0.9755757152826239	0.9687961759130435	0.95526135
AJ628749	1504	7514	Bacillaceae	Lysinibacillus macroides	AJ310083	1440	7200	Bacillaceae	Lysinibacillus fusiformis	6998.0	1430	6	6	1412	0.9915730337078652	0.9958041958041958	0.9874125874125874	0.9791612287434014	0.97194445
AJ628749	1504	7514	Bacillaceae	Lysinibacillus macroides	FJ477040	1349	6745	Bacillaceae	Lysinibacillus xylanilyticus	6643.0	1349	2	2	1337	0.9925760950259837	0.9985174203113417	0.9911045218680504	0.9881700895309133	0.9848777
AJ628749	1504	7514	Bacillaceae	Lysinibacillus macroides	AB300598	1477	7355	Bacillaceae	Lysinibacillus parviboronicapiens	7099.0	1477	8	8	1442	0.9816201497617427	0.994583615436696	0.976303317535545	0.965784224551997	0.96519375
AJ628749	1504	7514	Bacillaceae	Lysinibacillus macroides	FJ169465	1412	7060	Bacillaceae	Lysinibacillus sinduriensis	6683.0	1414	23	25	1368	0.9848812095032398	0.9837110481586402	0.9674681753889675	0.935151910657812	0.94660056
AJ628749	1504	7514	Bacillaceae	Lysinibacillus macroides	AY677116	1472	7354	Bacillaceae	Lysinibacillus massiliensis	6916.0	1474	25	27	1420	0.9813407049067036	0.983016304347826	0.9633649932157394	0.9299460608293362	0.9404406
AJ628749	1504	7514	Bacillaceae	Lysinibacillus macroides	FN179488	1472	7360	Bacillaceae	Lysinibacillus acetophenoni	6825.0	1473	41	42	1408	0.983927323549965	0.9721467391304348	0.9558723693143245	0.9034698550124164	0.9273098
AJ628749	1504	7514	Bacillaceae	Lysinibacillus macroides	KF771256	1472	7360	Bacillaceae	Lysinibacillus alkaliphilus	6959.0	1474	22	24	1425	0.9827586206896551	0.9850543478260869	0.9667571234735414	0.9370306343827774	0.9455163
AJ628749	1504	7514	Bacillaceae	Lysinibacillus macroides	JQ754706	1454	7270	Bacillaceae	Lysinibacillus tabacifolii	6902.0	1467	20	33	1413	0.9853556485355649	0.9862448418156808	0.9631901840490797	0.9288599353909754	0.949381
AJ628749	1504	7514	Bacillaceae	Lysinibacillus macroides	JX993821	1515	7575	Bacillaceae	Lysinibacillus manganicus	6987.0	1493	34	32	1436	0.9828884325804244	0.9785666443402545	0.9618218352310783	0.92024996808946	0.9298642
AJ628749	1504	7514	Bacillaceae	Lysinibacillus macroides	KF443809	1430	7150	Bacillaceae	Lysinibacillus halotolerans	6828.0	1435	18	23	1393	0.9865439093484419	0.9874125874125874	0.9707317073170731	0.9433401037382707	0.95496505
AJ628749	1504	7514	Bacillaceae	Lysinibacillus macroides	HE577173	1504	7520	Bacillaceae	Lysinibacillus meyeri	7017.0	1494	33	30	1441	0.9842896174863388	0.9799196787148594	0.964524765729585	0.9247310131159873	0.9338568
AB558495	1481	7393	Bacillaceae	Lysinibacillus pakistanensis	JX217747	1493	7465	Bacillaceae	Lysinibacillus chungkukjangi	6978.0	1478	32	24	1431	0.984181568088033	0.9837618403247632	0.9682002706359946	0.9322935056322755	0.94386584
AB558495	1481	7393	Bacillaceae	Lysinibacillus pakistanensis	KP334990	1510	7550	Bacillaceae	Lysinibacillus endophyticus	6965.0	1481	31	26	1430	0.9828178694158075	0.9824442943956786	0.9655638082376773	0.9291635853080823	0.9421074
AB558495	1481	7393	Bacillaceae	Lysinibacillus pakistanensis	AJ310084	1515	7575	Bacillaceae	Lysinibacillus sphaericus	7216.0	1480	14	7	1460	0.991174473862865	0.9952702702702703	0.9864864864864865	0.9726202105720178	0.9760584
AB558495	1481	7393	Bacillaceae	Lysinibacillus pakistanensis	EU043375	1452	7260	Bacillaceae	Lysinibacillus cresolivorans	6603.0	1445	50	43	1374	0.9800285306704708	0.970242214532872	0.9508650519031142	0.8917142493432549	0.9095041
AB558495	1481	7393	Bacillaceae	Lysinibacillus pakistanensis	HG937791	1405	7025	Bacillaceae	Lysinibacillus louembei	6618.0	1438	27	60	1362	0.988388969521045	0.9807829181494662	0.9471488178025035	0.8909017549022865	0.94206405
AB558495	1481	7393	Bacillaceae	Lysinibacillus pakistanensis	AB547124	1475	7369	Bacillaceae	Lysinibacillus composti	6932.0	1479	27	31	1423	0.9827348066298343	0.9816949152542372	0.9621365787694388	0.9250821819775215	0.9406975
AB558495	1481	7393	Bacillaceae	Lysinibacillus pakistanensis	AF526913	1516	7580	Bacillaceae	Lysinibacillus odysseyi	6966.0	1481	33	21	1432	0.9808219178082191	0.9858203916272789	0.9669142471303174	0.9324272132168187	0.9422427
AB558495	1481	7393	Bacillaceae	Lysinibacillus pakistanensis	JF731238	1452	7260	Bacillaceae	Lysinibacillus mangiferihumi	7074.0	1477	6	32	1435	0.9930795847750865	0.9958649207443143	0.9715639810426541	0.9466688824050137	0.97438014
AB558495	1481	7393	Bacillaceae	Lysinibacillus pakistanensis	KC254732	1435	7175	Bacillaceae	Lysinibacillus contaminans	6864.0	1435	7	7	1400	0.9803921568627451	0.9951219512195122	0.975609756097561	0.966137816717973	0.956655
AB558495	1481	7393	Bacillaceae	Lysinibacillus pakistanensis	AJ310083	1440	7200	Bacillaceae	Lysinibacillus fusiformis	7041.0	1438	7	6	1421	0.99231843575419	0.9958275382475661	0.9881780250347705	0.9792878421105823	0.97791666
AB558495	1481	7393	Bacillaceae	Lysinibacillus pakistanensis	FJ477040	1349	6745	Bacillaceae	Lysinibacillus xylanilyticus	6639.0	1349	4	4	1337	0.9940520446096655	0.9970348406226834	0.9911045218680504	0.9852443325295844	0.98428464
AB558495	1481	7393	Bacillaceae	Lysinibacillus pakistanensis	AB300598	1477	7355	Bacillaceae	Lysinibacillus parviboronicapiens	7008.0	1471	19	13	1430	0.9807956104252401	0.991162474507138	0.9721278042148198	0.9512498916410786	0.9528212
AB558495	1481	7393	Bacillaceae	Lysinibacillus pakistanensis	FJ169465	1412	7060	Bacillaceae	Lysinibacillus sinduriensis	6671.0	1414	23	25	1367	0.9841612670986322	0.9837110481586402	0.9667609618104668	0.9344683200798457	0.9449009
AB558495	1481	7393	Bacillaceae	Lysinibacillus pakistanensis	AY677116	1472	7354	Bacillaceae	Lysinibacillus massiliensis	6866.0	1472	30	31	1413	0.9805690492713394	0.9796057104010877	0.9599184782608695	0.9209337730851618	0.93364155
AB558495	1481	7393	Bacillaceae	Lysinibacillus pakistanensis	FN179488	1472	7360	Bacillaceae	Lysinibacillus acetophenoni	6803.0	1472	41	41	1406	0.9825296995108316	0.9721467391304348	0.9551630434782609	0.9033961105204172	0.92432064
AB558495	1481	7393	Bacillaceae	Lysinibacillus pakistanensis	KF771256	1472	7360	Bacillaceae	Lysinibacillus alkaliphilus	6921.0	1472	25	26	1420	0.9820193637621023	0.9830047586675731	0.9646739130434783	0.9318092707153437	0.9403533
AB558495	1481	7393	Bacillaceae	Lysinibacillus pakistanensis	JQ754706	1454	7270	Bacillaceae	Lysinibacillus tabacifolii	6950.0	1473	15	36	1420	0.988169798190675	0.9896694214876033	0.9640190088255262	0.9309780347327158	0.9559835
AB558495	1481	7393	Bacillaceae	Lysinibacillus pakistanensis	JX993821	1515	7575	Bacillaceae	Lysinibacillus manganicus	6922.0	1481	44	34	1425	0.9847961299239807	0.9770425388251182	0.962187711006077	0.9129741756234712	0.9362911
AB558495	1481	7393	Bacillaceae	Lysinibacillus pakistanensis	KF443809	1430	7150	Bacillaceae	Lysinibacillus halotolerans	6827.0	1435	19	24	1393	0.9872430900070872	0.9867132867132867	0.9707317073170731	0.9420236857114102	0.95482516
AB558495	1481	7393	Bacillaceae	Lysinibacillus pakistanensis	HE577173	1504	7520	Bacillaceae	Lysinibacillus meyeri	6938.0	1479	39	31	1426	0.9848066298342542	0.9790398918187965	0.9641649763353617	0.9197041407994755	0.9384553
JX217747	1493	7465	Bacillaceae	Lysinibacillus chungkukjangi	KP334990	1510	7550	Bacillaceae	Lysinibacillus endophyticus	7237.0	1493	6	11	1466	0.9892037786774629	0.9959677419354839	0.9819156061620897	0.9707798054250948	0.96945745
JX217747	1493	7465	Bacillaceae	Lysinibacillus chungkukjangi	AJ310084	1515	7575	Bacillaceae	Lysinibacillus sphaericus	7028.0	1493	27	29	1441	0.9842896174863388	0.9818913480885312	0.9651707970529136	0.9296118729509641	0.94146013
JX217747	1493	7465	Bacillaceae	Lysinibacillus chungkukjangi	EU043375	1452	7260	Bacillaceae	Lysinibacillus cresolivorans	6372.0	1453	61	62	1349	0.9698058950395398	0.9579889807162535	0.9284239504473503	0.8529971697967399	0.87768596
JX217747	1493	7465	Bacillaceae	Lysinibacillus chungkukjangi	HG937791	1405	7025	Bacillaceae	Lysinibacillus louembei	6647.0	1403	24	22	1360	0.9847936278059377	0.9843193157519601	0.9693513898788311	0.938103902889044	0.94619215
JX217747	1493	7465	Bacillaceae	Lysinibacillus chungkukjangi	AB547124	1475	7369	Bacillaceae	Lysinibacillus composti	7069.0	1484	14	23	1441	0.9863107460643394	0.9905084745762712	0.9710242587601078	0.9470403484970076	0.9592889
JX217747	1493	7465	Bacillaceae	Lysinibacillus chungkukjangi	AF526913	1516	7580	Bacillaceae	Lysinibacillus odysseyi	7098.0	1493	30	28	1449	0.9890784982935154	0.9812458137977227	0.97052913596785	0.9335687355173343	0.95083725
JX217747	1493	7465	Bacillaceae	Lysinibacillus chungkukjangi	JF731238	1452	7260	Bacillaceae	Lysinibacillus mangiferihumi	6813.0	1478	27	53	1404	0.9852631578947368	0.981404958677686	0.9499323410013532	0.8994375986225436	0.9384298
JX217747	1493	7465	Bacillaceae	Lysinibacillus chungkukjangi	KC254732	1435	7175	Bacillaceae	Lysinibacillus contaminans	6751.0	1435	25	25	1386	0.9829787234042553	0.9825783972125436	0.9658536585365853	0.9327764784497159	0.9409059
JX217747	1493	7465	Bacillaceae	Lysinibacillus chungkukjangi	AJ310083	1440	7200	Bacillaceae	Lysinibacillus fusiformis	6772.0	1437	30	30	1388	0.9864960909737029	0.9791231732776617	0.9659011830201809	0.9263960221604598	0.9405556
JX217747	1493	7465	Bacillaceae	Lysinibacillus chungkukjangi	FJ477040	1349	6745	Bacillaceae	Lysinibacillus xylanilyticus	6451.0	1350	19	20	1315	0.9887218045112782	0.9859154929577465	0.9740740740740741	0.9463247030814598	0.95641214
JX217747	1493	7465	Bacillaceae	Lysinibacillus chungkukjangi	AB300598	1477	7355	Bacillaceae	Lysinibacillus parviboronicapiens	6878.0	1479	36	38	1415	0.9819569743233866	0.975626269465132	0.9567275185936444	0.9099962734610174	0.93514615
JX217747	1493	7465	Bacillaceae	Lysinibacillus chungkukjangi	FJ169465	1412	7060	Bacillaceae	Lysinibacillus sinduriensis	6960.0	1412	9	9	1400	0.9978617248752673	0.9936260623229461	0.9915014164305949	0.9789419333230995	0.9858357
JX217747	1493	7465	Bacillaceae	Lysinibacillus chungkukjangi	AY677116	1472	7354	Bacillaceae	Lysinibacillus massiliensis	7044.0	1476	20	24	1435	0.9882920110192838	0.9864130434782609	0.9722222222222222	0.9436274509803922	0.95784605
JX217747	1493	7465	Bacillaceae	Lysinibacillus chungkukjangi	FN179488	1472	7360	Bacillaceae	Lysinibacillus acetophenoni	6996.0	1475	26	29	1430	0.9889349930843707	0.9823369565217391	0.9694915254237289	0.9339671857179959	0.95054346
JX217747	1493	7465	Bacillaceae	Lysinibacillus chungkukjangi	KF771256	1472	7360	Bacillaceae	Lysinibacillus alkaliphilus	7071.0	1476	15	19	1439	0.9876458476321208	0.9898097826086957	0.9749322493224932	0.9527003938718126	0.9607337
JX217747	1493	7465	Bacillaceae	Lysinibacillus chungkukjangi	JQ754706	1454	7270	Bacillaceae	Lysinibacillus tabacifolii	6697.0	1477	37	61	1390	0.981638418079096	0.9745354439091535	0.9410968178740691	0.8801803792005823	0.92118293
JX217747	1493	7465	Bacillaceae	Lysinibacillus chungkukjangi	JX993821	1515	7575	Bacillaceae	Lysinibacillus manganicus	7120.0	1493	28	28	1452	0.9911262798634812	0.9812458137977227	0.9725385130609511	0.9367317039015735	0.95378435
JX217747	1493	7465	Bacillaceae	Lysinibacillus chungkukjangi	KF443809	1430	7150	Bacillaceae	Lysinibacillus halotolerans	6952.0	1437	13	20	1408	0.9936485532815809	0.990909090909091	0.9798190675017397	0.9575197369999761	0.9723077
JX217747	1493	7465	Bacillaceae	Lysinibacillus chungkukjangi	HE577173	1504	7520	Bacillaceae	Lysinibacillus meyeri	7036.0	1492	29	28	1442	0.9849726775956285	0.9812332439678284	0.9664879356568364	0.9302684666677241	0.9425318
KP334990	1510	7550	Bacillaceae	Lysinibacillus endophyticus	AJ310084	1515	7575	Bacillaceae	Lysinibacillus sphaericus	7058.0	1500	29	26	1449	0.9830393487109905	0.9826666666666667	0.966	0.931251798561151	0.9348344
KP334990	1510	7550	Bacillaceae	Lysinibacillus endophyticus	EU043375	1452	7260	Bacillaceae	Lysinibacillus cresolivorans	6380.0	1448	61	57	1349	0.9698058950395398	0.960635359116022	0.9316298342541437	0.8587787272680676	0.8787879
KP334990	1510	7550	Bacillaceae	Lysinibacillus endophyticus	HG937791	1405	7025	Bacillaceae	Lysinibacillus louembei	6679.0	1400	27	22	1363	0.9891146589259797	0.9842857142857143	0.9735714285714285	0.9401411552707978	0.9507473
KP334990	1510	7550	Bacillaceae	Lysinibacillus endophyticus	AB547124	1475	7369	Bacillaceae	Lysinibacillus composti	7040.0	1483	16	24	1438	0.9856065798492117	0.9891525423728813	0.9696561024949427	0.9437813565978128	0.9553535
KP334990	1510	7550	Bacillaceae	Lysinibacillus endophyticus	AF526913	1516	7580	Bacillaceae	Lysinibacillus odysseyi	7180.0	1507	32	25	1466	0.9892037786774629	0.9834107498341075	0.9727936297279363	0.936764236034309	0.95099336
KP334990	1510	7550	Bacillaceae	Lysinibacillus endophyticus	JF731238	1452	7260	Bacillaceae	Lysinibacillus mangiferihumi	6786.0	1466	31	45	1399	0.9845179451090781	0.9786501377410468	0.9542974079126876	0.9058494433159179	0.93471074
KP334990	1510	7550	Bacillaceae	Lysinibacillus endophyticus	KC254732	1435	7175	Bacillaceae	Lysinibacillus contaminans	6729.0	1430	29	24	1382	0.9829302987197724	0.9832167832167832	0.9664335664335665	0.931326658262916	0.93783975
KP334990	1510	7550	Bacillaceae	Lysinibacillus endophyticus	AJ310083	1440	7200	Bacillaceae	Lysinibacillus fusiformis	6765.0	1437	31	28	1388	0.9850958126330731	0.9805149617258176	0.9659011830201809	0.9270809038661001	0.93958336
KP334990	1510	7550	Bacillaceae	Lysinibacillus endophyticus	FJ477040	1349	6745	Bacillaceae	Lysinibacillus xylanilyticus	6428.0	1348	18	17	1312	0.98572501878287	0.9873887240356083	0.973293768545994	0.9483557876535271	0.9530022
KP334990	1510	7550	Bacillaceae	Lysinibacillus endophyticus	AB300598	1477	7355	Bacillaceae	Lysinibacillus parviboronicapiens	6878.0	1474	32	29	1415	0.9792387543252595	0.980325644504749	0.9599728629579376	0.9210894999828818	0.93514615
KP334990	1510	7550	Bacillaceae	Lysinibacillus endophyticus	FJ169465	1412	7060	Bacillaceae	Lysinibacillus sinduriensis	6805.0	1411	14	13	1382	0.9885550786838341	0.9907866761162296	0.9794472005669738	0.9608892536088627	0.963881
KP334990	1510	7550	Bacillaceae	Lysinibacillus endophyticus	AY677116	1472	7354	Bacillaceae	Lysinibacillus massiliensis	7016.0	1471	22	21	1431	0.9868965517241379	0.9857239972807614	0.972807613868117	0.9447897120621365	0.9540386
KP334990	1510	7550	Bacillaceae	Lysinibacillus endophyticus	FN179488	1472	7360	Bacillaceae	Lysinibacillus acetophenoni	7003.0	1470	27	25	1430	0.9896193771626297	0.9829931972789115	0.9727891156462585	0.9389981777614185	0.9514946
KP334990	1510	7550	Bacillaceae	Lysinibacillus endophyticus	KF771256	1472	7360	Bacillaceae	Lysinibacillus alkaliphilus	7048.0	1471	14	13	1436	0.9849108367626886	0.991162474507138	0.9762066621346023	0.9584574500957913	0.9576087
KP334990	1510	7550	Bacillaceae	Lysinibacillus endophyticus	JQ754706	1454	7270	Bacillaceae	Lysinibacillus tabacifolii	6668.0	1482	40	68	1388	0.9816124469589816	0.9724896836313618	0.9365721997300944	0.8701137256362376	0.91719395
KP334990	1510	7550	Bacillaceae	Lysinibacillus endophyticus	JX993821	1515	7575	Bacillaceae	Lysinibacillus manganicus	7206.0	1510	32	27	1470	0.9912339851652057	0.9821192052980132	0.9735099337748344	0.9362614992140592	0.9544371
KP334990	1510	7550	Bacillaceae	Lysinibacillus endophyticus	KF443809	1430	7150	Bacillaceae	Lysinibacillus halotolerans	6926.0	1432	16	18	1404	0.9929278642149929	0.9888111888111888	0.9804469273743017	0.9574253834994908	0.9686713
KP334990	1510	7550	Bacillaceae	Lysinibacillus endophyticus	HE577173	1504	7520	Bacillaceae	Lysinibacillus meyeri	7116.0	1498	31	26	1455	0.9884510869565217	0.9826435246995995	0.9712950600801068	0.9350858917187163	0.9462766
AJ310084	1515	7575	Bacillaceae	Lysinibacillus sphaericus	EU043375	1452	7260	Bacillaceae	Lysinibacillus cresolivorans	6600.0	1451	44	43	1376	0.9772727272727273	0.9703652653342523	0.9483115093039284	0.8931254883611579	0.90909094
AJ310084	1515	7575	Bacillaceae	Lysinibacillus sphaericus	HG937791	1405	7025	Bacillaceae	Lysinibacillus louembei	6546.0	1439	31	65	1354	0.9854439592430859	0.9779359430604982	0.9409312022237665	0.8794826339152755	0.93181497
AJ310084	1515	7575	Bacillaceae	Lysinibacillus sphaericus	AB547124	1475	7369	Bacillaceae	Lysinibacillus composti	6928.0	1486	27	38	1424	0.9834254143646409	0.9816949152542372	0.9582772543741588	0.9171087008154539	0.94015473
AJ310084	1515	7575	Bacillaceae	Lysinibacillus sphaericus	AF526913	1516	7580	Bacillaceae	Lysinibacillus odysseyi	7107.0	1505	28	24	1457	0.9837947332883187	0.9840531561461794	0.9681063122923588	0.9352677420123832	0.9382178
AJ310084	1515	7575	Bacillaceae	Lysinibacillus sphaericus	JF731238	1452	7260	Bacillaceae	Lysinibacillus mangiferihumi	7203.0	1476	0	24	1450	0.9986225895316805	1.0	0.9823848238482384	0.9664110868750962	0.99214876
AJ310084	1515	7575	Bacillaceae	Lysinibacillus sphaericus	KC254732	1435	7175	Bacillaceae	Lysinibacillus contaminans	6967.0	1433	10	8	1411	0.9901754385964913	0.994417306350314	0.9846475924633635	0.9723650861124692	0.97101045
AJ310084	1515	7575	Bacillaceae	Lysinibacillus sphaericus	AJ310083	1440	7200	Bacillaceae	Lysinibacillus fusiformis	7111.0	1440	4	4	1430	0.9958217270194986	0.9972222222222222	0.9930555555555556	0.987553862726993	0.9876389
AJ310084	1515	7575	Bacillaceae	Lysinibacillus sphaericus	FJ477040	1349	6745	Bacillaceae	Lysinibacillus xylanilyticus	6587.0	1349	7	7	1331	0.9918032786885246	0.9948109710896961	0.9866567828020756	0.9764700608557414	0.97657526
AJ310084	1515	7575	Bacillaceae	Lysinibacillus sphaericus	AB300598	1477	7355	Bacillaceae	Lysinibacillus parviboronicapiens	7177.0	1477	12	12	1451	0.990443686006826	0.991875423155044	0.982396750169262	0.9665622827387299	0.9757988
AJ310084	1515	7575	Bacillaceae	Lysinibacillus sphaericus	FJ169465	1412	7060	Bacillaceae	Lysinibacillus sinduriensis	6662.0	1414	23	25	1366	0.9834413246940245	0.9837110481586402	0.9660537482319661	0.9337847295018796	0.94362605
AJ310084	1515	7575	Bacillaceae	Lysinibacillus sphaericus	AY677116	1472	7354	Bacillaceae	Lysinibacillus massiliensis	6848.0	1474	31	33	1412	0.9798750867453158	0.9789402173913043	0.9579375848032564	0.9172013685724203	0.9311939
AJ310084	1515	7575	Bacillaceae	Lysinibacillus sphaericus	FN179488	1472	7360	Bacillaceae	Lysinibacillus acetophenoni	6773.0	1473	44	45	1402	0.9817927170868347	0.970108695652174	0.9517990495587237	0.8959584988594973	0.9202446
AJ310084	1515	7575	Bacillaceae	Lysinibacillus sphaericus	KF771256	1472	7360	Bacillaceae	Lysinibacillus alkaliphilus	6946.0	1474	23	25	1424	0.9827467218771566	0.984375	0.966078697421981	0.9351022261619576	0.94375
AJ310084	1515	7575	Bacillaceae	Lysinibacillus sphaericus	JQ754706	1454	7270	Bacillaceae	Lysinibacillus tabacifolii	7088.0	1474	10	31	1436	0.9951489951489951	0.9931176875430144	0.9742198100407056	0.9473040336177481	0.97496563
AJ310084	1515	7575	Bacillaceae	Lysinibacillus sphaericus	JX993821	1515	7575	Bacillaceae	Lysinibacillus manganicus	6999.0	1503	39	37	1442	0.9836289222373806	0.9753825681969395	0.959414504324684	0.9121281863424039	0.9239604
AJ310084	1515	7575	Bacillaceae	Lysinibacillus sphaericus	KF443809	1430	7150	Bacillaceae	Lysinibacillus halotolerans	6774.0	1435	23	28	1387	0.9857853589196873	0.9839160839160839	0.9665505226480836	0.9327411422262372	0.9474126
AJ310084	1515	7575	Bacillaceae	Lysinibacillus sphaericus	HE577173	1504	7520	Bacillaceae	Lysinibacillus meyeri	7001.0	1502	39	37	1442	0.9843003412969283	0.9753661784287616	0.9600532623169108	0.912704756193559	0.930984
EU043375	1452	7260	Bacillaceae	Lysinibacillus cresolivorans	HG937791	1405	7025	Bacillaceae	Lysinibacillus louembei	6112.0	1404	69	68	1298	0.9715568862275449	0.9515669515669516	0.9245014245014245	0.8385158880746116	0.8700356
EU043375	1452	7260	Bacillaceae	Lysinibacillus cresolivorans	AB547124	1475	7369	Bacillaceae	Lysinibacillus composti	6308.0	1452	67	76	1338	0.9723837209302325	0.9535689535689535	0.9214876033057852	0.8347379474317054	0.8688705
EU043375	1452	7260	Bacillaceae	Lysinibacillus cresolivorans	AF526913	1516	7580	Bacillaceae	Lysinibacillus odysseyi	6418.0	1452	59	56	1355	0.9706303724928367	0.9614325068870524	0.9331955922865014	0.8621714406564898	0.88402206
EU043375	1452	7260	Bacillaceae	Lysinibacillus cresolivorans	JF731238	1452	7260	Bacillaceae	Lysinibacillus mangiferihumi	6490.0	1444	45	54	1358	0.9769784172661871	0.9686411149825784	0.9404432132963989	0.8779154240980487	0.8939394
EU043375	1452	7260	Bacillaceae	Lysinibacillus cresolivorans	KC254732	1435	7175	Bacillaceae	Lysinibacillus contaminans	6351.0	1428	46	45	1338	0.9674620390455532	0.9684873949579832	0.9369747899159664	0.8791289921667447	0.8851568
EU043375	1452	7260	Bacillaceae	Lysinibacillus cresolivorans	AJ310083	1440	7200	Bacillaceae	Lysinibacillus fusiformis	6364.0	1405	42	43	1329	0.9757709251101322	0.9700854700854701	0.9459074733096086	0.8903427634054506	0.8838889
EU043375	1452	7260	Bacillaceae	Lysinibacillus cresolivorans	FJ477040	1349	6745	Bacillaceae	Lysinibacillus xylanilyticus	6150.0	1350	39	40	1281	0.9778625954198473	0.9710896960711638	0.9488888888888889	0.8949204063674906	0.9117865
EU043375	1452	7260	Bacillaceae	Lysinibacillus cresolivorans	AB300598	1477	7355	Bacillaceae	Lysinibacillus parviboronicapiens	6504.0	1452	45	46	1363	0.9694167852062588	0.968986905582357	0.9387052341597796	0.8816429921367068	0.89586776
EU043375	1452	7260	Bacillaceae	Lysinibacillus cresolivorans	FJ169465	1412	7060	Bacillaceae	Lysinibacillus sinduriensis	6189.0	1415	58	61	1312	0.9689807976366323	0.9589235127478754	0.927208480565371	0.8523016175733281	0.8766289
EU043375	1452	7260	Bacillaceae	Lysinibacillus cresolivorans	AY677116	1472	7354	Bacillaceae	Lysinibacillus massiliensis	6282.0	1449	62	65	1336	0.9653179190751445	0.9571230982019364	0.9220151828847482	0.8445195321723966	0.8652893
EU043375	1452	7260	Bacillaceae	Lysinibacillus cresolivorans	FN179488	1472	7360	Bacillaceae	Lysinibacillus acetophenoni	6264.0	1448	82	80	1333	0.9744152046783626	0.9447513812154696	0.9205801104972375	0.8231069223269418	0.8628099
EU043375	1452	7260	Bacillaceae	Lysinibacillus cresolivorans	KF771256	1472	7360	Bacillaceae	Lysinibacillus alkaliphilus	6344.0	1449	63	66	1343	0.9710773680404917	0.9564315352697096	0.9268461007591442	0.847769945337233	0.8738292
EU043375	1452	7260	Bacillaceae	Lysinibacillus cresolivorans	JQ754706	1454	7270	Bacillaceae	Lysinibacillus tabacifolii	6478.0	1442	59	55	1358	0.9790915645277577	0.9618585298196949	0.941747572815534	0.8702224407029618	0.8922865
EU043375	1452	7260	Bacillaceae	Lysinibacillus cresolivorans	JX993821	1515	7575	Bacillaceae	Lysinibacillus manganicus	6305.0	1452	74	73	1340	0.971718636693256	0.949724517906336	0.9228650137741047	0.8339651729977	0.8684573
EU043375	1452	7260	Bacillaceae	Lysinibacillus cresolivorans	KF443809	1430	7150	Bacillaceae	Lysinibacillus halotolerans	6335.0	1426	50	52	1334	0.9708879184861717	0.9648876404494382	0.9354838709677419	0.8708366115919223	0.886014
EU043375	1452	7260	Bacillaceae	Lysinibacillus cresolivorans	HE577173	1504	7520	Bacillaceae	Lysinibacillus meyeri	6327.0	1452	72	67	1344	0.9703971119133574	0.9538567493112947	0.9256198347107438	0.8411965033296459	0.8714876
HG937791	1405	7025	Bacillaceae	Lysinibacillus louembei	AB547124	1475	7369	Bacillaceae	Lysinibacillus composti	6667.0	1405	22	26	1362	0.9876722262509064	0.9842969307637401	0.9693950177935943	0.9367874769007474	0.94903916
HG937791	1405	7025	Bacillaceae	Lysinibacillus louembei	AF526913	1516	7580	Bacillaceae	Lysinibacillus odysseyi	6686.0	1405	20	18	1366	0.9848594087959625	0.9871886120996441	0.9722419928825623	0.9463155397390273	0.9517438
HG937791	1405	7025	Bacillaceae	Lysinibacillus louembei	JF731238	1452	7260	Bacillaceae	Lysinibacillus mangiferihumi	6550.0	1405	34	37	1348	0.9853801169590644	0.9757489300998573	0.9594306049822064	0.9120924722832929	0.9323843
HG937791	1405	7025	Bacillaceae	Lysinibacillus louembei	KC254732	1435	7175	Bacillaceae	Lysinibacillus contaminans	6526.0	1405	34	34	1346	0.9817651349380014	0.9758007117437723	0.9580071174377224	0.9127364544872254	0.92896795
HG937791	1405	7025	Bacillaceae	Lysinibacillus louembei	AJ310083	1440	7200	Bacillaceae	Lysinibacillus fusiformis	6557.0	1404	60	26	1355	0.9833091436865021	0.9814814814814815	0.9650997150997151	0.9084066990487756	0.9333808
HG937791	1405	7025	Bacillaceae	Lysinibacillus louembei	FJ477040	1349	6745	Bacillaceae	Lysinibacillus xylanilyticus	6437.0	1346	20	19	1312	0.9886963074604371	0.9858841010401189	0.974739970282318	0.9469106446300409	0.9543365
HG937791	1405	7025	Bacillaceae	Lysinibacillus louembei	AB300598	1477	7355	Bacillaceae	Lysinibacillus parviboronicapiens	6516.0	1404	56	29	1347	0.9796363636363636	0.9793447293447294	0.9594017094017094	0.9035461304296922	0.9275445
HG937791	1405	7025	Bacillaceae	Lysinibacillus louembei	FJ169465	1412	7060	Bacillaceae	Lysinibacillus sinduriensis	6629.0	1402	24	26	1357	0.9861918604651163	0.9828571428571429	0.9679029957203994	0.9339653030233307	0.9436299
HG937791	1405	7025	Bacillaceae	Lysinibacillus louembei	AY677116	1472	7354	Bacillaceae	Lysinibacillus massiliensis	6590.0	1405	31	35	1352	0.9868613138686131	0.9778729478943612	0.9622775800711744	0.9180503375330842	0.9380783
HG937791	1405	7025	Bacillaceae	Lysinibacillus louembei	FN179488	1472	7360	Bacillaceae	Lysinibacillus acetophenoni	6540.0	1405	39	40	1347	0.9868131868131869	0.9722222222222222	0.9587188612099644	0.9062681755897517	0.93096083
HG937791	1405	7025	Bacillaceae	Lysinibacillus louembei	KF771256	1472	7360	Bacillaceae	Lysinibacillus alkaliphilus	6667.0	1405	23	27	1362	0.988388969521045	0.9835831548893648	0.9693950177935943	0.9354526152097848	0.94903916
HG937791	1405	7025	Bacillaceae	Lysinibacillus louembei	JQ754706	1454	7270	Bacillaceae	Lysinibacillus tabacifolii	6462.0	1405	41	34	1340	0.9773887673231219	0.9758007117437723	0.9537366548042705	0.9042689859866216	0.9198577
HG937791	1405	7025	Bacillaceae	Lysinibacillus louembei	JX993821	1515	7575	Bacillaceae	Lysinibacillus manganicus	6552.0	1405	65	31	1354	0.9854439592430859	0.9779359430604982	0.9637010676156583	0.9007654876897377	0.93266904
HG937791	1405	7025	Bacillaceae	Lysinibacillus louembei	KF443809	1430	7150	Bacillaceae	Lysinibacillus halotolerans	6680.0	1405	22	24	1364	0.9876900796524257	0.9843193157519601	0.9708185053380783	0.9395237252080492	0.9508897
HG937791	1405	7025	Bacillaceae	Lysinibacillus louembei	HE577173	1504	7520	Bacillaceae	Lysinibacillus meyeri	6915.0	1405	3	2	1393	0.992872416250891	0.998576512455516	0.9914590747330961	0.9879382683597542	0.9843416
AB547124	1475	7369	Bacillaceae	Lysinibacillus composti	AF526913	1516	7580	Bacillaceae	Lysinibacillus odysseyi	6913.0	1475	36	21	1424	0.9793672627235214	0.9857627118644068	0.9654237288135593	0.9290046999966349	0.9381192
AB547124	1475	7369	Bacillaceae	Lysinibacillus composti	JF731238	1452	7260	Bacillaceae	Lysinibacillus mangiferihumi	6813.0	1467	28	43	1402	0.9845505617977528	0.9807162534435262	0.9556918882072256	0.9103045142522336	0.9384298
AB547124	1475	7369	Bacillaceae	Lysinibacillus composti	KC254732	1435	7175	Bacillaceae	Lysinibacillus contaminans	6702.0	1431	31	27	1379	0.9821937321937322	0.9811320754716981	0.9636617749825297	0.9254316908860957	0.93407667
AB547124	1475	7369	Bacillaceae	Lysinibacillus composti	AJ310083	1440	7200	Bacillaceae	Lysinibacillus fusiformis	6754.0	1434	30	25	1386	0.9836763662171752	0.9825662482566249	0.9665271966527197	0.9302164071609851	0.9380556
AB547124	1475	7369	Bacillaceae	Lysinibacillus composti	FJ477040	1349	6745	Bacillaceae	Lysinibacillus xylanilyticus	6421.0	1349	22	22	1311	0.9879427279577996	0.9836916234247591	0.971830985915493	0.9406416617869141	0.95196444
AB547124	1475	7369	Bacillaceae	Lysinibacillus composti	AB300598	1477	7355	Bacillaceae	Lysinibacillus parviboronicapiens	6817.0	1468	39	30	1406	0.9777468706536857	0.9795640326975477	0.9577656675749319	0.91391309221815	0.92685246
AB547124	1475	7369	Bacillaceae	Lysinibacillus composti	FJ169465	1412	7060	Bacillaceae	Lysinibacillus sinduriensis	6774.0	1412	14	14	1379	0.9864091559370529	0.990084985835694	0.976628895184136	0.9574524512394265	0.95949006
AB547124	1475	7369	Bacillaceae	Lysinibacillus composti	AY677116	1472	7354	Bacillaceae	Lysinibacillus massiliensis	6979.0	1466	26	20	1426	0.9861687413554634	0.9863574351978172	0.9727148703956344	0.942725001737324	0.94900733
AB547124	1475	7369	Bacillaceae	Lysinibacillus composti	FN179488	1472	7360	Bacillaceae	Lysinibacillus acetophenoni	6882.0	1465	37	30	1414	0.9853658536585366	0.9795221843003413	0.9651877133105802	0.9221334011988565	0.93505436
AB547124	1475	7369	Bacillaceae	Lysinibacillus composti	KF771256	1472	7360	Bacillaceae	Lysinibacillus alkaliphilus	7268.0	1466	8	2	1460	0.9972677595628415	0.9986357435197817	0.9959072305593452	0.989150736457857	0.9875
AB547124	1475	7369	Bacillaceae	Lysinibacillus composti	JQ754706	1454	7270	Bacillaceae	Lysinibacillus tabacifolii	6687.0	1466	39	51	1387	0.9802120141342756	0.9731774415405777	0.9461118690313779	0.8895337506175414	0.91980743
AB547124	1475	7369	Bacillaceae	Lysinibacillus composti	JX993821	1515	7575	Bacillaceae	Lysinibacillus manganicus	6958.0	1475	45	32	1427	0.988911988911989	0.9783050847457627	0.967457627118644	0.9184482604817127	0.9442258
AB547124	1475	7369	Bacillaceae	Lysinibacillus composti	KF443809	1430	7150	Bacillaceae	Lysinibacillus halotolerans	6877.0	1433	20	23	1398	0.9914893617021276	0.986013986013986	0.9755757152826239	0.9467045826211286	0.96181816
AB547124	1475	7369	Bacillaceae	Lysinibacillus composti	HE577173	1504	7520	Bacillaceae	Lysinibacillus meyeri	6978.0	1474	36	27	1429	0.9875604699378023	0.9816824966078698	0.9694708276797829	0.9290227070547323	0.9469399
AF526913	1516	7580	Bacillaceae	Lysinibacillus odysseyi	JF731238	1452	7260	Bacillaceae	Lysinibacillus mangiferihumi	6803.0	1480	24	52	1404	0.9831932773109243	0.9834710743801653	0.9486486486486486	0.9007116158711903	0.93705237
AF526913	1516	7580	Bacillaceae	Lysinibacillus odysseyi	KC254732	1435	7175	Bacillaceae	Lysinibacillus contaminans	6745.0	1437	27	29	1385	0.9836647727272727	0.981184668989547	0.9638135003479471	0.9269463172745285	0.9400697
AF526913	1516	7580	Bacillaceae	Lysinibacillus odysseyi	AJ310083	1440	7200	Bacillaceae	Lysinibacillus fusiformis	6764.0	1444	25	29	1390	0.9823321554770318	0.9826388888888888	0.9626038781163435	0.9272188478792553	0.9394444
AF526913	1516	7580	Bacillaceae	Lysinibacillus odysseyi	FJ477040	1349	6745	Bacillaceae	Lysinibacillus xylanilyticus	6468.0	1349	17	17	1317	0.9887387387387387	0.9873980726464048	0.9762787249814677	0.9519789616949598	0.9589325
AF526913	1516	7580	Bacillaceae	Lysinibacillus odysseyi	AB300598	1477	7355	Bacillaceae	Lysinibacillus parviboronicapiens	6938.0	1481	28	32	1423	0.9820565907522429	0.981042654028436	0.9608372721134368	0.9226330068206561	0.9433039
AF526913	1516	7580	Bacillaceae	Lysinibacillus odysseyi	FJ169465	1412	7060	Bacillaceae	Lysinibacillus sinduriensis	6743.0	1418	20	26	1376	0.9885057471264368	0.9858356940509915	0.9703808180535967	0.9393394288808112	0.95509917
AF526913	1516	7580	Bacillaceae	Lysinibacillus odysseyi	AY677116	1472	7354	Bacillaceae	Lysinibacillus massiliensis	6919.0	1478	25	31	1421	0.9820317899101589	0.983016304347826	0.9614343707713126	0.9256124647412436	0.9408485
AF526913	1516	7580	Bacillaceae	Lysinibacillus odysseyi	FN179488	1472	7360	Bacillaceae	Lysinibacillus acetophenoni	6866.0	1477	37	42	1414	0.9853658536585366	0.9748641304347826	0.957345971563981	0.9073919875788063	0.93288046
AF526913	1516	7580	Bacillaceae	Lysinibacillus odysseyi	KF771256	1472	7360	Bacillaceae	Lysinibacillus alkaliphilus	6938.0	1478	22	28	1424	0.9820689655172414	0.9850543478260869	0.9634641407307172	0.9313486693730266	0.942663
AF526913	1516	7580	Bacillaceae	Lysinibacillus odysseyi	JQ754706	1454	7270	Bacillaceae	Lysinibacillus tabacifolii	6698.0	1488	33	67	1393	0.9802955665024631	0.9773039889958735	0.9361559139784946	0.8746072016853654	0.9213205
AF526913	1516	7580	Bacillaceae	Lysinibacillus odysseyi	JX993821	1515	7575	Bacillaceae	Lysinibacillus manganicus	7096.0	1514	41	43	1456	0.9898028552005439	0.9728835978835979	0.9616908850726552	0.9097410237568334	0.9367657
AF526913	1516	7580	Bacillaceae	Lysinibacillus odysseyi	KF443809	1430	7150	Bacillaceae	Lysinibacillus halotolerans	6813.0	1439	23	32	1392	0.9893390191897654	0.9839160839160839	0.9673384294649062	0.9309474488762812	0.95286715
AF526913	1516	7580	Bacillaceae	Lysinibacillus odysseyi	HE577173	1504	7520	Bacillaceae	Lysinibacillus meyeri	7148.0	1506	23	25	1461	0.986495611073599	0.9847074468085106	0.9701195219123506	0.939664494409543	0.9505319
JF731238	1452	7260	Bacillaceae	Lysinibacillus mangiferihumi	KC254732	1435	7175	Bacillaceae	Lysinibacillus contaminans	6946.0	1430	13	8	1408	0.9901547116736991	0.9944055944055944	0.9846153846153847	0.9702862625939549	0.9680836
JF731238	1452	7260	Bacillaceae	Lysinibacillus mangiferihumi	AJ310083	1440	7200	Bacillaceae	Lysinibacillus fusiformis	6987.0	1419	21	4	1410	0.9964664310954063	0.9971811134601832	0.9936575052854123	0.9764065069297628	0.97041667
JF731238	1452	7260	Bacillaceae	Lysinibacillus mangiferihumi	FJ477040	1349	6745	Bacillaceae	Lysinibacillus xylanilyticus	6605.0	1349	6	6	1333	0.992553983618764	0.9955522609340252	0.9881393624907339	0.979388312786019	0.9792439
JF731238	1452	7260	Bacillaceae	Lysinibacillus mangiferihumi	AB300598	1477	7355	Bacillaceae	Lysinibacillus parviboronicapiens	7003.0	1450	27	14	1422	0.9902506963788301	0.9903448275862069	0.9806896551724138	0.9534667195853664	0.96460056
JF731238	1452	7260	Bacillaceae	Lysinibacillus mangiferihumi	FJ169465	1412	7060	Bacillaceae	Lysinibacillus sinduriensis	6671.0	1414	23	25	1367	0.9841612670986322	0.9837110481586402	0.9667609618104668	0.9344683200798457	0.9449009
JF731238	1452	7260	Bacillaceae	Lysinibacillus mangiferihumi	AY677116	1472	7354	Bacillaceae	Lysinibacillus massiliensis	6710.0	1450	46	35	1388	0.9809187279151943	0.9758620689655172	0.9572413793103448	0.9054121335054397	0.92424244
JF731238	1452	7260	Bacillaceae	Lysinibacillus mangiferihumi	FN179488	1472	7360	Bacillaceae	Lysinibacillus acetophenoni	6675.0	1450	59	40	1385	0.9822695035460993	0.9724137931034482	0.9551724137931035	0.8925070268046891	0.9194215
JF731238	1452	7260	Bacillaceae	Lysinibacillus mangiferihumi	KF771256	1472	7360	Bacillaceae	Lysinibacillus alkaliphilus	6809.0	1450	38	27	1400	0.9838369641602249	0.9813793103448276	0.9655172413793104	0.9233407489803486	0.9378788
JF731238	1452	7260	Bacillaceae	Lysinibacillus mangiferihumi	JQ754706	1454	7270	Bacillaceae	Lysinibacillus tabacifolii	7075.0	1450	10	13	1429	0.9944328462073765	0.9930891499654457	0.9855172413793103	0.9699919697685403	0.9745179
JF731238	1452	7260	Bacillaceae	Lysinibacillus mangiferihumi	JX993821	1515	7575	Bacillaceae	Lysinibacillus manganicus	6726.0	1452	64	38	1393	0.9851485148514851	0.9738292011019284	0.959366391184573	0.8948179928331045	0.92644626
JF731238	1452	7260	Bacillaceae	Lysinibacillus mangiferihumi	KF443809	1430	7150	Bacillaceae	Lysinibacillus halotolerans	6791.0	1431	24	25	1388	0.9871977240398293	0.9832167832167832	0.9699510831586303	0.9372860638632537	0.94979024
JF731238	1452	7260	Bacillaceae	Lysinibacillus mangiferihumi	HE577173	1504	7520	Bacillaceae	Lysinibacillus meyeri	6746.0	1452	62	35	1396	0.9851799576570219	0.9758953168044077	0.9614325068870524	0.8998347835263891	0.9292011
KC254732	1435	7175	Bacillaceae	Lysinibacillus contaminans	AJ310083	1440	7200	Bacillaceae	Lysinibacillus fusiformis	6832.0	1412	5	7	1386	0.9864768683274021	0.9964539007092199	0.9815864022662889	0.97327374395493	0.9521951
KC254732	1435	7175	Bacillaceae	Lysinibacillus contaminans	FJ477040	1349	6745	Bacillaceae	Lysinibacillus xylanilyticus	6541.0	1349	4	4	1326	0.9858736059479554	0.9970348406226834	0.9829503335804299	0.9771383582155788	0.96975535
KC254732	1435	7175	Bacillaceae	Lysinibacillus contaminans	AB300598	1477	7355	Bacillaceae	Lysinibacillus parviboronicapiens	6970.0	1435	6	7	1409	0.9866946778711485	0.99581589958159	0.9818815331010453	0.973023476244478	0.9714286
KC254732	1435	7175	Bacillaceae	Lysinibacillus contaminans	FJ169465	1412	7060	Bacillaceae	Lysinibacillus sinduriensis	6634.0	1416	24	28	1363	0.9819884726224783	0.9830028328611898	0.9625706214689266	0.927811126804771	0.9396601
KC254732	1435	7175	Bacillaceae	Lysinibacillus contaminans	AY677116	1472	7354	Bacillaceae	Lysinibacillus massiliensis	6582.0	1435	35	39	1364	0.9770773638968482	0.9755415793151643	0.9505226480836237	0.9026732086562849	0.9173519
KC254732	1435	7175	Bacillaceae	Lysinibacillus contaminans	FN179488	1472	7360	Bacillaceae	Lysinibacillus acetophenoni	6559.0	1435	48	48	1362	0.9819754866618601	0.9665505226480836	0.9491289198606272	0.8876883424455091	0.91414636
KC254732	1435	7175	Bacillaceae	Lysinibacillus contaminans	KF771256	1472	7360	Bacillaceae	Lysinibacillus alkaliphilus	6704.0	1435	28	32	1379	0.9828937990021382	0.9804332634521313	0.9609756097560975	0.9215644432589234	0.9343554
KC254732	1435	7175	Bacillaceae	Lysinibacillus contaminans	JQ754706	1454	7270	Bacillaceae	Lysinibacillus tabacifolii	6865.0	1435	24	15	1401	0.9866197183098592	0.9895470383275261	0.9763066202090592	0.9502093219306813	0.95679444
KC254732	1435	7175	Bacillaceae	Lysinibacillus contaminans	JX993821	1515	7575	Bacillaceae	Lysinibacillus manganicus	6602.0	1435	42	42	1367	0.9813352476669059	0.9707317073170731	0.9526132404181185	0.8984361840910217	0.9201394
KC254732	1435	7175	Bacillaceae	Lysinibacillus contaminans	KF443809	1430	7150	Bacillaceae	Lysinibacillus halotolerans	6709.0	1434	27	32	1379	0.9835948644793152	0.9811056682995102	0.9616457461645747	0.9228113183591606	0.93832165
KC254732	1435	7175	Bacillaceae	Lysinibacillus contaminans	HE577173	1504	7520	Bacillaceae	Lysinibacillus meyeri	6720.0	1435	34	33	1381	0.985021398002853	0.9770034843205575	0.9623693379790941	0.9184763865532266	0.93658537
AJ310083	1440	7200	Bacillaceae	Lysinibacillus fusiformis	FJ477040	1349	6745	Bacillaceae	Lysinibacillus xylanilyticus	6572.0	1346	6	6	1328	0.991044776119403	0.9955423476968797	0.986627043090639	0.9778699983294794	0.97435135
AJ310083	1440	7200	Bacillaceae	Lysinibacillus fusiformis	AB300598	1477	7355	Bacillaceae	Lysinibacillus parviboronicapiens	6948.0	1430	9	9	1405	0.9887403237156932	0.9937062937062937	0.9825174825174825	0.9702274792615307	0.965
AJ310083	1440	7200	Bacillaceae	Lysinibacillus fusiformis	FJ169465	1412	7060	Bacillaceae	Lysinibacillus sinduriensis	6590.0	1398	29	28	1351	0.9861313868613139	0.9799713876967096	0.9663805436337625	0.9277794987934511	0.93342775
AJ310083	1440	7200	Bacillaceae	Lysinibacillus fusiformis	AY677116	1472	7354	Bacillaceae	Lysinibacillus massiliensis	6648.0	1430	33	35	1370	0.982078853046595	0.976890756302521	0.958041958041958	0.9135123249955786	0.92333335
AJ310083	1440	7200	Bacillaceae	Lysinibacillus fusiformis	FN179488	1472	7360	Bacillaceae	Lysinibacillus acetophenoni	6595.0	1430	38	41	1364	0.9820014398848093	0.9733707077785564	0.9538461538461539	0.9025151959756864	0.91597223
AJ310083	1440	7200	Bacillaceae	Lysinibacillus fusiformis	KF771256	1472	7360	Bacillaceae	Lysinibacillus alkaliphilus	6745.0	1430	23	25	1382	0.9836298932384342	0.9838935574229691	0.9664335664335665	0.9345073371226159	0.93680555
AJ310083	1440	7200	Bacillaceae	Lysinibacillus fusiformis	JQ754706	1454	7270	Bacillaceae	Lysinibacillus tabacifolii	6882.0	1437	10	27	1398	0.9914893617021276	0.9929577464788732	0.9728601252609603	0.9479839506689385	0.9558333
AJ310083	1440	7200	Bacillaceae	Lysinibacillus fusiformis	JX993821	1515	7575	Bacillaceae	Lysinibacillus manganicus	6711.0	1440	36	36	1382	0.9843304843304843	0.975	0.9597222222222223	0.9129065040650407	0.9320833
AJ310083	1440	7200	Bacillaceae	Lysinibacillus fusiformis	KF443809	1430	7150	Bacillaceae	Lysinibacillus halotolerans	6655.0	1413	25	29	1364	0.9855491329479769	0.9822569198012775	0.9653220099079972	0.9290720874218833	0.9307692
AJ310083	1440	7200	Bacillaceae	Lysinibacillus fusiformis	HE577173	1504	7520	Bacillaceae	Lysinibacillus meyeri	6706.0	1438	35	33	1381	0.9829181494661922	0.9770514603616134	0.9603616133518776	0.9160272007870931	0.9313889
FJ477040	1349	6745	Bacillaceae	Lysinibacillus xylanilyticus	AB300598	1477	7355	Bacillaceae	Lysinibacillus parviboronicapiens	6548.0	1349	4	4	1325	0.9851301115241635	0.9970348406226834	0.9822090437361009	0.9764014514597603	0.9707932
FJ477040	1349	6745	Bacillaceae	Lysinibacillus xylanilyticus	FJ169465	1412	7060	Bacillaceae	Lysinibacillus sinduriensis	6468.0	1349	17	16	1317	0.9879969992498124	0.9881393624907339	0.9762787249814677	0.9526936606151511	0.9589325
FJ477040	1349	6745	Bacillaceae	Lysinibacillus xylanilyticus	AY677116	1472	7354	Bacillaceae	Lysinibacillus massiliensis	6367.0	1349	25	25	1304	0.9848942598187311	0.9814677538917717	0.9666419570051891	0.9314657576964122	0.94395846
FJ477040	1349	6745	Bacillaceae	Lysinibacillus xylanilyticus	FN179488	1472	7360	Bacillaceae	Lysinibacillus acetophenoni	6366.0	1349	24	20	1306	0.9826937547027841	0.9851742031134173	0.9681245366938473	0.9370994240831195	0.9438102
FJ477040	1349	6745	Bacillaceae	Lysinibacillus xylanilyticus	KF771256	1472	7360	Bacillaceae	Lysinibacillus alkaliphilus	6430.0	1349	21	21	1312	0.9879518072289156	0.9844329132690882	0.9725722757598221	0.9427561913934627	0.95329875
FJ477040	1349	6745	Bacillaceae	Lysinibacillus xylanilyticus	JQ754706	1454	7270	Bacillaceae	Lysinibacillus tabacifolii	6525.0	1349	8	8	1324	0.9873228933631618	0.994069681245367	0.9814677538917717	0.9698955475083757	0.96738327
FJ477040	1349	6745	Bacillaceae	Lysinibacillus xylanilyticus	JX993821	1515	7575	Bacillaceae	Lysinibacillus manganicus	6410.0	1349	25	23	1310	0.9879336349924586	0.9829503335804299	0.9710896960711638	0.9371651652040489	0.9503336
FJ477040	1349	6745	Bacillaceae	Lysinibacillus xylanilyticus	KF443809	1430	7150	Bacillaceae	Lysinibacillus halotolerans	6464.0	1349	22	21	1316	0.9909638554216867	0.9844329132690882	0.9755374351371386	0.944940710329774	0.9583395
FJ477040	1349	6745	Bacillaceae	Lysinibacillus xylanilyticus	HE577173	1504	7520	Bacillaceae	Lysinibacillus meyeri	6421.0	1349	20	21	1311	0.9871987951807228	0.9851632047477745	0.971830985915493	0.9427257482072862	0.95196444
AB300598	1477	7355	Bacillaceae	Lysinibacillus parviboronicapiens	FJ169465	1412	7060	Bacillaceae	Lysinibacillus sinduriensis	6610.0	1414	28	30	1358	0.9812138728323699	0.9801699716713881	0.9603960396039604	0.9217670726850771	0.93626064
AB300598	1477	7355	Bacillaceae	Lysinibacillus parviboronicapiens	AY677116	1472	7354	Bacillaceae	Lysinibacillus massiliensis	6779.0	1474	35	37	1401	0.9749478079331941	0.9762228260869565	0.9504748982360922	0.9051242072665768	0.9218113
AB300598	1477	7355	Bacillaceae	Lysinibacillus parviboronicapiens	FN179488	1472	7360	Bacillaceae	Lysinibacillus acetophenoni	6706.0	1473	52	53	1392	0.9802816901408451	0.9646739130434783	0.945010183299389	0.8799439083836934	0.9117607
AB300598	1477	7355	Bacillaceae	Lysinibacillus parviboronicapiens	KF771256	1472	7360	Bacillaceae	Lysinibacillus alkaliphilus	6862.0	1474	26	28	1412	0.9764868603042877	0.9823369565217391	0.9579375848032564	0.9234518317503392	0.93297076
AB300598	1477	7355	Bacillaceae	Lysinibacillus parviboronicapiens	JQ754706	1454	7270	Bacillaceae	Lysinibacillus tabacifolii	6905.0	1467	23	36	1412	0.986722571628232	0.984181568088033	0.9625085207907293	0.9243957672829085	0.9497937
AB300598	1477	7355	Bacillaceae	Lysinibacillus parviboronicapiens	JX993821	1515	7575	Bacillaceae	Lysinibacillus manganicus	6780.0	1477	46	44	1403	0.9790648988136776	0.970209884901828	0.949898442789438	0.8937652452509947	0.9218219
AB300598	1477	7355	Bacillaceae	Lysinibacillus parviboronicapiens	KF443809	1430	7150	Bacillaceae	Lysinibacillus halotolerans	6681.0	1434	30	34	1374	0.9814285714285714	0.9790209790209791	0.9581589958158996	0.9162722637583739	0.93440557
AB300598	1477	7355	Bacillaceae	Lysinibacillus parviboronicapiens	HE577173	1504	7520	Bacillaceae	Lysinibacillus meyeri	6862.0	1477	43	37	1414	0.9819444444444444	0.9749492213947191	0.957345971563981	0.9069593414816662	0.93297076
FJ169465	1412	7060	Bacillaceae	Lysinibacillus sinduriensis	AY677116	1472	7354	Bacillaceae	Lysinibacillus massiliensis	6756.0	1412	18	18	1376	0.9870875179340028	0.9872521246458924	0.9745042492917847	0.9499712751837397	0.95694053
FJ169465	1412	7060	Bacillaceae	Lysinibacillus sinduriensis	FN179488	1472	7360	Bacillaceae	Lysinibacillus acetophenoni	6670.0	1412	33	28	1367	0.9877167630057804	0.9801699716713881	0.9681303116147308	0.9272611427507179	0.9447592
FJ169465	1412	7060	Bacillaceae	Lysinibacillus sinduriensis	KF771256	1472	7360	Bacillaceae	Lysinibacillus alkaliphilus	6782.0	1412	13	13	1380	0.9864188706218727	0.9907932011331445	0.9773371104815864	0.9595049947815715	0.9606232
FJ169465	1412	7060	Bacillaceae	Lysinibacillus sinduriensis	JQ754706	1454	7270	Bacillaceae	Lysinibacillus tabacifolii	6595.0	1412	27	27	1358	0.9805054151624548	0.9808781869688386	0.9617563739376771	0.9256654467711486	0.934136
FJ169465	1412	7060	Bacillaceae	Lysinibacillus sinduriensis	JX993821	1515	7575	Bacillaceae	Lysinibacillus manganicus	6680.0	1412	37	33	1367	0.9912980420594634	0.976628895184136	0.9681303116147308	0.9213607313434877	0.94617563
FJ169465	1412	7060	Bacillaceae	Lysinibacillus sinduriensis	KF443809	1430	7150	Bacillaceae	Lysinibacillus halotolerans	6883.0	1412	13	11	1392	0.9935760171306209	0.9922096317280453	0.9858356940509915	0.9692321455196065	0.97492915
FJ169465	1412	7060	Bacillaceae	Lysinibacillus sinduriensis	HE577173	1504	7520	Bacillaceae	Lysinibacillus meyeri	6657.0	1412	34	29	1365	0.9869848156182213	0.9794617563739377	0.96671388101983	0.9245956413903353	0.9429178
AY677116	1472	7354	Bacillaceae	Lysinibacillus massiliensis	FN179488	1472	7360	Bacillaceae	Lysinibacillus acetophenoni	7003.0	1471	27	26	1429	0.9889273356401385	0.982324949014276	0.9714479945615228	0.9370776716564756	0.95227087
AY677116	1472	7354	Bacillaceae	Lysinibacillus massiliensis	KF771256	1472	7360	Bacillaceae	Lysinibacillus alkaliphilus	7017.0	1472	20	20	1432	0.9862258953168044	0.9864130434782609	0.9728260869565217	0.9467449586198857	0.9541746
AY677116	1472	7354	Bacillaceae	Lysinibacillus massiliensis	JQ754706	1454	7270	Bacillaceae	Lysinibacillus tabacifolii	6603.0	1466	44	56	1377	0.9765957446808511	0.9697386519944979	0.9392905866302865	0.8770859120190092	0.9082531
AY677116	1472	7354	Bacillaceae	Lysinibacillus massiliensis	JX993821	1515	7575	Bacillaceae	Lysinibacillus manganicus	7028.0	1472	23	19	1433	0.9862353750860289	0.9870923913043478	0.9735054347826086	0.946156118220154	0.95567036
AY677116	1472	7354	Bacillaceae	Lysinibacillus massiliensis	KF443809	1430	7150	Bacillaceae	Lysinibacillus halotolerans	6871.0	1433	14	17	1398	0.9872881355932204	0.9902097902097902	0.9755757152826239	0.9546753371390432	0.96097904
AY677116	1472	7354	Bacillaceae	Lysinibacillus massiliensis	HE577173	1504	7520	Bacillaceae	Lysinibacillus meyeri	6925.0	1472	35	30	1421	0.9854368932038835	0.9796195652173914	0.9653532608695652	0.9237155953376994	0.9416644
FN179488	1472	7360	Bacillaceae	Lysinibacillus acetophenoni	KF771256	1472	7360	Bacillaceae	Lysinibacillus alkaliphilus	6915.0	1472	32	33	1419	0.9861014593467686	0.9782460910944936	0.9639945652173914	0.9223325660557355	0.93953806
FN179488	1472	7360	Bacillaceae	Lysinibacillus acetophenoni	JQ754706	1454	7270	Bacillaceae	Lysinibacillus tabacifolii	6553.0	1460	52	58	1370	0.9771754636233951	0.9642365887207703	0.9383561643835616	0.8700895122128	0.90137553
FN179488	1472	7360	Bacillaceae	Lysinibacillus acetophenoni	JX993821	1515	7575	Bacillaceae	Lysinibacillus manganicus	7176.0	1472	18	15	1451	0.9958819492107069	0.9898097826086957	0.985733695652174	0.9639020097753137	0.975
FN179488	1472	7360	Bacillaceae	Lysinibacillus acetophenoni	KF443809	1430	7150	Bacillaceae	Lysinibacillus halotolerans	6794.0	1437	27	34	1389	0.9900213827512473	0.9811188811188811	0.9665970772442589	0.9263221990257481	0.9502098
FN179488	1472	7360	Bacillaceae	Lysinibacillus acetophenoni	HE577173	1504	7520	Bacillaceae	Lysinibacillus meyeri	6817.0	1472	48	44	1408	0.9859943977591037	0.970108695652174	0.9565217391304348	0.8986270022883296	0.9262228
KF771256	1472	7360	Bacillaceae	Lysinibacillus alkaliphilus	JQ754706	1454	7270	Bacillaceae	Lysinibacillus tabacifolii	6686.0	1466	37	49	1387	0.9788285109386027	0.9745529573590096	0.9461118690313779	0.8919763928259897	0.91966987
KF771256	1472	7360	Bacillaceae	Lysinibacillus alkaliphilus	JX993821	1515	7575	Bacillaceae	Lysinibacillus manganicus	6966.0	1472	36	32	1425	0.9895833333333334	0.9782608695652174	0.9680706521739131	0.9244175988928612	0.9464674
KF771256	1472	7360	Bacillaceae	Lysinibacillus alkaliphilus	KF443809	1430	7150	Bacillaceae	Lysinibacillus halotolerans	6901.0	1433	18	21	1401	0.9922096317280453	0.9874125874125874	0.9776692254012561	0.951391417137542	0.96517485
KF771256	1472	7360	Bacillaceae	Lysinibacillus alkaliphilus	HE577173	1504	7520	Bacillaceae	Lysinibacillus meyeri	7005.0	1472	29	24	1431	0.9882596685082873	0.9836956521739131	0.9721467391304348	0.9378204385482142	0.9517663
JQ754706	1454	7270	Bacillaceae	Lysinibacillus tabacifolii	JX993821	1515	7575	Bacillaceae	Lysinibacillus manganicus	6609.0	1454	78	45	1381	0.9801277501774308	0.969050894085282	0.9497936726272352	0.8735373921225682	0.9090784
JQ754706	1454	7270	Bacillaceae	Lysinibacillus tabacifolii	KF443809	1430	7150	Bacillaceae	Lysinibacillus halotolerans	6684.0	1432	29	31	1376	0.9821556031406139	0.9797202797202798	0.9608938547486033	0.9214320947999953	0.9348252
JQ754706	1454	7270	Bacillaceae	Lysinibacillus tabacifolii	HE577173	1504	7520	Bacillaceae	Lysinibacillus meyeri	6624.0	1454	70	43	1382	0.9794472005669738	0.9704264099037139	0.9504814305364512	0.8800061013693784	0.9111417
JX993821	1515	7575	Bacillaceae	Lysinibacillus manganicus	KF443809	1430	7150	Bacillaceae	Lysinibacillus halotolerans	6808.0	1437	31	38	1390	0.993566833452466	0.9783216783216783	0.9672929714683368	0.9218275661336535	0.9521678
JX993821	1515	7575	Bacillaceae	Lysinibacillus manganicus	HE577173	1504	7520	Bacillaceae	Lysinibacillus meyeri	6967.0	1503	44	44	1437	0.9849211788896505	0.9707252162341983	0.9560878243512974	0.9017014452026779	0.92646277
KF443809	1430	7150	Bacillaceae	Lysinibacillus halotolerans	HE577173	1504	7520	Bacillaceae	Lysinibacillus meyeri	6785.0	1430	35	27	1388	0.9893086243763364	0.9811188811188811	0.9706293706293706	0.929551540609561	0.94895107
