D83359	1478	7390	Staphylococcaceae	Macrococcus caseolyticus	AY119685	1548	7740	Staphylococcaceae	Macrococcus hajekii	7189.0	1478	10	9	1455	0.9904697072838666	0.9939106901217862	0.9844384303112313	0.9718683159456982	0.9728011
D83359	1478	7390	Staphylococcaceae	Macrococcus caseolyticus	Y15712	1520	7588	Staphylococcaceae	Macrococcus equipercicus	7165.0	1478	12	12	1452	0.990450204638472	0.9918809201623816	0.9824086603518268	0.9665846282387773	0.9695535
D83359	1478	7390	Staphylococcaceae	Macrococcus caseolyticus	Y15714	1546	7718	Staphylococcaceae	Macrococcus bovicus	7131.0	1478	11	12	1448	0.9877216916780355	0.992552471225457	0.979702300405954	0.9645692225622086	0.96495265
D83359	1478	7390	Staphylococcaceae	Macrococcus caseolyticus	AY119687	1549	7745	Staphylococcaceae	Macrococcus lamae	7093.0	1478	16	14	1444	0.9863387978142076	0.9905277401894452	0.9769959404600812	0.9573775480813648	0.95981055
D83359	1478	7390	Staphylococcaceae	Macrococcus caseolyticus	AY119686	1546	7730	Staphylococcaceae	Macrococcus brunensis	7149.0	1478	11	12	1450	0.9890859481582538	0.992552471225457	0.9810554803788903	0.9659015004939243	0.9673884
D83359	1478	7390	Staphylococcaceae	Macrococcus caseolyticus	KU933342	1547	7735	Staphylococcaceae	Macrococcus canis	7354.0	1478	0	0	1474	0.9972936400541272	1.0	0.9972936400541272	0.9972936400541272	0.9951286
D83359	1478	7390	Staphylococcaceae	Macrococcus caseolyticus	Y15713	1549	7733	Staphylococcaceae	Macrococcus carouselicus	7173.0	1478	11	11	1453	0.9904567143830948	0.9925575101488497	0.983085250338295	0.9685601492587499	0.970636
AY119685	1548	7740	Staphylococcaceae	Macrococcus hajekii	Y15712	1520	7588	Staphylococcaceae	Macrococcus equipercicus	7504.0	1521	2	3	1509	0.9940711462450593	0.9986842105263158	0.9921104536489151	0.9888533608923527	0.98892987
AY119685	1548	7740	Staphylococcaceae	Macrococcus hajekii	Y15714	1546	7718	Staphylococcaceae	Macrococcus bovicus	7561.0	1547	9	11	1526	0.9934895833333334	0.9941747572815534	0.9864253393665159	0.9737463504286429	0.97965795
AY119685	1548	7740	Staphylococcaceae	Macrococcus hajekii	AY119687	1549	7745	Staphylococcaceae	Macrococcus lamae	7554.0	1548	8	7	1527	0.990914990266061	0.9954780361757106	0.9864341085271318	0.9769247822881171	0.975969
AY119685	1548	7740	Staphylococcaceae	Macrococcus hajekii	AY119686	1546	7730	Staphylococcaceae	Macrococcus brunensis	7593.0	1547	9	11	1530	0.99609375	0.9941747572815534	0.989010989010989	0.9762987655018504	0.98227686
AY119685	1548	7740	Staphylococcaceae	Macrococcus hajekii	KU933342	1547	7735	Staphylococcaceae	Macrococcus canis	7477.0	1547	10	11	1517	0.9876302083333334	0.9935316946959897	0.9806076276664512	0.9673817059060172	0.9666451
AY119685	1548	7740	Staphylococcaceae	Macrococcus hajekii	Y15713	1549	7733	Staphylococcaceae	Macrococcus carouselicus	7626.0	1547	5	6	1534	0.9954574951330305	0.9967658473479948	0.9915966386554622	0.9845685696959197	0.9861632
Y15712	1520	7588	Staphylococcaceae	Macrococcus equipercicus	Y15714	1546	7718	Staphylococcaceae	Macrococcus bovicus	7468.0	1520	7	8	1506	0.996031746031746	0.9953917050691244	0.9907894736842106	0.9810567676558785	0.9841856
Y15712	1520	7588	Staphylococcaceae	Macrococcus equipercicus	AY119687	1549	7745	Staphylococcaceae	Macrococcus lamae	7469.0	1520	6	4	1505	0.9927440633245382	0.9973684210526316	0.9901315789473685	0.9836431675519074	0.98431736
Y15712	1520	7588	Staphylococcaceae	Macrococcus equipercicus	AY119686	1546	7730	Staphylococcaceae	Macrococcus brunensis	7484.0	1520	7	8	1506	0.996031746031746	0.9953917050691244	0.9907894736842106	0.9810567676558785	0.98629415
Y15712	1520	7588	Staphylococcaceae	Macrococcus equipercicus	KU933342	1547	7735	Staphylococcaceae	Macrococcus canis	7351.0	1520	9	9	1491	0.986763732627399	0.9940789473684211	0.9809210526315789	0.9693732573749613	0.96876645
Y15712	1520	7588	Staphylococcaceae	Macrococcus equipercicus	Y15713	1549	7733	Staphylococcaceae	Macrococcus carouselicus	7544.0	1520	3	3	1515	0.998681608437706	0.9980263157894737	0.9967105263157895	0.9927838925942566	0.99420136
Y15714	1546	7718	Staphylococcaceae	Macrococcus bovicus	AY119687	1549	7745	Staphylococcaceae	Macrococcus lamae	7583.0	1545	8	5	1529	0.9928571428571429	0.9967637540453075	0.9896440129449838	0.9813598067838217	0.9825084
Y15714	1546	7718	Staphylococcaceae	Macrococcus bovicus	AY119686	1546	7730	Staphylococcaceae	Macrococcus brunensis	7682.0	1546	3	3	1540	0.9980557355800389	0.9980595084087969	0.9961190168175937	0.9922605829241751	0.9953356
Y15714	1546	7718	Staphylococcaceae	Macrococcus bovicus	KU933342	1547	7735	Staphylococcaceae	Macrococcus canis	7452.0	1546	9	8	1514	0.9843953185955787	0.9948253557567918	0.9793014230271668	0.9685952338365161	0.9655351
Y15714	1546	7718	Staphylococcaceae	Macrococcus bovicus	Y15713	1549	7733	Staphylococcaceae	Macrococcus carouselicus	7647.0	1546	5	4	1538	0.9974059662775616	0.9974126778783958	0.9948253557567918	0.9890526747756111	0.99080074
AY119687	1549	7745	Staphylococcaceae	Macrococcus lamae	AY119686	1546	7730	Staphylococcaceae	Macrococcus brunensis	7606.0	1548	5	8	1532	0.9948051948051948	0.9967637540453075	0.9896640826873385	0.9813797085244695	0.9839586
AY119687	1549	7745	Staphylococcaceae	Macrococcus lamae	KU933342	1547	7735	Staphylococcaceae	Macrococcus canis	7408.0	1548	15	17	1509	0.9856303069888962	0.9902975420439845	0.9748062015503876	0.9548485569888953	0.95772463
AY119687	1549	7745	Staphylococcaceae	Macrococcus lamae	Y15713	1549	7733	Staphylococcaceae	Macrococcus carouselicus	7580.0	1548	4	6	1529	0.9915693904020753	0.9974126778783958	0.9877260981912145	0.9813618836410134	0.98021466
AY119686	1546	7730	Staphylococcaceae	Macrococcus brunensis	KU933342	1547	7735	Staphylococcaceae	Macrococcus canis	7477.0	1546	11	10	1517	0.9876302083333334	0.9935316946959897	0.98124191461837	0.9680074379279487	0.9672704
AY119686	1546	7730	Staphylococcaceae	Macrococcus brunensis	Y15713	1549	7733	Staphylococcaceae	Macrococcus carouselicus	7663.0	1546	5	4	1538	0.9974059662775616	0.9974126778783958	0.9948253557567918	0.9890526747756111	0.9913325
KU933342	1547	7735	Staphylococcaceae	Macrococcus canis	Y15713	1549	7733	Staphylococcaceae	Macrococcus carouselicus	7494.0	1547	8	8	1519	0.9870045484080572	0.9948287007110537	0.9819004524886877	0.9717972967074536	0.9690935
