KF560355	1402	7010	Oceanospirillaceae	Marinomonas mangrovi	AF063027	1534	7658	Oceanospirillaceae	Marinomonas mediterranea	6491.0	1402	34	34	1341	0.9802631578947368	0.9757489300998573	0.956490727532097	0.9111972947520255	0.9259629
KF560355	1402	7010	Oceanospirillaceae	Marinomonas mangrovi	AJ833000	1475	7375	Oceanospirillaceae	Marinomonas polaris	6609.0	1402	27	27	1355	0.9854545454545455	0.9807417974322397	0.9664764621968617	0.9299546084819348	0.942796
KF560355	1402	7010	Oceanospirillaceae	Marinomonas mangrovi	JN087530	1504	7514	Oceanospirillaceae	Marinomonas hwangdonensis	6673.0	1402	47	20	1367	0.9891461649782923	0.985734664764622	0.9750356633380884	0.9299511985736634	0.9519258
KF560355	1402	7010	Oceanospirillaceae	Marinomonas mangrovi	X67025	1467	7311	Oceanospirillaceae	Marinomonas vaga	6505.0	1402	38	40	1342	0.9853157121879589	0.9728571428571429	0.9572039942938659	0.9053554446029481	0.92796004
KF560355	1402	7010	Oceanospirillaceae	Marinomonas mangrovi	DQ492749	1465	7325	Oceanospirillaceae	Marinomonas arctica	6598.0	1402	48	27	1357	0.986909090909091	0.9807417974322397	0.9679029957203994	0.917839047665896	0.94122684
KF560355	1402	7010	Oceanospirillaceae	Marinomonas mangrovi	EU188447	1393	6965	Oceanospirillaceae	Marinomonas aquiplantarum	6616.0	1392	21	24	1351	0.9875730994152047	0.9848812095032398	0.9705459770114943	0.9396368694633576	0.94989234
KF560355	1402	7010	Oceanospirillaceae	Marinomonas mangrovi	EU188442	1336	6668	Oceanospirillaceae	Marinomonas alcarazii	6393.0	1354	17	35	1305	0.9893858984078847	0.9872754491017964	0.9638109305760709	0.9272550090662565	0.95875823
KF560355	1402	7010	Oceanospirillaceae	Marinomonas mangrovi	DQ011528	1461	7305	Oceanospirillaceae	Marinomonas communis	6640.0	1402	23	23	1359	0.9854967367657723	0.9835948644793152	0.9693295292439372	0.9380388918086943	0.94721824
KF560355	1402	7010	Oceanospirillaceae	Marinomonas mangrovi	EU188441	1380	6900	Oceanospirillaceae	Marinomonas pollencensis	6574.0	1389	24	35	1342	0.9911373707533235	0.9825834542815675	0.9661627069834413	0.9258204566564612	0.9527536
KF560355	1402	7010	Oceanospirillaceae	Marinomonas mangrovi	AB242868	1536	7650	Oceanospirillaceae	Marinomonas ostreistagni	6527.0	1402	33	31	1345	0.9810357403355215	0.9778887303851641	0.9593437945791726	0.9165577298732026	0.9310984
KF560355	1402	7010	Oceanospirillaceae	Marinomonas mangrovi	LN909520	1486	7430	Oceanospirillaceae	Marinomonas gallaica	6544.0	1402	32	29	1348	0.9817916970138383	0.9793152639087018	0.9614835948644793	0.9205836650968829	0.93352354
KF560355	1402	7010	Oceanospirillaceae	Marinomonas mangrovi	EU188443	1426	7130	Oceanospirillaceae	Marinomonas rhizomae	6766.0	1402	22	21	1373	0.9942070963070239	0.985021398002853	0.9793152639087018	0.9497432440013464	0.96519256
KF560355	1402	7010	Oceanospirillaceae	Marinomonas mangrovi	EU188448	1349	6739	Oceanospirillaceae	Marinomonas balearica	6293.0	1361	18	30	1299	0.9759579263711495	0.9866567828020756	0.9544452608376194	0.9212230907722055	0.9338181
KF560355	1402	7010	Oceanospirillaceae	Marinomonas mangrovi	AJ843077	1535	7675	Oceanospirillaceae	Marinomonas aquimarina	6500.0	1402	33	30	1343	0.9788629737609329	0.978601997146933	0.9579172610556348	0.9158623569117289	0.9272468
KF560355	1402	7010	Oceanospirillaceae	Marinomonas mangrovi	AJ627909	1496	7480	Oceanospirillaceae	Marinomonas ushuaiensis	6563.0	1402	32	31	1350	0.9846827133479212	0.9778887303851641	0.9629101283880172	0.9206065453416817	0.93623394
KF560355	1402	7010	Oceanospirillaceae	Marinomonas mangrovi	DQ403809	1539	7695	Oceanospirillaceae	Marinomonas blandensis	6491.0	1402	29	30	1342	0.978134110787172	0.979300499643112	0.9572039942938659	0.9177385605668652	0.9259629
KF560355	1402	7010	Oceanospirillaceae	Marinomonas mangrovi	AB467281	1523	7615	Oceanospirillaceae	Marinomonas arenicola	6673.0	1402	24	24	1363	0.9891146589259797	0.9828815977175464	0.9721825962910129	0.9394583574256773	0.9519258
KF560355	1402	7010	Oceanospirillaceae	Marinomonas mangrovi	AY539835	1535	7669	Oceanospirillaceae	Marinomonas pontica	6709.0	1402	22	21	1367	0.9898624185372918	0.985021398002853	0.9750356633380884	0.9455928729423456	0.95706135
KF560355	1402	7010	Oceanospirillaceae	Marinomonas mangrovi	AB074193	1419	7077	Oceanospirillaceae	Marinomonas primoryensis	6601.0	1402	36	30	1355	0.9876093294460642	0.978601997146933	0.9664764621968617	0.9221180153922769	0.9416548
KF560355	1402	7010	Oceanospirillaceae	Marinomonas mangrovi	EU188444	1360	6800	Oceanospirillaceae	Marinomonas foliarum	6420.0	1340	18	19	1307	0.9894019682059046	0.9865571321882002	0.9753731343283583	0.9487981667509289	0.94411767
KF560355	1402	7010	Oceanospirillaceae	Marinomonas mangrovi	DQ011526	1495	7433	Oceanospirillaceae	Marinomonas dokdonensis	6656.0	1402	24	23	1360	0.9862218999274837	0.9835948644793152	0.9700427960057061	0.9380708384935965	0.94950074
KF560355	1402	7010	Oceanospirillaceae	Marinomonas mangrovi	KT036402	1418	7090	Oceanospirillaceae	Marinomonas spartinae	6552.0	1400	49	33	1349	0.9868324798829554	0.9764285714285714	0.9635714285714285	0.9090421965887803	0.9346648
KF560355	1402	7010	Oceanospirillaceae	Marinomonas mangrovi	LN909522	1489	7445	Oceanospirillaceae	Marinomonas atlantica	6526.0	1402	38	32	1346	0.9824817518248176	0.9771754636233951	0.9600570613409415	0.9133876208590902	0.93095577
KF560355	1402	7010	Oceanospirillaceae	Marinomonas mangrovi	KC565667	1503	7515	Oceanospirillaceae	Marinomonas profundimaris	6598.0	1402	31	31	1353	0.986870897155361	0.9778887303851641	0.9650499286733238	0.9232961983329567	0.94122684
KF560355	1402	7010	Oceanospirillaceae	Marinomonas mangrovi	JQ409370	1411	7055	Oceanospirillaceae	Marinomonas fungiae	6533.0	1402	36	35	1346	0.9846378931967813	0.9750356633380884	0.9600570613409415	0.9126550784791844	0.9319543
KF560355	1402	7010	Oceanospirillaceae	Marinomonas mangrovi	EU188445	1399	6995	Oceanospirillaceae	Marinomonas posidonica	6643.0	1395	25	25	1356	0.9897810218978103	0.982078853046595	0.9720430107526882	0.9378161441768893	0.94967836
KF560355	1402	7010	Oceanospirillaceae	Marinomonas mangrovi	GU929940	1425	7119	Oceanospirillaceae	Marinomonas brasilensis	6514.0	1392	28	28	1340	0.9824046920821115	0.9798850574712644	0.9626436781609196	0.9246802655010522	0.9292439
AF063027	1534	7658	Oceanospirillaceae	Marinomonas mediterranea	AJ833000	1475	7375	Oceanospirillaceae	Marinomonas polaris	6755.0	1478	39	42	1403	0.9770194986072424	0.9735593220338983	0.949255751014885	0.8985703747247034	0.9159322
AF063027	1534	7658	Oceanospirillaceae	Marinomonas mediterranea	JN087530	1504	7514	Oceanospirillaceae	Marinomonas hwangdonensis	6831.0	1495	47	38	1422	0.9759780370624571	0.974581939799331	0.9511705685618729	0.8987389872857644	0.90910304
AF063027	1534	7658	Oceanospirillaceae	Marinomonas mediterranea	X67025	1467	7311	Oceanospirillaceae	Marinomonas vaga	6823.0	1467	26	30	1406	0.9784272790535838	0.9822282980177717	0.9584185412406271	0.9224698216763437	0.93325126
AF063027	1534	7658	Oceanospirillaceae	Marinomonas mediterranea	DQ492749	1465	7325	Oceanospirillaceae	Marinomonas arctica	6669.0	1461	39	35	1388	0.9733520336605891	0.9760438056125941	0.9500342231348392	0.9031658681268538	0.91044366
AF063027	1534	7658	Oceanospirillaceae	Marinomonas mediterranea	EU188447	1393	6965	Oceanospirillaceae	Marinomonas aquiplantarum	6611.0	1392	17	16	1352	0.9825581395348837	0.9885057471264368	0.9712643678160919	0.9485165153406264	0.94917446
AF063027	1534	7658	Oceanospirillaceae	Marinomonas mediterranea	EU188442	1336	6668	Oceanospirillaceae	Marinomonas alcarazii	6219.0	1349	23	36	1284	0.9779131759329779	0.9827844311377245	0.9518161601186064	0.9108852902592784	0.93266344
AF063027	1534	7658	Oceanospirillaceae	Marinomonas mediterranea	DQ011528	1461	7305	Oceanospirillaceae	Marinomonas communis	6801.0	1461	34	34	1401	0.9817799579537492	0.9767282683093771	0.9589322381930184	0.9153152534457775	0.93100613
AF063027	1534	7658	Oceanospirillaceae	Marinomonas mediterranea	EU188441	1380	6900	Oceanospirillaceae	Marinomonas pollencensis	6498.0	1379	18	18	1333	0.9794268919911829	0.9869470630891951	0.9666424945612763	0.9417325949161753	0.94173914
AF063027	1534	7658	Oceanospirillaceae	Marinomonas mediterranea	AB242868	1536	7650	Oceanospirillaceae	Marinomonas ostreistagni	7090.0	1532	35	33	1464	0.9766511007338226	0.9784595300261096	0.9556135770234987	0.9141447045042913	0.9267974
AF063027	1534	7658	Oceanospirillaceae	Marinomonas mediterranea	LN909520	1486	7430	Oceanospirillaceae	Marinomonas gallaica	6959.0	1482	31	27	1430	0.9828178694158075	0.9817813765182186	0.9649122807017544	0.9279229136953422	0.9366084
AF063027	1534	7658	Oceanospirillaceae	Marinomonas mediterranea	EU188443	1426	7130	Oceanospirillaceae	Marinomonas rhizomae	6573.0	1425	32	31	1361	0.9763271162123386	0.9782456140350877	0.9550877192982457	0.913790172067093	0.9218794
AF063027	1534	7658	Oceanospirillaceae	Marinomonas mediterranea	EU188448	1349	6739	Oceanospirillaceae	Marinomonas balearica	6559.0	1350	11	12	1327	0.9917787742899851	0.9918458117123795	0.9829629629629629	0.9663515389011347	0.9732898
AF063027	1534	7658	Oceanospirillaceae	Marinomonas mediterranea	AJ843077	1535	7675	Oceanospirillaceae	Marinomonas aquimarina	7136.0	1531	36	33	1470	0.9813084112149533	0.9784454604833442	0.9601567602873938	0.9178780005810567	0.931836
AF063027	1534	7658	Oceanospirillaceae	Marinomonas mediterranea	AJ627909	1496	7480	Oceanospirillaceae	Marinomonas ushuaiensis	6947.0	1497	32	34	1434	0.9801777170198223	0.9785953177257525	0.9579158316633266	0.916566946843327	0.9287433
AF063027	1534	7658	Oceanospirillaceae	Marinomonas mediterranea	DQ403809	1539	7695	Oceanospirillaceae	Marinomonas blandensis	7151.0	1534	21	21	1475	0.9748843357567746	0.9863102998696219	0.9615384615384616	0.9355676477862973	0.93379474
AF063027	1534	7658	Oceanospirillaceae	Marinomonas mediterranea	AB467281	1523	7615	Oceanospirillaceae	Marinomonas arenicola	7070.0	1522	27	27	1459	0.9759197324414716	0.9822601839684626	0.9586070959264126	0.9251889014912762	0.92843074
AF063027	1534	7658	Oceanospirillaceae	Marinomonas mediterranea	AY539835	1535	7669	Oceanospirillaceae	Marinomonas pontica	7166.0	1534	29	28	1475	0.9794156706507304	0.9817470664928292	0.9615384615384616	0.9264727594861952	0.93575346
AF063027	1534	7658	Oceanospirillaceae	Marinomonas mediterranea	AB074193	1419	7077	Oceanospirillaceae	Marinomonas primoryensis	6448.0	1416	40	37	1343	0.9738941261783901	0.9738700564971752	0.9484463276836158	0.898288108431117	0.91112053
AF063027	1534	7658	Oceanospirillaceae	Marinomonas mediterranea	EU188444	1360	6800	Oceanospirillaceae	Marinomonas foliarum	6295.0	1361	32	33	1301	0.9796686746987951	0.9764705882352941	0.9559147685525349	0.9113099875360849	0.9257353
AF063027	1534	7658	Oceanospirillaceae	Marinomonas mediterranea	DQ011526	1495	7433	Oceanospirillaceae	Marinomonas dokdonensis	7043.0	1495	21	21	1444	0.9796472184531886	0.9859531772575251	0.9658862876254181	0.9391269049867192	0.9475313
AF063027	1534	7658	Oceanospirillaceae	Marinomonas mediterranea	KT036402	1418	7090	Oceanospirillaceae	Marinomonas spartinae	6616.0	1419	26	27	1363	0.9791666666666666	0.9816643159379408	0.9605355884425651	0.9253048713578205	0.9331453
AF063027	1534	7658	Oceanospirillaceae	Marinomonas mediterranea	LN909522	1489	7445	Oceanospirillaceae	Marinomonas atlantica	7024.0	1482	20	13	1439	0.9795779441797141	0.9912280701754386	0.9709851551956815	0.9496519260868549	0.943452
AF063027	1534	7658	Oceanospirillaceae	Marinomonas mediterranea	KC565667	1503	7515	Oceanospirillaceae	Marinomonas profundimaris	7003.0	1503	25	25	1444	0.9769959404600812	0.9833666001330672	0.9607451763140386	0.9293071797069038	0.93186957
AF063027	1534	7658	Oceanospirillaceae	Marinomonas mediterranea	JQ409370	1411	7055	Oceanospirillaceae	Marinomonas fungiae	6599.0	1410	32	31	1357	0.9840464104423495	0.9780141843971631	0.9624113475177305	0.9203642498106451	0.93536496
AF063027	1534	7658	Oceanospirillaceae	Marinomonas mediterranea	EU188445	1399	6995	Oceanospirillaceae	Marinomonas posidonica	6645.0	1407	16	24	1360	0.9833694866232827	0.9885632594710507	0.9665955934612651	0.939424951340077	0.9499643
AF063027	1534	7658	Oceanospirillaceae	Marinomonas mediterranea	GU929940	1425	7119	Oceanospirillaceae	Marinomonas brasilensis	6783.0	1425	14	14	1385	0.9815733522324592	0.9901754385964913	0.9719298245614035	0.9530180559111469	0.95280236
AJ833000	1475	7375	Oceanospirillaceae	Marinomonas polaris	JN087530	1504	7514	Oceanospirillaceae	Marinomonas hwangdonensis	6924.0	1455	36	26	1415	0.9902029391182645	0.9821305841924398	0.9725085910652921	0.9320689313429258	0.9388475
AJ833000	1475	7375	Oceanospirillaceae	Marinomonas polaris	X67025	1467	7311	Oceanospirillaceae	Marinomonas vaga	6728.0	1464	37	38	1395	0.9782608695652174	0.9747095010252905	0.9528688524590164	0.9052571509703913	0.92025715
AJ833000	1475	7375	Oceanospirillaceae	Marinomonas polaris	DQ492749	1465	7325	Oceanospirillaceae	Marinomonas arctica	6895.0	1455	35	31	1410	0.9901685393258427	0.9786941580756013	0.9690721649484536	0.9261468207292604	0.94129694
AJ833000	1475	7375	Oceanospirillaceae	Marinomonas polaris	EU188447	1393	6965	Oceanospirillaceae	Marinomonas aquiplantarum	6554.0	1415	21	43	1349	0.9832361516034985	0.9849246231155779	0.953356890459364	0.9108674468734312	0.9409907
AJ833000	1475	7375	Oceanospirillaceae	Marinomonas polaris	EU188442	1336	6668	Oceanospirillaceae	Marinomonas alcarazii	6403.0	1335	15	14	1303	0.9863739591218774	0.9895131086142323	0.9760299625468165	0.955063392980996	0.96025795
AJ833000	1475	7375	Oceanospirillaceae	Marinomonas polaris	DQ011528	1461	7305	Oceanospirillaceae	Marinomonas communis	6715.0	1455	38	38	1389	0.9802399435426958	0.9738831615120275	0.954639175257732	0.9060440129539226	0.9192334
AJ833000	1475	7375	Oceanospirillaceae	Marinomonas polaris	EU188441	1380	6900	Oceanospirillaceae	Marinomonas pollencensis	6449.0	1398	26	45	1330	0.9830007390983001	0.981145757795504	0.9513590844062947	0.9039247480349134	0.93463767
AJ833000	1475	7375	Oceanospirillaceae	Marinomonas polaris	AB242868	1536	7650	Oceanospirillaceae	Marinomonas ostreistagni	6827.0	1475	34	30	1412	0.9771626297577855	0.9796610169491525	0.9572881355932203	0.9166874459457942	0.92569494
AJ833000	1475	7375	Oceanospirillaceae	Marinomonas polaris	LN909520	1486	7430	Oceanospirillaceae	Marinomonas gallaica	6807.0	1464	30	26	1405	0.9770514603616134	0.98224043715847	0.9596994535519126	0.9237267832715195	0.92298305
AJ833000	1475	7375	Oceanospirillaceae	Marinomonas polaris	EU188443	1426	7130	Oceanospirillaceae	Marinomonas rhizomae	6827.0	1425	15	14	1391	0.9858256555634302	0.9901754385964913	0.976140350877193	0.9564819688109162	0.9575035
AJ833000	1475	7375	Oceanospirillaceae	Marinomonas polaris	EU188448	1349	6739	Oceanospirillaceae	Marinomonas balearica	6230.0	1367	23	41	1292	0.9743589743589743	0.9829503335804299	0.9451353328456474	0.9016183103261357	0.92446953
AJ833000	1475	7375	Oceanospirillaceae	Marinomonas polaris	AJ843077	1535	7675	Oceanospirillaceae	Marinomonas aquimarina	6799.0	1474	36	33	1408	0.9770992366412213	0.9776119402985075	0.9552238805970149	0.9115745774439062	0.9218983
AJ833000	1475	7375	Oceanospirillaceae	Marinomonas polaris	AJ627909	1496	7480	Oceanospirillaceae	Marinomonas ushuaiensis	6967.0	1475	35	33	1427	0.9895977808599168	0.9776271186440678	0.967457627118644	0.9238899988775395	0.94467795
AJ833000	1475	7375	Oceanospirillaceae	Marinomonas polaris	DQ403809	1539	7695	Oceanospirillaceae	Marinomonas blandensis	6729.0	1475	41	38	1401	0.9749478079331941	0.9742372881355932	0.9498305084745763	0.9003340637717455	0.9124068
AJ833000	1475	7375	Oceanospirillaceae	Marinomonas polaris	AB467281	1523	7615	Oceanospirillaceae	Marinomonas arenicola	7011.0	1467	21	22	1429	0.9889273356401385	0.985675306957708	0.9740967961826857	0.9459474936048258	0.9506441
AJ833000	1475	7375	Oceanospirillaceae	Marinomonas polaris	AY539835	1535	7669	Oceanospirillaceae	Marinomonas pontica	7141.0	1475	13	9	1449	0.9884038199181446	0.9938983050847457	0.9823728813559321	0.967848551120831	0.9682712
AJ833000	1475	7375	Oceanospirillaceae	Marinomonas polaris	AB074193	1419	7077	Oceanospirillaceae	Marinomonas primoryensis	6806.0	1416	24	21	1384	0.9921146953405018	0.9851694915254238	0.9774011299435028	0.9468573446327683	0.96170694
AJ833000	1475	7375	Oceanospirillaceae	Marinomonas polaris	EU188444	1360	6800	Oceanospirillaceae	Marinomonas foliarum	6574.0	1359	12	11	1334	0.9896142433234422	0.9919058130978661	0.9816041206769683	0.9651366554869099	0.9667647
AJ833000	1475	7375	Oceanospirillaceae	Marinomonas polaris	DQ011526	1495	7433	Oceanospirillaceae	Marinomonas dokdonensis	6848.0	1455	22	21	1405	0.9797768479776848	0.9855670103092784	0.9656357388316151	0.9375231208426108	0.9285424
AJ833000	1475	7375	Oceanospirillaceae	Marinomonas polaris	KT036402	1418	7090	Oceanospirillaceae	Marinomonas spartinae	6531.0	1419	29	30	1354	0.9748020158387329	0.9795486600846263	0.9541930937279774	0.9153136789973485	0.9211566
AJ833000	1475	7375	Oceanospirillaceae	Marinomonas polaris	LN909522	1489	7445	Oceanospirillaceae	Marinomonas atlantica	6821.0	1464	33	26	1408	0.9791376912378303	0.98224043715847	0.9617486338797814	0.9238440451029563	0.92488134
AJ833000	1475	7375	Oceanospirillaceae	Marinomonas polaris	KC565667	1503	7515	Oceanospirillaceae	Marinomonas profundimaris	6976.0	1474	31	31	1427	0.988911988911989	0.9789687924016283	0.9681139755766621	0.9282315393735039	0.9458983
AJ833000	1475	7375	Oceanospirillaceae	Marinomonas polaris	JQ409370	1411	7055	Oceanospirillaceae	Marinomonas fungiae	6518.0	1410	33	32	1348	0.9782293178519593	0.9773049645390071	0.9560283687943263	0.912964027857645	0.9238838
AJ833000	1475	7375	Oceanospirillaceae	Marinomonas polaris	EU188445	1399	6995	Oceanospirillaceae	Marinomonas posidonica	6568.0	1398	27	26	1349	0.9832361516034985	0.9814020028612304	0.9649499284692418	0.9290605627086315	0.9389564
AJ833000	1475	7375	Oceanospirillaceae	Marinomonas polaris	GU929940	1425	7119	Oceanospirillaceae	Marinomonas brasilensis	6580.0	1424	32	31	1361	0.9770279971284996	0.9782303370786517	0.9557584269662921	0.9144034950302506	0.92428714
JN087530	1504	7514	Oceanospirillaceae	Marinomonas hwangdonensis	X67025	1467	7311	Oceanospirillaceae	Marinomonas vaga	6576.0	1454	38	52	1370	0.9771754636233951	0.9736111111111111	0.9422283356258597	0.8853915057288575	0.8994666
JN087530	1504	7514	Oceanospirillaceae	Marinomonas hwangdonensis	DQ492749	1465	7325	Oceanospirillaceae	Marinomonas arctica	7075.0	1471	16	22	1437	0.9917184265010351	0.9890784982935154	0.9768864717878993	0.9519223252324587	0.9658703
JN087530	1504	7514	Oceanospirillaceae	Marinomonas hwangdonensis	EU188447	1393	6965	Oceanospirillaceae	Marinomonas aquiplantarum	6512.0	1425	22	54	1346	0.9817651349380014	0.9842067480258435	0.9445614035087719	0.8949507147273851	0.93496054
JN087530	1504	7514	Oceanospirillaceae	Marinomonas hwangdonensis	EU188442	1336	6668	Oceanospirillaceae	Marinomonas alcarazii	6407.0	1359	8	31	1308	0.9849397590361446	0.9940119760479041	0.9624724061810155	0.9350134275116229	0.9608578
JN087530	1504	7514	Oceanospirillaceae	Marinomonas hwangdonensis	DQ011528	1461	7305	Oceanospirillaceae	Marinomonas communis	6755.0	1471	37	47	1398	0.9817415730337079	0.974674880219028	0.9503738953093134	0.8974352963663542	0.9247091
JN087530	1504	7514	Oceanospirillaceae	Marinomonas hwangdonensis	EU188441	1380	6900	Oceanospirillaceae	Marinomonas pollencensis	6438.0	1407	23	53	1330	0.982274741506647	0.9832970225127088	0.945273631840796	0.8950353129457607	0.9330435
JN087530	1504	7514	Oceanospirillaceae	Marinomonas hwangdonensis	AB242868	1536	7650	Oceanospirillaceae	Marinomonas ostreistagni	6904.0	1504	34	42	1430	0.9781121751025992	0.9772727272727273	0.9507978723404256	0.9038143623938246	0.91881824
JN087530	1504	7514	Oceanospirillaceae	Marinomonas hwangdonensis	LN909520	1486	7430	Oceanospirillaceae	Marinomonas gallaica	6782.0	1483	35	42	1408	0.9770992366412213	0.9762872628726287	0.9494268374915711	0.9012675051550422	0.912786
JN087530	1504	7514	Oceanospirillaceae	Marinomonas hwangdonensis	EU188443	1426	7130	Oceanospirillaceae	Marinomonas rhizomae	6850.0	1435	16	25	1395	0.9893617021276596	0.9887798036465638	0.9721254355400697	0.9446566947701573	0.9607293
JN087530	1504	7514	Oceanospirillaceae	Marinomonas hwangdonensis	EU188448	1349	6739	Oceanospirillaceae	Marinomonas balearica	6228.0	1379	16	46	1295	0.9714928732183046	0.9881393624907339	0.9390862944162437	0.8973491257755218	0.9241727
JN087530	1504	7514	Oceanospirillaceae	Marinomonas hwangdonensis	AJ843077	1535	7675	Oceanospirillaceae	Marinomonas aquimarina	6865.0	1504	35	42	1427	0.9760601915184679	0.9766199064796259	0.9488031914893617	0.9013322066000303	0.9136279
JN087530	1504	7514	Oceanospirillaceae	Marinomonas hwangdonensis	AJ627909	1496	7480	Oceanospirillaceae	Marinomonas ushuaiensis	6898.0	1484	35	45	1420	0.9867963863794301	0.9762550881953868	0.9568733153638814	0.9064784073789502	0.9221925
JN087530	1504	7514	Oceanospirillaceae	Marinomonas hwangdonensis	DQ403809	1539	7695	Oceanospirillaceae	Marinomonas blandensis	6846.0	1504	34	44	1424	0.9753424657534246	0.9772423025435074	0.9468085106382979	0.8987909138699056	0.91109926
JN087530	1504	7514	Oceanospirillaceae	Marinomonas hwangdonensis	AB467281	1523	7615	Oceanospirillaceae	Marinomonas arenicola	7092.0	1504	24	34	1452	0.9877551020408163	0.9839357429718876	0.9654255319148937	0.9287797983736216	0.9438382
JN087530	1504	7514	Oceanospirillaceae	Marinomonas hwangdonensis	AY539835	1535	7669	Oceanospirillaceae	Marinomonas pontica	7150.0	1504	21	29	1459	0.9891525423728813	0.9859625668449198	0.9700797872340425	0.9382738925706312	0.9515571
JN087530	1504	7514	Oceanospirillaceae	Marinomonas hwangdonensis	AB074193	1419	7077	Oceanospirillaceae	Marinomonas primoryensis	6706.0	1426	32	39	1374	0.9906272530641672	0.9774489076814659	0.9635343618513323	0.9166132783866927	0.94757664
JN087530	1504	7514	Oceanospirillaceae	Marinomonas hwangdonensis	EU188444	1360	6800	Oceanospirillaceae	Marinomonas foliarum	6493.0	1371	19	30	1326	0.9888143176733781	0.9860294117647059	0.9671772428884027	0.9330825055491713	0.95485294
JN087530	1504	7514	Oceanospirillaceae	Marinomonas hwangdonensis	DQ011526	1495	7433	Oceanospirillaceae	Marinomonas dokdonensis	7058.0	1504	20	29	1448	0.9816949152542372	0.9866220735785953	0.9627659574468085	0.9318108840118389	0.9495493
JN087530	1504	7514	Oceanospirillaceae	Marinomonas hwangdonensis	KT036402	1418	7090	Oceanospirillaceae	Marinomonas spartinae	6490.0	1429	34	45	1350	0.9754335260115607	0.9760225669957687	0.9447165850244926	0.8937031809117552	0.91537374
JN087530	1504	7514	Oceanospirillaceae	Marinomonas hwangdonensis	LN909522	1489	7445	Oceanospirillaceae	Marinomonas atlantica	6838.0	1483	32	36	1416	0.9785763648928818	0.9783637592968222	0.9548213081591369	0.9119646421823571	0.9184688
JN087530	1504	7514	Oceanospirillaceae	Marinomonas hwangdonensis	KC565667	1503	7515	Oceanospirillaceae	Marinomonas profundimaris	6987.0	1493	28	38	1434	0.9855670103092784	0.9811193526635199	0.9604822505023443	0.9188045197113155	0.9298642
JN087530	1504	7514	Oceanospirillaceae	Marinomonas hwangdonensis	JQ409370	1411	7055	Oceanospirillaceae	Marinomonas fungiae	6517.0	1420	37	46	1350	0.982532751091703	0.9737774627923459	0.9507042253521126	0.8965460574013746	0.92374206
JN087530	1504	7514	Oceanospirillaceae	Marinomonas hwangdonensis	EU188445	1399	6995	Oceanospirillaceae	Marinomonas posidonica	6558.0	1406	22	33	1349	0.9825200291332847	0.9842293906810036	0.9594594594594594	0.9225054886819591	0.9375268
JN087530	1504	7514	Oceanospirillaceae	Marinomonas hwangdonensis	GU929940	1425	7119	Oceanospirillaceae	Marinomonas brasilensis	6563.0	1429	31	41	1359	0.979106628242075	0.97815362931642	0.9510146955913226	0.9041153407402437	0.92189914
X67025	1467	7311	Oceanospirillaceae	Marinomonas vaga	DQ492749	1465	7325	Oceanospirillaceae	Marinomonas arctica	6535.0	1440	56	48	1363	0.9791666666666666	0.9666666666666667	0.9465277777777777	0.8807263814616756	0.89385855
X67025	1467	7311	Oceanospirillaceae	Marinomonas vaga	EU188447	1393	6965	Oceanospirillaceae	Marinomonas aquiplantarum	6496.0	1388	30	25	1337	0.9809244314013206	0.9819884726224783	0.9632564841498559	0.9258946318027176	0.9326633
X67025	1467	7311	Oceanospirillaceae	Marinomonas vaga	EU188442	1336	6668	Oceanospirillaceae	Marinomonas alcarazii	6271.0	1346	28	38	1289	0.985474006116208	0.9790419161676647	0.9576523031203567	0.9116515374682872	0.94046193
X67025	1467	7311	Oceanospirillaceae	Marinomonas vaga	DQ011528	1461	7305	Oceanospirillaceae	Marinomonas communis	6875.0	1440	20	16	1403	0.985252808988764	0.9888888888888889	0.9743055555555555	0.9502815829528157	0.9411362
X67025	1467	7311	Oceanospirillaceae	Marinomonas vaga	EU188441	1380	6900	Oceanospirillaceae	Marinomonas pollencensis	6526.0	1375	25	21	1335	0.9859675036927622	0.9847272727272727	0.9709090909090909	0.9390077922077923	0.9457971
X67025	1467	7311	Oceanospirillaceae	Marinomonas vaga	AB242868	1536	7650	Oceanospirillaceae	Marinomonas ostreistagni	6970.0	1463	22	17	1423	0.9840940525587828	0.9883800410116199	0.9726589200273411	0.9471143423296534	0.95335793
X67025	1467	7311	Oceanospirillaceae	Marinomonas vaga	LN909520	1486	7430	Oceanospirillaceae	Marinomonas gallaica	6883.0	1450	30	23	1408	0.9866853538892782	0.9841379310344828	0.9710344827586207	0.9362609506057782	0.9414581
X67025	1467	7311	Oceanospirillaceae	Marinomonas vaga	EU188443	1426	7130	Oceanospirillaceae	Marinomonas rhizomae	6627.0	1421	37	32	1366	0.9834413246940245	0.9774806474313863	0.9612948627726953	0.915801484493329	0.929453
X67025	1467	7311	Oceanospirillaceae	Marinomonas vaga	EU188448	1349	6739	Oceanospirillaceae	Marinomonas balearica	6293.0	1347	28	26	1295	0.9803179409538229	0.9806978470675576	0.961395694135115	0.9236390632381724	0.9338181
X67025	1467	7311	Oceanospirillaceae	Marinomonas vaga	AJ843077	1535	7675	Oceanospirillaceae	Marinomonas aquimarina	6928.0	1460	24	17	1418	0.9826749826749827	0.9883561643835617	0.9712328767123287	0.9443996233799801	0.9476132
X67025	1467	7311	Oceanospirillaceae	Marinomonas vaga	AJ627909	1496	7480	Oceanospirillaceae	Marinomonas ushuaiensis	6697.0	1463	47	44	1391	0.9802677942212826	0.9699248120300752	0.950786056049214	0.8934870288303541	0.91601694
X67025	1467	7311	Oceanospirillaceae	Marinomonas vaga	DQ403809	1539	7695	Oceanospirillaceae	Marinomonas blandensis	6817.0	1466	41	37	1407	0.9846046186144157	0.9747612551159618	0.9597544338335607	0.9100790218634097	0.93243057
X67025	1467	7311	Oceanospirillaceae	Marinomonas vaga	AB467281	1523	7615	Oceanospirillaceae	Marinomonas arenicola	6856.0	1452	29	26	1406	0.9859747545582047	0.9820936639118457	0.9683195592286501	0.9323590084132715	0.937765
X67025	1467	7311	Oceanospirillaceae	Marinomonas vaga	AY539835	1535	7669	Oceanospirillaceae	Marinomonas pontica	6853.0	1463	36	31	1410	0.9846368715083799	0.9788106630211894	0.963773069036227	0.9206958204535537	0.9373547
X67025	1467	7311	Oceanospirillaceae	Marinomonas vaga	AB074193	1419	7077	Oceanospirillaceae	Marinomonas primoryensis	6493.0	1412	51	45	1347	0.9853694220921726	0.9681303116147308	0.9539660056657224	0.8913680996206717	0.91747916
X67025	1467	7311	Oceanospirillaceae	Marinomonas vaga	EU188444	1360	6800	Oceanospirillaceae	Marinomonas foliarum	6360.0	1358	33	31	1308	0.9856819894498869	0.9771723122238586	0.9631811487481591	0.9188651217748434	0.9352941
X67025	1467	7311	Oceanospirillaceae	Marinomonas vaga	DQ011526	1495	7433	Oceanospirillaceae	Marinomonas dokdonensis	6781.0	1440	22	17	1392	0.9782150386507379	0.9881944444444445	0.9666666666666667	0.9408800729594163	0.9275065
X67025	1467	7311	Oceanospirillaceae	Marinomonas vaga	KT036402	1418	7090	Oceanospirillaceae	Marinomonas spartinae	6478.0	1411	47	44	1343	0.9824433065106072	0.9688164422395464	0.9518072289156626	0.892400879237113	0.91368127
X67025	1467	7311	Oceanospirillaceae	Marinomonas vaga	LN909522	1489	7445	Oceanospirillaceae	Marinomonas atlantica	6876.0	1450	33	23	1408	0.9866853538892782	0.9841379310344828	0.9710344827586207	0.934366963517567	0.9405006
X67025	1467	7311	Oceanospirillaceae	Marinomonas vaga	KC565667	1503	7515	Oceanospirillaceae	Marinomonas profundimaris	6785.0	1460	40	36	1400	0.9831460674157303	0.9753424657534246	0.958904109589041	0.9103196347031962	0.9280536
X67025	1467	7311	Oceanospirillaceae	Marinomonas vaga	JQ409370	1411	7055	Oceanospirillaceae	Marinomonas fungiae	6627.0	1406	30	25	1360	0.9847936278059377	0.9822190611664295	0.9672830725462305	0.9302353225531647	0.9393338
X67025	1467	7311	Oceanospirillaceae	Marinomonas vaga	EU188445	1399	6995	Oceanospirillaceae	Marinomonas posidonica	6543.0	1395	28	24	1345	0.9810357403355215	0.9827956989247312	0.96415770609319	0.9289249578733404	0.9353824
X67025	1467	7311	Oceanospirillaceae	Marinomonas vaga	GU929940	1425	7119	Oceanospirillaceae	Marinomonas brasilensis	6854.0	1424	18	17	1392	0.9893390191897654	0.988061797752809	0.9775280898876404	0.9538016799389112	0.96277565
DQ492749	1465	7325	Oceanospirillaceae	Marinomonas arctica	EU188447	1393	6965	Oceanospirillaceae	Marinomonas aquiplantarum	6471.0	1446	27	80	1343	0.9831625183016105	0.9806173725771715	0.9287690179806363	0.8613024294375757	0.9290739
DQ492749	1465	7325	Oceanospirillaceae	Marinomonas arctica	EU188442	1336	6668	Oceanospirillaceae	Marinomonas alcarazii	6367.0	1353	20	37	1301	0.9886018237082067	0.9850299401197605	0.9615668883961567	0.9216475055566951	0.954859
DQ492749	1465	7325	Oceanospirillaceae	Marinomonas arctica	DQ011528	1461	7305	Oceanospirillaceae	Marinomonas communis	6703.0	1465	43	47	1390	0.9802538787023978	0.9705681040383299	0.9488054607508533	0.8921791401490119	0.9175907
DQ492749	1465	7325	Oceanospirillaceae	Marinomonas arctica	EU188441	1380	6900	Oceanospirillaceae	Marinomonas pollencensis	6489.0	1403	22	47	1335	0.9845132743362832	0.9840348330914369	0.9515324305060584	0.9054582286078703	0.94043475
DQ492749	1465	7325	Oceanospirillaceae	Marinomonas arctica	AB242868	1536	7650	Oceanospirillaceae	Marinomonas ostreistagni	6675.0	1465	45	47	1387	0.9781382228490832	0.9692412850307587	0.9467576791808874	0.8890744298533101	0.9112628
DQ492749	1465	7325	Oceanospirillaceae	Marinomonas arctica	LN909520	1486	7430	Oceanospirillaceae	Marinomonas gallaica	6643.0	1465	47	48	1384	0.976711362032463	0.967896174863388	0.9447098976109215	0.8853531249435687	0.9068942
DQ492749	1465	7325	Oceanospirillaceae	Marinomonas arctica	EU188443	1426	7130	Oceanospirillaceae	Marinomonas rhizomae	6770.0	1456	22	52	1388	0.9886039886039886	0.9845722300140253	0.9532967032967034	0.9055673690315098	0.94950914
DQ492749	1465	7325	Oceanospirillaceae	Marinomonas arctica	EU188448	1349	6739	Oceanospirillaceae	Marinomonas balearica	6170.0	1373	22	46	1286	0.9691032403918614	0.9836916234247591	0.9366351056081573	0.890978340603602	0.9155661
DQ492749	1465	7325	Oceanospirillaceae	Marinomonas arctica	AJ843077	1535	7675	Oceanospirillaceae	Marinomonas aquimarina	6639.0	1465	46	47	1384	0.9760225669957687	0.9685792349726776	0.9447098976109215	0.8865642851173308	0.9063481
DQ492749	1465	7325	Oceanospirillaceae	Marinomonas arctica	AJ627909	1496	7480	Oceanospirillaceae	Marinomonas ushuaiensis	6874.0	1465	31	34	1411	0.9860237596086653	0.978796169630643	0.9631399317406143	0.9212922742786224	0.93843
DQ492749	1465	7325	Oceanospirillaceae	Marinomonas arctica	DQ403809	1539	7695	Oceanospirillaceae	Marinomonas blandensis	6664.0	1465	36	40	1387	0.9733333333333334	0.9753593429158111	0.9467576791808874	0.8988205815008424	0.9097611
DQ492749	1465	7325	Oceanospirillaceae	Marinomonas arctica	AB467281	1523	7615	Oceanospirillaceae	Marinomonas arenicola	6858.0	1465	36	40	1408	0.9880701754385965	0.9753593429158111	0.9610921501706484	0.9124292564911218	0.93624574
DQ492749	1465	7325	Oceanospirillaceae	Marinomonas arctica	AY539835	1535	7669	Oceanospirillaceae	Marinomonas pontica	6934.0	1465	31	34	1417	0.9902166317260657	0.978796169630643	0.967235494880546	0.9252098884853351	0.9466212
DQ492749	1465	7325	Oceanospirillaceae	Marinomonas arctica	AB074193	1419	7077	Oceanospirillaceae	Marinomonas primoryensis	6699.0	1420	38	39	1371	0.9927588703837799	0.9732205778717407	0.9654929577464789	0.9145032747927897	0.94658756
DQ492749	1465	7325	Oceanospirillaceae	Marinomonas arctica	EU188444	1360	6800	Oceanospirillaceae	Marinomonas foliarum	6470.0	1365	26	31	1321	0.9902548725637181	0.9808823529411764	0.9677655677655678	0.9281087472316804	0.9514706
DQ492749	1465	7325	Oceanospirillaceae	Marinomonas arctica	DQ011526	1495	7433	Oceanospirillaceae	Marinomonas dokdonensis	6816.0	1465	27	30	1404	0.978397212543554	0.981532147742818	0.9583617747440273	0.921748757880482	0.93051195
DQ492749	1465	7325	Oceanospirillaceae	Marinomonas arctica	KT036402	1418	7090	Oceanospirillaceae	Marinomonas spartinae	6620.0	1423	26	31	1364	0.9798850574712644	0.9816643159379408	0.9585382993675334	0.9208318238230548	0.93370944
DQ492749	1465	7325	Oceanospirillaceae	Marinomonas arctica	LN909522	1489	7445	Oceanospirillaceae	Marinomonas atlantica	6732.0	1465	41	39	1396	0.9789621318373072	0.9733788395904437	0.952901023890785	0.9022821115991099	0.9190444
DQ492749	1465	7325	Oceanospirillaceae	Marinomonas arctica	KC565667	1503	7515	Oceanospirillaceae	Marinomonas profundimaris	6943.0	1465	23	27	1419	0.9867872044506258	0.9842573579739904	0.9686006825938567	0.9360536166464825	0.9478498
DQ492749	1465	7325	Oceanospirillaceae	Marinomonas arctica	JQ409370	1411	7055	Oceanospirillaceae	Marinomonas fungiae	6452.0	1441	41	71	1344	0.981021897810219	0.9709425939050319	0.9326856349757113	0.8621992711988694	0.9145287
DQ492749	1465	7325	Oceanospirillaceae	Marinomonas arctica	EU188445	1399	6995	Oceanospirillaceae	Marinomonas posidonica	6522.0	1417	30	48	1346	0.9831994156318481	0.9785561115082202	0.9498941425546931	0.8986904500050966	0.93238026
DQ492749	1465	7325	Oceanospirillaceae	Marinomonas arctica	GU929940	1425	7119	Oceanospirillaceae	Marinomonas brasilensis	6539.0	1423	36	40	1354	0.9790310918293564	0.9746300211416491	0.9515108924806747	0.901946240096486	0.9185279
EU188447	1393	6965	Oceanospirillaceae	Marinomonas aquiplantarum	EU188442	1336	6668	Oceanospirillaceae	Marinomonas alcarazii	6388.0	1336	19	19	1301	0.9878511769172361	0.9857784431137725	0.9738023952095808	0.9464928077424487	0.9580084
EU188447	1393	6965	Oceanospirillaceae	Marinomonas aquiplantarum	DQ011528	1461	7305	Oceanospirillaceae	Marinomonas communis	6531.0	1393	47	25	1346	0.9839181286549707	0.9820531227566404	0.9662598707824839	0.9179468772433598	0.93768847
EU188447	1393	6965	Oceanospirillaceae	Marinomonas aquiplantarum	EU188441	1380	6900	Oceanospirillaceae	Marinomonas pollencensis	6581.0	1379	19	18	1342	0.9860396767083027	0.9869470630891951	0.9731689630166788	0.9474127029082258	0.95376813
EU188447	1393	6965	Oceanospirillaceae	Marinomonas aquiplantarum	AB242868	1536	7650	Oceanospirillaceae	Marinomonas ostreistagni	6476.0	1393	35	29	1336	0.9794721407624634	0.9791816223977028	0.95908111988514	0.9160970921031729	0.9297918
EU188447	1393	6965	Oceanospirillaceae	Marinomonas aquiplantarum	LN909520	1486	7430	Oceanospirillaceae	Marinomonas gallaica	6480.0	1393	32	25	1338	0.9780701754385965	0.9820531227566404	0.9605168700646087	0.9220961952620244	0.9303661
EU188447	1393	6965	Oceanospirillaceae	Marinomonas aquiplantarum	EU188443	1426	7130	Oceanospirillaceae	Marinomonas rhizomae	6607.0	1393	42	19	1355	0.9861717612809315	0.9863603732950467	0.9727207465900933	0.9313716416827792	0.9486002
EU188447	1393	6965	Oceanospirillaceae	Marinomonas aquiplantarum	EU188448	1349	6739	Oceanospirillaceae	Marinomonas balearica	6375.0	1349	17	17	1306	0.9804804804804805	0.9873980726464048	0.9681245366938473	0.9440277327058599	0.94598603
EU188447	1393	6965	Oceanospirillaceae	Marinomonas aquiplantarum	AJ843077	1535	7675	Oceanospirillaceae	Marinomonas aquimarina	6455.0	1393	34	27	1335	0.9773060029282576	0.9806173725771715	0.9583632447954056	0.9173960703507527	0.92677677
EU188447	1393	6965	Oceanospirillaceae	Marinomonas aquiplantarum	AJ627909	1496	7480	Oceanospirillaceae	Marinomonas ushuaiensis	6646.0	1393	24	24	1355	0.9897735573411249	0.9827709978463748	0.9727207465900933	0.9397704319561311	0.95419955
EU188447	1393	6965	Oceanospirillaceae	Marinomonas aquiplantarum	DQ403809	1539	7695	Oceanospirillaceae	Marinomonas blandensis	6451.0	1393	24	25	1334	0.9751461988304093	0.9827586206896551	0.9576453697056713	0.9245298982056163	0.9262024
EU188447	1393	6965	Oceanospirillaceae	Marinomonas aquiplantarum	AB467281	1523	7615	Oceanospirillaceae	Marinomonas arenicola	6644.0	1393	11	12	1356	0.9818971759594497	0.9920977011494253	0.9734386216798278	0.9574919775924802	0.95391244
EU188447	1393	6965	Oceanospirillaceae	Marinomonas aquiplantarum	AY539835	1535	7669	Oceanospirillaceae	Marinomonas pontica	6641.0	1393	39	16	1359	0.9869281045751634	0.9885139985642498	0.9755922469490309	0.938121874335765	0.9534817
EU188447	1393	6965	Oceanospirillaceae	Marinomonas aquiplantarum	AB074193	1419	7077	Oceanospirillaceae	Marinomonas primoryensis	6531.0	1393	38	28	1344	0.9846153846153847	0.9798994974874372	0.964824120603015	0.9203248949148257	0.93768847
EU188447	1393	6965	Oceanospirillaceae	Marinomonas aquiplantarum	EU188444	1360	6800	Oceanospirillaceae	Marinomonas foliarum	6293.0	1325	39	16	1290	0.985485103132162	0.9879245283018868	0.9735849056603774	0.9343274497869751	0.9254412
EU188447	1393	6965	Oceanospirillaceae	Marinomonas aquiplantarum	DQ011526	1495	7433	Oceanospirillaceae	Marinomonas dokdonensis	6717.0	1393	13	13	1363	0.9876811594202899	0.990667623833453	0.9784637473079684	0.9603698231045492	0.9643934
EU188447	1393	6965	Oceanospirillaceae	Marinomonas aquiplantarum	KT036402	1418	7090	Oceanospirillaceae	Marinomonas spartinae	6496.0	1393	39	36	1338	0.9859985261606485	0.9741564967695621	0.9605168700646087	0.9102104697469791	0.9326633
EU188447	1393	6965	Oceanospirillaceae	Marinomonas aquiplantarum	LN909522	1489	7445	Oceanospirillaceae	Marinomonas atlantica	6510.0	1393	34	24	1342	0.9802775748721695	0.9827709978463748	0.9633883704235463	0.9242317302801926	0.93467337
EU188447	1393	6965	Oceanospirillaceae	Marinomonas aquiplantarum	KC565667	1503	7515	Oceanospirillaceae	Marinomonas profundimaris	6611.0	1393	23	24	1351	0.9868517165814463	0.9834770114942529	0.9698492462311558	0.9376579223802628	0.94917446
EU188447	1393	6965	Oceanospirillaceae	Marinomonas aquiplantarum	JQ409370	1411	7055	Oceanospirillaceae	Marinomonas fungiae	6502.0	1393	30	25	1340	0.97953216374269	0.9820531227566404	0.9619526202440776	0.9247724416682348	0.9335248
EU188447	1393	6965	Oceanospirillaceae	Marinomonas aquiplantarum	EU188445	1399	6995	Oceanospirillaceae	Marinomonas posidonica	6847.0	1381	5	5	1374	0.998546511627907	0.99637943519189	0.9949312092686459	0.9877527734153366	0.98305815
EU188447	1393	6965	Oceanospirillaceae	Marinomonas aquiplantarum	GU929940	1425	7119	Oceanospirillaceae	Marinomonas brasilensis	6539.0	1377	17	16	1337	0.9823659074210139	0.9883805374001452	0.9709513435003632	0.9479661251822054	0.93883705
EU188442	1336	6668	Oceanospirillaceae	Marinomonas alcarazii	DQ011528	1461	7305	Oceanospirillaceae	Marinomonas communis	6290.0	1336	39	21	1293	0.9832699619771863	0.9842814371257484	0.967814371257485	0.9255824714207948	0.94331133
EU188442	1336	6668	Oceanospirillaceae	Marinomonas alcarazii	EU188441	1380	6900	Oceanospirillaceae	Marinomonas pollencensis	6376.0	1336	27	26	1299	0.9916030534351145	0.9805389221556886	0.9723053892215568	0.9344974760676739	0.95620877
EU188442	1336	6668	Oceanospirillaceae	Marinomonas alcarazii	AB242868	1536	7650	Oceanospirillaceae	Marinomonas ostreistagni	6273.0	1336	29	26	1287	0.982442748091603	0.9805389221556886	0.9633233532934131	0.9245081266039349	0.94076186
EU188442	1336	6668	Oceanospirillaceae	Marinomonas alcarazii	LN909520	1486	7430	Oceanospirillaceae	Marinomonas gallaica	6269.0	1336	24	22	1288	0.9802130898021308	0.9835329341317365	0.9640718562874252	0.9314635435012328	0.94016194
EU188442	1336	6668	Oceanospirillaceae	Marinomonas alcarazii	EU188443	1426	7130	Oceanospirillaceae	Marinomonas rhizomae	6506.0	1336	8	8	1315	0.990210843373494	0.9940119760479041	0.9842814371257484	0.9725638009694896	0.97570485
EU188442	1336	6668	Oceanospirillaceae	Marinomonas alcarazii	EU188448	1349	6739	Oceanospirillaceae	Marinomonas balearica	6264.0	1336	17	17	1287	0.9757391963608795	0.9872754491017964	0.9633233532934131	0.9391156710968307	0.9394121
EU188442	1336	6668	Oceanospirillaceae	Marinomonas alcarazii	AJ843077	1535	7675	Oceanospirillaceae	Marinomonas aquimarina	6256.0	1336	27	23	1287	0.9801980198019802	0.9827844311377245	0.9633233532934131	0.927985005777147	0.93821234
EU188442	1336	6668	Oceanospirillaceae	Marinomonas alcarazii	AJ627909	1496	7480	Oceanospirillaceae	Marinomonas ushuaiensis	6306.0	1336	42	30	1292	0.9892802450229708	0.9775449101796407	0.9670658682634731	0.9165370275414338	0.94571084
EU188442	1336	6668	Oceanospirillaceae	Marinomonas alcarazii	DQ403809	1539	7695	Oceanospirillaceae	Marinomonas blandensis	6182.0	1336	40	29	1280	0.9793420045906657	0.9782934131736527	0.9580838323353293	0.9100403843475838	0.9271146
EU188442	1336	6668	Oceanospirillaceae	Marinomonas alcarazii	AB467281	1523	7615	Oceanospirillaceae	Marinomonas arenicola	6349.0	1336	31	20	1298	0.986322188449848	0.9850299401197605	0.9715568862275449	0.9353100675021573	0.9521596
EU188442	1336	6668	Oceanospirillaceae	Marinomonas alcarazii	AY539835	1535	7669	Oceanospirillaceae	Marinomonas pontica	6619.0	1336	5	5	1328	0.9977460555972952	0.9962574850299402	0.9940119760479041	0.9865995079192844	0.99265146
EU188442	1336	6668	Oceanospirillaceae	Marinomonas alcarazii	AB074193	1419	7077	Oceanospirillaceae	Marinomonas primoryensis	6371.0	1336	28	22	1300	0.989345509893455	0.9835329341317365	0.9730538922155688	0.9373847612692503	0.9554589
EU188442	1336	6668	Oceanospirillaceae	Marinomonas alcarazii	EU188444	1360	6800	Oceanospirillaceae	Marinomonas foliarum	6462.0	1322	7	7	1304	0.9916349809885932	0.9947049924357034	0.9863842662632375	0.9759934613515103	0.9691062
EU188442	1336	6668	Oceanospirillaceae	Marinomonas alcarazii	DQ011526	1495	7433	Oceanospirillaceae	Marinomonas dokdonensis	6403.0	1336	25	11	1304	0.9841509433962264	0.9917664670658682	0.9760479041916168	0.9502303255355564	0.96025795
EU188442	1336	6668	Oceanospirillaceae	Marinomonas alcarazii	KT036402	1418	7090	Oceanospirillaceae	Marinomonas spartinae	6328.0	1336	24	23	1294	0.9855293221629855	0.9827844311377245	0.968562874251497	0.9350904808030998	0.9490102
EU188442	1336	6668	Oceanospirillaceae	Marinomonas alcarazii	LN909522	1489	7445	Oceanospirillaceae	Marinomonas atlantica	6328.0	1336	26	21	1296	0.9855513307984791	0.9842814371257484	0.9700598802395209	0.9365849798200955	0.9490102
EU188442	1336	6668	Oceanospirillaceae	Marinomonas alcarazii	KC565667	1503	7515	Oceanospirillaceae	Marinomonas profundimaris	6405.0	1336	36	23	1304	0.9931454683929931	0.9827844311377245	0.9760479041916168	0.9340749986906653	0.9605579
EU188442	1336	6668	Oceanospirillaceae	Marinomonas alcarazii	JQ409370	1411	7055	Oceanospirillaceae	Marinomonas fungiae	6262.0	1336	26	24	1287	0.9809451219512195	0.9820359281437125	0.9633233532934131	0.9279590598538605	0.9391122
EU188442	1336	6668	Oceanospirillaceae	Marinomonas alcarazii	EU188445	1399	6995	Oceanospirillaceae	Marinomonas posidonica	6384.0	1336	30	18	1302	0.9878603945371776	0.9865269461077845	0.9745508982035929	0.9403060642989278	0.95740855
EU188442	1336	6668	Oceanospirillaceae	Marinomonas alcarazii	GU929940	1425	7119	Oceanospirillaceae	Marinomonas brasilensis	6321.0	1336	31	18	1295	0.9825493171471927	0.9865269461077845	0.969311377245509	0.9345664924722611	0.94796044
DQ011528	1461	7305	Oceanospirillaceae	Marinomonas communis	EU188441	1380	6900	Oceanospirillaceae	Marinomonas pollencensis	6477.0	1399	25	45	1333	0.9844903988183161	0.9818709209572154	0.9528234453180844	0.9059852141577853	0.93869567
DQ011528	1461	7305	Oceanospirillaceae	Marinomonas communis	AB242868	1536	7650	Oceanospirillaceae	Marinomonas ostreistagni	7051.0	1461	20	18	1430	0.990990990990991	0.9876796714579056	0.9787816563997263	0.9536677448918333	0.9652293
DQ011528	1461	7305	Oceanospirillaceae	Marinomonas communis	LN909520	1486	7430	Oceanospirillaceae	Marinomonas gallaica	6982.0	1461	19	16	1424	0.9854671280276817	0.9890485968514716	0.974674880219028	0.9516251364300645	0.9557837
DQ011528	1461	7305	Oceanospirillaceae	Marinomonas communis	EU188443	1426	7130	Oceanospirillaceae	Marinomonas rhizomae	6703.0	1425	30	29	1375	0.9849570200573066	0.9796491228070175	0.9649122807017544	0.9257852535117863	0.9401122
DQ011528	1461	7305	Oceanospirillaceae	Marinomonas communis	EU188448	1349	6739	Oceanospirillaceae	Marinomonas balearica	6355.0	1362	20	33	1305	0.981941309255079	0.9851742031134173	0.9581497797356828	0.9214045276908267	0.94301826
DQ011528	1461	7305	Oceanospirillaceae	Marinomonas communis	AJ843077	1535	7675	Oceanospirillaceae	Marinomonas aquimarina	7019.0	1461	17	14	1428	0.986869384934347	0.9904175222450377	0.9774127310061602	0.9569121933463557	0.96084875
DQ011528	1461	7305	Oceanospirillaceae	Marinomonas communis	AJ627909	1496	7480	Oceanospirillaceae	Marinomonas ushuaiensis	6724.0	1461	45	44	1392	0.9823570924488356	0.9698836413415469	0.9527720739219713	0.8964661545467685	0.9204654
DQ011528	1461	7305	Oceanospirillaceae	Marinomonas communis	DQ403809	1539	7695	Oceanospirillaceae	Marinomonas blandensis	6733.0	1461	34	34	1395	0.9775753328661527	0.9767282683093771	0.9548254620123203	0.9113952737736328	0.92169744
DQ011528	1461	7305	Oceanospirillaceae	Marinomonas communis	AB467281	1523	7615	Oceanospirillaceae	Marinomonas arenicola	6872.0	1461	32	32	1410	0.986703988803359	0.9780971937029432	0.9650924024640657	0.9237220650510046	0.9407255
DQ011528	1461	7305	Oceanospirillaceae	Marinomonas communis	AY539835	1535	7669	Oceanospirillaceae	Marinomonas pontica	6871.0	1461	30	29	1410	0.9846368715083799	0.9801505817932923	0.9650924024640657	0.9269029646737371	0.94058865
DQ011528	1461	7305	Oceanospirillaceae	Marinomonas communis	AB074193	1419	7077	Oceanospirillaceae	Marinomonas primoryensis	6566.0	1416	41	38	1356	0.9840348330914369	0.9731638418079096	0.9576271186440678	0.9057036166722893	0.9277943
DQ011528	1461	7305	Oceanospirillaceae	Marinomonas communis	EU188444	1360	6800	Oceanospirillaceae	Marinomonas foliarum	6383.0	1361	27	28	1311	0.9834958739684921	0.9801470588235294	0.9632623071271125	0.9250926912106923	0.9386765
DQ011528	1461	7305	Oceanospirillaceae	Marinomonas communis	DQ011526	1495	7433	Oceanospirillaceae	Marinomonas dokdonensis	6853.0	1461	22	21	1408	0.9777777777777777	0.9856262833675564	0.9637234770704997	0.9357800451662304	0.9381246
DQ011528	1461	7305	Oceanospirillaceae	Marinomonas communis	KT036402	1418	7090	Oceanospirillaceae	Marinomonas spartinae	6515.0	1419	40	41	1350	0.9796806966618288	0.9717912552891397	0.9513742071881607	0.8985563108329578	0.91889983
DQ011528	1461	7305	Oceanospirillaceae	Marinomonas communis	LN909522	1489	7445	Oceanospirillaceae	Marinomonas atlantica	6941.0	1461	34	28	1418	0.9895324494068388	0.9808350444900753	0.9705681040383299	0.9303171191216901	0.9501711
DQ011528	1461	7305	Oceanospirillaceae	Marinomonas communis	KC565667	1503	7515	Oceanospirillaceae	Marinomonas profundimaris	6827.0	1461	36	36	1404	0.9852631578947368	0.9753593429158111	0.9609856262833676	0.9147658767226445	0.93456537
DQ011528	1461	7305	Oceanospirillaceae	Marinomonas communis	JQ409370	1411	7055	Oceanospirillaceae	Marinomonas fungiae	6746.0	1410	24	23	1374	0.9906272530641672	0.9836879432624114	0.9744680851063829	0.9425294519125196	0.95620126
DQ011528	1461	7305	Oceanospirillaceae	Marinomonas communis	EU188445	1399	6995	Oceanospirillaceae	Marinomonas posidonica	6557.0	1399	30	30	1347	0.9839298758217677	0.9785561115082202	0.9628305932809149	0.9224038363901836	0.93738383
DQ011528	1461	7305	Oceanospirillaceae	Marinomonas communis	GU929940	1425	7119	Oceanospirillaceae	Marinomonas brasilensis	6833.0	1419	24	24	1387	0.9942652329749104	0.9830866807610994	0.9774489076814659	0.9449350147024566	0.9598258
EU188441	1380	6900	Oceanospirillaceae	Marinomonas pollencensis	AB242868	1536	7650	Oceanospirillaceae	Marinomonas ostreistagni	6452.0	1379	42	25	1329	0.981536189069424	0.9818709209572154	0.9637418419144308	0.9183015158002388	0.9350725
EU188441	1380	6900	Oceanospirillaceae	Marinomonas pollencensis	LN909520	1486	7430	Oceanospirillaceae	Marinomonas gallaica	6469.0	1379	49	32	1331	0.9881217520415738	0.9767947788252357	0.9651921682378535	0.9104438729806643	0.93753624
EU188441	1380	6900	Oceanospirillaceae	Marinomonas pollencensis	EU188443	1426	7130	Oceanospirillaceae	Marinomonas rhizomae	6562.0	1379	42	22	1343	0.9896831245394252	0.9840464104423495	0.9738941261783901	0.930031195794564	0.9510145
EU188441	1380	6900	Oceanospirillaceae	Marinomonas pollencensis	EU188448	1349	6739	Oceanospirillaceae	Marinomonas balearica	6240.0	1350	27	28	1290	0.9757942511346445	0.9799851742031134	0.9555555555555556	0.9173888485435328	0.9259534
EU188441	1380	6900	Oceanospirillaceae	Marinomonas pollencensis	AJ843077	1535	7675	Oceanospirillaceae	Marinomonas aquimarina	6421.0	1379	49	31	1326	0.983679525222552	0.977519941986947	0.9615663524292966	0.9076970889878794	0.9305797
EU188441	1380	6900	Oceanospirillaceae	Marinomonas pollencensis	AJ627909	1496	7480	Oceanospirillaceae	Marinomonas ushuaiensis	6507.0	1379	25	25	1334	0.9852289512555391	0.9818709209572154	0.9673676577229877	0.9329172425619126	0.9430435
EU188441	1380	6900	Oceanospirillaceae	Marinomonas pollencensis	DQ403809	1539	7695	Oceanospirillaceae	Marinomonas blandensis	6468.0	1379	23	24	1330	0.981549815498155	0.9833091436865021	0.9644670050761421	0.9321346589715924	0.9373913
EU188441	1380	6900	Oceanospirillaceae	Marinomonas pollencensis	AB467281	1523	7615	Oceanospirillaceae	Marinomonas arenicola	6696.0	1380	11	13	1356	0.991953182150695	0.9920174165457184	0.9826086956521739	0.9656549870284123	0.9704348
EU188441	1380	6900	Oceanospirillaceae	Marinomonas pollencensis	AY539835	1535	7669	Oceanospirillaceae	Marinomonas pontica	6622.0	1379	38	18	1350	0.9919177075679647	0.9869470630891951	0.9789702683103698	0.9402812527666995	0.9597101
EU188441	1380	6900	Oceanospirillaceae	Marinomonas pollencensis	AB074193	1419	7077	Oceanospirillaceae	Marinomonas primoryensis	6491.0	1379	45	24	1336	0.9859778597785978	0.9825960841189267	0.9688179840464104	0.921873854201465	0.9407246
EU188441	1380	6900	Oceanospirillaceae	Marinomonas pollencensis	EU188444	1360	6800	Oceanospirillaceae	Marinomonas foliarum	6370.0	1325	34	15	1298	0.9908396946564886	0.9886792452830189	0.979622641509434	0.9443014425146127	0.9367647
EU188441	1380	6900	Oceanospirillaceae	Marinomonas pollencensis	DQ011526	1495	7433	Oceanospirillaceae	Marinomonas dokdonensis	6549.0	1379	16	15	1338	0.9809384164222874	0.9891225525743292	0.9702683103698332	0.9487067923616147	0.9491304
EU188441	1380	6900	Oceanospirillaceae	Marinomonas pollencensis	KT036402	1418	7090	Oceanospirillaceae	Marinomonas spartinae	6466.0	1378	31	31	1328	0.985894580549369	0.9775036284470247	0.9637155297532656	0.9213093105590126	0.9371014
EU188441	1380	6900	Oceanospirillaceae	Marinomonas pollencensis	LN909522	1489	7445	Oceanospirillaceae	Marinomonas atlantica	6525.0	1378	22	17	1337	0.9823659074210139	0.9876632801161103	0.9702467343976778	0.9432184325108853	0.9456522
EU188441	1380	6900	Oceanospirillaceae	Marinomonas pollencensis	KC565667	1503	7515	Oceanospirillaceae	Marinomonas profundimaris	6527.0	1379	26	26	1336	0.9874353288987435	0.981145757795504	0.9688179840464104	0.9329613753841944	0.94594204
EU188441	1380	6900	Oceanospirillaceae	Marinomonas pollencensis	JQ409370	1411	7055	Oceanospirillaceae	Marinomonas fungiae	6420.0	1379	48	32	1325	0.9836674090571641	0.9767947788252357	0.9608411892675852	0.9069748296730464	0.93043476
EU188441	1380	6900	Oceanospirillaceae	Marinomonas pollencensis	EU188445	1399	6995	Oceanospirillaceae	Marinomonas posidonica	6590.0	1380	18	19	1343	0.9867744305657604	0.9869470630891951	0.9731884057971014	0.9474316311086232	0.95507246
EU188441	1380	6900	Oceanospirillaceae	Marinomonas pollencensis	GU929940	1425	7119	Oceanospirillaceae	Marinomonas brasilensis	6548.0	1377	13	13	1338	0.9809384164222874	0.990559186637618	0.971677559912854	0.9535022962022539	0.9489855
AB242868	1536	7650	Oceanospirillaceae	Marinomonas ostreistagni	LN909520	1486	7430	Oceanospirillaceae	Marinomonas gallaica	7125.0	1485	16	15	1450	0.9863945578231292	0.98989898989899	0.9764309764309764	0.956264847004354	0.9589502
AB242868	1536	7650	Oceanospirillaceae	Marinomonas ostreistagni	EU188443	1426	7130	Oceanospirillaceae	Marinomonas rhizomae	6641.0	1427	31	32	1368	0.9806451612903225	0.9782608695652174	0.9586545199719692	0.9172311765163902	0.9314166
AB242868	1536	7650	Oceanospirillaceae	Marinomonas ostreistagni	EU188448	1349	6739	Oceanospirillaceae	Marinomonas balearica	6331.0	1352	23	26	1300	0.9803921568627451	0.9829503335804299	0.9615384615384616	0.9272727272727272	0.9394569
AB242868	1536	7650	Oceanospirillaceae	Marinomonas ostreistagni	AJ843077	1535	7675	Oceanospirillaceae	Marinomonas aquimarina	7385.0	1533	11	12	1500	0.9861932938856016	0.9928198433420365	0.9784735812133072	0.96389787372114	0.96535945
AB242868	1536	7650	Oceanospirillaceae	Marinomonas ostreistagni	AJ627909	1496	7480	Oceanospirillaceae	Marinomonas ushuaiensis	6875.0	1499	39	42	1425	0.9780370624571036	0.9739304812834224	0.9506337558372249	0.9005678688262917	0.9191176
AB242868	1536	7650	Oceanospirillaceae	Marinomonas ostreistagni	DQ403809	1539	7695	Oceanospirillaceae	Marinomonas blandensis	7063.0	1534	33	35	1463	0.9759839893262174	0.9784595300261096	0.953715775749674	0.9123292583591329	0.92326796
AB242868	1536	7650	Oceanospirillaceae	Marinomonas ostreistagni	AB467281	1523	7615	Oceanospirillaceae	Marinomonas arenicola	7133.0	1525	27	31	1466	0.9812583668005355	0.9822485207100592	0.9613114754098361	0.9253861754267366	0.93670386
AB242868	1536	7650	Oceanospirillaceae	Marinomonas ostreistagni	AY539835	1535	7669	Oceanospirillaceae	Marinomonas pontica	7202.0	1534	28	29	1478	0.9820598006644519	0.9817351598173516	0.9634941329856584	0.9283346159688963	0.9414379
AB242868	1536	7650	Oceanospirillaceae	Marinomonas ostreistagni	AB074193	1419	7077	Oceanospirillaceae	Marinomonas primoryensis	6539.0	1418	39	38	1353	0.9804347826086957	0.9732016925246827	0.9541607898448519	0.9037349965586106	0.9239791
AB242868	1536	7650	Oceanospirillaceae	Marinomonas ostreistagni	EU188444	1360	6800	Oceanospirillaceae	Marinomonas foliarum	6374.0	1363	24	27	1310	0.9805389221556886	0.9823529411764705	0.9611151870873074	0.9257749747286537	0.93735296
AB242868	1536	7650	Oceanospirillaceae	Marinomonas ostreistagni	DQ011526	1495	7433	Oceanospirillaceae	Marinomonas dokdonensis	6961.0	1496	25	26	1439	0.9789115646258504	0.9832775919732442	0.9618983957219251	0.9296453923150756	0.9364994
AB242868	1536	7650	Oceanospirillaceae	Marinomonas ostreistagni	KT036402	1418	7090	Oceanospirillaceae	Marinomonas spartinae	6506.0	1421	41	44	1349	0.9796659404502541	0.9710860366713682	0.9493314567206192	0.8941377673763972	0.9176305
AB242868	1536	7650	Oceanospirillaceae	Marinomonas ostreistagni	LN909522	1489	7445	Oceanospirillaceae	Marinomonas atlantica	7118.0	1485	22	18	1449	0.9877300613496932	0.9878787878787879	0.9757575757575757	0.9498582373167641	0.95607793
AB242868	1536	7650	Oceanospirillaceae	Marinomonas ostreistagni	KC565667	1503	7515	Oceanospirillaceae	Marinomonas profundimaris	6955.0	1506	40	43	1437	0.9822282980177717	0.9733865602129075	0.954183266932271	0.9029560928343547	0.9254824
AB242868	1536	7650	Oceanospirillaceae	Marinomonas ostreistagni	JQ409370	1411	7055	Oceanospirillaceae	Marinomonas fungiae	6793.0	1412	10	11	1380	0.9850107066381156	0.9929128277817151	0.9773371104815864	0.9629038620145588	0.9628632
AB242868	1536	7650	Oceanospirillaceae	Marinomonas ostreistagni	EU188445	1399	6995	Oceanospirillaceae	Marinomonas posidonica	6505.0	1401	29	31	1341	0.9788321167883212	0.9792709077912795	0.9571734475374732	0.9170123238645722	0.92994994
AB242868	1536	7650	Oceanospirillaceae	Marinomonas ostreistagni	GU929940	1425	7119	Oceanospirillaceae	Marinomonas brasilensis	6813.0	1427	24	26	1387	0.9900071377587437	0.9831578947368421	0.9719691660826909	0.9384760866174018	0.9570164
LN909520	1486	7430	Oceanospirillaceae	Marinomonas gallaica	EU188443	1426	7130	Oceanospirillaceae	Marinomonas rhizomae	6714.0	1428	22	24	1378	0.9814814814814815	0.9845722300140253	0.9649859943977591	0.9343726456099681	0.941655
LN909520	1486	7430	Oceanospirillaceae	Marinomonas gallaica	EU188448	1349	6739	Oceanospirillaceae	Marinomonas balearica	6364.0	1351	18	20	1305	0.980465815176559	0.9866567828020756	0.9659511472982976	0.93913877067497	0.94435376
LN909520	1486	7430	Oceanospirillaceae	Marinomonas gallaica	AJ843077	1535	7675	Oceanospirillaceae	Marinomonas aquimarina	7259.0	1485	9	9	1466	0.9932249322493225	0.9939393939393939	0.9872053872053872	0.9753113463956836	0.9769852
LN909520	1486	7430	Oceanospirillaceae	Marinomonas gallaica	AJ627909	1496	7480	Oceanospirillaceae	Marinomonas ushuaiensis	6799.0	1485	40	43	1411	0.978502080443828	0.9730094466936572	0.9501683501683502	0.898454269470663	0.91507405
LN909520	1486	7430	Oceanospirillaceae	Marinomonas gallaica	DQ403809	1539	7695	Oceanospirillaceae	Marinomonas blandensis	6961.0	1486	28	31	1431	0.9835051546391752	0.9811193526635199	0.9629878869448183	0.9254606179027152	0.93687755
LN909520	1486	7430	Oceanospirillaceae	Marinomonas gallaica	AB467281	1523	7615	Oceanospirillaceae	Marinomonas arenicola	7003.0	1486	28	32	1435	0.9869325997248969	0.9811066126855601	0.9656796769851952	0.9274096765762706	0.9425303
LN909520	1486	7430	Oceanospirillaceae	Marinomonas gallaica	AY539835	1535	7669	Oceanospirillaceae	Marinomonas pontica	7031.0	1486	21	24	1439	0.9842681258549931	0.98583951449764	0.968371467025572	0.9394552652895728	0.9462988
LN909520	1486	7430	Oceanospirillaceae	Marinomonas gallaica	AB074193	1419	7077	Oceanospirillaceae	Marinomonas primoryensis	6559.0	1419	39	39	1356	0.9826086956521739	0.9725158562367865	0.9556025369978859	0.9044797675288633	0.92680514
LN909520	1486	7430	Oceanospirillaceae	Marinomonas gallaica	EU188444	1360	6800	Oceanospirillaceae	Marinomonas foliarum	6386.0	1362	24	26	1312	0.9820359281437125	0.9823529411764705	0.9632892804698973	0.9285385849262502	0.93911767
LN909520	1486	7430	Oceanospirillaceae	Marinomonas gallaica	DQ011526	1495	7433	Oceanospirillaceae	Marinomonas dokdonensis	6878.0	1476	19	21	1417	0.9738831615120275	0.9871099050203528	0.9600271002710027	0.9343407564510428	0.92570657
LN909520	1486	7430	Oceanospirillaceae	Marinomonas gallaica	KT036402	1418	7090	Oceanospirillaceae	Marinomonas spartinae	6513.0	1422	35	39	1351	0.9768618944323934	0.9753173483779972	0.950070323488045	0.9018169233932506	0.9186178
LN909520	1486	7430	Oceanospirillaceae	Marinomonas gallaica	LN909522	1489	7445	Oceanospirillaceae	Marinomonas atlantica	7248.0	1486	19	16	1465	0.9965986394557823	0.9892328398384926	0.9858681022880216	0.9629409371185327	0.9755047
LN909520	1486	7430	Oceanospirillaceae	Marinomonas gallaica	KC565667	1503	7515	Oceanospirillaceae	Marinomonas profundimaris	6859.0	1486	36	40	1418	0.9806362378976486	0.9757085020242915	0.9542395693135935	0.9065902872716534	0.9231494
LN909520	1486	7430	Oceanospirillaceae	Marinomonas gallaica	JQ409370	1411	7055	Oceanospirillaceae	Marinomonas fungiae	6826.0	1413	15	17	1385	0.9921203438395415	0.9893692416725727	0.9801840056617127	0.9582190979718144	0.96754074
LN909520	1486	7430	Oceanospirillaceae	Marinomonas gallaica	EU188445	1399	6995	Oceanospirillaceae	Marinomonas posidonica	6515.0	1401	24	26	1344	0.9774545454545455	0.9828448892065761	0.9593147751605996	0.925654607611105	0.93137956
LN909520	1486	7430	Oceanospirillaceae	Marinomonas gallaica	GU929940	1425	7119	Oceanospirillaceae	Marinomonas brasilensis	6800.0	1426	15	16	1387	0.9836879432624114	0.9894736842105263	0.9726507713884993	0.9517262926147009	0.95519036
EU188443	1426	7130	Oceanospirillaceae	Marinomonas rhizomae	EU188448	1349	6739	Oceanospirillaceae	Marinomonas balearica	6262.0	1368	20	39	1296	0.9751693002257337	0.9851742031134173	0.9473684210526315	0.9070984377369937	0.929218
EU188443	1426	7130	Oceanospirillaceae	Marinomonas rhizomae	AJ843077	1535	7675	Oceanospirillaceae	Marinomonas aquimarina	6635.0	1426	30	28	1369	0.9792560801144492	0.9803646563814866	0.9600280504908836	0.9217851748531973	0.930575
EU188443	1426	7130	Oceanospirillaceae	Marinomonas rhizomae	AJ627909	1496	7480	Oceanospirillaceae	Marinomonas ushuaiensis	6675.0	1426	33	33	1372	0.9849246231155779	0.9768583450210379	0.9621318373071529	0.9186083957291734	0.9361851
EU188443	1426	7130	Oceanospirillaceae	Marinomonas rhizomae	DQ403809	1539	7695	Oceanospirillaceae	Marinomonas blandensis	6591.0	1426	32	33	1364	0.9791816223977028	0.9775438596491228	0.9565217391304348	0.9138784517206417	0.9244039
EU188443	1426	7130	Oceanospirillaceae	Marinomonas rhizomae	AB467281	1523	7615	Oceanospirillaceae	Marinomonas arenicola	6823.0	1426	20	21	1390	0.9893238434163701	0.9859649122807017	0.9747545582047685	0.9471162892653525	0.9569425
EU188443	1426	7130	Oceanospirillaceae	Marinomonas rhizomae	AY539835	1535	7669	Oceanospirillaceae	Marinomonas pontica	6960.0	1426	4	4	1407	0.989451476793249	0.9971949509116409	0.9866760168302945	0.9811561510018733	0.97615707
EU188443	1426	7130	Oceanospirillaceae	Marinomonas rhizomae	AB074193	1419	7077	Oceanospirillaceae	Marinomonas primoryensis	6762.0	1408	21	16	1377	0.9892241379310345	0.9886363636363636	0.9779829545454546	0.9526607926712896	0.95548964
EU188443	1426	7130	Oceanospirillaceae	Marinomonas rhizomae	EU188444	1360	6800	Oceanospirillaceae	Marinomonas foliarum	6622.0	1358	5	5	1339	0.9896526237989652	0.9963181148748159	0.9860088365243005	0.9787747291396761	0.97382355
EU188443	1426	7130	Oceanospirillaceae	Marinomonas rhizomae	DQ011526	1495	7433	Oceanospirillaceae	Marinomonas dokdonensis	6853.0	1426	15	15	1393	0.9872430900070872	0.9894810659186536	0.9768583450210379	0.9565212524806971	0.96115005
EU188443	1426	7130	Oceanospirillaceae	Marinomonas rhizomae	KT036402	1418	7090	Oceanospirillaceae	Marinomonas spartinae	6592.0	1405	24	27	1354	0.9825834542815675	0.9828815977175464	0.9637010676156583	0.9293072576447706	0.9297602
EU188443	1426	7130	Oceanospirillaceae	Marinomonas rhizomae	LN909522	1489	7445	Oceanospirillaceae	Marinomonas atlantica	6703.0	1426	31	26	1378	0.9842857142857143	0.9817671809256662	0.9663394109396914	0.9285347805872121	0.9401122
EU188443	1426	7130	Oceanospirillaceae	Marinomonas rhizomae	KC565667	1503	7515	Oceanospirillaceae	Marinomonas profundimaris	6755.0	1426	30	31	1381	0.9899641577060931	0.9789473684210527	0.9684431977559608	0.927869684663163	0.94740534
EU188443	1426	7130	Oceanospirillaceae	Marinomonas rhizomae	JQ409370	1411	7055	Oceanospirillaceae	Marinomonas fungiae	6625.0	1411	28	28	1361	0.9840925524222705	0.9801559177888023	0.9645641389085755	0.9270272439962195	0.9390503
EU188443	1426	7130	Oceanospirillaceae	Marinomonas rhizomae	EU188445	1399	6995	Oceanospirillaceae	Marinomonas posidonica	6635.0	1399	20	20	1357	0.9840464104423495	0.9857040743388135	0.9699785561115082	0.9426359611541717	0.94853467
EU188443	1426	7130	Oceanospirillaceae	Marinomonas rhizomae	GU929940	1425	7119	Oceanospirillaceae	Marinomonas brasilensis	6629.0	1410	24	23	1361	0.9812545061283345	0.9836879432624114	0.9652482269503546	0.9336117787867098	0.9311701
EU188448	1349	6739	Oceanospirillaceae	Marinomonas balearica	AJ843077	1535	7675	Oceanospirillaceae	Marinomonas aquimarina	6363.0	1349	23	19	1305	0.981203007518797	0.9859154929577465	0.9673832468495182	0.9377694739867778	0.94420534
EU188448	1349	6739	Oceanospirillaceae	Marinomonas balearica	AJ627909	1496	7480	Oceanospirillaceae	Marinomonas ushuaiensis	6216.0	1349	28	28	1287	0.9742619227857684	0.9792438843587843	0.9540400296515937	0.9152410161000402	0.9223921
EU188448	1349	6739	Oceanospirillaceae	Marinomonas balearica	DQ403809	1539	7695	Oceanospirillaceae	Marinomonas blandensis	6235.0	1349	26	27	1290	0.9757942511346445	0.9807121661721068	0.9562638991845812	0.9194042725251028	0.9252114
EU188448	1349	6739	Oceanospirillaceae	Marinomonas balearica	AB467281	1523	7615	Oceanospirillaceae	Marinomonas arenicola	6273.0	1349	20	21	1294	0.9743975903614458	0.9851632047477745	0.9592290585618977	0.9305012343098612	0.93085027
EU188448	1349	6739	Oceanospirillaceae	Marinomonas balearica	AY539835	1535	7669	Oceanospirillaceae	Marinomonas pontica	6318.0	1349	28	9	1303	0.9723880597014926	0.9933283914010378	0.9659006671608599	0.9399469092197184	0.93752784
EU188448	1349	6739	Oceanospirillaceae	Marinomonas balearica	AB074193	1419	7077	Oceanospirillaceae	Marinomonas primoryensis	6206.0	1349	35	29	1287	0.975	0.9785025945144552	0.9540400296515937	0.9099225716330229	0.92090815
EU188448	1349	6739	Oceanospirillaceae	Marinomonas balearica	EU188444	1360	6800	Oceanospirillaceae	Marinomonas foliarum	6180.0	1322	37	18	1275	0.977760736196319	0.9863842662632375	0.9644478063540091	0.925415702344097	0.91705
EU188448	1349	6739	Oceanospirillaceae	Marinomonas balearica	DQ011526	1495	7433	Oceanospirillaceae	Marinomonas dokdonensis	6311.0	1349	21	19	1298	0.9759398496240601	0.9859154929577465	0.9621942179392142	0.934100956101573	0.9364891
EU188448	1349	6739	Oceanospirillaceae	Marinomonas balearica	KT036402	1418	7090	Oceanospirillaceae	Marinomonas spartinae	6309.0	1348	36	21	1300	0.9796533534287868	0.9844213649851632	0.9643916913946587	0.9246732474571621	0.93619233
EU188448	1349	6739	Oceanospirillaceae	Marinomonas balearica	LN909522	1489	7445	Oceanospirillaceae	Marinomonas atlantica	6381.0	1349	25	20	1307	0.9834462001504891	0.9851742031134173	0.9688658265381764	0.9371344130052668	0.9468764
EU188448	1349	6739	Oceanospirillaceae	Marinomonas balearica	KC565667	1503	7515	Oceanospirillaceae	Marinomonas profundimaris	6231.0	1349	28	27	1289	0.9750378214826021	0.9799851742031134	0.955522609340252	0.9173572182627546	0.9246179
EU188448	1349	6739	Oceanospirillaceae	Marinomonas balearica	JQ409370	1411	7055	Oceanospirillaceae	Marinomonas fungiae	6393.0	1349	23	21	1308	0.9849397590361446	0.9844329132690882	0.9696071163825055	0.9385118444285475	0.9486571
EU188448	1349	6739	Oceanospirillaceae	Marinomonas balearica	EU188445	1399	6995	Oceanospirillaceae	Marinomonas posidonica	6370.0	1349	20	20	1305	0.981941309255079	0.9851742031134173	0.9673832468495182	0.9391178488407667	0.9452441
EU188448	1349	6739	Oceanospirillaceae	Marinomonas balearica	GU929940	1425	7119	Oceanospirillaceae	Marinomonas brasilensis	6404.0	1349	15	14	1309	0.9805243445692884	0.9896219421793921	0.9703484062268347	0.9497178316076426	0.95028937
AJ843077	1535	7675	Oceanospirillaceae	Marinomonas aquimarina	AJ627909	1496	7480	Oceanospirillaceae	Marinomonas ushuaiensis	6792.0	1496	46	48	1415	0.9772099447513812	0.9692101740294511	0.945855614973262	0.8881964529710009	0.9080214
AJ843077	1535	7675	Oceanospirillaceae	Marinomonas aquimarina	DQ403809	1539	7695	Oceanospirillaceae	Marinomonas blandensis	7133.0	1535	30	33	1472	0.9800266311584553	0.9804177545691906	0.958957654723127	0.9203542475361896	0.92938113
AJ843077	1535	7675	Oceanospirillaceae	Marinomonas aquimarina	AB467281	1523	7615	Oceanospirillaceae	Marinomonas arenicola	7092.0	1524	35	36	1462	0.9825268817204301	0.9770190413657256	0.9593175853018373	0.9156283302945054	0.9313198
AJ843077	1535	7675	Oceanospirillaceae	Marinomonas aquimarina	AY539835	1535	7669	Oceanospirillaceae	Marinomonas pontica	7190.0	1534	29	31	1477	0.9827012641383899	0.9810704960835509	0.9628422425032594	0.9258809280117716	0.93754077
AJ843077	1535	7675	Oceanospirillaceae	Marinomonas aquimarina	AB074193	1419	7077	Oceanospirillaceae	Marinomonas primoryensis	6489.0	1419	45	45	1348	0.9810771470160117	0.9682875264270613	0.9499647639182522	0.8915652907265564	0.9169139
AJ843077	1535	7675	Oceanospirillaceae	Marinomonas aquimarina	EU188444	1360	6800	Oceanospirillaceae	Marinomonas foliarum	6330.0	1364	27	31	1306	0.9797449362340586	0.9801470588235294	0.9574780058651027	0.9175544082086138	0.93088233
AJ843077	1535	7675	Oceanospirillaceae	Marinomonas aquimarina	DQ011526	1495	7433	Oceanospirillaceae	Marinomonas dokdonensis	6957.0	1497	20	22	1435	0.9728813559322034	0.9866220735785953	0.9585838343353373	0.9320442687176154	0.93596125
AJ843077	1535	7675	Oceanospirillaceae	Marinomonas aquimarina	KT036402	1418	7090	Oceanospirillaceae	Marinomonas spartinae	6465.0	1422	37	41	1346	0.9746560463432296	0.9739069111424542	0.9465541490857946	0.895950157565101	0.91184765
AJ843077	1535	7675	Oceanospirillaceae	Marinomonas aquimarina	LN909522	1489	7445	Oceanospirillaceae	Marinomonas atlantica	7182.0	1485	20	17	1457	0.9925068119891008	0.9885521885521885	0.9811447811447811	0.9570236137677998	0.9646743
AJ843077	1535	7675	Oceanospirillaceae	Marinomonas aquimarina	KC565667	1503	7515	Oceanospirillaceae	Marinomonas profundimaris	6904.0	1506	39	42	1432	0.9781420765027322	0.9740518962075848	0.950863213811421	0.9010121326989776	0.9186959
AJ843077	1535	7675	Oceanospirillaceae	Marinomonas aquimarina	JQ409370	1411	7055	Oceanospirillaceae	Marinomonas fungiae	6852.0	1413	13	15	1388	0.9928469241773963	0.9907866761162296	0.9823071479122435	0.9630192095240648	0.9712261
AJ843077	1535	7675	Oceanospirillaceae	Marinomonas aquimarina	EU188445	1399	6995	Oceanospirillaceae	Marinomonas posidonica	6488.0	1402	25	28	1341	0.9759825327510917	0.9821300929235168	0.956490727532097	0.9209658441689568	0.9275197
AJ843077	1535	7675	Oceanospirillaceae	Marinomonas aquimarina	GU929940	1425	7119	Oceanospirillaceae	Marinomonas brasilensis	6771.0	1428	18	21	1384	0.9836531627576404	0.9873684210526316	0.969187675070028	0.9430477585224962	0.95111674
AJ627909	1496	7480	Oceanospirillaceae	Marinomonas ushuaiensis	DQ403809	1539	7695	Oceanospirillaceae	Marinomonas blandensis	6911.0	1495	23	21	1431	0.9708276797829036	0.9859531772575251	0.9571906354515051	0.9294459793514614	0.92393047
AJ627909	1496	7480	Oceanospirillaceae	Marinomonas ushuaiensis	AB467281	1523	7615	Oceanospirillaceae	Marinomonas arenicola	7036.0	1485	30	30	1439	0.9890034364261169	0.9797979797979798	0.969023569023569	0.9306463979731305	0.9406417
AJ627909	1496	7480	Oceanospirillaceae	Marinomonas ushuaiensis	AY539835	1535	7669	Oceanospirillaceae	Marinomonas pontica	7081.0	1495	39	36	1448	0.9924605894448252	0.9759197324414716	0.968561872909699	0.9212071529173734	0.9466578
AJ627909	1496	7480	Oceanospirillaceae	Marinomonas ushuaiensis	AB074193	1419	7077	Oceanospirillaceae	Marinomonas primoryensis	6707.0	1417	34	32	1373	0.9913357400722022	0.9774170783345095	0.9689484827099506	0.9248750162324477	0.94771796
AJ627909	1496	7480	Oceanospirillaceae	Marinomonas ushuaiensis	EU188444	1360	6800	Oceanospirillaceae	Marinomonas foliarum	6421.0	1360	30	30	1315	0.9887218045112782	0.9779411764705882	0.9669117647058824	0.9251745662293696	0.9442647
AJ627909	1496	7480	Oceanospirillaceae	Marinomonas ushuaiensis	DQ011526	1495	7433	Oceanospirillaceae	Marinomonas dokdonensis	7002.0	1474	20	19	1430	0.9828178694158075	0.9871099050203528	0.9701492537313433	0.9448240724090392	0.94201535
AJ627909	1496	7480	Oceanospirillaceae	Marinomonas ushuaiensis	KT036402	1418	7090	Oceanospirillaceae	Marinomonas spartinae	6592.0	1420	26	28	1361	0.9777298850574713	0.9816643159379408	0.9584507042253522	0.9226579393372685	0.9297602
AJ627909	1496	7480	Oceanospirillaceae	Marinomonas ushuaiensis	LN909522	1489	7445	Oceanospirillaceae	Marinomonas atlantica	6846.0	1482	39	33	1418	0.9786059351276742	0.9777327935222672	0.9568151147098516	0.9115220915283201	0.9195433
AJ627909	1496	7480	Oceanospirillaceae	Marinomonas ushuaiensis	KC565667	1503	7515	Oceanospirillaceae	Marinomonas profundimaris	7240.0	1494	15	16	1467	0.9925575101488497	0.9899531145344943	0.9819277108433735	0.9617555709917203	0.96791446
AJ627909	1496	7480	Oceanospirillaceae	Marinomonas ushuaiensis	JQ409370	1411	7055	Oceanospirillaceae	Marinomonas fungiae	6466.0	1411	41	41	1342	0.9795620437956204	0.9709425939050319	0.9510985116938342	0.8973863367910143	0.9165131
AJ627909	1496	7480	Oceanospirillaceae	Marinomonas ushuaiensis	EU188445	1399	6995	Oceanospirillaceae	Marinomonas posidonica	6671.0	1399	25	25	1360	0.9898107714701602	0.9821300929235168	0.9721229449606862	0.9379894145898756	0.95368123
AJ627909	1496	7480	Oceanospirillaceae	Marinomonas ushuaiensis	GU929940	1425	7119	Oceanospirillaceae	Marinomonas brasilensis	6628.0	1424	33	32	1366	0.9813218390804598	0.9775280898876404	0.9592696629213483	0.9164745166688516	0.9310296
DQ403809	1539	7695	Oceanospirillaceae	Marinomonas blandensis	AB467281	1523	7615	Oceanospirillaceae	Marinomonas arenicola	7137.0	1524	22	23	1469	0.9786808794137242	0.9855548260013132	0.9639107611548556	0.935853850254488	0.93722916
DQ403809	1539	7695	Oceanospirillaceae	Marinomonas blandensis	AY539835	1535	7669	Oceanospirillaceae	Marinomonas pontica	7142.0	1534	29	28	1473	0.9780876494023905	0.9817470664928292	0.9602346805736637	0.9252165252360446	0.9312818
DQ403809	1539	7695	Oceanospirillaceae	Marinomonas blandensis	AB074193	1419	7077	Oceanospirillaceae	Marinomonas primoryensis	6548.0	1416	38	35	1355	0.9811730629978277	0.9752824858757062	0.9569209039548022	0.9088774197810053	0.9252508
DQ403809	1539	7695	Oceanospirillaceae	Marinomonas blandensis	EU188444	1360	6800	Oceanospirillaceae	Marinomonas foliarum	6263.0	1359	31	30	1298	0.9766741911211437	0.977924944812362	0.9551140544518028	0.9131989772420473	0.9210294
DQ403809	1539	7695	Oceanospirillaceae	Marinomonas blandensis	DQ011526	1495	7433	Oceanospirillaceae	Marinomonas dokdonensis	7005.0	1494	18	17	1440	0.9749492213947191	0.9886211512717537	0.963855421686747	0.9415439535921464	0.94241893
DQ403809	1539	7695	Oceanospirillaceae	Marinomonas blandensis	KT036402	1418	7090	Oceanospirillaceae	Marinomonas spartinae	6480.0	1419	35	36	1348	0.9746926970354303	0.9753173483779972	0.9499647639182522	0.9035772135481037	0.9139633
DQ403809	1539	7695	Oceanospirillaceae	Marinomonas blandensis	LN909522	1489	7445	Oceanospirillaceae	Marinomonas atlantica	6996.0	1483	33	27	1436	0.9862637362637363	0.9817936614969656	0.9683074848280513	0.9299839695973896	0.93969107
DQ403809	1539	7695	Oceanospirillaceae	Marinomonas blandensis	KC565667	1503	7515	Oceanospirillaceae	Marinomonas profundimaris	6976.0	1503	24	24	1441	0.9743069641649763	0.9840319361277445	0.9587491683300067	0.9286116699149182	0.9282768
DQ403809	1539	7695	Oceanospirillaceae	Marinomonas blandensis	JQ409370	1411	7055	Oceanospirillaceae	Marinomonas fungiae	6563.0	1410	28	27	1354	0.9790310918293564	0.9808510638297873	0.9602836879432625	0.9235551741484924	0.9302622
DQ403809	1539	7695	Oceanospirillaceae	Marinomonas blandensis	EU188445	1399	6995	Oceanospirillaceae	Marinomonas posidonica	6479.0	1398	23	22	1340	0.9738372093023255	0.9842632331902719	0.9585121602288984	0.9281581509324168	0.92623305
DQ403809	1539	7695	Oceanospirillaceae	Marinomonas blandensis	GU929940	1425	7119	Oceanospirillaceae	Marinomonas brasilensis	6653.0	1423	26	24	1370	0.9792709077912795	0.983134223471539	0.9627547434996486	0.9295333927922763	0.93454134
AB467281	1523	7615	Oceanospirillaceae	Marinomonas arenicola	AY539835	1535	7669	Oceanospirillaceae	Marinomonas pontica	7278.0	1522	21	20	1483	0.9873501997336884	0.9868593955321945	0.9743758212877792	0.948485083327443	0.9557452
AB467281	1523	7615	Oceanospirillaceae	Marinomonas arenicola	AB074193	1419	7077	Oceanospirillaceae	Marinomonas primoryensis	6770.0	1416	28	25	1380	0.9920920201294033	0.9823446327683616	0.9745762711864406	0.938805812479459	0.95662004
AB467281	1523	7615	Oceanospirillaceae	Marinomonas arenicola	EU188444	1360	6800	Oceanospirillaceae	Marinomonas foliarum	6553.0	1359	16	15	1331	0.9903273809523809	0.9889624724061811	0.9793966151582045	0.9573156732891832	0.96367645
AB467281	1523	7615	Oceanospirillaceae	Marinomonas arenicola	DQ011526	1495	7433	Oceanospirillaceae	Marinomonas dokdonensis	7127.0	1494	12	11	1454	0.9804450438300741	0.9926372155287818	0.9732262382864793	0.9583628893617854	0.95883226
AB467281	1523	7615	Oceanospirillaceae	Marinomonas arenicola	KT036402	1418	7090	Oceanospirillaceae	Marinomonas spartinae	6527.0	1419	40	41	1352	0.9811320754716981	0.9717912552891397	0.952783650458069	0.8998875053675252	0.92059237
AB467281	1523	7615	Oceanospirillaceae	Marinomonas arenicola	LN909522	1489	7445	Oceanospirillaceae	Marinomonas atlantica	7007.0	1482	26	19	1437	0.9822282980177717	0.9871794871794872	0.9696356275303644	0.940700877371965	0.94116855
AB467281	1523	7615	Oceanospirillaceae	Marinomonas arenicola	KC565667	1503	7515	Oceanospirillaceae	Marinomonas profundimaris	7114.0	1494	31	30	1451	0.9911202185792349	0.9799196787148594	0.9712182061579652	0.9323694779116466	0.9466401
AB467281	1523	7615	Oceanospirillaceae	Marinomonas arenicola	JQ409370	1411	7055	Oceanospirillaceae	Marinomonas fungiae	6646.0	1410	28	27	1363	0.9855386840202458	0.9808510638297873	0.9666666666666667	0.9296940194714882	0.9420269
AB467281	1523	7615	Oceanospirillaceae	Marinomonas arenicola	EU188445	1399	6995	Oceanospirillaceae	Marinomonas posidonica	6673.0	1398	12	11	1362	0.9819754866618601	0.9921316165951359	0.9742489270386266	0.9583569232642377	0.9539671
AB467281	1523	7615	Oceanospirillaceae	Marinomonas arenicola	GU929940	1425	7119	Oceanospirillaceae	Marinomonas brasilensis	6762.0	1423	21	19	1382	0.9843304843304843	0.9866479269149684	0.9711876317638791	0.9442849272828853	0.9498525
AY539835	1535	7669	Oceanospirillaceae	Marinomonas pontica	AB074193	1419	7077	Oceanospirillaceae	Marinomonas primoryensis	6793.0	1417	25	23	1383	0.9921090387374462	0.9837685250529288	0.9760056457304164	0.9435172469821085	0.95987
AY539835	1535	7669	Oceanospirillaceae	Marinomonas pontica	EU188444	1360	6800	Oceanospirillaceae	Marinomonas foliarum	6687.0	1360	5	5	1347	0.9940959409594096	0.9963235294117647	0.9904411764705883	0.9831851971557855	0.98338234
AY539835	1535	7669	Oceanospirillaceae	Marinomonas pontica	DQ011526	1495	7433	Oceanospirillaceae	Marinomonas dokdonensis	7163.0	1496	13	14	1458	0.9838056680161943	0.991304347826087	0.9745989304812834	0.9571607786436461	0.9636755
AY539835	1535	7669	Oceanospirillaceae	Marinomonas pontica	KT036402	1418	7090	Oceanospirillaceae	Marinomonas spartinae	6674.0	1420	22	24	1370	0.9813753581661891	0.9844851904090268	0.9647887323943662	0.9340118380184016	0.9413258
AY539835	1535	7669	Oceanospirillaceae	Marinomonas pontica	LN909522	1489	7445	Oceanospirillaceae	Marinomonas atlantica	7073.0	1483	24	18	1445	0.9863481228668942	0.987862440997977	0.9743762643290627	0.9472204560332295	0.9500336
AY539835	1535	7669	Oceanospirillaceae	Marinomonas pontica	KC565667	1503	7515	Oceanospirillaceae	Marinomonas profundimaris	7171.0	1504	31	32	1462	0.9932065217391305	0.9793745841650033	0.9720744680851063	0.9321782521311247	0.9542249
AY539835	1535	7669	Oceanospirillaceae	Marinomonas pontica	JQ409370	1411	7055	Oceanospirillaceae	Marinomonas fungiae	6628.0	1411	27	27	1361	0.9833815028901735	0.9808646350106307	0.9645641389085755	0.9283426761122868	0.93947554
AY539835	1535	7669	Oceanospirillaceae	Marinomonas pontica	EU188445	1399	6995	Oceanospirillaceae	Marinomonas posidonica	6670.0	1399	19	19	1361	0.986231884057971	0.9864188706218727	0.9728377412437456	0.9467673363303024	0.95353824
AY539835	1535	7669	Oceanospirillaceae	Marinomonas pontica	GU929940	1425	7119	Oceanospirillaceae	Marinomonas brasilensis	6759.0	1424	20	19	1382	0.9836298932384342	0.9866573033707865	0.9705056179775281	0.9442939011484951	0.9494311
AB074193	1419	7077	Oceanospirillaceae	Marinomonas primoryensis	EU188444	1360	6800	Oceanospirillaceae	Marinomonas foliarum	6460.0	1346	18	24	1313	0.9931921331316188	0.9865671641791045	0.975482912332838	0.9454460484633519	0.95
AB074193	1419	7077	Oceanospirillaceae	Marinomonas primoryensis	DQ011526	1495	7433	Oceanospirillaceae	Marinomonas dokdonensis	6640.0	1419	27	29	1365	0.9820143884892086	0.9809456598447425	0.9619450317124736	0.9246912822132354	0.93825066
AB074193	1419	7077	Oceanospirillaceae	Marinomonas primoryensis	KT036402	1418	7090	Oceanospirillaceae	Marinomonas spartinae	6519.0	1416	32	36	1350	0.9782608695652174	0.9773371104815864	0.9533898305084746	0.9086173799044854	0.921153
AB074193	1419	7077	Oceanospirillaceae	Marinomonas primoryensis	LN909522	1489	7445	Oceanospirillaceae	Marinomonas atlantica	6610.0	1419	37	34	1363	0.984115523465704	0.9760394644115574	0.9605355884425651	0.9136962843358192	0.9340116
AB074193	1419	7077	Oceanospirillaceae	Marinomonas primoryensis	KC565667	1503	7515	Oceanospirillaceae	Marinomonas profundimaris	6718.0	1419	33	36	1373	0.9927693420101229	0.9766949152542372	0.9675828047921071	0.9216026301842178	0.9492723
AB074193	1419	7077	Oceanospirillaceae	Marinomonas primoryensis	JQ409370	1411	7055	Oceanospirillaceae	Marinomonas fungiae	6529.0	1413	38	43	1349	0.9846715328467154	0.9730113636363636	0.9547062986553433	0.9014111848089733	0.92544293
AB074193	1419	7077	Oceanospirillaceae	Marinomonas primoryensis	EU188445	1399	6995	Oceanospirillaceae	Marinomonas posidonica	6548.0	1402	27	33	1347	0.9839298758217677	0.9806590257879656	0.9607703281027105	0.9204300763979081	0.9360972
AB074193	1419	7077	Oceanospirillaceae	Marinomonas primoryensis	GU929940	1425	7119	Oceanospirillaceae	Marinomonas brasilensis	6447.0	1398	36	41	1333	0.9823139277818718	0.9741564967695621	0.9535050071530758	0.9023056448442984	0.9109792
EU188444	1360	6800	Oceanospirillaceae	Marinomonas foliarum	DQ011526	1495	7433	Oceanospirillaceae	Marinomonas dokdonensis	6462.0	1360	14	12	1320	0.9792284866468842	0.9911764705882353	0.9705882352941176	0.9522219368096583	0.95029414
EU188444	1360	6800	Oceanospirillaceae	Marinomonas foliarum	KT036402	1418	7090	Oceanospirillaceae	Marinomonas spartinae	6309.0	1337	26	26	1293	0.9862700228832952	0.9805534779356769	0.9670905011219147	0.9301948987313502	0.9277941
EU188444	1360	6800	Oceanospirillaceae	Marinomonas foliarum	LN909522	1489	7445	Oceanospirillaceae	Marinomonas atlantica	6418.0	1360	24	19	1317	0.9821029082774049	0.9860294117647059	0.9683823529411765	0.9382953289697381	0.9438235
EU188444	1360	6800	Oceanospirillaceae	Marinomonas foliarum	KC565667	1503	7515	Oceanospirillaceae	Marinomonas profundimaris	6443.0	1360	34	33	1317	0.9924642049736248	0.975735294117647	0.9683823529411765	0.9218388682589247	0.9475
EU188444	1360	6800	Oceanospirillaceae	Marinomonas foliarum	JQ409370	1411	7055	Oceanospirillaceae	Marinomonas fungiae	6275.0	1343	28	26	1292	0.9810174639331815	0.9806403574087863	0.9620253164556962	0.9241337284990168	0.9227941
EU188444	1360	6800	Oceanospirillaceae	Marinomonas foliarum	EU188445	1399	6995	Oceanospirillaceae	Marinomonas posidonica	6365.0	1343	20	20	1302	0.9841269841269841	0.9851079672375279	0.9694713328369322	0.9410202298923415	0.93602943
EU188444	1360	6800	Oceanospirillaceae	Marinomonas foliarum	GU929940	1425	7119	Oceanospirillaceae	Marinomonas brasilensis	6381.0	1360	26	25	1311	0.9820224719101124	0.9816176470588235	0.9639705882352941	0.9284998090145148	0.9383823
DQ011526	1495	7433	Oceanospirillaceae	Marinomonas dokdonensis	KT036402	1418	7090	Oceanospirillaceae	Marinomonas spartinae	6587.0	1420	34	36	1358	0.9812138728323699	0.9760225669957687	0.956338028169014	0.9102969951760078	0.92905504
DQ011526	1495	7433	Oceanospirillaceae	Marinomonas dokdonensis	LN909522	1489	7445	Oceanospirillaceae	Marinomonas atlantica	6872.0	1474	24	19	1417	0.9738831615120275	0.9871099050203528	0.9613297150610584	0.9337348033470226	0.92452574
DQ011526	1495	7433	Oceanospirillaceae	Marinomonas dokdonensis	KC565667	1503	7515	Oceanospirillaceae	Marinomonas profundimaris	7058.0	1484	24	25	1440	0.9869773817683345	0.9838165879973028	0.9703504043126685	0.9388204508568855	0.9495493
DQ011526	1495	7433	Oceanospirillaceae	Marinomonas dokdonensis	JQ409370	1411	7055	Oceanospirillaceae	Marinomonas fungiae	6571.0	1411	23	23	1354	0.9755043227665706	0.9836995038979447	0.959603118355776	0.9288208704866229	0.9313962
DQ011526	1495	7433	Oceanospirillaceae	Marinomonas dokdonensis	EU188445	1399	6995	Oceanospirillaceae	Marinomonas posidonica	6761.0	1400	10	11	1371	0.9870410367170627	0.9928520371694067	0.9792857142857143	0.9647006079027356	0.96654755
DQ011526	1495	7433	Oceanospirillaceae	Marinomonas dokdonensis	GU929940	1425	7119	Oceanospirillaceae	Marinomonas brasilensis	6713.0	1420	11	12	1374	0.9758522727272727	0.9922480620155039	0.967605633802817	0.9520536215194734	0.9429695
KT036402	1418	7090	Oceanospirillaceae	Marinomonas spartinae	LN909522	1489	7445	Oceanospirillaceae	Marinomonas atlantica	6534.0	1418	42	35	1355	0.9797541576283442	0.9753173483779972	0.9555712270803949	0.905174662364511	0.9215797
KT036402	1418	7090	Oceanospirillaceae	Marinomonas spartinae	KC565667	1503	7515	Oceanospirillaceae	Marinomonas profundimaris	6647.0	1418	26	25	1367	0.9813352476669059	0.9823695345557123	0.964033850493653	0.9299855635302345	0.93751764
KT036402	1418	7090	Oceanospirillaceae	Marinomonas spartinae	JQ409370	1411	7055	Oceanospirillaceae	Marinomonas fungiae	6427.0	1402	42	39	1334	0.9787234042553191	0.9721825962910129	0.9514978601997147	0.8981243652716143	0.9109851
KT036402	1418	7090	Oceanospirillaceae	Marinomonas spartinae	EU188445	1399	6995	Oceanospirillaceae	Marinomonas posidonica	6499.0	1391	34	34	1337	0.9852616064848931	0.9755571531272466	0.9611790079079798	0.9153122201621956	0.9290922
KT036402	1418	7090	Oceanospirillaceae	Marinomonas spartinae	GU929940	1425	7119	Oceanospirillaceae	Marinomonas brasilensis	6459.0	1389	30	29	1332	0.9794117647058823	0.9791216702663786	0.958963282937365	0.919090954753218	0.9110014
LN909522	1489	7445	Oceanospirillaceae	Marinomonas atlantica	KC565667	1503	7515	Oceanospirillaceae	Marinomonas profundimaris	6878.0	1489	38	45	1421	0.9840720221606648	0.9743589743589743	0.9543317662860981	0.9024591162522106	0.9238415
LN909522	1489	7445	Oceanospirillaceae	Marinomonas atlantica	JQ409370	1411	7055	Oceanospirillaceae	Marinomonas fungiae	6822.0	1416	15	20	1385	0.9921203438395415	0.9893692416725727	0.9781073446327684	0.9541843837228124	0.9669738
LN909522	1489	7445	Oceanospirillaceae	Marinomonas atlantica	EU188445	1399	6995	Oceanospirillaceae	Marinomonas posidonica	6536.0	1404	22	27	1347	0.9782135076252724	0.9842744817726948	0.9594017094017094	0.926434890495199	0.9343817
LN909522	1489	7445	Oceanospirillaceae	Marinomonas atlantica	GU929940	1425	7119	Oceanospirillaceae	Marinomonas brasilensis	6822.0	1429	17	21	1390	0.9872159090909091	0.9880701754385965	0.9727081875437369	0.9471460083413427	0.9582807
KC565667	1503	7515	Oceanospirillaceae	Marinomonas profundimaris	JQ409370	1411	7055	Oceanospirillaceae	Marinomonas fungiae	6541.0	1410	36	35	1350	0.9818181818181818	0.975177304964539	0.9574468085106383	0.9104352432241548	0.9271439
KC565667	1503	7515	Oceanospirillaceae	Marinomonas profundimaris	EU188445	1399	6995	Oceanospirillaceae	Marinomonas posidonica	6655.0	1399	23	23	1359	0.9876453488372093	0.9835596854896355	0.9714081486776269	0.9399842563856643	0.95139384
KC565667	1503	7515	Oceanospirillaceae	Marinomonas profundimaris	GU929940	1425	7119	Oceanospirillaceae	Marinomonas brasilensis	6704.0	1425	28	28	1375	0.984251968503937	0.9803508771929824	0.9649122807017544	0.9277236449692711	0.9417053
JQ409370	1411	7055	Oceanospirillaceae	Marinomonas fungiae	EU188445	1399	6995	Oceanospirillaceae	Marinomonas posidonica	6536.0	1400	26	27	1346	0.9803350327749454	0.9814152966404575	0.9614285714285714	0.9256952514526147	0.9343817
JQ409370	1411	7055	Oceanospirillaceae	Marinomonas fungiae	GU929940	1425	7119	Oceanospirillaceae	Marinomonas brasilensis	6687.0	1397	20	21	1361	0.9890988372093024	0.9856733524355301	0.9742304939155333	0.946041749913743	0.9478384
EU188445	1399	6995	Oceanospirillaceae	Marinomonas posidonica	GU929940	1425	7119	Oceanospirillaceae	Marinomonas brasilensis	6637.0	1395	14	13	1356	0.9811866859623734	0.9906810035842294	0.9720430107526882	0.9534162106885841	0.9488206
