AY271623	1439	7189	Flavobacteriaceae	Maribacter sedimenticola	JX050190	1332	6660	Flavobacteriaceae	Maribacter vaceletii	6131.0	1330	40	38	1269	0.9821981424148607	0.9714285714285714	0.9541353383458646	0.8998123044838372	0.92057055
AY271623	1439	7189	Flavobacteriaceae	Maribacter sedimenticola	EU512921	1410	7050	Flavobacteriaceae	Maribacter antarcticus	6530.0	1397	26	28	1343	0.9810080350620891	0.9813620071684588	0.9613457408732999	0.924864595400947	0.92624116
AY271623	1439	7189	Flavobacteriaceae	Maribacter sedimenticola	AY771762	1490	7450	Flavobacteriaceae	Maribacter arcticus	6727.0	1439	33	37	1382	0.985734664764622	0.9770034843205575	0.9603891591382905	0.9147184790162249	0.93573517
AY271623	1439	7189	Flavobacteriaceae	Maribacter sedimenticola	JN036550	1340	6700	Flavobacteriaceae	Maribacter chungangensis	6242.0	1330	33	33	1280	0.9868928296067849	0.975187969924812	0.9624060150375939	0.9158038162169915	0.9316418
AY271623	1439	7189	Flavobacteriaceae	Maribacter sedimenticola	JQ988061	1495	7475	Flavobacteriaceae	Maribacter thermophilus	6763.0	1439	34	32	1388	0.9864960909737029	0.9777623349548298	0.9645587213342599	0.9213402042887331	0.9407428
AY271623	1439	7189	Flavobacteriaceae	Maribacter sedimenticola	AY960749	1486	7430	Flavobacteriaceae	Maribacter dokdonensis	6976.0	1439	18	16	1413	0.9929725931131412	0.9888811674774148	0.9819318971507992	0.9590179064142671	0.9703714
AY271623	1439	7189	Flavobacteriaceae	Maribacter sedimenticola	AY271624	1439	7195	Flavobacteriaceae	Maribacter orientalis	6870.0	1438	17	23	1399	0.9886925795053003	0.9881284916201117	0.9728789986091794	0.9461331842144253	0.95562667
AY271623	1439	7189	Flavobacteriaceae	Maribacter sedimenticola	JX050191	1331	6655	Flavobacteriaceae	Maribacter spongiicola	6480.0	1330	8	7	1311	0.9909297052154195	0.9947368421052631	0.9857142857142858	0.974663677130045	0.973704
AY271623	1439	7189	Flavobacteriaceae	Maribacter sedimenticola	AY271626	1448	7240	Flavobacteriaceae	Maribacter ulvicola	6831.0	1439	28	28	1395	0.9886605244507441	0.980542043085476	0.9694232105628909	0.9324172802346551	0.9502017
AY271623	1439	7189	Flavobacteriaceae	Maribacter sedimenticola	KR058351	1379	6895	Flavobacteriaceae	Maribacter flavus	6380.0	1384	47	52	1318	0.9894894894894894	0.9659173313995649	0.9523121387283237	0.8864289090049805	0.92530817
AY271623	1439	7189	Flavobacteriaceae	Maribacter sedimenticola	AY271625	1441	7205	Flavobacteriaceae	Maribacter aquivivus	6799.0	1438	22	26	1391	0.9851274787535411	0.9846582984658299	0.9673157162726008	0.9355135557376113	0.9457505
AY271623	1439	7189	Flavobacteriaceae	Maribacter sedimenticola	KX198138	1447	7235	Flavobacteriaceae	Maribacter litorisediminis	6865.0	1439	22	26	1398	0.9893842887473461	0.9846689895470383	0.9715079916608756	0.9395898646247893	0.95493114
AY271623	1439	7189	Flavobacteriaceae	Maribacter sedimenticola	KF748920	1481	7405	Flavobacteriaceae	Maribacter caenipelagi	6813.0	1439	24	27	1393	0.9865439093484419	0.9832869080779945	0.9680333564975677	0.9342878327919109	0.9476979
AY271623	1439	7189	Flavobacteriaceae	Maribacter sedimenticola	JN642274	1381	6905	Flavobacteriaceae	Maribacter lutimaris	6524.0	1385	29	33	1336	0.9881656804733728	0.9790007241129616	0.9646209386281589	0.9223249710221152	0.9448226
AY271623	1439	7189	Flavobacteriaceae	Maribacter sedimenticola	KU719511	1441	7205	Flavobacteriaceae	Maribacter arenosus	6647.0	1436	45	47	1371	0.9870410367170627	0.9686192468619247	0.9547353760445683	0.8954270339810299	0.92460704
AY271623	1439	7189	Flavobacteriaceae	Maribacter sedimenticola	JN642273	1451	7255	Flavobacteriaceae	Maribacter aestuarii	6698.0	1439	29	29	1380	0.9787234042553191	0.9798471160528145	0.9589993050729674	0.9211096867526458	0.9317012
AY271623	1439	7189	Flavobacteriaceae	Maribacter sedimenticola	AM712900	1383	6915	Flavobacteriaceae	Maribacter forsetii	6554.0	1385	30	32	1340	0.9903917220990391	0.9783080260303688	0.9675090252707581	0.9251164036687886	0.9477947
AY271623	1439	7189	Flavobacteriaceae	Maribacter sedimenticola	EU246691	1432	7154	Flavobacteriaceae	Maribacter stanieri	6874.0	1435	15	20	1398	0.9879858657243816	0.9895104895104895	0.9742160278745644	0.9507004685810404	0.960861
AY271623	1439	7189	Flavobacteriaceae	Maribacter sedimenticola	AM497875	1440	7200	Flavobacteriaceae	Maribacter polysiphoniae	6623.0	1438	46	46	1370	0.9841954022988506	0.9680111265646731	0.952712100139082	0.8936490858447453	0.9212686
JX050190	1332	6660	Flavobacteriaceae	Maribacter vaceletii	EU512921	1410	7050	Flavobacteriaceae	Maribacter antarcticus	6184.0	1328	39	39	1274	0.9883630721489527	0.9706325301204819	0.9593373493975904	0.9045982760596153	0.92852855
JX050190	1332	6660	Flavobacteriaceae	Maribacter vaceletii	AY771762	1490	7450	Flavobacteriaceae	Maribacter arcticus	6233.0	1332	38	38	1282	0.990726429675425	0.9714714714714715	0.9624624624624625	0.9090703842528659	0.9358859
JX050190	1332	6660	Flavobacteriaceae	Maribacter vaceletii	JN036550	1340	6700	Flavobacteriaceae	Maribacter chungangensis	5817.0	1261	40	40	1203	0.9852579852579852	0.9682791435368755	0.9540047581284695	0.8953418982896705	0.8734234
JX050190	1332	6660	Flavobacteriaceae	Maribacter vaceletii	JQ988061	1495	7475	Flavobacteriaceae	Maribacter thermophilus	6183.0	1332	36	36	1276	0.9845679012345679	0.972972972972973	0.9579579579579579	0.9075391180654339	0.9283784
JX050190	1332	6660	Flavobacteriaceae	Maribacter vaceletii	AY960749	1486	7430	Flavobacteriaceae	Maribacter dokdonensis	6224.0	1332	34	34	1281	0.9869029275808937	0.9744744744744744	0.9617117117117117	0.91383733660454	0.93453455
JX050190	1332	6660	Flavobacteriaceae	Maribacter vaceletii	AY271624	1439	7195	Flavobacteriaceae	Maribacter orientalis	6235.0	1332	33	35	1281	0.9876638396299152	0.975187969924812	0.9617117117117117	0.9138022638022637	0.9361862
JX050190	1332	6660	Flavobacteriaceae	Maribacter vaceletii	JX050191	1331	6655	Flavobacteriaceae	Maribacter spongiicola	6230.0	1332	29	30	1281	0.9838709677419355	0.9782118707738543	0.9617117117117117	0.9200210497051055	0.9361382
JX050190	1332	6660	Flavobacteriaceae	Maribacter vaceletii	AY271626	1448	7240	Flavobacteriaceae	Maribacter ulvicola	6261.0	1332	30	30	1285	0.9869431643625192	0.9774774774774775	0.9647147147147147	0.9222162691325687	0.9400901
JX050190	1332	6660	Flavobacteriaceae	Maribacter vaceletii	KR058351	1379	6895	Flavobacteriaceae	Maribacter flavus	5981.0	1332	53	53	1252	0.9788897576231431	0.9602102102102102	0.93993993993994	0.8680022983272081	0.89804804
JX050190	1332	6660	Flavobacteriaceae	Maribacter vaceletii	AY271625	1441	7205	Flavobacteriaceae	Maribacter aquivivus	6270.0	1332	31	31	1286	0.9884704073789393	0.9767267267267268	0.9654654654654654	0.9215484743731258	0.9414414
JX050190	1332	6660	Flavobacteriaceae	Maribacter vaceletii	KX198138	1447	7235	Flavobacteriaceae	Maribacter litorisediminis	6197.0	1332	36	36	1278	0.9861111111111112	0.972972972972973	0.9594594594594594	0.9089615931721194	0.9304805
JX050190	1332	6660	Flavobacteriaceae	Maribacter vaceletii	KF748920	1481	7405	Flavobacteriaceae	Maribacter caenipelagi	6320.0	1332	25	24	1293	0.9885321100917431	0.9819819819819819	0.9707207207207207	0.9356689039813579	0.9489489
JX050190	1332	6660	Flavobacteriaceae	Maribacter vaceletii	JN642274	1381	6905	Flavobacteriaceae	Maribacter lutimaris	6095.0	1332	40	40	1266	0.9798761609907121	0.96996996996997	0.9504504504504504	0.8950305991122318	0.9151652
JX050190	1332	6660	Flavobacteriaceae	Maribacter vaceletii	KU719511	1441	7205	Flavobacteriaceae	Maribacter arenosus	6093.0	1332	32	34	1266	0.975346687211094	0.9759398496240601	0.9504504504504504	0.9044609125254287	0.91486484
JX050190	1332	6660	Flavobacteriaceae	Maribacter vaceletii	JN642273	1451	7255	Flavobacteriaceae	Maribacter aestuarii	6101.0	1332	37	37	1266	0.9776061776061776	0.9722222222222222	0.9504504504504504	0.8990747504261017	0.91606605
JX050190	1332	6660	Flavobacteriaceae	Maribacter vaceletii	AM712900	1383	6915	Flavobacteriaceae	Maribacter forsetii	6296.0	1332	24	24	1289	0.985474006116208	0.9819819819819819	0.9677177177177178	0.9334622232852322	0.94534534
JX050190	1332	6660	Flavobacteriaceae	Maribacter vaceletii	EU246691	1432	7154	Flavobacteriaceae	Maribacter stanieri	6208.0	1332	30	31	1279	0.9830899308224442	0.9774605559729527	0.9602102102102102	0.9172052007955092	0.9321321
JX050190	1332	6660	Flavobacteriaceae	Maribacter vaceletii	AM497875	1440	7200	Flavobacteriaceae	Maribacter polysiphoniae	6178.0	1332	26	26	1276	0.9770290964777948	0.9804804804804805	0.9579579579579579	0.9212762099360038	0.9276276
EU512921	1410	7050	Flavobacteriaceae	Maribacter antarcticus	AY771762	1490	7450	Flavobacteriaceae	Maribacter arcticus	6724.0	1401	22	24	1367	0.9927378358750908	0.9842744817726948	0.9757316202712348	0.9441900499743432	0.95375884
EU512921	1410	7050	Flavobacteriaceae	Maribacter antarcticus	JN036550	1340	6700	Flavobacteriaceae	Maribacter chungangensis	6349.0	1341	22	25	1298	0.986322188449848	0.9835575485799701	0.9679343773303505	0.9345573298362005	0.9476119
EU512921	1410	7050	Flavobacteriaceae	Maribacter antarcticus	JQ988061	1495	7475	Flavobacteriaceae	Maribacter thermophilus	6499.0	1410	46	42	1345	0.9831871345029239	0.9702127659574468	0.9539007092198581	0.896247369651625	0.92184395
EU512921	1410	7050	Flavobacteriaceae	Maribacter antarcticus	AY960749	1486	7430	Flavobacteriaceae	Maribacter dokdonensis	6535.0	1397	38	34	1344	0.9860601614086574	0.9756621331424481	0.9620615604867573	0.9137908759187806	0.92695034
EU512921	1410	7050	Flavobacteriaceae	Maribacter antarcticus	AY271624	1439	7195	Flavobacteriaceae	Maribacter orientalis	6586.0	1394	23	27	1348	0.986100950987564	0.983453237410072	0.9670014347202296	0.9328800008910049	0.9341844
EU512921	1410	7050	Flavobacteriaceae	Maribacter antarcticus	JX050191	1331	6655	Flavobacteriaceae	Maribacter spongiicola	6315.0	1328	15	16	1290	0.9832317073170732	0.9886963074604371	0.9713855421686747	0.9489633889242749	0.9489106
EU512921	1410	7050	Flavobacteriaceae	Maribacter antarcticus	AY271626	1448	7240	Flavobacteriaceae	Maribacter ulvicola	6534.0	1397	33	31	1344	0.9838945827232797	0.9778095919828204	0.9620615604867573	0.9190042598775597	0.92680854
EU512921	1410	7050	Flavobacteriaceae	Maribacter antarcticus	KR058351	1379	6895	Flavobacteriaceae	Maribacter flavus	6245.0	1376	46	49	1300	0.9796533534287868	0.9664967225054625	0.9447674418604651	0.8816500670526282	0.9057288
EU512921	1410	7050	Flavobacteriaceae	Maribacter antarcticus	AY271625	1441	7205	Flavobacteriaceae	Maribacter aquivivus	6591.0	1394	28	30	1348	0.9882697947214076	0.9798850574712644	0.9670014347202296	0.927559744696479	0.9348936
EU512921	1410	7050	Flavobacteriaceae	Maribacter antarcticus	KX198138	1447	7235	Flavobacteriaceae	Maribacter litorisediminis	6626.0	1397	22	24	1354	0.9861616897305171	0.9842293906810036	0.9692197566213314	0.9378003705715914	0.93985814
EU512921	1410	7050	Flavobacteriaceae	Maribacter antarcticus	KF748920	1481	7405	Flavobacteriaceae	Maribacter caenipelagi	6580.0	1397	29	30	1349	0.9868324798829554	0.9792263610315186	0.9656406585540444	0.9256877841818923	0.93333334
EU512921	1410	7050	Flavobacteriaceae	Maribacter antarcticus	JN642274	1381	6905	Flavobacteriaceae	Maribacter lutimaris	6384.0	1365	25	27	1313	0.9813153961136024	0.9816581071166545	0.9619047619047619	0.9259198355601234	0.92454743
EU512921	1410	7050	Flavobacteriaceae	Maribacter antarcticus	KU719511	1441	7205	Flavobacteriaceae	Maribacter arenosus	6467.0	1402	32	32	1339	0.9773722627737226	0.9771754636233951	0.9550641940085592	0.9124392927417895	0.917305
EU512921	1410	7050	Flavobacteriaceae	Maribacter antarcticus	JN642273	1451	7255	Flavobacteriaceae	Maribacter aestuarii	6509.0	1397	36	34	1341	0.9838591342626559	0.9756621331424481	0.9599141016463851	0.9130236710007138	0.9232624
EU512921	1410	7050	Flavobacteriaceae	Maribacter antarcticus	AM712900	1383	6915	Flavobacteriaceae	Maribacter forsetii	6398.0	1369	35	35	1316	0.9865067466266867	0.9744338933528123	0.9612856099342586	0.913358264709616	0.925235
EU512921	1410	7050	Flavobacteriaceae	Maribacter antarcticus	EU246691	1432	7154	Flavobacteriaceae	Maribacter stanieri	6571.0	1391	22	25	1345	0.9846266471449487	0.984149855907781	0.9669302659956865	0.9347676881458654	0.9320567
EU512921	1410	7050	Flavobacteriaceae	Maribacter antarcticus	AM497875	1440	7200	Flavobacteriaceae	Maribacter polysiphoniae	6536.0	1397	27	25	1345	0.9803206997084548	0.9821045096635648	0.9627773801002147	0.9276197791414991	0.9270922
AY771762	1490	7450	Flavobacteriaceae	Maribacter arcticus	JN036550	1340	6700	Flavobacteriaceae	Maribacter chungangensis	6234.0	1332	38	35	1281	0.9876638396299152	0.9737237237237237	0.9617117117117117	0.9104672190438613	0.93044776
AY771762	1490	7450	Flavobacteriaceae	Maribacter arcticus	JQ988061	1495	7475	Flavobacteriaceae	Maribacter thermophilus	6967.0	1473	34	28	1427	0.9875432525951557	0.9809911744738629	0.9687712152070604	0.9289146688614481	0.9351678
AY771762	1490	7450	Flavobacteriaceae	Maribacter arcticus	AY960749	1486	7430	Flavobacteriaceae	Maribacter dokdonensis	7037.0	1480	36	30	1438	0.9917241379310345	0.9797297297297297	0.9716216216216216	0.9293214718676459	0.9471063
AY771762	1490	7450	Flavobacteriaceae	Maribacter arcticus	AY271624	1439	7195	Flavobacteriaceae	Maribacter orientalis	6988.0	1441	16	18	1415	0.994378074490513	0.9888811674774148	0.9819569743233866	0.9590423983954557	0.97123003
AY771762	1490	7450	Flavobacteriaceae	Maribacter arcticus	JX050191	1331	6655	Flavobacteriaceae	Maribacter spongiicola	6326.0	1332	27	28	1292	0.99079754601227	0.9797145003756574	0.96996996996997	0.9307143788379991	0.9505635
AY771762	1490	7450	Flavobacteriaceae	Maribacter arcticus	AY271626	1448	7240	Flavobacteriaceae	Maribacter ulvicola	6829.0	1444	38	34	1398	0.9914893617021276	0.9764542936288089	0.9681440443213296	0.9211087061356779	0.94323206
AY771762	1490	7450	Flavobacteriaceae	Maribacter arcticus	KR058351	1379	6895	Flavobacteriaceae	Maribacter flavus	6430.0	1380	35	36	1324	0.9851190476190477	0.9746192893401016	0.9594202898550724	0.9112797664771853	0.93255985
AY771762	1490	7450	Flavobacteriaceae	Maribacter arcticus	AY271625	1441	7205	Flavobacteriaceae	Maribacter aquivivus	6919.0	1441	26	26	1407	0.9943462897526502	0.9819569743233866	0.9764052741151977	0.9417951348827572	0.96030533
AY771762	1490	7450	Flavobacteriaceae	Maribacter arcticus	KX198138	1447	7235	Flavobacteriaceae	Maribacter litorisediminis	7022.0	1447	15	15	1422	0.9930167597765364	0.9896337249481686	0.9827228749136143	0.9625575628428835	0.9705598
AY771762	1490	7450	Flavobacteriaceae	Maribacter arcticus	KF748920	1481	7405	Flavobacteriaceae	Maribacter caenipelagi	7106.0	1480	24	23	1446	0.9924502402196294	0.9844594594594595	0.977027027027027	0.9464949324324324	0.9596219
AY771762	1490	7450	Flavobacteriaceae	Maribacter arcticus	JN642274	1381	6905	Flavobacteriaceae	Maribacter lutimaris	6610.0	1381	21	21	1346	0.9897058823529412	0.9847936278059377	0.9746560463432296	0.9454580763386535	0.95727736
AY771762	1490	7450	Flavobacteriaceae	Maribacter arcticus	KU719511	1441	7205	Flavobacteriaceae	Maribacter arenosus	6643.0	1438	43	41	1374	0.9835361488904796	0.9714881780250347	0.9554937413073713	0.9012996330900727	0.9219986
AY771762	1490	7450	Flavobacteriaceae	Maribacter arcticus	JN642273	1451	7255	Flavobacteriaceae	Maribacter aestuarii	6815.0	1447	31	27	1398	0.9845070422535211	0.9813407049067036	0.9661368348306841	0.9282234813664219	0.93935215
AY771762	1490	7450	Flavobacteriaceae	Maribacter arcticus	AM712900	1383	6915	Flavobacteriaceae	Maribacter forsetii	6494.0	1381	38	36	1332	0.9903345724907063	0.9739319333816076	0.9645184648805214	0.9142194046964772	0.93911785
AY771762	1490	7450	Flavobacteriaceae	Maribacter arcticus	EU246691	1432	7154	Flavobacteriaceae	Maribacter stanieri	6876.0	1433	23	24	1398	0.9921930447125621	0.9839385474860335	0.9755757152826239	0.9440839167810556	0.96114063
AY771762	1490	7450	Flavobacteriaceae	Maribacter arcticus	AM497875	1440	7200	Flavobacteriaceae	Maribacter polysiphoniae	6772.0	1436	28	24	1389	0.9837110481586402	0.9832869080779945	0.9672701949860725	0.9329136033608841	0.9405556
JN036550	1340	6700	Flavobacteriaceae	Maribacter chungangensis	JQ988061	1495	7475	Flavobacteriaceae	Maribacter thermophilus	6290.0	1340	46	37	1292	0.9915579432079816	0.9723880597014926	0.9641791044776119	0.906439663156081	0.938806
JN036550	1340	6700	Flavobacteriaceae	Maribacter chungangensis	AY960749	1486	7430	Flavobacteriaceae	Maribacter dokdonensis	6274.0	1332	31	29	1286	0.9869531849577897	0.9782282282282282	0.9654654654654654	0.9229651515051368	0.93641794
JN036550	1340	6700	Flavobacteriaceae	Maribacter chungangensis	AY271624	1439	7195	Flavobacteriaceae	Maribacter orientalis	6183.0	1329	38	44	1271	0.9891050583657588	0.9712773998488284	0.9563581640331076	0.8989906662637478	0.9228358
JN036550	1340	6700	Flavobacteriaceae	Maribacter chungangensis	JX050191	1331	6655	Flavobacteriaceae	Maribacter spongiicola	6019.0	1261	20	20	1227	0.9887187751813054	0.9841395717684377	0.9730372720063442	0.9426535945041945	0.9044328
JN036550	1340	6700	Flavobacteriaceae	Maribacter chungangensis	AY271626	1448	7240	Flavobacteriaceae	Maribacter ulvicola	6267.0	1332	32	32	1285	0.9884615384615385	0.975975975975976	0.9647147147147147	0.9194495081591856	0.9353731
JN036550	1340	6700	Flavobacteriaceae	Maribacter chungangensis	KR058351	1379	6895	Flavobacteriaceae	Maribacter flavus	5911.0	1311	58	63	1232	0.9871794871794872	0.9555895865237366	0.9397406559877955	0.8566810362839802	0.8822388
JN036550	1340	6700	Flavobacteriaceae	Maribacter chungangensis	AY271625	1441	7205	Flavobacteriaceae	Maribacter aquivivus	6184.0	1329	38	42	1272	0.9883449883449883	0.9713207547169811	0.9571106094808126	0.901098284127144	0.9229851
JN036550	1340	6700	Flavobacteriaceae	Maribacter chungangensis	KX198138	1447	7235	Flavobacteriaceae	Maribacter litorisediminis	6255.0	1332	31	35	1282	0.9884348496530455	0.9766566265060241	0.9624624624624625	0.9158575303109419	0.93358207
JN036550	1340	6700	Flavobacteriaceae	Maribacter chungangensis	KF748920	1481	7405	Flavobacteriaceae	Maribacter caenipelagi	6221.0	1332	39	42	1278	0.9906976744186047	0.9706546275395034	0.9594594594594594	0.9027736708261872	0.92850745
JN036550	1340	6700	Flavobacteriaceae	Maribacter chungangensis	JN642274	1381	6905	Flavobacteriaceae	Maribacter lutimaris	6071.0	1333	23	60	1254	0.9850746268656716	0.9822530864197531	0.940735183795949	0.8831533104515067	0.9061194
JN036550	1340	6700	Flavobacteriaceae	Maribacter chungangensis	KU719511	1441	7205	Flavobacteriaceae	Maribacter arenosus	6213.0	1337	32	34	1281	0.9831158864159631	0.9760299625468165	0.9581151832460733	0.9119240933306306	0.92731345
JN036550	1340	6700	Flavobacteriaceae	Maribacter chungangensis	JN642273	1451	7255	Flavobacteriaceae	Maribacter aestuarii	6247.0	1332	28	28	1283	0.9838957055214724	0.978978978978979	0.9632132132132132	0.9235514926691397	0.93238807
JN036550	1340	6700	Flavobacteriaceae	Maribacter chungangensis	AM712900	1383	6915	Flavobacteriaceae	Maribacter forsetii	6098.0	1304	34	36	1253	0.9881703470031545	0.9738863287250384	0.9608895705521472	0.9106188157400019	0.9101493
JN036550	1340	6700	Flavobacteriaceae	Maribacter chungangensis	EU246691	1432	7154	Flavobacteriaceae	Maribacter stanieri	6157.0	1326	39	44	1267	0.9882995319812793	0.9704769114307343	0.9555052790346908	0.8974049580384422	0.9189552
JN036550	1340	6700	Flavobacteriaceae	Maribacter chungangensis	AM497875	1440	7200	Flavobacteriaceae	Maribacter polysiphoniae	6171.0	1332	35	35	1274	0.9822667694680031	0.9737237237237237	0.9564564564564565	0.9074791690007492	0.92104477
JQ988061	1495	7475	Flavobacteriaceae	Maribacter thermophilus	AY960749	1486	7430	Flavobacteriaceae	Maribacter dokdonensis	7042.0	1475	25	25	1436	0.9903448275862069	0.9830508474576272	0.9735593220338983	0.9411073446327684	0.9477793
JQ988061	1495	7475	Flavobacteriaceae	Maribacter thermophilus	AY271624	1439	7195	Flavobacteriaceae	Maribacter orientalis	6785.0	1447	26	34	1392	0.9851380042462845	0.9819318971507992	0.9619903248099516	0.9228053828624995	0.943016
JQ988061	1495	7475	Flavobacteriaceae	Maribacter thermophilus	JX050191	1331	6655	Flavobacteriaceae	Maribacter spongiicola	6274.0	1332	29	30	1286	0.9877112135176651	0.9782118707738543	0.9654654654654654	0.9236120764408787	0.9427498
JQ988061	1495	7475	Flavobacteriaceae	Maribacter thermophilus	AY271626	1448	7240	Flavobacteriaceae	Maribacter ulvicola	6835.0	1450	31	33	1400	0.9880028228652082	0.9785911602209945	0.9655172413793104	0.9237933362825678	0.9440608
JQ988061	1495	7475	Flavobacteriaceae	Maribacter thermophilus	KR058351	1379	6895	Flavobacteriaceae	Maribacter flavus	6438.0	1386	29	36	1327	0.9829629629629629	0.9789702683103698	0.9574314574314574	0.913450507090083	0.9337201
JQ988061	1495	7475	Flavobacteriaceae	Maribacter thermophilus	AY271625	1441	7205	Flavobacteriaceae	Maribacter aquivivus	6727.0	1447	35	41	1385	0.9850640113798008	0.9757113115891742	0.9571527297857636	0.9080679744121347	0.93365717
JQ988061	1495	7475	Flavobacteriaceae	Maribacter thermophilus	KX198138	1447	7235	Flavobacteriaceae	Maribacter litorisediminis	6863.0	1453	30	36	1404	0.9908256880733946	0.9792674498963373	0.9662766689607708	0.9232731219942092	0.9485833
JQ988061	1495	7475	Flavobacteriaceae	Maribacter thermophilus	KF748920	1481	7405	Flavobacteriaceae	Maribacter caenipelagi	6938.0	1475	31	36	1423	0.9888811674774148	0.9789115646258504	0.9647457627118644	0.9218254664955996	0.93693453
JQ988061	1495	7475	Flavobacteriaceae	Maribacter thermophilus	JN642274	1381	6905	Flavobacteriaceae	Maribacter lutimaris	6542.0	1387	28	34	1339	0.9896526237989652	0.9797248370745837	0.9653929343907715	0.9230930319651687	0.9474294
JQ988061	1495	7475	Flavobacteriaceae	Maribacter thermophilus	KU719511	1441	7205	Flavobacteriaceae	Maribacter arenosus	6774.0	1445	40	44	1390	0.9921484653818701	0.9722414989590562	0.9619377162629758	0.9075250777672923	0.9401804
JQ988061	1495	7475	Flavobacteriaceae	Maribacter thermophilus	JN642273	1451	7255	Flavobacteriaceae	Maribacter aestuarii	6916.0	1453	24	26	1411	0.9887876664330764	0.983459682977257	0.9710942876806608	0.938220411997497	0.9532736
JQ988061	1495	7475	Flavobacteriaceae	Maribacter thermophilus	AM712900	1383	6915	Flavobacteriaceae	Maribacter forsetii	6499.0	1387	32	36	1334	0.9874167283493709	0.9768618944323934	0.9617880317231434	0.9156981189978625	0.9398409
JQ988061	1495	7475	Flavobacteriaceae	Maribacter thermophilus	EU246691	1432	7154	Flavobacteriaceae	Maribacter stanieri	6694.0	1439	40	47	1377	0.9892241379310345	0.9720670391061452	0.9569145239749827	0.9006254343293955	0.9357003
JQ988061	1495	7475	Flavobacteriaceae	Maribacter thermophilus	AM497875	1440	7200	Flavobacteriaceae	Maribacter polysiphoniae	6716.0	1442	39	41	1383	0.987152034261242	0.9729166666666667	0.9590846047156727	0.9072771986540563	0.93277776
AY960749	1486	7430	Flavobacteriaceae	Maribacter dokdonensis	AY271624	1439	7195	Flavobacteriaceae	Maribacter orientalis	6885.0	1447	21	29	1404	0.9901269393511989	0.985406532314107	0.9702833448514168	0.9372355470022541	0.95691454
AY960749	1486	7430	Flavobacteriaceae	Maribacter dokdonensis	JX050191	1331	6655	Flavobacteriaceae	Maribacter spongiicola	6434.0	1332	16	17	1305	0.9923954372623575	0.9879789631855748	0.9797297297297297	0.9557452482155746	0.96679187
AY960749	1486	7430	Flavobacteriaceae	Maribacter dokdonensis	AY271626	1448	7240	Flavobacteriaceae	Maribacter ulvicola	6970.0	1450	20	22	1416	0.9915966386554622	0.9861878453038674	0.976551724137931	0.9486502463054187	0.96270716
AY960749	1486	7430	Flavobacteriaceae	Maribacter dokdonensis	KR058351	1379	6895	Flavobacteriaceae	Maribacter flavus	6452.0	1386	34	41	1328	0.9873605947955391	0.9753444525018129	0.9581529581529582	0.9075462878279781	0.93575054
AY960749	1486	7430	Flavobacteriaceae	Maribacter dokdonensis	AY271625	1441	7205	Flavobacteriaceae	Maribacter aquivivus	6883.0	1447	25	31	1404	0.9915254237288136	0.9826509368494102	0.9702833448514168	0.933370391514678	0.9553088
AY960749	1486	7430	Flavobacteriaceae	Maribacter dokdonensis	KX198138	1447	7235	Flavobacteriaceae	Maribacter litorisediminis	6976.0	1453	23	29	1417	0.9950842696629213	0.9841050449205252	0.975223675154852	0.94086620150441	0.9642018
AY960749	1486	7430	Flavobacteriaceae	Maribacter dokdonensis	KF748920	1481	7405	Flavobacteriaceae	Maribacter caenipelagi	7181.0	1486	14	19	1456	0.9925017041581459	0.9905469277515192	0.9798115746971736	0.9582557200538359	0.96975017
AY960749	1486	7430	Flavobacteriaceae	Maribacter dokdonensis	JN642274	1381	6905	Flavobacteriaceae	Maribacter lutimaris	6606.0	1387	22	28	1347	0.9911699779249448	0.9840695148443157	0.9711607786589762	0.9366980114957763	0.95669806
AY960749	1486	7430	Flavobacteriaceae	Maribacter dokdonensis	KU719511	1441	7205	Flavobacteriaceae	Maribacter arenosus	6780.0	1440	32	36	1389	0.9893162393162394	0.9777158774373259	0.9645833333333333	0.9200237771739131	0.94101316
AY960749	1486	7430	Flavobacteriaceae	Maribacter dokdonensis	JN642273	1451	7255	Flavobacteriaceae	Maribacter aestuarii	6869.0	1453	19	21	1407	0.9825418994413407	0.9869055823569952	0.9683413626978665	0.9420277387115114	0.9467953
AY960749	1486	7430	Flavobacteriaceae	Maribacter dokdonensis	AM712900	1383	6915	Flavobacteriaceae	Maribacter forsetii	6623.0	1387	23	27	1349	0.9919117647058824	0.9833694866232827	0.9726027397260274	0.9381132808704945	0.957773
AY960749	1486	7430	Flavobacteriaceae	Maribacter dokdonensis	EU246691	1432	7154	Flavobacteriaceae	Maribacter stanieri	6926.0	1439	20	27	1405	0.9950424929178471	0.9860335195530726	0.9763724808895066	0.9449197690308315	0.9681297
AY960749	1486	7430	Flavobacteriaceae	Maribacter dokdonensis	AM497875	1440	7200	Flavobacteriaceae	Maribacter polysiphoniae	6769.0	1442	28	30	1390	0.9844192634560907	0.9805555555555555	0.9639389736477115	0.9259060073405229	0.9401389
AY271624	1439	7195	Flavobacteriaceae	Maribacter orientalis	JX050191	1331	6655	Flavobacteriaceae	Maribacter spongiicola	6472.0	1330	17	16	1309	0.9961948249619482	0.98796992481203	0.9842105263157894	0.9600984644238659	0.9725019
AY271624	1439	7195	Flavobacteriaceae	Maribacter orientalis	AY271626	1448	7240	Flavobacteriaceae	Maribacter ulvicola	6912.0	1439	31	25	1406	0.9943422913719944	0.9826268241834607	0.9770674079221682	0.9398457923822761	0.96066713
AY271624	1439	7195	Flavobacteriaceae	Maribacter orientalis	KR058351	1379	6895	Flavobacteriaceae	Maribacter flavus	6425.0	1378	40	39	1323	0.988050784167289	0.9716981132075472	0.9600870827285921	0.9065984511802432	0.93183464
AY271624	1439	7195	Flavobacteriaceae	Maribacter orientalis	AY271625	1441	7205	Flavobacteriaceae	Maribacter aquivivus	6995.0	1439	16	14	1416	0.9936842105263158	0.990271021542738	0.9840166782487839	0.9637276745735512	0.9722029
AY271624	1439	7195	Flavobacteriaceae	Maribacter orientalis	KX198138	1447	7235	Flavobacteriaceae	Maribacter litorisediminis	6960.0	1439	14	12	1412	0.9894884372810091	0.9916608756080612	0.9812369701181376	0.9636787036191207	0.96733844
AY271624	1439	7195	Flavobacteriaceae	Maribacter orientalis	KF748920	1481	7405	Flavobacteriaceae	Maribacter caenipelagi	6962.0	1439	22	19	1412	0.9943661971830986	0.9867963863794301	0.9812369701181376	0.9537005459053768	0.9676164
AY271624	1439	7195	Flavobacteriaceae	Maribacter orientalis	JN642274	1381	6905	Flavobacteriaceae	Maribacter lutimaris	6618.0	1379	16	14	1347	0.9868131868131869	0.9898477157360406	0.9767947788252357	0.9557884394956607	0.9584359
AY271624	1439	7195	Flavobacteriaceae	Maribacter orientalis	KU719511	1441	7205	Flavobacteriaceae	Maribacter arenosus	6635.0	1429	38	34	1370	0.982078853046595	0.9762071378586424	0.9587123862841148	0.9116590176321338	0.9221682
AY271624	1439	7195	Flavobacteriaceae	Maribacter orientalis	JN642273	1451	7255	Flavobacteriaceae	Maribacter aestuarii	6780.0	1439	30	24	1391	0.9830388692579505	0.9833217512161223	0.9666435024322446	0.9311099768152662	0.94232106
AY271624	1439	7195	Flavobacteriaceae	Maribacter orientalis	AM712900	1383	6915	Flavobacteriaceae	Maribacter forsetii	6652.0	1379	24	20	1351	0.9941133186166299	0.9854967367657723	0.9796954314720813	0.9489708420317594	0.96196675
AY271624	1439	7195	Flavobacteriaceae	Maribacter orientalis	EU246691	1432	7154	Flavobacteriaceae	Maribacter stanieri	6937.0	1431	12	11	1406	0.9901408450704225	0.9923130677847659	0.9825296995108316	0.966869142969772	0.9696673
AY271624	1439	7195	Flavobacteriaceae	Maribacter orientalis	AM497875	1440	7200	Flavobacteriaceae	Maribacter polysiphoniae	6753.0	1431	38	32	1384	0.9892780557541101	0.9776380153738644	0.9671558350803634	0.9210694440282018	0.9385685
JX050191	1331	6655	Flavobacteriaceae	Maribacter spongiicola	AY271626	1448	7240	Flavobacteriaceae	Maribacter ulvicola	6481.0	1331	16	15	1310	0.9954407294832827	0.9887302779864763	0.9842223891810669	0.9615713913602701	0.97385424
JX050191	1331	6655	Flavobacteriaceae	Maribacter spongiicola	KR058351	1379	6895	Flavobacteriaceae	Maribacter flavus	6178.0	1331	44	43	1274	0.9891304347826086	0.9676934635612322	0.9571750563486101	0.8966119800560072	0.9283246
JX050191	1331	6655	Flavobacteriaceae	Maribacter spongiicola	AY271625	1441	7205	Flavobacteriaceae	Maribacter aquivivus	6458.0	1331	13	12	1308	0.9916603487490523	0.990984222389181	0.9827197595792637	0.9644400021466139	0.9703982
JX050191	1331	6655	Flavobacteriaceae	Maribacter spongiicola	KX198138	1447	7235	Flavobacteriaceae	Maribacter litorisediminis	6378.0	1331	23	22	1298	0.9915966386554622	0.9834710743801653	0.9752066115702479	0.9427957566805425	0.9583772
JX050191	1331	6655	Flavobacteriaceae	Maribacter spongiicola	KF748920	1481	7405	Flavobacteriaceae	Maribacter caenipelagi	6479.0	1331	18	16	1310	0.9961977186311787	0.9879789631855748	0.9842223891810669	0.9594161910845833	0.9735537
JX050191	1331	6655	Flavobacteriaceae	Maribacter spongiicola	JN642274	1381	6905	Flavobacteriaceae	Maribacter lutimaris	6289.0	1331	30	29	1287	0.988479262672811	0.9782118707738543	0.9669421487603306	0.9250247448096622	0.94500375
JX050191	1331	6655	Flavobacteriaceae	Maribacter spongiicola	KU719511	1441	7205	Flavobacteriaceae	Maribacter arenosus	6215.0	1331	29	30	1279	0.9830899308224442	0.9781954887218045	0.9609316303531179	0.9192441552127988	0.9338843
JX050191	1331	6655	Flavobacteriaceae	Maribacter spongiicola	JN642273	1451	7255	Flavobacteriaceae	Maribacter aestuarii	6228.0	1331	29	28	1281	0.9831158864159631	0.9789631855747558	0.9624342599549212	0.9220969417068106	0.93583775
JX050191	1331	6655	Flavobacteriaceae	Maribacter spongiicola	AM712900	1383	6915	Flavobacteriaceae	Maribacter forsetii	6507.0	1331	12	11	1314	0.9954545454545455	0.9917355371900827	0.9872276483846731	0.9703205479283459	0.9777611
JX050191	1331	6655	Flavobacteriaceae	Maribacter spongiicola	EU246691	1432	7154	Flavobacteriaceae	Maribacter stanieri	6484.0	1331	8	8	1311	0.9909297052154195	0.9939894815927873	0.9849737039819685	0.9732040406035433	0.97430503
JX050191	1331	6655	Flavobacteriaceae	Maribacter spongiicola	AM497875	1440	7200	Flavobacteriaceae	Maribacter polysiphoniae	6278.0	1331	25	24	1287	0.9846977811782709	0.9819684447783621	0.9669421487603306	0.9320010239157464	0.94335085
AY271626	1448	7240	Flavobacteriaceae	Maribacter ulvicola	KR058351	1379	6895	Flavobacteriaceae	Maribacter flavus	6365.0	1384	42	47	1317	0.9850411368735976	0.9695431472081218	0.9515895953757225	0.8921986598999586	0.9231327
AY271626	1448	7240	Flavobacteriaceae	Maribacter ulvicola	AY271625	1441	7205	Flavobacteriaceae	Maribacter aquivivus	6937.0	1445	17	21	1410	0.9901685393258427	0.9882026370575989	0.9757785467128027	0.9504163136245083	0.9628036
AY271626	1448	7240	Flavobacteriaceae	Maribacter ulvicola	KX198138	1447	7235	Flavobacteriaceae	Maribacter litorisediminis	6903.0	1448	26	30	1407	0.9922425952045134	0.981994459833795	0.9716850828729282	0.9347689603214466	0.95411193
AY271626	1448	7240	Flavobacteriaceae	Maribacter ulvicola	KF748920	1481	7405	Flavobacteriaceae	Maribacter caenipelagi	6993.0	1448	16	19	1418	0.9923023093072079	0.9889273356401385	0.9792817679558011	0.9558699770552185	0.965884
AY271626	1448	7240	Flavobacteriaceae	Maribacter ulvicola	JN642274	1381	6905	Flavobacteriaceae	Maribacter lutimaris	6530.0	1385	29	33	1337	0.988905325443787	0.9790007241129616	0.9653429602888086	0.9230153340243772	0.9456915
AY271626	1448	7240	Flavobacteriaceae	Maribacter ulvicola	KU719511	1441	7205	Flavobacteriaceae	Maribacter arenosus	6737.0	1438	36	38	1384	0.9885714285714285	0.9749303621169917	0.9624478442280946	0.914129567109452	0.9350451
AY271626	1448	7240	Flavobacteriaceae	Maribacter ulvicola	JN642273	1451	7255	Flavobacteriaceae	Maribacter aestuarii	6802.0	1448	31	31	1396	0.9851799576570219	0.9785911602209945	0.9640883977900553	0.9236736035622098	0.9395028
AY271626	1448	7240	Flavobacteriaceae	Maribacter ulvicola	AM712900	1383	6915	Flavobacteriaceae	Maribacter forsetii	6710.0	1385	19	21	1359	0.9963343108504399	0.9862617498192335	0.9812274368231046	0.9532722391928168	0.9703543
AY271626	1448	7240	Flavobacteriaceae	Maribacter ulvicola	EU246691	1432	7154	Flavobacteriaceae	Maribacter stanieri	6845.0	1437	23	28	1395	0.9900638750887154	0.9839385474860335	0.9707724425887265	0.9368618983613122	0.9568074
AY271626	1448	7240	Flavobacteriaceae	Maribacter ulvicola	AM497875	1440	7200	Flavobacteriaceae	Maribacter polysiphoniae	6736.0	1440	33	33	1385	0.984363894811656	0.9770833333333333	0.9618055555555556	0.9187103982801539	0.9355556
KR058351	1379	6895	Flavobacteriaceae	Maribacter flavus	AY271625	1441	7205	Flavobacteriaceae	Maribacter aquivivus	6372.0	1379	39	38	1318	0.9828486204325131	0.9724437998549673	0.9557650471356055	0.903865252615548	0.9241479
KR058351	1379	6895	Flavobacteriaceae	Maribacter flavus	KX198138	1447	7235	Flavobacteriaceae	Maribacter litorisediminis	6472.0	1379	36	35	1329	0.9888392857142857	0.9746192893401016	0.9637418419144308	0.9153844774084771	0.9386512
KR058351	1379	6895	Flavobacteriaceae	Maribacter flavus	KF748920	1481	7405	Flavobacteriaceae	Maribacter caenipelagi	6421.0	1379	39	37	1324	0.9865871833084948	0.9731689630166788	0.9601160261058739	0.9086570571467438	0.9312545
KR058351	1379	6895	Flavobacteriaceae	Maribacter flavus	JN642274	1381	6905	Flavobacteriaceae	Maribacter lutimaris	6471.0	1369	26	26	1325	0.9865971705137752	0.9810080350620891	0.9678597516435354	0.9317818254173964	0.9385062
KR058351	1379	6895	Flavobacteriaceae	Maribacter flavus	KU719511	1441	7205	Flavobacteriaceae	Maribacter arenosus	6248.0	1379	61	58	1302	0.9856169568508706	0.9579405366207396	0.9441624365482234	0.8661379018612522	0.9061639
KR058351	1379	6895	Flavobacteriaceae	Maribacter flavus	JN642273	1451	7255	Flavobacteriaceae	Maribacter aestuarii	6378.0	1379	40	35	1319	0.9813988095238095	0.9746192893401016	0.9564902102973168	0.9059357594359364	0.92501813
KR058351	1379	6895	Flavobacteriaceae	Maribacter flavus	AM712900	1383	6915	Flavobacteriaceae	Maribacter forsetii	6316.0	1373	50	48	1308	0.9871698113207548	0.9650400582665696	0.9526584122359796	0.8870501730236633	0.9160261
KR058351	1379	6895	Flavobacteriaceae	Maribacter flavus	EU246691	1432	7154	Flavobacteriaceae	Maribacter stanieri	6425.0	1379	40	40	1323	0.988050784167289	0.9709934735315446	0.9593908629441624	0.9053025831446325	0.93183464
KR058351	1379	6895	Flavobacteriaceae	Maribacter flavus	AM497875	1440	7200	Flavobacteriaceae	Maribacter polysiphoniae	6311.0	1379	44	39	1311	0.9783582089552239	0.971718636693256	0.9506889050036258	0.8952376196098795	0.91530097
AY271625	1441	7205	Flavobacteriaceae	Maribacter aquivivus	KX198138	1447	7235	Flavobacteriaceae	Maribacter litorisediminis	6925.0	1441	19	19	1408	0.9901547116736991	0.9868147120055517	0.9770992366412213	0.9516678866464499	0.96113807
AY271625	1441	7205	Flavobacteriaceae	Maribacter aquivivus	KF748920	1481	7405	Flavobacteriaceae	Maribacter caenipelagi	7017.0	1441	13	12	1419	0.9930020993701889	0.9916724496877168	0.9847328244274809	0.9678013797158667	0.973907
AY271625	1441	7205	Flavobacteriaceae	Maribacter aquivivus	JN642274	1381	6905	Flavobacteriaceae	Maribacter lutimaris	6546.0	1381	21	21	1339	0.9845588235294118	0.9847936278059377	0.9695872556118754	0.940541132405243	0.9480087
AY271625	1441	7205	Flavobacteriaceae	Maribacter aquivivus	KU719511	1441	7205	Flavobacteriaceae	Maribacter arenosus	6651.0	1431	31	29	1373	0.9793152639087018	0.9797344514325647	0.9594689028651293	0.9200926141018545	0.92310894
AY271625	1441	7205	Flavobacteriaceae	Maribacter aquivivus	JN642273	1451	7255	Flavobacteriaceae	Maribacter aestuarii	6696.0	1441	35	31	1382	0.9801418439716312	0.9784871616932685	0.9590562109646079	0.9161715836450522	0.9293546
AY271625	1441	7205	Flavobacteriaceae	Maribacter aquivivus	AM712900	1383	6915	Flavobacteriaceae	Maribacter forsetii	6660.0	1381	16	14	1353	0.9897585954645208	0.9898624185372918	0.9797248370745837	0.9586856494495032	0.9631236
AY271625	1441	7205	Flavobacteriaceae	Maribacter aquivivus	EU246691	1432	7154	Flavobacteriaceae	Maribacter stanieri	6960.0	1433	9	10	1409	0.9901616303583978	0.9937150837988827	0.9832519190509421	0.9702964499372334	0.97288233
AY271625	1441	7205	Flavobacteriaceae	Maribacter aquivivus	AM497875	1440	7200	Flavobacteriaceae	Maribacter polysiphoniae	6797.0	1433	25	21	1391	0.9851274787535411	0.9853454291695743	0.9706908583391486	0.940065495181672	0.9440278
KX198138	1447	7235	Flavobacteriaceae	Maribacter litorisediminis	KF748920	1481	7405	Flavobacteriaceae	Maribacter caenipelagi	6943.0	1447	22	21	1413	0.9908835904628331	0.9854872149274361	0.9765031098825155	0.9479192884223738	0.9596406
KX198138	1447	7235	Flavobacteriaceae	Maribacter litorisediminis	JN642274	1381	6905	Flavobacteriaceae	Maribacter lutimaris	6710.0	1381	15	15	1358	0.9941434846266471	0.9891383055756698	0.9833454018826937	0.9622133373723206	0.9717596
KX198138	1447	7235	Flavobacteriaceae	Maribacter litorisediminis	KU719511	1441	7205	Flavobacteriaceae	Maribacter arenosus	6714.0	1434	37	35	1381	0.9871336669049321	0.9755927475592747	0.9630404463040446	0.9159031844863076	0.9318529
KX198138	1447	7235	Flavobacteriaceae	Maribacter litorisediminis	JN642273	1451	7255	Flavobacteriaceae	Maribacter aestuarii	6831.0	1447	31	27	1400	0.9859154929577465	0.9813407049067036	0.967519004837595	0.9295514119549289	0.94416034
KX198138	1447	7235	Flavobacteriaceae	Maribacter litorisediminis	AM712900	1383	6915	Flavobacteriaceae	Maribacter forsetii	6555.0	1381	34	32	1339	0.9925871015567087	0.9768283852280956	0.9695872556118754	0.924362691039166	0.9479393
KX198138	1447	7235	Flavobacteriaceae	Maribacter litorisediminis	EU246691	1432	7154	Flavobacteriaceae	Maribacter stanieri	6950.0	1433	15	16	1407	0.9929428369795342	0.9895251396648045	0.9818562456385206	0.9608358425896295	0.9714845
KX198138	1447	7235	Flavobacteriaceae	Maribacter litorisediminis	AM497875	1440	7200	Flavobacteriaceae	Maribacter polysiphoniae	6765.0	1436	31	27	1388	0.9850958126330731	0.9811977715877437	0.9665738161559888	0.92835890045248	0.93958336
KF748920	1481	7405	Flavobacteriaceae	Maribacter caenipelagi	JN642274	1381	6905	Flavobacteriaceae	Maribacter lutimaris	6543.0	1382	23	24	1339	0.9860088365243005	0.9833454018826937	0.9688856729377714	0.9364745507825576	0.9475742
KF748920	1481	7405	Flavobacteriaceae	Maribacter caenipelagi	KU719511	1441	7205	Flavobacteriaceae	Maribacter arenosus	6681.0	1435	36	35	1377	0.9835714285714285	0.975609756097561	0.9595818815331011	0.9132662366732437	0.92727274
KF748920	1481	7405	Flavobacteriaceae	Maribacter caenipelagi	JN642273	1451	7255	Flavobacteriaceae	Maribacter aestuarii	6757.0	1448	33	30	1392	0.9816643159379408	0.9792817679558011	0.9613259668508287	0.920432289665412	0.9313577
KF748920	1481	7405	Flavobacteriaceae	Maribacter caenipelagi	AM712900	1383	6915	Flavobacteriaceae	Maribacter forsetii	6687.0	1382	21	20	1355	0.9948604992657856	0.9855282199710564	0.9804630969609262	0.9518109323312768	0.9670282
KF748920	1481	7405	Flavobacteriaceae	Maribacter caenipelagi	EU246691	1432	7154	Flavobacteriaceae	Maribacter stanieri	6935.0	1434	14	16	1406	0.9915373765867419	0.9902234636871509	0.9804741980474198	0.9601605060989236	0.96938777
KF748920	1481	7405	Flavobacteriaceae	Maribacter caenipelagi	AM497875	1440	7200	Flavobacteriaceae	Maribacter polysiphoniae	6819.0	1437	25	22	1395	0.9858657243816255	0.9846903270702854	0.9707724425887265	0.9395642997695266	0.94708335
JN642274	1381	6905	Flavobacteriaceae	Maribacter lutimaris	KU719511	1441	7205	Flavobacteriaceae	Maribacter arenosus	6445.0	1381	41	39	1327	0.988822652757079	0.9717595944967415	0.9608979000724113	0.9068389464818396	0.9333816
JN642274	1381	6905	Flavobacteriaceae	Maribacter lutimaris	JN642273	1451	7255	Flavobacteriaceae	Maribacter aestuarii	6587.0	1381	19	15	1345	0.9846266471449487	0.9891383055756698	0.9739319333816076	0.9502793007137685	0.9539464
JN642274	1381	6905	Flavobacteriaceae	Maribacter lutimaris	AM712900	1383	6915	Flavobacteriaceae	Maribacter forsetii	6477.0	1377	33	31	1329	0.987369985141159	0.9774872912127814	0.9651416122004357	0.9213337659728982	0.93801594
JN642274	1381	6905	Flavobacteriaceae	Maribacter lutimaris	EU246691	1432	7154	Flavobacteriaceae	Maribacter stanieri	6603.0	1381	26	27	1344	0.9926144756277696	0.981159420289855	0.9732078204199855	0.9365482507808532	0.9562636
JN642274	1381	6905	Flavobacteriaceae	Maribacter lutimaris	AM497875	1440	7200	Flavobacteriaceae	Maribacter polysiphoniae	6485.0	1381	35	31	1332	0.9866666666666667	0.9775524981897176	0.9645184648805214	0.9195620957547344	0.93917453
KU719511	1441	7205	Flavobacteriaceae	Maribacter arenosus	JN642273	1451	7255	Flavobacteriaceae	Maribacter aestuarii	6748.0	1436	36	34	1385	0.9878744650499287	0.9763231197771588	0.9644846796657381	0.9186192397359815	0.93657184
KU719511	1441	7205	Flavobacteriaceae	Maribacter arenosus	AM712900	1383	6915	Flavobacteriaceae	Maribacter forsetii	6410.0	1383	42	42	1323	0.9865771812080537	0.9696312364425163	0.9566160520607375	0.9002260532024203	0.92697036
KU719511	1441	7205	Flavobacteriaceae	Maribacter arenosus	EU246691	1432	7154	Flavobacteriaceae	Maribacter stanieri	6634.0	1430	38	41	1368	0.9848812095032398	0.9733707077785564	0.9566433566433566	0.9051618681046475	0.9273134
KU719511	1441	7205	Flavobacteriaceae	Maribacter arenosus	AM497875	1440	7200	Flavobacteriaceae	Maribacter polysiphoniae	6924.0	1436	16	14	1407	0.989451476793249	0.9902506963788301	0.9798050139275766	0.959561108681139	0.96166664
JN642273	1451	7255	Flavobacteriaceae	Maribacter aestuarii	AM712900	1383	6915	Flavobacteriaceae	Maribacter forsetii	6418.0	1385	41	43	1324	0.9865871833084948	0.970354302241504	0.955956678700361	0.8996450650882781	0.9281273
JN642273	1451	7255	Flavobacteriaceae	Maribacter aestuarii	EU246691	1432	7154	Flavobacteriaceae	Maribacter stanieri	6657.0	1437	38	43	1373	0.9849354375896701	0.973463687150838	0.9554627696590118	0.9029932887489237	0.9305284
JN642273	1451	7255	Flavobacteriaceae	Maribacter aestuarii	AM497875	1440	7200	Flavobacteriaceae	Maribacter polysiphoniae	6744.0	1440	40	40	1385	0.9892857142857143	0.9722222222222222	0.9618055555555556	0.9098160660660661	0.93666667
AM712900	1383	6915	Flavobacteriaceae	Maribacter forsetii	EU246691	1432	7154	Flavobacteriaceae	Maribacter stanieri	6636.0	1383	14	17	1350	0.9882869692532943	0.9898550724637681	0.9761388286334056	0.9544779097446185	0.9596529
AM712900	1383	6915	Flavobacteriaceae	Maribacter forsetii	AM497875	1440	7200	Flavobacteriaceae	Maribacter polysiphoniae	6476.0	1383	36	34	1331	0.9866567828020756	0.9754157628344179	0.9624005784526392	0.9149248628136788	0.9365148
EU246691	1432	7154	Flavobacteriaceae	Maribacter stanieri	AM497875	1440	7200	Flavobacteriaceae	Maribacter polysiphoniae	6795.0	1429	26	21	1389	0.9865056818181818	0.9853044086773968	0.9720083974807557	0.9406101880775972	0.9498183
