HM990965	1566	7830	Veillonellaceae	Megasphaera indica	U95027	1426	7130	Veillonellaceae	Megasphaera elsdenii	6928.0	1432	14	22	1403	0.9950354609929078	0.9901685393258427	0.9797486033519553	0.9553565219407033	0.971669
HM990965	1566	7830	Veillonellaceae	Megasphaera indica	JX424772	1519	7595	Veillonellaceae	Megasphaera massiliensis	7207.0	1524	27	32	1474	0.9879356568364611	0.9822251481237656	0.9671916010498688	0.9303996574896223	0.94891375
HM990965	1566	7830	Veillonellaceae	Megasphaera indica	AF473834	1411	7055	Veillonellaceae	Megasphaera micronuciformis	6419.0	1408	49	46	1335	0.9801762114537445	0.9673295454545454	0.9481534090909091	0.886331464091845	0.9098512
HM990965	1566	7830	Veillonellaceae	Megasphaera indica	L37040	1377	6771	Veillonellaceae	Megasphaera cerevisiae	6088.0	1374	54	51	1278	0.9659863945578231	0.962882096069869	0.9301310043668122	0.8617390187516054	0.8991286
HM990965	1566	7830	Veillonellaceae	Megasphaera indica	DQ223729	1540	7700	Veillonellaceae	Megasphaera sueciensis	6967.0	1530	56	50	1450	0.9797297297297297	0.9673202614379085	0.9477124183006536	0.8843722440636617	0.9048052
HM990965	1566	7830	Veillonellaceae	Megasphaera indica	DQ223730	1520	7600	Veillonellaceae	Megasphaera paucivorans	6908.0	1511	53	48	1435	0.9808612440191388	0.9682329583057577	0.9497021839841164	0.8883723114889784	0.90894735
U95027	1426	7130	Veillonellaceae	Megasphaera elsdenii	JX424772	1519	7595	Veillonellaceae	Megasphaera massiliensis	6730.0	1422	26	23	1378	0.9849892780557541	0.9838255977496484	0.9690576652601969	0.9362649680241819	0.94389904
U95027	1426	7130	Veillonellaceae	Megasphaera elsdenii	AF473834	1411	7055	Veillonellaceae	Megasphaera micronuciformis	6145.0	1352	55	44	1281	0.9793577981651376	0.9674556213017751	0.9474852071005917	0.8808178044687803	0.87101346
U95027	1426	7130	Veillonellaceae	Megasphaera elsdenii	L37040	1377	6771	Veillonellaceae	Megasphaera cerevisiae	5900.0	1327	57	47	1238	0.9671875	0.9645817633760362	0.93293142426526	0.8628267507655584	0.87136316
U95027	1426	7130	Veillonellaceae	Megasphaera elsdenii	DQ223729	1540	7700	Veillonellaceae	Megasphaera sueciensis	6437.0	1426	71	54	1346	0.9810495626822158	0.9621318373071529	0.9438990182328191	0.8650831349468456	0.90280503
U95027	1426	7130	Veillonellaceae	Megasphaera elsdenii	DQ223730	1520	7600	Veillonellaceae	Megasphaera paucivorans	6467.0	1426	70	55	1349	0.9839533187454412	0.9614305750350631	0.9460028050490884	0.8669584530229281	0.90701264
JX424772	1519	7595	Veillonellaceae	Megasphaera massiliensis	AF473834	1411	7055	Veillonellaceae	Megasphaera micronuciformis	6362.0	1403	53	45	1326	0.9764359351988218	0.9679258731290092	0.9451176051318603	0.8815039201710619	0.9017718
JX424772	1519	7595	Veillonellaceae	Megasphaera massiliensis	L37040	1377	6771	Veillonellaceae	Megasphaera cerevisiae	6122.0	1369	49	41	1281	0.9646084337349398	0.9700511322132944	0.9357195032870709	0.8763296899613753	0.90415007
JX424772	1519	7595	Veillonellaceae	Megasphaera massiliensis	DQ223729	1540	7700	Veillonellaceae	Megasphaera sueciensis	6897.0	1519	56	47	1437	0.9762228260869565	0.9690585911784069	0.946017116524029	0.8841506003322989	0.90809745
JX424772	1519	7595	Veillonellaceae	Megasphaera massiliensis	DQ223730	1520	7600	Veillonellaceae	Megasphaera paucivorans	6843.0	1503	52	45	1424	0.9766803840877915	0.9700598802395209	0.9474384564204924	0.888337793865645	0.9009875
AF473834	1411	7055	Veillonellaceae	Megasphaera micronuciformis	L37040	1377	6771	Veillonellaceae	Megasphaera cerevisiae	6264.0	1378	34	35	1301	0.9687267311988086	0.9753086419753086	0.944121915820029	0.8979856465625347	0.92512184
AF473834	1411	7055	Veillonellaceae	Megasphaera micronuciformis	DQ223729	1540	7700	Veillonellaceae	Megasphaera sueciensis	6524.0	1411	45	30	1352	0.9790007241129616	0.9787384833451452	0.9581856839121191	0.9088285916776349	0.92473423
AF473834	1411	7055	Veillonellaceae	Megasphaera micronuciformis	DQ223730	1520	7600	Veillonellaceae	Megasphaera paucivorans	6547.0	1411	44	31	1354	0.981159420289855	0.9780297661233168	0.959603118355776	0.9101390400900145	0.9279943
L37040	1377	6771	Veillonellaceae	Megasphaera cerevisiae	DQ223729	1540	7700	Veillonellaceae	Megasphaera sueciensis	6237.0	1377	36	35	1298	0.9672131147540983	0.9745824255628177	0.9426289034132171	0.895263969129892	0.92113423
L37040	1377	6771	Veillonellaceae	Megasphaera cerevisiae	DQ223730	1520	7600	Veillonellaceae	Megasphaera paucivorans	6254.0	1377	36	37	1299	0.9694029850746269	0.9738372093023255	0.9433551198257081	0.8946184434299002	0.92364496
DQ223729	1540	7700	Veillonellaceae	Megasphaera sueciensis	DQ223730	1520	7600	Veillonellaceae	Megasphaera paucivorans	7524.0	1522	1	3	1512	0.9953917050691244	0.9993421052631579	0.9934296977660972	0.9908205587043346	0.99
