AB288262	1432	7160	Methanosarcinaceae	Methanosarcina horonobensis	AJ012742	1449	7245	Methanosarcinaceae	Methanosarcina semesiae	6491.0	1408	35	35	1344	0.9788783685360525	0.9751420454545454	0.9545454545454546	0.9082404082404083	0.90656424
AB288262	1432	7160	Methanosarcinaceae	Methanosarcina horonobensis	FR733698	1472	7360	Methanosarcinaceae	Methanosarcina siciliae	6955.0	1429	17	14	1407	0.9943462897526502	0.9902029391182645	0.9846046186144157	0.9634962208432906	0.97136873
AB288262	1432	7160	Methanosarcinaceae	Methanosarcina horonobensis	AF432127	1381	6851	Methanosarcinaceae	Methanosarcina lacustris	6476.0	1378	18	15	1329	0.97505502567865	0.9891146589259797	0.9644412191582002	0.9416428235763804	0.94526345
AB288262	1432	7160	Methanosarcinaceae	Methanosarcina horonobensis	AJ012095	1333	6665	Methanosarcinaceae	Methanosarcina mazei	6532.0	1333	6	6	1318	0.9932177844762623	0.9954988747186797	0.9887471867966992	0.9798861216424345	0.980045
AB288262	1432	7160	Methanosarcinaceae	Methanosarcina horonobensis	M59140	1427	7009	Methanosarcinaceae	Methanosarcina thermophila	6704.0	1423	16	13	1370	0.9716312056737588	0.9908643710470836	0.9627547434996486	0.9433524588842979	0.9564845
AB288262	1432	7160	Methanosarcinaceae	Methanosarcina horonobensis	M59137	1426	7040	Methanosarcinaceae	Methanosarcina acetivorans	6783.0	1422	10	7	1382	0.976678445229682	0.9950773558368495	0.9718706047819972	0.9603330347531607	0.9634943
AB288262	1432	7160	Methanosarcinaceae	Methanosarcina horonobensis	FR733661	1473	7365	Methanosarcinaceae	Methanosarcina vacuolata	6977.0	1429	9	6	1410	0.9908643710470836	0.9958012596221134	0.986703988803359	0.976411527167719	0.97444135
AB288262	1432	7160	Methanosarcinaceae	Methanosarcina horonobensis	JF812255	1337	6685	Methanosarcinaceae	Methanosarcina soligelidi	6552.0	1337	5	5	1322	0.9924924924924925	0.9962602842183994	0.9887808526551982	0.9814128880303458	0.9801047
AB288262	1432	7160	Methanosarcinaceae	Methanosarcina horonobensis	JF812257	1346	6730	Methanosarcinaceae	Methanosarcina spelaei	6588.0	1346	9	9	1329	0.994016454749439	0.9933135215453195	0.987369985141159	0.9742536310950034	0.97890043
AB288262	1432	7160	Methanosarcinaceae	Methanosarcina horonobensis	KT828541	1360	6800	Methanosarcinaceae	Methanosarcina flavescens	6608.0	1357	11	8	1337	0.9911045218680504	0.9941046425939573	0.9852616064848931	0.9715774175059363	0.9717647
AB288262	1432	7160	Methanosarcinaceae	Methanosarcina horonobensis	AJ012094	1411	7043	Methanosarcinaceae	Methanosarcina barkeri	6822.0	1406	11	8	1382	0.9885550786838341	0.9943100995732574	0.9829302987197724	0.9697505699437134	0.9686213
AB288262	1432	7160	Methanosarcinaceae	Methanosarcina horonobensis	AJ238648	1319	6595	Methanosarcinaceae	Methanosarcina baltica	5962.0	1314	35	32	1244	0.9703588143525741	0.9756468797564688	0.9467275494672754	0.8997069817769067	0.9040182
AB288262	1432	7160	Methanosarcinaceae	Methanosarcina horonobensis	AB288264	1445	7207	Methanosarcinaceae	Methanosarcina subterranea	6911.0	1431	19	16	1401	0.9901060070671378	0.9888190076869322	0.9790356394129979	0.9554037446685463	0.9652235
AJ012742	1449	7245	Methanosarcinaceae	Methanosarcina semesiae	FR733698	1472	7360	Methanosarcinaceae	Methanosarcina siciliae	6795.0	1447	22	20	1397	0.9789768745620182	0.9861782999308915	0.9654457498272287	0.9378428080350274	0.9378882
AJ012742	1449	7245	Methanosarcinaceae	Methanosarcina semesiae	AF432127	1381	6851	Methanosarcinaceae	Methanosarcina lacustris	6226.0	1357	22	19	1292	0.9656203288490284	0.9859985261606485	0.9521002210759028	0.9237926728060608	0.90877247
AJ012742	1449	7245	Methanosarcinaceae	Methanosarcina semesiae	AJ012095	1333	6665	Methanosarcinaceae	Methanosarcina mazei	6192.0	1343	26	36	1280	0.9793420045906657	0.9804951237809453	0.953090096798213	0.909926045664912	0.92903227
AJ012742	1449	7245	Methanosarcinaceae	Methanosarcina semesiae	M59140	1427	7009	Methanosarcinaceae	Methanosarcina thermophila	6356.0	1399	29	26	1320	0.9613983976693372	0.9814152966404575	0.9435310936383131	0.9071906103399187	0.90683407
AJ012742	1449	7245	Methanosarcinaceae	Methanosarcina semesiae	M59137	1426	7040	Methanosarcinaceae	Methanosarcina acetivorans	6369.0	1398	29	26	1324	0.9650145772594753	0.9814020028612304	0.9470672389127325	0.9105649977493125	0.9046875
AJ012742	1449	7245	Methanosarcinaceae	Methanosarcina semesiae	FR733661	1473	7365	Methanosarcinaceae	Methanosarcina vacuolata	6746.0	1449	27	24	1392	0.9768421052631578	0.9834368530020704	0.9606625258799172	0.9274689020182126	0.9311249
AJ012742	1449	7245	Methanosarcinaceae	Methanosarcina semesiae	JF812255	1337	6685	Methanosarcinaceae	Methanosarcina soligelidi	6200.0	1338	30	31	1281	0.9801071155317521	0.9775617053103964	0.9573991031390134	0.9147080612592767	0.9274495
AJ012742	1449	7245	Methanosarcinaceae	Methanosarcina semesiae	JF812257	1346	6730	Methanosarcinaceae	Methanosarcina spelaei	6231.0	1348	24	26	1289	0.9750378214826021	0.9821693907875185	0.9562314540059347	0.9213833689474092	0.9258544
AJ012742	1449	7245	Methanosarcinaceae	Methanosarcina semesiae	KT828541	1360	6800	Methanosarcinaceae	Methanosarcina flavescens	6258.0	1351	27	24	1294	0.9751318764129616	0.9822353811991118	0.9578090303478904	0.9223603652189046	0.9202941
AJ012742	1449	7245	Methanosarcinaceae	Methanosarcina semesiae	AJ012094	1411	7043	Methanosarcinaceae	Methanosarcina barkeri	6533.0	1408	27	24	1350	0.9754335260115607	0.9829545454545454	0.9588068181818182	0.9247307570478303	0.9275877
AJ012742	1449	7245	Methanosarcinaceae	Methanosarcina semesiae	AJ238648	1319	6595	Methanosarcinaceae	Methanosarcina baltica	5991.0	1290	25	22	1238	0.9763406940063092	0.9829457364341085	0.9596899224806201	0.9253892180269403	0.90841544
AJ012742	1449	7245	Methanosarcinaceae	Methanosarcina semesiae	AB288264	1445	7207	Methanosarcinaceae	Methanosarcina subterranea	6609.0	1419	25	22	1363	0.9756621331424481	0.9844961240310077	0.9605355884425651	0.9292716184586313	0.9170251
FR733698	1472	7360	Methanosarcinaceae	Methanosarcina siciliae	AF432127	1381	6851	Methanosarcinaceae	Methanosarcina lacustris	6534.0	1381	9	9	1337	0.9744897959183674	0.9934829833454019	0.9681390296886314	0.9556019775056133	0.9537294
FR733698	1472	7360	Methanosarcinaceae	Methanosarcina siciliae	AJ012095	1333	6665	Methanosarcinaceae	Methanosarcina mazei	6470.0	1346	6	19	1313	0.9894498869630746	0.9954988747186797	0.975482912332838	0.9574451365870386	0.9707427
FR733698	1472	7360	Methanosarcinaceae	Methanosarcina siciliae	M59140	1427	7009	Methanosarcinaceae	Methanosarcina thermophila	6762.0	1423	11	11	1377	0.9752124645892352	0.9922698524244554	0.9676739283204497	0.9528281637297594	0.9647596
FR733698	1472	7360	Methanosarcinaceae	Methanosarcina siciliae	M59137	1426	7040	Methanosarcinaceae	Methanosarcina acetivorans	6846.0	1422	6	6	1389	0.9809322033898306	0.9957805907172996	0.9767932489451476	0.9685849023153565	0.97244316
FR733698	1472	7360	Methanosarcinaceae	Methanosarcina siciliae	FR733661	1473	7365	Methanosarcinaceae	Methanosarcina vacuolata	7138.0	1470	10	9	1446	0.9897330595482546	0.9938775510204082	0.9836734693877551	0.9710452289023719	0.96983695
FR733698	1472	7360	Methanosarcinaceae	Methanosarcina siciliae	JF812255	1337	6685	Methanosarcinaceae	Methanosarcina soligelidi	6471.0	1340	9	12	1313	0.9887048192771084	0.9932685115931189	0.9798507462686568	0.964597324718144	0.967988
FR733698	1472	7360	Methanosarcinaceae	Methanosarcina siciliae	JF812257	1346	6730	Methanosarcinaceae	Methanosarcina spelaei	6565.0	1351	7	12	1328	0.9917849141150112	0.9947994056463596	0.9829755736491488	0.969222601705604	0.97548294
FR733698	1472	7360	Methanosarcinaceae	Methanosarcina siciliae	KT828541	1360	6800	Methanosarcinaceae	Methanosarcina flavescens	6642.0	1360	8	8	1342	0.992603550295858	0.9941176470588236	0.986764705882353	0.9752235982112144	0.9767647
FR733698	1472	7360	Methanosarcinaceae	Methanosarcina siciliae	AJ012094	1411	7043	Methanosarcinaceae	Methanosarcina barkeri	6830.0	1411	10	10	1385	0.9885795860099929	0.9929128277817151	0.9815733522324592	0.96775810448816	0.9697572
FR733698	1472	7360	Methanosarcinaceae	Methanosarcina siciliae	AJ238648	1319	6595	Methanosarcinaceae	Methanosarcina baltica	5998.0	1314	28	28	1248	0.9704510108864697	0.9786910197869102	0.9497716894977168	0.9101388917243397	0.9094769
FR733698	1472	7360	Methanosarcinaceae	Methanosarcina siciliae	AB288264	1445	7207	Methanosarcinaceae	Methanosarcina subterranea	6997.0	1443	8	8	1417	0.9874564459930314	0.9944559944559944	0.9819819819819819	0.9711537864535796	0.9708617
AF432127	1381	6851	Methanosarcinaceae	Methanosarcina lacustris	AJ012095	1333	6665	Methanosarcinaceae	Methanosarcina mazei	6243.0	1330	16	29	1278	0.9823212913143735	0.9878511769172361	0.9609022556390977	0.9287769944921739	0.9366842
AF432127	1381	6851	Methanosarcinaceae	Methanosarcina lacustris	M59140	1427	7009	Methanosarcinaceae	Methanosarcina thermophila	6447.0	1381	9	9	1324	0.9650145772594753	0.9934829833454019	0.9587255611875453	0.9463104100354763	0.9410305
AF432127	1381	6851	Methanosarcinaceae	Methanosarcina lacustris	M59137	1426	7040	Methanosarcinaceae	Methanosarcina acetivorans	6415.0	1381	10	10	1322	0.9642596644784829	0.9927588703837799	0.9572773352643013	0.9435134627227584	0.93635964
AF432127	1381	6851	Methanosarcinaceae	Methanosarcina lacustris	FR733661	1473	7365	Methanosarcinaceae	Methanosarcina vacuolata	6548.0	1381	5	5	1339	0.9731104651162791	0.99637943519189	0.9695872556118754	0.9625916765670567	0.9557729
AF432127	1381	6851	Methanosarcinaceae	Methanosarcina lacustris	JF812255	1337	6685	Methanosarcinaceae	Methanosarcina soligelidi	6308.0	1335	20	23	1290	0.9832317073170732	0.984984984984985	0.9662921348314607	0.9356275135785066	0.94360507
AF432127	1381	6851	Methanosarcinaceae	Methanosarcina lacustris	JF812257	1346	6730	Methanosarcinaceae	Methanosarcina spelaei	6284.0	1335	9	9	1289	0.9720965309200603	0.9932584269662922	0.9655430711610486	0.9526116907437131	0.9337296
AF432127	1381	6851	Methanosarcinaceae	Methanosarcina lacustris	KT828541	1360	6800	Methanosarcinaceae	Methanosarcina flavescens	6452.0	1360	7	7	1319	0.974870657797487	0.9948529411764706	0.9698529411764706	0.959920284865958	0.9488235
AF432127	1381	6851	Methanosarcinaceae	Methanosarcina lacustris	AJ012094	1411	7043	Methanosarcinaceae	Methanosarcina barkeri	6397.0	1358	15	15	1311	0.9761727475800447	0.9889543446244478	0.9653902798232695	0.9442965373653684	0.93373233
AF432127	1381	6851	Methanosarcinaceae	Methanosarcina lacustris	AJ238648	1319	6595	Methanosarcinaceae	Methanosarcina baltica	6044.0	1314	21	21	1252	0.9682907965970611	0.9840182648401826	0.9528158295281582	0.9228396011834521	0.9164519
AF432127	1381	6851	Methanosarcinaceae	Methanosarcina lacustris	AB288264	1445	7207	Methanosarcinaceae	Methanosarcina subterranea	6640.0	1381	7	7	1349	0.9818049490538574	0.9949312092686459	0.9768283852280956	0.9669756493540369	0.96920156
AJ012095	1333	6665	Methanosarcinaceae	Methanosarcina mazei	M59140	1427	7009	Methanosarcinaceae	Methanosarcina thermophila	6273.0	1333	23	10	1284	0.9705215419501134	0.9924981245311327	0.9632408102025506	0.9397991090693028	0.9411853
AJ012095	1333	6665	Methanosarcinaceae	Methanosarcina mazei	M59137	1426	7040	Methanosarcinaceae	Methanosarcina acetivorans	6356.0	1333	19	6	1297	0.9773926149208741	0.9954988747186797	0.972993248312078	0.9550015092530529	0.95363843
AJ012095	1333	6665	Methanosarcinaceae	Methanosarcina mazei	FR733661	1473	7365	Methanosarcinaceae	Methanosarcina vacuolata	6429.0	1333	35	9	1310	0.9894259818731118	0.9932483120780196	0.9827456864216054	0.9511369070337761	0.96459115
AJ012095	1333	6665	Methanosarcinaceae	Methanosarcina mazei	JF812255	1337	6685	Methanosarcinaceae	Methanosarcina soligelidi	6601.0	1322	0	0	1321	0.9992435703479576	1.0	0.9992435703479576	0.9992435703479576	0.9903976
AJ012095	1333	6665	Methanosarcinaceae	Methanosarcina mazei	JF812257	1346	6730	Methanosarcinaceae	Methanosarcina spelaei	6440.0	1333	18	10	1308	0.9886621315192744	0.9924981245311327	0.981245311327832	0.9609086209376179	0.96624154
AJ012095	1333	6665	Methanosarcinaceae	Methanosarcina mazei	KT828541	1360	6800	Methanosarcinaceae	Methanosarcina flavescens	6343.0	1311	18	5	1289	0.9869831546707504	0.996186117467582	0.9832189168573608	0.9662030891013643	0.95168793
AJ012095	1333	6665	Methanosarcinaceae	Methanosarcina mazei	AJ012094	1411	7043	Methanosarcinaceae	Methanosarcina barkeri	6406.0	1333	25	12	1305	0.987887963663891	0.9909977494373593	0.9789947486871718	0.9523211067862695	0.9611403
AJ012095	1333	6665	Methanosarcinaceae	Methanosarcina mazei	AJ238648	1319	6595	Methanosarcinaceae	Methanosarcina baltica	5732.0	1250	41	28	1192	0.9754500818330606	0.9776	0.9536	0.90263299767622	0.8691433
AJ012095	1333	6665	Methanosarcinaceae	Methanosarcina mazei	AB288264	1445	7207	Methanosarcinaceae	Methanosarcina subterranea	6479.0	1333	23	10	1313	0.9924414210128496	0.9924981245311327	0.9849962490622656	0.9610251014080954	0.97209305
M59140	1427	7009	Methanosarcinaceae	Methanosarcina thermophila	M59137	1426	7040	Methanosarcinaceae	Methanosarcina acetivorans	6706.0	1426	6	6	1376	0.9690140845070423	0.9957924263674615	0.9649368863955119	0.9568508231016948	0.9567699
M59140	1427	7009	Methanosarcinaceae	Methanosarcina thermophila	FR733661	1473	7365	Methanosarcinaceae	Methanosarcina vacuolata	6799.0	1423	2	2	1381	0.971850809289233	0.9985945186226283	0.9704848910751932	0.9677607229598945	0.97003853
M59140	1427	7009	Methanosarcinaceae	Methanosarcina thermophila	JF812255	1337	6685	Methanosarcinaceae	Methanosarcina soligelidi	6282.0	1340	14	17	1286	0.9720332577475435	0.9895287958115183	0.9597014925373134	0.9377290063713926	0.9397158
M59140	1427	7009	Methanosarcinaceae	Methanosarcina thermophila	JF812257	1346	6730	Methanosarcinaceae	Methanosarcina spelaei	6366.0	1346	10	10	1298	0.9715568862275449	0.9925705794947994	0.9643387815750372	0.9501154957110985	0.9459138
M59140	1427	7009	Methanosarcinaceae	Methanosarcina thermophila	KT828541	1360	6800	Methanosarcinaceae	Methanosarcina flavescens	6578.0	1360	1	1	1330	0.9786607799852833	0.9992647058823529	0.9779411764705882	0.9765040843670311	0.9673529
M59140	1427	7009	Methanosarcinaceae	Methanosarcina thermophila	AJ012094	1411	7043	Methanosarcinaceae	Methanosarcina barkeri	6613.0	1400	5	5	1350	0.967741935483871	0.9964285714285714	0.9642857142857143	0.9574224707676666	0.94350123
M59140	1427	7009	Methanosarcinaceae	Methanosarcina thermophila	AJ238648	1319	6595	Methanosarcinaceae	Methanosarcina baltica	5946.0	1318	31	31	1239	0.9627039627039627	0.9764795144157815	0.9400606980273141	0.8968555362202766	0.90159214
M59140	1427	7009	Methanosarcinaceae	Methanosarcina thermophila	AB288264	1445	7207	Methanosarcinaceae	Methanosarcina subterranea	6733.0	1425	5	5	1373	0.9669014084507043	0.9964912280701754	0.9635087719298245	0.9567709483498957	0.9606221
M59137	1426	7040	Methanosarcinaceae	Methanosarcina acetivorans	FR733661	1473	7365	Methanosarcinaceae	Methanosarcina vacuolata	6827.0	1422	5	5	1387	0.9788285109386027	0.9964838255977496	0.9753867791842475	0.9685515529811344	0.9697443
M59137	1426	7040	Methanosarcinaceae	Methanosarcina acetivorans	JF812255	1337	6685	Methanosarcinaceae	Methanosarcina soligelidi	6348.0	1340	10	13	1296	0.9766390354182366	0.9925205684367988	0.9671641791044776	0.9506865671641791	0.94958866
M59137	1426	7040	Methanosarcinaceae	Methanosarcina acetivorans	JF812257	1346	6730	Methanosarcinaceae	Methanosarcina spelaei	6436.0	1351	2	7	1311	0.9754464285714286	0.9985141158989599	0.9703923019985197	0.9639373642912125	0.956315
M59137	1426	7040	Methanosarcinaceae	Methanosarcina acetivorans	KT828541	1360	6800	Methanosarcinaceae	Methanosarcina flavescens	6518.0	1360	6	6	1325	0.9785819793205317	0.9955882352941177	0.9742647058823529	0.9657060115407803	0.9585294
M59137	1426	7040	Methanosarcinaceae	Methanosarcina acetivorans	AJ012094	1411	7043	Methanosarcinaceae	Methanosarcina barkeri	6635.0	1399	4	4	1355	0.9713261648745519	0.9971408148677627	0.9685489635453896	0.9630262324631635	0.94247156
M59137	1426	7040	Methanosarcinaceae	Methanosarcina acetivorans	AJ238648	1319	6595	Methanosarcinaceae	Methanosarcina baltica	5885.0	1318	32	32	1234	0.9595645412130638	0.9757207890743551	0.936267071320182	0.8918810768279661	0.8923427
M59137	1426	7040	Methanosarcinaceae	Methanosarcina acetivorans	AB288264	1445	7207	Methanosarcinaceae	Methanosarcina subterranea	6756.0	1424	10	10	1378	0.9745403111739745	0.9929775280898876	0.9676966292134831	0.954200162976196	0.9596591
FR733661	1473	7365	Methanosarcinaceae	Methanosarcina vacuolata	JF812255	1337	6685	Methanosarcinaceae	Methanosarcina soligelidi	6438.0	1340	12	15	1309	0.9879245283018868	0.9910246821241586	0.9768656716417911	0.9573572595601871	0.9630516
FR733661	1473	7365	Methanosarcinaceae	Methanosarcina vacuolata	JF812257	1346	6730	Methanosarcinaceae	Methanosarcina spelaei	6658.0	1346	0	0	1338	0.9940564635958395	1.0	0.9940564635958395	0.9940564635958395	0.9893016
FR733661	1473	7365	Methanosarcinaceae	Methanosarcina vacuolata	KT828541	1360	6800	Methanosarcinaceae	Methanosarcina flavescens	6625.0	1360	6	6	1340	0.9896602658788775	0.9955882352941177	0.9852941176470589	0.9766385324261477	0.9742647
FR733661	1473	7365	Methanosarcinaceae	Methanosarcina vacuolata	AJ012094	1411	7043	Methanosarcinaceae	Methanosarcina barkeri	6933.0	1411	1	1	1397	0.9907801418439717	0.9992912827781715	0.9900779588944011	0.9886755821820861	0.9843817
FR733661	1473	7365	Methanosarcinaceae	Methanosarcina vacuolata	AJ238648	1319	6595	Methanosarcinaceae	Methanosarcina baltica	6031.0	1314	25	25	1252	0.9712955779674166	0.9809741248097412	0.9528158295281582	0.9172364482911097	0.9144807
FR733661	1473	7365	Methanosarcinaceae	Methanosarcina vacuolata	AB288264	1445	7207	Methanosarcinaceae	Methanosarcina subterranea	6954.0	1443	11	11	1412	0.9860335195530726	0.9923769923769924	0.9785169785169785	0.9637113571088811	0.96489525
JF812255	1337	6685	Methanosarcinaceae	Methanosarcina soligelidi	JF812257	1346	6730	Methanosarcinaceae	Methanosarcina spelaei	6465.0	1337	12	9	1312	0.9879518072289156	0.9932685115931189	0.981301421091997	0.966025416760691	0.9670905
JF812255	1337	6685	Methanosarcinaceae	Methanosarcina soligelidi	KT828541	1360	6800	Methanosarcinaceae	Methanosarcina flavescens	6390.0	1326	12	9	1299	0.9863325740318907	0.9932126696832579	0.9796380090497737	0.9642625246028043	0.95587134
JF812255	1337	6685	Methanosarcinaceae	Methanosarcina soligelidi	AJ012094	1411	7043	Methanosarcinaceae	Methanosarcina barkeri	6414.0	1337	20	16	1306	0.9886449659348978	0.9880329094988781	0.9768137621540763	0.9508997640423986	0.9594615
JF812255	1337	6685	Methanosarcinaceae	Methanosarcina soligelidi	AJ238648	1319	6595	Methanosarcinaceae	Methanosarcina baltica	5797.0	1265	35	32	1204	0.9764801297648013	0.974703557312253	0.9517786561264822	0.9027254484645788	0.87899923
JF812255	1337	6685	Methanosarcinaceae	Methanosarcina soligelidi	AB288264	1445	7207	Methanosarcinaceae	Methanosarcina subterranea	6498.0	1337	16	13	1315	0.993202416918429	0.9902767389678384	0.9835452505609573	0.9624640885016316	0.97202694
JF812257	1346	6730	Methanosarcinaceae	Methanosarcina spelaei	KT828541	1360	6800	Methanosarcinaceae	Methanosarcina flavescens	6450.0	1329	6	6	1307	0.9879062736205594	0.9954853273137697	0.9834462001504891	0.9746062343064398	0.95839524
JF812257	1346	6730	Methanosarcinaceae	Methanosarcina spelaei	AJ012094	1411	7043	Methanosarcinaceae	Methanosarcina barkeri	6575.0	1346	3	0	1329	0.987369985141159	1.0	0.987369985141159	0.9851742031134173	0.9769688
JF812257	1346	6730	Methanosarcinaceae	Methanosarcina spelaei	AJ238648	1319	6595	Methanosarcinaceae	Methanosarcina baltica	5779.0	1268	31	31	1203	0.9725141471301536	0.9755520504731862	0.9487381703470031	0.9034558250340592	0.8762699
JF812257	1346	6730	Methanosarcinaceae	Methanosarcina spelaei	AB288264	1445	7207	Methanosarcinaceae	Methanosarcina subterranea	6506.0	1346	14	11	1320	0.9887640449438202	0.9918276374442794	0.9806835066864784	0.9626562363429769	0.9667162
KT828541	1360	6800	Methanosarcinaceae	Methanosarcina flavescens	AJ012094	1411	7043	Methanosarcinaceae	Methanosarcina barkeri	6575.0	1352	0	0	1331	0.9844674556213018	1.0	0.9844674556213018	0.9844674556213018	0.9669118
KT828541	1360	6800	Methanosarcinaceae	Methanosarcina flavescens	AJ238648	1319	6595	Methanosarcinaceae	Methanosarcina baltica	5916.0	1299	33	33	1232	0.9731437598736177	0.9745958429561201	0.9484218629715165	0.9014279868783333	0.8970432
KT828541	1360	6800	Methanosarcinaceae	Methanosarcina flavescens	AB288264	1445	7207	Methanosarcinaceae	Methanosarcina subterranea	6566.0	1360	8	8	1333	0.9859467455621301	0.9941176470588236	0.9801470588235294	0.9686833505331957	0.9655882
AJ012094	1411	7043	Methanosarcinaceae	Methanosarcina barkeri	AJ238648	1319	6595	Methanosarcinaceae	Methanosarcina baltica	5930.0	1291	26	26	1230	0.9723320158102767	0.9798605731990705	0.9527498063516654	0.9151317426232777	0.89916605
AJ012094	1411	7043	Methanosarcinaceae	Methanosarcina barkeri	AB288264	1445	7207	Methanosarcinaceae	Methanosarcina subterranea	6735.0	1411	19	19	1373	0.9863505747126436	0.9865343727852587	0.9730687455705174	0.947210974709203	0.9562686
AJ238648	1319	6595	Methanosarcinaceae	Methanosarcina baltica	AB288264	1445	7207	Methanosarcinaceae	Methanosarcina subterranea	6064.0	1316	25	25	1255	0.9721146398140976	0.9810030395136778	0.9536474164133738	0.918090092908028	0.91948444
