AF307138	1500	7500	Methylococcaceae	Methylomicrobium buryatense	EF495157	1395	6975	Methylococcaceae	Methylomicrobium alcaliphilum	6738.0	1399	12	16	1369	0.9898770788141721	0.9913978494623656	0.9785561115082202	0.9591375635831811	0.9660215
AF307138	1500	7500	Methylococcaceae	Methylomicrobium buryatense	X72775	1474	7316	Methylococcaceae	Methylomicrobium pelagicum	6874.0	1467	24	25	1414	0.9805825242718447	0.9836289222373806	0.9638718473074301	0.9321953077245568	0.9395845
AF307138	1500	7500	Methylococcaceae	Methylomicrobium buryatense	AJ132384	1440	7188	Methylococcaceae	Methylomicrobium kenyense	6943.0	1442	14	16	1410	0.9887798036465638	0.9902777777777778	0.9778085991678225	0.9576614439651888	0.96591544
AF307138	1500	7500	Methylococcaceae	Methylomicrobium buryatense	X72767	1469	7321	Methylococcaceae	Methylomicrobium agile	6666.0	1463	34	35	1387	0.9712885154061625	0.9767441860465116	0.948051948051948	0.9043541628711969	0.91053134
AF307138	1500	7500	Methylococcaceae	Methylomicrobium buryatense	D89279	1450	7250	Methylococcaceae	Methylomicrobium japanense	7020.0	1451	15	16	1424	0.9923344947735192	0.9896551724137931	0.9813921433494142	0.960639649185818	0.96827585
AF307138	1500	7500	Methylococcaceae	Methylomicrobium buryatense	X72777	1462	7256	Methylococcaceae	Methylomicrobium album	6675.0	1455	33	34	1385	0.9746657283603096	0.9773039889958735	0.9518900343642611	0.9090293943760854	0.9199283
EF495157	1395	6975	Methylococcaceae	Methylomicrobium alcaliphilum	X72775	1474	7316	Methylococcaceae	Methylomicrobium pelagicum	6685.0	1395	10	7	1363	0.9819884726224783	0.9949820788530466	0.9770609318996416	0.9652388423321726	0.95842296
EF495157	1395	6975	Methylococcaceae	Methylomicrobium alcaliphilum	AJ132384	1440	7188	Methylococcaceae	Methylomicrobium kenyense	6798.0	1395	14	12	1374	0.9934924078091106	0.9913978494623656	0.9849462365591398	0.9667712172897731	0.9746237
EF495157	1395	6975	Methylococcaceae	Methylomicrobium alcaliphilum	X72767	1469	7321	Methylococcaceae	Methylomicrobium agile	6401.0	1395	31	28	1329	0.972201901975128	0.9799283154121864	0.9526881720430107	0.9132711999879353	0.9177061
EF495157	1395	6975	Methylococcaceae	Methylomicrobium alcaliphilum	D89279	1450	7250	Methylococcaceae	Methylomicrobium japanense	6933.0	1395	4	1	1391	0.9978479196556671	0.9992831541218637	0.9971326164874552	0.9935688830475429	0.9939785
EF495157	1395	6975	Methylococcaceae	Methylomicrobium alcaliphilum	X72777	1462	7256	Methylococcaceae	Methylomicrobium album	6463.0	1395	34	31	1336	0.9794721407624634	0.9777777777777777	0.9577060931899641	0.9141435347173625	0.926595
X72775	1474	7316	Methylococcaceae	Methylomicrobium pelagicum	AJ132384	1440	7188	Methylococcaceae	Methylomicrobium kenyense	6806.0	1441	19	20	1394	0.9809992962702322	0.9868055555555556	0.9673837612768911	0.9415426882016864	0.94685584
X72775	1474	7316	Methylococcaceae	Methylomicrobium pelagicum	X72767	1469	7321	Methylococcaceae	Methylomicrobium agile	6844.0	1461	32	32	1407	0.9846046186144157	0.9780971937029432	0.9630390143737166	0.9217566989551514	0.9354839
X72775	1474	7316	Methylococcaceae	Methylomicrobium pelagicum	D89279	1450	7250	Methylococcaceae	Methylomicrobium japanense	6932.0	1436	6	6	1408	0.9846153846153847	0.9958217270194986	0.9805013927576601	0.9723418804739625	0.95613796
X72775	1474	7316	Methylococcaceae	Methylomicrobium pelagicum	X72777	1462	7256	Methylococcaceae	Methylomicrobium album	6891.0	1454	28	28	1410	0.9887798036465638	0.9807427785419532	0.9697386519944979	0.933095356102668	0.9496968
AJ132384	1440	7188	Methylococcaceae	Methylomicrobium kenyense	X72767	1469	7321	Methylococcaceae	Methylomicrobium agile	6608.0	1440	31	30	1370	0.9716312056737588	0.9791666666666666	0.9513888888888888	0.9119363244958077	0.91931
AJ132384	1440	7188	Methylococcaceae	Methylomicrobium kenyense	D89279	1450	7250	Methylococcaceae	Methylomicrobium japanense	6971.0	1429	13	12	1408	0.9936485532815809	0.9916025192442267	0.9853044086773968	0.9682221547128095	0.9698108
AJ132384	1440	7188	Methylococcaceae	Methylomicrobium kenyense	X72777	1462	7256	Methylococcaceae	Methylomicrobium album	6655.0	1434	31	30	1373	0.9779202279202279	0.9790794979079498	0.9574616457461645	0.9175946420666313	0.92584866
X72767	1469	7321	Methylococcaceae	Methylomicrobium agile	D89279	1450	7250	Methylococcaceae	Methylomicrobium japanense	6598.0	1431	28	28	1366	0.9736279401282965	0.9804332634521313	0.9545772187281621	0.917938202793428	0.910069
X72767	1469	7321	Methylococcaceae	Methylomicrobium agile	X72777	1462	7256	Methylococcaceae	Methylomicrobium album	7084.0	1454	6	6	1433	0.9896408839779005	0.9958734525447043	0.9855570839064649	0.9774566147236721	0.9762955
D89279	1450	7250	Methylococcaceae	Methylomicrobium japanense	X72777	1462	7256	Methylococcaceae	Methylomicrobium album	6607.0	1424	31	31	1364	0.9791816223977028	0.9782303370786517	0.9578651685393258	0.917048920807753	0.9113103
