Y16382	1431	7155	Methanomicrobiaceae	Methanoculleus palmolei	FJ977567	1434	7170	Methanomicrobiaceae	Methanoculleus hydrogenitrophicus	6674.0	1419	24	24	1370	0.982078853046595	0.9830866807610994	0.9654686398872445	0.9333532589346543	0.9327743
Y16382	1431	7155	Methanomicrobiaceae	Methanoculleus palmolei	DQ787476	1340	6700	Methanomicrobiaceae	Methanoculleus receptaculi	6407.0	1346	6	12	1308	0.9805097451274363	0.9955223880597015	0.9717682020802377	0.9588304597448499	0.95626867
Y16382	1431	7155	Methanomicrobiaceae	Methanoculleus palmolei	KM111599	1416	7080	Methanomicrobiaceae	Methanoculleus taiwanensis	6643.0	1415	17	16	1366	0.9764117226590422	0.9886925795053003	0.9653710247349824	0.9431243460923466	0.9382768
Y16382	1431	7155	Methanomicrobiaceae	Methanoculleus palmolei	AB436897	1360	6782	Methanomicrobiaceae	Methanoculleus horonobensis	6383.0	1344	17	17	1305	0.9834212509419744	0.9873511904761905	0.9709821428571429	0.9467254251075891	0.9411678
Y16382	1431	7155	Methanomicrobiaceae	Methanoculleus palmolei	AY196674	1255	6275	Methanomicrobiaceae	Methanoculleus bourgensis	6026.0	1255	4	4	1227	0.9808153477218226	0.9968127490039841	0.9776892430278884	0.9714767617377986	0.96031874
Y16382	1431	7155	Methanomicrobiaceae	Methanoculleus palmolei	AB065297	1431	7155	Methanomicrobiaceae	Methanoculleus thermophilus	6738.0	1429	19	17	1383	0.9794617563739377	0.9881035689293212	0.9678096571028691	0.9437480910423006	0.94171906
Y16382	1431	7155	Methanomicrobiaceae	Methanoculleus palmolei	M59134	1466	7168	Methanomicrobiaceae	Methanoculleus marisnigri	6735.0	1431	37	22	1382	0.9808374733853797	0.9846261355695318	0.9657582110412299	0.926943678036167	0.9412998
Y16382	1431	7155	Methanomicrobiaceae	Methanoculleus palmolei	KM111600	1398	6990	Methanomicrobiaceae	Methanoculleus sediminis	6693.0	1398	10	10	1364	0.9827089337175793	0.9928469241773963	0.9756795422031473	0.9618204577968527	0.9575107
Y16382	1431	7155	Methanomicrobiaceae	Methanoculleus palmolei	AB038795	1430	7150	Methanomicrobiaceae	Methanoculleus chikugoensis	6850.0	1429	18	17	1395	0.9879603399433428	0.9881035689293212	0.9762071378586424	0.9525946638952337	0.95804197
Y16382	1431	7155	Methanomicrobiaceae	Methanoculleus palmolei	AF531178	1395	6963	Methanomicrobiaceae	Methanoculleus submarinus	6667.0	1398	16	19	1359	0.9854967367657723	0.9885304659498207	0.9721030042918455	0.9480410487400671	0.9574896
FJ977567	1434	7170	Methanomicrobiaceae	Methanoculleus hydrogenitrophicus	DQ787476	1340	6700	Methanomicrobiaceae	Methanoculleus receptaculi	6291.0	1346	20	26	1294	0.9803030303030303	0.9850746268656716	0.9613670133729569	0.928993014386752	0.93895525
FJ977567	1434	7170	Methanomicrobiaceae	Methanoculleus hydrogenitrophicus	KM111599	1416	7080	Methanomicrobiaceae	Methanoculleus taiwanensis	6683.0	1415	24	23	1370	0.9841954022988506	0.9837455830388693	0.9681978798586572	0.9365750165137254	0.9439266
FJ977567	1434	7170	Methanomicrobiaceae	Methanoculleus hydrogenitrophicus	AB436897	1360	6782	Methanomicrobiaceae	Methanoculleus horonobensis	6523.0	1360	13	14	1326	0.9851411589895989	0.9904341427520236	0.975	0.9558266569555717	0.96181065
FJ977567	1434	7170	Methanomicrobiaceae	Methanoculleus hydrogenitrophicus	AY196674	1255	6275	Methanomicrobiaceae	Methanoculleus bourgensis	5911.0	1255	19	19	1213	0.9813915857605178	0.9848605577689243	0.9665338645418327	0.9377047539825002	0.94199204
FJ977567	1434	7170	Methanomicrobiaceae	Methanoculleus hydrogenitrophicus	AB065297	1431	7155	Methanomicrobiaceae	Methanoculleus thermophilus	6859.0	1417	8	8	1391	0.9872249822569198	0.9943542695836274	0.981651376146789	0.970629325607597	0.9586303
FJ977567	1434	7170	Methanomicrobiaceae	Methanoculleus hydrogenitrophicus	M59134	1466	7168	Methanomicrobiaceae	Methanoculleus marisnigri	6846.0	1432	22	10	1396	0.9817158931082982	0.9930167597765364	0.9748603351955307	0.9534053622063581	0.9550781
FJ977567	1434	7170	Methanomicrobiaceae	Methanoculleus hydrogenitrophicus	KM111600	1398	6990	Methanomicrobiaceae	Methanoculleus sediminis	6752.0	1398	8	8	1371	0.9863309352517986	0.994277539341917	0.98068669527897	0.9695266759870329	0.9659514
FJ977567	1434	7170	Methanomicrobiaceae	Methanoculleus hydrogenitrophicus	AB038795	1430	7150	Methanomicrobiaceae	Methanoculleus chikugoensis	6848.0	1417	5	6	1390	0.9851169383416017	0.9964689265536724	0.9809456598447425	0.9733574726026243	0.95776224
FJ977567	1434	7170	Methanomicrobiaceae	Methanoculleus hydrogenitrophicus	AF531178	1395	6963	Methanomicrobiaceae	Methanoculleus submarinus	6723.0	1398	10	13	1366	0.9862815884476535	0.992831541218638	0.977110157367668	0.9611488408765769	0.9655321
DQ787476	1340	6700	Methanomicrobiaceae	Methanoculleus receptaculi	KM111599	1416	7080	Methanomicrobiaceae	Methanoculleus taiwanensis	6300.0	1340	20	13	1296	0.9766390354182366	0.9902985074626866	0.9671641791044776	0.9436962247585601	0.9402985
DQ787476	1340	6700	Methanomicrobiaceae	Methanoculleus receptaculi	AB436897	1360	6782	Methanomicrobiaceae	Methanoculleus horonobensis	6197.0	1311	17	17	1270	0.98145285935085	0.9870327993897788	0.9687261632341724	0.9439244391754661	0.9249254
DQ787476	1340	6700	Methanomicrobiaceae	Methanoculleus receptaculi	AY196674	1255	6275	Methanomicrobiaceae	Methanoculleus bourgensis	5983.0	1254	3	3	1222	0.9768185451638689	0.9976076555023924	0.9744816586921851	0.9698301949275445	0.9534661
DQ787476	1340	6700	Methanomicrobiaceae	Methanoculleus receptaculi	AB065297	1431	7155	Methanomicrobiaceae	Methanoculleus thermophilus	6312.0	1340	18	12	1297	0.9766566265060241	0.991044776119403	0.9679104477611941	0.9465280372804606	0.94208956
DQ787476	1340	6700	Methanomicrobiaceae	Methanoculleus receptaculi	M59134	1466	7168	Methanomicrobiaceae	Methanoculleus marisnigri	6340.0	1340	16	11	1299	0.9774266365688488	0.9917910447761195	0.9694029850746269	0.9501007132479197	0.9462687
DQ787476	1340	6700	Methanomicrobiaceae	Methanoculleus receptaculi	KM111600	1398	6990	Methanomicrobiaceae	Methanoculleus sediminis	6407.0	1340	14	8	1308	0.9819819819819819	0.9940298507462687	0.9761194029850746	0.9602592649749773	0.95626867
DQ787476	1340	6700	Methanomicrobiaceae	Methanoculleus receptaculi	AB038795	1430	7150	Methanomicrobiaceae	Methanoculleus chikugoensis	6357.0	1340	18	13	1302	0.9811605124340618	0.9902985074626866	0.9716417910447761	0.9494614556085552	0.948806
DQ787476	1340	6700	Methanomicrobiaceae	Methanoculleus receptaculi	AF531178	1395	6963	Methanomicrobiaceae	Methanoculleus submarinus	6382.0	1340	17	11	1305	0.981941309255079	0.9917910447761195	0.9738805970149254	0.953785787349179	0.9525373
KM111599	1416	7080	Methanomicrobiaceae	Methanoculleus taiwanensis	AB436897	1360	6782	Methanomicrobiaceae	Methanoculleus horonobensis	6287.0	1342	15	16	1294	0.975867269984917	0.9888143176733781	0.9642324888226528	0.9422050701391582	0.9270127
KM111599	1416	7080	Methanomicrobiaceae	Methanoculleus taiwanensis	AY196674	1255	6275	Methanomicrobiaceae	Methanoculleus bourgensis	5907.0	1255	14	14	1213	0.9774375503626108	0.9888446215139443	0.9665338645418327	0.9452076642209727	0.9413546
KM111599	1416	7080	Methanomicrobiaceae	Methanoculleus taiwanensis	AB065297	1431	7155	Methanomicrobiaceae	Methanoculleus thermophilus	6646.0	1416	21	22	1366	0.9799139167862266	0.9851590106007068	0.9646892655367232	0.9358224329562923	0.93870056
KM111599	1416	7080	Methanomicrobiaceae	Methanoculleus taiwanensis	M59134	1466	7168	Methanomicrobiaceae	Methanoculleus marisnigri	6630.0	1415	27	17	1364	0.9756795422031473	0.9879858657243816	0.9639575971731449	0.9345441892150185	0.9364407
KM111599	1416	7080	Methanomicrobiaceae	Methanoculleus taiwanensis	KM111600	1398	6990	Methanomicrobiaceae	Methanoculleus sediminis	6633.0	1397	13	14	1357	0.9812002892263196	0.9906876790830945	0.9713672154617037	0.9527665666549902	0.94892704
KM111599	1416	7080	Methanomicrobiaceae	Methanoculleus taiwanensis	AB038795	1430	7150	Methanomicrobiaceae	Methanoculleus chikugoensis	6676.0	1416	14	16	1370	0.9785714285714285	0.9900990099009901	0.9675141242937854	0.9472166251827269	0.94293785
KM111599	1416	7080	Methanomicrobiaceae	Methanoculleus taiwanensis	AF531178	1395	6963	Methanomicrobiaceae	Methanoculleus submarinus	6574.0	1397	12	16	1349	0.9768283852280956	0.9913854989231874	0.9656406585540444	0.9464512061484281	0.9441333
AB436897	1360	6782	Methanomicrobiaceae	Methanoculleus horonobensis	AY196674	1255	6275	Methanomicrobiaceae	Methanoculleus bourgensis	5952.0	1255	15	15	1218	0.9822580645161291	0.9880478087649402	0.9705179282868526	0.9475923079336199	0.9485259
AB436897	1360	6782	Methanomicrobiaceae	Methanoculleus horonobensis	AB065297	1431	7155	Methanomicrobiaceae	Methanoculleus thermophilus	6318.0	1343	18	18	1297	0.9788679245283018	0.9865971705137752	0.9657483246463142	0.9402031815990936	0.9315836
AB436897	1360	6782	Methanomicrobiaceae	Methanoculleus horonobensis	M59134	1466	7168	Methanomicrobiaceae	Methanoculleus marisnigri	6546.0	1360	8	8	1328	0.9822485207100592	0.9941176470588236	0.9764705882352941	0.9650498796009632	0.96520203
AB436897	1360	6782	Methanomicrobiaceae	Methanoculleus horonobensis	KM111600	1398	6990	Methanomicrobiaceae	Methanoculleus sediminis	6504.0	1343	7	7	1319	0.9872754491017964	0.9947877885331348	0.9821295606850335	0.9719445133890406	0.9590092
AB436897	1360	6782	Methanomicrobiaceae	Methanoculleus horonobensis	AB038795	1430	7150	Methanomicrobiaceae	Methanoculleus chikugoensis	6511.0	1343	10	11	1319	0.9902402402402403	0.992548435171386	0.9821295606850335	0.966885864621186	0.9600413
AB436897	1360	6782	Methanomicrobiaceae	Methanoculleus horonobensis	AF531178	1395	6963	Methanomicrobiaceae	Methanoculleus submarinus	6520.0	1343	6	6	1320	0.9872849663425579	0.9955323901712584	0.9828741623231572	0.9741310267057534	0.9613683
AY196674	1255	6275	Methanomicrobiaceae	Methanoculleus bourgensis	AB065297	1431	7155	Methanomicrobiaceae	Methanoculleus thermophilus	5896.0	1255	13	13	1212	0.9758454106280193	0.9896414342629483	0.9657370517928286	0.9459348724973922	0.9396016
AY196674	1255	6275	Methanomicrobiaceae	Methanoculleus bourgensis	M59134	1466	7168	Methanomicrobiaceae	Methanoculleus marisnigri	5924.0	1255	7	7	1214	0.9727564102564102	0.9944223107569721	0.9673306772908367	0.9565995921227924	0.9440637
AY196674	1255	6275	Methanomicrobiaceae	Methanoculleus bourgensis	KM111600	1398	6990	Methanomicrobiaceae	Methanoculleus sediminis	5992.0	1255	6	6	1223	0.9791833466773419	0.9952191235059761	0.9745019920318725	0.965228380688191	0.9549004
AY196674	1255	6275	Methanomicrobiaceae	Methanoculleus bourgensis	AB038795	1430	7150	Methanomicrobiaceae	Methanoculleus chikugoensis	5960.0	1255	10	11	1219	0.979903536977492	0.9920255183413078	0.9713147410358566	0.9551901484969214	0.9498008
AY196674	1255	6275	Methanomicrobiaceae	Methanoculleus bourgensis	AF531178	1395	6963	Methanomicrobiaceae	Methanoculleus submarinus	5959.0	1255	8	8	1219	0.9775461106655974	0.9936254980079682	0.9713147410358566	0.9590098828754657	0.9496414
AB065297	1431	7155	Methanomicrobiaceae	Methanoculleus thermophilus	M59134	1466	7168	Methanomicrobiaceae	Methanoculleus marisnigri	6648.0	1429	40	23	1372	0.9758179231863442	0.9839048285514346	0.960111966410077	0.9189363000493997	0.92914045
AB065297	1431	7155	Methanomicrobiaceae	Methanoculleus thermophilus	KM111600	1398	6990	Methanomicrobiaceae	Methanoculleus sediminis	6666.0	1398	13	13	1361	0.9826714801444043	0.9907010014306151	0.9735336194563662	0.9555946583607847	0.9536481
AB065297	1431	7155	Methanomicrobiaceae	Methanoculleus thermophilus	AB038795	1430	7150	Methanomicrobiaceae	Methanoculleus chikugoensis	6790.0	1431	13	14	1389	0.9802399435426958	0.990909090909091	0.9706498951781971	0.952500624284976	0.94965035
AB065297	1431	7155	Methanomicrobiaceae	Methanoculleus thermophilus	AF531178	1395	6963	Methanomicrobiaceae	Methanoculleus submarinus	6585.0	1398	18	21	1350	0.9803921568627451	0.9870967741935484	0.9656652360515021	0.9390685240416091	0.94571304
M59134	1466	7168	Methanomicrobiaceae	Methanoculleus marisnigri	KM111600	1398	6990	Methanomicrobiaceae	Methanoculleus sediminis	6844.0	1397	1	0	1380	0.9878310665712241	1.0	0.9878310665712241	0.9871244635193133	0.97911304
M59134	1466	7168	Methanomicrobiaceae	Methanoculleus marisnigri	AB038795	1430	7150	Methanomicrobiaceae	Methanoculleus chikugoensis	6877.0	1444	12	26	1398	0.9858956276445698	0.9916083916083916	0.9681440443213296	0.9428765486590971	0.96181816
M59134	1466	7168	Methanomicrobiaceae	Methanoculleus marisnigri	AF531178	1395	6963	Methanomicrobiaceae	Methanoculleus submarinus	6885.0	1397	1	3	1383	0.9921090387374462	0.9992831541218637	0.9899785254115963	0.9871459688295888	0.9887979
KM111600	1398	6990	Methanomicrobiaceae	Methanoculleus sediminis	AB038795	1430	7150	Methanomicrobiaceae	Methanoculleus chikugoensis	6814.0	1398	4	5	1378	0.9892318736539842	0.9971367215461704	0.9856938483547926	0.9793662844209887	0.97482115
KM111600	1398	6990	Methanomicrobiaceae	Methanoculleus sediminis	AF531178	1395	6963	Methanomicrobiaceae	Methanoculleus submarinus	6851.0	1398	0	3	1381	0.9899641577060931	1.0	0.9878397711015737	0.9857199432665917	0.983915
AB038795	1430	7150	Methanomicrobiaceae	Methanoculleus chikugoensis	AF531178	1395	6963	Methanomicrobiaceae	Methanoculleus submarinus	6822.0	1397	6	8	1377	0.9913606911447084	0.9956989247311828	0.9856836077308518	0.975847848280936	0.9797501
