GU937478	1360	6800	Methylophilaceae	Methylobacillus gramineus	KX057479	1443	7215	Methylophilaceae	Methylobacillus methanolivorans	6566.0	1360	8	10	1333	0.9874074074074074	0.9941089837997055	0.9801470588235294	0.967250386996904	0.9655882
GU937478	1360	6800	Methylophilaceae	Methylobacillus gramineus	DQ287787	1400	7000	Methylophilaceae	Methylobacillus flagellatus	6541.0	1352	13	15	1326	0.9917726252804787	0.9903703703703703	0.9807692307692307	0.9606508875739644	0.96191174
GU937478	1360	6800	Methylophilaceae	Methylobacillus gramineus	EU672802	1425	7125	Methylophilaceae	Methylobacillus rhizosphaerae	6630.0	1360	12	10	1341	0.9933333333333333	0.9926470588235294	0.9860294117647059	0.9702184445206654	0.975
GU937478	1360	6800	Methylophilaceae	Methylobacillus gramineus	AY298905	1401	6981	Methylophilaceae	Methylobacillus pratensis	6369.0	1360	19	16	1310	0.9747023809523809	0.9882352941176471	0.9632352941176471	0.9387876978202447	0.9366177
GU937478	1360	6800	Methylophilaceae	Methylobacillus gramineus	FR733701	1532	7660	Methylophilaceae	Methylobacillus glycogenes	6699.0	1360	4	6	1348	0.9955686853766618	0.9970544918998527	0.9911764705882353	0.9839097809211661	0.98514706
GU937478	1360	6800	Methylophilaceae	Methylobacillus gramineus	GU937479	1397	6985	Methylophilaceae	Methylobacillus arboreus	6619.0	1360	11	12	1339	0.9933234421364985	0.9919058130978661	0.9845588235294118	0.9680417900201657	0.97338235
KX057479	1443	7215	Methylophilaceae	Methylobacillus methanolivorans	DQ287787	1400	7000	Methylophilaceae	Methylobacillus flagellatus	6738.0	1370	5	5	1357	0.9941391941391942	0.9963503649635036	0.9905109489051095	0.9833072329130723	0.96257144
KX057479	1443	7215	Methylophilaceae	Methylobacillus methanolivorans	EU672802	1425	7125	Methylophilaceae	Methylobacillus rhizosphaerae	6866.0	1423	14	12	1395	0.9886605244507441	0.9915671117357695	0.9803232607167955	0.9625860270503817	0.9636491
KX057479	1443	7215	Methylophilaceae	Methylobacillus methanolivorans	AY298905	1401	6981	Methylophilaceae	Methylobacillus pratensis	6635.0	1396	12	7	1357	0.9769618430525558	0.9949856733524355	0.9720630372492837	0.9589457093318572	0.9504369
KX057479	1443	7215	Methylophilaceae	Methylobacillus methanolivorans	FR733701	1532	7660	Methylophilaceae	Methylobacillus glycogenes	7057.0	1443	6	6	1425	0.9916492693110647	0.9958419958419958	0.9875259875259875	0.9793477184781533	0.9781012
KX057479	1443	7215	Methylophilaceae	Methylobacillus methanolivorans	GU937479	1397	6985	Methylophilaceae	Methylobacillus arboreus	6861.0	1396	3	2	1383	0.9921090387374462	0.998567335243553	0.9906876790830945	0.9871469797296882	0.98224765
DQ287787	1400	7000	Methylophilaceae	Methylobacillus flagellatus	EU672802	1425	7125	Methylophilaceae	Methylobacillus rhizosphaerae	6600.0	1363	15	12	1339	0.9911176905995559	0.9911958914159942	0.9823917828319882	0.9631431775079943	0.94285715
DQ287787	1400	7000	Methylophilaceae	Methylobacillus flagellatus	AY298905	1401	6981	Methylophilaceae	Methylobacillus pratensis	6389.0	1353	20	15	1309	0.9783258594917787	0.9889135254988913	0.967479674796748	0.9428170465244347	0.9151984
DQ287787	1400	7000	Methylophilaceae	Methylobacillus flagellatus	FR733701	1532	7660	Methylophilaceae	Methylobacillus glycogenes	6826.0	1397	6	6	1379	0.99137311286844	0.9957050823192556	0.9871152469577666	0.97867235104651	0.97514284
DQ287787	1400	7000	Methylophilaceae	Methylobacillus flagellatus	GU937479	1397	6985	Methylophilaceae	Methylobacillus arboreus	6678.0	1354	1	0	1344	0.9926144756277696	1.0	0.9926144756277696	0.9918819188191882	0.95604867
EU672802	1425	7125	Methylophilaceae	Methylobacillus rhizosphaerae	AY298905	1401	6981	Methylophilaceae	Methylobacillus pratensis	6560.0	1400	22	21	1348	0.977519941986947	0.985	0.9628571428571429	0.9337412095639943	0.93969345
EU672802	1425	7125	Methylophilaceae	Methylobacillus rhizosphaerae	FR733701	1532	7660	Methylophilaceae	Methylobacillus glycogenes	6904.0	1425	15	17	1399	0.9936079545454546	0.9894588896697118	0.9817543859649123	0.9599376218323586	0.96898246
EU672802	1425	7125	Methylophilaceae	Methylobacillus rhizosphaerae	GU937479	1397	6985	Methylophilaceae	Methylobacillus arboreus	6830.0	1400	8	11	1380	0.9935205183585313	0.9942734430923408	0.9857142857142858	0.9724127435064935	0.9778096
AY298905	1401	6981	Methylophilaceae	Methylobacillus pratensis	FR733701	1532	7660	Methylophilaceae	Methylobacillus glycogenes	6612.0	1401	8	13	1354	0.9755043227665706	0.994269340974212	0.966452533904354	0.9520483442578022	0.94714224
AY298905	1401	6981	Methylophilaceae	Methylobacillus pratensis	GU937479	1397	6985	Methylophilaceae	Methylobacillus arboreus	6601.0	1400	10	14	1353	0.9761904761904762	0.9928366762177651	0.9664285714285714	0.9499787234042554	0.94556653
FR733701	1532	7660	Methylophilaceae	Methylobacillus glycogenes	GU937479	1397	6985	Methylophilaceae	Methylobacillus arboreus	6849.0	1396	9	8	1381	0.9949567723342939	0.994269340974212	0.9892550143266475	0.9772853807013429	0.9805297
