AF384373	1494	7470	Piscirickettsiaceae	Methylophaga alcalica	JF330773	1491	7455	Piscirickettsiaceae	Methylophaga lonarensis	6816.0	1468	53	46	1407	0.989451476793249	0.9686648501362398	0.9584468664850136	0.8960627509149831	0.9142857
AF384373	1494	7470	Piscirickettsiaceae	Methylophaga alcalica	AY694421	1419	7089	Piscirickettsiaceae	Methylophaga muralis	6625.0	1417	41	39	1363	0.9891146589259797	0.9724770642201835	0.9618913196894848	0.9091126464554938	0.9345465
AF384373	1494	7470	Piscirickettsiaceae	Methylophaga alcalica	DQ660915	1446	7230	Piscirickettsiaceae	Methylophaga thiooxydans	6811.0	1440	35	29	1395	0.9886605244507441	0.9798611111111111	0.96875	0.9267161016949153	0.942047
AF384373	1494	7470	Piscirickettsiaceae	Methylophaga alcalica	CP003390	1490	7450	Piscirickettsiaceae	Methylophaga nitratireducenticrescens	7102.0	1483	31	29	1446	0.9944979367262724	0.9804450438300741	0.9750505731625084	0.9364092030239679	0.9532886
AF384373	1494	7470	Piscirickettsiaceae	Methylophaga alcalica	CP003380	1492	7460	Piscirickettsiaceae	Methylophaga frappieri	7026.0	1483	34	30	1437	0.9889883000688231	0.9797707349966285	0.968981793661497	0.9281018761965426	0.94182307
AF384373	1494	7470	Piscirickettsiaceae	Methylophaga alcalica	X95459	1490	7450	Piscirickettsiaceae	Methylophaga marina	6919.0	1483	40	38	1425	0.986159169550173	0.9743762643290627	0.9608900876601484	0.9116783825797206	0.9287248
AF384373	1494	7470	Piscirickettsiaceae	Methylophaga alcalica	X95460	1491	7455	Piscirickettsiaceae	Methylophaga thalassica	6988.0	1483	40	37	1432	0.9903181189488244	0.9750505731625084	0.9656102494942683	0.9167908212532581	0.9373575
AF384373	1494	7470	Piscirickettsiaceae	Methylophaga alcalica	DQ463161	1498	7490	Piscirickettsiaceae	Methylophaga aminisulfidivorans	6896.0	1475	43	44	1417	0.9902166317260657	0.9708276797829036	0.9606779661016949	0.9056193474911235	0.9231593
AF384373	1494	7470	Piscirickettsiaceae	Methylophaga alcalica	X95461	1440	7200	Piscirickettsiaceae	Methylophaga sulfidovorans	6712.0	1436	38	36	1381	0.9864285714285714	0.9749303621169917	0.9616991643454039	0.9134184735980769	0.93222225
JF330773	1491	7455	Piscirickettsiaceae	Methylophaga lonarensis	AY694421	1419	7089	Piscirickettsiaceae	Methylophaga muralis	6554.0	1408	41	39	1351	0.9868517165814463	0.9723011363636364	0.9595170454545454	0.9065416392182697	0.924531
JF330773	1491	7455	Piscirickettsiaceae	Methylophaga lonarensis	DQ660915	1446	7230	Piscirickettsiaceae	Methylophaga thiooxydans	6598.0	1420	54	48	1361	0.9919825072886297	0.9661971830985916	0.9584507042253522	0.8921264356832993	0.91258645
JF330773	1491	7455	Piscirickettsiaceae	Methylophaga lonarensis	CP003390	1490	7450	Piscirickettsiaceae	Methylophaga nitratireducenticrescens	6786.0	1457	39	37	1399	0.9852112676056338	0.9746053534660261	0.9601921757035004	0.9114123592907557	0.91087246
JF330773	1491	7455	Piscirickettsiaceae	Methylophaga lonarensis	CP003380	1492	7460	Piscirickettsiaceae	Methylophaga frappieri	6821.0	1457	45	41	1402	0.9901129943502824	0.9718599862731641	0.9622512010981469	0.9071555930459227	0.9149564
JF330773	1491	7455	Piscirickettsiaceae	Methylophaga lonarensis	X95459	1490	7450	Piscirickettsiaceae	Methylophaga marina	6815.0	1457	41	39	1402	0.9887165021156559	0.9732326698695951	0.9622512010981469	0.9108626189300216	0.9147651
JF330773	1491	7455	Piscirickettsiaceae	Methylophaga lonarensis	X95460	1491	7455	Piscirickettsiaceae	Methylophaga thalassica	6830.0	1457	44	41	1403	0.990819209039548	0.9718599862731641	0.9629375428963624	0.9084074355371413	0.9161636
JF330773	1491	7455	Piscirickettsiaceae	Methylophaga lonarensis	DQ463161	1498	7490	Piscirickettsiaceae	Methylophaga aminisulfidivorans	6710.0	1449	51	52	1384	0.9906943450250537	0.9647790055248618	0.9551414768806074	0.8895550954681389	0.9000671
JF330773	1491	7455	Piscirickettsiaceae	Methylophaga lonarensis	X95461	1440	7200	Piscirickettsiaceae	Methylophaga sulfidovorans	6546.0	1410	42	40	1351	0.9861313868613139	0.9716312056737588	0.9581560283687943	0.9040452884746888	0.9091667
AY694421	1419	7089	Piscirickettsiaceae	Methylophaga muralis	DQ660915	1446	7230	Piscirickettsiaceae	Methylophaga thiooxydans	6605.0	1419	41	37	1362	0.9855282199710564	0.9739252995066948	0.959830866807611	0.9085522314576153	0.9317252
AY694421	1419	7089	Piscirickettsiaceae	Methylophaga muralis	CP003390	1490	7450	Piscirickettsiaceae	Methylophaga nitratireducenticrescens	6787.0	1419	22	22	1383	0.9899785254115963	0.9844961240310077	0.9746300211416491	0.9448703258396141	0.9573988
AY694421	1419	7089	Piscirickettsiaceae	Methylophaga muralis	CP003380	1492	7460	Piscirickettsiaceae	Methylophaga frappieri	6739.0	1419	24	22	1378	0.9863994273443092	0.9844961240310077	0.971106412966878	0.9401494517773586	0.95062774
AY694421	1419	7089	Piscirickettsiaceae	Methylophaga muralis	X95459	1490	7450	Piscirickettsiaceae	Methylophaga marina	6477.0	1419	50	50	1346	0.9831994156318481	0.9647639182522904	0.9485553206483439	0.8839838216253116	0.91366905
AY694421	1419	7089	Piscirickettsiaceae	Methylophaga muralis	X95460	1491	7455	Piscirickettsiaceae	Methylophaga thalassica	6534.0	1419	50	49	1352	0.9868613138686131	0.9654686398872445	0.952783650458069	0.8885729075068446	0.9217097
AY694421	1419	7089	Piscirickettsiaceae	Methylophaga muralis	DQ463161	1498	7490	Piscirickettsiaceae	Methylophaga aminisulfidivorans	6487.0	1419	53	54	1346	0.9860805860805861	0.96262341325811	0.9485553206483439	0.8796046281827373	0.9150797
AY694421	1419	7089	Piscirickettsiaceae	Methylophaga muralis	X95461	1440	7200	Piscirickettsiaceae	Methylophaga sulfidovorans	6570.0	1419	42	42	1357	0.9854756717501816	0.9704016913319239	0.95630725863284	0.9013245004362906	0.926788
DQ660915	1446	7230	Piscirickettsiaceae	Methylophaga thiooxydans	CP003390	1490	7450	Piscirickettsiaceae	Methylophaga nitratireducenticrescens	6760.0	1446	26	30	1390	0.981638418079096	0.9819694868238558	0.9612724757952974	0.9247023272596068	0.9349931
DQ660915	1446	7230	Piscirickettsiaceae	Methylophaga thiooxydans	CP003380	1492	7460	Piscirickettsiaceae	Methylophaga frappieri	6836.0	1446	27	29	1399	0.9872971065631616	0.9813019390581718	0.9674965421853389	0.9307145962502547	0.94550484
DQ660915	1446	7230	Piscirickettsiaceae	Methylophaga thiooxydans	X95459	1490	7450	Piscirickettsiaceae	Methylophaga marina	6831.0	1446	32	36	1398	0.9914893617021276	0.9778085991678225	0.966804979253112	0.922324100640655	0.94481325
DQ660915	1446	7230	Piscirickettsiaceae	Methylophaga thiooxydans	X95460	1491	7455	Piscirickettsiaceae	Methylophaga thalassica	6955.0	1446	23	26	1413	0.9950704225352113	0.9840609840609841	0.9771784232365145	0.9445836358038465	0.961964
DQ660915	1446	7230	Piscirickettsiaceae	Methylophaga thiooxydans	DQ463161	1498	7490	Piscirickettsiaceae	Methylophaga aminisulfidivorans	6892.0	1446	28	33	1405	0.9943382873319179	0.9805690492713394	0.9716459197786999	0.9314353355816166	0.95325035
DQ660915	1446	7230	Piscirickettsiaceae	Methylophaga thiooxydans	X95461	1440	7200	Piscirickettsiaceae	Methylophaga sulfidovorans	6869.0	1436	17	21	1399	0.9886925795053003	0.9881284916201117	0.974233983286908	0.9487550491059703	0.9540278
CP003390	1490	7450	Piscirickettsiaceae	Methylophaga nitratireducenticrescens	CP003380	1492	7460	Piscirickettsiaceae	Methylophaga frappieri	7147.0	1490	19	17	1455	0.9877800407331976	0.9885906040268456	0.9765100671140939	0.9532136042803582	0.95932883
CP003390	1490	7450	Piscirickettsiaceae	Methylophaga nitratireducenticrescens	X95459	1490	7450	Piscirickettsiaceae	Methylophaga marina	6944.0	1490	35	35	1431	0.9835051546391752	0.9765100671140939	0.9604026845637584	0.9163186269116514	0.9320805
CP003390	1490	7450	Piscirickettsiaceae	Methylophaga nitratireducenticrescens	X95460	1491	7455	Piscirickettsiaceae	Methylophaga thalassica	6954.0	1490	36	35	1432	0.9841924398625429	0.9765100671140939	0.9610738255033557	0.9163580708436321	0.9334228
CP003390	1490	7450	Piscirickettsiaceae	Methylophaga nitratireducenticrescens	DQ463161	1498	7490	Piscirickettsiaceae	Methylophaga aminisulfidivorans	6864.0	1482	38	41	1417	0.9833448993754337	0.9743069641649763	0.956140350877193	0.9064462142197599	0.92134225
CP003390	1490	7450	Piscirickettsiaceae	Methylophaga nitratireducenticrescens	X95461	1440	7200	Piscirickettsiaceae	Methylophaga sulfidovorans	6703.0	1440	35	35	1382	0.9836298932384342	0.9756944444444444	0.9597222222222223	0.9141760828625235	0.9309722
CP003380	1492	7460	Piscirickettsiaceae	Methylophaga frappieri	X95459	1490	7450	Piscirickettsiaceae	Methylophaga marina	6998.0	1492	39	41	1437	0.9903514817367333	0.9738255033557047	0.9631367292225201	0.9128095323983518	0.93932885
CP003380	1492	7460	Piscirickettsiaceae	Methylophaga frappieri	X95460	1491	7455	Piscirickettsiaceae	Methylophaga thalassica	6973.0	1492	40	41	1434	0.9882839421088904	0.9731723675385647	0.9611260053619303	0.9103092909792172	0.9353454
CP003380	1492	7460	Piscirickettsiaceae	Methylophaga frappieri	DQ463161	1498	7490	Piscirickettsiaceae	Methylophaga aminisulfidivorans	6874.0	1484	45	50	1418	0.9888423988842399	0.9695740365111561	0.9555256064690026	0.8961567819990515	0.9214477
CP003380	1492	7460	Piscirickettsiaceae	Methylophaga frappieri	X95461	1440	7200	Piscirickettsiaceae	Methylophaga sulfidovorans	6759.0	1442	30	32	1389	0.9851063829787234	0.9791666666666666	0.963245492371706	0.9226740110353977	0.93875
X95459	1490	7450	Piscirickettsiaceae	Methylophaga marina	X95460	1491	7455	Piscirickettsiaceae	Methylophaga thalassica	7170.0	1490	25	24	1457	0.9938608458390177	0.9838926174496644	0.9778523489932885	0.9462254413360799	0.9624161
X95459	1490	7450	Piscirickettsiaceae	Methylophaga marina	DQ463161	1498	7490	Piscirickettsiaceae	Methylophaga aminisulfidivorans	7129.0	1482	23	26	1448	0.9945054945054945	0.9844489519945909	0.9770580296896086	0.9452468380252957	0.95691276
X95459	1490	7450	Piscirickettsiaceae	Methylophaga marina	X95461	1440	7200	Piscirickettsiaceae	Methylophaga sulfidovorans	6981.0	1440	16	16	1414	0.9929775280898876	0.9888888888888889	0.9819444444444444	0.9603632478632478	0.96958333
X95460	1491	7455	Piscirickettsiaceae	Methylophaga thalassica	DQ463161	1498	7490	Piscirickettsiaceae	Methylophaga aminisulfidivorans	7290.0	1483	11	15	1467	0.9993188010899182	0.9925625422582827	0.9892110586648685	0.9719958729049711	0.9778672
X95460	1491	7455	Piscirickettsiaceae	Methylophaga thalassica	X95461	1440	7200	Piscirickettsiaceae	Methylophaga sulfidovorans	7036.0	1441	11	12	1421	0.9944016794961511	0.9923611111111111	0.9861207494795281	0.9705003794808855	0.9772222
DQ463161	1498	7490	Piscirickettsiaceae	Methylophaga aminisulfidivorans	X95461	1440	7200	Piscirickettsiaceae	Methylophaga sulfidovorans	6936.0	1439	23	22	1408	0.9936485532815809	0.9847116052814454	0.9784572619874913	0.948340588396905	0.9633333
