FR798962	1486	7424	Methylococcaceae	Methylomonas lenta	X72776	1440	7182	Methylococcaceae	Methylomonas aurantiaca	6519.0	1412	30	30	1348	0.975397973950796	0.9787535410764873	0.9546742209631728	0.9149512991477843	0.9076859
FR798962	1486	7424	Methylococcaceae	Methylomonas lenta	AF304196	1499	7477	Methylococcaceae	Methylomonas methanica	6909.0	1478	25	25	1421	0.9779766001376462	0.983085250338295	0.9614343707713126	0.9294505261016083	0.9306304
FR798962	1486	7424	Methylococcaceae	Methylomonas lenta	AJ131369	1510	7472	Methylococcaceae	Methylomonas scandinavica	7076.0	1486	22	21	1442	0.9843003412969283	0.9858681022880216	0.9703903095558546	0.9427200288457075	0.953125
FR798962	1486	7424	Methylococcaceae	Methylomonas lenta	X72778	1460	7282	Methylococcaceae	Methylomonas fodinarum	6636.0	1434	31	30	1371	0.9764957264957265	0.9790794979079498	0.9560669456066946	0.9162580147657333	0.9112881
FR798962	1486	7424	Methylococcaceae	Methylomonas lenta	HE801216	1435	7175	Methylococcaceae	Methylomonas paludis	6815.0	1427	17	18	1389	0.985805535841022	0.988078541374474	0.9733707077785564	0.9497779274653642	0.94982576
FR798962	1486	7424	Methylococcaceae	Methylomonas lenta	AB538964	1458	7290	Methylococcaceae	Methylomonas koyamae	6795.0	1456	34	32	1399	0.9824438202247191	0.978021978021978	0.9608516483516484	0.9182904343978169	0.93209875
X72776	1440	7182	Methylococcaceae	Methylomonas aurantiaca	AF304196	1499	7477	Methylococcaceae	Methylomonas methanica	6628.0	1432	27	27	1370	0.9750889679715302	0.9811452513966481	0.9567039106145251	0.9212947185835557	0.9228627
X72776	1440	7182	Methylococcaceae	Methylomonas aurantiaca	AJ131369	1510	7472	Methylococcaceae	Methylomonas scandinavica	6528.0	1437	43	32	1360	0.9679715302491103	0.977731384829506	0.9464161447459986	0.898455867140627	0.908939
X72776	1440	7182	Methylococcaceae	Methylomonas aurantiaca	X72778	1460	7282	Methylococcaceae	Methylomonas fodinarum	7116.0	1438	0	0	1430	0.9944367176634215	1.0	0.9944367176634215	0.9944367176634215	0.99081033
X72776	1440	7182	Methylococcaceae	Methylomonas aurantiaca	HE801216	1435	7175	Methylococcaceae	Methylomonas paludis	6603.0	1421	22	23	1363	0.974964234620887	0.9845070422535211	0.9591836734693877	0.9292715007000721	0.9202787
X72776	1440	7182	Methylococcaceae	Methylomonas aurantiaca	AB538964	1458	7290	Methylococcaceae	Methylomonas koyamae	6585.0	1412	31	29	1357	0.9812002892263196	0.9794617563739377	0.9610481586402266	0.9210877362435436	0.91687554
AF304196	1499	7477	Methylococcaceae	Methylomonas methanica	AJ131369	1510	7472	Methylococcaceae	Methylomonas scandinavica	6877.0	1497	33	33	1424	0.9726775956284153	0.9779559118236473	0.9512358049432198	0.9102021035535123	0.9203694
AF304196	1499	7477	Methylococcaceae	Methylomonas methanica	X72778	1460	7282	Methylococcaceae	Methylomonas fodinarum	6730.0	1454	26	25	1391	0.9734079776067179	0.982806052269601	0.9566712517193948	0.9237048775047401	0.92419666
AF304196	1499	7477	Methylococcaceae	Methylomonas methanica	HE801216	1435	7175	Methylococcaceae	Methylomonas paludis	6764.0	1436	17	18	1387	0.9781382228490832	0.9881533101045297	0.9658774373259053	0.9426112912100025	0.9427178
AF304196	1499	7477	Methylococcaceae	Methylomonas methanica	AB538964	1458	7290	Methylococcaceae	Methylomonas koyamae	6746.0	1456	32	30	1394	0.9775596072931276	0.9793956043956044	0.9574175824175825	0.9175251831501832	0.92537725
AJ131369	1510	7472	Methylococcaceae	Methylomonas scandinavica	X72778	1460	7282	Methylococcaceae	Methylomonas fodinarum	6617.0	1449	29	25	1375	0.9655898876404494	0.9827467218771566	0.9489302967563837	0.9142603129777338	0.90867895
AJ131369	1510	7472	Methylococcaceae	Methylomonas scandinavica	HE801216	1435	7175	Methylococcaceae	Methylomonas paludis	6744.0	1432	29	26	1382	0.9829302987197724	0.9818435754189944	0.9650837988826816	0.9287527866044151	0.9399303
AJ131369	1510	7472	Methylococcaceae	Methylomonas scandinavica	AB538964	1458	7290	Methylococcaceae	Methylomonas koyamae	6708.0	1452	38	32	1387	0.9767605633802817	0.977961432506887	0.9552341597796143	0.9103573871725184	0.9201646
X72778	1460	7282	Methylococcaceae	Methylomonas fodinarum	HE801216	1435	7175	Methylococcaceae	Methylomonas paludis	6694.0	1437	20	22	1380	0.9752650176678446	0.9860627177700348	0.9603340292275574	0.9326510990782386	0.93296164
X72778	1460	7282	Methylococcaceae	Methylomonas fodinarum	AB538964	1458	7290	Methylococcaceae	Methylomonas koyamae	6684.0	1435	30	29	1378	0.9800853485064012	0.9797909407665505	0.9602787456445993	0.9216054036698339	0.9178797
HE801216	1435	7175	Methylococcaceae	Methylomonas paludis	AB538964	1458	7290	Methylococcaceae	Methylomonas koyamae	6671.0	1426	29	26	1374	0.9814285714285714	0.9817671809256662	0.9635343618513323	0.9271121007504229	0.9297561
