X15364	1482	7410	Methanobacteriaceae	Methanothermobacter marburgensis	HQ283273	1451	7255	Methanobacteriaceae	Methanothermobacter crinale	6592.0	1449	29	28	1374	0.9669247009148487	0.9806763285024155	0.94824016563147	0.9116706869839775	0.90861475
X15364	1482	7410	Methanobacteriaceae	Methanothermobacter marburgensis	X99046	1445	7219	Methanobacteriaceae	Methanothermobacter defluvii	7007.0	1441	13	9	1419	0.9909217877094972	0.9937543372657877	0.9847328244274809	0.9698331530812604	0.97063303
X15364	1482	7410	Methanobacteriaceae	Methanothermobacter marburgensis	X99048	1432	7160	Methanobacteriaceae	Methanothermobacter thermophilus	6976.0	1441	7	16	1413	0.991578947368421	0.9951117318435754	0.9805690492713394	0.9649937121627477	0.9743017
X15364	1482	7410	Methanobacteriaceae	Methanothermobacter marburgensis	AB104858	1446	7230	Methanobacteriaceae	Methanothermobacter wolfeii	7027.0	1444	11	9	1422	0.9909407665505227	0.9937673130193906	0.9847645429362881	0.9712282605591569	0.9719225
X15364	1482	7410	Methanobacteriaceae	Methanothermobacter marburgensis	X99047	1454	7258	Methanobacteriaceae	Methanothermobacter thermoflexus	7083.0	1464	6	16	1434	0.9903314917127072	0.9958734525447043	0.9795081967213115	0.9648488903758224	0.97588867
X15364	1482	7410	Methanobacteriaceae	Methanothermobacter marburgensis	AY196660	1200	6000	Methanobacteriaceae	Methanothermobacter thermautotrophicus	5908.0	1201	1	2	1190	0.9924937447873228	0.9991666666666666	0.9908409658617818	0.9883679850817607	0.98466665
X15364	1482	7410	Methanobacteriaceae	Methanothermobacter marburgensis	AB523785	1414	7070	Methanobacteriaceae	Methanothermobacter tenebrarum	6489.0	1412	30	28	1346	0.9725433526011561	0.9801699716713881	0.953257790368272	0.9149159374963165	0.91782176
HQ283273	1451	7255	Methanobacteriaceae	Methanothermobacter crinale	X99046	1445	7219	Methanobacteriaceae	Methanothermobacter defluvii	6573.0	1441	32	29	1369	0.9695467422096318	0.9798750867453158	0.9500346981263011	0.9106917812317292	0.91051394
HQ283273	1451	7255	Methanobacteriaceae	Methanothermobacter crinale	X99048	1432	7160	Methanobacteriaceae	Methanothermobacter thermophilus	6482.0	1422	25	34	1348	0.9711815561959655	0.9823071479122435	0.9479606188466948	0.9093084581611696	0.90530723
HQ283273	1451	7255	Methanobacteriaceae	Methanothermobacter crinale	AB104858	1446	7230	Methanobacteriaceae	Methanothermobacter wolfeii	6576.0	1433	27	28	1365	0.9715302491103203	0.9811452513966481	0.9525471039776692	0.9166634801976885	0.9095436
HQ283273	1451	7255	Methanobacteriaceae	Methanothermobacter crinale	X99047	1454	7258	Methanobacteriaceae	Methanothermobacter thermoflexus	6544.0	1441	25	36	1362	0.9693950177935943	0.9825174825174825	0.945176960444136	0.9058483147503485	0.90199864
HQ283273	1451	7255	Methanobacteriaceae	Methanothermobacter crinale	AY196660	1200	6000	Methanobacteriaceae	Methanothermobacter thermautotrophicus	5574.0	1201	11	12	1152	0.9688814129520605	0.9908333333333333	0.9592006661115737	0.9409980132068162	0.929
HQ283273	1451	7255	Methanobacteriaceae	Methanothermobacter crinale	AB523785	1414	7070	Methanobacteriaceae	Methanothermobacter tenebrarum	6925.0	1412	7	5	1397	0.9928926794598436	0.9964589235127479	0.9893767705382436	0.9810099479544105	0.9794908
X99046	1445	7219	Methanobacteriaceae	Methanothermobacter defluvii	X99048	1432	7160	Methanobacteriaceae	Methanothermobacter thermophilus	6987.0	1426	3	15	1407	0.997165131112686	0.9978783592644979	0.9866760168302945	0.9742476275350214	0.975838
X99046	1445	7219	Methanobacteriaceae	Methanothermobacter defluvii	AB104858	1446	7230	Methanobacteriaceae	Methanothermobacter wolfeii	6925.0	1435	10	12	1406	0.9880534082923401	0.9930216329378926	0.9797909407665505	0.9648737084503816	0.9592741
X99046	1445	7219	Methanobacteriaceae	Methanothermobacter defluvii	X99047	1454	7258	Methanobacteriaceae	Methanothermobacter thermoflexus	7072.0	1445	2	16	1425	0.9972008397480756	0.9986023759608665	0.986159169550173	0.9738918129144417	0.9796371
X99046	1445	7219	Methanobacteriaceae	Methanothermobacter defluvii	AY196660	1200	6000	Methanobacteriaceae	Methanothermobacter thermautotrophicus	5944.0	1198	3	1	1193	0.9966583124477861	0.9991652754590985	0.9958263772954925	0.9925097199189878	0.9906667
X99046	1445	7219	Methanobacteriaceae	Methanothermobacter defluvii	AB523785	1414	7070	Methanobacteriaceae	Methanothermobacter tenebrarum	6529.0	1415	26	27	1352	0.9740634005763689	0.9816124469589816	0.9554770318021202	0.9203345733111332	0.9234795
X99048	1432	7160	Methanobacteriaceae	Methanothermobacter thermophilus	AB104858	1446	7230	Methanobacteriaceae	Methanothermobacter wolfeii	6928.0	1426	18	7	1405	0.9901338971106413	0.9950911640953717	0.985273492286115	0.9682154332091394	0.9675978
X99048	1432	7160	Methanobacteriaceae	Methanothermobacter thermophilus	X99047	1454	7258	Methanobacteriaceae	Methanothermobacter thermoflexus	7072.0	1432	8	9	1421	0.9985945186226283	0.9944095038434662	0.99231843575419	0.9806035653320919	0.9877095
X99048	1432	7160	Methanobacteriaceae	Methanothermobacter thermophilus	AY196660	1200	6000	Methanobacteriaceae	Methanothermobacter thermautotrophicus	5926.0	1193	8	1	1190	0.9983221476510067	0.9991617770326907	0.9974853310980721	0.9900104202072456	0.98766667
X99048	1432	7160	Methanobacteriaceae	Methanothermobacter thermophilus	AB523785	1414	7070	Methanobacteriaceae	Methanothermobacter tenebrarum	6463.0	1394	32	22	1338	0.9752186588921283	0.9842180774748924	0.9598278335724534	0.9234809170136088	0.9141443
AB104858	1446	7230	Methanobacteriaceae	Methanothermobacter wolfeii	X99047	1454	7258	Methanobacteriaceae	Methanothermobacter thermoflexus	6971.0	1446	5	17	1413	0.9888033589923023	0.9965132496513249	0.9771784232365145	0.9623624857374081	0.964177
AB104858	1446	7230	Methanobacteriaceae	Methanothermobacter wolfeii	AY196660	1200	6000	Methanobacteriaceae	Methanothermobacter thermautotrophicus	5910.0	1200	0	0	1190	0.9916666666666667	1.0	0.9916666666666667	0.9916666666666667	0.985
AB104858	1446	7230	Methanobacteriaceae	Methanothermobacter wolfeii	AB523785	1414	7070	Methanobacteriaceae	Methanothermobacter tenebrarum	6544.0	1413	24	24	1353	0.9740820734341252	0.9830148619957537	0.9575371549893843	0.9255526153655218	0.9256011
X99047	1454	7258	Methanobacteriaceae	Methanothermobacter thermoflexus	AY196660	1200	6000	Methanobacteriaceae	Methanothermobacter thermautotrophicus	5899.0	1191	11	2	1186	0.9974768713204374	0.998320738874895	0.9958018471872376	0.9850319436818848	0.9831667
X99047	1454	7258	Methanobacteriaceae	Methanothermobacter thermoflexus	AB523785	1414	7070	Methanobacteriaceae	Methanothermobacter tenebrarum	6498.0	1402	34	22	1345	0.9746376811594203	0.9843081312410842	0.9593437945791726	0.9219320588574222	0.91909474
AY196660	1200	6000	Methanobacteriaceae	Methanothermobacter thermautotrophicus	AB523785	1414	7070	Methanobacteriaceae	Methanothermobacter tenebrarum	5627.0	1200	12	11	1158	0.9739276703111859	0.9908333333333333	0.965	0.9466872937293729	0.9378333
