KR261651	1513	7565	Streptosporangiaceae	Microbispora camponoti	FJ261972	1480	7400	Streptosporangiaceae	Microbispora hainanensis	7229.0	1487	13	20	1461	0.9959100204498977	0.9912162162162163	0.9825151311365165	0.9608997982515131	0.9768919
KR261651	1513	7565	Streptosporangiaceae	Microbispora camponoti	D86936	1440	7176	Streptosporangiaceae	Microbispora rosea subsp. rosea	7033.0	1443	5	8	1421	0.9902439024390244	0.9965277777777778	0.9847539847539848	0.975912961410199	0.98007244
KR261651	1513	7565	Streptosporangiaceae	Microbispora camponoti	KF886293	1513	7565	Streptosporangiaceae	Microbispora bryophytorum	7538.0	1513	0	0	1510	0.9980171844018506	1.0	0.9980171844018506	0.9980171844018506	0.99643093
KR261651	1513	7565	Streptosporangiaceae	Microbispora camponoti	U48984	1415	7075	Streptosporangiaceae	Microbispora rosea subsp. aerata	6903.0	1414	15	14	1395	0.9964285714285714	0.9900990099009901	0.9865629420084866	0.9665417206521212	0.97568905
KR261651	1513	7565	Streptosporangiaceae	Microbispora camponoti	FJ199993	1494	7470	Streptosporangiaceae	Microbispora siamensis	7100.0	1476	16	7	1446	0.9843430905377808	0.9952574525745257	0.9796747967479674	0.9645725713289304	0.95046854
KR261651	1513	7565	Streptosporangiaceae	Microbispora camponoti	AB018046	1442	7204	Streptosporangiaceae	Microbispora corallina	7037.0	1443	11	12	1422	0.9937106918238994	0.992371705963939	0.9854469854469855	0.9698587594048393	0.97681844
FJ261972	1480	7400	Streptosporangiaceae	Microbispora hainanensis	D86936	1440	7176	Streptosporangiaceae	Microbispora rosea subsp. rosea	7016.0	1441	10	11	1418	0.9916083916083916	0.9930555555555556	0.9840388619014573	0.9697970865052267	0.97770345
FJ261972	1480	7400	Streptosporangiaceae	Microbispora hainanensis	KF886293	1513	7565	Streptosporangiaceae	Microbispora bryophytorum	7247.0	1480	20	13	1463	0.9972733469665985	0.9912162162162163	0.9885135135135135	0.9667662162162162	0.97932434
FJ261972	1480	7400	Streptosporangiaceae	Microbispora hainanensis	U48984	1415	7075	Streptosporangiaceae	Microbispora rosea subsp. aerata	6887.0	1412	19	16	1392	0.997134670487106	0.9886685552407932	0.9858356940509915	0.9617237099197653	0.97342753
FJ261972	1480	7400	Streptosporangiaceae	Microbispora hainanensis	FJ199993	1494	7470	Streptosporangiaceae	Microbispora siamensis	7178.0	1474	17	6	1454	0.9904632152588556	0.9959294436906377	0.9864314789687924	0.9712148967982477	0.97
FJ261972	1480	7400	Streptosporangiaceae	Microbispora hainanensis	AB018046	1442	7204	Streptosporangiaceae	Microbispora corallina	7069.0	1441	13	12	1425	0.9972008397480756	0.9916724496877168	0.9888965995836225	0.9718935631396125	0.9812604
D86936	1440	7176	Streptosporangiaceae	Microbispora rosea subsp. rosea	KF886293	1513	7565	Streptosporangiaceae	Microbispora bryophytorum	7033.0	1440	9	6	1421	0.9909344490934449	0.9958333333333333	0.9868055555555556	0.9765901771336554	0.98007244
D86936	1440	7176	Streptosporangiaceae	Microbispora rosea subsp. rosea	U48984	1415	7075	Streptosporangiaceae	Microbispora rosea subsp. aerata	6827.0	1411	16	12	1385	0.9899928520371694	0.9914953933380581	0.9815733522324592	0.9623133285026001	0.964947
D86936	1440	7176	Streptosporangiaceae	Microbispora rosea subsp. rosea	FJ199993	1494	7470	Streptosporangiaceae	Microbispora siamensis	6858.0	1440	22	12	1402	0.9817927170868347	0.9916666666666667	0.9736111111111111	0.950968992248062	0.9556856
D86936	1440	7176	Streptosporangiaceae	Microbispora rosea subsp. rosea	AB018046	1442	7204	Streptosporangiaceae	Microbispora corallina	6953.0	1440	17	15	1411	0.9901754385964913	0.9895833333333334	0.9798611111111111	0.9583404827270647	0.96892416
KF886293	1513	7565	Streptosporangiaceae	Microbispora bryophytorum	U48984	1415	7075	Streptosporangiaceae	Microbispora rosea subsp. aerata	6921.0	1414	15	14	1397	0.9978571428571429	0.9900990099009901	0.987977369165488	0.9679274435491134	0.9782332
KF886293	1513	7565	Streptosporangiaceae	Microbispora bryophytorum	FJ199993	1494	7470	Streptosporangiaceae	Microbispora siamensis	7118.0	1476	16	7	1448	0.9857045609257998	0.9952574525745257	0.981029810298103	0.9659066966004781	0.9528782
KF886293	1513	7565	Streptosporangiaceae	Microbispora bryophytorum	AB018046	1442	7204	Streptosporangiaceae	Microbispora corallina	7055.0	1443	11	12	1424	0.9951083158630328	0.992371705963939	0.9868329868329868	0.9712228364222862	0.97931707
U48984	1415	7075	Streptosporangiaceae	Microbispora rosea subsp. aerata	FJ199993	1494	7470	Streptosporangiaceae	Microbispora siamensis	6786.0	1415	23	17	1383	0.9892703862660944	0.9879858657243816	0.9773851590106007	0.950197811054812	0.9591519
U48984	1415	7075	Streptosporangiaceae	Microbispora rosea subsp. aerata	AB018046	1442	7204	Streptosporangiaceae	Microbispora corallina	6890.0	1415	11	13	1393	0.9935805991440799	0.9922151450813871	0.984452296819788	0.9678836747134241	0.97385156
FJ199993	1494	7470	Streptosporangiaceae	Microbispora siamensis	AB018046	1442	7204	Streptosporangiaceae	Microbispora corallina	6955.0	1450	11	19	1414	0.9881201956673655	0.992371705963939	0.9751724137931035	0.9551483395879062	0.96543586
