FJ423763	1514	7570	Micrococcaceae	Micrococcus terreus	FR832424	1407	7035	Micrococcaceae	Micrococcus cohnii	6769.0	1405	14	12	1376	0.9877961234745154	0.9914590747330961	0.9793594306049822	0.9614148603472447	0.9621891
FJ423763	1514	7570	Micrococcaceae	Micrococcus terreus	X80750	1472	7360	Micrococcaceae	Micrococcus lylae	7067.0	1470	14	12	1438	0.9862825788751715	0.9918367346938776	0.9782312925170068	0.9610924693327466	0.96019024
FJ423763	1514	7570	Micrococcaceae	Micrococcus terreus	DQ491453	1407	7035	Micrococcaceae	Micrococcus flavus	6702.0	1419	16	28	1370	0.9849029475197699	0.9886282871357498	0.9654686398872445	0.9358654202670085	0.95266527
FJ423763	1514	7570	Micrococcaceae	Micrococcus terreus	EU005372	1438	7190	Micrococcaceae	Micrococcus endophyticus	6928.0	1447	10	19	1410	0.9873949579831933	0.9930458970792768	0.9744298548721493	0.9550348886461422	0.9635605
FJ423763	1514	7570	Micrococcaceae	Micrococcus terreus	KF524364	1360	6800	Micrococcaceae	Micrococcus aloeverae	6613.0	1359	4	3	1339	0.9874631268436578	0.9977924944812362	0.9852832965415746	0.9802231475497984	0.9725
FJ423763	1514	7570	Micrococcaceae	Micrococcus terreus	AJ005932	1497	7485	Micrococcaceae	Micrococcus antarcticus	7195.0	1498	13	14	1464	0.9865229110512129	0.991315965263861	0.9773030707610146	0.9598396803503281	0.96125585
FJ423763	1514	7570	Micrococcaceae	Micrococcus terreus	AJ536198	1418	7090	Micrococcaceae	Micrococcus luteus	6863.0	1420	3	5	1393	0.984452296819788	0.9978843441466855	0.9809859154929578	0.9754708857502004	0.96798307
FJ423763	1514	7570	Micrococcaceae	Micrococcus terreus	FJ214355	1426	7130	Micrococcaceae	Micrococcus yunnanensis	6890.0	1426	7	7	1399	0.9859055673009162	0.9950911640953717	0.9810659186535764	0.9714811853240928	0.9663394
FR832424	1407	7035	Micrococcaceae	Micrococcus cohnii	X80750	1472	7360	Micrococcaceae	Micrococcus lylae	6777.0	1407	16	16	1377	0.9899352983465133	0.9886282871357498	0.9786780383795309	0.9566698182613687	0.9633262
FR832424	1407	7035	Micrococcaceae	Micrococcus cohnii	DQ491453	1407	7035	Micrococcaceae	Micrococcus flavus	6594.0	1400	18	32	1349	0.9861111111111112	0.987012987012987	0.9635714285714285	0.9295950030223655	0.93731344
FR832424	1407	7035	Micrococcaceae	Micrococcus cohnii	EU005372	1438	7190	Micrococcaceae	Micrococcus endophyticus	6702.0	1386	10	14	1359	0.9905247813411079	0.9927641099855282	0.9805194805194806	0.9636624120864808	0.95266527
FR832424	1407	7035	Micrococcaceae	Micrococcus cohnii	KF524364	1360	6800	Micrococcaceae	Micrococcus aloeverae	6566.0	1355	7	8	1331	0.9881217520415738	0.9948301329394387	0.9822878228782288	0.9714696750491735	0.9655882
FR832424	1407	7035	Micrococcaceae	Micrococcus cohnii	AJ005932	1497	7485	Micrococcaceae	Micrococcus antarcticus	6804.0	1407	10	13	1380	0.9899569583931134	0.9928774928774928	0.9808102345415778	0.9648902377917851	0.96716416
FR832424	1407	7035	Micrococcaceae	Micrococcus cohnii	AJ536198	1418	7090	Micrococcaceae	Micrococcus luteus	6801.0	1407	9	10	1380	0.9878310665712241	0.9935988620199147	0.9808102345415778	0.9676496452362883	0.96673775
FR832424	1407	7035	Micrococcaceae	Micrococcus cohnii	FJ214355	1426	7130	Micrococcaceae	Micrococcus yunnanensis	6660.0	1377	9	10	1351	0.9882955376737381	0.9934593023255814	0.981118373275236	0.9676686986055177	0.9466951
X80750	1472	7360	Micrococcaceae	Micrococcus lylae	DQ491453	1407	7035	Micrococcaceae	Micrococcus flavus	6699.0	1421	18	32	1370	0.986321094312455	0.9872068230277186	0.9641097818437719	0.9306104843509376	0.9522388
X80750	1472	7360	Micrococcaceae	Micrococcus lylae	EU005372	1438	7190	Micrococcaceae	Micrococcus endophyticus	6933.0	1440	11	17	1408	0.9894588896697118	0.9923291492329149	0.9777777777777777	0.9589095642851673	0.9642559
X80750	1472	7360	Micrococcaceae	Micrococcus lylae	KF524364	1360	6800	Micrococcaceae	Micrococcus aloeverae	6629.0	1361	6	7	1341	0.9903988183161004	0.9955882352941177	0.9853049228508449	0.975934795566967	0.9748529
X80750	1472	7360	Micrococcaceae	Micrococcus lylae	AJ005932	1497	7485	Micrococcaceae	Micrococcus antarcticus	7019.0	1463	16	19	1428	0.9889196675900277	0.989041095890411	0.9760765550239234	0.9529780564263323	0.9536685
X80750	1472	7360	Micrococcaceae	Micrococcus lylae	AJ536198	1418	7090	Micrococcaceae	Micrococcus luteus	6888.0	1422	5	9	1396	0.9879688605803255	0.9964739069111425	0.9817158931082982	0.9720844828045028	0.97150916
X80750	1472	7360	Micrococcaceae	Micrococcus lylae	FJ214355	1426	7130	Micrococcaceae	Micrococcus yunnanensis	6899.0	1428	10	12	1400	0.9887005649717514	0.9929873772791024	0.9803921568627451	0.9653931113474598	0.96760166
DQ491453	1407	7035	Micrococcaceae	Micrococcus flavus	EU005372	1438	7190	Micrococcaceae	Micrococcus endophyticus	6811.0	1405	10	12	1380	0.990667623833453	0.992872416250891	0.9822064056939501	0.9669353520365176	0.9681592
DQ491453	1407	7035	Micrococcaceae	Micrococcus flavus	KF524364	1360	6800	Micrococcaceae	Micrococcus aloeverae	6457.0	1333	22	8	1311	0.9894339622641509	0.9939984996249063	0.9834958739684921	0.9617210575706658	0.9495588
DQ491453	1407	7035	Micrococcaceae	Micrococcus flavus	AJ005932	1497	7485	Micrococcaceae	Micrococcus antarcticus	6753.0	1407	23	12	1376	0.9863799283154122	0.9914712153518124	0.9779673063255153	0.9540310435832825	0.9599147
DQ491453	1407	7035	Micrococcaceae	Micrococcus flavus	AJ536198	1418	7090	Micrococcaceae	Micrococcus luteus	6739.0	1396	24	14	1369	0.9905933429811867	0.9899713467048711	0.9806590257879656	0.9544160377739215	0.95792466
DQ491453	1407	7035	Micrococcaceae	Micrococcus flavus	FJ214355	1426	7130	Micrococcaceae	Micrococcus yunnanensis	6785.0	1397	9	9	1374	0.9899135446685879	0.9935576234788833	0.9835361488904796	0.9709446476955801	0.9644634
EU005372	1438	7190	Micrococcaceae	Micrococcus endophyticus	KF524364	1360	6800	Micrococcaceae	Micrococcus aloeverae	6567.0	1330	7	4	1321	0.9962292609351433	0.9969924812030075	0.9932330827067669	0.985061381951513	0.9657353
EU005372	1438	7190	Micrococcaceae	Micrococcus endophyticus	AJ005932	1497	7485	Micrococcaceae	Micrococcus antarcticus	7019.0	1438	15	7	1420	0.9923130677847659	0.9951321279554938	0.9874826147426982	0.9725310541615975	0.976217
EU005372	1438	7190	Micrococcaceae	Micrococcus endophyticus	AJ536198	1418	7090	Micrococcaceae	Micrococcus luteus	6865.0	1392	5	5	1381	0.9956741167988464	0.9964080459770115	0.9920977011494253	0.9849960712199376	0.9682652
EU005372	1438	7190	Micrococcaceae	Micrococcus endophyticus	FJ214355	1426	7130	Micrococcaceae	Micrococcus yunnanensis	7046.0	1424	4	2	1416	0.9957805907172996	0.9985955056179775	0.9943820224719101	0.9902039467472382	0.9882188
KF524364	1360	6800	Micrococcaceae	Micrococcus aloeverae	AJ005932	1497	7485	Micrococcaceae	Micrococcus antarcticus	6599.0	1356	5	7	1335	0.9896219421793921	0.9963072378138847	0.9845132743362832	0.9758327752238398	0.97044116
KF524364	1360	6800	Micrococcaceae	Micrococcus aloeverae	AJ536198	1418	7090	Micrococcaceae	Micrococcus luteus	6752.0	1359	2	2	1354	0.997789240972734	0.9985283296541575	0.9963208241353937	0.9933926218601978	0.9929412
KF524364	1360	6800	Micrococcaceae	Micrococcus aloeverae	FJ214355	1426	7130	Micrococcaceae	Micrococcus yunnanensis	6595.0	1324	2	2	1321	0.9992435703479576	0.9984894259818731	0.9977341389728097	0.994724382897477	0.9698529
AJ005932	1497	7485	Micrococcaceae	Micrococcus antarcticus	AJ536198	1418	7090	Micrococcaceae	Micrococcus luteus	6871.0	1412	10	7	1391	0.9900355871886121	0.9950424929178471	0.9851274787535411	0.9733502866728025	0.96911144
AJ005932	1497	7485	Micrococcaceae	Micrococcus antarcticus	FJ214355	1426	7130	Micrococcaceae	Micrococcus yunnanensis	6940.0	1425	9	8	1404	0.9908256880733946	0.9943859649122807	0.9852631578947368	0.973582911253028	0.973352
AJ536198	1418	7090	Micrococcaceae	Micrococcus luteus	FJ214355	1426	7130	Micrococcaceae	Micrococcus yunnanensis	6884.0	1383	3	0	1380	0.9978308026030369	1.0	0.9978308026030369	0.9956709956709957	0.970945
