AF005188	1446	7230	Moraxellaceae	Moraxella cuniculi	DQ153089	1648	8240	Moraxellaceae	Moraxella bovoculi	6643.0	1436	38	55	1368	0.9905865314989138	0.9732205778717407	0.9526462395543176	0.8925403370586924	0.9188105
AF005188	1446	7230	Moraxellaceae	Moraxella cuniculi	FM872292	1364	6820	Moraxellaceae	Moraxella porci	6609.0	1368	12	16	1340	0.9911242603550295	0.9912023460410557	0.97953216374269	0.9596575981015341	0.9690616
AF005188	1446	7230	Moraxellaceae	Moraxella cuniculi	AF005185	1446	7230	Moraxellaceae	Moraxella catarrhalis	6924.0	1446	29	29	1409	0.9943542695836274	0.9799446749654218	0.9744121715076072	0.936096303068664	0.95767635
AF005188	1446	7230	Moraxellaceae	Moraxella cuniculi	AF005186	1446	7230	Moraxellaceae	Moraxella ovis	6837.0	1446	36	36	1399	0.9921985815602837	0.975103734439834	0.9674965421853389	0.9204926615933385	0.9456431
AF005188	1446	7230	Moraxellaceae	Moraxella cuniculi	DQ156148	1489	7445	Moraxellaceae	Moraxella caprae	6543.0	1396	126	33	1355	0.9941305942773294	0.9763610315186246	0.9706303724928367	0.8692307475083682	0.9049792
AF005188	1446	7230	Moraxellaceae	Moraxella cuniculi	HM161851	1503	7461	Moraxellaceae	Moraxella atlantae	6105.0	1446	81	81	1309	0.958974358974359	0.9439834024896265	0.9052558782849239	0.8092169442429085	0.8443983
AF005188	1446	7230	Moraxellaceae	Moraxella cuniculi	AF005182	1447	7235	Moraxellaceae	Moraxella bovis	6949.0	1446	29	28	1412	0.995768688293371	0.9806362378976486	0.9764868603042877	0.9387514358721898	0.96113414
AF005188	1446	7230	Moraxellaceae	Moraxella cuniculi	HM152563	1502	7510	Moraxellaceae	Moraxella nonliquefaciens	6847.0	1446	38	39	1399	0.994314143567875	0.9737024221453288	0.9674965421853389	0.9172962499021373	0.94702625
AF005188	1446	7230	Moraxellaceae	Moraxella cuniculi	AF005187	1446	7230	Moraxellaceae	Moraxella caviae	6940.0	1446	21	21	1412	0.9908771929824561	0.9854771784232366	0.9764868603042877	0.948530181277171	0.95988935
AF005188	1446	7230	Moraxellaceae	Moraxella cuniculi	DQ156147	1397	6985	Moraxellaceae	Moraxella boevrei	6111.0	1407	59	69	1295	0.9678624813153961	0.9577666428060129	0.9203980099502488	0.8400358371851521	0.8748747
AF005188	1446	7230	Moraxellaceae	Moraxella cuniculi	AJ269511	1447	7235	Moraxellaceae	Moraxella canis	6784.0	1430	38	29	1388	0.9907209136331192	0.9797202797202798	0.9706293706293706	0.9263295287818448	0.9383126
AF005188	1446	7230	Moraxellaceae	Moraxella cuniculi	FR822735	1501	7505	Moraxellaceae	Moraxella lincolnii	6493.0	1446	53	55	1358	0.9762760603882099	0.9632963988919667	0.9391424619640387	0.8714790957918465	0.8980636
AF005188	1446	7230	Moraxellaceae	Moraxella cuniculi	AM884564	1395	6975	Moraxellaceae	Moraxella pluranimalium	6792.0	1395	14	14	1373	0.9942070963070239	0.9899641577060931	0.9842293906810036	0.9646705383466755	0.97376347
AF005188	1446	7230	Moraxellaceae	Moraxella cuniculi	D64049	1519	7595	Moraxellaceae	Moraxella lacunata	6807.0	1446	42	45	1394	0.9950035688793719	0.9708939708939709	0.9640387275242047	0.9076735599875073	0.94149375
AF005188	1446	7230	Moraxellaceae	Moraxella cuniculi	AF005184	1440	7200	Moraxellaceae	Moraxella equi	6782.0	1441	43	44	1389	0.9942734430923408	0.9701388888888889	0.963913948646773	0.9074041686385053	0.9419444
DQ153089	1648	8240	Moraxellaceae	Moraxella bovoculi	FM872292	1364	6820	Moraxellaceae	Moraxella porci	6384.0	1373	40	49	1313	0.9916918429003021	0.9706744868035191	0.956300072833212	0.8960660271982821	0.9360704
DQ153089	1648	8240	Moraxellaceae	Moraxella bovoculi	AF005185	1446	7230	Moraxellaceae	Moraxella catarrhalis	6730.0	1419	22	23	1376	0.9856733524355301	0.9844851904090268	0.9696969696969697	0.9394149685613947	0.9308437
DQ153089	1648	8240	Moraxellaceae	Moraxella bovoculi	AF005186	1446	7230	Moraxellaceae	Moraxella ovis	6840.0	1419	17	18	1389	0.9914346895074947	0.9880112834978844	0.9788583509513742	0.9550003827875175	0.9460581
DQ153089	1648	8240	Moraxellaceae	Moraxella bovoculi	DQ156148	1489	7445	Moraxellaceae	Moraxella caprae	6626.0	1393	120	24	1364	0.9963476990504018	0.9827709978463748	0.9791816223977028	0.8859878658707568	0.8899933
DQ153089	1648	8240	Moraxellaceae	Moraxella bovoculi	HM161851	1503	7461	Moraxellaceae	Moraxella atlantae	6278.0	1468	76	77	1338	0.9618979151689432	0.9481935923653715	0.9114441416893733	0.8211261665090144	0.84144217
DQ153089	1648	8240	Moraxellaceae	Moraxella bovoculi	AF005182	1447	7235	Moraxellaceae	Moraxella bovis	6857.0	1419	18	18	1391	0.9928622412562456	0.9873150105708245	0.9802677942212826	0.955709937163547	0.94775397
DQ153089	1648	8240	Moraxellaceae	Moraxella bovoculi	HM152563	1502	7510	Moraxellaceae	Moraxella nonliquefaciens	7035.0	1468	18	20	1432	0.988950276243094	0.9877216916780355	0.9754768392370572	0.9505319402525295	0.936751
DQ153089	1648	8240	Moraxellaceae	Moraxella bovoculi	AF005187	1446	7230	Moraxellaceae	Moraxella caviae	6756.0	1419	30	24	1380	0.989247311827957	0.9830866807610994	0.9725158562367865	0.9362730292962852	0.93443984
DQ153089	1648	8240	Moraxellaceae	Moraxella bovoculi	DQ156147	1397	6985	Moraxellaceae	Moraxella boevrei	6107.0	1395	72	70	1292	0.9750943396226415	0.9498207885304659	0.9261648745519713	0.836515650157711	0.8743021
DQ153089	1648	8240	Moraxellaceae	Moraxella bovoculi	AJ269511	1447	7235	Moraxellaceae	Moraxella canis	6762.0	1433	36	34	1385	0.9899928520371694	0.9762735519888346	0.9665038381018841	0.9204485156599972	0.93462336
DQ153089	1648	8240	Moraxellaceae	Moraxella bovoculi	FR822735	1501	7505	Moraxellaceae	Moraxella lincolnii	6612.0	1468	47	50	1382	0.9746121297602257	0.9679180887372013	0.94141689373297	0.8811413566424762	0.8810127
DQ153089	1648	8240	Moraxellaceae	Moraxella bovoculi	AM884564	1395	6975	Moraxellaceae	Moraxella pluranimalium	6519.0	1395	44	44	1339	0.9911176905995559	0.9684587813620071	0.9598566308243728	0.9011579626433133	0.93462366
DQ153089	1648	8240	Moraxellaceae	Moraxella bovoculi	D64049	1519	7595	Moraxellaceae	Moraxella lacunata	7080.0	1468	19	24	1436	0.9944598337950139	0.987012987012987	0.9782016348773842	0.9499147012528196	0.9321922
DQ153089	1648	8240	Moraxellaceae	Moraxella bovoculi	AF005184	1440	7200	Moraxellaceae	Moraxella equi	6854.0	1414	17	19	1388	0.9949820788530466	0.9879603399433428	0.9816124469589816	0.9569177942052965	0.9519445
FM872292	1364	6820	Moraxellaceae	Moraxella porci	AF005185	1446	7230	Moraxellaceae	Moraxella catarrhalis	6559.0	1364	22	18	1334	0.9910846953937593	0.9868035190615836	0.9780058651026393	0.9497805876104997	0.9617302
FM872292	1364	6820	Moraxellaceae	Moraxella porci	AF005186	1446	7230	Moraxellaceae	Moraxella ovis	6384.0	1364	40	39	1312	0.990188679245283	0.9714076246334311	0.9618768328445748	0.9077541335605852	0.9360704
FM872292	1364	6820	Moraxellaceae	Moraxella porci	DQ156148	1489	7445	Moraxellaceae	Moraxella caprae	6441.0	1364	122	24	1331	0.9932835820895523	0.9824046920821115	0.9758064516129032	0.8799331394086745	0.94442815
FM872292	1364	6820	Moraxellaceae	Moraxella porci	HM161851	1503	7461	Moraxellaceae	Moraxella atlantae	5783.0	1364	86	71	1241	0.9597834493426141	0.9479472140762464	0.9098240469208211	0.8113120639093941	0.84794724
FM872292	1364	6820	Moraxellaceae	Moraxella porci	AF005182	1447	7235	Moraxellaceae	Moraxella bovis	6542.0	1364	34	25	1332	0.9947722180731889	0.9816715542521994	0.9765395894428153	0.9353265452531685	0.9592375
FM872292	1364	6820	Moraxellaceae	Moraxella porci	HM152563	1502	7510	Moraxellaceae	Moraxella nonliquefaciens	6489.0	1364	40	26	1327	0.9917787742899851	0.9809384164222874	0.9728739002932552	0.9271405118179312	0.95146626
FM872292	1364	6820	Moraxellaceae	Moraxella porci	AF005187	1446	7230	Moraxellaceae	Moraxella caviae	6533.0	1364	27	25	1330	0.9932785660941	0.9816715542521994	0.9750733137829912	0.9386219749499822	0.95791787
FM872292	1364	6820	Moraxellaceae	Moraxella porci	DQ156147	1397	6985	Moraxellaceae	Moraxella boevrei	6070.0	1364	54	50	1276	0.9710806697108066	0.9633431085043989	0.9354838709677419	0.8668729241548752	0.8900293
FM872292	1364	6820	Moraxellaceae	Moraxella porci	AJ269511	1447	7235	Moraxellaceae	Moraxella canis	6613.0	1364	16	12	1341	0.9918639053254438	0.9912023460410557	0.9831378299120235	0.963190105826852	0.9696481
FM872292	1364	6820	Moraxellaceae	Moraxella porci	FR822735	1501	7505	Moraxellaceae	Moraxella lincolnii	6154.0	1364	48	46	1286	0.9757207890743551	0.966275659824047	0.9428152492668622	0.8800499281400315	0.902346
FM872292	1364	6820	Moraxellaceae	Moraxella porci	AM884564	1395	6975	Moraxellaceae	Moraxella pluranimalium	6695.0	1357	8	7	1346	0.997037037037037	0.9948415622697127	0.9918938835666913	0.9809939507802441	0.9816716
FM872292	1364	6820	Moraxellaceae	Moraxella porci	D64049	1519	7595	Moraxellaceae	Moraxella lacunata	6395.0	1364	50	38	1315	0.9917043740573153	0.9721407624633431	0.9640762463343109	0.9040771588679606	0.9376833
FM872292	1364	6820	Moraxellaceae	Moraxella porci	AF005184	1440	7200	Moraxellaceae	Moraxella equi	6450.0	1364	45	31	1322	0.991747936984246	0.9772727272727273	0.969208211143695	0.9169301245241629	0.9457478
AF005185	1446	7230	Moraxellaceae	Moraxella catarrhalis	AF005186	1446	7230	Moraxellaceae	Moraxella ovis	6886.0	1446	25	25	1405	0.9887403237156932	0.9827109266943291	0.9716459197786999	0.938619205986086	0.9524205
AF005185	1446	7230	Moraxellaceae	Moraxella catarrhalis	DQ156148	1489	7445	Moraxellaceae	Moraxella caprae	6521.0	1396	122	29	1353	0.9897585954645208	0.9792263610315186	0.9691977077363897	0.8727887130933101	0.90193635
AF005185	1446	7230	Moraxellaceae	Moraxella catarrhalis	HM161851	1503	7461	Moraxellaceae	Moraxella atlantae	6140.0	1446	80	80	1313	0.9612005856515373	0.9446749654218534	0.9080221300138313	0.8128166642194584	0.8492393
AF005185	1446	7230	Moraxellaceae	Moraxella catarrhalis	AF005182	1447	7235	Moraxellaceae	Moraxella bovis	6896.0	1446	29	28	1406	0.9915373765867419	0.9806362378976486	0.9723374827109267	0.9347624071078604	0.9538036
AF005185	1446	7230	Moraxellaceae	Moraxella catarrhalis	HM152563	1502	7510	Moraxellaceae	Moraxella nonliquefaciens	7082.0	1446	12	13	1428	0.9965108164689462	0.9916955017301038	0.9875518672199171	0.9706185361633342	0.97952974
AF005185	1446	7230	Moraxellaceae	Moraxella catarrhalis	AF005187	1446	7230	Moraxellaceae	Moraxella caviae	6981.0	1446	13	13	1417	0.988834612700628	0.9910096818810512	0.9799446749654218	0.9624816444314253	0.96556014
AF005185	1446	7230	Moraxellaceae	Moraxella catarrhalis	DQ156147	1397	6985	Moraxellaceae	Moraxella boevrei	6139.0	1407	55	65	1299	0.9679582712369598	0.9606299212598425	0.9232409381663113	0.8474619281937001	0.8788833
AF005185	1446	7230	Moraxellaceae	Moraxella catarrhalis	AJ269511	1447	7235	Moraxellaceae	Moraxella canis	6907.0	1430	18	9	1404	0.988036593947924	0.9937062937062937	0.9818181818181818	0.9635107985936716	0.955325
AF005185	1446	7230	Moraxellaceae	Moraxella catarrhalis	FR822735	1501	7505	Moraxellaceae	Moraxella lincolnii	6619.0	1446	36	38	1374	0.9758522727272727	0.9750692520775623	0.950207468879668	0.9027612119990369	0.915491
AF005185	1446	7230	Moraxellaceae	Moraxella catarrhalis	AM884564	1395	6975	Moraxellaceae	Moraxella pluranimalium	6711.0	1395	21	21	1363	0.9919941775836972	0.9849462365591398	0.9770609318996416	0.9480803110382116	0.9621505
AF005185	1446	7230	Moraxellaceae	Moraxella catarrhalis	D64049	1519	7595	Moraxellaceae	Moraxella lacunata	6879.0	1446	23	26	1404	0.9887323943661972	0.9840609840609841	0.970954356846473	0.9385671795248413	0.95145226
AF005185	1446	7230	Moraxellaceae	Moraxella catarrhalis	AF005184	1440	7200	Moraxellaceae	Moraxella equi	6880.0	1441	19	20	1403	0.9873328641801549	0.9868055555555556	0.9736294240111034	0.9476215147395739	0.95555556
AF005186	1446	7230	Moraxellaceae	Moraxella ovis	DQ156148	1489	7445	Moraxellaceae	Moraxella caprae	6465.0	1392	131	34	1346	0.9911634756995582	0.9755747126436781	0.9669540229885057	0.8621953796575119	0.89419085
AF005186	1446	7230	Moraxellaceae	Moraxella ovis	HM161851	1503	7461	Moraxellaceae	Moraxella atlantae	6158.0	1446	80	80	1315	0.9626647144948756	0.9446749654218534	0.9094052558782849	0.8140547703340348	0.8517289
AF005186	1446	7230	Moraxellaceae	Moraxella ovis	AF005182	1447	7235	Moraxellaceae	Moraxella bovis	6909.0	1446	20	19	1409	0.9873861247372109	0.9868603042876902	0.9744121715076072	0.9484898831796421	0.95560163
AF005186	1446	7230	Moraxellaceae	Moraxella ovis	HM152563	1502	7510	Moraxellaceae	Moraxella nonliquefaciens	6874.0	1446	23	24	1404	0.9873417721518988	0.9840830449826989	0.970954356846473	0.9398891051298057	0.9507607
AF005186	1446	7230	Moraxellaceae	Moraxella ovis	AF005187	1446	7230	Moraxellaceae	Moraxella caviae	6841.0	1446	30	30	1400	0.9887005649717514	0.979253112033195	0.9681881051175657	0.9288308650721362	0.9461964
AF005186	1446	7230	Moraxellaceae	Moraxella ovis	DQ156147	1397	6985	Moraxellaceae	Moraxella boevrei	6100.0	1394	68	65	1291	0.9714070729872084	0.9533715925394548	0.9261119081779053	0.841862329663773	0.87329996
AF005186	1446	7230	Moraxellaceae	Moraxella ovis	AJ269511	1447	7235	Moraxellaceae	Moraxella canis	6762.0	1430	42	33	1385	0.9914101646385111	0.9769230769230769	0.9685314685314685	0.919183737458194	0.9352697
AF005186	1446	7230	Moraxellaceae	Moraxella ovis	FR822735	1501	7505	Moraxellaceae	Moraxella lincolnii	6554.0	1446	38	40	1367	0.9722617354196301	0.9736842105263158	0.9453665283540802	0.8956774520659276	0.9065007
AF005186	1446	7230	Moraxellaceae	Moraxella ovis	AM884564	1395	6975	Moraxellaceae	Moraxella pluranimalium	6548.0	1394	39	38	1343	0.9904129793510325	0.9727403156384505	0.9634146341463414	0.911647064830732	0.9387814
AF005186	1446	7230	Moraxellaceae	Moraxella ovis	D64049	1519	7595	Moraxellaceae	Moraxella lacunata	6783.0	1446	37	40	1392	0.9900426742532006	0.9743589743589743	0.9626556016597511	0.9126728091258328	0.93817425
AF005186	1446	7230	Moraxellaceae	Moraxella ovis	AF005184	1440	7200	Moraxellaceae	Moraxella equi	6786.0	1441	35	36	1391	0.9900355871886121	0.9756944444444444	0.9653018736988203	0.9188679759802456	0.9425
DQ156148	1489	7445	Moraxellaceae	Moraxella caprae	HM161851	1503	7461	Moraxellaceae	Moraxella atlantae	5852.0	1489	75	172	1270	0.9643128321943811	0.9461206896551724	0.8529214237743452	0.7182209175900336	0.7860309
DQ156148	1489	7445	Moraxellaceae	Moraxella caprae	AF005182	1447	7235	Moraxellaceae	Moraxella bovis	6683.0	1489	15	111	1372	0.9956458635703919	0.9892318736539842	0.9214237743451981	0.8442300272923424	0.9237042
DQ156148	1489	7445	Moraxellaceae	Moraxella caprae	HM152563	1502	7510	Moraxellaceae	Moraxella nonliquefaciens	6642.0	1489	15	113	1367	0.9934593023255814	0.9892163910855499	0.9180658159838818	0.8399325550490833	0.89214236
DQ156148	1489	7445	Moraxellaceae	Moraxella caprae	AF005187	1446	7230	Moraxellaceae	Moraxella caviae	6519.0	1489	42	126	1354	0.9933969185619956	0.9701067615658363	0.9093351242444594	0.8095517794547342	0.9016597
DQ156148	1489	7445	Moraxellaceae	Moraxella caprae	DQ156147	1397	6985	Moraxellaceae	Moraxella boevrei	6135.0	1489	49	143	1308	0.9717682020802377	0.9648745519713262	0.8784419073203492	0.7687794585521392	0.8783107
DQ156148	1489	7445	Moraxellaceae	Moraxella caprae	AJ269511	1447	7235	Moraxellaceae	Moraxella canis	6444.0	1489	50	132	1345	0.9911569638909359	0.9644633972992182	0.9032907991940899	0.7964688853192853	0.89067036
DQ156148	1489	7445	Moraxellaceae	Moraxella caprae	FR822735	1501	7505	Moraxellaceae	Moraxella lincolnii	6221.0	1489	51	146	1318	0.9813849590469099	0.9634146341463414	0.8851578240429818	0.7719265959024186	0.83559436
DQ156148	1489	7445	Moraxellaceae	Moraxella caprae	AM884564	1395	6975	Moraxellaceae	Moraxella pluranimalium	6514.0	1478	24	121	1346	0.9918938835666913	0.9826212889210717	0.9106901217861976	0.8227739648893942	0.9339068
DQ156148	1489	7445	Moraxellaceae	Moraxella caprae	D64049	1519	7595	Moraxellaceae	Moraxella lacunata	6708.0	1489	14	114	1373	0.9985454545454545	0.9899208063354932	0.9220953660174613	0.8435669516127807	0.9010074
DQ156148	1489	7445	Moraxellaceae	Moraxella caprae	AF005184	1440	7200	Moraxellaceae	Moraxella equi	6736.0	1489	12	110	1377	0.9985496736765772	0.99137311286844	0.9247817327065144	0.84961626209346	0.9355556
HM161851	1503	7461	Moraxellaceae	Moraxella atlantae	AF005182	1447	7235	Moraxellaceae	Moraxella bovis	6127.0	1446	80	79	1311	0.9590343818580834	0.9453665283540802	0.9066390041493776	0.81217268589266	0.8468556
HM161851	1503	7461	Moraxellaceae	Moraxella atlantae	HM152563	1502	7510	Moraxellaceae	Moraxella nonliquefaciens	6456.0	1503	82	83	1373	0.9669014084507043	0.9454061251664447	0.9135063206919495	0.8184094481908948	0.8652996
HM161851	1503	7461	Moraxellaceae	Moraxella atlantae	AF005187	1446	7230	Moraxellaceae	Moraxella caviae	6142.0	1446	78	78	1313	0.9597953216374269	0.946058091286307	0.9080221300138313	0.8150749828470611	0.8495159
HM161851	1503	7461	Moraxellaceae	Moraxella atlantae	DQ156147	1397	6985	Moraxellaceae	Moraxella boevrei	6028.0	1407	63	73	1283	0.9617691154422788	0.9549033643521833	0.9118692253020612	0.8275058139815984	0.8629921
HM161851	1503	7461	Moraxellaceae	Moraxella atlantae	AJ269511	1447	7235	Moraxellaceae	Moraxella canis	6169.0	1444	81	78	1316	0.9633967789165446	0.945983379501385	0.9113573407202216	0.816337132736933	0.85266066
HM161851	1503	7461	Moraxellaceae	Moraxella atlantae	FR822735	1501	7505	Moraxellaceae	Moraxella lincolnii	6562.0	1503	62	64	1387	0.9638637943015983	0.9586942038640907	0.9228210246174318	0.8485236130507886	0.87950677
HM161851	1503	7461	Moraxellaceae	Moraxella atlantae	AM884564	1395	6975	Moraxellaceae	Moraxella pluranimalium	5931.0	1429	67	101	1274	0.9593373493975904	0.9519713261648746	0.8915325402379286	0.7914139127245784	0.8503226
HM161851	1503	7461	Moraxellaceae	Moraxella atlantae	D64049	1519	7595	Moraxellaceae	Moraxella lacunata	6476.0	1503	72	76	1376	0.964260686755431	0.951967978652435	0.9155023286759814	0.8294741733464288	0.8679802
HM161851	1503	7461	Moraxellaceae	Moraxella atlantae	AF005184	1440	7200	Moraxellaceae	Moraxella equi	6188.0	1441	73	74	1316	0.9626920263350403	0.9493055555555555	0.9132546842470507	0.8245833245480306	0.85944444
AF005182	1447	7235	Moraxellaceae	Moraxella bovis	HM152563	1502	7510	Moraxellaceae	Moraxella nonliquefaciens	6922.0	1447	24	26	1409	0.9915552427867699	0.9833910034602076	0.9737387698686939	0.9406409190913759	0.95673805
AF005182	1447	7235	Moraxellaceae	Moraxella bovis	AF005187	1446	7230	Moraxellaceae	Moraxella caviae	6952.0	1447	28	29	1412	0.995768688293371	0.9806362378976486	0.9758120248790602	0.9381026788328862	0.9615491
AF005182	1447	7235	Moraxellaceae	Moraxella bovis	DQ156147	1397	6985	Moraxellaceae	Moraxella boevrei	6200.0	1395	54	52	1304	0.9709605361131795	0.9627240143369176	0.9347670250896057	0.8663851723225262	0.88761634
AF005182	1447	7235	Moraxellaceae	Moraxella bovis	AJ269511	1447	7235	Moraxellaceae	Moraxella canis	6694.0	1431	48	40	1377	0.9899352983465133	0.9720475192173306	0.9622641509433962	0.9050097592713078	0.9252246
AF005182	1447	7235	Moraxellaceae	Moraxella bovis	FR822735	1501	7505	Moraxellaceae	Moraxella lincolnii	6501.0	1447	52	55	1359	0.9762931034482759	0.96398891966759	0.9391845196959226	0.8721446640538522	0.8985487
AF005182	1447	7235	Moraxellaceae	Moraxella bovis	AM884564	1395	6975	Moraxellaceae	Moraxella pluranimalium	6702.0	1395	29	29	1361	0.9963396778916545	0.9792114695340501	0.9756272401433692	0.9358896137892152	0.9608602
AF005182	1447	7235	Moraxellaceae	Moraxella bovis	D64049	1519	7595	Moraxellaceae	Moraxella lacunata	6912.0	1447	29	33	1407	0.995049504950495	0.9799029799029799	0.972356599861783	0.9315123524421146	0.9553559
AF005182	1447	7235	Moraxellaceae	Moraxella bovis	AF005184	1440	7200	Moraxellaceae	Moraxella equi	6915.0	1442	27	29	1406	0.9950460014154282	0.98125	0.9750346740638003	0.9378652106549692	0.9604167
HM152563	1502	7510	Moraxellaceae	Moraxella nonliquefaciens	AF005187	1446	7230	Moraxellaceae	Moraxella caviae	6942.0	1445	22	21	1412	0.9915730337078652	0.9854671280276817	0.9771626297577855	0.9485205076858122	0.960166
HM152563	1502	7510	Moraxellaceae	Moraxella nonliquefaciens	DQ156147	1397	6985	Moraxellaceae	Moraxella boevrei	6145.0	1393	62	58	1297	0.9715355805243445	0.9583632447954056	0.9310839913854989	0.8542935591062826	0.8797423
HM152563	1502	7510	Moraxellaceae	Moraxella nonliquefaciens	AJ269511	1447	7235	Moraxellaceae	Moraxella canis	6880.0	1443	29	25	1404	0.9901269393511989	0.9826749826749827	0.972972972972973	0.9372796709753233	0.950933
HM152563	1502	7510	Moraxellaceae	Moraxella nonliquefaciens	FR822735	1501	7505	Moraxellaceae	Moraxella lincolnii	6941.0	1502	36	37	1435	0.9795221843003413	0.9760159893404398	0.9553928095872171	0.9100458166744299	0.9248501
HM152563	1502	7510	Moraxellaceae	Moraxella nonliquefaciens	AM884564	1395	6975	Moraxellaceae	Moraxella pluranimalium	6659.0	1394	31	30	1356	0.9941348973607038	0.9784791965566715	0.9727403156384505	0.9311002038812958	0.95469534
HM152563	1502	7510	Moraxellaceae	Moraxella nonliquefaciens	D64049	1519	7595	Moraxellaceae	Moraxella lacunata	7273.0	1502	13	16	1474	0.9919246298788694	0.9913275517011341	0.9813581890812251	0.9625731148347858	0.9684421
HM152563	1502	7510	Moraxellaceae	Moraxella nonliquefaciens	AF005184	1440	7200	Moraxellaceae	Moraxella equi	7005.0	1440	9	9	1418	0.9909154437456325	0.99375	0.9847222222222223	0.9724896480331263	0.97291666
AF005187	1446	7230	Moraxellaceae	Moraxella caviae	DQ156147	1397	6985	Moraxellaceae	Moraxella boevrei	6125.0	1407	67	77	1296	0.9744360902255639	0.9520400858983536	0.9211087420042644	0.8311225419712833	0.87687904
AF005187	1446	7230	Moraxellaceae	Moraxella caviae	AJ269511	1447	7235	Moraxellaceae	Moraxella canis	6787.0	1430	31	22	1389	0.9865056818181818	0.9846153846153847	0.9713286713286713	0.9360922445111356	0.9387275
AF005187	1446	7230	Moraxellaceae	Moraxella caviae	FR822735	1501	7505	Moraxellaceae	Moraxella lincolnii	6551.0	1446	47	49	1365	0.9770937723693629	0.9674515235457064	0.9439834024896265	0.8832852064822561	0.9060857
AF005187	1446	7230	Moraxellaceae	Moraxella caviae	AM884564	1395	6975	Moraxellaceae	Moraxella pluranimalium	6692.0	1395	28	28	1360	0.9948792977322605	0.9799283154121864	0.974910394265233	0.9365442789603468	0.9594265
AF005187	1446	7230	Moraxellaceae	Moraxella caviae	D64049	1519	7595	Moraxellaceae	Moraxella lacunata	6873.0	1446	29	32	1403	0.9922206506364922	0.9799029799029799	0.9702627939142462	0.9301366715896571	0.9506224
AF005187	1446	7230	Moraxellaceae	Moraxella caviae	AF005184	1440	7200	Moraxellaceae	Moraxella equi	6859.0	1441	28	29	1400	0.9915014164305949	0.9805555555555555	0.9715475364330326	0.9338496401929489	0.95263886
DQ156147	1397	6985	Moraxellaceae	Moraxella boevrei	AJ269511	1447	7235	Moraxellaceae	Moraxella canis	6117.0	1397	76	64	1296	0.9722430607651913	0.9541875447387258	0.9277022190408017	0.8395295709310175	0.87573373
DQ156147	1397	6985	Moraxellaceae	Moraxella boevrei	FR822735	1501	7505	Moraxellaceae	Moraxella lincolnii	6192.0	1397	52	57	1302	0.9716417910447761	0.9626436781609196	0.9319971367215462	0.861888311391906	0.88647103
DQ156147	1397	6985	Moraxellaceae	Moraxella boevrei	AM884564	1395	6975	Moraxellaceae	Moraxella pluranimalium	6171.0	1384	45	47	1296	0.9693343305908751	0.967438494934877	0.9364161849710982	0.8761290687938127	0.8847312
DQ156147	1397	6985	Moraxellaceae	Moraxella boevrei	D64049	1519	7595	Moraxellaceae	Moraxella lacunata	6098.0	1397	62	68	1291	0.9714070729872084	0.9554277498202732	0.9241231209735147	0.8417817873706656	0.8730136
DQ156147	1397	6985	Moraxellaceae	Moraxella boevrei	AF005184	1440	7200	Moraxellaceae	Moraxella equi	6092.0	1397	66	70	1290	0.9721175584024114	0.9526202440775305	0.9234073013600572	0.8375676615890608	0.8721546
AJ269511	1447	7235	Moraxellaceae	Moraxella canis	FR822735	1501	7505	Moraxellaceae	Moraxella lincolnii	6545.0	1447	45	50	1365	0.9770937723693629	0.9687933425797504	0.9433310297166552	0.8832663864035973	0.90463024
AJ269511	1447	7235	Moraxellaceae	Moraxella canis	AM884564	1395	6975	Moraxellaceae	Moraxella pluranimalium	6714.0	1397	21	23	1364	0.992721979621543	0.9849462365591398	0.9763779527559056	0.9460813167042413	0.9625806
AJ269511	1447	7235	Moraxellaceae	Moraxella canis	D64049	1519	7595	Moraxellaceae	Moraxella lacunata	6763.0	1447	39	45	1389	0.9907275320970043	0.9729354614850798	0.9599170697995854	0.905655270430026	0.9347616
AJ269511	1447	7235	Moraxellaceae	Moraxella canis	AF005184	1440	7200	Moraxellaceae	Moraxella equi	6730.0	1427	31	34	1378	0.9892318736539842	0.9782303370786517	0.9656622284512965	0.9226114432322743	0.93472224
FR822735	1501	7505	Moraxellaceae	Moraxella lincolnii	AM884564	1395	6975	Moraxellaceae	Moraxella pluranimalium	6277.0	1393	51	49	1312	0.9761904761904762	0.964824120603015	0.9418521177315147	0.8766269018221301	0.89992833
FR822735	1501	7505	Moraxellaceae	Moraxella lincolnii	D64049	1519	7595	Moraxellaceae	Moraxella lacunata	6810.0	1501	48	50	1419	0.9779462439696761	0.9679786524349566	0.9453697534976683	0.885559401113697	0.90739506
FR822735	1501	7505	Moraxellaceae	Moraxella lincolnii	AF005184	1440	7200	Moraxellaceae	Moraxella equi	6539.0	1439	49	48	1362	0.9791516894320632	0.9666435024322446	0.9464906184850591	0.8847906252101594	0.9081944
AM884564	1395	6975	Moraxellaceae	Moraxella pluranimalium	D64049	1519	7595	Moraxellaceae	Moraxella lacunata	6567.0	1395	37	40	1345	0.992619926199262	0.9734195402298851	0.96415770609319	0.9123140305560561	0.9415054
AM884564	1395	6975	Moraxellaceae	Moraxella pluranimalium	AF005184	1440	7200	Moraxellaceae	Moraxella equi	6568.0	1395	38	39	1345	0.9918879056047197	0.9727403156384505	0.96415770609319	0.9123502089758309	0.9416487
D64049	1519	7595	Moraxellaceae	Moraxella lacunata	AF005184	1440	7200	Moraxellaceae	Moraxella equi	7109.0	1438	7	5	1429	0.9972086531751571	0.9965229485396384	0.9937413073713491	0.9854887844035595	0.98736113
