JN166984	1478	7390	Flavobacteriaceae	Muricauda antarctica	KU315485	1482	7410	Flavobacteriaceae	Muricauda lutea	6618.0	1478	54	51	1388	0.9726699369306236	0.9654939106901218	0.939106901217862	0.8747425248289094	0.8955345
JN166984	1478	7390	Flavobacteriaceae	Muricauda antarctica	AY445073	1481	7405	Flavobacteriaceae	Muricauda flavescens	6960.0	1458	39	25	1421	0.9916259595254711	0.9828532235939643	0.9746227709190672	0.9329555315477778	0.9418133
JN166984	1478	7390	Flavobacteriaceae	Muricauda antarctica	EU156065	1481	7387	Flavobacteriaceae	Muricauda lutimaris	6953.0	1458	42	28	1419	0.9923076923076923	0.9807956104252401	0.9732510288065843	0.9278326474622771	0.9412481
JN166984	1478	7390	Flavobacteriaceae	Muricauda antarctica	AF218782	1426	7130	Flavobacteriaceae	Muricauda ruestringensis	6716.0	1415	39	28	1374	0.9906272530641672	0.9802120141342756	0.9710247349823321	0.9262801288999275	0.9419355
JN166984	1478	7390	Flavobacteriaceae	Muricauda antarctica	JF714702	1360	6800	Flavobacteriaceae	Muricauda taeanensis	6791.0	1360	0	0	1359	0.9992647058823529	1.0	0.9992647058823529	0.9992647058823529	0.9986765
JN166984	1478	7390	Flavobacteriaceae	Muricauda antarctica	AY445075	1481	7405	Flavobacteriaceae	Muricauda aquimarina	6979.0	1458	38	24	1423	0.9923291492329149	0.9835390946502057	0.97599451303155	0.9355455425716864	0.9443843
JN166984	1478	7390	Flavobacteriaceae	Muricauda antarctica	JN118551	1437	7185	Flavobacteriaceae	Muricauda pacifica	6589.0	1457	44	66	1369	0.9841840402588066	0.9693379790940767	0.939601921757035	0.8707436863184782	0.9170494
JN166984	1478	7390	Flavobacteriaceae	Muricauda antarctica	JN426849	1447	7235	Flavobacteriaceae	Muricauda zhangzhouensis	6858.0	1439	31	23	1401	0.989406779661017	0.9840166782487839	0.9735927727588604	0.9378281402901675	0.9478922
JN166984	1478	7390	Flavobacteriaceae	Muricauda antarctica	EU888117	1417	7085	Flavobacteriaceae	Muricauda olearia	6666.0	1408	37	28	1366	0.9898550724637681	0.9801136363636364	0.9701704545454546	0.9265295690468701	0.940861
JN166984	1478	7390	Flavobacteriaceae	Muricauda antarctica	EU564844	1438	7190	Flavobacteriaceae	Muricauda lutaonensis	6513.0	1429	60	51	1355	0.9833091436865021	0.9643107067879636	0.9482155353393982	0.8775292194074483	0.90584147
JN166984	1478	7390	Flavobacteriaceae	Muricauda antarctica	HM355805	1449	7245	Flavobacteriaceae	Muricauda beolgyonensis	6902.0	1440	34	25	1406	0.9936395759717315	0.9826388888888888	0.9763888888888889	0.9373068370269864	0.952657
KU315485	1482	7410	Flavobacteriaceae	Muricauda lutea	AY445073	1481	7405	Flavobacteriaceae	Muricauda flavescens	6420.0	1462	79	66	1358	0.9727793696275072	0.9548563611491108	0.9288645690834473	0.8414632955486648	0.86698174
KU315485	1482	7410	Flavobacteriaceae	Muricauda lutea	EU156065	1481	7387	Flavobacteriaceae	Muricauda lutimaris	6606.0	1462	52	39	1381	0.9704848910751932	0.9733242134062927	0.9445964432284542	0.8878208313831507	0.8942737
KU315485	1482	7410	Flavobacteriaceae	Muricauda lutea	AF218782	1426	7130	Flavobacteriaceae	Muricauda ruestringensis	6367.0	1418	56	48	1334	0.9737226277372263	0.9661495063469676	0.9407616361071932	0.8743849670738499	0.8929874
KU315485	1482	7410	Flavobacteriaceae	Muricauda lutea	JF714702	1360	6800	Flavobacteriaceae	Muricauda taeanensis	6054.0	1363	49	52	1273	0.9710144927536232	0.9639705882352941	0.933969185619956	0.8671626078950159	0.89029413
KU315485	1482	7410	Flavobacteriaceae	Muricauda lutea	AY445075	1481	7405	Flavobacteriaceae	Muricauda aquimarina	6553.0	1462	58	45	1375	0.9703599153140438	0.96922024623803	0.9404924760601915	0.8767617359061127	0.8849426
KU315485	1482	7410	Flavobacteriaceae	Muricauda lutea	JN118551	1437	7185	Flavobacteriaceae	Muricauda pacifica	6409.0	1460	51	76	1349	0.9747109826589595	0.9644599303135889	0.923972602739726	0.8463124303056128	0.8919972
KU315485	1482	7410	Flavobacteriaceae	Muricauda lutea	JN426849	1447	7235	Flavobacteriaceae	Muricauda zhangzhouensis	6397.0	1442	59	54	1347	0.9704610951008645	0.9625520110957004	0.934119278779473	0.8637958420692262	0.88417417
KU315485	1482	7410	Flavobacteriaceae	Muricauda lutea	EU888117	1417	7085	Flavobacteriaceae	Muricauda olearia	6311.0	1411	60	54	1324	0.9756816507000737	0.9617292700212615	0.9383416017009213	0.8656217223032971	0.8907551
KU315485	1482	7410	Flavobacteriaceae	Muricauda lutea	EU564844	1438	7190	Flavobacteriaceae	Muricauda lutaonensis	6448.0	1432	59	53	1348	0.977519941986947	0.9629888268156425	0.9413407821229051	0.8706297374563958	0.8968011
KU315485	1482	7410	Flavobacteriaceae	Muricauda lutea	HM355805	1449	7245	Flavobacteriaceae	Muricauda beolgyonensis	6500.0	1443	57	51	1359	0.9762931034482759	0.9646569646569647	0.9417879417879418	0.87397920997921	0.8971705
AY445073	1481	7405	Flavobacteriaceae	Muricauda flavescens	EU156065	1481	7387	Flavobacteriaceae	Muricauda lutimaris	7030.0	1481	30	30	1436	0.9896623018607856	0.9797434166103984	0.9696151249155975	0.9311128697898954	0.95167184
AY445073	1481	7405	Flavobacteriaceae	Muricauda flavescens	AF218782	1426	7130	Flavobacteriaceae	Muricauda ruestringensis	6756.0	1422	27	25	1381	0.9885468861846815	0.9824191279887482	0.9711673699015471	0.9363152627691244	0.9475456
AY445073	1481	7405	Flavobacteriaceae	Muricauda flavescens	JF714702	1360	6800	Flavobacteriaceae	Muricauda taeanensis	6476.0	1369	25	34	1323	0.9910112359550561	0.9816176470588235	0.9663988312636961	0.9254967286492355	0.95235294
AY445073	1481	7405	Flavobacteriaceae	Muricauda flavescens	AY445075	1481	7405	Flavobacteriaceae	Muricauda aquimarina	7099.0	1481	25	25	1445	0.992445054945055	0.9831195138419987	0.9756920999324781	0.9432986039187836	0.9586766
AY445073	1481	7405	Flavobacteriaceae	Muricauda flavescens	JN118551	1437	7185	Flavobacteriaceae	Muricauda pacifica	6591.0	1471	45	79	1372	0.985632183908046	0.9686847599164927	0.9326988443235894	0.8564094929409212	0.91732776
AY445073	1481	7405	Flavobacteriaceae	Muricauda flavescens	JN426849	1447	7235	Flavobacteriaceae	Muricauda zhangzhouensis	6775.0	1448	41	42	1392	0.9900426742532006	0.9716655148583275	0.9613259668508287	0.9077396302164306	0.9364202
AY445073	1481	7405	Flavobacteriaceae	Muricauda flavescens	EU888117	1417	7085	Flavobacteriaceae	Muricauda olearia	6642.0	1417	32	32	1365	0.9855595667870036	0.9774170783345095	0.963302752293578	0.9207552187209147	0.93747354
AY445073	1481	7405	Flavobacteriaceae	Muricauda flavescens	EU564844	1438	7190	Flavobacteriaceae	Muricauda lutaonensis	6476.0	1438	59	59	1353	0.981145757795504	0.958970792767733	0.9408901251738526	0.8667251052870693	0.9006954
AY445073	1481	7405	Flavobacteriaceae	Muricauda flavescens	HM355805	1449	7245	Flavobacteriaceae	Muricauda beolgyonensis	6875.0	1449	30	30	1405	0.9901338971106413	0.979296066252588	0.9696342305037957	0.9302981562440068	0.9489303
EU156065	1481	7387	Flavobacteriaceae	Muricauda lutimaris	AF218782	1426	7130	Flavobacteriaceae	Muricauda ruestringensis	6948.0	1422	13	11	1403	0.9943302622253721	0.9922644163150492	0.9866385372714487	0.970137265567954	0.9744741
EU156065	1481	7387	Flavobacteriaceae	Muricauda lutimaris	JF714702	1360	6800	Flavobacteriaceae	Muricauda taeanensis	6461.0	1369	30	39	1320	0.9924812030075187	0.9779411764705882	0.9642074506939372	0.9166518294660018	0.95014703
EU156065	1481	7387	Flavobacteriaceae	Muricauda lutimaris	AY445075	1481	7405	Flavobacteriaceae	Muricauda aquimarina	7247.0	1481	10	10	1462	0.9938817131203264	0.9932478055367995	0.9871708305199189	0.9739291024109998	0.9810478
EU156065	1481	7387	Flavobacteriaceae	Muricauda lutimaris	JN118551	1437	7185	Flavobacteriaceae	Muricauda pacifica	6584.0	1471	40	74	1371	0.9813886900501074	0.9721642310368824	0.9320190346702923	0.8617012517765709	0.9163535
EU156065	1481	7387	Flavobacteriaceae	Muricauda lutimaris	JN426849	1447	7235	Flavobacteriaceae	Muricauda zhangzhouensis	6929.0	1448	26	27	1410	0.9922589725545391	0.9820317899101589	0.9737569060773481	0.9387439372699536	0.9577056
EU156065	1481	7387	Flavobacteriaceae	Muricauda lutimaris	EU888117	1417	7085	Flavobacteriaceae	Muricauda olearia	6710.0	1417	27	27	1372	0.9870503597122302	0.9809456598447425	0.9682427664079041	0.9320342419023453	0.94707125
EU156065	1481	7387	Flavobacteriaceae	Muricauda lutimaris	EU564844	1438	7190	Flavobacteriaceae	Muricauda lutaonensis	6544.0	1438	48	48	1361	0.979136690647482	0.9666203059805285	0.9464534075104312	0.8853097149660156	0.910153
EU156065	1481	7387	Flavobacteriaceae	Muricauda lutimaris	HM355805	1449	7245	Flavobacteriaceae	Muricauda beolgyonensis	6951.0	1449	25	25	1413	0.9922752808988764	0.9827467218771566	0.9751552795031055	0.942076742206528	0.95942026
AF218782	1426	7130	Flavobacteriaceae	Muricauda ruestringensis	JF714702	1360	6800	Flavobacteriaceae	Muricauda taeanensis	6442.0	1371	29	40	1319	0.990984222389181	0.9786764705882353	0.9620714806710431	0.914655100552256	0.94735295
AF218782	1426	7130	Flavobacteriaceae	Muricauda ruestringensis	AY445075	1481	7405	Flavobacteriaceae	Muricauda aquimarina	6924.0	1424	11	13	1401	0.9929128277817151	0.9922644163150492	0.9838483146067416	0.967393708648162	0.971108
AF218782	1426	7130	Flavobacteriaceae	Muricauda ruestringensis	JN118551	1437	7185	Flavobacteriaceae	Muricauda pacifica	6501.0	1423	35	48	1348	0.9803636363636363	0.975177304964539	0.9472944483485594	0.8933675353081407	0.9117812
AF218782	1426	7130	Flavobacteriaceae	Muricauda ruestringensis	JN426849	1447	7235	Flavobacteriaceae	Muricauda zhangzhouensis	6730.0	1424	30	33	1377	0.9899352983465133	0.9788881069669247	0.9669943820224719	0.9250957258550608	0.94389904
AF218782	1426	7130	Flavobacteriaceae	Muricauda ruestringensis	EU888117	1417	7085	Flavobacteriaceae	Muricauda olearia	6581.0	1397	29	30	1349	0.9868324798829554	0.9792263610315186	0.9656406585540444	0.9256877841818923	0.9288638
AF218782	1426	7130	Flavobacteriaceae	Muricauda ruestringensis	EU564844	1438	7190	Flavobacteriaceae	Muricauda lutaonensis	6384.0	1400	46	47	1327	0.9807834441980784	0.9671193709792709	0.9478571428571428	0.8868953764078245	0.8953717
AF218782	1426	7130	Flavobacteriaceae	Muricauda ruestringensis	HM355805	1449	7245	Flavobacteriaceae	Muricauda beolgyonensis	6829.0	1424	21	23	1389	0.9914346895074947	0.9852320675105485	0.9754213483146067	0.9457199370164456	0.957784
JF714702	1360	6800	Flavobacteriaceae	Muricauda taeanensis	AY445075	1481	7405	Flavobacteriaceae	Muricauda aquimarina	6486.0	1360	33	24	1324	0.9910179640718563	0.9823529411764705	0.9735294117647059	0.9336936784764156	0.9538235
JF714702	1360	6800	Flavobacteriaceae	Muricauda taeanensis	JN118551	1437	7185	Flavobacteriaceae	Muricauda pacifica	6251.0	1359	42	44	1294	0.9840304182509506	0.9690493736182756	0.9521707137601177	0.8937219761559991	0.91926473
JF714702	1360	6800	Flavobacteriaceae	Muricauda taeanensis	JN426849	1447	7235	Flavobacteriaceae	Muricauda zhangzhouensis	6456.0	1360	32	24	1321	0.9887724550898204	0.9823529411764705	0.9713235294117647	0.9322472954699121	0.94941175
JF714702	1360	6800	Flavobacteriaceae	Muricauda taeanensis	EU888117	1417	7085	Flavobacteriaceae	Muricauda olearia	6288.0	1334	38	29	1291	0.989272030651341	0.9782608695652174	0.9677661169415293	0.9205064013182913	0.92470586
JF714702	1360	6800	Flavobacteriaceae	Muricauda taeanensis	EU564844	1438	7190	Flavobacteriaceae	Muricauda lutaonensis	6071.0	1337	59	50	1265	0.9829059829059829	0.9626028421839941	0.9461480927449514	0.8722726327813413	0.89279413
JF714702	1360	6800	Flavobacteriaceae	Muricauda taeanensis	HM355805	1449	7245	Flavobacteriaceae	Muricauda beolgyonensis	6502.0	1360	34	25	1326	0.9932584269662922	0.9816176470588235	0.975	0.9337338593974175	0.95617646
AY445075	1481	7405	Flavobacteriaceae	Muricauda aquimarina	JN118551	1437	7185	Flavobacteriaceae	Muricauda pacifica	6611.0	1471	40	74	1375	0.984251968503937	0.9721642310368824	0.9347382732834806	0.8642153327445548	0.92011136
AY445075	1481	7405	Flavobacteriaceae	Muricauda aquimarina	JN426849	1447	7235	Flavobacteriaceae	Muricauda zhangzhouensis	6964.0	1448	23	24	1415	0.9936797752808989	0.9841050449205252	0.9772099447513812	0.9459870573256063	0.9625432
AY445075	1481	7405	Flavobacteriaceae	Muricauda aquimarina	EU888117	1417	7085	Flavobacteriaceae	Muricauda olearia	6761.0	1417	24	24	1379	0.9899497487437185	0.9830628087508821	0.9731827805222301	0.9407658662508441	0.9542696
AY445075	1481	7405	Flavobacteriaceae	Muricauda aquimarina	EU564844	1438	7190	Flavobacteriaceae	Muricauda lutaonensis	6572.0	1438	45	45	1365	0.9798994974874372	0.9687065368567455	0.9492350486787204	0.89162806662809	0.9140473
AY445075	1481	7405	Flavobacteriaceae	Muricauda aquimarina	HM355805	1449	7245	Flavobacteriaceae	Muricauda beolgyonensis	6932.0	1449	23	23	1412	0.9901823281907434	0.9841269841269841	0.9744651483781919	0.9440131124913734	0.9567978
JN118551	1437	7185	Flavobacteriaceae	Muricauda pacifica	JN426849	1447	7235	Flavobacteriaceae	Muricauda zhangzhouensis	6450.0	1433	72	59	1350	0.982532751091703	0.958827634333566	0.942079553384508	0.8600779444188132	0.8977035
JN118551	1437	7185	Flavobacteriaceae	Muricauda pacifica	EU888117	1417	7085	Flavobacteriaceae	Muricauda olearia	6443.0	1410	50	43	1340	0.9802487198244331	0.9695035460992908	0.950354609929078	0.8898183231322258	0.90938604
JN118551	1437	7185	Flavobacteriaceae	Muricauda pacifica	EU564844	1438	7190	Flavobacteriaceae	Muricauda lutaonensis	6490.0	1420	63	53	1349	0.9868324798829554	0.9626760563380282	0.95	0.8756911665542818	0.9032707
JN118551	1437	7185	Flavobacteriaceae	Muricauda pacifica	HM355805	1449	7245	Flavobacteriaceae	Muricauda beolgyonensis	6571.0	1432	58	42	1365	0.9820143884892086	0.9706703910614525	0.9532122905027933	0.8892383112744179	0.91454417
JN426849	1447	7235	Flavobacteriaceae	Muricauda zhangzhouensis	EU888117	1417	7085	Flavobacteriaceae	Muricauda olearia	6821.0	1416	21	20	1386	0.9928366762177651	0.9858757062146892	0.9788135593220338	0.9508863805243974	0.96273816
JN426849	1447	7235	Flavobacteriaceae	Muricauda zhangzhouensis	EU564844	1438	7190	Flavobacteriaceae	Muricauda lutaonensis	6476.0	1424	41	40	1349	0.9747109826589595	0.9719101123595506	0.9473314606741573	0.8949534072170879	0.9006954
JN426849	1447	7235	Flavobacteriaceae	Muricauda zhangzhouensis	HM355805	1449	7245	Flavobacteriaceae	Muricauda beolgyonensis	6883.0	1447	24	23	1406	0.9873595505617978	0.9841050449205252	0.9716655148583275	0.940619777809829	0.9513476
EU888117	1417	7085	Flavobacteriaceae	Muricauda olearia	EU564844	1438	7190	Flavobacteriaceae	Muricauda lutaonensis	6468.0	1417	48	48	1344	0.9817384952520087	0.9661256175017643	0.9484827099505999	0.8863295767388201	0.91291463
EU888117	1417	7085	Flavobacteriaceae	Muricauda olearia	HM355805	1449	7245	Flavobacteriaceae	Muricauda beolgyonensis	6756.0	1417	16	16	1379	0.9842969307637401	0.9887085391672548	0.9731827805222301	0.9514508552070092	0.95356387
EU564844	1438	7190	Flavobacteriaceae	Muricauda lutaonensis	HM355805	1449	7245	Flavobacteriaceae	Muricauda beolgyonensis	6485.0	1426	51	51	1349	0.9810909090909091	0.9642356241234221	0.9460028050490884	0.8806728889251838	0.90194714
