AB012648	1445	7219	Microbacteriaceae	Mycetocola lacteus	HQ917055	1404	7020	Microbacteriaceae	Mycetocola miduiensis	6659.0	1408	27	32	1362	0.9898255813953488	0.9807555238774056	0.9673295454545454	0.9275578080456129	0.9485755
AB012648	1445	7219	Microbacteriaceae	Mycetocola lacteus	AB012647	1444	7220	Microbacteriaceae	Mycetocola saprophilus	7188.0	1445	3	4	1440	0.9993060374739764	0.9979224376731302	0.9965397923875432	0.9917222657668852	0.9957058
AB012648	1445	7219	Microbacteriaceae	Mycetocola lacteus	GU217690	1391	6955	Microbacteriaceae	Mycetocola manganoxydans	6578.0	1391	31	31	1346	0.9897058823529412	0.9777138749101366	0.9676491732566499	0.9254591249149395	0.9457944
AB012648	1445	7219	Microbacteriaceae	Mycetocola lacteus	AB012646	1444	7220	Microbacteriaceae	Mycetocola tolaasinivorans	7147.0	1445	7	8	1435	0.9986082115518441	0.9951523545706371	0.9930795847750865	0.9828204981555092	0.9900263
AB012648	1445	7219	Microbacteriaceae	Mycetocola lacteus	JQ409017	1437	7185	Microbacteriaceae	Mycetocola zhadangensis	6762.0	1437	38	38	1386	0.9907076483202287	0.9735560194850382	0.964509394572025	0.91481263932628	0.94112736
AB012648	1445	7219	Microbacteriaceae	Mycetocola lacteus	DQ062097	1360	6800	Microbacteriaceae	Mycetocola reblochoni	6537.0	1359	17	16	1329	0.9895755770662695	0.9882266372332598	0.977924944812362	0.9544718029672982	0.9613235
HQ917055	1404	7020	Microbacteriaceae	Mycetocola miduiensis	AB012647	1444	7220	Microbacteriaceae	Mycetocola saprophilus	6646.0	1403	33	29	1360	0.9898107714701602	0.9793300071275838	0.9693513898788311	0.9274991710957617	0.94672364
HQ917055	1404	7020	Microbacteriaceae	Mycetocola miduiensis	GU217690	1391	6955	Microbacteriaceae	Mycetocola manganoxydans	6854.0	1389	10	8	1378	0.997827661115134	0.994240460763139	0.9920806335493161	0.9793161936609046	0.98547804
HQ917055	1404	7020	Microbacteriaceae	Mycetocola miduiensis	AB012646	1444	7220	Microbacteriaceae	Mycetocola tolaasinivorans	6680.0	1403	25	21	1365	0.9876989869753979	0.985032074126871	0.9729151817533856	0.9415747767389209	0.95156693
HQ917055	1404	7020	Microbacteriaceae	Mycetocola miduiensis	JQ409017	1437	7185	Microbacteriaceae	Mycetocola zhadangensis	6822.0	1403	25	20	1380	0.9978308026030369	0.9857448325017819	0.9836065573770492	0.9526105524176883	0.97179484
HQ917055	1404	7020	Microbacteriaceae	Mycetocola miduiensis	DQ062097	1360	6800	Microbacteriaceae	Mycetocola reblochoni	6595.0	1358	11	9	1336	0.9903632320237212	0.9933726067746687	0.9837997054491899	0.9694271750554837	0.9698529
AB012647	1444	7220	Microbacteriaceae	Mycetocola saprophilus	GU217690	1391	6955	Microbacteriaceae	Mycetocola manganoxydans	6565.0	1390	33	32	1344	0.9896907216494846	0.9769784172661871	0.9669064748201439	0.9227399808894978	0.94392526
AB012647	1444	7220	Microbacteriaceae	Mycetocola saprophilus	AB012646	1444	7220	Microbacteriaceae	Mycetocola tolaasinivorans	7153.0	1444	6	6	1436	0.9986091794158554	0.9958448753462604	0.9944598337950139	0.9862298213774	0.9907202
AB012647	1444	7220	Microbacteriaceae	Mycetocola saprophilus	JQ409017	1437	7185	Microbacteriaceae	Mycetocola zhadangensis	6754.0	1436	39	38	1385	0.9907010014306151	0.9735376044568245	0.9644846796657381	0.9141353099475945	0.94001395
AB012647	1444	7220	Microbacteriaceae	Mycetocola saprophilus	DQ062097	1360	6800	Microbacteriaceae	Mycetocola reblochoni	6538.0	1359	17	16	1329	0.9895755770662695	0.9882266372332598	0.977924944812362	0.9544718029672982	0.9614706
GU217690	1391	6955	Microbacteriaceae	Mycetocola manganoxydans	AB012646	1444	7220	Microbacteriaceae	Mycetocola tolaasinivorans	6598.0	1391	23	24	1349	0.9868324798829554	0.983453237410072	0.9698058950395398	0.9375704798578861	0.94867
GU217690	1391	6955	Microbacteriaceae	Mycetocola manganoxydans	JQ409017	1437	7185	Microbacteriaceae	Mycetocola zhadangensis	6841.0	1391	12	12	1377	0.9985496736765772	0.99137311286844	0.9899352983465133	0.9730012661581197	0.9836089
GU217690	1391	6955	Microbacteriaceae	Mycetocola manganoxydans	DQ062097	1360	6800	Microbacteriaceae	Mycetocola reblochoni	6587.0	1358	12	10	1335	0.9903560830860534	0.9926362297496318	0.9830633284241531	0.9672769100115024	0.96867645
AB012646	1444	7220	Microbacteriaceae	Mycetocola tolaasinivorans	JQ409017	1437	7185	Microbacteriaceae	Mycetocola zhadangensis	6782.0	1436	31	30	1389	0.9879089615931721	0.979108635097493	0.9672701949860725	0.9270496892640886	0.9439109
AB012646	1444	7220	Microbacteriaceae	Mycetocola tolaasinivorans	DQ062097	1360	6800	Microbacteriaceae	Mycetocola reblochoni	6552.0	1359	13	12	1331	0.9881217520415738	0.9911699779249448	0.9793966151582045	0.9615504669228145	0.9635294
JQ409017	1437	7185	Microbacteriaceae	Mycetocola zhadangensis	DQ062097	1360	6800	Microbacteriaceae	Mycetocola reblochoni	6492.0	1358	25	23	1323	0.9910112359550561	0.9830633284241531	0.9742268041237113	0.9404141601628015	0.9547059
