AB289741	1405	7025	Natrialbaceae	Natrinema gari	AB023426	1438	7184	Natrialbaceae	Natrinema versiforme	6704.0	1386	6	8	1360	0.9869375907111756	0.9956647398843931	0.9812409812409812	0.97137217826873	0.95430607
AB289741	1405	7025	Natrialbaceae	Natrinema gari	AM231733	1418	7090	Natrialbaceae	Natrinema ejinorense	6614.0	1404	22	25	1357	0.9840464104423495	0.9842969307637401	0.9665242165242165	0.9346682290230677	0.94149464
AB289741	1405	7025	Natrialbaceae	Natrinema gari	AJ002949	1463	7207	Natrialbaceae	Natrinema pallidum	6718.0	1400	4	6	1364	0.9784791965566715	0.9971387696709585	0.9742857142857143	0.9673463573463574	0.95629895
AB289741	1405	7025	Natrialbaceae	Natrinema gari	AY208972	1474	7370	Natrialbaceae	Natrinema altunense	6824.0	1405	6	7	1382	0.9885550786838341	0.9957264957264957	0.9836298932384342	0.97456739245027	0.9713879
AB289741	1405	7025	Natrialbaceae	Natrinema gari	JQ669385	1440	7200	Natrialbaceae	Natrinema salaciae	6639.0	1389	16	18	1354	0.987600291757841	0.9884643114635905	0.9748020158387329	0.9512125008646996	0.9450534
AB289741	1405	7025	Natrialbaceae	Natrinema gari	AJ002947	1458	7170	Natrialbaceae	Natrinema pellirubrum	6619.0	1394	4	10	1349	0.9747109826589595	0.9971181556195965	0.9677187948350072	0.9580277625548284	0.9422064
AB023426	1438	7184	Natrialbaceae	Natrinema versiforme	AM231733	1418	7090	Natrialbaceae	Natrinema ejinorense	6620.0	1400	17	19	1356	0.9818971759594497	0.9878397711015737	0.9685714285714285	0.9439641092852102	0.93370944
AB023426	1438	7184	Natrialbaceae	Natrinema versiforme	AJ002949	1463	7207	Natrialbaceae	Natrinema pallidum	6828.0	1438	6	6	1393	0.9727653631284916	0.9958275382475661	0.9687065368567455	0.960656344029681	0.9504454
AB023426	1438	7184	Natrialbaceae	Natrinema versiforme	AY208972	1474	7370	Natrialbaceae	Natrinema altunense	6925.0	1438	6	6	1408	0.9832402234636871	0.9958275382475661	0.9791376912378303	0.9710008129172943	0.96394765
AB023426	1438	7184	Natrialbaceae	Natrinema versiforme	JQ669385	1440	7200	Natrialbaceae	Natrinema salaciae	6833.0	1437	15	15	1397	0.9824191279887482	0.9895615866388309	0.9721642310368824	0.9520781932055419	0.9511414
AB023426	1438	7184	Natrialbaceae	Natrinema versiforme	AJ002947	1458	7170	Natrialbaceae	Natrinema pellirubrum	6775.0	1438	11	12	1386	0.9719495091164095	0.9923451635351427	0.9638386648122392	0.9485396383866481	0.94490933
AM231733	1418	7090	Natrialbaceae	Natrinema ejinorense	AJ002949	1463	7207	Natrialbaceae	Natrinema pallidum	6528.0	1412	22	20	1348	0.9683908045977011	0.9858356940509915	0.9546742209631728	0.9267130513115318	0.92073345
AM231733	1418	7090	Natrialbaceae	Natrinema ejinorense	AY208972	1474	7370	Natrialbaceae	Natrinema altunense	6690.0	1416	22	20	1372	0.9828080229226361	0.9858757062146892	0.9689265536723164	0.9406268907695088	0.94358253
AM231733	1418	7090	Natrialbaceae	Natrinema ejinorense	JQ669385	1440	7200	Natrialbaceae	Natrinema salaciae	6742.0	1401	11	9	1372	0.985632183908046	0.9935760171306209	0.979300499643112	0.9654293877501502	0.95091677
AM231733	1418	7090	Natrialbaceae	Natrinema ejinorense	AJ002947	1458	7170	Natrialbaceae	Natrinema pellirubrum	6424.0	1406	26	28	1332	0.9666182873730044	0.9814814814814815	0.9473684210526315	0.9116436342252279	0.90606487
AJ002949	1463	7207	Natrialbaceae	Natrinema pallidum	AY208972	1474	7370	Natrialbaceae	Natrinema altunense	6982.0	1463	4	4	1422	0.9746401644962303	0.9972658920027341	0.9719753930280246	0.9666749137204417	0.96878034
AJ002949	1463	7207	Natrialbaceae	Natrinema pallidum	JQ669385	1440	7200	Natrialbaceae	Natrinema salaciae	6747.0	1440	16	16	1385	0.9726123595505618	0.9888888888888889	0.9618055555555556	0.9406669719169719	0.9370833
AJ002949	1463	7207	Natrialbaceae	Natrinema pallidum	AJ002947	1458	7170	Natrialbaceae	Natrinema pellirubrum	7015.0	1454	2	3	1429	0.9848380427291523	0.9986235375086029	0.982806052269601	0.9794310314857082	0.9783822
AY208972	1474	7370	Natrialbaceae	Natrinema altunense	JQ669385	1440	7200	Natrialbaceae	Natrinema salaciae	6835.0	1440	15	15	1399	0.9817543859649123	0.9895833333333334	0.9715277777777778	0.95149627720504	0.94930553
AY208972	1474	7370	Natrialbaceae	Natrinema altunense	AJ002947	1458	7170	Natrialbaceae	Natrinema pellirubrum	6909.0	1462	2	6	1412	0.9697802197802198	0.9986282578875172	0.9658002735978112	0.9605226764743259	0.9635983
JQ669385	1440	7200	Natrialbaceae	Natrinema salaciae	AJ002947	1458	7170	Natrialbaceae	Natrinema pellirubrum	6701.0	1440	18	19	1379	0.9704433497536946	0.9874913134120917	0.9576388888888889	0.9333366674287457	0.93458855
