KP057085	1481	7405	Micrococcaceae	Nesterenkonia populi	KF040423	1520	7600	Micrococcaceae	Nesterenkonia rhizosphaerae	6998.0	1481	36	34	1432	0.9896337249481686	0.9770425388251182	0.9669142471303174	0.922297241659571	0.9450371
KP057085	1481	7405	Micrococcaceae	Nesterenkonia populi	AY588278	1502	7486	Micrococcaceae	Nesterenkonia lutea	6829.0	1477	46	47	1410	0.986013986013986	0.9688346883468835	0.9546377792823291	0.8963440737844586	0.92221475
KP057085	1481	7405	Micrococcaceae	Nesterenkonia populi	AY226508	1490	7444	Micrococcaceae	Nesterenkonia halotolerans	6780.0	1481	50	48	1407	0.9818562456385206	0.9675894665766374	0.950033760972316	0.8892216717657274	0.91559756
KP057085	1481	7405	Micrococcaceae	Nesterenkonia populi	HG795012	1481	7393	Micrococcaceae	Nesterenkonia aurantiaca	6723.0	1460	43	45	1390	0.9823321554770318	0.9705075445816187	0.952054794520548	0.8963123980349803	0.90937376
KP057085	1481	7405	Micrococcaceae	Nesterenkonia populi	EU566871	1494	7470	Micrococcaceae	Nesterenkonia alba	7050.0	1481	27	27	1439	0.9896836313617606	0.9817690749493585	0.9716407832545577	0.9368472804059197	0.95205945
KP057085	1481	7405	Micrococcaceae	Nesterenkonia populi	EF680886	1360	6800	Micrococcaceae	Nesterenkonia flava	6361.0	1360	30	30	1308	0.9834586466165414	0.9779411764705882	0.961764705882353	0.9202496826068558	0.9354412
KP057085	1481	7405	Micrococcaceae	Nesterenkonia populi	KF914157	1486	7430	Micrococcaceae	Nesterenkonia alkaliphila	7000.0	1481	25	28	1433	0.9862353750860289	0.983085250338295	0.9675894665766374	0.933537513237619	0.9453072
KP057085	1481	7405	Micrococcaceae	Nesterenkonia populi	FJ948172	1421	7105	Micrococcaceae	Nesterenkonia suensis	6649.0	1418	34	31	1367	0.9855803893294881	0.9781382228490832	0.964033850493653	0.9208780651754109	0.93581986
KP057085	1481	7405	Micrococcaceae	Nesterenkonia populi	AY226510	1506	7500	Micrococcaceae	Nesterenkonia xinjiangensis	6918.0	1477	43	36	1423	0.9875086745315753	0.975626269465132	0.963439404197698	0.9133659088479492	0.9342336
KP057085	1481	7405	Micrococcaceae	Nesterenkonia populi	X80747	1451	7255	Micrococcaceae	Nesterenkonia halobia	6751.0	1448	36	33	1391	0.9830388692579505	0.9772099447513812	0.960635359116022	0.9159696988875817	0.93053067
KP057085	1481	7405	Micrococcaceae	Nesterenkonia populi	AY588277	1461	7305	Micrococcaceae	Nesterenkonia sandarakina	6714.0	1463	43	47	1391	0.9823446327683616	0.9705277587388622	0.950786056049214	0.8939661722215717	0.9190965
KP057085	1481	7405	Micrococcaceae	Nesterenkonia populi	AY820953	1483	7415	Micrococcaceae	Nesterenkonia halophila	6934.0	1477	34	29	1425	0.9841160220994475	0.980365605958023	0.9647935003385241	0.924567166439565	0.93639433
KP057085	1481	7405	Micrococcaceae	Nesterenkonia populi	AY574575	1449	7245	Micrococcaceae	Nesterenkonia aethiopica	6815.0	1448	36	35	1398	0.9893842887473461	0.975828729281768	0.9654696132596685	0.9192780077735254	0.94064873
KP057085	1481	7405	Micrococcaceae	Nesterenkonia populi	AJ290397	1467	7323	Micrococcaceae	Nesterenkonia lacusekhoensis	6751.0	1451	40	39	1391	0.9851274787535411	0.9731219848380427	0.9586492074431426	0.9078555874645993	0.92188996
KP057085	1481	7405	Micrococcaceae	Nesterenkonia populi	CBLL010000172	1509	7545	Micrococcaceae	Nesterenkonia massiliensis	7021.0	1481	32	30	1435	0.988973121984838	0.9797434166103984	0.9689399054692776	0.9292345028657777	0.9481431
KP057085	1481	7405	Micrococcaceae	Nesterenkonia populi	AY928901	1480	7400	Micrococcaceae	Nesterenkonia jeotgali	6727.0	1461	43	45	1392	0.9830508474576272	0.9705277587388622	0.9527720739219713	0.8970247717244091	0.90905404
KP057085	1481	7405	Micrococcaceae	Nesterenkonia populi	LT601575	1441	7205	Micrococcaceae	Nesterenkonia cremea	6639.0	1442	40	43	1374	0.9821300929235168	0.9722029186935371	0.9528432732316228	0.89947890637722	0.92144346
KF040423	1520	7600	Micrococcaceae	Nesterenkonia rhizosphaerae	AY588278	1502	7486	Micrococcaceae	Nesterenkonia lutea	7041.0	1500	37	42	1444	0.99039780521262	0.9752508361204013	0.9626666666666667	0.9131867273910215	0.9405557
KF040423	1520	7600	Micrococcaceae	Nesterenkonia rhizosphaerae	AY226508	1490	7444	Micrococcaceae	Nesterenkonia halotolerans	6926.0	1496	41	50	1428	0.9875518672199171	0.972427706792199	0.9545454545454546	0.8980304016088011	0.9304138
KF040423	1520	7600	Micrococcaceae	Nesterenkonia rhizosphaerae	HG795012	1481	7393	Micrococcaceae	Nesterenkonia aurantiaca	6971.0	1485	35	39	1429	0.9882434301521439	0.9763673193787981	0.9622895622895623	0.915441254651781	0.94291896
KF040423	1520	7600	Micrococcaceae	Nesterenkonia rhizosphaerae	EU566871	1494	7470	Micrococcaceae	Nesterenkonia alba	7113.0	1494	25	28	1451	0.9897680763983628	0.9832327297116029	0.9712182061579652	0.9373310666409329	0.9522088
KF040423	1520	7600	Micrococcaceae	Nesterenkonia rhizosphaerae	EF680886	1360	6800	Micrococcaceae	Nesterenkonia flava	6563.0	1359	16	15	1332	0.9910714285714286	0.9889624724061811	0.9801324503311258	0.9580349187236605	0.9651471
KF040423	1520	7600	Micrococcaceae	Nesterenkonia rhizosphaerae	KF914157	1486	7430	Micrococcaceae	Nesterenkonia alkaliphila	7088.0	1495	27	37	1446	0.9917695473251029	0.9818181818181818	0.9672240802675586	0.9265523712418531	0.9539704
KF040423	1520	7600	Micrococcaceae	Nesterenkonia rhizosphaerae	FJ948172	1421	7105	Micrococcaceae	Nesterenkonia suensis	6772.0	1420	28	27	1381	0.9913854989231874	0.9809859154929578	0.9725352112676057	0.9355949926075793	0.9531316
KF040423	1520	7600	Micrococcaceae	Nesterenkonia rhizosphaerae	AY226510	1506	7500	Micrococcaceae	Nesterenkonia xinjiangensis	7126.0	1498	35	31	1455	0.9918200408997955	0.979305740987984	0.9712950600801068	0.9294780516226462	0.9501333
KF040423	1520	7600	Micrococcaceae	Nesterenkonia rhizosphaerae	X80747	1451	7255	Micrococcaceae	Nesterenkonia halobia	6803.0	1450	37	36	1396	0.9872701555869873	0.9751724137931035	0.9627586206896551	0.9154947475824965	0.9376981
KF040423	1520	7600	Micrococcaceae	Nesterenkonia rhizosphaerae	AY588277	1461	7305	Micrococcaceae	Nesterenkonia sandarakina	6829.0	1465	36	42	1405	0.9873506676036542	0.9753255654557916	0.9590443686006825	0.9092072861550774	0.9348391
KF040423	1520	7600	Micrococcaceae	Nesterenkonia rhizosphaerae	AY820953	1483	7415	Micrococcaceae	Nesterenkonia halophila	6966.0	1479	36	33	1428	0.9875518672199171	0.9776876267748479	0.9655172413793104	0.9215431888016388	0.93944705
KF040423	1520	7600	Micrococcaceae	Nesterenkonia rhizosphaerae	AY574575	1449	7245	Micrococcaceae	Nesterenkonia aethiopica	6969.0	1450	25	26	1416	0.9943820224719101	0.9827467218771566	0.976551724137931	0.9427862068965517	0.96190476
KF040423	1520	7600	Micrococcaceae	Nesterenkonia rhizosphaerae	AJ290397	1467	7323	Micrococcaceae	Nesterenkonia lacusekhoensis	6978.0	1468	26	27	1424	0.9882026370575989	0.9822767552828903	0.9700272479564033	0.9356153040864639	0.95288813
KF040423	1520	7600	Micrococcaceae	Nesterenkonia rhizosphaerae	CBLL010000172	1509	7545	Micrococcaceae	Nesterenkonia massiliensis	7488.0	1509	6	6	1502	0.9993346640053227	0.9960238568588469	0.9953611663353215	0.9874771174930616	0.99244535
KF040423	1520	7600	Micrococcaceae	Nesterenkonia rhizosphaerae	AY928901	1480	7400	Micrococcaceae	Nesterenkonia jeotgali	6947.0	1484	36	40	1427	0.9882271468144044	0.9756756756756757	0.9615902964959568	0.9135107816711591	0.93878376
KF040423	1520	7600	Micrococcaceae	Nesterenkonia rhizosphaerae	LT601575	1441	7205	Micrococcaceae	Nesterenkonia cremea	6783.0	1447	30	36	1392	0.9865343727852587	0.9791811242192922	0.9619903248099516	0.9190036210608271	0.94142956
AY588278	1502	7486	Micrococcaceae	Nesterenkonia lutea	AY226508	1490	7444	Micrococcaceae	Nesterenkonia halotolerans	7311.0	1491	7	8	1474	0.9939312204989885	0.9953020134228188	0.98859825620389	0.9786990747332236	0.98213327
AY588278	1502	7486	Micrococcaceae	Nesterenkonia lutea	HG795012	1481	7393	Micrococcaceae	Nesterenkonia aurantiaca	7310.0	1477	4	2	1468	0.9952542372881356	0.998645903859174	0.993906567366283	0.9898799371136174	0.98877317
AY588278	1502	7486	Micrococcaceae	Nesterenkonia lutea	EU566871	1494	7470	Micrococcaceae	Nesterenkonia alba	6881.0	1487	37	37	1422	0.9806896551724138	0.9751176866173503	0.9562878278412912	0.9098539044421733	0.9211513
AY588278	1502	7486	Micrococcaceae	Nesterenkonia lutea	EF680886	1360	6800	Micrococcaceae	Nesterenkonia flava	6504.0	1358	14	12	1326	0.9851411589895989	0.9911634756995582	0.9764359351988218	0.9579320472140045	0.9564706
AY588278	1502	7486	Micrococcaceae	Nesterenkonia lutea	KF914157	1486	7430	Micrococcaceae	Nesterenkonia alkaliphila	6907.0	1483	41	43	1422	0.9875	0.9723160027008778	0.9588671611598112	0.9060162152691129	0.9296097
AY588278	1502	7486	Micrococcaceae	Nesterenkonia lutea	FJ948172	1421	7105	Micrococcaceae	Nesterenkonia suensis	6730.0	1416	22	17	1376	0.9835596854896355	0.9879943502824858	0.9717514124293786	0.9453965410213495	0.94722027
AY588278	1502	7486	Micrococcaceae	Nesterenkonia lutea	AY226510	1506	7500	Micrococcaceae	Nesterenkonia xinjiangensis	7159.0	1497	25	16	1462	0.9871708305199189	0.9893119572478289	0.9766199064796259	0.9503114858714362	0.95631844
AY588278	1502	7486	Micrococcaceae	Nesterenkonia lutea	X80747	1451	7255	Micrococcaceae	Nesterenkonia halobia	6900.0	1445	21	16	1408	0.9853044086773968	0.9889273356401385	0.9743944636678201	0.9498019703828887	0.9510682
AY588278	1502	7486	Micrococcaceae	Nesterenkonia lutea	AY588277	1461	7305	Micrococcaceae	Nesterenkonia sandarakina	7220.0	1464	1	4	1452	0.9945205479452055	0.999315537303217	0.9918032786885246	0.9884182845633078	0.98836416
AY588278	1502	7486	Micrococcaceae	Nesterenkonia lutea	AY820953	1483	7415	Micrococcaceae	Nesterenkonia halophila	7016.0	1473	24	19	1433	0.9855570839064649	0.9871011541072641	0.9728445349626612	0.9449004367640008	0.9461902
AY588278	1502	7486	Micrococcaceae	Nesterenkonia lutea	AY574575	1449	7245	Micrococcaceae	Nesterenkonia aethiopica	6891.0	1445	25	22	1406	0.9880534082923401	0.9847750865051903	0.9730103806228374	0.9419005249158487	0.95113873
AY588278	1502	7486	Micrococcaceae	Nesterenkonia lutea	AJ290397	1467	7323	Micrococcaceae	Nesterenkonia lacusekhoensis	6937.0	1463	26	22	1419	0.9847328244274809	0.9849624060150376	0.9699248120300752	0.9386579275589915	0.94728935
AY588278	1502	7486	Micrococcaceae	Nesterenkonia lutea	CBLL010000172	1509	7545	Micrococcaceae	Nesterenkonia massiliensis	7064.0	1495	38	33	1447	0.9897400820793434	0.9779264214046822	0.9678929765886287	0.9230655784556916	0.94362813
AY588278	1502	7486	Micrococcaceae	Nesterenkonia lutea	AY928901	1480	7400	Micrococcaceae	Nesterenkonia jeotgali	7314.0	1478	3	1	1470	0.995260663507109	0.9993234100135318	0.9945872801082544	0.9919010214178877	0.9883784
AY588278	1502	7486	Micrococcaceae	Nesterenkonia lutea	LT601575	1441	7205	Micrococcaceae	Nesterenkonia cremea	6816.0	1443	23	25	1396	0.9844851904090268	0.9840388619014573	0.9674289674289674	0.9357532577177871	0.9460097
AY226508	1490	7444	Micrococcaceae	Nesterenkonia halotolerans	HG795012	1481	7393	Micrococcaceae	Nesterenkonia aurantiaca	7243.0	1466	7	2	1456	0.994535519125683	0.9986357435197817	0.9931787175989086	0.9871104158620517	0.9797105
AY226508	1490	7444	Micrococcaceae	Nesterenkonia halotolerans	EU566871	1494	7470	Micrococcaceae	Nesterenkonia alba	6821.0	1488	39	37	1416	0.9758787043418332	0.9751344086021505	0.9516129032258065	0.904250374970953	0.91630846
AY226508	1490	7444	Micrococcaceae	Nesterenkonia halotolerans	EF680886	1360	6800	Micrococcaceae	Nesterenkonia flava	6522.0	1358	14	12	1328	0.986627043090639	0.9911634756995582	0.9779086892488954	0.9593768919307676	0.95911765
AY226508	1490	7444	Micrococcaceae	Nesterenkonia halotolerans	KF914157	1486	7430	Micrococcaceae	Nesterenkonia alkaliphila	6853.0	1487	45	46	1418	0.9840388619014573	0.9697173620457604	0.9535978480161399	0.8969546338063038	0.9223419
AY226508	1490	7444	Micrococcaceae	Nesterenkonia halotolerans	FJ948172	1421	7105	Micrococcaceae	Nesterenkonia suensis	6685.0	1416	22	17	1371	0.9799857040743388	0.9879943502824858	0.9682203389830508	0.9419612338228707	0.9408867
AY226508	1490	7444	Micrococcaceae	Nesterenkonia halotolerans	AY226510	1506	7500	Micrococcaceae	Nesterenkonia xinjiangensis	7024.0	1490	28	21	1442	0.9816201497617427	0.9859060402684564	0.9677852348993289	0.9365457905580462	0.9435787
AY226508	1490	7444	Micrococcaceae	Nesterenkonia halotolerans	X80747	1451	7255	Micrococcaceae	Nesterenkonia halobia	6856.0	1445	23	18	1403	0.9831814996496145	0.9875432525951557	0.9709342560553633	0.9438168824189397	0.94500345
AY226508	1490	7444	Micrococcaceae	Nesterenkonia halotolerans	AY588277	1461	7305	Micrococcaceae	Nesterenkonia sandarakina	7267.0	1462	1	2	1457	0.9979452054794521	0.999315537303217	0.9965800273597811	0.9945364592927413	0.99479806
AY226508	1490	7444	Micrococcaceae	Nesterenkonia halotolerans	AY820953	1483	7415	Micrococcaceae	Nesterenkonia halophila	6974.0	1476	27	20	1430	0.9821428571428571	0.986449864498645	0.9688346883468835	0.9385384605675731	0.94052595
AY226508	1490	7444	Micrococcaceae	Nesterenkonia halotolerans	AY574575	1449	7245	Micrococcaceae	Nesterenkonia aethiopica	6837.0	1445	25	22	1400	0.9838369641602249	0.9847750865051903	0.9688581314878892	0.9378810347668479	0.9436853
AY226508	1490	7444	Micrococcaceae	Nesterenkonia halotolerans	AJ290397	1467	7323	Micrococcaceae	Nesterenkonia lacusekhoensis	6875.0	1457	32	24	1410	0.9839497557571528	0.9835277968428278	0.967741935483871	0.9313459996967005	0.93882287
AY226508	1490	7444	Micrococcaceae	Nesterenkonia halotolerans	CBLL010000172	1509	7545	Micrococcaceae	Nesterenkonia massiliensis	6966.0	1487	45	36	1433	0.9875947622329428	0.9757901815736382	0.9636852723604573	0.9127332442526263	0.9357872
AY226508	1490	7444	Micrococcaceae	Nesterenkonia halotolerans	AY928901	1480	7400	Micrococcaceae	Nesterenkonia jeotgali	7272.0	1468	6	2	1461	0.9965893587994543	0.9986376021798365	0.9952316076294278	0.9898300792298108	0.98270273
AY226508	1490	7444	Micrococcaceae	Nesterenkonia halotolerans	LT601575	1441	7205	Micrococcaceae	Nesterenkonia cremea	6808.0	1443	25	27	1395	0.9851694915254238	0.9826509368494102	0.9667359667359667	0.9324919134183438	0.9448994
HG795012	1481	7393	Micrococcaceae	Nesterenkonia aurantiaca	EU566871	1494	7470	Micrococcaceae	Nesterenkonia alba	6778.0	1469	36	35	1402	0.9776847977684798	0.9761742682096665	0.9543907420013614	0.9093663282591045	0.9168132
HG795012	1481	7393	Micrococcaceae	Nesterenkonia aurantiaca	EF680886	1360	6800	Micrococcaceae	Nesterenkonia flava	6523.0	1358	13	11	1327	0.9851521900519673	0.991899852724595	0.9771723122238586	0.9600664511783644	0.9592647
HG795012	1481	7393	Micrococcaceae	Nesterenkonia aurantiaca	KF914157	1486	7430	Micrococcaceae	Nesterenkonia alkaliphila	6829.0	1470	39	45	1406	0.9866666666666667	0.9733606557377049	0.9564625850340136	0.9032201349724781	0.9237116
HG795012	1481	7393	Micrococcaceae	Nesterenkonia aurantiaca	FJ948172	1421	7105	Micrococcaceae	Nesterenkonia suensis	6695.0	1416	22	17	1371	0.9799857040743388	0.9879943502824858	0.9682203389830508	0.9419612338228707	0.9422942
HG795012	1481	7393	Micrococcaceae	Nesterenkonia aurantiaca	AY226510	1506	7500	Micrococcaceae	Nesterenkonia xinjiangensis	7034.0	1477	22	17	1436	0.9835616438356164	0.988490182802979	0.972241029113067	0.9469458989360092	0.9514406
HG795012	1481	7393	Micrococcaceae	Nesterenkonia aurantiaca	X80747	1451	7255	Micrococcaceae	Nesterenkonia halobia	6792.0	1432	22	17	1389	0.9816254416961131	0.9881284916201117	0.9699720670391061	0.943954934566943	0.93618196
HG795012	1481	7393	Micrococcaceae	Nesterenkonia aurantiaca	AY588277	1461	7305	Micrococcaceae	Nesterenkonia sandarakina	7135.0	1444	0	2	1433	0.9937586685159501	1.0	0.9923822714681441	0.9910077807874402	0.97672826
HG795012	1481	7393	Micrococcaceae	Nesterenkonia aurantiaca	AY820953	1483	7415	Micrococcaceae	Nesterenkonia halophila	6892.0	1454	25	19	1410	0.9825783972125436	0.9869325997248969	0.9697386519944979	0.9408890910156217	0.9322332
HG795012	1481	7393	Micrococcaceae	Nesterenkonia aurantiaca	AY574575	1449	7245	Micrococcaceae	Nesterenkonia aethiopica	6793.0	1432	27	24	1388	0.9857954545454546	0.9832402234636871	0.9692737430167597	0.9353923441861534	0.9376122
HG795012	1481	7393	Micrococcaceae	Nesterenkonia aurantiaca	AJ290397	1467	7323	Micrococcaceae	Nesterenkonia lacusekhoensis	6937.0	1464	27	24	1418	0.9847222222222223	0.9836065573770492	0.9685792349726776	0.9354487581225055	0.94728935
HG795012	1481	7393	Micrococcaceae	Nesterenkonia aurantiaca	CBLL010000172	1509	7545	Micrococcaceae	Nesterenkonia massiliensis	7028.0	1481	33	29	1436	0.9889807162534435	0.9804186360567184	0.9696151249155975	0.9299082968146946	0.950629
HG795012	1481	7393	Micrococcaceae	Nesterenkonia aurantiaca	AY928901	1480	7400	Micrococcaceae	Nesterenkonia jeotgali	7315.0	1479	0	0	1469	0.993238674780257	1.0	0.993238674780257	0.993238674780257	0.9894495
HG795012	1481	7393	Micrococcaceae	Nesterenkonia aurantiaca	LT601575	1441	7205	Micrococcaceae	Nesterenkonia cremea	6804.0	1443	25	27	1394	0.9844632768361582	0.9826509368494102	0.966042966042966	0.9318234604338147	0.9443442
EU566871	1494	7470	Micrococcaceae	Nesterenkonia alba	EF680886	1360	6800	Micrococcaceae	Nesterenkonia flava	6435.0	1357	20	17	1317	0.9828358208955223	0.9874723655121592	0.9705232129697863	0.9444452471891892	0.9463235
EU566871	1494	7470	Micrococcaceae	Nesterenkonia alba	KF914157	1486	7430	Micrococcaceae	Nesterenkonia alkaliphila	7076.0	1487	28	30	1444	0.9910775566231984	0.9811447811447811	0.9710827168796234	0.9339059528010637	0.9523553
EU566871	1494	7470	Micrococcaceae	Nesterenkonia alba	FJ948172	1421	7105	Micrococcaceae	Nesterenkonia suensis	6731.0	1418	24	21	1377	0.9856836077308518	0.9851904090267983	0.9710860366713682	0.9407816873993768	0.947361
EU566871	1494	7470	Micrococcaceae	Nesterenkonia alba	AY226510	1506	7500	Micrococcaceae	Nesterenkonia xinjiangensis	7036.0	1487	31	23	1442	0.9849726775956285	0.98453261600538	0.9697377269670477	0.9352411279840303	0.9419009
EU566871	1494	7470	Micrococcaceae	Nesterenkonia alba	X80747	1451	7255	Micrococcaceae	Nesterenkonia halobia	6760.0	1448	33	30	1392	0.9816643159379408	0.9792817679558011	0.9613259668508287	0.920432289665412	0.9317712
EU566871	1494	7470	Micrococcaceae	Nesterenkonia alba	AY588277	1461	7305	Micrococcaceae	Nesterenkonia sandarakina	6729.0	1463	32	36	1394	0.9768745620182201	0.978067169294037	0.9528366370471634	0.9094969104122422	0.9211499
EU566871	1494	7470	Micrococcaceae	Nesterenkonia alba	AY820953	1483	7415	Micrococcaceae	Nesterenkonia halophila	6924.0	1477	33	28	1424	0.9827467218771566	0.981042654028436	0.964116452268111	0.9251687015473463	0.9337829
EU566871	1494	7470	Micrococcaceae	Nesterenkonia alba	AY574575	1449	7245	Micrococcaceae	Nesterenkonia aethiopica	6881.0	1448	28	27	1406	0.9894440534834623	0.981353591160221	0.9709944751381215	0.9348124316878528	0.94975847
EU566871	1494	7470	Micrococcaceae	Nesterenkonia alba	AJ290397	1467	7323	Micrococcaceae	Nesterenkonia lacusekhoensis	6840.0	1461	32	30	1407	0.9832285115303984	0.9794661190965093	0.9630390143737166	0.9230467713119815	0.9340434
EU566871	1494	7470	Micrococcaceae	Nesterenkonia alba	CBLL010000172	1509	7545	Micrococcaceae	Nesterenkonia massiliensis	7097.0	1491	28	25	1449	0.9884038199181446	0.9832327297116029	0.971830985915493	0.9379224656695936	0.9500669
EU566871	1494	7470	Micrococcaceae	Nesterenkonia alba	AY928901	1480	7400	Micrococcaceae	Nesterenkonia jeotgali	6790.0	1471	34	35	1405	0.9784122562674095	0.9768707482993197	0.9551325628823929	0.9113424320924359	0.91756755
EU566871	1494	7470	Micrococcaceae	Nesterenkonia alba	LT601575	1441	7205	Micrococcaceae	Nesterenkonia cremea	6709.0	1445	34	38	1384	0.9836531627576404	0.9764052741151977	0.9577854671280277	0.9111589940832556	0.9311589
EF680886	1360	6800	Micrococcaceae	Nesterenkonia flava	KF914157	1486	7430	Micrococcaceae	Nesterenkonia alkaliphila	6445.0	1360	23	26	1318	0.9880059970014993	0.9830508474576272	0.9691176470588235	0.9347815915954234	0.94779414
EF680886	1360	6800	Micrococcaceae	Nesterenkonia flava	FJ948172	1421	7105	Micrococcaceae	Nesterenkonia suensis	6497.0	1348	12	12	1320	0.9880239520958084	0.9910979228486647	0.9792284866468842	0.961947983941351	0.9554412
EF680886	1360	6800	Micrococcaceae	Nesterenkonia flava	AY226510	1506	7500	Micrococcaceae	Nesterenkonia xinjiangensis	6548.0	1360	15	14	1331	0.9888558692421991	0.9897058823529412	0.9786764705882353	0.958035294117647	0.96294117
EF680886	1360	6800	Micrococcaceae	Nesterenkonia flava	X80747	1451	7255	Micrococcaceae	Nesterenkonia halobia	6446.0	1360	25	23	1319	0.9865370231862378	0.9830882352941176	0.9698529411764706	0.936240709280102	0.9479412
EF680886	1360	6800	Micrococcaceae	Nesterenkonia flava	AY588277	1461	7305	Micrococcaceae	Nesterenkonia sandarakina	6522.0	1360	12	14	1328	0.986627043090639	0.9911634756995582	0.9764705882352941	0.9579660435602813	0.95911765
EF680886	1360	6800	Micrococcaceae	Nesterenkonia flava	AY820953	1483	7415	Micrococcaceae	Nesterenkonia halophila	6447.0	1360	24	22	1319	0.9857997010463379	0.9838235294117647	0.9698529411764706	0.9376179445766746	0.9480882
EF680886	1360	6800	Micrococcaceae	Nesterenkonia flava	AY574575	1449	7245	Micrococcaceae	Nesterenkonia aethiopica	6591.0	1360	11	11	1336	0.9903632320237212	0.9919117647058824	0.9823529411764705	0.9665894366499334	0.9692647
EF680886	1360	6800	Micrococcaceae	Nesterenkonia flava	AJ290397	1467	7323	Micrococcaceae	Nesterenkonia lacusekhoensis	6566.0	1360	17	16	1332	0.9910714285714286	0.9882352941176471	0.9794117647058823	0.9559400230680507	0.9655882
EF680886	1360	6800	Micrococcaceae	Nesterenkonia flava	CBLL010000172	1509	7545	Micrococcaceae	Nesterenkonia massiliensis	6610.0	1360	9	10	1338	0.9911111111111112	0.9933774834437086	0.9838235294117647	0.9701692948910754	0.97205883
EF680886	1360	6800	Micrococcaceae	Nesterenkonia flava	AY928901	1480	7400	Micrococcaceae	Nesterenkonia jeotgali	6522.0	1360	13	15	1328	0.9873605947955391	0.9904270986745214	0.9764705882352941	0.9565571312283107	0.95911765
EF680886	1360	6800	Micrococcaceae	Nesterenkonia flava	LT601575	1441	7205	Micrococcaceae	Nesterenkonia cremea	6466.0	1356	20	21	1319	0.9880149812734083	0.985239852398524	0.9727138643067846	0.9437303843383412	0.9508824
KF914157	1486	7430	Micrococcaceae	Nesterenkonia alkaliphila	FJ948172	1421	7105	Micrococcaceae	Nesterenkonia suensis	6719.0	1415	34	28	1374	0.9906272530641672	0.9802120141342756	0.9710247349823321	0.9294764026366422	0.94567204
KF914157	1486	7430	Micrococcaceae	Nesterenkonia alkaliphila	AY226510	1506	7500	Micrococcaceae	Nesterenkonia xinjiangensis	7028.0	1481	38	28	1438	0.9896765313145217	0.9810938555030385	0.9709655638082377	0.928777461628288	0.945895
KF914157	1486	7430	Micrococcaceae	Nesterenkonia alkaliphila	X80747	1451	7255	Micrococcaceae	Nesterenkonia halobia	6804.0	1445	39	33	1396	0.9886685552407932	0.9771626297577855	0.9660899653979239	0.9192176759716095	0.937836
KF914157	1486	7430	Micrococcaceae	Nesterenkonia alkaliphila	AY588277	1461	7305	Micrococcaceae	Nesterenkonia sandarakina	6774.0	1460	40	41	1398	0.985200845665962	0.9725839616175462	0.9575342465753425	0.905827397260274	0.92731005
KF914157	1486	7430	Micrococcaceae	Nesterenkonia alkaliphila	AY820953	1483	7415	Micrococcaceae	Nesterenkonia halophila	6964.0	1475	38	30	1428	0.9882352941176471	0.9796610169491525	0.9681355932203389	0.9246238811654922	0.93917733
KF914157	1486	7430	Micrococcaceae	Nesterenkonia alkaliphila	AY574575	1449	7245	Micrococcaceae	Nesterenkonia aethiopica	6889.0	1445	31	27	1406	0.9915373765867419	0.9813148788927336	0.9730103806228374	0.9347755553680105	0.95086265
KF914157	1486	7430	Micrococcaceae	Nesterenkonia alkaliphila	AJ290397	1467	7323	Micrococcaceae	Nesterenkonia lacusekhoensis	6905.0	1455	34	25	1413	0.9881118881118881	0.9828178694158075	0.9711340206185567	0.9326538948855179	0.94291955
KF914157	1486	7430	Micrococcaceae	Nesterenkonia alkaliphila	CBLL010000172	1509	7545	Micrococcaceae	Nesterenkonia massiliensis	7102.0	1485	35	25	1448	0.9917808219178083	0.9831649831649831	0.9750841750841751	0.9365940102782208	0.95585465
KF914157	1486	7430	Micrococcaceae	Nesterenkonia alkaliphila	AY928901	1480	7400	Micrococcaceae	Nesterenkonia jeotgali	6816.0	1465	45	39	1406	0.9859747545582047	0.9733788395904437	0.9597269624573379	0.906338177790837	0.92108107
KF914157	1486	7430	Micrococcaceae	Nesterenkonia alkaliphila	LT601575	1441	7205	Micrococcaceae	Nesterenkonia cremea	6784.0	1442	33	34	1392	0.9886363636363636	0.9770992366412213	0.9653259361997226	0.9214772326570911	0.9415684
FJ948172	1421	7105	Micrococcaceae	Nesterenkonia suensis	AY226510	1506	7500	Micrococcaceae	Nesterenkonia xinjiangensis	6979.0	1421	4	3	1407	0.9922425952045134	0.9978888106966924	0.9901477832512315	0.9852838994036817	0.982266
FJ948172	1421	7105	Micrococcaceae	Nesterenkonia suensis	X80747	1451	7255	Micrococcaceae	Nesterenkonia halobia	6759.0	1411	22	22	1376	0.9906407487401008	0.9844082211197732	0.9751948972360028	0.945251718255972	0.9513019
FJ948172	1421	7105	Micrococcaceae	Nesterenkonia suensis	AY588277	1461	7305	Micrococcaceae	Nesterenkonia sandarakina	6687.0	1421	17	23	1371	0.98068669527897	0.9879858657243816	0.9648135116115412	0.937975861775337	0.9411682
FJ948172	1421	7105	Micrococcaceae	Nesterenkonia suensis	AY820953	1483	7415	Micrococcaceae	Nesterenkonia halophila	6814.0	1421	22	21	1387	0.9907142857142858	0.9852216748768473	0.976073187895848	0.9469871538837055	0.9590429
FJ948172	1421	7105	Micrococcaceae	Nesterenkonia suensis	AY574575	1449	7245	Micrococcaceae	Nesterenkonia aethiopica	6919.0	1411	5	7	1395	0.9935897435897436	0.9964513839602555	0.9886605244507441	0.9802820454299751	0.9738213
FJ948172	1421	7105	Micrococcaceae	Nesterenkonia suensis	AJ290397	1467	7323	Micrococcaceae	Nesterenkonia lacusekhoensis	6752.0	1421	20	22	1379	0.9857040743388135	0.9859055673009162	0.9704433497536946	0.9421583943826639	0.95031667
FJ948172	1421	7105	Micrococcaceae	Nesterenkonia suensis	CBLL010000172	1509	7545	Micrococcaceae	Nesterenkonia massiliensis	6786.0	1421	22	23	1383	0.9892703862660944	0.9845070422535211	0.9732582688247713	0.9429071793603813	0.955102
FJ948172	1421	7105	Micrococcaceae	Nesterenkonia suensis	AY928901	1480	7400	Micrococcaceae	Nesterenkonia jeotgali	6703.0	1421	18	23	1373	0.9821173104434907	0.9872881355932204	0.9662209711470795	0.93869139517972	0.9434201
FJ948172	1421	7105	Micrococcaceae	Nesterenkonia suensis	LT601575	1441	7205	Micrococcaceae	Nesterenkonia cremea	6727.0	1421	24	27	1376	0.9870875179340028	0.9830747531734838	0.9683321604503871	0.9341557312580204	0.946798
AY226510	1506	7500	Micrococcaceae	Nesterenkonia xinjiangensis	X80747	1451	7255	Micrococcaceae	Nesterenkonia halobia	6876.0	1451	27	28	1406	0.9880534082923401	0.9813793103448276	0.968986905582357	0.9329285295288864	0.94776016
AY226510	1506	7500	Micrococcaceae	Nesterenkonia xinjiangensis	AY588277	1461	7305	Micrococcaceae	Nesterenkonia sandarakina	6918.0	1473	17	29	1418	0.981994459833795	0.9883641341546886	0.9626612355736592	0.9329414927304456	0.9470226
AY226510	1506	7500	Micrococcaceae	Nesterenkonia xinjiangensis	AY820953	1483	7415	Micrococcaceae	Nesterenkonia halophila	7013.0	1481	26	29	1434	0.987603305785124	0.9824086603518268	0.9682646860229575	0.9329265587958422	0.9457856
AY226510	1506	7500	Micrococcaceae	Nesterenkonia xinjiangensis	AY574575	1449	7245	Micrococcaceae	Nesterenkonia aethiopica	7090.0	1451	9	12	1431	0.9944405837387075	0.9937845303867403	0.9862164024810476	0.9720310980617995	0.9786059
AY226510	1506	7500	Micrococcaceae	Nesterenkonia xinjiangensis	AJ290397	1467	7323	Micrococcaceae	Nesterenkonia lacusekhoensis	6951.0	1469	25	27	1422	0.986130374479889	0.9829584185412407	0.9680054458815521	0.9343131545925021	0.94920117
AY226510	1506	7500	Micrococcaceae	Nesterenkonia xinjiangensis	CBLL010000172	1509	7545	Micrococcaceae	Nesterenkonia massiliensis	7140.0	1502	27	31	1457	0.990482664853841	0.9819759679572764	0.9700399467376831	0.9332431403866134	0.952
AY226510	1506	7500	Micrococcaceae	Nesterenkonia xinjiangensis	AY928901	1480	7400	Micrococcaceae	Nesterenkonia jeotgali	7031.0	1483	19	24	1437	0.9849211788896505	0.9871447902571042	0.968981793661497	0.9412413028975526	0.9501351
AY226510	1506	7500	Micrococcaceae	Nesterenkonia xinjiangensis	LT601575	1441	7205	Micrococcaceae	Nesterenkonia cremea	6799.0	1449	25	33	1395	0.9851694915254238	0.9826509368494102	0.9627329192546584	0.9248506198538645	0.94365025
X80747	1451	7255	Micrococcaceae	Nesterenkonia halobia	AY588277	1461	7305	Micrococcaceae	Nesterenkonia sandarakina	6863.0	1451	18	24	1404	0.9838822704975473	0.9875432525951557	0.9676085458304617	0.9399437678012722	0.9459683
X80747	1451	7255	Micrococcaceae	Nesterenkonia halobia	AY820953	1483	7415	Micrococcaceae	Nesterenkonia halophila	7217.0	1451	2	1	1447	0.9979310344827587	0.9993108201240524	0.9972432804962095	0.9951842785406081	0.99476224
X80747	1451	7255	Micrococcaceae	Nesterenkonia halobia	AY574575	1449	7245	Micrococcaceae	Nesterenkonia aethiopica	6947.0	1451	20	22	1414	0.9895031490552834	0.9861973775017253	0.974500344589938	0.9466764054514082	0.9588682
X80747	1451	7255	Micrococcaceae	Nesterenkonia halobia	AJ290397	1467	7323	Micrococcaceae	Nesterenkonia lacusekhoensis	6729.0	1428	26	28	1379	0.985	0.9817671809256662	0.9656862745098039	0.9298217223615719	0.9274983
X80747	1451	7255	Micrococcaceae	Nesterenkonia halobia	CBLL010000172	1509	7545	Micrococcaceae	Nesterenkonia massiliensis	6817.0	1451	31	32	1398	0.985200845665962	0.9786206896551725	0.9634734665747761	0.9225160924896135	0.9396278
X80747	1451	7255	Micrococcaceae	Nesterenkonia halobia	AY928901	1480	7400	Micrococcaceae	Nesterenkonia jeotgali	6814.0	1438	18	23	1393	0.984452296819788	0.9874389392882066	0.9687065368567455	0.9414283994864663	0.93921435
X80747	1451	7255	Micrococcaceae	Nesterenkonia halobia	LT601575	1441	7205	Micrococcaceae	Nesterenkonia cremea	6683.0	1419	26	30	1370	0.986321094312455	0.9816254416961131	0.9654686398872445	0.9280525541891921	0.9275503
AY588277	1461	7305	Micrococcaceae	Nesterenkonia sandarakina	AY820953	1483	7415	Micrococcaceae	Nesterenkonia halophila	6926.0	1460	28	20	1418	0.9847222222222223	0.9863013698630136	0.9712328767123287	0.9399027839151569	0.94811773
AY588277	1461	7305	Micrococcaceae	Nesterenkonia sandarakina	AY574575	1449	7245	Micrococcaceae	Nesterenkonia aethiopica	6835.0	1445	26	22	1400	0.9838369641602249	0.9847750865051903	0.9688581314878892	0.9372434541857692	0.94340926
AY588277	1461	7305	Micrococcaceae	Nesterenkonia sandarakina	AJ290397	1467	7323	Micrococcaceae	Nesterenkonia lacusekhoensis	6785.0	1433	28	23	1389	0.9851063829787234	0.9839497557571528	0.9692951849267272	0.9354594187177859	0.9288159
AY588277	1461	7305	Micrococcaceae	Nesterenkonia sandarakina	CBLL010000172	1509	7545	Micrococcaceae	Nesterenkonia massiliensis	6869.0	1459	37	31	1410	0.9873949579831933	0.9787525702535984	0.9664153529814942	0.9224873823914262	0.9403148
AY588277	1461	7305	Micrococcaceae	Nesterenkonia sandarakina	AY928901	1480	7400	Micrococcaceae	Nesterenkonia jeotgali	7191.0	1444	2	1	1441	0.9986139986139986	0.9993074792243767	0.9979224376731302	0.9958520591717336	0.98439425
AY588277	1461	7305	Micrococcaceae	Nesterenkonia sandarakina	LT601575	1441	7205	Micrococcaceae	Nesterenkonia cremea	6750.0	1424	25	24	1381	0.9864285714285714	0.9831460674157303	0.9698033707865169	0.9370080877164414	0.9368494
AY820953	1483	7415	Micrococcaceae	Nesterenkonia halophila	AY574575	1449	7245	Micrococcaceae	Nesterenkonia aethiopica	6966.0	1452	18	21	1417	0.9902166317260657	0.9875776397515528	0.9758953168044077	0.9500042165626581	0.9614907
AY820953	1483	7415	Micrococcaceae	Nesterenkonia halophila	AJ290397	1467	7323	Micrococcaceae	Nesterenkonia lacusekhoensis	6852.0	1451	24	27	1403	0.985252808988764	0.9834254143646409	0.9669193659545141	0.9334868997418495	0.9356821
AY820953	1483	7415	Micrococcaceae	Nesterenkonia halophila	CBLL010000172	1509	7545	Micrococcaceae	Nesterenkonia massiliensis	6980.0	1482	28	31	1430	0.9855272226051	0.9810682893847193	0.9649122807017544	0.9272104101312886	0.94133514
AY820953	1483	7415	Micrococcaceae	Nesterenkonia halophila	AY928901	1480	7400	Micrococcaceae	Nesterenkonia jeotgali	6914.0	1461	20	26	1414	0.9853658536585366	0.9862542955326461	0.9678302532511978	0.9377693540955224	0.9343243
AY820953	1483	7415	Micrococcaceae	Nesterenkonia halophila	LT601575	1441	7205	Micrococcaceae	Nesterenkonia cremea	6777.0	1442	27	34	1390	0.9872159090909091	0.981184668989547	0.9639389736477115	0.9239115554091069	0.9405968
AY574575	1449	7245	Micrococcaceae	Nesterenkonia aethiopica	AJ290397	1467	7323	Micrococcaceae	Nesterenkonia lacusekhoensis	6819.0	1426	23	23	1389	0.9900213827512473	0.9838709677419355	0.9740532959326789	0.9431309690776732	0.94120085
AY574575	1449	7245	Micrococcaceae	Nesterenkonia aethiopica	CBLL010000172	1509	7545	Micrococcaceae	Nesterenkonia massiliensis	6983.0	1449	21	20	1418	0.9923023093072079	0.9861973775017253	0.9786059351276742	0.9513114838758139	0.96383715
AY574575	1449	7245	Micrococcaceae	Nesterenkonia aethiopica	AY928901	1480	7400	Micrococcaceae	Nesterenkonia jeotgali	6786.0	1436	23	26	1389	0.9851063829787234	0.9839497557571528	0.9672701949860725	0.9347847669159438	0.936646
AY574575	1449	7245	Micrococcaceae	Nesterenkonia aethiopica	LT601575	1441	7205	Micrococcaceae	Nesterenkonia cremea	6729.0	1417	24	26	1375	0.9884974838245866	0.9830388692579505	0.9703599153140438	0.9366902444148749	0.93393475
AJ290397	1467	7323	Micrococcaceae	Nesterenkonia lacusekhoensis	CBLL010000172	1509	7545	Micrococcaceae	Nesterenkonia massiliensis	6956.0	1467	32	31	1421	0.9895543175487466	0.9788684389911384	0.9686434901158828	0.9279333234198851	0.94988394
AJ290397	1467	7323	Micrococcaceae	Nesterenkonia lacusekhoensis	AY928901	1480	7400	Micrococcaceae	Nesterenkonia jeotgali	6944.0	1467	23	26	1420	0.9854267869535045	0.9842896174863388	0.9679618268575324	0.936129525168929	0.9482452
AJ290397	1467	7323	Micrococcaceae	Nesterenkonia lacusekhoensis	LT601575	1441	7205	Micrococcaceae	Nesterenkonia cremea	7074.0	1446	1	6	1427	0.9909722222222223	0.9993060374739764	0.9868603042876902	0.9820862737900994	0.9818182
CBLL010000172	1509	7545	Micrococcaceae	Nesterenkonia massiliensis	AY928901	1480	7400	Micrococcaceae	Nesterenkonia jeotgali	6987.0	1484	31	35	1432	0.9882677708764666	0.9790540540540541	0.9649595687331537	0.9229217261348777	0.9441892
CBLL010000172	1509	7545	Micrococcaceae	Nesterenkonia massiliensis	LT601575	1441	7205	Micrococcaceae	Nesterenkonia cremea	6761.0	1447	35	41	1389	0.9879089615931721	0.9757113115891742	0.9599170697995854	0.9106905533996066	0.9383761
AY928901	1480	7400	Micrococcaceae	Nesterenkonia jeotgali	LT601575	1441	7205	Micrococcaceae	Nesterenkonia cremea	6843.0	1443	24	26	1399	0.9872971065631616	0.9833448993754337	0.9695079695079695	0.9364640714333965	0.9497571
