AM041247	1477	7367	Brucellaceae	Ochrobactrum oryzae	AJ242584	1398	6990	Brucellaceae	Ochrobactrum tritici	6576.0	1399	26	30	1348	0.9846603360116873	0.9813620071684588	0.9635453895639743	0.9256797461846181	0.94077253
AM041247	1477	7367	Brucellaceae	Ochrobactrum oryzae	AM490617	1387	6935	Brucellaceae	Ochrobactrum thiophenivorans	6482.0	1392	25	30	1335	0.9801762114537445	0.9819754866618601	0.959051724137931	0.9218267101452803	0.93467915
AM041247	1477	7367	Brucellaceae	Ochrobactrum oryzae	AJ242581	1440	7200	Brucellaceae	Ochrobactrum grignonense	6708.0	1445	24	29	1383	0.9766949152542372	0.9833333333333333	0.9570934256055363	0.9225624851310004	0.9316667
AM041247	1477	7367	Brucellaceae	Ochrobactrum oryzae	DQ365921	1396	6980	Brucellaceae	Ochrobactrum pseudintermedium	6679.0	1395	19	21	1358	0.9883551673944687	0.9863603732950467	0.9734767025089606	0.9459384648142233	0.9568768
AM041247	1477	7367	Brucellaceae	Ochrobactrum oryzae	AM422370	1388	6940	Brucellaceae	Ochrobactrum haematophilum	6561.0	1392	24	28	1344	0.9853372434017595	0.9827089337175793	0.9655172413793104	0.9300603935320475	0.94538903
AM041247	1477	7367	Brucellaceae	Ochrobactrum oryzae	U70978	1454	7270	Brucellaceae	Ochrobactrum intermedium	6961.0	1456	24	26	1417	0.990909090909091	0.9834938101788171	0.9732142857142857	0.9403354247104246	0.9574966
AM041247	1477	7367	Brucellaceae	Ochrobactrum oryzae	FR668302	1386	6930	Brucellaceae	Ochrobactrum pecoris	6484.0	1389	28	31	1334	0.9823269513991163	0.9797979797979798	0.9604031677465803	0.9204146095976402	0.9356421
AM041247	1477	7367	Brucellaceae	Ochrobactrum oryzae	CP000758	1476	7380	Brucellaceae	Ochrobactrum anthropi	6981.0	1477	23	27	1428	0.9848275862068966	0.9843856076035302	0.966824644549763	0.9345971563981043	0.9476042
AM041247	1477	7367	Brucellaceae	Ochrobactrum oryzae	AJ519939	1453	7265	Brucellaceae	Ochrobactrum gallinifaecis	6889.0	1453	16	19	1408	0.9818688981868898	0.9889655172413793	0.969029593943565	0.9459417547413699	0.948245
AM041247	1477	7367	Brucellaceae	Ochrobactrum oryzae	AY457038	1477	7385	Brucellaceae	Ochrobactrum lupini	6990.0	1477	23	27	1429	0.9855172413793103	0.9843856076035302	0.967501692620176	0.9352516361995036	0.94882584
AM041247	1477	7367	Brucellaceae	Ochrobactrum oryzae	AM422371	1387	6935	Brucellaceae	Ochrobactrum pseudogrignonense	6481.0	1392	22	27	1335	0.978021978021978	0.9841384282624369	0.959051724137931	0.9258172584499829	0.93453497
AM041247	1477	7367	Brucellaceae	Ochrobactrum oryzae	AM490632	1387	6935	Brucellaceae	Ochrobactrum rhizosphaerae	6468.0	1392	29	34	1333	0.9815905743740795	0.9790915645277577	0.9576149425287356	0.9151591076382991	0.9326604
AM041247	1477	7367	Brucellaceae	Ochrobactrum oryzae	AM490609	1429	7145	Brucellaceae	Ochrobactrum pituitosum	6413.0	1392	71	34	1332	0.9808541973490427	0.9755747126436781	0.9568965517241379	0.8882197657152285	0.89755076
AM041247	1477	7367	Brucellaceae	Ochrobactrum oryzae	AY776289	1476	7380	Brucellaceae	Ochrobactrum cytisi	6972.0	1477	23	27	1427	0.9841379310344828	0.9843856076035302	0.96614759647935	0.933942676596705	0.9463825
AM041247	1477	7367	Brucellaceae	Ochrobactrum oryzae	HQ171203	1389	6945	Brucellaceae	Ochrobactrum daejeonense	6421.0	1347	65	23	1315	0.993202416918429	0.9829250185597624	0.9762435040831478	0.9154011327238581	0.92455006
AM041247	1477	7367	Brucellaceae	Ochrobactrum oryzae	DQ647056	1492	7460	Brucellaceae	Ochrobactrum ciceri	6890.0	1449	63	22	1412	0.9894884372810091	0.9848171152518979	0.9744651483781919	0.9196837081585184	0.9352518
AJ242584	1398	6990	Brucellaceae	Ochrobactrum tritici	AM490617	1387	6935	Brucellaceae	Ochrobactrum thiophenivorans	6635.0	1362	11	9	1342	0.991869918699187	0.9933920704845814	0.9853157121879589	0.9709629705683236	0.95674115
AJ242584	1398	6990	Brucellaceae	Ochrobactrum tritici	AJ242581	1440	7200	Brucellaceae	Ochrobactrum grignonense	6764.0	1395	13	11	1371	0.990606936416185	0.9921146953405018	0.9827956989247312	0.9660434995112415	0.9676681
AJ242584	1398	6990	Brucellaceae	Ochrobactrum tritici	DQ365921	1396	6980	Brucellaceae	Ochrobactrum pseudintermedium	6589.0	1393	34	32	1348	0.9904481998530492	0.9770279971284996	0.9676956209619526	0.9229388508263612	0.9439828
AJ242584	1398	6990	Brucellaceae	Ochrobactrum tritici	AM422370	1388	6940	Brucellaceae	Ochrobactrum haematophilum	6686.0	1362	7	7	1348	0.9948339483394834	0.9948604992657856	0.9897209985315712	0.9795996734918035	0.9634006
AJ242584	1398	6990	Brucellaceae	Ochrobactrum tritici	U70978	1454	7270	Brucellaceae	Ochrobactrum intermedium	6787.0	1395	14	12	1373	0.9927693420101229	0.9913978494623656	0.9842293906810036	0.9660675992276991	0.97095853
AJ242584	1398	6990	Brucellaceae	Ochrobactrum tritici	FR668302	1386	6930	Brucellaceae	Ochrobactrum pecoris	6620.0	1362	16	15	1340	0.9948032665181886	0.9889867841409692	0.9838472834067548	0.9617142893678511	0.95526695
AJ242584	1398	6990	Brucellaceae	Ochrobactrum tritici	CP000758	1476	7380	Brucellaceae	Ochrobactrum anthropi	6962.0	1397	3	3	1394	1.0	0.9978525411596277	0.9978525411596277	0.9935760302689437	0.99599427
AJ242584	1398	6990	Brucellaceae	Ochrobactrum tritici	AJ519939	1453	7265	Brucellaceae	Ochrobactrum gallinifaecis	6573.0	1398	31	30	1349	0.9861111111111112	0.9785407725321889	0.9649499284692418	0.9237589238249985	0.9403433
AJ242584	1398	6990	Brucellaceae	Ochrobactrum tritici	AY457038	1477	7385	Brucellaceae	Ochrobactrum lupini	6958.0	1398	3	3	1394	0.9992831541218637	0.9978540772532188	0.9971387696709585	0.9928683680877852	0.995422
AJ242584	1398	6990	Brucellaceae	Ochrobactrum tritici	AM422371	1387	6935	Brucellaceae	Ochrobactrum pseudogrignonense	6590.0	1362	14	12	1337	0.9903703703703703	0.9911894273127754	0.9816446402349486	0.9630961223235325	0.95025235
AJ242584	1398	6990	Brucellaceae	Ochrobactrum tritici	AM490632	1387	6935	Brucellaceae	Ochrobactrum rhizosphaerae	6628.0	1362	15	13	1341	0.994069681245367	0.9904552129221733	0.9845814977973568	0.9645609589895674	0.9557318
AJ242584	1398	6990	Brucellaceae	Ochrobactrum tritici	AM490609	1429	7145	Brucellaceae	Ochrobactrum pituitosum	6588.0	1362	53	9	1342	0.991869918699187	0.9933920704845814	0.9853157121879589	0.942142868261702	0.94248927
AJ242584	1398	6990	Brucellaceae	Ochrobactrum tritici	AY776289	1476	7380	Brucellaceae	Ochrobactrum cytisi	6962.0	1397	3	3	1394	1.0	0.9978525411596277	0.9978525411596277	0.9935760302689437	0.99599427
AJ242584	1398	6990	Brucellaceae	Ochrobactrum tritici	HQ171203	1389	6945	Brucellaceae	Ochrobactrum daejeonense	6396.0	1343	65	19	1311	0.9901812688821753	0.9858525688756515	0.9761727475800447	0.9179351688891898	0.92095035
AJ242584	1398	6990	Brucellaceae	Ochrobactrum tritici	DQ647056	1492	7460	Brucellaceae	Ochrobactrum ciceri	6675.0	1397	62	17	1366	0.9898550724637681	0.9878310665712241	0.9778095919828204	0.9248644530063688	0.9549356
AM490617	1387	6935	Brucellaceae	Ochrobactrum thiophenivorans	AJ242581	1440	7200	Brucellaceae	Ochrobactrum grignonense	6845.0	1387	2	2	1377	0.9942238267148015	0.9985580389329488	0.992790194664744	0.9899311876246728	0.98702234
AM490617	1387	6935	Brucellaceae	Ochrobactrum thiophenivorans	DQ365921	1396	6980	Brucellaceae	Ochrobactrum pseudintermedium	6295.0	1357	37	34	1299	0.981859410430839	0.9749447310243183	0.9572586588061901	0.9085030169301215	0.9077145
AM490617	1387	6935	Brucellaceae	Ochrobactrum thiophenivorans	AM422370	1388	6940	Brucellaceae	Ochrobactrum haematophilum	6714.0	1387	9	8	1362	0.9876722262509064	0.9942321557317952	0.9819754866618601	0.9700173324546598	0.9681327
AM490617	1387	6935	Brucellaceae	Ochrobactrum thiophenivorans	U70978	1454	7270	Brucellaceae	Ochrobactrum intermedium	6572.0	1387	23	20	1345	0.9839063643013899	0.9855803893294881	0.969718817591925	0.9401458323745827	0.9476568
AM490617	1387	6935	Brucellaceae	Ochrobactrum thiophenivorans	FR668302	1386	6930	Brucellaceae	Ochrobactrum pecoris	6645.0	1384	20	18	1352	0.9897510980966325	0.9869942196531792	0.976878612716763	0.950438878184543	0.95887446
AM490617	1387	6935	Brucellaceae	Ochrobactrum thiophenivorans	CP000758	1476	7380	Brucellaceae	Ochrobactrum anthropi	6774.0	1387	7	6	1369	0.9913106444605359	0.9956741167988464	0.9870223503965393	0.9778176943311483	0.9767844
AM490617	1387	6935	Brucellaceae	Ochrobactrum thiophenivorans	AJ519939	1453	7265	Brucellaceae	Ochrobactrum gallinifaecis	6557.0	1387	34	32	1342	0.9904059040590406	0.976928622927181	0.9675558759913482	0.922616616444952	0.9454939
AM490617	1387	6935	Brucellaceae	Ochrobactrum thiophenivorans	AY457038	1477	7385	Brucellaceae	Ochrobactrum lupini	6774.0	1387	7	6	1369	0.9913106444605359	0.9956741167988464	0.9870223503965393	0.9778176943311483	0.9767844
AM490617	1387	6935	Brucellaceae	Ochrobactrum thiophenivorans	AM422371	1387	6935	Brucellaceae	Ochrobactrum pseudogrignonense	6849.0	1387	6	6	1377	0.997103548153512	0.9956741167988464	0.992790194664744	0.9842378024637556	0.98759913
AM490617	1387	6935	Brucellaceae	Ochrobactrum thiophenivorans	AM490632	1387	6935	Brucellaceae	Ochrobactrum rhizosphaerae	6816.0	1387	9	9	1373	0.9963715529753265	0.9935111751982696	0.9899062725306417	0.9771424380710776	0.98284066
AM490617	1387	6935	Brucellaceae	Ochrobactrum thiophenivorans	AM490609	1429	7145	Brucellaceae	Ochrobactrum pituitosum	6805.0	1387	46	4	1377	0.9956616052060737	0.9971160778658976	0.992790194664744	0.9581499226945855	0.9812545
AM490617	1387	6935	Brucellaceae	Ochrobactrum thiophenivorans	AY776289	1476	7380	Brucellaceae	Ochrobactrum cytisi	6774.0	1387	7	6	1369	0.9913106444605359	0.9956741167988464	0.9870223503965393	0.9778176943311483	0.9767844
AM490617	1387	6935	Brucellaceae	Ochrobactrum thiophenivorans	HQ171203	1389	6945	Brucellaceae	Ochrobactrum daejeonense	6283.0	1342	67	20	1298	0.9818456883509834	0.9850968703427719	0.9672131147540983	0.9074916520262015	0.90598416
AM490617	1387	6935	Brucellaceae	Ochrobactrum thiophenivorans	DQ647056	1492	7460	Brucellaceae	Ochrobactrum ciceri	6496.0	1387	67	20	1342	0.9817117776152158	0.9855803893294881	0.9675558759913482	0.9096622300413844	0.9366979
AJ242581	1440	7200	Brucellaceae	Ochrobactrum grignonense	DQ365921	1396	6980	Brucellaceae	Ochrobactrum pseudintermedium	6479.0	1390	30	27	1335	0.979457079970653	0.9805755395683453	0.960431654676259	0.9218791164251698	0.9282235
AJ242581	1440	7200	Brucellaceae	Ochrobactrum grignonense	AM422370	1388	6940	Brucellaceae	Ochrobactrum haematophilum	6705.0	1387	8	7	1361	0.986231884057971	0.9949531362653208	0.9812545061283345	0.9707033824065244	0.9661383
AJ242581	1440	7200	Brucellaceae	Ochrobactrum grignonense	U70978	1454	7270	Brucellaceae	Ochrobactrum intermedium	6810.0	1440	24	21	1395	0.9830866807610994	0.9854166666666667	0.96875	0.9389728483606558	0.9458333
AJ242581	1440	7200	Brucellaceae	Ochrobactrum grignonense	FR668302	1386	6930	Brucellaceae	Ochrobactrum pecoris	6669.0	1384	16	14	1355	0.9890510948905109	0.9898843930635838	0.9790462427745664	0.958066680429397	0.9623377
AJ242581	1440	7200	Brucellaceae	Ochrobactrum grignonense	CP000758	1476	7380	Brucellaceae	Ochrobactrum anthropi	7003.0	1440	9	8	1418	0.9902234636871509	0.9944444444444445	0.9847222222222223	0.9731692354880761	0.9726389
AJ242581	1440	7200	Brucellaceae	Ochrobactrum grignonense	AJ519939	1453	7265	Brucellaceae	Ochrobactrum gallinifaecis	6794.0	1440	32	30	1392	0.9872340425531915	0.9791666666666666	0.9666666666666667	0.9259510869565217	0.9436111
AJ242581	1440	7200	Brucellaceae	Ochrobactrum grignonense	AY457038	1477	7385	Brucellaceae	Ochrobactrum lupini	6994.0	1440	9	8	1417	0.9895251396648045	0.9944444444444445	0.9840277777777777	0.9724829384249674	0.9713889
AJ242581	1440	7200	Brucellaceae	Ochrobactrum grignonense	AM422371	1387	6935	Brucellaceae	Ochrobactrum pseudogrignonense	6813.0	1387	6	6	1373	0.9942070963070239	0.9956741167988464	0.9899062725306417	0.9813787238799829	0.98240805
AJ242581	1440	7200	Brucellaceae	Ochrobactrum grignonense	AM490632	1387	6935	Brucellaceae	Ochrobactrum rhizosphaerae	6762.0	1387	11	11	1367	0.9934593023255814	0.9920692141312184	0.9855803893294881	0.9700705405703688	0.9750541
AJ242581	1440	7200	Brucellaceae	Ochrobactrum grignonense	AM490609	1429	7145	Brucellaceae	Ochrobactrum pituitosum	6787.0	1387	48	6	1375	0.9956553222302679	0.9956741167988464	0.9913482335976929	0.954043143274156	0.949895
AJ242581	1440	7200	Brucellaceae	Ochrobactrum grignonense	AY776289	1476	7380	Brucellaceae	Ochrobactrum cytisi	7003.0	1440	9	8	1418	0.9902234636871509	0.9944444444444445	0.9847222222222223	0.9731692354880761	0.9726389
AJ242581	1440	7200	Brucellaceae	Ochrobactrum grignonense	HQ171203	1389	6945	Brucellaceae	Ochrobactrum daejeonense	6292.0	1342	66	19	1299	0.981859410430839	0.9858420268256334	0.9679582712369598	0.9095232903739331	0.9059755
AJ242581	1440	7200	Brucellaceae	Ochrobactrum grignonense	DQ647056	1492	7460	Brucellaceae	Ochrobactrum ciceri	6762.0	1440	66	20	1395	0.9823943661971831	0.9861111111111112	0.96875	0.913429614873838	0.93916667
DQ365921	1396	6980	Brucellaceae	Ochrobactrum pseudintermedium	AM422370	1388	6940	Brucellaceae	Ochrobactrum haematophilum	6395.0	1360	31	33	1311	0.9879427279577996	0.9771723122238586	0.9639705882352941	0.9196182391000973	0.92146975
DQ365921	1396	6980	Brucellaceae	Ochrobactrum pseudintermedium	U70978	1454	7270	Brucellaceae	Ochrobactrum intermedium	6732.0	1393	22	22	1365	0.9956236323851203	0.9842067480258435	0.9798994974874372	0.94942912442069	0.9644699
DQ365921	1396	6980	Brucellaceae	Ochrobactrum pseudintermedium	FR668302	1386	6930	Brucellaceae	Ochrobactrum pecoris	6334.0	1360	35	36	1304	0.9848942598187311	0.9742457689477557	0.9588235294117647	0.9100231920725279	0.9139971
DQ365921	1396	6980	Brucellaceae	Ochrobactrum pseudintermedium	CP000758	1476	7380	Brucellaceae	Ochrobactrum anthropi	6581.0	1395	33	35	1347	0.9904411764705883	0.9763101220387652	0.9655913978494624	0.9196108550947261	0.9428367
DQ365921	1396	6980	Brucellaceae	Ochrobactrum pseudintermedium	AJ519939	1453	7265	Brucellaceae	Ochrobactrum gallinifaecis	6505.0	1395	28	29	1339	0.9802342606149341	0.9799139167862266	0.9598566308243728	0.921408403166615	0.9319484
DQ365921	1396	6980	Brucellaceae	Ochrobactrum pseudintermedium	AY457038	1477	7385	Brucellaceae	Ochrobactrum lupini	6572.0	1395	33	35	1346	0.9897058823529412	0.9763101220387652	0.9648745519713262	0.9189281447345964	0.9415473
DQ365921	1396	6980	Brucellaceae	Ochrobactrum pseudintermedium	AM422371	1387	6935	Brucellaceae	Ochrobactrum pseudogrignonense	6276.0	1360	36	39	1297	0.9818319454958365	0.9734708916728076	0.9536764705882353	0.9024402705208158	0.90497476
DQ365921	1396	6980	Brucellaceae	Ochrobactrum pseudintermedium	AM490632	1387	6935	Brucellaceae	Ochrobactrum rhizosphaerae	6291.0	1360	40	43	1298	0.9855732725892179	0.9705232129697863	0.9544117647058824	0.8978287815126051	0.9071377
DQ365921	1396	6980	Brucellaceae	Ochrobactrum pseudintermedium	AM490609	1429	7145	Brucellaceae	Ochrobactrum pituitosum	6259.0	1360	78	39	1300	0.9841029523088569	0.9713235294117647	0.9558823529411765	0.878108893070441	0.89670485
DQ365921	1396	6980	Brucellaceae	Ochrobactrum pseudintermedium	AY776289	1476	7380	Brucellaceae	Ochrobactrum cytisi	6581.0	1395	33	35	1347	0.9904411764705883	0.9763101220387652	0.9655913978494624	0.9196108550947261	0.9428367
DQ365921	1396	6980	Brucellaceae	Ochrobactrum pseudintermedium	HQ171203	1389	6945	Brucellaceae	Ochrobactrum daejeonense	6418.0	1375	62	49	1319	0.9947209653092006	0.9643636363636363	0.9592727272727273	0.8851744163977984	0.92411804
DQ365921	1396	6980	Brucellaceae	Ochrobactrum pseudintermedium	DQ647056	1492	7460	Brucellaceae	Ochrobactrum ciceri	6698.0	1395	62	19	1368	0.9941860465116279	0.9863799283154122	0.9806451612903225	0.926127482454004	0.95959884
AM422370	1388	6940	Brucellaceae	Ochrobactrum haematophilum	U70978	1454	7270	Brucellaceae	Ochrobactrum intermedium	6682.0	1388	21	19	1358	0.9919649379108838	0.9863112391930836	0.978386167146974	0.9506108323805589	0.9628242
AM422370	1388	6940	Brucellaceae	Ochrobactrum haematophilum	FR668302	1386	6930	Brucellaceae	Ochrobactrum pecoris	6711.0	1385	15	14	1360	0.9919766593727206	0.9898916967509025	0.9819494584837545	0.9616090768437339	0.9683983
AM422370	1388	6940	Brucellaceae	Ochrobactrum haematophilum	CP000758	1476	7380	Brucellaceae	Ochrobactrum anthropi	6816.0	1388	7	7	1374	0.9949312092686459	0.9949567723342939	0.9899135446685879	0.9799789284496917	0.98213255
AM422370	1388	6940	Brucellaceae	Ochrobactrum haematophilum	AJ519939	1453	7265	Brucellaceae	Ochrobactrum gallinifaecis	6537.0	1388	27	26	1341	0.9845814977973568	0.9812680115273775	0.9661383285302594	0.929950815164815	0.94193083
AM422370	1388	6940	Brucellaceae	Ochrobactrum haematophilum	AY457038	1477	7385	Brucellaceae	Ochrobactrum lupini	6816.0	1388	7	7	1374	0.9949312092686459	0.9949567723342939	0.9899135446685879	0.9799789284496917	0.98213255
AM422370	1388	6940	Brucellaceae	Ochrobactrum haematophilum	AM422371	1387	6935	Brucellaceae	Ochrobactrum pseudogrignonense	6695.0	1388	10	11	1360	0.9876543209876543	0.992790194664744	0.9798270893371758	0.965108656664729	0.96539295
AM422370	1388	6940	Brucellaceae	Ochrobactrum haematophilum	AM490632	1387	6935	Brucellaceae	Ochrobactrum rhizosphaerae	6742.0	1388	9	10	1365	0.9905660377358491	0.9935111751982696	0.9834293948126801	0.9700541918767883	0.9721702
AM422370	1388	6940	Brucellaceae	Ochrobactrum haematophilum	AM490609	1429	7145	Brucellaceae	Ochrobactrum pituitosum	6697.0	1388	50	9	1365	0.9898477157360406	0.9935158501440923	0.9834293948126801	0.9430800663746077	0.9649856
AM422370	1388	6940	Brucellaceae	Ochrobactrum haematophilum	AY776289	1476	7380	Brucellaceae	Ochrobactrum cytisi	6816.0	1388	7	7	1374	0.9949312092686459	0.9949567723342939	0.9899135446685879	0.9799789284496917	0.98213255
AM422370	1388	6940	Brucellaceae	Ochrobactrum haematophilum	HQ171203	1389	6945	Brucellaceae	Ochrobactrum daejeonense	6425.0	1343	64	18	1314	0.9916981132075472	0.9865971705137752	0.9784065524944154	0.9213849907996449	0.9257925
AM422370	1388	6940	Brucellaceae	Ochrobactrum haematophilum	DQ647056	1492	7460	Brucellaceae	Ochrobactrum ciceri	6602.0	1388	66	20	1354	0.9897660818713451	0.9855907780979827	0.9755043227665706	0.9178059928092631	0.9512968
U70978	1454	7270	Brucellaceae	Ochrobactrum intermedium	FR668302	1386	6930	Brucellaceae	Ochrobactrum pecoris	6556.0	1387	27	28	1342	0.9874908020603385	0.9805194805194806	0.9675558759913482	0.9299211000510906	0.94603175
U70978	1454	7270	Brucellaceae	Ochrobactrum intermedium	CP000758	1476	7380	Brucellaceae	Ochrobactrum anthropi	7049.0	1454	15	17	1427	0.9930410577592206	0.9896694214876033	0.9814305364511692	0.9600515186387543	0.9696011
U70978	1454	7270	Brucellaceae	Ochrobactrum intermedium	AJ519939	1453	7265	Brucellaceae	Ochrobactrum gallinifaecis	6719.0	1451	41	42	1387	0.9843860894251242	0.9717241379310345	0.9558924879393522	0.9027161632081415	0.92484516
U70978	1454	7270	Brucellaceae	Ochrobactrum intermedium	AY457038	1477	7385	Brucellaceae	Ochrobactrum lupini	7040.0	1454	15	17	1426	0.9923451635351427	0.9896694214876033	0.9807427785419532	0.9593787425219787	0.96836317
U70978	1454	7270	Brucellaceae	Ochrobactrum intermedium	AM422371	1387	6935	Brucellaceae	Ochrobactrum pseudogrignonense	6545.0	1390	23	26	1342	0.9838709677419355	0.9834174477289113	0.9654676258992806	0.9319871491341958	0.9437635
U70978	1454	7270	Brucellaceae	Ochrobactrum intermedium	AM490632	1387	6935	Brucellaceae	Ochrobactrum rhizosphaerae	6569.0	1390	26	29	1344	0.9875091844232182	0.9812545061283345	0.9669064748201439	0.9293500792586271	0.9472242
U70978	1454	7270	Brucellaceae	Ochrobactrum intermedium	AM490609	1429	7145	Brucellaceae	Ochrobactrum pituitosum	6529.0	1390	64	25	1345	0.9853479853479854	0.9820143884892086	0.9676258992805755	0.9083970787606503	0.9137859
U70978	1454	7270	Brucellaceae	Ochrobactrum intermedium	AY776289	1476	7380	Brucellaceae	Ochrobactrum cytisi	7049.0	1454	15	17	1427	0.9930410577592206	0.9896694214876033	0.9814305364511692	0.9600515186387543	0.9696011
U70978	1454	7270	Brucellaceae	Ochrobactrum intermedium	HQ171203	1389	6945	Brucellaceae	Ochrobactrum daejeonense	6500.0	1345	58	14	1324	0.994740796393689	0.9895910780669145	0.9843866171003718	0.9338692711051996	0.9359251
U70978	1454	7270	Brucellaceae	Ochrobactrum intermedium	DQ647056	1492	7460	Brucellaceae	Ochrobactrum ciceri	7095.0	1447	50	7	1436	0.9972222222222222	0.995162404975812	0.9923980649619903	0.9546113650936981	0.9759285
FR668302	1386	6930	Brucellaceae	Ochrobactrum pecoris	CP000758	1476	7380	Brucellaceae	Ochrobactrum anthropi	6712.0	1386	18	19	1360	0.9948792977322605	0.9870036101083033	0.9812409812409812	0.9553820664931776	0.9685426
FR668302	1386	6930	Brucellaceae	Ochrobactrum pecoris	AJ519939	1453	7265	Brucellaceae	Ochrobactrum gallinifaecis	6490.0	1386	31	31	1334	0.9845018450184502	0.9776334776334776	0.9624819624819625	0.9203691313783057	0.93650794
FR668302	1386	6930	Brucellaceae	Ochrobactrum pecoris	AY457038	1477	7385	Brucellaceae	Ochrobactrum lupini	6712.0	1386	18	19	1360	0.9948792977322605	0.9870036101083033	0.9812409812409812	0.9553820664931776	0.9685426
FR668302	1386	6930	Brucellaceae	Ochrobactrum pecoris	AM422371	1387	6935	Brucellaceae	Ochrobactrum pseudogrignonense	6609.0	1386	19	21	1348	0.9875457875457876	0.986271676300578	0.9725829725829725	0.9448937776339911	0.9536797
FR668302	1386	6930	Brucellaceae	Ochrobactrum pecoris	AM490632	1387	6935	Brucellaceae	Ochrobactrum rhizosphaerae	6711.0	1386	14	16	1360	0.9927007299270073	0.9898843930635838	0.9812409812409812	0.9602143887858173	0.9683983
FR668302	1386	6930	Brucellaceae	Ochrobactrum pecoris	AM490609	1429	7145	Brucellaceae	Ochrobactrum pituitosum	6671.0	1386	52	12	1361	0.9905385735080058	0.9913419913419913	0.9819624819624819	0.9382590057138039	0.9626263
FR668302	1386	6930	Brucellaceae	Ochrobactrum pecoris	AY776289	1476	7380	Brucellaceae	Ochrobactrum cytisi	6712.0	1386	18	19	1360	0.9948792977322605	0.9870036101083033	0.9812409812409812	0.9553820664931776	0.9685426
FR668302	1386	6930	Brucellaceae	Ochrobactrum pecoris	HQ171203	1389	6945	Brucellaceae	Ochrobactrum daejeonense	6388.0	1344	59	14	1311	0.9857142857142858	0.9895833333333334	0.9754464285714286	0.9246926229508197	0.92178935
FR668302	1386	6930	Brucellaceae	Ochrobactrum pecoris	DQ647056	1492	7460	Brucellaceae	Ochrobactrum ciceri	6522.0	1386	67	22	1344	0.9853372434017595	0.9841269841269841	0.9696969696969697	0.9103005276439551	0.9411255
CP000758	1476	7380	Brucellaceae	Ochrobactrum anthropi	AJ519939	1453	7265	Brucellaceae	Ochrobactrum gallinifaecis	6830.0	1451	32	31	1401	0.9866197183098592	0.9786354238456237	0.9655410062026188	0.9245234179418198	0.94012386
CP000758	1476	7380	Brucellaceae	Ochrobactrum anthropi	AY457038	1477	7385	Brucellaceae	Ochrobactrum lupini	7366.0	1475	0	0	1474	0.9993220338983051	1.0	0.9993220338983051	0.9993220338983051	0.99810296
CP000758	1476	7380	Brucellaceae	Ochrobactrum anthropi	AM422371	1387	6935	Brucellaceae	Ochrobactrum pseudogrignonense	6738.0	1388	8	9	1365	0.9898477157360406	0.9942321557317952	0.9834293948126801	0.9714535354202621	0.9715934
CP000758	1476	7380	Brucellaceae	Ochrobactrum anthropi	AM490632	1387	6935	Brucellaceae	Ochrobactrum rhizosphaerae	6776.0	1388	9	10	1369	0.9934687953555879	0.9935111751982696	0.9863112391930836	0.9728968415233137	0.97707283
CP000758	1476	7380	Brucellaceae	Ochrobactrum anthropi	AM490609	1429	7145	Brucellaceae	Ochrobactrum pituitosum	6714.0	1388	50	9	1367	0.9912980420594634	0.9935158501440923	0.9848703170028819	0.9444618686696621	0.9396781
CP000758	1476	7380	Brucellaceae	Ochrobactrum anthropi	AY776289	1476	7380	Brucellaceae	Ochrobactrum cytisi	7366.0	1475	0	0	1474	0.9993220338983051	1.0	0.9993220338983051	0.9993220338983051	0.99810296
CP000758	1476	7380	Brucellaceae	Ochrobactrum anthropi	HQ171203	1389	6945	Brucellaceae	Ochrobactrum daejeonense	6397.0	1343	65	19	1311	0.9901812688821753	0.9858525688756515	0.9761727475800447	0.9179351688891898	0.9210943
CP000758	1476	7380	Brucellaceae	Ochrobactrum anthropi	DQ647056	1492	7460	Brucellaceae	Ochrobactrum ciceri	6926.0	1447	63	18	1416	0.9909027291812457	0.9875604699378023	0.9785763648928818	0.9260831956502834	0.9384824
AJ519939	1453	7265	Brucellaceae	Ochrobactrum gallinifaecis	AY457038	1477	7385	Brucellaceae	Ochrobactrum lupini	6844.0	1453	31	32	1403	0.9873328641801549	0.9786501377410468	0.9655884377150723	0.9245964757366023	0.94205093
AJ519939	1453	7265	Brucellaceae	Ochrobactrum gallinifaecis	AM422371	1387	6935	Brucellaceae	Ochrobactrum pseudogrignonense	6554.0	1389	30	32	1342	0.9889462048636699	0.9783705839942322	0.9661627069834413	0.9239484097086187	0.94506127
AJ519939	1453	7265	Brucellaceae	Ochrobactrum gallinifaecis	AM490632	1387	6935	Brucellaceae	Ochrobactrum rhizosphaerae	6530.0	1389	31	33	1339	0.9874631268436578	0.9776496034607065	0.9640028797696184	0.9205548626532413	0.94160056
AJ519939	1453	7265	Brucellaceae	Ochrobactrum gallinifaecis	AM490609	1429	7145	Brucellaceae	Ochrobactrum pituitosum	6499.0	1389	74	34	1341	0.9896678966789668	0.9755219582433405	0.9654427645788337	0.8941728954233218	0.90958714
AJ519939	1453	7265	Brucellaceae	Ochrobactrum gallinifaecis	AY776289	1476	7380	Brucellaceae	Ochrobactrum cytisi	6830.0	1452	31	32	1401	0.9866197183098592	0.9786354238456237	0.9648760330578512	0.92388669382478	0.94012386
AJ519939	1453	7265	Brucellaceae	Ochrobactrum gallinifaecis	HQ171203	1389	6945	Brucellaceae	Ochrobactrum daejeonense	6176.0	1344	79	34	1286	0.981679389312977	0.9747023809523809	0.9568452380952381	0.8808624468761503	0.88927287
AJ519939	1453	7265	Brucellaceae	Ochrobactrum gallinifaecis	DQ647056	1492	7460	Brucellaceae	Ochrobactrum ciceri	6673.0	1448	81	37	1387	0.9829907866761163	0.9744475138121547	0.9578729281767956	0.8839494451651135	0.9185134
AY457038	1477	7385	Brucellaceae	Ochrobactrum lupini	AM422371	1387	6935	Brucellaceae	Ochrobactrum pseudogrignonense	6738.0	1388	8	9	1365	0.9898477157360406	0.9942321557317952	0.9834293948126801	0.9714535354202621	0.9715934
AY457038	1477	7385	Brucellaceae	Ochrobactrum lupini	AM490632	1387	6935	Brucellaceae	Ochrobactrum rhizosphaerae	6776.0	1388	9	10	1369	0.9934687953555879	0.9935111751982696	0.9863112391930836	0.9728968415233137	0.97707283
AY457038	1477	7385	Brucellaceae	Ochrobactrum lupini	AM490609	1429	7145	Brucellaceae	Ochrobactrum pituitosum	6714.0	1388	50	9	1367	0.9912980420594634	0.9935158501440923	0.9848703170028819	0.9444618686696621	0.9396781
AY457038	1477	7385	Brucellaceae	Ochrobactrum lupini	AY776289	1476	7380	Brucellaceae	Ochrobactrum cytisi	7362.0	1476	0	0	1474	0.9986449864498645	1.0	0.9986449864498645	0.9986449864498645	0.997561
AY457038	1477	7385	Brucellaceae	Ochrobactrum lupini	HQ171203	1389	6945	Brucellaceae	Ochrobactrum daejeonense	6397.0	1343	65	19	1311	0.9901812688821753	0.9858525688756515	0.9761727475800447	0.9179351688891898	0.9210943
AY457038	1477	7385	Brucellaceae	Ochrobactrum lupini	DQ647056	1492	7460	Brucellaceae	Ochrobactrum ciceri	6917.0	1447	63	18	1415	0.9902029391182645	0.9875604699378023	0.9778852798894264	0.9254291820940332	0.9366283
AM422371	1387	6935	Brucellaceae	Ochrobactrum pseudogrignonense	AM490632	1387	6935	Brucellaceae	Ochrobactrum rhizosphaerae	6780.0	1387	11	11	1369	0.9949127906976745	0.9920692141312184	0.9870223503965393	0.9714898098323591	0.9776496
AM422371	1387	6935	Brucellaceae	Ochrobactrum pseudogrignonense	AM490609	1429	7145	Brucellaceae	Ochrobactrum pituitosum	6771.0	1387	50	8	1373	0.9956490210297317	0.9942321557317952	0.9899062725306417	0.949951809199551	0.97635186
AM422371	1387	6935	Brucellaceae	Ochrobactrum pseudogrignonense	AY776289	1476	7380	Brucellaceae	Ochrobactrum cytisi	6738.0	1387	9	8	1365	0.9898477157360406	0.9942321557317952	0.9841384282624369	0.9721539345085247	0.9715934
AM422371	1387	6935	Brucellaceae	Ochrobactrum pseudogrignonense	HQ171203	1389	6945	Brucellaceae	Ochrobactrum daejeonense	6258.0	1342	70	23	1295	0.9818043972706596	0.9828614008941878	0.9649776453055141	0.9014203358059301	0.9023792
AM422371	1387	6935	Brucellaceae	Ochrobactrum pseudogrignonense	DQ647056	1492	7460	Brucellaceae	Ochrobactrum ciceri	6463.0	1387	71	24	1338	0.9816581071166545	0.9826964671953857	0.9646719538572458	0.9018160995249835	0.9319394
AM490632	1387	6935	Brucellaceae	Ochrobactrum rhizosphaerae	AM490609	1429	7145	Brucellaceae	Ochrobactrum pituitosum	6838.0	1387	45	3	1381	0.9978323699421965	0.9978370583994232	0.9956741167988464	0.9622995653977678	0.986013
AM490632	1387	6935	Brucellaceae	Ochrobactrum rhizosphaerae	AY776289	1476	7380	Brucellaceae	Ochrobactrum cytisi	6776.0	1387	10	9	1369	0.9934687953555879	0.9935111751982696	0.9870223503965393	0.9735982812071804	0.97707283
AM490632	1387	6935	Brucellaceae	Ochrobactrum rhizosphaerae	HQ171203	1389	6945	Brucellaceae	Ochrobactrum daejeonense	6352.0	1342	65	18	1306	0.986404833836858	0.9865871833084948	0.9731743666169895	0.9157660706474017	0.91593367
AM490632	1387	6935	Brucellaceae	Ochrobactrum rhizosphaerae	DQ647056	1492	7460	Brucellaceae	Ochrobactrum ciceri	6478.0	1387	75	28	1339	0.9852832965415746	0.9798125450612833	0.9653929343907715	0.8973796154836241	0.93410236
AM490609	1429	7145	Brucellaceae	Ochrobactrum pituitosum	AY776289	1476	7380	Brucellaceae	Ochrobactrum cytisi	6714.0	1429	9	50	1367	0.9912980420594634	0.9935158501440923	0.9566130160951715	0.9173639424167187	0.9396781
AM490609	1429	7145	Brucellaceae	Ochrobactrum pituitosum	HQ171203	1389	6945	Brucellaceae	Ochrobactrum daejeonense	6579.0	1384	23	18	1345	0.9846266471449487	0.9869942196531792	0.971820809248555	0.9435019370529681	0.9473002
AM490609	1429	7145	Brucellaceae	Ochrobactrum pituitosum	DQ647056	1492	7460	Brucellaceae	Ochrobactrum ciceri	6705.0	1429	32	27	1378	0.9828815977175464	0.9811056682995102	0.9643107067879636	0.9253686590805783	0.93841845
AY776289	1476	7380	Brucellaceae	Ochrobactrum cytisi	HQ171203	1389	6945	Brucellaceae	Ochrobactrum daejeonense	6397.0	1343	65	19	1311	0.9901812688821753	0.9858525688756515	0.9761727475800447	0.9179351688891898	0.9210943
AY776289	1476	7380	Brucellaceae	Ochrobactrum cytisi	DQ647056	1492	7460	Brucellaceae	Ochrobactrum ciceri	6926.0	1447	63	18	1416	0.9909027291812457	0.9875604699378023	0.9785763648928818	0.9260831956502834	0.9384824
HQ171203	1389	6945	Brucellaceae	Ochrobactrum daejeonense	DQ647056	1492	7460	Brucellaceae	Ochrobactrum ciceri	6741.0	1389	13	13	1365	0.9920058139534884	0.9906407487401008	0.9827213822894169	0.9644968773396845	0.97062635
