HQ433440	1487	7435	Bacillaceae	Ornithinibacillus halophilus	HQ171440	1444	7220	Bacillaceae	Ornithinibacillus scapharcae	6863.0	1443	11	10	1403	0.9790648988136776	0.9930699930699931	0.9722799722799723	0.958237414220908	0.950554
HQ433440	1487	7435	Bacillaceae	Ornithinibacillus halophilus	KC311560	1440	7200	Bacillaceae	Ornithinibacillus halotolerans	6728.0	1445	29	34	1386	0.9822820694542878	0.9798611111111111	0.9591695501730104	0.9181738366988588	0.9344444
HQ433440	1487	7435	Bacillaceae	Ornithinibacillus halophilus	KF317693	1487	7435	Bacillaceae	Ornithinibacillus heyuanensis	6755.0	1466	43	40	1399	0.9810659186535764	0.9727148703956344	0.9542974079126876	0.9018078884582456	0.90854067
HQ433440	1487	7435	Bacillaceae	Ornithinibacillus halophilus	FN597064	1254	6270	Bacillaceae	Ornithinibacillus contaminans	5939.0	1238	10	10	1209	0.9845276872964169	0.9919224555735057	0.9765751211631664	0.9609248788368335	0.94720894
HQ433440	1487	7435	Bacillaceae	Ornithinibacillus halophilus	AF326365	1528	7622	Bacillaceae	Ornithinibacillus californiensis	7096.0	1487	14	13	1448	0.9823609226594301	0.9912575655682583	0.9737726967047747	0.9562564656514576	0.95440483
HQ433440	1487	7435	Bacillaceae	Ornithinibacillus halophilus	Y13066	1451	7255	Bacillaceae	Ornithinibacillus bavariensis	6775.0	1409	8	10	1378	0.9849892780557541	0.994314143567875	0.9779985805535841	0.9655751688034329	0.9338387
HQ171440	1444	7220	Bacillaceae	Ornithinibacillus scapharcae	KC311560	1440	7200	Bacillaceae	Ornithinibacillus halotolerans	6830.0	1436	23	28	1394	0.9900568181818182	0.983927323549965	0.9707520891364902	0.9368190140535836	0.94861114
HQ171440	1444	7220	Bacillaceae	Ornithinibacillus scapharcae	KF317693	1487	7435	Bacillaceae	Ornithinibacillus heyuanensis	6703.0	1444	39	36	1383	0.9822443181818182	0.9750692520775623	0.9577562326869806	0.9093194710878414	0.92839336
HQ171440	1444	7220	Bacillaceae	Ornithinibacillus scapharcae	FN597064	1254	6270	Bacillaceae	Ornithinibacillus contaminans	5930.0	1216	13	14	1198	0.9966722129783694	0.9893004115226337	0.9851973684210527	0.9635534880733159	0.94577354
HQ171440	1444	7220	Bacillaceae	Ornithinibacillus scapharcae	AF326365	1528	7622	Bacillaceae	Ornithinibacillus californiensis	7061.0	1444	10	10	1425	0.9937238493723849	0.9930747922437673	0.9868421052631579	0.9732679360023166	0.9779778
HQ171440	1444	7220	Bacillaceae	Ornithinibacillus scapharcae	Y13066	1451	7255	Bacillaceae	Ornithinibacillus bavariensis	6734.0	1386	8	10	1363	0.9905523255813954	0.9942196531791907	0.9834054834054834	0.970707277737407	0.932687
KC311560	1440	7200	Bacillaceae	Ornithinibacillus halotolerans	KF317693	1487	7435	Bacillaceae	Ornithinibacillus heyuanensis	6525.0	1440	54	46	1362	0.9770444763271162	0.9680555555555556	0.9458333333333333	0.882524542614904	0.90625
KC311560	1440	7200	Bacillaceae	Ornithinibacillus halotolerans	FN597064	1254	6270	Bacillaceae	Ornithinibacillus contaminans	5884.0	1226	18	19	1197	0.9917149958574979	0.9853061224489796	0.9763458401305057	0.9473066149819297	0.938437
KC311560	1440	7200	Bacillaceae	Ornithinibacillus halotolerans	AF326365	1528	7622	Bacillaceae	Ornithinibacillus californiensis	6890.0	1440	26	20	1405	0.9894366197183099	0.9861111111111112	0.9756944444444444	0.9450792026678794	0.95694447
KC311560	1440	7200	Bacillaceae	Ornithinibacillus halotolerans	Y13066	1451	7255	Bacillaceae	Ornithinibacillus bavariensis	6643.0	1396	21	23	1356	0.98761835396941	0.9849354375896701	0.9713467048710601	0.9411849158701238	0.9226389
KF317693	1487	7435	Bacillaceae	Ornithinibacillus heyuanensis	FN597064	1254	6270	Bacillaceae	Ornithinibacillus contaminans	5929.0	1255	22	23	1214	0.9853896103896104	0.9824561403508771	0.9673306772908367	0.93324306532679	0.94561404
KF317693	1487	7435	Bacillaceae	Ornithinibacillus heyuanensis	AF326365	1528	7622	Bacillaceae	Ornithinibacillus californiensis	6909.0	1487	35	37	1424	0.9820689655172414	0.9764309764309764	0.9576328177538669	0.9123308710532897	0.9292535
KF317693	1487	7435	Bacillaceae	Ornithinibacillus heyuanensis	Y13066	1451	7255	Bacillaceae	Ornithinibacillus bavariensis	6620.0	1429	31	36	1366	0.9806173725771715	0.9782303370786517	0.9559132260321903	0.9120459752485213	0.91247416
FN597064	1254	6270	Bacillaceae	Ornithinibacillus contaminans	AF326365	1528	7622	Bacillaceae	Ornithinibacillus californiensis	6138.0	1254	7	6	1239	0.9927884615384616	0.9952153110047847	0.9880382775119617	0.977852315888127	0.97894734
FN597064	1254	6270	Bacillaceae	Ornithinibacillus contaminans	Y13066	1451	7255	Bacillaceae	Ornithinibacillus bavariensis	6102.0	1254	13	14	1234	0.9951612903225806	0.9896249002394254	0.9840510366826156	0.9630807304549671	0.97320575
AF326365	1528	7622	Bacillaceae	Ornithinibacillus californiensis	Y13066	1451	7255	Bacillaceae	Ornithinibacillus bavariensis	6975.0	1449	20	22	1416	0.9922915206727401	0.9861782999308915	0.9772256728778468	0.9492859327411077	0.96140593
