AF139176	1485	7413	Burkholderiaceae	Pandoraea sputorum	AY268170	1461	7305	Burkholderiaceae	Pandoraea pnomenusa	7205.0	1456	3	3	1447	0.9958706125258087	0.9979395604395604	0.9938186813186813	0.9897316956518464	0.9863107
AF139176	1485	7413	Burkholderiaceae	Pandoraea sputorum	EF397578	1410	7050	Burkholderiaceae	Pandoraea thiooxydans	6668.0	1411	24	25	1365	0.9848484848484849	0.9829787234042553	0.9673990077958894	0.9343658709443224	0.9458156
AF139176	1485	7413	Burkholderiaceae	Pandoraea sputorum	AB510956	1378	6890	Burkholderiaceae	Pandoraea vervacti	6803.0	1372	3	3	1365	0.9970781592403214	0.9978134110787172	0.9948979591836735	0.9905565862708721	0.987373
AF139176	1485	7413	Burkholderiaceae	Pandoraea sputorum	AF139173	1485	7425	Burkholderiaceae	Pandoraea apista	7283.0	1485	4	4	1468	0.9912221471978393	0.9973063973063973	0.9885521885521885	0.9832409612127543	0.98246324
AF139176	1485	7413	Burkholderiaceae	Pandoraea sputorum	AB469785	1375	6875	Burkholderiaceae	Pandoraea oxalativorans	6810.0	1370	0	0	1365	0.9963503649635036	1.0	0.9963503649635036	0.9963503649635036	0.99054545
AF139176	1485	7413	Burkholderiaceae	Pandoraea sputorum	AB510957	1376	6880	Burkholderiaceae	Pandoraea faecigallinarum	6784.0	1372	2	2	1363	0.9948905109489051	0.9985422740524781	0.9934402332361516	0.9905481219312429	0.9860465
AF139176	1485	7413	Burkholderiaceae	Pandoraea sputorum	Y09879	1440	7200	Burkholderiaceae	Pandoraea norimbergensis	6994.0	1442	4	6	1417	0.9867688022284122	0.9972222222222222	0.9826629680998613	0.9758672352637627	0.9713889
AF139176	1485	7413	Burkholderiaceae	Pandoraea sputorum	KJ831094	1455	7275	Burkholderiaceae	Pandoraea terrae	7083.0	1455	5	5	1433	0.9882758620689656	0.9965635738831615	0.9848797250859107	0.9781339735442265	0.97360826
AF139176	1485	7413	Burkholderiaceae	Pandoraea sputorum	AF139175	1485	7425	Burkholderiaceae	Pandoraea pulmonicola	7319.0	1485	3	3	1472	0.9932523616734144	0.997979797979798	0.9912457912457913	0.9872488324101227	0.9873196
AY268170	1461	7305	Burkholderiaceae	Pandoraea pnomenusa	EF397578	1410	7050	Burkholderiaceae	Pandoraea thiooxydans	6723.0	1411	19	20	1372	0.9863407620416966	0.9865248226950355	0.9723600283486888	0.9458411184846337	0.95361704
AY268170	1461	7305	Burkholderiaceae	Pandoraea pnomenusa	AB510956	1378	6890	Burkholderiaceae	Pandoraea vervacti	6849.0	1377	0	0	1373	0.9970951343500363	1.0	0.9970951343500363	0.9970951343500363	0.9940494
AY268170	1461	7305	Burkholderiaceae	Pandoraea pnomenusa	AF139173	1485	7425	Burkholderiaceae	Pandoraea apista	7217.0	1456	1	1	1449	0.9958762886597938	0.9993131868131868	0.9951923076923077	0.9938262235362441	0.9879535
AY268170	1461	7305	Burkholderiaceae	Pandoraea pnomenusa	AB469785	1375	6875	Burkholderiaceae	Pandoraea oxalativorans	6813.0	1375	3	3	1368	0.9970845481049563	0.9978181818181818	0.9949090909090909	0.9905771209922154	0.9909818
AY268170	1461	7305	Burkholderiaceae	Pandoraea pnomenusa	AB510957	1376	6880	Burkholderiaceae	Pandoraea faecigallinarum	6792.0	1376	2	2	1366	0.9941775836972343	0.998546511627907	0.9927325581395349	0.9898508961420326	0.9872093
AY268170	1461	7305	Burkholderiaceae	Pandoraea pnomenusa	Y09879	1440	7200	Burkholderiaceae	Pandoraea norimbergensis	7052.0	1442	2	4	1424	0.9902642559109874	0.9986111111111111	0.9875173370319001	0.9834140793988037	0.97944444
AY268170	1461	7305	Burkholderiaceae	Pandoraea pnomenusa	KJ831094	1455	7275	Burkholderiaceae	Pandoraea terrae	7122.0	1455	2	2	1438	0.9896765313145217	0.9986254295532646	0.9883161512027492	0.9856028604650614	0.9789691
AY268170	1461	7305	Burkholderiaceae	Pandoraea pnomenusa	AF139175	1485	7425	Burkholderiaceae	Pandoraea pulmonicola	7226.0	1456	1	1	1450	0.9965635738831615	0.9993131868131868	0.9958791208791209	0.9945120939458619	0.9891855
EF397578	1410	7050	Burkholderiaceae	Pandoraea thiooxydans	AB510956	1378	6890	Burkholderiaceae	Pandoraea vervacti	6437.0	1352	21	21	1314	0.9872276483846731	0.9844674556213018	0.9718934911242604	0.9421633187810565	0.93425256
EF397578	1410	7050	Burkholderiaceae	Pandoraea thiooxydans	AF139173	1485	7425	Burkholderiaceae	Pandoraea apista	6679.0	1410	21	20	1367	0.983453237410072	0.9858156028368794	0.9695035460992908	0.9417260161271936	0.9473759
EF397578	1410	7050	Burkholderiaceae	Pandoraea thiooxydans	AB469785	1375	6875	Burkholderiaceae	Pandoraea oxalativorans	6383.0	1350	24	24	1307	0.9856711915535445	0.9822222222222222	0.9681481481481482	0.9343263787805273	0.92843634
EF397578	1410	7050	Burkholderiaceae	Pandoraea thiooxydans	AB510957	1376	6880	Burkholderiaceae	Pandoraea faecigallinarum	6412.0	1352	23	23	1311	0.9864559819413092	0.9829881656804734	0.9696745562130178	0.9372345346960732	0.93197674
EF397578	1410	7050	Burkholderiaceae	Pandoraea thiooxydans	Y09879	1440	7200	Burkholderiaceae	Pandoraea norimbergensis	6609.0	1410	22	23	1359	0.9798125450612833	0.9843860894251242	0.9638297872340426	0.9335418400095091	0.93744683
EF397578	1410	7050	Burkholderiaceae	Pandoraea thiooxydans	KJ831094	1455	7275	Burkholderiaceae	Pandoraea terrae	6757.0	1410	17	16	1376	0.9870875179340028	0.9886524822695035	0.975886524822695	0.953318721515653	0.9584397
EF397578	1410	7050	Burkholderiaceae	Pandoraea thiooxydans	AF139175	1485	7425	Burkholderiaceae	Pandoraea pulmonicola	6713.0	1410	21	20	1371	0.9863309352517986	0.9858156028368794	0.9723404255319149	0.9444816152965491	0.95219857
AB510956	1378	6890	Burkholderiaceae	Pandoraea vervacti	AF139173	1485	7425	Burkholderiaceae	Pandoraea apista	6779.0	1372	1	1	1363	0.9941648431801605	0.999271137026239	0.9934402332361516	0.9919931243749189	0.9838897
AB510956	1378	6890	Burkholderiaceae	Pandoraea vervacti	AB469785	1375	6875	Burkholderiaceae	Pandoraea oxalativorans	6813.0	1375	3	3	1368	0.9970845481049563	0.9978181818181818	0.9949090909090909	0.9905771209922154	0.9909818
AB510956	1378	6890	Burkholderiaceae	Pandoraea vervacti	AB510957	1376	6880	Burkholderiaceae	Pandoraea faecigallinarum	6826.0	1376	0	0	1370	0.9956395348837209	1.0	0.9956395348837209	0.9956395348837209	0.99215114
AB510956	1378	6890	Burkholderiaceae	Pandoraea vervacti	Y09879	1440	7200	Burkholderiaceae	Pandoraea norimbergensis	6648.0	1363	1	3	1344	0.9882352941176471	0.9992652461425422	0.9860601614086574	0.983168489381066	0.96487665
AB510956	1378	6890	Burkholderiaceae	Pandoraea vervacti	KJ831094	1455	7275	Burkholderiaceae	Pandoraea terrae	6734.0	1372	2	2	1358	0.9912408759124087	0.9985422740524781	0.9897959183673469	0.9869144164215905	0.9773585
AB510956	1378	6890	Burkholderiaceae	Pandoraea vervacti	AF139175	1485	7425	Burkholderiaceae	Pandoraea pulmonicola	6779.0	1372	1	1	1363	0.9941648431801605	0.999271137026239	0.9934402332361516	0.9919931243749189	0.9838897
AF139173	1485	7425	Burkholderiaceae	Pandoraea apista	AB469785	1375	6875	Burkholderiaceae	Pandoraea oxalativorans	6743.0	1370	4	4	1358	0.9941434846266471	0.997080291970803	0.9912408759124087	0.9854694588765286	0.9808
AF139173	1485	7425	Burkholderiaceae	Pandoraea apista	AB510957	1376	6880	Burkholderiaceae	Pandoraea faecigallinarum	6745.0	1372	3	3	1359	0.9926953981008035	0.9978134110787172	0.9905247813411079	0.9862024913861649	0.9803779
AF139173	1485	7425	Burkholderiaceae	Pandoraea apista	Y09879	1440	7200	Burkholderiaceae	Pandoraea norimbergensis	7063.0	1442	5	7	1425	0.9930313588850174	0.9965277777777778	0.9882108183079057	0.9800155661864857	0.98097223
AF139173	1485	7425	Burkholderiaceae	Pandoraea apista	KJ831094	1455	7275	Burkholderiaceae	Pandoraea terrae	7097.0	1455	5	5	1435	0.9896551724137931	0.9965635738831615	0.9862542955326461	0.9794991291248882	0.97553265
AF139173	1485	7425	Burkholderiaceae	Pandoraea apista	AF139175	1485	7425	Burkholderiaceae	Pandoraea pulmonicola	7326.0	1485	2	2	1474	0.9939312204989885	0.9986531986531987	0.9925925925925926	0.9899225385439239	0.9866667
AB469785	1375	6875	Burkholderiaceae	Pandoraea oxalativorans	AB510957	1376	6880	Burkholderiaceae	Pandoraea faecigallinarum	6771.0	1374	2	2	1363	0.9934402332361516	0.9985443959243085	0.9919941775836972	0.9891104735790934	0.9848727
AB469785	1375	6875	Burkholderiaceae	Pandoraea oxalativorans	Y09879	1440	7200	Burkholderiaceae	Pandoraea norimbergensis	6621.0	1361	4	6	1340	0.988929889298893	0.9970566593083149	0.9845701689933872	0.9773572007223733	0.96305454
AB469785	1375	6875	Burkholderiaceae	Pandoraea oxalativorans	KJ831094	1455	7275	Burkholderiaceae	Pandoraea terrae	6698.0	1370	5	5	1353	0.9912087912087912	0.9963503649635036	0.9875912408759124	0.9804087591240875	0.97425455
AB469785	1375	6875	Burkholderiaceae	Pandoraea oxalativorans	AF139175	1485	7425	Burkholderiaceae	Pandoraea pulmonicola	6752.0	1370	3	3	1359	0.9941477688368691	0.9978102189781022	0.9919708029197081	0.9876358977357909	0.98210907
AB510957	1376	6880	Burkholderiaceae	Pandoraea faecigallinarum	Y09879	1440	7200	Burkholderiaceae	Pandoraea norimbergensis	6615.0	1363	5	7	1340	0.9882005899705014	0.9963262307127112	0.983125458547322	0.9745015510162052	0.9614826
AB510957	1376	6880	Burkholderiaceae	Pandoraea faecigallinarum	KJ831094	1455	7275	Burkholderiaceae	Pandoraea terrae	6680.0	1372	2	2	1352	0.9868613138686131	0.9985422740524781	0.9854227405247813	0.9825539698100076	0.9709302
AB510957	1376	6880	Burkholderiaceae	Pandoraea faecigallinarum	AF139175	1485	7425	Burkholderiaceae	Pandoraea pulmonicola	6781.0	1372	3	3	1363	0.9956172388604821	0.9978134110787172	0.9934402332361516	0.9891052213093029	0.9856105
Y09879	1440	7200	Burkholderiaceae	Pandoraea norimbergensis	KJ831094	1455	7275	Burkholderiaceae	Pandoraea terrae	6964.0	1440	7	5	1414	0.9853658536585366	0.9965277777777778	0.9819444444444444	0.9738011594870613	0.9672222
Y09879	1440	7200	Burkholderiaceae	Pandoraea norimbergensis	AF139175	1485	7425	Burkholderiaceae	Pandoraea pulmonicola	7016.0	1440	5	3	1420	0.988169798190675	0.9979166666666667	0.9861111111111112	0.9806516724336795	0.97444445
KJ831094	1455	7275	Burkholderiaceae	Pandoraea terrae	AF139175	1485	7425	Burkholderiaceae	Pandoraea pulmonicola	7087.0	1455	4	4	1434	0.9882839421088904	0.9972508591065292	0.9855670103092784	0.9801629417126546	0.97415805
