AB574482	1489	7445	Porphyromonadaceae	Parabacteroides chinchillae	AB739697	1442	7186	Porphyromonadaceae	Parabacteroides faecis	6572.0	1443	43	44	1366	0.9764117226590422	0.9701803051317615	0.9466389466389467	0.8912166126163434	0.9145561
AB574482	1489	7445	Porphyromonadaceae	Parabacteroides chinchillae	AB261128	1492	7460	Porphyromonadaceae	Parabacteroides johnsonii	6907.0	1489	44	41	1426	0.9848066298342542	0.9724647414372062	0.9576897246474144	0.904588859288621	0.92773676
AB574482	1489	7445	Porphyromonadaceae	Parabacteroides chinchillae	AB470343	1485	7425	Porphyromonadaceae	Parabacteroides gordonii	6790.0	1489	52	56	1410	0.9839497557571528	0.9649831649831649	0.9469442578912022	0.8805782748592426	0.9144781
AB574482	1489	7445	Porphyromonadaceae	Parabacteroides chinchillae	AB238928	1492	7460	Porphyromonadaceae	Parabacteroides merdae	6963.0	1489	35	32	1433	0.9835277968428278	0.9785090664875755	0.9623908663532572	0.9200810316776218	0.93525857
AB574482	1489	7445	Porphyromonadaceae	Parabacteroides chinchillae	AY974070	1360	6800	Porphyromonadaceae	Parabacteroides goldsteinii	6147.0	1359	49	48	1283	0.9786422578184591	0.9646799116997793	0.9440765268579838	0.8790371638571142	0.9039706
AB574482	1489	7445	Porphyromonadaceae	Parabacteroides chinchillae	JN029805	1481	7405	Porphyromonadaceae	Parabacteroides chartae	6608.0	1482	72	73	1386	0.9836763662171752	0.9513841998649561	0.9352226720647774	0.8479592953277164	0.89237005
AB574482	1489	7445	Porphyromonadaceae	Parabacteroides chinchillae	AB238922	1488	7440	Porphyromonadaceae	Parabacteroides distasonis	6688.0	1489	51	52	1400	0.9742519137091162	0.9657258064516129	0.9402283411685695	0.8773429391293729	0.8989247
AB739697	1442	7186	Porphyromonadaceae	Parabacteroides faecis	AB261128	1492	7460	Porphyromonadaceae	Parabacteroides johnsonii	6582.0	1442	52	48	1367	0.9806312769010043	0.9667128987517337	0.9479889042995839	0.8845358317226373	0.9159477
AB739697	1442	7186	Porphyromonadaceae	Parabacteroides faecis	AB470343	1485	7425	Porphyromonadaceae	Parabacteroides gordonii	6771.0	1442	30	33	1388	0.9850958126330731	0.9791521890201529	0.9625520110957004	0.9213558312729905	0.9422488
AB739697	1442	7186	Porphyromonadaceae	Parabacteroides faecis	AB238928	1492	7460	Porphyromonadaceae	Parabacteroides merdae	6600.0	1442	44	40	1369	0.9764621968616263	0.9722607489597781	0.949375866851595	0.8957099362893245	0.91845256
AB739697	1442	7186	Porphyromonadaceae	Parabacteroides faecis	AY974070	1360	6800	Porphyromonadaceae	Parabacteroides goldsteinii	6339.0	1359	37	36	1303	0.9848828420256992	0.9735099337748344	0.9587932303164092	0.9086557619689178	0.93220586
AB739697	1442	7186	Porphyromonadaceae	Parabacteroides faecis	JN029805	1481	7405	Porphyromonadaceae	Parabacteroides chartae	6522.0	1441	63	63	1356	0.9840348330914369	0.9562803608605135	0.9410131852879945	0.8621783040737078	0.9075981
AB739697	1442	7186	Porphyromonadaceae	Parabacteroides faecis	AB238922	1488	7440	Porphyromonadaceae	Parabacteroides distasonis	6435.0	1442	45	45	1350	0.9663564781675018	0.9687933425797504	0.9361997226074896	0.8795366593696455	0.89549124
AB261128	1492	7460	Porphyromonadaceae	Parabacteroides johnsonii	AB470343	1485	7425	Porphyromonadaceae	Parabacteroides gordonii	6804.0	1492	46	53	1413	0.9819318971507992	0.969023569023569	0.9470509383378016	0.886089922150908	0.91636366
AB261128	1492	7460	Porphyromonadaceae	Parabacteroides johnsonii	AB238928	1492	7460	Porphyromonadaceae	Parabacteroides merdae	7236.0	1492	14	14	1466	0.9918809201623816	0.9906166219839142	0.982573726541555	0.964305423524846	0.9699732
AB261128	1492	7460	Porphyromonadaceae	Parabacteroides johnsonii	AY974070	1360	6800	Porphyromonadaceae	Parabacteroides goldsteinii	6227.0	1363	38	41	1294	0.9788199697428139	0.9720588235294118	0.9493763756419662	0.8958426613837825	0.9157353
AB261128	1492	7460	Porphyromonadaceae	Parabacteroides johnsonii	JN029805	1481	7405	Porphyromonadaceae	Parabacteroides chartae	6659.0	1485	58	62	1393	0.9789177793394237	0.9608372721134368	0.938047138047138	0.8650946710570819	0.89925724
AB261128	1492	7460	Porphyromonadaceae	Parabacteroides johnsonii	AB238922	1488	7440	Porphyromonadaceae	Parabacteroides distasonis	6682.0	1492	49	53	1400	0.9728978457261988	0.9670698924731183	0.938337801608579	0.8762284857331247	0.89811826
AB470343	1485	7425	Porphyromonadaceae	Parabacteroides gordonii	AB238928	1492	7460	Porphyromonadaceae	Parabacteroides merdae	6757.0	1485	59	52	1407	0.9818562456385206	0.9649831649831649	0.9474747474747475	0.8793596587638038	0.91003364
AB470343	1485	7425	Porphyromonadaceae	Parabacteroides gordonii	AY974070	1360	6800	Porphyromonadaceae	Parabacteroides goldsteinii	6384.0	1356	29	25	1311	0.9849737039819685	0.9815634218289085	0.9668141592920354	0.9291188779911185	0.9388235
AB470343	1485	7425	Porphyromonadaceae	Parabacteroides gordonii	JN029805	1481	7405	Porphyromonadaceae	Parabacteroides chartae	6667.0	1478	67	64	1392	0.9844413012729845	0.9566982408660352	0.9418132611637348	0.861957250022991	0.90033764
AB470343	1485	7425	Porphyromonadaceae	Parabacteroides gordonii	AB238922	1488	7440	Porphyromonadaceae	Parabacteroides distasonis	6552.0	1485	77	74	1381	0.9787384833451452	0.9501683501683502	0.92996632996633	0.8400656156097898	0.88242424
AB238928	1492	7460	Porphyromonadaceae	Parabacteroides merdae	AY974070	1360	6800	Porphyromonadaceae	Parabacteroides goldsteinii	6258.0	1363	39	42	1297	0.9818319454958365	0.9713235294117647	0.9515774027879678	0.8966003916425859	0.9202941
AB238928	1492	7460	Porphyromonadaceae	Parabacteroides merdae	JN029805	1481	7405	Porphyromonadaceae	Parabacteroides chartae	6701.0	1485	55	59	1398	0.9803646563814866	0.962862930452397	0.9414141414141414	0.8717250426341334	0.9049291
AB238928	1492	7460	Porphyromonadaceae	Parabacteroides merdae	AB238922	1488	7440	Porphyromonadaceae	Parabacteroides distasonis	6742.0	1492	41	45	1407	0.972356599861783	0.9724462365591398	0.943029490616622	0.89012633589188	0.90618277
AY974070	1360	6800	Porphyromonadaceae	Parabacteroides goldsteinii	JN029805	1481	7405	Porphyromonadaceae	Parabacteroides chartae	6131.0	1360	60	61	1279	0.9846035411855273	0.9558498896247241	0.9404411764705882	0.8603049917149959	0.90161765
AY974070	1360	6800	Porphyromonadaceae	Parabacteroides goldsteinii	AB238922	1488	7440	Porphyromonadaceae	Parabacteroides distasonis	6001.0	1360	58	59	1266	0.973097617217525	0.9573215599705666	0.9308823529411765	0.8540747116900357	0.8825
JN029805	1481	7405	Porphyromonadaceae	Parabacteroides chartae	AB238922	1488	7440	Porphyromonadaceae	Parabacteroides distasonis	6488.0	1481	78	78	1371	0.977191732002851	0.9473328831870358	0.925725860904794	0.833093895349215	0.87616473
