KF705042	1484	7420	Peptoniphilaceae	Peptoniphilus stercorisuis	GU938836	1465	7325	Peptoniphilaceae	Peptoniphilus coxii	6350.0	1469	77	81	1350	0.9726224783861671	0.9474402730375426	0.9189925119128659	0.8250721905142678	0.8668942
KF705042	1484	7420	Peptoniphilaceae	Peptoniphilus stercorisuis	AF542230	1406	7030	Peptoniphilaceae	Peptoniphilus lacrimalis	5870.0	1409	94	97	1268	0.9664634146341463	0.9331436699857752	0.8999290276792051	0.7855667892981485	0.8349929
KF705042	1484	7420	Peptoniphilaceae	Peptoniphilus stercorisuis	EU526291	1360	6794	Peptoniphilaceae	Peptoniphilus koenoeneniae	5934.0	1363	52	55	1260	0.963302752293578	0.961764705882353	0.9244314013206163	0.8545274013620963	0.87341774
KF705042	1484	7420	Peptoniphilaceae	Peptoniphilus stercorisuis	EU526290	1405	7025	Peptoniphilaceae	Peptoniphilus duerdenii	5923.0	1416	81	92	1276	0.9637462235649547	0.9423487544483986	0.9011299435028248	0.796991346157475	0.84313166
KF705042	1484	7420	Peptoniphilaceae	Peptoniphilus stercorisuis	DQ911242	1392	6960	Peptoniphilaceae	Peptoniphilus olsenii	5777.0	1404	105	117	1252	0.9728049728049728	0.9245689655172413	0.8917378917378918	0.7605478241661144	0.8300287
KF705042	1484	7420	Peptoniphilaceae	Peptoniphilus stercorisuis	KR911910	1341	6705	Peptoniphilaceae	Peptoniphilus catoniae	5660.0	1341	81	81	1217	0.9658730158730159	0.9395973154362416	0.9075316927665921	0.804142006248879	0.84414613
KF705042	1484	7420	Peptoniphilaceae	Peptoniphilus stercorisuis	GU440754	1451	7255	Peptoniphilaceae	Peptoniphilus methioninivorax	6677.0	1445	27	28	1381	0.9745942131263232	0.9813019390581718	0.9557093425605536	0.9200000940273808	0.9203308
KF705042	1484	7420	Peptoniphilaceae	Peptoniphilus stercorisuis	GU938835	1463	7315	Peptoniphilaceae	Peptoniphilus tyrrelliae	6151.0	1469	101	107	1325	0.972834067547724	0.9309637730690362	0.9019741320626277	0.7824769222097445	0.8408749
KF705042	1484	7420	Peptoniphilaceae	Peptoniphilus stercorisuis	JN657222	1286	6430	Peptoniphilaceae	Peptoniphilus timonensis	5394.0	1298	85	97	1165	0.9700249791840133	0.9339035769828927	0.8975346687211094	0.7794209234519539	0.83888024
KF705042	1484	7420	Peptoniphilaceae	Peptoniphilus stercorisuis	CAEL01000039	1504	7520	Peptoniphilaceae	Peptoniphilus senegalensis	6234.0	1484	102	107	1341	0.9738562091503268	0.9310344827586207	0.9036388140161725	0.784559045964861	0.84016174
KF705042	1484	7420	Peptoniphilaceae	Peptoniphilus stercorisuis	Y07840	1480	7394	Peptoniphilaceae	Peptoniphilus ivorii	6275.0	1473	87	88	1343	0.9696750902527076	0.9408967391304348	0.911744738628649	0.8094656814106915	0.84866107
KF705042	1484	7420	Peptoniphilaceae	Peptoniphilus stercorisuis	DQ911241	1404	7020	Peptoniphilaceae	Peptoniphilus gorbachii	5923.0	1409	87	92	1275	0.9681093394077449	0.938034188034188	0.9048970901348474	0.7966239757403704	0.8437322
KF705042	1484	7420	Peptoniphilaceae	Peptoniphilus stercorisuis	AY153431	1423	7103	Peptoniphilaceae	Peptoniphilus indolicus	6124.0	1423	76	76	1305	0.9688195991091314	0.9465917076598735	0.9170765987350668	0.8240841751141661	0.86217093
KF705042	1484	7420	Peptoniphilaceae	Peptoniphilus stercorisuis	AF542228	1396	6968	Peptoniphilaceae	Peptoniphilus asaccharolyticus	5976.0	1395	72	72	1276	0.9644746787603931	0.9483870967741935	0.9146953405017921	0.8249092948083647	0.8576349
KF705042	1484	7420	Peptoniphilaceae	Peptoniphilus stercorisuis	Y07839	1476	7380	Peptoniphilaceae	Peptoniphilus harei	6100.0	1473	100	105	1322	0.966374269005848	0.9318801089918256	0.8974881194840462	0.7805236792461381	0.8265583
GU938836	1465	7325	Peptoniphilaceae	Peptoniphilus coxii	AF542230	1406	7030	Peptoniphilaceae	Peptoniphilus lacrimalis	5904.0	1405	102	101	1271	0.9746932515337423	0.9281138790035587	0.904626334519573	0.7827689052511767	0.8398293
GU938836	1465	7325	Peptoniphilaceae	Peptoniphilus coxii	EU526291	1360	6794	Peptoniphilaceae	Peptoniphilus koenoeneniae	5844.0	1359	78	77	1247	0.9726989079563183	0.9433406916850625	0.9175864606328182	0.8186122773356109	0.8601707
GU938836	1465	7325	Peptoniphilaceae	Peptoniphilus coxii	EU526290	1405	7025	Peptoniphilaceae	Peptoniphilus duerdenii	5943.0	1413	82	90	1278	0.9659863945578231	0.9416370106761566	0.9044585987261147	0.8004004856954179	0.8459787
GU938836	1465	7325	Peptoniphilaceae	Peptoniphilus coxii	DQ911242	1392	6960	Peptoniphilaceae	Peptoniphilus olsenii	5695.0	1400	115	123	1241	0.9718089271730619	0.9173850574712644	0.8864285714285715	0.7471744460160301	0.81824714
GU938836	1465	7325	Peptoniphilaceae	Peptoniphilus coxii	KR911910	1341	6705	Peptoniphilaceae	Peptoniphilus catoniae	5638.0	1332	95	94	1209	0.9765751211631664	0.9294294294294294	0.9076576576576577	0.7874423126700633	0.840865
GU938836	1465	7325	Peptoniphilaceae	Peptoniphilus coxii	GU440754	1451	7255	Peptoniphilaceae	Peptoniphilus methioninivorax	6208.0	1432	79	78	1320	0.9748892171344166	0.9455307262569832	0.9217877094972067	0.8260096351152997	0.8556857
GU938836	1465	7325	Peptoniphilaceae	Peptoniphilus coxii	GU938835	1463	7315	Peptoniphilaceae	Peptoniphilus tyrrelliae	6098.0	1465	105	107	1319	0.9712812960235641	0.9282296650717703	0.9003412969283277	0.7787665485532923	0.83362955
GU938836	1465	7325	Peptoniphilaceae	Peptoniphilus coxii	JN657222	1286	6430	Peptoniphilaceae	Peptoniphilus timonensis	5319.0	1298	81	104	1154	0.966499162479062	0.9364705882352942	0.889060092449923	0.7697880713453286	0.82721615
GU938836	1465	7325	Peptoniphilaceae	Peptoniphilus coxii	CAEL01000039	1504	7520	Peptoniphilaceae	Peptoniphilus senegalensis	6114.0	1465	100	103	1321	0.9698972099853157	0.9316005471956225	0.9017064846416383	0.7847439182632021	0.8346758
GU938836	1465	7325	Peptoniphilaceae	Peptoniphilus coxii	Y07840	1480	7394	Peptoniphilaceae	Peptoniphilus ivorii	6756.0	1460	39	38	1396	0.9817158931082982	0.9739726027397261	0.9561643835616438	0.9070485346395313	0.92232084
GU938836	1465	7325	Peptoniphilaceae	Peptoniphilus coxii	DQ911241	1404	7020	Peptoniphilaceae	Peptoniphilus gorbachii	5797.0	1405	106	107	1258	0.9691833590138675	0.9245014245014245	0.8953736654804271	0.7691561997310353	0.8257835
GU938836	1465	7325	Peptoniphilaceae	Peptoniphilus coxii	AY153431	1423	7103	Peptoniphilaceae	Peptoniphilus indolicus	6079.0	1419	88	84	1299	0.9730337078651685	0.9408033826638478	0.9154334038054969	0.810951290033403	0.85583556
GU938836	1465	7325	Peptoniphilaceae	Peptoniphilus coxii	AF542228	1396	6968	Peptoniphilaceae	Peptoniphilus asaccharolyticus	5947.0	1391	86	82	1272	0.9717341482047365	0.9410496046010065	0.914450035945363	0.8104367617146108	0.853473
GU938836	1465	7325	Peptoniphilaceae	Peptoniphilus coxii	Y07839	1476	7380	Peptoniphilaceae	Peptoniphilus harei	5941.0	1460	115	118	1297	0.966467958271237	0.9210706932052162	0.8883561643835617	0.7569358556207871	0.81105804
AF542230	1406	7030	Peptoniphilaceae	Peptoniphilus lacrimalis	EU526291	1360	6794	Peptoniphilaceae	Peptoniphilus koenoeneniae	5971.0	1359	60	59	1261	0.97	0.9565857247976454	0.927888153053716	0.8500737131570337	0.8788637
AF542230	1406	7030	Peptoniphilaceae	Peptoniphilus lacrimalis	EU526290	1405	7025	Peptoniphilaceae	Peptoniphilus duerdenii	6106.0	1401	75	76	1293	0.9758490566037736	0.9464285714285714	0.9229122055674518	0.8284950354856867	0.8691815
AF542230	1406	7030	Peptoniphilaceae	Peptoniphilus lacrimalis	DQ911242	1392	6960	Peptoniphilaceae	Peptoniphilus olsenii	6273.0	1395	49	52	1312	0.9769173492181683	0.9647988505747126	0.9405017921146953	0.8747187720291106	0.9012931
AF542230	1406	7030	Peptoniphilaceae	Peptoniphilus lacrimalis	KR911910	1341	6705	Peptoniphilaceae	Peptoniphilus catoniae	5539.0	1303	86	83	1187	0.9729508196721312	0.9363008442056792	0.9109746738296239	0.8001361426005337	0.82609993
AF542230	1406	7030	Peptoniphilaceae	Peptoniphilus lacrimalis	GU440754	1451	7255	Peptoniphilaceae	Peptoniphilus methioninivorax	5970.0	1406	93	93	1278	0.9733434881949733	0.933854907539118	0.9089615931721194	0.7961751646664396	0.84921765
AF542230	1406	7030	Peptoniphilaceae	Peptoniphilus lacrimalis	GU938835	1463	7315	Peptoniphilaceae	Peptoniphilus tyrrelliae	6289.0	1406	55	58	1317	0.9770029673590505	0.9607982893799002	0.9366998577524893	0.8642514772418587	0.8945946
AF542230	1406	7030	Peptoniphilaceae	Peptoniphilus lacrimalis	JN657222	1286	6430	Peptoniphilaceae	Peptoniphilus timonensis	5644.0	1261	40	53	1180	0.9768211920529801	0.967948717948718	0.9357652656621729	0.868873513389627	0.87776047
AF542230	1406	7030	Peptoniphilaceae	Peptoniphilus lacrimalis	CAEL01000039	1504	7520	Peptoniphilaceae	Peptoniphilus senegalensis	6312.0	1406	50	54	1320	0.9763313609467456	0.9643366619115549	0.9388335704125178	0.8717740296687666	0.8978663
AF542230	1406	7030	Peptoniphilaceae	Peptoniphilus lacrimalis	Y07840	1480	7394	Peptoniphilaceae	Peptoniphilus ivorii	5849.0	1406	96	96	1265	0.9656488549618321	0.9317211948790897	0.8997155049786629	0.7847052673249323	0.8320057
AF542230	1406	7030	Peptoniphilaceae	Peptoniphilus lacrimalis	DQ911241	1404	7020	Peptoniphilaceae	Peptoniphilus gorbachii	6303.0	1402	52	54	1318	0.9777448071216617	0.9628571428571429	0.9400855920114123	0.8715511540793561	0.89786327
AF542230	1406	7030	Peptoniphilaceae	Peptoniphilus lacrimalis	AY153431	1423	7103	Peptoniphilaceae	Peptoniphilus indolicus	5985.0	1406	98	95	1281	0.977116704805492	0.9324324324324325	0.9110953058321479	0.7941794853364001	0.8513514
AF542230	1406	7030	Peptoniphilaceae	Peptoniphilus lacrimalis	AF542228	1396	6968	Peptoniphilaceae	Peptoniphilus asaccharolyticus	5998.0	1394	85	83	1278	0.9748283752860412	0.9404591104734576	0.9167862266857962	0.812648237447653	0.8607922
AF542230	1406	7030	Peptoniphilaceae	Peptoniphilus lacrimalis	Y07839	1476	7380	Peptoniphilaceae	Peptoniphilus harei	6231.0	1406	54	58	1311	0.9725519287833828	0.9614835948644793	0.9324324324324325	0.8609033691225473	0.88634425
EU526291	1360	6794	Peptoniphilaceae	Peptoniphilus koenoeneniae	EU526290	1405	7025	Peptoniphilaceae	Peptoniphilus duerdenii	5968.0	1355	59	60	1259	0.9722007722007722	0.9564254062038404	0.9291512915129151	0.8509553907420262	0.87842214
EU526291	1360	6794	Peptoniphilaceae	Peptoniphilus koenoeneniae	DQ911242	1392	6960	Peptoniphilaceae	Peptoniphilus olsenii	5903.0	1360	69	71	1253	0.9720713731574864	0.9491899852724595	0.9213235294117647	0.83106090231754	0.8688549
EU526291	1360	6794	Peptoniphilaceae	Peptoniphilus koenoeneniae	KR911910	1341	6705	Peptoniphilaceae	Peptoniphilus catoniae	5583.0	1257	54	55	1173	0.9758735440931781	0.9570063694267515	0.9331742243436754	0.8555876564920654	0.83266217
EU526291	1360	6794	Peptoniphilaceae	Peptoniphilus koenoeneniae	GU440754	1451	7255	Peptoniphilaceae	Peptoniphilus methioninivorax	6051.0	1360	53	53	1272	0.973221117061974	0.9610294117647059	0.9352941176470588	0.8651305108030474	0.8906388
EU526291	1360	6794	Peptoniphilaceae	Peptoniphilus koenoeneniae	GU938835	1463	7315	Peptoniphilaceae	Peptoniphilus tyrrelliae	5963.0	1360	61	64	1260	0.9722222222222222	0.9550478997789241	0.9264705882352942	0.8449724717473196	0.8776862
EU526291	1360	6794	Peptoniphilaceae	Peptoniphilus koenoeneniae	JN657222	1286	6430	Peptoniphilaceae	Peptoniphilus timonensis	5261.0	1215	48	61	1116	0.9670710571923743	0.9600665557404326	0.9185185185185185	0.8392481158910295	0.81819594
EU526291	1360	6794	Peptoniphilaceae	Peptoniphilus koenoeneniae	CAEL01000039	1504	7520	Peptoniphilaceae	Peptoniphilus senegalensis	5964.0	1360	62	66	1260	0.973724884080371	0.9542772861356932	0.9264705882352942	0.8430752047654506	0.87783337
EU526291	1360	6794	Peptoniphilaceae	Peptoniphilus koenoeneniae	Y07840	1480	7394	Peptoniphilaceae	Peptoniphilus ivorii	5741.0	1360	87	87	1233	0.9685781618224666	0.9360294117647059	0.9066176470588235	0.7975979714622545	0.8450103
EU526291	1360	6794	Peptoniphilaceae	Peptoniphilus koenoeneniae	DQ911241	1404	7020	Peptoniphilaceae	Peptoniphilus gorbachii	5955.0	1360	64	66	1259	0.972952086553323	0.9528718703976435	0.9257352941176471	0.8412229428288169	0.8765087
EU526291	1360	6794	Peptoniphilaceae	Peptoniphilus koenoeneniae	AY153431	1423	7103	Peptoniphilaceae	Peptoniphilus indolicus	5956.0	1360	72	69	1260	0.975987606506584	0.9492647058823529	0.9264705882352942	0.8352468780808414	0.8766559
EU526291	1360	6794	Peptoniphilaceae	Peptoniphilus koenoeneniae	AF542228	1396	6968	Peptoniphilaceae	Peptoniphilus asaccharolyticus	5975.0	1360	73	71	1262	0.9790535298681148	0.9477941176470588	0.9279411764705883	0.8346937728336276	0.87945247
EU526291	1360	6794	Peptoniphilaceae	Peptoniphilus koenoeneniae	Y07839	1476	7380	Peptoniphilaceae	Peptoniphilus harei	5839.0	1360	75	79	1245	0.9718969555035128	0.9446902654867256	0.9154411764705882	0.8171987087517933	0.8594348
EU526290	1405	7025	Peptoniphilaceae	Peptoniphilus duerdenii	DQ911242	1392	6960	Peptoniphilaceae	Peptoniphilus olsenii	5911.0	1395	85	93	1266	0.9723502304147466	0.9387166546503244	0.9075268817204301	0.7983783783783783	0.8492816
EU526290	1405	7025	Peptoniphilaceae	Peptoniphilus duerdenii	KR911910	1341	6705	Peptoniphilaceae	Peptoniphilus catoniae	5652.0	1307	74	63	1205	0.9686495176848875	0.9517980107115531	0.9219586840091814	0.8304971780647513	0.842953
EU526290	1405	7025	Peptoniphilaceae	Peptoniphilus duerdenii	GU440754	1451	7255	Peptoniphilaceae	Peptoniphilus methioninivorax	5982.0	1405	92	84	1282	0.9704769114307343	0.9402135231316726	0.9124555160142349	0.8051795168034765	0.85153025
EU526290	1405	7025	Peptoniphilaceae	Peptoniphilus duerdenii	GU938835	1463	7315	Peptoniphilaceae	Peptoniphilus tyrrelliae	6089.0	1405	73	73	1294	0.9714714714714715	0.9480427046263346	0.9209964412811388	0.8300184436985635	0.86676157
EU526290	1405	7025	Peptoniphilaceae	Peptoniphilus duerdenii	JN657222	1286	6430	Peptoniphilaceae	Peptoniphilus timonensis	5444.0	1303	56	106	1164	0.9724310776942355	0.9553072625698324	0.8933231005372217	0.7868342541155662	0.8466563
EU526290	1405	7025	Peptoniphilaceae	Peptoniphilus duerdenii	CAEL01000039	1504	7520	Peptoniphilaceae	Peptoniphilus senegalensis	6103.0	1405	68	69	1296	0.9700598802395209	0.9515669515669516	0.9224199288256227	0.8366279870407549	0.86875445
EU526290	1405	7025	Peptoniphilaceae	Peptoniphilus duerdenii	Y07840	1480	7394	Peptoniphilaceae	Peptoniphilus ivorii	5866.0	1405	105	97	1267	0.9686544342507645	0.9309608540925267	0.9017793594306049	0.7811439749239942	0.8350178
EU526290	1405	7025	Peptoniphilaceae	Peptoniphilus duerdenii	DQ911241	1404	7020	Peptoniphilaceae	Peptoniphilus gorbachii	6083.0	1396	71	72	1289	0.9735649546827795	0.9491039426523298	0.923352435530086	0.8333460290673714	0.8665242
EU526290	1405	7025	Peptoniphilaceae	Peptoniphilus duerdenii	AY153431	1423	7103	Peptoniphilaceae	Peptoniphilus indolicus	6036.0	1404	98	97	1285	0.9831675592960979	0.9309116809116809	0.9152421652421653	0.7964191144950132	0.8592171
EU526290	1405	7025	Peptoniphilaceae	Peptoniphilus duerdenii	AF542228	1396	6968	Peptoniphilaceae	Peptoniphilus asaccharolyticus	6016.0	1386	87	83	1277	0.9800460475825019	0.9401154401154401	0.9213564213564214	0.8150220074863659	0.8633754
EU526290	1405	7025	Peptoniphilaceae	Peptoniphilus duerdenii	Y07839	1476	7380	Peptoniphilaceae	Peptoniphilus harei	6118.0	1405	76	79	1296	0.9773755656108597	0.9457917261055635	0.9224199288256227	0.8258803684151086	0.87088966
DQ911242	1392	6960	Peptoniphilaceae	Peptoniphilus olsenii	KR911910	1341	6705	Peptoniphilaceae	Peptoniphilus catoniae	5457.0	1289	90	84	1172	0.9726141078838174	0.934833204034135	0.9092319627618308	0.7945065374387281	0.81387025
DQ911242	1392	6960	Peptoniphilaceae	Peptoniphilus olsenii	GU440754	1451	7255	Peptoniphilaceae	Peptoniphilus methioninivorax	5776.0	1392	104	104	1249	0.96972049689441	0.9252873563218391	0.8972701149425287	0.7725159813141558	0.82988507
DQ911242	1392	6960	Peptoniphilaceae	Peptoniphilus olsenii	GU938835	1463	7315	Peptoniphilaceae	Peptoniphilus tyrrelliae	6345.0	1392	45	45	1319	0.9792130660727543	0.9676724137931034	0.9475574712643678	0.8882114918532383	0.9116379
DQ911242	1392	6960	Peptoniphilaceae	Peptoniphilus olsenii	JN657222	1286	6430	Peptoniphilaceae	Peptoniphilus timonensis	5726.0	1247	24	34	1185	0.9769167353668591	0.9805982215036378	0.95028067361668	0.9069161739551792	0.89051324
DQ911242	1392	6960	Peptoniphilaceae	Peptoniphilus olsenii	CAEL01000039	1504	7520	Peptoniphilaceae	Peptoniphilus senegalensis	6369.0	1392	41	42	1322	0.9792592592592593	0.9705248023005032	0.9497126436781609	0.8947048631999422	0.9150862
DQ911242	1392	6960	Peptoniphilaceae	Peptoniphilus olsenii	Y07840	1480	7394	Peptoniphilaceae	Peptoniphilus ivorii	5711.0	1392	120	111	1244	0.9711163153786104	0.9202586206896551	0.8936781609195402	0.7571439974457215	0.820546
DQ911242	1392	6960	Peptoniphilaceae	Peptoniphilus olsenii	DQ911241	1404	7020	Peptoniphilaceae	Peptoniphilus gorbachii	6442.0	1392	37	36	1331	0.9815634218289085	0.9741379310344828	0.9561781609195402	0.9073321107116141	0.9255747
DQ911242	1392	6960	Peptoniphilaceae	Peptoniphilus olsenii	AY153431	1423	7103	Peptoniphilaceae	Peptoniphilus indolicus	5815.0	1392	124	112	1255	0.98046875	0.9195402298850575	0.9015804597701149	0.7612288842386193	0.8354885
DQ911242	1392	6960	Peptoniphilaceae	Peptoniphilus olsenii	AF542228	1396	6968	Peptoniphilaceae	Peptoniphilus asaccharolyticus	5819.0	1392	119	116	1253	0.981974921630094	0.9166666666666666	0.9001436781609196	0.7601478049856607	0.8360632
DQ911242	1392	6960	Peptoniphilaceae	Peptoniphilus olsenii	Y07839	1476	7380	Peptoniphilaceae	Peptoniphilus harei	6250.0	1392	55	56	1307	0.9782934131736527	0.9604601006470166	0.9389367816091954	0.8669105322943227	0.8979885
KR911910	1341	6705	Peptoniphilaceae	Peptoniphilus catoniae	GU440754	1451	7255	Peptoniphilaceae	Peptoniphilus methioninivorax	5686.0	1341	81	82	1219	0.9682287529785544	0.9395522388059702	0.9090231170768084	0.8048242646973993	0.8480239
KR911910	1341	6705	Peptoniphilaceae	Peptoniphilus catoniae	GU938835	1463	7315	Peptoniphilaceae	Peptoniphilus tyrrelliae	5684.0	1333	80	86	1214	0.9735364875701684	0.9397136397889977	0.9107276819204801	0.8037349040020091	0.8477256
KR911910	1341	6705	Peptoniphilaceae	Peptoniphilus catoniae	JN657222	1286	6430	Peptoniphilaceae	Peptoniphilus timonensis	5486.0	1294	75	86	1174	0.9718543046357616	0.9415432579890881	0.9072642967542504	0.8005663042214276	0.85318816
KR911910	1341	6705	Peptoniphilaceae	Peptoniphilus catoniae	CAEL01000039	1504	7520	Peptoniphilaceae	Peptoniphilus senegalensis	5707.0	1341	80	87	1220	0.9728867623604466	0.9400299850074962	0.9097688292319165	0.8028501842764415	0.8511559
KR911910	1341	6705	Peptoniphilaceae	Peptoniphilus catoniae	Y07840	1480	7394	Peptoniphilaceae	Peptoniphilus ivorii	5611.0	1341	92	93	1209	0.96875	0.9313432835820895	0.901565995525727	0.785174014247109	0.8368382
KR911910	1341	6705	Peptoniphilaceae	Peptoniphilus catoniae	DQ911241	1404	7020	Peptoniphilaceae	Peptoniphilus gorbachii	5519.0	1302	82	87	1182	0.9728395061728395	0.9367771781033153	0.9078341013824884	0.7969786366905516	0.8231171
KR911910	1341	6705	Peptoniphilaceae	Peptoniphilus catoniae	AY153431	1423	7103	Peptoniphilaceae	Peptoniphilus indolicus	5648.0	1307	71	72	1202	0.9732793522267207	0.945635528330781	0.9196633511859219	0.8242265883270055	0.84235644
KR911910	1341	6705	Peptoniphilaceae	Peptoniphilus catoniae	AF542228	1396	6968	Peptoniphilaceae	Peptoniphilus asaccharolyticus	5618.0	1299	68	74	1194	0.9746938775510204	0.9474091260634184	0.9191685912240185	0.8236880206652689	0.83788216
KR911910	1341	6705	Peptoniphilaceae	Peptoniphilus catoniae	Y07839	1476	7380	Peptoniphilaceae	Peptoniphilus harei	5616.0	1341	90	96	1209	0.9710843373493976	0.9325842696629213	0.901565995525727	0.7843813168620057	0.8375839
GU440754	1451	7255	Peptoniphilaceae	Peptoniphilus methioninivorax	GU938835	1463	7315	Peptoniphilaceae	Peptoniphilus tyrrelliae	6020.0	1433	99	102	1295	0.9729526671675433	0.9307692307692308	0.9036985345429169	0.7851323430004064	0.8297726
GU440754	1451	7255	Peptoniphilaceae	Peptoniphilus methioninivorax	JN657222	1286	6430	Peptoniphilaceae	Peptoniphilus timonensis	5440.0	1309	79	102	1172	0.9710024855012428	0.9385692068429238	0.8953399541634836	0.7785845278640667	0.8460342
GU440754	1451	7255	Peptoniphilaceae	Peptoniphilus methioninivorax	CAEL01000039	1504	7520	Peptoniphilaceae	Peptoniphilus senegalensis	6129.0	1451	92	96	1316	0.9712177121771217	0.9364201796821009	0.906960716747071	0.7964561057629821	0.8447967
GU440754	1451	7255	Peptoniphilaceae	Peptoniphilus methioninivorax	Y07840	1480	7394	Peptoniphilaceae	Peptoniphilus ivorii	6259.0	1451	80	80	1333	0.9722830051057623	0.9448656099241902	0.9186767746381805	0.82266875116195	0.86271536
GU440754	1451	7255	Peptoniphilaceae	Peptoniphilus methioninivorax	DQ911241	1404	7020	Peptoniphilaceae	Peptoniphilus gorbachii	5932.0	1402	91	93	1273	0.972498090145149	0.935	0.9079885877318117	0.7960864443006976	0.8450143
GU440754	1451	7255	Peptoniphilaceae	Peptoniphilus methioninivorax	AY153431	1423	7103	Peptoniphilaceae	Peptoniphilus indolicus	6172.0	1407	62	59	1306	0.9688427299703264	0.9580668088130775	0.9282160625444208	0.8517598722327293	0.8689286
GU440754	1451	7255	Peptoniphilaceae	Peptoniphilus methioninivorax	AF542228	1396	6968	Peptoniphilaceae	Peptoniphilus asaccharolyticus	6088.0	1392	63	60	1290	0.9684684684684685	0.9568965517241379	0.9267241379310345	0.8483825097760398	0.87370837
GU440754	1451	7255	Peptoniphilaceae	Peptoniphilus methioninivorax	Y07839	1476	7380	Peptoniphilaceae	Peptoniphilus harei	6057.0	1451	102	106	1307	0.9717472118959107	0.9295093296475466	0.9007580978635424	0.7801156739384834	0.8348725
GU938835	1463	7315	Peptoniphilaceae	Peptoniphilus tyrrelliae	JN657222	1286	6430	Peptoniphilaceae	Peptoniphilus timonensis	6119.0	1281	14	21	1246	0.9888888888888889	0.989010989010989	0.9726775956284153	0.9463890119627825	0.951633
GU938835	1463	7315	Peptoniphilaceae	Peptoniphilus tyrrelliae	CAEL01000039	1504	7520	Peptoniphilaceae	Peptoniphilus senegalensis	7272.0	1463	0	1	1458	0.9972640218878249	1.0	0.9965823650034177	0.9959011740498951	0.9941217
GU938835	1463	7315	Peptoniphilaceae	Peptoniphilus tyrrelliae	Y07840	1480	7394	Peptoniphilaceae	Peptoniphilus ivorii	6057.0	1458	110	107	1311	0.9703923019985197	0.9266117969821673	0.8991769547325102	0.7747372868900646	0.8280246
GU938835	1463	7315	Peptoniphilaceae	Peptoniphilus tyrrelliae	DQ911241	1404	7020	Peptoniphilaceae	Peptoniphilus gorbachii	6764.0	1403	16	15	1374	0.9899135446685879	0.9893086243763364	0.9793300071275838	0.9579352007703215	0.96353275
GU938835	1463	7315	Peptoniphilaceae	Peptoniphilus tyrrelliae	AY153431	1423	7103	Peptoniphilaceae	Peptoniphilus indolicus	5989.0	1419	116	113	1284	0.9831546707503829	0.9203664552501761	0.904862579281184	0.7698700511669226	0.84316486
GU938835	1463	7315	Peptoniphilaceae	Peptoniphilus tyrrelliae	AF542228	1396	6968	Peptoniphilaceae	Peptoniphilus asaccharolyticus	5942.0	1391	107	102	1268	0.9837083010085338	0.9266714593817398	0.9115744069015097	0.7843921298371469	0.8527554
GU938835	1463	7315	Peptoniphilaceae	Peptoniphilus tyrrelliae	Y07839	1476	7380	Peptoniphilaceae	Peptoniphilus harei	6880.0	1458	28	29	1410	0.986703988803359	0.9807824296499656	0.9670781893004116	0.929982996305712	0.94053316
JN657222	1286	6430	Peptoniphilaceae	Peptoniphilus timonensis	CAEL01000039	1504	7520	Peptoniphilaceae	Peptoniphilus senegalensis	6153.0	1286	23	16	1255	0.9881889763779528	0.9875583203732504	0.9758942457231726	0.9468187105182806	0.9569207
JN657222	1286	6430	Peptoniphilaceae	Peptoniphilus timonensis	Y07840	1480	7394	Peptoniphilaceae	Peptoniphilus ivorii	5373.0	1286	134	81	1168	0.9692946058091286	0.9370139968895801	0.9082426127527217	0.7707270058922744	0.8356143
JN657222	1286	6430	Peptoniphilaceae	Peptoniphilus timonensis	DQ911241	1404	7020	Peptoniphilaceae	Peptoniphilus gorbachii	5975.0	1244	13	12	1216	0.987012987012987	0.9903536977491961	0.977491961414791	0.9580509916173608	0.92923796
JN657222	1286	6430	Peptoniphilaceae	Peptoniphilus timonensis	AY153431	1423	7103	Peptoniphilaceae	Peptoniphilus indolicus	5302.0	1252	99	90	1138	0.9793459552495697	0.9281150159744409	0.9089456869009584	0.7817874819977155	0.8245723
JN657222	1286	6430	Peptoniphilaceae	Peptoniphilus timonensis	AF542228	1396	6968	Peptoniphilaceae	Peptoniphilus asaccharolyticus	5308.0	1249	94	95	1135	0.9835355285961872	0.9246794871794872	0.9087269815852682	0.780842097356217	0.82550544
JN657222	1286	6430	Peptoniphilaceae	Peptoniphilus timonensis	Y07839	1476	7380	Peptoniphilaceae	Peptoniphilus harei	6222.0	1286	11	11	1262	0.9898039215686274	0.9914463452566097	0.9813374805598756	0.9646918178210032	0.9676516
CAEL01000039	1504	7520	Peptoniphilaceae	Peptoniphilus senegalensis	Y07840	1480	7394	Peptoniphilaceae	Peptoniphilus ivorii	6170.0	1476	108	104	1332	0.9708454810495627	0.9295392953929539	0.9024390243902439	0.7816580438531658	0.8344604
CAEL01000039	1504	7520	Peptoniphilaceae	Peptoniphilus senegalensis	DQ911241	1404	7020	Peptoniphilaceae	Peptoniphilus gorbachii	6785.0	1402	16	14	1376	0.9913544668587896	0.9900142653352354	0.9814550641940085	0.9606908526807361	0.96652424
CAEL01000039	1504	7520	Peptoniphilaceae	Peptoniphilus senegalensis	AY153431	1423	7103	Peptoniphilaceae	Peptoniphilus indolicus	6012.0	1418	111	107	1287	0.9816933638443935	0.9245416078984485	0.9076163610719323	0.7782112814684783	0.84640294
CAEL01000039	1504	7520	Peptoniphilaceae	Peptoniphilus senegalensis	AF542228	1396	6968	Peptoniphilaceae	Peptoniphilus asaccharolyticus	5965.0	1390	103	97	1271	0.982985305491106	0.9302158273381295	0.9143884892086331	0.7918984035812209	0.8560563
CAEL01000039	1504	7520	Peptoniphilaceae	Peptoniphilus senegalensis	Y07839	1476	7380	Peptoniphilaceae	Peptoniphilus harei	6952.0	1476	29	29	1426	0.9854872149274361	0.9803523035230353	0.9661246612466124	0.9288919500490685	0.9420054
Y07840	1480	7394	Peptoniphilaceae	Peptoniphilus ivorii	DQ911241	1404	7020	Peptoniphilaceae	Peptoniphilus gorbachii	5825.0	1406	106	108	1261	0.9714946070878274	0.9245014245014245	0.8968705547652916	0.7699325265114739	0.82977206
Y07840	1480	7394	Peptoniphilaceae	Peptoniphilus ivorii	AY153431	1423	7103	Peptoniphilaceae	Peptoniphilus indolicus	6017.0	1420	97	94	1291	0.973604826546003	0.9338028169014084	0.9091549295774648	0.7946865106260503	0.8471069
Y07840	1480	7394	Peptoniphilaceae	Peptoniphilus ivorii	AF542228	1396	6968	Peptoniphilaceae	Peptoniphilus asaccharolyticus	5907.0	1392	97	94	1266	0.975346687211094	0.9324712643678161	0.9094827586206896	0.7928197586901646	0.8477325
Y07840	1480	7394	Peptoniphilaceae	Peptoniphilus ivorii	Y07839	1476	7380	Peptoniphilaceae	Peptoniphilus harei	6063.0	1480	117	121	1318	0.9698307579102281	0.9207317073170732	0.8905405405405405	0.7578237912301783	0.8215447
DQ911241	1404	7020	Peptoniphilaceae	Peptoniphilus gorbachii	AY153431	1423	7103	Peptoniphilaceae	Peptoniphilus indolicus	5930.0	1404	106	101	1273	0.9769762087490407	0.9280626780626781	0.9066951566951567	0.7823998603799928	0.84472936
DQ911241	1404	7020	Peptoniphilaceae	Peptoniphilus gorbachii	AF542228	1396	6968	Peptoniphilaceae	Peptoniphilus asaccharolyticus	5935.0	1397	101	102	1269	0.9799227799227799	0.9276504297994269	0.9083750894774517	0.7852775306230307	0.85175085
DQ911241	1404	7020	Peptoniphilaceae	Peptoniphilus gorbachii	Y07839	1476	7380	Peptoniphilaceae	Peptoniphilus harei	6687.0	1404	17	19	1365	0.9855595667870036	0.9878744650499287	0.9722222222222222	0.9475916803503011	0.9525641
AY153431	1423	7103	Peptoniphilaceae	Peptoniphilus indolicus	AF542228	1396	6968	Peptoniphilaceae	Peptoniphilus asaccharolyticus	6777.0	1396	10	10	1372	0.98989898989899	0.9928366762177651	0.9828080229226361	0.9688278234500524	0.97258896
AY153431	1423	7103	Peptoniphilaceae	Peptoniphilus indolicus	Y07839	1476	7380	Peptoniphilaceae	Peptoniphilus harei	5894.0	1423	111	112	1275	0.9725400457665904	0.9219409282700421	0.8959943780744906	0.7657422618355	0.82979023
AF542228	1396	6968	Peptoniphilaceae	Peptoniphilus asaccharolyticus	Y07839	1476	7380	Peptoniphilaceae	Peptoniphilus harei	5855.0	1396	97	103	1259	0.9737045630317092	0.9302158273381295	0.9018624641833811	0.7810503457395257	0.8402698
