AB062382	1446	7230	Streptosporangiaceae	Planomonospora sphaerica	KU159576	1452	7260	Streptosporangiaceae	Planomonospora corallina	7080.0	1445	3	5	1428	0.9916666666666667	0.997920997920998	0.9882352941176471	0.9827754306142346	0.9792531
AB062382	1446	7230	Streptosporangiaceae	Planomonospora sphaerica	KX029461	1404	7020	Streptosporangiaceae	Planomonospora algeriensis	6940.0	1400	5	5	1393	0.9985663082437276	0.9964285714285714	0.995	0.9879181494661923	0.988604
AB062382	1446	7230	Streptosporangiaceae	Planomonospora sphaerica	AB028655	1444	7220	Streptosporangiaceae	Planomonospora venezuelensis	6994.0	1446	17	19	1418	0.9936930623686054	0.9882271468144044	0.9806362378976486	0.9565057494736464	0.9686981
AB062382	1446	7230	Streptosporangiaceae	Planomonospora sphaerica	AB028653	1446	7224	Streptosporangiaceae	Planomonospora parontospora subsp. antibiotica	7169.0	1446	2	2	1439	0.9965373961218836	0.9986168741355463	0.9951590594744122	0.9924100012990685	0.99238646
AB062382	1446	7230	Streptosporangiaceae	Planomonospora sphaerica	D85495	1478	7378	Streptosporangiaceae	Planomonospora parontospora subsp. parontospora	7137.0	1446	3	4	1435	0.9951456310679612	0.9979238754325259	0.9923928077455049	0.987598639592145	0.9871369
AB062382	1446	7230	Streptosporangiaceae	Planomonospora sphaerica	AB062381	1440	7200	Streptosporangiaceae	Planomonospora alba	7054.0	1442	11	13	1423	0.9958012596221134	0.9923611111111111	0.9868238557558946	0.9705239434791283	0.9797222
KU159576	1452	7260	Streptosporangiaceae	Planomonospora corallina	KX029461	1404	7020	Streptosporangiaceae	Planomonospora algeriensis	6863.0	1404	8	8	1386	0.9928366762177651	0.9943019943019943	0.9871794871794872	0.9759933173530908	0.9776353
KU159576	1452	7260	Streptosporangiaceae	Planomonospora corallina	AB028655	1444	7220	Streptosporangiaceae	Planomonospora venezuelensis	6979.0	1443	16	16	1416	0.9922915206727401	0.988911988911989	0.9812889812889813	0.9597665361887433	0.9666205
KU159576	1452	7260	Streptosporangiaceae	Planomonospora corallina	AB028653	1446	7224	Streptosporangiaceae	Planomonospora parontospora subsp. antibiotica	7046.0	1443	7	5	1424	0.9902642559109874	0.9965349965349966	0.9868329868329868	0.9786660931488518	0.9753599
KU159576	1452	7260	Streptosporangiaceae	Planomonospora corallina	D85495	1478	7378	Streptosporangiaceae	Planomonospora parontospora subsp. parontospora	7028.0	1443	10	9	1421	0.9909344490934449	0.9937629937629938	0.9847539847539848	0.9718769539829416	0.9680441
KU159576	1452	7260	Streptosporangiaceae	Planomonospora corallina	AB062381	1440	7200	Streptosporangiaceae	Planomonospora alba	7090.0	1440	8	8	1427	0.9965083798882681	0.9944444444444445	0.9909722222222223	0.9800222529158994	0.9847222
KX029461	1404	7020	Streptosporangiaceae	Planomonospora algeriensis	AB028655	1444	7220	Streptosporangiaceae	Planomonospora venezuelensis	6807.0	1400	11	11	1378	0.9920806335493161	0.9921428571428571	0.9842857142857143	0.9689389490736053	0.96965814
KX029461	1404	7020	Streptosporangiaceae	Planomonospora algeriensis	AB028653	1446	7224	Streptosporangiaceae	Planomonospora parontospora subsp. antibiotica	6897.0	1400	5	5	1388	0.9949820788530466	0.9964285714285714	0.9914285714285714	0.9843721403152008	0.9824786
KX029461	1404	7020	Streptosporangiaceae	Planomonospora algeriensis	D85495	1478	7378	Streptosporangiaceae	Planomonospora parontospora subsp. parontospora	6910.0	1400	6	7	1389	0.9971284996410624	0.995711222301644	0.9921428571428571	0.9829694167852061	0.9843305
KX029461	1404	7020	Streptosporangiaceae	Planomonospora algeriensis	AB062381	1440	7200	Streptosporangiaceae	Planomonospora alba	6839.0	1400	14	14	1381	0.9963924963924964	0.99	0.9864285714285714	0.966895332390382	0.9742165
AB028655	1444	7220	Streptosporangiaceae	Planomonospora venezuelensis	AB028653	1446	7224	Streptosporangiaceae	Planomonospora parontospora subsp. antibiotica	6977.0	1444	21	19	1416	0.9936842105263158	0.9868421052631579	0.9806094182825484	0.953835099694629	0.96634346
AB028655	1444	7220	Streptosporangiaceae	Planomonospora venezuelensis	D85495	1478	7378	Streptosporangiaceae	Planomonospora parontospora subsp. parontospora	6947.0	1444	21	20	1412	0.9915730337078652	0.9861495844875346	0.9778393351800554	0.9504731831374736	0.96218836
AB028655	1444	7220	Streptosporangiaceae	Planomonospora venezuelensis	AB062381	1440	7200	Streptosporangiaceae	Planomonospora alba	6951.0	1440	15	15	1411	0.9901754385964913	0.9895833333333334	0.9798611111111111	0.9596577892325314	0.96541667
AB028653	1446	7224	Streptosporangiaceae	Planomonospora parontospora subsp. antibiotica	D85495	1478	7378	Streptosporangiaceae	Planomonospora parontospora subsp. parontospora	7112.0	1446	2	3	1432	0.9923769923769924	0.9986159169550173	0.9903181189488244	0.9868985121844983	0.9844961
AB028653	1446	7224	Streptosporangiaceae	Planomonospora parontospora subsp. antibiotica	AB062381	1440	7200	Streptosporangiaceae	Planomonospora alba	7013.0	1442	13	15	1418	0.9936930623686054	0.9909722222222223	0.9833564493758669	0.9644327513810048	0.97402775
D85495	1478	7378	Streptosporangiaceae	Planomonospora parontospora subsp. parontospora	AB062381	1440	7200	Streptosporangiaceae	Planomonospora alba	7016.0	1441	14	15	1418	0.9943899018232819	0.9902777777777778	0.9840388619014573	0.9644257162003286	0.97444445
