D55729	1472	7330	Planococcaceae	Planomicrobium okeanokoites	AY437845	1464	7320	Planococcaceae	Planomicrobium stackebrandtii	7006.0	1464	17	17	1427	0.9861782999308915	0.9883879781420765	0.9747267759562842	0.95234952384115	0.95710385
D55729	1472	7330	Planococcaceae	Planomicrobium okeanokoites	AF144750	1506	7530	Planococcaceae	Planomicrobium koreense	7157.0	1472	10	9	1448	0.9897470950102529	0.9938858695652174	0.9836956521739131	0.9710841694537347	0.97639835
D55729	1472	7330	Planococcaceae	Planomicrobium okeanokoites	EU036220	1465	7325	Planococcaceae	Planomicrobium glaciei	6999.0	1455	17	19	1421	0.9895543175487466	0.9883000688231246	0.9766323024054983	0.9527472732705811	0.9554949
D55729	1472	7330	Planococcaceae	Planomicrobium okeanokoites	FJ265708	1506	7506	Planococcaceae	Planomicrobium flavidum	7158.0	1472	13	12	1447	0.9910958904109589	0.9918478260869565	0.983016304347826	0.9664672083150343	0.9765348
D55729	1472	7330	Planococcaceae	Planomicrobium okeanokoites	AF041791	1481	7399	Planococcaceae	Planomicrobium mcmeekinii	7162.0	1469	13	13	1446	0.9931318681318682	0.9911504424778761	0.9843430905377808	0.9670739135108022	0.97708046
D55729	1472	7330	Planococcaceae	Planomicrobium okeanokoites	AJ314746	1440	7200	Planococcaceae	Planomicrobium psychrophilum	6961.0	1438	14	13	1411	0.9901754385964913	0.9909596662030598	0.9812239221140473	0.9629780227358935	0.9668056
D55729	1472	7330	Planococcaceae	Planomicrobium okeanokoites	AF029364	1445	7183	Planococcaceae	Planomicrobium alkanoclasticum	6828.0	1429	16	16	1390	0.9837225760792639	0.9888033589923023	0.9727081875437369	0.9511672449822147	0.95057774
D55729	1472	7330	Planococcaceae	Planomicrobium okeanokoites	JQ772482	1468	7340	Planococcaceae	Planomicrobium soli	7043.0	1454	15	14	1426	0.9902777777777778	0.9903713892709766	0.9807427785419532	0.9613816208988514	0.9608458
D55729	1472	7330	Planococcaceae	Planomicrobium okeanokoites	AJ697862	1510	7550	Planococcaceae	Planomicrobium chinense	7125.0	1472	15	17	1443	0.9917525773195877	0.9897959183673469	0.9802989130434783	0.9592030386538406	0.9720327
AY437845	1464	7320	Planococcaceae	Planomicrobium stackebrandtii	AF144750	1506	7530	Planococcaceae	Planomicrobium koreense	6951.0	1464	25	24	1421	0.9868055555555556	0.9836065573770492	0.9706284153005464	0.9386869832322277	0.94959015
AY437845	1464	7320	Planococcaceae	Planomicrobium stackebrandtii	EU036220	1465	7325	Planococcaceae	Planomicrobium glaciei	6847.0	1449	24	26	1402	0.9852424455375967	0.9834139599170698	0.9675638371290545	0.9347205296908653	0.9353825
AY437845	1464	7320	Planococcaceae	Planomicrobium stackebrandtii	FJ265708	1506	7506	Planococcaceae	Planomicrobium flavidum	7017.0	1464	17	16	1428	0.9861878453038674	0.9890710382513661	0.9754098360655737	0.9536755183139438	0.95860654
AY437845	1464	7320	Planococcaceae	Planomicrobium stackebrandtii	AF041791	1481	7399	Planococcaceae	Planomicrobium mcmeekinii	6961.0	1463	22	22	1421	0.9861207494795281	0.9849624060150376	0.9712918660287081	0.9425128477760056	0.9509563
AY437845	1464	7320	Planococcaceae	Planomicrobium stackebrandtii	AJ314746	1440	7200	Planococcaceae	Planomicrobium psychrophilum	6845.0	1436	22	21	1397	0.9872791519434629	0.9853760445682451	0.9728412256267409	0.9441497491507808	0.95069444
AY437845	1464	7320	Planococcaceae	Planomicrobium stackebrandtii	AF029364	1445	7183	Planococcaceae	Planomicrobium alkanoclasticum	6699.0	1426	30	29	1374	0.9835361488904796	0.979663394109397	0.9635343618513323	0.9244900436169721	0.9326187
AY437845	1464	7320	Planococcaceae	Planomicrobium stackebrandtii	JQ772482	1468	7340	Planococcaceae	Planomicrobium soli	6874.0	1448	32	31	1404	0.9908256880733946	0.9785911602209945	0.9696132596685083	0.9283391817231597	0.93907106
AY437845	1464	7320	Planococcaceae	Planomicrobium stackebrandtii	AJ697862	1510	7550	Planococcaceae	Planomicrobium chinense	6961.0	1464	19	21	1422	0.9854469854469855	0.9870041039671683	0.9713114754098361	0.9451129190939942	0.9509563
AF144750	1506	7530	Planococcaceae	Planomicrobium koreense	EU036220	1465	7325	Planococcaceae	Planomicrobium glaciei	7084.0	1468	18	21	1437	0.9930891499654457	0.9877133105802047	0.978882833787466	0.9531920999262876	0.96709895
AF144750	1506	7530	Planococcaceae	Planomicrobium koreense	FJ265708	1506	7506	Planococcaceae	Planomicrobium flavidum	7304.0	1506	14	14	1479	0.9912868632707775	0.9907038512616202	0.9820717131474104	0.9639809184315371	0.9730882
AF144750	1506	7530	Planococcaceae	Planomicrobium koreense	AF041791	1481	7399	Planococcaceae	Planomicrobium mcmeekinii	7226.0	1482	8	9	1460	0.991174473862865	0.9945982444294396	0.9851551956815114	0.9739151699589707	0.97661847
AF144750	1506	7530	Planococcaceae	Planomicrobium koreense	AJ314746	1440	7200	Planococcaceae	Planomicrobium psychrophilum	7038.0	1439	10	10	1421	0.9944016794961511	0.9930507296733843	0.9874913134120917	0.9738613435927391	0.9775
AF144750	1506	7530	Planococcaceae	Planomicrobium koreense	AF029364	1445	7183	Planococcaceae	Planomicrobium alkanoclasticum	6888.0	1429	11	11	1398	0.9858956276445698	0.9923023093072079	0.9783065080475857	0.9633601586190809	0.9589308
AF144750	1506	7530	Planococcaceae	Planomicrobium koreense	JQ772482	1468	7340	Planococcaceae	Planomicrobium soli	7112.0	1468	15	15	1441	0.9917412250516173	0.9897820163487738	0.9816076294277929	0.9617504285627667	0.96893734
AF144750	1506	7530	Planococcaceae	Planomicrobium koreense	AJ697862	1510	7550	Planococcaceae	Planomicrobium chinense	7290.0	1493	11	14	1472	0.9952670723461798	0.9926174496644296	0.9859343603482921	0.9695458237733536	0.9681275
EU036220	1465	7325	Planococcaceae	Planomicrobium glaciei	FJ265708	1506	7506	Planococcaceae	Planomicrobium flavidum	7069.0	1465	20	17	1435	0.9910220994475138	0.9883959044368601	0.9795221843003413	0.9551165810551476	0.9650512
EU036220	1465	7325	Planococcaceae	Planomicrobium glaciei	AF041791	1481	7399	Planococcaceae	Planomicrobium mcmeekinii	7093.0	1465	20	18	1437	0.9930891499654457	0.9877133105802047	0.9808873720136518	0.955787223773572	0.96832764
EU036220	1465	7325	Planococcaceae	Planomicrobium glaciei	AJ314746	1440	7200	Planococcaceae	Planomicrobium psychrophilum	6812.0	1419	24	21	1386	0.9914163090128756	0.985200845665962	0.9767441860465116	0.9462843881448532	0.9461111
EU036220	1465	7325	Planococcaceae	Planomicrobium glaciei	AF029364	1445	7183	Planococcaceae	Planomicrobium alkanoclasticum	6685.0	1410	24	22	1366	0.984149855907781	0.9843971631205674	0.9687943262411347	0.9377172418568306	0.93066967
EU036220	1465	7325	Planococcaceae	Planomicrobium glaciei	JQ772482	1468	7340	Planococcaceae	Planomicrobium soli	7108.0	1464	16	13	1440	0.9924190213645762	0.9911202185792349	0.9836065573770492	0.9643331856446611	0.9703754
EU036220	1465	7325	Planococcaceae	Planomicrobium glaciei	AJ697862	1510	7550	Planococcaceae	Planomicrobium chinense	7109.0	1465	12	12	1440	0.9910529938059188	0.9918088737201365	0.9829351535836177	0.9669632892058203	0.970512
FJ265708	1506	7506	Planococcaceae	Planomicrobium flavidum	AF041791	1481	7399	Planococcaceae	Planomicrobium mcmeekinii	7228.0	1482	16	17	1459	0.9959044368600682	0.9891964888588791	0.9844804318488529	0.9627929456999796	0.9768888
FJ265708	1506	7506	Planococcaceae	Planomicrobium flavidum	AJ314746	1440	7200	Planococcaceae	Planomicrobium psychrophilum	7010.0	1439	8	8	1417	0.9902166317260657	0.9944405837387075	0.9847116052814454	0.973823294511229	0.9736111
FJ265708	1506	7506	Planococcaceae	Planomicrobium flavidum	AF029364	1445	7183	Planococcaceae	Planomicrobium alkanoclasticum	6810.0	1429	18	18	1388	0.9836995038979447	0.9874037788663401	0.9713086074177747	0.9471433621744852	0.94807184
FJ265708	1506	7506	Planococcaceae	Planomicrobium flavidum	JQ772482	1468	7340	Planococcaceae	Planomicrobium soli	7078.0	1468	17	17	1436	0.9896623018607856	0.9884196185286104	0.9782016348773842	0.9558050991293499	0.96430516
FJ265708	1506	7506	Planococcaceae	Planomicrobium flavidum	AJ697862	1510	7550	Planococcaceae	Planomicrobium chinense	7234.0	1493	13	16	1465	0.991875423155044	0.991275167785235	0.9812458137977227	0.9623506420844863	0.96376234
AF041791	1481	7399	Planococcaceae	Planomicrobium mcmeekinii	AJ314746	1440	7200	Planococcaceae	Planomicrobium psychrophilum	6965.0	1435	16	15	1410	0.9929577464788732	0.9895470383275261	0.9825783972125436	0.9615860262176511	0.9673611
AF041791	1481	7399	Planococcaceae	Planomicrobium mcmeekinii	AF029364	1445	7183	Planococcaceae	Planomicrobium alkanoclasticum	6854.0	1426	12	12	1392	0.9844413012729845	0.9915848527349228	0.9761570827489481	0.9598651703803982	0.9541974
AF041791	1481	7399	Planococcaceae	Planomicrobium mcmeekinii	JQ772482	1468	7340	Planococcaceae	Planomicrobium soli	7079.0	1466	17	16	1436	0.9903448275862069	0.9890859481582538	0.9795361527967258	0.9577393267398869	0.9644414
AF041791	1481	7399	Planococcaceae	Planomicrobium mcmeekinii	AJ697862	1510	7550	Planococcaceae	Planomicrobium chinense	7208.0	1481	11	13	1458	0.9931880108991825	0.9925625422582827	0.9844699527346388	0.9686339749426607	0.9741857
AJ314746	1440	7200	Planococcaceae	Planomicrobium psychrophilum	AF029364	1445	7183	Planococcaceae	Planomicrobium alkanoclasticum	6837.0	1430	20	20	1392	0.9872340425531915	0.986013986013986	0.9734265734265735	0.9465734265734266	0.9518307
AJ314746	1440	7200	Planococcaceae	Planomicrobium psychrophilum	JQ772482	1468	7340	Planococcaceae	Planomicrobium soli	6864.0	1421	20	20	1392	0.9935760171306209	0.9859254046446164	0.9795918367346939	0.9523998357149938	0.9533333
AJ314746	1440	7200	Planococcaceae	Planomicrobium psychrophilum	AJ697862	1510	7550	Planococcaceae	Planomicrobium chinense	6957.0	1440	14	17	1411	0.9915671117357695	0.9902574808629089	0.9798611111111111	0.9589699870090173	0.96625
AF029364	1445	7183	Planococcaceae	Planomicrobium alkanoclasticum	JQ772482	1468	7340	Planococcaceae	Planomicrobium soli	6704.0	1411	24	23	1368	0.9855907780979827	0.9836995038979447	0.969525159461375	0.9377706768866818	0.9333148
AF029364	1445	7183	Planococcaceae	Planomicrobium alkanoclasticum	AJ697862	1510	7550	Planococcaceae	Planomicrobium chinense	6895.0	1445	18	20	1405	0.9859649122807017	0.9875259875259875	0.972318339100346	0.9470633173055318	0.9599053
JQ772482	1468	7340	Planococcaceae	Planomicrobium soli	AJ697862	1510	7550	Planococcaceae	Planomicrobium chinense	7093.0	1468	16	19	1438	0.9924085576259489	0.9890784982935154	0.9795640326975477	0.9564611073980772	0.96634877
