DQ094183	1384	6920	Comamonadaceae	Polaromonas hydrogenivorans	HM583567	1491	7455	Comamonadaceae	Polaromonas cryoconiti	6644.0	1364	23	11	1345	0.9940872135994088	0.9919354838709677	0.9860703812316716	0.9618985045468289	0.9601156
DQ094183	1384	6920	Comamonadaceae	Polaromonas hydrogenivorans	AY166684	1452	7260	Comamonadaceae	Polaromonas naphthalenivorans	6774.0	1364	4	3	1359	0.9985304922850845	0.9978005865102639	0.9963343108504399	0.9912361089674332	0.97890174
DQ094183	1384	6920	Comamonadaceae	Polaromonas hydrogenivorans	EU030285	1415	7075	Comamonadaceae	Polaromonas jejuensis	6452.0	1374	14	42	1318	0.9894894894894894	0.9895988112927192	0.9592430858806404	0.9205416357298364	0.93236995
DQ094183	1384	6920	Comamonadaceae	Polaromonas hydrogenivorans	KP013181	1422	7110	Comamonadaceae	Polaromonas eurypsychrophila	6427.0	1349	30	28	1311	0.9924299772899319	0.9792438843587843	0.971830985915493	0.9309562961525498	0.92875725
DQ094183	1384	6920	Comamonadaceae	Polaromonas hydrogenivorans	AM039830	1406	7030	Comamonadaceae	Polaromonas aquatica	6427.0	1339	19	13	1309	0.9871794871794872	0.9902912621359223	0.977595220313667	0.9545591031928736	0.92875725
DQ094183	1384	6920	Comamonadaceae	Polaromonas hydrogenivorans	U14585	1440	7182	Comamonadaceae	Polaromonas vacuolata	6482.0	1364	23	18	1324	0.9836552748885586	0.9868035190615836	0.9706744868035191	0.9419811530191324	0.93670523
DQ094183	1384	6920	Comamonadaceae	Polaromonas hydrogenivorans	HM583568	1489	7445	Comamonadaceae	Polaromonas glacialis	6659.0	1364	21	13	1346	0.996299037749815	0.9904692082111437	0.9868035190615836	0.962578739532274	0.96228325
HM583567	1491	7455	Comamonadaceae	Polaromonas cryoconiti	AY166684	1452	7260	Comamonadaceae	Polaromonas naphthalenivorans	7081.0	1461	14	23	1432	0.9958275382475661	0.990358126721763	0.9801505817932923	0.9555637536398335	0.97534436
HM583567	1491	7455	Comamonadaceae	Polaromonas cryoconiti	EU030285	1415	7075	Comamonadaceae	Polaromonas jejuensis	6913.0	1419	4	8	1397	0.9900779588944011	0.9971731448763251	0.9844961240310077	0.9761939782204863	0.97710246
HM583567	1491	7455	Comamonadaceae	Polaromonas cryoconiti	KP013181	1422	7110	Comamonadaceae	Polaromonas eurypsychrophila	6804.0	1434	19	31	1388	0.9893086243763364	0.9866385372714487	0.9679218967921897	0.9346141921537798	0.95696205
HM583567	1491	7455	Comamonadaceae	Polaromonas cryoconiti	AM039830	1406	7030	Comamonadaceae	Polaromonas aquatica	6762.0	1412	13	19	1376	0.9877961234745154	0.9907539118065434	0.9745042492917847	0.9526206450971623	0.96187764
HM583567	1491	7455	Comamonadaceae	Polaromonas cryoconiti	U14585	1440	7182	Comamonadaceae	Polaromonas vacuolata	6853.0	1447	12	19	1400	0.9803921568627451	0.9916666666666667	0.967519004837595	0.9469617127539999	0.954191
HM583567	1491	7455	Comamonadaceae	Polaromonas cryoconiti	HM583568	1489	7445	Comamonadaceae	Polaromonas glacialis	7310.0	1491	5	7	1474	0.9932614555256065	0.9966420416386836	0.98859825620389	0.9806683236674952	0.981867
AY166684	1452	7260	Comamonadaceae	Polaromonas naphthalenivorans	EU030285	1415	7075	Comamonadaceae	Polaromonas jejuensis	6787.0	1410	20	15	1380	0.989247311827957	0.9893617021276596	0.9787234042553191	0.9547686356196995	0.9592933
AY166684	1452	7260	Comamonadaceae	Polaromonas naphthalenivorans	KP013181	1422	7110	Comamonadaceae	Polaromonas eurypsychrophila	6790.0	1425	30	33	1384	0.9942528735632183	0.9789029535864979	0.9712280701754386	0.9291748960028938	0.95499295
AY166684	1452	7260	Comamonadaceae	Polaromonas naphthalenivorans	AM039830	1406	7030	Comamonadaceae	Polaromonas aquatica	6744.0	1403	19	16	1372	0.989185291997116	0.9885958660014256	0.977904490377762	0.9538351112193781	0.9593172
AY166684	1452	7260	Comamonadaceae	Polaromonas naphthalenivorans	U14585	1440	7182	Comamonadaceae	Polaromonas vacuolata	6851.0	1438	24	22	1397	0.9865819209039548	0.9847009735744089	0.9714881780250347	0.940921518524931	0.95391256
AY166684	1452	7260	Comamonadaceae	Polaromonas naphthalenivorans	HM583568	1489	7445	Comamonadaceae	Polaromonas glacialis	7083.0	1452	21	14	1432	0.9958275382475661	0.990358126721763	0.9862258953168044	0.96279215035001	0.97561985
EU030285	1415	7075	Comamonadaceae	Polaromonas jejuensis	KP013181	1422	7110	Comamonadaceae	Polaromonas eurypsychrophila	6736.0	1415	18	23	1374	0.9870689655172413	0.9872340425531915	0.9710247349823321	0.9432424501712535	0.9520848
EU030285	1415	7075	Comamonadaceae	Polaromonas jejuensis	AM039830	1406	7030	Comamonadaceae	Polaromonas aquatica	6829.0	1407	9	11	1383	0.9906876790830945	0.993594306049822	0.9829424307036247	0.9690590630383192	0.97140825
EU030285	1415	7075	Comamonadaceae	Polaromonas jejuensis	U14585	1440	7182	Comamonadaceae	Polaromonas vacuolata	6747.0	1415	12	15	1375	0.9821428571428571	0.9915014164305949	0.9717314487632509	0.9533454998378074	0.95363957
EU030285	1415	7075	Comamonadaceae	Polaromonas jejuensis	HM583568	1489	7445	Comamonadaceae	Polaromonas glacialis	6904.0	1415	6	4	1396	0.9893692416725727	0.9971731448763251	0.9865724381625441	0.9796296342345882	0.9758304
KP013181	1422	7110	Comamonadaceae	Polaromonas eurypsychrophila	AM039830	1406	7030	Comamonadaceae	Polaromonas aquatica	6748.0	1403	21	18	1372	0.9906137184115523	0.9871703492516037	0.977904490377762	0.9511219938014047	0.9598862
KP013181	1422	7110	Comamonadaceae	Polaromonas eurypsychrophila	U14585	1440	7182	Comamonadaceae	Polaromonas vacuolata	6836.0	1420	7	2	1390	0.9802538787023978	0.9985915492957746	0.9788732394366197	0.9726995469664519	0.96146274
KP013181	1422	7110	Comamonadaceae	Polaromonas eurypsychrophila	HM583568	1489	7445	Comamonadaceae	Polaromonas glacialis	6799.0	1422	33	23	1387	0.9914224446032881	0.9838255977496484	0.9753867791842475	0.937846119641761	0.9562588
AM039830	1406	7030	Comamonadaceae	Polaromonas aquatica	U14585	1440	7182	Comamonadaceae	Polaromonas vacuolata	6730.0	1406	17	18	1369	0.9863112391930836	0.9879003558718861	0.9736842105263158	0.9497355475829419	0.95732576
AM039830	1406	7030	Comamonadaceae	Polaromonas aquatica	HM583568	1489	7445	Comamonadaceae	Polaromonas glacialis	6771.0	1406	17	13	1377	0.9885139985642498	0.9907539118065434	0.9793741109530584	0.9587267298366903	0.9631579
U14585	1440	7182	Comamonadaceae	Polaromonas vacuolata	HM583568	1489	7445	Comamonadaceae	Polaromonas glacialis	6866.0	1440	18	13	1401	0.9817799579537492	0.9909722222222223	0.9729166666666667	0.9522305098308184	0.9560011
