AB695286	1389	6945	Flavobacteriaceae	Polaribacter porphyrae	KC793205	1481	7405	Flavobacteriaceae	Polaribacter huanghezhanensis	6293.0	1389	49	49	1312	0.9791044776119403	0.9647228221742261	0.9445644348452124	0.8801921715525622	0.9061195
AB695286	1389	6945	Flavobacteriaceae	Polaribacter porphyrae	HQ891656	1393	6965	Flavobacteriaceae	Polaribacter reichenbachii	6595.0	1379	20	20	1344	0.9889624724061811	0.9854967367657723	0.9746192893401016	0.9467531195233724	0.94960403
AB695286	1389	6945	Flavobacteriaceae	Polaribacter porphyrae	KX450477	1442	7210	Flavobacteriaceae	Polaribacter haliotis	6558.0	1389	32	32	1343	0.9896831245394252	0.9769618430525558	0.9668826493880489	0.9233355068399594	0.94427645
AB695286	1389	6945	Flavobacteriaceae	Polaribacter porphyrae	KR080701	1479	7395	Flavobacteriaceae	Polaribacter marinaquae	6572.0	1389	21	23	1345	0.9846266471449487	0.9848594087959625	0.9683225341972642	0.9381053771017468	0.9462923
AB695286	1389	6945	Flavobacteriaceae	Polaribacter porphyrae	KX982846	1440	7200	Flavobacteriaceae	Polaribacter litorisediminis	6457.0	1389	36	38	1331	0.9851961509992598	0.9740447007930786	0.9582433405327574	0.9084819319717581	0.92973363
AB695286	1389	6945	Flavobacteriaceae	Polaribacter porphyrae	U73726	1360	6788	Flavobacteriaceae	Polaribacter filamentus	6111.0	1334	33	35	1268	0.9761354888375674	0.9752252252252253	0.9505247376311844	0.9032418684586017	0.90026516
AB695286	1389	6945	Flavobacteriaceae	Polaribacter porphyrae	KM017972	1442	7210	Flavobacteriaceae	Polaribacter marinivivus	6637.0	1389	17	17	1353	0.9861516034985423	0.9877609791216703	0.9740820734341252	0.9505267459115361	0.9556515
AB695286	1389	6945	Flavobacteriaceae	Polaribacter porphyrae	FJ425213	1434	7170	Flavobacteriaceae	Polaribacter gangjinensis	6417.0	1389	31	37	1326	0.9807692307692307	0.9775849602313811	0.9546436285097192	0.9089282998205214	0.9239741
AB695286	1389	6945	Flavobacteriaceae	Polaribacter porphyrae	DQ004686	1475	7375	Flavobacteriaceae	Polaribacter dokdonensis	6553.0	1389	28	28	1343	0.9867744305657604	0.9798416126709864	0.9668826493880489	0.9286713379090575	0.9435565
AB695286	1389	6945	Flavobacteriaceae	Polaribacter porphyrae	AY189722	1433	7165	Flavobacteriaceae	Polaribacter butkevichii	6436.0	1389	37	37	1329	0.9829881656804734	0.9733621310295176	0.9568034557235421	0.907151663491044	0.9267099
AB695286	1389	6945	Flavobacteriaceae	Polaribacter porphyrae	KC878325	1440	7200	Flavobacteriaceae	Polaribacter atrinae	6479.0	1389	36	38	1333	0.9866765358993338	0.9740447007930786	0.9596832253419726	0.909847043815442	0.9329014
AB695286	1389	6945	Flavobacteriaceae	Polaribacter porphyrae	M61002	1468	7268	Flavobacteriaceae	Polaribacter irgensii	6356.0	1389	34	36	1318	0.9741315594974131	0.9754866618601298	0.9488840892728582	0.9022067271863508	0.91519076
AB695286	1389	6945	Flavobacteriaceae	Polaribacter porphyrae	HQ853596	1382	6910	Flavobacteriaceae	Polaribacter sejongensis	6421.0	1384	32	34	1325	0.9814814814814815	0.9768451519536903	0.9573699421965318	0.9127467669246595	0.929233
AB695286	1389	6945	Flavobacteriaceae	Polaribacter porphyrae	U14586	1440	7200	Flavobacteriaceae	Polaribacter franzmannii	6399.0	1389	32	34	1325	0.977859778597786	0.976928622927181	0.9539236861051116	0.9096175894950219	0.9213823
AB695286	1389	6945	Flavobacteriaceae	Polaribacter porphyrae	KT355267	1439	7195	Flavobacteriaceae	Polaribacter vadi	6536.0	1389	29	31	1340	0.9867452135493373	0.9790915645277577	0.9647228221742261	0.923902392463046	0.9411087
AB695286	1389	6945	Flavobacteriaceae	Polaribacter porphyrae	KJ728849	1462	7310	Flavobacteriaceae	Polaribacter lacunae	6455.0	1389	37	35	1332	0.983751846381093	0.9748020158387329	0.958963282937365	0.9105443794510465	0.9294456
AB695286	1389	6945	Flavobacteriaceae	Polaribacter porphyrae	KM458974	1440	7200	Flavobacteriaceae	Polaribacter undariae	6396.0	1389	38	40	1323	0.9807264640474426	0.9726027397260274	0.9524838012958964	0.9004209165719441	0.92095035
KC793205	1481	7405	Flavobacteriaceae	Polaribacter huanghezhanensis	HQ891656	1393	6965	Flavobacteriaceae	Polaribacter reichenbachii	6375.0	1393	42	42	1324	0.9800148038490007	0.9698492462311558	0.9504666188083274	0.8948295484390594	0.9152907
KC793205	1481	7405	Flavobacteriaceae	Polaribacter huanghezhanensis	KX450477	1442	7210	Flavobacteriaceae	Polaribacter haliotis	6606.0	1442	44	44	1371	0.98068669527897	0.9694868238557559	0.9507628294036061	0.894459243274725	0.91622746
KC793205	1481	7405	Flavobacteriaceae	Polaribacter huanghezhanensis	KR080701	1479	7395	Flavobacteriaceae	Polaribacter marinaquae	6844.0	1481	41	43	1414	0.9833101529902643	0.9722785665990534	0.9547602970965564	0.902066561908573	0.9254902
KC793205	1481	7405	Flavobacteriaceae	Polaribacter huanghezhanensis	KX982846	1440	7200	Flavobacteriaceae	Polaribacter litorisediminis	6625.0	1442	38	40	1373	0.9793152639087018	0.9736111111111111	0.9521497919556172	0.90196892454174	0.9201389
KC793205	1481	7405	Flavobacteriaceae	Polaribacter huanghezhanensis	U73726	1360	6788	Flavobacteriaceae	Polaribacter filamentus	6086.0	1362	41	43	1276	0.9673995451099318	0.9698529411764706	0.9368575624082232	0.8807663042169968	0.8965822
KC793205	1481	7405	Flavobacteriaceae	Polaribacter huanghezhanensis	KM017972	1442	7210	Flavobacteriaceae	Polaribacter marinivivus	6670.0	1442	41	41	1378	0.9835831548893648	0.9715672676837726	0.955617198335645	0.9027779466407544	0.925104
KC793205	1481	7405	Flavobacteriaceae	Polaribacter huanghezhanensis	FJ425213	1434	7170	Flavobacteriaceae	Polaribacter gangjinensis	6491.0	1440	50	56	1355	0.9790462427745664	0.9651324965132496	0.9409722222222222	0.8740305741983594	0.90529984
KC793205	1481	7405	Flavobacteriaceae	Polaribacter huanghezhanensis	DQ004686	1475	7375	Flavobacteriaceae	Polaribacter dokdonensis	6773.0	1461	48	43	1399	0.9866008462623413	0.9705681040383299	0.9575633127994524	0.899817612690274	0.91837287
KC793205	1481	7405	Flavobacteriaceae	Polaribacter huanghezhanensis	AY189722	1433	7165	Flavobacteriaceae	Polaribacter butkevichii	6565.0	1433	36	36	1363	0.9756621331424481	0.9748778785764132	0.9511514305652478	0.9045327083047319	0.9162596
KC793205	1481	7405	Flavobacteriaceae	Polaribacter huanghezhanensis	KC878325	1440	7200	Flavobacteriaceae	Polaribacter atrinae	6590.0	1442	36	38	1369	0.9750712250712251	0.975	0.949375866851595	0.9018428396885246	0.9152778
KC793205	1481	7405	Flavobacteriaceae	Polaribacter huanghezhanensis	M61002	1468	7268	Flavobacteriaceae	Polaribacter irgensii	6602.0	1461	47	49	1375	0.9737960339943342	0.9677861549006168	0.9411362080766599	0.881223027721647	0.9083654
KC793205	1481	7405	Flavobacteriaceae	Polaribacter huanghezhanensis	HQ853596	1382	6910	Flavobacteriaceae	Polaribacter sejongensis	6288.0	1384	42	44	1309	0.9768656716417911	0.9696092619392185	0.9458092485549133	0.8887688590908723	0.90998554
KC793205	1481	7405	Flavobacteriaceae	Polaribacter huanghezhanensis	U14586	1440	7200	Flavobacteriaceae	Polaribacter franzmannii	6511.0	1442	38	40	1360	0.9700427960057061	0.9736111111111111	0.9431345353675451	0.8934287963414177	0.9043056
KC793205	1481	7405	Flavobacteriaceae	Polaribacter huanghezhanensis	KT355267	1439	7195	Flavobacteriaceae	Polaribacter vadi	6509.0	1441	53	55	1358	0.9797979797979798	0.9631688672689368	0.9424011103400416	0.8742757288696771	0.904656
KC793205	1481	7405	Flavobacteriaceae	Polaribacter huanghezhanensis	KJ728849	1462	7310	Flavobacteriaceae	Polaribacter lacunae	6990.0	1460	19	17	1425	0.9875259875259875	0.9883561643835617	0.976027397260274	0.9522701380977521	0.9562243
KC793205	1481	7405	Flavobacteriaceae	Polaribacter huanghezhanensis	KM458974	1440	7200	Flavobacteriaceae	Polaribacter undariae	6543.0	1442	48	50	1362	0.978448275862069	0.9666666666666667	0.9445214979195562	0.882398607452364	0.90875
HQ891656	1393	6965	Flavobacteriaceae	Polaribacter reichenbachii	KX450477	1442	7210	Flavobacteriaceae	Polaribacter haliotis	6659.0	1393	18	18	1358	0.9876363636363636	0.9870782483847811	0.9748743718592965	0.9500016026268835	0.9560661
HQ891656	1393	6965	Flavobacteriaceae	Polaribacter reichenbachii	KR080701	1479	7395	Flavobacteriaceae	Polaribacter marinaquae	6748.0	1393	10	12	1368	0.9905865314989138	0.9928109273903667	0.9820531227566404	0.966653857823892	0.96884423
HQ891656	1393	6965	Flavobacteriaceae	Polaribacter reichenbachii	KX982846	1440	7200	Flavobacteriaceae	Polaribacter litorisediminis	6623.0	1393	21	23	1353	0.9875912408759124	0.9849029475197699	0.9712849964106246	0.9410611351361781	0.95089734
HQ891656	1393	6965	Flavobacteriaceae	Polaribacter reichenbachii	U73726	1360	6788	Flavobacteriaceae	Polaribacter filamentus	6138.0	1324	19	21	1268	0.9731389102072141	0.9856278366111951	0.9577039274924471	0.9291796109625157	0.90424275
HQ891656	1393	6965	Flavobacteriaceae	Polaribacter reichenbachii	KM017972	1442	7210	Flavobacteriaceae	Polaribacter marinivivus	6599.0	1392	23	22	1350	0.9854014598540146	0.9841954022988506	0.9698275862068966	0.9389850127939564	0.94745153
HQ891656	1393	6965	Flavobacteriaceae	Polaribacter reichenbachii	FJ425213	1434	7170	Flavobacteriaceae	Polaribacter gangjinensis	6458.0	1390	49	31	1335	0.9823399558498896	0.9776978417266187	0.960431654676259	0.9070372610875859	0.92720747
HQ891656	1393	6965	Flavobacteriaceae	Polaribacter reichenbachii	DQ004686	1475	7375	Flavobacteriaceae	Polaribacter dokdonensis	6726.0	1393	10	10	1366	0.987707881417209	0.9928212491026561	0.9806173725771715	0.9666385076794215	0.96568555
HQ891656	1393	6965	Flavobacteriaceae	Polaribacter reichenbachii	AY189722	1433	7165	Flavobacteriaceae	Polaribacter butkevichii	6581.0	1393	26	26	1348	0.986100950987564	0.9813352476669059	0.9676956209619526	0.9322339068745519	0.9448672
HQ891656	1393	6965	Flavobacteriaceae	Polaribacter reichenbachii	KC878325	1440	7200	Flavobacteriaceae	Polaribacter atrinae	6643.0	1393	19	21	1355	0.9876093294460642	0.9863407620416966	0.9727207465900933	0.9451649180747932	0.95376885
HQ891656	1393	6965	Flavobacteriaceae	Polaribacter reichenbachii	M61002	1468	7268	Flavobacteriaceae	Polaribacter irgensii	6454.0	1393	23	25	1332	0.9736842105263158	0.9834651329978433	0.9562096195262024	0.9237957341185344	0.9266332
HQ891656	1393	6965	Flavobacteriaceae	Polaribacter reichenbachii	HQ853596	1382	6910	Flavobacteriaceae	Polaribacter sejongensis	6476.0	1374	18	20	1328	0.9807976366322009	0.9868804664723032	0.9665211062590975	0.9401361910020245	0.9371925
HQ891656	1393	6965	Flavobacteriaceae	Polaribacter reichenbachii	U14586	1440	7200	Flavobacteriaceae	Polaribacter franzmannii	6495.0	1393	18	20	1339	0.9752367079388201	0.98705966930266	0.9612347451543432	0.9353474876661326	0.93251973
HQ891656	1393	6965	Flavobacteriaceae	Polaribacter reichenbachii	KT355267	1439	7195	Flavobacteriaceae	Polaribacter vadi	6725.0	1393	11	13	1365	0.9891304347826086	0.9920920201294033	0.9798994974874372	0.9631490787269682	0.965542
HQ891656	1393	6965	Flavobacteriaceae	Polaribacter reichenbachii	KJ728849	1462	7310	Flavobacteriaceae	Polaribacter lacunae	6449.0	1393	37	35	1333	0.9815905743740795	0.9748743718592965	0.9569274946159368	0.9087465298520575	0.9259153
HQ891656	1393	6965	Flavobacteriaceae	Polaribacter reichenbachii	KM458974	1440	7200	Flavobacteriaceae	Polaribacter undariae	6511.0	1393	24	26	1339	0.9795171909290417	0.98274622573688	0.9612347451543432	0.9273167936668928	0.93481696
KX450477	1442	7210	Flavobacteriaceae	Polaribacter haliotis	KR080701	1479	7395	Flavobacteriaceae	Polaribacter marinaquae	6950.0	1442	9	11	1412	0.986722571628232	0.99375	0.9791955617198336	0.9656987242047428	0.96393895
KX450477	1442	7210	Flavobacteriaceae	Polaribacter haliotis	KX982846	1440	7200	Flavobacteriaceae	Polaribacter litorisediminis	7010.0	1442	14	16	1418	0.9943899018232819	0.9902777777777778	0.9833564493758669	0.9630949840727927	0.9736111
KX450477	1442	7210	Flavobacteriaceae	Polaribacter haliotis	U73726	1360	6788	Flavobacteriaceae	Polaribacter filamentus	6366.0	1362	27	29	1309	0.9819954988747187	0.9801470588235294	0.9610866372980911	0.9223387239153026	0.93783146
KX450477	1442	7210	Flavobacteriaceae	Polaribacter haliotis	KM017972	1442	7210	Flavobacteriaceae	Polaribacter marinivivus	6775.0	1442	24	24	1392	0.9816643159379408	0.9833564493758669	0.9653259361997226	0.9337190842641246	0.9396671
KX450477	1442	7210	Flavobacteriaceae	Polaribacter haliotis	FJ425213	1434	7170	Flavobacteriaceae	Polaribacter gangjinensis	6627.0	1426	30	36	1366	0.9827338129496402	0.9788732394366197	0.9579242636746143	0.9145018726014518	0.92426777
KX450477	1442	7210	Flavobacteriaceae	Polaribacter haliotis	DQ004686	1475	7375	Flavobacteriaceae	Polaribacter dokdonensis	6917.0	1442	17	17	1408	0.9880701754385965	0.9882108183079057	0.9764216366158114	0.9536674655089316	0.959362
KX450477	1442	7210	Flavobacteriaceae	Polaribacter haliotis	AY189722	1433	7165	Flavobacteriaceae	Polaribacter butkevichii	6792.0	1433	30	30	1389	0.9900213827512473	0.9790648988136776	0.9692951849267272	0.9295428191744348	0.94794136
KX450477	1442	7210	Flavobacteriaceae	Polaribacter haliotis	KC878325	1440	7200	Flavobacteriaceae	Polaribacter atrinae	6922.0	1442	18	20	1408	0.9901547116736991	0.9875	0.9764216366158114	0.9510079227860848	0.9613889
KX450477	1442	7210	Flavobacteriaceae	Polaribacter haliotis	M61002	1468	7268	Flavobacteriaceae	Polaribacter irgensii	6761.0	1441	20	22	1387	0.9774489076814659	0.9861014593467686	0.9625260235947258	0.9348558709657194	0.93772537
KX450477	1442	7210	Flavobacteriaceae	Polaribacter haliotis	HQ853596	1382	6910	Flavobacteriaceae	Polaribacter sejongensis	6554.0	1384	21	23	1341	0.9853049228508449	0.9848046309696092	0.9689306358381503	0.9385869006232901	0.9484805
KX450477	1442	7210	Flavobacteriaceae	Polaribacter haliotis	U14586	1440	7200	Flavobacteriaceae	Polaribacter franzmannii	6775.0	1442	25	27	1391	0.9830388692579505	0.9826388888888888	0.9646324549237171	0.9304396208023584	0.9409722
KX450477	1442	7210	Flavobacteriaceae	Polaribacter haliotis	KT355267	1439	7195	Flavobacteriaceae	Polaribacter vadi	6880.0	1439	19	21	1402	0.9887165021156559	0.9867780097425192	0.9742876997915219	0.9475582704419602	0.9562196
KX450477	1442	7210	Flavobacteriaceae	Polaribacter haliotis	KJ728849	1462	7310	Flavobacteriaceae	Polaribacter lacunae	6629.0	1442	44	42	1374	0.9814285714285714	0.970873786407767	0.9528432732316228	0.897698911523736	0.9194175
KX450477	1442	7210	Flavobacteriaceae	Polaribacter haliotis	KM458974	1440	7200	Flavobacteriaceae	Polaribacter undariae	6795.0	1442	26	28	1393	0.9851485148514851	0.9819444444444444	0.9660194174757282	0.9304846432634056	0.94375
KR080701	1479	7395	Flavobacteriaceae	Polaribacter marinaquae	KX982846	1440	7200	Flavobacteriaceae	Polaribacter litorisediminis	6915.0	1440	14	14	1407	0.9866760168302945	0.9902777777777778	0.9770833333333333	0.9582674232003667	0.9604167
KR080701	1479	7395	Flavobacteriaceae	Polaribacter marinaquae	U73726	1360	6788	Flavobacteriaceae	Polaribacter filamentus	6291.0	1360	23	23	1301	0.9730740463724757	0.9830882352941176	0.9566176470588236	0.9247995619071924	0.92678255
KR080701	1479	7395	Flavobacteriaceae	Polaribacter marinaquae	KM017972	1442	7210	Flavobacteriaceae	Polaribacter marinivivus	6824.0	1440	23	21	1397	0.9844961240310077	0.9854166666666667	0.9701388888888889	0.9409617794486216	0.9464632
KR080701	1479	7395	Flavobacteriaceae	Polaribacter marinaquae	FJ425213	1434	7170	Flavobacteriaceae	Polaribacter gangjinensis	6634.0	1438	32	36	1372	0.978601997146933	0.9776847977684798	0.9541029207232267	0.9099675475197033	0.9252441
KR080701	1479	7395	Flavobacteriaceae	Polaribacter marinaquae	DQ004686	1475	7375	Flavobacteriaceae	Polaribacter dokdonensis	7046.0	1459	16	9	1432	0.9875862068965517	0.9938313913639479	0.9814941740918437	0.9648586796157107	0.95538986
KR080701	1479	7395	Flavobacteriaceae	Polaribacter marinaquae	AY189722	1433	7165	Flavobacteriaceae	Polaribacter butkevichii	6748.0	1431	26	24	1384	0.9836531627576404	0.9832285115303984	0.9671558350803634	0.9339658613301792	0.9418004
KR080701	1479	7395	Flavobacteriaceae	Polaribacter marinaquae	KC878325	1440	7200	Flavobacteriaceae	Polaribacter atrinae	6844.0	1440	18	18	1399	0.9838255977496484	0.9875	0.9715277777777778	0.9475394375857339	0.95055556
KR080701	1479	7395	Flavobacteriaceae	Polaribacter marinaquae	M61002	1468	7268	Flavobacteriaceae	Polaribacter irgensii	6859.0	1459	16	16	1407	0.975051975051975	0.9890335846470185	0.9643591501028101	0.9434374600666814	0.94372594
KR080701	1479	7395	Flavobacteriaceae	Polaribacter marinaquae	HQ853596	1382	6910	Flavobacteriaceae	Polaribacter sejongensis	6475.0	1382	20	20	1332	0.9779735682819384	0.9855282199710564	0.9638205499276411	0.9363221034247127	0.9370478
KR080701	1479	7395	Flavobacteriaceae	Polaribacter marinaquae	U14586	1440	7200	Flavobacteriaceae	Polaribacter franzmannii	6728.0	1440	19	19	1386	0.9753694581280788	0.9868055555555556	0.9625	0.937431459904044	0.9344444
KR080701	1479	7395	Flavobacteriaceae	Polaribacter marinaquae	KT355267	1439	7195	Flavobacteriaceae	Polaribacter vadi	6870.0	1439	14	14	1402	0.983859649122807	0.990271021542738	0.9742876997915219	0.9555127131472255	0.95482975
KR080701	1479	7395	Flavobacteriaceae	Polaribacter marinaquae	KJ728849	1462	7310	Flavobacteriaceae	Polaribacter lacunae	6698.0	1458	44	40	1389	0.9795486600846263	0.9725651577503429	0.9526748971193416	0.8993961412218552	0.9162791
KR080701	1479	7395	Flavobacteriaceae	Polaribacter marinaquae	KM458974	1440	7200	Flavobacteriaceae	Polaribacter undariae	6744.0	1440	23	23	1387	0.9788285109386027	0.9840277777777777	0.9631944444444445	0.9329094516594516	0.93666667
KX982846	1440	7200	Flavobacteriaceae	Polaribacter litorisediminis	U73726	1360	6788	Flavobacteriaceae	Polaribacter filamentus	6289.0	1360	34	34	1299	0.9796380090497737	0.975	0.9551470588235295	0.9085545193687231	0.9264879
KX982846	1440	7200	Flavobacteriaceae	Polaribacter litorisediminis	KM017972	1442	7210	Flavobacteriaceae	Polaribacter marinivivus	6726.0	1440	33	31	1385	0.9829666430092264	0.9784722222222222	0.9618055555555556	0.9200163121369843	0.93416667
KX982846	1440	7200	Flavobacteriaceae	Polaribacter litorisediminis	FJ425213	1434	7170	Flavobacteriaceae	Polaribacter gangjinensis	6558.0	1424	43	47	1356	0.9847494553376906	0.969718309859155	0.952247191011236	0.8938271179430619	0.91464436
KX982846	1440	7200	Flavobacteriaceae	Polaribacter litorisediminis	DQ004686	1475	7375	Flavobacteriaceae	Polaribacter dokdonensis	6921.0	1440	18	16	1408	0.9887640449438202	0.9888888888888889	0.9777777777777777	0.9549763755525073	0.96125
KX982846	1440	7200	Flavobacteriaceae	Polaribacter litorisediminis	AY189722	1433	7165	Flavobacteriaceae	Polaribacter butkevichii	6802.0	1431	27	25	1390	0.9886201991465149	0.9825296995108316	0.9713487071977638	0.9367052690809711	0.94933707
KX982846	1440	7200	Flavobacteriaceae	Polaribacter litorisediminis	KC878325	1440	7200	Flavobacteriaceae	Polaribacter atrinae	6934.0	1440	18	18	1409	0.990857946554149	0.9875	0.9784722222222222	0.954312414266118	0.96305555
KX982846	1440	7200	Flavobacteriaceae	Polaribacter litorisediminis	M61002	1468	7268	Flavobacteriaceae	Polaribacter irgensii	6776.0	1439	19	19	1388	0.9774647887323944	0.9867963863794301	0.9645587213342599	0.9394193307919404	0.9411111
KX982846	1440	7200	Flavobacteriaceae	Polaribacter litorisediminis	HQ853596	1382	6910	Flavobacteriaceae	Polaribacter sejongensis	6533.0	1382	23	23	1338	0.9845474613686535	0.983357452966715	0.9681620839363242	0.9364642505832489	0.94544137
KX982846	1440	7200	Flavobacteriaceae	Polaribacter litorisediminis	U14586	1440	7200	Flavobacteriaceae	Polaribacter franzmannii	6751.0	1440	24	24	1388	0.980225988700565	0.9833333333333333	0.9638888888888889	0.9322859744990893	0.9376389
KX982846	1440	7200	Flavobacteriaceae	Polaribacter litorisediminis	KT355267	1439	7195	Flavobacteriaceae	Polaribacter vadi	6858.0	1437	24	24	1398	0.9893842887473461	0.9832985386221295	0.9728601252609603	0.9408975749443784	0.9531619
KX982846	1440	7200	Flavobacteriaceae	Polaribacter litorisediminis	KJ728849	1462	7310	Flavobacteriaceae	Polaribacter lacunae	6630.0	1440	40	36	1374	0.9786324786324786	0.975	0.9541666666666667	0.9051689189189189	0.92083335
KX982846	1440	7200	Flavobacteriaceae	Polaribacter litorisediminis	KM458974	1440	7200	Flavobacteriaceae	Polaribacter undariae	6791.0	1440	25	25	1392	0.9837455830388693	0.9826388888888888	0.9666666666666667	0.933674630261661	0.94319445
U73726	1360	6788	Flavobacteriaceae	Polaribacter filamentus	KM017972	1442	7210	Flavobacteriaceae	Polaribacter marinivivus	6264.0	1360	31	29	1298	0.9752066115702479	0.9786764705882353	0.9544117647058824	0.913243751850129	0.92280495
U73726	1360	6788	Flavobacteriaceae	Polaribacter filamentus	FJ425213	1434	7170	Flavobacteriaceae	Polaribacter gangjinensis	6148.0	1344	39	43	1275	0.9800153727901614	0.9708955223880597	0.9486607142857143	0.8924132966635677	0.90571594
U73726	1360	6788	Flavobacteriaceae	Polaribacter filamentus	DQ004686	1475	7375	Flavobacteriaceae	Polaribacter dokdonensis	6355.0	1360	24	22	1308	0.9775784753363229	0.9838235294117647	0.961764705882353	0.9297985379122748	0.936211
U73726	1360	6788	Flavobacteriaceae	Polaribacter filamentus	AY189722	1433	7165	Flavobacteriaceae	Polaribacter butkevichii	6380.0	1354	27	25	1308	0.9841986455981941	0.981536189069424	0.96602658788774	0.9296519444625679	0.9398939
U73726	1360	6788	Flavobacteriaceae	Polaribacter filamentus	KC878325	1440	7200	Flavobacteriaceae	Polaribacter atrinae	6396.0	1360	26	26	1312	0.9835082458770614	0.9808823529411764	0.9647058823529412	0.928512010864952	0.942251
U73726	1360	6788	Flavobacteriaceae	Polaribacter filamentus	M61002	1468	7268	Flavobacteriaceae	Polaribacter irgensii	6411.0	1360	22	22	1312	0.9805680119581465	0.9838235294117647	0.9647058823529412	0.9339916574444539	0.9444608
U73726	1360	6788	Flavobacteriaceae	Polaribacter filamentus	HQ853596	1382	6910	Flavobacteriaceae	Polaribacter sejongensis	6274.0	1332	24	24	1286	0.9831804281345565	0.9819819819819819	0.9654654654654654	0.9312896967764225	0.92427814
U73726	1360	6788	Flavobacteriaceae	Polaribacter filamentus	U14586	1440	7200	Flavobacteriaceae	Polaribacter franzmannii	6544.0	1360	11	11	1330	0.9859154929577465	0.9919117647058824	0.9779411764705882	0.9622484661260565	0.9640542
U73726	1360	6788	Flavobacteriaceae	Polaribacter filamentus	KT355267	1439	7195	Flavobacteriaceae	Polaribacter vadi	6350.0	1360	20	20	1308	0.9761194029850746	0.9852941176470589	0.961764705882353	0.9338874680306906	0.9354744
U73726	1360	6788	Flavobacteriaceae	Polaribacter filamentus	KJ728849	1462	7310	Flavobacteriaceae	Polaribacter lacunae	6165.0	1360	42	38	1285	0.9720121028744326	0.9720588235294118	0.9448529411764706	0.8909383653604095	0.9082204
U73726	1360	6788	Flavobacteriaceae	Polaribacter filamentus	KM458974	1440	7200	Flavobacteriaceae	Polaribacter undariae	6355.0	1360	27	27	1307	0.9804951237809453	0.9801470588235294	0.9610294117647059	0.923613702871199	0.936211
KM017972	1442	7210	Flavobacteriaceae	Polaribacter marinivivus	FJ425213	1434	7170	Flavobacteriaceae	Polaribacter gangjinensis	6651.0	1426	28	34	1369	0.9834770114942529	0.9802816901408451	0.9600280504908836	0.9190915036336382	0.92761505
KM017972	1442	7210	Flavobacteriaceae	Polaribacter marinivivus	DQ004686	1475	7375	Flavobacteriaceae	Polaribacter dokdonensis	6873.0	1442	22	22	1403	0.9880281690140845	0.984743411927878	0.9729542302357836	0.9437124364308831	0.95325935
KM017972	1442	7210	Flavobacteriaceae	Polaribacter marinivivus	AY189722	1433	7165	Flavobacteriaceae	Polaribacter butkevichii	6649.0	1433	38	38	1372	0.9835125448028674	0.9734822051639916	0.9574319609211445	0.9079657277260342	0.9279832
KM017972	1442	7210	Flavobacteriaceae	Polaribacter marinivivus	KC878325	1440	7200	Flavobacteriaceae	Polaribacter atrinae	6717.0	1442	30	32	1384	0.9815602836879432	0.9791666666666666	0.9597780859916782	0.9193526503045287	0.93291664
KM017972	1442	7210	Flavobacteriaceae	Polaribacter marinivivus	M61002	1468	7268	Flavobacteriaceae	Polaribacter irgensii	6629.0	1441	29	31	1372	0.9730496453900709	0.9798471160528145	0.952116585704372	0.9132546842470507	0.9194175
KM017972	1442	7210	Flavobacteriaceae	Polaribacter marinivivus	HQ853596	1382	6910	Flavobacteriaceae	Polaribacter sejongensis	6444.0	1384	30	32	1328	0.9822485207100592	0.9782923299565847	0.9595375722543352	0.9174644962431834	0.9325615
KM017972	1442	7210	Flavobacteriaceae	Polaribacter marinivivus	U14586	1440	7200	Flavobacteriaceae	Polaribacter franzmannii	6674.0	1442	26	28	1380	0.9759547383309759	0.9819444444444444	0.957004160887656	0.9218010105552763	0.92694443
KM017972	1442	7210	Flavobacteriaceae	Polaribacter marinivivus	KT355267	1439	7195	Flavobacteriaceae	Polaribacter vadi	6758.0	1439	22	24	1388	0.9809187279151943	0.9846903270702854	0.9645587213342599	0.9341893160081983	0.9392634
KM017972	1442	7210	Flavobacteriaceae	Polaribacter marinivivus	KJ728849	1462	7310	Flavobacteriaceae	Polaribacter lacunae	6752.0	1442	33	31	1389	0.9844082211197732	0.978502080443828	0.963245492371706	0.9214504337196455	0.9364771
KM017972	1442	7210	Flavobacteriaceae	Polaribacter marinivivus	KM458974	1440	7200	Flavobacteriaceae	Polaribacter undariae	6709.0	1442	30	32	1383	0.9808510638297873	0.9791666666666666	0.9590846047156727	0.918688378158355	0.93180555
FJ425213	1434	7170	Flavobacteriaceae	Polaribacter gangjinensis	DQ004686	1475	7375	Flavobacteriaceae	Polaribacter dokdonensis	6667.0	1434	39	33	1376	0.9821556031406139	0.9769874476987448	0.9595536959553695	0.912650867639832	0.9298466
FJ425213	1434	7170	Flavobacteriaceae	Polaribacter gangjinensis	AY189722	1433	7165	Flavobacteriaceae	Polaribacter butkevichii	6499.0	1417	51	45	1348	0.9825072886297376	0.9682427664079041	0.9513055751587862	0.8890948563473126	0.90704817
FJ425213	1434	7170	Flavobacteriaceae	Polaribacter gangjinensis	KC878325	1440	7200	Flavobacteriaceae	Polaribacter atrinae	6525.0	1420	47	43	1352	0.9818445896877269	0.969718309859155	0.952112676056338	0.8937008554393846	0.91004187
FJ425213	1434	7170	Flavobacteriaceae	Polaribacter gangjinensis	M61002	1468	7268	Flavobacteriaceae	Polaribacter irgensii	6424.0	1419	45	41	1339	0.9716981132075472	0.971106412966878	0.9436222692036645	0.8881909063952526	0.8959554
FJ425213	1434	7170	Flavobacteriaceae	Polaribacter gangjinensis	HQ853596	1382	6910	Flavobacteriaceae	Polaribacter sejongensis	6323.0	1378	48	44	1311	0.9827586206896551	0.9680696661828737	0.951378809869376	0.8899995318132872	0.9150506
FJ425213	1434	7170	Flavobacteriaceae	Polaribacter gangjinensis	U14586	1440	7200	Flavobacteriaceae	Polaribacter franzmannii	6502.0	1420	40	36	1351	0.9761560693641619	0.9746478873239437	0.9514084507042253	0.9018830792977041	0.906834
FJ425213	1434	7170	Flavobacteriaceae	Polaribacter gangjinensis	KT355267	1439	7195	Flavobacteriaceae	Polaribacter vadi	6603.0	1417	35	31	1361	0.9819624819624819	0.9781227946365562	0.9604798870853917	0.916821710399692	0.9209205
FJ425213	1434	7170	Flavobacteriaceae	Polaribacter gangjinensis	KJ728849	1462	7310	Flavobacteriaceae	Polaribacter lacunae	6522.0	1428	52	44	1357	0.9804913294797688	0.969187675070028	0.9502801120448179	0.8886403209932622	0.90962344
FJ425213	1434	7170	Flavobacteriaceae	Polaribacter gangjinensis	KM458974	1440	7200	Flavobacteriaceae	Polaribacter undariae	6522.0	1420	44	40	1352	0.9797101449275363	0.971830985915493	0.952112676056338	0.89748326021704	0.90962344
DQ004686	1475	7375	Flavobacteriaceae	Polaribacter dokdonensis	AY189722	1433	7165	Flavobacteriaceae	Polaribacter butkevichii	6794.0	1433	23	23	1390	0.9858156028368794	0.9839497557571528	0.9699930216329379	0.9393476377077215	0.9482205
DQ004686	1475	7375	Flavobacteriaceae	Polaribacter dokdonensis	KC878325	1440	7200	Flavobacteriaceae	Polaribacter atrinae	6837.0	1442	21	23	1398	0.985200845665962	0.9854166666666667	0.9694868238557559	0.9403293253939287	0.94958335
DQ004686	1475	7375	Flavobacteriaceae	Polaribacter dokdonensis	M61002	1468	7268	Flavobacteriaceae	Polaribacter irgensii	6733.0	1441	19	21	1384	0.9746478873239437	0.9867963863794301	0.9604441360166551	0.9341305980435961	0.92638963
DQ004686	1475	7375	Flavobacteriaceae	Polaribacter dokdonensis	HQ853596	1382	6910	Flavobacteriaceae	Polaribacter sejongensis	6536.0	1384	18	20	1339	0.9816715542521994	0.9869753979739508	0.9674855491329479	0.9412626883147939	0.9458755
DQ004686	1475	7375	Flavobacteriaceae	Polaribacter dokdonensis	U14586	1440	7200	Flavobacteriaceae	Polaribacter franzmannii	6810.0	1442	14	16	1396	0.9789621318373072	0.9902777777777778	0.9680998613037448	0.9481527487768819	0.9458333
DQ004686	1475	7375	Flavobacteriaceae	Polaribacter dokdonensis	KT355267	1439	7195	Flavobacteriaceae	Polaribacter vadi	6914.0	1439	11	13	1406	0.9859747545582047	0.9923451635351427	0.9770674079221682	0.9608952577220771	0.9609451
DQ004686	1475	7375	Flavobacteriaceae	Polaribacter dokdonensis	KJ728849	1462	7310	Flavobacteriaceae	Polaribacter lacunae	6742.0	1450	41	39	1390	0.9851169383416017	0.973103448275862	0.9586206896551724	0.9071856425911794	0.9222982
DQ004686	1475	7375	Flavobacteriaceae	Polaribacter dokdonensis	KM458974	1440	7200	Flavobacteriaceae	Polaribacter undariae	6810.0	1442	19	21	1395	0.9817030260380014	0.9868055555555556	0.9674063800277393	0.9409202368373836	0.9458333
AY189722	1433	7165	Flavobacteriaceae	Polaribacter butkevichii	KC878325	1440	7200	Flavobacteriaceae	Polaribacter atrinae	7001.0	1433	14	16	1413	0.9971771347918137	0.9902166317260657	0.9860432658757851	0.9656000744616362	0.977111
AY189722	1433	7165	Flavobacteriaceae	Polaribacter butkevichii	M61002	1468	7268	Flavobacteriaceae	Polaribacter irgensii	6791.0	1433	21	23	1387	0.9836879432624114	0.9853249475890985	0.9678995115143056	0.9386095675620159	0.9478018
AY189722	1433	7165	Flavobacteriaceae	Polaribacter butkevichii	HQ853596	1382	6910	Flavobacteriaceae	Polaribacter sejongensis	6768.0	1384	8	10	1366	0.9941775836972343	0.9942112879884226	0.9869942196531792	0.9742313633645605	0.97945005
AY189722	1433	7165	Flavobacteriaceae	Polaribacter butkevichii	U14586	1440	7200	Flavobacteriaceae	Polaribacter franzmannii	6808.0	1433	24	26	1391	0.9886282871357498	0.9832285115303984	0.9706908583391486	0.9373795728779561	0.95017445
AY189722	1433	7165	Flavobacteriaceae	Polaribacter butkevichii	KT355267	1439	7195	Flavobacteriaceae	Polaribacter vadi	6800.0	1433	20	22	1390	0.9851169383416017	0.9860237596086653	0.9699930216329379	0.9419546823978496	0.94905794
AY189722	1433	7165	Flavobacteriaceae	Polaribacter butkevichii	KJ728849	1462	7310	Flavobacteriaceae	Polaribacter lacunae	6602.0	1433	39	37	1367	0.9792263610315186	0.9741800418702024	0.9539427773900907	0.904690297035711	0.9214236
AY189722	1433	7165	Flavobacteriaceae	Polaribacter butkevichii	KM458974	1440	7200	Flavobacteriaceae	Polaribacter undariae	6996.0	1433	8	10	1413	0.9929725931131412	0.9944095038434662	0.9860432658757851	0.9737262785157822	0.97641313
KC878325	1440	7200	Flavobacteriaceae	Polaribacter atrinae	M61002	1468	7268	Flavobacteriaceae	Polaribacter irgensii	6817.0	1439	20	20	1393	0.981677237491191	0.9861014593467686	0.9680333564975677	0.9414937168403348	0.94680554
KC878325	1440	7200	Flavobacteriaceae	Polaribacter atrinae	HQ853596	1382	6910	Flavobacteriaceae	Polaribacter sejongensis	6748.0	1382	11	11	1363	0.9941648431801605	0.992040520984081	0.9862518089725036	0.9706756856434332	0.9765557
KC878325	1440	7200	Flavobacteriaceae	Polaribacter atrinae	U14586	1440	7200	Flavobacteriaceae	Polaribacter franzmannii	6799.0	1440	26	26	1393	0.9851485148514851	0.9819444444444444	0.9673611111111111	0.9330481658329544	0.94430554
KC878325	1440	7200	Flavobacteriaceae	Polaribacter atrinae	KT355267	1439	7195	Flavobacteriaceae	Polaribacter vadi	6897.0	1437	19	19	1403	0.9894217207334274	0.9867780097425192	0.97633959638135	0.9508582058164522	0.95858234
KC878325	1440	7200	Flavobacteriaceae	Polaribacter atrinae	KJ728849	1462	7310	Flavobacteriaceae	Polaribacter lacunae	6656.0	1440	34	30	1377	0.9765957446808511	0.9791666666666666	0.95625	0.9147303256445047	0.92444444
KC878325	1440	7200	Flavobacteriaceae	Polaribacter atrinae	KM458974	1440	7200	Flavobacteriaceae	Polaribacter undariae	6982.0	1440	17	17	1414	0.9936753338018272	0.9881944444444445	0.9819444444444444	0.9590301609090215	0.9697222
M61002	1468	7268	Flavobacteriaceae	Polaribacter irgensii	HQ853596	1382	6910	Flavobacteriaceae	Polaribacter sejongensis	6562.0	1382	13	13	1340	0.9788166544923301	0.9905933429811867	0.9696092619392185	0.9515376914657994	0.9496382
M61002	1468	7268	Flavobacteriaceae	Polaribacter irgensii	U14586	1440	7200	Flavobacteriaceae	Polaribacter franzmannii	6751.0	1439	26	26	1385	0.9801840056617127	0.9819318971507992	0.9624739402362752	0.9283110426988784	0.9376389
M61002	1468	7268	Flavobacteriaceae	Polaribacter irgensii	KT355267	1439	7195	Flavobacteriaceae	Polaribacter vadi	6768.0	1439	15	15	1388	0.9747191011235955	0.9895760945100764	0.9645587213342599	0.9446572346492339	0.9406532
M61002	1468	7268	Flavobacteriaceae	Polaribacter irgensii	KJ728849	1462	7310	Flavobacteriaceae	Polaribacter lacunae	6546.0	1449	47	43	1365	0.9708392603129445	0.9703243616287095	0.9420289855072463	0.8853561187320778	0.90066046
M61002	1468	7268	Flavobacteriaceae	Polaribacter irgensii	KM458974	1440	7200	Flavobacteriaceae	Polaribacter undariae	6807.0	1439	17	17	1392	0.9789029535864979	0.9881862404447533	0.9673384294649062	0.944749482623006	0.9454167
HQ853596	1382	6910	Flavobacteriaceae	Polaribacter sejongensis	U14586	1440	7200	Flavobacteriaceae	Polaribacter franzmannii	6509.0	1382	28	28	1335	0.9859675036927622	0.9797395079594791	0.9659913169319826	0.9276257043446131	0.94196814
HQ853596	1382	6910	Flavobacteriaceae	Polaribacter sejongensis	KT355267	1439	7195	Flavobacteriaceae	Polaribacter vadi	6549.0	1382	16	16	1340	0.9809663250366032	0.9884225759768451	0.9696092619392185	0.9474150585185782	0.9477569
HQ853596	1382	6910	Flavobacteriaceae	Polaribacter sejongensis	KJ728849	1462	7310	Flavobacteriaceae	Polaribacter lacunae	6353.0	1382	40	36	1317	0.9784546805349182	0.9739507959479016	0.9529667149059334	0.902034597934871	0.91939217
HQ853596	1382	6910	Flavobacteriaceae	Polaribacter sejongensis	KM458974	1440	7200	Flavobacteriaceae	Polaribacter undariae	6828.0	1382	7	7	1372	0.9978181818181818	0.9949348769898697	0.9927641099855282	0.9827578482578123	0.98813313
U14586	1440	7200	Flavobacteriaceae	Polaribacter franzmannii	KT355267	1439	7195	Flavobacteriaceae	Polaribacter vadi	6731.0	1437	19	19	1385	0.9767277856135402	0.9867780097425192	0.9638135003479471	0.9386590271245804	0.93551075
U14586	1440	7200	Flavobacteriaceae	Polaribacter franzmannii	KJ728849	1462	7310	Flavobacteriaceae	Polaribacter lacunae	6548.0	1440	42	38	1364	0.9728958630527818	0.9736111111111111	0.9472222222222222	0.8960901184585395	0.90944445
U14586	1440	7200	Flavobacteriaceae	Polaribacter franzmannii	KM458974	1440	7200	Flavobacteriaceae	Polaribacter undariae	6776.0	1440	30	30	1390	0.9858156028368794	0.9791666666666666	0.9652777777777778	0.9258786848072563	0.9411111
KT355267	1439	7195	Flavobacteriaceae	Polaribacter vadi	KJ728849	1462	7310	Flavobacteriaceae	Polaribacter lacunae	6620.0	1439	49	45	1371	0.9835007173601148	0.9687282835302293	0.9527449617790132	0.8925581160752315	0.9200834
KT355267	1439	7195	Flavobacteriaceae	Polaribacter vadi	KM458974	1440	7200	Flavobacteriaceae	Polaribacter undariae	6820.0	1437	14	14	1395	0.9803232607167955	0.9902574808629089	0.9707724425887265	0.9520394113051397	0.94788045
KJ728849	1462	7310	Flavobacteriaceae	Polaribacter lacunae	KM458974	1440	7200	Flavobacteriaceae	Polaribacter undariae	6602.0	1444	44	48	1369	0.9806590257879656	0.9694444444444444	0.9480609418282548	0.8894442706937122	0.91694444
