FM208180	1491	7455	Burkholderiaceae	Polynucleobacter acidiphobus	FM208181	1491	7455	Burkholderiaceae	Polynucleobacter difficilis	7281.0	1490	3	3	1471	0.9892400806993947	0.9979865771812081	0.987248322147651	0.983280813820199	0.97665995
FM208180	1491	7455	Burkholderiaceae	Polynucleobacter acidiphobus	AJ550666	1506	7530	Burkholderiaceae	Polynucleobacter sinensis	7202.0	1491	11	11	1462	0.9878378378378379	0.9926224010731053	0.9805499664654594	0.966187716623755	0.966063
FM208180	1491	7455	Burkholderiaceae	Polynucleobacter acidiphobus	AJ879778	1440	7200	Burkholderiaceae	Polynucleobacter wuianus	6929.0	1441	11	13	1409	0.9866946778711485	0.9923558026407228	0.9777931991672449	0.9616313281066292	0.9623611
FM208180	1491	7455	Burkholderiaceae	Polynucleobacter acidiphobus	AJ550654	1506	7530	Burkholderiaceae	Polynucleobacter duraquae	7175.0	1491	11	11	1459	0.9858108108108108	0.9926224010731053	0.9785378940308518	0.9642051152900537	0.9624413
FM208180	1491	7455	Burkholderiaceae	Polynucleobacter acidiphobus	AJ550672	1506	7530	Burkholderiaceae	Polynucleobacter cosmopolitanus	7126.0	1491	19	19	1453	0.9870923913043478	0.9872568745808182	0.9745137491616365	0.9499895620966416	0.95586854
FM208180	1491	7455	Burkholderiaceae	Polynucleobacter acidiphobus	AJ879783	1485	7425	Burkholderiaceae	Polynucleobacter asymbioticus	7149.0	1484	11	11	1453	0.9864222674813307	0.9925876010781671	0.97911051212938	0.9647021969007202	0.9628283
FM208180	1491	7455	Burkholderiaceae	Polynucleobacter acidiphobus	AJ550657	1506	7530	Burkholderiaceae	Polynucleobacter yangtzensis	7176.0	1491	12	12	1459	0.9864773495605138	0.9919517102615694	0.9785378940308518	0.9629125384375448	0.96257544
FM208180	1491	7455	Burkholderiaceae	Polynucleobacter acidiphobus	FM208182	1488	7440	Burkholderiaceae	Polynucleobacter rarus	7045.0	1491	12	16	1443	0.9783050847457627	0.991930060524546	0.9678068410462777	0.9497771726834727	0.9469086
FM208180	1491	7455	Burkholderiaceae	Polynucleobacter acidiphobus	AM397067	1499	7495	Burkholderiaceae	Polynucleobacter necessarius	7139.0	1491	12	12	1455	0.9837728194726166	0.9919517102615694	0.9758551307847082	0.9602726137262697	0.95761234
FM208181	1491	7455	Burkholderiaceae	Polynucleobacter difficilis	AJ550666	1506	7530	Burkholderiaceae	Polynucleobacter sinensis	7264.0	1491	10	10	1469	0.9918973666441594	0.9932930918846412	0.9852448021462106	0.9721169566812378	0.9743796
FM208181	1491	7455	Burkholderiaceae	Polynucleobacter difficilis	AJ879778	1440	7200	Burkholderiaceae	Polynucleobacter wuianus	6996.0	1442	10	12	1417	0.990909090909091	0.9930555555555556	0.9826629680998613	0.9677741352498634	0.9716667
FM208181	1491	7455	Burkholderiaceae	Polynucleobacter difficilis	AJ550654	1506	7530	Burkholderiaceae	Polynucleobacter duraquae	7255.0	1491	10	10	1468	0.9912221471978393	0.9932930918846412	0.9845741113346748	0.9714552024561314	0.97317237
FM208181	1491	7455	Burkholderiaceae	Polynucleobacter difficilis	AJ550672	1506	7530	Burkholderiaceae	Polynucleobacter cosmopolitanus	7201.0	1491	12	12	1462	0.9885057471264368	0.9919517102615694	0.9805499664654594	0.964892481971001	0.9659289
FM208181	1491	7455	Burkholderiaceae	Polynucleobacter difficilis	AJ879783	1485	7425	Burkholderiaceae	Polynucleobacter asymbioticus	7216.0	1485	10	10	1461	0.9905084745762712	0.9932659932659933	0.9838383838383838	0.9706766663288402	0.9718518
FM208181	1491	7455	Burkholderiaceae	Polynucleobacter difficilis	AJ550657	1506	7530	Burkholderiaceae	Polynucleobacter yangtzensis	7238.0	1491	11	11	1466	0.9905405405405405	0.9926224010731053	0.9832327297116029	0.96883118506869	0.970892
FM208181	1491	7455	Burkholderiaceae	Polynucleobacter difficilis	FM208182	1488	7440	Burkholderiaceae	Polynucleobacter rarus	7031.0	1491	17	21	1441	0.9802721088435374	0.9885675857431069	0.9664654594232059	0.9421115552732843	0.9450269
FM208181	1491	7455	Burkholderiaceae	Polynucleobacter difficilis	AM397067	1499	7495	Burkholderiaceae	Polynucleobacter necessarius	7201.0	1491	10	10	1462	0.9871708305199189	0.9932930918846412	0.9805499664654594	0.9674846771054934	0.9659289
AJ550666	1506	7530	Burkholderiaceae	Polynucleobacter sinensis	AJ879778	1440	7200	Burkholderiaceae	Polynucleobacter wuianus	7162.0	1441	0	1	1436	0.9972222222222222	1.0	0.9965301873698821	0.995838632763796	0.99472225
AJ550666	1506	7530	Burkholderiaceae	Polynucleobacter sinensis	AJ550654	1506	7530	Burkholderiaceae	Polynucleobacter duraquae	7503.0	1506	0	0	1503	0.99800796812749	1.0	0.99800796812749	0.99800796812749	0.99641436
AJ550666	1506	7530	Burkholderiaceae	Polynucleobacter sinensis	AJ550672	1506	7530	Burkholderiaceae	Polynucleobacter cosmopolitanus	7215.0	1506	11	11	1470	0.9832775919732442	0.9926958831341302	0.9760956175298805	0.9619399790423014	0.9581673
AJ550666	1506	7530	Burkholderiaceae	Polynucleobacter sinensis	AJ879783	1485	7425	Burkholderiaceae	Polynucleobacter asymbioticus	7407.0	1485	0	0	1483	0.9986531986531987	1.0	0.9986531986531987	0.9986531986531987	0.99757576
AJ550666	1506	7530	Burkholderiaceae	Polynucleobacter sinensis	AJ550657	1506	7530	Burkholderiaceae	Polynucleobacter yangtzensis	7503.0	1506	0	0	1503	0.99800796812749	1.0	0.99800796812749	0.99800796812749	0.99641436
AJ550666	1506	7530	Burkholderiaceae	Polynucleobacter sinensis	FM208182	1488	7440	Burkholderiaceae	Polynucleobacter rarus	6963.0	1492	25	29	1433	0.9794941900205059	0.9831989247311828	0.960455764075067	0.9262668311416105	0.9358871
AJ550666	1506	7530	Burkholderiaceae	Polynucleobacter sinensis	AM397067	1499	7495	Burkholderiaceae	Polynucleobacter necessarius	7405.0	1499	1	1	1489	0.9939919893190922	0.9993328885923949	0.9933288859239493	0.992004447409384	0.987992
AJ879778	1440	7200	Burkholderiaceae	Polynucleobacter wuianus	AJ550654	1506	7530	Burkholderiaceae	Polynucleobacter duraquae	7135.0	1440	1	0	1433	0.9951388888888889	1.0	0.9951388888888889	0.9944482997918113	0.9909722
AJ879778	1440	7200	Burkholderiaceae	Polynucleobacter wuianus	AJ550672	1506	7530	Burkholderiaceae	Polynucleobacter cosmopolitanus	6872.0	1440	13	11	1403	0.9818054583624912	0.9923611111111111	0.9743055555555555	0.958212414926971	0.95444447
AJ879778	1440	7200	Burkholderiaceae	Polynucleobacter wuianus	AJ879783	1485	7425	Burkholderiaceae	Polynucleobacter asymbioticus	7180.0	1440	1	0	1438	0.9986111111111111	1.0	0.9986111111111111	0.9979181124219292	0.99722224
AJ879778	1440	7200	Burkholderiaceae	Polynucleobacter wuianus	AJ550657	1506	7530	Burkholderiaceae	Polynucleobacter yangtzensis	7171.0	1440	1	0	1437	0.9979166666666667	1.0	0.9979166666666667	0.9972241498959056	0.9959722
AJ879778	1440	7200	Burkholderiaceae	Polynucleobacter wuianus	FM208182	1488	7440	Burkholderiaceae	Polynucleobacter rarus	6726.0	1440	27	29	1384	0.9808646350106307	0.9812239221140473	0.9611111111111111	0.9244224797394531	0.93416667
AJ879778	1440	7200	Burkholderiaceae	Polynucleobacter wuianus	AM397067	1499	7495	Burkholderiaceae	Polynucleobacter necessarius	7135.0	1440	1	0	1433	0.9951388888888889	1.0	0.9951388888888889	0.9944482997918113	0.9909722
AJ550654	1506	7530	Burkholderiaceae	Polynucleobacter duraquae	AJ550672	1506	7530	Burkholderiaceae	Polynucleobacter cosmopolitanus	7206.0	1506	11	11	1469	0.9826086956521739	0.9926958831341302	0.9754316069057105	0.9612855981041776	0.9569721
AJ550654	1506	7530	Burkholderiaceae	Polynucleobacter duraquae	AJ879783	1485	7425	Burkholderiaceae	Polynucleobacter asymbioticus	7380.0	1485	0	0	1480	0.9966329966329966	1.0	0.9966329966329966	0.9966329966329966	0.9939394
AJ550654	1506	7530	Burkholderiaceae	Polynucleobacter duraquae	AJ550657	1506	7530	Burkholderiaceae	Polynucleobacter yangtzensis	7476.0	1506	0	0	1500	0.9960159362549801	1.0	0.9960159362549801	0.9960159362549801	0.99282867
AJ550654	1506	7530	Burkholderiaceae	Polynucleobacter duraquae	FM208182	1488	7440	Burkholderiaceae	Polynucleobacter rarus	6971.0	1492	25	29	1434	0.9801777170198223	0.9831989247311828	0.9611260053619303	0.9269132141361265	0.93696237
AJ550654	1506	7530	Burkholderiaceae	Polynucleobacter duraquae	AM397067	1499	7495	Burkholderiaceae	Polynucleobacter necessarius	7378.0	1499	1	1	1486	0.9919893190921228	0.9993328885923949	0.9913275517011341	0.9900057816321992	0.9843896
AJ550672	1506	7530	Burkholderiaceae	Polynucleobacter cosmopolitanus	AJ879783	1485	7425	Burkholderiaceae	Polynucleobacter asymbioticus	7092.0	1485	11	11	1447	0.9816824966078698	0.9925925925925926	0.9744107744107744	0.9600812041988512	0.9551515
AJ550672	1506	7530	Burkholderiaceae	Polynucleobacter cosmopolitanus	AJ550657	1506	7530	Burkholderiaceae	Polynucleobacter yangtzensis	7188.0	1506	11	11	1467	0.9812709030100334	0.9926958831341302	0.9741035856573705	0.9599768362279294	0.9545817
AJ550672	1506	7530	Burkholderiaceae	Polynucleobacter cosmopolitanus	FM208182	1488	7440	Burkholderiaceae	Polynucleobacter rarus	7028.0	1492	22	26	1441	0.9829467939972715	0.9852150537634409	0.9658176943699732	0.9351973183265395	0.94462365
AJ550672	1506	7530	Burkholderiaceae	Polynucleobacter cosmopolitanus	AM397067	1499	7495	Burkholderiaceae	Polynucleobacter necessarius	7110.0	1499	14	14	1455	0.9797979797979798	0.9906604402935291	0.970647098065377	0.952684032139514	0.9486324
AJ879783	1485	7425	Burkholderiaceae	Polynucleobacter asymbioticus	AJ550657	1506	7530	Burkholderiaceae	Polynucleobacter yangtzensis	7416.0	1485	0	0	1484	0.9993265993265993	1.0	0.9993265993265993	0.9993265993265993	0.9987879
AJ879783	1485	7425	Burkholderiaceae	Polynucleobacter asymbioticus	FM208182	1488	7440	Burkholderiaceae	Polynucleobacter rarus	6946.0	1485	25	29	1428	0.9807692307692307	0.9831195138419987	0.9616161616161616	0.9272272392802194	0.9354882
AJ879783	1485	7425	Burkholderiaceae	Polynucleobacter asymbioticus	AM397067	1499	7495	Burkholderiaceae	Polynucleobacter necessarius	7344.0	1485	0	0	1476	0.9939393939393939	1.0	0.9939393939393939	0.9939393939393939	0.9890909
AJ550657	1506	7530	Burkholderiaceae	Polynucleobacter yangtzensis	FM208182	1488	7440	Burkholderiaceae	Polynucleobacter rarus	6981.0	1492	26	30	1435	0.981532147742818	0.9825268817204301	0.9617962466487936	0.9263149621874416	0.93830645
AJ550657	1506	7530	Burkholderiaceae	Polynucleobacter yangtzensis	AM397067	1499	7495	Burkholderiaceae	Polynucleobacter necessarius	7405.0	1499	0	0	1489	0.9933288859239493	1.0	0.9933288859239493	0.9933288859239493	0.987992
FM208182	1488	7440	Burkholderiaceae	Polynucleobacter rarus	AM397067	1499	7495	Burkholderiaceae	Polynucleobacter necessarius	6918.0	1488	29	25	1428	0.9760765550239234	0.9831989247311828	0.9596774193548387	0.9255161928253982	0.9298387
