LN872943	1476	7380	Bacillaceae	Pontibacillus salipaludis	AY603977	1376	6880	Bacillaceae	Pontibacillus marinus	6668.0	1370	13	11	1349	0.9926416482707874	0.9919708029197081	0.9846715328467154	0.9675839574393971	0.96918607
LN872943	1476	7380	Bacillaceae	Pontibacillus salipaludis	KF963825	1440	7200	Bacillaceae	Pontibacillus salicampi	6860.0	1431	21	19	1397	0.9893767705382436	0.986722571628232	0.976240391334731	0.9493467166423141	0.9527778
LN872943	1476	7380	Bacillaceae	Pontibacillus salipaludis	EF533969	1485	7425	Bacillaceae	Pontibacillus yanchengensis	6986.0	1463	22	21	1424	0.9875173370319001	0.9856459330143541	0.9733424470266575	0.9451581202777374	0.9466125
LN872943	1476	7380	Bacillaceae	Pontibacillus salipaludis	AY553296	1427	7135	Bacillaceae	Pontibacillus chungwhensis	7083.0	1421	2	0	1419	0.9985925404644617	1.0	0.9985925404644617	0.9971890372452565	0.99271196
LN872943	1476	7380	Bacillaceae	Pontibacillus salipaludis	EU583728	1469	7345	Bacillaceae	Pontibacillus halophilus	6913.0	1465	22	19	1418	0.9806362378976486	0.9870307167235495	0.9679180887372013	0.9412303673934049	0.94118446
LN872943	1476	7380	Bacillaceae	Pontibacillus salipaludis	EU583724	1475	7363	Bacillaceae	Pontibacillus litoralis	6952.0	1472	11	10	1425	0.9746922024623803	0.9932065217391305	0.9680706521739131	0.9543623017385442	0.94418037
AY603977	1376	6880	Bacillaceae	Pontibacillus marinus	KF963825	1440	7200	Bacillaceae	Pontibacillus salicampi	6637.0	1376	13	13	1348	0.9889948642699926	0.9905523255813954	0.9796511627906976	0.9613135600314765	0.96468025
AY603977	1376	6880	Bacillaceae	Pontibacillus marinus	EF533969	1485	7425	Bacillaceae	Pontibacillus yanchengensis	6632.0	1376	12	13	1347	0.9882611885546588	0.9912727272727273	0.9789244186046512	0.961292494638429	0.9639535
AY603977	1376	6880	Bacillaceae	Pontibacillus marinus	AY553296	1427	7135	Bacillaceae	Pontibacillus chungwhensis	6702.0	1376	11	11	1355	0.9926739926739927	0.9920058139534884	0.9847383720930233	0.9691188737613388	0.9741279
AY603977	1376	6880	Bacillaceae	Pontibacillus marinus	EU583728	1469	7345	Bacillaceae	Pontibacillus halophilus	6464.0	1373	21	20	1327	0.9807834441980784	0.9854333576110706	0.9664967225054625	0.9380703483141254	0.9395349
AY603977	1376	6880	Bacillaceae	Pontibacillus marinus	EU583724	1475	7363	Bacillaceae	Pontibacillus litoralis	6498.0	1374	13	13	1330	0.9772226304188097	0.9905385735080058	0.9679767103347889	0.9498315088432933	0.9444767
KF963825	1440	7200	Bacillaceae	Pontibacillus salicampi	EF533969	1485	7425	Bacillaceae	Pontibacillus yanchengensis	6939.0	1440	15	11	1411	0.9874037788663401	0.9923611111111111	0.9798611111111111	0.9623515654830087	0.96375
KF963825	1440	7200	Bacillaceae	Pontibacillus salicampi	AY553296	1427	7135	Bacillaceae	Pontibacillus chungwhensis	6835.0	1427	19	19	1392	0.9886363636363636	0.9866853538892782	0.9754730203223546	0.9498381829971475	0.95795375
KF963825	1440	7200	Bacillaceae	Pontibacillus salicampi	EU583728	1469	7345	Bacillaceae	Pontibacillus halophilus	6753.0	1434	23	22	1386	0.9815864022662889	0.9846582984658299	0.9665271966527197	0.9366756360148525	0.9379167
KF963825	1440	7200	Bacillaceae	Pontibacillus salicampi	EU583724	1475	7363	Bacillaceae	Pontibacillus litoralis	6805.0	1435	14	15	1391	0.9795774647887324	0.9902370990237099	0.9693379790940767	0.9499378401059966	0.9451389
EF533969	1485	7425	Bacillaceae	Pontibacillus yanchengensis	AY553296	1427	7135	Bacillaceae	Pontibacillus chungwhensis	6810.0	1426	21	20	1388	0.9871977240398293	0.9859747545582047	0.9733520336605891	0.9457726049252164	0.9544499
EF533969	1485	7425	Bacillaceae	Pontibacillus yanchengensis	EU583728	1469	7345	Bacillaceae	Pontibacillus halophilus	6893.0	1465	28	26	1415	0.9833217512161223	0.9822525597269625	0.9658703071672355	0.9309359491049243	0.93846154
EF533969	1485	7425	Bacillaceae	Pontibacillus yanchengensis	EU583724	1475	7363	Bacillaceae	Pontibacillus litoralis	6982.0	1466	11	11	1425	0.979381443298969	0.9924965893587995	0.9720327421555253	0.9575542585215229	0.94825476
AY553296	1427	7135	Bacillaceae	Pontibacillus chungwhensis	EU583728	1469	7345	Bacillaceae	Pontibacillus halophilus	6712.0	1424	20	19	1377	0.9800711743772242	0.9866573033707865	0.9669943820224719	0.9408774977434716	0.9407148
AY553296	1427	7135	Bacillaceae	Pontibacillus chungwhensis	EU583724	1475	7363	Bacillaceae	Pontibacillus litoralis	6737.0	1425	9	9	1380	0.9745762711864406	0.9936842105263158	0.968421052631579	0.9562651398370403	0.94421864
EU583728	1469	7345	Bacillaceae	Pontibacillus halophilus	EU583724	1475	7363	Bacillaceae	Pontibacillus litoralis	6874.0	1469	22	24	1413	0.9778546712802768	0.9850034083162917	0.9618788291354663	0.932203157679912	0.93587476
