AB702992	1445	7225	Erythrobacteraceae	Porphyrobacter colymbi	KP122961	1482	7410	Erythrobacteraceae	Porphyrobacter mercurialis	6715.0	1445	37	35	1385	0.9822695035460993	0.9757785467128027	0.9584775086505191	0.9119117997282267	0.92941177
AB702992	1445	7225	Erythrobacteraceae	Porphyrobacter colymbi	AY559428	1440	7200	Erythrobacteraceae	Porphyrobacter donghaensis	7077.0	1426	2	2	1420	0.9971910112359551	0.9985974754558204	0.9957924263674615	0.9930030918398215	0.98291665
AB702992	1445	7225	Erythrobacteraceae	Porphyrobacter colymbi	DQ011529	1360	6800	Erythrobacteraceae	Porphyrobacter dokdonensis	6649.0	1360	2	2	1343	0.9889543446244478	0.9985294117647059	0.9875	0.984599853157122	0.9777941
AB702992	1445	7225	Erythrobacteraceae	Porphyrobacter colymbi	AB033327	1478	7390	Erythrobacteraceae	Porphyrobacter neustonensis	7064.0	1445	11	11	1426	0.9944211994421199	0.9923875432525952	0.9868512110726644	0.9719399977185444	0.97771627
AB702992	1445	7225	Erythrobacteraceae	Porphyrobacter colymbi	AB033328	1478	7390	Erythrobacteraceae	Porphyrobacter tepidarius	7112.0	1445	7	7	1432	0.9958275382475661	0.9951557093425606	0.9910034602076124	0.9814483304259963	0.98435986
AB702992	1445	7225	Erythrobacteraceae	Porphyrobacter colymbi	AF465834	1414	7070	Erythrobacteraceae	Porphyrobacter cryptus	6810.0	1413	9	8	1384	0.9850533807829182	0.9943382873319179	0.9794762915782024	0.9677666594004039	0.9632249
AB702992	1445	7225	Erythrobacteraceae	Porphyrobacter colymbi	AB021493	1479	7395	Erythrobacteraceae	Porphyrobacter sanguineus	7034.0	1445	16	14	1423	0.9944095038434662	0.9903114186851211	0.9847750865051903	0.964553832162168	0.973564
KP122961	1482	7410	Erythrobacteraceae	Porphyrobacter mercurialis	AY559428	1440	7200	Erythrobacteraceae	Porphyrobacter donghaensis	6686.0	1442	33	35	1380	0.9808102345415778	0.9770833333333333	0.957004160887656	0.9128846470297844	0.9286111
KP122961	1482	7410	Erythrobacteraceae	Porphyrobacter mercurialis	DQ011529	1360	6800	Erythrobacteraceae	Porphyrobacter dokdonensis	6265.0	1360	33	33	1297	0.9773926149208741	0.975735294117647	0.9536764705882353	0.9084915121827627	0.92132354
KP122961	1482	7410	Erythrobacteraceae	Porphyrobacter mercurialis	AB033327	1478	7390	Erythrobacteraceae	Porphyrobacter neustonensis	6807.0	1480	36	38	1410	0.9778085991678225	0.9756427604871448	0.9527027027027027	0.9061987449190615	0.9211096
KP122961	1482	7410	Erythrobacteraceae	Porphyrobacter mercurialis	AB033328	1478	7390	Erythrobacteraceae	Porphyrobacter tepidarius	6839.0	1480	34	36	1414	0.9792243767313019	0.9769959404600812	0.9554054054054054	0.9112321039665822	0.9254398
KP122961	1482	7410	Erythrobacteraceae	Porphyrobacter mercurialis	AF465834	1414	7070	Erythrobacteraceae	Porphyrobacter cryptus	6445.0	1415	47	48	1340	0.9802487198244331	0.9667609618104668	0.9469964664310954	0.8854611283251076	0.9115983
KP122961	1482	7410	Erythrobacteraceae	Porphyrobacter mercurialis	AB021493	1479	7395	Erythrobacteraceae	Porphyrobacter sanguineus	6827.0	1479	40	40	1412	0.9812369701181376	0.9729546991210277	0.9546991210277215	0.9044187196569395	0.92319137
AY559428	1440	7200	Erythrobacteraceae	Porphyrobacter donghaensis	DQ011529	1360	6800	Erythrobacteraceae	Porphyrobacter dokdonensis	6639.0	1360	2	2	1342	0.9882179675994109	0.9985294117647059	0.986764705882353	0.9838667184935648	0.97632354
AY559428	1440	7200	Erythrobacteraceae	Porphyrobacter donghaensis	AB033327	1478	7390	Erythrobacteraceae	Porphyrobacter neustonensis	7073.0	1440	8	8	1425	0.9951117318435754	0.9944444444444445	0.9895833333333334	0.9786487108655618	0.98236114
AY559428	1440	7200	Erythrobacteraceae	Porphyrobacter donghaensis	AB033328	1478	7390	Erythrobacteraceae	Porphyrobacter tepidarius	7070.0	1440	9	9	1425	0.9958071278825996	0.99375	0.9895833333333334	0.9772903726708074	0.98194444
AY559428	1440	7200	Erythrobacteraceae	Porphyrobacter donghaensis	AF465834	1414	7070	Erythrobacteraceae	Porphyrobacter cryptus	6791.0	1413	9	8	1382	0.9836298932384342	0.9943382873319179	0.9780608634111819	0.9663681526671664	0.9605375
AY559428	1440	7200	Erythrobacteraceae	Porphyrobacter donghaensis	AB021493	1479	7395	Erythrobacteraceae	Porphyrobacter sanguineus	7053.0	1440	14	12	1423	0.9964985994397759	0.9916666666666667	0.9881944444444445	0.9705238422741861	0.9795833
DQ011529	1360	6800	Erythrobacteraceae	Porphyrobacter dokdonensis	AB033327	1478	7390	Erythrobacteraceae	Porphyrobacter neustonensis	6540.0	1360	11	11	1330	0.9859154929577465	0.9919117647058824	0.9779411764705882	0.9622484661260565	0.9617647
DQ011529	1360	6800	Erythrobacteraceae	Porphyrobacter dokdonensis	AB033328	1478	7390	Erythrobacteraceae	Porphyrobacter tepidarius	6597.0	1360	6	6	1337	0.9874446085672083	0.9955882352941177	0.9830882352941176	0.9744520282490742	0.9701471
DQ011529	1360	6800	Erythrobacteraceae	Porphyrobacter dokdonensis	AF465834	1414	7070	Erythrobacteraceae	Porphyrobacter cryptus	6546.0	1350	7	6	1327	0.9873511904761905	0.9955555555555555	0.9829629629629629	0.9735462212396627	0.9626471
DQ011529	1360	6800	Erythrobacteraceae	Porphyrobacter dokdonensis	AB021493	1479	7395	Erythrobacteraceae	Porphyrobacter sanguineus	6532.0	1360	13	13	1329	0.9866369710467706	0.9904411764705883	0.9772058823529411	0.9587008911357696	0.9605882
AB033327	1478	7390	Erythrobacteraceae	Porphyrobacter neustonensis	AB033328	1478	7390	Erythrobacteraceae	Porphyrobacter tepidarius	7216.0	1478	10	10	1458	0.9931880108991825	0.993234100135318	0.986468200270636	0.9732092190842028	0.9764547
AB033327	1478	7390	Erythrobacteraceae	Porphyrobacter neustonensis	AF465834	1414	7070	Erythrobacteraceae	Porphyrobacter cryptus	6725.0	1413	15	14	1374	0.9821300929235168	0.9900920028308563	0.9723991507430998	0.9526515489422944	0.9512023
AB033327	1478	7390	Erythrobacteraceae	Porphyrobacter neustonensis	AB021493	1479	7395	Erythrobacteraceae	Porphyrobacter sanguineus	7159.0	1477	16	14	1451	0.9917976760082023	0.990521327014218	0.982396750169262	0.9626566949079908	0.96874154
AB033328	1478	7390	Erythrobacteraceae	Porphyrobacter tepidarius	AF465834	1414	7070	Erythrobacteraceae	Porphyrobacter cryptus	6799.0	1413	9	8	1383	0.9843416370106761	0.9943382873319179	0.9787685774946921	0.9670674060337852	0.961669
AB033328	1478	7390	Erythrobacteraceae	Porphyrobacter tepidarius	AB021493	1479	7395	Erythrobacteraceae	Porphyrobacter sanguineus	7158.0	1477	18	16	1451	0.9931553730321697	0.989167230873392	0.982396750169262	0.9600546167205964	0.96860623
AF465834	1414	7070	Erythrobacteraceae	Porphyrobacter cryptus	AB021493	1479	7395	Erythrobacteraceae	Porphyrobacter sanguineus	6696.0	1414	20	19	1371	0.9827956989247312	0.9865629420084866	0.9695898161244696	0.9432202186148082	0.9471004
