AB035459	1472	7360	Porphyromonadaceae	Porphyromonas gingivalis	AY253728	1441	7205	Porphyromonadaceae	Porphyromonas endodontalis	5959.0	1441	89	90	1294	0.9578090303478904	0.9381944444444444	0.8979875086745316	0.7929288393590145	0.8270645
AB035459	1472	7360	Porphyromonadaceae	Porphyromonas gingivalis	L26102	1470	7260	Porphyromonadaceae	Porphyromonas circumdentaria	5994.0	1469	109	109	1307	0.9610294117647059	0.9257998638529612	0.8897208985704561	0.7668063511126871	0.8256198
AB035459	1472	7360	Porphyromonadaceae	Porphyromonas gingivalis	GU233446	1454	7270	Porphyromonadaceae	Porphyromonas crevioricanis	6138.0	1447	97	98	1314	0.9740548554484804	0.9329183955739973	0.9080856945404284	0.7933987059164753	0.8442916
AB035459	1472	7360	Porphyromonadaceae	Porphyromonas gingivalis	AY968205	1440	7188	Porphyromonadaceae	Porphyromonas somerae	5850.0	1437	98	95	1281	0.9545454545454546	0.9338900487125957	0.8914405010438413	0.7793571025412606	0.8138564
AB035459	1472	7360	Porphyromonadaceae	Porphyromonas gingivalis	LC014934	1491	7455	Porphyromonadaceae	Porphyromonas pasteri	6318.0	1468	79	81	1346	0.9704397981254506	0.9461118690313779	0.9168937329700273	0.8220630947830819	0.8584239
AB035459	1472	7360	Porphyromonadaceae	Porphyromonas gingivalis	AY570514	1457	7273	Porphyromonadaceae	Porphyromonas uenonis	5811.0	1454	113	116	1281	0.9573991031390134	0.9221226740179187	0.8810178817056397	0.7522667043536349	0.79898256
AB035459	1472	7360	Porphyromonadaceae	Porphyromonas gingivalis	L16494	1473	7293	Porphyromonadaceae	Porphyromonas macacae	6099.0	1472	104	105	1319	0.9648866130212144	0.929299796057104	0.8960597826086957	0.7772295195596999	0.83628136
AB035459	1472	7360	Porphyromonadaceae	Porphyromonas gingivalis	AF208290	1466	7330	Porphyromonadaceae	Porphyromonas gulae	6950.0	1444	10	10	1413	0.9853556485355649	0.9930747922437673	0.9785318559556787	0.9650719954886129	0.94815826
AB035459	1472	7360	Porphyromonadaceae	Porphyromonas gingivalis	HM583587	1429	7145	Porphyromonadaceae	Porphyromonas pogonae	6200.0	1432	84	89	1314	0.9784065524944154	0.9411352487736511	0.9175977653631285	0.8128850916112675	0.8677397
AB035459	1472	7360	Porphyromonadaceae	Porphyromonas gingivalis	GU233445	1457	7285	Porphyromonadaceae	Porphyromonas gingivicanis	5983.0	1449	98	98	1300	0.9622501850481125	0.9323671497584541	0.8971704623878537	0.7835018065197094	0.8212766
AB035459	1472	7360	Porphyromonadaceae	Porphyromonas gingivalis	L16493	1476	7290	Porphyromonadaceae	Porphyromonas levii	5977.0	1471	96	94	1308	0.9498910675381264	0.9360978925900748	0.8891910265125765	0.7813759052379182	0.81989026
AB035459	1472	7360	Porphyromonadaceae	Porphyromonas gingivalis	EU012300	1492	7460	Porphyromonadaceae	Porphyromonas loveana	6785.0	1471	36	39	1403	0.9797486033519553	0.9754768392370572	0.9537729435757988	0.9063058096884831	0.921875
AB035459	1472	7360	Porphyromonadaceae	Porphyromonas gingivalis	EU414673	1489	7445	Porphyromonadaceae	Porphyromonas bennonis	5902.0	1459	120	118	1294	0.964951528709918	0.9191226867717615	0.8869088416723784	0.7532265716799617	0.8019022
AB035459	1472	7360	Porphyromonadaceae	Porphyromonas gingivalis	AB525416	1493	7465	Porphyromonadaceae	Porphyromonas canoris	6188.0	1468	90	90	1332	0.9666182873730044	0.9386920980926431	0.9073569482288828	0.8025275190368425	0.8407609
AB035459	1472	7360	Porphyromonadaceae	Porphyromonas gingivalis	CP002689	1517	7585	Porphyromonadaceae	Porphyromonas asaccharolytica	5880.0	1468	117	120	1295	0.9606824925816023	0.9201365187713311	0.8821525885558583	0.7502471226329949	0.79891306
AB035459	1472	7360	Porphyromonadaceae	Porphyromonas gingivalis	X82823	1470	7272	Porphyromonadaceae	Porphyromonas catoniae	6097.0	1446	85	87	1308	0.9624724061810155	0.9411357340720221	0.9045643153526971	0.8029411525567051	0.83842134
AB035459	1472	7360	Porphyromonadaceae	Porphyromonas gingivalis	X76259	1484	7414	Porphyromonadaceae	Porphyromonas cangingivalis	6140.0	1448	78	78	1319	0.9627737226277372	0.9461325966850829	0.9109116022099447	0.8177908879604353	0.8342391
AY253728	1441	7205	Porphyromonadaceae	Porphyromonas endodontalis	L26102	1470	7260	Porphyromonadaceae	Porphyromonas circumdentaria	6490.0	1440	42	41	1355	0.9685489635453896	0.9715277777777778	0.9409722222222222	0.8882726983055931	0.90076333
AY253728	1441	7205	Porphyromonadaceae	Porphyromonas endodontalis	GU233446	1454	7270	Porphyromonadaceae	Porphyromonas crevioricanis	5982.0	1439	86	86	1296	0.9578713968957872	0.940236275191105	0.9006254343293955	0.7990466968181457	0.83025676
AY253728	1441	7205	Porphyromonadaceae	Porphyromonas endodontalis	AY968205	1440	7188	Porphyromonadaceae	Porphyromonas somerae	5809.0	1426	102	95	1272	0.9556724267468069	0.9333800841514727	0.8920056100981767	0.7770022690056761	0.8081525
AY253728	1441	7205	Porphyromonadaceae	Porphyromonas endodontalis	LC014934	1491	7455	Porphyromonadaceae	Porphyromonas pasteri	5955.0	1441	100	102	1292	0.9648991784914115	0.9305072967338429	0.8965995836224844	0.779069982135306	0.82650936
AY253728	1441	7205	Porphyromonadaceae	Porphyromonas endodontalis	AY570514	1457	7273	Porphyromonadaceae	Porphyromonas uenonis	5969.0	1439	107	109	1292	0.9714285714285714	0.9255393180236604	0.8978457261987491	0.7724028563029343	0.82845247
AY253728	1441	7205	Porphyromonadaceae	Porphyromonas endodontalis	L16494	1473	7293	Porphyromonadaceae	Porphyromonas macacae	5892.0	1440	96	97	1283	0.9553239017125837	0.9332870048644892	0.8909722222222223	0.7790206344039352	0.8177654
AY253728	1441	7205	Porphyromonadaceae	Porphyromonas endodontalis	AF208290	1466	7330	Porphyromonadaceae	Porphyromonas gulae	6043.0	1436	86	85	1302	0.9637305699481865	0.9408077994428969	0.9066852367688022	0.8048171845431351	0.8387231
AY253728	1441	7205	Porphyromonadaceae	Porphyromonas endodontalis	HM583587	1429	7145	Porphyromonadaceae	Porphyromonas pogonae	5877.0	1425	94	98	1276	0.9615674453654861	0.9338494018296974	0.895438596491228	0.7822561010821986	0.82253325
AY253728	1441	7205	Porphyromonadaceae	Porphyromonas endodontalis	GU233445	1457	7285	Porphyromonadaceae	Porphyromonas gingivicanis	6617.0	1440	41	40	1372	0.98	0.9722222222222222	0.9527777777777777	0.9006677170080276	0.91839004
AY253728	1441	7205	Porphyromonadaceae	Porphyromonas endodontalis	L16493	1476	7290	Porphyromonadaceae	Porphyromonas levii	5778.0	1440	103	100	1272	0.9492537313432836	0.9305555555555556	0.8833333333333333	0.7671203283646575	0.8019431
AY253728	1441	7205	Porphyromonadaceae	Porphyromonas endodontalis	EU012300	1492	7460	Porphyromonadaceae	Porphyromonas loveana	6069.0	1440	89	88	1306	0.9659763313609467	0.9388888888888889	0.9069444444444444	0.8019547997965264	0.8423317
AY253728	1441	7205	Porphyromonadaceae	Porphyromonas endodontalis	EU414673	1489	7445	Porphyromonadaceae	Porphyromonas bennonis	5795.0	1441	128	125	1273	0.9673252279635258	0.9132546842470507	0.8834142956280361	0.7409644442616288	0.8043026
AY253728	1441	7205	Porphyromonadaceae	Porphyromonas endodontalis	AB525416	1493	7465	Porphyromonadaceae	Porphyromonas canoris	5867.0	1441	110	106	1282	0.9602996254681648	0.926439972241499	0.8896599583622484	0.7657614728649914	0.81429565
AY253728	1441	7205	Porphyromonadaceae	Porphyromonas endodontalis	CP002689	1517	7585	Porphyromonadaceae	Porphyromonas asaccharolytica	6010.0	1441	113	102	1300	0.970873786407767	0.9292158223455933	0.9021512838306731	0.7773362735194795	0.834143
AY253728	1441	7205	Porphyromonadaceae	Porphyromonas endodontalis	X82823	1470	7272	Porphyromonadaceae	Porphyromonas catoniae	5856.0	1439	100	102	1278	0.955871353777113	0.930410577592206	0.8881167477414872	0.7715478178884784	0.81276894
AY253728	1441	7205	Porphyromonadaceae	Porphyromonas endodontalis	X76259	1484	7414	Porphyromonadaceae	Porphyromonas cangingivalis	6038.0	1441	77	73	1305	0.9539473684210527	0.9493407356002775	0.9056210964607911	0.816132845822373	0.83802915
L26102	1470	7260	Porphyromonadaceae	Porphyromonas circumdentaria	GU233446	1454	7270	Porphyromonadaceae	Porphyromonas crevioricanis	5835.0	1444	113	114	1276	0.9593984962406015	0.9216909216909217	0.8836565096952909	0.7548254064834533	0.803719
L26102	1470	7260	Porphyromonadaceae	Porphyromonas circumdentaria	AY968205	1440	7188	Porphyromonadaceae	Porphyromonas somerae	5802.0	1447	115	122	1273	0.9607547169811321	0.9201388888888888	0.8797512093987561	0.7462678312761535	0.8071786
L26102	1470	7260	Porphyromonadaceae	Porphyromonas circumdentaria	LC014934	1491	7455	Porphyromonadaceae	Porphyromonas pasteri	5931.0	1465	99	101	1299	0.9523460410557185	0.9323308270676691	0.8866894197952219	0.7733020259595157	0.81694216
L26102	1470	7260	Porphyromonadaceae	Porphyromonas circumdentaria	AY570514	1457	7273	Porphyromonadaceae	Porphyromonas uenonis	5883.0	1451	106	109	1285	0.9575260804769001	0.9267955801104972	0.8855961405926946	0.7633076561820142	0.81033057
L26102	1470	7260	Porphyromonadaceae	Porphyromonas circumdentaria	L16494	1473	7293	Porphyromonadaceae	Porphyromonas macacae	6007.0	1470	109	109	1311	0.9632623071271125	0.9258503401360544	0.8918367346938776	0.7687079138178388	0.82741046
L26102	1470	7260	Porphyromonadaceae	Porphyromonas circumdentaria	AF208290	1466	7330	Porphyromonadaceae	Porphyromonas gulae	5911.0	1441	108	108	1285	0.9639909977494373	0.9250520471894518	0.8917418459403192	0.7673930798182347	0.81418735
L26102	1470	7260	Porphyromonadaceae	Porphyromonas circumdentaria	HM583587	1429	7145	Porphyromonadaceae	Porphyromonas pogonae	5739.0	1429	113	114	1259	0.9574144486692016	0.9208683473389355	0.8810356892932121	0.751337179909581	0.803219
L26102	1470	7260	Porphyromonadaceae	Porphyromonas circumdentaria	GU233445	1457	7285	Porphyromonadaceae	Porphyromonas gingivicanis	6941.0	1446	10	10	1410	0.9818941504178273	0.9930843706777317	0.975103734439834	0.9617094523733528	0.9560606
L26102	1470	7260	Porphyromonadaceae	Porphyromonas circumdentaria	L16493	1476	7290	Porphyromonadaceae	Porphyromonas levii	5917.0	1470	115	113	1302	0.9594694178334562	0.9231292517006803	0.8857142857142857	0.7583055430374042	0.81501377
L26102	1470	7260	Porphyromonadaceae	Porphyromonas circumdentaria	EU012300	1492	7460	Porphyromonadaceae	Porphyromonas loveana	6025.0	1468	100	103	1309	0.958974358974359	0.931740614334471	0.8916893732970027	0.7762474455040872	0.82988983
L26102	1470	7260	Porphyromonadaceae	Porphyromonas circumdentaria	EU414673	1489	7445	Porphyromonadaceae	Porphyromonas bennonis	5701.0	1459	139	136	1267	0.9576719576719577	0.9067854694996573	0.8684030157642221	0.7189594429637458	0.7852617
L26102	1470	7260	Porphyromonadaceae	Porphyromonas circumdentaria	AB525416	1493	7465	Porphyromonadaceae	Porphyromonas canoris	5878.0	1464	107	107	1292	0.9521002210759028	0.9269125683060109	0.8825136612021858	0.7622985603127729	0.8096419
L26102	1470	7260	Porphyromonadaceae	Porphyromonas circumdentaria	CP002689	1517	7585	Porphyromonadaceae	Porphyromonas asaccharolytica	5974.0	1465	106	109	1302	0.9601769911504425	0.9274965800273598	0.8887372013651877	0.7671086219294683	0.822865
L26102	1470	7260	Porphyromonadaceae	Porphyromonas circumdentaria	X82823	1470	7272	Porphyromonadaceae	Porphyromonas catoniae	5747.0	1443	109	111	1267	0.9512012012012012	0.9243580846634282	0.878031878031878	0.7535685963521015	0.7915978
L26102	1470	7260	Porphyromonadaceae	Porphyromonas circumdentaria	X76259	1484	7414	Porphyromonadaceae	Porphyromonas cangingivalis	5863.0	1444	102	102	1282	0.9552906110283159	0.9293628808864266	0.8878116343490304	0.7706618455992231	0.80757576
GU233446	1454	7270	Porphyromonadaceae	Porphyromonas crevioricanis	AY968205	1440	7188	Porphyromonadaceae	Porphyromonas somerae	5915.0	1430	104	100	1284	0.9654135338345865	0.9300699300699301	0.8979020979020979	0.7784939962254173	0.8228993
GU233446	1454	7270	Porphyromonadaceae	Porphyromonas crevioricanis	LC014934	1491	7455	Porphyromonadaceae	Porphyromonas pasteri	6036.0	1454	98	99	1307	0.9645756457564576	0.9325533379215416	0.8988995873452544	0.7847995752917653	0.83026135
GU233446	1454	7270	Porphyromonadaceae	Porphyromonas crevioricanis	AY570514	1457	7273	Porphyromonadaceae	Porphyromonas uenonis	5758.0	1452	122	124	1272	0.9578313253012049	0.9158620689655173	0.8760330578512396	0.7391181072594958	0.792022
GU233446	1454	7270	Porphyromonadaceae	Porphyromonas crevioricanis	L16494	1473	7293	Porphyromonadaceae	Porphyromonas macacae	5989.0	1446	99	100	1296	0.962852897473997	0.9314878892733564	0.8962655601659751	0.7808242355879628	0.82379645
GU233446	1454	7270	Porphyromonadaceae	Porphyromonas crevioricanis	AF208290	1466	7330	Porphyromonadaceae	Porphyromonas gulae	6210.0	1451	91	90	1326	0.9742836149889786	0.937973811164714	0.9138525155065472	0.8065844835307464	0.8541953
GU233446	1454	7270	Porphyromonadaceae	Porphyromonas crevioricanis	HM583587	1429	7145	Porphyromonadaceae	Porphyromonas pogonae	6181.0	1433	73	77	1316	0.9705014749262537	0.9489153254023793	0.9183531053733427	0.8268836725672328	0.8650805
GU233446	1454	7270	Porphyromonadaceae	Porphyromonas crevioricanis	GU233445	1457	7285	Porphyromonadaceae	Porphyromonas gingivicanis	5980.0	1454	110	109	1300	0.966542750929368	0.9250343878954608	0.8940852819807428	0.7688904758721861	0.82255846
GU233446	1454	7270	Porphyromonadaceae	Porphyromonas crevioricanis	L16493	1476	7290	Porphyromonadaceae	Porphyromonas levii	5930.0	1445	102	99	1290	0.9583952451708767	0.9314878892733564	0.8927335640138409	0.7767416788381575	0.81568086
GU233446	1454	7270	Porphyromonadaceae	Porphyromonas crevioricanis	EU012300	1492	7460	Porphyromonadaceae	Porphyromonas loveana	6175.0	1454	93	92	1322	0.9706314243759178	0.936726272352132	0.9092159559834938	0.8004861874916086	0.849381
GU233446	1454	7270	Porphyromonadaceae	Porphyromonas crevioricanis	EU414673	1489	7445	Porphyromonadaceae	Porphyromonas bennonis	5863.0	1454	125	122	1286	0.9654654654654654	0.9160935350756534	0.8844566712517193	0.7461027777753578	0.8064649
GU233446	1454	7270	Porphyromonadaceae	Porphyromonas crevioricanis	AB525416	1493	7465	Porphyromonadaceae	Porphyromonas canoris	6273.0	1454	91	90	1335	0.9787390029325513	0.938101788170564	0.9181568088033012	0.8105928072541766	0.8628611
GU233446	1454	7270	Porphyromonadaceae	Porphyromonas crevioricanis	CP002689	1517	7585	Porphyromonadaceae	Porphyromonas asaccharolytica	5810.0	1454	121	123	1279	0.9609316303531179	0.9166666666666666	0.8796423658872077	0.743367612060872	0.79917467
GU233446	1454	7270	Porphyromonadaceae	Porphyromonas crevioricanis	X82823	1470	7272	Porphyromonadaceae	Porphyromonas catoniae	6002.0	1453	94	95	1301	0.9580265095729014	0.9352617079889807	0.8953888506538197	0.7859974526101403	0.8255846
GU233446	1454	7270	Porphyromonadaceae	Porphyromonas crevioricanis	X76259	1484	7414	Porphyromonadaceae	Porphyromonas cangingivalis	6180.0	1454	86	85	1325	0.9678597516435354	0.9415405777166438	0.9112792297111417	0.8100917308276319	0.85006875
AY968205	1440	7188	Porphyromonadaceae	Porphyromonas somerae	LC014934	1491	7455	Porphyromonadaceae	Porphyromonas pasteri	5913.0	1440	92	97	1287	0.9583023082650782	0.9358885017421603	0.89375	0.7834897193211489	0.82262105
AY968205	1440	7188	Porphyromonadaceae	Porphyromonas somerae	AY570514	1457	7273	Porphyromonadaceae	Porphyromonas uenonis	5712.0	1440	107	115	1263	0.9532075471698114	0.9252793296089385	0.8770833333333333	0.7512187567334626	0.79465777
AY968205	1440	7188	Porphyromonadaceae	Porphyromonas somerae	L16494	1473	7293	Porphyromonadaceae	Porphyromonas macacae	5841.0	1440	86	91	1278	0.9473684210526315	0.9400696864111499	0.8875	0.7845593053735255	0.81260437
AY968205	1440	7188	Porphyromonadaceae	Porphyromonas somerae	AF208290	1466	7330	Porphyromonadaceae	Porphyromonas gulae	5857.0	1431	99	102	1277	0.9608728367193379	0.930672268907563	0.8923829489867225	0.7751483262767022	0.81483024
AY968205	1440	7188	Porphyromonadaceae	Porphyromonas somerae	HM583587	1429	7145	Porphyromonadaceae	Porphyromonas pogonae	5816.0	1419	87	94	1267	0.9562264150943396	0.9383852691218131	0.8928823114869626	0.7855704267730581	0.8139958
AY968205	1440	7188	Porphyromonadaceae	Porphyromonas somerae	GU233445	1457	7285	Porphyromonadaceae	Porphyromonas gingivicanis	5867.0	1436	112	105	1282	0.9631855747558227	0.9268802228412256	0.8927576601671309	0.7676101070300073	0.8162215
AY968205	1440	7188	Porphyromonadaceae	Porphyromonas somerae	L16493	1476	7290	Porphyromonadaceae	Porphyromonas levii	6683.0	1440	24	27	1376	0.9738145789101204	0.9832985386221295	0.9555555555555556	0.9222677595628416	0.929744
AY968205	1440	7188	Porphyromonadaceae	Porphyromonas somerae	EU012300	1492	7460	Porphyromonadaceae	Porphyromonas loveana	5866.0	1438	94	98	1281	0.9559701492537314	0.9344490934449093	0.8908205841446454	0.7791772733380058	0.81608236
AY968205	1440	7188	Porphyromonadaceae	Porphyromonas somerae	EU414673	1489	7445	Porphyromonadaceae	Porphyromonas bennonis	6213.0	1440	84	87	1322	0.9770879526977088	0.941544885177453	0.9180555555555555	0.815045384951881	0.86435723
AY968205	1440	7188	Porphyromonadaceae	Porphyromonas somerae	AB525416	1493	7465	Porphyromonadaceae	Porphyromonas canoris	6151.0	1440	82	75	1318	0.9655677655677656	0.9479166666666666	0.9152777777777777	0.820863447218572	0.8557318
AY968205	1440	7188	Porphyromonadaceae	Porphyromonas somerae	CP002689	1517	7585	Porphyromonadaceae	Porphyromonas asaccharolytica	5722.0	1440	111	119	1264	0.9568508705526116	0.922486033519553	0.8777777777777778	0.7476108603768179	0.796049
AY968205	1440	7188	Porphyromonadaceae	Porphyromonas somerae	X82823	1470	7272	Porphyromonadaceae	Porphyromonas catoniae	5854.0	1433	81	86	1276	0.947290274684484	0.9432773109243697	0.8904396371249128	0.7922207339545955	0.8144129
AY968205	1440	7188	Porphyromonadaceae	Porphyromonas somerae	X76259	1484	7414	Porphyromonadaceae	Porphyromonas cangingivalis	6196.0	1435	78	71	1320	0.967741935483871	0.9505226480836237	0.9198606271777003	0.8292728985263604	0.8619922
LC014934	1491	7455	Porphyromonadaceae	Porphyromonas pasteri	AY570514	1457	7273	Porphyromonadaceae	Porphyromonas uenonis	5821.0	1458	126	127	1282	0.9631855747558227	0.9135209334248455	0.879286694101509	0.7388450693491847	0.80035746
LC014934	1491	7455	Porphyromonadaceae	Porphyromonas pasteri	L16494	1473	7293	Porphyromonadaceae	Porphyromonas macacae	6189.0	1466	81	81	1329	0.9595667870036101	0.9447476125511596	0.9065484311050478	0.8116157576473764	0.84862196
LC014934	1491	7455	Porphyromonadaceae	Porphyromonas pasteri	AF208290	1466	7330	Porphyromonadaceae	Porphyromonas gulae	6350.0	1464	86	84	1348	0.9768115942028985	0.9426229508196722	0.9207650273224044	0.8197778952934955	0.86630285
LC014934	1491	7455	Porphyromonadaceae	Porphyromonas pasteri	HM583587	1429	7145	Porphyromonadaceae	Porphyromonas pogonae	6260.0	1432	81	84	1322	0.9807121661721068	0.9433170048985304	0.9231843575418994	0.8225066186163122	0.87613714
LC014934	1491	7455	Porphyromonadaceae	Porphyromonas pasteri	GU233445	1457	7285	Porphyromonadaceae	Porphyromonas gingivicanis	5976.0	1455	99	97	1303	0.959499263622975	0.9333333333333333	0.89553264604811	0.7825825825825826	0.8203157
LC014934	1491	7455	Porphyromonadaceae	Porphyromonas pasteri	L16493	1476	7290	Porphyromonadaceae	Porphyromonas levii	5992.0	1465	97	93	1307	0.9526239067055393	0.936518771331058	0.8921501706484641	0.7836299834377034	0.8219479
LC014934	1491	7455	Porphyromonadaceae	Porphyromonas pasteri	EU012300	1492	7460	Porphyromonadaceae	Porphyromonas loveana	6476.0	1488	84	82	1373	0.9765291607396871	0.9448924731182796	0.9227150537634409	0.8252782223863854	0.86867875
LC014934	1491	7455	Porphyromonadaceae	Porphyromonas pasteri	EU414673	1489	7445	Porphyromonadaceae	Porphyromonas bennonis	6018.0	1482	117	113	1318	0.9627465303140978	0.9237516869095816	0.8893387314439946	0.761416337302582	0.80832773
LC014934	1491	7455	Porphyromonadaceae	Porphyromonas pasteri	AB525416	1493	7465	Porphyromonadaceae	Porphyromonas canoris	6286.0	1491	82	80	1354	0.959603118355776	0.9463447350771295	0.9081153588195842	0.8145904458324433	0.8431925
LC014934	1491	7455	Porphyromonadaceae	Porphyromonas pasteri	CP002689	1517	7585	Porphyromonadaceae	Porphyromonas asaccharolytica	5982.0	1491	135	131	1315	0.9669117647058824	0.9121395036887995	0.8819584171696848	0.7376773968946932	0.8024145
LC014934	1491	7455	Porphyromonadaceae	Porphyromonas pasteri	X82823	1470	7272	Porphyromonadaceae	Porphyromonas catoniae	6959.0	1469	21	21	1421	0.981353591160221	0.9857045609257998	0.9673247106875426	0.9400578396480279	0.9569582
LC014934	1491	7455	Porphyromonadaceae	Porphyromonas pasteri	X76259	1484	7414	Porphyromonadaceae	Porphyromonas cangingivalis	6193.0	1471	87	80	1336	0.9604601006470166	0.9456152277362339	0.9082256968048946	0.8108741619098899	0.8353116
AY570514	1457	7273	Porphyromonadaceae	Porphyromonas uenonis	L16494	1473	7293	Porphyromonadaceae	Porphyromonas macacae	5675.0	1451	121	120	1262	0.9481592787377912	0.9172984148862853	0.8697450034458993	0.7364062338336463	0.7802832
AY570514	1457	7273	Porphyromonadaceae	Porphyromonas uenonis	AF208290	1466	7330	Porphyromonadaceae	Porphyromonas gulae	5814.0	1447	116	113	1280	0.95952023988006	0.921907394609537	0.8845888044229441	0.7549849424825383	0.799395
AY570514	1457	7273	Porphyromonadaceae	Porphyromonas uenonis	HM583587	1429	7145	Porphyromonadaceae	Porphyromonas pogonae	5751.0	1431	114	116	1264	0.9612167300380228	0.9202239328201539	0.883298392732355	0.7518041336200951	0.80489856
AY570514	1457	7273	Porphyromonadaceae	Porphyromonas uenonis	GU233445	1457	7285	Porphyromonadaceae	Porphyromonas gingivicanis	5960.0	1452	120	117	1298	0.9722846441947566	0.9194214876033058	0.8939393939393939	0.7591660883645617	0.8194693
AY570514	1457	7273	Porphyromonadaceae	Porphyromonas uenonis	L16493	1476	7290	Porphyromonadaceae	Porphyromonas levii	5769.0	1450	112	107	1275	0.9493670886075949	0.9262068965517242	0.8793103448275862	0.7560267561481743	0.79320776
AY570514	1457	7273	Porphyromonadaceae	Porphyromonas uenonis	EU012300	1492	7460	Porphyromonadaceae	Porphyromonas loveana	5883.0	1457	112	109	1292	0.9584569732937686	0.9251887439945092	0.8867536032944406	0.7618507694333371	0.8088822
AY570514	1457	7273	Porphyromonadaceae	Porphyromonas uenonis	EU414673	1489	7445	Porphyromonadaceae	Porphyromonas bennonis	5740.0	1457	136	131	1274	0.9607843137254902	0.910089224433768	0.8743994509265615	0.7278428574567611	0.7892204
AY570514	1457	7273	Porphyromonadaceae	Porphyromonas uenonis	AB525416	1493	7465	Porphyromonadaceae	Porphyromonas canoris	5836.0	1457	113	110	1286	0.9547141796585004	0.9245024021962938	0.8826355525051476	0.7572675727544164	0.8024199
AY570514	1457	7273	Porphyromonadaceae	Porphyromonas uenonis	CP002689	1517	7585	Porphyromonadaceae	Porphyromonas asaccharolytica	7167.0	1457	5	5	1443	0.993801652892562	0.9965682910089224	0.9903912148249828	0.9836169931093537	0.98542553
AY570514	1457	7273	Porphyromonadaceae	Porphyromonas uenonis	X82823	1470	7272	Porphyromonadaceae	Porphyromonas catoniae	5734.0	1449	124	123	1267	0.9555052790346908	0.9151138716356108	0.8743961352657005	0.7370942627859624	0.7885038
AY570514	1457	7273	Porphyromonadaceae	Porphyromonas uenonis	X76259	1484	7414	Porphyromonadaceae	Porphyromonas cangingivalis	5921.0	1451	97	94	1295	0.9543109801031687	0.9352170916609235	0.892487939352171	0.7823683034243514	0.81410694
L16494	1473	7293	Porphyromonadaceae	Porphyromonas macacae	AF208290	1466	7330	Porphyromonadaceae	Porphyromonas gulae	6048.0	1442	98	96	1302	0.9673105497771174	0.9334257975034674	0.9029126213592233	0.7891690833438406	0.82928836
L16494	1473	7293	Porphyromonadaceae	Porphyromonas macacae	HM583587	1429	7145	Porphyromonadaceae	Porphyromonas pogonae	6002.0	1430	91	94	1291	0.9663173652694611	0.9362298528381219	0.9027972027972028	0.7929895219836047	0.840028
L16494	1473	7293	Porphyromonadaceae	Porphyromonas macacae	GU233445	1457	7285	Porphyromonadaceae	Porphyromonas gingivicanis	5923.0	1447	105	103	1290	0.9598214285714286	0.9288182446440912	0.8914996544574982	0.7720203193240192	0.8130405
L16494	1473	7293	Porphyromonadaceae	Porphyromonas macacae	L16493	1476	7290	Porphyromonadaceae	Porphyromonas levii	5986.0	1472	97	93	1310	0.9499637418419145	0.9368206521739131	0.8899456521739131	0.7821765802089397	0.82112485
L16494	1473	7293	Porphyromonadaceae	Porphyromonas macacae	EU012300	1492	7460	Porphyromonadaceae	Porphyromonas loveana	6148.0	1465	97	95	1323	0.9656934306569344	0.9351535836177475	0.9030716723549488	0.7920667036659922	0.8430001
L16494	1473	7293	Porphyromonadaceae	Porphyromonas macacae	EU414673	1489	7445	Porphyromonadaceae	Porphyromonas bennonis	5697.0	1457	124	120	1267	0.9476439790575916	0.9176389842141386	0.8695950583390528	0.7353881043638922	0.78116
L16494	1473	7293	Porphyromonadaceae	Porphyromonas macacae	AB525416	1493	7465	Porphyromonadaceae	Porphyromonas canoris	6132.0	1466	82	80	1323	0.9545454545454546	0.9454297407912687	0.902455661664393	0.8080126273041657	0.84080625
L16494	1473	7293	Porphyromonadaceae	Porphyromonas macacae	CP002689	1517	7585	Porphyromonadaceae	Porphyromonas asaccharolytica	5786.0	1466	117	118	1281	0.9502967359050445	0.9201365187713311	0.873806275579809	0.7440877191924085	0.7933635
L16494	1473	7293	Porphyromonadaceae	Porphyromonas macacae	X82823	1470	7272	Porphyromonadaceae	Porphyromonas catoniae	6032.0	1444	80	80	1300	0.9530791788856305	0.9445983379501385	0.9002770083102493	0.8057597370965749	0.829483
L16494	1473	7293	Porphyromonadaceae	Porphyromonas macacae	X76259	1484	7414	Porphyromonadaceae	Porphyromonas cangingivalis	5998.0	1444	128	91	1302	0.9623059866962306	0.9369806094182825	0.9016620498614959	0.7760488253578905	0.82243246
AF208290	1466	7330	Porphyromonadaceae	Porphyromonas gulae	HM583587	1429	7145	Porphyromonadaceae	Porphyromonas pogonae	6273.0	1434	82	87	1324	0.9829250185597624	0.9426172148355494	0.9232914923291492	0.8203651979995805	0.8779566
AF208290	1466	7330	Porphyromonadaceae	Porphyromonas gulae	GU233445	1457	7285	Porphyromonadaceae	Porphyromonas gingivicanis	6066.0	1452	95	95	1311	0.9661016949152542	0.9345730027548209	0.9028925619834711	0.7920007799686944	0.83266985
AF208290	1466	7330	Porphyromonadaceae	Porphyromonas gulae	L16493	1476	7290	Porphyromonadaceae	Porphyromonas levii	5885.0	1443	99	97	1285	0.9546805349182764	0.9327789327789328	0.8905058905058905	0.7773157773157772	0.8072702
AF208290	1466	7330	Porphyromonadaceae	Porphyromonas gulae	EU012300	1492	7460	Porphyromonadaceae	Porphyromonas loveana	6894.0	1466	34	34	1414	0.9874301675977654	0.9768076398362893	0.9645293315143247	0.9208040018190088	0.94051844
AF208290	1466	7330	Porphyromonadaceae	Porphyromonas gulae	EU414673	1489	7445	Porphyromonadaceae	Porphyromonas bennonis	5967.0	1466	120	115	1304	0.9652109548482606	0.9215552523874488	0.8894952251023193	0.757697382795229	0.81405187
AF208290	1466	7330	Porphyromonadaceae	Porphyromonas gulae	AB525416	1493	7465	Porphyromonadaceae	Porphyromonas canoris	6241.0	1466	87	87	1337	0.9695431472081218	0.9406548431105047	0.9120054570259208	0.8098232615832226	0.85143244
AF208290	1466	7330	Porphyromonadaceae	Porphyromonas gulae	CP002689	1517	7585	Porphyromonadaceae	Porphyromonas asaccharolytica	5914.0	1466	116	119	1298	0.96362286562732	0.9207108680792891	0.8854024556616644	0.753879334877536	0.8068213
AF208290	1466	7330	Porphyromonadaceae	Porphyromonas gulae	X82823	1470	7272	Porphyromonadaceae	Porphyromonas catoniae	6260.0	1466	79	81	1336	0.9646209386281589	0.9460382513661202	0.9113233287858117	0.8169468028274105	0.8608361
AF208290	1466	7330	Porphyromonadaceae	Porphyromonas gulae	X76259	1484	7414	Porphyromonadaceae	Porphyromonas cangingivalis	6332.0	1466	70	70	1349	0.9663323782234957	0.9522510231923602	0.9201909959072305	0.8363194207594361	0.8638472
HM583587	1429	7145	Porphyromonadaceae	Porphyromonas pogonae	GU233445	1457	7285	Porphyromonadaceae	Porphyromonas gingivicanis	5859.0	1429	110	105	1277	0.9645015105740181	0.9265220433869839	0.893631910426872	0.7687905454224682	0.820014
HM583587	1429	7145	Porphyromonadaceae	Porphyromonas pogonae	L16493	1476	7290	Porphyromonadaceae	Porphyromonas levii	5842.0	1426	96	89	1273	0.9521316379955124	0.9375876577840112	0.8927068723702665	0.7841978241518044	0.8176347
HM583587	1429	7145	Porphyromonadaceae	Porphyromonas pogonae	EU012300	1492	7460	Porphyromonadaceae	Porphyromonas loveana	6246.0	1429	95	90	1320	0.9858103061986557	0.9370188943317005	0.9237228831350595	0.8115911683187956	0.87417775
HM583587	1429	7145	Porphyromonadaceae	Porphyromonas pogonae	EU414673	1489	7445	Porphyromonadaceae	Porphyromonas bennonis	5727.0	1429	118	110	1262	0.9567854435178166	0.9230230930720784	0.8831350594821553	0.752976821885561	0.80153954
HM583587	1429	7145	Porphyromonadaceae	Porphyromonas pogonae	AB525416	1493	7465	Porphyromonadaceae	Porphyromonas canoris	6078.0	1429	95	90	1301	0.9716206123973115	0.9370188943317005	0.9104268719384184	0.7999091742293585	0.8506648
HM583587	1429	7145	Porphyromonadaceae	Porphyromonas pogonae	CP002689	1517	7585	Porphyromonadaceae	Porphyromonas asaccharolytica	5749.0	1429	122	120	1263	0.9648586707410237	0.9160251924422673	0.8838348495451365	0.7459315396870301	0.8046186
HM583587	1429	7145	Porphyromonadaceae	Porphyromonas pogonae	X82823	1470	7272	Porphyromonadaceae	Porphyromonas catoniae	6273.0	1429	74	71	1323	0.9742268041237113	0.9503149055283415	0.9258222533240028	0.836504737201594	0.8779566
HM583587	1429	7145	Porphyromonadaceae	Porphyromonas pogonae	X76259	1484	7414	Porphyromonadaceae	Porphyromonas cangingivalis	6077.0	1429	87	82	1304	0.9680772086117297	0.9426172148355494	0.9125262421273618	0.8108000317582825	0.85052484
GU233445	1457	7285	Porphyromonadaceae	Porphyromonas gingivicanis	L16493	1476	7290	Porphyromonadaceae	Porphyromonas levii	5886.0	1448	113	111	1287	0.9626028421839941	0.9233425414364641	0.8888121546961326	0.7612696033496024	0.8079616
GU233445	1457	7285	Porphyromonadaceae	Porphyromonas gingivicanis	EU012300	1492	7460	Porphyromonadaceae	Porphyromonas loveana	6065.0	1457	103	103	1312	0.9689807976366323	0.9293067947838023	0.9004804392587509	0.7815708427925312	0.8325326
GU233445	1457	7285	Porphyromonadaceae	Porphyromonas gingivicanis	EU414673	1489	7445	Porphyromonadaceae	Porphyromonas bennonis	5770.0	1457	140	138	1276	0.9673995451099318	0.9052848318462594	0.8757721345229924	0.723320880047481	0.79203844
GU233445	1457	7285	Porphyromonadaceae	Porphyromonas gingivicanis	AB525416	1493	7465	Porphyromonadaceae	Porphyromonas canoris	5927.0	1457	110	110	1296	0.9621380846325167	0.9245024021962938	0.8894989704873026	0.7646171750136546	0.8135896
GU233445	1457	7285	Porphyromonadaceae	Porphyromonas gingivicanis	CP002689	1517	7585	Porphyromonadaceae	Porphyromonas asaccharolytica	5981.0	1457	117	120	1301	0.9730740463724757	0.9195323246217332	0.8929306794783802	0.7584805072824614	0.82100207
GU233445	1457	7285	Porphyromonadaceae	Porphyromonas gingivicanis	X82823	1470	7272	Porphyromonadaceae	Porphyromonas catoniae	5853.0	1454	102	104	1284	0.9511111111111111	0.9297520661157025	0.8830811554332875	0.7661693829273382	0.804868
GU233445	1457	7285	Porphyromonadaceae	Porphyromonas gingivicanis	X76259	1484	7414	Porphyromonadaceae	Porphyromonas cangingivalis	6013.0	1456	100	100	1307	0.9638643067846607	0.9313186813186813	0.8976648351648352	0.7822837509534167	0.82539463
L16493	1476	7290	Porphyromonadaceae	Porphyromonas levii	EU012300	1492	7460	Porphyromonadaceae	Porphyromonas loveana	5980.0	1472	103	108	1306	0.9574780058651027	0.9297886843899114	0.8872282608695652	0.768367839889579	0.8203018
L16493	1476	7290	Porphyromonadaceae	Porphyromonas levii	EU414673	1489	7445	Porphyromonadaceae	Porphyromonas bennonis	6177.0	1460	87	87	1324	0.9643117261471231	0.9404109589041096	0.9068493150684932	0.804850749572748	0.8473251
L16493	1476	7290	Porphyromonadaceae	Porphyromonas levii	AB525416	1493	7465	Porphyromonadaceae	Porphyromonas canoris	6239.0	1469	71	73	1337	0.9577363896848138	0.9516019086571234	0.910142954390742	0.8250386781360232	0.8558299
L16493	1476	7290	Porphyromonadaceae	Porphyromonas levii	CP002689	1517	7585	Porphyromonadaceae	Porphyromonas asaccharolytica	5848.0	1469	109	114	1290	0.9520295202952029	0.9255464480874317	0.8781484002722941	0.7540501155696822	0.8021948
L16493	1476	7290	Porphyromonadaceae	Porphyromonas levii	X82823	1470	7272	Porphyromonadaceae	Porphyromonas catoniae	5833.0	1447	85	89	1279	0.9418262150220913	0.9410949410949411	0.8838977194194886	0.7835072473705389	0.8021177
L16493	1476	7290	Porphyromonadaceae	Porphyromonas levii	X76259	1484	7414	Porphyromonadaceae	Porphyromonas cangingivalis	6258.0	1449	62	64	1331	0.9610108303249097	0.9571527297857636	0.9185645272601795	0.8419668234648235	0.8584362
EU012300	1492	7460	Porphyromonadaceae	Porphyromonas loveana	EU414673	1489	7445	Porphyromonadaceae	Porphyromonas bennonis	6035.0	1482	121	119	1319	0.9677182685253118	0.9197031039136302	0.8900134952766532	0.7567613188160189	0.8106111
EU012300	1492	7460	Porphyromonadaceae	Porphyromonas loveana	AB525416	1493	7465	Porphyromonadaceae	Porphyromonas canoris	6397.0	1490	79	79	1366	0.9681077250177179	0.946979865771812	0.9167785234899329	0.824457932851686	0.8575067
EU012300	1492	7460	Porphyromonadaceae	Porphyromonas loveana	CP002689	1517	7585	Porphyromonadaceae	Porphyromonas asaccharolytica	6024.0	1489	113	116	1320	0.9613983976693372	0.923956931359354	0.8865010073875084	0.7597789532728146	0.8075067
EU012300	1492	7460	Porphyromonadaceae	Porphyromonas loveana	X82823	1470	7272	Porphyromonadaceae	Porphyromonas catoniae	6245.0	1468	83	85	1335	0.96529284164859	0.9433833560709414	0.909400544959128	0.8108968108823172	0.85877335
EU012300	1492	7460	Porphyromonadaceae	Porphyromonas loveana	X76259	1484	7414	Porphyromonadaceae	Porphyromonas cangingivalis	6289.0	1470	80	80	1346	0.9683453237410072	0.9455782312925171	0.9156462585034013	0.8211279350449856	0.84826005
EU414673	1489	7445	Porphyromonadaceae	Porphyromonas bennonis	AB525416	1493	7465	Porphyromonadaceae	Porphyromonas canoris	6063.0	1486	123	125	1322	0.9713445995591476	0.9171159029649596	0.8896366083445492	0.7525142473318406	0.81437206
EU414673	1489	7445	Porphyromonadaceae	Porphyromonas bennonis	CP002689	1517	7585	Porphyromonadaceae	Porphyromonas asaccharolytica	5888.0	1489	131	133	1304	0.9616519174041298	0.9119031607262945	0.8757555406312961	0.7330398228987886	0.7908664
EU414673	1489	7445	Porphyromonadaceae	Porphyromonas bennonis	X82823	1470	7272	Porphyromonadaceae	Porphyromonas catoniae	5850.0	1474	111	115	1291	0.9499632082413539	0.9244897959183673	0.8758480325644504	0.7509637074164595	0.80445546
EU414673	1489	7445	Porphyromonadaceae	Porphyromonas bennonis	X76259	1484	7414	Porphyromonadaceae	Porphyromonas cangingivalis	6200.0	1478	109	111	1335	0.9765910753474762	0.9261517615176151	0.9032476319350473	0.778033719505488	0.8362557
AB525416	1493	7465	Porphyromonadaceae	Porphyromonas canoris	CP002689	1517	7585	Porphyromonadaceae	Porphyromonas asaccharolytica	6012.0	1493	117	115	1321	0.9586357039187228	0.9229738780977896	0.8847957133288681	0.757297200600733	0.80535835
AB525416	1493	7465	Porphyromonadaceae	Porphyromonas canoris	X82823	1470	7272	Porphyromonadaceae	Porphyromonas catoniae	6113.0	1471	82	84	1321	0.9524152847873107	0.9441797140912185	0.8980285520054385	0.802038378384767	0.8406216
AB525416	1493	7465	Porphyromonadaceae	Porphyromonas canoris	X76259	1484	7414	Porphyromonadaceae	Porphyromonas cangingivalis	6504.0	1473	63	58	1372	0.9696113074204947	0.9606245756958588	0.9314324507807196	0.8580578892283323	0.87725925
CP002689	1517	7585	Porphyromonadaceae	Porphyromonas asaccharolytica	X82823	1470	7272	Porphyromonadaceae	Porphyromonas catoniae	5858.0	1469	126	125	1290	0.9598214285714286	0.9149081007488087	0.8781484002722941	0.739957021922234	0.8055556
CP002689	1517	7585	Porphyromonadaceae	Porphyromonas asaccharolytica	X76259	1484	7414	Porphyromonadaceae	Porphyromonas cangingivalis	6074.0	1481	99	96	1325	0.9566787003610109	0.9351789331532748	0.8946657663740716	0.7842481559671451	0.81926084
X82823	1470	7272	Porphyromonadaceae	Porphyromonas catoniae	X76259	1484	7414	Porphyromonadaceae	Porphyromonas cangingivalis	6143.0	1470	82	80	1326	0.9539568345323741	0.9455782312925171	0.9020408163265307	0.8078844940037871	0.84474695
