FJ444992	1430	7150	Pseudonocardiaceae	Prauserella salsuginis	KJ504173	1441	7205	Pseudonocardiaceae	Prauserella isguenensis	6898.0	1405	11	14	1389	0.9985621854780733	0.9921540656205421	0.9886120996441281	0.9711577899752699	0.96475524
FJ444992	1430	7150	Pseudonocardiaceae	Prauserella salsuginis	KM670438	1484	7420	Pseudonocardiaceae	Prauserella endophytica	6701.0	1430	42	39	1377	0.9899352983465133	0.9727272727272728	0.9629370629370629	0.90994935770751	0.9372028
FJ444992	1430	7150	Pseudonocardiaceae	Prauserella salsuginis	FJ444996	1443	7215	Pseudonocardiaceae	Prauserella marina	6709.0	1427	38	41	1376	0.9927849927849928	0.973314606741573	0.964260686755431	0.912263011496947	0.93832165
FJ444992	1430	7150	Pseudonocardiaceae	Prauserella salsuginis	FM956091	1412	7060	Pseudonocardiaceae	Prauserella muralis	6562.0	1403	43	42	1349	0.991182953710507	0.970064148253742	0.9615110477548111	0.9049906887927371	0.9294618
FJ444992	1430	7150	Pseudonocardiaceae	Prauserella salsuginis	AF435077	1503	7515	Pseudonocardiaceae	Prauserella alba	7083.0	1430	8	5	1423	0.9985964912280701	0.9965034965034965	0.9951048951048951	0.9861088146901776	0.9906294
FJ444992	1430	7150	Pseudonocardiaceae	Prauserella salsuginis	KC514355	1525	7619	Pseudonocardiaceae	Prauserella soli	6717.0	1430	41	40	1378	0.9913669064748202	0.972027972027972	0.9636363636363636	0.9105741301526482	0.93944055
FJ444992	1430	7150	Pseudonocardiaceae	Prauserella salsuginis	FJ444995	1440	7200	Pseudonocardiaceae	Prauserella sediminis	7097.0	1422	2	0	1421	0.9992967651195499	1.0	0.9992967651195499	0.9978932584269663	0.9925874
FJ444992	1430	7150	Pseudonocardiaceae	Prauserella salsuginis	AF466190	1514	7504	Pseudonocardiaceae	Prauserella halophila	6931.0	1430	19	21	1403	0.9957416607523066	0.9866946778711485	0.9811188811188811	0.9540348540348541	0.9693706
FJ444992	1430	7150	Pseudonocardiaceae	Prauserella salsuginis	FJ444994	1455	7275	Pseudonocardiaceae	Prauserella aidingensis	7036.0	1430	12	10	1417	0.997887323943662	0.993006993006993	0.990909090909091	0.97579119909217	0.98405594
FJ444992	1430	7150	Pseudonocardiaceae	Prauserella salsuginis	AF051342	1519	7595	Pseudonocardiaceae	Prauserella rugosa	6913.0	1430	20	17	1403	0.9929228591648974	0.9881118881118881	0.9811188811188811	0.9560834338075717	0.96685314
FJ444992	1430	7150	Pseudonocardiaceae	Prauserella salsuginis	KF670858	1495	7475	Pseudonocardiaceae	Prauserella coralliicola	6701.0	1430	42	39	1377	0.9899352983465133	0.9727272727272728	0.9629370629370629	0.90994935770751	0.9372028
FJ444992	1430	7150	Pseudonocardiaceae	Prauserella salsuginis	FJ444993	1457	7285	Pseudonocardiaceae	Prauserella flava	7142.0	1430	4	0	1430	1.0	1.0	1.0	0.99721059972106	0.9988811
FJ444992	1430	7150	Pseudonocardiaceae	Prauserella salsuginis	KJ125073	1493	7465	Pseudonocardiaceae	Prauserella shujinwangii	6631.0	1430	51	46	1369	0.9891618497109826	0.9678321678321679	0.9573426573426573	0.8946402685767979	0.92741257
KJ504173	1441	7205	Pseudonocardiaceae	Prauserella isguenensis	KM670438	1484	7420	Pseudonocardiaceae	Prauserella endophytica	6685.0	1441	43	46	1378	0.9878136200716846	0.9700973574408901	0.9562803608605135	0.8989293149598492	0.9278279
KJ504173	1441	7205	Pseudonocardiaceae	Prauserella isguenensis	FJ444996	1443	7215	Pseudonocardiaceae	Prauserella marina	6681.0	1421	31	40	1369	0.9913106444605359	0.9780453257790368	0.9634060520760028	0.9162973539373002	0.92727274
KJ504173	1441	7205	Pseudonocardiaceae	Prauserella isguenensis	FM956091	1412	7060	Pseudonocardiaceae	Prauserella muralis	6401.0	1372	43	45	1316	0.9917106254709872	0.9686131386861314	0.9591836734693877	0.8995312612677581	0.9066572
KJ504173	1441	7205	Pseudonocardiaceae	Prauserella isguenensis	AF435077	1503	7515	Pseudonocardiaceae	Prauserella alba	6939.0	1410	9	12	1396	0.9985693848354793	0.9936034115138592	0.9900709219858156	0.9754187096097041	0.9630812
KJ504173	1441	7205	Pseudonocardiaceae	Prauserella isguenensis	KC514355	1525	7619	Pseudonocardiaceae	Prauserella soli	6731.0	1441	39	44	1383	0.9899785254115963	0.9728412256267409	0.9597501734906315	0.9059263461935217	0.9342123
KJ504173	1441	7205	Pseudonocardiaceae	Prauserella isguenensis	FJ444995	1440	7200	Pseudonocardiaceae	Prauserella sediminis	6971.0	1422	15	15	1405	0.9985785358919688	0.989451476793249	0.9880450070323488	0.967417762626663	0.9681944
KJ504173	1441	7205	Pseudonocardiaceae	Prauserella isguenensis	AF466190	1514	7504	Pseudonocardiaceae	Prauserella halophila	6972.0	1441	17	25	1411	0.9964689265536724	0.9881367759944173	0.9791811242192922	0.9509742605586541	0.9676613
KJ504173	1441	7205	Pseudonocardiaceae	Prauserella isguenensis	FJ444994	1455	7275	Pseudonocardiaceae	Prauserella aidingensis	6934.0	1414	9	13	1397	0.9971448965024983	0.9936170212765958	0.987977369165488	0.9727029474355928	0.9623872
KJ504173	1441	7205	Pseudonocardiaceae	Prauserella isguenensis	AF051342	1519	7595	Pseudonocardiaceae	Prauserella rugosa	6948.0	1441	17	20	1410	0.9922589725545391	0.9881780250347705	0.9784871616932685	0.9536558688382267	0.9643303
KJ504173	1441	7205	Pseudonocardiaceae	Prauserella isguenensis	KF670858	1495	7475	Pseudonocardiaceae	Prauserella coralliicola	6680.0	1440	43	46	1377	0.9878048780487805	0.9700765483646486	0.95625	0.8988621038435604	0.9271339
KJ504173	1441	7205	Pseudonocardiaceae	Prauserella isguenensis	FJ444993	1457	7285	Pseudonocardiaceae	Prauserella flava	6979.0	1414	14	8	1404	0.9985775248933144	0.9943422913719944	0.9929278642149929	0.9776306562228851	0.9686329
KJ504173	1441	7205	Pseudonocardiaceae	Prauserella isguenensis	KJ125073	1493	7465	Pseudonocardiaceae	Prauserella shujinwangii	6701.0	1441	43	44	1381	0.9885468861846815	0.9701388888888889	0.9583622484385843	0.9021779387255406	0.9300486
KM670438	1484	7420	Pseudonocardiaceae	Prauserella endophytica	FJ444996	1443	7215	Pseudonocardiaceae	Prauserella marina	6947.0	1449	17	23	1413	0.9908835904628331	0.9882189882189882	0.9751552795031055	0.9485480413174819	0.96285516
KM670438	1484	7420	Pseudonocardiaceae	Prauserella endophytica	FM956091	1412	7060	Pseudonocardiaceae	Prauserella muralis	6668.0	1413	37	38	1365	0.9927272727272727	0.9737960339943342	0.9660297239915074	0.9160626693022915	0.94447595
KM670438	1484	7420	Pseudonocardiaceae	Prauserella endophytica	AF435077	1503	7515	Pseudonocardiaceae	Prauserella alba	6810.0	1453	38	38	1399	0.9886925795053003	0.973847212663455	0.9628355127322781	0.9137573779451198	0.91778976
KM670438	1484	7420	Pseudonocardiaceae	Prauserella endophytica	KC514355	1525	7619	Pseudonocardiaceae	Prauserella soli	7084.0	1484	28	30	1443	0.9924346629986245	0.9811066126855601	0.9723719676549866	0.9350719847687503	0.954717
KM670438	1484	7420	Pseudonocardiaceae	Prauserella endophytica	FJ444995	1440	7200	Pseudonocardiaceae	Prauserella sediminis	6732.0	1445	41	46	1385	0.9899928520371694	0.9715277777777778	0.9584775086505191	0.9023620690458117	0.935
KM670438	1484	7420	Pseudonocardiaceae	Prauserella endophytica	AF466190	1514	7504	Pseudonocardiaceae	Prauserella halophila	6916.0	1484	37	42	1423	0.9868238557558946	0.9749830966869506	0.9588948787061995	0.9090903452296777	0.9320755
KM670438	1484	7420	Pseudonocardiaceae	Prauserella endophytica	FJ444994	1455	7275	Pseudonocardiaceae	Prauserella aidingensis	6812.0	1456	39	40	1400	0.9887005649717514	0.9731958762886598	0.9615384615384616	0.9107280679187034	0.9363574
KM670438	1484	7420	Pseudonocardiaceae	Prauserella endophytica	AF051342	1519	7595	Pseudonocardiaceae	Prauserella rugosa	7050.0	1484	30	30	1440	0.9903713892709766	0.9797843665768194	0.9703504043126685	0.9318953024244518	0.95013475
KM670438	1484	7420	Pseudonocardiaceae	Prauserella endophytica	KF670858	1495	7475	Pseudonocardiaceae	Prauserella coralliicola	7397.0	1483	0	0	1481	0.9986513823331086	1.0	0.9986513823331086	0.9986513823331086	0.99690026
KM670438	1484	7420	Pseudonocardiaceae	Prauserella endophytica	FJ444993	1457	7285	Pseudonocardiaceae	Prauserella flava	6844.0	1456	39	38	1404	0.9901269393511989	0.9739010989010989	0.9642857142857143	0.9146201624462494	0.9394646
KM670438	1484	7420	Pseudonocardiaceae	Prauserella endophytica	KJ125073	1493	7465	Pseudonocardiaceae	Prauserella shujinwangii	6959.0	1484	42	40	1429	0.989612188365651	0.9730458221024259	0.9629380053908356	0.9111942855729794	0.9378706
FJ444996	1443	7215	Pseudonocardiaceae	Prauserella marina	FM956091	1412	7060	Pseudonocardiaceae	Prauserella muralis	6694.0	1396	27	22	1363	0.9919941775836972	0.9842406876790831	0.9763610315186246	0.9427407289575476	0.9481586
FJ444996	1443	7215	Pseudonocardiaceae	Prauserella marina	AF435077	1503	7515	Pseudonocardiaceae	Prauserella alba	6776.0	1432	36	30	1388	0.9900142653352354	0.979050279329609	0.9692737430167597	0.9256960406740443	0.93915457
FJ444996	1443	7215	Pseudonocardiaceae	Prauserella marina	KC514355	1525	7619	Pseudonocardiaceae	Prauserella soli	6915.0	1443	28	24	1408	0.9922480620155039	0.9833679833679834	0.9757449757449758	0.9412522913542628	0.95842
FJ444996	1443	7215	Pseudonocardiaceae	Prauserella marina	FJ444995	1440	7200	Pseudonocardiaceae	Prauserella sediminis	6759.0	1438	42	41	1387	0.9928418038654259	0.9714881780250347	0.9645340751043116	0.9104419614329211	0.93875
FJ444996	1443	7215	Pseudonocardiaceae	Prauserella marina	AF466190	1514	7504	Pseudonocardiaceae	Prauserella halophila	6741.0	1443	41	40	1387	0.9885958660014256	0.9722799722799723	0.9611919611919612	0.9087279794826965	0.9343035
FJ444996	1443	7215	Pseudonocardiaceae	Prauserella marina	FJ444994	1455	7275	Pseudonocardiaceae	Prauserella aidingensis	6755.0	1436	40	35	1387	0.9900071377587437	0.9756267409470752	0.9658774373259053	0.9167982992504019	0.93624395
FJ444996	1443	7215	Pseudonocardiaceae	Prauserella marina	AF051342	1519	7595	Pseudonocardiaceae	Prauserella rugosa	6875.0	1443	30	24	1405	0.9901338971106413	0.9833679833679834	0.9736659736659736	0.9379714980529644	0.952876
FJ444996	1443	7215	Pseudonocardiaceae	Prauserella marina	KF670858	1495	7475	Pseudonocardiaceae	Prauserella coralliicola	6947.0	1443	23	17	1413	0.9908835904628331	0.9882189882189882	0.9792099792099792	0.9524921080173469	0.96285516
FJ444996	1443	7215	Pseudonocardiaceae	Prauserella marina	FJ444993	1457	7285	Pseudonocardiaceae	Prauserella flava	6797.0	1436	41	34	1392	0.992867332382311	0.9763231197771588	0.9693593314763231	0.9201366166078571	0.9420651
FJ444996	1443	7215	Pseudonocardiaceae	Prauserella marina	KJ125073	1493	7465	Pseudonocardiaceae	Prauserella shujinwangii	6799.0	1443	34	26	1396	0.9851799576570219	0.9819819819819819	0.9674289674289674	0.9281292124894021	0.94234234
FM956091	1412	7060	Pseudonocardiaceae	Prauserella muralis	AF435077	1503	7515	Pseudonocardiaceae	Prauserella alba	6634.0	1411	40	38	1361	0.9912600145666424	0.9730687455705174	0.9645641389085755	0.9127129998080455	0.9396601
FM956091	1412	7060	Pseudonocardiaceae	Prauserella muralis	KC514355	1525	7619	Pseudonocardiaceae	Prauserella soli	6905.0	1412	13	14	1393	0.9964234620886981	0.9907866761162296	0.9865439093484419	0.9678514984344715	0.97804534
FM956091	1412	7060	Pseudonocardiaceae	Prauserella muralis	FJ444995	1440	7200	Pseudonocardiaceae	Prauserella sediminis	6536.0	1396	41	41	1343	0.9911439114391144	0.9706303724928367	0.9620343839541547	0.9071375019191925	0.92577904
FM956091	1412	7060	Pseudonocardiaceae	Prauserella muralis	AF466190	1514	7504	Pseudonocardiaceae	Prauserella halophila	6583.0	1412	43	39	1356	0.98761835396941	0.9723796033994334	0.9603399433427762	0.9062176922402967	0.9324363
FM956091	1412	7060	Pseudonocardiaceae	Prauserella muralis	FJ444994	1455	7275	Pseudonocardiaceae	Prauserella aidingensis	6630.0	1412	34	36	1361	0.9890988372093024	0.975886524822695	0.9638810198300283	0.9172201129226272	0.9390935
FM956091	1412	7060	Pseudonocardiaceae	Prauserella muralis	AF051342	1519	7595	Pseudonocardiaceae	Prauserella rugosa	6736.0	1412	27	28	1374	0.9927745664739884	0.9808646350106307	0.9730878186968839	0.9358954420267458	0.95410764
FM956091	1412	7060	Pseudonocardiaceae	Prauserella muralis	KF670858	1495	7475	Pseudonocardiaceae	Prauserella coralliicola	6668.0	1412	38	37	1365	0.9927272727272727	0.9737960339943342	0.96671388101983	0.9167114388981146	0.94447595
FM956091	1412	7060	Pseudonocardiaceae	Prauserella muralis	FJ444993	1457	7285	Pseudonocardiaceae	Prauserella flava	6609.0	1412	42	42	1358	0.9912408759124087	0.9702549575070821	0.9617563739376771	0.9061941074928594	0.93611896
FM956091	1412	7060	Pseudonocardiaceae	Prauserella muralis	KJ125073	1493	7465	Pseudonocardiaceae	Prauserella shujinwangii	6602.0	1412	43	40	1358	0.9897959183673469	0.9716713881019831	0.9617563739376771	0.9068932955618508	0.9351275
AF435077	1503	7515	Pseudonocardiaceae	Prauserella alba	KC514355	1525	7619	Pseudonocardiaceae	Prauserella soli	7027.0	1493	35	39	1440	0.9903713892709766	0.9764942914707858	0.9645010046885466	0.9177908774981328	0.9350632
AF435077	1503	7515	Pseudonocardiaceae	Prauserella alba	FJ444995	1440	7200	Pseudonocardiaceae	Prauserella sediminis	7097.0	1433	5	6	1425	0.9985984583041345	0.9965083798882681	0.994417306350314	0.9868104980263547	0.98569447
AF435077	1503	7515	Pseudonocardiaceae	Prauserella alba	AF466190	1514	7504	Pseudonocardiaceae	Prauserella halophila	7197.0	1488	11	16	1456	0.9891304347826086	0.9925826028320971	0.978494623655914	0.9608699706614446	0.9590885
AF435077	1503	7515	Pseudonocardiaceae	Prauserella alba	FJ444994	1455	7275	Pseudonocardiaceae	Prauserella aidingensis	7154.0	1452	10	11	1439	0.9986120749479528	0.9931082012405238	0.9910468319559229	0.9768115491439706	0.9833677
AF435077	1503	7515	Pseudonocardiaceae	Prauserella alba	AF051342	1519	7595	Pseudonocardiaceae	Prauserella rugosa	7194.0	1488	19	19	1459	0.9931926480599047	0.9872311827956989	0.980510752688172	0.9557865266748007	0.9572854
AF435077	1503	7515	Pseudonocardiaceae	Prauserella alba	KF670858	1495	7475	Pseudonocardiaceae	Prauserella coralliicola	6843.0	1478	39	52	1410	0.9887798036465638	0.9733788395904437	0.9539918809201624	0.8967649454134157	0.9154515
AF435077	1503	7515	Pseudonocardiaceae	Prauserella alba	FJ444993	1457	7285	Pseudonocardiaceae	Prauserella flava	7206.0	1452	5	4	1446	0.9986187845303868	0.9972451790633609	0.9958677685950413	0.9897162175192998	0.9891558
AF435077	1503	7515	Pseudonocardiaceae	Prauserella alba	KJ125073	1493	7465	Pseudonocardiaceae	Prauserella shujinwangii	6787.0	1460	48	46	1399	0.9893917963224894	0.9684931506849315	0.9582191780821918	0.8984893354165909	0.9091762
KC514355	1525	7619	Pseudonocardiaceae	Prauserella soli	FJ444995	1440	7200	Pseudonocardiaceae	Prauserella sediminis	6753.0	1444	41	45	1387	0.9914224446032881	0.9715277777777778	0.9605263157894737	0.9048998759525075	0.9379167
KC514355	1525	7619	Pseudonocardiaceae	Prauserella soli	AF466190	1514	7504	Pseudonocardiaceae	Prauserella halophila	7059.0	1518	33	38	1452	0.981081081081081	0.9781890284203569	0.9565217391304348	0.9127351218008017	0.94069827
KC514355	1525	7619	Pseudonocardiaceae	Prauserella soli	FJ444994	1455	7275	Pseudonocardiaceae	Prauserella aidingensis	6857.0	1454	36	35	1405	0.9901338971106413	0.9759284731774416	0.9662998624484181	0.9202547012176546	0.94254297
KC514355	1525	7619	Pseudonocardiaceae	Prauserella soli	AF051342	1519	7595	Pseudonocardiaceae	Prauserella rugosa	7250.0	1518	26	26	1478	0.9906166219839142	0.9828722002635046	0.9736495388669302	0.9408582331537951	0.95457536
KC514355	1525	7619	Pseudonocardiaceae	Prauserella soli	KF670858	1495	7475	Pseudonocardiaceae	Prauserella coralliicola	7117.0	1508	30	43	1454	0.9924914675767919	0.979933110367893	0.9641909814323607	0.9184263899859613	0.952107
KC514355	1525	7619	Pseudonocardiaceae	Prauserella soli	FJ444993	1457	7285	Pseudonocardiaceae	Prauserella flava	6860.0	1454	40	37	1405	0.9915314043754411	0.9745529573590096	0.9662998624484181	0.9164972590959897	0.94166094
KC514355	1525	7619	Pseudonocardiaceae	Prauserella soli	KJ125073	1493	7465	Pseudonocardiaceae	Prauserella shujinwangii	6944.0	1490	46	44	1430	0.9889349930843707	0.9704697986577181	0.959731543624161	0.9034972734899328	0.9302076
FJ444995	1440	7200	Pseudonocardiaceae	Prauserella sediminis	AF466190	1514	7504	Pseudonocardiaceae	Prauserella halophila	6971.0	1440	22	22	1412	0.995768688293371	0.9847222222222223	0.9805555555555555	0.9510449916400668	0.9681944
FJ444995	1440	7200	Pseudonocardiaceae	Prauserella sediminis	FJ444994	1455	7275	Pseudonocardiaceae	Prauserella aidingensis	7076.0	1437	9	10	1424	0.9978976874562018	0.9937325905292479	0.9909533750869868	0.9779325492732572	0.9827778
FJ444995	1440	7200	Pseudonocardiaceae	Prauserella sediminis	AF051342	1519	7595	Pseudonocardiaceae	Prauserella rugosa	6953.0	1440	23	18	1412	0.9929676511954993	0.9875	0.9805555555555555	0.9530758714969241	0.9656944
FJ444995	1440	7200	Pseudonocardiaceae	Prauserella sediminis	KF670858	1495	7475	Pseudonocardiaceae	Prauserella coralliicola	6732.0	1440	46	41	1385	0.9899928520371694	0.9715277777777778	0.9618055555555556	0.9054952706744429	0.935
FJ444995	1440	7200	Pseudonocardiaceae	Prauserella sediminis	FJ444993	1457	7285	Pseudonocardiaceae	Prauserella flava	7165.0	1437	2	1	1435	0.9993036211699164	0.9993041057759221	0.9986082115518441	0.9965263320281085	0.9951389
FJ444995	1440	7200	Pseudonocardiaceae	Prauserella sediminis	KJ125073	1493	7465	Pseudonocardiaceae	Prauserella shujinwangii	6671.0	1440	53	46	1378	0.9885222381635581	0.9680555555555556	0.9569444444444445	0.8934899903252215	0.9265278
AF466190	1514	7504	Pseudonocardiaceae	Prauserella halophila	FJ444994	1455	7275	Pseudonocardiaceae	Prauserella aidingensis	7140.0	1451	12	8	1438	0.9965349965349966	0.994486560992419	0.9910406616126809	0.9774926006200263	0.9814433
AF466190	1514	7504	Pseudonocardiaceae	Prauserella halophila	AF051342	1519	7595	Pseudonocardiaceae	Prauserella rugosa	7225.0	1514	17	12	1473	0.9806924101198402	0.9920739762219286	0.9729194187582563	0.9544905074950365	0.9628198
AF466190	1514	7504	Pseudonocardiaceae	Prauserella halophila	KF670858	1495	7475	Pseudonocardiaceae	Prauserella coralliicola	6924.0	1512	42	60	1431	0.9855371900826446	0.9718875502008032	0.9464285714285714	0.88430777716492	0.92628765
AF466190	1514	7504	Pseudonocardiaceae	Prauserella halophila	FJ444993	1457	7285	Pseudonocardiaceae	Prauserella flava	7074.0	1451	21	15	1430	0.9958217270194986	0.9896623018607856	0.9855272226051	0.9614246546609534	0.9710364
AF466190	1514	7504	Pseudonocardiaceae	Prauserella halophila	KJ125073	1493	7465	Pseudonocardiaceae	Prauserella shujinwangii	6839.0	1483	58	51	1415	0.9881284916201117	0.9656102494942683	0.9541469993256911	0.8866570428516481	0.916142
FJ444994	1455	7275	Pseudonocardiaceae	Prauserella aidingensis	AF051342	1519	7595	Pseudonocardiaceae	Prauserella rugosa	7100.0	1455	9	8	1435	0.9917069799585349	0.9945017182130584	0.9862542955326461	0.9748018890954501	0.975945
FJ444994	1455	7275	Pseudonocardiaceae	Prauserella aidingensis	KF670858	1495	7475	Pseudonocardiaceae	Prauserella coralliicola	6812.0	1455	40	39	1400	0.9887005649717514	0.9731958762886598	0.9621993127147767	0.9113539978622901	0.9363574
FJ444994	1455	7275	Pseudonocardiaceae	Prauserella aidingensis	FJ444993	1457	7285	Pseudonocardiaceae	Prauserella flava	7179.0	1455	10	8	1444	0.9979267449896337	0.9945017182130584	0.9924398625429554	0.9802460621840658	0.9868041
FJ444994	1455	7275	Pseudonocardiaceae	Prauserella aidingensis	KJ125073	1493	7465	Pseudonocardiaceae	Prauserella shujinwangii	6729.0	1455	53	50	1390	0.9893238434163701	0.9656357388316151	0.9553264604810997	0.8900753826100433	0.92494845
AF051342	1519	7595	Pseudonocardiaceae	Prauserella rugosa	KF670858	1495	7475	Pseudonocardiaceae	Prauserella coralliicola	7078.0	1508	31	44	1450	0.9904371584699454	0.9792642140468227	0.9615384615384616	0.9146798620482831	0.94688964
AF051342	1519	7595	Pseudonocardiaceae	Prauserella rugosa	FJ444993	1457	7285	Pseudonocardiaceae	Prauserella flava	7056.0	1456	17	16	1430	0.9930555555555556	0.989010989010989	0.9821428571428571	0.9601396566773348	0.9685655
AF051342	1519	7595	Pseudonocardiaceae	Prauserella rugosa	KJ125073	1493	7465	Pseudonocardiaceae	Prauserella shujinwangii	6970.0	1491	42	40	1434	0.9882839421088904	0.9731723675385647	0.9617706237424547	0.9103256197327474	0.93369055
KF670858	1495	7475	Pseudonocardiaceae	Prauserella coralliicola	FJ444993	1457	7285	Pseudonocardiaceae	Prauserella flava	6844.0	1456	39	38	1404	0.9901269393511989	0.9739010989010989	0.9642857142857143	0.9146201624462494	0.9394646
KF670858	1495	7475	Pseudonocardiaceae	Prauserella coralliicola	KJ125073	1493	7465	Pseudonocardiaceae	Prauserella shujinwangii	6985.0	1488	44	40	1434	0.9903314917127072	0.9731182795698925	0.9637096774193549	0.9108691990229933	0.93569994
FJ444993	1457	7285	Pseudonocardiaceae	Prauserella flava	KJ125073	1493	7465	Pseudonocardiaceae	Prauserella shujinwangii	6774.0	1457	47	46	1396	0.9893692416725727	0.9684282772820865	0.9581331503088538	0.8988868850304473	0.9298559
