FN293378	1327	6635	Promicromonosporaceae	Promicromonospora umidemergens	KP784765	1480	7400	Promicromonosporaceae	Promicromonospora alba	6535.0	1327	3	2	1316	0.9932075471698113	0.9984928409947249	0.9917106254709872	0.9879823900368857	0.9849284
FN293378	1327	6635	Promicromonosporaceae	Promicromonospora umidemergens	AB560974	1471	7349	Promicromonosporaceae	Promicromonospora thailandica	6435.0	1327	16	15	1303	0.993140243902439	0.9886963074604371	0.9819140919366993	0.959248911854765	0.9698568
FN293378	1327	6635	Promicromonosporaceae	Promicromonospora umidemergens	X83808	1453	7259	Promicromonosporaceae	Promicromonospora citrea	6374.0	1324	16	15	1295	0.9893048128342246	0.9886706948640483	0.9780966767371602	0.9554690670514497	0.96066314
FN293378	1327	6635	Promicromonosporaceae	Promicromonospora umidemergens	AJ487302	1342	6680	Promicromonosporaceae	Promicromonospora vindobonensis	6287.0	1284	13	12	1265	0.9944968553459119	0.9906542056074766	0.985202492211838	0.966212467304131	0.9475509
FN293378	1327	6635	Promicromonosporaceae	Promicromonospora umidemergens	AJ487303	1393	6899	Promicromonosporaceae	Promicromonospora aerolata	6462.0	1327	11	10	1301	0.9878511769172361	0.9924642049736248	0.9804069329314242	0.965019380172411	0.9739261
FN293378	1327	6635	Promicromonosporaceae	Promicromonospora umidemergens	AM709608	1450	7250	Promicromonosporaceae	Promicromonospora kroppenstedtii	6440.0	1327	14	13	1304	0.9923896499238964	0.9902034664657121	0.9826676714393369	0.9628824163096857	0.9706104
FN293378	1327	6635	Promicromonosporaceae	Promicromonospora umidemergens	GU434253	1370	6850	Promicromonosporaceae	Promicromonospora endophytica	6032.0	1255	15	21	1225	0.9927066450567261	0.9879903923138511	0.9760956175298805	0.9484267653794272	0.9091183
FN293378	1327	6635	Promicromonosporaceae	Promicromonospora umidemergens	KJ780745	1507	7535	Promicromonosporaceae	Promicromonospora kermanensis	6527.0	1327	4	3	1315	0.993202416918429	0.9977392614920875	0.9909570459683497	0.9857454010984936	0.9837227
FN293378	1327	6635	Promicromonosporaceae	Promicromonospora umidemergens	FJ214352	1437	7185	Promicromonosporaceae	Promicromonospora xylanilytica	6440.0	1327	14	17	1303	0.9946564885496183	0.9894259818731118	0.9819140919366993	0.9592151084541954	0.9706104
FN293378	1327	6635	Promicromonosporaceae	Promicromonospora umidemergens	JN038073	1514	7570	Promicromonosporaceae	Promicromonospora iranensis	6492.0	1327	11	10	1310	0.9946848899012908	0.9924642049736248	0.987189148455162	0.9716951483673009	0.9784476
FN293378	1327	6635	Promicromonosporaceae	Promicromonospora umidemergens	AB023375	1440	7194	Promicromonosporaceae	Promicromonospora sukumoe	6412.0	1327	16	17	1300	0.9923664122137404	0.9879336349924586	0.9796533534287868	0.9555814542008271	0.9663904
KP784765	1480	7400	Promicromonosporaceae	Promicromonospora alba	AB560974	1471	7349	Promicromonosporaceae	Promicromonospora thailandica	7133.0	1469	18	16	1444	0.993805918788713	0.9891082368958475	0.9829816201497618	0.9605059139728338	0.97060823
KP784765	1480	7400	Promicromonosporaceae	Promicromonospora alba	X83808	1453	7259	Promicromonosporaceae	Promicromonospora citrea	6975.0	1447	18	17	1416	0.9902097902097902	0.9882515549412578	0.9785763648928818	0.9551974073698436	0.96087617
KP784765	1480	7400	Promicromonosporaceae	Promicromonospora alba	AJ487302	1342	6680	Promicromonosporaceae	Promicromonospora vindobonensis	6571.0	1340	7	7	1322	0.991747936984246	0.994776119402985	0.9865671641791045	0.9763133109508139	0.98368263
KP784765	1480	7400	Promicromonosporaceae	Promicromonospora alba	AJ487303	1393	6899	Promicromonosporaceae	Promicromonospora aerolata	6772.0	1392	11	10	1364	0.9869753979739508	0.992816091954023	0.9798850574712644	0.9652182105668478	0.9815915
KP784765	1480	7400	Promicromonosporaceae	Promicromonospora alba	AM709608	1450	7250	Promicromonosporaceae	Promicromonospora kroppenstedtii	7045.0	1448	15	14	1425	0.9937238493723849	0.9903314917127072	0.9841160220994475	0.9646085958240654	0.97172415
KP784765	1480	7400	Promicromonosporaceae	Promicromonospora alba	GU434253	1370	6850	Promicromonosporaceae	Promicromonospora endophytica	6613.0	1376	18	25	1343	0.9940784603997039	0.9868517165814463	0.9760174418604651	0.9459107345433919	0.9654015
KP784765	1480	7400	Promicromonosporaceae	Promicromonospora alba	KJ780745	1507	7535	Promicromonosporaceae	Promicromonospora kermanensis	7285.0	1471	2	2	1463	0.9959155888359428	0.9986403806934059	0.9945615227736234	0.9918607447077074	0.98445946
KP784765	1480	7400	Promicromonosporaceae	Promicromonospora alba	FJ214352	1437	7185	Promicromonosporaceae	Promicromonospora xylanilytica	7024.0	1442	11	16	1419	0.9950911640953717	0.9923451635351427	0.9840499306518724	0.9657640750926152	0.97759223
KP784765	1480	7400	Promicromonosporaceae	Promicromonospora alba	JN038073	1514	7570	Promicromonosporaceae	Promicromonospora iranensis	7258.0	1478	13	12	1462	0.9972714870395635	0.9918809201623816	0.9891745602165088	0.9725888030029524	0.9808108
KP784765	1480	7400	Promicromonosporaceae	Promicromonospora alba	AB023375	1440	7194	Promicromonosporaceae	Promicromonospora sukumoe	7025.0	1441	14	15	1419	0.9950911640953717	0.9902777777777778	0.9847328244274809	0.9651058471708507	0.9765082
AB560974	1471	7349	Promicromonosporaceae	Promicromonospora thailandica	X83808	1453	7259	Promicromonosporaceae	Promicromonospora citrea	7096.0	1438	2	2	1427	0.9937325905292479	0.9986091794158554	0.9923504867872045	0.9895939576572401	0.97754514
AB560974	1471	7349	Promicromonosporaceae	Promicromonospora thailandica	AJ487302	1342	6680	Promicromonosporaceae	Promicromonospora vindobonensis	6556.0	1340	5	5	1321	0.9895131086142323	0.996268656716418	0.985820895522388	0.9784913721356046	0.98143715
AB560974	1471	7349	Promicromonosporaceae	Promicromonospora thailandica	AJ487303	1393	6899	Promicromonosporaceae	Promicromonospora aerolata	6793.0	1392	8	7	1367	0.9870036101083033	0.9949712643678161	0.9820402298850575	0.9715183702791462	0.9846355
AB560974	1471	7349	Promicromonosporaceae	Promicromonospora thailandica	AM709608	1450	7250	Promicromonosporaceae	Promicromonospora kroppenstedtii	7073.0	1449	8	9	1429	0.9923611111111111	0.994475138121547	0.9861973775017253	0.9746906133167361	0.97558624
AB560974	1471	7349	Promicromonosporaceae	Promicromonospora thailandica	GU434253	1370	6850	Promicromonosporaceae	Promicromonospora endophytica	6663.0	1369	8	15	1347	0.9948301329394387	0.9941262848751835	0.9839298758217677	0.9674953172568435	0.9727007
AB560974	1471	7349	Promicromonosporaceae	Promicromonospora thailandica	KJ780745	1507	7535	Promicromonosporaceae	Promicromonospora kermanensis	7052.0	1463	18	20	1431	0.9916839916839917	0.9876796714579056	0.9781271360218728	0.9530300184196911	0.9595863
AB560974	1471	7349	Promicromonosporaceae	Promicromonospora thailandica	FJ214352	1437	7185	Promicromonosporaceae	Promicromonospora xylanilytica	7034.0	1441	9	14	1420	0.9950946040644709	0.9937325905292479	0.9854267869535045	0.96979587929838	0.978984
AB560974	1471	7349	Promicromonosporaceae	Promicromonospora thailandica	JN038073	1514	7570	Promicromonosporaceae	Promicromonospora iranensis	7190.0	1470	8	9	1451	0.9931553730321697	0.9945541184479237	0.9870748299319728	0.9757214658529176	0.9783644
AB560974	1471	7349	Promicromonosporaceae	Promicromonospora thailandica	AB023375	1440	7194	Promicromonosporaceae	Promicromonospora sukumoe	7032.0	1442	7	9	1421	0.9916259595254711	0.9951388888888889	0.9854368932038835	0.9745556024576708	0.97748125
X83808	1453	7259	Promicromonosporaceae	Promicromonospora citrea	AJ487302	1342	6680	Promicromonosporaceae	Promicromonospora vindobonensis	6498.0	1340	7	7	1314	0.9857464366091523	0.994776119402985	0.9805970149253731	0.970405212246119	0.9727545
X83808	1453	7259	Promicromonosporaceae	Promicromonospora citrea	AJ487303	1393	6899	Promicromonosporaceae	Promicromonospora aerolata	6695.0	1380	6	5	1351	0.9825454545454545	0.9963768115942029	0.9789855072463768	0.9712157809983896	0.9704305
X83808	1453	7259	Promicromonosporaceae	Promicromonospora citrea	AM709608	1450	7250	Promicromonosporaceae	Promicromonospora kroppenstedtii	6905.0	1416	4	4	1396	0.9886685552407932	0.9971751412429378	0.9858757062146892	0.9803214768839023	0.9524138
X83808	1453	7259	Promicromonosporaceae	Promicromonospora citrea	GU434253	1370	6850	Promicromonosporaceae	Promicromonospora endophytica	6640.0	1380	8	18	1348	0.9897209985315712	0.9941605839416059	0.9768115942028985	0.9585139706803658	0.96934307
X83808	1453	7259	Promicromonosporaceae	Promicromonospora citrea	KJ780745	1507	7535	Promicromonosporaceae	Promicromonospora kermanensis	6968.0	1453	21	22	1417	0.9902166317260657	0.9855371900826446	0.975223675154852	0.9467741378199411	0.9599118
X83808	1453	7259	Promicromonosporaceae	Promicromonospora citrea	FJ214352	1437	7185	Promicromonosporaceae	Promicromonospora xylanilytica	6984.0	1440	7	12	1414	0.9901960784313726	0.9951219512195122	0.9819444444444444	0.9690509099285879	0.97202504
X83808	1453	7259	Promicromonosporaceae	Promicromonospora citrea	JN038073	1514	7570	Promicromonosporaceae	Promicromonospora iranensis	7083.0	1453	8	8	1432	0.9910034602076124	0.9944941500344116	0.9855471438403304	0.9747540197462542	0.97575426
X83808	1453	7259	Promicromonosporaceae	Promicromonospora citrea	AB023375	1440	7194	Promicromonosporaceae	Promicromonospora sukumoe	6969.0	1433	4	6	1410	0.9880868955851436	0.9972047519217331	0.9839497557571528	0.9771025062390098	0.96872395
AJ487302	1342	6680	Promicromonosporaceae	Promicromonospora vindobonensis	AJ487303	1393	6899	Promicromonosporaceae	Promicromonospora aerolata	6557.0	1340	5	4	1315	0.9842814371257484	0.9970149253731343	0.9813432835820896	0.97477667424957	0.9815868
AJ487302	1342	6680	Promicromonosporaceae	Promicromonospora vindobonensis	AM709608	1450	7250	Promicromonosporaceae	Promicromonospora kroppenstedtii	6576.0	1340	5	5	1323	0.9910112359550561	0.996268656716418	0.9873134328358208	0.9799728125173389	0.98443115
AJ487302	1342	6680	Promicromonosporaceae	Promicromonospora vindobonensis	GU434253	1370	6850	Promicromonosporaceae	Promicromonospora endophytica	6355.0	1311	6	13	1284	0.9892141756548536	0.995398773006135	0.9794050343249427	0.9652754248699891	0.9513473
AJ487302	1342	6680	Promicromonosporaceae	Promicromonospora vindobonensis	KJ780745	1507	7535	Promicromonosporaceae	Promicromonospora kermanensis	6548.0	1340	11	11	1319	0.9924755455229496	0.9917910447761195	0.9843283582089553	0.9682993249886761	0.9802395
AJ487302	1342	6680	Promicromonosporaceae	Promicromonospora vindobonensis	FJ214352	1437	7185	Promicromonosporaceae	Promicromonospora xylanilytica	6604.0	1340	5	5	1326	0.9932584269662922	0.996268656716418	0.9895522388059701	0.9821949730899406	0.9886227
AJ487302	1342	6680	Promicromonosporaceae	Promicromonospora vindobonensis	JN038073	1514	7570	Promicromonosporaceae	Promicromonospora iranensis	6620.0	1340	4	4	1328	0.9940119760479041	0.9970149253731343	0.991044776119403	0.9851457000710733	0.99101794
AJ487302	1342	6680	Promicromonosporaceae	Promicromonospora vindobonensis	AB023375	1440	7194	Promicromonosporaceae	Promicromonospora sukumoe	6544.0	1340	3	5	1319	0.9880149812734083	0.9977578475336323	0.9843283582089553	0.978464898145164	0.9796407
AJ487303	1393	6899	Promicromonosporaceae	Promicromonospora aerolata	AM709608	1450	7250	Promicromonosporaceae	Promicromonospora kroppenstedtii	6790.0	1393	4	5	1367	0.9848703170028819	0.9971264367816092	0.9813352476669059	0.9750131165079925	0.9842006
AJ487303	1393	6899	Promicromonosporaceae	Promicromonospora aerolata	GU434253	1370	6850	Promicromonosporaceae	Promicromonospora endophytica	6365.0	1312	7	15	1282	0.9884348496530455	0.9946319018404908	0.9771341463414634	0.9608362303297028	0.9291971
AJ487303	1393	6899	Promicromonosporaceae	Promicromonospora aerolata	KJ780745	1507	7535	Promicromonosporaceae	Promicromonospora kermanensis	6731.0	1393	13	14	1359	0.9854967367657723	0.9906609195402298	0.9755922469490309	0.9568575451939642	0.97564864
AJ487303	1393	6899	Promicromonosporaceae	Promicromonospora aerolata	FJ214352	1437	7185	Promicromonosporaceae	Promicromonospora xylanilytica	6778.0	1384	1	6	1361	0.9876632801161103	0.9992748368382887	0.9833815028901735	0.9784113436697899	0.9824612
AJ487303	1393	6899	Promicromonosporaceae	Promicromonospora aerolata	JN038073	1514	7570	Promicromonosporaceae	Promicromonospora iranensis	6808.0	1393	2	3	1369	0.9848920863309353	0.9985632183908046	0.9827709978463748	0.9792485211515849	0.9868097
AJ487303	1393	6899	Promicromonosporaceae	Promicromonospora aerolata	AB023375	1440	7194	Promicromonosporaceae	Promicromonospora sukumoe	6747.0	1390	5	8	1360	0.984081041968162	0.996395097332372	0.9784172661870504	0.9692993991903252	0.9779678
AM709608	1450	7250	Promicromonosporaceae	Promicromonospora kroppenstedtii	GU434253	1370	6850	Promicromonosporaceae	Promicromonospora endophytica	6505.0	1347	11	18	1319	0.9924755455229496	0.9917910447761195	0.9792130660727543	0.9583020359430711	0.949635
AM709608	1450	7250	Promicromonosporaceae	Promicromonospora kroppenstedtii	KJ780745	1507	7535	Promicromonosporaceae	Promicromonospora kermanensis	6966.0	1440	13	14	1412	0.9901823281907434	0.9909659485753995	0.9805555555555555	0.9623346333256863	0.9608276
AM709608	1450	7250	Promicromonosporaceae	Promicromonospora kroppenstedtii	FJ214352	1437	7185	Promicromonosporaceae	Promicromonospora xylanilytica	6893.0	1419	6	11	1395	0.9907670454545454	0.9957567185289957	0.9830866807610994	0.9713586291309669	0.95935977
AM709608	1450	7250	Promicromonosporaceae	Promicromonospora kroppenstedtii	JN038073	1514	7570	Promicromonosporaceae	Promicromonospora iranensis	7102.0	1447	4	4	1432	0.9923769923769924	0.9972356599861782	0.9896337249481686	0.9841774397658216	0.9795862
AM709608	1450	7250	Promicromonosporaceae	Promicromonospora kroppenstedtii	AB023375	1440	7194	Promicromonosporaceae	Promicromonospora sukumoe	6991.0	1425	6	8	1409	0.9943542695836274	0.9957835558678847	0.9887719298245614	0.9790984098961589	0.971782
GU434253	1370	6850	Promicromonosporaceae	Promicromonospora endophytica	KJ780745	1507	7535	Promicromonosporaceae	Promicromonospora kermanensis	6583.0	1370	29	20	1340	0.9925925925925926	0.9854014598540146	0.9781021897810219	0.9438441431053464	0.9610219
GU434253	1370	6850	Promicromonosporaceae	Promicromonospora endophytica	FJ214352	1437	7185	Promicromonosporaceae	Promicromonospora xylanilytica	6663.0	1364	16	11	1347	0.9955654101995566	0.9919354838709677	0.9875366568914956	0.9682152875175316	0.9727007
GU434253	1370	6850	Promicromonosporaceae	Promicromonospora endophytica	JN038073	1514	7570	Promicromonosporaceae	Promicromonospora iranensis	6684.0	1370	18	8	1353	0.9933920704845814	0.9941605839416059	0.9875912408759124	0.969091693136162	0.9757664
GU434253	1370	6850	Promicromonosporaceae	Promicromonospora endophytica	AB023375	1440	7194	Promicromonosporaceae	Promicromonospora sukumoe	6566.0	1357	17	12	1333	0.9910780669144982	0.9911569638909359	0.9823139277818718	0.9615809555069997	0.95854014
KJ780745	1507	7535	Promicromonosporaceae	Promicromonospora kermanensis	FJ214352	1437	7185	Promicromonosporaceae	Promicromonospora xylanilytica	6984.0	1442	14	19	1414	0.9936753338018272	0.9902574808629089	0.9805825242718447	0.9583577829937054	0.97202504
KJ780745	1507	7535	Promicromonosporaceae	Promicromonospora kermanensis	JN038073	1514	7570	Promicromonosporaceae	Promicromonospora iranensis	7359.0	1506	18	17	1485	0.9973136333109469	0.9887118193891102	0.9860557768924303	0.9634101389716724	0.9766423
KJ780745	1507	7535	Promicromonosporaceae	Promicromonospora kermanensis	AB023375	1440	7194	Promicromonosporaceae	Promicromonospora sukumoe	6968.0	1441	17	18	1412	0.9922698524244554	0.9881944444444445	0.9798750867453158	0.9563527081197424	0.96858495
FJ214352	1437	7185	Promicromonosporaceae	Promicromonospora xylanilytica	JN038073	1514	7570	Promicromonosporaceae	Promicromonospora iranensis	7052.0	1437	13	7	1423	0.9951048951048951	0.9951287404314544	0.9902574808629089	0.9765987569889377	0.98148924
FJ214352	1437	7185	Promicromonosporaceae	Promicromonospora xylanilytica	AB023375	1440	7194	Promicromonosporaceae	Promicromonospora sukumoe	6967.0	1431	13	10	1410	0.9922589725545391	0.9930118798043326	0.9853249475890985	0.9696307136593553	0.96965903
JN038073	1514	7570	Promicromonosporaceae	Promicromonospora iranensis	AB023375	1440	7194	Promicromonosporaceae	Promicromonospora sukumoe	7076.0	1442	5	7	1426	0.9937282229965156	0.9965277777777778	0.9889042995839112	0.980703296408371	0.98359746
