FJ196030	1446	7230	Rhodobacteraceae	Pseudorhodobacter antarcticus	D88522	1400	6940	Rhodobacteraceae	Pseudorhodobacter ferrugineus	6672.0	1407	23	30	1361	0.9883805374001452	0.9835714285714285	0.9673063255152807	0.931455112052127	0.9613833
FJ196030	1446	7230	Rhodobacteraceae	Pseudorhodobacter antarcticus	GU086365	1420	7100	Rhodobacteraceae	Pseudorhodobacter aquimaris	6589.0	1426	30	47	1358	0.9847715736040609	0.978708303761533	0.9523141654978962	0.901951397130219	0.92802817
FJ196030	1446	7230	Rhodobacteraceae	Pseudorhodobacter antarcticus	KT985057	1426	7130	Rhodobacteraceae	Pseudorhodobacter aquaticus	6728.0	1441	30	45	1380	0.9885386819484241	0.9789621318373072	0.9576682859125607	0.9088408750060739	0.94361854
FJ196030	1446	7230	Rhodobacteraceae	Pseudorhodobacter antarcticus	KX771233	1435	7175	Rhodobacteraceae	Pseudorhodobacter ponti	6712.0	1426	31	33	1376	0.9877961234745154	0.9782303370786517	0.9649368863955119	0.9225511892580289	0.9354704
FJ196030	1446	7230	Rhodobacteraceae	Pseudorhodobacter antarcticus	KT985055	1437	7179	Rhodobacteraceae	Pseudorhodobacter sinensis	6692.0	1446	32	49	1377	0.9856836077308518	0.9776067179846046	0.9522821576763485	0.9000934873300804	0.93216324
FJ196030	1446	7230	Rhodobacteraceae	Pseudorhodobacter antarcticus	KT163920	1464	7320	Rhodobacteraceae	Pseudorhodobacter psychrotolerans	6804.0	1446	24	41	1391	0.9900355871886121	0.9832050384884534	0.9619640387275242	0.919428213885831	0.94107884
FJ196030	1446	7230	Rhodobacteraceae	Pseudorhodobacter antarcticus	JN247434	1390	6950	Rhodobacteraceae	Pseudorhodobacter wandonensis	6736.0	1405	10	25	1368	0.991304347826087	0.9928057553956835	0.9736654804270463	0.9495818819712536	0.96920866
FJ196030	1446	7230	Rhodobacteraceae	Pseudorhodobacter antarcticus	KM978076	1360	6800	Rhodobacteraceae	Pseudorhodobacter collinsensis	6527.0	1375	18	33	1330	0.9910581222056631	0.986764705882353	0.9672727272727273	0.9318592964824121	0.95985293
D88522	1400	6940	Rhodobacteraceae	Pseudorhodobacter ferrugineus	GU086365	1420	7100	Rhodobacteraceae	Pseudorhodobacter aquimaris	6475.0	1400	27	37	1334	0.9787234042553191	0.9805755395683453	0.9528571428571428	0.9101221343477826	0.9329971
D88522	1400	6940	Rhodobacteraceae	Pseudorhodobacter ferrugineus	KT985057	1426	7130	Rhodobacteraceae	Pseudorhodobacter aquaticus	6400.0	1400	42	50	1324	0.9807407407407407	0.9698275862068966	0.9457142857142857	0.8853774519516545	0.9221902
D88522	1400	6940	Rhodobacteraceae	Pseudorhodobacter ferrugineus	KX771233	1435	7175	Rhodobacteraceae	Pseudorhodobacter ponti	6591.0	1400	37	32	1351	0.9875730994152047	0.9771428571428571	0.965	0.9186638830897703	0.9497118
D88522	1400	6940	Rhodobacteraceae	Pseudorhodobacter ferrugineus	KT985055	1437	7179	Rhodobacteraceae	Pseudorhodobacter sinensis	6434.0	1400	32	42	1328	0.9779086892488954	0.9769784172661871	0.9485714285714286	0.8995530726256984	0.92708933
D88522	1400	6940	Rhodobacteraceae	Pseudorhodobacter ferrugineus	KT163920	1464	7320	Rhodobacteraceae	Pseudorhodobacter psychrotolerans	6453.0	1400	36	46	1330	0.982274741506647	0.9741007194244604	0.95	0.8957520891364902	0.9298271
D88522	1400	6940	Rhodobacteraceae	Pseudorhodobacter ferrugineus	JN247434	1390	6950	Rhodobacteraceae	Pseudorhodobacter wandonensis	6616.0	1398	26	34	1349	0.9890029325513197	0.981294964028777	0.9649499284692418	0.9242919258652007	0.9533141
D88522	1400	6940	Rhodobacteraceae	Pseudorhodobacter ferrugineus	KM978076	1360	6800	Rhodobacteraceae	Pseudorhodobacter collinsensis	6285.0	1353	31	41	1291	0.9839939024390244	0.9769173492181683	0.9541759053954176	0.904536696444211	0.9242647
GU086365	1420	7100	Rhodobacteraceae	Pseudorhodobacter aquimaris	KT985057	1426	7130	Rhodobacteraceae	Pseudorhodobacter aquaticus	6494.0	1405	40	38	1342	0.9817117776152158	0.9729537366548042	0.9551601423487545	0.9036013249762959	0.9146479
GU086365	1420	7100	Rhodobacteraceae	Pseudorhodobacter aquimaris	KX771233	1435	7175	Rhodobacteraceae	Pseudorhodobacter ponti	6922.0	1420	20	5	1402	0.9908127208480565	0.9964788732394366	0.9873239436619718	0.9701829029733959	0.9749296
GU086365	1420	7100	Rhodobacteraceae	Pseudorhodobacter aquimaris	KT985055	1437	7179	Rhodobacteraceae	Pseudorhodobacter sinensis	6577.0	1420	34	41	1356	0.9833212472806382	0.9759377211606511	0.9549295774647887	0.9056725497413641	0.926338
GU086365	1420	7100	Rhodobacteraceae	Pseudorhodobacter aquimaris	KT163920	1464	7320	Rhodobacteraceae	Pseudorhodobacter psychrotolerans	6588.0	1420	38	38	1359	0.983357452966715	0.9732394366197183	0.9570422535211267	0.9071552773430707	0.9278873
GU086365	1420	7100	Rhodobacteraceae	Pseudorhodobacter aquimaris	JN247434	1390	6950	Rhodobacteraceae	Pseudorhodobacter wandonensis	6503.0	1388	39	37	1336	0.9888971132494448	0.973342939481268	0.962536023054755	0.9112727169915725	0.9356834
GU086365	1420	7100	Rhodobacteraceae	Pseudorhodobacter aquimaris	KM978076	1360	6800	Rhodobacteraceae	Pseudorhodobacter collinsensis	6268.0	1343	32	32	1290	0.9839816933638444	0.9761727475800447	0.960536113179449	0.9158275231841874	0.92176473
KT985057	1426	7130	Rhodobacteraceae	Pseudorhodobacter aquaticus	KX771233	1435	7175	Rhodobacteraceae	Pseudorhodobacter ponti	6529.0	1407	54	41	1348	0.986822840409956	0.9708599857853589	0.9580668088130775	0.8957695146055193	0.9157083
KT985057	1426	7130	Rhodobacteraceae	Pseudorhodobacter aquaticus	KT985055	1437	7179	Rhodobacteraceae	Pseudorhodobacter sinensis	6951.0	1426	9	11	1404	0.992226148409894	0.9936797752808989	0.9845722300140253	0.9708499689685336	0.9748948
KT985057	1426	7130	Rhodobacteraceae	Pseudorhodobacter aquaticus	KT163920	1464	7320	Rhodobacteraceae	Pseudorhodobacter psychrotolerans	7045.0	1426	1	3	1416	0.9950808151791989	0.9992977528089888	0.9929873772791024	0.9902039508536529	0.98807853
KT985057	1426	7130	Rhodobacteraceae	Pseudorhodobacter aquaticus	JN247434	1390	6950	Rhodobacteraceae	Pseudorhodobacter wandonensis	6550.0	1390	26	26	1343	0.9846041055718475	0.981294964028777	0.9661870503597122	0.9307056050075193	0.94244605
KT985057	1426	7130	Rhodobacteraceae	Pseudorhodobacter aquaticus	KM978076	1360	6800	Rhodobacteraceae	Pseudorhodobacter collinsensis	6734.0	1362	1	3	1353	0.9955849889624724	0.9992647058823529	0.9933920704845814	0.9904767599329025	0.9902941
KX771233	1435	7175	Rhodobacteraceae	Pseudorhodobacter ponti	KT985055	1437	7179	Rhodobacteraceae	Pseudorhodobacter sinensis	6559.0	1435	37	59	1356	0.9854651162790697	0.9738145789101204	0.9449477351916377	0.8833207089834874	0.91414636
KX771233	1435	7175	Rhodobacteraceae	Pseudorhodobacter ponti	KT163920	1464	7320	Rhodobacteraceae	Pseudorhodobacter psychrotolerans	6624.0	1435	41	56	1365	0.9898477157360406	0.9711267605633803	0.9512195121951219	0.8887071187785048	0.92320555
KX771233	1435	7175	Rhodobacteraceae	Pseudorhodobacter ponti	JN247434	1390	6950	Rhodobacteraceae	Pseudorhodobacter wandonensis	6480.0	1403	44	57	1335	0.9918276374442794	0.9683453237410072	0.9515324305060584	0.8851158614106113	0.9323741
KX771233	1435	7175	Rhodobacteraceae	Pseudorhodobacter ponti	KM978076	1360	6800	Rhodobacteraceae	Pseudorhodobacter collinsensis	6298.0	1358	36	51	1295	0.9908186687069626	0.9731943410275503	0.9536082474226805	0.894093242023991	0.9261765
KT985055	1437	7179	Rhodobacteraceae	Pseudorhodobacter sinensis	KT163920	1464	7320	Rhodobacteraceae	Pseudorhodobacter psychrotolerans	7036.0	1436	17	8	1420	0.9943977591036415	0.9944289693593314	0.9888579387186629	0.9718438654440816	0.9800808
KT985055	1437	7179	Rhodobacteraceae	Pseudorhodobacter sinensis	JN247434	1390	6950	Rhodobacteraceae	Pseudorhodobacter wandonensis	6573.0	1388	30	28	1344	0.9882352941176471	0.9798270893371758	0.968299711815562	0.9286936587229649	0.9457554
KT985055	1437	7179	Rhodobacteraceae	Pseudorhodobacter sinensis	KM978076	1360	6800	Rhodobacteraceae	Pseudorhodobacter collinsensis	6683.0	1360	8	8	1346	0.9955621301775148	0.9941176470588236	0.9897058823529412	0.9781303749570005	0.9827941
KT163920	1464	7320	Rhodobacteraceae	Pseudorhodobacter psychrotolerans	JN247434	1390	6950	Rhodobacteraceae	Pseudorhodobacter wandonensis	6605.0	1388	25	23	1349	0.9882783882783883	0.9834293948126801	0.9719020172910663	0.9388862375104781	0.9503597
KT163920	1464	7320	Rhodobacteraceae	Pseudorhodobacter psychrotolerans	KM978076	1360	6800	Rhodobacteraceae	Pseudorhodobacter collinsensis	6800.0	1360	0	0	1360	1.0	1.0	1.0	1.0	1.0
JN247434	1390	6950	Rhodobacteraceae	Pseudorhodobacter wandonensis	KM978076	1360	6800	Rhodobacteraceae	Pseudorhodobacter collinsensis	6426.0	1343	20	20	1309	0.9894179894179894	0.9851079672375279	0.9746835443037974	0.9460794784401497	0.945
