CP001341	1510	7550	Micrococcaceae	Pseudarthrobacter chlorophenolicus	AF330692	1415	7075	Micrococcaceae	Pseudarthrobacter scleromae	6857.0	1418	15	19	1390	0.993566833452466	0.9893917963224894	0.9802538787023978	0.9569959360116221	0.96918726
CP001341	1510	7550	Micrococcaceae	Pseudarthrobacter chlorophenolicus	AB248526	1461	7305	Micrococcaceae	Pseudarthrobacter niigatensis	7156.0	1460	9	8	1444	0.9944903581267218	0.9945205479452055	0.989041095890411	0.9775954194914069	0.979603
CP001341	1510	7550	Micrococcaceae	Pseudarthrobacter chlorophenolicus	AM409361	1463	7315	Micrococcaceae	Pseudarthrobacter defluvii	7184.0	1460	7	7	1447	0.9958706125258087	0.9952054794520548	0.9910958904109589	0.9816375792550261	0.9820916
CP001341	1510	7550	Micrococcaceae	Pseudarthrobacter chlorophenolicus	AF235091	1457	7285	Micrococcaceae	Pseudarthrobacter sulfonivorans	7038.0	1455	18	16	1428	0.9923558026407228	0.9890034364261169	0.9814432989690721	0.9587894821564797	0.96609473
CP001341	1510	7550	Micrococcaceae	Pseudarthrobacter chlorophenolicus	AM176541	1520	7600	Micrococcaceae	Pseudarthrobacter phenanthrenivorans	7387.0	1510	5	4	1492	0.9907038512616202	0.9973509933774835	0.9880794701986755	0.9822096911677923	0.9784106
CP001341	1510	7550	Micrococcaceae	Pseudarthrobacter chlorophenolicus	X80741	1472	7360	Micrococcaceae	Pseudarthrobacter polychromogenes	7151.0	1470	16	14	1447	0.9938186813186813	0.9904761904761905	0.9843537414965986	0.9644811895148369	0.9716033
CP001341	1510	7550	Micrococcaceae	Pseudarthrobacter chlorophenolicus	GU815139	1420	7100	Micrococcaceae	Pseudarthrobacter siccitolerans	6948.0	1417	9	6	1402	0.9936215450035436	0.9957657021877205	0.9894142554693014	0.9790066721368753	0.97859156
CP001341	1510	7550	Micrococcaceae	Pseudarthrobacter chlorophenolicus	X83408	1440	7200	Micrococcaceae	Pseudarthrobacter oxydans	6983.0	1437	16	13	1414	0.9929775280898876	0.9909533750869868	0.9839944328462074	0.9643551771321399	0.9698611
AF330692	1415	7075	Micrococcaceae	Pseudarthrobacter scleromae	AB248526	1461	7305	Micrococcaceae	Pseudarthrobacter niigatensis	6857.0	1415	28	17	1391	0.9949928469241774	0.9879858657243816	0.9830388692579505	0.9523827714640435	0.96918726
AF330692	1415	7075	Micrococcaceae	Pseudarthrobacter scleromae	AM409361	1463	7315	Micrococcaceae	Pseudarthrobacter defluvii	6867.0	1414	18	14	1391	0.9935714285714285	0.9900990099009901	0.9837340876944838	0.9617512030532662	0.9706007
AF330692	1415	7075	Micrococcaceae	Pseudarthrobacter scleromae	AF235091	1457	7285	Micrococcaceae	Pseudarthrobacter sulfonivorans	6865.0	1414	20	14	1391	0.9935714285714285	0.9900990099009901	0.9837340876944838	0.9604098485162325	0.970318
AF330692	1415	7075	Micrococcaceae	Pseudarthrobacter scleromae	AM176541	1520	7600	Micrococcaceae	Pseudarthrobacter phenanthrenivorans	6944.0	1414	16	11	1400	0.9978617248752673	0.9922206506364922	0.9900990099009901	0.9714048327909715	0.9814841
AF330692	1415	7075	Micrococcaceae	Pseudarthrobacter scleromae	X80741	1472	7360	Micrococcaceae	Pseudarthrobacter polychromogenes	7032.0	1414	8	2	1411	0.9992917847025495	0.9985855728429985	0.9978783592644979	0.990860930577687	0.99392223
AF330692	1415	7075	Micrococcaceae	Pseudarthrobacter scleromae	GU815139	1420	7100	Micrococcaceae	Pseudarthrobacter siccitolerans	6896.0	1406	20	13	1391	0.9985642498205313	0.9907539118065434	0.9893314366998578	0.9664366699319088	0.9746997
AF330692	1415	7075	Micrococcaceae	Pseudarthrobacter scleromae	X83408	1440	7200	Micrococcaceae	Pseudarthrobacter oxydans	7027.0	1410	7	0	1409	0.999290780141844	1.0	0.999290780141844	0.9943542695836274	0.99321556
AB248526	1461	7305	Micrococcaceae	Pseudarthrobacter niigatensis	AM409361	1463	7315	Micrococcaceae	Pseudarthrobacter defluvii	7222.0	1453	0	1	1448	0.9972451790633609	1.0	0.9965588437715073	0.9958729808370465	0.9886379
AB248526	1461	7305	Micrococcaceae	Pseudarthrobacter niigatensis	AF235091	1457	7285	Micrococcaceae	Pseudarthrobacter sulfonivorans	6974.0	1440	16	15	1414	0.992280701754386	0.9895833333333334	0.9819444444444444	0.9610376602564102	0.95730954
AB248526	1461	7305	Micrococcaceae	Pseudarthrobacter niigatensis	AM176541	1520	7600	Micrococcaceae	Pseudarthrobacter phenanthrenivorans	7145.0	1461	7	7	1443	0.9924346629986245	0.9952087611225188	0.9876796714579056	0.9782603830380073	0.9780972
AB248526	1461	7305	Micrococcaceae	Pseudarthrobacter niigatensis	X80741	1472	7360	Micrococcaceae	Pseudarthrobacter polychromogenes	7086.0	1461	19	18	1435	0.9944559944559944	0.9876796714579056	0.9822039698836413	0.9576488706365504	0.97002053
AB248526	1461	7305	Micrococcaceae	Pseudarthrobacter niigatensis	GU815139	1420	7100	Micrococcaceae	Pseudarthrobacter siccitolerans	6962.0	1418	7	5	1404	0.9936305732484076	0.9964739069111425	0.9901269393511989	0.9817890282829783	0.9805634
AB248526	1461	7305	Micrococcaceae	Pseudarthrobacter niigatensis	X83408	1440	7200	Micrococcaceae	Pseudarthrobacter oxydans	6994.0	1438	18	16	1415	0.9950773558368495	0.9888734353268428	0.9840055632823366	0.9610274113925018	0.9713889
AM409361	1463	7315	Micrococcaceae	Pseudarthrobacter defluvii	AF235091	1457	7285	Micrococcaceae	Pseudarthrobacter sulfonivorans	6944.0	1431	15	13	1407	0.9922425952045134	0.9909154437456325	0.9832285115303984	0.9641895085408747	0.9531915
AM409361	1463	7315	Micrococcaceae	Pseudarthrobacter defluvii	AM176541	1520	7600	Micrococcaceae	Pseudarthrobacter phenanthrenivorans	7172.0	1460	4	3	1446	0.9924502402196294	0.9979452054794521	0.9904109589041096	0.9856753873792948	0.9804511
AM409361	1463	7315	Micrococcaceae	Pseudarthrobacter defluvii	X80741	1472	7360	Micrococcaceae	Pseudarthrobacter polychromogenes	7082.0	1454	16	14	1432	0.9944444444444445	0.9903713892709766	0.984869325997249	0.9647699519973051	0.96814764
AM409361	1463	7315	Micrococcaceae	Pseudarthrobacter defluvii	GU815139	1420	7100	Micrococcaceae	Pseudarthrobacter siccitolerans	6981.0	1417	5	2	1406	0.9936395759717315	0.9985885673959068	0.9922371206774877	0.9873526904069234	0.9832394
AM409361	1463	7315	Micrococcaceae	Pseudarthrobacter defluvii	X83408	1440	7200	Micrococcaceae	Pseudarthrobacter oxydans	7011.0	1437	15	12	1417	0.9943859649122807	0.9916492693110647	0.9860821155184412	0.967745877833181	0.97375
AF235091	1457	7285	Micrococcaceae	Pseudarthrobacter sulfonivorans	AM176541	1520	7600	Micrococcaceae	Pseudarthrobacter phenanthrenivorans	7050.0	1457	17	18	1429	0.9930507296733843	0.9883241758241759	0.9807824296499656	0.9574938373584129	0.9677419
AF235091	1457	7285	Micrococcaceae	Pseudarthrobacter sulfonivorans	X80741	1472	7360	Micrococcaceae	Pseudarthrobacter polychromogenes	7036.0	1449	15	15	1424	0.99302649930265	0.989648033126294	0.9827467218771566	0.9626084693796739	0.9658202
AF235091	1457	7285	Micrococcaceae	Pseudarthrobacter sulfonivorans	GU815139	1420	7100	Micrococcaceae	Pseudarthrobacter siccitolerans	6899.0	1415	13	12	1395	0.9942979330007128	0.9915194346289753	0.9858657243816255	0.9686061703833477	0.9716901
AF235091	1457	7285	Micrococcaceae	Pseudarthrobacter sulfonivorans	X83408	1440	7200	Micrococcaceae	Pseudarthrobacter oxydans	6891.0	1419	15	14	1395	0.9928825622775801	0.9901338971106413	0.9830866807610994	0.9632055693649545	0.95708334
AM176541	1520	7600	Micrococcaceae	Pseudarthrobacter phenanthrenivorans	X80741	1472	7360	Micrococcaceae	Pseudarthrobacter polychromogenes	7239.0	1471	13	12	1457	0.9986291980808774	0.9918422841604351	0.990482664853841	0.9737966361332574	0.9835598
AM176541	1520	7600	Micrococcaceae	Pseudarthrobacter phenanthrenivorans	GU815139	1420	7100	Micrococcaceae	Pseudarthrobacter siccitolerans	7008.0	1418	7	5	1409	0.997169143665959	0.9964739069111425	0.9936530324400564	0.9852854279563508	0.98704225
AM176541	1520	7600	Micrococcaceae	Pseudarthrobacter phenanthrenivorans	X83408	1440	7200	Micrococcaceae	Pseudarthrobacter oxydans	7088.0	1438	12	10	1426	0.9985994397759104	0.9930458970792768	0.9916550764951322	0.9766092753345164	0.98444444
X80741	1472	7360	Micrococcaceae	Pseudarthrobacter polychromogenes	GU815139	1420	7100	Micrococcaceae	Pseudarthrobacter siccitolerans	6967.0	1419	16	15	1403	0.9992877492877493	0.9894291754756871	0.9887244538407329	0.9673652496114209	0.98126763
X80741	1472	7360	Micrococcaceae	Pseudarthrobacter polychromogenes	X83408	1440	7200	Micrococcaceae	Pseudarthrobacter oxydans	7176.0	1439	3	2	1437	1.0	0.9986101459346769	0.9986101459346769	0.9951475587435026	0.99666667
GU815139	1420	7100	Micrococcaceae	Pseudarthrobacter siccitolerans	X83408	1440	7200	Micrococcaceae	Pseudarthrobacter oxydans	6980.0	1420	14	14	1405	0.9992887624466572	0.9901408450704225	0.9894366197183099	0.9701170762370598	0.98309857
