EU874390	1446	7230	Flavobacteriaceae	Psychroflexus salinarum	KX155775	1450	7250	Flavobacteriaceae	Psychroflexus saliphilus	6631.0	1446	34	32	1377	0.9738330975954739	0.9778699861687413	0.9522821576763485	0.909815520915106	0.91715074
EU874390	1446	7230	Flavobacteriaceae	Psychroflexus salinarum	U85881	1455	7275	Flavobacteriaceae	Psychroflexus torquis	6749.0	1439	21	21	1388	0.9788434414668548	0.985406532314107	0.9645587213342599	0.9368111416794387	0.9334716
EU874390	1446	7230	Flavobacteriaceae	Psychroflexus salinarum	KJ782429	1448	7240	Flavobacteriaceae	Psychroflexus planctonicus	6511.0	1446	59	57	1362	0.980561555075594	0.9605809128630706	0.941908713692946	0.8693097696475097	0.9005532
EU874390	1446	7230	Flavobacteriaceae	Psychroflexus salinarum	JQ390292	1379	6895	Flavobacteriaceae	Psychroflexus salarius	6214.0	1378	41	40	1300	0.9715994020926756	0.9709724238026125	0.9433962264150944	0.8895448561968966	0.9012328
EU874390	1446	7230	Flavobacteriaceae	Psychroflexus salinarum	FR714910	1488	7374	Flavobacteriaceae	Psychroflexus halocasei	6560.0	1446	36	34	1364	0.9660056657223796	0.9764868603042877	0.9432918395573997	0.8987368943691285	0.9073306
EU874390	1446	7230	Flavobacteriaceae	Psychroflexus salinarum	FR849911	1476	7368	Flavobacteriaceae	Psychroflexus gondwanensis	6878.0	1446	20	20	1405	0.985273492286115	0.9861687413554634	0.9716459197786999	0.945134434927985	0.951314
EU874390	1446	7230	Flavobacteriaceae	Psychroflexus salinarum	AF513434	1360	6800	Flavobacteriaceae	Psychroflexus tropicus	6436.0	1363	32	35	1317	0.9917168674698795	0.9764705882352941	0.9662509170946442	0.9198431669546147	0.94647056
EU874390	1446	7230	Flavobacteriaceae	Psychroflexus salinarum	KJ782428	1446	7230	Flavobacteriaceae	Psychroflexus salis	6551.0	1446	63	63	1365	0.9869848156182213	0.9564315352697096	0.9439834024896265	0.8651617267350256	0.9060857
EU874390	1446	7230	Flavobacteriaceae	Psychroflexus salinarum	KU167714	1444	7220	Flavobacteriaceae	Psychroflexus aestuariivivens	6829.0	1446	32	34	1398	0.990084985835694	0.9778393351800554	0.966804979253112	0.9236323617763155	0.9458449
EU874390	1446	7230	Flavobacteriaceae	Psychroflexus salinarum	EU135715	1475	7375	Flavobacteriaceae	Psychroflexus sediminis	6950.0	1446	25	25	1413	0.9943701618578465	0.9827109266943291	0.9771784232365145	0.9439636569810245	0.9612725
KX155775	1450	7250	Flavobacteriaceae	Psychroflexus saliphilus	U85881	1455	7275	Flavobacteriaceae	Psychroflexus torquis	6480.0	1443	38	40	1358	0.9679258731290092	0.9736294240111034	0.9410949410949411	0.8915301839002042	0.8937931
KX155775	1450	7250	Flavobacteriaceae	Psychroflexus saliphilus	KJ782429	1448	7240	Flavobacteriaceae	Psychroflexus planctonicus	6435.0	1448	51	51	1354	0.9692197566213314	0.9647790055248618	0.9350828729281768	0.871454818866353	0.8888122
KX155775	1450	7250	Flavobacteriaceae	Psychroflexus saliphilus	JQ390292	1379	6895	Flavobacteriaceae	Psychroflexus salarius	6615.0	1380	15	16	1347	0.9875366568914956	0.9891225525743292	0.9760869565217392	0.9543961352657004	0.9593909
KX155775	1450	7250	Flavobacteriaceae	Psychroflexus saliphilus	FR714910	1488	7374	Flavobacteriaceae	Psychroflexus halocasei	6794.0	1450	19	19	1392	0.9727463312368972	0.9868965517241379	0.96	0.9351667801225323	0.93710345
KX155775	1450	7250	Flavobacteriaceae	Psychroflexus saliphilus	FR849911	1476	7368	Flavobacteriaceae	Psychroflexus gondwanensis	6613.0	1450	30	32	1376	0.9703808180535967	0.9792817679558011	0.9489655172413793	0.9092115563839702	0.9121379
KX155775	1450	7250	Flavobacteriaceae	Psychroflexus saliphilus	AF513434	1360	6800	Flavobacteriaceae	Psychroflexus tropicus	6226.0	1365	38	43	1294	0.9788199697428139	0.9720588235294118	0.947985347985348	0.8932549038037277	0.91558826
KX155775	1450	7250	Flavobacteriaceae	Psychroflexus saliphilus	KJ782428	1446	7230	Flavobacteriaceae	Psychroflexus salis	6469.0	1448	43	45	1358	0.9679258731290092	0.9702627939142462	0.9378453038674033	0.8824929318081601	0.8947441
KX155775	1450	7250	Flavobacteriaceae	Psychroflexus saliphilus	KU167714	1444	7220	Flavobacteriaceae	Psychroflexus aestuariivivens	6609.0	1448	33	37	1374	0.9737774627923459	0.9771468144044322	0.9488950276243094	0.9040451613625257	0.915374
KX155775	1450	7250	Flavobacteriaceae	Psychroflexus saliphilus	EU135715	1475	7375	Flavobacteriaceae	Psychroflexus sediminis	6628.0	1450	35	37	1377	0.9745222929936306	0.975828729281768	0.9496551724137932	0.9036112852664576	0.9142069
U85881	1455	7275	Flavobacteriaceae	Psychroflexus torquis	KJ782429	1448	7240	Flavobacteriaceae	Psychroflexus planctonicus	6400.0	1439	71	69	1345	0.9817518248175182	0.9520500347463516	0.9346768589298123	0.8480180773071807	0.8839779
U85881	1455	7275	Flavobacteriaceae	Psychroflexus torquis	JQ390292	1379	6895	Flavobacteriaceae	Psychroflexus salarius	6092.0	1381	50	52	1286	0.9676448457486833	0.9637418419144308	0.9312092686459088	0.8648337652204142	0.8835388
U85881	1455	7275	Flavobacteriaceae	Psychroflexus torquis	FR714910	1488	7374	Flavobacteriaceae	Psychroflexus halocasei	6510.0	1455	37	35	1362	0.9591549295774648	0.9759450171821306	0.9360824742268041	0.8909095934330173	0.89484537
U85881	1455	7275	Flavobacteriaceae	Psychroflexus torquis	FR849911	1476	7368	Flavobacteriaceae	Psychroflexus gondwanensis	7034.0	1455	5	5	1428	0.9848275862068966	0.9965635738831615	0.9814432989690721	0.9747210845925716	0.9668729
U85881	1455	7275	Flavobacteriaceae	Psychroflexus torquis	AF513434	1360	6800	Flavobacteriaceae	Psychroflexus tropicus	6322.0	1363	33	36	1305	0.9834212509419744	0.975735294117647	0.9574468085106383	0.9101231482045968	0.92970586
U85881	1455	7275	Flavobacteriaceae	Psychroflexus torquis	KJ782428	1446	7230	Flavobacteriaceae	Psychroflexus salis	6453.0	1439	58	58	1352	0.9790007241129616	0.9596942321056289	0.9395413481584434	0.8667378769584572	0.8925311
U85881	1455	7275	Flavobacteriaceae	Psychroflexus torquis	KU167714	1444	7220	Flavobacteriaceae	Psychroflexus aestuariivivens	6736.0	1439	20	22	1386	0.9781227946365562	0.9860821155184412	0.9631688672689368	0.9354422789034156	0.93296397
U85881	1455	7275	Flavobacteriaceae	Psychroflexus torquis	EU135715	1475	7375	Flavobacteriaceae	Psychroflexus sediminis	6873.0	1455	22	22	1409	0.9832519190509421	0.9848797250859107	0.9683848797250859	0.9395365826987462	0.94474226
KJ782429	1448	7240	Flavobacteriaceae	Psychroflexus planctonicus	JQ390292	1379	6895	Flavobacteriaceae	Psychroflexus salarius	6141.0	1383	51	55	1291	0.9721385542168675	0.9630166787527193	0.9334779464931309	0.8644760899183249	0.8906454
KJ782429	1448	7240	Flavobacteriaceae	Psychroflexus planctonicus	FR714910	1488	7374	Flavobacteriaceae	Psychroflexus halocasei	6470.0	1448	50	50	1354	0.9685264663805436	0.9654696132596685	0.9350828729281768	0.8726607852827712	0.8936464
KJ782429	1448	7240	Flavobacteriaceae	Psychroflexus planctonicus	FR849911	1476	7368	Flavobacteriaceae	Psychroflexus gondwanensis	6466.0	1448	68	70	1355	0.9833091436865021	0.9529737206085753	0.9357734806629834	0.8505909342701788	0.89309394
KJ782429	1448	7240	Flavobacteriaceae	Psychroflexus planctonicus	AF513434	1360	6800	Flavobacteriaceae	Psychroflexus tropicus	6066.0	1365	69	74	1273	0.9860573199070488	0.9492647058823529	0.9326007326007326	0.8396007990150249	0.89205885
KJ782429	1448	7240	Flavobacteriaceae	Psychroflexus planctonicus	KJ782428	1446	7230	Flavobacteriaceae	Psychroflexus salis	6905.0	1448	25	27	1408	0.9908515130190007	0.9827109266943291	0.9723756906077348	0.9380487823174414	0.9550484
KJ782429	1448	7240	Flavobacteriaceae	Psychroflexus planctonicus	KU167714	1444	7220	Flavobacteriaceae	Psychroflexus aestuariivivens	6558.0	1448	53	57	1366	0.9820273184759166	0.9632963988919667	0.9433701657458563	0.8742357765173125	0.90831023
KJ782429	1448	7240	Flavobacteriaceae	Psychroflexus planctonicus	EU135715	1475	7375	Flavobacteriaceae	Psychroflexus sediminis	6480.0	1448	65	67	1357	0.9826212889210717	0.9550484094052559	0.9371546961325967	0.8553936783602882	0.89502764
JQ390292	1379	6895	Flavobacteriaceae	Psychroflexus salarius	FR714910	1488	7374	Flavobacteriaceae	Psychroflexus halocasei	6400.0	1379	29	28	1316	0.9740932642487047	0.9796954314720813	0.9543147208121827	0.915681241347485	0.9282088
JQ390292	1379	6895	Flavobacteriaceae	Psychroflexus salarius	FR849911	1476	7368	Flavobacteriaceae	Psychroflexus gondwanensis	6187.0	1379	48	49	1296	0.9744360902255639	0.965166908563135	0.939811457577955	0.8759279877916469	0.8973169
JQ390292	1379	6895	Flavobacteriaceae	Psychroflexus salarius	AF513434	1360	6800	Flavobacteriaceae	Psychroflexus tropicus	6046.0	1349	46	50	1266	0.9745958429561201	0.9657992565055762	0.938472942920682	0.873889858676678	0.88911766
JQ390292	1379	6895	Flavobacteriaceae	Psychroflexus salarius	KJ782428	1446	7230	Flavobacteriaceae	Psychroflexus salis	6138.0	1379	55	53	1290	0.9728506787330317	0.9615663524292966	0.9354604786076868	0.8650073881686141	0.8902103
JQ390292	1379	6895	Flavobacteriaceae	Psychroflexus salarius	KU167714	1444	7220	Flavobacteriaceae	Psychroflexus aestuariivivens	6200.0	1379	41	44	1297	0.9715355805243445	0.970203488372093	0.9405366207396664	0.8842368934418695	0.89920235
JQ390292	1379	6895	Flavobacteriaceae	Psychroflexus salarius	EU135715	1475	7375	Flavobacteriaceae	Psychroflexus sediminis	6175.0	1379	50	51	1294	0.9743975903614458	0.9637155297532656	0.9383611312545322	0.8720388959454295	0.8955765
FR714910	1488	7374	Flavobacteriaceae	Psychroflexus halocasei	FR849911	1476	7368	Flavobacteriaceae	Psychroflexus gondwanensis	6664.0	1468	31	33	1384	0.9644599303135889	0.9788540245566166	0.9427792915531336	0.9025272070572025	0.90445167
FR714910	1488	7374	Flavobacteriaceae	Psychroflexus halocasei	AF513434	1360	6800	Flavobacteriaceae	Psychroflexus tropicus	6083.0	1365	52	57	1273	0.9732415902140673	0.961764705882353	0.9326007326007326	0.8608622147083685	0.89455885
FR714910	1488	7374	Flavobacteriaceae	Psychroflexus halocasei	KJ782428	1446	7230	Flavobacteriaceae	Psychroflexus salis	6487.0	1448	45	47	1355	0.9671663097787295	0.9688796680497925	0.9357734806629834	0.8781102789074613	0.8972337
FR714910	1488	7374	Flavobacteriaceae	Psychroflexus halocasei	KU167714	1444	7220	Flavobacteriaceae	Psychroflexus aestuariivivens	6569.0	1448	38	42	1365	0.9708392603129445	0.9736842105263158	0.9426795580110497	0.8919296491006299	0.9098338
FR714910	1488	7374	Flavobacteriaceae	Psychroflexus halocasei	EU135715	1475	7375	Flavobacteriaceae	Psychroflexus sediminis	6596.0	1468	49	51	1376	0.9710656316160904	0.9665757162346521	0.9373297002724795	0.8755413218761393	0.8944942
FR849911	1476	7368	Flavobacteriaceae	Psychroflexus gondwanensis	AF513434	1360	6800	Flavobacteriaceae	Psychroflexus tropicus	6409.0	1363	26	29	1315	0.9857571214392804	0.9808823529411764	0.9647835656639765	0.9265811926535239	0.9425
FR849911	1476	7368	Flavobacteriaceae	Psychroflexus gondwanensis	KJ782428	1446	7230	Flavobacteriaceae	Psychroflexus salis	6531.0	1446	62	62	1363	0.9848265895953757	0.9571230982019364	0.9426002766251729	0.8650920310671347	0.9033195
FR849911	1476	7368	Flavobacteriaceae	Psychroflexus gondwanensis	KU167714	1444	7220	Flavobacteriaceae	Psychroflexus aestuariivivens	6859.0	1446	15	17	1403	0.9818054583624912	0.989612188365651	0.9702627939142462	0.9490113158819012	0.95
FR849911	1476	7368	Flavobacteriaceae	Psychroflexus gondwanensis	EU135715	1475	7375	Flavobacteriaceae	Psychroflexus sediminis	7050.0	1476	15	16	1438	0.9849315068493151	0.9898305084745763	0.9742547425474255	0.9539986077258492	0.9568404
AF513434	1360	6800	Flavobacteriaceae	Psychroflexus tropicus	KJ782428	1446	7230	Flavobacteriaceae	Psychroflexus salis	6083.0	1360	73	70	1275	0.9883720930232558	0.9485294117647058	0.9375	0.8439462665736218	0.89455885
AF513434	1360	6800	Flavobacteriaceae	Psychroflexus tropicus	KU167714	1444	7220	Flavobacteriaceae	Psychroflexus aestuariivivens	6394.0	1360	36	35	1312	0.990188679245283	0.9742647058823529	0.9647058823529412	0.9156413281645036	0.94029415
AF513434	1360	6800	Flavobacteriaceae	Psychroflexus tropicus	EU135715	1475	7375	Flavobacteriaceae	Psychroflexus sediminis	6531.0	1360	20	17	1329	0.9895755770662695	0.9875	0.9772058823529411	0.9510054347826087	0.9604412
KJ782428	1446	7230	Flavobacteriaceae	Psychroflexus salis	KU167714	1444	7220	Flavobacteriaceae	Psychroflexus aestuariivivens	6630.0	1446	46	48	1375	0.9835479256080114	0.9681440443213296	0.9508990318118948	0.8909898434805824	0.91828257
KJ782428	1446	7230	Flavobacteriaceae	Psychroflexus salis	EU135715	1475	7375	Flavobacteriaceae	Psychroflexus sediminis	6541.0	1446	65	65	1364	0.9876900796524257	0.9550484094052559	0.9432918395573997	0.8621350300653667	0.9047026
KU167714	1444	7220	Flavobacteriaceae	Psychroflexus aestuariivivens	EU135715	1475	7375	Flavobacteriaceae	Psychroflexus sediminis	6920.0	1444	20	18	1410	0.9887798036465638	0.9875346260387812	0.9764542936288089	0.9511091685209572	0.95844877
