HQ111524	1432	7160	Chromatiaceae	Rheinheimera tilapiae	FJ169968	1491	7455	Chromatiaceae	Rheinheimera nanhaiensis	6724.0	1432	33	32	1381	0.9864285714285714	0.9776536312849162	0.9643854748603352	0.9215970408221633	0.93910617
HQ111524	1432	7160	Chromatiaceae	Rheinheimera tilapiae	EF575565	1489	7445	Chromatiaceae	Rheinheimera soli	6862.0	1432	23	22	1397	0.9907801418439717	0.9846368715083799	0.9755586592178771	0.9453867419224787	0.95837986
HQ111524	1432	7160	Chromatiaceae	Rheinheimera tilapiae	AJ441080	1481	7309	Chromatiaceae	Rheinheimera baltica	6715.0	1432	36	23	1379	0.978708303761533	0.9839385474860335	0.9629888268156425	0.9242855974000275	0.93784916
HQ111524	1432	7160	Chromatiaceae	Rheinheimera tilapiae	DQ298025	1499	7495	Chromatiaceae	Rheinheimera chironomi	6879.0	1432	19	17	1400	0.9893992932862191	0.9881284916201117	0.9776536312849162	0.9533975797850838	0.9607542
HQ111524	1432	7160	Chromatiaceae	Rheinheimera tilapiae	EF076757	1492	7460	Chromatiaceae	Rheinheimera aquimaris	6748.0	1432	48	35	1385	0.9914101646385111	0.9755586592178771	0.9671787709497207	0.9129383398761891	0.9424581
HQ111524	1432	7160	Chromatiaceae	Rheinheimera tilapiae	KC762310	1496	7480	Chromatiaceae	Rheinheimera tuosuensis	6603.0	1432	52	41	1368	0.9834651329978433	0.9713687150837989	0.9553072625698324	0.8954396241473295	0.9222067
HQ111524	1432	7160	Chromatiaceae	Rheinheimera tilapiae	JQ922423	1360	6800	Chromatiaceae	Rheinheimera hassiensis	6318.0	1345	45	32	1299	0.9893373952779894	0.9762081784386617	0.9657992565055762	0.9122981466128213	0.9291176
HQ111524	1432	7160	Chromatiaceae	Rheinheimera tilapiae	AM183347	1476	7380	Chromatiaceae	Rheinheimera perlucida	6720.0	1430	37	24	1382	0.9829302987197724	0.9832167832167832	0.9664335664335665	0.9262478489472356	0.9385475
HQ111524	1432	7160	Chromatiaceae	Rheinheimera tilapiae	EU183319	1488	7440	Chromatiaceae	Rheinheimera longhuensis	6755.0	1432	32	31	1385	0.9885795860099929	0.9783519553072626	0.9671787709497207	0.9255583730195074	0.9434357
HQ111524	1432	7160	Chromatiaceae	Rheinheimera tilapiae	GQ168584	1406	7030	Chromatiaceae	Rheinheimera aquatica	6823.0	1413	19	26	1382	0.996395097332372	0.9864864864864865	0.9780608634111819	0.9473257105805232	0.97055477
HQ111524	1432	7160	Chromatiaceae	Rheinheimera tilapiae	KJ816861	1447	7235	Chromatiaceae	Rheinheimera arenilitoris	6818.0	1423	28	27	1388	0.994269340974212	0.9810260014054814	0.9754040758959944	0.93843148859463	0.9522346
HQ111524	1432	7160	Chromatiaceae	Rheinheimera tilapiae	LC004727	1496	7480	Chromatiaceae	Rheinheimera japonica	6849.0	1432	30	29	1395	0.9942979330007128	0.9797486033519553	0.9741620111731844	0.9348490435540203	0.95656425
HQ111524	1432	7160	Chromatiaceae	Rheinheimera tilapiae	JQ922424	1416	7074	Chromatiaceae	Rheinheimera muenzenbergensis	6642.0	1395	29	28	1356	0.991953182150695	0.9799283154121864	0.9720430107526882	0.9331339857436269	0.9389313
HQ111524	1432	7160	Chromatiaceae	Rheinheimera tilapiae	KM025195	1488	7440	Chromatiaceae	Rheinheimera mesophila	6891.0	1432	22	21	1400	0.9922041105598866	0.9853351955307262	0.9776536312849162	0.9487409035371506	0.9624302
HQ111524	1432	7160	Chromatiaceae	Rheinheimera tilapiae	AY701891	1447	7235	Chromatiaceae	Rheinheimera texasensis	6952.0	1432	24	24	1407	0.9992897727272727	0.9832402234636871	0.9825418994413407	0.9501504082509669	0.9709497
HQ111524	1432	7160	Chromatiaceae	Rheinheimera tilapiae	DQ874340	1390	6950	Chromatiaceae	Rheinheimera tangshanensis	6751.0	1391	14	15	1367	0.9934593023255814	0.9899280575539569	0.98274622573688	0.9624617840668661	0.9713669
HQ111524	1432	7160	Chromatiaceae	Rheinheimera tilapiae	AB073132	1402	6980	Chromatiaceae	Rheinheimera pacifica	6515.0	1400	35	35	1343	0.9838827838827838	0.975	0.9592857142857143	0.9124912891986062	0.9333811
FJ169968	1491	7455	Chromatiaceae	Rheinheimera nanhaiensis	EF575565	1489	7445	Chromatiaceae	Rheinheimera soli	7069.0	1489	24	24	1445	0.9863481228668942	0.9838817998656817	0.9704499664204164	0.9396623931301454	0.9494963
FJ169968	1491	7455	Chromatiaceae	Rheinheimera nanhaiensis	AJ441080	1481	7309	Chromatiaceae	Rheinheimera baltica	6929.0	1469	27	15	1420	0.9766162310866575	0.989788972089857	0.966643975493533	0.93950557511203	0.9480093
FJ169968	1491	7455	Chromatiaceae	Rheinheimera nanhaiensis	DQ298025	1499	7495	Chromatiaceae	Rheinheimera chironomi	7100.0	1491	25	23	1450	0.9877384196185286	0.9845741113346748	0.9725016767270288	0.9417100669098143	0.95238096
FJ169968	1491	7455	Chromatiaceae	Rheinheimera nanhaiensis	EF076757	1492	7460	Chromatiaceae	Rheinheimera aquimaris	7145.0	1469	24	12	1448	0.9938229238160604	0.9918311776718857	0.9857045609257998	0.9619367349423245	0.9584172
FJ169968	1491	7455	Chromatiaceae	Rheinheimera nanhaiensis	KC762310	1496	7480	Chromatiaceae	Rheinheimera tuosuensis	7000.0	1486	35	25	1438	0.9842573579739904	0.9831763122476447	0.9676985195154778	0.9295250078975102	0.9389671
FJ169968	1491	7455	Chromatiaceae	Rheinheimera nanhaiensis	JQ922423	1360	6800	Chromatiaceae	Rheinheimera hassiensis	6438.0	1348	34	22	1315	0.9917043740573153	0.983679525222552	0.9755192878338279	0.935990286300764	0.9467647
FJ169968	1491	7455	Chromatiaceae	Rheinheimera nanhaiensis	AM183347	1476	7380	Chromatiaceae	Rheinheimera perlucida	6839.0	1468	44	36	1411	0.9853351955307262	0.9754768392370572	0.9611716621253406	0.9103160186266454	0.92669374
FJ169968	1491	7455	Chromatiaceae	Rheinheimera nanhaiensis	EU183319	1488	7440	Chromatiaceae	Rheinheimera longhuensis	7059.0	1488	23	23	1444	0.985665529010239	0.9845430107526881	0.9704301075268817	0.9408869010766922	0.9487903
FJ169968	1491	7455	Chromatiaceae	Rheinheimera nanhaiensis	GQ168584	1406	7030	Chromatiaceae	Rheinheimera aquatica	6571.0	1409	28	31	1353	0.9818577648766328	0.9800853485064012	0.9602555003548616	0.9208295612310363	0.9347084
FJ169968	1491	7455	Chromatiaceae	Rheinheimera nanhaiensis	KJ816861	1447	7235	Chromatiaceae	Rheinheimera arenilitoris	6935.0	1447	20	20	1412	0.9894884372810091	0.9861782999308915	0.9758120248790602	0.9492050167023988	0.9585349
FJ169968	1491	7455	Chromatiaceae	Rheinheimera nanhaiensis	LC004727	1496	7480	Chromatiaceae	Rheinheimera japonica	7144.0	1477	16	16	1449	0.9917864476386037	0.989167230873392	0.981042654028436	0.960015617907264	0.958283
FJ169968	1491	7455	Chromatiaceae	Rheinheimera nanhaiensis	JQ922424	1416	7074	Chromatiaceae	Rheinheimera muenzenbergensis	6915.0	1417	7	8	1397	0.9914833215046132	0.9950564971751412	0.9858856739590685	0.9755006422811288	0.9775233
FJ169968	1491	7455	Chromatiaceae	Rheinheimera nanhaiensis	KM025195	1488	7440	Chromatiaceae	Rheinheimera mesophila	6973.0	1489	33	34	1433	0.9848797250859107	0.9778225806451613	0.9623908663532572	0.9200254339973648	0.9372312
FJ169968	1491	7455	Chromatiaceae	Rheinheimera nanhaiensis	AY701891	1447	7235	Chromatiaceae	Rheinheimera texasensis	6728.0	1448	36	37	1388	0.9836995038979447	0.9751209398756047	0.9585635359116023	0.9114104778782147	0.92992395
FJ169968	1491	7455	Chromatiaceae	Rheinheimera nanhaiensis	DQ874340	1390	6950	Chromatiaceae	Rheinheimera tangshanensis	6538.0	1391	26	27	1342	0.9838709677419355	0.981294964028777	0.9647735442127966	0.9286881540622827	0.9407194
FJ169968	1491	7455	Chromatiaceae	Rheinheimera nanhaiensis	AB073132	1402	6980	Chromatiaceae	Rheinheimera pacifica	6770.0	1404	19	21	1374	0.9934924078091106	0.9864479315263909	0.9786324786324786	0.9511234841522965	0.969914
EF575565	1489	7445	Chromatiaceae	Rheinheimera soli	AJ441080	1481	7309	Chromatiaceae	Rheinheimera baltica	6891.0	1469	35	23	1415	0.9785615491009682	0.9843430905377808	0.9632402995234853	0.9260940645684573	0.94281024
EF575565	1489	7445	Chromatiaceae	Rheinheimera soli	DQ298025	1499	7495	Chromatiaceae	Rheinheimera chironomi	7127.0	1489	18	16	1453	0.9864222674813307	0.9892545332437878	0.9758226997985225	0.9538067928355831	0.9572868
EF575565	1489	7445	Chromatiaceae	Rheinheimera soli	EF076757	1492	7460	Chromatiaceae	Rheinheimera aquimaris	6991.0	1469	42	30	1429	0.9930507296733843	0.9795779441797141	0.9727705922396188	0.9264175262957057	0.9390195
EF575565	1489	7445	Chromatiaceae	Rheinheimera soli	KC762310	1496	7480	Chromatiaceae	Rheinheimera tuosuensis	6857.0	1486	53	43	1420	0.9840609840609841	0.9710632570659489	0.955585464333782	0.8959777940439554	0.9210208
EF575565	1489	7445	Chromatiaceae	Rheinheimera soli	JQ922423	1360	6800	Chromatiaceae	Rheinheimera hassiensis	6313.0	1348	51	39	1299	0.9923605805958747	0.9710682492581603	0.9636498516320475	0.9016566517414941	0.92838234
EF575565	1489	7445	Chromatiaceae	Rheinheimera soli	AM183347	1476	7380	Chromatiaceae	Rheinheimera perlucida	6841.0	1468	49	41	1410	0.9880868955851436	0.9720708446866485	0.9604904632152589	0.9035068497087504	0.92696476
EF575565	1489	7445	Chromatiaceae	Rheinheimera soli	EU183319	1488	7440	Chromatiaceae	Rheinheimera longhuensis	6992.0	1488	24	24	1437	0.9815573770491803	0.9838709677419355	0.9657258064516129	0.9350678443420378	0.93978494
EF575565	1489	7445	Chromatiaceae	Rheinheimera soli	GQ168584	1406	7030	Chromatiaceae	Rheinheimera aquatica	6672.0	1418	30	42	1365	0.9920058139534884	0.9786628733997155	0.96262341325811	0.9147581606651654	0.9490754
EF575565	1489	7445	Chromatiaceae	Rheinheimera soli	KJ816861	1447	7235	Chromatiaceae	Rheinheimera arenilitoris	6898.0	1447	20	20	1408	0.9866853538892782	0.9861782999308915	0.9730476848652384	0.9465160506494172	0.9534209
EF575565	1489	7445	Chromatiaceae	Rheinheimera soli	LC004727	1496	7480	Chromatiaceae	Rheinheimera japonica	7087.0	1477	26	26	1442	0.9937973811164714	0.982396750169262	0.976303317535545	0.9425256911138229	0.951914
EF575565	1489	7445	Chromatiaceae	Rheinheimera soli	JQ922424	1416	7074	Chromatiaceae	Rheinheimera muenzenbergensis	6762.0	1417	21	22	1379	0.9885304659498207	0.9851694915254238	0.9731827805222301	0.9440820436915932	0.9558948
EF575565	1489	7445	Chromatiaceae	Rheinheimera soli	KM025195	1488	7440	Chromatiaceae	Rheinheimera mesophila	7174.0	1489	26	27	1456	0.9958960328317373	0.9825268817204301	0.9778374748153122	0.9436292991287041	0.9642473
EF575565	1489	7445	Chromatiaceae	Rheinheimera soli	AY701891	1447	7235	Chromatiaceae	Rheinheimera texasensis	6877.0	1448	31	32	1405	0.992231638418079	0.9785763648928818	0.9703038674033149	0.9289724653435388	0.9505183
EF575565	1489	7445	Chromatiaceae	Rheinheimera soli	DQ874340	1390	6950	Chromatiaceae	Rheinheimera tangshanensis	6798.0	1391	15	16	1372	0.9978181818181818	0.9892086330935251	0.9863407620416966	0.964593561740635	0.9781295
EF575565	1489	7445	Chromatiaceae	Rheinheimera soli	AB073132	1402	6980	Chromatiaceae	Rheinheimera pacifica	6571.0	1404	30	32	1351	0.9846938775510204	0.978601997146933	0.9622507122507122	0.9206471249706953	0.941404
AJ441080	1481	7309	Chromatiaceae	Rheinheimera baltica	DQ298025	1499	7495	Chromatiaceae	Rheinheimera chironomi	6852.0	1481	23	34	1411	0.9751209398756047	0.9843537414965986	0.9527346387575962	0.9166270094961714	0.93747437
AJ441080	1481	7309	Chromatiaceae	Rheinheimera baltica	EF076757	1492	7460	Chromatiaceae	Rheinheimera aquimaris	7023.0	1470	16	16	1429	0.982806052269601	0.9891156462585035	0.972108843537415	0.9511751403118448	0.96087015
AJ441080	1481	7309	Chromatiaceae	Rheinheimera baltica	KC762310	1496	7480	Chromatiaceae	Rheinheimera tuosuensis	6792.0	1481	42	44	1405	0.977731384829506	0.9716024340770791	0.9486833220796759	0.8951135481474027	0.92926526
AJ441080	1481	7309	Chromatiaceae	Rheinheimera baltica	JQ922423	1360	6800	Chromatiaceae	Rheinheimera hassiensis	6392.0	1360	24	24	1309	0.9797904191616766	0.9823529411764705	0.9625	0.9291184971098266	0.94
AJ441080	1481	7309	Chromatiaceae	Rheinheimera baltica	AM183347	1476	7380	Chromatiaceae	Rheinheimera perlucida	6894.0	1477	27	30	1416	0.9785763648928818	0.9816824966078698	0.9587000677048071	0.9223663550324839	0.9432207
AJ441080	1481	7309	Chromatiaceae	Rheinheimera baltica	EU183319	1488	7440	Chromatiaceae	Rheinheimera longhuensis	6842.0	1481	28	40	1409	0.9777931991672449	0.9809394145677331	0.9513841998649561	0.9085120159081523	0.93610615
AJ441080	1481	7309	Chromatiaceae	Rheinheimera baltica	GQ168584	1406	7030	Chromatiaceae	Rheinheimera aquatica	6534.0	1422	28	45	1347	0.9782135076252724	0.9800711743772242	0.9472573839662447	0.8995678742907027	0.9294452
AJ441080	1481	7309	Chromatiaceae	Rheinheimera baltica	KJ816861	1447	7235	Chromatiaceae	Rheinheimera arenilitoris	6727.0	1459	26	38	1387	0.976073187895848	0.9820317899101589	0.9506511309115833	0.909680307761185	0.9297858
AJ441080	1481	7309	Chromatiaceae	Rheinheimera baltica	LC004727	1496	7480	Chromatiaceae	Rheinheimera japonica	7064.0	1478	8	20	1434	0.9835390946502057	0.9945429740791268	0.9702300405953992	0.9519484516743553	0.96647966
AJ441080	1481	7309	Chromatiaceae	Rheinheimera baltica	JQ922424	1416	7074	Chromatiaceae	Rheinheimera muenzenbergensis	6763.0	1429	13	26	1378	0.9821810406272273	0.990819209039548	0.9643107067879636	0.9382301814310076	0.9560362
AJ441080	1481	7309	Chromatiaceae	Rheinheimera baltica	KM025195	1488	7440	Chromatiaceae	Rheinheimera mesophila	6820.0	1481	29	41	1406	0.9763888888888889	0.9802586793737236	0.949358541525996	0.905348542912208	0.9330962
AJ441080	1481	7309	Chromatiaceae	Rheinheimera baltica	AY701891	1447	7235	Chromatiaceae	Rheinheimera texasensis	6687.0	1453	29	42	1379	0.9773210489014883	0.9798611111111111	0.949070887818307	0.9036025794275513	0.9242571
AJ441080	1481	7309	Chromatiaceae	Rheinheimera baltica	DQ874340	1390	6950	Chromatiaceae	Rheinheimera tangshanensis	6478.0	1403	26	39	1334	0.9780058651026393	0.981294964028777	0.9508196721311475	0.907570351845266	0.93208635
AJ441080	1481	7309	Chromatiaceae	Rheinheimera baltica	AB073132	1402	6980	Chromatiaceae	Rheinheimera pacifica	6537.0	1416	24	38	1346	0.97677793904209	0.9828815977175464	0.9505649717514124	0.9096378688010044	0.936533
DQ298025	1499	7495	Chromatiaceae	Rheinheimera chironomi	EF076757	1492	7460	Chromatiaceae	Rheinheimera aquimaris	6993.0	1472	38	28	1430	0.9903047091412742	0.9809782608695652	0.9714673913043478	0.9290059026778001	0.93739945
DQ298025	1499	7495	Chromatiaceae	Rheinheimera chironomi	KC762310	1496	7480	Chromatiaceae	Rheinheimera tuosuensis	6913.0	1488	42	34	1427	0.9814305364511692	0.9771505376344086	0.959005376344086	0.9113685079766674	0.92419785
DQ298025	1499	7495	Chromatiaceae	Rheinheimera chironomi	JQ922423	1360	6800	Chromatiaceae	Rheinheimera hassiensis	6350.0	1349	42	31	1304	0.9893778452200304	0.9770200148257969	0.9666419570051891	0.9159123647252617	0.9338235
DQ298025	1499	7495	Chromatiaceae	Rheinheimera chironomi	AM183347	1476	7380	Chromatiaceae	Rheinheimera perlucida	6854.0	1470	38	32	1413	0.9826147426981919	0.9782312925170068	0.9612244897959183	0.9166053158663996	0.9287263
DQ298025	1499	7495	Chromatiaceae	Rheinheimera chironomi	EU183319	1488	7440	Chromatiaceae	Rheinheimera longhuensis	7062.0	1490	19	21	1445	0.9836623553437712	0.9872311827956989	0.9697986577181208	0.9440916025102183	0.94919354
DQ298025	1499	7495	Chromatiaceae	Rheinheimera chironomi	GQ168584	1406	7030	Chromatiaceae	Rheinheimera aquatica	6708.0	1419	24	37	1370	0.9913169319826338	0.9829302987197724	0.9654686398872445	0.9246553432599943	0.9541963
DQ298025	1499	7495	Chromatiaceae	Rheinheimera chironomi	KJ816861	1447	7235	Chromatiaceae	Rheinheimera arenilitoris	7078.0	1449	14	16	1429	0.9972086531751571	0.9903248099516241	0.9861973775017253	0.9659746014763995	0.9782999
DQ298025	1499	7495	Chromatiaceae	Rheinheimera chironomi	LC004727	1496	7480	Chromatiaceae	Rheinheimera japonica	7029.0	1480	26	28	1436	0.9889807162534435	0.9824086603518268	0.9702702702702702	0.9354797028103801	0.9397059
DQ298025	1499	7495	Chromatiaceae	Rheinheimera chironomi	JQ922424	1416	7074	Chromatiaceae	Rheinheimera muenzenbergensis	6801.0	1419	17	20	1384	0.9892780557541101	0.9879943502824858	0.9753347427766033	0.9502042514933621	0.96140796
DQ298025	1499	7495	Chromatiaceae	Rheinheimera chironomi	KM025195	1488	7440	Chromatiaceae	Rheinheimera mesophila	7091.0	1491	29	32	1447	0.9917751884852639	0.980510752688172	0.9704896042924211	0.9315423241201595	0.9530914
DQ298025	1499	7495	Chromatiaceae	Rheinheimera chironomi	AY701891	1447	7235	Chromatiaceae	Rheinheimera texasensis	6898.0	1449	26	28	1408	0.9908515130190007	0.9820317899101589	0.971704623878537	0.9361303529026448	0.9534209
DQ298025	1499	7495	Chromatiaceae	Rheinheimera chironomi	DQ874340	1390	6950	Chromatiaceae	Rheinheimera tangshanensis	6671.0	1392	22	24	1358	0.9926900584795322	0.9841726618705036	0.9755747126436781	0.9438374871969955	0.9598561
DQ298025	1499	7495	Chromatiaceae	Rheinheimera chironomi	AB073132	1402	6980	Chromatiaceae	Rheinheimera pacifica	6669.0	1405	23	26	1362	0.9876722262509064	0.9835948644793152	0.9693950177935943	0.9361314632614611	0.9554441
EF076757	1492	7460	Chromatiaceae	Rheinheimera aquimaris	KC762310	1496	7480	Chromatiaceae	Rheinheimera tuosuensis	6979.0	1478	27	29	1429	0.9861973775017253	0.9817073170731707	0.9668470906630582	0.9308713849639676	0.9355228
EF076757	1492	7460	Chromatiaceae	Rheinheimera aquimaris	JQ922423	1360	6800	Chromatiaceae	Rheinheimera hassiensis	6592.0	1360	21	21	1335	0.9970126960418223	0.9845588235294118	0.9816176470588235	0.9517639604719512	0.9694118
EF076757	1492	7460	Chromatiaceae	Rheinheimera aquimaris	AM183347	1476	7380	Chromatiaceae	Rheinheimera perlucida	6957.0	1466	26	28	1422	0.9888734353268428	0.98224043715847	0.9699863574351978	0.9348796125950499	0.9426829
EF076757	1492	7460	Chromatiaceae	Rheinheimera aquimaris	EU183319	1488	7440	Chromatiaceae	Rheinheimera longhuensis	7022.0	1480	15	27	1433	0.9862353750860289	0.9897820163487738	0.9682432432432433	0.9410417608243695	0.9438172
EF076757	1492	7460	Chromatiaceae	Rheinheimera aquimaris	GQ168584	1406	7030	Chromatiaceae	Rheinheimera aquatica	6598.0	1422	33	50	1357	0.989067055393586	0.9765124555160143	0.9542897327707455	0.8998525865027236	0.9385491
EF076757	1492	7460	Chromatiaceae	Rheinheimera aquimaris	KJ816861	1447	7235	Chromatiaceae	Rheinheimera arenilitoris	6835.0	1459	30	42	1402	0.9894142554693014	0.9792674498963373	0.9609321453050035	0.9144666554044258	0.9447132
EF076757	1492	7460	Chromatiaceae	Rheinheimera aquimaris	LC004727	1496	7480	Chromatiaceae	Rheinheimera japonica	7223.0	1492	13	25	1461	0.9959100204498977	0.9912162162162163	0.9792225201072386	0.9544979647822719	0.96823055
EF076757	1492	7460	Chromatiaceae	Rheinheimera aquimaris	JQ922424	1416	7074	Chromatiaceae	Rheinheimera muenzenbergensis	6901.0	1429	11	24	1397	0.994306049822064	0.992231638418079	0.9776067179846046	0.9538454435891456	0.9755443
EF076757	1492	7460	Chromatiaceae	Rheinheimera aquimaris	KM025195	1488	7440	Chromatiaceae	Rheinheimera mesophila	6929.0	1481	34	46	1421	0.9902439024390244	0.9768550034036759	0.9594868332207968	0.9088208618295995	0.9313172
EF076757	1492	7460	Chromatiaceae	Rheinheimera aquimaris	AY701891	1447	7235	Chromatiaceae	Rheinheimera texasensis	6812.0	1460	34	47	1399	0.9900920028308563	0.9765031098825155	0.9582191780821918	0.9062675358970128	0.9415342
EF076757	1492	7460	Chromatiaceae	Rheinheimera aquimaris	DQ874340	1390	6950	Chromatiaceae	Rheinheimera tangshanensis	6569.0	1403	32	45	1347	0.991899852724595	0.9769784172661871	0.9600855310049893	0.9085687464144776	0.9451799
EF076757	1492	7460	Chromatiaceae	Rheinheimera aquimaris	AB073132	1402	6980	Chromatiaceae	Rheinheimera pacifica	6772.0	1416	11	25	1376	0.9892163910855499	0.9921540656205421	0.9717514124293786	0.947236310223732	0.9702006
KC762310	1496	7480	Chromatiaceae	Rheinheimera tuosuensis	JQ922423	1360	6800	Chromatiaceae	Rheinheimera hassiensis	6382.0	1358	33	31	1310	0.987189148455162	0.9771723122238586	0.9646539027982327	0.9202701143157835	0.93852943
KC762310	1496	7480	Chromatiaceae	Rheinheimera tuosuensis	AM183347	1476	7380	Chromatiaceae	Rheinheimera perlucida	7072.0	1478	32	34	1439	0.9965373961218836	0.978319783197832	0.9736129905277402	0.931057720743084	0.9582656
KC762310	1496	7480	Chromatiaceae	Rheinheimera tuosuensis	EU183319	1488	7440	Chromatiaceae	Rheinheimera longhuensis	7106.0	1496	21	31	1449	0.9890784982935154	0.9858681022880216	0.9685828877005348	0.9353816285308395	0.9551075
KC762310	1496	7480	Chromatiaceae	Rheinheimera tuosuensis	GQ168584	1406	7030	Chromatiaceae	Rheinheimera aquatica	6440.0	1428	36	58	1340	0.9781021897810219	0.9743954480796586	0.938375350140056	0.8781244738332492	0.916074
KC762310	1496	7480	Chromatiaceae	Rheinheimera tuosuensis	KJ816861	1447	7235	Chromatiaceae	Rheinheimera arenilitoris	6716.0	1457	33	43	1388	0.9816124469589816	0.9771941948859709	0.9526424159231297	0.9040512591377888	0.9282654
KC762310	1496	7480	Chromatiaceae	Rheinheimera tuosuensis	LC004727	1496	7480	Chromatiaceae	Rheinheimera japonica	6913.0	1484	30	40	1422	0.9847645429362881	0.9796472184531886	0.9582210242587601	0.9139175422917104	0.92419785
KC762310	1496	7480	Chromatiaceae	Rheinheimera tuosuensis	JQ922424	1416	7074	Chromatiaceae	Rheinheimera muenzenbergensis	6667.0	1427	28	39	1369	0.9863112391930836	0.980225988700565	0.9593552908199019	0.9151787928921126	0.94246536
KC762310	1496	7480	Chromatiaceae	Rheinheimera tuosuensis	KM025195	1488	7440	Chromatiaceae	Rheinheimera mesophila	6835.0	1496	40	51	1417	0.9806228373702423	0.9730639730639731	0.9471925133689839	0.891076290246212	0.9186828
KC762310	1496	7480	Chromatiaceae	Rheinheimera tuosuensis	AY701891	1447	7235	Chromatiaceae	Rheinheimera texasensis	6658.0	1458	39	50	1381	0.9808238636363636	0.9730476848652384	0.9471879286694102	0.8908754866843884	0.9202488
KC762310	1496	7480	Chromatiaceae	Rheinheimera tuosuensis	DQ874340	1390	6950	Chromatiaceae	Rheinheimera tangshanensis	6428.0	1401	33	44	1331	0.9808400884303611	0.9762589928057553	0.9500356887937188	0.8990226148487283	0.92489207
KC762310	1496	7480	Chromatiaceae	Rheinheimera tuosuensis	AB073132	1402	6980	Chromatiaceae	Rheinheimera pacifica	6673.0	1414	19	31	1364	0.9862617498192335	0.9864479315263909	0.9646393210749646	0.9309812847499485	0.9560172
JQ922423	1360	6800	Chromatiaceae	Rheinheimera hassiensis	AM183347	1476	7380	Chromatiaceae	Rheinheimera perlucida	6466.0	1360	24	24	1321	0.9887724550898204	0.9823529411764705	0.9713235294117647	0.9376360081604896	0.9508824
JQ922423	1360	6800	Chromatiaceae	Rheinheimera hassiensis	EU183319	1488	7440	Chromatiaceae	Rheinheimera longhuensis	6323.0	1360	29	41	1301	0.9863532979529946	0.978486646884273	0.9566176470588236	0.90840797442087	0.92985296
JQ922423	1360	6800	Chromatiaceae	Rheinheimera hassiensis	GQ168584	1406	7030	Chromatiaceae	Rheinheimera aquatica	6139.0	1332	40	51	1267	0.9890710382513661	0.9697199091597275	0.9512012012012012	0.8881113256113256	0.9027941
JQ922423	1360	6800	Chromatiaceae	Rheinheimera hassiensis	KJ816861	1447	7235	Chromatiaceae	Rheinheimera arenilitoris	6306.0	1360	36	48	1299	0.9900914634146342	0.973293768545994	0.9551470588235295	0.8976740266307096	0.92735296
JQ922423	1360	6800	Chromatiaceae	Rheinheimera hassiensis	LC004727	1496	7480	Chromatiaceae	Rheinheimera japonica	6450.0	1360	24	36	1315	0.993202416918429	0.9821958456973294	0.9669117647058824	0.9249936246174771	0.9485294
JQ922423	1360	6800	Chromatiaceae	Rheinheimera hassiensis	JQ922424	1416	7074	Chromatiaceae	Rheinheimera muenzenbergensis	6469.0	1360	22	34	1318	0.9939668174962293	0.983679525222552	0.9691176470588235	0.9298480463096961	0.9513235
JQ922423	1360	6800	Chromatiaceae	Rheinheimera hassiensis	KM025195	1488	7440	Chromatiaceae	Rheinheimera mesophila	6260.0	1360	45	57	1292	0.9915579432079816	0.9666172106824926	0.95	0.8810320284697508	0.92058825
JQ922423	1360	6800	Chromatiaceae	Rheinheimera hassiensis	AY701891	1447	7235	Chromatiaceae	Rheinheimera texasensis	6222.0	1360	47	59	1288	0.9900076863950807	0.9651335311572701	0.9470588235294117	0.8757096868598184	0.915
JQ922423	1360	6800	Chromatiaceae	Rheinheimera hassiensis	DQ874340	1390	6950	Chromatiaceae	Rheinheimera tangshanensis	6233.0	1349	41	53	1285	0.9915123456790124	0.9693343305908751	0.9525574499629355	0.8881398957927801	0.91661763
JQ922423	1360	6800	Chromatiaceae	Rheinheimera hassiensis	AB073132	1402	6980	Chromatiaceae	Rheinheimera pacifica	6492.0	1360	15	29	1320	0.9917355371900827	0.9888558692421991	0.9705882352941176	0.9395294117647058	0.9547059
AM183347	1476	7380	Chromatiaceae	Rheinheimera perlucida	EU183319	1488	7440	Chromatiaceae	Rheinheimera longhuensis	6982.0	1476	26	34	1427	0.9895977808599168	0.9822888283378747	0.9668021680216802	0.9281815754242763	0.94607043
AM183347	1476	7380	Chromatiaceae	Rheinheimera perlucida	GQ168584	1406	7030	Chromatiaceae	Rheinheimera aquatica	6520.0	1415	33	43	1347	0.9817784256559767	0.9765124555160143	0.9519434628975265	0.9019795794857779	0.92745376
AM183347	1476	7380	Chromatiaceae	Rheinheimera perlucida	KJ816861	1447	7235	Chromatiaceae	Rheinheimera arenilitoris	6746.0	1457	29	39	1392	0.9816643159379408	0.9799585348997927	0.9553877831159918	0.9116688266880729	0.9324119
AM183347	1476	7380	Chromatiaceae	Rheinheimera perlucida	LC004727	1496	7480	Chromatiaceae	Rheinheimera japonica	6851.0	1471	36	45	1409	0.988078541374474	0.9753761969904241	0.9578518014955812	0.9063680616673516	0.9283198
AM183347	1476	7380	Chromatiaceae	Rheinheimera perlucida	JQ922424	1416	7074	Chromatiaceae	Rheinheimera muenzenbergensis	6640.0	1427	32	43	1366	0.9869942196531792	0.9774011299435028	0.9572529782761037	0.908045320037099	0.9386486
AM183347	1476	7380	Chromatiaceae	Rheinheimera perlucida	KM025195	1488	7440	Chromatiaceae	Rheinheimera mesophila	6801.0	1476	41	49	1405	0.98458304134548	0.9720708446866485	0.9518970189701897	0.8954232340609497	0.92154473
AM183347	1476	7380	Chromatiaceae	Rheinheimera perlucida	AY701891	1447	7235	Chromatiaceae	Rheinheimera texasensis	6665.0	1448	36	48	1377	0.9835714285714285	0.9749303621169917	0.9509668508287292	0.8971385385176691	0.9212163
AM183347	1476	7380	Chromatiaceae	Rheinheimera perlucida	DQ874340	1390	6950	Chromatiaceae	Rheinheimera tangshanensis	6521.0	1403	27	40	1342	0.9845928099779897	0.9805755395683453	0.9565217391304348	0.9117056856187292	0.9382734
AM183347	1476	7380	Chromatiaceae	Rheinheimera perlucida	AB073132	1402	6980	Chromatiaceae	Rheinheimera pacifica	6627.0	1416	24	38	1359	0.9862119013062409	0.9828815977175464	0.9597457627118644	0.9184233757062147	0.94942695
EU183319	1488	7440	Chromatiaceae	Rheinheimera longhuensis	GQ168584	1406	7030	Chromatiaceae	Rheinheimera aquatica	6562.0	1418	31	43	1353	0.984	0.9779516358463727	0.9541607898448519	0.9054320814607807	0.93342817
EU183319	1488	7440	Chromatiaceae	Rheinheimera longhuensis	KJ816861	1447	7235	Chromatiaceae	Rheinheimera arenilitoris	6848.0	1447	27	27	1402	0.9873239436619718	0.9813407049067036	0.9689011748445059	0.9334054737307994	0.94651
EU183319	1488	7440	Chromatiaceae	Rheinheimera longhuensis	LC004727	1496	7480	Chromatiaceae	Rheinheimera japonica	7027.0	1476	23	23	1435	0.987611837577426	0.9844173441734417	0.9722222222222222	0.9423875176043288	0.94448924
EU183319	1488	7440	Chromatiaceae	Rheinheimera longhuensis	JQ922424	1416	7074	Chromatiaceae	Rheinheimera muenzenbergensis	6776.0	1417	18	19	1381	0.9878397711015737	0.9872881355932204	0.9745942131263232	0.9494653031014634	0.9578739
EU183319	1488	7440	Chromatiaceae	Rheinheimera longhuensis	KM025195	1488	7440	Chromatiaceae	Rheinheimera mesophila	6968.0	1488	28	29	1433	0.9821795750514051	0.9811701412239409	0.9630376344086021	0.9268284357533974	0.93655914
EU183319	1488	7440	Chromatiaceae	Rheinheimera longhuensis	AY701891	1447	7235	Chromatiaceae	Rheinheimera texasensis	6812.0	1448	29	30	1398	0.9858956276445698	0.9799585348997927	0.9654696132596685	0.9269031222763778	0.9415342
EU183319	1488	7440	Chromatiaceae	Rheinheimera longhuensis	DQ874340	1390	6950	Chromatiaceae	Rheinheimera tangshanensis	6521.0	1391	27	28	1341	0.9838591342626559	0.9805755395683453	0.9640546369518332	0.926661826632827	0.9382734
EU183319	1488	7440	Chromatiaceae	Rheinheimera longhuensis	AB073132	1402	6980	Chromatiaceae	Rheinheimera pacifica	6681.0	1404	15	17	1364	0.9834174477289113	0.9893009985734664	0.9715099715099715	0.9496013604540736	0.95716333
GQ168584	1406	7030	Chromatiaceae	Rheinheimera aquatica	KJ816861	1447	7235	Chromatiaceae	Rheinheimera arenilitoris	6727.0	1400	19	20	1368	0.991304347826087	0.9864188706218727	0.9771428571428571	0.9502869223799456	0.956899
GQ168584	1406	7030	Chromatiaceae	Rheinheimera aquatica	LC004727	1496	7480	Chromatiaceae	Rheinheimera japonica	6655.0	1406	44	32	1363	0.9919941775836972	0.9772403982930299	0.9694167852062588	0.918605974395448	0.9466572
GQ168584	1406	7030	Chromatiaceae	Rheinheimera aquatica	JQ922424	1416	7074	Chromatiaceae	Rheinheimera muenzenbergensis	6464.0	1372	38	30	1326	0.9880774962742176	0.978134110787172	0.9664723032069971	0.9198622914211276	0.9194879
GQ168584	1406	7030	Chromatiaceae	Rheinheimera aquatica	KM025195	1488	7440	Chromatiaceae	Rheinheimera mesophila	6786.0	1406	27	15	1379	0.99137311286844	0.9893314366998578	0.980796586059744	0.9520502799784395	0.9652916
GQ168584	1406	7030	Chromatiaceae	Rheinheimera aquatica	AY701891	1447	7235	Chromatiaceae	Rheinheimera texasensis	6885.0	1406	16	9	1390	0.9949892627057981	0.9935988620199147	0.9886201991465149	0.9712393939575817	0.9793741
GQ168584	1406	7030	Chromatiaceae	Rheinheimera aquatica	DQ874340	1390	6950	Chromatiaceae	Rheinheimera tangshanensis	6652.0	1376	24	17	1350	0.9933774834437086	0.9876453488372093	0.9811046511627907	0.9523723006644519	0.9571223
GQ168584	1406	7030	Chromatiaceae	Rheinheimera aquatica	AB073132	1402	6980	Chromatiaceae	Rheinheimera pacifica	6352.0	1377	44	37	1315	0.9813432835820896	0.9731299927378358	0.9549745824255628	0.9005390150951823	0.91002864
KJ816861	1447	7235	Chromatiaceae	Rheinheimera arenilitoris	LC004727	1496	7480	Chromatiaceae	Rheinheimera japonica	6831.0	1447	36	36	1399	0.9914953933380581	0.9751209398756047	0.9668279198341396	0.9198881961469798	0.94416034
KJ816861	1447	7235	Chromatiaceae	Rheinheimera arenilitoris	JQ922424	1416	7074	Chromatiaceae	Rheinheimera muenzenbergensis	6749.0	1417	26	27	1377	0.9906474820143885	0.981638418079096	0.9717713479181369	0.9360791223882262	0.9540571
KJ816861	1447	7235	Chromatiaceae	Rheinheimera arenilitoris	KM025195	1488	7440	Chromatiaceae	Rheinheimera mesophila	6841.0	1447	34	34	1400	0.9907997169143666	0.9765031098825155	0.967519004837595	0.9230954448585562	0.9455425
KJ816861	1447	7235	Chromatiaceae	Rheinheimera arenilitoris	AY701891	1447	7235	Chromatiaceae	Rheinheimera texasensis	6838.0	1430	28	28	1393	0.9935805991440799	0.9804195804195804	0.9741258741258741	0.9367108885627404	0.94512784
KJ816861	1447	7235	Chromatiaceae	Rheinheimera arenilitoris	DQ874340	1390	6950	Chromatiaceae	Rheinheimera tangshanensis	6623.0	1391	26	27	1352	0.9912023460410557	0.981294964028777	0.9719626168224299	0.9356083340478436	0.95294964
KJ816861	1447	7235	Chromatiaceae	Rheinheimera arenilitoris	AB073132	1402	6980	Chromatiaceae	Rheinheimera pacifica	6578.0	1404	33	35	1351	0.9868517165814463	0.9764621968616263	0.9622507122507122	0.9167162317823416	0.9424069
LC004727	1496	7480	Chromatiaceae	Rheinheimera japonica	JQ922424	1416	7074	Chromatiaceae	Rheinheimera muenzenbergensis	6968.0	1417	9	10	1403	0.9971570717839374	0.9936440677966102	0.9901199717713479	0.9769276299314772	0.9850156
LC004727	1496	7480	Chromatiaceae	Rheinheimera japonica	KM025195	1488	7440	Chromatiaceae	Rheinheimera mesophila	7009.0	1477	31	31	1432	0.9903181189488244	0.979011509817197	0.969532836831415	0.9296714072004152	0.9420699
LC004727	1496	7480	Chromatiaceae	Rheinheimera japonica	AY701891	1447	7235	Chromatiaceae	Rheinheimera texasensis	6896.0	1448	30	31	1407	0.9929428369795342	0.9792674498963373	0.9716850828729282	0.9315817066515151	0.95314443
LC004727	1496	7480	Chromatiaceae	Rheinheimera japonica	DQ874340	1390	6950	Chromatiaceae	Rheinheimera tangshanensis	6608.0	1391	29	30	1350	0.9919177075679647	0.979136690647482	0.9705248023005032	0.9302001802330879	0.95079136
LC004727	1496	7480	Chromatiaceae	Rheinheimera japonica	AB073132	1402	6980	Chromatiaceae	Rheinheimera pacifica	6699.0	1404	17	19	1366	0.9862815884476535	0.9878744650499287	0.9729344729344729	0.9482858867095321	0.9597421
JQ922424	1416	7074	Chromatiaceae	Rheinheimera muenzenbergensis	KM025195	1488	7440	Chromatiaceae	Rheinheimera mesophila	6677.0	1416	32	31	1368	0.9877256317689531	0.9781073446327684	0.9661016949152542	0.9240682648188032	0.943879
JQ922424	1416	7074	Chromatiaceae	Rheinheimera muenzenbergensis	AY701891	1447	7235	Chromatiaceae	Rheinheimera texasensis	6628.0	1402	29	29	1357	0.9883466860888566	0.9793152639087018	0.9679029957203994	0.9286728253837235	0.93695223
JQ922424	1416	7074	Chromatiaceae	Rheinheimera muenzenbergensis	DQ874340	1390	6950	Chromatiaceae	Rheinheimera tangshanensis	6577.0	1387	24	24	1345	0.9867938371239912	0.9826964671953857	0.969718817591925	0.9367305091267143	0.94633096
JQ922424	1416	7074	Chromatiaceae	Rheinheimera muenzenbergensis	AB073132	1402	6980	Chromatiaceae	Rheinheimera pacifica	6741.0	1399	12	14	1369	0.9884476534296028	0.9914101646385111	0.9785561115082202	0.9605246027206839	0.96575934
KM025195	1488	7440	Chromatiaceae	Rheinheimera mesophila	AY701891	1447	7235	Chromatiaceae	Rheinheimera texasensis	7001.0	1448	14	15	1420	0.9909281228192603	0.9903248099516241	0.9806629834254144	0.9612107081043904	0.9676572
KM025195	1488	7440	Chromatiaceae	Rheinheimera mesophila	DQ874340	1390	6950	Chromatiaceae	Rheinheimera tangshanensis	6830.0	1391	9	10	1376	0.99637943519189	0.9935251798561151	0.9892163910855499	0.9757913114922461	0.9827338
KM025195	1488	7440	Chromatiaceae	Rheinheimera mesophila	AB073132	1402	6980	Chromatiaceae	Rheinheimera pacifica	6507.0	1404	34	36	1343	0.9817251461988304	0.9757489300998573	0.9565527065527065	0.9099889447594594	0.93223494
AY701891	1447	7235	Chromatiaceae	Rheinheimera texasensis	DQ874340	1390	6950	Chromatiaceae	Rheinheimera tangshanensis	6723.0	1391	17	18	1364	0.9934450109249818	0.9877697841726619	0.9805895039539899	0.9562140546369519	0.96733814
AY701891	1447	7235	Chromatiaceae	Rheinheimera texasensis	AB073132	1402	6980	Chromatiaceae	Rheinheimera pacifica	6494.0	1404	34	36	1342	0.9809941520467836	0.9757489300998573	0.9558404558404558	0.9093113655005172	0.9303725
DQ874340	1390	6950	Chromatiaceae	Rheinheimera tangshanensis	AB073132	1402	6980	Chromatiaceae	Rheinheimera pacifica	6495.0	1390	33	33	1337	0.9852616064848931	0.9762589928057553	0.9618705035971223	0.9172580979489073	0.93453234
