AJ488505	1485	7419	Acetobacteraceae	Roseomonas rosea	AB297501	1439	7195	Acetobacteraceae	Roseomonas tokyonensis	6546.0	1439	43	43	1363	0.9763610315186246	0.9701181375955524	0.9471855455177206	0.8922206623095398	0.90979844
AJ488505	1485	7419	Acetobacteraceae	Roseomonas rosea	AY150047	1479	7395	Acetobacteraceae	Roseomonas cervicalis	6669.0	1485	45	52	1395	0.9734822051639916	0.969553450608931	0.9393939393939394	0.8798375916022976	0.90182555
AJ488505	1485	7419	Acetobacteraceae	Roseomonas rosea	KJ647399	1454	7270	Acetobacteraceae	Roseomonas arctica	6625.0	1466	39	51	1381	0.9759717314487633	0.9731774415405777	0.942019099590723	0.8856857315088857	0.9112792
AJ488505	1485	7419	Acetobacteraceae	Roseomonas rosea	AJ786000	1376	6880	Acetobacteraceae	Roseomonas lacus	6178.0	1377	47	48	1294	0.9736644093303235	0.965843023255814	0.9397240377632534	0.8770317740079802	0.89796513
AJ488505	1485	7419	Acetobacteraceae	Roseomonas rosea	KF771274	1490	7450	Acetobacteraceae	Roseomonas alkaliterrae	6639.0	1479	49	48	1391	0.9720475192173306	0.9675456389452333	0.940500338066261	0.880795800898442	0.89486456
AJ488505	1485	7419	Acetobacteraceae	Roseomonas rosea	LN810637	1401	7005	Acetobacteraceae	Roseomonas oryzae	6320.0	1402	55	56	1320	0.9806835066864784	0.9607423269093505	0.9415121255349501	0.8697840226287186	0.9022127
AJ488505	1485	7419	Acetobacteraceae	Roseomonas rosea	KF254767	1445	7225	Acetobacteraceae	Roseomonas eburnea	6543.0	1445	43	43	1366	0.9743223965763196	0.970242214532872	0.9453287197231834	0.8906927856531607	0.90560555
AJ488505	1485	7419	Acetobacteraceae	Roseomonas rosea	HQ436503	1429	7145	Acetobacteraceae	Roseomonas riguiloci	6439.0	1425	53	49	1345	0.9774709302325582	0.9656140350877193	0.9438596491228071	0.8787218384255632	0.9011896
AJ488505	1485	7419	Acetobacteraceae	Roseomonas rosea	EF368368	1421	7105	Acetobacteraceae	Roseomonas vinacea	6561.0	1420	34	34	1357	0.9790764790764791	0.976056338028169	0.9556338028169014	0.910941162795203	0.9234342
AJ488505	1485	7419	Acetobacteraceae	Roseomonas rosea	KP274055	1419	7089	Acetobacteraceae	Roseomonas arcticisoli	6333.0	1453	45	79	1335	0.9716157205240175	0.9682875264270613	0.9187887130075706	0.8427341065903886	0.8933559
AJ488505	1485	7419	Acetobacteraceae	Roseomonas rosea	FM244739	1390	6950	Acetobacteraceae	Roseomonas aestuarii	6293.0	1387	49	46	1313	0.9791200596569725	0.9668348954578226	0.946647440519106	0.8840210429917278	0.9054676
AJ488505	1485	7419	Acetobacteraceae	Roseomonas rosea	KX129819	1441	7205	Acetobacteraceae	Roseomonas nepalensis	6663.0	1452	34	45	1379	0.9800995024875622	0.9764052741151977	0.949724517906336	0.8992344526878969	0.92477447
AJ488505	1485	7419	Acetobacteraceae	Roseomonas rosea	LT009499	1430	7150	Acetobacteraceae	Roseomonas rubra	6425.0	1442	46	58	1348	0.9739884393063584	0.9678321678321679	0.9348127600554785	0.8694763843526763	0.8986014
AJ488505	1485	7419	Acetobacteraceae	Roseomonas rosea	AB594202	1457	7285	Acetobacteraceae	Roseomonas elaeocarpi	6767.0	1455	30	28	1397	0.9789768745620182	0.9807560137457044	0.9601374570446736	0.9226371388570702	0.928895
AJ488505	1485	7419	Acetobacteraceae	Roseomonas rosea	AY220740	1485	7425	Acetobacteraceae	Roseomonas gilardii subsp. rosea	6866.0	1479	41	37	1417	0.9826629680998613	0.9749830966869506	0.9580797836375929	0.9089151631614533	0.92546165
AJ488505	1485	7419	Acetobacteraceae	Roseomonas rosea	JX275860	1426	7130	Acetobacteraceae	Roseomonas aerophila	6422.0	1426	43	43	1344	0.9718004338394793	0.9698457223001402	0.9424964936886395	0.887319707808978	0.9007013
AJ488505	1485	7419	Acetobacteraceae	Roseomonas rosea	JN575264	1414	7070	Acetobacteraceae	Roseomonas soli	6401.0	1414	43	43	1336	0.9744711889132021	0.9695898161244696	0.9448373408769448	0.8890679439549014	0.9053748
AJ488505	1485	7419	Acetobacteraceae	Roseomonas rosea	GU168019	1441	7205	Acetobacteraceae	Roseomonas pecuniae	6832.0	1437	19	15	1397	0.9824191279887482	0.9895615866388309	0.9721642310368824	0.9494625937736585	0.9482304
AJ488505	1485	7419	Acetobacteraceae	Roseomonas rosea	KF619243	1425	7125	Acetobacteraceae	Roseomonas wooponensis	6542.0	1421	42	38	1356	0.9804772234273319	0.9732582688247713	0.9542575650950035	0.9020767002914489	0.91817546
AJ488505	1485	7419	Acetobacteraceae	Roseomonas rosea	AF538712	1440	7200	Acetobacteraceae	Roseomonas mucosa	6727.0	1439	32	32	1384	0.9836531627576404	0.9777623349548298	0.9617790132036136	0.919934107122695	0.93430555
AJ488505	1485	7419	Acetobacteraceae	Roseomonas rosea	EF661571	1354	6770	Acetobacteraceae	Roseomonas aerilata	6234.0	1350	30	26	1292	0.9758308157099698	0.9807407407407407	0.957037037037037	0.9182007514761138	0.92082715
AJ488505	1485	7419	Acetobacteraceae	Roseomonas rosea	AY150045	1482	7410	Acetobacteraceae	Roseomonas gilardii subsp. gilardii	6841.0	1485	41	45	1414	0.9819444444444444	0.9723160027008778	0.9521885521885521	0.8985265499026966	0.9232119
AJ488505	1485	7419	Acetobacteraceae	Roseomonas rosea	EF363716	1442	7210	Acetobacteraceae	Roseomonas terrae	6467.0	1442	47	47	1356	0.9720430107526882	0.9674063800277393	0.9403606102635229	0.880996004914449	0.8969487
AJ488505	1485	7419	Acetobacteraceae	Roseomonas rosea	EU707562	1451	7255	Acetobacteraceae	Roseomonas oryzicola	6510.0	1451	51	51	1364	0.9742857142857143	0.9648518263266712	0.9400413507925569	0.8762036558652329	0.8973122
AJ488505	1485	7419	Acetobacteraceae	Roseomonas rosea	AJ488504	1486	7424	Acetobacteraceae	Roseomonas ludipueritiae	6783.0	1484	42	40	1410	0.9764542936288089	0.9730458221024259	0.9501347708894878	0.8990790361496857	0.91427416
AJ488505	1485	7419	Acetobacteraceae	Roseomonas rosea	KC904962	1409	7045	Acetobacteraceae	Roseomonas rhizosphaerae	6467.0	1409	39	39	1342	0.9795620437956204	0.9723207948899929	0.9524485450674237	0.9011426151535707	0.917956
AJ488505	1485	7419	Acetobacteraceae	Roseomonas rosea	AB369258	1439	7195	Acetobacteraceae	Roseomonas stagni	6505.0	1439	48	48	1358	0.9762760603882099	0.9666435024322446	0.9437109103544128	0.8827853909233276	0.90410006
AJ488505	1485	7419	Acetobacteraceae	Roseomonas rosea	EU290160	1466	7330	Acetobacteraceae	Roseomonas frigidaquae	6558.0	1461	63	58	1373	0.9786172487526729	0.9603011635865846	0.9397672826830937	0.8651532136511684	0.8946794
AJ488505	1485	7419	Acetobacteraceae	Roseomonas rosea	AM231587	1387	6935	Acetobacteraceae	Roseomonas aquatica	6439.0	1389	21	23	1331	0.9743777452415813	0.9848594087959625	0.9582433405327574	0.9283407114664869	0.9284787
AB297501	1439	7195	Acetobacteraceae	Roseomonas tokyonensis	AY150047	1479	7395	Acetobacteraceae	Roseomonas cervicalis	6616.0	1439	42	42	1371	0.9813886900501074	0.970813064628214	0.9527449617790132	0.8987067600305749	0.9195275
AB297501	1439	7195	Acetobacteraceae	Roseomonas tokyonensis	KJ647399	1454	7270	Acetobacteraceae	Roseomonas arctica	6439.0	1433	56	54	1348	0.977519941986947	0.9623168178646196	0.9406838799720866	0.8711907793697162	0.894927
AB297501	1439	7195	Acetobacteraceae	Roseomonas tokyonensis	AJ786000	1376	6880	Acetobacteraceae	Roseomonas lacus	6187.0	1377	43	44	1295	0.9714928732183046	0.96875	0.9404502541757443	0.8828311188846952	0.8992733
AB297501	1439	7195	Acetobacteraceae	Roseomonas tokyonensis	KF771274	1490	7450	Acetobacteraceae	Roseomonas alkaliterrae	6436.0	1439	56	56	1349	0.9754157628344179	0.9610840861709521	0.9374565670604587	0.867225707187033	0.8945101
AB297501	1439	7195	Acetobacteraceae	Roseomonas tokyonensis	LN810637	1401	7005	Acetobacteraceae	Roseomonas oryzae	6318.0	1402	57	58	1319	0.9813988095238095	0.9593147751605996	0.9407988587731811	0.8666440481090854	0.9019272
AB297501	1439	7195	Acetobacteraceae	Roseomonas tokyonensis	KF254767	1445	7225	Acetobacteraceae	Roseomonas eburnea	6337.0	1425	55	55	1332	0.9722627737226277	0.9614035087719298	0.9347368421052632	0.8652631578947368	0.88075054
AB297501	1439	7195	Acetobacteraceae	Roseomonas tokyonensis	HQ436503	1429	7145	Acetobacteraceae	Roseomonas riguiloci	6620.0	1418	29	25	1364	0.9791816223977028	0.9823695345557123	0.9619181946403385	0.9260207637415283	0.926522
AB297501	1439	7195	Acetobacteraceae	Roseomonas tokyonensis	EF368368	1421	7105	Acetobacteraceae	Roseomonas vinacea	6465.0	1420	52	52	1344	0.9824561403508771	0.9633802816901409	0.9464788732394366	0.8796080832823026	0.9099226
AB297501	1439	7195	Acetobacteraceae	Roseomonas tokyonensis	KP274055	1419	7089	Acetobacteraceae	Roseomonas arcticisoli	6394.0	1432	54	68	1338	0.9809384164222874	0.9619181946403385	0.9343575418994413	0.857647164973646	0.9019608
AB297501	1439	7195	Acetobacteraceae	Roseomonas tokyonensis	FM244739	1390	6950	Acetobacteraceae	Roseomonas aestuarii	6283.0	1387	56	53	1310	0.9820089955022488	0.9617880317231434	0.9444844989185291	0.8731409019801233	0.9040288
AB297501	1439	7195	Acetobacteraceae	Roseomonas tokyonensis	KX129819	1441	7205	Acetobacteraceae	Roseomonas nepalensis	6516.0	1430	53	48	1355	0.9804630969609262	0.9664335664335665	0.9475524475524476	0.8830192060131373	0.9056289
AB297501	1439	7195	Acetobacteraceae	Roseomonas tokyonensis	LT009499	1430	7150	Acetobacteraceae	Roseomonas rubra	6420.0	1430	56	64	1341	0.9816983894582724	0.960618846694796	0.9377622377622378	0.8620344662067408	0.8979021
AB297501	1439	7195	Acetobacteraceae	Roseomonas tokyonensis	AB594202	1457	7285	Acetobacteraceae	Roseomonas elaeocarpi	6475.0	1439	54	52	1354	0.9762076423936553	0.9638637943015983	0.9409312022237665	0.8741269775514829	0.89993054
AB297501	1439	7195	Acetobacteraceae	Roseomonas tokyonensis	AY220740	1485	7425	Acetobacteraceae	Roseomonas gilardii subsp. rosea	6583.0	1439	52	46	1367	0.9813352476669059	0.9680333564975677	0.9499652536483669	0.8875262228921363	0.91494095
AB297501	1439	7195	Acetobacteraceae	Roseomonas tokyonensis	JX275860	1426	7130	Acetobacteraceae	Roseomonas aerophila	6417.0	1420	53	53	1339	0.9795171909290417	0.9626760563380282	0.9429577464788732	0.875100637770957	0.9
AB297501	1439	7195	Acetobacteraceae	Roseomonas tokyonensis	JN575264	1414	7070	Acetobacteraceae	Roseomonas soli	6305.0	1411	51	51	1323	0.9727941176470588	0.963855421686747	0.9376328844790929	0.8722166367247376	0.89179635
AB297501	1439	7195	Acetobacteraceae	Roseomonas tokyonensis	GU168019	1441	7205	Acetobacteraceae	Roseomonas pecuniae	6469.0	1414	49	45	1343	0.9810080350620891	0.9681753889674681	0.9497878359264498	0.8887625067555092	0.8990966
AB297501	1439	7195	Acetobacteraceae	Roseomonas tokyonensis	KF619243	1425	7125	Acetobacteraceae	Roseomonas wooponensis	6436.0	1414	50	46	1340	0.97953216374269	0.9674681753889675	0.9476661951909476	0.885524149604656	0.90329826
AB297501	1439	7195	Acetobacteraceae	Roseomonas tokyonensis	AF538712	1440	7200	Acetobacteraceae	Roseomonas mucosa	6468.0	1418	53	51	1344	0.9831748354059985	0.964033850493653	0.9478138222849083	0.8808031917494695	0.8989576
AB297501	1439	7195	Acetobacteraceae	Roseomonas tokyonensis	EF661571	1354	6770	Acetobacteraceae	Roseomonas aerilata	6105.0	1350	52	48	1274	0.978494623655914	0.9644444444444444	0.9437037037037037	0.8763924552226977	0.9017725
AB297501	1439	7195	Acetobacteraceae	Roseomonas tokyonensis	AY150045	1482	7410	Acetobacteraceae	Roseomonas gilardii subsp. gilardii	6572.0	1439	51	47	1365	0.9806034482758621	0.9673384294649062	0.9485753995830438	0.8861858766574477	0.9134121
AB297501	1439	7195	Acetobacteraceae	Roseomonas tokyonensis	EF363716	1442	7210	Acetobacteraceae	Roseomonas terrae	6455.0	1439	43	43	1353	0.9691977077363897	0.9701181375955524	0.940236275191105	0.8856746559829842	0.8971508
AB297501	1439	7195	Acetobacteraceae	Roseomonas tokyonensis	EU707562	1451	7255	Acetobacteraceae	Roseomonas oryzicola	6376.0	1431	49	49	1340	0.9696092619392185	0.9657582110412299	0.9364081062194269	0.8744027045913838	0.8861709
AB297501	1439	7195	Acetobacteraceae	Roseomonas tokyonensis	AJ488504	1486	7424	Acetobacteraceae	Roseomonas ludipueritiae	6482.0	1439	55	55	1355	0.9790462427745664	0.9617790132036136	0.9416261292564281	0.8722962268346027	0.9009034
AB297501	1439	7195	Acetobacteraceae	Roseomonas tokyonensis	KC904962	1409	7045	Acetobacteraceae	Roseomonas rhizosphaerae	6363.0	1409	54	54	1328	0.9800738007380074	0.9616749467707594	0.9425124201561391	0.8729352900284132	0.9031938
AB297501	1439	7195	Acetobacteraceae	Roseomonas tokyonensis	AB369258	1439	7195	Acetobacteraceae	Roseomonas stagni	6891.0	1439	25	25	1403	0.9922206506364922	0.9826268241834607	0.9749826268241835	0.9416840398424832	0.9577484
AB297501	1439	7195	Acetobacteraceae	Roseomonas tokyonensis	EU290160	1466	7330	Acetobacteraceae	Roseomonas frigidaquae	6944.0	1439	22	17	1410	0.9915611814345991	0.9881862404447533	0.9798471160528145	0.9536910328727598	0.96511465
AB297501	1439	7195	Acetobacteraceae	Roseomonas tokyonensis	AM231587	1387	6935	Acetobacteraceae	Roseomonas aquatica	6285.0	1382	49	51	1307	0.9819684447783621	0.9644927536231884	0.9457308248914617	0.87964201812057	0.90627253
AY150047	1479	7395	Acetobacteraceae	Roseomonas cervicalis	KJ647399	1454	7270	Acetobacteraceae	Roseomonas arctica	6552.0	1465	40	52	1372	0.9709837225760792	0.9724707501720579	0.936518771331058	0.8792697833161363	0.90123796
AY150047	1479	7395	Acetobacteraceae	Roseomonas cervicalis	AJ786000	1376	6880	Acetobacteraceae	Roseomonas lacus	6225.0	1377	37	38	1300	0.970873786407767	0.9731104651162791	0.944081336238199	0.894006300723443	0.90479654
AY150047	1479	7395	Acetobacteraceae	Roseomonas cervicalis	KF771274	1490	7450	Acetobacteraceae	Roseomonas alkaliterrae	6658.0	1479	52	49	1393	0.9741258741258741	0.966869506423259	0.9418526031102096	0.8797186299461788	0.90033805
AY150047	1479	7395	Acetobacteraceae	Roseomonas cervicalis	LN810637	1401	7005	Acetobacteraceae	Roseomonas oryzae	6592.0	1402	23	24	1353	0.9818577648766328	0.9835831548893648	0.9650499286733238	0.9332202117276072	0.9410421
AY150047	1479	7395	Acetobacteraceae	Roseomonas cervicalis	KF254767	1445	7225	Acetobacteraceae	Roseomonas eburnea	6463.0	1443	47	47	1355	0.9706303724928367	0.9674289674289674	0.939015939015939	0.8797760072927859	0.89453286
AY150047	1479	7395	Acetobacteraceae	Roseomonas cervicalis	HQ436503	1429	7145	Acetobacteraceae	Roseomonas riguiloci	6317.0	1425	74	70	1329	0.9808118081180812	0.9508771929824561	0.9326315789473684	0.8430392191285417	0.88411474
AY150047	1479	7395	Acetobacteraceae	Roseomonas cervicalis	EF368368	1421	7105	Acetobacteraceae	Roseomonas vinacea	6403.0	1420	50	50	1337	0.9759124087591241	0.9647887323943662	0.9415492957746479	0.8774983232729712	0.90119636
AY150047	1479	7395	Acetobacteraceae	Roseomonas cervicalis	KP274055	1419	7089	Acetobacteraceae	Roseomonas arcticisoli	6309.0	1453	58	92	1330	0.9772226304188097	0.9591261451726568	0.9153475567790778	0.8244791692761911	0.88997036
AY150047	1479	7395	Acetobacteraceae	Roseomonas cervicalis	FM244739	1390	6950	Acetobacteraceae	Roseomonas aestuarii	6619.0	1387	21	18	1351	0.9868517165814463	0.9870223503965393	0.9740447007930786	0.9470647694500886	0.9523741
AY150047	1479	7395	Acetobacteraceae	Roseomonas cervicalis	KX129819	1441	7205	Acetobacteraceae	Roseomonas nepalensis	6464.0	1451	51	61	1355	0.9748201438848921	0.9646079111727967	0.9338387319090282	0.8642049516335214	0.89715475
AY150047	1479	7395	Acetobacteraceae	Roseomonas cervicalis	LT009499	1430	7150	Acetobacteraceae	Roseomonas rubra	6857.0	1433	14	22	1395	0.9886605244507441	0.9901754385964913	0.9734822051639916	0.9492628828516878	0.959021
AY150047	1479	7395	Acetobacteraceae	Roseomonas cervicalis	AB594202	1457	7285	Acetobacteraceae	Roseomonas elaeocarpi	6656.0	1455	47	45	1383	0.9808510638297873	0.9690721649484536	0.9505154639175257	0.8922948096695813	0.9136582
AY150047	1479	7395	Acetobacteraceae	Roseomonas cervicalis	AY220740	1485	7425	Acetobacteraceae	Roseomonas gilardii subsp. rosea	6698.0	1478	54	48	1398	0.9776223776223776	0.9675236806495264	0.945872801082544	0.8828969357363171	0.9057471
AY150047	1479	7395	Acetobacteraceae	Roseomonas cervicalis	JX275860	1426	7130	Acetobacteraceae	Roseomonas aerophila	6672.0	1426	24	24	1373	0.9793152639087018	0.9831697054698457	0.9628330995792427	0.9309600038690333	0.9357644
AY150047	1479	7395	Acetobacteraceae	Roseomonas cervicalis	JN575264	1414	7070	Acetobacteraceae	Roseomonas soli	6348.0	1414	43	43	1330	0.9700948212983224	0.9695898161244696	0.9405940594059405	0.8850751238473196	0.89787835
AY150047	1479	7395	Acetobacteraceae	Roseomonas cervicalis	GU168019	1441	7205	Acetobacteraceae	Roseomonas pecuniae	6484.0	1433	57	49	1354	0.9783236994219653	0.9658060013956734	0.944870900209351	0.8776518965702965	0.8999306
AY150047	1479	7395	Acetobacteraceae	Roseomonas cervicalis	KF619243	1425	7125	Acetobacteraceae	Roseomonas wooponensis	6361.0	1421	47	43	1335	0.9687953555878084	0.9697396199859254	0.9394792399718508	0.8818817388836583	0.89277196
AY150047	1479	7395	Acetobacteraceae	Roseomonas cervicalis	AF538712	1440	7200	Acetobacteraceae	Roseomonas mucosa	6548.0	1437	47	45	1363	0.9791666666666666	0.9686847599164927	0.9485038274182325	0.8897017033464822	0.90944445
AY150047	1479	7395	Acetobacteraceae	Roseomonas cervicalis	EF661571	1354	6770	Acetobacteraceae	Roseomonas aerilata	6113.0	1359	41	46	1278	0.9733434881949733	0.9697193500738552	0.9403973509933775	0.8819583727530748	0.9029542
AY150047	1479	7395	Acetobacteraceae	Roseomonas cervicalis	AY150045	1482	7410	Acetobacteraceae	Roseomonas gilardii subsp. gilardii	6694.0	1479	56	53	1397	0.979663394109397	0.9641649763353617	0.9445571331981069	0.8774843465410427	0.9052062
AY150047	1479	7395	Acetobacteraceae	Roseomonas cervicalis	EF363716	1442	7210	Acetobacteraceae	Roseomonas terrae	6521.0	1442	34	34	1363	0.9680397727272727	0.9764216366158114	0.9452149791955617	0.9016684896391267	0.90443826
AY150047	1479	7395	Acetobacteraceae	Roseomonas cervicalis	EU707562	1451	7255	Acetobacteraceae	Roseomonas oryzicola	6475.0	1449	48	48	1359	0.9700214132762313	0.9668737060041408	0.937888198757764	0.8777430637672861	0.89248794
AY150047	1479	7395	Acetobacteraceae	Roseomonas cervicalis	AJ488504	1486	7424	Acetobacteraceae	Roseomonas ludipueritiae	7001.0	1477	18	14	1434	0.9801777170198223	0.990521327014218	0.970886932972241	0.9501054066477517	0.9467208
AY150047	1479	7395	Acetobacteraceae	Roseomonas cervicalis	KC904962	1409	7045	Acetobacteraceae	Roseomonas rhizosphaerae	6807.0	1409	7	7	1382	0.985734664764622	0.9950319375443577	0.9808374733853797	0.9711399277445638	0.96621716
AY150047	1479	7395	Acetobacteraceae	Roseomonas cervicalis	AB369258	1439	7195	Acetobacteraceae	Roseomonas stagni	6535.0	1439	48	48	1361	0.9784327821711	0.9666435024322446	0.9457956914523975	0.8847355795630698	0.90826964
AY150047	1479	7395	Acetobacteraceae	Roseomonas cervicalis	EU290160	1466	7330	Acetobacteraceae	Roseomonas frigidaquae	6662.0	1461	50	45	1386	0.9788135593220338	0.9691991786447639	0.9486652977412731	0.8890205569832182	0.90886766
AY150047	1479	7395	Acetobacteraceae	Roseomonas cervicalis	AM231587	1387	6935	Acetobacteraceae	Roseomonas aquatica	6433.0	1387	24	24	1329	0.97505502567865	0.9826964671953857	0.9581831290555155	0.925587246564612	0.92761356
KJ647399	1454	7270	Acetobacteraceae	Roseomonas arctica	AJ786000	1376	6880	Acetobacteraceae	Roseomonas lacus	6306.0	1381	35	40	1310	0.976882923191648	0.9745639534883721	0.9485879797248371	0.8983449723241572	0.91656977
KJ647399	1454	7270	Acetobacteraceae	Roseomonas arctica	KF771274	1490	7450	Acetobacteraceae	Roseomonas alkaliterrae	6599.0	1454	49	37	1378	0.9724770642201835	0.9745529573590096	0.9477303988995873	0.893502312202738	0.90770286
KJ647399	1454	7270	Acetobacteraceae	Roseomonas arctica	LN810637	1401	7005	Acetobacteraceae	Roseomonas oryzae	6338.0	1402	43	44	1323	0.9742268041237113	0.9693076374018558	0.9436519258202568	0.8868368963764075	0.9047823
KJ647399	1454	7270	Acetobacteraceae	Roseomonas arctica	KF254767	1445	7225	Acetobacteraceae	Roseomonas eburnea	6653.0	1444	24	24	1379	0.9711267605633803	0.9833795013850416	0.9549861495844876	0.9237604444209622	0.9208304
KJ647399	1454	7270	Acetobacteraceae	Roseomonas arctica	HQ436503	1429	7145	Acetobacteraceae	Roseomonas riguiloci	6392.0	1425	62	58	1339	0.9795171909290417	0.9592982456140351	0.9396491228070175	0.8638200073148573	0.8946116
KJ647399	1454	7270	Acetobacteraceae	Roseomonas arctica	EF368368	1421	7105	Acetobacteraceae	Roseomonas vinacea	6474.0	1421	35	36	1347	0.9725631768953069	0.9753521126760564	0.9479239971850809	0.9016996813882809	0.9111893
KJ647399	1454	7270	Acetobacteraceae	Roseomonas arctica	KP274055	1419	7089	Acetobacteraceae	Roseomonas arcticisoli	6324.0	1427	48	58	1329	0.970781592403214	0.9661256175017643	0.9313244569025928	0.8643953772878981	0.8920863
KJ647399	1454	7270	Acetobacteraceae	Roseomonas arctica	FM244739	1390	6950	Acetobacteraceae	Roseomonas aestuarii	6297.0	1387	40	37	1314	0.9733333333333334	0.9733237202595529	0.9473684210526315	0.8962490318297495	0.9060432
KJ647399	1454	7270	Acetobacteraceae	Roseomonas arctica	KX129819	1441	7205	Acetobacteraceae	Roseomonas nepalensis	6495.0	1437	42	38	1357	0.9699785561115082	0.9735560194850382	0.9443284620737648	0.8932491673030405	0.9014573
KJ647399	1454	7270	Acetobacteraceae	Roseomonas arctica	LT009499	1430	7150	Acetobacteraceae	Roseomonas rubra	6432.0	1437	33	45	1347	0.9676724137931034	0.9768421052631578	0.9373695198329853	0.887631545311235	0.8995804
KJ647399	1454	7270	Acetobacteraceae	Roseomonas arctica	AB594202	1457	7285	Acetobacteraceae	Roseomonas elaeocarpi	6528.0	1448	55	47	1366	0.9750178443968593	0.9675414364640884	0.9433701657458563	0.8793490367331634	0.8979367
KJ647399	1454	7270	Acetobacteraceae	Roseomonas arctica	AY220740	1485	7425	Acetobacteraceae	Roseomonas gilardii subsp. rosea	6557.0	1453	57	39	1373	0.9710042432814711	0.9731589814177564	0.9449415003441156	0.8848657493288605	0.90192574
KJ647399	1454	7270	Acetobacteraceae	Roseomonas arctica	JX275860	1426	7130	Acetobacteraceae	Roseomonas aerophila	6459.0	1426	38	38	1348	0.9711815561959655	0.9733520336605891	0.9453015427769986	0.8962285118678102	0.9058906
KJ647399	1454	7270	Acetobacteraceae	Roseomonas arctica	JN575264	1414	7070	Acetobacteraceae	Roseomonas soli	6436.0	1414	38	38	1340	0.9738372093023255	0.9731258840169731	0.9476661951909476	0.8980638323572616	0.9103253
KJ647399	1454	7270	Acetobacteraceae	Roseomonas arctica	GU168019	1441	7205	Acetobacteraceae	Roseomonas pecuniae	6337.0	1410	48	32	1330	0.965166908563135	0.9773049645390071	0.9432624113475178	0.8915059004368171	0.8795281
KJ647399	1454	7270	Acetobacteraceae	Roseomonas arctica	KF619243	1425	7125	Acetobacteraceae	Roseomonas wooponensis	6376.0	1421	56	52	1336	0.9758948137326515	0.9634060520760028	0.94018296973962	0.8714356706659038	0.8948772
KJ647399	1454	7270	Acetobacteraceae	Roseomonas arctica	AF538712	1440	7200	Acetobacteraceae	Roseomonas mucosa	6516.0	1436	40	38	1359	0.9721030042918455	0.9735376044568245	0.9463788300835655	0.8963669406889055	0.905
KJ647399	1454	7270	Acetobacteraceae	Roseomonas arctica	EF661571	1354	6770	Acetobacteraceae	Roseomonas aerilata	6123.0	1389	30	66	1285	0.9712773998488284	0.9778270509977827	0.9251259899208063	0.8625381851058681	0.90443134
KJ647399	1454	7270	Acetobacteraceae	Roseomonas arctica	AY150045	1482	7410	Acetobacteraceae	Roseomonas gilardii subsp. gilardii	6540.0	1453	58	43	1370	0.9716312056737588	0.9704060564349621	0.94287680660702	0.879851950573063	0.89958733
KJ647399	1454	7270	Acetobacteraceae	Roseomonas arctica	EF363716	1442	7210	Acetobacteraceae	Roseomonas terrae	6525.0	1435	41	35	1361	0.9721428571428572	0.975609756097561	0.9484320557491289	0.8995968008460572	0.90499306
KJ647399	1454	7270	Acetobacteraceae	Roseomonas arctica	EU707562	1451	7255	Acetobacteraceae	Roseomonas oryzicola	6582.0	1450	40	41	1372	0.9737402413058907	0.9723947550034506	0.9462068965517242	0.8947688035177043	0.9072364
KJ647399	1454	7270	Acetobacteraceae	Roseomonas arctica	AJ488504	1486	7424	Acetobacteraceae	Roseomonas ludipueritiae	6531.0	1454	55	43	1369	0.9702338766832034	0.9704264099037139	0.9415405777166438	0.8803934759166232	0.8983494
KJ647399	1454	7270	Acetobacteraceae	Roseomonas arctica	KC904962	1409	7045	Acetobacteraceae	Roseomonas rhizosphaerae	6372.0	1409	39	39	1331	0.9715328467153285	0.9723207948899929	0.9446415897799858	0.8937562002752627	0.9044713
KJ647399	1454	7270	Acetobacteraceae	Roseomonas arctica	AB369258	1439	7195	Acetobacteraceae	Roseomonas stagni	6494.0	1435	49	51	1354	0.9783236994219653	0.9658060013956734	0.9435540069686411	0.879972200569137	0.9025712
KJ647399	1454	7270	Acetobacteraceae	Roseomonas arctica	EU290160	1466	7330	Acetobacteraceae	Roseomonas frigidaquae	6453.0	1446	71	54	1357	0.9748563218390804	0.9626556016597511	0.9384508990318119	0.8611230398498894	0.88762033
KJ647399	1454	7270	Acetobacteraceae	Roseomonas arctica	AM231587	1387	6935	Acetobacteraceae	Roseomonas aquatica	6446.0	1387	26	26	1330	0.9772226304188097	0.9812545061283345	0.958904109589041	0.9236153525482553	0.9294881
AJ786000	1376	6880	Acetobacteraceae	Roseomonas lacus	KF771274	1490	7450	Acetobacteraceae	Roseomonas alkaliterrae	6546.0	1376	13	12	1338	0.9809384164222874	0.9912790697674418	0.9723837209302325	0.9548822140740367	0.9514535
AJ786000	1376	6880	Acetobacteraceae	Roseomonas lacus	LN810637	1401	7005	Acetobacteraceae	Roseomonas oryzae	6203.0	1367	46	42	1294	0.9766037735849057	0.9692757863935626	0.9465983906364301	0.8876453415380537	0.9015988
AJ786000	1376	6880	Acetobacteraceae	Roseomonas lacus	KF254767	1445	7225	Acetobacteraceae	Roseomonas eburnea	6584.0	1376	15	14	1342	0.9853157121879589	0.9898255813953488	0.9752906976744186	0.9549575343152825	0.9569768
AJ786000	1376	6880	Acetobacteraceae	Roseomonas lacus	HQ436503	1429	7145	Acetobacteraceae	Roseomonas riguiloci	6064.0	1376	68	63	1280	0.9748667174409749	0.9542151162790697	0.9302325581395349	0.845841654319397	0.88139534
AJ786000	1376	6880	Acetobacteraceae	Roseomonas lacus	EF368368	1421	7105	Acetobacteraceae	Roseomonas vinacea	6128.0	1376	59	54	1288	0.9742813918305597	0.9607558139534884	0.936046511627907	0.8623369256948383	0.89069766
AJ786000	1376	6880	Acetobacteraceae	Roseomonas lacus	KP274055	1419	7089	Acetobacteraceae	Roseomonas arcticisoli	6084.0	1376	56	56	1282	0.9712121212121212	0.9593023255813954	0.9316860465116279	0.8588167467844614	0.8843023
AJ786000	1376	6880	Acetobacteraceae	Roseomonas lacus	FM244739	1390	6950	Acetobacteraceae	Roseomonas aestuarii	6233.0	1371	50	46	1299	0.9803773584905661	0.9664478482859227	0.9474835886214442	0.8834734376660194	0.9059593
AJ786000	1376	6880	Acetobacteraceae	Roseomonas lacus	KX129819	1441	7205	Acetobacteraceae	Roseomonas nepalensis	6060.0	1376	64	59	1279	0.9711465451784358	0.9571220930232558	0.9295058139534884	0.8501105256782946	0.88081396
AJ786000	1376	6880	Acetobacteraceae	Roseomonas lacus	LT009499	1430	7150	Acetobacteraceae	Roseomonas rubra	6219.0	1376	48	45	1299	0.9759579263711495	0.967296511627907	0.9440406976744186	0.8823863543571987	0.9039244
AJ786000	1376	6880	Acetobacteraceae	Roseomonas lacus	AB594202	1457	7285	Acetobacteraceae	Roseomonas elaeocarpi	6211.0	1376	49	46	1298	0.9759398496240601	0.9665697674418605	0.9433139534883721	0.8804263565891473	0.90276164
AJ786000	1376	6880	Acetobacteraceae	Roseomonas lacus	AY220740	1485	7425	Acetobacteraceae	Roseomonas gilardii subsp. rosea	6275.0	1376	46	39	1306	0.9768137621540763	0.971656976744186	0.9491279069767442	0.8923938197102018	0.91206396
AJ786000	1376	6880	Acetobacteraceae	Roseomonas lacus	JX275860	1426	7130	Acetobacteraceae	Roseomonas aerophila	6238.0	1376	43	42	1301	0.9752623688155923	0.9694767441860465	0.9454941860465116	0.8888578183129292	0.90668607
AJ786000	1376	6880	Acetobacteraceae	Roseomonas lacus	JN575264	1414	7070	Acetobacteraceae	Roseomonas soli	6534.0	1376	17	16	1336	0.9823529411764705	0.9883720930232558	0.9709302325581395	0.9479290138399639	0.9497093
AJ786000	1376	6880	Acetobacteraceae	Roseomonas lacus	GU168019	1441	7205	Acetobacteraceae	Roseomonas pecuniae	6008.0	1369	57	52	1272	0.9658314350797267	0.9620160701241782	0.929145361577794	0.858123731555368	0.8732558
AJ786000	1376	6880	Acetobacteraceae	Roseomonas lacus	KF619243	1425	7125	Acetobacteraceae	Roseomonas wooponensis	6144.0	1376	52	47	1291	0.9714070729872084	0.965843023255814	0.9382267441860465	0.8731816127613836	0.89302325
AJ786000	1376	6880	Acetobacteraceae	Roseomonas lacus	AF538712	1440	7200	Acetobacteraceae	Roseomonas mucosa	6278.0	1376	41	38	1306	0.976083707025411	0.9723837209302325	0.9491279069767442	0.8962125190789583	0.9125
AJ786000	1376	6880	Acetobacteraceae	Roseomonas lacus	EF661571	1354	6770	Acetobacteraceae	Roseomonas aerilata	6011.0	1354	54	55	1264	0.9730561970746728	0.9600886917960089	0.9335302806499262	0.861261246139385	0.8878877
AJ786000	1376	6880	Acetobacteraceae	Roseomonas lacus	AY150045	1482	7410	Acetobacteraceae	Roseomonas gilardii subsp. gilardii	6254.0	1376	47	42	1303	0.9767616191904048	0.9694767441860465	0.9469476744186046	0.8877218536011375	0.9090116
AJ786000	1376	6880	Acetobacteraceae	Roseomonas lacus	EF363716	1442	7210	Acetobacteraceae	Roseomonas terrae	6648.0	1376	5	4	1350	0.9839650145772595	0.997093023255814	0.9811046511627907	0.9747107758112591	0.9662791
AJ786000	1376	6880	Acetobacteraceae	Roseomonas lacus	EU707562	1451	7255	Acetobacteraceae	Roseomonas oryzicola	6598.0	1376	13	12	1344	0.9853372434017595	0.9912790697674418	0.9767441860465116	0.9591641970967903	0.9590116
AJ786000	1376	6880	Acetobacteraceae	Roseomonas lacus	AJ488504	1486	7424	Acetobacteraceae	Roseomonas ludipueritiae	6243.0	1376	35	34	1302	0.970193740685544	0.9752906976744186	0.9462209302325582	0.8999493184777413	0.90741277
AJ786000	1376	6880	Acetobacteraceae	Roseomonas lacus	KC904962	1409	7045	Acetobacteraceae	Roseomonas rhizosphaerae	6266.0	1376	43	42	1304	0.9775112443778111	0.9694767441860465	0.9476744186046512	0.8909074520215678	0.9107558
AJ786000	1376	6880	Acetobacteraceae	Roseomonas lacus	AB369258	1439	7195	Acetobacteraceae	Roseomonas stagni	6143.0	1376	57	56	1288	0.9757575757575757	0.9593023255813954	0.936046511627907	0.862234051185511	0.89287794
AJ786000	1376	6880	Acetobacteraceae	Roseomonas lacus	EU290160	1466	7330	Acetobacteraceae	Roseomonas frigidaquae	6114.0	1376	65	59	1286	0.976461655277145	0.9571220930232558	0.934593023255814	0.8541700288882075	0.8886628
AJ786000	1376	6880	Acetobacteraceae	Roseomonas lacus	AM231587	1387	6935	Acetobacteraceae	Roseomonas aquatica	6253.0	1362	36	36	1297	0.978129713423831	0.973568281938326	0.9522760646108663	0.9032318037725385	0.9088663
KF771274	1490	7450	Acetobacteraceae	Roseomonas alkaliterrae	LN810637	1401	7005	Acetobacteraceae	Roseomonas oryzae	6342.0	1402	54	55	1323	0.9821826280623608	0.961456102783726	0.9436519258202568	0.8730076539010205	0.9053533
KF771274	1490	7450	Acetobacteraceae	Roseomonas alkaliterrae	KF254767	1445	7225	Acetobacteraceae	Roseomonas eburnea	6897.0	1445	9	9	1408	0.9805013927576601	0.9937716262975779	0.9743944636678201	0.9623318086843121	0.95460206
KF771274	1490	7450	Acetobacteraceae	Roseomonas alkaliterrae	HQ436503	1429	7145	Acetobacteraceae	Roseomonas riguiloci	6311.0	1425	66	62	1329	0.97505502567865	0.9564912280701754	0.9326315789473684	0.8525666278371986	0.88327503
KF771274	1490	7450	Acetobacteraceae	Roseomonas alkaliterrae	EF368368	1421	7105	Acetobacteraceae	Roseomonas vinacea	6324.0	1420	60	60	1328	0.9764705882352941	0.9577464788732394	0.9352112676056338	0.8593833269889607	0.8900774
KF771274	1490	7450	Acetobacteraceae	Roseomonas alkaliterrae	KP274055	1419	7089	Acetobacteraceae	Roseomonas arcticisoli	6240.0	1447	59	87	1322	0.9720588235294118	0.9584214235377027	0.9136143745680718	0.8250435255063597	0.880237
KF771274	1490	7450	Acetobacteraceae	Roseomonas alkaliterrae	FM244739	1390	6950	Acetobacteraceae	Roseomonas aestuarii	6301.0	1387	54	51	1313	0.9827844311377245	0.9632299927901946	0.946647440519106	0.8776689663660829	0.9066187
KF771274	1490	7450	Acetobacteraceae	Roseomonas alkaliterrae	KX129819	1441	7205	Acetobacteraceae	Roseomonas nepalensis	6364.0	1452	62	73	1343	0.9738941261783901	0.9569743233865371	0.9249311294765841	0.842457085566849	0.8832755
KF771274	1490	7450	Acetobacteraceae	Roseomonas alkaliterrae	LT009499	1430	7150	Acetobacteraceae	Roseomonas rubra	6430.0	1451	52	74	1348	0.9789397240377633	0.9636109167249826	0.9290144727773949	0.8511330199697091	0.8993007
KF771274	1490	7450	Acetobacteraceae	Roseomonas alkaliterrae	AB594202	1457	7285	Acetobacteraceae	Roseomonas elaeocarpi	6613.0	1455	49	47	1378	0.9786931818181818	0.9676975945017182	0.9470790378006873	0.8866271843240477	0.9077557
KF771274	1490	7450	Acetobacteraceae	Roseomonas alkaliterrae	AY220740	1485	7425	Acetobacteraceae	Roseomonas gilardii subsp. rosea	6786.0	1482	45	42	1409	0.9784722222222222	0.97165991902834	0.9507422402159245	0.8965742147419328	0.9139394
KF771274	1490	7450	Acetobacteraceae	Roseomonas alkaliterrae	JX275860	1426	7130	Acetobacteraceae	Roseomonas aerophila	6408.0	1426	46	46	1342	0.972463768115942	0.967741935483871	0.94109396914446	0.8822755960729313	0.8987377
KF771274	1490	7450	Acetobacteraceae	Roseomonas alkaliterrae	JN575264	1414	7070	Acetobacteraceae	Roseomonas soli	6748.0	1414	15	15	1377	0.9842744817726948	0.9893917963224894	0.9738330975954739	0.9533887358544912	0.95445544
KF771274	1490	7450	Acetobacteraceae	Roseomonas alkaliterrae	GU168019	1441	7205	Acetobacteraceae	Roseomonas pecuniae	6404.0	1433	57	53	1344	0.9739130434782609	0.9630146545708305	0.9378925331472435	0.8686521447940913	0.8888272
KF771274	1490	7450	Acetobacteraceae	Roseomonas alkaliterrae	KF619243	1425	7125	Acetobacteraceae	Roseomonas wooponensis	6394.0	1421	48	44	1339	0.9724037763253449	0.9690358902181563	0.9422941590429276	0.8832805017032752	0.89740354
KF771274	1490	7450	Acetobacteraceae	Roseomonas alkaliterrae	AF538712	1440	7200	Acetobacteraceae	Roseomonas mucosa	6576.0	1441	44	45	1367	0.9792263610315186	0.9694444444444444	0.9486467730742539	0.8917918486273795	0.91333336
KF771274	1490	7450	Acetobacteraceae	Roseomonas alkaliterrae	EF661571	1354	6770	Acetobacteraceae	Roseomonas aerilata	6073.0	1354	52	53	1272	0.9777094542659492	0.9615668883961567	0.9394387001477105	0.8692814714738061	0.8970458
KF771274	1490	7450	Acetobacteraceae	Roseomonas alkaliterrae	AY150045	1482	7410	Acetobacteraceae	Roseomonas gilardii subsp. gilardii	6774.0	1482	43	43	1407	0.9777623349548298	0.9709851551956815	0.9493927125506073	0.8958531890887369	0.91417
KF771274	1490	7450	Acetobacteraceae	Roseomonas alkaliterrae	EF363716	1442	7210	Acetobacteraceae	Roseomonas terrae	6802.0	1442	18	18	1395	0.9796348314606742	0.9875173370319001	0.9674063800277393	0.9435525240818499	0.94341195
KF771274	1490	7450	Acetobacteraceae	Roseomonas alkaliterrae	EU707562	1451	7255	Acetobacteraceae	Roseomonas oryzicola	6955.0	1451	12	12	1417	0.9847116052814454	0.9917298414886285	0.9765678842177808	0.9605476318451036	0.9586492
KF771274	1490	7450	Acetobacteraceae	Roseomonas alkaliterrae	AJ488504	1486	7424	Acetobacteraceae	Roseomonas ludipueritiae	6729.0	1480	45	44	1402	0.9763231197771588	0.9702702702702702	0.9472972972972973	0.8920124058484714	0.9063847
KF771274	1490	7450	Acetobacteraceae	Roseomonas alkaliterrae	KC904962	1409	7045	Acetobacteraceae	Roseomonas rhizosphaerae	6422.0	1409	45	45	1336	0.9794721407624634	0.9680624556422995	0.9481902058197303	0.8894989276053041	0.91156846
KF771274	1490	7450	Acetobacteraceae	Roseomonas alkaliterrae	AB369258	1439	7195	Acetobacteraceae	Roseomonas stagni	6434.0	1439	58	58	1348	0.9761042722664736	0.9596942321056289	0.936761640027797	0.8641735637130179	0.8942321
KF771274	1490	7450	Acetobacteraceae	Roseomonas alkaliterrae	EU290160	1466	7330	Acetobacteraceae	Roseomonas frigidaquae	6463.0	1461	61	56	1363	0.9701067615658363	0.9616700889801506	0.9329226557152636	0.861206525151081	0.88171893
KF771274	1490	7450	Acetobacteraceae	Roseomonas alkaliterrae	AM231587	1387	6935	Acetobacteraceae	Roseomonas aquatica	6310.0	1387	41	41	1314	0.9762258543833581	0.9704397981254506	0.9473684210526315	0.8929677134011499	0.9098774
LN810637	1401	7005	Acetobacteraceae	Roseomonas oryzae	KF254767	1445	7225	Acetobacteraceae	Roseomonas eburnea	6284.0	1399	78	42	1321	0.9734708916728076	0.9699785561115082	0.9442458899213724	0.8675299069893718	0.8970735
LN810637	1401	7005	Acetobacteraceae	Roseomonas oryzae	HQ436503	1429	7145	Acetobacteraceae	Roseomonas riguiloci	6205.0	1393	65	63	1303	0.9796992481203007	0.9547738693467337	0.9353912419239052	0.8532718461994472	0.88579583
LN810637	1401	7005	Acetobacteraceae	Roseomonas oryzae	EF368368	1421	7105	Acetobacteraceae	Roseomonas vinacea	6419.0	1400	48	46	1331	0.98301329394387	0.9671428571428572	0.9507142857142857	0.8889966456195739	0.9163455
LN810637	1401	7005	Acetobacteraceae	Roseomonas oryzae	KP274055	1419	7089	Acetobacteraceae	Roseomonas arcticisoli	6199.0	1400	60	62	1304	0.9745889387144993	0.9570815450643777	0.9314285714285714	0.8535968688845401	0.8849393
LN810637	1401	7005	Acetobacteraceae	Roseomonas oryzae	FM244739	1390	6950	Acetobacteraceae	Roseomonas aestuarii	6613.0	1386	22	22	1349	0.9890029325513197	0.9841269841269841	0.9733044733044733	0.9428887085137085	0.9515108
LN810637	1401	7005	Acetobacteraceae	Roseomonas oryzae	KX129819	1441	7205	Acetobacteraceae	Roseomonas nepalensis	6298.0	1401	53	54	1317	0.977728285077951	0.9621428571428572	0.9400428265524625	0.8708649844334023	0.8990721
LN810637	1401	7005	Acetobacteraceae	Roseomonas oryzae	LT009499	1430	7150	Acetobacteraceae	Roseomonas rubra	6621.0	1401	21	29	1354	0.9868804664723032	0.9849246231155779	0.966452533904354	0.9324703772973093	0.945182
LN810637	1401	7005	Acetobacteraceae	Roseomonas oryzae	AB594202	1457	7285	Acetobacteraceae	Roseomonas elaeocarpi	6445.0	1401	52	49	1335	0.9874260355029586	0.9650249821556032	0.9528907922912205	0.8866540613749003	0.9200571
LN810637	1401	7005	Acetobacteraceae	Roseomonas oryzae	AY220740	1485	7425	Acetobacteraceae	Roseomonas gilardii subsp. rosea	6485.0	1401	50	43	1341	0.9874815905743741	0.9693076374018558	0.9571734475374732	0.8958246324988894	0.9257673
LN810637	1401	7005	Acetobacteraceae	Roseomonas oryzae	JX275860	1426	7130	Acetobacteraceae	Roseomonas aerophila	6496.0	1395	47	20	1344	0.9774545454545455	0.985663082437276	0.9634408602150538	0.9186762710095	0.9273376
LN810637	1401	7005	Acetobacteraceae	Roseomonas oryzae	JN575264	1414	7070	Acetobacteraceae	Roseomonas soli	6226.0	1387	50	53	1303	0.9767616191904048	0.9638728323699421	0.93943763518385	0.8721014650906443	0.8887937
LN810637	1401	7005	Acetobacteraceae	Roseomonas oryzae	GU168019	1441	7205	Acetobacteraceae	Roseomonas pecuniae	6407.0	1401	54	49	1331	0.9844674556213018	0.9650249821556032	0.9500356887937188	0.8827823032639917	0.9146324
LN810637	1401	7005	Acetobacteraceae	Roseomonas oryzae	KF619243	1425	7125	Acetobacteraceae	Roseomonas wooponensis	6291.0	1390	49	48	1313	0.9783904619970194	0.9654676258992806	0.9446043165467626	0.8809305022972588	0.8980728
LN810637	1401	7005	Acetobacteraceae	Roseomonas oryzae	AF538712	1440	7200	Acetobacteraceae	Roseomonas mucosa	6369.0	1393	55	55	1322	0.9880418535127056	0.9605168700646087	0.9490308686288585	0.8769359821998708	0.9092077
LN810637	1401	7005	Acetobacteraceae	Roseomonas oryzae	EF661571	1354	6770	Acetobacteraceae	Roseomonas aerilata	6198.0	1362	35	43	1289	0.9772554965883244	0.9741506646971935	0.94640234948605	0.8935609870952755	0.9155096
LN810637	1401	7005	Acetobacteraceae	Roseomonas oryzae	AY150045	1482	7410	Acetobacteraceae	Roseomonas gilardii subsp. gilardii	6467.0	1401	52	47	1338	0.9881831610044313	0.966452533904354	0.9550321199143469	0.8899611083028394	0.9231977
LN810637	1401	7005	Acetobacteraceae	Roseomonas oryzae	EF363716	1442	7210	Acetobacteraceae	Roseomonas terrae	6264.0	1401	50	49	1315	0.9726331360946746	0.9650249821556032	0.9386152748037117	0.8745746736971869	0.89421844
LN810637	1401	7005	Acetobacteraceae	Roseomonas oryzae	EU707562	1451	7255	Acetobacteraceae	Roseomonas oryzicola	6305.0	1401	81	44	1325	0.976418570375829	0.9685938615274804	0.9457530335474661	0.8659830408393465	0.9000714
LN810637	1401	7005	Acetobacteraceae	Roseomonas oryzae	AJ488504	1486	7424	Acetobacteraceae	Roseomonas ludipueritiae	6558.0	1401	32	31	1349	0.9846715328467154	0.9778729478943612	0.9628836545324768	0.920551714382061	0.93618846
LN810637	1401	7005	Acetobacteraceae	Roseomonas oryzae	KC904962	1409	7045	Acetobacteraceae	Roseomonas rhizosphaerae	6614.0	1385	16	19	1348	0.986822840409956	0.9884225759768451	0.9732851985559566	0.9489704362793981	0.94418275
LN810637	1401	7005	Acetobacteraceae	Roseomonas oryzae	AB369258	1439	7195	Acetobacteraceae	Roseomonas stagni	6320.0	1401	49	48	1320	0.975609756097561	0.9657387580299786	0.9421841541755889	0.8791552831721184	0.9022127
LN810637	1401	7005	Acetobacteraceae	Roseomonas oryzae	EU290160	1466	7330	Acetobacteraceae	Roseomonas frigidaquae	6365.0	1401	48	42	1327	0.9764532744665195	0.9700214132762313	0.947180585296217	0.8883494930417936	0.9086367
LN810637	1401	7005	Acetobacteraceae	Roseomonas oryzae	AM231587	1387	6935	Acetobacteraceae	Roseomonas aquatica	6277.0	1360	37	44	1296	0.9848024316109423	0.9726533628972653	0.9529411764705882	0.8976883237188934	0.90511894
KF254767	1445	7225	Acetobacteraceae	Roseomonas eburnea	HQ436503	1429	7145	Acetobacteraceae	Roseomonas riguiloci	6343.0	1425	60	56	1333	0.9737034331628927	0.960701754385965	0.9354385964912281	0.862367298718176	0.88775367
KF254767	1445	7225	Acetobacteraceae	Roseomonas eburnea	EF368368	1421	7105	Acetobacteraceae	Roseomonas vinacea	6363.0	1414	56	50	1332	0.9765395894428153	0.9646393210749646	0.942008486562942	0.8740813439944578	0.8955665
KF254767	1445	7225	Acetobacteraceae	Roseomonas eburnea	KP274055	1419	7089	Acetobacteraceae	Roseomonas arcticisoli	6211.0	1424	49	60	1315	0.9640762463343109	0.9653220099079972	0.9234550561797753	0.8551206358650466	0.87614614
KF254767	1445	7225	Acetobacteraceae	Roseomonas eburnea	FM244739	1390	6950	Acetobacteraceae	Roseomonas aestuarii	6301.0	1387	50	47	1313	0.9798507462686568	0.966113914924297	0.946647440519106	0.8827470913678511	0.9066187
KF254767	1445	7225	Acetobacteraceae	Roseomonas eburnea	KX129819	1441	7205	Acetobacteraceae	Roseomonas nepalensis	6384.0	1431	54	50	1341	0.9710354815351194	0.9650593990216632	0.9371069182389937	0.8714778815407747	0.88605136
KF254767	1445	7225	Acetobacteraceae	Roseomonas eburnea	LT009499	1430	7150	Acetobacteraceae	Roseomonas rubra	6357.0	1427	51	53	1335	0.9716157205240175	0.9642105263157895	0.9355290819901892	0.8697002426620568	0.8890909
KF254767	1445	7225	Acetobacteraceae	Roseomonas eburnea	AB594202	1457	7285	Acetobacteraceae	Roseomonas elaeocarpi	6497.0	1438	47	45	1357	0.9741564967695621	0.9687065368567455	0.9436717663421419	0.8852085996731338	0.89923877
KF254767	1445	7225	Acetobacteraceae	Roseomonas eburnea	AY220740	1485	7425	Acetobacteraceae	Roseomonas gilardii subsp. rosea	6572.0	1443	49	43	1368	0.9771428571428571	0.9702009702009702	0.9480249480249481	0.8895676455998172	0.9096194
KF254767	1445	7225	Acetobacteraceae	Roseomonas eburnea	JX275860	1426	7130	Acetobacteraceae	Roseomonas aerophila	6376.0	1426	45	45	1338	0.9688631426502534	0.9684431977559608	0.938288920056101	0.8808817121668766	0.8942497
KF254767	1445	7225	Acetobacteraceae	Roseomonas eburnea	JN575264	1414	7070	Acetobacteraceae	Roseomonas soli	6785.0	1414	14	14	1381	0.9864285714285714	0.9900990099009901	0.9766619519094767	0.9575117175583104	0.95968884
KF254767	1445	7225	Acetobacteraceae	Roseomonas eburnea	GU168019	1441	7205	Acetobacteraceae	Roseomonas pecuniae	6230.0	1400	54	50	1310	0.9703703703703703	0.9642857142857143	0.9357142857142857	0.8687856160345845	0.8646773
KF254767	1445	7225	Acetobacteraceae	Roseomonas eburnea	KF619243	1425	7125	Acetobacteraceae	Roseomonas wooponensis	6504.0	1421	39	35	1352	0.9754689754689755	0.9753694581280788	0.9514426460239268	0.9032188406775086	0.9128421
KF254767	1445	7225	Acetobacteraceae	Roseomonas eburnea	AF538712	1440	7200	Acetobacteraceae	Roseomonas mucosa	6554.0	1436	42	40	1363	0.9763610315186246	0.9721448467966574	0.9491643454038997	0.8965043478916401	0.9102778
KF254767	1445	7225	Acetobacteraceae	Roseomonas eburnea	EF661571	1354	6770	Acetobacteraceae	Roseomonas aerilata	6052.0	1389	44	80	1275	0.974025974025974	0.967479674796748	0.91792656587473	0.8384967723168328	0.89394385
KF254767	1445	7225	Acetobacteraceae	Roseomonas eburnea	AY150045	1482	7410	Acetobacteraceae	Roseomonas gilardii subsp. gilardii	6552.0	1443	49	46	1365	0.9770937723693629	0.9681219681219682	0.9459459459459459	0.885714803275125	0.90685123
KF254767	1445	7225	Acetobacteraceae	Roseomonas eburnea	EF363716	1442	7210	Acetobacteraceae	Roseomonas terrae	6761.0	1425	7	7	1384	0.9760225669957687	0.9950877192982456	0.9712280701754386	0.9617328236793099	0.93772537
KF254767	1445	7225	Acetobacteraceae	Roseomonas eburnea	EU707562	1451	7255	Acetobacteraceae	Roseomonas oryzicola	7011.0	1445	8	8	1421	0.988865692414753	0.9944636678200692	0.9833910034602076	0.9725621968150848	0.9703806
KF254767	1445	7225	Acetobacteraceae	Roseomonas eburnea	AJ488504	1486	7424	Acetobacteraceae	Roseomonas ludipueritiae	6497.0	1445	40	40	1360	0.9679715302491103	0.972318339100346	0.9411764705882353	0.8904733610615962	0.89923877
KF254767	1445	7225	Acetobacteraceae	Roseomonas eburnea	KC904962	1409	7045	Acetobacteraceae	Roseomonas rhizosphaerae	6329.0	1409	49	49	1325	0.9742647058823529	0.9652235628105039	0.9403832505322924	0.8771750485074882	0.89836764
KF254767	1445	7225	Acetobacteraceae	Roseomonas eburnea	AB369258	1439	7195	Acetobacteraceae	Roseomonas stagni	6380.0	1425	49	49	1337	0.971656976744186	0.9656140350877193	0.9382456140350878	0.8758656478373683	0.8867269
KF254767	1445	7225	Acetobacteraceae	Roseomonas eburnea	EU290160	1466	7330	Acetobacteraceae	Roseomonas frigidaquae	6344.0	1436	62	57	1338	0.9702683103698332	0.9603064066852368	0.9317548746518106	0.8577369640486293	0.8780623
KF254767	1445	7225	Acetobacteraceae	Roseomonas eburnea	AM231587	1387	6935	Acetobacteraceae	Roseomonas aquatica	6278.0	1387	48	48	1310	0.9783420463032113	0.9653929343907715	0.9444844989185291	0.8812994732069063	0.9052632
HQ436503	1429	7145	Acetobacteraceae	Roseomonas riguiloci	EF368368	1421	7105	Acetobacteraceae	Roseomonas vinacea	6429.0	1412	43	43	1338	0.9773557341124909	0.9695467422096318	0.9475920679886686	0.8915831897432902	0.9048557
HQ436503	1429	7145	Acetobacteraceae	Roseomonas riguiloci	KP274055	1419	7089	Acetobacteraceae	Roseomonas arcticisoli	6399.0	1421	47	59	1335	0.9801762114537445	0.9666430092264017	0.9394792399718508	0.8716421831346464	0.9026661
HQ436503	1429	7145	Acetobacteraceae	Roseomonas riguiloci	FM244739	1390	6950	Acetobacteraceae	Roseomonas aestuarii	6187.0	1391	61	62	1300	0.9781790820165538	0.956115107913669	0.9345794392523364	0.8554105198115394	0.8902158
HQ436503	1429	7145	Acetobacteraceae	Roseomonas riguiloci	KX129819	1441	7205	Acetobacteraceae	Roseomonas nepalensis	6541.0	1428	38	38	1358	0.9769784172661871	0.9733893557422969	0.9509803921568627	0.9016799079795629	0.91546535
HQ436503	1429	7145	Acetobacteraceae	Roseomonas riguiloci	LT009499	1430	7150	Acetobacteraceae	Roseomonas rubra	6272.0	1423	72	70	1323	0.9778270509977827	0.9508081517919887	0.9297259311314126	0.8414175149303017	0.8778167
HQ436503	1429	7145	Acetobacteraceae	Roseomonas riguiloci	AB594202	1457	7285	Acetobacteraceae	Roseomonas elaeocarpi	6419.0	1429	56	58	1342	0.9788475565280816	0.9607568325157674	0.9391182645206438	0.8670243371433015	0.8983905
HQ436503	1429	7145	Acetobacteraceae	Roseomonas riguiloci	AY220740	1485	7425	Acetobacteraceae	Roseomonas gilardii subsp. rosea	6530.0	1429	42	40	1357	0.9769618430525558	0.9720083974807557	0.9496151154653604	0.8966793986277264	0.9139258
HQ436503	1429	7145	Acetobacteraceae	Roseomonas riguiloci	JX275860	1426	7130	Acetobacteraceae	Roseomonas aerophila	6273.0	1428	68	72	1324	0.976401179941003	0.952247191011236	0.927170868347339	0.8404035410955827	0.87980366
HQ436503	1429	7145	Acetobacteraceae	Roseomonas riguiloci	JN575264	1414	7070	Acetobacteraceae	Roseomonas soli	6229.0	1418	61	65	1315	0.9719142645971914	0.9568599717114569	0.9273624823695346	0.8483579706869373	0.88104665
HQ436503	1429	7145	Acetobacteraceae	Roseomonas riguiloci	GU168019	1441	7205	Acetobacteraceae	Roseomonas pecuniae	6378.0	1397	40	40	1326	0.9771554900515844	0.9713672154617037	0.9491768074445239	0.8963346748101733	0.8926522
HQ436503	1429	7145	Acetobacteraceae	Roseomonas riguiloci	KF619243	1425	7125	Acetobacteraceae	Roseomonas wooponensis	6519.0	1425	37	37	1354	0.9755043227665706	0.9740350877192983	0.9501754385964912	0.9020817433460533	0.9149474
HQ436503	1429	7145	Acetobacteraceae	Roseomonas riguiloci	AF538712	1440	7200	Acetobacteraceae	Roseomonas mucosa	6477.0	1429	49	51	1349	0.978955007256894	0.9656622284512965	0.9440167949615116	0.8801455639086352	0.906508
HQ436503	1429	7145	Acetobacteraceae	Roseomonas riguiloci	EF661571	1354	6770	Acetobacteraceae	Roseomonas aerilata	6163.0	1354	41	41	1283	0.9771515613099772	0.9697193500738552	0.947562776957164	0.8918637463403272	0.9103397
HQ436503	1429	7145	Acetobacteraceae	Roseomonas riguiloci	AY150045	1482	7410	Acetobacteraceae	Roseomonas gilardii subsp. gilardii	6527.0	1429	43	43	1356	0.9783549783549783	0.9699090272918125	0.9489153254023793	0.8934759789454468	0.913506
HQ436503	1429	7145	Acetobacteraceae	Roseomonas riguiloci	EF363716	1442	7210	Acetobacteraceae	Roseomonas terrae	6245.0	1422	65	69	1319	0.974870657797487	0.9541607898448519	0.9275668073136427	0.8439797513754933	0.8740378
HQ436503	1429	7145	Acetobacteraceae	Roseomonas riguiloci	EU707562	1451	7255	Acetobacteraceae	Roseomonas oryzicola	6287.0	1429	63	67	1326	0.973568281938326	0.9557894736842105	0.9279216235129462	0.8470705437162417	0.879916
HQ436503	1429	7145	Acetobacteraceae	Roseomonas riguiloci	AJ488504	1486	7424	Acetobacteraceae	Roseomonas ludipueritiae	6307.0	1429	66	70	1328	0.9771891096394407	0.9536842105263158	0.9293212036389084	0.844780946986807	0.88271517
HQ436503	1429	7145	Acetobacteraceae	Roseomonas riguiloci	KC904962	1409	7045	Acetobacteraceae	Roseomonas rhizosphaerae	6268.0	1413	66	70	1317	0.9806403574087863	0.9531582682753726	0.9320594479830149	0.8463528320765308	0.889709
HQ436503	1429	7145	Acetobacteraceae	Roseomonas riguiloci	AB369258	1439	7195	Acetobacteraceae	Roseomonas stagni	6679.0	1422	24	28	1371	0.9835007173601148	0.9830747531734838	0.9641350210970464	0.929463498899919	0.9347796
HQ436503	1429	7145	Acetobacteraceae	Roseomonas riguiloci	EU290160	1466	7330	Acetobacteraceae	Roseomonas frigidaquae	6674.0	1429	32	31	1374	0.9828326180257511	0.9783065080475857	0.9615115465360392	0.9200500630098445	0.93407977
HQ436503	1429	7145	Acetobacteraceae	Roseomonas riguiloci	AM231587	1387	6935	Acetobacteraceae	Roseomonas aquatica	6273.0	1395	49	57	1310	0.9790732436472347	0.9646719538572458	0.9390681003584229	0.8701337384207548	0.90454215
EF368368	1421	7105	Acetobacteraceae	Roseomonas vinacea	KP274055	1419	7089	Acetobacteraceae	Roseomonas arcticisoli	6327.0	1419	56	59	1327	0.975735294117647	0.96045197740113	0.9351656095842142	0.862254392565784	0.8925095
EF368368	1421	7105	Acetobacteraceae	Roseomonas vinacea	FM244739	1390	6950	Acetobacteraceae	Roseomonas aestuarii	6395.0	1391	38	39	1325	0.9800295857988166	0.9726618705035971	0.9525521207764198	0.9012249596149192	0.9201439
EF368368	1421	7105	Acetobacteraceae	Roseomonas vinacea	KX129819	1441	7205	Acetobacteraceae	Roseomonas nepalensis	6874.0	1420	17	19	1393	0.9942897930049964	0.9880112834978844	0.9809859154929578	0.9564100679231968	0.9674877
EF368368	1421	7105	Acetobacteraceae	Roseomonas vinacea	LT009499	1430	7150	Acetobacteraceae	Roseomonas rubra	6385.0	1420	49	57	1333	0.9779897285399853	0.9652974504249292	0.9387323943661972	0.8709954074343953	0.8986629
EF368368	1421	7105	Acetobacteraceae	Roseomonas vinacea	AB594202	1457	7285	Acetobacteraceae	Roseomonas elaeocarpi	6602.0	1420	36	34	1362	0.9826839826839827	0.976056338028169	0.9591549295774648	0.9130417118093176	0.92920476
EF368368	1421	7105	Acetobacteraceae	Roseomonas vinacea	AY220740	1485	7425	Acetobacteraceae	Roseomonas gilardii subsp. rosea	6517.0	1421	49	39	1354	0.9797395079594791	0.9725545390570021	0.9528501055594651	0.8958087386960413	0.9172414
EF368368	1421	7105	Acetobacteraceae	Roseomonas vinacea	JX275860	1426	7130	Acetobacteraceae	Roseomonas aerophila	6377.0	1414	42	46	1332	0.9736842105263158	0.9702127659574468	0.942008486562942	0.8850739077047423	0.89753693
EF368368	1421	7105	Acetobacteraceae	Roseomonas vinacea	JN575264	1414	7070	Acetobacteraceae	Roseomonas soli	6286.0	1405	48	52	1317	0.9733924611973392	0.9657387580299786	0.9373665480427046	0.8728540533391461	0.8891089
EF368368	1421	7105	Acetobacteraceae	Roseomonas vinacea	GU168019	1441	7205	Acetobacteraceae	Roseomonas pecuniae	6631.0	1405	31	27	1359	0.9862119013062409	0.9807829181494662	0.9672597864768683	0.9281921906442371	0.9332864
EF368368	1421	7105	Acetobacteraceae	Roseomonas vinacea	KF619243	1425	7125	Acetobacteraceae	Roseomonas wooponensis	6459.0	1408	47	47	1339	0.9838354151359294	0.9666193181818182	0.9509943181818182	0.8895555099968759	0.9090781
EF368368	1421	7105	Acetobacteraceae	Roseomonas vinacea	AF538712	1440	7200	Acetobacteraceae	Roseomonas mucosa	6454.0	1412	44	46	1340	0.9809663250366032	0.9687943262411347	0.9490084985835694	0.8903472589733212	0.90837437
EF368368	1421	7105	Acetobacteraceae	Roseomonas vinacea	EF661571	1354	6770	Acetobacteraceae	Roseomonas aerilata	6548.0	1354	16	16	1328	0.992526158445441	0.9881831610044313	0.9807976366322009	0.9578884947546604	0.96720827
EF368368	1421	7105	Acetobacteraceae	Roseomonas vinacea	AY150045	1482	7410	Acetobacteraceae	Roseomonas gilardii subsp. gilardii	6530.0	1420	41	37	1354	0.9790310918293564	0.973943661971831	0.9535211267605633	0.9026144546953175	0.9190711
EF368368	1421	7105	Acetobacteraceae	Roseomonas vinacea	EF363716	1442	7210	Acetobacteraceae	Roseomonas terrae	6318.0	1420	57	57	1328	0.9743213499633162	0.9598591549295775	0.9352112676056338	0.8630284074112924	0.88923293
EF368368	1421	7105	Acetobacteraceae	Roseomonas vinacea	EU707562	1451	7255	Acetobacteraceae	Roseomonas oryzicola	6323.0	1420	55	61	1327	0.9764532744665195	0.9611032531824611	0.9345070422535211	0.8610136070661256	0.8899367
EF368368	1421	7105	Acetobacteraceae	Roseomonas vinacea	AJ488504	1486	7424	Acetobacteraceae	Roseomonas ludipueritiae	6391.0	1420	54	54	1335	0.9773060029282576	0.9619718309859155	0.9401408450704225	0.8712567125957918	0.8995074
EF368368	1421	7105	Acetobacteraceae	Roseomonas vinacea	KC904962	1409	7045	Acetobacteraceae	Roseomonas rhizosphaerae	6394.0	1403	37	41	1329	0.9757709251101322	0.9735525375268048	0.947255880256593	0.8959461867426941	0.907594
EF368368	1421	7105	Acetobacteraceae	Roseomonas vinacea	AB369258	1439	7195	Acetobacteraceae	Roseomonas stagni	6496.0	1420	50	50	1348	0.983941605839416	0.9647887323943662	0.9492957746478873	0.8847178307942895	0.9142857
EF368368	1421	7105	Acetobacteraceae	Roseomonas vinacea	EU290160	1466	7330	Acetobacteraceae	Roseomonas frigidaquae	6483.0	1420	47	42	1348	0.9782293178519593	0.9704225352112676	0.9492957746478873	0.8917038701191471	0.91245604
EF368368	1421	7105	Acetobacteraceae	Roseomonas vinacea	AM231587	1387	6935	Acetobacteraceae	Roseomonas aquatica	6364.0	1377	29	26	1317	0.9748334566987417	0.981118373275236	0.9564270152505446	0.9190134406852674	0.91766405
KP274055	1419	7089	Acetobacteraceae	Roseomonas arcticisoli	FM244739	1390	6950	Acetobacteraceae	Roseomonas aestuarii	6169.0	1387	56	53	1297	0.972263868065967	0.9617880317231434	0.9351117519826965	0.8644761449375724	0.8876259
KP274055	1419	7089	Acetobacteraceae	Roseomonas arcticisoli	KX129819	1441	7205	Acetobacteraceae	Roseomonas nepalensis	6307.0	1419	66	59	1326	0.975	0.9584214235377027	0.9344608879492601	0.8558025640478072	0.88968825
KP274055	1419	7089	Acetobacteraceae	Roseomonas arcticisoli	LT009499	1430	7150	Acetobacteraceae	Roseomonas rubra	6230.0	1416	59	60	1315	0.9697640117994101	0.958303886925795	0.9286723163841808	0.8537489227233553	0.8788264
KP274055	1419	7089	Acetobacteraceae	Roseomonas arcticisoli	AB594202	1457	7285	Acetobacteraceae	Roseomonas elaeocarpi	6288.0	1419	80	62	1326	0.9771554900515844	0.95630725863284	0.9344608879492601	0.8459395763489966	0.887008
KP274055	1419	7089	Acetobacteraceae	Roseomonas arcticisoli	AY220740	1485	7425	Acetobacteraceae	Roseomonas gilardii subsp. rosea	6381.0	1419	80	46	1340	0.9759650400582666	0.9675828047921071	0.9443269908386187	0.8649506060182945	0.90012693
KP274055	1419	7089	Acetobacteraceae	Roseomonas arcticisoli	JX275860	1426	7130	Acetobacteraceae	Roseomonas aerophila	6231.0	1413	63	63	1314	0.9733333333333334	0.9554140127388535	0.9299363057324841	0.8505514991455647	0.8789674
KP274055	1419	7089	Acetobacteraceae	Roseomonas arcticisoli	JN575264	1414	7070	Acetobacteraceae	Roseomonas soli	6112.0	1401	63	60	1296	0.9664429530201343	0.9571734475374732	0.9250535331905781	0.8473338715905501	0.8644979
KP274055	1419	7089	Acetobacteraceae	Roseomonas arcticisoli	GU168019	1441	7205	Acetobacteraceae	Roseomonas pecuniae	6319.0	1406	69	42	1326	0.9721407624633431	0.9701280227596017	0.9431009957325747	0.8721286496130386	0.891381
KP274055	1419	7089	Acetobacteraceae	Roseomonas arcticisoli	KF619243	1425	7125	Acetobacteraceae	Roseomonas wooponensis	6423.0	1404	36	29	1336	0.9716363636363636	0.9793447293447294	0.9515669515669516	0.9086142766698322	0.90605164
KP274055	1419	7089	Acetobacteraceae	Roseomonas arcticisoli	AF538712	1440	7200	Acetobacteraceae	Roseomonas mucosa	6327.0	1409	56	52	1325	0.976418570375829	0.9630943931866572	0.9403832505322924	0.8710580689230858	0.8925095
KP274055	1419	7089	Acetobacteraceae	Roseomonas arcticisoli	EF661571	1354	6770	Acetobacteraceae	Roseomonas aerilata	6090.0	1355	49	51	1273	0.9762269938650306	0.9637841832963784	0.9394833948339484	0.8725686231221287	0.8995569
KP274055	1419	7089	Acetobacteraceae	Roseomonas arcticisoli	AY150045	1482	7410	Acetobacteraceae	Roseomonas gilardii subsp. gilardii	6368.0	1419	79	47	1338	0.9752186588921283	0.966878083157153	0.9429175475687104	0.8636067258105946	0.89829314
KP274055	1419	7089	Acetobacteraceae	Roseomonas arcticisoli	EF363716	1442	7210	Acetobacteraceae	Roseomonas terrae	6220.0	1419	78	62	1318	0.9712601326455417	0.95630725863284	0.9288231148696265	0.8419592297114784	0.8774157
KP274055	1419	7089	Acetobacteraceae	Roseomonas arcticisoli	EU707562	1451	7255	Acetobacteraceae	Roseomonas oryzicola	6139.0	1418	64	61	1307	0.9631540162122328	0.9569816643159379	0.9217207334273625	0.8439777565863232	0.86598957
KP274055	1419	7089	Acetobacteraceae	Roseomonas arcticisoli	AJ488504	1486	7424	Acetobacteraceae	Roseomonas ludipueritiae	6244.0	1419	88	60	1322	0.9727740986019132	0.9577167019027484	0.9316420014094433	0.8401469674289538	0.88080126
KP274055	1419	7089	Acetobacteraceae	Roseomonas arcticisoli	KC904962	1409	7045	Acetobacteraceae	Roseomonas rhizosphaerae	6215.0	1402	65	65	1306	0.9768137621540763	0.9536376604850214	0.9315263908701854	0.8489780399409937	0.88218594
KP274055	1419	7089	Acetobacteraceae	Roseomonas arcticisoli	AB369258	1439	7195	Acetobacteraceae	Roseomonas stagni	6409.0	1418	67	53	1339	0.9809523809523809	0.96262341325811	0.9442877291960508	0.8679816500690971	0.90407676
KP274055	1419	7089	Acetobacteraceae	Roseomonas arcticisoli	EU290160	1466	7330	Acetobacteraceae	Roseomonas frigidaquae	6311.0	1419	91	70	1328	0.9844329132690882	0.9506694855532065	0.9358703312191684	0.8360854813342107	0.89025253
KP274055	1419	7089	Acetobacteraceae	Roseomonas arcticisoli	AM231587	1387	6935	Acetobacteraceae	Roseomonas aquatica	6179.0	1374	55	56	1291	0.9795144157814871	0.9599417334304443	0.9395924308588064	0.8666079943120412	0.89098775
FM244739	1390	6950	Acetobacteraceae	Roseomonas aestuarii	KX129819	1441	7205	Acetobacteraceae	Roseomonas nepalensis	6246.0	1390	53	52	1307	0.976831091180867	0.962589928057554	0.9402877697841726	0.8718676617957194	0.89870507
FM244739	1390	6950	Acetobacteraceae	Roseomonas aestuarii	LT009499	1430	7150	Acetobacteraceae	Roseomonas rubra	6691.0	1390	14	15	1360	0.9890909090909091	0.9899208063354932	0.9784172661870504	0.9582077927401669	0.9627338
FM244739	1390	6950	Acetobacteraceae	Roseomonas aestuarii	AB594202	1457	7285	Acetobacteraceae	Roseomonas elaeocarpi	6440.0	1390	42	43	1330	0.9873793615441723	0.9697624190064795	0.9568345323741008	0.9000391865278726	0.9266187
FM244739	1390	6950	Acetobacteraceae	Roseomonas aestuarii	AY220740	1485	7425	Acetobacteraceae	Roseomonas gilardii subsp. rosea	6353.0	1390	54	51	1320	0.9858103061986557	0.9633093525179857	0.9496402877697842	0.8805874967615934	0.9141007
FM244739	1390	6950	Acetobacteraceae	Roseomonas aestuarii	JX275860	1426	7130	Acetobacteraceae	Roseomonas aerophila	6440.0	1390	27	30	1331	0.9786764705882353	0.9805335255948089	0.9575539568345324	0.9190355549011744	0.9266187
FM244739	1390	6950	Acetobacteraceae	Roseomonas aestuarii	JN575264	1414	7070	Acetobacteraceae	Roseomonas soli	6280.0	1390	47	50	1311	0.9783582089552239	0.966113914924297	0.9431654676258993	0.8795001577026479	0.9035971
FM244739	1390	6950	Acetobacteraceae	Roseomonas aestuarii	GU168019	1441	7205	Acetobacteraceae	Roseomonas pecuniae	6249.0	1388	53	52	1307	0.9782934131736527	0.962536023054755	0.94164265129683	0.8730288564417522	0.89913666
FM244739	1390	6950	Acetobacteraceae	Roseomonas aestuarii	KF619243	1425	7125	Acetobacteraceae	Roseomonas wooponensis	6206.0	1390	57	56	1303	0.9767616191904048	0.9597122302158273	0.9374100719424461	0.8642052771051991	0.89294964
FM244739	1390	6950	Acetobacteraceae	Roseomonas aestuarii	AF538712	1440	7200	Acetobacteraceae	Roseomonas mucosa	6380.0	1390	45	46	1323	0.984375	0.9676025917926566	0.9517985611510792	0.8914406036146693	0.9179856
FM244739	1390	6950	Acetobacteraceae	Roseomonas aestuarii	EF661571	1354	6770	Acetobacteraceae	Roseomonas aerilata	6158.0	1362	40	48	1284	0.9771689497716894	0.9704579025110783	0.9427312775330396	0.8835584156051457	0.90960115
FM244739	1390	6950	Acetobacteraceae	Roseomonas aestuarii	AY150045	1482	7410	Acetobacteraceae	Roseomonas gilardii subsp. gilardii	6332.0	1390	54	53	1317	0.9850411368735976	0.9618705035971223	0.9474820143884892	0.877273859582694	0.9110791
FM244739	1390	6950	Acetobacteraceae	Roseomonas aestuarii	EF363716	1442	7210	Acetobacteraceae	Roseomonas terrae	6262.0	1390	42	45	1310	0.9739776951672863	0.969718817591925	0.9424460431654677	0.8851884972468953	0.9010072
FM244739	1390	6950	Acetobacteraceae	Roseomonas aestuarii	EU707562	1451	7255	Acetobacteraceae	Roseomonas oryzicola	6275.0	1390	50	53	1310	0.9798055347793567	0.9639509733237203	0.9424460431654677	0.875034972022382	0.9028777
FM244739	1390	6950	Acetobacteraceae	Roseomonas aestuarii	AJ488504	1486	7424	Acetobacteraceae	Roseomonas ludipueritiae	6501.0	1390	23	26	1338	0.9809384164222874	0.9834174477289113	0.962589928057554	0.9292092440697124	0.93539566
FM244739	1390	6950	Acetobacteraceae	Roseomonas aestuarii	KC904962	1409	7045	Acetobacteraceae	Roseomonas rhizosphaerae	6684.0	1389	15	18	1358	0.9905178701677607	0.9891774891774892	0.9776817854571634	0.9547020853716319	0.9617266
FM244739	1390	6950	Acetobacteraceae	Roseomonas aestuarii	AB369258	1439	7195	Acetobacteraceae	Roseomonas stagni	6296.0	1390	47	50	1312	0.9791044776119403	0.966113914924297	0.943884892086331	0.8801710197603921	0.9058993
FM244739	1390	6950	Acetobacteraceae	Roseomonas aestuarii	EU290160	1466	7330	Acetobacteraceae	Roseomonas frigidaquae	6250.0	1390	55	53	1307	0.9775617053103964	0.9618705035971223	0.9402877697841726	0.8700102063677776	0.89928055
FM244739	1390	6950	Acetobacteraceae	Roseomonas aestuarii	AM231587	1387	6935	Acetobacteraceae	Roseomonas aquatica	6324.0	1360	30	33	1304	0.9826676714393369	0.9778924097273397	0.9588235294117647	0.9153660600931021	0.91189617
KX129819	1441	7205	Acetobacteraceae	Roseomonas nepalensis	LT009499	1430	7150	Acetobacteraceae	Roseomonas rubra	6348.0	1431	56	62	1334	0.9744338933528123	0.960701754385965	0.9322152341020266	0.8582398490152484	0.88783216
KX129819	1441	7205	Acetobacteraceae	Roseomonas nepalensis	AB594202	1457	7285	Acetobacteraceae	Roseomonas elaeocarpi	6671.0	1441	30	33	1378	0.9786931818181818	0.9791376912378303	0.9562803608605135	0.9153247777645159	0.9258848
KX129819	1441	7205	Acetobacteraceae	Roseomonas nepalensis	AY220740	1485	7425	Acetobacteraceae	Roseomonas gilardii subsp. rosea	6631.0	1441	53	37	1376	0.98005698005698	0.974323386537127	0.9548924358084664	0.897368795097113	0.9203331
KX129819	1441	7205	Acetobacteraceae	Roseomonas nepalensis	JX275860	1426	7130	Acetobacteraceae	Roseomonas aerophila	6380.0	1430	45	49	1339	0.9695872556118754	0.9684431977559608	0.9363636363636364	0.8766902927580894	0.8948107
KX129819	1441	7205	Acetobacteraceae	Roseomonas nepalensis	JN575264	1414	7070	Acetobacteraceae	Roseomonas soli	6325.0	1418	51	55	1326	0.9728539985326485	0.963932107496464	0.9351198871650211	0.8676435712770073	0.8946252
KX129819	1441	7205	Acetobacteraceae	Roseomonas nepalensis	GU168019	1441	7205	Acetobacteraceae	Roseomonas pecuniae	6620.0	1410	45	30	1361	0.986231884057971	0.9787234042553191	0.9652482269503546	0.9154931637054909	0.9188064
KX129819	1441	7205	Acetobacteraceae	Roseomonas nepalensis	KF619243	1425	7125	Acetobacteraceae	Roseomonas wooponensis	6574.0	1424	40	40	1359	0.9819364161849711	0.9719101123595506	0.9543539325842697	0.9022034444649107	0.92266667
KX129819	1441	7205	Acetobacteraceae	Roseomonas nepalensis	AF538712	1440	7200	Acetobacteraceae	Roseomonas mucosa	6556.0	1428	42	44	1358	0.9812138728323699	0.97054698457223	0.9509803921568627	0.895344804588502	0.91055554
KX129819	1441	7205	Acetobacteraceae	Roseomonas nepalensis	EF661571	1354	6770	Acetobacteraceae	Roseomonas aerilata	6460.0	1354	23	23	1317	0.9894815927873779	0.98301329394387	0.9726735598227474	0.9401804706783419	0.95420974
KX129819	1441	7205	Acetobacteraceae	Roseomonas nepalensis	AY150045	1482	7410	Acetobacteraceae	Roseomonas gilardii subsp. gilardii	6649.0	1441	50	36	1378	0.9807829181494662	0.9750173490631506	0.9562803608605135	0.9011226740503162	0.92283136
KX129819	1441	7205	Acetobacteraceae	Roseomonas nepalensis	EF363716	1442	7210	Acetobacteraceae	Roseomonas terrae	6321.0	1435	59	64	1333	0.9722830051057623	0.9587412587412587	0.9289198606271777	0.8524425227040566	0.8773074
KX129819	1441	7205	Acetobacteraceae	Roseomonas nepalensis	EU707562	1451	7255	Acetobacteraceae	Roseomonas oryzicola	6367.0	1441	60	65	1340	0.9738372093023255	0.958217270194986	0.9299097848716169	0.8524689300355395	0.8836919
KX129819	1441	7205	Acetobacteraceae	Roseomonas nepalensis	AJ488504	1486	7424	Acetobacteraceae	Roseomonas ludipueritiae	6409.0	1441	69	58	1348	0.9746926970354303	0.9597501734906315	0.9354614850798056	0.8567835985863386	0.8895212
KX129819	1441	7205	Acetobacteraceae	Roseomonas nepalensis	KC904962	1409	7045	Acetobacteraceae	Roseomonas rhizosphaerae	6376.0	1413	44	48	1331	0.9750915750915751	0.9687721788502484	0.9419674451521586	0.8824883751768678	0.905039
KX129819	1441	7205	Acetobacteraceae	Roseomonas nepalensis	AB369258	1439	7195	Acetobacteraceae	Roseomonas stagni	6553.0	1435	43	48	1360	0.9805335255948089	0.9699300699300699	0.9477351916376306	0.8893834308534464	0.91077137
KX129819	1441	7205	Acetobacteraceae	Roseomonas nepalensis	EU290160	1466	7330	Acetobacteraceae	Roseomonas frigidaquae	6592.0	1441	57	41	1371	0.9792857142857143	0.9715475364330326	0.9514226231783484	0.8891800216620078	0.9149202
KX129819	1441	7205	Acetobacteraceae	Roseomonas nepalensis	AM231587	1387	6935	Acetobacteraceae	Roseomonas aquatica	6369.0	1392	29	35	1322	0.974207811348563	0.9790764790764791	0.9497126436781609	0.9069388159544436	0.918385
LT009499	1430	7150	Acetobacteraceae	Roseomonas rubra	AB594202	1457	7285	Acetobacteraceae	Roseomonas elaeocarpi	6503.0	1425	56	46	1354	0.9818709209572154	0.9677192982456141	0.9501754385964912	0.8847345913737753	0.9095105
LT009499	1430	7150	Acetobacteraceae	Roseomonas rubra	AY220740	1485	7425	Acetobacteraceae	Roseomonas gilardii subsp. rosea	6416.0	1425	67	53	1344	0.9795918367346939	0.9628070175438597	0.9431578947368421	0.8673006914068011	0.8973427
LT009499	1430	7150	Acetobacteraceae	Roseomonas rubra	JX275860	1426	7130	Acetobacteraceae	Roseomonas aerophila	6675.0	1425	19	25	1372	0.98	0.9866102889358703	0.9628070175438597	0.9334694075909997	0.9361851
LT009499	1430	7150	Acetobacteraceae	Roseomonas rubra	JN575264	1414	7070	Acetobacteraceae	Roseomonas soli	6349.0	1416	51	53	1330	0.9757887013939839	0.963932107496464	0.9392655367231638	0.8726782048763955	0.8980198
LT009499	1430	7150	Acetobacteraceae	Roseomonas rubra	GU168019	1441	7205	Acetobacteraceae	Roseomonas pecuniae	6279.0	1397	64	52	1316	0.9784386617100371	0.9627773801002147	0.9420186113099499	0.867224525812377	0.8781818
LT009499	1430	7150	Acetobacteraceae	Roseomonas rubra	KF619243	1425	7125	Acetobacteraceae	Roseomonas wooponensis	6297.0	1418	56	55	1325	0.9721203228173148	0.961212976022567	0.9344146685472496	0.8640482993418597	0.8837895
LT009499	1430	7150	Acetobacteraceae	Roseomonas rubra	AF538712	1440	7200	Acetobacteraceae	Roseomonas mucosa	6440.0	1425	49	53	1344	0.9795918367346939	0.9655172413793104	0.9431578947368421	0.8778918803113618	0.9006993
LT009499	1430	7150	Acetobacteraceae	Roseomonas rubra	EF661571	1354	6770	Acetobacteraceae	Roseomonas aerilata	6108.0	1361	42	49	1278	0.9740853658536586	0.9689807976366323	0.9390154298310066	0.8781099386587888	0.90221566
LT009499	1430	7150	Acetobacteraceae	Roseomonas rubra	AY150045	1482	7410	Acetobacteraceae	Roseomonas gilardii subsp. gilardii	6405.0	1425	67	55	1342	0.9795620437956204	0.9614035087719298	0.9417543859649122	0.8647476600348055	0.89580417
LT009499	1430	7150	Acetobacteraceae	Roseomonas rubra	EF363716	1442	7210	Acetobacteraceae	Roseomonas terrae	6382.0	1422	53	45	1339	0.9724037763253449	0.9683544303797469	0.9416315049226441	0.8790688693413431	0.8925874
LT009499	1430	7150	Acetobacteraceae	Roseomonas rubra	EU707562	1451	7255	Acetobacteraceae	Roseomonas oryzicola	6372.0	1430	69	57	1340	0.9759650400582666	0.9601398601398602	0.9370629370629371	0.8582971398181539	0.8911888
LT009499	1430	7150	Acetobacteraceae	Roseomonas rubra	AJ488504	1486	7424	Acetobacteraceae	Roseomonas ludipueritiae	6742.0	1425	29	21	1382	0.9843304843304843	0.9852631578947368	0.9698245614035088	0.9364743357706509	0.9429371
LT009499	1430	7150	Acetobacteraceae	Roseomonas rubra	KC904962	1409	7045	Acetobacteraceae	Roseomonas rhizosphaerae	6816.0	1411	10	12	1383	0.9885632594710507	0.992902767920511	0.9801559177888023	0.9649810900679341	0.96749467
LT009499	1430	7150	Acetobacteraceae	Roseomonas rubra	AB369258	1439	7195	Acetobacteraceae	Roseomonas stagni	6415.0	1422	58	50	1341	0.9774052478134111	0.9648382559774965	0.9430379746835443	0.8742216900444749	0.8972028
LT009499	1430	7150	Acetobacteraceae	Roseomonas rubra	EU290160	1466	7330	Acetobacteraceae	Roseomonas frigidaquae	6376.0	1429	72	56	1340	0.9759650400582666	0.960811756473058	0.9377186843946816	0.8577533335602251	0.89174825
LT009499	1430	7150	Acetobacteraceae	Roseomonas rubra	AM231587	1387	6935	Acetobacteraceae	Roseomonas aquatica	6448.0	1385	27	29	1329	0.9800884955752213	0.9804772234273319	0.9595667870036101	0.9215103138646566	0.9297765
AB594202	1457	7285	Acetobacteraceae	Roseomonas elaeocarpi	AY220740	1485	7425	Acetobacteraceae	Roseomonas gilardii subsp. rosea	6901.0	1457	31	27	1412	0.9874125874125874	0.9814687714481812	0.9691146190803019	0.9313399901107741	0.94728893
AB594202	1457	7285	Acetobacteraceae	Roseomonas elaeocarpi	JX275860	1426	7130	Acetobacteraceae	Roseomonas aerophila	6441.0	1428	33	35	1347	0.9669777458722182	0.9768583450210379	0.9432773109243697	0.8993739179450014	0.903366
AB594202	1457	7285	Acetobacteraceae	Roseomonas elaeocarpi	JN575264	1414	7070	Acetobacteraceae	Roseomonas soli	6325.0	1416	49	51	1327	0.9721611721611721	0.9653465346534653	0.9371468926553672	0.8731778214843523	0.8946252
AB594202	1457	7285	Acetobacteraceae	Roseomonas elaeocarpi	GU168019	1441	7205	Acetobacteraceae	Roseomonas pecuniae	6527.0	1419	39	37	1353	0.9790159189580319	0.9739252995066948	0.9534883720930233	0.9037866462500399	0.9058987
AB594202	1457	7285	Acetobacteraceae	Roseomonas elaeocarpi	KF619243	1425	7125	Acetobacteraceae	Roseomonas wooponensis	6431.0	1423	52	50	1343	0.9781500364166059	0.9648629655657063	0.94378074490513	0.8785159069523685	0.9025965
AB594202	1457	7285	Acetobacteraceae	Roseomonas elaeocarpi	AF538712	1440	7200	Acetobacteraceae	Roseomonas mucosa	6806.0	1433	24	24	1391	0.9872249822569198	0.9832519190509421	0.9706908583391486	0.9387120242964039	0.94527775
AB594202	1457	7285	Acetobacteraceae	Roseomonas elaeocarpi	EF661571	1354	6770	Acetobacteraceae	Roseomonas aerilata	6318.0	1352	30	28	1301	0.9826283987915407	0.9792899408284024	0.9622781065088757	0.9218930629650878	0.9332349
AB594202	1457	7285	Acetobacteraceae	Roseomonas elaeocarpi	AY150045	1482	7410	Acetobacteraceae	Roseomonas gilardii subsp. gilardii	6897.0	1457	32	27	1412	0.9874125874125874	0.9814687714481812	0.9691146190803019	0.93071450992937	0.94673985
AB594202	1457	7285	Acetobacteraceae	Roseomonas elaeocarpi	EF363716	1442	7210	Acetobacteraceae	Roseomonas terrae	6502.0	1444	47	49	1360	0.974910394265233	0.9674063800277393	0.9418282548476454	0.8811874014168111	0.9018031
AB594202	1457	7285	Acetobacteraceae	Roseomonas elaeocarpi	EU707562	1451	7255	Acetobacteraceae	Roseomonas oryzicola	6424.0	1446	59	61	1350	0.9747292418772563	0.9591412742382271	0.9336099585062241	0.8591692973628707	0.8854583
AB594202	1457	7285	Acetobacteraceae	Roseomonas elaeocarpi	AJ488504	1486	7424	Acetobacteraceae	Roseomonas ludipueritiae	6706.0	1457	38	40	1389	0.9802399435426958	0.9738831615120275	0.9533287577213452	0.9035898660141446	0.9205216
AB594202	1457	7285	Acetobacteraceae	Roseomonas elaeocarpi	KC904962	1409	7045	Acetobacteraceae	Roseomonas rhizosphaerae	6548.0	1411	41	43	1351	0.9875730994152047	0.9709013484740951	0.9574769666902906	0.9020857372123399	0.9294535
AB594202	1457	7285	Acetobacteraceae	Roseomonas elaeocarpi	AB369258	1439	7195	Acetobacteraceae	Roseomonas stagni	6465.0	1441	59	61	1352	0.9797101449275363	0.9589993050729674	0.9382373351839001	0.863178348369188	0.8985407
AB594202	1457	7285	Acetobacteraceae	Roseomonas elaeocarpi	EU290160	1466	7330	Acetobacteraceae	Roseomonas frigidaquae	6491.0	1455	64	61	1361	0.9763271162123386	0.9580756013745705	0.9353951890034364	0.8584206013632589	0.8910089
AB594202	1457	7285	Acetobacteraceae	Roseomonas elaeocarpi	AM231587	1387	6935	Acetobacteraceae	Roseomonas aquatica	6415.0	1390	25	28	1328	0.9750367107195301	0.9819754866618601	0.9553956834532374	0.9196105447797239	0.925018
AY220740	1485	7425	Acetobacteraceae	Roseomonas gilardii subsp. rosea	JX275860	1426	7130	Acetobacteraceae	Roseomonas aerophila	6447.0	1432	33	39	1348	0.9676956209619526	0.9768583450210379	0.9413407821229051	0.8950769348103801	0.9042076
AY220740	1485	7425	Acetobacteraceae	Roseomonas gilardii subsp. rosea	JN575264	1414	7070	Acetobacteraceae	Roseomonas soli	6382.0	1420	44	50	1334	0.9737226277372263	0.9688826025459689	0.9394366197183098	0.8791176017855767	0.90268743
AY220740	1485	7425	Acetobacteraceae	Roseomonas gilardii subsp. rosea	GU168019	1441	7205	Acetobacteraceae	Roseomonas pecuniae	6658.0	1439	32	34	1376	0.9793594306049822	0.977731384829506	0.9562195969423211	0.9133164743058879	0.9240805
AY220740	1485	7425	Acetobacteraceae	Roseomonas gilardii subsp. rosea	KF619243	1425	7125	Acetobacteraceae	Roseomonas wooponensis	6563.0	1427	36	38	1360	0.9791216702663786	0.9747368421052631	0.9530483531885073	0.9048422163901823	0.9211228
AY220740	1485	7425	Acetobacteraceae	Roseomonas gilardii subsp. rosea	AF538712	1440	7200	Acetobacteraceae	Roseomonas mucosa	7089.0	1444	10	14	1427	0.9979020979020979	0.9930555555555556	0.9882271468144044	0.9719152819426399	0.9845833
AY220740	1485	7425	Acetobacteraceae	Roseomonas gilardii subsp. rosea	EF661571	1354	6770	Acetobacteraceae	Roseomonas aerilata	6250.0	1356	33	35	1294	0.979560938682816	0.9756277695716395	0.9542772861356932	0.9075596076207708	0.92319053
AY220740	1485	7425	Acetobacteraceae	Roseomonas gilardii subsp. rosea	AY150045	1482	7410	Acetobacteraceae	Roseomonas gilardii subsp. gilardii	7336.0	1484	0	3	1474	0.9952734638757597	1.0	0.9932614555256065	0.9912535145777784	0.9900135
AY220740	1485	7425	Acetobacteraceae	Roseomonas gilardii subsp. rosea	EF363716	1442	7210	Acetobacteraceae	Roseomonas terrae	6572.0	1448	36	42	1369	0.9736842105263158	0.9750346740638003	0.9454419889502762	0.8957489464043722	0.9115118
AY220740	1485	7425	Acetobacteraceae	Roseomonas gilardii subsp. rosea	EU707562	1451	7255	Acetobacteraceae	Roseomonas oryzicola	6516.0	1455	45	51	1364	0.9715099715099715	0.968944099378882	0.9374570446735395	0.877459793814433	0.89813924
AY220740	1485	7425	Acetobacteraceae	Roseomonas gilardii subsp. rosea	AJ488504	1486	7424	Acetobacteraceae	Roseomonas ludipueritiae	6700.0	1483	46	48	1399	0.9749128919860627	0.9689399054692776	0.9433580579905597	0.8853622061585698	0.90247846
AY220740	1485	7425	Acetobacteraceae	Roseomonas gilardii subsp. rosea	KC904962	1409	7045	Acetobacteraceae	Roseomonas rhizosphaerae	6466.0	1415	43	49	1342	0.9824304538799414	0.9694819020581973	0.9484098939929329	0.8885650995845996	0.9178141
AY220740	1485	7425	Acetobacteraceae	Roseomonas gilardii subsp. rosea	AB369258	1439	7195	Acetobacteraceae	Roseomonas stagni	6567.0	1445	46	52	1365	0.9798994974874372	0.9680333564975677	0.9446366782006921	0.8825478824504118	0.91271716
AY220740	1485	7425	Acetobacteraceae	Roseomonas gilardii subsp. rosea	EU290160	1466	7330	Acetobacteraceae	Roseomonas frigidaquae	6682.0	1467	43	44	1390	0.9768095572733662	0.970668485675307	0.9475119291070211	0.8929201821982059	0.9115962
AY220740	1485	7425	Acetobacteraceae	Roseomonas gilardii subsp. rosea	AM231587	1387	6935	Acetobacteraceae	Roseomonas aquatica	6376.0	1394	40	47	1322	0.9814402375649591	0.9711607786589762	0.9483500717360115	0.8908141887227389	0.9193944
JX275860	1426	7130	Acetobacteraceae	Roseomonas aerophila	JN575264	1414	7070	Acetobacteraceae	Roseomonas soli	6363.0	1414	42	42	1332	0.9708454810495627	0.9702970297029703	0.942008486562942	0.8876618431073877	0.9
JX275860	1426	7130	Acetobacteraceae	Roseomonas aerophila	GU168019	1441	7205	Acetobacteraceae	Roseomonas pecuniae	6239.0	1395	54	50	1309	0.9732342007434944	0.96415770609319	0.9383512544802868	0.8710023721711426	0.87503505
JX275860	1426	7130	Acetobacteraceae	Roseomonas aerophila	KF619243	1425	7125	Acetobacteraceae	Roseomonas wooponensis	6317.0	1420	56	52	1329	0.9714912280701754	0.9633802816901409	0.9359154929577465	0.8674338715218138	0.8865965
JX275860	1426	7130	Acetobacteraceae	Roseomonas aerophila	AF538712	1440	7200	Acetobacteraceae	Roseomonas mucosa	6457.0	1424	38	36	1348	0.9711815561959655	0.9747191011235955	0.9466292134831461	0.8987150125270909	0.9056101
JX275860	1426	7130	Acetobacteraceae	Roseomonas aerophila	EF661571	1354	6770	Acetobacteraceae	Roseomonas aerilata	6097.0	1394	36	76	1282	0.9726858877086495	0.9734121122599705	0.9196556671449068	0.847626691816075	0.90059084
JX275860	1426	7130	Acetobacteraceae	Roseomonas aerophila	AY150045	1482	7410	Acetobacteraceae	Roseomonas gilardii subsp. gilardii	6447.0	1426	43	39	1347	0.9711607786589762	0.9726507713884993	0.9446002805049089	0.8918724227776097	0.9042076
JX275860	1426	7130	Acetobacteraceae	Roseomonas aerophila	EF363716	1442	7210	Acetobacteraceae	Roseomonas terrae	6424.0	1420	40	40	1342	0.972463768115942	0.971830985915493	0.9450704225352112	0.8932857418483503	0.9009818
JX275860	1426	7130	Acetobacteraceae	Roseomonas aerophila	EU707562	1451	7255	Acetobacteraceae	Roseomonas oryzicola	6433.0	1426	42	42	1345	0.971820809248555	0.97054698457223	0.9431977559607293	0.8892273121591616	0.90224403
JX275860	1426	7130	Acetobacteraceae	Roseomonas aerophila	AJ488504	1486	7424	Acetobacteraceae	Roseomonas ludipueritiae	6763.0	1426	23	23	1383	0.9857448325017819	0.9838709677419355	0.9698457223001402	0.9390569692112469	0.94852734
JX275860	1426	7130	Acetobacteraceae	Roseomonas aerophila	KC904962	1409	7045	Acetobacteraceae	Roseomonas rhizosphaerae	6580.0	1409	20	20	1356	0.9762419006479481	0.985805535841022	0.9623846699787083	0.9354459808260502	0.9339957
JX275860	1426	7130	Acetobacteraceae	Roseomonas aerophila	AB369258	1439	7195	Acetobacteraceae	Roseomonas stagni	6384.0	1420	52	52	1336	0.9766081871345029	0.9633802816901409	0.9408450704225352	0.8743723208818126	0.8953717
JX275860	1426	7130	Acetobacteraceae	Roseomonas aerophila	EU290160	1466	7330	Acetobacteraceae	Roseomonas frigidaquae	6373.0	1426	62	57	1337	0.9766252739225713	0.9600280504908836	0.9375876577840112	0.8626058491305856	0.89382887
JX275860	1426	7130	Acetobacteraceae	Roseomonas aerophila	AM231587	1387	6935	Acetobacteraceae	Roseomonas aquatica	6369.0	1386	29	29	1321	0.9734708916728076	0.9790764790764791	0.9531024531024531	0.9140353560848261	0.918385
JN575264	1414	7070	Acetobacteraceae	Roseomonas soli	GU168019	1441	7205	Acetobacteraceae	Roseomonas pecuniae	6156.0	1386	49	45	1296	0.9664429530201343	0.9675324675324676	0.935064935064935	0.8738132947192181	0.87072134
JN575264	1414	7070	Acetobacteraceae	Roseomonas soli	KF619243	1425	7125	Acetobacteraceae	Roseomonas wooponensis	6426.0	1414	47	43	1339	0.9766593727206418	0.9695898161244696	0.946958981612447	0.8886247527656844	0.9089109
JN575264	1414	7070	Acetobacteraceae	Roseomonas soli	AF538712	1440	7200	Acetobacteraceae	Roseomonas mucosa	6403.0	1414	46	44	1336	0.9751824817518249	0.9688826025459689	0.9448373408769448	0.8865939431516536	0.9056577
JN575264	1414	7070	Acetobacteraceae	Roseomonas soli	EF661571	1354	6770	Acetobacteraceae	Roseomonas aerilata	6006.0	1354	54	55	1263	0.9722863741339491	0.9600886917960089	0.9327917282127031	0.8605798685712368	0.8871492
JN575264	1414	7070	Acetobacteraceae	Roseomonas soli	AY150045	1482	7410	Acetobacteraceae	Roseomonas gilardii subsp. gilardii	6371.0	1414	52	48	1332	0.9751098096632503	0.9660537482319661	0.942008486562942	0.8777514274522366	0.9011316
JN575264	1414	7070	Acetobacteraceae	Roseomonas soli	EF363716	1442	7210	Acetobacteraceae	Roseomonas terrae	6649.0	1411	18	18	1364	0.9791816223977028	0.9872430900070872	0.966690290574061	0.9423370012383954	0.94045264
JN575264	1414	7070	Acetobacteraceae	Roseomonas soli	EU707562	1451	7255	Acetobacteraceae	Roseomonas oryzicola	6909.0	1414	12	12	1395	0.9950071326676176	0.9915134370579916	0.9865629420084866	0.9699587971219482	0.97722775
JN575264	1414	7070	Acetobacteraceae	Roseomonas soli	AJ488504	1486	7424	Acetobacteraceae	Roseomonas ludipueritiae	6416.0	1414	38	38	1338	0.9723837209302325	0.9731258840169731	0.9462517680339463	0.896723438577624	0.90749645
JN575264	1414	7070	Acetobacteraceae	Roseomonas soli	KC904962	1409	7045	Acetobacteraceae	Roseomonas rhizosphaerae	6372.0	1409	48	48	1330	0.9772226304188097	0.9659332860184529	0.9439318665720369	0.8817373166812231	0.9044713
JN575264	1414	7070	Acetobacteraceae	Roseomonas soli	AB369258	1439	7195	Acetobacteraceae	Roseomonas stagni	6296.0	1411	56	56	1321	0.9749077490774908	0.9603118355776046	0.9362154500354358	0.8647388785262546	0.8905233
JN575264	1414	7070	Acetobacteraceae	Roseomonas soli	EU290160	1466	7330	Acetobacteraceae	Roseomonas frigidaquae	6280.0	1414	59	54	1322	0.9720588235294118	0.9618104667609618	0.9349363507779349	0.8632134671133683	0.88826025
JN575264	1414	7070	Acetobacteraceae	Roseomonas soli	AM231587	1387	6935	Acetobacteraceae	Roseomonas aquatica	6264.0	1383	44	44	1307	0.9761015683345781	0.9681851048445409	0.9450469992769343	0.8867679972192115	0.90324444
GU168019	1441	7205	Acetobacteraceae	Roseomonas pecuniae	KF619243	1425	7125	Acetobacteraceae	Roseomonas wooponensis	6387.0	1393	41	41	1325	0.9800295857988166	0.9705671213208902	0.9511844938980617	0.8967931908997067	0.8964211
GU168019	1441	7205	Acetobacteraceae	Roseomonas pecuniae	AF538712	1440	7200	Acetobacteraceae	Roseomonas mucosa	6397.0	1397	42	44	1327	0.9807834441980784	0.9698924731182795	0.9498926270579814	0.8931235054964898	0.8884722
GU168019	1441	7205	Acetobacteraceae	Roseomonas pecuniae	EF661571	1354	6770	Acetobacteraceae	Roseomonas aerilata	6456.0	1354	17	17	1318	0.9857890800299177	0.9874446085672083	0.9734121122599705	0.9492720598771557	0.9536189
GU168019	1441	7205	Acetobacteraceae	Roseomonas pecuniae	AY150045	1482	7410	Acetobacteraceae	Roseomonas gilardii subsp. gilardii	6633.0	1441	35	39	1373	0.9793152639087018	0.9756437021572721	0.9528105482303956	0.9050409136985195	0.92061067
GU168019	1441	7205	Acetobacteraceae	Roseomonas pecuniae	EF363716	1442	7210	Acetobacteraceae	Roseomonas terrae	6280.0	1421	50	54	1324	0.9685442574981712	0.9647141848976711	0.9317382125263899	0.8658641308793847	0.87161696
GU168019	1441	7205	Acetobacteraceae	Roseomonas pecuniae	EU707562	1451	7255	Acetobacteraceae	Roseomonas oryzicola	6212.0	1410	82	49	1317	0.967670830271859	0.9652482269503546	0.9340425531914893	0.8520321145399578	0.86217904
GU168019	1441	7205	Acetobacteraceae	Roseomonas pecuniae	AJ488504	1486	7424	Acetobacteraceae	Roseomonas ludipueritiae	6502.0	1441	53	55	1357	0.9790764790764791	0.9631688672689368	0.9417071478140181	0.8736319323093903	0.90242887
GU168019	1441	7205	Acetobacteraceae	Roseomonas pecuniae	KC904962	1409	7045	Acetobacteraceae	Roseomonas rhizosphaerae	6293.0	1388	43	47	1311	0.9776286353467561	0.9689306358381503	0.9445244956772334	0.8851204393453319	0.8932576
GU168019	1441	7205	Acetobacteraceae	Roseomonas pecuniae	AB369258	1439	7195	Acetobacteraceae	Roseomonas stagni	6454.0	1418	44	48	1342	0.9795620437956204	0.9688826025459689	0.9464033850493653	0.8868485892733451	0.8970118
GU168019	1441	7205	Acetobacteraceae	Roseomonas pecuniae	EU290160	1466	7330	Acetobacteraceae	Roseomonas frigidaquae	6497.0	1429	40	39	1353	0.9733812949640288	0.9727081875437369	0.946815955213436	0.8958980107193165	0.9017349
GU168019	1441	7205	Acetobacteraceae	Roseomonas pecuniae	AM231587	1387	6935	Acetobacteraceae	Roseomonas aquatica	6212.0	1361	25	31	1291	0.9706766917293234	0.981549815498155	0.9485672299779574	0.9102412812919793	0.89574623
KF619243	1425	7125	Acetobacteraceae	Roseomonas wooponensis	AF538712	1440	7200	Acetobacteraceae	Roseomonas mucosa	6521.0	1425	41	43	1354	0.9797395079594791	0.9711876317638791	0.9501754385964912	0.8957315526196119	0.91522807
KF619243	1425	7125	Acetobacteraceae	Roseomonas wooponensis	EF661571	1354	6770	Acetobacteraceae	Roseomonas aerilata	6176.0	1354	39	39	1284	0.976425855513308	0.9711964549483013	0.948301329394387	0.8952019010435169	0.91226
KF619243	1425	7125	Acetobacteraceae	Roseomonas wooponensis	AY150045	1482	7410	Acetobacteraceae	Roseomonas gilardii subsp. gilardii	6548.0	1425	36	36	1358	0.9776817854571634	0.9747368421052631	0.9529824561403509	0.9060182283223459	0.91901755
KF619243	1425	7125	Acetobacteraceae	Roseomonas wooponensis	EF363716	1442	7210	Acetobacteraceae	Roseomonas terrae	6314.0	1418	46	50	1327	0.9700292397660819	0.9674681753889675	0.9358251057827927	0.8744595250757243	0.88617545
KF619243	1425	7125	Acetobacteraceae	Roseomonas wooponensis	EU707562	1451	7255	Acetobacteraceae	Roseomonas oryzicola	6416.0	1425	45	49	1341	0.9745639534883721	0.9683321604503871	0.9410526315789474	0.8808764769065521	0.90049124
KF619243	1425	7125	Acetobacteraceae	Roseomonas wooponensis	AJ488504	1486	7424	Acetobacteraceae	Roseomonas ludipueritiae	6358.0	1425	53	57	1334	0.9751461988304093	0.9627023223082336	0.9361403508771929	0.8664682002706359	0.89235085
KF619243	1425	7125	Acetobacteraceae	Roseomonas wooponensis	KC904962	1409	7045	Acetobacteraceae	Roseomonas rhizosphaerae	6297.0	1413	51	55	1322	0.9734904270986745	0.9638041163946061	0.9355980184005662	0.8678566318223832	0.8938254
KF619243	1425	7125	Acetobacteraceae	Roseomonas wooponensis	AB369258	1439	7195	Acetobacteraceae	Roseomonas stagni	6510.0	1418	35	39	1349	0.9782451051486585	0.9752475247524752	0.9513399153737658	0.9028890181007729	0.9136842
KF619243	1425	7125	Acetobacteraceae	Roseomonas wooponensis	EU290160	1466	7330	Acetobacteraceae	Roseomonas frigidaquae	6458.0	1425	48	47	1347	0.9775036284470247	0.9670175438596491	0.9452631578947368	0.8842991388859113	0.90638596
KF619243	1425	7125	Acetobacteraceae	Roseomonas wooponensis	AM231587	1387	6935	Acetobacteraceae	Roseomonas aquatica	6289.0	1393	46	52	1312	0.9783743475018642	0.9668348954578226	0.9418521177315147	0.8777093049881594	0.9068493
AF538712	1440	7200	Acetobacteraceae	Roseomonas mucosa	EF661571	1354	6770	Acetobacteraceae	Roseomonas aerilata	6187.0	1352	43	41	1285	0.9801678108314263	0.9696745562130178	0.9504437869822485	0.8932127632499841	0.91388476
AF538712	1440	7200	Acetobacteraceae	Roseomonas mucosa	AY150045	1482	7410	Acetobacteraceae	Roseomonas gilardii subsp. gilardii	7029.0	1439	17	16	1419	0.9971890372452565	0.9888811674774148	0.9861014593467686	0.9637516323148707	0.97625
AF538712	1440	7200	Acetobacteraceae	Roseomonas mucosa	EF363716	1442	7210	Acetobacteraceae	Roseomonas terrae	6482.0	1420	35	37	1348	0.9746926970354303	0.9753173483779972	0.9492957746478873	0.9023203136343836	0.9002778
AF538712	1440	7200	Acetobacteraceae	Roseomonas mucosa	EU707562	1451	7255	Acetobacteraceae	Roseomonas oryzicola	6480.0	1438	45	47	1354	0.9734004313443566	0.9686629526462396	0.9415855354659249	0.8831729466170611	0.9
AF538712	1440	7200	Acetobacteraceae	Roseomonas mucosa	AJ488504	1486	7424	Acetobacteraceae	Roseomonas ludipueritiae	6575.0	1439	40	40	1367	0.9771265189421015	0.9722029186935371	0.9499652536483669	0.8985810614293883	0.9131944
AF538712	1440	7200	Acetobacteraceae	Roseomonas mucosa	KC904962	1409	7045	Acetobacteraceae	Roseomonas rhizosphaerae	6494.0	1411	40	42	1345	0.9824689554419284	0.971611071682044	0.9532246633593197	0.8993553164292961	0.9217885
AF538712	1440	7200	Acetobacteraceae	Roseomonas mucosa	AB369258	1439	7195	Acetobacteraceae	Roseomonas stagni	6457.0	1420	47	49	1343	0.9795769511305616	0.9668547249647391	0.9457746478873239	0.8838834643854949	0.89742875
AF538712	1440	7200	Acetobacteraceae	Roseomonas mucosa	EU290160	1466	7330	Acetobacteraceae	Roseomonas frigidaquae	6461.0	1431	54	51	1349	0.9775362318840579	0.9643605870020965	0.9426974143955276	0.8760420416604903	0.8973611
AF538712	1440	7200	Acetobacteraceae	Roseomonas mucosa	AM231587	1387	6935	Acetobacteraceae	Roseomonas aquatica	6386.0	1390	36	39	1323	0.9792746113989638	0.9740447007930786	0.9517985611510792	0.9017390295337363	0.9208363
EF661571	1354	6770	Acetobacteraceae	Roseomonas aerilata	AY150045	1482	7410	Acetobacteraceae	Roseomonas gilardii subsp. gilardii	6229.0	1354	36	36	1291	0.9795144157814871	0.9734121122599705	0.9534711964549483	0.9040827603795839	0.92008865
EF661571	1354	6770	Acetobacteraceae	Roseomonas aerilata	EF363716	1442	7210	Acetobacteraceae	Roseomonas terrae	5992.0	1353	51	50	1263	0.9693016116653875	0.9630450849963045	0.9334811529933481	0.8663290187680431	0.88508123
EF661571	1354	6770	Acetobacteraceae	Roseomonas aerilata	EU707562	1451	7255	Acetobacteraceae	Roseomonas oryzicola	6003.0	1353	87	51	1269	0.9746543778801844	0.9623059866962306	0.9379157427937915	0.8480321507760531	0.88670605
EF661571	1354	6770	Acetobacteraceae	Roseomonas aerilata	AJ488504	1486	7424	Acetobacteraceae	Roseomonas ludipueritiae	6115.0	1354	46	41	1278	0.9733434881949733	0.9697193500738552	0.9438700147710487	0.885215235281705	0.9032496
EF661571	1354	6770	Acetobacteraceae	Roseomonas aerilata	KC904962	1409	7045	Acetobacteraceae	Roseomonas rhizosphaerae	6190.0	1354	29	33	1286	0.9735049205147616	0.9785185185185186	0.9497784342688331	0.907199791517808	0.9143279
EF661571	1354	6770	Acetobacteraceae	Roseomonas aerilata	AB369258	1439	7195	Acetobacteraceae	Roseomonas stagni	6111.0	1354	64	49	1278	0.9793103448275862	0.9638109305760709	0.9438700147710487	0.868653292860521	0.90265876
EF661571	1354	6770	Acetobacteraceae	Roseomonas aerilata	EU290160	1466	7330	Acetobacteraceae	Roseomonas frigidaquae	6094.0	1354	44	43	1274	0.9717772692601068	0.9682422451994092	0.9409158050221565	0.8823609587868722	0.90014774
EF661571	1354	6770	Acetobacteraceae	Roseomonas aerilata	AM231587	1387	6935	Acetobacteraceae	Roseomonas aquatica	6249.0	1354	22	26	1293	0.973644578313253	0.9837037037037037	0.9549483013293943	0.92163615128302	0.92304283
AY150045	1482	7410	Acetobacteraceae	Roseomonas gilardii subsp. gilardii	EF363716	1442	7210	Acetobacteraceae	Roseomonas terrae	6562.0	1446	42	46	1367	0.9764285714285714	0.970873786407767	0.9453665283540802	0.8894577551718496	0.91012484
AY150045	1482	7410	Acetobacteraceae	Roseomonas gilardii subsp. gilardii	EU707562	1451	7255	Acetobacteraceae	Roseomonas oryzicola	6498.0	1452	51	54	1361	0.9735336194563662	0.9648033126293996	0.9373278236914601	0.87184584000044	0.8956582
AY150045	1482	7410	Acetobacteraceae	Roseomonas gilardii subsp. gilardii	AJ488504	1486	7424	Acetobacteraceae	Roseomonas ludipueritiae	6692.0	1480	53	52	1397	0.9782913165266106	0.9648648648648649	0.9439189189189189	0.8792669381710476	0.9031039
AY150045	1482	7410	Acetobacteraceae	Roseomonas gilardii subsp. gilardii	KC904962	1409	7045	Acetobacteraceae	Roseomonas rhizosphaerae	6455.0	1413	47	51	1340	0.9838472834067548	0.9666430092264017	0.9483368719037509	0.8846813832417183	0.9162527
AY150045	1482	7410	Acetobacteraceae	Roseomonas gilardii subsp. gilardii	AB369258	1439	7195	Acetobacteraceae	Roseomonas stagni	6556.0	1443	49	53	1363	0.9805755395683453	0.965948575399583	0.9445599445599445	0.8799854711382862	0.9111883
AY150045	1482	7410	Acetobacteraceae	Roseomonas gilardii subsp. gilardii	EU290160	1466	7330	Acetobacteraceae	Roseomonas frigidaquae	6670.0	1465	45	44	1388	0.9767769176636172	0.9699658703071672	0.9474402730375426	0.8915977668783762	0.9099591
AY150045	1482	7410	Acetobacteraceae	Roseomonas gilardii subsp. gilardii	AM231587	1387	6935	Acetobacteraceae	Roseomonas aquatica	6381.0	1392	41	46	1322	0.9821693907875185	0.9704397981254506	0.9497126436781609	0.892053885827498	0.92011535
EF363716	1442	7210	Acetobacteraceae	Roseomonas terrae	EU707562	1451	7255	Acetobacteraceae	Roseomonas oryzicola	6820.0	1431	10	10	1393	0.9802955665024631	0.9930118798043326	0.973445143256464	0.9599344542452709	0.9459085
EF363716	1442	7210	Acetobacteraceae	Roseomonas terrae	AJ488504	1486	7424	Acetobacteraceae	Roseomonas ludipueritiae	6534.0	1442	36	36	1364	0.9701280227596017	0.9750346740638003	0.9459084604715673	0.8998290226136831	0.90624136
EF363716	1442	7210	Acetobacteraceae	Roseomonas terrae	KC904962	1409	7045	Acetobacteraceae	Roseomonas rhizosphaerae	6360.0	1409	40	40	1330	0.9715120525931337	0.971611071682044	0.9439318665720369	0.8918169256984944	0.9027679
EF363716	1442	7210	Acetobacteraceae	Roseomonas terrae	AB369258	1439	7195	Acetobacteraceae	Roseomonas stagni	6424.0	1439	56	56	1348	0.9746926970354303	0.9610840861709521	0.936761640027797	0.866582841577554	0.89284223
EF363716	1442	7210	Acetobacteraceae	Roseomonas terrae	EU290160	1466	7330	Acetobacteraceae	Roseomonas frigidaquae	6379.0	1442	63	58	1345	0.971820809248555	0.9597780859916782	0.9327323162274619	0.8577418775141576	0.8847434
EF363716	1442	7210	Acetobacteraceae	Roseomonas terrae	AM231587	1387	6935	Acetobacteraceae	Roseomonas aquatica	6308.0	1380	32	32	1312	0.973293768545994	0.9768115942028985	0.9507246376811594	0.9076323028287557	0.90958905
EU707562	1451	7255	Acetobacteraceae	Roseomonas oryzicola	AJ488504	1486	7424	Acetobacteraceae	Roseomonas ludipueritiae	6545.0	1451	42	42	1368	0.9709013484740951	0.9710544452101999	0.9427980702963473	0.8897538386118912	0.90213645
EU707562	1451	7255	Acetobacteraceae	Roseomonas oryzicola	KC904962	1409	7045	Acetobacteraceae	Roseomonas rhizosphaerae	6332.0	1409	51	51	1325	0.975699558173785	0.9638041163946061	0.9403832505322924	0.8746852426183926	0.89879346
EU707562	1451	7255	Acetobacteraceae	Roseomonas oryzicola	AB369258	1439	7195	Acetobacteraceae	Roseomonas stagni	6387.0	1431	54	54	1340	0.9731299927378358	0.9622641509433962	0.9364081062194269	0.8683056984943778	0.8876998
EU707562	1451	7255	Acetobacteraceae	Roseomonas oryzicola	EU290160	1466	7330	Acetobacteraceae	Roseomonas frigidaquae	6382.0	1442	59	54	1345	0.9690201729106628	0.9625520110957004	0.9327323162274619	0.8625132944195317	0.8796692
EU707562	1451	7255	Acetobacteraceae	Roseomonas oryzicola	AM231587	1387	6935	Acetobacteraceae	Roseomonas aquatica	6272.0	1387	45	45	1310	0.9761549925484352	0.9675558759913482	0.9444844989185291	0.8851244396289568	0.90439796
AJ488504	1486	7424	Acetobacteraceae	Roseomonas ludipueritiae	KC904962	1409	7045	Acetobacteraceae	Roseomonas rhizosphaerae	6712.0	1409	15	15	1371	0.9835007173601148	0.9893541518807665	0.9730305180979418	0.9525312796548673	0.95273244
AJ488504	1486	7424	Acetobacteraceae	Roseomonas ludipueritiae	AB369258	1439	7195	Acetobacteraceae	Roseomonas stagni	6462.0	1439	57	57	1352	0.9782923299565847	0.9603891591382905	0.9395413481584434	0.8679452828575994	0.8981237
AJ488504	1486	7424	Acetobacteraceae	Roseomonas ludipueritiae	EU290160	1466	7330	Acetobacteraceae	Roseomonas frigidaquae	6564.0	1461	55	50	1375	0.9744861800141743	0.9657768651608487	0.9411362080766599	0.8759519720291339	0.895498
AJ488504	1486	7424	Acetobacteraceae	Roseomonas ludipueritiae	AM231587	1387	6935	Acetobacteraceae	Roseomonas aquatica	6393.0	1387	28	28	1324	0.9742457689477557	0.9798125450612833	0.9545782263878875	0.9167998654849039	0.92184573
KC904962	1409	7045	Acetobacteraceae	Roseomonas rhizosphaerae	AB369258	1439	7195	Acetobacteraceae	Roseomonas stagni	6350.0	1409	55	55	1326	0.9793205317577548	0.9609652235628106	0.9410929737402413	0.8703824360958242	0.9013485
KC904962	1409	7045	Acetobacteraceae	Roseomonas rhizosphaerae	EU290160	1466	7330	Acetobacteraceae	Roseomonas frigidaquae	6368.0	1409	56	51	1329	0.9786450662739322	0.9638041163946061	0.943222143364088	0.874331515828281	0.9039035
KC904962	1409	7045	Acetobacteraceae	Roseomonas rhizosphaerae	AM231587	1387	6935	Acetobacteraceae	Roseomonas aquatica	6435.0	1384	23	27	1327	0.9778924097273397	0.9833333333333333	0.9588150289017341	0.9247420001561145	0.9279019
AB369258	1439	7195	Acetobacteraceae	Roseomonas stagni	EU290160	1466	7330	Acetobacteraceae	Roseomonas frigidaquae	6865.0	1439	23	18	1401	0.9859254046446164	0.9874913134120917	0.9735927727588604	0.9462895554653492	0.9541348
AB369258	1439	7195	Acetobacteraceae	Roseomonas stagni	AM231587	1387	6935	Acetobacteraceae	Roseomonas aquatica	6284.0	1382	46	48	1307	0.97976011994003	0.9666666666666667	0.9457308248914617	0.883476835017654	0.90612835
EU290160	1466	7330	Acetobacteraceae	Roseomonas frigidaquae	AM231587	1387	6935	Acetobacteraceae	Roseomonas aquatica	6301.0	1394	44	51	1313	0.9776619508562919	0.9682768565248738	0.9418938307030129	0.8796685776315344	0.90857965
