EU156066	1421	7105	Rhodobacteraceae	Roseovarius aestuarii	JX233494	1433	7165	Rhodobacteraceae	Roseovarius aquimarinus	6618.0	1421	39	39	1363	0.9862518089725036	0.9725545390570021	0.9591836734693877	0.907939614201845	0.93145674
EU156066	1421	7105	Rhodobacteraceae	Roseovarius aestuarii	EU431217	1430	7138	Rhodobacteraceae	Roseovarius halotolerans	6670.0	1407	25	22	1364	0.9848375451263538	0.984363894811656	0.9694385216773277	0.937620357907192	0.93877554
EU156066	1421	7105	Rhodobacteraceae	Roseovarius aestuarii	FJ403243	1422	7110	Rhodobacteraceae	Roseovarius nanhaiticus	6678.0	1409	35	34	1365	0.9927272727272727	0.9758694109297374	0.9687721788502484	0.9224804334619747	0.9399015
EU156066	1421	7105	Rhodobacteraceae	Roseovarius aestuarii	AJ534215	1323	6615	Rhodobacteraceae	Roseovarius mucosus	6103.0	1321	28	26	1263	0.9752895752895753	0.9803179409538229	0.9560938682816048	0.9178217638433493	0.92260015
EU156066	1421	7105	Rhodobacteraceae	Roseovarius aestuarii	Y11551	1418	7090	Rhodobacteraceae	Roseovarius tolerans	6597.0	1411	25	22	1359	0.978401727861771	0.9844082211197732	0.9631467044649185	0.9316231006279747	0.93046546
EU156066	1421	7105	Rhodobacteraceae	Roseovarius aestuarii	EU742628	1430	7150	Rhodobacteraceae	Roseovarius indicus	6541.0	1409	41	40	1349	0.985390796201607	0.971611071682044	0.957416607523066	0.9039333349648809	0.9206193
EU156066	1421	7105	Rhodobacteraceae	Roseovarius aestuarii	KF208688	1391	6955	Rhodobacteraceae	Roseovarius gaetbuli	6480.0	1388	38	35	1335	0.9866962305986696	0.9747838616714697	0.9618155619596542	0.9125781594189427	0.9317038
EU156066	1421	7105	Rhodobacteraceae	Roseovarius aestuarii	KC900366	1438	7190	Rhodobacteraceae	Roseovarius marisflavi	6543.0	1406	38	35	1350	0.9846827133479212	0.9751066856330014	0.9601706970128022	0.9116302116375012	0.92090076
EU156066	1421	7105	Rhodobacteraceae	Roseovarius aestuarii	KM347966	1440	7200	Rhodobacteraceae	Roseovarius antarcticus	6399.0	1410	42	38	1335	0.9730320699708455	0.9730496453900709	0.9468085106382979	0.8946427524764081	0.90063334
EU156066	1421	7105	Rhodobacteraceae	Roseovarius aestuarii	JF714703	1393	6965	Rhodobacteraceae	Roseovarius lutimaris	6523.0	1388	35	30	1340	0.9867452135493373	0.978386167146974	0.9654178674351584	0.9213193703281414	0.9365398
EU156066	1421	7105	Rhodobacteraceae	Roseovarius aestuarii	JQ390520	1389	6945	Rhodobacteraceae	Roseovarius litoreus	6528.0	1388	30	29	1340	0.986019131714496	0.979106628242075	0.9654178674351584	0.9252488588465305	0.9399568
EU156066	1421	7105	Rhodobacteraceae	Roseovarius aestuarii	KC534172	1379	6895	Rhodobacteraceae	Roseovarius azorensis	6327.0	1375	39	35	1312	0.9791044776119403	0.9745454545454545	0.9541818181818181	0.9042458531567442	0.9176215
EU156066	1421	7105	Rhodobacteraceae	Roseovarius aestuarii	KX641473	1360	6800	Rhodobacteraceae	Roseovarius aestuariivivens	6363.0	1357	36	33	1308	0.9879154078549849	0.9756816507000737	0.9638909358879882	0.9161461587334504	0.9357353
EU156066	1421	7105	Rhodobacteraceae	Roseovarius aestuarii	KX268605	1390	6944	Rhodobacteraceae	Roseovarius confluentis	6508.0	1388	42	40	1336	0.9910979228486647	0.9711815561959655	0.962536023054755	0.9073416497047622	0.937212
EU156066	1421	7105	Rhodobacteraceae	Roseovarius aestuarii	HF546052	1442	7210	Rhodobacteraceae	Roseovarius albus	6821.0	1421	16	15	1388	0.9871977240398293	0.9894440534834623	0.9767769176636172	0.9557051817919594	0.9600282
EU156066	1421	7105	Rhodobacteraceae	Roseovarius aestuarii	DQ120726	1428	7140	Rhodobacteraceae	Roseovarius pacificus	6700.0	1409	24	23	1369	0.9877344877344877	0.9836763662171752	0.971611071682044	0.9397438557929608	0.9429979
EU156066	1421	7105	Rhodobacteraceae	Roseovarius aestuarii	AF098495	1418	7090	Rhodobacteraceae	Roseovarius nubinhibens	6747.0	1407	16	13	1374	0.9856527977044476	0.9907604832977968	0.976545842217484	0.9566443457843798	0.951622
EU156066	1421	7105	Rhodobacteraceae	Roseovarius aestuarii	KR611924	1390	6950	Rhodobacteraceae	Roseovarius scapharcae	6675.0	1388	13	11	1358	0.9862018881626725	0.9920749279538905	0.978386167146974	0.9616258045406019	0.96043164
EU156066	1421	7105	Rhodobacteraceae	Roseovarius aestuarii	KR095198	1433	7165	Rhodobacteraceae	Roseovarius atlanticus	6663.0	1410	39	36	1364	0.992721979621543	0.9744680851063829	0.9673758865248226	0.9173046708661879	0.9377903
JX233494	1433	7165	Rhodobacteraceae	Roseovarius aquimarinus	EU431217	1430	7138	Rhodobacteraceae	Roseovarius halotolerans	6442.0	1409	46	43	1337	0.9787701317715959	0.9694819020581973	0.9488999290276792	0.8908572529565703	0.9024937
JX233494	1433	7165	Rhodobacteraceae	Roseovarius aquimarinus	FJ403243	1422	7110	Rhodobacteraceae	Roseovarius nanhaiticus	6753.0	1411	22	21	1376	0.9899280575539569	0.9851169383416017	0.9751948972360028	0.9459322450509727	0.94978905
JX233494	1433	7165	Rhodobacteraceae	Roseovarius aquimarinus	AJ534215	1323	6615	Rhodobacteraceae	Roseovarius mucosus	6082.0	1322	40	39	1260	0.9820732657833203	0.970499243570348	0.9531013615733737	0.8978186834791765	0.91942555
JX233494	1433	7165	Rhodobacteraceae	Roseovarius aquimarinus	Y11551	1418	7090	Rhodobacteraceae	Roseovarius tolerans	6538.0	1416	45	43	1352	0.9847050254916242	0.969632768361582	0.9548022598870056	0.8972919252736884	0.9221439
JX233494	1433	7165	Rhodobacteraceae	Roseovarius aquimarinus	EU742628	1430	7150	Rhodobacteraceae	Roseovarius indicus	6436.0	1411	44	43	1338	0.9780701754385965	0.969525159461375	0.9482636428065202	0.8915633425149964	0.90013987
JX233494	1433	7165	Rhodobacteraceae	Roseovarius aquimarinus	KF208688	1391	6955	Rhodobacteraceae	Roseovarius gaetbuli	6352.0	1388	55	52	1318	0.9865269461077845	0.962536023054755	0.9495677233429395	0.8791562566778705	0.9132998
JX233494	1433	7165	Rhodobacteraceae	Roseovarius aquimarinus	KC900366	1438	7190	Rhodobacteraceae	Roseovarius marisflavi	6425.0	1408	56	53	1335	0.985239852398524	0.9623579545454546	0.9481534090909091	0.8775600200260805	0.8967202
JX233494	1433	7165	Rhodobacteraceae	Roseovarius aquimarinus	KM347966	1440	7200	Rhodobacteraceae	Roseovarius antarcticus	6380.0	1410	54	50	1331	0.9786764705882353	0.9645390070921985	0.9439716312056737	0.8769135371855986	0.8904396
JX233494	1433	7165	Rhodobacteraceae	Roseovarius aquimarinus	JF714703	1393	6965	Rhodobacteraceae	Roseovarius lutimaris	6440.0	1388	45	40	1329	0.9859050445103857	0.9711815561959655	0.957492795389049	0.9006980378118897	0.92462313
JX233494	1433	7165	Rhodobacteraceae	Roseovarius aquimarinus	JQ390520	1389	6945	Rhodobacteraceae	Roseovarius litoreus	6324.0	1388	48	47	1314	0.9798657718120806	0.9661383285302594	0.946685878962536	0.8840569385019225	0.91058314
JX233494	1433	7165	Rhodobacteraceae	Roseovarius aquimarinus	KC534172	1379	6895	Rhodobacteraceae	Roseovarius azorensis	6258.0	1376	51	48	1303	0.9811746987951807	0.9651162790697675	0.9469476744186046	0.88125193526833	0.90761423
JX233494	1433	7165	Rhodobacteraceae	Roseovarius aquimarinus	KX641473	1360	6800	Rhodobacteraceae	Roseovarius aestuariivivens	6184.0	1365	49	54	1288	0.9824561403508771	0.9639705882352941	0.9435897435897436	0.8748558372320748	0.9094118
JX233494	1433	7165	Rhodobacteraceae	Roseovarius aquimarinus	KX268605	1390	6944	Rhodobacteraceae	Roseovarius confluentis	6368.0	1388	58	56	1319	0.9902402402402403	0.9596541786743515	0.9502881844380403	0.875369198942925	0.9170507
JX233494	1433	7165	Rhodobacteraceae	Roseovarius aquimarinus	HF546052	1442	7210	Rhodobacteraceae	Roseovarius albus	6605.0	1432	51	48	1366	0.9869942196531792	0.9664804469273743	0.9539106145251397	0.8902308095096382	0.9218423
JX233494	1433	7165	Rhodobacteraceae	Roseovarius aquimarinus	DQ120726	1428	7140	Rhodobacteraceae	Roseovarius pacificus	6567.0	1411	34	33	1354	0.9825834542815675	0.9766123316796598	0.959603118355776	0.9151094097538127	0.9197479
JX233494	1433	7165	Rhodobacteraceae	Roseovarius aquimarinus	AF098495	1418	7090	Rhodobacteraceae	Roseovarius nubinhibens	6529.0	1409	45	44	1347	0.9868131868131869	0.9687721788502484	0.9559971611071683	0.8974801409293567	0.9208745
JX233494	1433	7165	Rhodobacteraceae	Roseovarius aquimarinus	KR611924	1390	6950	Rhodobacteraceae	Roseovarius scapharcae	6400.0	1388	46	44	1324	0.9851190476190477	0.968299711815562	0.9538904899135446	0.8940228859440754	0.92086333
JX233494	1433	7165	Rhodobacteraceae	Roseovarius aquimarinus	KR095198	1433	7165	Rhodobacteraceae	Roseovarius atlanticus	6512.0	1412	52	49	1347	0.9882611885546588	0.9652974504249292	0.9539660056657224	0.8881527771327731	0.90886253
EU431217	1430	7138	Rhodobacteraceae	Roseovarius halotolerans	FJ403243	1422	7110	Rhodobacteraceae	Roseovarius nanhaiticus	6581.0	1422	39	41	1358	0.9833454018826937	0.9725352112676057	0.9549929676511955	0.9027004026874066	0.9255977
EU431217	1430	7138	Rhodobacteraceae	Roseovarius halotolerans	AJ534215	1323	6615	Rhodobacteraceae	Roseovarius mucosus	6105.0	1324	37	38	1262	0.9813374805598756	0.9720332577475435	0.9531722054380665	0.9006461838305316	0.92290246
EU431217	1430	7138	Rhodobacteraceae	Roseovarius halotolerans	Y11551	1418	7090	Rhodobacteraceae	Roseovarius tolerans	6459.0	1400	36	36	1336	0.9794721407624634	0.9742857142857143	0.9542857142857143	0.9064385196975727	0.9110014
EU431217	1430	7138	Rhodobacteraceae	Roseovarius halotolerans	EU742628	1430	7150	Rhodobacteraceae	Roseovarius indicus	6800.0	1430	14	16	1388	0.9816124469589816	0.9901960784313726	0.9706293706293706	0.9504639404916414	0.9526478
EU431217	1430	7138	Rhodobacteraceae	Roseovarius halotolerans	KF208688	1391	6955	Rhodobacteraceae	Roseovarius gaetbuli	6409.0	1391	43	43	1326	0.983679525222552	0.9690869877785766	0.9532710280373832	0.8961013568998554	0.9214953
EU431217	1430	7138	Rhodobacteraceae	Roseovarius halotolerans	KC900366	1438	7190	Rhodobacteraceae	Roseovarius marisflavi	6579.0	1429	46	44	1362	0.9833935018050541	0.9692092372288313	0.9531140657802659	0.8949579532919785	0.92168677
EU431217	1430	7138	Rhodobacteraceae	Roseovarius halotolerans	KM347966	1440	7200	Rhodobacteraceae	Roseovarius antarcticus	6297.0	1430	70	67	1328	0.9743213499633162	0.9531468531468531	0.9286713286713286	0.8438526806526806	0.88217986
EU431217	1430	7138	Rhodobacteraceae	Roseovarius halotolerans	JF714703	1393	6965	Rhodobacteraceae	Roseovarius lutimaris	6459.0	1391	40	38	1332	0.9844789356984479	0.9726815240833933	0.9575844716031632	0.9053890915996364	0.92735106
EU431217	1430	7138	Rhodobacteraceae	Roseovarius halotolerans	JQ390520	1389	6945	Rhodobacteraceae	Roseovarius litoreus	6809.0	1391	6	8	1373	0.9927693420101229	0.9956803455723542	0.98705966930266	0.9771678759095052	0.98041755
EU431217	1430	7138	Rhodobacteraceae	Roseovarius halotolerans	KC534172	1379	6895	Rhodobacteraceae	Roseovarius azorensis	6272.0	1378	42	41	1305	0.9760658189977561	0.9702467343976778	0.9470246734397678	0.8916704143584293	0.90964466
EU431217	1430	7138	Rhodobacteraceae	Roseovarius halotolerans	KX641473	1360	6800	Rhodobacteraceae	Roseovarius aestuariivivens	6496.0	1360	15	15	1324	0.9843866171003718	0.9889705882352942	0.9735294117647059	0.9522887700534758	0.95529413
EU431217	1430	7138	Rhodobacteraceae	Roseovarius halotolerans	KX268605	1390	6944	Rhodobacteraceae	Roseovarius confluentis	6609.0	1391	19	20	1349	0.9839533187454412	0.9863309352517986	0.9698058950395398	0.9429814766661058	0.9517569
EU431217	1430	7138	Rhodobacteraceae	Roseovarius halotolerans	HF546052	1442	7210	Rhodobacteraceae	Roseovarius albus	6593.0	1412	25	27	1356	0.9790613718411553	0.9822695035460993	0.9603399433427762	0.9255886023171503	0.92364806
EU431217	1430	7138	Rhodobacteraceae	Roseovarius halotolerans	DQ120726	1428	7140	Rhodobacteraceae	Roseovarius pacificus	6981.0	1428	8	10	1408	0.9929478138222849	0.9943899018232819	0.9859943977591037	0.9736351365058559	0.97800505
EU431217	1430	7138	Rhodobacteraceae	Roseovarius halotolerans	AF098495	1418	7090	Rhodobacteraceae	Roseovarius nubinhibens	6651.0	1419	22	24	1366	0.9792114695340501	0.9844742413549753	0.9626497533474278	0.931919782040015	0.9380818
EU431217	1430	7138	Rhodobacteraceae	Roseovarius halotolerans	KR611924	1390	6950	Rhodobacteraceae	Roseovarius scapharcae	6485.0	1391	28	29	1335	0.9801762114537445	0.9798561151079137	0.9597411933860532	0.9211892215587065	0.93309355
EU431217	1430	7138	Rhodobacteraceae	Roseovarius halotolerans	KR095198	1433	7165	Rhodobacteraceae	Roseovarius atlanticus	6770.0	1430	25	25	1384	0.9850533807829182	0.9825174825174825	0.9678321678321679	0.9345733304496191	0.94844496
FJ403243	1422	7110	Rhodobacteraceae	Roseovarius nanhaiticus	AJ534215	1323	6615	Rhodobacteraceae	Roseovarius mucosus	6087.0	1322	35	34	1261	0.9790372670807453	0.9742813918305597	0.953857791225416	0.9053565476037846	0.9201814
FJ403243	1422	7110	Rhodobacteraceae	Roseovarius nanhaiticus	Y11551	1418	7090	Rhodobacteraceae	Roseovarius tolerans	6436.0	1400	43	41	1334	0.9816041206769683	0.9707142857142858	0.9528571428571428	0.8973893673893674	0.9077574
FJ403243	1422	7110	Rhodobacteraceae	Roseovarius nanhaiticus	EU742628	1430	7150	Rhodobacteraceae	Roseovarius indicus	6501.0	1422	51	51	1349	0.9839533187454412	0.9641350210970464	0.9486638537271449	0.8829722630413549	0.914346
FJ403243	1422	7110	Rhodobacteraceae	Roseovarius nanhaiticus	KF208688	1391	6955	Rhodobacteraceae	Roseovarius gaetbuli	6422.0	1389	44	42	1327	0.9851521900519673	0.9697624190064795	0.9553635709143269	0.898028422904116	0.92336446
FJ403243	1422	7110	Rhodobacteraceae	Roseovarius nanhaiticus	KC900366	1438	7190	Rhodobacteraceae	Roseovarius marisflavi	6545.0	1419	45	43	1354	0.9840116279069767	0.9696969696969697	0.9541930937279774	0.8968372247060772	0.92053443
FJ403243	1422	7110	Rhodobacteraceae	Roseovarius nanhaiticus	KM347966	1440	7200	Rhodobacteraceae	Roseovarius antarcticus	6461.0	1422	39	36	1347	0.9718614718614719	0.9746835443037974	0.9472573839662447	0.898630208197957	0.90872014
FJ403243	1422	7110	Rhodobacteraceae	Roseovarius nanhaiticus	JF714703	1393	6965	Rhodobacteraceae	Roseovarius lutimaris	6463.0	1389	38	34	1333	0.9837638376383764	0.9755219582433405	0.9596832253419726	0.9112619273569537	0.92792535
FJ403243	1422	7110	Rhodobacteraceae	Roseovarius nanhaiticus	JQ390520	1389	6945	Rhodobacteraceae	Roseovarius litoreus	6429.0	1389	43	43	1327	0.9858841010401189	0.9690424766018718	0.9553635709143269	0.8979883843929358	0.9257019
FJ403243	1422	7110	Rhodobacteraceae	Roseovarius nanhaiticus	KC534172	1379	6895	Rhodobacteraceae	Roseovarius azorensis	6228.0	1376	49	46	1300	0.9774436090225563	0.9665697674418605	0.9447674418604651	0.8817829457364341	0.9032632
FJ403243	1422	7110	Rhodobacteraceae	Roseovarius nanhaiticus	KX641473	1360	6800	Rhodobacteraceae	Roseovarius aestuariivivens	6298.0	1363	43	46	1301	0.9878511769172361	0.9683823529411765	0.954512105649303	0.8940913535847311	0.9261765
FJ403243	1422	7110	Rhodobacteraceae	Roseovarius nanhaiticus	KX268605	1390	6944	Rhodobacteraceae	Roseovarius confluentis	6387.0	1389	59	58	1321	0.9924868519909842	0.9582433405327574	0.9510439164866811	0.8741985171573015	0.9197869
FJ403243	1422	7110	Rhodobacteraceae	Roseovarius nanhaiticus	HF546052	1442	7210	Rhodobacteraceae	Roseovarius albus	6542.0	1412	46	46	1350	0.9882869692532943	0.9674220963172805	0.9560906515580736	0.895761200293778	0.9201125
FJ403243	1422	7110	Rhodobacteraceae	Roseovarius nanhaiticus	DQ120726	1428	7140	Rhodobacteraceae	Roseovarius pacificus	6644.0	1422	36	36	1367	0.9862914862914863	0.9746835443037974	0.9613220815752461	0.9138493861888142	0.9344585
FJ403243	1422	7110	Rhodobacteraceae	Roseovarius nanhaiticus	AF098495	1418	7090	Rhodobacteraceae	Roseovarius nubinhibens	6584.0	1417	39	39	1357	0.9847605224963716	0.9724770642201835	0.9576570218772054	0.9063539671337837	0.9286319
FJ403243	1422	7110	Rhodobacteraceae	Roseovarius nanhaiticus	KR611924	1390	6950	Rhodobacteraceae	Roseovarius scapharcae	6447.0	1389	43	42	1330	0.9873793615441723	0.9697624190064795	0.9575233981281498	0.9006871629040627	0.9276259
FJ403243	1422	7110	Rhodobacteraceae	Roseovarius nanhaiticus	KR095198	1433	7165	Rhodobacteraceae	Roseovarius atlanticus	6595.0	1422	54	52	1360	0.9927007299270073	0.9634317862165963	0.9563994374120957	0.8877149249692216	0.9275668
AJ534215	1323	6615	Rhodobacteraceae	Roseovarius mucosus	Y11551	1418	7090	Rhodobacteraceae	Roseovarius tolerans	6269.0	1323	29	28	1282	0.9899613899613899	0.9788359788359788	0.9690098261526833	0.9281566012335242	0.94769466
AJ534215	1323	6615	Rhodobacteraceae	Roseovarius mucosus	EU742628	1430	7150	Rhodobacteraceae	Roseovarius indicus	6071.0	1323	43	37	1260	0.9797822706065319	0.9720332577475435	0.9523809523809523	0.8966046154918774	0.91776264
AJ534215	1323	6615	Rhodobacteraceae	Roseovarius mucosus	KF208688	1391	6955	Rhodobacteraceae	Roseovarius gaetbuli	6234.0	1323	28	27	1278	0.9861111111111112	0.9795918367346939	0.9659863945578231	0.9266605235728637	0.9424036
AJ534215	1323	6615	Rhodobacteraceae	Roseovarius mucosus	KC900366	1438	7190	Rhodobacteraceae	Roseovarius marisflavi	6217.0	1323	30	29	1276	0.9860896445131375	0.9780801209372638	0.9644746787603931	0.922417024623761	0.9398337
AJ534215	1323	6615	Rhodobacteraceae	Roseovarius mucosus	KM347966	1440	7200	Rhodobacteraceae	Roseovarius antarcticus	5937.0	1323	45	38	1245	0.9688715953307393	0.9712773998488284	0.9410430839002267	0.8839476336343504	0.89750564
AJ534215	1323	6615	Rhodobacteraceae	Roseovarius mucosus	JF714703	1393	6965	Rhodobacteraceae	Roseovarius lutimaris	6263.0	1323	27	24	1282	0.9869130100076983	0.981859410430839	0.9690098261526833	0.9324027882758041	0.9467876
AJ534215	1323	6615	Rhodobacteraceae	Roseovarius mucosus	JQ390520	1389	6945	Rhodobacteraceae	Roseovarius litoreus	6092.0	1323	46	39	1262	0.9828660436137072	0.9705215419501134	0.9538926681783825	0.8946663155157364	0.92093724
AJ534215	1323	6615	Rhodobacteraceae	Roseovarius mucosus	KC534172	1379	6895	Rhodobacteraceae	Roseovarius azorensis	6195.0	1323	30	28	1274	0.9837837837837838	0.9788359788359788	0.9629629629629629	0.9216829542032794	0.93650794
AJ534215	1323	6615	Rhodobacteraceae	Roseovarius mucosus	KX641473	1360	6800	Rhodobacteraceae	Roseovarius aestuariivivens	6018.0	1323	47	46	1252	0.980422866092404	0.9652305366591081	0.9463340891912321	0.8820938918957688	0.9097506
AJ534215	1323	6615	Rhodobacteraceae	Roseovarius mucosus	KX268605	1390	6944	Rhodobacteraceae	Roseovarius confluentis	6043.0	1323	46	46	1255	0.9827721221613156	0.9652305366591081	0.9486016628873771	0.8848534138109427	0.9135299
AJ534215	1323	6615	Rhodobacteraceae	Roseovarius mucosus	HF546052	1442	7210	Rhodobacteraceae	Roseovarius albus	5995.0	1323	52	53	1248	0.9826771653543307	0.9606656580937972	0.9433106575963719	0.8712760255617399	0.9062736
AJ534215	1323	6615	Rhodobacteraceae	Roseovarius mucosus	DQ120726	1428	7140	Rhodobacteraceae	Roseovarius pacificus	6057.0	1323	39	40	1257	0.9797349961028838	0.970499243570348	0.9501133786848073	0.8950040123734271	0.91564626
AJ534215	1323	6615	Rhodobacteraceae	Roseovarius mucosus	AF098495	1418	7090	Rhodobacteraceae	Roseovarius nubinhibens	6058.0	1323	45	47	1255	0.9835423197492164	0.9659348978046934	0.9486016628873771	0.8848068142136646	0.9157974
AJ534215	1323	6615	Rhodobacteraceae	Roseovarius mucosus	KR611924	1390	6950	Rhodobacteraceae	Roseovarius scapharcae	6036.0	1323	44	44	1254	0.980453479280688	0.9667422524565382	0.9478458049886621	0.8868286646528887	0.91247165
AJ534215	1323	6615	Rhodobacteraceae	Roseovarius mucosus	KR095198	1433	7165	Rhodobacteraceae	Roseovarius atlanticus	6048.0	1323	45	44	1256	0.982017200938233	0.9667422524565382	0.9493575207860923	0.8875937639513245	0.9142857
Y11551	1418	7090	Rhodobacteraceae	Roseovarius tolerans	EU742628	1430	7150	Rhodobacteraceae	Roseovarius indicus	6428.0	1402	43	45	1333	0.9823139277818718	0.9692857142857143	0.9507845934379457	0.8928821406887837	0.906629
Y11551	1418	7090	Rhodobacteraceae	Roseovarius tolerans	KF208688	1391	6955	Rhodobacteraceae	Roseovarius gaetbuli	6480.0	1381	36	36	1331	0.9895910780669145	0.9739319333816076	0.9637943519188994	0.9148224441290894	0.9317038
Y11551	1418	7090	Rhodobacteraceae	Roseovarius tolerans	KC900366	1438	7190	Rhodobacteraceae	Roseovarius marisflavi	6543.0	1399	36	36	1346	0.987527512839325	0.9742673338098642	0.9621157969978557	0.9138423911554546	0.92284906
Y11551	1418	7090	Rhodobacteraceae	Roseovarius tolerans	KM347966	1440	7200	Rhodobacteraceae	Roseovarius antarcticus	6161.0	1403	62	61	1302	0.970193740685544	0.9565217391304348	0.9280114041339986	0.8500964534797448	0.8689704
Y11551	1418	7090	Rhodobacteraceae	Roseovarius tolerans	JF714703	1393	6965	Rhodobacteraceae	Roseovarius lutimaris	6471.0	1381	34	32	1330	0.9859154929577465	0.9768283852280956	0.9630702389572773	0.9181496483062664	0.9290739
Y11551	1418	7090	Rhodobacteraceae	Roseovarius tolerans	JQ390520	1389	6945	Rhodobacteraceae	Roseovarius litoreus	6365.0	1381	36	38	1318	0.9813849590469099	0.9738941261783901	0.9543808834178131	0.9045402444813854	0.9164867
Y11551	1418	7090	Rhodobacteraceae	Roseovarius tolerans	KC534172	1379	6895	Rhodobacteraceae	Roseovarius azorensis	6431.0	1378	30	29	1325	0.9822090437361009	0.978955007256894	0.9615384615384616	0.9212467220279721	0.93270487
Y11551	1418	7090	Rhodobacteraceae	Roseovarius tolerans	KX641473	1360	6800	Rhodobacteraceae	Roseovarius aestuariivivens	6206.0	1355	39	44	1287	0.9816933638443935	0.9711111111111111	0.9498154981549816	0.893262638508738	0.91264707
Y11551	1418	7090	Rhodobacteraceae	Roseovarius tolerans	KX268605	1390	6944	Rhodobacteraceae	Roseovarius confluentis	6316.0	1381	47	48	1311	0.9834958739684921	0.9659420289855073	0.9493120926864591	0.8861575767164215	0.90956223
Y11551	1418	7090	Rhodobacteraceae	Roseovarius tolerans	HF546052	1442	7210	Rhodobacteraceae	Roseovarius albus	6565.0	1418	31	33	1356	0.9790613718411553	0.9781073446327684	0.9562764456981664	0.9140392527894827	0.925952
Y11551	1418	7090	Rhodobacteraceae	Roseovarius tolerans	DQ120726	1428	7140	Rhodobacteraceae	Roseovarius pacificus	6522.0	1402	29	31	1345	0.9810357403355215	0.9792857142857143	0.9593437945791726	0.9191197361062514	0.9198872
Y11551	1418	7090	Rhodobacteraceae	Roseovarius tolerans	AF098495	1418	7090	Rhodobacteraceae	Roseovarius nubinhibens	6514.0	1400	34	36	1342	0.9838709677419355	0.9756795422031473	0.9585714285714285	0.9117792388922096	0.9187588
Y11551	1418	7090	Rhodobacteraceae	Roseovarius tolerans	KR611924	1390	6950	Rhodobacteraceae	Roseovarius scapharcae	6389.0	1381	28	29	1321	0.9770710059171598	0.9797101449275363	0.9565532223026793	0.9178566050768079	0.9192806
Y11551	1418	7090	Rhodobacteraceae	Roseovarius tolerans	KR095198	1433	7165	Rhodobacteraceae	Roseovarius atlanticus	6446.0	1403	43	43	1336	0.9823529411764705	0.9693513898788311	0.9522451888809693	0.8956109660291275	0.9091678
EU742628	1430	7150	Rhodobacteraceae	Roseovarius indicus	KF208688	1391	6955	Rhodobacteraceae	Roseovarius gaetbuli	6308.0	1389	46	44	1315	0.9776951672862454	0.9683225341972642	0.9467242620590353	0.8873478275048101	0.9069734
EU742628	1430	7150	Rhodobacteraceae	Roseovarius indicus	KC900366	1438	7190	Rhodobacteraceae	Roseovarius marisflavi	6468.0	1427	48	44	1350	0.9761388286334056	0.96916608269096	0.9460406447091801	0.8870333638188449	0.9046154
EU742628	1430	7150	Rhodobacteraceae	Roseovarius indicus	KM347966	1440	7200	Rhodobacteraceae	Roseovarius antarcticus	6206.0	1430	73	68	1319	0.9684287812041116	0.9524475524475524	0.9223776223776223	0.8358471867453903	0.867972
EU742628	1430	7150	Rhodobacteraceae	Roseovarius indicus	JF714703	1393	6965	Rhodobacteraceae	Roseovarius lutimaris	6351.0	1389	45	41	1320	0.9792284866468842	0.9704823614110871	0.9503239740820735	0.8933310439767329	0.9118449
EU742628	1430	7150	Rhodobacteraceae	Roseovarius indicus	JQ390520	1389	6945	Rhodobacteraceae	Roseovarius litoreus	6555.0	1389	21	21	1344	0.9824561403508771	0.9848812095032398	0.9676025917926566	0.9387803869307477	0.9438445
EU742628	1430	7150	Rhodobacteraceae	Roseovarius indicus	KC534172	1379	6895	Rhodobacteraceae	Roseovarius azorensis	6224.0	1406	48	75	1304	0.9797145003756574	0.9651921682378535	0.9274537695590327	0.8489965387091283	0.9026831
EU742628	1430	7150	Rhodobacteraceae	Roseovarius indicus	KX641473	1360	6800	Rhodobacteraceae	Roseovarius aestuariivivens	6441.0	1358	19	17	1318	0.9828486204325131	0.9874815905743741	0.9705449189985272	0.9451711956260168	0.9472059
EU742628	1430	7150	Rhodobacteraceae	Roseovarius indicus	KX268605	1390	6944	Rhodobacteraceae	Roseovarius confluentis	6667.0	1389	11	10	1357	0.9840464104423495	0.9928005759539237	0.9769618430525558	0.9623074154067675	0.9601095
EU742628	1430	7150	Rhodobacteraceae	Roseovarius indicus	HF546052	1442	7210	Rhodobacteraceae	Roseovarius albus	6463.0	1412	44	44	1341	0.9802631578947368	0.9688385269121813	0.9497167138810199	0.8923162531519473	0.90391606
EU742628	1430	7150	Rhodobacteraceae	Roseovarius indicus	DQ120726	1428	7140	Rhodobacteraceae	Roseovarius pacificus	6757.0	1428	24	24	1383	0.9850427350427351	0.9831932773109243	0.9684873949579832	0.9364712827279672	0.94635856
EU742628	1430	7150	Rhodobacteraceae	Roseovarius indicus	AF098495	1418	7090	Rhodobacteraceae	Roseovarius nubinhibens	6520.0	1417	41	41	1350	0.9811046511627907	0.9710656316160904	0.9527170077628794	0.8991348440889725	0.9196051
EU742628	1430	7150	Rhodobacteraceae	Roseovarius indicus	KR611924	1390	6950	Rhodobacteraceae	Roseovarius scapharcae	6360.0	1389	43	42	1320	0.9799554565701559	0.9697624190064795	0.9503239740820735	0.8939150789724533	0.9151079
EU742628	1430	7150	Rhodobacteraceae	Roseovarius indicus	KR095198	1433	7165	Rhodobacteraceae	Roseovarius atlanticus	6852.0	1430	16	14	1396	0.9858757062146892	0.9902097902097902	0.9762237762237762	0.9559701709079301	0.9583217
KF208688	1391	6955	Rhodobacteraceae	Roseovarius gaetbuli	KC900366	1438	7190	Rhodobacteraceae	Roseovarius marisflavi	6937.0	1391	0	0	1389	0.9985621854780733	1.0	0.9985621854780733	0.9985621854780733	0.9974119
KF208688	1391	6955	Rhodobacteraceae	Roseovarius gaetbuli	KM347966	1440	7200	Rhodobacteraceae	Roseovarius antarcticus	6230.0	1391	52	51	1306	0.9746268656716418	0.9633357296908699	0.9388928828181164	0.8718755807181401	0.89575845
KF208688	1391	6955	Rhodobacteraceae	Roseovarius gaetbuli	JF714703	1393	6965	Rhodobacteraceae	Roseovarius lutimaris	6816.0	1391	13	11	1375	0.9963768115942029	0.9920920201294033	0.9884974838245866	0.9716000909386963	0.9800144
KF208688	1391	6955	Rhodobacteraceae	Roseovarius gaetbuli	JQ390520	1389	6945	Rhodobacteraceae	Roseovarius litoreus	6394.0	1391	42	44	1325	0.9836674090571641	0.9697624190064795	0.9525521207764198	0.8953856990131455	0.92066234
KF208688	1391	6955	Rhodobacteraceae	Roseovarius gaetbuli	KC534172	1379	6895	Rhodobacteraceae	Roseovarius azorensis	6283.0	1362	33	32	1301	0.9781954887218045	0.9765051395007343	0.9552129221732746	0.910704793183122	0.91124004
KF208688	1391	6955	Rhodobacteraceae	Roseovarius gaetbuli	KX641473	1360	6800	Rhodobacteraceae	Roseovarius aestuariivivens	6254.0	1360	43	43	1296	0.9840546697038725	0.9683823529411765	0.9529411764705882	0.8945285312984781	0.91970587
KF208688	1391	6955	Rhodobacteraceae	Roseovarius gaetbuli	KX268605	1390	6944	Rhodobacteraceae	Roseovarius confluentis	6395.0	1391	42	43	1325	0.9829376854599406	0.9697841726618706	0.9525521207764198	0.8960504248476022	0.92093897
KF208688	1391	6955	Rhodobacteraceae	Roseovarius gaetbuli	HF546052	1442	7210	Rhodobacteraceae	Roseovarius albus	6353.0	1391	47	49	1319	0.9828614008941878	0.9661627069834413	0.9482386772106398	0.8849348434052008	0.91344357
KF208688	1391	6955	Rhodobacteraceae	Roseovarius gaetbuli	DQ120726	1428	7140	Rhodobacteraceae	Roseovarius pacificus	6349.0	1391	46	48	1320	0.9828741623231572	0.9668826493880489	0.9489575844716032	0.8868824188903013	0.91286844
KF208688	1391	6955	Rhodobacteraceae	Roseovarius gaetbuli	AF098495	1418	7090	Rhodobacteraceae	Roseovarius nubinhibens	6417.0	1391	45	46	1327	0.9866171003717472	0.9676258992805755	0.9539899352983465	0.8935351413483817	0.92264557
KF208688	1391	6955	Rhodobacteraceae	Roseovarius gaetbuli	KR611924	1390	6950	Rhodobacteraceae	Roseovarius scapharcae	6413.0	1391	39	40	1327	0.9822353811991118	0.9719424460431655	0.9539899352983465	0.9012869948168295	0.9227338
KF208688	1391	6955	Rhodobacteraceae	Roseovarius gaetbuli	KR095198	1433	7165	Rhodobacteraceae	Roseovarius atlanticus	6396.0	1391	44	44	1325	0.9836674090571641	0.9683680805176133	0.9525521207764198	0.8941377746939634	0.9196262
KC900366	1438	7190	Rhodobacteraceae	Roseovarius marisflavi	KM347966	1440	7200	Rhodobacteraceae	Roseovarius antarcticus	6398.0	1437	58	59	1344	0.9753265602322206	0.9596100278551533	0.9352818371607515	0.8620858672959971	0.889847
KC900366	1438	7190	Rhodobacteraceae	Roseovarius marisflavi	JF714703	1393	6965	Rhodobacteraceae	Roseovarius lutimaris	6798.0	1391	13	11	1373	0.994927536231884	0.9920920201294033	0.98705966930266	0.9701868544427855	0.97602296
KC900366	1438	7190	Rhodobacteraceae	Roseovarius marisflavi	JQ390520	1389	6945	Rhodobacteraceae	Roseovarius litoreus	6376.0	1391	42	44	1323	0.9821826280623608	0.9697624190064795	0.9511143062544932	0.8940341734297296	0.91807055
KC900366	1438	7190	Rhodobacteraceae	Roseovarius marisflavi	KC534172	1379	6895	Rhodobacteraceae	Roseovarius azorensis	6345.0	1378	33	32	1315	0.9769687964338781	0.97677793904209	0.9542815674891146	0.9103210417011681	0.92023206
KC900366	1438	7190	Rhodobacteraceae	Roseovarius marisflavi	KX641473	1360	6800	Rhodobacteraceae	Roseovarius aestuariivivens	6236.0	1360	44	44	1294	0.9832826747720365	0.9676470588235294	0.9514705882352941	0.891834255069549	0.9170588
KC900366	1438	7190	Rhodobacteraceae	Roseovarius marisflavi	KX268605	1390	6944	Rhodobacteraceae	Roseovarius confluentis	6377.0	1391	42	43	1323	0.9814540059347181	0.9697841726618706	0.9511143062544932	0.894697895904436	0.91834676
KC900366	1438	7190	Rhodobacteraceae	Roseovarius marisflavi	HF546052	1442	7210	Rhodobacteraceae	Roseovarius albus	6426.0	1411	47	49	1336	0.9809104258443465	0.9666430092264017	0.9468462083628633	0.8845024250961727	0.8937413
KC900366	1438	7190	Rhodobacteraceae	Roseovarius marisflavi	DQ120726	1428	7140	Rhodobacteraceae	Roseovarius pacificus	6502.0	1427	46	48	1353	0.981145757795504	0.9677192982456141	0.9481429572529783	0.8876368893766851	0.91064423
KC900366	1438	7190	Rhodobacteraceae	Roseovarius marisflavi	AF098495	1418	7090	Rhodobacteraceae	Roseovarius nubinhibens	6509.0	1418	44	46	1349	0.9832361516034985	0.9689265536723164	0.9513399153737658	0.8927758986954902	0.91805357
KC900366	1438	7190	Rhodobacteraceae	Roseovarius marisflavi	KR611924	1390	6950	Rhodobacteraceae	Roseovarius scapharcae	6395.0	1391	39	40	1325	0.9807549962990377	0.9719424460431655	0.9525521207764198	0.899928612006254	0.9201439
KC900366	1438	7190	Rhodobacteraceae	Roseovarius marisflavi	KR095198	1433	7165	Rhodobacteraceae	Roseovarius atlanticus	6556.0	1431	44	46	1360	0.9819494584837545	0.9692092372288313	0.9503843466107617	0.8923947932582406	0.9150035
KM347966	1440	7200	Rhodobacteraceae	Roseovarius antarcticus	JF714703	1393	6965	Rhodobacteraceae	Roseovarius lutimaris	6265.0	1392	54	53	1310	0.9783420463032113	0.9619252873563219	0.9410919540229885	0.8714537527225322	0.8994975
KM347966	1440	7200	Rhodobacteraceae	Roseovarius antarcticus	JQ390520	1389	6945	Rhodobacteraceae	Roseovarius litoreus	6087.0	1392	65	68	1287	0.9720543806646526	0.953203743700504	0.9245689655172413	0.8401711121103826	0.87645787
KM347966	1440	7200	Rhodobacteraceae	Roseovarius antarcticus	KC534172	1379	6895	Rhodobacteraceae	Roseovarius azorensis	6130.0	1379	64	64	1287	0.9787072243346008	0.9535895576504714	0.9332849891225525	0.8504987946612311	0.88905
KM347966	1440	7200	Rhodobacteraceae	Roseovarius antarcticus	KX641473	1360	6800	Rhodobacteraceae	Roseovarius aestuariivivens	5955.0	1369	66	75	1261	0.9744976816074189	0.9514705882352941	0.9211102994886778	0.8306039913159227	0.8757353
KM347966	1440	7200	Rhodobacteraceae	Roseovarius antarcticus	KX268605	1390	6944	Rhodobacteraceae	Roseovarius confluentis	6065.0	1392	73	75	1285	0.9757023538344722	0.9474820143884892	0.923132183908046	0.8298737789808167	0.8734159
KM347966	1440	7200	Rhodobacteraceae	Roseovarius antarcticus	HF546052	1442	7210	Rhodobacteraceae	Roseovarius albus	6275.0	1414	64	67	1318	0.9784706755753526	0.9546420978029766	0.9321074964639321	0.8494917440709856	0.8715278
KM347966	1440	7200	Rhodobacteraceae	Roseovarius antarcticus	DQ120726	1428	7140	Rhodobacteraceae	Roseovarius pacificus	6297.0	1431	66	69	1328	0.9750367107195301	0.9537815126050421	0.9280223619846262	0.8443329706232872	0.8819328
KM347966	1440	7200	Rhodobacteraceae	Roseovarius antarcticus	AF098495	1418	7090	Rhodobacteraceae	Roseovarius nubinhibens	6307.0	1420	64	67	1324	0.9785661492978566	0.954834156669019	0.9323943661971831	0.8500873163509357	0.8895628
KM347966	1440	7200	Rhodobacteraceae	Roseovarius antarcticus	KR611924	1390	6950	Rhodobacteraceae	Roseovarius scapharcae	6224.0	1392	54	56	1304	0.9760479041916168	0.9611510791366906	0.9367816091954023	0.8655188311791545	0.8955396
KM347966	1440	7200	Rhodobacteraceae	Roseovarius antarcticus	KR095198	1433	7165	Rhodobacteraceae	Roseovarius atlanticus	6241.0	1436	77	80	1323	0.9756637168141593	0.9462665736217725	0.9213091922005571	0.8257073791301753	0.87103975
JF714703	1393	6965	Rhodobacteraceae	Roseovarius lutimaris	JQ390520	1389	6945	Rhodobacteraceae	Roseovarius litoreus	6428.0	1393	37	41	1329	0.9829881656804734	0.9733621310295176	0.9540559942569993	0.9020165763884357	0.925558
JF714703	1393	6965	Rhodobacteraceae	Roseovarius lutimaris	KC534172	1379	6895	Rhodobacteraceae	Roseovarius azorensis	6329.0	1364	27	28	1307	0.9782934131736527	0.9801907556859868	0.9582111436950147	0.9203235715144067	0.9179115
JF714703	1393	6965	Rhodobacteraceae	Roseovarius lutimaris	KX641473	1360	6800	Rhodobacteraceae	Roseovarius aestuariivivens	6272.0	1362	42	44	1298	0.9848254931714719	0.9691176470588235	0.9530102790014684	0.8946350055013784	0.92235297
JF714703	1393	6965	Rhodobacteraceae	Roseovarius lutimaris	KX268605	1390	6944	Rhodobacteraceae	Roseovarius confluentis	6441.0	1393	37	40	1331	0.983739837398374	0.9733812949640288	0.955491744436468	0.904042188966812	0.92756337
JF714703	1393	6965	Rhodobacteraceae	Roseovarius lutimaris	HF546052	1442	7210	Rhodobacteraceae	Roseovarius albus	6397.0	1393	43	47	1324	0.9836552748885586	0.9690424766018718	0.9504666188083274	0.8908969839247972	0.9184494
JF714703	1393	6965	Rhodobacteraceae	Roseovarius lutimaris	DQ120726	1428	7140	Rhodobacteraceae	Roseovarius pacificus	6399.0	1393	40	44	1326	0.9829503335804299	0.9712023038156947	0.9519023689877961	0.8961034862278695	0.9187365
JF714703	1393	6965	Rhodobacteraceae	Roseovarius lutimaris	AF098495	1418	7090	Rhodobacteraceae	Roseovarius nubinhibens	6459.0	1393	41	44	1332	0.9873980726464048	0.9705035971223022	0.9562096195262024	0.8995305277132825	0.92735106
JF714703	1393	6965	Rhodobacteraceae	Roseovarius lutimaris	KR611924	1390	6950	Rhodobacteraceae	Roseovarius scapharcae	6448.0	1393	35	38	1331	0.9822878228782288	0.9748201438848921	0.955491744436468	0.9066465782292815	0.9277698
JF714703	1393	6965	Rhodobacteraceae	Roseovarius lutimaris	KR095198	1433	7165	Rhodobacteraceae	Roseovarius atlanticus	6442.0	1393	39	41	1331	0.9844674556213018	0.9719626168224299	0.955491744436468	0.9021123173729781	0.92491025
JQ390520	1389	6945	Rhodobacteraceae	Roseovarius litoreus	KC534172	1379	6895	Rhodobacteraceae	Roseovarius azorensis	6204.0	1360	42	39	1291	0.9772899318697956	0.9713235294117647	0.9492647058823529	0.8944213098934295	0.8997825
JQ390520	1389	6945	Rhodobacteraceae	Roseovarius litoreus	KX641473	1360	6800	Rhodobacteraceae	Roseovarius aestuariivivens	6441.0	1363	23	26	1319	0.9865370231862378	0.9830882352941176	0.9677182685253118	0.9335060065067402	0.9472059
JQ390520	1389	6945	Rhodobacteraceae	Roseovarius litoreus	KX268605	1390	6944	Rhodobacteraceae	Roseovarius confluentis	6570.0	1389	26	25	1345	0.9860703812316716	0.9820014398848093	0.9683225341972642	0.9334218633534052	0.9461405
JQ390520	1389	6945	Rhodobacteraceae	Roseovarius litoreus	HF546052	1442	7210	Rhodobacteraceae	Roseovarius albus	6456.0	1389	29	29	1332	0.9794117647058823	0.9791216702663786	0.958963282937365	0.9197391148059354	0.9295896
JQ390520	1389	6945	Rhodobacteraceae	Roseovarius litoreus	DQ120726	1428	7140	Rhodobacteraceae	Roseovarius pacificus	6741.0	1389	17	17	1365	0.9948979591836735	0.9877609791216703	0.9827213822894169	0.9589571383364721	0.97062635
JQ390520	1389	6945	Rhodobacteraceae	Roseovarius litoreus	AF098495	1418	7090	Rhodobacteraceae	Roseovarius nubinhibens	6506.0	1389	28	27	1338	0.9823788546255506	0.980561555075594	0.9632829373650108	0.9258936913840119	0.93678904
JQ390520	1389	6945	Rhodobacteraceae	Roseovarius litoreus	KR611924	1390	6950	Rhodobacteraceae	Roseovarius scapharcae	6444.0	1389	32	31	1331	0.9801178203240059	0.9776817854571634	0.9582433405327574	0.9157596456322903	0.92786175
JQ390520	1389	6945	Rhodobacteraceae	Roseovarius litoreus	KR095198	1433	7165	Rhodobacteraceae	Roseovarius atlanticus	6544.0	1389	32	30	1342	0.9874908020603385	0.978401727861771	0.9661627069834413	0.9240078246238541	0.9422606
KC534172	1379	6895	Rhodobacteraceae	Roseovarius azorensis	KX641473	1360	6800	Rhodobacteraceae	Roseovarius aestuariivivens	5962.0	1336	44	49	1251	0.972027972027972	0.9669421487603306	0.936377245508982	0.8732735615725071	0.8767647
KC534172	1379	6895	Rhodobacteraceae	Roseovarius azorensis	KX268605	1390	6944	Rhodobacteraceae	Roseovarius confluentis	6110.0	1363	52	54	1279	0.9770817417876242	0.9617927994121969	0.9383712399119589	0.8680762919044199	0.8861494
KC534172	1379	6895	Rhodobacteraceae	Roseovarius azorensis	HF546052	1442	7210	Rhodobacteraceae	Roseovarius albus	6325.0	1379	37	40	1311	0.9790888722927558	0.9731104651162791	0.9506889050036258	0.8989918388417055	0.9173314
KC534172	1379	6895	Rhodobacteraceae	Roseovarius azorensis	DQ120726	1428	7140	Rhodobacteraceae	Roseovarius pacificus	6302.0	1379	40	43	1309	0.9797904191616766	0.9709302325581395	0.949238578680203	0.8937158147404871	0.9139956
KC534172	1379	6895	Rhodobacteraceae	Roseovarius azorensis	AF098495	1418	7090	Rhodobacteraceae	Roseovarius nubinhibens	6295.0	1379	46	49	1307	0.9827067669172932	0.9665697674418605	0.9477882523567803	0.8846023688663284	0.91298044
KC534172	1379	6895	Rhodobacteraceae	Roseovarius azorensis	KR611924	1390	6950	Rhodobacteraceae	Roseovarius scapharcae	6271.0	1363	31	33	1299	0.9766917293233083	0.9772226304188097	0.9530447542186353	0.9092894713850681	0.90949965
KC534172	1379	6895	Rhodobacteraceae	Roseovarius azorensis	KR095198	1433	7165	Rhodobacteraceae	Roseovarius atlanticus	6190.0	1379	56	57	1295	0.9795763993948563	0.9593613933236574	0.9390862944162437	0.8651373388280655	0.897752
KX641473	1360	6800	Rhodobacteraceae	Roseovarius aestuariivivens	KX268605	1390	6944	Rhodobacteraceae	Roseovarius confluentis	6477.0	1360	25	26	1321	0.9902548725637181	0.9816041206769683	0.9713235294117647	0.9355563813973242	0.9525
KX641473	1360	6800	Rhodobacteraceae	Roseovarius aestuariivivens	HF546052	1442	7210	Rhodobacteraceae	Roseovarius albus	6311.0	1360	41	43	1301	0.9878511769172361	0.9698085419734904	0.9566176470588236	0.8992615568711424	0.92808825
KX641473	1360	6800	Rhodobacteraceae	Roseovarius aestuariivivens	DQ120726	1428	7140	Rhodobacteraceae	Roseovarius pacificus	6499.0	1360	13	15	1325	0.9851301115241635	0.9904270986745214	0.9742647058823529	0.9543962340945118	0.95573527
KX641473	1360	6800	Rhodobacteraceae	Roseovarius aestuariivivens	AF098495	1418	7090	Rhodobacteraceae	Roseovarius nubinhibens	6300.0	1360	35	36	1301	0.9826283987915407	0.9742457689477557	0.9566176470588236	0.9079295804343243	0.9264706
KX641473	1360	6800	Rhodobacteraceae	Roseovarius aestuariivivens	KR611924	1390	6950	Rhodobacteraceae	Roseovarius scapharcae	6299.0	1360	44	45	1300	0.9885931558935361	0.9676232523914643	0.9558823529411765	0.8952886710239651	0.92632353
KX641473	1360	6800	Rhodobacteraceae	Roseovarius aestuariivivens	KR095198	1433	7165	Rhodobacteraceae	Roseovarius atlanticus	6453.0	1360	31	31	1319	0.9924755455229496	0.9772058823529411	0.9698529411764706	0.926624413244809	0.9489706
KX268605	1390	6944	Rhodobacteraceae	Roseovarius confluentis	HF546052	1442	7210	Rhodobacteraceae	Roseovarius albus	6424.0	1390	47	48	1326	0.9880774962742176	0.9661627069834413	0.9539568345323741	0.8908907946711525	0.9251152
KX268605	1390	6944	Rhodobacteraceae	Roseovarius confluentis	DQ120726	1428	7140	Rhodobacteraceae	Roseovarius pacificus	6559.0	1390	27	28	1343	0.9860499265785609	0.980561555075594	0.9661870503597122	0.9286850829851292	0.9445565
KX268605	1390	6944	Rhodobacteraceae	Roseovarius confluentis	AF098495	1418	7090	Rhodobacteraceae	Roseovarius nubinhibens	6426.0	1390	43	43	1327	0.9851521900519673	0.9690647482014388	0.9546762589928057	0.8973823592905159	0.92540324
KX268605	1390	6944	Rhodobacteraceae	Roseovarius confluentis	KR611924	1390	6950	Rhodobacteraceae	Roseovarius scapharcae	6427.0	1390	46	46	1327	0.9873511904761905	0.9669064748201439	0.9546762589928057	0.893513156048977	0.92554724
KX268605	1390	6944	Rhodobacteraceae	Roseovarius confluentis	KR095198	1433	7165	Rhodobacteraceae	Roseovarius atlanticus	6841.0	1390	10	9	1377	0.997103548153512	0.9935251798561151	0.9906474820143885	0.9772029804727647	0.985167
HF546052	1442	7210	Rhodobacteraceae	Roseovarius albus	DQ120726	1428	7140	Rhodobacteraceae	Roseovarius pacificus	6658.0	1412	26	26	1365	0.9848484848484849	0.9815864022662889	0.96671388101983	0.9317562163376109	0.932493
HF546052	1442	7210	Rhodobacteraceae	Roseovarius albus	AF098495	1418	7090	Rhodobacteraceae	Roseovarius nubinhibens	6773.0	1410	15	15	1378	0.9878136200716846	0.9893617021276596	0.9773049645390071	0.9567301231802912	0.9552891
HF546052	1442	7210	Rhodobacteraceae	Roseovarius albus	KR611924	1390	6950	Rhodobacteraceae	Roseovarius scapharcae	6854.0	1389	9	8	1378	0.997827661115134	0.994240460763139	0.9920806335493161	0.9800167059596606	0.98618704
HF546052	1442	7210	Rhodobacteraceae	Roseovarius albus	KR095198	1433	7165	Rhodobacteraceae	Roseovarius atlanticus	6556.0	1413	51	49	1352	0.9912023460410557	0.9653220099079972	0.9568294409058741	0.891472238658205	0.9150035
DQ120726	1428	7140	Rhodobacteraceae	Roseovarius pacificus	AF098495	1418	7090	Rhodobacteraceae	Roseovarius nubinhibens	6679.0	1417	20	20	1370	0.98067287043665	0.9858856739590685	0.9668313338038109	0.9399188401697453	0.942031
DQ120726	1428	7140	Rhodobacteraceae	Roseovarius pacificus	KR611924	1390	6950	Rhodobacteraceae	Roseovarius scapharcae	6531.0	1389	29	28	1341	0.9853049228508449	0.9798416126709864	0.9654427645788337	0.9266344164963277	0.9397122
DQ120726	1428	7140	Rhodobacteraceae	Roseovarius pacificus	KR095198	1433	7165	Rhodobacteraceae	Roseovarius atlanticus	6766.0	1428	30	28	1384	0.9885714285714285	0.9803921568627451	0.969187675070028	0.9306328841550336	0.947619
AF098495	1418	7090	Rhodobacteraceae	Roseovarius nubinhibens	KR611924	1390	6950	Rhodobacteraceae	Roseovarius scapharcae	6601.0	1390	22	22	1349	0.9861111111111112	0.9841726618705036	0.9705035971223022	0.9402612753989442	0.94978416
AF098495	1418	7090	Rhodobacteraceae	Roseovarius nubinhibens	KR095198	1433	7165	Rhodobacteraceae	Roseovarius atlanticus	6562.0	1417	44	42	1355	0.9854545454545455	0.9703599153140438	0.9562455892731122	0.899957347878528	0.92552894
KR611924	1390	6950	Rhodobacteraceae	Roseovarius scapharcae	KR095198	1433	7165	Rhodobacteraceae	Roseovarius atlanticus	6439.0	1390	48	47	1329	0.9895755770662695	0.9661870503597122	0.956115107913669	0.8929503407010136	0.9264748
