U65647	1520	7600	Rubrobacteraceae	Rubrobacter radiotolerans	AF465803	1476	7380	Rubrobacteraceae	Rubrobacter taiwanensis	6432.0	1450	51	49	1355	0.9671663097787295	0.9662068965517241	0.9344827586206896	0.8722254129430954	0.8715447
U65647	1520	7600	Rubrobacteraceae	Rubrobacter radiotolerans	CP000386	1513	7565	Rubrobacteraceae	Rubrobacter xylanophilus	6452.0	1497	82	73	1377	0.9669943820224719	0.9512358049432198	0.9198396793587175	0.829545093987849	0.85287505
U65647	1520	7600	Rubrobacteraceae	Rubrobacter radiotolerans	HE672086	1441	7205	Rubrobacteraceae	Rubrobacter bracarensis	6543.0	1443	27	29	1366	0.9660537482319661	0.981263011797363	0.9466389466389467	0.9105765105765106	0.9081194
U65647	1520	7600	Rubrobacteraceae	Rubrobacter radiotolerans	KF494338	1474	7370	Rubrobacteraceae	Rubrobacter calidifluminis	6296.0	1470	81	77	1347	0.9669777458722182	0.9476190476190476	0.9163265306122449	0.822980565533757	0.8542741
U65647	1520	7600	Rubrobacteraceae	Rubrobacter radiotolerans	GU318365	1512	7560	Rubrobacteraceae	Rubrobacter aplysinae	6782.0	1512	39	39	1423	0.9660556687033266	0.9742063492063492	0.9411375661375662	0.8938076305097582	0.89708996
U65647	1520	7600	Rubrobacteraceae	Rubrobacter radiotolerans	KF494339	1473	7365	Rubrobacteraceae	Rubrobacter naiadicus	6313.0	1468	83	78	1348	0.9697841726618706	0.946866485013624	0.9182561307901907	0.8229374737578112	0.85716224
AF465803	1476	7380	Rubrobacteraceae	Rubrobacter taiwanensis	CP000386	1513	7565	Rubrobacteraceae	Rubrobacter xylanophilus	6744.0	1459	27	21	1397	0.9714881780250347	0.9856065798492117	0.9575051405071967	0.9265763068972739	0.91382116
AF465803	1476	7380	Rubrobacteraceae	Rubrobacter taiwanensis	HE672086	1441	7205	Rubrobacteraceae	Rubrobacter bracarensis	6165.0	1392	56	60	1297	0.9737237237237237	0.9596541786743515	0.9317528735632183	0.8571096875595351	0.8556558
AF465803	1476	7380	Rubrobacteraceae	Rubrobacter taiwanensis	KF494338	1474	7370	Rubrobacteraceae	Rubrobacter calidifluminis	6691.0	1440	27	25	1382	0.976678445229682	0.9826388888888888	0.9597222222222223	0.9257034386124366	0.90786976
AF465803	1476	7380	Rubrobacteraceae	Rubrobacter taiwanensis	GU318365	1512	7560	Rubrobacteraceae	Rubrobacter aplysinae	6296.0	1448	70	72	1336	0.9709302325581395	0.9515905947441217	0.9226519337016574	0.8363432547914893	0.8531165
AF465803	1476	7380	Rubrobacteraceae	Rubrobacter taiwanensis	KF494339	1473	7365	Rubrobacteraceae	Rubrobacter naiadicus	6658.0	1440	33	31	1378	0.9779985805535841	0.9784722222222222	0.9569444444444445	0.9153664101983858	0.9040054
CP000386	1513	7565	Rubrobacteraceae	Rubrobacter xylanophilus	HE672086	1441	7205	Rubrobacteraceae	Rubrobacter bracarensis	6208.0	1446	64	75	1323	0.9649890590809628	0.9554006968641114	0.9149377593360996	0.8307150119535051	0.8616239
CP000386	1513	7565	Rubrobacteraceae	Rubrobacter xylanophilus	KF494338	1474	7370	Rubrobacteraceae	Rubrobacter calidifluminis	7174.0	1477	3	7	1452	0.9877551020408163	0.9979633401221996	0.983073798239675	0.9764314077110287	0.9734057
CP000386	1513	7565	Rubrobacteraceae	Rubrobacter xylanophilus	GU318365	1512	7560	Rubrobacteraceae	Rubrobacter aplysinae	6342.0	1502	84	93	1362	0.9666430092264017	0.9437374413931681	0.9067909454061251	0.8055917037056938	0.8388889
CP000386	1513	7565	Rubrobacteraceae	Rubrobacter xylanophilus	KF494339	1473	7365	Rubrobacteraceae	Rubrobacter naiadicus	7163.0	1477	3	7	1451	0.9870748299319728	0.9979633401221996	0.982396750169262	0.9757589342897399	0.972573
HE672086	1441	7205	Rubrobacteraceae	Rubrobacter bracarensis	KF494338	1474	7370	Rubrobacteraceae	Rubrobacter calidifluminis	6107.0	1418	80	73	1303	0.9687732342007435	0.9485190409026798	0.9188998589562765	0.8250469361122776	0.8476058
HE672086	1441	7205	Rubrobacteraceae	Rubrobacter bracarensis	GU318365	1512	7560	Rubrobacteraceae	Rubrobacter aplysinae	6901.0	1441	16	14	1407	0.9859845830413455	0.9902845246356696	0.9764052741151977	0.9563008415664976	0.95780706
HE672086	1441	7205	Rubrobacteraceae	Rubrobacter bracarensis	KF494339	1473	7365	Rubrobacteraceae	Rubrobacter naiadicus	6136.0	1418	74	67	1307	0.9674315321983715	0.9527503526093088	0.9217207334273625	0.8346144174667337	0.8516308
KF494338	1474	7370	Rubrobacteraceae	Rubrobacter calidifluminis	GU318365	1512	7560	Rubrobacteraceae	Rubrobacter aplysinae	6226.0	1473	92	97	1337	0.971656976744186	0.9373297002724795	0.9076714188730483	0.7980548705235236	0.8447761
KF494338	1474	7370	Rubrobacteraceae	Rubrobacter calidifluminis	KF494339	1473	7365	Rubrobacteraceae	Rubrobacter naiadicus	7267.0	1473	2	2	1462	0.9938817131203264	0.9986422267481331	0.9925322471147319	0.9898406342412004	0.9866938
GU318365	1512	7560	Rubrobacteraceae	Rubrobacter aplysinae	KF494339	1473	7365	Rubrobacteraceae	Rubrobacter naiadicus	6245.0	1468	89	84	1340	0.9682080924855492	0.9427792915531336	0.9128065395095368	0.8113835906751438	0.8479294
