M92279	1471	7325	Flavobacteriaceae	Salegentibacter salegens	DQ191176	1429	7145	Flavobacteriaceae	Salegentibacter agarivorans	6836.0	1431	17	22	1391	0.9872249822569198	0.988078541374474	0.9720475192173306	0.9458666813378582	0.95675296
M92279	1471	7325	Flavobacteriaceae	Salegentibacter salegens	EF612764	1485	7407	Flavobacteriaceae	Salegentibacter salinarum	7132.0	1471	14	10	1444	0.9883641341546886	0.9932019034670292	0.981645139360979	0.9657801674117107	0.9736519
M92279	1471	7325	Flavobacteriaceae	Salegentibacter salegens	EF486353	1485	7425	Flavobacteriaceae	Salegentibacter salarius	7102.0	1471	20	16	1441	0.9903780068728523	0.9891230455472467	0.9796057104010877	0.9559532586409004	0.96955633
M92279	1471	7325	Flavobacteriaceae	Salegentibacter salegens	JN040280	1495	7475	Flavobacteriaceae	Salegentibacter echinorum	6762.0	1463	38	33	1399	0.9783216783216783	0.9774436090225563	0.9562542720437457	0.9110217248651274	0.9231399
M92279	1471	7325	Flavobacteriaceae	Salegentibacter salegens	AB116148	1412	7060	Flavobacteriaceae	Salegentibacter holothuriorum	6831.0	1408	16	12	1383	0.9906876790830945	0.9914772727272727	0.9822443181818182	0.9629305254085803	0.96756375
M92279	1471	7325	Flavobacteriaceae	Salegentibacter salegens	KC683477	1440	7200	Flavobacteriaceae	Salegentibacter chungangensis	6586.0	1418	37	32	1358	0.9797979797979798	0.9774330042313117	0.9576868829337094	0.9122708039492241	0.9147222
M92279	1471	7325	Flavobacteriaceae	Salegentibacter salegens	AY576653	1438	7190	Flavobacteriaceae	Salegentibacter mishustinae	6893.0	1433	24	20	1400	0.9907997169143666	0.9860432658757851	0.9769713886950454	0.9474677915072747	0.9586926
M92279	1471	7325	Flavobacteriaceae	Salegentibacter salegens	AY682200	1471	7355	Flavobacteriaceae	Salegentibacter flavus	6827.0	1463	37	33	1405	0.9825174825174825	0.9774436090225563	0.9603554340396445	0.9155388471177944	0.93201363
DQ191176	1429	7145	Flavobacteriaceae	Salegentibacter agarivorans	EF612764	1485	7407	Flavobacteriaceae	Salegentibacter salinarum	6985.0	1429	20	11	1411	0.9950634696755994	0.9923023093072079	0.9874037788663401	0.9662791983660941	0.9776067
DQ191176	1429	7145	Flavobacteriaceae	Salegentibacter agarivorans	EF486353	1485	7425	Flavobacteriaceae	Salegentibacter salarius	6866.0	1429	34	25	1397	0.9950142450142451	0.9825052484254724	0.9776067179846046	0.9381817033837219	0.9609517
DQ191176	1429	7145	Flavobacteriaceae	Salegentibacter agarivorans	JN040280	1495	7475	Flavobacteriaceae	Salegentibacter echinorum	6587.0	1429	60	36	1367	0.9813352476669059	0.9748075577326802	0.9566130160951715	0.8949374959171081	0.92190343
DQ191176	1429	7145	Flavobacteriaceae	Salegentibacter agarivorans	AB116148	1412	7060	Flavobacteriaceae	Salegentibacter holothuriorum	6820.0	1409	18	15	1383	0.9921090387374462	0.9893541518807665	0.9815471965933286	0.9588484877723196	0.9660057
DQ191176	1429	7145	Flavobacteriaceae	Salegentibacter agarivorans	KC683477	1440	7200	Flavobacteriaceae	Salegentibacter chungangensis	6657.0	1427	36	37	1370	0.9856115107913669	0.9747545582047685	0.9600560616678346	0.912151692220294	0.93170047
DQ191176	1429	7145	Flavobacteriaceae	Salegentibacter agarivorans	AY576653	1438	7190	Flavobacteriaceae	Salegentibacter mishustinae	6895.0	1427	26	17	1400	0.9929078014184397	0.9880868955851436	0.9810791871058164	0.9520451850097736	0.9650105
DQ191176	1429	7145	Flavobacteriaceae	Salegentibacter agarivorans	AY682200	1471	7355	Flavobacteriaceae	Salegentibacter flavus	6627.0	1429	50	41	1369	0.9863112391930836	0.9713086074177747	0.9580125962211337	0.899067940199414	0.92750174
EF612764	1485	7407	Flavobacteriaceae	Salegentibacter salinarum	EF486353	1485	7425	Flavobacteriaceae	Salegentibacter salarius	7204.0	1485	20	20	1458	0.995221843003413	0.9865319865319865	0.9818181818181818	0.9557233464210207	0.9725935
EF612764	1485	7407	Flavobacteriaceae	Salegentibacter salinarum	JN040280	1495	7475	Flavobacteriaceae	Salegentibacter echinorum	6834.0	1474	35	34	1411	0.9798611111111111	0.9769335142469471	0.9572591587516961	0.9134878652103661	0.92264074
EF612764	1485	7407	Flavobacteriaceae	Salegentibacter salinarum	AB116148	1412	7060	Flavobacteriaceae	Salegentibacter holothuriorum	6813.0	1412	20	20	1382	0.992816091954023	0.9858356940509915	0.9787535410764873	0.9514140566888758	0.96501416
EF612764	1485	7407	Flavobacteriaceae	Salegentibacter salinarum	KC683477	1440	7200	Flavobacteriaceae	Salegentibacter chungangensis	6695.0	1429	33	32	1375	0.984251968503937	0.9776067179846046	0.9622113365990203	0.9194317628104182	0.9298611
EF612764	1485	7407	Flavobacteriaceae	Salegentibacter salinarum	AY576653	1438	7190	Flavobacteriaceae	Salegentibacter mishustinae	6987.0	1438	17	17	1413	0.9943701618578465	0.9881780250347705	0.9826147426981919	0.9596532985389216	0.97176635
EF612764	1485	7407	Flavobacteriaceae	Salegentibacter salinarum	AY682200	1471	7355	Flavobacteriaceae	Salegentibacter flavus	6921.0	1471	30	30	1420	0.9854267869535045	0.9796057104010877	0.9653297076818491	0.9267422443501296	0.94099253
EF486353	1485	7425	Flavobacteriaceae	Salegentibacter salarius	JN040280	1495	7475	Flavobacteriaceae	Salegentibacter echinorum	6842.0	1474	42	41	1412	0.9853454291695743	0.9721845318860244	0.9579375848032564	0.9054911339202285	0.9214815
EF486353	1485	7425	Flavobacteriaceae	Salegentibacter salarius	AB116148	1412	7060	Flavobacteriaceae	Salegentibacter holothuriorum	6907.0	1412	13	13	1394	0.9964260185847034	0.9907932011331445	0.9872521246458924	0.9692391034242831	0.9783286
EF486353	1485	7425	Flavobacteriaceae	Salegentibacter salarius	KC683477	1440	7200	Flavobacteriaceae	Salegentibacter chungangensis	6705.0	1429	33	32	1377	0.9856836077308518	0.9776067179846046	0.9636109167249826	0.9207691181017787	0.93125
EF486353	1485	7425	Flavobacteriaceae	Salegentibacter salarius	AY576653	1438	7190	Flavobacteriaceae	Salegentibacter mishustinae	7028.0	1438	17	17	1418	0.9978888106966924	0.9881780250347705	0.9860917941585535	0.9630490993122369	0.9774687
EF486353	1485	7425	Flavobacteriaceae	Salegentibacter salarius	AY682200	1471	7355	Flavobacteriaceae	Salegentibacter flavus	6897.0	1471	38	38	1417	0.988834612700628	0.9741672331747111	0.9632902787219578	0.9147746649493477	0.9377294
JN040280	1495	7475	Flavobacteriaceae	Salegentibacter echinorum	AB116148	1412	7060	Flavobacteriaceae	Salegentibacter holothuriorum	6583.0	1413	38	39	1356	0.9868995633187773	0.9730878186968839	0.9596602972399151	0.908734147765433	0.9324363
JN040280	1495	7475	Flavobacteriaceae	Salegentibacter echinorum	KC683477	1440	7200	Flavobacteriaceae	Salegentibacter chungangensis	6602.0	1441	37	39	1370	0.9771754636233951	0.9742876997915219	0.9507286606523248	0.9018413952872526	0.91694444
JN040280	1495	7475	Flavobacteriaceae	Salegentibacter echinorum	AY576653	1438	7190	Flavobacteriaceae	Salegentibacter mishustinae	6708.0	1439	32	33	1382	0.9829302987197724	0.9777468706536857	0.9603891591382905	0.9179518407535258	0.9329625
JN040280	1495	7475	Flavobacteriaceae	Salegentibacter echinorum	AY682200	1471	7355	Flavobacteriaceae	Salegentibacter flavus	6745.0	1472	45	46	1400	0.9817671809256662	0.9694085656016316	0.9510869565217391	0.8940342781806196	0.91706324
AB116148	1412	7060	Flavobacteriaceae	Salegentibacter holothuriorum	KC683477	1440	7200	Flavobacteriaceae	Salegentibacter chungangensis	6600.0	1407	29	28	1356	0.9833212472806382	0.9800995024875622	0.9637526652452025	0.9254978588949403	0.9348442
AB116148	1412	7060	Flavobacteriaceae	Salegentibacter holothuriorum	AY576653	1438	7190	Flavobacteriaceae	Salegentibacter mishustinae	6869.0	1412	17	17	1389	0.9956989247311828	0.9879603399433428	0.9837110481586402	0.9603057468028713	0.97294617
AB116148	1412	7060	Flavobacteriaceae	Salegentibacter holothuriorum	AY682200	1471	7355	Flavobacteriaceae	Salegentibacter flavus	6556.0	1412	41	41	1352	0.9861415025528811	0.9709631728045326	0.9575070821529745	0.9034702062159174	0.9286119
KC683477	1440	7200	Flavobacteriaceae	Salegentibacter chungangensis	AY576653	1438	7190	Flavobacteriaceae	Salegentibacter mishustinae	6789.0	1424	17	18	1385	0.9850640113798008	0.9880534082923401	0.9726123595505618	0.9489888810049201	0.9442281
KC683477	1440	7200	Flavobacteriaceae	Salegentibacter chungangensis	AY682200	1471	7355	Flavobacteriaceae	Salegentibacter flavus	6515.0	1427	53	54	1353	0.9854333576110706	0.9628330995792427	0.9481429572529783	0.879594783992121	0.9048611
AY576653	1438	7190	Flavobacteriaceae	Salegentibacter mishustinae	AY682200	1471	7355	Flavobacteriaceae	Salegentibacter flavus	6722.0	1438	42	42	1382	0.9899713467048711	0.9707927677329624	0.96105702364395	0.9065105439236176	0.9349096
