DQ979342	1433	7147	Halomonadaceae	Salinicola socius	KC005304	1462	7310	Halomonadaceae	Salinicola peritrichatus	6779.0	1433	22	25	1387	0.9850852272727273	0.9846153846153847	0.9678995115143056	0.9366340290117817	0.9485099
DQ979342	1433	7147	Halomonadaceae	Salinicola socius	AM229316	1440	7200	Halomonadaceae	Salinicola salarius	6855.0	1406	10	11	1385	0.992831541218638	0.9928825622775801	0.9850640113798008	0.9704550112110325	0.9591437
DQ979342	1433	7147	Halomonadaceae	Salinicola socius	KT343976	1529	7645	Halomonadaceae	Salinicola tamaricis	6851.0	1433	13	15	1396	0.9844851904090268	0.9909154437456325	0.9741800418702024	0.9553162512945691	0.958584
DQ979342	1433	7147	Halomonadaceae	Salinicola socius	KM200719	1401	7005	Halomonadaceae	Salinicola acroporae	6838.0	1399	7	9	1380	0.9928057553956835	0.9949892627057981	0.9864188706218727	0.9751936203160763	0.9761599
DQ979342	1433	7147	Halomonadaceae	Salinicola socius	KF898345	1450	7250	Halomonadaceae	Salinicola rhizosphaerae	6657.0	1433	29	41	1370	0.9841954022988506	0.9795918367346939	0.9560362875087229	0.9102616362600153	0.93143976
DQ979342	1433	7147	Halomonadaceae	Salinicola socius	AJ427626	1535	7675	Halomonadaceae	Salinicola halophilus	6871.0	1433	17	20	1397	0.9886765746638358	0.9881118881118881	0.9748778785764132	0.9500016844334288	0.9613824
KC005304	1462	7310	Halomonadaceae	Salinicola peritrichatus	AM229316	1440	7200	Halomonadaceae	Salinicola salarius	6798.0	1420	19	18	1385	0.9878744650499287	0.9873239436619718	0.9753521126760564	0.9502735663459563	0.94416666
KC005304	1462	7310	Halomonadaceae	Salinicola peritrichatus	KT343976	1529	7645	Halomonadaceae	Salinicola tamaricis	7056.0	1462	14	13	1433	0.9889579020013802	0.9911080711354309	0.9801641586867305	0.9622343265156318	0.96525306
KC005304	1462	7310	Halomonadaceae	Salinicola peritrichatus	KM200719	1401	7005	Halomonadaceae	Salinicola acroporae	6681.0	1400	21	20	1363	0.9876811594202899	0.9857142857142858	0.9735714285714285	0.9454810495626822	0.95374733
KC005304	1462	7310	Halomonadaceae	Salinicola peritrichatus	KF898345	1450	7250	Halomonadaceae	Salinicola rhizosphaerae	6857.0	1451	25	34	1402	0.9894142554693014	0.9826629680998613	0.9662301860785665	0.9276071637353176	0.9457931
KC005304	1462	7310	Halomonadaceae	Salinicola peritrichatus	AJ427626	1535	7675	Halomonadaceae	Salinicola halophilus	6912.0	1462	21	21	1416	0.9826509368494102	0.9856361149110807	0.9685362517099864	0.9411063646082874	0.945554
AM229316	1440	7200	Halomonadaceae	Salinicola salarius	KT343976	1529	7645	Halomonadaceae	Salinicola tamaricis	6956.0	1440	15	15	1412	0.9908771929824561	0.9895833333333334	0.9805555555555555	0.9603379152348224	0.9661111
AM229316	1440	7200	Halomonadaceae	Salinicola salarius	KM200719	1401	7005	Halomonadaceae	Salinicola acroporae	6757.0	1371	10	10	1359	0.9985304922850845	0.9927060539752006	0.9912472647702407	0.9768917649183908	0.9645967
AM229316	1440	7200	Halomonadaceae	Salinicola salarius	KF898345	1450	7250	Halomonadaceae	Salinicola rhizosphaerae	6666.0	1410	26	32	1363	0.9891146589259797	0.9814814814814815	0.9666666666666667	0.9276230269266481	0.92583334
AM229316	1440	7200	Halomonadaceae	Salinicola salarius	AJ427626	1535	7675	Halomonadaceae	Salinicola halophilus	6971.0	1440	19	20	1412	0.9943661971830986	0.9867963863794301	0.9805555555555555	0.9543446805269972	0.9681944
KT343976	1529	7645	Halomonadaceae	Salinicola tamaricis	KM200719	1401	7005	Halomonadaceae	Salinicola acroporae	6739.0	1401	18	18	1370	0.9906001446131598	0.987152034261242	0.9778729478943612	0.953064331880128	0.96202713
KT343976	1529	7645	Halomonadaceae	Salinicola tamaricis	KF898345	1450	7250	Halomonadaceae	Salinicola rhizosphaerae	6953.0	1460	20	30	1417	0.990909090909091	0.9862068965517241	0.9705479452054795	0.937759163272862	0.9590345
KT343976	1529	7645	Halomonadaceae	Salinicola tamaricis	AJ427626	1535	7675	Halomonadaceae	Salinicola halophilus	7283.0	1529	20	21	1487	0.9860742705570292	0.9869109947643979	0.972531066056246	0.9467894432619877	0.9526488
KM200719	1401	7005	Halomonadaceae	Salinicola acroporae	KF898345	1450	7250	Halomonadaceae	Salinicola rhizosphaerae	6636.0	1401	24	31	1356	0.9897810218978103	0.9827833572453372	0.9678800856531049	0.930523310417371	0.9473233
KM200719	1401	7005	Halomonadaceae	Salinicola acroporae	AJ427626	1535	7675	Halomonadaceae	Salinicola halophilus	6822.0	1401	13	14	1379	0.9942321557317952	0.9907142857142858	0.9842969307637401	0.9655020105864975	0.9738758
KF898345	1450	7250	Halomonadaceae	Salinicola rhizosphaerae	AJ427626	1535	7675	Halomonadaceae	Salinicola halophilus	6818.0	1450	36	27	1401	0.9845397048489107	0.9813793103448276	0.9662068965517241	0.9252438854596928	0.9404138
