DQ640642	1487	7435	Flavobacteriaceae	Salinimicrobium catena	GQ866112	1474	7364	Flavobacteriaceae	Salinimicrobium marinum	6796.0	1467	42	44	1402	0.9852424455375967	0.9713310580204778	0.9556918882072256	0.9012256838428642	0.922868
DQ640642	1487	7435	Flavobacteriaceae	Salinimicrobium catena	JF340052	1448	7240	Flavobacteriaceae	Salinimicrobium gaetbulicola	6974.0	1447	27	26	1416	0.9964813511611541	0.9820317899101589	0.9785763648928818	0.9433901048254988	0.9632597
DQ640642	1487	7435	Flavobacteriaceae	Salinimicrobium catena	EU135614	1440	7188	Flavobacteriaceae	Salinimicrobium terrae	6667.0	1442	53	55	1376	0.9920692141312184	0.9631944444444445	0.9542302357836339	0.8852958776133111	0.92751807
DQ640642	1487	7435	Flavobacteriaceae	Salinimicrobium catena	EF520007	1404	7020	Flavobacteriaceae	Salinimicrobium xinjiangense	6569.0	1406	41	43	1351	0.9911958914159942	0.9707977207977208	0.9608819345661451	0.9051016425802736	0.935755
DQ640642	1487	7435	Flavobacteriaceae	Salinimicrobium catena	JX624252	1515	7575	Flavobacteriaceae	Salinimicrobium soli	6980.0	1483	37	41	1430	0.9916782246879334	0.9749830966869506	0.9642616318273769	0.914779784930972	0.93880296
DQ640642	1487	7435	Flavobacteriaceae	Salinimicrobium catena	HG008896	1377	6885	Flavobacteriaceae	Salinimicrobium sediminis	6463.0	1406	35	64	1331	0.9918032786885246	0.9745824255628177	0.9466571834992887	0.8816196670756734	0.93870735
GQ866112	1474	7364	Flavobacteriaceae	Salinimicrobium marinum	JF340052	1448	7240	Flavobacteriaceae	Salinimicrobium gaetbulicola	6786.0	1445	30	27	1394	0.9830747531734838	0.9813148788927336	0.9647058823529412	0.9274257228315055	0.9372928
GQ866112	1474	7364	Flavobacteriaceae	Salinimicrobium marinum	EU135614	1440	7188	Flavobacteriaceae	Salinimicrobium terrae	6840.0	1440	20	20	1398	0.9845070422535211	0.9861111111111112	0.9708333333333333	0.9442351598173515	0.95158595
GQ866112	1474	7364	Flavobacteriaceae	Salinimicrobium marinum	EF520007	1404	7020	Flavobacteriaceae	Salinimicrobium xinjiangense	6687.0	1404	19	19	1365	0.9855595667870036	0.9864672364672364	0.9722222222222222	0.9462598578902163	0.9525641
GQ866112	1474	7364	Flavobacteriaceae	Salinimicrobium marinum	JX624252	1515	7575	Flavobacteriaceae	Salinimicrobium soli	7016.0	1474	18	17	1433	0.9835277968428278	0.9884667571234735	0.9721845318860244	0.9493785944758294	0.95274305
GQ866112	1474	7364	Flavobacteriaceae	Salinimicrobium marinum	HG008896	1377	6885	Flavobacteriaceae	Salinimicrobium sediminis	6570.0	1377	19	19	1340	0.9867452135493373	0.9862018881626725	0.9731299927378358	0.9466407809011326	0.95424837
JF340052	1448	7240	Flavobacteriaceae	Salinimicrobium gaetbulicola	EU135614	1440	7188	Flavobacteriaceae	Salinimicrobium terrae	6784.0	1442	39	42	1390	0.9928571428571429	0.9728978457261988	0.9639389736477115	0.9112184761018205	0.9437952
JF340052	1448	7240	Flavobacteriaceae	Salinimicrobium gaetbulicola	EF520007	1404	7020	Flavobacteriaceae	Salinimicrobium xinjiangense	6733.0	1407	19	22	1371	0.9898916967509025	0.9864672364672364	0.9744136460554371	0.9463975454325249	0.9591168
JF340052	1448	7240	Flavobacteriaceae	Salinimicrobium gaetbulicola	JX624252	1515	7575	Flavobacteriaceae	Salinimicrobium soli	7015.0	1448	15	17	1421	0.9930118798043326	0.9896265560165975	0.981353591160221	0.959888577546327	0.9689227
JF340052	1448	7240	Flavobacteriaceae	Salinimicrobium gaetbulicola	HG008896	1377	6885	Flavobacteriaceae	Salinimicrobium sediminis	6596.0	1407	20	50	1347	0.9926308032424466	0.9854756717501816	0.9573560767590619	0.9103939706811822	0.9580247
EU135614	1440	7188	Flavobacteriaceae	Salinimicrobium terrae	EF520007	1404	7020	Flavobacteriaceae	Salinimicrobium xinjiangense	6785.0	1404	21	21	1376	0.9949385394070861	0.9850427350427351	0.98005698005698	0.9511710901184586	0.96652424
EU135614	1440	7188	Flavobacteriaceae	Salinimicrobium terrae	JX624252	1515	7575	Flavobacteriaceae	Salinimicrobium soli	6891.0	1440	28	27	1403	0.9929228591648974	0.98125	0.9743055555555555	0.9378022820163487	0.9586811
EU135614	1440	7188	Flavobacteriaceae	Salinimicrobium terrae	HG008896	1377	6885	Flavobacteriaceae	Salinimicrobium sediminis	6695.0	1377	15	15	1354	0.9941262848751835	0.9891067538126361	0.9832970225127088	0.9621052763378658	0.97240376
EF520007	1404	7020	Flavobacteriaceae	Salinimicrobium xinjiangense	JX624252	1515	7575	Flavobacteriaceae	Salinimicrobium soli	6810.0	1404	16	15	1380	0.9935205183585313	0.9893162393162394	0.9829059829059829	0.9614481762369086	0.97008544
EF520007	1404	7020	Flavobacteriaceae	Salinimicrobium xinjiangense	HG008896	1377	6885	Flavobacteriaceae	Salinimicrobium sediminis	6696.0	1378	14	15	1355	0.9941305942773294	0.9898329702251271	0.9833091436865021	0.9628235365263665	0.972549
JX624252	1515	7575	Flavobacteriaceae	Salinimicrobium soli	HG008896	1377	6885	Flavobacteriaceae	Salinimicrobium sediminis	6665.0	1378	18	19	1351	0.9941133186166299	0.9869281045751634	0.9804063860667634	0.9544214030549653	0.9680465
