KM406784	1381	6905	Sanguibacteraceae	Sanguibacter gelidistatuariae	X79452	1477	7385	Sanguibacteraceae	Sanguibacter suarezii	6815.0	1381	11	11	1370	1.0	0.9920347574221579	0.9920347574221579	0.9763560471755433	0.98696595
KM406784	1381	6905	Sanguibacteraceae	Sanguibacter gelidistatuariae	X79450	1495	7475	Sanguibacteraceae	Sanguibacter keddieii	6713.0	1381	16	16	1358	0.9948717948717949	0.9884141926140478	0.9833454018826937	0.9608206682676285	0.9721941
KM406784	1381	6905	Sanguibacteraceae	Sanguibacter gelidistatuariae	EF211071	1440	7200	Sanguibacteraceae	Sanguibacter antarcticus	6644.0	1381	23	23	1350	0.9941089837997055	0.9833454018826937	0.9775524981897176	0.9455244248872055	0.9622013
KM406784	1381	6905	Sanguibacteraceae	Sanguibacter gelidistatuariae	AJ783958	1486	7430	Sanguibacteraceae	Sanguibacter marinus	6558.0	1381	25	25	1340	0.9882005899705014	0.9818971759594497	0.9703113685734974	0.9358052743852506	0.94974655
KM406784	1381	6905	Sanguibacteraceae	Sanguibacter gelidistatuariae	EF547937	1395	6975	Sanguibacteraceae	Sanguibacter soli	6509.0	1381	34	29	1335	0.9874260355029586	0.9790007241129616	0.9666908037653874	0.9236508598521581	0.94265026
KM406784	1381	6905	Sanguibacteraceae	Sanguibacter gelidistatuariae	X79451	1477	7385	Sanguibacteraceae	Sanguibacter inulinus	6761.0	1381	11	11	1364	0.9956204379562044	0.9920347574221579	0.9876900796524257	0.9720800352901028	0.9791455
X79452	1477	7385	Sanguibacteraceae	Sanguibacter suarezii	X79450	1495	7475	Sanguibacteraceae	Sanguibacter keddieii	7208.0	1476	11	11	1456	0.9938566552901024	0.9925474254742548	0.986449864498645	0.9718554482115097	0.9760325
X79452	1477	7385	Sanguibacteraceae	Sanguibacter suarezii	EF211071	1440	7200	Sanguibacteraceae	Sanguibacter antarcticus	6959.0	1440	18	18	1412	0.9929676511954993	0.9875	0.9805555555555555	0.9563443072702331	0.96652776
X79452	1477	7385	Sanguibacteraceae	Sanguibacter suarezii	AJ783958	1486	7430	Sanguibacteraceae	Sanguibacter marinus	7032.0	1477	22	22	1436	0.9869415807560138	0.9851049424509141	0.972241029113067	0.943702933528694	0.9522004
X79452	1477	7385	Sanguibacteraceae	Sanguibacter suarezii	EF547937	1395	6975	Sanguibacteraceae	Sanguibacter soli	6600.0	1398	23	26	1352	0.9854227405247813	0.9835125448028674	0.9670958512160229	0.9337477184154704	0.94623655
X79452	1477	7385	Sanguibacteraceae	Sanguibacter suarezii	X79451	1477	7385	Sanguibacteraceae	Sanguibacter inulinus	7263.0	1475	7	7	1462	0.9959128065395095	0.9952542372881356	0.9911864406779661	0.9818230060156912	0.98348004
X79450	1495	7475	Sanguibacteraceae	Sanguibacter keddieii	EF211071	1440	7200	Sanguibacteraceae	Sanguibacter antarcticus	6995.0	1440	15	15	1416	0.9936842105263158	0.9895833333333334	0.9833333333333333	0.9630584192439863	0.97152776
X79450	1495	7475	Sanguibacteraceae	Sanguibacter keddieii	AJ783958	1486	7430	Sanguibacteraceae	Sanguibacter marinus	7072.0	1482	20	20	1443	0.9870041039671683	0.9865047233468286	0.9736842105263158	0.9477538720302755	0.951817
X79450	1495	7475	Sanguibacteraceae	Sanguibacter keddieii	EF547937	1395	6975	Sanguibacteraceae	Sanguibacter soli	6576.0	1398	29	32	1349	0.9875549048316252	0.9792114695340501	0.9649499284692418	0.9237011929144948	0.9427957
X79450	1495	7475	Sanguibacteraceae	Sanguibacter keddieii	X79451	1477	7385	Sanguibacteraceae	Sanguibacter inulinus	7292.0	1474	6	6	1465	0.9979564032697548	0.9959294436906377	0.9938941655359566	0.9858355641937732	0.9874069
EF211071	1440	7200	Sanguibacteraceae	Sanguibacter antarcticus	AJ783958	1486	7430	Sanguibacteraceae	Sanguibacter marinus	6915.0	1440	21	21	1407	0.9915433403805497	0.9854166666666667	0.9770833333333333	0.9489946954141	0.9604167
EF211071	1440	7200	Sanguibacteraceae	Sanguibacter antarcticus	EF547937	1395	6975	Sanguibacteraceae	Sanguibacter soli	6630.0	1398	21	24	1356	0.9868995633187773	0.9849462365591398	0.9699570815450643	0.9391973432296816	0.9505376
EF211071	1440	7200	Sanguibacteraceae	Sanguibacter antarcticus	X79451	1477	7385	Sanguibacteraceae	Sanguibacter inulinus	6970.0	1440	20	20	1413	0.9950704225352113	0.9861111111111112	0.98125	0.9543664383561644	0.96805555
AJ783958	1486	7430	Sanguibacteraceae	Sanguibacter marinus	EF547937	1395	6975	Sanguibacteraceae	Sanguibacter soli	6692.0	1398	17	20	1363	0.9891146589259797	0.9878136200716846	0.974964234620887	0.949470470182037	0.9594265
AJ783958	1486	7430	Sanguibacteraceae	Sanguibacter marinus	X79451	1477	7385	Sanguibacteraceae	Sanguibacter inulinus	7058.0	1477	22	22	1439	0.9890034364261169	0.9851049424509141	0.974272173324306	0.9456744577630856	0.9557211
EF547937	1395	6975	Sanguibacteraceae	Sanguibacter soli	X79451	1477	7385	Sanguibacteraceae	Sanguibacter inulinus	6612.0	1395	31	28	1353	0.9897585954645208	0.9799283154121864	0.9698924731182795	0.9297636821547602	0.947957
