AF287803	1488	7320	Selenomonadaceae	Selenomonas flueggei	AF287799	1491	7455	Selenomonadaceae	Selenomonas noxia	6924.0	1488	23	20	1425	0.970708446866485	0.9865591397849462	0.9576612903225806	0.9304081894067163	0.94590163
AF287803	1488	7320	Selenomonadaceae	Selenomonas flueggei	GQ422716	1520	7588	Selenomonadaceae	Selenomonas artemidis	6703.0	1482	44	43	1396	0.9701181375955524	0.9709851551956815	0.941970310391363	0.8882668916469013	0.9157104
AF287803	1488	7320	Selenomonadaceae	Selenomonas flueggei	EF139191	1525	7625	Selenomonadaceae	Selenomonas bovis	6371.0	1483	85	65	1360	0.9590973201692524	0.9561699258260283	0.9170600134861767	0.8293310581144123	0.8703552
AF287803	1488	7320	Selenomonadaceae	Selenomonas flueggei	AF287793	1497	7485	Selenomonadaceae	Selenomonas sputigena	6319.0	1484	91	80	1351	0.9622507122507122	0.9460916442048517	0.910377358490566	0.8115363881401617	0.8632514
AF287803	1488	7320	Selenomonadaceae	Selenomonas flueggei	AF001901	1556	7750	Selenomonadaceae	Selenomonas lipolytica	5752.0	1483	159	138	1283	0.9539033457249071	0.9069453809844908	0.8651382333108564	0.7086546429982349	0.78579235
AF287803	1488	7320	Selenomonadaceae	Selenomonas flueggei	M62702	1440	7134	Selenomonadaceae	Selenomonas ruminantium subsp. ruminantium	6131.0	1437	65	63	1309	0.9526928675400291	0.9561586638830898	0.9109255393180237	0.8332967317063679	0.85940564
AF287803	1488	7320	Selenomonadaceae	Selenomonas flueggei	AF287801	1494	7338	Selenomonadaceae	Selenomonas dianae	6850.0	1488	25	20	1415	0.9638964577656676	0.9865591397849462	0.9509408602150538	0.9226577546567739	0.9357923
AF287803	1488	7320	Selenomonadaceae	Selenomonas flueggei	AB003379	1455	7263	Selenomonadaceae	Selenomonas ruminantium subsp. lactilytica	6066.0	1436	76	62	1304	0.9490538573508006	0.9568245125348189	0.9080779944289693	0.8251978600168015	0.8351921
AF287803	1488	7320	Selenomonadaceae	Selenomonas flueggei	AF287802	1524	7620	Selenomonadaceae	Selenomonas infelix	7005.0	1488	17	16	1435	0.9748641304347826	0.989247311827957	0.9643817204301075	0.943235808952238	0.95696723
AF287799	1491	7455	Selenomonadaceae	Selenomonas noxia	GQ422716	1520	7588	Selenomonadaceae	Selenomonas artemidis	6901.0	1483	30	30	1423	0.9793530626290433	0.9797707349966285	0.959541469993257	0.9214895941177809	0.92568743
AF287799	1491	7455	Selenomonadaceae	Selenomonas noxia	EF139191	1525	7625	Selenomonadaceae	Selenomonas bovis	6453.0	1484	90	71	1373	0.9716914366595896	0.9521563342318059	0.9252021563342318	0.8305658493648471	0.86559355
AF287799	1491	7455	Selenomonadaceae	Selenomonas noxia	AF287793	1497	7485	Selenomonadaceae	Selenomonas sputigena	6462.0	1485	87	77	1371	0.9737215909090909	0.9481481481481482	0.9232323232323232	0.826915465083404	0.8668008
AF287799	1491	7455	Selenomonadaceae	Selenomonas noxia	AF001901	1556	7750	Selenomonadaceae	Selenomonas lipolytica	5833.0	1484	160	140	1296	0.9642857142857143	0.9056603773584906	0.8733153638814016	0.7139512463847955	0.7824279
AF287799	1491	7455	Selenomonadaceae	Selenomonas noxia	M62702	1440	7134	Selenomonadaceae	Selenomonas ruminantium subsp. ruminantium	6194.0	1440	66	67	1318	0.9599417334304443	0.9541348158443363	0.9152777777777777	0.834446473365796	0.8682366
AF287799	1491	7455	Selenomonadaceae	Selenomonas noxia	AF287801	1494	7338	Selenomonadaceae	Selenomonas dianae	6893.0	1491	32	30	1421	0.972621492128679	0.9798792756539235	0.9530516431924883	0.9142537430756568	0.93935674
AF287799	1491	7455	Selenomonadaceae	Selenomonas noxia	AB003379	1455	7263	Selenomonadaceae	Selenomonas ruminantium subsp. lactilytica	6120.0	1437	89	76	1313	0.964731814842028	0.9471120389700766	0.9137091162143354	0.8149135695725495	0.842627
AF287799	1491	7455	Selenomonadaceae	Selenomonas noxia	AF287802	1524	7620	Selenomonadaceae	Selenomonas infelix	7094.0	1491	19	21	1448	0.9850340136054422	0.9872397582269979	0.9711602951039571	0.9454341945714019	0.9515761
GQ422716	1520	7588	Selenomonadaceae	Selenomonas artemidis	EF139191	1525	7625	Selenomonadaceae	Selenomonas bovis	6513.0	1507	90	73	1388	0.9679218967921897	0.9515593895155939	0.9210351692103517	0.8270284487461768	0.85832894
GQ422716	1520	7588	Selenomonadaceae	Selenomonas artemidis	AF287793	1497	7485	Selenomonadaceae	Selenomonas sputigena	6425.0	1485	90	80	1366	0.9722419928825623	0.9461279461279462	0.9198653198653198	0.8205782694671583	0.8583834
GQ422716	1520	7588	Selenomonadaceae	Selenomonas artemidis	AF001901	1556	7750	Selenomonadaceae	Selenomonas lipolytica	5967.0	1520	166	146	1325	0.9643377001455604	0.9039473684210526	0.8717105263157895	0.7103975463569957	0.7863732
GQ422716	1520	7588	Selenomonadaceae	Selenomonas artemidis	M62702	1440	7134	Selenomonadaceae	Selenomonas ruminantium subsp. ruminantium	6128.0	1432	74	74	1307	0.9624447717231223	0.9483240223463687	0.9127094972067039	0.8230142743736414	0.8589851
GQ422716	1520	7588	Selenomonadaceae	Selenomonas artemidis	AF287801	1494	7338	Selenomonadaceae	Selenomonas dianae	6786.0	1483	39	37	1405	0.9716459197786999	0.9750505731625084	0.947403910991234	0.9000959627420003	0.9247751
GQ422716	1520	7588	Selenomonadaceae	Selenomonas artemidis	AB003379	1455	7263	Selenomonadaceae	Selenomonas ruminantium subsp. lactilytica	6128.0	1441	95	81	1314	0.9661764705882353	0.9437890353920888	0.9118667591950035	0.807382026370576	0.8437285
GQ422716	1520	7588	Selenomonadaceae	Selenomonas artemidis	AF287802	1524	7620	Selenomonadaceae	Selenomonas infelix	7105.0	1518	32	34	1460	0.9838274932614556	0.978891820580475	0.9617918313570487	0.9208381146670066	0.9363469
EF139191	1525	7625	Selenomonadaceae	Selenomonas bovis	AF287793	1497	7485	Selenomonadaceae	Selenomonas sputigena	6641.0	1505	65	74	1397	0.976240391334731	0.9565508021390374	0.9282392026578073	0.8460575152887404	0.8872411
EF139191	1525	7625	Selenomonadaceae	Selenomonas bovis	AF001901	1556	7750	Selenomonadaceae	Selenomonas lipolytica	6617.0	1525	95	92	1404	0.9797627355198884	0.939672131147541	0.920655737704918	0.8143825136612023	0.8678033
EF139191	1525	7625	Selenomonadaceae	Selenomonas bovis	M62702	1440	7134	Selenomonadaceae	Selenomonas ruminantium subsp. ruminantium	6640.0	1435	35	37	1368	0.9785407725321889	0.9755757152826239	0.9533101045296167	0.9066173647159211	0.9307541
EF139191	1525	7625	Selenomonadaceae	Selenomonas bovis	AF287801	1494	7338	Selenomonadaceae	Selenomonas dianae	6436.0	1503	57	74	1370	0.9587123862841148	0.9616419919246298	0.9115103127079175	0.8349668184997525	0.87707824
EF139191	1525	7625	Selenomonadaceae	Selenomonas bovis	AB003379	1455	7263	Selenomonadaceae	Selenomonas ruminantium subsp. lactilytica	6688.0	1460	48	53	1386	0.9850746268656716	0.9670103092783505	0.9493150684931507	0.8857336215980524	0.9208316
EF139191	1525	7625	Selenomonadaceae	Selenomonas bovis	AF287802	1524	7620	Selenomonadaceae	Selenomonas infelix	6604.0	1525	67	86	1400	0.9728978457261988	0.9555112881806109	0.9180327868852459	0.8298047615124805	0.8666667
AF287793	1497	7485	Selenomonadaceae	Selenomonas sputigena	AF001901	1556	7750	Selenomonadaceae	Selenomonas lipolytica	5961.0	1496	145	135	1314	0.9654665686994857	0.9097593582887701	0.8783422459893048	0.7284727585566384	0.7963928
AF287793	1497	7485	Selenomonadaceae	Selenomonas sputigena	M62702	1440	7134	Selenomonadaceae	Selenomonas ruminantium subsp. ruminantium	6268.0	1427	72	65	1322	0.9706314243759178	0.9544498948843728	0.9264190609670637	0.8417496738072987	0.8786095
AF287793	1497	7485	Selenomonadaceae	Selenomonas sputigena	AF287801	1494	7338	Selenomonadaceae	Selenomonas dianae	6411.0	1495	73	81	1363	0.963932107496464	0.9509078681909886	0.9117056856187291	0.8221631629240325	0.8736713
AF287793	1497	7485	Selenomonadaceae	Selenomonas sputigena	AB003379	1455	7263	Selenomonadaceae	Selenomonas ruminantium subsp. lactilytica	6311.0	1449	76	72	1337	0.9709513435003632	0.9503105590062112	0.9227053140096618	0.8331575196008553	0.8689247
AF287793	1497	7485	Selenomonadaceae	Selenomonas sputigena	AF287802	1524	7620	Selenomonadaceae	Selenomonas infelix	6496.0	1497	67	79	1376	0.9703808180535967	0.9548821548821549	0.9191716766867067	0.8333666480445974	0.8678691
AF001901	1556	7750	Selenomonadaceae	Selenomonas lipolytica	M62702	1440	7134	Selenomonadaceae	Selenomonas ruminantium subsp. ruminantium	6016.0	1436	104	107	1291	0.9714070729872084	0.9274249825540823	0.899025069637883	0.7758469594472379	0.8432857
AF001901	1556	7750	Selenomonadaceae	Selenomonas lipolytica	AF287801	1494	7338	Selenomonadaceae	Selenomonas dianae	5805.0	1504	140	158	1291	0.9591381872213968	0.9057873485868102	0.8583776595744681	0.7027836555883419	0.7910875
AF001901	1556	7750	Selenomonadaceae	Selenomonas lipolytica	AB003379	1455	7263	Selenomonadaceae	Selenomonas ruminantium subsp. lactilytica	6073.0	1461	122	128	1310	0.9827456864216054	0.9161512027491409	0.8966461327857632	0.7550406159213028	0.83615583
AF001901	1556	7750	Selenomonadaceae	Selenomonas lipolytica	AF287802	1524	7620	Selenomonadaceae	Selenomonas infelix	6067.0	1539	136	158	1337	0.9681390296886314	0.9103493737640079	0.8687459389213775	0.7162615771047298	0.79619426
M62702	1440	7134	Selenomonadaceae	Selenomonas ruminantium subsp. ruminantium	AF287801	1494	7338	Selenomonadaceae	Selenomonas dianae	6213.0	1439	63	60	1319	0.9564902102973168	0.9583043780403058	0.9166087560806115	0.8415469205294029	0.8708999
M62702	1440	7134	Selenomonadaceae	Selenomonas ruminantium subsp. ruminantium	AB003379	1455	7263	Selenomonadaceae	Selenomonas ruminantium subsp. lactilytica	6718.0	1386	4	8	1356	0.9840348330914369	0.9971056439942113	0.9783549783549783	0.9699087483260145	0.9416877
M62702	1440	7134	Selenomonadaceae	Selenomonas ruminantium subsp. ruminantium	AF287802	1524	7620	Selenomonadaceae	Selenomonas infelix	6277.0	1439	64	65	1328	0.9665211062590975	0.9554937413073713	0.9228630993745657	0.8436552884502017	0.879871
AF287801	1494	7338	Selenomonadaceae	Selenomonas dianae	AB003379	1455	7263	Selenomonadaceae	Selenomonas ruminantium subsp. lactilytica	6180.0	1439	79	68	1319	0.9620714806710431	0.9527449617790132	0.9166087560806115	0.8278462480807105	0.8508881
AF287801	1494	7338	Selenomonadaceae	Selenomonas dianae	AF287802	1524	7620	Selenomonadaceae	Selenomonas infelix	7153.0	1493	14	18	1452	0.984406779661017	0.9905977165883143	0.9725385130609511	0.9518873966588606	0.9747888
AB003379	1455	7263	Selenomonadaceae	Selenomonas ruminantium subsp. lactilytica	AF287802	1524	7620	Selenomonadaceae	Selenomonas infelix	6218.0	1455	71	87	1326	0.9692982456140351	0.9506601806810285	0.911340206185567	0.8169812595425004	0.85612005
