AJ233432	1502	7510	Yersiniaceae	Serratia odorifera	AB061685	1532	7660	Yersiniaceae	Serratia marcescens subsp. sakuensis	7277.0	1502	15	15	1474	0.9912575655682583	0.9900133155792277	0.9813581890812251	0.9619509737401329	0.9689747
AJ233432	1502	7510	Yersiniaceae	Serratia odorifera	AJ233428	1495	7475	Yersiniaceae	Serratia ficaria	7285.0	1495	11	11	1473	0.9925876010781671	0.9926421404682274	0.9852842809364548	0.970891017868326	0.97458196
AJ233432	1502	7510	Yersiniaceae	Serratia odorifera	AJ854062	1479	7395	Yersiniaceae	Serratia ureilytica	7005.0	1479	19	19	1433	0.9815068493150685	0.9871534820824882	0.9688979039891819	0.9443197195088153	0.9472617
AJ233432	1502	7510	Yersiniaceae	Serratia odorifera	GU394001	1478	7390	Yersiniaceae	Serratia symbiotica	7007.0	1478	18	18	1433	0.9815068493150685	0.9878213802435724	0.969553450608931	0.9462219504605878	0.9481732
AJ233432	1502	7510	Yersiniaceae	Serratia odorifera	AJ233435	1508	7540	Yersiniaceae	Serratia quinivorans	7182.0	1502	24	23	1463	0.9891818796484111	0.9846870838881492	0.974034620505992	0.9440348648285466	0.9563249
AJ233432	1502	7510	Yersiniaceae	Serratia odorifera	AJ306725	1428	7134	Yersiniaceae	Serratia liquefaciens	6840.0	1429	18	19	1393	0.9879432624113476	0.9873949579831933	0.9748075577326802	0.9498815870097299	0.9587889
AJ233432	1502	7510	Yersiniaceae	Serratia odorifera	AJ233434	1502	7510	Yersiniaceae	Serratia proteamaculans	7171.0	1499	23	22	1461	0.989167230873392	0.9853235490326885	0.9746497665110073	0.9458329205891969	0.9548602
AJ233432	1502	7510	Yersiniaceae	Serratia odorifera	EU036987	1500	7500	Yersiniaceae	Serratia nematodiphila	7192.0	1485	16	16	1457	0.9918311776718857	0.9892255892255892	0.9811447811447811	0.9602276372429602	0.95893335
AJ233432	1502	7510	Yersiniaceae	Serratia odorifera	AJ233430	1495	7475	Yersiniaceae	Serratia grimesii	7178.0	1494	19	18	1460	0.989159891598916	0.9879518072289156	0.9772423025435074	0.9533441100820998	0.96026754
AJ233432	1502	7510	Yersiniaceae	Serratia odorifera	KJ739884	1426	7130	Yersiniaceae	Serratia myotis	6766.0	1429	24	27	1383	0.9864479315263909	0.9831697054698457	0.9678096571028691	0.9338397379616122	0.9489481
AJ233432	1502	7510	Yersiniaceae	Serratia odorifera	AJ233431	1505	7525	Yersiniaceae	Serratia marcescens subsp. marcescens	7256.0	1502	13	13	1472	0.9885829415715245	0.9913448735019973	0.9800266311584553	0.9632076922738878	0.9661784
AJ233432	1502	7510	Yersiniaceae	Serratia odorifera	KT387999	1454	7270	Yersiniaceae	Serratia aquatilis	6826.0	1454	33	33	1401	0.9859254046446164	0.9773039889958735	0.9635488308115543	0.9207820367069393	0.9389271
AJ233432	1502	7510	Yersiniaceae	Serratia odorifera	AJ233429	1490	7450	Yersiniaceae	Serratia fonticola	7074.0	1491	22	23	1446	0.9850136239782016	0.9852348993288591	0.9698189134808853	0.9409743324454327	0.9495302
AJ233432	1502	7510	Yersiniaceae	Serratia odorifera	KJ739885	1428	7140	Yersiniaceae	Serratia vespertilionis	6772.0	1402	15	15	1374	0.9906272530641672	0.9893009985734664	0.9800285306704708	0.9592798673535237	0.9484594
AJ233432	1502	7510	Yersiniaceae	Serratia odorifera	AB004751	1442	7210	Yersiniaceae	Serratia rubidaea	6902.0	1442	31	31	1404	0.9950389794472005	0.978502080443828	0.9736477115117892	0.9326659341093921	0.95728153
AJ233432	1502	7510	Yersiniaceae	Serratia odorifera	AJ233433	1440	7200	Yersiniaceae	Serratia plymuthica	6938.0	1440	16	16	1409	0.9894662921348315	0.9888888888888889	0.9784722222222222	0.9569673382173383	0.9636111
AJ233432	1502	7510	Yersiniaceae	Serratia odorifera	AJ233427	1516	7580	Yersiniaceae	Serratia entomophila	7294.0	1502	11	11	1477	0.9906103286384976	0.992676431424767	0.9833555259653795	0.9690568996790355	0.9712384
AB061685	1532	7660	Yersiniaceae	Serratia marcescens subsp. sakuensis	AJ233428	1495	7475	Yersiniaceae	Serratia ficaria	7277.0	1495	11	11	1472	0.9919137466307277	0.9926421404682274	0.9846153846153847	0.9702318929410563	0.9735117
AB061685	1532	7660	Yersiniaceae	Serratia marcescens subsp. sakuensis	AJ854062	1479	7395	Yersiniaceae	Serratia ureilytica	7219.0	1479	5	5	1459	0.9898236092265943	0.9966193373901284	0.9864773495605138	0.9798299280675185	0.97620016
AB061685	1532	7660	Yersiniaceae	Serratia marcescens subsp. sakuensis	GU394001	1478	7390	Yersiniaceae	Serratia symbiotica	7041.0	1478	18	18	1437	0.9842465753424657	0.9878213802435724	0.9722598105548038	0.9488631840976027	0.95277405
AB061685	1532	7660	Yersiniaceae	Serratia marcescens subsp. sakuensis	AJ233435	1508	7540	Yersiniaceae	Serratia quinivorans	7215.0	1507	19	18	1470	0.9872397582269979	0.9880557398805574	0.9754479097544791	0.9517968136464087	0.95689654
AB061685	1532	7660	Yersiniaceae	Serratia marcescens subsp. sakuensis	AJ306725	1428	7134	Yersiniaceae	Serratia liquefaciens	6826.0	1429	20	21	1391	0.9879261363636364	0.9859943977591037	0.9734079776067179	0.9458650327607031	0.95682645
AB061685	1532	7660	Yersiniaceae	Serratia marcescens subsp. sakuensis	AJ233434	1502	7510	Yersiniaceae	Serratia proteamaculans	7163.0	1501	22	21	1461	0.9871621621621621	0.9860093271152565	0.9733510992671552	0.9458697484670977	0.95379496
AB061685	1532	7660	Yersiniaceae	Serratia marcescens subsp. sakuensis	EU036987	1500	7500	Yersiniaceae	Serratia nematodiphila	7477.0	1499	0	0	1497	0.9986657771847899	1.0	0.9986657771847899	0.9986657771847899	0.99693334
AB061685	1532	7660	Yersiniaceae	Serratia marcescens subsp. sakuensis	AJ233430	1495	7475	Yersiniaceae	Serratia grimesii	7162.0	1494	20	19	1458	0.9884745762711864	0.9872824631860776	0.9759036144578314	0.9507647498846111	0.9581271
AB061685	1532	7660	Yersiniaceae	Serratia marcescens subsp. sakuensis	KJ739884	1426	7130	Yersiniaceae	Serratia myotis	6775.0	1429	21	24	1385	0.9857651245551602	0.985273492286115	0.9692092372288313	0.9391303298665572	0.9502104
AB061685	1532	7660	Yersiniaceae	Serratia marcescens subsp. sakuensis	AJ233431	1505	7525	Yersiniaceae	Serratia marcescens subsp. marcescens	7471.0	1505	0	0	1499	0.9960132890365448	1.0	0.9960132890365448	0.9960132890365448	0.9928239
AB061685	1532	7660	Yersiniaceae	Serratia marcescens subsp. sakuensis	KT387999	1454	7270	Yersiniaceae	Serratia aquatilis	6843.0	1458	31	35	1404	0.9866479269149684	0.9786795048143053	0.9629629629629629	0.9202795811257867	0.94126546
AB061685	1532	7660	Yersiniaceae	Serratia marcescens subsp. sakuensis	AJ233429	1490	7450	Yersiniaceae	Serratia fonticola	7082.0	1491	21	22	1447	0.9850238257317904	0.9859060402684564	0.9704896042924211	0.9428897015248456	0.950604
AB061685	1532	7660	Yersiniaceae	Serratia marcescens subsp. sakuensis	KJ739885	1428	7140	Yersiniaceae	Serratia vespertilionis	6815.0	1416	20	19	1385	0.9914101646385111	0.9865819209039548	0.9781073446327684	0.9515431479470595	0.9544818
AB061685	1532	7660	Yersiniaceae	Serratia marcescens subsp. sakuensis	AB004751	1442	7210	Yersiniaceae	Serratia rubidaea	6971.0	1442	16	16	1414	0.9915848527349228	0.9889042995839112	0.9805825242718447	0.9590608227789099	0.9668516
AB061685	1532	7660	Yersiniaceae	Serratia marcescens subsp. sakuensis	AJ233433	1440	7200	Yersiniaceae	Serratia plymuthica	6927.0	1440	15	15	1408	0.9880701754385965	0.9895833333333334	0.9777777777777777	0.9576174112256586	0.96208334
AB061685	1532	7660	Yersiniaceae	Serratia marcescens subsp. sakuensis	AJ233427	1516	7580	Yersiniaceae	Serratia entomophila	7383.0	1516	10	10	1493	0.9913678618857902	0.9934036939313984	0.9848284960422163	0.9719211763037863	0.9740105
AJ233428	1495	7475	Yersiniaceae	Serratia ficaria	AJ854062	1479	7395	Yersiniaceae	Serratia ureilytica	7030.0	1479	15	15	1437	0.9815573770491803	0.9898580121703854	0.9716024340770791	0.9520923450393867	0.95064235
AJ233428	1495	7475	Yersiniaceae	Serratia ficaria	GU394001	1478	7390	Yersiniaceae	Serratia symbiotica	7105.0	1476	12	12	1444	0.9863387978142076	0.991869918699187	0.978319783197832	0.9625404318559314	0.96143436
AJ233428	1495	7475	Yersiniaceae	Serratia ficaria	AJ233435	1508	7540	Yersiniaceae	Serratia quinivorans	7285.0	1495	13	12	1473	0.9932569116655429	0.9919732441471572	0.9852842809364548	0.9689499924593916	0.97458196
AJ233428	1495	7475	Yersiniaceae	Serratia ficaria	AJ306725	1428	7134	Yersiniaceae	Serratia liquefaciens	6936.0	1429	15	16	1404	0.9936305732484076	0.9894957983193278	0.9825052484254724	0.9614126842279727	0.9722456
AJ233428	1495	7475	Yersiniaceae	Serratia ficaria	AJ233434	1502	7510	Yersiniaceae	Serratia proteamaculans	7277.0	1495	14	13	1472	0.9932523616734144	0.991304347826087	0.9846153846153847	0.9669980119284295	0.9735117
AJ233428	1495	7475	Yersiniaceae	Serratia ficaria	EU036987	1500	7500	Yersiniaceae	Serratia nematodiphila	7199.0	1481	12	12	1457	0.9918311776718857	0.9918973666441594	0.9837947332883187	0.967980216477254	0.96307695
AJ233428	1495	7475	Yersiniaceae	Serratia ficaria	AJ233430	1495	7475	Yersiniaceae	Serratia grimesii	7281.0	1492	14	13	1471	0.9945909398242055	0.9912868632707775	0.9859249329758714	0.9682489879623598	0.9740468
AJ233428	1495	7475	Yersiniaceae	Serratia ficaria	KJ739884	1426	7130	Yersiniaceae	Serratia myotis	6894.0	1427	13	16	1398	0.9907866761162296	0.9908707865168539	0.979677645409951	0.9599480261621116	0.9669004
AJ233428	1495	7475	Yersiniaceae	Serratia ficaria	AJ233431	1505	7525	Yersiniaceae	Serratia marcescens subsp. marcescens	7241.0	1495	10	10	1468	0.9885521885521885	0.9933110367892977	0.9819397993311036	0.9688907654529495	0.96869564
AJ233428	1495	7475	Yersiniaceae	Serratia ficaria	KT387999	1454	7270	Yersiniaceae	Serratia aquatilis	6912.0	1454	22	22	1412	0.9860335195530726	0.984869325997249	0.9711141678129298	0.9421649649783981	0.95075655
AJ233428	1495	7475	Yersiniaceae	Serratia ficaria	AJ233429	1490	7450	Yersiniaceae	Serratia fonticola	7176.0	1489	10	11	1458	0.986468200270636	0.9932795698924731	0.9791806581598388	0.9654629838293807	0.9632215
AJ233428	1495	7475	Yersiniaceae	Serratia ficaria	KJ739885	1428	7140	Yersiniaceae	Serratia vespertilionis	6931.0	1398	4	4	1391	0.9978479196556671	0.9971387696709585	0.9949928469241774	0.9893152843169069	0.9707283
AJ233428	1495	7475	Yersiniaceae	Serratia ficaria	AB004751	1442	7210	Yersiniaceae	Serratia rubidaea	6913.0	1442	21	21	1407	0.9901477832512315	0.9854368932038835	0.9757281553398058	0.9477168207367491	0.95880723
AJ233428	1495	7475	Yersiniaceae	Serratia ficaria	AJ233433	1440	7200	Yersiniaceae	Serratia plymuthica	7069.0	1436	8	8	1423	0.9964985994397759	0.9944289693593314	0.9909470752089137	0.9799670522149091	0.98180556
AJ233428	1495	7475	Yersiniaceae	Serratia ficaria	AJ233427	1516	7580	Yersiniaceae	Serratia entomophila	7397.0	1495	5	5	1486	0.9973154362416108	0.9966555183946488	0.9939799331103679	0.9873534002229655	0.9895652
AJ854062	1479	7395	Yersiniaceae	Serratia ureilytica	GU394001	1478	7390	Yersiniaceae	Serratia symbiotica	6872.0	1467	24	24	1413	0.9792099792099792	0.983640081799591	0.9631901840490797	0.9321820493513227	0.9299053
AJ854062	1479	7395	Yersiniaceae	Serratia ureilytica	AJ233435	1508	7540	Yersiniaceae	Serratia quinivorans	7029.0	1479	19	18	1437	0.9835728952772074	0.9878296146044625	0.9716024340770791	0.9476042431152287	0.9505071
AJ854062	1479	7395	Yersiniaceae	Serratia ureilytica	AJ306725	1428	7134	Yersiniaceae	Serratia liquefaciens	6786.0	1430	19	21	1387	0.9843860894251242	0.9866946778711485	0.9699300699300699	0.9431549127201301	0.9512195
AJ854062	1479	7395	Yersiniaceae	Serratia ureilytica	AJ233434	1502	7510	Yersiniaceae	Serratia proteamaculans	7007.0	1479	22	21	1434	0.9835390946502057	0.9858012170385395	0.9695740365111561	0.941798098090117	0.9475321
AJ854062	1479	7395	Yersiniaceae	Serratia ureilytica	EU036987	1500	7500	Yersiniaceae	Serratia nematodiphila	7184.0	1472	5	5	1452	0.9897750511247444	0.9966032608695652	0.9864130434782609	0.9797345530010892	0.9714672
AJ854062	1479	7395	Yersiniaceae	Serratia ureilytica	AJ233430	1495	7475	Yersiniaceae	Serratia grimesii	7040.0	1479	20	19	1438	0.9849315068493151	0.9871534820824882	0.9722785665990534	0.9469824597962762	0.9519946
AJ854062	1479	7395	Yersiniaceae	Serratia ureilytica	KJ739884	1426	7130	Yersiniaceae	Serratia myotis	6676.0	1417	22	24	1369	0.9827709978463748	0.984452296819788	0.9661256175017643	0.9352418243085182	0.9363254
AJ854062	1479	7395	Yersiniaceae	Serratia ureilytica	AJ233431	1505	7525	Yersiniaceae	Serratia marcescens subsp. marcescens	7183.0	1479	5	5	1455	0.9871099050203528	0.9966193373901284	0.9837728194726166	0.9771436225759009	0.97133195
AJ854062	1479	7395	Yersiniaceae	Serratia ureilytica	KT387999	1454	7270	Yersiniaceae	Serratia aquatilis	6797.0	1458	31	35	1399	0.983134223471539	0.9786795048143053	0.9595336076817559	0.9170022321901535	0.9349381
AJ854062	1479	7395	Yersiniaceae	Serratia ureilytica	AJ233429	1490	7450	Yersiniaceae	Serratia fonticola	6937.0	1479	26	27	1425	0.981404958677686	0.9824086603518268	0.9634888438133874	0.929558671905009	0.93806624
AJ854062	1479	7395	Yersiniaceae	Serratia ureilytica	KJ739885	1428	7140	Yersiniaceae	Serratia vespertilionis	6589.0	1388	15	14	1348	0.9810771470160117	0.9899135446685879	0.9711815561959655	0.9511072403515727	0.92282915
AJ854062	1479	7395	Yersiniaceae	Serratia ureilytica	AB004751	1442	7210	Yersiniaceae	Serratia rubidaea	6821.0	1440	21	21	1396	0.9837914023960536	0.9854166666666667	0.9694444444444444	0.9415754049737622	0.9460471
AJ854062	1479	7395	Yersiniaceae	Serratia ureilytica	AJ233433	1440	7200	Yersiniaceae	Serratia plymuthica	6777.0	1426	13	12	1386	0.9801980198019802	0.9915848527349228	0.9719495091164095	0.9550636594097311	0.94125
AJ854062	1479	7395	Yersiniaceae	Serratia ureilytica	AJ233427	1516	7580	Yersiniaceae	Serratia entomophila	7030.0	1479	15	15	1437	0.9815573770491803	0.9898580121703854	0.9716024340770791	0.9520923450393867	0.95064235
GU394001	1478	7390	Yersiniaceae	Serratia symbiotica	AJ233435	1508	7540	Yersiniaceae	Serratia quinivorans	7085.0	1478	14	13	1443	0.9849829351535836	0.9912043301759134	0.976319350473613	0.9586513729516373	0.958728
GU394001	1478	7390	Yersiniaceae	Serratia symbiotica	AJ306725	1428	7134	Yersiniaceae	Serratia liquefaciens	6806.0	1429	18	19	1389	0.9851063829787234	0.9873949579831933	0.9720083974807557	0.9471540016916832	0.954023
GU394001	1478	7390	Yersiniaceae	Serratia symbiotica	AJ233434	1502	7510	Yersiniaceae	Serratia proteamaculans	7060.0	1478	17	16	1440	0.9849521203830369	0.9891745602165088	0.9742895805142084	0.9527835228841288	0.95534503
GU394001	1478	7390	Yersiniaceae	Serratia symbiotica	EU036987	1500	7500	Yersiniaceae	Serratia nematodiphila	7033.0	1478	20	20	1436	0.9849108367626886	0.986468200270636	0.9715832205683356	0.9456397433836004	0.95169145
GU394001	1478	7390	Yersiniaceae	Serratia symbiotica	AJ233430	1495	7475	Yersiniaceae	Serratia grimesii	7079.0	1478	17	16	1442	0.9863201094391245	0.9891745602165088	0.9756427604871448	0.9541068333325791	0.9579161
GU394001	1478	7390	Yersiniaceae	Serratia symbiotica	KJ739884	1426	7130	Yersiniaceae	Serratia myotis	6807.0	1429	14	17	1389	0.9837110481586402	0.9901823281907434	0.9720083974807557	0.9511267201959993	0.95469844
GU394001	1478	7390	Yersiniaceae	Serratia symbiotica	AJ233431	1505	7525	Yersiniaceae	Serratia marcescens subsp. marcescens	7005.0	1478	18	18	1433	0.9815068493150685	0.9878213802435724	0.969553450608931	0.9462219504605878	0.94790256
GU394001	1478	7390	Yersiniaceae	Serratia symbiotica	KT387999	1454	7270	Yersiniaceae	Serratia aquatilis	6807.0	1454	26	26	1400	0.9803921568627451	0.9821182943603851	0.9628610729023384	0.9290308189895534	0.9363136
GU394001	1478	7390	Yersiniaceae	Serratia symbiotica	AJ233429	1490	7450	Yersiniaceae	Serratia fonticola	6990.0	1478	15	16	1432	0.9794801641586868	0.989844278943805	0.9688768606224628	0.9487595246015008	0.9458728
GU394001	1478	7390	Yersiniaceae	Serratia symbiotica	KJ739885	1428	7140	Yersiniaceae	Serratia vespertilionis	6690.0	1400	18	18	1363	0.9862518089725036	0.9871428571428571	0.9735714285714285	0.9488545234737054	0.93697476
GU394001	1478	7390	Yersiniaceae	Serratia symbiotica	AB004751	1442	7210	Yersiniaceae	Serratia rubidaea	6735.0	1442	28	28	1386	0.9801980198019802	0.9805825242718447	0.9611650485436893	0.9245492371705964	0.9341193
GU394001	1478	7390	Yersiniaceae	Serratia symbiotica	AJ233433	1440	7200	Yersiniaceae	Serratia plymuthica	6917.0	1438	15	15	1406	0.9880534082923401	0.9895688456189151	0.9777468706536857	0.9575593922506502	0.96069443
GU394001	1478	7390	Yersiniaceae	Serratia symbiotica	AJ233427	1516	7580	Yersiniaceae	Serratia entomophila	7098.0	1478	14	14	1444	0.9863387978142076	0.9905277401894452	0.9769959404600812	0.9586608960010449	0.9604871
AJ233435	1508	7540	Yersiniaceae	Serratia quinivorans	AJ306725	1428	7134	Yersiniaceae	Serratia liquefaciens	7053.0	1430	5	7	1418	0.9964862965565706	0.9964985994397759	0.9916083916083916	0.9833161959991229	0.9886459
AJ233435	1508	7540	Yersiniaceae	Serratia quinivorans	AJ233434	1502	7510	Yersiniaceae	Serratia proteamaculans	7476.0	1502	3	3	1498	0.9993328885923949	0.9980026631158455	0.9973368841544608	0.993360790264144	0.9954727
AJ233435	1508	7540	Yersiniaceae	Serratia quinivorans	EU036987	1500	7500	Yersiniaceae	Serratia nematodiphila	7107.0	1488	20	21	1449	0.9877300613496932	0.9865501008742434	0.9737903225806451	0.9473145909985453	0.9476
AJ233435	1508	7540	Yersiniaceae	Serratia quinivorans	AJ233430	1495	7475	Yersiniaceae	Serratia grimesii	7423.0	1495	3	3	1489	0.9979892761394102	0.9979933110367893	0.9959866220735786	0.9919973565646056	0.9930435
AJ233435	1508	7540	Yersiniaceae	Serratia quinivorans	KJ739884	1426	7130	Yersiniaceae	Serratia myotis	7080.0	1430	2	6	1421	0.9978932584269663	0.9985974754558204	0.9937062937062937	0.9881548618978787	0.9929874
AJ233435	1508	7540	Yersiniaceae	Serratia quinivorans	AJ233431	1505	7525	Yersiniaceae	Serratia marcescens subsp. marcescens	7163.0	1506	20	21	1463	0.9851851851851852	0.9867109634551495	0.9714475431606906	0.9453470521583391	0.9518937
AJ233435	1508	7540	Yersiniaceae	Serratia quinivorans	KT387999	1454	7270	Yersiniaceae	Serratia aquatilis	7059.0	1455	11	12	1430	0.990990990990991	0.9924346629986245	0.9828178694158075	0.9673984894727218	0.9709766
AJ233435	1508	7540	Yersiniaceae	Serratia quinivorans	AJ233429	1490	7450	Yersiniaceae	Serratia fonticola	7246.0	1492	10	12	1467	0.9912162162162163	0.9932885906040269	0.9832439678284183	0.968842258579267	0.97261745
AJ233435	1508	7540	Yersiniaceae	Serratia quinivorans	KJ739885	1428	7140	Yersiniaceae	Serratia vespertilionis	6819.0	1405	11	12	1381	0.9913854989231874	0.9921652421652422	0.9829181494661922	0.9669526710497215	0.955042
AJ233435	1508	7540	Yersiniaceae	Serratia quinivorans	AB004751	1442	7210	Yersiniaceae	Serratia rubidaea	6791.0	1443	29	30	1393	0.9858457183297947	0.9798890429958391	0.9653499653499653	0.9266572697279218	0.94188625
AJ233435	1508	7540	Yersiniaceae	Serratia quinivorans	AJ233433	1440	7200	Yersiniaceae	Serratia plymuthica	7102.0	1441	3	4	1429	0.9944328462073765	0.9979166666666667	0.9916724496877168	0.9868651732695631	0.98638886
AJ233435	1508	7540	Yersiniaceae	Serratia quinivorans	AJ233427	1516	7580	Yersiniaceae	Serratia entomophila	7319.0	1508	14	15	1482	0.9926322839919625	0.9907100199071002	0.9827586206896551	0.9640332593230323	0.97068965
AJ306725	1428	7134	Yersiniaceae	Serratia liquefaciens	AJ233434	1502	7510	Yersiniaceae	Serratia proteamaculans	7067.0	1428	3	1	1420	0.9950946040644709	0.9992997198879552	0.9943977591036415	0.9916181706784741	0.99060833
AJ306725	1428	7134	Yersiniaceae	Serratia liquefaciens	EU036987	1500	7500	Yersiniaceae	Serratia nematodiphila	6818.0	1428	23	22	1390	0.9886201991465149	0.9845938375350141	0.9733893557422969	0.9432015397475324	0.95570505
AJ306725	1428	7134	Yersiniaceae	Serratia liquefaciens	AJ233430	1495	7475	Yersiniaceae	Serratia grimesii	7094.0	1428	3	1	1423	0.9971969166082691	0.9992997198879552	0.9964985994397759	0.9937131386446962	0.99439305
AJ306725	1428	7134	Yersiniaceae	Serratia liquefaciens	KJ739884	1426	7130	Yersiniaceae	Serratia myotis	6765.0	1381	8	10	1364	0.9948942377826404	0.994198694706309	0.9876900796524257	0.9748906401752885	0.94880784
AJ306725	1428	7134	Yersiniaceae	Serratia liquefaciens	AJ233431	1505	7525	Yersiniaceae	Serratia marcescens subsp. marcescens	6791.0	1428	21	20	1387	0.9850852272727273	0.9859943977591037	0.9712885154061625	0.9438055415402876	0.9519204
AJ306725	1428	7134	Yersiniaceae	Serratia liquefaciens	KT387999	1454	7270	Yersiniaceae	Serratia aquatilis	6907.0	1427	14	11	1401	0.989406779661017	0.9922915206727401	0.9817799579537492	0.9647469954632262	0.96818054
AJ306725	1428	7134	Yersiniaceae	Serratia liquefaciens	AJ233429	1490	7450	Yersiniaceae	Serratia fonticola	6922.0	1428	8	8	1403	0.9880281690140845	0.9943977591036415	0.9824929971988795	0.9715460000156052	0.97028315
AJ306725	1428	7134	Yersiniaceae	Serratia liquefaciens	KJ739885	1428	7140	Yersiniaceae	Serratia vespertilionis	6562.0	1352	14	13	1329	0.9925317401045557	0.9903846153846154	0.9829881656804734	0.9635586777790291	0.9198206
AJ306725	1428	7134	Yersiniaceae	Serratia liquefaciens	AB004751	1442	7210	Yersiniaceae	Serratia rubidaea	6604.0	1403	41	29	1356	0.9868995633187773	0.9793300071275838	0.9665003563791874	0.9196478460283958	0.9257079
AJ306725	1428	7134	Yersiniaceae	Serratia liquefaciens	AJ233433	1440	7200	Yersiniaceae	Serratia plymuthica	6815.0	1390	10	9	1374	0.9949312092686459	0.9935251798561151	0.9884892086330935	0.9750739979445014	0.95528454
AJ306725	1428	7134	Yersiniaceae	Serratia liquefaciens	AJ233427	1516	7580	Yersiniaceae	Serratia entomophila	6890.0	1428	32	13	1401	0.9901060070671378	0.9908963585434174	0.9810924369747899	0.9508532865200874	0.9657976
AJ233434	1502	7510	Yersiniaceae	Serratia proteamaculans	EU036987	1500	7500	Yersiniaceae	Serratia nematodiphila	7085.0	1488	23	24	1446	0.9877049180327869	0.98453261600538	0.9717741935483871	0.941546935377127	0.9446667
AJ233434	1502	7510	Yersiniaceae	Serratia proteamaculans	AJ233430	1495	7475	Yersiniaceae	Serratia grimesii	7439.0	1495	0	0	1491	0.9973244147157191	1.0	0.9973244147157191	0.9973244147157191	0.99518394
AJ233434	1502	7510	Yersiniaceae	Serratia proteamaculans	KJ739884	1426	7130	Yersiniaceae	Serratia myotis	7064.0	1430	5	9	1419	0.9985925404644617	0.9964936886395512	0.9923076923076923	0.982626641651032	0.99074334
AJ233434	1502	7510	Yersiniaceae	Serratia proteamaculans	AJ233431	1505	7525	Yersiniaceae	Serratia marcescens subsp. marcescens	7117.0	1500	21	22	1455	0.9844384303112313	0.9859906604402935	0.97	0.942577251808021	0.94766974
AJ233434	1502	7510	Yersiniaceae	Serratia proteamaculans	KT387999	1454	7270	Yersiniaceae	Serratia aquatilis	7051.0	1455	11	12	1429	0.9902979902979903	0.9924346629986245	0.9821305841924398	0.9667219870325312	0.9698762
AJ233434	1502	7510	Yersiniaceae	Serratia proteamaculans	AJ233429	1490	7450	Yersiniaceae	Serratia fonticola	7262.0	1492	8	10	1469	0.9912280701754386	0.9946308724832215	0.9845844504021448	0.972769436997319	0.9747651
AJ233434	1502	7510	Yersiniaceae	Serratia proteamaculans	KJ739885	1428	7140	Yersiniaceae	Serratia vespertilionis	6811.0	1405	12	13	1380	0.9913793103448276	0.9914529914529915	0.9822064056939501	0.9648774288821302	0.95392156
AJ233434	1502	7510	Yersiniaceae	Serratia proteamaculans	AB004751	1442	7210	Yersiniaceae	Serratia rubidaea	6769.0	1443	32	33	1390	0.9858156028368794	0.9778085991678225	0.9632709632709633	0.9208217343810565	0.93883497
AJ233434	1502	7510	Yersiniaceae	Serratia proteamaculans	AJ233433	1440	7200	Yersiniaceae	Serratia plymuthica	7077.0	1441	6	7	1426	0.9944211994421199	0.9958333333333333	0.9895905621096461	0.9806999765481912	0.98291665
AJ233434	1502	7510	Yersiniaceae	Serratia proteamaculans	AJ233427	1516	7580	Yersiniaceae	Serratia entomophila	7272.0	1502	16	17	1474	0.9925925925925926	0.9893404397068621	0.9813581890812251	0.9600243154055463	0.9683089
EU036987	1500	7500	Yersiniaceae	Serratia nematodiphila	AJ233430	1495	7475	Yersiniaceae	Serratia grimesii	7099.0	1483	22	21	1446	0.9890560875512996	0.98583951449764	0.9750505731625084	0.9471919853578653	0.949699
EU036987	1500	7500	Yersiniaceae	Serratia nematodiphila	KJ739884	1426	7130	Yersiniaceae	Serratia myotis	6767.0	1429	23	26	1384	0.9864575908766928	0.9838709677419355	0.9685094471658502	0.9358255884116308	0.94908834
EU036987	1500	7500	Yersiniaceae	Serratia nematodiphila	AJ233431	1505	7525	Yersiniaceae	Serratia marcescens subsp. marcescens	7371.0	1485	0	0	1479	0.9959595959595959	1.0	0.9959595959595959	0.9959595959595959	0.9828
EU036987	1500	7500	Yersiniaceae	Serratia nematodiphila	KT387999	1454	7270	Yersiniaceae	Serratia aquatilis	6843.0	1458	31	35	1404	0.9866479269149684	0.9786795048143053	0.9629629629629629	0.9202795811257867	0.94126546
EU036987	1500	7500	Yersiniaceae	Serratia nematodiphila	AJ233429	1490	7450	Yersiniaceae	Serratia fonticola	7034.0	1483	22	23	1438	0.9849315068493151	0.9851551956815114	0.9696561024949427	0.9406630628854594	0.94416106
EU036987	1500	7500	Yersiniaceae	Serratia nematodiphila	KJ739885	1428	7140	Yersiniaceae	Serratia vespertilionis	6812.0	1417	22	21	1385	0.9921203438395415	0.9851799576570219	0.9774170783345095	0.9482100356879606	0.9540616
EU036987	1500	7500	Yersiniaceae	Serratia nematodiphila	AB004751	1442	7210	Yersiniaceae	Serratia rubidaea	6982.0	1442	16	16	1415	0.9922861150070126	0.9889042995839112	0.9812760055478502	0.9597390836153871	0.96837723
EU036987	1500	7500	Yersiniaceae	Serratia nematodiphila	AJ233433	1440	7200	Yersiniaceae	Serratia plymuthica	6924.0	1440	15	15	1408	0.9880701754385965	0.9895833333333334	0.9777777777777777	0.9576174112256586	0.96166664
EU036987	1500	7500	Yersiniaceae	Serratia nematodiphila	AJ233427	1516	7580	Yersiniaceae	Serratia entomophila	7238.0	1489	10	10	1465	0.9905341446923597	0.9932840832773674	0.9838817998656817	0.9707546244171735	0.9650667
AJ233430	1495	7475	Yersiniaceae	Serratia grimesii	KJ739884	1426	7130	Yersiniaceae	Serratia myotis	7028.0	1430	5	9	1415	0.995777621393385	0.9964936886395512	0.9895104895104895	0.9798567286372164	0.9856942
AJ233430	1495	7475	Yersiniaceae	Serratia grimesii	AJ233431	1505	7525	Yersiniaceae	Serratia marcescens subsp. marcescens	7126.0	1495	19	20	1454	0.9857627118644068	0.9872824631860776	0.9725752508361204	0.9475221235028254	0.953311
AJ233430	1495	7475	Yersiniaceae	Serratia grimesii	KT387999	1454	7270	Yersiniaceae	Serratia aquatilis	7042.0	1455	12	13	1428	0.9902912621359223	0.9917469050894085	0.9814432989690721	0.964717953042537	0.96863824
AJ233430	1495	7475	Yersiniaceae	Serratia grimesii	AJ233429	1490	7450	Yersiniaceae	Serratia fonticola	7244.0	1492	8	10	1467	0.9898785425101214	0.9946308724832215	0.9832439678284183	0.9714450402144773	0.972349
AJ233430	1495	7475	Yersiniaceae	Serratia grimesii	KJ739885	1428	7140	Yersiniaceae	Serratia vespertilionis	6810.0	1401	12	13	1378	0.9927953890489913	0.9914285714285714	0.9835831548893648	0.9661807636138983	0.9537815
AJ233430	1495	7475	Yersiniaceae	Serratia grimesii	AB004751	1442	7210	Yersiniaceae	Serratia rubidaea	6803.0	1443	30	31	1394	0.9872521246458924	0.9791955617198336	0.966042966042966	0.9260371134098221	0.94355065
AJ233430	1495	7475	Yersiniaceae	Serratia grimesii	AJ233433	1440	7200	Yersiniaceae	Serratia plymuthica	7086.0	1439	6	7	1426	0.9958100558659218	0.9958275382475661	0.9909659485753995	0.9820506839861398	0.9841667
AJ233430	1495	7475	Yersiniaceae	Serratia grimesii	AJ233427	1516	7580	Yersiniaceae	Serratia entomophila	7254.0	1495	14	15	1469	0.9925675675675676	0.9906291834002677	0.9826086956521739	0.9637248969948424	0.9704348
KJ739884	1426	7130	Yersiniaceae	Serratia myotis	AJ233431	1505	7525	Yersiniaceae	Serratia marcescens subsp. marcescens	6733.0	1426	26	23	1380	0.9836065573770492	0.9838709677419355	0.967741935483871	0.9350839776059717	0.9443198
KJ739884	1426	7130	Yersiniaceae	Serratia myotis	KT387999	1454	7270	Yersiniaceae	Serratia aquatilis	6775.0	1404	17	14	1376	0.9899280575539569	0.99002849002849	0.98005698005698	0.9586764266567223	0.9502104
KJ739884	1426	7130	Yersiniaceae	Serratia myotis	AJ233429	1490	7450	Yersiniaceae	Serratia fonticola	6947.0	1426	13	11	1405	0.9929328621908127	0.9922861150070126	0.985273492286115	0.9688408558616072	0.9743338
KJ739884	1426	7130	Yersiniaceae	Serratia myotis	KJ739885	1428	7140	Yersiniaceae	Serratia vespertilionis	6791.0	1401	12	13	1376	0.9913544668587896	0.9914285714285714	0.9821556031406139	0.9647784693270858	0.95245445
KJ739884	1426	7130	Yersiniaceae	Serratia myotis	AB004751	1442	7210	Yersiniaceae	Serratia rubidaea	6631.0	1417	34	31	1364	0.9841269841269841	0.9781227946365562	0.9625970359915315	0.919475873111139	0.930014
KJ739884	1426	7130	Yersiniaceae	Serratia myotis	AJ233433	1440	7200	Yersiniaceae	Serratia plymuthica	6977.0	1426	9	6	1409	0.9922535211267606	0.9957924263674615	0.988078541374474	0.9777501942520929	0.9785414
KJ739884	1426	7130	Yersiniaceae	Serratia myotis	AJ233427	1516	7580	Yersiniaceae	Serratia entomophila	6880.0	1426	19	16	1397	0.9907801418439717	0.9887798036465638	0.979663394109397	0.955934522971799	0.9649369
AJ233431	1505	7525	Yersiniaceae	Serratia marcescens subsp. marcescens	KT387999	1454	7270	Yersiniaceae	Serratia aquatilis	6837.0	1458	32	36	1403	0.9866385372714487	0.9779917469050894	0.9622770919067215	0.9183610903968845	0.9404402
AJ233431	1505	7525	Yersiniaceae	Serratia marcescens subsp. marcescens	AJ233429	1490	7450	Yersiniaceae	Serratia fonticola	7084.0	1491	21	22	1447	0.9850238257317904	0.9859060402684564	0.9704896042924211	0.9428897015248456	0.9508725
AJ233431	1505	7525	Yersiniaceae	Serratia marcescens subsp. marcescens	KJ739885	1428	7140	Yersiniaceae	Serratia vespertilionis	6719.0	1402	18	18	1368	0.9884393063583815	0.9871611982881597	0.9757489300998573	0.9510116332804243	0.9410364
AJ233431	1505	7525	Yersiniaceae	Serratia marcescens subsp. marcescens	AB004751	1442	7210	Yersiniaceae	Serratia rubidaea	6935.0	1442	16	16	1410	0.9887798036465638	0.9889042995839112	0.9778085991678225	0.9563477794330006	0.9618585
AJ233431	1505	7525	Yersiniaceae	Serratia marcescens subsp. marcescens	AJ233433	1440	7200	Yersiniaceae	Serratia plymuthica	6890.0	1440	15	15	1404	0.9852631578947368	0.9895833333333334	0.975	0.9548969072164949	0.95694447
AJ233431	1505	7525	Yersiniaceae	Serratia marcescens subsp. marcescens	AJ233427	1516	7580	Yersiniaceae	Serratia entomophila	7291.0	1505	10	10	1478	0.988628762541806	0.9933554817275747	0.9820598006644519	0.9690953148470993	0.96890366
KT387999	1454	7270	Yersiniaceae	Serratia aquatilis	AJ233429	1490	7450	Yersiniaceae	Serratia fonticola	7065.0	1454	11	12	1430	0.9916782246879334	0.9924294562973159	0.9834938101788171	0.968053293022426	0.97180194
KT387999	1454	7270	Yersiniaceae	Serratia aquatilis	KJ739885	1428	7140	Yersiniaceae	Serratia vespertilionis	6523.0	1378	23	23	1335	0.985239852398524	0.9833091436865021	0.9687953555878084	0.9369862289946326	0.9135854
KT387999	1454	7270	Yersiniaceae	Serratia aquatilis	AB004751	1442	7210	Yersiniaceae	Serratia rubidaea	6771.0	1429	29	29	1385	0.9892857142857143	0.979706088173548	0.9692092372288313	0.9306535885599203	0.93911237
KT387999	1454	7270	Yersiniaceae	Serratia aquatilis	AJ233433	1440	7200	Yersiniaceae	Serratia plymuthica	6796.0	1416	16	16	1383	0.9878571428571429	0.9887005649717514	0.9766949152542372	0.9548693305558186	0.9438889
KT387999	1454	7270	Yersiniaceae	Serratia aquatilis	AJ233427	1516	7580	Yersiniaceae	Serratia entomophila	6913.0	1454	23	23	1412	0.986722571628232	0.984181568088033	0.9711141678129298	0.9408695830333802	0.95089406
AJ233429	1490	7450	Yersiniaceae	Serratia fonticola	KJ739885	1428	7140	Yersiniaceae	Serratia vespertilionis	6716.0	1399	13	12	1367	0.9855803893294881	0.9914224446032881	0.9771265189421015	0.9598261202356195	0.94061625
AJ233429	1490	7450	Yersiniaceae	Serratia fonticola	AB004751	1442	7210	Yersiniaceae	Serratia rubidaea	6815.0	1441	30	29	1395	0.9879603399433428	0.9798750867453158	0.9680777238029147	0.9292493174777128	0.945215
AJ233429	1490	7450	Yersiniaceae	Serratia fonticola	AJ233433	1440	7200	Yersiniaceae	Serratia plymuthica	6914.0	1437	15	14	1406	0.9880534082923401	0.9902574808629089	0.9784272790535838	0.9588856873920454	0.9602778
AJ233429	1490	7450	Yersiniaceae	Serratia fonticola	AJ233427	1516	7580	Yersiniaceae	Serratia entomophila	7171.0	1490	13	12	1458	0.986468200270636	0.9919463087248322	0.978523489932886	0.9622473174456457	0.96255034
KJ739885	1428	7140	Yersiniaceae	Serratia vespertilionis	AB004751	1442	7210	Yersiniaceae	Serratia rubidaea	6601.0	1391	27	27	1349	0.9890029325513197	0.9805895039539899	0.9698058950395398	0.9328739357079918	0.9245098
KJ739885	1428	7140	Yersiniaceae	Serratia vespertilionis	AJ233433	1440	7200	Yersiniaceae	Serratia plymuthica	6888.0	1402	7	7	1388	0.9949820788530466	0.9950071326676176	0.9900142653352354	0.9801773599309108	0.9647059
KJ739885	1428	7140	Yersiniaceae	Serratia vespertilionis	AJ233427	1516	7580	Yersiniaceae	Serratia entomophila	6891.0	1405	11	11	1389	0.996413199426112	0.9921708185053381	0.9886120996441281	0.9732523071355328	0.96512604
AB004751	1442	7210	Yersiniaceae	Serratia rubidaea	AJ233433	1440	7200	Yersiniaceae	Serratia plymuthica	6778.0	1429	25	25	1386	0.9871794871794872	0.9825052484254724	0.9699090272918125	0.9365558970548177	0.9413889
AB004751	1442	7210	Yersiniaceae	Serratia rubidaea	AJ233427	1516	7580	Yersiniaceae	Serratia entomophila	6903.0	1442	23	23	1406	0.9908386187455955	0.9840499306518724	0.9750346740638003	0.9444192508508754	0.95742023
AJ233433	1440	7200	Yersiniaceae	Serratia plymuthica	AJ233427	1516	7580	Yersiniaceae	Serratia entomophila	7027.0	1440	11	11	1420	0.9937018894331701	0.9923611111111111	0.9861111111111112	0.9711597365801363	0.97597224
