AY554010	1444	7214	Sphingomonadaceae	Sphingorhabdus flavimaris	HQ436493	1435	7175	Sphingomonadaceae	Sphingorhabdus wooponensis	6559.0	1430	38	40	1360	0.9784172661870504	0.9733893557422969	0.951048951048951	0.9005163773556145	0.91414636
AY554010	1444	7214	Sphingomonadaceae	Sphingorhabdus flavimaris	AB936074	1462	7310	Sphingomonadaceae	Sphingorhabdus pacifica	6801.0	1444	25	23	1396	0.9824067558057706	0.9840720221606648	0.9667590027700831	0.9351698726591477	0.9427502
AY554010	1444	7214	Sphingomonadaceae	Sphingorhabdus flavimaris	DQ781321	1409	7045	Sphingomonadaceae	Sphingorhabdus litoris	6767.0	1411	9	11	1377	0.9835714285714285	0.99361249112846	0.9759036144578314	0.9621584931274394	0.9605394
AY554010	1444	7214	Sphingomonadaceae	Sphingorhabdus flavimaris	DQ781320	1409	7045	Sphingomonadaceae	Sphingorhabdus marina	6785.0	1411	11	13	1379	0.9864091559370529	0.9921930447125621	0.9773210489014883	0.9608261788778345	0.9630944
AY554010	1444	7214	Sphingomonadaceae	Sphingorhabdus flavimaris	JN381068	1428	7140	Sphingomonadaceae	Sphingorhabdus planktonica	6449.0	1420	50	52	1342	0.9809941520467836	0.9647390691114246	0.9450704225352112	0.8794941075021557	0.9032213
AY554010	1444	7214	Sphingomonadaceae	Sphingorhabdus flavimaris	HQ436492	1435	7175	Sphingomonadaceae	Sphingorhabdus rigui	6520.0	1430	46	48	1355	0.9804630969609262	0.9677871148459384	0.9475524475524476	0.8872069664752593	0.9087108
AY554010	1444	7214	Sphingomonadaceae	Sphingorhabdus flavimaris	KJ452169	1360	6800	Sphingomonadaceae	Sphingorhabdus arenilitoris	6126.0	1349	58	47	1277	0.9807987711213517	0.9651593773165308	0.9466271312083024	0.8759833154464888	0.90088236
HQ436493	1435	7175	Sphingomonadaceae	Sphingorhabdus wooponensis	AB936074	1462	7310	Sphingomonadaceae	Sphingorhabdus pacifica	6681.0	1435	35	31	1378	0.9814814814814815	0.978397212543554	0.9602787456445993	0.9171641897176988	0.93114984
HQ436493	1435	7175	Sphingomonadaceae	Sphingorhabdus wooponensis	DQ781321	1409	7045	Sphingomonadaceae	Sphingorhabdus litoris	6449.0	1409	47	47	1338	0.9823788546255506	0.9666430092264017	0.9496096522356281	0.8883024356764597	0.915401
HQ436493	1435	7175	Sphingomonadaceae	Sphingorhabdus wooponensis	DQ781320	1409	7045	Sphingomonadaceae	Sphingorhabdus marina	6500.0	1409	36	36	1345	0.9796067006554989	0.9744499645138396	0.9545777146912704	0.9070139808104596	0.92264014
HQ436493	1435	7175	Sphingomonadaceae	Sphingorhabdus wooponensis	JN381068	1428	7140	Sphingomonadaceae	Sphingorhabdus planktonica	7046.0	1425	4	4	1416	0.9964813511611541	0.9971929824561403	0.9936842105263158	0.9881212478361756	0.9868347
HQ436493	1435	7175	Sphingomonadaceae	Sphingorhabdus wooponensis	HQ436492	1435	7175	Sphingomonadaceae	Sphingorhabdus rigui	7121.0	1435	2	2	1429	0.9972086531751571	0.9986062717770035	0.9958188153310105	0.9930468770837426	0.99247384
HQ436493	1435	7175	Sphingomonadaceae	Sphingorhabdus wooponensis	KJ452169	1360	6800	Sphingomonadaceae	Sphingorhabdus arenilitoris	6378.0	1349	33	22	1308	0.9856819894498869	0.9836916234247591	0.9696071163825055	0.9310192788998444	0.9379412
AB936074	1462	7310	Sphingomonadaceae	Sphingorhabdus pacifica	DQ781321	1409	7045	Sphingomonadaceae	Sphingorhabdus litoris	6609.0	1413	29	33	1359	0.9847826086956522	0.9794180269694819	0.9617834394904459	0.9204307534651979	0.93811214
AB936074	1462	7310	Sphingomonadaceae	Sphingorhabdus pacifica	DQ781320	1409	7045	Sphingomonadaceae	Sphingorhabdus marina	6690.0	1413	17	21	1369	0.9834770114942529	0.9879347054648687	0.9688605803255484	0.94311463483438	0.94960964
AB936074	1462	7310	Sphingomonadaceae	Sphingorhabdus pacifica	JN381068	1428	7140	Sphingomonadaceae	Sphingorhabdus planktonica	6606.0	1431	35	39	1366	0.9813218390804598	0.9754730203223546	0.9545772187281621	0.9063925569369725	0.92521006
AB936074	1462	7310	Sphingomonadaceae	Sphingorhabdus pacifica	HQ436492	1435	7175	Sphingomonadaceae	Sphingorhabdus rigui	6654.0	1439	34	38	1375	0.9814418272662384	0.9763066202090592	0.9555246699096595	0.908818779730776	0.92738676
AB936074	1462	7310	Sphingomonadaceae	Sphingorhabdus pacifica	KJ452169	1360	6800	Sphingomonadaceae	Sphingorhabdus arenilitoris	6235.0	1349	43	32	1291	0.9802581624905087	0.9762787249814677	0.9570051890289103	0.9054424094476112	0.9169118
DQ781321	1409	7045	Sphingomonadaceae	Sphingorhabdus litoris	DQ781320	1409	7045	Sphingomonadaceae	Sphingorhabdus marina	6888.0	1409	7	7	1391	0.9921540656205421	0.9950319375443577	0.9872249822569198	0.9774642832798034	0.9777147
DQ781321	1409	7045	Sphingomonadaceae	Sphingorhabdus litoris	JN381068	1428	7140	Sphingomonadaceae	Sphingorhabdus planktonica	6383.0	1409	59	59	1329	0.9844444444444445	0.9581263307310149	0.943222143364088	0.8674045596331873	0.9060326
DQ781321	1409	7045	Sphingomonadaceae	Sphingorhabdus litoris	HQ436492	1435	7175	Sphingomonadaceae	Sphingorhabdus rigui	6404.0	1409	55	55	1332	0.983751846381093	0.9609652235628106	0.9453513129879347	0.8743208181596064	0.9090135
DQ781321	1409	7045	Sphingomonadaceae	Sphingorhabdus litoris	KJ452169	1360	6800	Sphingomonadaceae	Sphingorhabdus arenilitoris	6113.0	1349	55	44	1276	0.9777777777777777	0.9673832468495182	0.9458858413639734	0.8791887628062572	0.8989706
DQ781320	1409	7045	Sphingomonadaceae	Sphingorhabdus marina	JN381068	1428	7140	Sphingomonadaceae	Sphingorhabdus planktonica	6438.0	1409	47	47	1337	0.9816446402349486	0.9666430092264017	0.9488999290276792	0.8876385325107823	0.9138396
DQ781320	1409	7045	Sphingomonadaceae	Sphingorhabdus marina	HQ436492	1435	7175	Sphingomonadaceae	Sphingorhabdus rigui	6459.0	1409	43	43	1340	0.9809663250366032	0.9694819020581973	0.9510290986515259	0.8947009288966833	0.91682047
DQ781320	1409	7045	Sphingomonadaceae	Sphingorhabdus marina	KJ452169	1360	6800	Sphingomonadaceae	Sphingorhabdus arenilitoris	6171.0	1349	53	42	1283	0.981637337413925	0.9688658265381764	0.9510748702742773	0.8866297114468477	0.9075
JN381068	1428	7140	Sphingomonadaceae	Sphingorhabdus planktonica	HQ436492	1435	7175	Sphingomonadaceae	Sphingorhabdus rigui	7082.0	1425	2	2	1420	0.9978917779339423	0.9985964912280701	0.9964912280701754	0.9936979800587663	0.9918767
JN381068	1428	7140	Sphingomonadaceae	Sphingorhabdus planktonica	KJ452169	1360	6800	Sphingomonadaceae	Sphingorhabdus arenilitoris	6359.0	1349	37	26	1305	0.9863945578231292	0.9807264640474426	0.9673832468495182	0.9234112810836309	0.93514705
HQ436492	1435	7175	Sphingomonadaceae	Sphingorhabdus rigui	KJ452169	1360	6800	Sphingomonadaceae	Sphingorhabdus arenilitoris	6369.0	1349	31	20	1307	0.9834462001504891	0.9851742031134173	0.9688658265381764	0.9330599155574179	0.9366177
