KX672815	1409	7045	Sphingomonadaceae	Sphingopyxis solisilvae	CP009122	1477	7385	Sphingomonadaceae	Sphingopyxis fribergensis	6844.0	1409	9	9	1386	0.99	0.99361249112846	0.9836763662171752	0.971189642245448	0.9714691
KX672815	1409	7045	Sphingomonadaceae	Sphingopyxis solisilvae	HE648058	1411	7055	Sphingomonadaceae	Sphingopyxis italica	6876.0	1405	5	5	1388	0.9914285714285714	0.99644128113879	0.9879003558718861	0.9808939703692486	0.97601134
KX672815	1409	7045	Sphingomonadaceae	Sphingopyxis solisilvae	GQ131578	1481	7405	Sphingomonadaceae	Sphingopyxis bauzanensis	6836.0	1409	17	17	1384	0.9942528735632183	0.9879347054648687	0.9822569198012775	0.9588370493431826	0.9703336
KX672815	1409	7045	Sphingomonadaceae	Sphingopyxis solisilvae	EF424391	1408	7040	Sphingomonadaceae	Sphingopyxis ummariensis	6736.0	1400	17	17	1369	0.9898770788141721	0.9878571428571429	0.9778571428571429	0.9543940921463857	0.95681816
KX672815	1409	7045	Sphingomonadaceae	Sphingopyxis solisilvae	HG008904	1401	7005	Sphingomonadaceae	Sphingopyxis contaminans	6399.0	1387	37	37	1325	0.9814814814814815	0.9733237202595529	0.9552992069214131	0.9056558492583622	0.91349036
KX672815	1409	7045	Sphingomonadaceae	Sphingopyxis solisilvae	EU075217	1432	7160	Sphingomonadaceae	Sphingopyxis panaciterrulae	6689.0	1409	29	29	1366	0.9898550724637681	0.9794180269694819	0.9694819020581973	0.9303790158833882	0.9494677
KX672815	1409	7045	Sphingomonadaceae	Sphingopyxis solisilvae	AB245353	1449	7245	Sphingomonadaceae	Sphingopyxis panaciterrae	6799.0	1409	19	19	1380	0.9928057553956835	0.9865152590489709	0.9794180269694819	0.9533550822742155	0.96508163
KX672815	1409	7045	Sphingomonadaceae	Sphingopyxis solisilvae	AY563034	1422	7110	Sphingomonadaceae	Sphingopyxis granuli	6805.0	1409	17	18	1380	0.9920920201294033	0.9879261363636364	0.9794180269694819	0.9553790150873417	0.96593326
KX672815	1409	7045	Sphingomonadaceae	Sphingopyxis solisilvae	AB245343	1455	7275	Sphingomonadaceae	Sphingopyxis ginsengisoli	6864.0	1409	12	12	1388	0.9935576234788833	0.9914833215046132	0.9850958126330731	0.9684580226941611	0.974308
KX672815	1409	7045	Sphingomonadaceae	Sphingopyxis solisilvae	D13723	1415	7045	Sphingomonadaceae	Sphingopyxis macrogoltabida	6685.0	1394	13	14	1360	0.9855072463768116	0.990667623833453	0.975609756097561	0.9568880336991002	0.9488999
KX672815	1409	7045	Sphingomonadaceae	Sphingopyxis solisilvae	D13727	1417	7085	Sphingomonadaceae	Sphingopyxis terrae	6516.0	1407	31	43	1343	0.9846041055718475	0.9777777777777777	0.9545131485429993	0.9053935567542775	0.92491126
KX672815	1409	7045	Sphingomonadaceae	Sphingopyxis solisilvae	Z73631	1445	7225	Sphingomonadaceae	Sphingopyxis alaskensis	6783.0	1409	23	24	1378	0.9949458483754513	0.9836647727272727	0.9779985805535841	0.9458994651303869	0.9628105
KX672815	1409	7045	Sphingomonadaceae	Sphingopyxis solisilvae	AY608604	1446	7230	Sphingomonadaceae	Sphingopyxis baekryungensis	6482.0	1409	50	48	1342	0.9860396767083027	0.9659332860184529	0.9524485450674237	0.8884732486886661	0.9200852
KX672815	1409	7045	Sphingomonadaceae	Sphingopyxis solisilvae	FJ599671	1398	6990	Sphingomonadaceae	Sphingopyxis soli	6649.0	1386	18	18	1353	0.9890350877192983	0.987012987012987	0.9761904761904762	0.9511599511599511	0.95121604
KX672815	1409	7045	Sphingomonadaceae	Sphingopyxis solisilvae	KJ726770	1427	7135	Sphingomonadaceae	Sphingopyxis flava	6552.0	1379	31	29	1338	0.9911111111111112	0.9789702683103698	0.9702683103698332	0.9289802971626062	0.9300213
KX672815	1409	7045	Sphingomonadaceae	Sphingopyxis solisilvae	AF131297	1443	7215	Sphingomonadaceae	Sphingopyxis taejonensis	6848.0	1409	12	13	1386	0.9928366762177651	0.9914772727272727	0.9836763662171752	0.9663703076982243	0.9720369
KX672815	1409	7045	Sphingomonadaceae	Sphingopyxis solisilvae	EF494193	1401	7005	Sphingomonadaceae	Sphingopyxis indica	6683.0	1400	30	30	1361	0.9934306569343065	0.9785714285714285	0.9721428571428572	0.9313536463536465	0.95403284
KX672815	1409	7045	Sphingomonadaceae	Sphingopyxis solisilvae	AJ416410	1482	7410	Sphingomonadaceae	Sphingopyxis witflariensis	6775.0	1409	19	19	1377	0.9906474820143885	0.9865152590489709	0.9772888573456352	0.9512825712257934	0.9616749
KX672815	1409	7045	Sphingomonadaceae	Sphingopyxis solisilvae	AF367204	1440	7200	Sphingomonadaceae	Sphingopyxis chilensis	6900.0	1409	13	13	1392	0.997134670487106	0.9907735982966643	0.9879347054648687	0.9698712017081271	0.97941804
CP009122	1477	7385	Sphingomonadaceae	Sphingopyxis fribergensis	HE648058	1411	7055	Sphingomonadaceae	Sphingopyxis italica	6967.0	1411	6	6	1401	0.9971530249110321	0.9957476966690291	0.9929128277817151	0.9845042505527943	0.9875266
CP009122	1477	7385	Sphingomonadaceae	Sphingopyxis fribergensis	GQ131578	1481	7405	Sphingomonadaceae	Sphingopyxis bauzanensis	7224.0	1477	11	11	1458	0.9945429740791268	0.992552471225457	0.987136086662153	0.9725413326926856	0.97819906
CP009122	1477	7385	Sphingomonadaceae	Sphingopyxis fribergensis	EF424391	1408	7040	Sphingomonadaceae	Sphingopyxis ummariensis	6777.0	1408	21	21	1377	0.992790194664744	0.9850852272727273	0.9779829545454546	0.9492388789045105	0.9626421
CP009122	1477	7385	Sphingomonadaceae	Sphingopyxis fribergensis	HG008904	1401	7005	Sphingomonadaceae	Sphingopyxis contaminans	6387.0	1401	39	39	1329	0.9757709251101322	0.9721627408993576	0.9486081370449678	0.8972251962883655	0.9117773
CP009122	1477	7385	Sphingomonadaceae	Sphingopyxis fribergensis	EU075217	1432	7160	Sphingomonadaceae	Sphingopyxis panaciterrulae	6813.0	1432	26	26	1391	0.9893314366998578	0.9818435754189944	0.9713687150837989	0.9367245633798499	0.9515363
CP009122	1477	7385	Sphingomonadaceae	Sphingopyxis fribergensis	AB245353	1449	7245	Sphingomonadaceae	Sphingopyxis panaciterrae	7146.0	1449	9	9	1437	0.9979166666666667	0.9937888198757764	0.9917184265010351	0.9794749891368248	0.9863354
CP009122	1477	7385	Sphingomonadaceae	Sphingopyxis fribergensis	AY563034	1422	7110	Sphingomonadaceae	Sphingopyxis granuli	6781.0	1425	23	29	1383	0.9906876790830945	0.9837914023960536	0.9705263157894737	0.9356731608025589	0.9537271
CP009122	1477	7385	Sphingomonadaceae	Sphingopyxis fribergensis	AB245343	1455	7275	Sphingomonadaceae	Sphingopyxis ginsengisoli	7004.0	1452	25	22	1422	0.9944055944055944	0.9848484848484849	0.9793388429752066	0.948175047701114	0.9627491
CP009122	1477	7385	Sphingomonadaceae	Sphingopyxis fribergensis	D13723	1415	7045	Sphingomonadaceae	Sphingopyxis macrogoltabida	6744.0	1416	16	17	1376	0.9835596854896355	0.9886925795053003	0.9717514124293786	0.9493576997127797	0.9572747
CP009122	1477	7385	Sphingomonadaceae	Sphingopyxis fribergensis	D13727	1417	7085	Sphingomonadaceae	Sphingopyxis terrae	6611.0	1446	33	62	1366	0.9869942196531792	0.976711362032463	0.9446749654218534	0.8839960460742698	0.9330981
CP009122	1477	7385	Sphingomonadaceae	Sphingopyxis fribergensis	Z73631	1445	7225	Sphingomonadaceae	Sphingopyxis alaskensis	6996.0	1450	17	22	1419	0.9936974789915967	0.9882352941176471	0.9786206896551725	0.9526041887031945	0.9683045
CP009122	1477	7385	Sphingomonadaceae	Sphingopyxis fribergensis	AY608604	1446	7230	Sphingomonadaceae	Sphingopyxis baekryungensis	6556.0	1444	51	49	1366	0.9792114695340501	0.9660664819944599	0.945983379501385	0.8827068992671786	0.9067773
CP009122	1477	7385	Sphingomonadaceae	Sphingopyxis fribergensis	FJ599671	1398	6990	Sphingomonadaceae	Sphingopyxis soli	6675.0	1399	24	25	1361	0.9905385735080058	0.9828326180257511	0.9728377412437456	0.9393387606949447	0.9549356
CP009122	1477	7385	Sphingomonadaceae	Sphingopyxis fribergensis	KJ726770	1427	7135	Sphingomonadaceae	Sphingopyxis flava	6706.0	1423	38	36	1374	0.9906272530641672	0.9747013352073085	0.9655657062543921	0.9166595719198096	0.9398739
CP009122	1477	7385	Sphingomonadaceae	Sphingopyxis fribergensis	AF131297	1443	7215	Sphingomonadaceae	Sphingopyxis taejonensis	7011.0	1444	11	12	1420	0.9916201117318436	0.9923769923769924	0.9833795013850416	0.967834670778955	0.9717256
CP009122	1477	7385	Sphingomonadaceae	Sphingopyxis fribergensis	EF494193	1401	7005	Sphingomonadaceae	Sphingopyxis indica	6707.0	1401	28	28	1365	0.9941733430444283	0.9800142755174875	0.974304068522484	0.9361228034159345	0.957459
CP009122	1477	7385	Sphingomonadaceae	Sphingopyxis fribergensis	AJ416410	1482	7410	Sphingomonadaceae	Sphingopyxis witflariensis	7166.0	1477	18	18	1451	0.9945167923235092	0.987813134732566	0.982396750169262	0.9587403735765574	0.9703453
CP009122	1477	7385	Sphingomonadaceae	Sphingopyxis fribergensis	AF367204	1440	7200	Sphingomonadaceae	Sphingopyxis chilensis	7094.0	1440	5	5	1428	0.9951219512195122	0.9965277777777778	0.9916666666666667	0.9848039215686275	0.9852778
HE648058	1411	7055	Sphingomonadaceae	Sphingopyxis italica	GQ131578	1481	7405	Sphingomonadaceae	Sphingopyxis bauzanensis	6841.0	1411	14	14	1386	0.9921259842519685	0.9900779588944011	0.9822820694542878	0.9629810884404492	0.9696669
HE648058	1411	7055	Sphingomonadaceae	Sphingopyxis italica	EF424391	1408	7040	Sphingomonadaceae	Sphingopyxis ummariensis	6765.0	1406	18	18	1375	0.9906340057636888	0.9871977240398293	0.9779516358463727	0.9532281394345261	0.9609375
HE648058	1411	7055	Sphingomonadaceae	Sphingopyxis italica	HG008904	1401	7005	Sphingomonadaceae	Sphingopyxis contaminans	6282.0	1383	39	39	1310	0.9747023809523809	0.9718004338394793	0.9472161966738973	0.895259190105287	0.896788
HE648058	1411	7055	Sphingomonadaceae	Sphingopyxis italica	EU075217	1432	7160	Sphingomonadaceae	Sphingopyxis panaciterrulae	6778.0	1411	20	20	1378	0.9906542056074766	0.9858256555634302	0.9766123316796598	0.949313594246266	0.96073705
HE648058	1411	7055	Sphingomonadaceae	Sphingopyxis italica	AB245353	1449	7245	Sphingomonadaceae	Sphingopyxis panaciterrae	6868.0	1411	15	15	1389	0.9949856733524355	0.9893692416725727	0.9844082211197732	0.9636983707455844	0.973494
HE648058	1411	7055	Sphingomonadaceae	Sphingopyxis italica	AY563034	1422	7110	Sphingomonadaceae	Sphingopyxis granuli	6814.0	1411	17	18	1382	0.9921033740129217	0.9879432624113476	0.9794472005669738	0.955441141729548	0.9658398
HE648058	1411	7055	Sphingomonadaceae	Sphingopyxis italica	AB245343	1455	7275	Sphingomonadaceae	Sphingopyxis ginsengisoli	6863.0	1411	16	16	1388	0.9949820788530466	0.9886605244507441	0.9836995038979447	0.9616403699633026	0.97278523
HE648058	1411	7055	Sphingomonadaceae	Sphingopyxis italica	D13723	1415	7045	Sphingomonadaceae	Sphingopyxis macrogoltabida	6716.0	1400	12	13	1366	0.9848594087959625	0.9914224446032881	0.9757142857142858	0.9584388911371915	0.95330024
HE648058	1411	7055	Sphingomonadaceae	Sphingopyxis italica	D13727	1417	7085	Sphingomonadaceae	Sphingopyxis terrae	6545.0	1408	34	41	1348	0.986100950987564	0.9757316202712348	0.9573863636363636	0.9075916498549993	0.92771083
HE648058	1411	7055	Sphingomonadaceae	Sphingopyxis italica	Z73631	1445	7225	Sphingomonadaceae	Sphingopyxis alaskensis	6810.0	1411	20	21	1382	0.9942446043165467	0.9858156028368794	0.9794472005669738	0.9513847720391989	0.96527284
HE648058	1411	7055	Sphingomonadaceae	Sphingopyxis italica	AY608604	1446	7230	Sphingomonadaceae	Sphingopyxis baekryungensis	6451.0	1409	47	45	1339	0.9816715542521994	0.9680624556422995	0.950319375443577	0.8902717225996147	0.914387
HE648058	1411	7055	Sphingomonadaceae	Sphingopyxis italica	FJ599671	1398	6990	Sphingomonadaceae	Sphingopyxis soli	6681.0	1392	19	19	1359	0.9898033503277495	0.9863505747126436	0.9762931034482759	0.9500003054815611	0.955794
HE648058	1411	7055	Sphingomonadaceae	Sphingopyxis italica	KJ726770	1427	7135	Sphingomonadaceae	Sphingopyxis flava	6501.0	1375	34	32	1330	0.9903201787043932	0.9767272727272728	0.9672727272727273	0.9219639976772694	0.92147416
HE648058	1411	7055	Sphingomonadaceae	Sphingopyxis italica	AF131297	1443	7215	Sphingomonadaceae	Sphingopyxis taejonensis	6897.0	1409	6	7	1392	0.992867332382311	0.9957386363636364	0.9879347054648687	0.9788582735418699	0.9776045
HE648058	1411	7055	Sphingomonadaceae	Sphingopyxis italica	EF494193	1401	7005	Sphingomonadaceae	Sphingopyxis indica	6726.0	1396	23	23	1365	0.9941733430444283	0.9835243553008596	0.9777936962750716	0.9460963671498754	0.9601713
HE648058	1411	7055	Sphingomonadaceae	Sphingopyxis italica	AJ416410	1482	7410	Sphingomonadaceae	Sphingopyxis witflariensis	6852.0	1411	14	14	1387	0.9928418038654259	0.9900779588944011	0.9829907866761163	0.9636758799905506	0.9712261
HE648058	1411	7055	Sphingomonadaceae	Sphingopyxis italica	AF367204	1440	7200	Sphingomonadaceae	Sphingopyxis chilensis	6933.0	1411	9	9	1397	0.9964336661911555	0.9936215450035436	0.9900779588944011	0.9775276749084156	0.9827073
GQ131578	1481	7405	Sphingomonadaceae	Sphingopyxis bauzanensis	EF424391	1408	7040	Sphingomonadaceae	Sphingopyxis ummariensis	6728.0	1408	20	20	1372	0.9884726224783862	0.9857954545454546	0.9744318181818182	0.9471368092691623	0.9556818
GQ131578	1481	7405	Sphingomonadaceae	Sphingopyxis bauzanensis	HG008904	1401	7005	Sphingomonadaceae	Sphingopyxis contaminans	6379.0	1401	49	49	1327	0.981508875739645	0.9650249821556032	0.947180585296217	0.8831642422899899	0.91063523
GQ131578	1481	7405	Sphingomonadaceae	Sphingopyxis bauzanensis	EU075217	1432	7160	Sphingomonadaceae	Sphingopyxis panaciterrulae	6781.0	1432	22	22	1388	0.9843971631205674	0.9846368715083799	0.9692737430167597	0.939942212966734	0.947067
GQ131578	1481	7405	Sphingomonadaceae	Sphingopyxis bauzanensis	AB245353	1449	7245	Sphingomonadaceae	Sphingopyxis panaciterrae	7043.0	1449	15	15	1425	0.9937238493723849	0.989648033126294	0.9834368530020704	0.9632844584733394	0.9721187
GQ131578	1481	7405	Sphingomonadaceae	Sphingopyxis bauzanensis	AY563034	1422	7110	Sphingomonadaceae	Sphingopyxis granuli	6749.0	1425	19	25	1380	0.9857142857142858	0.9866102889358703	0.968421052631579	0.9389123778976528	0.94922644
GQ131578	1481	7405	Sphingomonadaceae	Sphingopyxis bauzanensis	AB245343	1455	7275	Sphingomonadaceae	Sphingopyxis ginsengisoli	6969.0	1452	26	23	1418	0.9923023093072079	0.9841597796143251	0.9765840220385675	0.9442074204960169	0.95793813
GQ131578	1481	7405	Sphingomonadaceae	Sphingopyxis bauzanensis	D13723	1415	7045	Sphingomonadaceae	Sphingopyxis macrogoltabida	6668.0	1416	22	23	1367	0.9813352476669059	0.984452296819788	0.9653954802259888	0.9351849123468722	0.9464869
GQ131578	1481	7405	Sphingomonadaceae	Sphingopyxis bauzanensis	D13727	1417	7085	Sphingomonadaceae	Sphingopyxis terrae	6607.0	1446	30	59	1366	0.9848594087959625	0.9788285109386027	0.9446749654218534	0.8877128570732457	0.9325335
GQ131578	1481	7405	Sphingomonadaceae	Sphingopyxis bauzanensis	Z73631	1445	7225	Sphingomonadaceae	Sphingopyxis alaskensis	6946.0	1450	21	26	1413	0.9922752808988764	0.9854671280276817	0.9744827586206897	0.9433470076654399	0.96138406
GQ131578	1481	7405	Sphingomonadaceae	Sphingopyxis bauzanensis	AY608604	1446	7230	Sphingomonadaceae	Sphingopyxis baekryungensis	6576.0	1444	54	52	1368	0.9827586206896551	0.96398891966759	0.9473684210526315	0.8803316702972384	0.9095436
GQ131578	1481	7405	Sphingomonadaceae	Sphingopyxis bauzanensis	FJ599671	1398	6990	Sphingomonadaceae	Sphingopyxis soli	6607.0	1399	27	28	1353	0.986870897155361	0.98068669527897	0.9671193709792709	0.929818132968149	0.9452074
GQ131578	1481	7405	Sphingomonadaceae	Sphingopyxis bauzanensis	KJ726770	1427	7135	Sphingomonadaceae	Sphingopyxis flava	6681.0	1425	39	37	1372	0.9884726224783862	0.9740350877192983	0.9628070175438597	0.9128252324801074	0.93637
GQ131578	1481	7405	Sphingomonadaceae	Sphingopyxis bauzanensis	AF131297	1443	7215	Sphingomonadaceae	Sphingopyxis taejonensis	6961.0	1444	15	16	1414	0.9901960784313726	0.9896049896049897	0.9792243767313019	0.9584183755807396	0.9647956
GQ131578	1481	7405	Sphingomonadaceae	Sphingopyxis bauzanensis	EF494193	1401	7005	Sphingomonadaceae	Sphingopyxis indica	6675.0	1401	24	24	1362	0.9891067538126361	0.9828693790149893	0.9721627408993576	0.9394162064690635	0.9528908
GQ131578	1481	7405	Sphingomonadaceae	Sphingopyxis bauzanensis	AJ416410	1482	7410	Sphingomonadaceae	Sphingopyxis witflariensis	7215.0	1481	12	12	1459	0.9931926480599047	0.9918973666441594	0.9851451721809588	0.969308947042082	0.9743417
GQ131578	1481	7405	Sphingomonadaceae	Sphingopyxis bauzanensis	AF367204	1440	7200	Sphingomonadaceae	Sphingopyxis chilensis	7026.0	1440	8	8	1420	0.9916201117318436	0.9944444444444445	0.9861111111111112	0.9752148557397176	0.97583336
EF424391	1408	7040	Sphingomonadaceae	Sphingopyxis ummariensis	HG008904	1401	7005	Sphingomonadaceae	Sphingopyxis contaminans	6339.0	1378	34	34	1314	0.9776785714285714	0.9753265602322206	0.95355587808418	0.9076339236155366	0.90492505
EF424391	1408	7040	Sphingomonadaceae	Sphingopyxis ummariensis	EU075217	1432	7160	Sphingomonadaceae	Sphingopyxis panaciterrulae	6775.0	1408	14	14	1377	0.9878048780487805	0.9900568181818182	0.9779829545454546	0.9587259062140392	0.96235794
EF424391	1408	7040	Sphingomonadaceae	Sphingopyxis ummariensis	AB245353	1449	7245	Sphingomonadaceae	Sphingopyxis panaciterrae	6842.0	1408	15	15	1385	0.994256999282125	0.9893465909090909	0.9836647727272727	0.9629269349326008	0.971875
EF424391	1408	7040	Sphingomonadaceae	Sphingopyxis ummariensis	AY563034	1422	7110	Sphingomonadaceae	Sphingopyxis granuli	6832.0	1407	8	9	1384	0.9899856938483548	0.9943100995732574	0.9836531627576404	0.9718354215796333	0.9704546
EF424391	1408	7040	Sphingomonadaceae	Sphingopyxis ummariensis	AB245343	1455	7275	Sphingomonadaceae	Sphingopyxis ginsengisoli	6820.0	1408	10	10	1383	0.9892703862660944	0.9928977272727273	0.9822443181818182	0.9683903785741763	0.96875
EF424391	1408	7040	Sphingomonadaceae	Sphingopyxis ummariensis	D13723	1415	7045	Sphingomonadaceae	Sphingopyxis macrogoltabida	6704.0	1402	12	13	1366	0.9834413246940245	0.9914346895074947	0.9743223965763196	0.9570960458589165	0.9522727
EF424391	1408	7040	Sphingomonadaceae	Sphingopyxis ummariensis	D13727	1417	7085	Sphingomonadaceae	Sphingopyxis terrae	6771.0	1404	13	14	1375	0.9892086330935251	0.9907341411261582	0.9793447293447294	0.9606839617425362	0.9617898
EF424391	1408	7040	Sphingomonadaceae	Sphingopyxis ummariensis	Z73631	1445	7225	Sphingomonadaceae	Sphingopyxis alaskensis	6746.0	1408	18	19	1374	0.9892008639308856	0.9872068230277186	0.9758522727272727	0.9505321225933954	0.95823866
EF424391	1408	7040	Sphingomonadaceae	Sphingopyxis ummariensis	AY608604	1446	7230	Sphingomonadaceae	Sphingopyxis baekryungensis	6370.0	1404	48	46	1328	0.9779086892488954	0.9672364672364673	0.9458689458689459	0.884635005847127	0.90482956
EF424391	1408	7040	Sphingomonadaceae	Sphingopyxis ummariensis	FJ599671	1398	6990	Sphingomonadaceae	Sphingopyxis soli	6709.0	1394	19	19	1363	0.9912727272727273	0.9863701578192252	0.9777618364418939	0.95146675520708	0.9597997
EF424391	1408	7040	Sphingomonadaceae	Sphingopyxis ummariensis	KJ726770	1427	7135	Sphingomonadaceae	Sphingopyxis flava	6510.0	1370	24	22	1330	0.9866468842729971	0.983941605839416	0.9708029197080292	0.9387678161882521	0.92471594
EF424391	1408	7040	Sphingomonadaceae	Sphingopyxis ummariensis	AF131297	1443	7215	Sphingomonadaceae	Sphingopyxis taejonensis	6784.0	1404	18	19	1376	0.9935018050541516	0.9871703492516037	0.98005698005698	0.9545562006884089	0.96363634
EF424391	1408	7040	Sphingomonadaceae	Sphingopyxis ummariensis	EF494193	1401	7005	Sphingomonadaceae	Sphingopyxis indica	6737.0	1391	15	15	1365	0.9920058139534884	0.9892163910855499	0.9813084112149533	0.9603701094109358	0.9617416
EF424391	1408	7040	Sphingomonadaceae	Sphingopyxis ummariensis	AJ416410	1482	7410	Sphingomonadaceae	Sphingopyxis witflariensis	6837.0	1408	10	10	1385	0.9907010014306151	0.9928977272727273	0.9836647727272727	0.9697907984998076	0.97116476
EF424391	1408	7040	Sphingomonadaceae	Sphingopyxis ummariensis	AF367204	1440	7200	Sphingomonadaceae	Sphingopyxis chilensis	6757.0	1408	22	22	1375	0.9920634920634921	0.984375	0.9765625	0.9465144230769231	0.95980114
HG008904	1401	7005	Sphingomonadaceae	Sphingopyxis contaminans	EU075217	1432	7160	Sphingomonadaceae	Sphingopyxis panaciterrulae	6396.0	1397	48	48	1327	0.9836916234247591	0.9656406585540444	0.9498926270579814	0.8867855736340601	0.9130621
HG008904	1401	7005	Sphingomonadaceae	Sphingopyxis contaminans	AB245353	1449	7245	Sphingomonadaceae	Sphingopyxis panaciterrae	6420.0	1401	38	38	1333	0.9779897285399853	0.9728765167737331	0.9514632405424697	0.9012122285332773	0.91648823
HG008904	1401	7005	Sphingomonadaceae	Sphingopyxis contaminans	AY563034	1422	7110	Sphingomonadaceae	Sphingopyxis granuli	6363.0	1389	40	42	1321	0.9806978470675576	0.9711607786589762	0.9510439164866811	0.8964703677449681	0.9083512
HG008904	1401	7005	Sphingomonadaceae	Sphingopyxis contaminans	AB245343	1455	7275	Sphingomonadaceae	Sphingopyxis ginsengisoli	6461.0	1401	34	33	1339	0.9788011695906432	0.9764453961456103	0.9557458957887224	0.9111222198180992	0.92234117
HG008904	1401	7005	Sphingomonadaceae	Sphingopyxis contaminans	D13723	1415	7045	Sphingomonadaceae	Sphingopyxis macrogoltabida	6193.0	1370	42	42	1293	0.973644578313253	0.9693430656934306	0.9437956204379562	0.8876491387688427	0.8840828
HG008904	1401	7005	Sphingomonadaceae	Sphingopyxis contaminans	D13727	1417	7085	Sphingomonadaceae	Sphingopyxis terrae	6201.0	1393	42	64	1298	0.9766741911211437	0.9693654266958425	0.9318018664752333	0.8629719028192231	0.8852248
HG008904	1401	7005	Sphingomonadaceae	Sphingopyxis contaminans	Z73631	1445	7225	Sphingomonadaceae	Sphingopyxis alaskensis	6416.0	1401	42	43	1332	0.9808541973490427	0.97	0.9507494646680942	0.8947455114478668	0.9159172
HG008904	1401	7005	Sphingomonadaceae	Sphingopyxis contaminans	AY608604	1446	7230	Sphingomonadaceae	Sphingopyxis baekryungensis	6375.0	1401	45	43	1328	0.9779086892488954	0.9693076374018558	0.9478943611705924	0.8902078440315798	0.9100642
HG008904	1401	7005	Sphingomonadaceae	Sphingopyxis contaminans	FJ599671	1398	6990	Sphingomonadaceae	Sphingopyxis soli	6224.0	1365	40	41	1295	0.9780966767371602	0.9706744868035191	0.9487179487179487	0.8940231772971986	0.8904149
HG008904	1401	7005	Sphingomonadaceae	Sphingopyxis contaminans	KJ726770	1427	7135	Sphingomonadaceae	Sphingopyxis flava	6343.0	1394	42	41	1321	0.9763488543976349	0.9705882352941176	0.9476327116212339	0.8928600688186139	0.90549606
HG008904	1401	7005	Sphingomonadaceae	Sphingopyxis contaminans	AF131297	1443	7215	Sphingomonadaceae	Sphingopyxis taejonensis	6360.0	1401	46	47	1326	0.9793205317577548	0.9671428571428572	0.9464668094218416	0.8856365307236859	0.9079229
HG008904	1401	7005	Sphingomonadaceae	Sphingopyxis contaminans	EF494193	1401	7005	Sphingomonadaceae	Sphingopyxis indica	6297.0	1388	47	47	1312	0.9783743475018642	0.9661383285302594	0.9452449567723343	0.8833264717990943	0.89892936
HG008904	1401	7005	Sphingomonadaceae	Sphingopyxis contaminans	AJ416410	1482	7410	Sphingomonadaceae	Sphingopyxis witflariensis	6419.0	1401	38	38	1333	0.9779897285399853	0.9728765167737331	0.9514632405424697	0.9012122285332773	0.9163455
HG008904	1401	7005	Sphingomonadaceae	Sphingopyxis contaminans	AF367204	1440	7200	Sphingomonadaceae	Sphingopyxis chilensis	6360.0	1398	48	48	1324	0.9807407407407407	0.9656652360515021	0.9470672389127325	0.8841914056239204	0.9079229
EU075217	1432	7160	Sphingomonadaceae	Sphingopyxis panaciterrulae	AB245353	1449	7245	Sphingomonadaceae	Sphingopyxis panaciterrae	6860.0	1432	20	20	1397	0.9893767705382436	0.9860335195530726	0.9755586592178771	0.9486837650245471	0.95810056
EU075217	1432	7160	Sphingomonadaceae	Sphingopyxis panaciterrulae	AY563034	1422	7110	Sphingomonadaceae	Sphingopyxis granuli	6887.0	1424	14	20	1395	0.9935897435897436	0.9901269393511989	0.9796348314606742	0.9564723945554844	0.96863574
EU075217	1432	7160	Sphingomonadaceae	Sphingopyxis panaciterrulae	AB245343	1455	7275	Sphingomonadaceae	Sphingopyxis ginsengisoli	6875.0	1432	22	22	1398	0.9914893617021276	0.9846368715083799	0.9762569832402235	0.9467141309275894	0.96019554
EU075217	1432	7160	Sphingomonadaceae	Sphingopyxis panaciterrulae	D13723	1415	7045	Sphingomonadaceae	Sphingopyxis macrogoltabida	6683.0	1407	18	19	1365	0.9834293948126801	0.9871977240398293	0.9701492537313433	0.9449594134590208	0.948616
EU075217	1432	7160	Sphingomonadaceae	Sphingopyxis panaciterrulae	D13727	1417	7085	Sphingomonadaceae	Sphingopyxis terrae	6597.0	1428	24	46	1359	0.983357452966715	0.9829302987197724	0.9516806722689075	0.9058007500520868	0.93112206
EU075217	1432	7160	Sphingomonadaceae	Sphingopyxis panaciterrulae	Z73631	1445	7225	Sphingomonadaceae	Sphingopyxis alaskensis	6846.0	1432	21	22	1395	0.9893617021276596	0.9853249475890985	0.9741620111731844	0.9453327155913214	0.9561452
EU075217	1432	7160	Sphingomonadaceae	Sphingopyxis panaciterrulae	AY608604	1446	7230	Sphingomonadaceae	Sphingopyxis baekryungensis	6497.0	1423	49	47	1350	0.9811046511627907	0.9669711876317639	0.9486999297259311	0.8868281951785878	0.9074022
EU075217	1432	7160	Sphingomonadaceae	Sphingopyxis panaciterrulae	FJ599671	1398	6990	Sphingomonadaceae	Sphingopyxis soli	6725.0	1399	19	20	1367	0.9912980420594634	0.9864091559370529	0.9771265189421015	0.9502520942321283	0.9620887
EU075217	1432	7160	Sphingomonadaceae	Sphingopyxis panaciterrulae	KJ726770	1427	7135	Sphingomonadaceae	Sphingopyxis flava	6658.0	1389	22	20	1355	0.9897735573411249	0.9856011519078474	0.9755219582433405	0.9464844513360264	0.9331465
EU075217	1432	7160	Sphingomonadaceae	Sphingopyxis panaciterrulae	AF131297	1443	7215	Sphingomonadaceae	Sphingopyxis taejonensis	6812.0	1423	23	24	1387	0.9914224446032881	0.9838255977496484	0.9747013352073085	0.9430201714765039	0.95139664
EU075217	1432	7160	Sphingomonadaceae	Sphingopyxis panaciterrulae	EF494193	1401	7005	Sphingomonadaceae	Sphingopyxis indica	6868.0	1401	6	6	1385	0.992831541218638	0.9957173447537473	0.9885795860099929	0.9801482036133192	0.9804425
EU075217	1432	7160	Sphingomonadaceae	Sphingopyxis panaciterrulae	AJ416410	1482	7410	Sphingomonadaceae	Sphingopyxis witflariensis	6889.0	1432	12	12	1401	0.9866197183098592	0.9916201117318436	0.9783519553072626	0.9620912579891364	0.9621508
EU075217	1432	7160	Sphingomonadaceae	Sphingopyxis panaciterrulae	AF367204	1440	7200	Sphingomonadaceae	Sphingopyxis chilensis	6858.0	1432	26	26	1396	0.9928876244665719	0.9818435754189944	0.9748603351955307	0.9400916538305324	0.95782125
AB245353	1449	7245	Sphingomonadaceae	Sphingopyxis panaciterrae	AY563034	1422	7110	Sphingomonadaceae	Sphingopyxis granuli	6862.0	1425	16	22	1393	0.992872416250891	0.9887244538407329	0.9775438596491228	0.9517654650157664	0.96511954
AB245353	1449	7245	Sphingomonadaceae	Sphingopyxis panaciterrae	AB245343	1455	7275	Sphingomonadaceae	Sphingopyxis ginsengisoli	7075.0	1449	15	14	1429	0.9958188153310105	0.9903381642512077	0.9861973775017253	0.966662046936459	0.97653556
AB245353	1449	7245	Sphingomonadaceae	Sphingopyxis panaciterrae	D13723	1415	7045	Sphingomonadaceae	Sphingopyxis macrogoltabida	6822.0	1415	8	9	1385	0.9850640113798008	0.9943422913719944	0.9787985865724381	0.9671052794946227	0.96834636
AB245353	1449	7245	Sphingomonadaceae	Sphingopyxis panaciterrae	D13727	1417	7085	Sphingomonadaceae	Sphingopyxis terrae	6661.0	1445	25	54	1372	0.9863407620416966	0.9823446327683616	0.9494809688581315	0.8984544405997693	0.94015527
AB245353	1449	7245	Sphingomonadaceae	Sphingopyxis panaciterrae	Z73631	1445	7225	Sphingomonadaceae	Sphingopyxis alaskensis	7059.0	1447	9	12	1426	0.9937282229965156	0.9937673130193906	0.9854872149274361	0.9712734570198287	0.9770242
AB245353	1449	7245	Sphingomonadaceae	Sphingopyxis panaciterrae	AY608604	1446	7230	Sphingomonadaceae	Sphingopyxis baekryungensis	6531.0	1432	49	47	1358	0.9805054151624548	0.9671787709497207	0.9483240223463687	0.8868526475014995	0.9033195
AB245353	1449	7245	Sphingomonadaceae	Sphingopyxis panaciterrae	FJ599671	1398	6990	Sphingomonadaceae	Sphingopyxis soli	6712.0	1399	25	26	1365	0.9941733430444283	0.9821173104434907	0.9756969263759828	0.9407527246588654	0.9602289
AB245353	1449	7245	Sphingomonadaceae	Sphingopyxis panaciterrae	KJ726770	1427	7135	Sphingomonadaceae	Sphingopyxis flava	6664.0	1398	30	28	1359	0.9919708029197081	0.9799713876967096	0.9721030042918455	0.9326198290474988	0.9339874
AB245353	1449	7245	Sphingomonadaceae	Sphingopyxis panaciterrae	AF131297	1443	7215	Sphingomonadaceae	Sphingopyxis taejonensis	6956.0	1432	14	15	1408	0.9936485532815809	0.9902166317260657	0.9832402234636871	0.9635210211950517	0.96410257
AB245353	1449	7245	Sphingomonadaceae	Sphingopyxis panaciterrae	EF494193	1401	7005	Sphingomonadaceae	Sphingopyxis indica	6788.0	1401	21	21	1375	0.9963768115942029	0.9850107066381156	0.9814418272662384	0.952454093971455	0.96902215
AB245353	1449	7245	Sphingomonadaceae	Sphingopyxis panaciterrae	AJ416410	1482	7410	Sphingomonadaceae	Sphingopyxis witflariensis	7063.0	1449	11	11	1428	0.9930458970792768	0.9924085576259489	0.9855072463768116	0.9706571371848324	0.9748792
AB245353	1449	7245	Sphingomonadaceae	Sphingopyxis panaciterrae	AF367204	1440	7200	Sphingomonadaceae	Sphingopyxis chilensis	7081.0	1440	8	8	1426	0.9958100558659218	0.9944444444444445	0.9902777777777778	0.9793354818907305	0.9834722
AY563034	1422	7110	Sphingomonadaceae	Sphingopyxis granuli	AB245343	1455	7275	Sphingomonadaceae	Sphingopyxis ginsengisoli	6905.0	1419	16	10	1398	0.9921930447125621	0.992952783650458	0.985200845665962	0.967350516754941	0.9711674
AY563034	1422	7110	Sphingomonadaceae	Sphingopyxis granuli	D13723	1415	7045	Sphingomonadaceae	Sphingopyxis macrogoltabida	6730.0	1403	15	11	1370	0.9841954022988506	0.99215965787598	0.9764789736279401	0.9585745636742543	0.95528746
AY563034	1422	7110	Sphingomonadaceae	Sphingopyxis granuli	D13727	1417	7085	Sphingomonadaceae	Sphingopyxis terrae	6633.0	1419	23	34	1363	0.984115523465704	0.9836647727272727	0.9605355884425651	0.9225671220478174	0.93620324
AY563034	1422	7110	Sphingomonadaceae	Sphingopyxis granuli	Z73631	1445	7225	Sphingomonadaceae	Sphingopyxis alaskensis	6803.0	1419	26	21	1386	0.9914163090128756	0.985200845665962	0.9767441860465116	0.9449746519674901	0.9568214
AY563034	1422	7110	Sphingomonadaceae	Sphingopyxis granuli	AY608604	1446	7230	Sphingomonadaceae	Sphingopyxis baekryungensis	6459.0	1413	50	46	1342	0.9817117776152158	0.967445152158528	0.9497523000707714	0.8874308914536873	0.9084388
AY563034	1422	7110	Sphingomonadaceae	Sphingopyxis granuli	FJ599671	1398	6990	Sphingomonadaceae	Sphingopyxis soli	6677.0	1395	29	26	1360	0.9934258582907232	0.9813620071684588	0.974910394265233	0.9372558495429101	0.9552218
AY563034	1422	7110	Sphingomonadaceae	Sphingopyxis granuli	KJ726770	1427	7135	Sphingomonadaceae	Sphingopyxis flava	6547.0	1379	31	27	1338	0.9896449704142012	0.9804205946337926	0.9702683103698332	0.9303565642695139	0.92081577
AY563034	1422	7110	Sphingomonadaceae	Sphingopyxis granuli	AF131297	1443	7215	Sphingomonadaceae	Sphingopyxis taejonensis	6820.0	1413	22	21	1384	0.9942528735632183	0.9851380042462845	0.9794762915782024	0.9501261309246395	0.95921236
AY563034	1422	7110	Sphingomonadaceae	Sphingopyxis granuli	EF494193	1401	7005	Sphingomonadaceae	Sphingopyxis indica	6787.0	1399	19	18	1374	0.9949312092686459	0.9871336669049321	0.9821300929235168	0.9565032851391938	0.96887934
AY563034	1422	7110	Sphingomonadaceae	Sphingopyxis granuli	AJ416410	1482	7410	Sphingomonadaceae	Sphingopyxis witflariensis	6855.0	1419	14	8	1393	0.9872430900070872	0.9943622269203665	0.981677237491191	0.9666061284717867	0.96413505
AY563034	1422	7110	Sphingomonadaceae	Sphingopyxis granuli	AF367204	1440	7200	Sphingomonadaceae	Sphingopyxis chilensis	6851.0	1419	28	22	1391	0.9957050823192556	0.9844961240310077	0.9802677942212826	0.9463953756234499	0.96357244
AB245343	1455	7275	Sphingomonadaceae	Sphingopyxis ginsengisoli	D13723	1415	7045	Sphingomonadaceae	Sphingopyxis macrogoltabida	6828.0	1416	8	9	1386	0.9850746268656716	0.9943462897526502	0.9788135593220338	0.9671282850885545	0.969198
AB245343	1455	7275	Sphingomonadaceae	Sphingopyxis ginsengisoli	D13727	1417	7085	Sphingomonadaceae	Sphingopyxis terrae	6677.0	1437	17	39	1373	0.9821173104434907	0.9879858657243816	0.9554627696590118	0.9186636533585272	0.94241357
AB245343	1455	7275	Sphingomonadaceae	Sphingopyxis ginsengisoli	Z73631	1445	7225	Sphingomonadaceae	Sphingopyxis alaskensis	7009.0	1448	17	21	1420	0.9950946040644709	0.9882271468144044	0.9806629834254144	0.9552259913638678	0.9701038
AB245343	1455	7275	Sphingomonadaceae	Sphingopyxis ginsengisoli	AY608604	1446	7230	Sphingomonadaceae	Sphingopyxis baekryungensis	6571.0	1433	43	42	1363	0.9798705966930266	0.9706908583391486	0.9511514305652478	0.8963764498077639	0.908852
AB245343	1455	7275	Sphingomonadaceae	Sphingopyxis ginsengisoli	FJ599671	1398	6990	Sphingomonadaceae	Sphingopyxis soli	6719.0	1399	20	21	1366	0.9912917271407837	0.9856938483547926	0.9764117226590422	0.9481996855702327	0.96123034
AB245343	1455	7275	Sphingomonadaceae	Sphingopyxis ginsengisoli	KJ726770	1427	7135	Sphingomonadaceae	Sphingopyxis flava	6761.0	1399	18	17	1371	0.992040520984081	0.9878484631879915	0.9799857040743388	0.9557799880245139	0.94758236
AB245343	1455	7275	Sphingomonadaceae	Sphingopyxis ginsengisoli	AF131297	1443	7215	Sphingomonadaceae	Sphingopyxis taejonensis	6957.0	1433	15	17	1408	0.9943502824858758	0.989517819706499	0.9825540823447313	0.9608401799724721	0.96424115
AB245343	1455	7275	Sphingomonadaceae	Sphingopyxis ginsengisoli	EF494193	1401	7005	Sphingomonadaceae	Sphingopyxis indica	6741.0	1401	24	24	1369	0.9941902687000727	0.9828693790149893	0.9771591720199857	0.944244336751944	0.96231264
AB245343	1455	7275	Sphingomonadaceae	Sphingopyxis ginsengisoli	AJ416410	1482	7410	Sphingomonadaceae	Sphingopyxis witflariensis	7022.0	1453	12	12	1425	0.9888965995836225	0.9917412250516173	0.9807295251204404	0.9646629663471362	0.9652234
AB245343	1455	7275	Sphingomonadaceae	Sphingopyxis ginsengisoli	AF367204	1440	7200	Sphingomonadaceae	Sphingopyxis chilensis	6999.0	1441	19	20	1416	0.9964813511611541	0.9868055555555556	0.9826509368494102	0.956402041960967	0.97208333
D13723	1415	7045	Sphingomonadaceae	Sphingopyxis macrogoltabida	D13727	1417	7085	Sphingomonadaceae	Sphingopyxis terrae	6638.0	1411	29	23	1363	0.9819884726224783	0.9836995038979447	0.9659815733522324	0.9310989054256241	0.94222856
D13723	1415	7045	Sphingomonadaceae	Sphingopyxis macrogoltabida	Z73631	1445	7225	Sphingomonadaceae	Sphingopyxis alaskensis	6847.0	1413	11	11	1387	0.9893009985734664	0.9922151450813871	0.9815994338287332	0.9664342740364352	0.971895
D13723	1415	7045	Sphingomonadaceae	Sphingopyxis macrogoltabida	AY608604	1446	7230	Sphingomonadaceae	Sphingopyxis baekryungensis	6364.0	1397	47	44	1323	0.9778270509977827	0.968503937007874	0.9470293486041518	0.8873481361921172	0.9033357
D13723	1415	7045	Sphingomonadaceae	Sphingopyxis macrogoltabida	FJ599671	1398	6990	Sphingomonadaceae	Sphingopyxis soli	6686.0	1400	22	24	1362	0.9898255813953488	0.9842632331902719	0.9728571428571429	0.9413863773357445	0.9565093
D13723	1415	7045	Sphingomonadaceae	Sphingopyxis macrogoltabida	KJ726770	1427	7135	Sphingomonadaceae	Sphingopyxis flava	6472.0	1363	27	24	1322	0.9873039581777446	0.9823917828319882	0.9699192956713133	0.9343323287078334	0.9186657
D13723	1415	7045	Sphingomonadaceae	Sphingopyxis macrogoltabida	AF131297	1443	7215	Sphingomonadaceae	Sphingopyxis taejonensis	6698.0	1397	13	13	1363	0.9848265895953757	0.9906943450250537	0.9756621331424481	0.9576712001908851	0.9507452
D13723	1415	7045	Sphingomonadaceae	Sphingopyxis macrogoltabida	EF494193	1401	7005	Sphingomonadaceae	Sphingopyxis indica	6635.0	1384	19	18	1350	0.9882869692532943	0.9869942196531792	0.9754335260115607	0.949709334662717	0.94718057
D13723	1415	7045	Sphingomonadaceae	Sphingopyxis macrogoltabida	AJ416410	1482	7410	Sphingomonadaceae	Sphingopyxis witflariensis	6740.0	1415	11	10	1376	0.9793594306049822	0.9929328621908127	0.9724381625441696	0.9581175444421867	0.9567069
D13723	1415	7045	Sphingomonadaceae	Sphingopyxis macrogoltabida	AF367204	1440	7200	Sphingomonadaceae	Sphingopyxis chilensis	6813.0	1413	15	14	1383	0.9885632594710507	0.9900920028308563	0.9787685774946921	0.9588916245903881	0.96706885
D13727	1417	7085	Sphingomonadaceae	Sphingopyxis terrae	Z73631	1445	7225	Sphingomonadaceae	Sphingopyxis alaskensis	6621.0	1413	48	27	1365	0.9848484848484849	0.9808917197452229	0.9660297239915074	0.9164388757373233	0.9345095
D13727	1417	7085	Sphingomonadaceae	Sphingopyxis terrae	AY608604	1446	7230	Sphingomonadaceae	Sphingopyxis baekryungensis	6245.0	1399	96	50	1318	0.9770200148257969	0.9642601858470335	0.9421015010721944	0.8500969397634717	0.8814397
D13727	1417	7085	Sphingomonadaceae	Sphingopyxis terrae	FJ599671	1398	6990	Sphingomonadaceae	Sphingopyxis soli	6565.0	1403	29	34	1349	0.985390796201607	0.9792560801144492	0.9615110477548111	0.9192099332236986	0.93919885
D13727	1417	7085	Sphingomonadaceae	Sphingopyxis terrae	KJ726770	1427	7135	Sphingomonadaceae	Sphingopyxis flava	6307.0	1365	60	29	1309	0.9797904191616766	0.9787545787545787	0.958974358974359	0.8990805218173639	0.89019054
D13727	1417	7085	Sphingomonadaceae	Sphingopyxis terrae	AF131297	1443	7215	Sphingomonadaceae	Sphingopyxis taejonensis	6574.0	1399	57	29	1354	0.9883211678832117	0.9792709077912795	0.9678341672623302	0.9106681381520552	0.9278758
D13727	1417	7085	Sphingomonadaceae	Sphingopyxis terrae	EF494193	1401	7005	Sphingomonadaceae	Sphingopyxis indica	6520.0	1386	44	29	1340	0.9874723655121592	0.9790764790764791	0.9668109668109668	0.9174562810926447	0.9307637
D13727	1417	7085	Sphingomonadaceae	Sphingopyxis terrae	AJ416410	1482	7410	Sphingomonadaceae	Sphingopyxis witflariensis	6699.0	1417	50	21	1377	0.9863896848137536	0.9851799576570219	0.9717713479181369	0.9247394694572046	0.9455187
D13727	1417	7085	Sphingomonadaceae	Sphingopyxis terrae	AF367204	1440	7200	Sphingomonadaceae	Sphingopyxis chilensis	6589.0	1413	55	33	1361	0.986231884057971	0.9766454352441614	0.9631988676574664	0.9054594259995257	0.9299929
Z73631	1445	7225	Sphingomonadaceae	Sphingopyxis alaskensis	AY608604	1446	7230	Sphingomonadaceae	Sphingopyxis baekryungensis	6533.0	1429	56	49	1357	0.9833333333333333	0.9657102869139258	0.9496151154653604	0.8824706123516479	0.9042215
Z73631	1445	7225	Sphingomonadaceae	Sphingopyxis alaskensis	FJ599671	1398	6990	Sphingomonadaceae	Sphingopyxis soli	6675.0	1398	23	23	1361	0.9898181818181818	0.9835479256080114	0.9735336194563662	0.9420188084113326	0.9549356
Z73631	1445	7225	Sphingomonadaceae	Sphingopyxis alaskensis	KJ726770	1427	7135	Sphingomonadaceae	Sphingopyxis flava	6630.0	1395	34	27	1355	0.9904970760233918	0.9806451612903225	0.9713261648745519	0.9298629765908937	0.92922217
Z73631	1445	7225	Sphingomonadaceae	Sphingopyxis alaskensis	AF131297	1443	7215	Sphingomonadaceae	Sphingopyxis taejonensis	6881.0	1429	22	18	1399	0.9914953933380581	0.9874037788663401	0.9790062981105668	0.9520178405472156	0.9537076
Z73631	1445	7225	Sphingomonadaceae	Sphingopyxis alaskensis	EF494193	1401	7005	Sphingomonadaceae	Sphingopyxis indica	6703.0	1400	24	23	1365	0.9912854030501089	0.9835714285714285	0.975	0.9428195224719101	0.95688796
Z73631	1445	7225	Sphingomonadaceae	Sphingopyxis alaskensis	AJ416410	1482	7410	Sphingomonadaceae	Sphingopyxis witflariensis	6916.0	1445	27	22	1410	0.9908643710470836	0.9847750865051903	0.9757785467128027	0.9432967880246729	0.9572318
Z73631	1445	7225	Sphingomonadaceae	Sphingopyxis alaskensis	AF367204	1440	7200	Sphingomonadaceae	Sphingopyxis chilensis	7033.0	1439	15	14	1420	0.9964912280701754	0.990271021542738	0.9867963863794301	0.9671147528134031	0.97680557
AY608604	1446	7230	Sphingomonadaceae	Sphingopyxis baekryungensis	FJ599671	1398	6990	Sphingomonadaceae	Sphingopyxis soli	6354.0	1392	50	52	1319	0.9843283582089553	0.9640287769784173	0.9475574712643678	0.8805319081097455	0.90901285
AY608604	1446	7230	Sphingomonadaceae	Sphingopyxis baekryungensis	KJ726770	1427	7135	Sphingomonadaceae	Sphingopyxis flava	6392.0	1412	53	53	1332	0.9801324503311258	0.9624645892351275	0.943342776203966	0.8750872579257268	0.89586544
AY608604	1446	7230	Sphingomonadaceae	Sphingopyxis baekryungensis	AF131297	1443	7215	Sphingomonadaceae	Sphingopyxis taejonensis	6643.0	1446	41	44	1376	0.9814550641940085	0.9715869715869716	0.9515905947441217	0.8971957053337314	0.9207207
AY608604	1446	7230	Sphingomonadaceae	Sphingopyxis baekryungensis	EF494193	1401	7005	Sphingomonadaceae	Sphingopyxis indica	6360.0	1403	57	59	1324	0.9851190476190477	0.9593147751605996	0.9436920883820384	0.8687138128667531	0.9079229
AY608604	1446	7230	Sphingomonadaceae	Sphingopyxis baekryungensis	AJ416410	1482	7410	Sphingomonadaceae	Sphingopyxis witflariensis	6631.0	1446	43	45	1375	0.9814418272662384	0.9702216066481995	0.9508990318118948	0.8947008351702247	0.91715074
AY608604	1446	7230	Sphingomonadaceae	Sphingopyxis baekryungensis	AF367204	1440	7200	Sphingomonadaceae	Sphingopyxis chilensis	6521.0	1426	50	52	1353	0.9847161572052402	0.9648876404494382	0.9488078541374474	0.8832398316970548	0.9056944
FJ599671	1398	6990	Sphingomonadaceae	Sphingopyxis soli	KJ726770	1427	7135	Sphingomonadaceae	Sphingopyxis flava	6565.0	1356	16	14	1331	0.9918032786885246	0.9896755162241888	0.9815634218289085	0.9601006647918333	0.93919885
FJ599671	1398	6990	Sphingomonadaceae	Sphingopyxis soli	AF131297	1443	7215	Sphingomonadaceae	Sphingopyxis taejonensis	6754.0	1390	17	18	1366	0.9956268221574344	0.9877609791216703	0.9827338129496402	0.9582876981996492	0.9662375
FJ599671	1398	6990	Sphingomonadaceae	Sphingopyxis soli	EF494193	1401	7005	Sphingomonadaceae	Sphingopyxis indica	6688.0	1377	13	13	1354	0.9926686217008798	0.990559186637618	0.9832970225127088	0.964904416336212	0.9567954
FJ599671	1398	6990	Sphingomonadaceae	Sphingopyxis soli	AJ416410	1482	7410	Sphingomonadaceae	Sphingopyxis witflariensis	6634.0	1398	30	29	1356	0.9905040175310446	0.9792560801144492	0.9699570815450643	0.9298818239742248	0.9490701
FJ599671	1398	6990	Sphingomonadaceae	Sphingopyxis soli	AF367204	1440	7200	Sphingomonadaceae	Sphingopyxis chilensis	6702.0	1398	24	23	1364	0.992	0.9835479256080114	0.9756795422031473	0.9434313435508633	0.9587983
KJ726770	1427	7135	Sphingomonadaceae	Sphingopyxis flava	AF131297	1443	7215	Sphingomonadaceae	Sphingopyxis taejonensis	6694.0	1412	32	35	1367	0.9927378358750908	0.9772888573456352	0.9681303116147308	0.9232101378763742	0.938192
KJ726770	1427	7135	Sphingomonadaceae	Sphingopyxis flava	EF494193	1401	7005	Sphingomonadaceae	Sphingopyxis indica	6662.0	1382	16	18	1352	0.9912023460410557	0.9884057971014493	0.9782923299565847	0.954499812632891	0.95103496
KJ726770	1427	7135	Sphingomonadaceae	Sphingopyxis flava	AJ416410	1482	7410	Sphingomonadaceae	Sphingopyxis witflariensis	6762.0	1427	26	28	1382	0.9878484631879915	0.9817543859649123	0.9684653118430273	0.9324727950918068	0.9477225
KJ726770	1427	7135	Sphingomonadaceae	Sphingopyxis flava	AF367204	1440	7200	Sphingomonadaceae	Sphingopyxis chilensis	6569.0	1392	36	38	1344	0.9926144756277696	0.9741007194244604	0.9655172413793104	0.9154834347532117	0.9206727
AF131297	1443	7215	Sphingomonadaceae	Sphingopyxis taejonensis	EF494193	1401	7005	Sphingomonadaceae	Sphingopyxis indica	6725.0	1400	26	25	1367	0.9941818181818182	0.9821428571428571	0.9764285714285714	0.9415072129833701	0.9600285
AF131297	1443	7215	Sphingomonadaceae	Sphingopyxis taejonensis	AJ416410	1482	7410	Sphingomonadaceae	Sphingopyxis witflariensis	6963.0	1443	19	18	1414	0.992280701754386	0.9875259875259875	0.9799029799029799	0.955103793681085	0.96507275
AF131297	1443	7215	Sphingomonadaceae	Sphingopyxis taejonensis	AF367204	1440	7200	Sphingomonadaceae	Sphingopyxis chilensis	6963.0	1423	9	8	1406	0.9936395759717315	0.994378074490513	0.9880534082923401	0.9763237239760205	0.96708333
EF494193	1401	7005	Sphingomonadaceae	Sphingopyxis indica	AJ416410	1482	7410	Sphingomonadaceae	Sphingopyxis witflariensis	6747.0	1401	15	15	1371	0.9891774891774892	0.9892933618843683	0.9785867237687366	0.9578539541973651	0.96316916
EF494193	1401	7005	Sphingomonadaceae	Sphingopyxis indica	AF367204	1440	7200	Sphingomonadaceae	Sphingopyxis chilensis	6742.0	1401	27	27	1369	0.9963609898107715	0.9807280513918629	0.9771591720199857	0.9402077747587257	0.9624554
AJ416410	1482	7410	Sphingomonadaceae	Sphingopyxis witflariensis	AF367204	1440	7200	Sphingomonadaceae	Sphingopyxis chilensis	6933.0	1440	18	18	1409	0.990857946554149	0.9875	0.9784722222222222	0.954312414266118	0.9629167
