KJ155688	1436	7180	Cytophagaceae	Spirosoma oryzae	JX089325	1440	7200	Cytophagaceae	Spirosoma aerolatum	6419.0	1436	62	61	1346	0.978909090909091	0.9575208913649025	0.9373259052924791	0.8603625632691314	0.89401114
KJ155688	1436	7180	Cytophagaceae	Spirosoma oryzae	EF451725	1296	6468	Cytophagaceae	Spirosoma spitsbergense	5681.0	1293	73	70	1196	0.9779231398201145	0.945862335653519	0.9249806651198763	0.8281488678196257	0.87832403
KJ155688	1436	7180	Cytophagaceae	Spirosoma oryzae	KT347096	1406	7030	Cytophagaceae	Spirosoma soli	6213.0	1425	62	83	1311	0.9769001490312966	0.9558404558404558	0.92	0.8302891728312038	0.88378376
KJ155688	1436	7180	Cytophagaceae	Spirosoma oryzae	EF507900	1407	7035	Cytophagaceae	Spirosoma rigui	6231.0	1406	62	61	1311	0.9747211895910781	0.9566145092460882	0.9324324324324325	0.8543062817585979	0.8857143
KJ155688	1436	7180	Cytophagaceae	Spirosoma oryzae	JQ958375	1452	7260	Cytophagaceae	Spirosoma montaniterrae	6219.0	1436	69	68	1322	0.966374269005848	0.9526462395543176	0.9206128133704735	0.8368095207247892	0.866156
KJ155688	1436	7180	Cytophagaceae	Spirosoma oryzae	AM000023	1440	7200	Cytophagaceae	Spirosoma linguale	6327.0	1432	63	61	1334	0.9730123997082422	0.9574022346368715	0.9315642458100558	0.8542973785990545	0.88119775
KJ155688	1436	7180	Cytophagaceae	Spirosoma oryzae	EF451726	1396	6974	Cytophagaceae	Spirosoma luteum	6131.0	1390	83	77	1290	0.9824828636709825	0.9446043165467626	0.9280575539568345	0.8272502161203826	0.87912244
KJ155688	1436	7180	Cytophagaceae	Spirosoma oryzae	KF303585	1449	7245	Cytophagaceae	Spirosoma radiotolerans	6345.0	1436	65	64	1337	0.9744897959183674	0.9554317548746518	0.9310584958217271	0.8510408103047364	0.8837047
KJ155688	1436	7180	Cytophagaceae	Spirosoma oryzae	KP974819	1405	7025	Cytophagaceae	Spirosoma pulveris	6160.0	1435	58	91	1305	0.9709821428571429	0.9586305278174037	0.9094076655052264	0.8186496332478396	0.8768683
KJ155688	1436	7180	Cytophagaceae	Spirosoma oryzae	LC019141	1457	7285	Cytophagaceae	Spirosoma fluviale	6265.0	1435	82	71	1327	0.9728739002932552	0.9505226480836237	0.9247386759581881	0.8314723493783577	0.87256265
KJ155688	1436	7180	Cytophagaceae	Spirosoma oryzae	GQ342559	1408	7040	Cytophagaceae	Spirosoma endophyticum	6180.0	1411	62	67	1307	0.9724702380952381	0.9559032716927454	0.926293408929837	0.8451719902251874	0.87784094
KJ155688	1436	7180	Cytophagaceae	Spirosoma oryzae	LC148303	1444	7214	Cytophagaceae	Spirosoma knui	6361.0	1436	55	54	1339	0.9688856729377714	0.9623955431754875	0.9324512534818942	0.8642841262991132	0.88593316
KJ155688	1436	7180	Cytophagaceae	Spirosoma oryzae	KU865688	1383	6915	Cytophagaceae	Spirosoma swuense	6121.0	1385	64	66	1289	0.9772554965883244	0.9537237888647867	0.9306859205776173	0.8471875288073688	0.88517714
KJ155688	1436	7180	Cytophagaceae	Spirosoma oryzae	KR024033	1445	7225	Cytophagaceae	Spirosoma aerophilum	6326.0	1436	64	63	1335	0.9723233794610342	0.9561281337047354	0.9296657381615598	0.8509540389972144	0.8810585
KJ155688	1436	7180	Cytophagaceae	Spirosoma oryzae	LC148305	1438	7190	Cytophagaceae	Spirosoma fluminis	6326.0	1433	66	65	1333	0.9744152046783626	0.9546406140963015	0.9302163293789253	0.8489232412210606	0.8810585
KJ155688	1436	7180	Cytophagaceae	Spirosoma oryzae	EU370956	1442	7204	Cytophagaceae	Spirosoma panaciterrae	6393.0	1436	54	53	1343	0.9710773680404917	0.963091922005571	0.9352367688022284	0.8680754706399206	0.89039
JX089325	1440	7200	Cytophagaceae	Spirosoma aerolatum	EF451725	1296	6468	Cytophagaceae	Spirosoma spitsbergense	5812.0	1294	56	54	1215	0.9798387096774194	0.9582689335394127	0.9389489953632149	0.8624420401854713	0.89857763
JX089325	1440	7200	Cytophagaceae	Spirosoma aerolatum	KT347096	1406	7030	Cytophagaceae	Spirosoma soli	6257.0	1426	65	85	1318	0.9828486204325131	0.9537695590327169	0.9242636746143057	0.8312794015142749	0.89004266
JX089325	1440	7200	Cytophagaceae	Spirosoma aerolatum	EF507900	1407	7035	Cytophagaceae	Spirosoma rigui	6233.0	1430	50	73	1316	0.969786293294031	0.9644633972992182	0.9202797202797203	0.8437970137970138	0.8859986
JX089325	1440	7200	Cytophagaceae	Spirosoma aerolatum	JQ958375	1452	7260	Cytophagaceae	Spirosoma montaniterrae	6275.0	1440	73	73	1330	0.9729334308705194	0.9493055555555555	0.9236111111111112	0.8344853859146655	0.8715278
JX089325	1440	7200	Cytophagaceae	Spirosoma aerolatum	AM000023	1440	7200	Cytophagaceae	Spirosoma linguale	6384.0	1434	64	63	1340	0.9773887673231219	0.9560669456066946	0.9344490934449093	0.8552267737736787	0.88666666
JX089325	1440	7200	Cytophagaceae	Spirosoma aerolatum	EF451726	1396	6974	Cytophagaceae	Spirosoma luteum	6235.0	1387	66	57	1305	0.981203007518797	0.958904109589041	0.9408795962509012	0.8612318396515476	0.894035
JX089325	1440	7200	Cytophagaceae	Spirosoma aerolatum	KF303585	1449	7245	Cytophagaceae	Spirosoma radiotolerans	6515.0	1440	50	50	1359	0.9776978417266187	0.9652777777777778	0.94375	0.8804110738255033	0.9048611
JX089325	1440	7200	Cytophagaceae	Spirosoma aerolatum	KP974819	1405	7025	Cytophagaceae	Spirosoma pulveris	6332.0	1406	44	45	1324	0.9728141072740631	0.9686832740213523	0.9416785206258891	0.8838789424633345	0.9013523
JX089325	1440	7200	Cytophagaceae	Spirosoma aerolatum	LC019141	1457	7285	Cytophagaceae	Spirosoma fluviale	6377.0	1437	71	61	1342	0.9752906976744186	0.9575504523312457	0.9338900487125957	0.8521437049260822	0.88569444
JX089325	1440	7200	Cytophagaceae	Spirosoma aerolatum	GQ342559	1408	7040	Cytophagaceae	Spirosoma endophyticum	6336.0	1424	58	74	1326	0.9822222222222222	0.9588068181818182	0.9311797752808989	0.8482406859846245	0.9
JX089325	1440	7200	Cytophagaceae	Spirosoma aerolatum	LC148303	1444	7214	Cytophagaceae	Spirosoma knui	6384.0	1440	75	75	1341	0.9824175824175824	0.9479166666666666	0.93125	0.8390470297029703	0.88666666
JX089325	1440	7200	Cytophagaceae	Spirosoma aerolatum	KU865688	1383	6915	Cytophagaceae	Spirosoma swuense	6490.0	1385	42	44	1332	0.9932885906040269	0.9696312364425163	0.9617328519855596	0.9037727782148812	0.9385394
JX089325	1440	7200	Cytophagaceae	Spirosoma aerolatum	KR024033	1445	7225	Cytophagaceae	Spirosoma aerophilum	6460.0	1440	54	54	1352	0.9754689754689755	0.9625	0.9388888888888889	0.8710174029451138	0.8972222
JX089325	1440	7200	Cytophagaceae	Spirosoma aerolatum	LC148305	1438	7190	Cytophagaceae	Spirosoma fluminis	6313.0	1436	87	87	1331	0.9866567828020756	0.9394150417827298	0.9268802228412256	0.8209858309998774	0.87802505
JX089325	1440	7200	Cytophagaceae	Spirosoma aerolatum	EU370956	1442	7204	Cytophagaceae	Spirosoma panaciterrae	6994.0	1439	21	21	1414	0.997179125528914	0.985406532314107	0.9826268241834607	0.9543594771864022	0.9713889
EF451725	1296	6468	Cytophagaceae	Spirosoma spitsbergense	KT347096	1406	7030	Cytophagaceae	Spirosoma soli	5839.0	1296	49	52	1218	0.9790996784565916	0.9621036349574633	0.9398148148148148	0.8692413603194272	0.902752
EF451725	1296	6468	Cytophagaceae	Spirosoma spitsbergense	EF507900	1407	7035	Cytophagaceae	Spirosoma rigui	5949.0	1296	43	45	1231	0.9840127897681854	0.9667697063369397	0.9498456790123457	0.8874211683677704	0.9197588
EF451725	1296	6468	Cytophagaceae	Spirosoma spitsbergense	JQ958375	1452	7260	Cytophagaceae	Spirosoma montaniterrae	5516.0	1296	69	71	1181	0.9640816326530612	0.9466769706336939	0.9112654320987654	0.8178023108578665	0.85281384
EF451725	1296	6468	Cytophagaceae	Spirosoma spitsbergense	AM000023	1440	7200	Cytophagaceae	Spirosoma linguale	5941.0	1296	49	50	1230	0.9871589085072231	0.9621621621621622	0.9490740740740741	0.8792165771719676	0.91852194
EF451725	1296	6468	Cytophagaceae	Spirosoma spitsbergense	EF451726	1396	6974	Cytophagaceae	Spirosoma luteum	6227.0	1296	31	23	1265	0.9937156323644933	0.9822530864197531	0.9760802469135802	0.9363603272953938	0.96273965
EF451725	1296	6468	Cytophagaceae	Spirosoma spitsbergense	KF303585	1449	7245	Cytophagaceae	Spirosoma radiotolerans	5856.0	1296	51	53	1220	0.9814963797264682	0.9605873261205564	0.941358024691358	0.8686770784642598	0.9053803
EF451725	1296	6468	Cytophagaceae	Spirosoma spitsbergense	KP974819	1405	7025	Cytophagaceae	Spirosoma pulveris	5917.0	1296	44	46	1227	0.9816	0.9659969088098919	0.9467592592592593	0.8831709508015478	0.9148114
EF451725	1296	6468	Cytophagaceae	Spirosoma spitsbergense	LC019141	1457	7285	Cytophagaceae	Spirosoma fluviale	5982.0	1296	49	41	1237	0.9856573705179282	0.9683641975308642	0.9544753086419753	0.8906070723759695	0.92486084
EF451725	1296	6468	Cytophagaceae	Spirosoma spitsbergense	GQ342559	1408	7040	Cytophagaceae	Spirosoma endophyticum	5955.0	1296	52	54	1231	0.9911433172302737	0.9598145285935085	0.9498456790123457	0.8751545499505441	0.9206865
EF451725	1296	6468	Cytophagaceae	Spirosoma spitsbergense	LC148303	1444	7214	Cytophagaceae	Spirosoma knui	5741.0	1296	62	64	1206	0.9788961038961039	0.9520865533230294	0.9305555555555556	0.8442153493699887	0.8876005
EF451725	1296	6468	Cytophagaceae	Spirosoma spitsbergense	KU865688	1383	6915	Cytophagaceae	Spirosoma swuense	5861.0	1296	46	50	1221	0.9799357945425361	0.9643962848297214	0.9421296296296297	0.8747343655130541	0.9061534
EF451725	1296	6468	Cytophagaceae	Spirosoma spitsbergense	KR024033	1445	7225	Cytophagaceae	Spirosoma aerophilum	5942.0	1296	46	48	1230	0.9855769230769231	0.964451313755796	0.9490740740740741	0.8825964563669481	0.91867656
EF451725	1296	6468	Cytophagaceae	Spirosoma spitsbergense	LC148305	1438	7190	Cytophagaceae	Spirosoma fluminis	5720.0	1296	65	67	1203	0.9788445890968267	0.9497681607418856	0.9282407407407407	0.8382129833727923	0.88435376
EF451725	1296	6468	Cytophagaceae	Spirosoma spitsbergense	EU370956	1442	7204	Cytophagaceae	Spirosoma panaciterrae	5843.0	1296	47	49	1219	0.9775461106655974	0.9636785162287481	0.9405864197530864	0.87335164961437	0.90337044
KT347096	1406	7030	Cytophagaceae	Spirosoma soli	EF507900	1407	7035	Cytophagaceae	Spirosoma rigui	6267.0	1397	57	51	1314	0.9762258543833581	0.9634931997136722	0.9405869720830351	0.8707221901126309	0.8914651
KT347096	1406	7030	Cytophagaceae	Spirosoma soli	JQ958375	1452	7260	Cytophagaceae	Spirosoma montaniterrae	6132.0	1404	87	61	1304	0.9709605361131795	0.9565527065527065	0.9287749287749287	0.8365826487892215	0.87226176
KT347096	1406	7030	Cytophagaceae	Spirosoma soli	AM000023	1440	7200	Cytophagaceae	Spirosoma linguale	6282.0	1403	89	59	1321	0.9828869047619048	0.9579472558802566	0.9415538132573058	0.8481557138189136	0.89359885
KT347096	1406	7030	Cytophagaceae	Spirosoma soli	EF451726	1396	6974	Cytophagaceae	Spirosoma luteum	6267.0	1389	59	52	1309	0.9790575916230366	0.9625629949604032	0.9424046076313894	0.8701622654718009	0.89862347
KT347096	1406	7030	Cytophagaceae	Spirosoma soli	KF303585	1449	7245	Cytophagaceae	Spirosoma radiotolerans	6269.0	1404	95	56	1322	0.9807121661721068	0.9601139601139601	0.9415954415954416	0.8467449334694164	0.8917496
KT347096	1406	7030	Cytophagaceae	Spirosoma soli	KP974819	1405	7025	Cytophagaceae	Spirosoma pulveris	6196.0	1395	72	65	1303	0.9796992481203007	0.953405017921147	0.9340501792114695	0.8468212258699757	0.8819929
KT347096	1406	7030	Cytophagaceae	Spirosoma soli	LC019141	1457	7285	Cytophagaceae	Spirosoma fluviale	6239.0	1403	99	60	1317	0.9806403574087863	0.9572344975053457	0.9387027797576621	0.8393327784384422	0.8874822
KT347096	1406	7030	Cytophagaceae	Spirosoma soli	GQ342559	1408	7040	Cytophagaceae	Spirosoma endophyticum	6302.0	1395	66	55	1317	0.9828358208955223	0.9605734767025089	0.9440860215053763	0.8658968301281343	0.8964438
KT347096	1406	7030	Cytophagaceae	Spirosoma soli	LC148303	1444	7214	Cytophagaceae	Spirosoma knui	6404.0	1406	76	53	1335	0.9866962305986696	0.9623044096728307	0.94950213371266	0.8668531625595337	0.91095304
KT347096	1406	7030	Cytophagaceae	Spirosoma soli	KU865688	1383	6915	Cytophagaceae	Spirosoma swuense	6213.0	1390	57	64	1301	0.9811463046757164	0.9587852494577006	0.9359712230215828	0.8577041062381608	0.89848155
KT347096	1406	7030	Cytophagaceae	Spirosoma soli	KR024033	1445	7225	Cytophagaceae	Spirosoma aerophilum	6291.0	1404	81	59	1321	0.9821561338289962	0.957977207977208	0.9408831908831908	0.8521803984766947	0.8948791
KT347096	1406	7030	Cytophagaceae	Spirosoma soli	LC148305	1438	7190	Cytophagaceae	Spirosoma fluminis	6355.0	1406	86	63	1328	0.9888309754281459	0.9551920341394026	0.9445234708392604	0.8501977354806479	0.90398294
KT347096	1406	7030	Cytophagaceae	Spirosoma soli	EU370956	1442	7204	Cytophagaceae	Spirosoma panaciterrae	6259.0	1406	84	64	1318	0.9821162444113264	0.9544807965860598	0.9374110953058321	0.8442991207385414	0.89032716
EF507900	1407	7035	Cytophagaceae	Spirosoma rigui	JQ958375	1452	7260	Cytophagaceae	Spirosoma montaniterrae	6070.0	1407	68	68	1294	0.9663928304705004	0.9516702203269367	0.9196872778962332	0.8348889932902075	0.86282873
EF507900	1407	7035	Cytophagaceae	Spirosoma rigui	AM000023	1440	7200	Cytophagaceae	Spirosoma linguale	6498.0	1407	47	46	1343	0.9867744305657604	0.9673063255152807	0.9545131485429993	0.8934610695784195	0.9236674
EF507900	1407	7035	Cytophagaceae	Spirosoma rigui	EF451726	1396	6974	Cytophagaceae	Spirosoma luteum	6366.0	1386	55	45	1320	0.9843400447427293	0.9675324675324676	0.9523809523809523	0.8862892832358481	0.912819
EF507900	1407	7035	Cytophagaceae	Spirosoma rigui	KF303585	1449	7245	Cytophagaceae	Spirosoma radiotolerans	6468.0	1407	43	43	1340	0.9824046920821115	0.9694385216773277	0.9523809523809523	0.8958949096880131	0.91940296
EF507900	1407	7035	Cytophagaceae	Spirosoma rigui	KP974819	1405	7025	Cytophagaceae	Spirosoma pulveris	6436.0	1394	44	42	1330	0.9837278106508875	0.96987087517934	0.9540889526542324	0.8970293908126025	0.9161566
EF507900	1407	7035	Cytophagaceae	Spirosoma rigui	LC019141	1457	7285	Cytophagaceae	Spirosoma fluviale	6507.0	1407	53	43	1345	0.9860703812316716	0.9694385216773277	0.9559346126510305	0.8930786381205519	0.92494667
EF507900	1407	7035	Cytophagaceae	Spirosoma rigui	GQ342559	1408	7040	Cytophagaceae	Spirosoma endophyticum	6447.0	1399	43	43	1334	0.9837758112094396	0.9692637598284489	0.9535382416011436	0.896669802781658	0.9164179
EF507900	1407	7035	Cytophagaceae	Spirosoma rigui	LC148303	1444	7214	Cytophagaceae	Spirosoma knui	6273.0	1407	59	59	1316	0.9762611275964391	0.9580668088130775	0.9353233830845771	0.8600381448826807	0.8916844
EF507900	1407	7035	Cytophagaceae	Spirosoma rigui	KU865688	1383	6915	Cytophagaceae	Spirosoma swuense	6185.0	1385	46	48	1298	0.9708302169035153	0.9667389732465654	0.9371841155234657	0.8756220562228327	0.89443237
EF507900	1407	7035	Cytophagaceae	Spirosoma rigui	KR024033	1445	7225	Cytophagaceae	Spirosoma aerophilum	6430.0	1407	65	46	1338	0.9831006612784717	0.9673063255152807	0.9509594882729211	0.879249907295819	0.9140014
EF507900	1407	7035	Cytophagaceae	Spirosoma rigui	LC148305	1438	7190	Cytophagaceae	Spirosoma fluminis	6259.0	1407	59	59	1315	0.9755192878338279	0.9580668088130775	0.9346126510305615	0.859384620456478	0.8896944
EF507900	1407	7035	Cytophagaceae	Spirosoma rigui	EU370956	1442	7204	Cytophagaceae	Spirosoma panaciterrae	6267.0	1405	70	43	1319	0.9684287812041116	0.9693950177935943	0.9387900355871887	0.866869171843899	0.89083153
JQ958375	1452	7260	Cytophagaceae	Spirosoma montaniterrae	AM000023	1440	7200	Cytophagaceae	Spirosoma linguale	6243.0	1439	67	66	1327	0.9664967225054625	0.9541348158443363	0.9221681723419041	0.840728353668947	0.8670833
JQ958375	1452	7260	Cytophagaceae	Spirosoma montaniterrae	EF451726	1396	6974	Cytophagaceae	Spirosoma luteum	5910.0	1405	86	95	1269	0.9687022900763359	0.9383954154727794	0.903202846975089	0.7935585040492062	0.8474333
JQ958375	1452	7260	Cytophagaceae	Spirosoma montaniterrae	KF303585	1449	7245	Cytophagaceae	Spirosoma radiotolerans	6236.0	1448	78	77	1330	0.9700948212983224	0.9468232044198895	0.9185082872928176	0.8252128845861423	0.86073154
JQ958375	1452	7260	Cytophagaceae	Spirosoma montaniterrae	KP974819	1405	7025	Cytophagaceae	Spirosoma pulveris	6057.0	1405	73	73	1290	0.9684684684684685	0.9480427046263346	0.9181494661921709	0.8274526988957859	0.8622064
JQ958375	1452	7260	Cytophagaceae	Spirosoma montaniterrae	LC019141	1457	7285	Cytophagaceae	Spirosoma fluviale	6175.0	1445	88	77	1322	0.966374269005848	0.946712802768166	0.914878892733564	0.8164085618131217	0.85055095
JQ958375	1452	7260	Cytophagaceae	Spirosoma montaniterrae	GQ342559	1408	7040	Cytophagaceae	Spirosoma endophyticum	6126.0	1408	59	59	1302	0.9651593773165308	0.9580965909090909	0.9247159090909091	0.8503352156534671	0.8701705
JQ958375	1452	7260	Cytophagaceae	Spirosoma montaniterrae	LC148303	1444	7214	Cytophagaceae	Spirosoma knui	6379.0	1445	68	69	1343	0.9760174418604651	0.9529085872576177	0.9294117647058824	0.8452548501224681	0.88425285
JQ958375	1452	7260	Cytophagaceae	Spirosoma montaniterrae	KU865688	1383	6915	Cytophagaceae	Spirosoma swuense	6035.0	1410	63	90	1284	0.9727272727272728	0.9544468546637744	0.9106382978723404	0.8160506131646228	0.87274045
JQ958375	1452	7260	Cytophagaceae	Spirosoma montaniterrae	KR024033	1445	7225	Cytophagaceae	Spirosoma aerophilum	6186.0	1445	76	76	1322	0.9656683710737765	0.9474048442906574	0.914878892733564	0.8234511532887897	0.8561938
JQ958375	1452	7260	Cytophagaceae	Spirosoma montaniterrae	LC148305	1438	7190	Cytophagaceae	Spirosoma fluminis	6319.0	1439	69	70	1335	0.9751643535427319	0.9520166898470097	0.9277275886031967	0.8422142366032999	0.8788595
JQ958375	1452	7260	Cytophagaceae	Spirosoma montaniterrae	EU370956	1442	7204	Cytophagaceae	Spirosoma panaciterrae	6316.0	1444	68	70	1336	0.9723435225618632	0.9528432732316228	0.925207756232687	0.8407641911797037	0.87673515
AM000023	1440	7200	Cytophagaceae	Spirosoma linguale	EF451726	1396	6974	Cytophagaceae	Spirosoma luteum	6365.0	1403	52	60	1322	0.9843633655994043	0.9627240143369176	0.9422665716322167	0.8697347118227264	0.9126757
AM000023	1440	7200	Cytophagaceae	Spirosoma linguale	KF303585	1449	7245	Cytophagaceae	Spirosoma radiotolerans	6793.0	1440	39	40	1391	0.9935714285714285	0.9728978457261988	0.9659722222222222	0.9143753286755315	0.9434722
AM000023	1440	7200	Cytophagaceae	Spirosoma linguale	KP974819	1405	7025	Cytophagaceae	Spirosoma pulveris	6792.0	1400	18	19	1375	0.9956553222302679	0.9871336669049321	0.9821428571428571	0.9565157163006245	0.96683276
AM000023	1440	7200	Cytophagaceae	Spirosoma linguale	LC019141	1457	7285	Cytophagaceae	Spirosoma fluviale	6952.0	1440	32	23	1411	0.9957657021877205	0.9840277777777777	0.9798611111111111	0.9432494527475844	0.96555555
AM000023	1440	7200	Cytophagaceae	Spirosoma linguale	GQ342559	1408	7040	Cytophagaceae	Spirosoma endophyticum	6647.0	1403	31	32	1359	0.9912472647702407	0.9778887303851641	0.9686386315039202	0.9260833778186015	0.94417614
AM000023	1440	7200	Cytophagaceae	Spirosoma linguale	LC148303	1444	7214	Cytophagaceae	Spirosoma knui	6452.0	1437	55	56	1350	0.9775524981897176	0.9616991643454039	0.9394572025052192	0.8695646090212518	0.89611113
AM000023	1440	7200	Cytophagaceae	Spirosoma linguale	KU865688	1383	6915	Cytophagaceae	Spirosoma swuense	6204.0	1418	51	86	1304	0.978978978978979	0.9631236442516269	0.919605077574048	0.833842044471499	0.89718
AM000023	1440	7200	Cytophagaceae	Spirosoma linguale	KR024033	1445	7225	Cytophagaceae	Spirosoma aerophilum	6897.0	1439	26	27	1403	0.9936260623229461	0.9819193324061196	0.9749826268241835	0.9397102177991448	0.9579167
AM000023	1440	7200	Cytophagaceae	Spirosoma linguale	LC148305	1438	7190	Cytophagaceae	Spirosoma fluminis	6452.0	1431	52	53	1349	0.978955007256894	0.9636363636363636	0.9426974143955276	0.8759521490472265	0.89735746
AM000023	1440	7200	Cytophagaceae	Spirosoma linguale	EU370956	1442	7204	Cytophagaceae	Spirosoma panaciterrae	6425.0	1440	52	55	1347	0.9725631768953069	0.9638135003479471	0.9354166666666667	0.8683324955317248	0.8923611
EF451726	1396	6974	Cytophagaceae	Spirosoma luteum	KF303585	1449	7245	Cytophagaceae	Spirosoma radiotolerans	6317.0	1395	63	56	1316	0.9828230022404779	0.9598566308243728	0.9433691756272401	0.8663726516905861	0.90579295
EF451726	1396	6974	Cytophagaceae	Spirosoma luteum	KP974819	1405	7025	Cytophagaceae	Spirosoma pulveris	6341.0	1392	48	55	1315	0.9835452505609573	0.9653429602888086	0.944683908045977	0.8771127674010216	0.9092343
EF451726	1396	6974	Cytophagaceae	Spirosoma luteum	LC019141	1457	7285	Cytophagaceae	Spirosoma fluviale	6442.0	1395	55	38	1334	0.9830508474576272	0.9727598566308244	0.9562724014336917	0.8949390681003584	0.92371666
EF451726	1396	6974	Cytophagaceae	Spirosoma luteum	GQ342559	1408	7040	Cytophagaceae	Spirosoma endophyticum	6401.0	1396	44	54	1324	0.9865871833084948	0.9682539682539683	0.9484240687679083	0.8838785418656478	0.9178377
EF451726	1396	6974	Cytophagaceae	Spirosoma luteum	LC148303	1444	7214	Cytophagaceae	Spirosoma knui	6092.0	1396	84	75	1290	0.9765329295987888	0.9462750716332379	0.9240687679083095	0.8247938124370789	0.87353027
EF451726	1396	6974	Cytophagaceae	Spirosoma luteum	KU865688	1383	6915	Cytophagaceae	Spirosoma swuense	6228.0	1390	49	61	1301	0.9789315274642588	0.9644412191582002	0.9359712230215828	0.8644237355077716	0.90065074
EF451726	1396	6974	Cytophagaceae	Spirosoma luteum	KR024033	1445	7225	Cytophagaceae	Spirosoma aerophilum	6386.0	1395	42	46	1323	0.9807264640474426	0.9698058950395398	0.9483870967741935	0.8903091117246952	0.91568685
EF451726	1396	6974	Cytophagaceae	Spirosoma luteum	LC148305	1438	7190	Cytophagaceae	Spirosoma fluminis	6119.0	1396	83	74	1293	0.9780635400907716	0.9469914040114613	0.9262177650429799	0.8278971503629611	0.87740177
EF451726	1396	6974	Cytophagaceae	Spirosoma luteum	EU370956	1442	7204	Cytophagaceae	Spirosoma panaciterrae	6241.0	1396	54	63	1305	0.9789947486871718	0.9610670511896179	0.9348137535816619	0.8593839541547277	0.8948953
KF303585	1449	7245	Cytophagaceae	Spirosoma radiotolerans	KP974819	1405	7025	Cytophagaceae	Spirosoma pulveris	6629.0	1403	40	38	1356	0.9934065934065934	0.9729151817533856	0.9665003563791874	0.9142570938722043	0.9436299
KF303585	1449	7245	Cytophagaceae	Spirosoma radiotolerans	LC019141	1457	7285	Cytophagaceae	Spirosoma fluviale	6788.0	1445	52	42	1393	0.992872416250891	0.9709342560553633	0.9640138408304498	0.9034812416066272	0.936922
KF303585	1449	7245	Cytophagaceae	Spirosoma radiotolerans	GQ342559	1408	7040	Cytophagaceae	Spirosoma endophyticum	6610.0	1408	35	35	1357	0.9883466860888566	0.9751420454545454	0.9637784090909091	0.9170254717129718	0.93892044
KF303585	1449	7245	Cytophagaceae	Spirosoma radiotolerans	LC148303	1444	7214	Cytophagaceae	Spirosoma knui	6401.0	1442	62	62	1346	0.9753623188405797	0.957004160887656	0.9334257975034674	0.8564678195178091	0.88730246
KF303585	1449	7245	Cytophagaceae	Spirosoma radiotolerans	KU865688	1383	6915	Cytophagaceae	Spirosoma swuense	6189.0	1417	57	91	1302	0.9819004524886877	0.9587852494577006	0.9188426252646437	0.8265843426736211	0.8950108
KF303585	1449	7245	Cytophagaceae	Spirosoma radiotolerans	KR024033	1445	7225	Cytophagaceae	Spirosoma aerophilum	6761.0	1445	47	47	1388	0.9928469241773963	0.9674740484429065	0.960553633217993	0.9000361791144464	0.93577856
KF303585	1449	7245	Cytophagaceae	Spirosoma radiotolerans	LC148305	1438	7190	Cytophagaceae	Spirosoma fluminis	6347.0	1436	66	66	1338	0.9766423357664233	0.9540389972144847	0.9317548746518106	0.8498696260139684	0.88275385
KF303585	1449	7245	Cytophagaceae	Spirosoma radiotolerans	EU370956	1442	7204	Cytophagaceae	Spirosoma panaciterrae	6453.0	1444	56	58	1352	0.9754689754689755	0.9611650485436893	0.9362880886426593	0.8651301939058172	0.8957524
KP974819	1405	7025	Cytophagaceae	Spirosoma pulveris	LC019141	1457	7285	Cytophagaceae	Spirosoma fluviale	6749.0	1402	37	27	1372	0.9978181818181818	0.9807417974322397	0.978601997146933	0.9350783502967566	0.9607117
KP974819	1405	7025	Cytophagaceae	Spirosoma pulveris	GQ342559	1408	7040	Cytophagaceae	Spirosoma endophyticum	6638.0	1405	32	32	1359	0.9898033503277495	0.9772241992882562	0.9672597864768683	0.9241807145669729	0.944911
KP974819	1405	7025	Cytophagaceae	Spirosoma pulveris	LC148303	1444	7214	Cytophagaceae	Spirosoma knui	6345.0	1405	53	48	1325	0.976418570375829	0.9658362989323843	0.9430604982206405	0.8777318903192107	0.90320283
KP974819	1405	7025	Cytophagaceae	Spirosoma pulveris	KU865688	1383	6915	Cytophagaceae	Spirosoma swuense	6190.0	1379	52	54	1295	0.9773584905660377	0.9622367465504721	0.9390862944162437	0.8695243466817071	0.89515543
KP974819	1405	7025	Cytophagaceae	Spirosoma pulveris	KR024033	1445	7225	Cytophagaceae	Spirosoma aerophilum	6788.0	1405	23	22	1377	0.9956616052060737	0.9843416370106761	0.9800711743772242	0.9491865785460093	0.96626335
KP974819	1405	7025	Cytophagaceae	Spirosoma pulveris	LC148305	1438	7190	Cytophagaceae	Spirosoma fluminis	6350.0	1404	56	47	1327	0.9778924097273397	0.9665242165242165	0.9451566951566952	0.8784778324161886	0.9039146
KP974819	1405	7025	Cytophagaceae	Spirosoma pulveris	EU370956	1442	7204	Cytophagaceae	Spirosoma panaciterrae	6356.0	1404	35	34	1326	0.9678832116788321	0.9757834757834758	0.9444444444444444	0.8991583661493321	0.9047687
LC019141	1457	7285	Cytophagaceae	Spirosoma fluviale	GQ342559	1408	7040	Cytophagaceae	Spirosoma endophyticum	6615.0	1415	34	44	1357	0.9897884755652808	0.9758007117437723	0.9590106007067137	0.9073868416624601	0.9396307
LC019141	1457	7285	Cytophagaceae	Spirosoma fluviale	LC148303	1444	7214	Cytophagaceae	Spirosoma knui	6402.0	1449	59	69	1346	0.9753623188405797	0.9589993050729674	0.9289164941338854	0.850069470759126	0.8874411
LC019141	1457	7285	Cytophagaceae	Spirosoma fluviale	KU865688	1383	6915	Cytophagaceae	Spirosoma swuense	6183.0	1427	49	93	1303	0.9767616191904048	0.9645697758496024	0.913104414856342	0.8252583261642007	0.89414316
LC019141	1457	7285	Cytophagaceae	Spirosoma fluviale	KR024033	1445	7225	Cytophagaceae	Spirosoma aerophilum	6861.0	1451	30	40	1401	0.9929128277817151	0.9791811242192922	0.9655410062026188	0.919904361750098	0.94961935
LC019141	1457	7285	Cytophagaceae	Spirosoma fluviale	LC148305	1438	7190	Cytophagaceae	Spirosoma fluminis	6399.0	1443	56	66	1344	0.9760348583877996	0.9609211444521982	0.9313929313929314	0.8555891037545474	0.8899861
LC019141	1457	7285	Cytophagaceae	Spirosoma fluviale	EU370956	1442	7204	Cytophagaceae	Spirosoma panaciterrae	6451.0	1452	50	62	1353	0.9733812949640288	0.9652777777777778	0.9318181818181818	0.8623350683936569	0.89547473
GQ342559	1408	7040	Cytophagaceae	Spirosoma endophyticum	LC148303	1444	7214	Cytophagaceae	Spirosoma knui	6340.0	1408	55	55	1325	0.9793052475979305	0.9609375	0.9410511363636364	0.8702954118250171	0.9005682
GQ342559	1408	7040	Cytophagaceae	Spirosoma endophyticum	KU865688	1383	6915	Cytophagaceae	Spirosoma swuense	6184.0	1380	52	54	1295	0.9766214177978884	0.9622641509433962	0.9384057971014492	0.8689427981539957	0.89428777
GQ342559	1408	7040	Cytophagaceae	Spirosoma endophyticum	KR024033	1445	7225	Cytophagaceae	Spirosoma aerophilum	6650.0	1408	48	32	1364	0.9912790697674418	0.9772727272727273	0.96875	0.915521978021978	0.94460225
GQ342559	1408	7040	Cytophagaceae	Spirosoma endophyticum	LC148305	1438	7190	Cytophagaceae	Spirosoma fluminis	6395.0	1408	47	47	1333	0.9794268919911829	0.9666193181818182	0.9467329545454546	0.8855694509528274	0.9083807
GQ342559	1408	7040	Cytophagaceae	Spirosoma endophyticum	EU370956	1442	7204	Cytophagaceae	Spirosoma panaciterrae	6379.0	1407	64	48	1331	0.9793966151582045	0.9658848614072495	0.9459843638948117	0.8739583620211073	0.90610796
LC148303	1444	7214	Cytophagaceae	Spirosoma knui	KU865688	1383	6915	Cytophagaceae	Spirosoma swuense	6129.0	1410	67	94	1293	0.9825227963525835	0.9515545914678236	0.9170212765957447	0.8170616113744076	0.88633406
LC148303	1444	7214	Cytophagaceae	Spirosoma knui	KR024033	1445	7225	Cytophagaceae	Spirosoma aerophilum	6447.0	1442	63	63	1351	0.9796954314720813	0.9563106796116505	0.9368932038834952	0.8584556333258071	0.89367896
LC148303	1444	7214	Cytophagaceae	Spirosoma knui	LC148305	1438	7190	Cytophagaceae	Spirosoma fluminis	7003.0	1438	16	16	1415	0.9950773558368495	0.9888734353268428	0.9840055632823366	0.9623493197988189	0.97399163
LC148303	1444	7214	Cytophagaceae	Spirosoma knui	EU370956	1442	7204	Cytophagaceae	Spirosoma panaciterrae	6403.0	1440	71	71	1343	0.9810080350620891	0.9506944444444444	0.9326388888888889	0.8449918192514155	0.88881177
KU865688	1383	6915	Cytophagaceae	Spirosoma swuense	KR024033	1445	7225	Cytophagaceae	Spirosoma aerophilum	6232.0	1383	52	49	1303	0.9767616191904048	0.9645697758496024	0.9421547360809833	0.8758427999526354	0.9012292
KU865688	1383	6915	Cytophagaceae	Spirosoma swuense	LC148305	1438	7190	Cytophagaceae	Spirosoma fluminis	6121.0	1383	99	72	1292	0.9855072463768116	0.9479392624728851	0.9342010122921186	0.8264085877968741	0.88517714
KU865688	1383	6915	Cytophagaceae	Spirosoma swuense	EU370956	1442	7204	Cytophagaceae	Spirosoma panaciterrae	6564.0	1383	33	31	1341	0.9918639053254438	0.9775849602313811	0.9696312364425163	0.925806095812346	0.9492408
KR024033	1445	7225	Cytophagaceae	Spirosoma aerophilum	LC148305	1438	7190	Cytophagaceae	Spirosoma fluminis	6457.0	1436	57	57	1351	0.9796954314720813	0.9603064066852368	0.9408077994428969	0.868971169076862	0.8980529
KR024033	1445	7225	Cytophagaceae	Spirosoma aerophilum	EU370956	1442	7204	Cytophagaceae	Spirosoma panaciterrae	6502.0	1442	44	45	1358	0.972083035075161	0.9694656488549618	0.941747572815534	0.885344117916084	0.90255415
LC148305	1438	7190	Cytophagaceae	Spirosoma fluminis	EU370956	1442	7204	Cytophagaceae	Spirosoma panaciterrae	6357.0	1435	76	76	1336	0.9830757910228108	0.9470383275261324	0.9310104529616725	0.8373548680178113	0.88414466
