AJ279798	1528	7640	Sporomusaceae	Sporomusa acidovorans	AM158322	1387	6929	Sporomusaceae	Sporomusa rhizae	6429.0	1387	43	43	1326	0.9866071428571429	0.9689978370583994	0.9560201874549387	0.8985252670905158	0.9278395
AJ279798	1528	7640	Sporomusaceae	Sporomusa acidovorans	AJ279799	1533	7665	Sporomusaceae	Sporomusa malonica	7038.0	1528	50	46	1457	0.9831309041835358	0.9698952879581152	0.9535340314136126	0.895524356498716	0.9212042
AJ279798	1528	7640	Sporomusaceae	Sporomusa acidovorans	AJ279800	1500	7500	Sporomusaceae	Sporomusa ovata	6883.0	1525	43	72	1429	0.9834824501032347	0.9712566844919787	0.9370491803278689	0.8683242723318836	0.9177333
AJ279798	1528	7640	Sporomusaceae	Sporomusa acidovorans	Y09976	1440	7182	Sporomusaceae	Sporomusa silvacetica	6647.0	1441	41	42	1374	0.9821300929235168	0.9715277777777778	0.9535045107564192	0.9001031110311947	0.9255082
AJ279798	1528	7640	Sporomusaceae	Sporomusa acidovorans	AJ506191	1548	7728	Sporomusaceae	Sporomusa aerivorans	7126.0	1528	36	37	1467	0.9839034205231388	0.9764243614931237	0.9600785340314136	0.9152666842972108	0.9327225
AJ279798	1528	7640	Sporomusaceae	Sporomusa acidovorans	AJ279801	1524	7620	Sporomusaceae	Sporomusa sphaeroides	7097.0	1522	35	33	1462	0.9818670248488919	0.9783180026281209	0.9605781865965834	0.918626152756784	0.93136483
AJ279798	1528	7640	Sporomusaceae	Sporomusa acidovorans	FR749939	1547	7735	Sporomusaceae	Sporomusa paucivorans	7162.0	1528	36	34	1472	0.9852744310575636	0.9777486910994765	0.9633507853403142	0.9202340622112719	0.93743455
AM158322	1387	6929	Sporomusaceae	Sporomusa rhizae	AJ279799	1533	7665	Sporomusaceae	Sporomusa malonica	6542.0	1387	26	24	1341	0.9838591342626559	0.9826964671953857	0.9668348954578226	0.932622761860589	0.94414777
AM158322	1387	6929	Sporomusaceae	Sporomusa rhizae	AJ279800	1500	7500	Sporomusaceae	Sporomusa ovata	6547.0	1387	43	20	1345	0.9839063643013899	0.9855803893294881	0.969718817591925	0.926996939614099	0.9448694
AM158322	1387	6929	Sporomusaceae	Sporomusa rhizae	Y09976	1440	7182	Sporomusaceae	Sporomusa silvacetica	6491.0	1387	27	30	1334	0.9830508474576272	0.9804913294797688	0.9617880317231434	0.9230172270497211	0.9367874
AM158322	1387	6929	Sporomusaceae	Sporomusa rhizae	AJ506191	1548	7728	Sporomusaceae	Sporomusa aerivorans	6675.0	1387	16	17	1356	0.9897810218978103	0.9884559884559885	0.9776496034607065	0.9546542813550734	0.9633425
AM158322	1387	6929	Sporomusaceae	Sporomusa rhizae	AJ279801	1524	7620	Sporomusaceae	Sporomusa sphaeroides	6517.0	1387	30	28	1338	0.9845474613686535	0.9798125450612833	0.9646719538572458	0.9251864398673233	0.9405398
AM158322	1387	6929	Sporomusaceae	Sporomusa rhizae	FR749939	1547	7735	Sporomusaceae	Sporomusa paucivorans	6534.0	1387	28	26	1340	0.9845701689933872	0.9812545061283345	0.966113914924297	0.9292445499731224	0.9429932
AJ279799	1533	7665	Sporomusaceae	Sporomusa malonica	AJ279800	1500	7500	Sporomusaceae	Sporomusa ovata	6965.0	1533	24	63	1441	0.9802721088435374	0.9839357429718876	0.9399869536855838	0.887463597891977	0.92866665
AJ279799	1533	7665	Sporomusaceae	Sporomusa malonica	Y09976	1440	7182	Sporomusaceae	Sporomusa silvacetica	6736.0	1439	34	33	1385	0.9850640113798008	0.9770674079221682	0.9624739402362752	0.9186954242852702	0.9379003
AJ279799	1533	7665	Sporomusaceae	Sporomusa malonica	AJ506191	1548	7728	Sporomusaceae	Sporomusa aerivorans	7185.0	1533	25	30	1476	0.9820359281437125	0.9836387434554974	0.9628180039138943	0.9288289216191162	0.9373777
AJ279799	1533	7665	Sporomusaceae	Sporomusa malonica	AJ279801	1524	7620	Sporomusaceae	Sporomusa sphaeroides	7256.0	1526	22	24	1482	0.9866844207723036	0.9855643044619422	0.9711664482306684	0.9423074969266563	0.952231
AJ279799	1533	7665	Sporomusaceae	Sporomusa malonica	FR749939	1547	7735	Sporomusaceae	Sporomusa paucivorans	7284.0	1533	23	25	1488	0.986737400530504	0.984977139124755	0.9706457925636007	0.9407029917647236	0.95029354
AJ279800	1500	7500	Sporomusaceae	Sporomusa ovata	Y09976	1440	7182	Sporomusaceae	Sporomusa silvacetica	6858.0	1451	27	39	1400	0.9915014164305949	0.9812369701181376	0.9648518263266712	0.9217664267748712	0.9548872
AJ279800	1500	7500	Sporomusaceae	Sporomusa ovata	AJ506191	1548	7728	Sporomusaceae	Sporomusa aerivorans	7020.0	1500	61	23	1450	0.9817197020988491	0.9846666666666667	0.9666666666666667	0.9146487294469358	0.936
AJ279800	1500	7500	Sporomusaceae	Sporomusa ovata	AJ279801	1524	7620	Sporomusaceae	Sporomusa sphaeroides	6932.0	1498	65	39	1435	0.9835503769705277	0.9739652870493992	0.9579439252336449	0.8942035744823339	0.9242667
AJ279800	1500	7500	Sporomusaceae	Sporomusa ovata	FR749939	1547	7735	Sporomusaceae	Sporomusa paucivorans	6969.0	1500	70	29	1444	0.981645139360979	0.9806666666666667	0.9626666666666667	0.9019634819532909	0.9292
Y09976	1440	7182	Sporomusaceae	Sporomusa silvacetica	AJ506191	1548	7728	Sporomusaceae	Sporomusa aerivorans	6792.0	1440	29	29	1392	0.9865343727852587	0.9798611111111111	0.9666666666666667	0.9285001134558657	0.9456976
Y09976	1440	7182	Sporomusaceae	Sporomusa silvacetica	AJ279801	1524	7620	Sporomusaceae	Sporomusa sphaeroides	6767.0	1440	25	28	1389	0.9837110481586402	0.9826026443980515	0.9645833333333333	0.9296871444823664	0.94221663
Y09976	1440	7182	Sporomusaceae	Sporomusa silvacetica	FR749939	1547	7735	Sporomusaceae	Sporomusa paucivorans	6771.0	1440	28	31	1389	0.985805535841022	0.9805149617258176	0.9645833333333333	0.9258160195277021	0.9427736
AJ506191	1548	7728	Sporomusaceae	Sporomusa aerivorans	AJ279801	1524	7620	Sporomusaceae	Sporomusa sphaeroides	7210.0	1521	22	19	1476	0.9826897470039947	0.9875082182774491	0.9704142011834319	0.9446287298622909	0.94619423
AJ506191	1548	7728	Sporomusaceae	Sporomusa aerivorans	FR749939	1547	7735	Sporomusaceae	Sporomusa paucivorans	7345.0	1544	21	18	1501	0.9836173001310616	0.9883419689119171	0.9721502590673575	0.947924150374944	0.95043993
AJ279801	1524	7620	Sporomusaceae	Sporomusa sphaeroides	FR749939	1547	7735	Sporomusaceae	Sporomusa paucivorans	7549.0	1524	3	3	1516	0.9967126890203813	0.9980314960629921	0.994750656167979	0.99084200918893	0.9906824
