AB294553	1538	7690	Lysobacteraceae	Stenotrophomonas maltophilia	AJ131116	1502	7504	Pseudomonadaceae	Stenotrophomonas pictorum	7151.0	1500	16	14	1460	0.9825033647375505	0.9906666666666667	0.9733333333333334	0.9540721196130167	0.9529584
AB294553	1538	7690	Lysobacteraceae	Stenotrophomonas maltophilia	GQ241320	1420	7100	Lysobacteraceae	Stenotrophomonas daejeonensis	6821.0	1423	19	22	1388	0.9907209136331192	0.9866197183098592	0.9754040758959944	0.9476706729058864	0.9607042
AB294553	1538	7690	Lysobacteraceae	Stenotrophomonas maltophilia	FJ748683	1483	7415	Lysobacteraceae	Stenotrophomonas pavanii	7379.0	1483	0	0	1479	0.9973027646662171	1.0	0.9973027646662171	0.9973027646662171	0.99514496
AB294553	1538	7690	Lysobacteraceae	Stenotrophomonas maltophilia	AF273080	1542	7704	Lysobacteraceae	Stenotrophomonas acidaminiphila	7389.0	1537	26	21	1503	0.991424802110818	0.9863370201691607	0.977878985035784	0.9484737948267744	0.9608583
AB294553	1538	7690	Lysobacteraceae	Stenotrophomonas maltophilia	AJ293463	1531	7655	Lysobacteraceae	Stenotrophomonas rhizophila	7385.0	1529	17	16	1499	0.9907468605419696	0.9895356442119032	0.9803793328973185	0.9594527365288764	0.96472895
AB294553	1538	7690	Lysobacteraceae	Stenotrophomonas maltophilia	EU573216	1440	7200	Lysobacteraceae	Stenotrophomonas chelatiphaga	7003.0	1436	15	11	1416	0.9936842105263158	0.9923398328690808	0.9860724233983287	0.9684033103670698	0.9726389
AB294553	1538	7690	Lysobacteraceae	Stenotrophomonas maltophilia	AJ012229	1513	7553	Lysobacteraceae	Stenotrophomonas nitritireducens	7255.0	1514	16	17	1477	0.9866399465597863	0.9894249834765367	0.97556142668428	0.9545199057165799	0.9605455
AB294553	1538	7690	Lysobacteraceae	Stenotrophomonas maltophilia	LC066089	1472	7360	Lysobacteraceae	Stenotrophomonas tumulicola	7185.0	1470	10	8	1451	0.9924760601915185	0.9945578231292517	0.9870748299319728	0.9750698657841516	0.9762228
AB294553	1538	7690	Lysobacteraceae	Stenotrophomonas maltophilia	AM403587	1494	7470	Lysobacteraceae	Stenotrophomonas humi	7199.0	1493	16	16	1462	0.989844278943805	0.9892833221701273	0.9792364367046216	0.9584706540839801	0.9637216
AB294553	1538	7690	Lysobacteraceae	Stenotrophomonas maltophilia	DQ109037	1467	7335	Lysobacteraceae	Stenotrophomonas ginsengisoli	7017.0	1470	19	22	1431	0.9882596685082873	0.9870483980913429	0.9734693877551021	0.9466646564603007	0.9566462
AB294553	1538	7690	Lysobacteraceae	Stenotrophomonas maltophilia	AB166885	1463	7315	Lysobacteraceae	Stenotrophomonas koreensis	7014.0	1464	14	15	1429	0.9861973775017253	0.9904306220095693	0.9760928961748634	0.9569408704718383	0.9588517
AB294553	1538	7690	Lysobacteraceae	Stenotrophomonas maltophilia	AM403589	1512	7560	Lysobacteraceae	Stenotrophomonas terrae	7227.0	1510	20	18	1473	0.9872654155495979	0.9880794701986755	0.9754966887417219	0.9512686664069602	0.9559524
AJ131116	1502	7504	Pseudomonadaceae	Stenotrophomonas pictorum	GQ241320	1420	7100	Lysobacteraceae	Stenotrophomonas daejeonensis	6780.0	1425	15	20	1384	0.9850533807829182	0.9894366197183099	0.9712280701754386	0.9476218323586745	0.9549296
AJ131116	1502	7504	Pseudomonadaceae	Stenotrophomonas pictorum	FJ748683	1483	7415	Lysobacteraceae	Stenotrophomonas pavanii	7080.0	1485	11	13	1445	0.9816576086956522	0.9925826028320971	0.9730639730639731	0.9574533210896847	0.9548213
AJ131116	1502	7504	Pseudomonadaceae	Stenotrophomonas pictorum	AF273080	1542	7704	Lysobacteraceae	Stenotrophomonas acidaminiphila	7294.0	1502	8	8	1477	0.9886211512717537	0.9946737683089214	0.9833555259653795	0.9729358647630973	0.9720149
AJ131116	1502	7504	Pseudomonadaceae	Stenotrophomonas pictorum	AJ293463	1531	7655	Lysobacteraceae	Stenotrophomonas rhizophila	7151.0	1502	10	11	1461	0.9798792756539235	0.9933377748167888	0.9727030625832224	0.959193297825122	0.9529584
AJ131116	1502	7504	Pseudomonadaceae	Stenotrophomonas pictorum	EU573216	1440	7200	Lysobacteraceae	Stenotrophomonas chelatiphaga	6846.0	1438	12	10	1399	0.9796918767507002	0.9930458970792768	0.9728789986091794	0.9581180758716608	0.9508333
AJ131116	1502	7504	Pseudomonadaceae	Stenotrophomonas pictorum	AJ012229	1513	7553	Lysobacteraceae	Stenotrophomonas nitritireducens	7312.0	1502	4	7	1478	0.988628762541806	0.9973315543695798	0.9840213049267643	0.9768338983170735	0.97441363
AJ131116	1502	7504	Pseudomonadaceae	Stenotrophomonas pictorum	LC066089	1472	7360	Lysobacteraceae	Stenotrophomonas tumulicola	7052.0	1472	7	7	1437	0.9808873720136518	0.9952445652173914	0.9762228260869565	0.9669820420672016	0.9581522
AJ131116	1502	7504	Pseudomonadaceae	Stenotrophomonas pictorum	AM403587	1494	7470	Lysobacteraceae	Stenotrophomonas humi	7256.0	1485	2	4	1465	0.9891964888588791	0.9986513823331086	0.9865319865319865	0.9825513598210303	0.9713521
AJ131116	1502	7504	Pseudomonadaceae	Stenotrophomonas pictorum	DQ109037	1467	7335	Lysobacteraceae	Stenotrophomonas ginsengisoli	7005.0	1470	11	14	1430	0.9821428571428571	0.9925017041581459	0.9727891156462585	0.9563679624449374	0.95501024
AJ131116	1502	7504	Pseudomonadaceae	Stenotrophomonas pictorum	AB166885	1463	7315	Lysobacteraceae	Stenotrophomonas koreensis	6975.0	1466	10	13	1425	0.9807295251204404	0.9931647300068353	0.9720327421555253	0.9568858904823702	0.9535202
AJ131116	1502	7504	Pseudomonadaceae	Stenotrophomonas pictorum	AM403589	1512	7560	Lysobacteraceae	Stenotrophomonas terrae	7345.0	1502	2	2	1483	0.9886666666666667	0.9986684420772304	0.9873501997336884	0.984724268351418	0.9788113
GQ241320	1420	7100	Lysobacteraceae	Stenotrophomonas daejeonensis	FJ748683	1483	7415	Lysobacteraceae	Stenotrophomonas pavanii	6826.0	1420	21	18	1389	0.9907275320970043	0.9873239436619718	0.9781690140845071	0.9516953211287155	0.96140844
GQ241320	1420	7100	Lysobacteraceae	Stenotrophomonas daejeonensis	AF273080	1542	7704	Lysobacteraceae	Stenotrophomonas acidaminiphila	6917.0	1420	16	11	1400	0.99361249112846	0.9922535211267606	0.9859154929577465	0.9673780846639727	0.97422534
GQ241320	1420	7100	Lysobacteraceae	Stenotrophomonas daejeonensis	AJ293463	1531	7655	Lysobacteraceae	Stenotrophomonas rhizophila	6718.0	1420	28	24	1377	0.9863896848137536	0.9830985915492958	0.969718309859155	0.934894171659793	0.9461972
GQ241320	1420	7100	Lysobacteraceae	Stenotrophomonas daejeonensis	EU573216	1440	7200	Lysobacteraceae	Stenotrophomonas chelatiphaga	6786.0	1419	23	16	1385	0.9871703492516037	0.9887244538407329	0.9760394644115574	0.9496417257762934	0.95577466
GQ241320	1420	7100	Lysobacteraceae	Stenotrophomonas daejeonensis	AJ012229	1513	7553	Lysobacteraceae	Stenotrophomonas nitritireducens	6821.0	1420	19	17	1388	0.9893086243763364	0.9880281690140845	0.9774647887323944	0.9530111873464553	0.9607042
GQ241320	1420	7100	Lysobacteraceae	Stenotrophomonas daejeonensis	LC066089	1472	7360	Lysobacteraceae	Stenotrophomonas tumulicola	6802.0	1420	20	15	1387	0.9871886120996441	0.9894366197183099	0.9767605633802817	0.9530198552425666	0.9580282
GQ241320	1420	7100	Lysobacteraceae	Stenotrophomonas daejeonensis	AM403587	1494	7470	Lysobacteraceae	Stenotrophomonas humi	6849.0	1420	16	13	1392	0.9893390191897654	0.9908450704225352	0.9802816901408451	0.960484915061399	0.9646479
GQ241320	1420	7100	Lysobacteraceae	Stenotrophomonas daejeonensis	DQ109037	1467	7335	Lysobacteraceae	Stenotrophomonas ginsengisoli	6751.0	1420	19	16	1381	0.9836182336182336	0.9887323943661972	0.9725352112676057	0.9488807759692276	0.95084506
GQ241320	1420	7100	Lysobacteraceae	Stenotrophomonas daejeonensis	AB166885	1463	7315	Lysobacteraceae	Stenotrophomonas koreensis	6742.0	1420	19	16	1380	0.9829059829059829	0.9887323943661972	0.971830985915493	0.9481936791003143	0.94957745
GQ241320	1420	7100	Lysobacteraceae	Stenotrophomonas daejeonensis	AM403589	1512	7560	Lysobacteraceae	Stenotrophomonas terrae	6803.0	1420	22	17	1387	0.9885958660014256	0.9880281690140845	0.9767605633802817	0.9503433220683324	0.95816904
FJ748683	1483	7415	Lysobacteraceae	Stenotrophomonas pavanii	AF273080	1542	7704	Lysobacteraceae	Stenotrophomonas acidaminiphila	7141.0	1483	20	18	1452	0.9911262798634812	0.987862440997977	0.9790964261631827	0.954342158568904	0.96304786
FJ748683	1483	7415	Lysobacteraceae	Stenotrophomonas pavanii	AJ293463	1531	7655	Lysobacteraceae	Stenotrophomonas rhizophila	7187.0	1483	15	14	1457	0.9918311776718857	0.9905596763317599	0.9824679703304113	0.9634482299168052	0.9692515
FJ748683	1483	7415	Lysobacteraceae	Stenotrophomonas pavanii	EU573216	1440	7200	Lysobacteraceae	Stenotrophomonas chelatiphaga	7017.0	1436	12	8	1418	0.9929971988795518	0.9944289693593314	0.9874651810584958	0.9738261592206713	0.9745833
FJ748683	1483	7415	Lysobacteraceae	Stenotrophomonas pavanii	AJ012229	1513	7553	Lysobacteraceae	Stenotrophomonas nitritireducens	7121.0	1483	13	14	1449	0.9863852961198094	0.9912280701754386	0.9770734996628456	0.959439151741123	0.96035063
FJ748683	1483	7415	Lysobacteraceae	Stenotrophomonas pavanii	LC066089	1472	7360	Lysobacteraceae	Stenotrophomonas tumulicola	7197.0	1470	6	4	1453	0.9911323328785812	0.9972789115646259	0.9884353741496599	0.9817386575226296	0.97785324
FJ748683	1483	7415	Lysobacteraceae	Stenotrophomonas pavanii	AM403587	1494	7470	Lysobacteraceae	Stenotrophomonas humi	7161.0	1483	12	12	1454	0.9884432358939497	0.9919082939986514	0.9804450438300741	0.9647054578421665	0.9657451
FJ748683	1483	7415	Lysobacteraceae	Stenotrophomonas pavanii	DQ109037	1467	7335	Lysobacteraceae	Stenotrophomonas ginsengisoli	7026.0	1468	17	18	1432	0.9875862068965517	0.9884117246080436	0.9754768392370572	0.9524858026220423	0.9578732
FJ748683	1483	7415	Lysobacteraceae	Stenotrophomonas pavanii	AB166885	1463	7315	Lysobacteraceae	Stenotrophomonas koreensis	7037.0	1464	12	13	1432	0.9869055823569952	0.9917976760082023	0.9781420765027322	0.9615746294074963	0.9619959
FJ748683	1483	7415	Lysobacteraceae	Stenotrophomonas pavanii	AM403589	1512	7560	Lysobacteraceae	Stenotrophomonas terrae	7115.0	1483	18	16	1449	0.9877300613496932	0.9892110586648685	0.9770734996628456	0.9549412551668185	0.9595415
AF273080	1542	7704	Lysobacteraceae	Stenotrophomonas acidaminiphila	AJ293463	1531	7655	Lysobacteraceae	Stenotrophomonas rhizophila	7315.0	1532	20	21	1492	0.9874255459960292	0.9869366427171783	0.9738903394255874	0.9481625662835454	0.9555846
AF273080	1542	7704	Lysobacteraceae	Stenotrophomonas acidaminiphila	EU573216	1440	7200	Lysobacteraceae	Stenotrophomonas chelatiphaga	6880.0	1438	19	17	1403	0.9873328641801549	0.9881780250347705	0.9756606397774688	0.9515537193711621	0.95555556
AF273080	1542	7704	Lysobacteraceae	Stenotrophomonas acidaminiphila	AJ012229	1513	7553	Lysobacteraceae	Stenotrophomonas nitritireducens	7385.0	1516	8	11	1492	0.9913621262458472	0.9947124917382684	0.9841688654353562	0.9718990436221857	0.97775716
AF273080	1542	7704	Lysobacteraceae	Stenotrophomonas acidaminiphila	LC066089	1472	7360	Lysobacteraceae	Stenotrophomonas tumulicola	7086.0	1472	14	14	1441	0.9883401920438958	0.9904891304347826	0.9789402173913043	0.9604945067002165	0.9627717
AF273080	1542	7704	Lysobacteraceae	Stenotrophomonas acidaminiphila	AM403587	1494	7470	Lysobacteraceae	Stenotrophomonas humi	7260.0	1495	10	12	1470	0.9912339851652057	0.9933020763563295	0.9832775919732442	0.9689040989344326	0.9718875
AF273080	1542	7704	Lysobacteraceae	Stenotrophomonas acidaminiphila	DQ109037	1467	7335	Lysobacteraceae	Stenotrophomonas ginsengisoli	6985.0	1472	19	24	1428	0.9861878453038674	0.9870483980913429	0.970108695652174	0.9421310471524802	0.95228356
AF273080	1542	7704	Lysobacteraceae	Stenotrophomonas acidaminiphila	AB166885	1463	7315	Lysobacteraceae	Stenotrophomonas koreensis	7054.0	1466	11	14	1434	0.987603305785124	0.9924812030075187	0.9781718963165075	0.9616151614431746	0.9643199
AF273080	1542	7704	Lysobacteraceae	Stenotrophomonas acidaminiphila	AM403589	1512	7560	Lysobacteraceae	Stenotrophomonas terrae	7405.0	1512	4	4	1494	0.9907161803713528	0.9973544973544973	0.9880952380952381	0.9828810152029149	0.9794974
AJ293463	1531	7655	Lysobacteraceae	Stenotrophomonas rhizophila	EU573216	1440	7200	Lysobacteraceae	Stenotrophomonas chelatiphaga	6990.0	1437	16	13	1415	0.9936797752808989	0.9909533750869868	0.9846903270702854	0.9650371822079052	0.97083336
AJ293463	1531	7655	Lysobacteraceae	Stenotrophomonas rhizophila	AJ012229	1513	7553	Lysobacteraceae	Stenotrophomonas nitritireducens	7222.0	1515	16	18	1474	0.9846359385437542	0.9894249834765367	0.972937293729373	0.9513305870103665	0.95617634
AJ293463	1531	7655	Lysobacteraceae	Stenotrophomonas rhizophila	LC066089	1472	7360	Lysobacteraceae	Stenotrophomonas tumulicola	7172.0	1471	12	11	1450	0.9931506849315068	0.9925220938137321	0.9857239972807614	0.9704363021105271	0.97445655
AJ293463	1531	7655	Lysobacteraceae	Stenotrophomonas rhizophila	AM403587	1494	7470	Lysobacteraceae	Stenotrophomonas humi	7164.0	1494	13	14	1459	0.9858108108108108	0.9912926992632284	0.9765729585006694	0.9590762963377509	0.9590362
AJ293463	1531	7655	Lysobacteraceae	Stenotrophomonas rhizophila	DQ109037	1467	7335	Lysobacteraceae	Stenotrophomonas ginsengisoli	6956.0	1471	17	21	1425	0.9827586206896551	0.9884117246080436	0.9687287559483345	0.943989715137826	0.9483299
AJ293463	1531	7655	Lysobacteraceae	Stenotrophomonas rhizophila	AB166885	1463	7315	Lysobacteraceae	Stenotrophomonas koreensis	6975.0	1465	15	17	1425	0.9841160220994475	0.9897470950102529	0.9726962457337884	0.9516649755557607	0.9535202
AJ293463	1531	7655	Lysobacteraceae	Stenotrophomonas rhizophila	AM403589	1512	7560	Lysobacteraceae	Stenotrophomonas terrae	7244.0	1511	15	14	1476	0.9859719438877755	0.9907346128391793	0.9768365320979484	0.9582727972153531	0.95820105
EU573216	1440	7200	Lysobacteraceae	Stenotrophomonas chelatiphaga	AJ012229	1513	7553	Lysobacteraceae	Stenotrophomonas nitritireducens	6846.0	1440	14	19	1398	0.983814215341309	0.9902439024390244	0.9708333333333333	0.9487992893168271	0.9508333
EU573216	1440	7200	Lysobacteraceae	Stenotrophomonas chelatiphaga	LC066089	1472	7360	Lysobacteraceae	Stenotrophomonas tumulicola	7111.0	1440	5	7	1429	0.9972086531751571	0.9965229485396384	0.9923611111111111	0.9841200499807767	0.9876389
EU573216	1440	7200	Lysobacteraceae	Stenotrophomonas chelatiphaga	AM403587	1494	7470	Lysobacteraceae	Stenotrophomonas humi	6897.0	1440	16	20	1404	0.9887323943661972	0.9888579387186629	0.975	0.9508928571428571	0.9579167
EU573216	1440	7200	Lysobacteraceae	Stenotrophomonas chelatiphaga	DQ109037	1467	7335	Lysobacteraceae	Stenotrophomonas ginsengisoli	6896.0	1440	16	20	1404	0.9887323943661972	0.9888579387186629	0.975	0.9508928571428571	0.9577778
EU573216	1440	7200	Lysobacteraceae	Stenotrophomonas chelatiphaga	AB166885	1463	7315	Lysobacteraceae	Stenotrophomonas koreensis	6908.0	1440	10	14	1406	0.9859747545582047	0.9930362116991643	0.9763888888888889	0.960227969348659	0.95944446
EU573216	1440	7200	Lysobacteraceae	Stenotrophomonas chelatiphaga	AM403589	1512	7560	Lysobacteraceae	Stenotrophomonas terrae	6883.0	1440	13	15	1403	0.984561403508772	0.9909596662030598	0.9743055555555555	0.955530224822207	0.9559722
AJ012229	1513	7553	Lysobacteraceae	Stenotrophomonas nitritireducens	LC066089	1472	7360	Lysobacteraceae	Stenotrophomonas tumulicola	7034.0	1469	14	11	1434	0.9835390946502057	0.9925119128658951	0.9761742682096665	0.9597181949087618	0.95570654
AJ012229	1513	7553	Lysobacteraceae	Stenotrophomonas nitritireducens	AM403587	1494	7470	Lysobacteraceae	Stenotrophomonas humi	7296.0	1482	3	2	1469	0.9925675675675676	0.9986504723346828	0.9912280701754386	0.9878906019256897	0.9767068
AJ012229	1513	7553	Lysobacteraceae	Stenotrophomonas nitritireducens	DQ109037	1467	7335	Lysobacteraceae	Stenotrophomonas ginsengisoli	6983.0	1467	16	16	1427	0.983459682977257	0.989093387866394	0.972733469665985	0.9517439409880945	0.9520109
AJ012229	1513	7553	Lysobacteraceae	Stenotrophomonas nitritireducens	AB166885	1463	7315	Lysobacteraceae	Stenotrophomonas koreensis	7009.0	1463	13	13	1428	0.9848275862068966	0.9911141490088858	0.9760765550239234	0.9588827945695725	0.95816815
AJ012229	1513	7553	Lysobacteraceae	Stenotrophomonas nitritireducens	AM403589	1512	7560	Lysobacteraceae	Stenotrophomonas terrae	7437.0	1509	5	2	1497	0.993364299933643	0.998674618952949	0.9920477137176938	0.987460967353081	0.98464185
LC066089	1472	7360	Lysobacteraceae	Stenotrophomonas tumulicola	AM403587	1494	7470	Lysobacteraceae	Stenotrophomonas humi	7101.0	1472	11	13	1442	0.9883481836874571	0.992517006802721	0.9796195652173914	0.9637659781875751	0.9648098
LC066089	1472	7360	Lysobacteraceae	Stenotrophomonas tumulicola	DQ109037	1467	7335	Lysobacteraceae	Stenotrophomonas ginsengisoli	7064.0	1470	13	16	1437	0.9883081155433288	0.9911383776414451	0.9775510204081632	0.9584350530502153	0.9630538
LC066089	1472	7360	Lysobacteraceae	Stenotrophomonas tumulicola	AB166885	1463	7315	Lysobacteraceae	Stenotrophomonas koreensis	7069.0	1466	9	12	1436	0.9876203576341128	0.9938482570061518	0.9795361527967258	0.9655902143501284	0.96637046
LC066089	1472	7360	Lysobacteraceae	Stenotrophomonas tumulicola	AM403589	1512	7560	Lysobacteraceae	Stenotrophomonas terrae	7073.0	1472	11	11	1439	0.9849418206707734	0.9925271739130435	0.9775815217391305	0.9630793009176465	0.96100545
AM403587	1494	7470	Lysobacteraceae	Stenotrophomonas humi	DQ109037	1467	7335	Lysobacteraceae	Stenotrophomonas ginsengisoli	7072.0	1470	11	14	1438	0.9876373626373627	0.9925017041581459	0.9782312925170068	0.9617182727243496	0.9641445
AM403587	1494	7470	Lysobacteraceae	Stenotrophomonas humi	AB166885	1463	7315	Lysobacteraceae	Stenotrophomonas koreensis	7020.0	1464	12	13	1430	0.9855272226051	0.9917976760082023	0.976775956284153	0.9602316480815082	0.9596719
AM403587	1494	7470	Lysobacteraceae	Stenotrophomonas humi	AM403589	1512	7560	Lysobacteraceae	Stenotrophomonas terrae	7288.0	1483	6	4	1469	0.993238674780257	0.9973027646662171	0.9905596763317599	0.9839071600367179	0.9756359
DQ109037	1467	7335	Lysobacteraceae	Stenotrophomonas ginsengisoli	AB166885	1463	7315	Lysobacteraceae	Stenotrophomonas koreensis	7153.0	1464	8	9	1445	0.993127147766323	0.9945317840054683	0.9870218579234973	0.9756228283143266	0.9778537
DQ109037	1467	7335	Lysobacteraceae	Stenotrophomonas ginsengisoli	AM403589	1512	7560	Lysobacteraceae	Stenotrophomonas terrae	7014.0	1467	20	17	1431	0.9868965517241379	0.9884117246080436	0.9754601226993865	0.9511884182341025	0.9562372
AB166885	1463	7315	Lysobacteraceae	Stenotrophomonas koreensis	AM403589	1512	7560	Lysobacteraceae	Stenotrophomonas terrae	7046.0	1463	15	12	1433	0.9875947622329428	0.9917976760082023	0.9794941900205059	0.9616008590796711	0.96322626
