DQ904547	1360	6800	Streptomycetaceae	Streptacidiphilus rugosus	AB249949	1444	7220	Streptomycetaceae	Streptacidiphilus neutrinimicus	6755.0	1360	0	0	1355	0.9963235294117647	1.0	0.9963235294117647	0.9963235294117647	0.99338233
DQ904547	1360	6800	Streptomycetaceae	Streptacidiphilus rugosus	JX484798	1423	7115	Streptomycetaceae	Streptacidiphilus durhamensis	6557.0	1360	9	8	1332	0.985207100591716	0.9941176470588236	0.9794117647058823	0.96724960254372	0.9642647
DQ904547	1360	6800	Streptomycetaceae	Streptacidiphilus rugosus	AF074412	1511	7555	Streptomycetaceae	Streptacidiphilus carbonis	6559.0	1360	11	10	1332	0.9866666666666667	0.9926470588235294	0.9794117647058823	0.9644098339554641	0.96455884
DQ904547	1360	6800	Streptomycetaceae	Streptacidiphilus rugosus	AB249948	1444	7220	Streptomycetaceae	Streptacidiphilus jiangxiensis	6680.0	1360	10	10	1346	0.997037037037037	0.9926470588235294	0.9897058823529412	0.9752576212966939	0.9823529
DQ904547	1360	6800	Streptomycetaceae	Streptacidiphilus rugosus	AF074415	1510	7550	Streptomycetaceae	Streptacidiphilus albus	6535.0	1360	12	11	1329	0.9851742031134173	0.9919117647058824	0.9772058823529411	0.9608241510890071	0.9610294
DQ904547	1360	6800	Streptomycetaceae	Streptacidiphilus rugosus	DQ208700	1446	7230	Streptomycetaceae	Streptacidiphilus oryzae	6415.0	1358	22	23	1314	0.9842696629213483	0.9837877671333825	0.96759941089838	0.9360472561951719	0.9433824
DQ904547	1360	6800	Streptomycetaceae	Streptacidiphilus rugosus	DQ904546	1383	6915	Streptomycetaceae	Streptacidiphilus anmyonensis	6689.0	1360	9	9	1347	0.997039230199852	0.9933823529411765	0.9904411764705883	0.9774185751729472	0.9836765
DQ904547	1360	6800	Streptomycetaceae	Streptacidiphilus rugosus	DQ994689	1428	7140	Streptomycetaceae	Streptacidiphilus melanogenes	6741.0	1360	5	5	1353	0.9985239852398524	0.9963235294117647	0.9948529411764706	0.9875646412411118	0.99132353
DQ904547	1360	6800	Streptomycetaceae	Streptacidiphilus rugosus	KC111778	1403	7015	Streptomycetaceae	Streptacidiphilus hamsterleyensis	6503.0	1360	20	19	1325	0.9880686055182699	0.9860294117647059	0.9742647058823529	0.9467311381074169	0.9563235
AB249949	1444	7220	Streptomycetaceae	Streptacidiphilus neutrinimicus	JX484798	1423	7115	Streptomycetaceae	Streptacidiphilus durhamensis	6808.0	1418	14	13	1385	0.9857651245551602	0.9908321579689704	0.9767277856135402	0.9583118287618884	0.9568517
AB249949	1444	7220	Streptomycetaceae	Streptacidiphilus neutrinimicus	AF074412	1511	7555	Streptomycetaceae	Streptacidiphilus carbonis	6941.0	1444	14	14	1411	0.9867132867132867	0.9903047091412742	0.9771468144044322	0.9583813063088737	0.96135736
AB249949	1444	7220	Streptomycetaceae	Streptacidiphilus neutrinimicus	AB249948	1444	7220	Streptomycetaceae	Streptacidiphilus jiangxiensis	7097.0	1444	8	8	1430	0.9958217270194986	0.9944598337950139	0.9903047091412742	0.9793922605556955	0.982964
AB249949	1444	7220	Streptomycetaceae	Streptacidiphilus neutrinimicus	AF074415	1510	7550	Streptomycetaceae	Streptacidiphilus albus	6906.0	1444	16	16	1407	0.9852941176470589	0.9889196675900277	0.974376731301939	0.9530205289720335	0.9565097
AB249949	1444	7220	Streptomycetaceae	Streptacidiphilus neutrinimicus	DQ208700	1446	7230	Streptomycetaceae	Streptacidiphilus oryzae	6664.0	1414	23	26	1366	0.984149855907781	0.9836995038979447	0.9660537482319661	0.933112458278336	0.9229917
AB249949	1444	7220	Streptomycetaceae	Streptacidiphilus neutrinimicus	DQ904546	1383	6915	Streptomycetaceae	Streptacidiphilus anmyonensis	6819.0	1383	7	7	1372	0.997093023255814	0.9949385394070861	0.9920462762111352	0.9820544432133251	0.9861171
AB249949	1444	7220	Streptomycetaceae	Streptacidiphilus neutrinimicus	DQ994689	1428	7140	Streptomycetaceae	Streptacidiphilus melanogenes	6961.0	1411	3	5	1400	0.9957325746799431	0.9978708303761533	0.9922041105598866	0.9865905088028292	0.97493
AB249949	1444	7220	Streptomycetaceae	Streptacidiphilus neutrinimicus	KC111778	1403	7015	Streptomycetaceae	Streptacidiphilus hamsterleyensis	6691.0	1407	22	26	1365	0.9884141926140478	0.9843193157519601	0.9701492537313433	0.9375620149775963	0.95381325
JX484798	1423	7115	Streptomycetaceae	Streptacidiphilus durhamensis	AF074412	1511	7555	Streptomycetaceae	Streptacidiphilus carbonis	7037.0	1423	3	4	1414	0.9964763918252291	0.9978902953586498	0.9936753338018272	0.9887975446457171	0.9890372
JX484798	1423	7115	Streptomycetaceae	Streptacidiphilus durhamensis	AB249948	1444	7220	Streptomycetaceae	Streptacidiphilus jiangxiensis	6769.0	1419	21	22	1380	0.9878310665712241	0.9851904090267983	0.9725158562367865	0.9434754521963825	0.95137036
JX484798	1423	7115	Streptomycetaceae	Streptacidiphilus durhamensis	AF074415	1510	7550	Streptomycetaceae	Streptacidiphilus albus	7037.0	1423	2	3	1414	0.995774647887324	0.9985935302390999	0.9936753338018272	0.9901887536832241	0.9890372
JX484798	1423	7115	Streptomycetaceae	Streptacidiphilus durhamensis	DQ208700	1446	7230	Streptomycetaceae	Streptacidiphilus oryzae	6525.0	1389	18	22	1340	0.9802487198244331	0.9870036101083033	0.9647228221742261	0.9372964448558402	0.9170766
JX484798	1423	7115	Streptomycetaceae	Streptacidiphilus durhamensis	DQ904546	1383	6915	Streptomycetaceae	Streptacidiphilus anmyonensis	6620.0	1384	18	19	1348	0.9875457875457876	0.9869848156182213	0.9739884393063584	0.9482840368424958	0.9573391
JX484798	1423	7115	Streptomycetaceae	Streptacidiphilus durhamensis	DQ994689	1428	7140	Streptomycetaceae	Streptacidiphilus melanogenes	6790.0	1416	13	16	1381	0.9864285714285714	0.9907997169143666	0.9752824858757062	0.9554901891014617	0.95432186
JX484798	1423	7115	Streptomycetaceae	Streptacidiphilus durhamensis	KC111778	1403	7015	Streptomycetaceae	Streptacidiphilus hamsterleyensis	6923.0	1403	9	9	1392	0.9985652797704447	0.9935851746258019	0.99215965787598	0.979511730226003	0.98688525
AF074412	1511	7555	Streptomycetaceae	Streptacidiphilus carbonis	AB249948	1444	7220	Streptomycetaceae	Streptacidiphilus jiangxiensis	6895.0	1444	22	22	1405	0.9880450070323488	0.9847645429362881	0.9729916897506925	0.9437886649559923	0.95498616
AF074412	1511	7555	Streptomycetaceae	Streptacidiphilus carbonis	AF074415	1510	7550	Streptomycetaceae	Streptacidiphilus albus	7425.0	1510	4	4	1496	0.9933598937583001	0.9973509933774835	0.990728476821192	0.985493451844594	0.98344374
AF074412	1511	7555	Streptomycetaceae	Streptacidiphilus carbonis	DQ208700	1446	7230	Streptomycetaceae	Streptacidiphilus oryzae	6842.0	1449	20	23	1402	0.9831697054698457	0.9861687413554634	0.9675638371290545	0.9392416826045143	0.9463347
AF074412	1511	7555	Streptomycetaceae	Streptacidiphilus carbonis	DQ904546	1383	6915	Streptomycetaceae	Streptacidiphilus anmyonensis	6598.0	1383	19	19	1345	0.9860703812316716	0.9862617498192335	0.9725234996384671	0.9461640895198781	0.95415765
AF074412	1511	7555	Streptomycetaceae	Streptacidiphilus carbonis	DQ994689	1428	7140	Streptomycetaceae	Streptacidiphilus melanogenes	6841.0	1430	14	16	1393	0.9851485148514851	0.9901960784313726	0.9741258741258741	0.9538878019487438	0.95812327
AF074412	1511	7555	Streptomycetaceae	Streptacidiphilus carbonis	KC111778	1403	7015	Streptomycetaceae	Streptacidiphilus hamsterleyensis	6878.0	1403	11	11	1387	0.9964080459770115	0.99215965787598	0.9885958660014256	0.9732146007595364	0.9804704
AB249948	1444	7220	Streptomycetaceae	Streptacidiphilus jiangxiensis	AF074415	1510	7550	Streptomycetaceae	Streptacidiphilus albus	6876.0	1444	23	23	1403	0.9873328641801549	0.9840720221606648	0.971606648199446	0.9411404547317059	0.95235455
AB249948	1444	7220	Streptomycetaceae	Streptacidiphilus jiangxiensis	DQ208700	1446	7230	Streptomycetaceae	Streptacidiphilus oryzae	6628.0	1414	25	28	1362	0.9826839826839827	0.9822820694542878	0.9632248939179632	0.9277482300002063	0.9180055
AB249948	1444	7220	Streptomycetaceae	Streptacidiphilus jiangxiensis	DQ904546	1383	6915	Streptomycetaceae	Streptacidiphilus anmyonensis	6870.0	1383	1	1	1378	0.9971056439942113	0.9992769342010123	0.9963846710050615	0.9949448087637247	0.9934924
AB249948	1444	7220	Streptomycetaceae	Streptacidiphilus jiangxiensis	DQ994689	1428	7140	Streptomycetaceae	Streptacidiphilus melanogenes	6962.0	1411	5	7	1400	0.9971509971509972	0.9964513839602555	0.9922041105598866	0.9837956011483621	0.97507
AB249948	1444	7220	Streptomycetaceae	Streptacidiphilus jiangxiensis	KC111778	1403	7015	Streptomycetaceae	Streptacidiphilus hamsterleyensis	6652.0	1407	30	34	1360	0.9905316824471959	0.9786172487526729	0.9665955934612651	0.9235461028686965	0.94825375
AF074415	1510	7550	Streptomycetaceae	Streptacidiphilus albus	DQ208700	1446	7230	Streptomycetaceae	Streptacidiphilus oryzae	6808.0	1449	21	24	1398	0.9810526315789474	0.9854771784232366	0.9648033126293996	0.9352685173448261	0.9416321
AF074415	1510	7550	Streptomycetaceae	Streptacidiphilus albus	DQ904546	1383	6915	Streptomycetaceae	Streptacidiphilus anmyonensis	6602.0	1413	16	46	1350	0.9875640087783467	0.9884309472161966	0.9554140127388535	0.9139614803457052	0.95473605
AF074415	1510	7550	Streptomycetaceae	Streptacidiphilus albus	DQ994689	1428	7140	Streptomycetaceae	Streptacidiphilus melanogenes	6833.0	1430	15	17	1392	0.9851380042462845	0.9894957983193278	0.9734265734265735	0.9518697219735283	0.9570028
AF074415	1510	7550	Streptomycetaceae	Streptacidiphilus albus	KC111778	1403	7015	Streptomycetaceae	Streptacidiphilus hamsterleyensis	6888.0	1403	11	11	1388	0.9971264367816092	0.99215965787598	0.9893086243763364	0.9739162695416268	0.9818959
DQ208700	1446	7230	Streptomycetaceae	Streptacidiphilus oryzae	DQ904546	1383	6915	Streptomycetaceae	Streptacidiphilus anmyonensis	6464.0	1378	30	27	1329	0.9837157660991858	0.9804063860667634	0.9644412191582002	0.925397789121256	0.93477947
DQ208700	1446	7230	Streptomycetaceae	Streptacidiphilus oryzae	DQ994689	1428	7140	Streptomycetaceae	Streptacidiphilus melanogenes	6493.0	1378	24	23	1332	0.9830258302583026	0.9833091436865021	0.9666182873730044	0.9342138226750505	0.9093838
DQ208700	1446	7230	Streptomycetaceae	Streptacidiphilus oryzae	KC111778	1403	7015	Streptomycetaceae	Streptacidiphilus hamsterleyensis	6529.0	1373	17	15	1335	0.9830633284241531	0.989075018208303	0.9723233794610342	0.9499389563367514	0.9307199
DQ904546	1383	6915	Streptomycetaceae	Streptacidiphilus anmyonensis	DQ994689	1428	7140	Streptomycetaceae	Streptacidiphilus melanogenes	6849.0	1383	4	6	1375	0.9985475671750181	0.997103548153512	0.9942154736080984	0.9870473735820847	0.9904555
DQ904546	1383	6915	Streptomycetaceae	Streptacidiphilus anmyonensis	KC111778	1403	7015	Streptomycetaceae	Streptacidiphilus hamsterleyensis	6548.0	1381	27	31	1337	0.9903703703703703	0.9803921568627451	0.9681390296886314	0.9282583026133895	0.94692695
DQ994689	1428	7140	Streptomycetaceae	Streptacidiphilus melanogenes	KC111778	1403	7015	Streptomycetaceae	Streptacidiphilus hamsterleyensis	6695.0	1405	23	25	1365	0.9891304347826086	0.9836065573770492	0.9715302491103203	0.9388737701486288	0.9543835
