AF178988	1529	7645	Nocardiopsaceae	Streptomonospora salina	EF423989	1440	7200	Nocardiopsaceae	Streptomonospora halophila	6856.0	1445	20	25	1401	0.9866197183098592	0.9861111111111112	0.9695501730103806	0.9397687683786624	0.9522222
AF178988	1529	7645	Nocardiopsaceae	Streptomonospora salina	EU442551	1532	7660	Nocardiopsaceae	Streptomonospora amylolytica	7511.0	1528	8	4	1514	0.9934383202099738	0.9973821989528796	0.9908376963350786	0.9830967768324608	0.9824722
AF178988	1529	7645	Nocardiopsaceae	Streptomonospora salina	EU442553	1560	7800	Nocardiopsaceae	Streptomonospora flavalba	7509.0	1529	5	3	1514	0.9921363040629095	0.9980379332897319	0.9901896664486592	0.9850257046940378	0.9822106
AF178988	1529	7645	Nocardiopsaceae	Streptomonospora salina	EF095149	1377	6885	Nocardiopsaceae	Streptomonospora arabica	6549.0	1382	18	23	1339	0.9852832965415746	0.9869281045751634	0.9688856729377714	0.9405111639445938	0.9511983
AF178988	1529	7645	Nocardiopsaceae	Streptomonospora salina	AF462347	1487	7435	Nocardiopsaceae	Streptomonospora alba	7302.0	1487	4	4	1472	0.9925826028320971	0.9973100201748487	0.9899125756556826	0.9846011735059539	0.98211163
AF178988	1529	7645	Nocardiopsaceae	Streptomonospora salina	KM000838	1527	7635	Nocardiopsaceae	Streptomonospora halotolerans	7186.0	1529	35	38	1474	0.98859825620389	0.9770642201834863	0.9640287769784173	0.9190325488969437	0.94119185
AF178988	1529	7645	Nocardiopsaceae	Streptomonospora salina	KC768773	1540	7694	Nocardiopsaceae	Streptomonospora sediminis	7153.0	1527	27	31	1470	0.982620320855615	0.9822718319107026	0.962671905697446	0.9267420662312608	0.9356442
AF178988	1529	7645	Nocardiopsaceae	Streptomonospora salina	HQ918204	1520	7600	Nocardiopsaceae	Streptomonospora algeriensis	7407.0	1519	5	4	1498	0.9887788778877887	0.9973666886109283	0.9861751152073732	0.9803512464167785	0.97460526
AF178988	1529	7645	Nocardiopsaceae	Streptomonospora salina	KC959224	1490	7450	Nocardiopsaceae	Streptomonospora tuzyakensis	7125.0	1495	19	24	1453	0.9877634262406526	0.987248322147651	0.9719063545150501	0.9443026733762474	0.95637584
AF178988	1529	7645	Nocardiopsaceae	Streptomonospora salina	KC768774	1535	7675	Nocardiopsaceae	Streptomonospora nanhaiensis	7135.0	1520	34	38	1464	0.9878542510121457	0.9775725593667546	0.9631578947368421	0.9185328185328185	0.9332897
EF423989	1440	7200	Nocardiopsaceae	Streptomonospora halophila	EU442551	1532	7660	Nocardiopsaceae	Streptomonospora amylolytica	6871.0	1440	19	12	1404	0.9831932773109243	0.9916666666666667	0.975	0.9542837559972583	0.9543055
EF423989	1440	7200	Nocardiopsaceae	Streptomonospora halophila	EU442553	1560	7800	Nocardiopsaceae	Streptomonospora flavalba	6859.0	1440	21	16	1402	0.9845505617977528	0.9888888888888889	0.9736111111111111	0.9489542931021371	0.95263886
EF423989	1440	7200	Nocardiopsaceae	Streptomonospora halophila	EF095149	1377	6885	Nocardiopsaceae	Streptomonospora arabica	6872.0	1379	0	2	1376	0.9992737835875091	1.0	0.9978245105148659	0.9963773393611097	0.99811184
EF423989	1440	7200	Nocardiopsaceae	Streptomonospora halophila	AF462347	1487	7435	Nocardiopsaceae	Streptomonospora alba	6849.0	1440	23	17	1401	0.9845397048489107	0.9881944444444445	0.9729166666666667	0.9463160742766005	0.95125
EF423989	1440	7200	Nocardiopsaceae	Streptomonospora halophila	KM000838	1527	7635	Nocardiopsaceae	Streptomonospora halotolerans	6865.0	1440	25	23	1401	0.9887085391672548	0.9840277777777777	0.9729166666666667	0.9410395335608647	0.9534722
EF423989	1440	7200	Nocardiopsaceae	Streptomonospora halophila	KC768773	1540	7694	Nocardiopsaceae	Streptomonospora sediminis	6866.0	1440	18	17	1401	0.9845397048489107	0.9881944444444445	0.9729166666666667	0.9495613283036122	0.95361114
EF423989	1440	7200	Nocardiopsaceae	Streptomonospora halophila	HQ918204	1520	7600	Nocardiopsaceae	Streptomonospora algeriensis	6867.0	1440	23	17	1403	0.9859451862262825	0.9881944444444445	0.9743055555555555	0.9476669894433052	0.95375
EF423989	1440	7200	Nocardiopsaceae	Streptomonospora halophila	KC959224	1490	7450	Nocardiopsaceae	Streptomonospora tuzyakensis	6980.0	1440	8	8	1415	0.9881284916201117	0.9944444444444445	0.9826388888888888	0.9717810006138735	0.96944445
EF423989	1440	7200	Nocardiopsaceae	Streptomonospora halophila	KC768774	1535	7675	Nocardiopsaceae	Streptomonospora nanhaiensis	6850.0	1440	27	26	1399	0.9893917963224894	0.9819444444444444	0.9715277777777778	0.9364282738771491	0.9513889
EU442551	1532	7660	Nocardiopsaceae	Streptomonospora amylolytica	EU442553	1560	7800	Nocardiopsaceae	Streptomonospora flavalba	7560.0	1532	4	6	1520	0.9960681520314548	0.9973856209150327	0.9921671018276762	0.9857076805918189	0.98694515
EU442551	1532	7660	Nocardiopsaceae	Streptomonospora amylolytica	EF095149	1377	6885	Nocardiopsaceae	Streptomonospora arabica	6548.0	1384	13	20	1340	0.9824046920821115	0.990559186637618	0.9682080924855492	0.9453370351827409	0.951053
EU442551	1532	7660	Nocardiopsaceae	Streptomonospora amylolytica	AF462347	1487	7435	Nocardiopsaceae	Streptomonospora alba	7327.0	1489	5	7	1475	0.99527665317139	0.9966375252185609	0.9905977165883143	0.9826411084229463	0.9854741
EU442551	1532	7660	Nocardiopsaceae	Streptomonospora amylolytica	KM000838	1527	7635	Nocardiopsaceae	Streptomonospora halotolerans	7190.0	1532	35	42	1475	0.9899328859060402	0.9770491803278688	0.9627937336814621	0.9154835119243003	0.9417158
EU442551	1532	7660	Nocardiopsaceae	Streptomonospora amylolytica	KC768773	1540	7694	Nocardiopsaceae	Streptomonospora sediminis	7191.0	1531	23	29	1476	0.9826897470039947	0.9849180327868853	0.9640757674722403	0.9318158318811486	0.93877286
EU442551	1532	7660	Nocardiopsaceae	Streptomonospora amylolytica	HQ918204	1520	7600	Nocardiopsaceae	Streptomonospora algeriensis	7397.0	1521	5	6	1497	0.9881188118811881	0.9967105263157895	0.9842209072978304	0.9771262611770728	0.9732895
EU442551	1532	7660	Nocardiopsaceae	Streptomonospora amylolytica	KC959224	1490	7450	Nocardiopsaceae	Streptomonospora tuzyakensis	7125.0	1496	19	26	1453	0.9884353741496599	0.9872397582269979	0.9712566844919787	0.9424074760417218	0.95637584
EU442551	1532	7660	Nocardiopsaceae	Streptomonospora amylolytica	KC768774	1535	7675	Nocardiopsaceae	Streptomonospora nanhaiensis	7140.0	1521	33	39	1465	0.9885290148448043	0.9782178217821782	0.9631821170282708	0.9185559185559186	0.9321149
EU442553	1560	7800	Nocardiopsaceae	Streptomonospora flavalba	EF095149	1377	6885	Nocardiopsaceae	Streptomonospora arabica	6545.0	1382	16	21	1339	0.9838354151359294	0.9883805374001452	0.9688856729377714	0.9432427760145256	0.9506173
EU442553	1560	7800	Nocardiopsaceae	Streptomonospora flavalba	AF462347	1487	7435	Nocardiopsaceae	Streptomonospora alba	7381.0	1487	1	1	1481	0.9966352624495289	0.9993275050437121	0.995965030262273	0.9946263675871893	0.99273705
EU442553	1560	7800	Nocardiopsaceae	Streptomonospora flavalba	KM000838	1527	7635	Nocardiopsaceae	Streptomonospora halotolerans	7226.0	1533	33	39	1480	0.9906291834002677	0.9783889980353635	0.9654272667971298	0.921039806254733	0.9464309
EU442553	1560	7800	Nocardiopsaceae	Streptomonospora flavalba	KC768773	1540	7694	Nocardiopsaceae	Streptomonospora sediminis	7247.0	1541	30	32	1487	0.9854208084824387	0.9805068226120858	0.9649578195976638	0.9268754613449235	0.94190276
EU442553	1560	7800	Nocardiopsaceae	Streptomonospora flavalba	HQ918204	1520	7600	Nocardiopsaceae	Streptomonospora algeriensis	7423.0	1519	4	3	1500	0.9894459102902374	0.9980250164581962	0.9874917709019092	0.9829530693941525	0.9767105
EU442553	1560	7800	Nocardiopsaceae	Streptomonospora flavalba	KC959224	1490	7450	Nocardiopsaceae	Streptomonospora tuzyakensis	7141.0	1495	19	24	1455	0.9891230455472467	0.987248322147651	0.9732441471571907	0.9456024705866759	0.9585235
EU442553	1560	7800	Nocardiopsaceae	Streptomonospora flavalba	KC768774	1535	7675	Nocardiopsaceae	Streptomonospora nanhaiensis	7209.0	1538	42	45	1480	0.9912926992632284	0.9726384364820847	0.9622886866059818	0.9093019044953993	0.9392834
EF095149	1377	6885	Nocardiopsaceae	Streptomonospora arabica	AF462347	1487	7435	Nocardiopsaceae	Streptomonospora alba	6535.0	1377	23	17	1338	0.9838235294117647	0.9876543209876543	0.971677559912854	0.9439153439153439	0.94916487
EF095149	1377	6885	Nocardiopsaceae	Streptomonospora arabica	KM000838	1527	7635	Nocardiopsaceae	Streptomonospora halotolerans	6556.0	1377	22	20	1339	0.9867354458364038	0.9854756717501816	0.9724037763253449	0.9432108109174361	0.95221496
EF095149	1377	6885	Nocardiopsaceae	Streptomonospora arabica	KC768773	1540	7694	Nocardiopsaceae	Streptomonospora sediminis	6552.0	1377	18	17	1338	0.9838235294117647	0.9876543209876543	0.971677559912854	0.9472985530333201	0.951634
EF095149	1377	6885	Nocardiopsaceae	Streptomonospora arabica	HQ918204	1520	7600	Nocardiopsaceae	Streptomonospora algeriensis	6567.0	1377	20	14	1342	0.9845928099779897	0.9898329702251271	0.9745824255628177	0.9508631682477598	0.95381266
EF095149	1377	6885	Nocardiopsaceae	Streptomonospora arabica	KC959224	1490	7450	Nocardiopsaceae	Streptomonospora tuzyakensis	6666.0	1377	8	8	1352	0.987582176771366	0.9941902687000727	0.9818445896877269	0.9705019807093849	0.96819174
EF095149	1377	6885	Nocardiopsaceae	Streptomonospora arabica	KC768774	1535	7675	Nocardiopsaceae	Streptomonospora nanhaiensis	6544.0	1377	26	25	1337	0.988905325443787	0.9818445896877269	0.9709513435003632	0.9356566047131083	0.95047206
AF462347	1487	7435	Nocardiopsaceae	Streptomonospora alba	KM000838	1527	7635	Nocardiopsaceae	Streptomonospora halotolerans	6997.0	1487	34	37	1435	0.9896551724137931	0.977088948787062	0.9650302622730329	0.919982827281984	0.94108945
AF462347	1487	7435	Nocardiopsaceae	Streptomonospora alba	KC768773	1540	7694	Nocardiopsaceae	Streptomonospora sediminis	6986.0	1487	26	30	1434	0.9842141386410432	0.9824679703304113	0.9643577673167452	0.9286644196830786	0.93960994
AF462347	1487	7435	Nocardiopsaceae	Streptomonospora alba	HQ918204	1520	7600	Nocardiopsaceae	Streptomonospora algeriensis	7263.0	1487	5	4	1468	0.9898853674983142	0.9973100201748487	0.9872225958305313	0.9812674997430817	0.9768662
AF462347	1487	7435	Nocardiopsaceae	Streptomonospora alba	KC959224	1490	7450	Nocardiopsaceae	Streptomonospora tuzyakensis	7031.0	1476	19	25	1434	0.9882839421088904	0.9870748299319728	0.9715447154471545	0.94295075726677	0.9456624
AF462347	1487	7435	Nocardiopsaceae	Streptomonospora alba	KC768774	1535	7675	Nocardiopsaceae	Streptomonospora nanhaiensis	6983.0	1487	36	40	1433	0.9903248099516241	0.9757248819959542	0.9636852723604573	0.9155959219340655	0.9392065
KM000838	1527	7635	Nocardiopsaceae	Streptomonospora halotolerans	KC768773	1540	7694	Nocardiopsaceae	Streptomonospora sediminis	7289.0	1524	20	21	1484	0.9873586161011311	0.9868680236375574	0.973753280839895	0.947895842682877	0.9546824
KM000838	1527	7635	Nocardiopsaceae	Streptomonospora halotolerans	HQ918204	1520	7600	Nocardiopsaceae	Streptomonospora algeriensis	7165.0	1516	36	32	1468	0.9892183288409704	0.978891820580475	0.9683377308707124	0.9259105622500884	0.94276315
KM000838	1527	7635	Nocardiopsaceae	Streptomonospora halotolerans	KC959224	1490	7450	Nocardiopsaceae	Streptomonospora tuzyakensis	7182.0	1492	21	23	1459	0.9931926480599047	0.9859060402684564	0.9778820375335121	0.9494439610949962	0.96402687
KM000838	1527	7635	Nocardiopsaceae	Streptomonospora halotolerans	KC768774	1535	7675	Nocardiopsaceae	Streptomonospora nanhaiensis	7509.0	1518	8	8	1508	0.9986754966887417	0.994729907773386	0.9934123847167325	0.9829965274719962	0.983497
KC768773	1540	7694	Nocardiopsaceae	Streptomonospora sediminis	HQ918204	1520	7600	Nocardiopsaceae	Streptomonospora algeriensis	7178.0	1515	28	23	1470	0.985254691689008	0.9848184818481848	0.9702970297029703	0.9382262918449978	0.9444737
KC768773	1540	7694	Nocardiopsaceae	Streptomonospora sediminis	KC959224	1490	7450	Nocardiopsaceae	Streptomonospora tuzyakensis	7121.0	1490	19	20	1451	0.9870748299319728	0.9872397582269979	0.9738255033557047	0.9486570509826945	0.9558389
KC768773	1540	7694	Nocardiopsaceae	Streptomonospora sediminis	KC768774	1535	7675	Nocardiopsaceae	Streptomonospora nanhaiensis	7249.0	1516	19	18	1477	0.985981308411215	0.9881266490765171	0.9742744063324539	0.9507902675478932	0.94449514
HQ918204	1520	7600	Nocardiopsaceae	Streptomonospora algeriensis	KC959224	1490	7450	Nocardiopsaceae	Streptomonospora tuzyakensis	7108.0	1492	18	24	1450	0.9877384196185286	0.9878869448183042	0.9718498659517426	0.9448182802762637	0.95409393
HQ918204	1520	7600	Nocardiopsaceae	Streptomonospora algeriensis	KC768774	1535	7675	Nocardiopsaceae	Streptomonospora nanhaiensis	7143.0	1517	33	38	1464	0.9898580121703854	0.9781746031746031	0.9650626235992089	0.9208565292278903	0.93986845
KC959224	1490	7450	Nocardiopsaceae	Streptomonospora tuzyakensis	KC768774	1535	7675	Nocardiopsaceae	Streptomonospora nanhaiensis	7169.0	1490	25	24	1457	0.9938608458390177	0.9838926174496644	0.9778523489932885	0.9462254413360799	0.9622819
