AF038843	1471	7355	Campylobacteraceae	Sulfurospirillum barnesii	U85964	1321	6599	Campylobacteraceae	Sulfurospirillum arsenophilum	6282.0	1337	21	38	1286	0.9899923017705927	0.9840909090909091	0.9618548990276738	0.9200659159329517	0.9519624
AF038843	1471	7355	Campylobacteraceae	Sulfurospirillum barnesii	AF218076	1440	7200	Campylobacteraceae	Sulfurospirillum halorespirans	6796.0	1431	31	28	1390	0.9907341411261582	0.9804332634521313	0.9713487071977638	0.9321492723655695	0.9438889
AF038843	1471	7355	Campylobacteraceae	Sulfurospirillum barnesii	Y13671	1431	7155	Campylobacteraceae	Sulfurospirillum deleyianum	6907.0	1431	15	15	1403	0.990819209039548	0.989517819706499	0.9804332634521313	0.9600923243763609	0.96533895
AF038843	1471	7355	Campylobacteraceae	Sulfurospirillum barnesii	Y11561	1433	7165	Campylobacteraceae	Sulfurospirillum arcachonense	6204.0	1431	77	75	1319	0.9727138643067846	0.9475890985324947	0.9217330538085255	0.8288262738490456	0.8658758
AF038843	1471	7355	Campylobacteraceae	Sulfurospirillum barnesii	X82931	1464	7314	Campylobacteraceae	Sulfurospirillum multivorans	6990.0	1450	19	19	1420	0.9923130677847659	0.9868965517241379	0.9793103448275862	0.9539776061594797	0.9557014
AF038843	1471	7355	Campylobacteraceae	Sulfurospirillum barnesii	AB246781	1336	6680	Campylobacteraceae	Sulfurospirillum cavolei	6215.0	1335	23	22	1283	0.9771515613099772	0.9835205992509364	0.9610486891385768	0.9292024512805238	0.9303892
AF038843	1471	7355	Campylobacteraceae	Sulfurospirillum barnesii	GQ863490	1437	7185	Campylobacteraceae	Sulfurospirillum alkalitolerans	6194.0	1435	70	68	1321	0.9663496708119971	0.9526132404181185	0.9205574912891986	0.8361475684998901	0.8620738
U85964	1321	6599	Campylobacteraceae	Sulfurospirillum arsenophilum	AF218076	1440	7200	Campylobacteraceae	Sulfurospirillum halorespirans	6482.0	1321	3	3	1307	0.9916540212443096	0.9977289931869796	0.9894019682059046	0.9849182734859383	0.98227006
U85964	1321	6599	Campylobacteraceae	Sulfurospirillum arsenophilum	Y13671	1431	7155	Campylobacteraceae	Sulfurospirillum deleyianum	6308.0	1320	30	13	1289	0.9862280030604438	0.9901515151515151	0.9765151515151516	0.9454113355780023	0.9559024
U85964	1321	6599	Campylobacteraceae	Sulfurospirillum arsenophilum	Y11561	1433	7165	Campylobacteraceae	Sulfurospirillum arcachonense	5891.0	1320	66	47	1239	0.9732914375490966	0.9643939393939394	0.9386363636363636	0.8621097337006428	0.89271104
U85964	1321	6599	Campylobacteraceae	Sulfurospirillum arsenophilum	X82931	1464	7314	Campylobacteraceae	Sulfurospirillum multivorans	6489.0	1320	18	1	1310	0.9931766489764974	0.9992424242424243	0.9924242424242424	0.9783315214929564	0.9833308
U85964	1321	6599	Campylobacteraceae	Sulfurospirillum arsenophilum	AB246781	1336	6680	Campylobacteraceae	Sulfurospirillum cavolei	6165.0	1313	19	19	1267	0.9791344667697064	0.9855293221629855	0.964965727341965	0.9374366750604375	0.9342325
U85964	1321	6599	Campylobacteraceae	Sulfurospirillum arsenophilum	GQ863490	1437	7185	Campylobacteraceae	Sulfurospirillum alkalitolerans	5795.0	1319	58	55	1225	0.9691455696202531	0.9583017437452616	0.9287338893100834	0.8525197066724368	0.87816334
AF218076	1440	7200	Campylobacteraceae	Sulfurospirillum halorespirans	Y13671	1431	7155	Campylobacteraceae	Sulfurospirillum deleyianum	6814.0	1411	16	16	1383	0.9913978494623656	0.9886605244507441	0.9801559177888023	0.9581762475931178	0.952341
AF218076	1440	7200	Campylobacteraceae	Sulfurospirillum halorespirans	Y11561	1433	7165	Campylobacteraceae	Sulfurospirillum arcachonense	6307.0	1411	59	55	1323	0.9756637168141593	0.961020552799433	0.9376328844790929	0.8649184975194897	0.8802512
AF218076	1440	7200	Campylobacteraceae	Sulfurospirillum halorespirans	X82931	1464	7314	Campylobacteraceae	Sulfurospirillum multivorans	6960.0	1411	6	6	1400	0.99644128113879	0.9957476966690291	0.9922041105598866	0.9838015351705297	0.96666664
AF218076	1440	7200	Campylobacteraceae	Sulfurospirillum halorespirans	AB246781	1336	6680	Campylobacteraceae	Sulfurospirillum cavolei	6294.0	1336	20	20	1292	0.9817629179331308	0.9850299401197605	0.9670658682634731	0.9385388515005388	0.94221556
AF218076	1440	7200	Campylobacteraceae	Sulfurospirillum halorespirans	GQ863490	1437	7185	Campylobacteraceae	Sulfurospirillum alkalitolerans	6181.0	1415	66	64	1310	0.9696521095484826	0.9547703180212014	0.9257950530035336	0.8445301260011978	0.8602644
Y13671	1431	7155	Campylobacteraceae	Sulfurospirillum deleyianum	Y11561	1433	7165	Campylobacteraceae	Sulfurospirillum arcachonense	6327.0	1431	62	60	1333	0.9722830051057623	0.9580712788259959	0.9315164220824598	0.855397866493672	0.88427675
Y13671	1431	7155	Campylobacteraceae	Sulfurospirillum deleyianum	X82931	1464	7314	Campylobacteraceae	Sulfurospirillum multivorans	6955.0	1431	6	6	1408	0.9880701754385965	0.9958071278825996	0.983927323549965	0.9757108114535143	0.9720475
Y13671	1431	7155	Campylobacteraceae	Sulfurospirillum deleyianum	AB246781	1336	6680	Campylobacteraceae	Sulfurospirillum cavolei	6355.0	1336	11	11	1299	0.9803773584905661	0.9917664670658682	0.9723053892215568	0.9564251230278862	0.9513473
Y13671	1431	7155	Campylobacteraceae	Sulfurospirillum deleyianum	GQ863490	1437	7185	Campylobacteraceae	Sulfurospirillum alkalitolerans	6252.0	1431	60	58	1326	0.965768390386016	0.9594689028651293	0.9266247379454927	0.8532902516426301	0.87379456
Y11561	1433	7165	Campylobacteraceae	Sulfurospirillum arcachonense	X82931	1464	7314	Campylobacteraceae	Sulfurospirillum multivorans	6347.0	1433	58	60	1335	0.9723233794610342	0.9594689028651293	0.9316120027913468	0.8578828167890805	0.8858339
Y11561	1433	7165	Campylobacteraceae	Sulfurospirillum arcachonense	AB246781	1336	6680	Campylobacteraceae	Sulfurospirillum cavolei	6010.0	1341	44	49	1258	0.9736842105263158	0.9670658682634731	0.9381058911260254	0.8751139432020396	0.8997006
Y11561	1433	7165	Campylobacteraceae	Sulfurospirillum arcachonense	GQ863490	1437	7185	Campylobacteraceae	Sulfurospirillum alkalitolerans	6132.0	1433	86	86	1309	0.9717891610987379	0.9399860432658758	0.9134682484298674	0.8100340557175981	0.8558269
X82931	1464	7314	Campylobacteraceae	Sulfurospirillum multivorans	AB246781	1336	6680	Campylobacteraceae	Sulfurospirillum cavolei	6276.0	1336	16	16	1290	0.9772727272727273	0.9880239520958084	0.9655688622754491	0.94271516139319	0.93952096
X82931	1464	7314	Campylobacteraceae	Sulfurospirillum multivorans	GQ863490	1437	7185	Campylobacteraceae	Sulfurospirillum alkalitolerans	6292.0	1431	58	56	1330	0.9672727272727273	0.9608665269042628	0.9294199860237596	0.8582622436418197	0.8757133
AB246781	1336	6680	Campylobacteraceae	Sulfurospirillum cavolei	GQ863490	1437	7185	Campylobacteraceae	Sulfurospirillum alkalitolerans	5843.0	1335	63	58	1238	0.9694596711041503	0.9565543071161049	0.9273408239700375	0.8470774193202704	0.8747006
