GU111566	1440	7200	Propionibacteriaceae	Tessaracoccus oleiagri	KF668596	1434	7170	Propionibacteriaceae	Tessaracoccus lapidicaptus	6609.0	1421	40	34	1363	0.9826964671953857	0.976073187895848	0.9591836734693877	0.9106007906242578	0.92175734
GU111566	1440	7200	Propionibacteriaceae	Tessaracoccus oleiagri	KC295452	1460	7300	Propionibacteriaceae	Tessaracoccus defluvii	6772.0	1440	28	27	1390	0.9837225760792639	0.98125	0.9652777777777778	0.9291127384196185	0.9405556
GU111566	1440	7200	Propionibacteriaceae	Tessaracoccus oleiagri	FM178840	1393	6965	Propionibacteriaceae	Tessaracoccus lubricantis	6516.0	1399	28	34	1341	0.9824175824175824	0.9798994974874372	0.958541815582559	0.9168952896077037	0.93553483
GU111566	1440	7200	Propionibacteriaceae	Tessaracoccus oleiagri	KU671050	1436	7180	Propionibacteriaceae	Tessaracoccus arenae	6477.0	1416	55	48	1345	0.9831871345029239	0.9661016949152542	0.9498587570621468	0.8833492723732269	0.9020891
GU111566	1440	7200	Propionibacteriaceae	Tessaracoccus oleiagri	AF038504	1465	7307	Propionibacteriaceae	Tessaracoccus bendigoensis	6623.0	1440	43	42	1371	0.98068669527897	0.9708333333333333	0.9520833333333333	0.8975134861766688	0.91986114
GU111566	1440	7200	Propionibacteriaceae	Tessaracoccus oleiagri	KP265298	1396	6980	Propionibacteriaceae	Tessaracoccus flavus	6635.0	1397	14	15	1357	0.9819102749638206	0.9899713467048711	0.9713672154617037	0.9514028999065022	0.9505731
GU111566	1440	7200	Propionibacteriaceae	Tessaracoccus oleiagri	KT215777	1525	7625	Propionibacteriaceae	Tessaracoccus rhinocerotis	6764.0	1440	24	25	1389	0.9816254416961131	0.9833217512161223	0.9645833333333333	0.9322987818761385	0.9394444
GU111566	1440	7200	Propionibacteriaceae	Tessaracoccus oleiagri	AM393882	1408	7040	Propionibacteriaceae	Tessaracoccus flavescens	6643.0	1410	21	23	1362	0.9819754866618601	0.9850852272727273	0.9659574468085106	0.93625644914284	0.9436079
KF668596	1434	7170	Propionibacteriaceae	Tessaracoccus lapidicaptus	KC295452	1460	7300	Propionibacteriaceae	Tessaracoccus defluvii	6718.0	1434	32	37	1378	0.9863994273443092	0.9776067179846046	0.9609483960948396	0.9157195834546323	0.93695956
KF668596	1434	7170	Propionibacteriaceae	Tessaracoccus lapidicaptus	FM178840	1393	6965	Propionibacteriaceae	Tessaracoccus lubricantis	6543.0	1405	29	41	1345	0.9860703812316716	0.9791816223977028	0.9572953736654805	0.9105654739746969	0.93941134
KF668596	1434	7170	Propionibacteriaceae	Tessaracoccus lapidicaptus	KU671050	1436	7180	Propionibacteriaceae	Tessaracoccus arenae	6872.0	1429	28	27	1396	0.9957203994293866	0.9811056682995102	0.9769069279216235	0.940029864753683	0.9584379
KF668596	1434	7170	Propionibacteriaceae	Tessaracoccus lapidicaptus	AF038504	1465	7307	Propionibacteriaceae	Tessaracoccus bendigoensis	6657.0	1433	62	33	1377	0.9835714285714285	0.9769713886950454	0.9609211444521982	0.8998592657077442	0.9284519
KF668596	1434	7170	Propionibacteriaceae	Tessaracoccus lapidicaptus	KP265298	1396	6980	Propionibacteriaceae	Tessaracoccus flavus	6483.0	1388	28	35	1332	0.9844789356984479	0.9797248370745837	0.9596541786743515	0.916957700385874	0.9287966
KF668596	1434	7170	Propionibacteriaceae	Tessaracoccus lapidicaptus	KT215777	1525	7625	Propionibacteriaceae	Tessaracoccus rhinocerotis	6644.0	1434	33	40	1369	0.9820659971305595	0.9768745620182201	0.9546722454672245	0.907166400941589	0.9266388
KF668596	1434	7170	Propionibacteriaceae	Tessaracoccus lapidicaptus	AM393882	1408	7040	Propionibacteriaceae	Tessaracoccus flavescens	6594.0	1411	26	34	1354	0.9832970225127088	0.9814682822523164	0.959603118355776	0.9195361823075181	0.9366477
KC295452	1460	7300	Propionibacteriaceae	Tessaracoccus defluvii	FM178840	1393	6965	Propionibacteriaceae	Tessaracoccus lubricantis	6711.0	1400	19	26	1364	0.992721979621543	0.9863603732950467	0.9742857142857143	0.943388704318937	0.963532
KC295452	1460	7300	Propionibacteriaceae	Tessaracoccus defluvii	KU671050	1436	7180	Propionibacteriaceae	Tessaracoccus arenae	6726.0	1427	34	27	1380	0.9857142857142858	0.9810791871058164	0.9670637701471618	0.9266867065065206	0.93676883
KC295452	1460	7300	Propionibacteriaceae	Tessaracoccus defluvii	AF038504	1465	7307	Propionibacteriaceae	Tessaracoccus bendigoensis	6835.0	1460	29	29	1405	0.9818308874912649	0.9801369863013699	0.9623287671232876	0.924843831936484	0.93630135
KC295452	1460	7300	Propionibacteriaceae	Tessaracoccus defluvii	KP265298	1396	6980	Propionibacteriaceae	Tessaracoccus flavus	6736.0	1398	14	16	1368	0.9898697539797395	0.9899713467048711	0.9785407725321889	0.9577502462036013	0.965043
KC295452	1460	7300	Propionibacteriaceae	Tessaracoccus defluvii	KT215777	1525	7625	Propionibacteriaceae	Tessaracoccus rhinocerotis	6956.0	1460	16	18	1420	0.984743411927878	0.9890260631001372	0.9726027397260274	0.950198611575157	0.9528767
KC295452	1460	7300	Propionibacteriaceae	Tessaracoccus defluvii	AM393882	1408	7040	Propionibacteriaceae	Tessaracoccus flavescens	6802.0	1411	12	15	1381	0.9892550143266475	0.9914772727272727	0.9787384833451452	0.9601679007377533	0.9661932
FM178840	1393	6965	Propionibacteriaceae	Tessaracoccus lubricantis	KU671050	1436	7180	Propionibacteriaceae	Tessaracoccus arenae	6491.0	1392	49	36	1339	0.9874631268436578	0.9741379310344828	0.9619252873563219	0.9051843786642418	0.93194544
FM178840	1393	6965	Propionibacteriaceae	Tessaracoccus lubricantis	AF038504	1465	7307	Propionibacteriaceae	Tessaracoccus bendigoensis	6430.0	1393	49	39	1331	0.98301329394387	0.9720028715003589	0.955491744436468	0.897181568631746	0.9231874
FM178840	1393	6965	Propionibacteriaceae	Tessaracoccus lubricantis	KP265298	1396	6980	Propionibacteriaceae	Tessaracoccus flavus	6624.0	1376	17	16	1346	0.9897058823529412	0.9883720930232558	0.9781976744186046	0.9550242908896642	0.9510409
FM178840	1393	6965	Propionibacteriaceae	Tessaracoccus lubricantis	KT215777	1525	7625	Propionibacteriaceae	Tessaracoccus rhinocerotis	6548.0	1393	35	30	1345	0.9867938371239912	0.9784637473079684	0.9655419956927495	0.9215922549924492	0.9401292
FM178840	1393	6965	Propionibacteriaceae	Tessaracoccus lubricantis	AM393882	1408	7040	Propionibacteriaceae	Tessaracoccus flavescens	6679.0	1393	21	15	1361	0.9876632801161103	0.9892318736539842	0.9770279971284996	0.9521531683472931	0.9589375
KU671050	1436	7180	Propionibacteriaceae	Tessaracoccus arenae	AF038504	1465	7307	Propionibacteriaceae	Tessaracoccus bendigoensis	6665.0	1434	24	31	1374	0.9793300071275838	0.9831814996496145	0.9581589958158996	0.9220144520779884	0.92827296
KU671050	1436	7180	Propionibacteriaceae	Tessaracoccus arenae	KP265298	1396	6980	Propionibacteriaceae	Tessaracoccus flavus	6406.0	1384	36	44	1321	0.985820895522388	0.9738372093023255	0.9544797687861272	0.9007062606855003	0.917765
KU671050	1436	7180	Propionibacteriaceae	Tessaracoccus arenae	KT215777	1525	7625	Propionibacteriaceae	Tessaracoccus rhinocerotis	6639.0	1435	31	39	1370	0.9813753581661891	0.9782761037140855	0.9547038327526133	0.9091177015843439	0.9246518
KU671050	1436	7180	Propionibacteriaceae	Tessaracoccus arenae	AM393882	1408	7040	Propionibacteriaceae	Tessaracoccus flavescens	6558.0	1407	25	34	1349	0.9825200291332847	0.9821173104434907	0.9587775408670931	0.9192748349235467	0.9315341
AF038504	1465	7307	Propionibacteriaceae	Tessaracoccus bendigoensis	KP265298	1396	6980	Propionibacteriaceae	Tessaracoccus flavus	6476.0	1398	36	38	1336	0.9823529411764705	0.9742120343839542	0.9556509298998569	0.9063356099468657	0.9277937
AF038504	1465	7307	Propionibacteriaceae	Tessaracoccus bendigoensis	KT215777	1525	7625	Propionibacteriaceae	Tessaracoccus rhinocerotis	6835.0	1465	29	31	1406	0.9804741980474198	0.9801777170198223	0.9597269624573379	0.9211837109530271	0.9354044
AF038504	1465	7307	Propionibacteriaceae	Tessaracoccus bendigoensis	AM393882	1408	7040	Propionibacteriaceae	Tessaracoccus flavescens	6672.0	1411	25	28	1365	0.9869848156182213	0.9822443181818182	0.9673990077958894	0.9316941697644255	0.94772726
KP265298	1396	6980	Propionibacteriaceae	Tessaracoccus flavus	KT215777	1525	7625	Propionibacteriaceae	Tessaracoccus rhinocerotis	6609.0	1396	23	23	1353	0.9854333576110706	0.9835243553008596	0.9691977077363897	0.9377790364496569	0.94684815
KP265298	1396	6980	Propionibacteriaceae	Tessaracoccus flavus	AM393882	1408	7040	Propionibacteriaceae	Tessaracoccus flavescens	6637.0	1386	21	20	1352	0.9897510980966325	0.9855699855699855	0.9754689754689755	0.9470437956578682	0.9508596
KT215777	1525	7625	Propionibacteriaceae	Tessaracoccus rhinocerotis	AM393882	1408	7040	Propionibacteriaceae	Tessaracoccus flavescens	6761.0	1409	12	13	1376	0.9856733524355301	0.9914772727272727	0.9765791341376863	0.9593979389558128	0.9603693
