AJ005817	1484	7420	Rhodocyclaceae	Thauera terpenica	JQ038037	1444	7220	Rhodocyclaceae	Thauera humireducens	6878.0	1471	19	47	1409	0.9894662921348315	0.9868329868329868	0.9578518014955812	0.9154234666642334	0.9526316
AJ005817	1484	7420	Rhodocyclaceae	Thauera terpenica	Y17591	1491	7455	Rhodocyclaceae	Thauera selenatis	6986.0	1478	20	21	1431	0.9821551132463967	0.98645903859174	0.9682002706359946	0.9417007972741283	0.9415094
AJ005817	1484	7420	Rhodocyclaceae	Thauera terpenica	AJ315678	1440	7200	Rhodocyclaceae	Thauera phenylacetica	6789.0	1425	20	19	1386	0.9857752489331437	0.9866666666666667	0.9726315789473684	0.9463806228373702	0.9429167
AJ005817	1484	7420	Rhodocyclaceae	Thauera terpenica	Y17590	1491	7455	Rhodocyclaceae	Thauera mechernichensis	7043.0	1478	23	24	1437	0.9883081155433288	0.984427894380501	0.9722598105548038	0.9418159657206427	0.9491914
AJ005817	1484	7420	Rhodocyclaceae	Thauera terpenica	AB021377	1502	7462	Rhodocyclaceae	Thauera butanivorans	6914.0	1484	21	23	1424	0.974674880219028	0.9858299595141701	0.9595687331536388	0.9315148964368546	0.9318059
AJ005817	1484	7420	Rhodocyclaceae	Thauera terpenica	AF123264	1488	7428	Rhodocyclaceae	Thauera chlorobenzoica	7077.0	1484	18	16	1444	0.9836512261580381	0.9892183288409704	0.9730458221024259	0.9510194852505732	0.95377356
AJ005817	1484	7420	Rhodocyclaceae	Thauera terpenica	AJ005816	1482	7404	Rhodocyclaceae	Thauera linaloolentis	6936.0	1484	21	23	1428	0.9774127310061602	0.9858299595141701	0.9622641509433962	0.9341315113144864	0.93679094
AJ005817	1484	7420	Rhodocyclaceae	Thauera terpenica	AJ315677	1496	7480	Rhodocyclaceae	Thauera aminoaromatica	7046.0	1481	20	21	1439	0.9856164383561644	0.9864864864864865	0.9716407832545577	0.9451002955041001	0.9495957
AJ005817	1484	7420	Rhodocyclaceae	Thauera terpenica	X77118	1500	7500	Rhodocyclaceae	Thauera aromatica	6992.0	1484	23	25	1434	0.9828649760109665	0.9844804318488529	0.9663072776280324	0.9355290763499	0.9423181
JQ038037	1444	7220	Rhodocyclaceae	Thauera humireducens	Y17591	1491	7455	Rhodocyclaceae	Thauera selenatis	6846.0	1436	44	16	1402	0.9873239436619718	0.9888579387186629	0.9763231197771588	0.9367424527591658	0.94819945
JQ038037	1444	7220	Rhodocyclaceae	Thauera humireducens	AJ315678	1440	7200	Rhodocyclaceae	Thauera phenylacetica	6839.0	1423	26	17	1393	0.9907539118065434	0.9880534082923401	0.9789177793394237	0.9498677693245201	0.9498611
JQ038037	1444	7220	Rhodocyclaceae	Thauera humireducens	Y17590	1491	7455	Rhodocyclaceae	Thauera mechernichensis	6852.0	1436	49	21	1402	0.9908127208480565	0.9853760445682451	0.9763231197771588	0.9303011545351378	0.94903046
JQ038037	1444	7220	Rhodocyclaceae	Thauera humireducens	AB021377	1502	7462	Rhodocyclaceae	Thauera butanivorans	6694.0	1443	60	30	1386	0.9808917197452229	0.9792099792099792	0.9604989604989606	0.9029840526846515	0.9271468
JQ038037	1444	7220	Rhodocyclaceae	Thauera humireducens	AF123264	1488	7428	Rhodocyclaceae	Thauera chlorobenzoica	6873.0	1443	52	22	1407	0.9901477832512315	0.9847539847539848	0.975051975051975	0.9267885328085996	0.95193905
JQ038037	1444	7220	Rhodocyclaceae	Thauera humireducens	AJ005816	1482	7404	Rhodocyclaceae	Thauera linaloolentis	6688.0	1443	60	34	1386	0.9836763662171752	0.9764379764379765	0.9604989604989606	0.9004278345595711	0.9263158
JQ038037	1444	7220	Rhodocyclaceae	Thauera humireducens	AJ315677	1496	7480	Rhodocyclaceae	Thauera aminoaromatica	6897.0	1444	51	19	1412	0.9908771929824561	0.9868421052631579	0.9778393351800554	0.9320542158070763	0.95526314
JQ038037	1444	7220	Rhodocyclaceae	Thauera humireducens	X77118	1500	7500	Rhodocyclaceae	Thauera aromatica	6804.0	1443	57	27	1400	0.9887005649717514	0.9812889812889813	0.9702009702009702	0.9158697158697158	0.9423823
Y17591	1491	7455	Rhodocyclaceae	Thauera selenatis	AJ315678	1440	7200	Rhodocyclaceae	Thauera phenylacetica	7032.0	1418	2	0	1412	0.995768688293371	1.0	0.995768688293371	0.9943661971830986	0.9766667
Y17591	1491	7455	Rhodocyclaceae	Thauera selenatis	Y17590	1491	7455	Rhodocyclaceae	Thauera mechernichensis	7290.0	1491	7	7	1472	0.9919137466307277	0.9953051643192489	0.9872568745808182	0.9780301748183807	0.9778672
Y17591	1491	7455	Rhodocyclaceae	Thauera selenatis	AB021377	1502	7462	Rhodocyclaceae	Thauera butanivorans	7071.0	1491	25	26	1444	0.985665529010239	0.9832214765100671	0.9684775318578136	0.935896823332254	0.9484909
Y17591	1491	7455	Rhodocyclaceae	Thauera selenatis	AF123264	1488	7428	Rhodocyclaceae	Thauera chlorobenzoica	7213.0	1478	12	9	1457	0.9918311776718857	0.9939106901217862	0.9857916102841678	0.9718979030251291	0.97105545
Y17591	1491	7455	Rhodocyclaceae	Thauera selenatis	AJ005816	1482	7404	Rhodocyclaceae	Thauera linaloolentis	7003.0	1477	25	26	1432	0.9869055823569952	0.9830623306233063	0.969532836831415	0.936612614009576	0.94584006
Y17591	1491	7455	Rhodocyclaceae	Thauera selenatis	AJ315677	1496	7480	Rhodocyclaceae	Thauera aminoaromatica	7298.0	1474	1	1	1466	0.9952477936184657	0.9993215739484396	0.994572591587517	0.9932240185819746	0.9789403
Y17591	1491	7455	Rhodocyclaceae	Thauera selenatis	X77118	1500	7500	Rhodocyclaceae	Thauera aromatica	7281.0	1491	7	8	1471	0.9919082939986514	0.9953020134228188	0.9865861837692823	0.9767071498864123	0.97665995
AJ315678	1440	7200	Rhodocyclaceae	Thauera phenylacetica	Y17590	1491	7455	Rhodocyclaceae	Thauera mechernichensis	6931.0	1420	6	8	1400	0.9915014164305949	0.995768688293371	0.9859154929577465	0.9762360982162259	0.9626389
AJ315678	1440	7200	Rhodocyclaceae	Thauera phenylacetica	AB021377	1502	7462	Rhodocyclaceae	Thauera butanivorans	6727.0	1430	26	29	1378	0.9835831548893648	0.9817799579537492	0.9636363636363636	0.9272352647352647	0.93430555
AJ315678	1440	7200	Rhodocyclaceae	Thauera phenylacetica	AF123264	1488	7428	Rhodocyclaceae	Thauera chlorobenzoica	6971.0	1427	9	8	1407	0.9915433403805497	0.9943938332165382	0.9859845830413455	0.9743120636042266	0.9681944
AJ315678	1440	7200	Rhodocyclaceae	Thauera phenylacetica	AJ005816	1482	7404	Rhodocyclaceae	Thauera linaloolentis	6743.0	1426	23	26	1380	0.9857142857142858	0.9838369641602249	0.967741935483871	0.9350163627863488	0.9365278
AJ315678	1440	7200	Rhodocyclaceae	Thauera phenylacetica	AJ315677	1496	7480	Rhodocyclaceae	Thauera aminoaromatica	7159.0	1440	0	2	1435	0.997913769123783	1.0	0.9965277777777778	0.9951437114197532	0.99430555
AJ315678	1440	7200	Rhodocyclaceae	Thauera phenylacetica	X77118	1500	7500	Rhodocyclaceae	Thauera aromatica	6971.0	1430	6	9	1409	0.9915552427867699	0.9957953749124037	0.9853146853146854	0.9750224009973314	0.9681944
Y17590	1491	7455	Rhodocyclaceae	Thauera mechernichensis	AB021377	1502	7462	Rhodocyclaceae	Thauera butanivorans	7071.0	1491	24	25	1444	0.984993178717599	0.9838926174496644	0.9684775318578136	0.937153836107957	0.9484909
Y17590	1491	7455	Rhodocyclaceae	Thauera mechernichensis	AF123264	1488	7428	Rhodocyclaceae	Thauera chlorobenzoica	7293.0	1478	9	6	1466	0.9959239130434783	0.9959404600811907	0.9918809201623816	0.9818753964216715	0.98182553
Y17590	1491	7455	Rhodocyclaceae	Thauera mechernichensis	AJ005816	1482	7404	Rhodocyclaceae	Thauera linaloolentis	7049.0	1477	24	25	1437	0.9896694214876033	0.983739837398374	0.97291807718348	0.9411572605399153	0.95205295
Y17590	1491	7455	Rhodocyclaceae	Thauera mechernichensis	AJ315677	1496	7480	Rhodocyclaceae	Thauera aminoaromatica	7224.0	1474	8	8	1457	0.9938608458390177	0.994572591587517	0.9884667571234735	0.977795051243598	0.9690141
Y17590	1491	7455	Rhodocyclaceae	Thauera mechernichensis	X77118	1500	7500	Rhodocyclaceae	Thauera aromatica	7279.0	1491	14	15	1470	0.9959349593495935	0.9906040268456375	0.9859154929577465	0.9669177857844743	0.9763917
AB021377	1502	7462	Rhodocyclaceae	Thauera butanivorans	AF123264	1488	7428	Rhodocyclaceae	Thauera chlorobenzoica	7055.0	1484	27	23	1440	0.9856262833675564	0.9845013477088949	0.9703504043126685	0.9382408608211837	0.9497846
AB021377	1502	7462	Rhodocyclaceae	Thauera butanivorans	AJ005816	1482	7404	Rhodocyclaceae	Thauera linaloolentis	7196.0	1482	3	3	1456	0.9844489519945909	0.9979757085020243	0.9824561403508771	0.9784866205918837	0.9719071
AB021377	1502	7462	Rhodocyclaceae	Thauera butanivorans	AJ315677	1496	7480	Rhodocyclaceae	Thauera aminoaromatica	7018.0	1483	25	24	1435	0.9835503769705277	0.9838165879973028	0.9676331759946055	0.9361915144404042	0.94049853
AB021377	1502	7462	Rhodocyclaceae	Thauera butanivorans	X77118	1500	7500	Rhodocyclaceae	Thauera aromatica	7155.0	1500	19	19	1458	0.9844699527346388	0.9873333333333333	0.972	0.9476840026333113	0.9588582
AF123264	1488	7428	Rhodocyclaceae	Thauera chlorobenzoica	AJ005816	1482	7404	Rhodocyclaceae	Thauera linaloolentis	7062.0	1486	23	27	1441	0.9876627827278959	0.9844804318488529	0.9697173620457604	0.9375862367294662	0.9538087
AF123264	1488	7428	Rhodocyclaceae	Thauera chlorobenzoica	AJ315677	1496	7480	Rhodocyclaceae	Thauera aminoaromatica	7246.0	1484	9	12	1462	0.9932065217391305	0.9939230249831195	0.9851752021563343	0.9713180827690047	0.97549814
AF123264	1488	7428	Rhodocyclaceae	Thauera chlorobenzoica	X77118	1500	7500	Rhodocyclaceae	Thauera aromatica	7286.0	1488	11	15	1468	0.9966055668703326	0.9925876010781671	0.9865591397849462	0.9694473735178292	0.9808831
AJ005816	1482	7404	Rhodocyclaceae	Thauera linaloolentis	AJ315677	1496	7480	Rhodocyclaceae	Thauera aminoaromatica	7036.0	1479	25	24	1437	0.9876288659793815	0.9837728194726166	0.9716024340770791	0.9399478334987701	0.9502971
AJ005816	1482	7404	Rhodocyclaceae	Thauera linaloolentis	X77118	1500	7500	Rhodocyclaceae	Thauera aromatica	7087.0	1482	21	21	1444	0.9883641341546886	0.9858299595141701	0.9743589743589743	0.9471313782691028	0.9571853
AJ315677	1496	7480	Rhodocyclaceae	Thauera aminoaromatica	X77118	1500	7500	Rhodocyclaceae	Thauera aromatica	7282.0	1484	6	7	1468	0.993906567366283	0.9959541469993257	0.9892183288409704	0.9805875648980625	0.9735294
