EU247889	1480	7400	Thermaceae	Thermus arciformis	JX112365	1526	7630	Thermaceae	Thermus tengchongensis	6883.0	1480	38	32	1421	0.981353591160221	0.9783783783783784	0.9601351351351352	0.9158601289036072	0.93013513
EU247889	1480	7400	Thermaceae	Thermus arciformis	KC852874	1545	7725	Thermaceae	Thermus caliditerrae	6759.0	1480	50	52	1404	0.9831932773109243	0.9661705006765899	0.9486486486486486	0.8854054054054055	0.91337836
EU247889	1480	7400	Thermaceae	Thermus arciformis	EU701067	1445	7225	Thermaceae	Thermus composti	6831.0	1439	26	20	1398	0.985200845665962	0.9861014593467686	0.9715079916608756	0.9410033038681109	0.9454671
EU247889	1480	7400	Thermaceae	Thermus arciformis	Y18411	1475	7375	Thermaceae	Thermus antranikianii	6812.0	1460	35	32	1403	0.9824929971988795	0.9780821917808219	0.9609589041095891	0.9178925184404636	0.923661
EU247889	1480	7400	Thermaceae	Thermus arciformis	Y18406	1472	7348	Thermaceae	Thermus igniterrae	6905.0	1460	25	25	1414	0.9853658536585366	0.9828767123287672	0.9684931506849315	0.9358839536921728	0.9397115
EU247889	1480	7400	Thermaceae	Thermus arciformis	FR749951	1513	7565	Thermaceae	Thermus filiformis	6784.0	1476	35	30	1408	0.9737206085753803	0.9796747967479674	0.9539295392953929	0.9128935233760014	0.91675675
EU247889	1480	7400	Thermaceae	Thermus arciformis	Y18416	1462	7310	Thermaceae	Thermus oshimai	6390.0	1460	63	73	1350	0.9733237202595529	0.956551724137931	0.9246575342465754	0.8420879842416283	0.87414503
EU247889	1480	7400	Thermaceae	Thermus arciformis	EU753247	1440	7200	Thermaceae	Thermus islandicus	6910.0	1439	18	17	1406	0.9887482419127989	0.9881862404447533	0.9770674079221682	0.9535963308615807	0.9597222
EU247889	1480	7400	Thermaceae	Thermus arciformis	L09663	1470	7350	Thermaceae	Thermus aquaticus	7018.0	1466	18	18	1430	0.9875690607734806	0.9877216916780355	0.975443383356071	0.9517803363204789	0.95482993
EU247889	1480	7400	Thermaceae	Thermus arciformis	Z15062	1461	7287	Thermaceae	Thermus brockianus	6777.0	1445	35	31	1392	0.9844413012729845	0.9785467128027682	0.9633217993079585	0.9203628542036846	0.93001235
EU247889	1480	7400	Thermaceae	Thermus arciformis	AF032127	1469	7321	Thermaceae	Thermus scotoductus	6811.0	1464	33	32	1404	0.9804469273743017	0.9781420765027322	0.9590163934426229	0.9173757350767108	0.93033737
EU247889	1480	7400	Thermaceae	Thermus arciformis	X07998	1515	7575	Thermaceae	Thermus thermophilus	6983.0	1480	26	28	1431	0.9855371900826446	0.9824086603518268	0.9668918918918918	0.93222246150533	0.94364864
JX112365	1526	7630	Thermaceae	Thermus tengchongensis	KC852874	1545	7725	Thermaceae	Thermus caliditerrae	7195.0	1526	22	30	1473	0.9846256684491979	0.9855072463768116	0.9652686762778506	0.9328436303046929	0.9429882
JX112365	1526	7630	Thermaceae	Thermus tengchongensis	EU701067	1445	7225	Thermaceae	Thermus composti	6668.0	1445	42	42	1379	0.9828937990021382	0.9709342560553633	0.9543252595155709	0.9004158299262582	0.9229066
JX112365	1526	7630	Thermaceae	Thermus tengchongensis	Y18411	1475	7375	Thermaceae	Thermus antranikianii	6991.0	1478	30	33	1430	0.9896193771626297	0.9796610169491525	0.9675236806495264	0.9271032616303485	0.9479322
JX112365	1526	7630	Thermaceae	Thermus tengchongensis	Y18406	1472	7348	Thermaceae	Thermus igniterrae	6955.0	1478	29	35	1425	0.9875259875259875	0.9802989130434783	0.9641407307171854	0.9231951389680814	0.94651604
JX112365	1526	7630	Thermaceae	Thermus tengchongensis	FR749951	1513	7565	Thermaceae	Thermus filiformis	6743.0	1510	53	54	1415	0.9718406593406593	0.9648774022531478	0.9370860927152318	0.8729349654468187	0.8913417
JX112365	1526	7630	Thermaceae	Thermus tengchongensis	Y18416	1462	7310	Thermaceae	Thermus oshimai	6386.0	1478	79	95	1354	0.9790310918293564	0.9459644322845417	0.9161028416779432	0.8137252601416798	0.8735978
JX112365	1526	7630	Thermaceae	Thermus tengchongensis	EU753247	1440	7200	Thermaceae	Thermus islandicus	6634.0	1445	44	49	1374	0.9842406876790831	0.9694444444444444	0.9508650519031142	0.8914758982248137	0.92138886
JX112365	1526	7630	Thermaceae	Thermus tengchongensis	L09663	1470	7350	Thermaceae	Thermus aquaticus	6922.0	1476	31	37	1421	0.9874913134120917	0.9789115646258504	0.9627371273712737	0.9192957705953968	0.9417687
JX112365	1526	7630	Thermaceae	Thermus tengchongensis	Z15062	1461	7287	Thermaceae	Thermus brockianus	6797.0	1463	35	37	1401	0.982468443197756	0.9760438056125941	0.9576213260423787	0.9115941328013565	0.93275696
JX112365	1526	7630	Thermaceae	Thermus tengchongensis	AF032127	1469	7321	Thermaceae	Thermus scotoductus	6978.0	1474	22	27	1426	0.9854872149274361	0.9850238257317904	0.9674355495251018	0.9357481551890523	0.9531485
JX112365	1526	7630	Thermaceae	Thermus tengchongensis	X07998	1515	7575	Thermaceae	Thermus thermophilus	6912.0	1522	46	56	1438	0.9809004092769441	0.9695767195767195	0.9448094612352168	0.883348641690579	0.9124752
KC852874	1545	7725	Thermaceae	Thermus caliditerrae	EU701067	1445	7225	Thermaceae	Thermus composti	6487.0	1437	61	53	1355	0.9790462427745664	0.9631176061238692	0.942936673625609	0.8711778079424852	0.8978547
KC852874	1545	7725	Thermaceae	Thermus caliditerrae	Y18411	1475	7375	Thermaceae	Thermus antranikianii	6873.0	1470	29	24	1416	0.979253112033195	0.9836734693877551	0.963265306122449	0.9292072265864317	0.9319322
KC852874	1545	7725	Thermaceae	Thermus caliditerrae	Y18406	1472	7348	Thermaceae	Thermus igniterrae	6921.0	1470	30	28	1420	0.984743411927878	0.9809523809523809	0.9659863945578231	0.9286349206349206	0.9418889
KC852874	1545	7725	Thermaceae	Thermus caliditerrae	FR749951	1513	7565	Thermaceae	Thermus filiformis	6731.0	1502	65	58	1411	0.9771468144044322	0.9613848202396804	0.9394141145139814	0.8656758017601717	0.8897554
KC852874	1545	7725	Thermaceae	Thermus caliditerrae	Y18416	1462	7310	Thermaceae	Thermus oshimai	6316.0	1470	90	98	1344	0.9795918367346939	0.9384404924760602	0.9142857142857143	0.804102564102564	0.8640219
KC852874	1545	7725	Thermaceae	Thermus caliditerrae	EU753247	1440	7200	Thermaceae	Thermus islandicus	6600.0	1437	46	43	1369	0.9820659971305595	0.9700765483646486	0.9526791927627001	0.8955055931970356	0.9166667
KC852874	1545	7725	Thermaceae	Thermus caliditerrae	L09663	1470	7350	Thermaceae	Thermus aquaticus	6778.0	1468	44	42	1402	0.9831697054698457	0.9713896457765667	0.9550408719346049	0.9007197641393826	0.9221769
KC852874	1545	7725	Thermaceae	Thermus caliditerrae	Z15062	1461	7287	Thermaceae	Thermus brockianus	6759.0	1455	46	40	1394	0.9851590106007068	0.9725085910652921	0.9580756013745705	0.9031825289440487	0.9275422
KC852874	1545	7725	Thermaceae	Thermus caliditerrae	AF032127	1469	7321	Thermaceae	Thermus scotoductus	6945.0	1466	27	24	1421	0.9854368932038835	0.9836289222373806	0.9693042291950886	0.9361933680504473	0.9486409
KC852874	1545	7725	Thermaceae	Thermus caliditerrae	X07998	1515	7575	Thermaceae	Thermus thermophilus	6765.0	1514	64	66	1418	0.9792817679558011	0.9576719576719577	0.9365918097754293	0.8594327886912685	0.8930693
EU701067	1445	7225	Thermaceae	Thermus composti	Y18411	1475	7375	Thermaceae	Thermus antranikianii	6685.0	1445	41	44	1380	0.9850107066381156	0.9715672676837726	0.9550173010380623	0.9003897972774733	0.92525953
EU701067	1445	7225	Thermaceae	Thermus composti	Y18406	1472	7348	Thermaceae	Thermus igniterrae	6753.0	1445	30	36	1388	0.9850958126330731	0.9791521890201529	0.960553633217993	0.9175729282740015	0.9346713
EU701067	1445	7225	Thermaceae	Thermus composti	FR749951	1513	7565	Thermaceae	Thermus filiformis	6567.0	1445	38	39	1368	0.972972972972973	0.9736842105263158	0.946712802768166	0.897557788733676	0.9089273
EU701067	1445	7225	Thermaceae	Thermus composti	Y18416	1462	7310	Thermaceae	Thermus oshimai	6263.0	1445	66	82	1327	0.9735876742479824	0.9538138558432471	0.9183391003460207	0.8283892745014072	0.8668512
EU701067	1445	7225	Thermaceae	Thermus composti	EU753247	1440	7200	Thermaceae	Thermus islandicus	6783.0	1429	15	20	1386	0.9836763662171752	0.9894662921348315	0.9699090272918125	0.9464001519765678	0.94208336
EU701067	1445	7225	Thermaceae	Thermus composti	L09663	1470	7350	Thermaceae	Thermus aquaticus	6787.0	1445	24	30	1392	0.9837455830388693	0.9833217512161223	0.9633217993079585	0.9279103785029007	0.9393772
EU701067	1445	7225	Thermaceae	Thermus composti	Z15062	1461	7287	Thermaceae	Thermus brockianus	6696.0	1430	24	26	1376	0.98005698005698	0.9831932773109243	0.9622377622377623	0.9291484306614981	0.926782
EU701067	1445	7225	Thermaceae	Thermus composti	AF032127	1469	7321	Thermaceae	Thermus scotoductus	6589.0	1445	39	45	1368	0.9771428571428571	0.9728978457261988	0.946712802768166	0.8931252856303453	0.91197234
EU701067	1445	7225	Thermaceae	Thermus composti	X07998	1515	7575	Thermaceae	Thermus thermophilus	6785.0	1445	28	36	1391	0.9872249822569198	0.9805149617258176	0.9626297577854671	0.9208047038151548	0.9391003
Y18411	1475	7375	Thermaceae	Thermus antranikianii	Y18406	1472	7348	Thermaceae	Thermus igniterrae	6892.0	1475	34	37	1417	0.9853963838664812	0.9769021739130435	0.9606779661016949	0.9154770810167244	0.9379423
Y18411	1475	7375	Thermaceae	Thermus antranikianii	FR749951	1513	7565	Thermaceae	Thermus filiformis	6646.0	1475	53	51	1389	0.9754213483146067	0.9654237288135593	0.9416949152542373	0.8776004969385038	0.90115255
Y18411	1475	7375	Thermaceae	Thermus antranikianii	Y18416	1462	7310	Thermaceae	Thermus oshimai	6469.0	1475	63	76	1365	0.9756969263759828	0.9569083447332422	0.9254237288135593	0.8417866037777435	0.8849521
Y18411	1475	7375	Thermaceae	Thermus antranikianii	EU753247	1440	7200	Thermaceae	Thermus islandicus	6636.0	1442	40	42	1374	0.9814285714285714	0.9722222222222222	0.9528432732316228	0.9001218505561888	0.9216667
Y18411	1475	7375	Thermaceae	Thermus antranikianii	L09663	1470	7350	Thermaceae	Thermus aquaticus	6876.0	1467	30	33	1413	0.9853556485355649	0.9795081967213115	0.9631901840490797	0.9226551262033269	0.9355102
Y18411	1475	7375	Thermaceae	Thermus antranikianii	Z15062	1461	7287	Thermaceae	Thermus brockianus	6768.0	1460	43	42	1396	0.9844851904090268	0.9712328767123287	0.9561643835616438	0.9020898841586235	0.9287773
Y18411	1475	7375	Thermaceae	Thermus antranikianii	AF032127	1469	7321	Thermaceae	Thermus scotoductus	7005.0	1467	10	12	1428	0.9814432989690721	0.9931740614334471	0.9734151329243353	0.9589160585002762	0.9568365
Y18411	1475	7375	Thermaceae	Thermus antranikianii	X07998	1515	7575	Thermaceae	Thermus thermophilus	6788.0	1475	41	46	1404	0.9825052484254724	0.972108843537415	0.951864406779661	0.8972389428022003	0.92040676
Y18406	1472	7348	Thermaceae	Thermus igniterrae	FR749951	1513	7565	Thermaceae	Thermus filiformis	6683.0	1472	47	42	1393	0.9741258741258741	0.9714673913043478	0.9463315217391305	0.8908848427168904	0.90949917
Y18406	1472	7348	Thermaceae	Thermus igniterrae	Y18416	1462	7310	Thermaceae	Thermus oshimai	6426.0	1472	68	78	1359	0.9748923959827833	0.9534883720930233	0.923233695652174	0.8357063452851496	0.87906975
Y18406	1472	7348	Thermaceae	Thermus igniterrae	EU753247	1440	7200	Thermaceae	Thermus islandicus	6796.0	1439	30	29	1392	0.9872340425531915	0.9798471160528145	0.9673384294649062	0.9284868519710809	0.9438889
Y18406	1472	7348	Thermaceae	Thermus igniterrae	L09663	1470	7350	Thermaceae	Thermus aquaticus	6969.0	1464	26	26	1422	0.9888734353268428	0.98224043715847	0.9713114754098361	0.9374133568049291	0.94842136
Y18406	1472	7348	Thermaceae	Thermus igniterrae	Z15062	1461	7287	Thermaceae	Thermus brockianus	6933.0	1457	22	18	1416	0.9840166782487839	0.9876458476321208	0.9718599862731641	0.9455757405321724	0.95142037
Y18406	1472	7348	Thermaceae	Thermus igniterrae	AF032127	1469	7321	Thermaceae	Thermus scotoductus	6902.0	1464	28	27	1414	0.9839944328462074	0.9815573770491803	0.9658469945355191	0.9302427152463412	0.9427674
Y18406	1472	7348	Thermaceae	Thermus igniterrae	X07998	1515	7575	Thermaceae	Thermus thermophilus	6780.0	1472	39	41	1403	0.9804332634521313	0.9734693877551021	0.953125	0.902661730641959	0.92270005
FR749951	1513	7565	Thermaceae	Thermus filiformis	Y18416	1462	7310	Thermaceae	Thermus oshimai	6364.0	1477	67	82	1353	0.9698924731182795	0.9541723666210671	0.9160460392687881	0.8276452233030825	0.87058824
FR749951	1513	7565	Thermaceae	Thermus filiformis	EU753247	1440	7200	Thermaceae	Thermus islandicus	6490.0	1444	41	45	1358	0.9706933523945676	0.9715277777777778	0.9404432132963989	0.8859798352873145	0.9013889
FR749951	1513	7565	Thermaceae	Thermus filiformis	L09663	1470	7350	Thermaceae	Thermus aquaticus	6725.0	1475	37	42	1398	0.9755757152826239	0.9748299319727891	0.9477966101694916	0.8982754909873555	0.914966
FR749951	1513	7565	Thermaceae	Thermus filiformis	Z15062	1461	7287	Thermaceae	Thermus brockianus	6597.0	1462	43	44	1377	0.9710860366713682	0.9705681040383299	0.9418604651162791	0.8874140462025806	0.9053108
FR749951	1513	7565	Thermaceae	Thermus filiformis	AF032127	1469	7321	Thermaceae	Thermus scotoductus	6621.0	1473	46	50	1384	0.9725931131412509	0.9686861810755616	0.9395790902919212	0.8801981866263356	0.9043847
FR749951	1513	7565	Thermaceae	Thermus filiformis	X07998	1515	7575	Thermaceae	Thermus thermophilus	6894.0	1511	36	43	1432	0.9754768392370572	0.976063829787234	0.9477167438782264	0.8993200905062937	0.91130203
Y18416	1462	7310	Thermaceae	Thermus oshimai	EU753247	1440	7200	Thermaceae	Thermus islandicus	6267.0	1429	72	61	1327	0.9700292397660819	0.9573128061581525	0.9286214135759272	0.8463385035122375	0.87041664
Y18416	1462	7310	Thermaceae	Thermus oshimai	L09663	1470	7350	Thermaceae	Thermus aquaticus	6454.0	1454	72	62	1359	0.9762931034482759	0.9573590096286108	0.9346629986244842	0.8525890524805255	0.8829001
Y18416	1462	7310	Thermaceae	Thermus oshimai	Z15062	1461	7287	Thermaceae	Thermus brockianus	6335.0	1447	83	69	1342	0.9738751814223512	0.9523151347615757	0.9274360746371804	0.8352986345425062	0.8693564
Y18416	1462	7310	Thermaceae	Thermus oshimai	AF032127	1469	7321	Thermaceae	Thermus scotoductus	6387.0	1454	81	70	1350	0.9754335260115607	0.951856946354883	0.9284731774415406	0.8371380309961513	0.8737346
Y18416	1462	7310	Thermaceae	Thermus oshimai	X07998	1515	7575	Thermaceae	Thermus thermophilus	6586.0	1462	56	48	1378	0.9745403111739745	0.9671682626538988	0.9425444596443229	0.8779696086541979	0.9009576
EU753247	1440	7200	Thermaceae	Thermus islandicus	L09663	1470	7350	Thermaceae	Thermus aquaticus	6804.0	1440	29	30	1393	0.9879432624113476	0.9798471160528145	0.9673611111111111	0.9285086226457908	0.945
EU753247	1440	7200	Thermaceae	Thermus islandicus	Z15062	1461	7287	Thermaceae	Thermus brockianus	6779.0	1440	36	33	1390	0.9879175550817342	0.9770833333333333	0.9652777777777778	0.9201530036133694	0.9415278
EU753247	1440	7200	Thermaceae	Thermus islandicus	AF032127	1469	7321	Thermaceae	Thermus scotoductus	6666.0	1440	38	38	1377	0.9821683309557775	0.9736111111111111	0.95625	0.9070788227334237	0.92583334
EU753247	1440	7200	Thermaceae	Thermus islandicus	X07998	1515	7575	Thermaceae	Thermus thermophilus	6701.0	1440	28	31	1381	0.9801277501774308	0.9805149617258176	0.9590277777777778	0.9204837458371179	0.93069446
L09663	1470	7350	Thermaceae	Thermus aquaticus	Z15062	1461	7287	Thermaceae	Thermus brockianus	6822.0	1449	38	34	1398	0.9879858657243816	0.9765355417529331	0.9648033126293996	0.9180878865975792	0.93618774
L09663	1470	7350	Thermaceae	Thermus aquaticus	AF032127	1469	7321	Thermaceae	Thermus scotoductus	6873.0	1468	37	36	1412	0.9860335195530726	0.9754768392370572	0.9618528610354223	0.9151982039885214	0.9388062
L09663	1470	7350	Thermaceae	Thermus aquaticus	X07998	1515	7575	Thermaceae	Thermus thermophilus	6922.0	1470	23	25	1420	0.9826989619377162	0.9843324250681199	0.9659863945578231	0.9349298996222736	0.9417687
Z15062	1461	7287	Thermaceae	Thermus brockianus	AF032127	1469	7321	Thermaceae	Thermus scotoductus	6739.0	1453	39	42	1389	0.9844082211197732	0.973103448275862	0.9559532002752925	0.904054936721473	0.9247976
Z15062	1461	7287	Thermaceae	Thermus brockianus	X07998	1515	7575	Thermaceae	Thermus thermophilus	6691.0	1461	41	47	1386	0.9801980198019802	0.9718213058419244	0.9486652977412731	0.8930843748376566	0.9182105
AF032127	1469	7321	Thermaceae	Thermus scotoductus	X07998	1515	7575	Thermaceae	Thermus thermophilus	6681.0	1469	42	45	1390	0.976123595505618	0.9713506139154161	0.9462219196732471	0.8917405781698899	0.91258025
