FR749929	1532	7660	Spirochaetaceae	Treponema zuelzerae	FR733664	1528	7640	Spirochaetaceae	Treponema stenostreptum	6483.0	1530	93	95	1390	0.9686411149825784	0.9391361256544503	0.9084967320261438	0.8032611278234851	0.8485602
FR749929	1532	7660	Spirochaetaceae	Treponema zuelzerae	AF139203	1518	7590	Spirochaetaceae	Treponema denticola	6587.0	1514	68	64	1400	0.9655172413793104	0.9577278731836195	0.9247027741083224	0.8475467904279819	0.86785245
FR749929	1532	7660	Spirochaetaceae	Treponema zuelzerae	AY230217	1440	7200	Spirochaetaceae	Treponema berlinense	5747.0	1448	103	111	1270	0.949887808526552	0.9284722222222223	0.8770718232044199	0.7560574001446225	0.79819447
FR749929	1532	7660	Spirochaetaceae	Treponema zuelzerae	M71238	1497	7395	Spirochaetaceae	Treponema saccharophilum	5691.0	1485	131	153	1270	0.9534534534534534	0.9104579630895421	0.8552188552188552	0.7049204920492049	0.76957405
FR749929	1532	7660	Spirochaetaceae	Treponema zuelzerae	FR749895	1535	7675	Spirochaetaceae	Treponema bryantii	6245.0	1532	119	116	1364	0.963276836158192	0.9242819843342036	0.8903394255874674	0.7636103129205656	0.8152742
FR749929	1532	7660	Spirochaetaceae	Treponema zuelzerae	M57738	1510	7394	Spirochaetaceae	Treponema succinifaciens	5365.0	1467	167	165	1228	0.9431643625192012	0.8875255623721882	0.8370824812542604	0.6670020750263447	0.7255883
FR749929	1532	7660	Spirochaetaceae	Treponema zuelzerae	EU580141	1535	7675	Spirochaetaceae	Treponema caldarium	6542.0	1531	93	93	1398	0.972183588317107	0.9392553886348791	0.9131286740692358	0.8085462027780548	0.854047
FR749929	1532	7660	Spirochaetaceae	Treponema zuelzerae	AF320287	1463	7285	Spirochaetaceae	Treponema azotonutricium	6069.0	1465	118	120	1313	0.9762081784386617	0.9193438140806562	0.8962457337883959	0.7614974806982896	0.83308166
FR749929	1532	7660	Spirochaetaceae	Treponema zuelzerae	Y09959	1443	7173	Spirochaetaceae	Treponema amylovorum	5582.0	1449	134	140	1247	0.9526355996944232	0.9071379071379071	0.8605935127674258	0.7116341808038915	0.77819604
FR749929	1532	7660	Spirochaetaceae	Treponema zuelzerae	AF093252	1372	6830	Spirochaetaceae	Treponema primitia	5806.0	1372	88	88	1245	0.969626168224299	0.9358600583090378	0.9074344023323615	0.798045049722433	0.8500732
FR749929	1532	7660	Spirochaetaceae	Treponema zuelzerae	AF033307	1479	7395	Spirochaetaceae	Treponema socranskii subsp. paredis	5745.0	1485	138	144	1284	0.9574944071588367	0.9066937119675457	0.8646464646464647	0.7144121436173192	0.7768763
FR749929	1532	7660	Spirochaetaceae	Treponema zuelzerae	GU566698	1309	6545	Spirochaetaceae	Treponema ruminis	5003.0	1309	143	143	1124	0.9639794168096055	0.8907563025210085	0.8586707410236822	0.6895386253675024	0.7644003
FR749929	1532	7660	Spirochaetaceae	Treponema zuelzerae	AY518274	1426	7130	Spirochaetaceae	Treponema porcinum	5733.0	1429	125	128	1260	0.9684857801691007	0.9123422159887798	0.8817354793561931	0.7381839502203393	0.8040673
FR749929	1532	7660	Spirochaetaceae	Treponema zuelzerae	D85437	1381	6905	Spirochaetaceae	Treponema medium	5965.0	1374	73	66	1269	0.9701834862385321	0.9519650655021834	0.9235807860262009	0.8348608625585837	0.86386675
FR749929	1532	7660	Spirochaetaceae	Treponema zuelzerae	AM182455	1464	7320	Spirochaetaceae	Treponema isoptericolens	6047.0	1468	109	113	1312	0.9682656826568266	0.9255464480874317	0.8937329700272479	0.7679189438090811	0.8260929
FR749929	1532	7660	Spirochaetaceae	Treponema zuelzerae	AF033306	1520	7588	Spirochaetaceae	Treponema socranskii subsp. socranskii	5765.0	1493	140	146	1289	0.9569413511507052	0.9058507061197041	0.8633623576691226	0.7121549882304398	0.7597522
FR749929	1532	7660	Spirochaetaceae	Treponema zuelzerae	AJ543428	1408	7040	Spirochaetaceae	Treponema putidum	6087.0	1410	68	70	1297	0.9679104477611941	0.9517045454545454	0.9198581560283688	0.8339715352354629	0.8646307
FR749929	1532	7660	Spirochaetaceae	Treponema zuelzerae	Y16568	1497	7443	Spirochaetaceae	Treponema brennaborense	6163.0	1492	108	109	1336	0.9660159074475777	0.9275653923541247	0.8954423592493298	0.7739979892761394	0.82802635
FR749929	1532	7660	Spirochaetaceae	Treponema zuelzerae	X87140	1494	7464	Spirochaetaceae	Treponema maltophilum	6235.0	1491	108	105	1344	0.9696969696969697	0.9295774647887324	0.9014084507042254	0.7813334037999101	0.835343
FR749929	1532	7660	Spirochaetaceae	Treponema zuelzerae	AF302937	1485	7425	Spirochaetaceae	Treponema parvum	5982.0	1483	123	121	1312	0.9632892804698973	0.9184086311530681	0.8846931894807822	0.7502815218386211	0.80565655
FR749929	1532	7660	Spirochaetaceae	Treponema zuelzerae	AF033305	1477	7379	Spirochaetaceae	Treponema socranskii subsp. buccale	5725.0	1483	134	140	1281	0.9538346984363366	0.9092755585646581	0.863789615643965	0.717420812498358	0.7758504
FR749929	1532	7660	Spirochaetaceae	Treponema zuelzerae	GU562449	1438	7190	Spirochaetaceae	Treponema pectinovorum	5756.0	1441	122	125	1267	0.9627659574468085	0.9151599443671766	0.8792505204718946	0.740303061382606	0.8005563
FR749929	1532	7660	Spirochaetaceae	Treponema zuelzerae	X87139	1479	7371	Spirochaetaceae	Treponema lecithinolyticum	6140.0	1475	100	96	1328	0.9630166787527193	0.9349152542372882	0.9003389830508475	0.7882967984934087	0.83299416
FR749929	1532	7660	Spirochaetaceae	Treponema zuelzerae	EF061268	1417	7085	Spirochaetaceae	Treponema pedis	6098.0	1412	72	67	1300	0.966542750929368	0.9525495750708215	0.9206798866855525	0.8344436978383208	0.8606916
FR733664	1528	7640	Spirochaetaceae	Treponema stenostreptum	AF139203	1518	7590	Spirochaetaceae	Treponema denticola	6176.0	1512	117	111	1348	0.9621698786581013	0.9265873015873016	0.8915343915343915	0.7667524140820641	0.8137022
FR733664	1528	7640	Spirochaetaceae	Treponema stenostreptum	AY230217	1440	7200	Spirochaetaceae	Treponema berlinense	5818.0	1455	116	131	1277	0.9645015105740181	0.9194444444444444	0.8776632302405498	0.7396728942320101	0.8080556
FR733664	1528	7640	Spirochaetaceae	Treponema stenostreptum	M71238	1497	7395	Spirochaetaceae	Treponema saccharophilum	5649.0	1461	141	140	1260	0.9538228614685844	0.9041752224503764	0.8624229979466119	0.7111490513654646	0.7638945
FR733664	1528	7640	Spirochaetaceae	Treponema stenostreptum	FR749895	1535	7675	Spirochaetaceae	Treponema bryantii	6130.0	1528	134	129	1348	0.9635453895639743	0.9155759162303665	0.8821989528795812	0.7425970728511035	0.802356
FR733664	1528	7640	Spirochaetaceae	Treponema stenostreptum	M57738	1510	7394	Spirochaetaceae	Treponema succinifaciens	5499.0	1468	161	160	1243	0.9503058103975535	0.8910081743869209	0.8467302452316077	0.6798791656003332	0.7437111
FR733664	1528	7640	Spirochaetaceae	Treponema stenostreptum	EU580141	1535	7675	Spirochaetaceae	Treponema caldarium	6933.0	1528	48	46	1446	0.9757085020242915	0.9698952879581152	0.9463350785340314	0.8898912350174076	0.90746075
FR733664	1528	7640	Spirochaetaceae	Treponema stenostreptum	AF320287	1463	7285	Spirochaetaceae	Treponema azotonutricium	6339.0	1463	77	77	1347	0.9718614718614719	0.9473684210526315	0.9207108680792891	0.8286397812713603	0.8701441
FR733664	1528	7640	Spirochaetaceae	Treponema stenostreptum	Y09959	1443	7173	Spirochaetaceae	Treponema amylovorum	5671.0	1442	144	143	1256	0.9668976135488837	0.9008321775312067	0.871012482662968	0.7133954697220652	0.79060364
FR733664	1528	7640	Spirochaetaceae	Treponema stenostreptum	AF093252	1372	6830	Spirochaetaceae	Treponema primitia	6121.0	1370	59	57	1284	0.9779131759329779	0.9583941605839416	0.9372262773722628	0.8611463276345563	0.89619327
FR733664	1528	7640	Spirochaetaceae	Treponema stenostreptum	AF033307	1479	7395	Spirochaetaceae	Treponema socranskii subsp. paredis	5883.0	1483	136	140	1298	0.9664929262844378	0.9080459770114943	0.8752528658125421	0.7260436064152218	0.79553753
FR733664	1528	7640	Spirochaetaceae	Treponema stenostreptum	GU566698	1309	6545	Spirochaetaceae	Treponema ruminis	5182.0	1309	119	119	1147	0.9638655462184874	0.9090909090909091	0.8762414056531703	0.730201171377642	0.7917494
FR733664	1528	7640	Spirochaetaceae	Treponema stenostreptum	AY518274	1426	7130	Spirochaetaceae	Treponema porcinum	5727.0	1429	130	133	1259	0.9714506172839507	0.908835904628331	0.8810356892932121	0.7324068334342545	0.8032258
FR733664	1528	7640	Spirochaetaceae	Treponema stenostreptum	D85437	1381	6905	Spirochaetaceae	Treponema medium	5696.0	1372	99	90	1234	0.9625585023400937	0.934402332361516	0.8994169096209913	0.7838562053936851	0.8249095
FR733664	1528	7640	Spirochaetaceae	Treponema stenostreptum	AM182455	1464	7320	Spirochaetaceae	Treponema isoptericolens	6324.0	1466	77	79	1346	0.9704397981254506	0.9474043715846995	0.9181446111869032	0.8253185843915973	0.8639344
FR733664	1528	7640	Spirochaetaceae	Treponema stenostreptum	AF033306	1520	7588	Spirochaetaceae	Treponema socranskii subsp. socranskii	5876.0	1490	142	146	1299	0.9665178571428571	0.9044414535666218	0.8718120805369127	0.7179628898539281	0.7743806
FR733664	1528	7640	Spirochaetaceae	Treponema stenostreptum	AJ543428	1408	7040	Spirochaetaceae	Treponema putidum	5778.0	1410	104	106	1258	0.9647239263803681	0.9261363636363636	0.8921985815602836	0.768445806046638	0.8207386
FR733664	1528	7640	Spirochaetaceae	Treponema stenostreptum	Y16568	1497	7443	Spirochaetaceae	Treponema brennaborense	5980.0	1489	138	137	1312	0.9704142011834319	0.9079919408999328	0.8811282740094023	0.7321975577508986	0.8034395
FR733664	1528	7640	Spirochaetaceae	Treponema stenostreptum	X87140	1494	7464	Spirochaetaceae	Treponema maltophilum	5998.0	1489	134	129	1314	0.9661764705882353	0.9133646742780389	0.8824714573539288	0.7394708453489484	0.8035906
FR733664	1528	7640	Spirochaetaceae	Treponema stenostreptum	AF302937	1485	7425	Spirochaetaceae	Treponema parvum	5888.0	1481	148	144	1298	0.9708302169035153	0.9027683997299122	0.8764348413234301	0.7193329544809245	0.79299664
FR733664	1528	7640	Spirochaetaceae	Treponema stenostreptum	AF033305	1477	7379	Spirochaetaceae	Treponema socranskii subsp. buccale	5856.0	1481	138	142	1294	0.9663928304705004	0.906567366283006	0.8737339635381499	0.7226249395784946	0.7936035
FR733664	1528	7640	Spirochaetaceae	Treponema stenostreptum	GU562449	1438	7190	Spirochaetaceae	Treponema pectinovorum	5704.0	1442	135	139	1259	0.9662317728319263	0.9061196105702365	0.8730929264909847	0.7213951066694693	0.79332405
FR733664	1528	7640	Spirochaetaceae	Treponema stenostreptum	X87139	1479	7371	Spirochaetaceae	Treponema lecithinolyticum	5935.0	1473	134	128	1301	0.9672862453531599	0.9131025118805159	0.8832315003394433	0.7392323384919423	0.80518246
FR733664	1528	7640	Spirochaetaceae	Treponema stenostreptum	EF061268	1417	7085	Spirochaetaceae	Treponema pedis	5715.0	1412	111	106	1252	0.9586523736600306	0.9249291784702549	0.886685552407932	0.76034887159866	0.8066337
AF139203	1518	7590	Spirochaetaceae	Treponema denticola	AY230217	1440	7200	Spirochaetaceae	Treponema berlinense	5689.0	1455	119	134	1262	0.9553368660105981	0.9173611111111111	0.8673539518900344	0.7279381006650162	0.7901389
AF139203	1518	7590	Spirochaetaceae	Treponema denticola	M71238	1497	7395	Spirochaetaceae	Treponema saccharophilum	5540.0	1473	123	149	1248	0.9425981873111783	0.9149965445749827	0.8472505091649695	0.702856938680714	0.7491548
AF139203	1518	7590	Spirochaetaceae	Treponema denticola	FR749895	1535	7675	Spirochaetaceae	Treponema bryantii	6079.0	1518	129	130	1337	0.9632564841498559	0.914963744232037	0.880764163372859	0.742259052071359	0.8009223
AF139203	1518	7590	Spirochaetaceae	Treponema denticola	M57738	1510	7394	Spirochaetaceae	Treponema succinifaciens	5248.0	1455	170	172	1208	0.9415432579890881	0.8830006882312457	0.8302405498281787	0.6555068464181867	0.70976466
AF139203	1518	7590	Spirochaetaceae	Treponema denticola	EU580141	1535	7675	Spirochaetaceae	Treponema caldarium	6242.0	1518	104	108	1356	0.9617021276595744	0.9313077939233818	0.8932806324110671	0.7765263204066614	0.8223979
AF139203	1518	7590	Spirochaetaceae	Treponema denticola	AF320287	1463	7285	Spirochaetaceae	Treponema azotonutricium	5874.0	1469	128	134	1290	0.9662921348314607	0.9125085440874915	0.8781484002722941	0.734081474241398	0.80631435
AF139203	1518	7590	Spirochaetaceae	Treponema denticola	Y09959	1443	7173	Spirochaetaceae	Treponema amylovorum	5611.0	1448	144	149	1250	0.962278675904542	0.9002079002079002	0.8632596685082873	0.7043808476082067	0.78223896
AF139203	1518	7590	Spirochaetaceae	Treponema denticola	AF093252	1372	6830	Spirochaetaceae	Treponema primitia	5574.0	1376	100	104	1219	0.9583333333333334	0.9271137026239067	0.8859011627906976	0.763459538665154	0.8161054
AF139203	1518	7590	Spirochaetaceae	Treponema denticola	AF033307	1479	7395	Spirochaetaceae	Treponema socranskii subsp. paredis	5735.0	1481	132	142	1280	0.9559372666168783	0.9102651257647859	0.8642808912896691	0.717465662391114	0.775524
AF139203	1518	7590	Spirochaetaceae	Treponema denticola	GU566698	1309	6545	Spirochaetaceae	Treponema ruminis	4952.0	1311	142	144	1118	0.9580119965724079	0.891520244461421	0.8527841342486652	0.6849271057592513	0.75660807
AF139203	1518	7590	Spirochaetaceae	Treponema denticola	AY518274	1426	7130	Spirochaetaceae	Treponema porcinum	5660.0	1431	140	145	1250	0.9720062208398134	0.9018232819074333	0.8735150244584207	0.7150479449099484	0.7938289
AF139203	1518	7590	Spirochaetaceae	Treponema denticola	D85437	1381	6905	Spirochaetaceae	Treponema medium	5948.0	1378	69	66	1268	0.9664634146341463	0.9521044992743106	0.9201741654571843	0.8343251590047173	0.8614048
AF139203	1518	7590	Spirochaetaceae	Treponema denticola	AM182455	1464	7320	Spirochaetaceae	Treponema isoptericolens	5936.0	1472	116	124	1299	0.9636498516320475	0.9207650273224044	0.8824728260869565	0.7491016181141168	0.81092894
AF139203	1518	7590	Spirochaetaceae	Treponema denticola	AF033306	1520	7588	Spirochaetaceae	Treponema socranskii subsp. socranskii	5757.0	1481	134	144	1282	0.9588631264023935	0.9089055064581917	0.8656313301823092	0.7166248225719798	0.7586979
AF139203	1518	7590	Spirochaetaceae	Treponema denticola	AJ543428	1408	7040	Spirochaetaceae	Treponema putidum	6879.0	1412	8	12	1390	0.9928571428571429	0.9943181818181818	0.9844192634560907	0.9705542034074133	0.9771307
AF139203	1518	7590	Spirochaetaceae	Treponema denticola	Y16568	1497	7443	Spirochaetaceae	Treponema brennaborense	6033.0	1494	117	122	1321	0.9628279883381924	0.9214237743451981	0.8842034805890228	0.7530274210851268	0.8105603
AF139203	1518	7590	Spirochaetaceae	Treponema denticola	X87140	1494	7464	Spirochaetaceae	Treponema maltophilum	6129.0	1495	97	98	1336	0.9563350035790981	0.9350736278447122	0.8936454849498328	0.7841851397455504	0.8211415
AF139203	1518	7590	Spirochaetaceae	Treponema denticola	AF302937	1485	7425	Spirochaetaceae	Treponema parvum	5934.0	1481	113	115	1306	0.9560761346998536	0.9235970250169033	0.8818365968939905	0.7557018766356279	0.7991919
AF139203	1518	7590	Spirochaetaceae	Treponema denticola	AF033305	1477	7379	Spirochaetaceae	Treponema socranskii subsp. buccale	5766.0	1481	128	138	1284	0.9560685033507074	0.9129843643779741	0.8669817690749494	0.7236522783515581	0.7814067
AF139203	1518	7590	Spirochaetaceae	Treponema denticola	GU562449	1438	7190	Spirochaetaceae	Treponema pectinovorum	5729.0	1439	115	123	1263	0.959726443768997	0.9196366177498253	0.8776928422515636	0.7432714159607836	0.7968011
AF139203	1518	7590	Spirochaetaceae	Treponema denticola	X87139	1479	7371	Spirochaetaceae	Treponema lecithinolyticum	6030.0	1479	94	94	1318	0.9516245487364621	0.9364435429344151	0.8911426639621366	0.784636102725721	0.8180708
AF139203	1518	7590	Spirochaetaceae	Treponema denticola	EF061268	1417	7085	Spirochaetaceae	Treponema pedis	6552.0	1416	33	32	1354	0.9783236994219653	0.9774011299435028	0.9562146892655368	0.9133203105200157	0.92477065
AY230217	1440	7200	Spirochaetaceae	Treponema berlinense	M71238	1497	7395	Spirochaetaceae	Treponema saccharophilum	5545.0	1390	124	118	1221	0.9599056603773585	0.9151079136690647	0.8784172661870504	0.7380097507198997	0.77013886
AY230217	1440	7200	Spirochaetaceae	Treponema berlinense	FR749895	1535	7675	Spirochaetaceae	Treponema bryantii	5983.0	1440	96	87	1298	0.959349593495935	0.9395833333333333	0.9013888888888889	0.7939968532986111	0.8309722
AY230217	1440	7200	Spirochaetaceae	Treponema berlinense	M57738	1510	7394	Spirochaetaceae	Treponema succinifaciens	5315.0	1394	134	124	1193	0.9393700787401574	0.9110473457675753	0.8558106169296987	0.7113085625004696	0.73819447
AY230217	1440	7200	Spirochaetaceae	Treponema berlinense	EU580141	1535	7675	Spirochaetaceae	Treponema caldarium	5766.0	1440	122	109	1271	0.9549211119459053	0.9243055555555556	0.8826388888888889	0.7521077856025039	0.80083334
AY230217	1440	7200	Spirochaetaceae	Treponema berlinense	AF320287	1463	7285	Spirochaetaceae	Treponema azotonutricium	5526.0	1407	151	136	1226	0.964594807238395	0.9033404406538735	0.8713574982231699	0.7108442748662702	0.7675
AY230217	1440	7200	Spirochaetaceae	Treponema berlinense	Y09959	1443	7173	Spirochaetaceae	Treponema amylovorum	5793.0	1404	107	100	1257	0.963957055214724	0.9287749287749287	0.8952991452991453	0.7726473100397654	0.8076119
AY230217	1440	7200	Spirochaetaceae	Treponema berlinense	AF093252	1372	6830	Spirochaetaceae	Treponema primitia	5250.0	1316	121	106	1159	0.9578512396694215	0.9194528875379939	0.8806990881458967	0.7415768243956403	0.76866764
AY230217	1440	7200	Spirochaetaceae	Treponema berlinense	AF033307	1479	7395	Spirochaetaceae	Treponema socranskii subsp. paredis	5731.0	1419	116	105	1259	0.9581430745814308	0.9260042283298098	0.8872445384073291	0.7595044452555246	0.7959722
AY230217	1440	7200	Spirochaetaceae	Treponema berlinense	GU566698	1309	6545	Spirochaetaceae	Treponema ruminis	5237.0	1309	120	120	1151	0.968040370058873	0.9083269671504965	0.8792971734148205	0.7316195515676848	0.8001528
AY230217	1440	7200	Spirochaetaceae	Treponema berlinense	AY518274	1426	7130	Spirochaetaceae	Treponema porcinum	5976.0	1424	88	89	1288	0.9647940074906367	0.938158819395643	0.9044943820224719	0.7986111111111112	0.83814865
AY230217	1440	7200	Spirochaetaceae	Treponema berlinense	D85437	1381	6905	Spirochaetaceae	Treponema medium	5321.0	1325	119	108	1172	0.9630238290879212	0.9184905660377358	0.8845283018867924	0.7454784926566664	0.77060103
AY230217	1440	7200	Spirochaetaceae	Treponema berlinense	AM182455	1464	7320	Spirochaetaceae	Treponema isoptericolens	5599.0	1417	132	128	1240	0.9619860356865787	0.9096683133380381	0.8750882145377559	0.7282044599994625	0.7776389
AY230217	1440	7200	Spirochaetaceae	Treponema berlinense	AF033306	1520	7588	Spirochaetaceae	Treponema socranskii subsp. socranskii	5687.0	1419	125	114	1253	0.9601532567049809	0.919661733615222	0.883016208597604	0.7463317048056173	0.7898611
AY230217	1440	7200	Spirochaetaceae	Treponema berlinense	AJ543428	1408	7040	Spirochaetaceae	Treponema putidum	5603.0	1410	120	122	1236	0.9596273291925466	0.9147727272727273	0.8765957446808511	0.7379446530385204	0.7958807
AY230217	1440	7200	Spirochaetaceae	Treponema berlinense	Y16568	1497	7443	Spirochaetaceae	Treponema brennaborense	5932.0	1439	103	92	1291	0.9584261321455085	0.9360667129951356	0.8971507991660875	0.7836978770925551	0.8238889
AY230217	1440	7200	Spirochaetaceae	Treponema berlinense	X87140	1494	7464	Spirochaetaceae	Treponema maltophilum	5948.0	1433	95	84	1290	0.9562638991845812	0.9413817166782973	0.9002093510118633	0.7947528890804997	0.82611114
AY230217	1440	7200	Spirochaetaceae	Treponema berlinense	AF302937	1485	7425	Spirochaetaceae	Treponema parvum	5879.0	1419	103	95	1275	0.9629909365558912	0.9330514446793516	0.8985200845665962	0.781629823893675	0.8165278
AY230217	1440	7200	Spirochaetaceae	Treponema berlinense	AF033305	1477	7379	Spirochaetaceae	Treponema socranskii subsp. buccale	5679.0	1419	120	109	1253	0.9564885496183206	0.923185341789993	0.883016208597604	0.7516252327893835	0.78875
AY230217	1440	7200	Spirochaetaceae	Treponema berlinense	GU562449	1438	7190	Spirochaetaceae	Treponema pectinovorum	6051.0	1377	62	56	1280	0.9689629068887207	0.9593318809005084	0.9295570079883806	0.8533320413847468	0.8415855
AY230217	1440	7200	Spirochaetaceae	Treponema berlinense	X87139	1479	7371	Spirochaetaceae	Treponema lecithinolyticum	5863.0	1417	100	90	1273	0.9593067068575735	0.936485532815808	0.8983768525052929	0.7858576686054869	0.81430554
AY230217	1440	7200	Spirochaetaceae	Treponema berlinense	EF061268	1417	7085	Spirochaetaceae	Treponema pedis	5408.0	1397	135	142	1205	0.9601593625498008	0.9028776978417267	0.8625626342161775	0.7066032023115554	0.76330274
M71238	1497	7395	Spirochaetaceae	Treponema saccharophilum	FR749895	1535	7675	Spirochaetaceae	Treponema bryantii	5572.0	1463	167	128	1259	0.9430711610486892	0.9125085440874915	0.8605604921394395	0.7048148815988661	0.7534821
M71238	1497	7395	Spirochaetaceae	Treponema saccharophilum	M57738	1510	7394	Spirochaetaceae	Treponema succinifaciens	5450.0	1497	176	167	1255	0.943609022556391	0.8884435537742151	0.8383433533734135	0.6664654273679856	0.73708415
M71238	1497	7395	Spirochaetaceae	Treponema saccharophilum	EU580141	1535	7675	Spirochaetaceae	Treponema caldarium	5716.0	1467	134	131	1273	0.9528443113772455	0.9107021131561008	0.8677573278800272	0.7241247907855817	0.7729547
M71238	1497	7395	Spirochaetaceae	Treponema saccharophilum	AF320287	1463	7285	Spirochaetaceae	Treponema azotonutricium	5455.0	1447	140	139	1231	0.941131498470948	0.9039391845196959	0.8507256392536282	0.7011651771542191	0.7487989
M71238	1497	7395	Spirochaetaceae	Treponema saccharophilum	Y09959	1443	7173	Spirochaetaceae	Treponema amylovorum	5500.0	1428	139	138	1228	0.951937984496124	0.9033613445378151	0.8599439775910365	0.7079309068873242	0.7667643
M71238	1497	7395	Spirochaetaceae	Treponema saccharophilum	AF093252	1372	6830	Spirochaetaceae	Treponema primitia	5224.0	1373	135	136	1173	0.9482619240097009	0.9016034985422741	0.8543335761107065	0.7008028074595118	0.7648609
M71238	1497	7395	Spirochaetaceae	Treponema saccharophilum	AF033307	1479	7395	Spirochaetaceae	Treponema socranskii subsp. paredis	5497.0	1455	144	146	1239	0.946524064171123	0.9008947006194081	0.8515463917525773	0.6971070836798773	0.7433401
M71238	1497	7395	Spirochaetaceae	Treponema saccharophilum	GU566698	1309	6545	Spirochaetaceae	Treponema ruminis	5170.0	1308	102	101	1144	0.947804473902237	0.922782874617737	0.8746177370030581	0.7486975947253129	0.789916
M71238	1497	7395	Spirochaetaceae	Treponema saccharophilum	AY518274	1426	7130	Spirochaetaceae	Treponema porcinum	5396.0	1373	119	116	1195	0.9506762132060461	0.9155134741442098	0.8703568827385287	0.7332698402160392	0.75680226
M71238	1497	7395	Spirochaetaceae	Treponema saccharophilum	D85437	1381	6905	Spirochaetaceae	Treponema medium	5307.0	1375	141	135	1186	0.9564516129032258	0.9018181818181819	0.8625454545454545	0.7055121132165987	0.7685735
M71238	1497	7395	Spirochaetaceae	Treponema saccharophilum	AM182455	1464	7320	Spirochaetaceae	Treponema isoptericolens	5494.0	1440	146	147	1233	0.9535962877030162	0.8985406532314107	0.85625	0.6980651008827238	0.75054646
M71238	1497	7395	Spirochaetaceae	Treponema saccharophilum	AF033306	1520	7588	Spirochaetaceae	Treponema socranskii subsp. socranskii	5603.0	1489	158	154	1266	0.9483146067415731	0.8965748824714573	0.8502350570852921	0.6891704925372587	0.7576741
M71238	1497	7395	Spirochaetaceae	Treponema saccharophilum	AJ543428	1408	7040	Spirochaetaceae	Treponema putidum	5367.0	1386	131	109	1202	0.9412685982772122	0.9213564213564214	0.8672438672438673	0.7300398276008032	0.76235795
M71238	1497	7395	Spirochaetaceae	Treponema saccharophilum	Y16568	1497	7443	Spirochaetaceae	Treponema brennaborense	5446.0	1423	137	137	1220	0.9486780715396579	0.9037245256500351	0.8573436401967673	0.7067589239057966	0.7364435
M71238	1497	7395	Spirochaetaceae	Treponema saccharophilum	X87140	1494	7464	Spirochaetaceae	Treponema maltophilum	5491.0	1447	157	132	1239	0.9422053231939164	0.9087767795438839	0.8562543192812716	0.7019790709818405	0.74252874
M71238	1497	7395	Spirochaetaceae	Treponema saccharophilum	AF302937	1485	7425	Spirochaetaceae	Treponema parvum	5594.0	1453	133	130	1251	0.9455782312925171	0.9105299380591879	0.860977288368892	0.7182048880908223	0.7564571
M71238	1497	7395	Spirochaetaceae	Treponema saccharophilum	AF033305	1477	7379	Spirochaetaceae	Treponema socranskii subsp. buccale	5501.0	1453	142	144	1239	0.946524064171123	0.9021364576154376	0.8527185134205093	0.6998172627382111	0.74549395
M71238	1497	7395	Spirochaetaceae	Treponema saccharophilum	GU562449	1438	7190	Spirochaetaceae	Treponema pectinovorum	5722.0	1449	103	114	1263	0.946067415730337	0.9283727399165508	0.8716356107660456	0.7497638791061023	0.79582757
M71238	1497	7395	Spirochaetaceae	Treponema saccharophilum	X87139	1479	7371	Spirochaetaceae	Treponema lecithinolyticum	5519.0	1447	153	127	1243	0.9416666666666667	0.912232204561161	0.8590186592950932	0.7086903939184519	0.7487451
M71238	1497	7395	Spirochaetaceae	Treponema saccharophilum	EF061268	1417	7085	Spirochaetaceae	Treponema pedis	5473.0	1411	126	120	1222	0.9465530596436871	0.9149539333805812	0.8660524450744153	0.7274389763116916	0.7724771
FR749895	1535	7675	Spirochaetaceae	Treponema bryantii	M57738	1510	7394	Spirochaetaceae	Treponema succinifaciens	5648.0	1469	140	140	1262	0.9495861550037622	0.9046970728386657	0.8590878148400273	0.7095883815552494	0.7638626
FR749895	1535	7675	Spirochaetaceae	Treponema bryantii	EU580141	1535	7675	Spirochaetaceae	Treponema caldarium	6254.0	1534	117	120	1364	0.9646393210749646	0.9235793598954931	0.8891786179921773	0.7615375928776129	0.8148534
FR749895	1535	7675	Spirochaetaceae	Treponema bryantii	AF320287	1463	7285	Spirochaetaceae	Treponema azotonutricium	5756.0	1468	139	144	1275	0.9629909365558912	0.9049897470950102	0.8685286103542235	0.7155767766701878	0.79011667
FR749895	1535	7675	Spirochaetaceae	Treponema bryantii	Y09959	1443	7173	Spirochaetaceae	Treponema amylovorum	5954.0	1446	98	101	1294	0.9620817843866171	0.932085932085932	0.8948824343015215	0.7795446076007425	0.83005714
FR749895	1535	7675	Spirochaetaceae	Treponema bryantii	AF093252	1372	6830	Spirochaetaceae	Treponema primitia	5459.0	1377	119	124	1203	0.960095770151636	0.9132653061224489	0.8736383442265795	0.7317305115748022	0.79926795
FR749895	1535	7675	Spirochaetaceae	Treponema bryantii	AF033307	1479	7395	Spirochaetaceae	Treponema socranskii subsp. paredis	5919.0	1488	117	126	1306	0.9588839941262849	0.920892494929006	0.8776881720430108	0.7448045422570596	0.8004057
FR749895	1535	7675	Spirochaetaceae	Treponema bryantii	GU566698	1309	6545	Spirochaetaceae	Treponema ruminis	5209.0	1310	127	128	1148	0.9712351945854484	0.9029793735676088	0.8763358778625954	0.7208274235445983	0.7958747
FR749895	1535	7675	Spirochaetaceae	Treponema bryantii	AY518274	1426	7130	Spirochaetaceae	Treponema porcinum	6122.0	1428	87	89	1306	0.9753547423450336	0.9389901823281908	0.9145658263305322	0.808319235284873	0.85862553
FR749895	1535	7675	Spirochaetaceae	Treponema bryantii	D85437	1381	6905	Spirochaetaceae	Treponema medium	5458.0	1379	128	126	1207	0.9632881085395052	0.9086294416243654	0.8752719361856418	0.7277476682419438	0.7904417
FR749895	1535	7675	Spirochaetaceae	Treponema bryantii	AM182455	1464	7320	Spirochaetaceae	Treponema isoptericolens	5764.0	1471	135	142	1279	0.9623777276147479	0.9077868852459017	0.8694765465669613	0.7195107910258354	0.7874317
FR749895	1535	7675	Spirochaetaceae	Treponema bryantii	AF033306	1520	7588	Spirochaetaceae	Treponema socranskii subsp. socranskii	5902.0	1496	126	135	1306	0.9595885378398237	0.9152656355077337	0.8729946524064172	0.7325189407676533	0.77780706
FR749895	1535	7675	Spirochaetaceae	Treponema bryantii	AJ543428	1408	7040	Spirochaetaceae	Treponema putidum	5626.0	1408	119	120	1239	0.9619565217391305	0.9154228855721394	0.8799715909090909	0.7422419181996787	0.7991477
FR749895	1535	7675	Spirochaetaceae	Treponema bryantii	Y16568	1497	7443	Spirochaetaceae	Treponema brennaborense	6099.0	1495	114	118	1329	0.9651416122004357	0.9235412474849095	0.8889632107023412	0.7607845501162982	0.81942767
FR749895	1535	7675	Spirochaetaceae	Treponema bryantii	X87140	1494	7464	Spirochaetaceae	Treponema maltophilum	6101.0	1494	109	109	1331	0.9610108303249097	0.9270414993306559	0.8908969210174029	0.7697393859071135	0.81739014
FR749895	1535	7675	Spirochaetaceae	Treponema bryantii	AF302937	1485	7425	Spirochaetaceae	Treponema parvum	6217.0	1486	97	98	1342	0.9668587896253602	0.9346801346801347	0.9030955585464334	0.7918487904374287	0.8373064
FR749895	1535	7675	Spirochaetaceae	Treponema bryantii	AF033305	1477	7379	Spirochaetaceae	Treponema socranskii subsp. buccale	5880.0	1486	120	129	1300	0.9579955784819455	0.9187542315504401	0.8748317631224765	0.7391947089397264	0.7968559
FR749895	1535	7675	Spirochaetaceae	Treponema bryantii	GU562449	1438	7190	Spirochaetaceae	Treponema pectinovorum	6021.0	1447	86	95	1302	0.9630177514792899	0.9401947148817803	0.8997926744989634	0.793554922323939	0.8374131
FR749895	1535	7675	Spirochaetaceae	Treponema bryantii	X87139	1479	7371	Spirochaetaceae	Treponema lecithinolyticum	6056.0	1478	106	105	1319	0.9606700655498908	0.928958051420839	0.8924221921515562	0.7735452461010648	0.8215982
FR749895	1535	7675	Spirochaetaceae	Treponema bryantii	EF061268	1417	7085	Spirochaetaceae	Treponema pedis	5591.0	1424	121	128	1240	0.9567901234567902	0.9146083274523642	0.8707865168539326	0.7304461655939783	0.78913194
M57738	1510	7394	Spirochaetaceae	Treponema succinifaciens	EU580141	1535	7675	Spirochaetaceae	Treponema caldarium	5572.0	1473	154	152	1256	0.9507948523845572	0.8968092328581126	0.8526816021724372	0.6923124747816776	0.75358397
M57738	1510	7394	Spirochaetaceae	Treponema succinifaciens	AF320287	1463	7285	Spirochaetaceae	Treponema azotonutricium	5360.0	1453	166	169	1219	0.9493769470404985	0.8855172413793103	0.8389538885065382	0.6653593532071619	0.7357584
M57738	1510	7394	Spirochaetaceae	Treponema succinifaciens	Y09959	1443	7173	Spirochaetaceae	Treponema amylovorum	5443.0	1434	130	131	1223	0.9386032233307752	0.9092812281926029	0.8528591352859135	0.7105341772874331	0.7588178
M57738	1510	7394	Spirochaetaceae	Treponema succinifaciens	AF093252	1372	6830	Spirochaetaceae	Treponema primitia	5065.0	1375	164	167	1152	0.9536423841059603	0.880466472303207	0.8378181818181818	0.6576246677299309	0.74158126
M57738	1510	7394	Spirochaetaceae	Treponema succinifaciens	AF033307	1479	7395	Spirochaetaceae	Treponema socranskii subsp. paredis	5630.0	1461	125	132	1256	0.945071482317532	0.9140302613480055	0.8596851471594799	0.7203792941834481	0.7614282
M57738	1510	7394	Spirochaetaceae	Treponema succinifaciens	GU566698	1309	6545	Spirochaetaceae	Treponema ruminis	5242.0	1310	94	95	1152	0.9481481481481482	0.9281894576012223	0.8793893129770992	0.7610099823840282	0.80091673
M57738	1510	7394	Spirochaetaceae	Treponema succinifaciens	AY518274	1426	7130	Spirochaetaceae	Treponema porcinum	5407.0	1379	105	107	1198	0.9418238993710691	0.9237472766884531	0.8687454677302393	0.7446389723402052	0.758345
M57738	1510	7394	Spirochaetaceae	Treponema succinifaciens	D85437	1381	6905	Spirochaetaceae	Treponema medium	4987.0	1377	168	164	1146	0.9447650453421269	0.8809005083514887	0.8322440087145969	0.6534058139616867	0.72223026
M57738	1510	7394	Spirochaetaceae	Treponema succinifaciens	AM182455	1464	7320	Spirochaetaceae	Treponema isoptericolens	5266.0	1446	176	182	1203	0.9517405063291139	0.8777777777777778	0.8319502074688797	0.6483261789399901	0.7193989
M57738	1510	7394	Spirochaetaceae	Treponema succinifaciens	AF033306	1520	7588	Spirochaetaceae	Treponema socranskii subsp. socranskii	5723.0	1507	136	149	1284	0.9455081001472754	0.9089692101740294	0.8520238885202389	0.7042291178396132	0.77400595
M57738	1510	7394	Spirochaetaceae	Treponema succinifaciens	AJ543428	1408	7040	Spirochaetaceae	Treponema putidum	5067.0	1401	148	159	1164	0.9371980676328503	0.8935251798561151	0.8308351177730193	0.6661699265810781	0.7197443
M57738	1510	7394	Spirochaetaceae	Treponema succinifaciens	Y16568	1497	7443	Spirochaetaceae	Treponema brennaborense	5264.0	1429	154	159	1198	0.9433070866141732	0.8918539325842697	0.8383484954513646	0.6725853374751946	0.7119286
M57738	1510	7394	Spirochaetaceae	Treponema succinifaciens	X87140	1494	7464	Spirochaetaceae	Treponema maltophilum	5203.0	1453	174	172	1200	0.936768149882904	0.8816242257398486	0.8258774948382657	0.6502452802014864	0.70367867
M57738	1510	7394	Spirochaetaceae	Treponema succinifaciens	AF302937	1485	7425	Spirochaetaceae	Treponema parvum	5519.0	1459	132	131	1244	0.9367469879518072	0.910212474297464	0.8526387936943112	0.7116934745606821	0.74641603
M57738	1510	7394	Spirochaetaceae	Treponema succinifaciens	AF033305	1477	7379	Spirochaetaceae	Treponema socranskii subsp. buccale	5624.0	1459	122	129	1255	0.943609022556391	0.9159779614325069	0.860178204249486	0.7236160731510539	0.7621629
M57738	1510	7394	Spirochaetaceae	Treponema succinifaciens	GU562449	1438	7190	Spirochaetaceae	Treponema pectinovorum	5266.0	1440	148	152	1204	0.9347826086956522	0.8969359331476323	0.8361111111111111	0.6781556115309263	0.73240614
M57738	1510	7394	Spirochaetaceae	Treponema succinifaciens	X87139	1479	7371	Spirochaetaceae	Treponema lecithinolyticum	5250.0	1453	176	173	1206	0.9421875	0.88093599449415	0.830006882312457	0.6521846589072714	0.7122507
M57738	1510	7394	Spirochaetaceae	Treponema succinifaciens	EF061268	1417	7085	Spirochaetaceae	Treponema pedis	5076.0	1422	169	174	1174	0.9407051282051282	0.8807339449541285	0.8255977496483825	0.6476090456072793	0.7164432
EU580141	1535	7675	Spirochaetaceae	Treponema caldarium	AF320287	1463	7285	Spirochaetaceae	Treponema azotonutricium	6364.0	1465	74	76	1351	0.97264218862491	0.949419002050581	0.922184300341297	0.8323027895867846	0.87357587
EU580141	1535	7675	Spirochaetaceae	Treponema caldarium	Y09959	1443	7173	Spirochaetaceae	Treponema amylovorum	5690.0	1444	130	131	1260	0.9596344249809596	0.9099099099099099	0.8725761772853186	0.7278859725385154	0.79325247
EU580141	1535	7675	Spirochaetaceae	Treponema caldarium	AF093252	1372	6830	Spirochaetaceae	Treponema primitia	6028.0	1372	61	61	1273	0.9710144927536232	0.9555393586005831	0.9278425655976676	0.8488496884148934	0.8825769
EU580141	1535	7675	Spirochaetaceae	Treponema caldarium	AF033307	1479	7395	Spirochaetaceae	Treponema socranskii subsp. paredis	5904.0	1485	133	139	1301	0.9665676077265973	0.9100743745774171	0.8760942760942761	0.7288151394455474	0.7983773
EU580141	1535	7675	Spirochaetaceae	Treponema caldarium	GU566698	1309	6545	Spirochaetaceae	Treponema ruminis	5204.0	1309	120	120	1150	0.9671993271656855	0.9083269671504965	0.878533231474408	0.7309839133821351	0.79511076
EU580141	1535	7675	Spirochaetaceae	Treponema caldarium	AY518274	1426	7130	Spirochaetaceae	Treponema porcinum	5799.0	1429	112	115	1268	0.9649923896499238	0.9214586255259467	0.887333799860042	0.7566233699001267	0.813324
EU580141	1535	7675	Spirochaetaceae	Treponema caldarium	D85437	1381	6905	Spirochaetaceae	Treponema medium	5686.0	1374	102	95	1233	0.9640344018764659	0.9308588064046579	0.8973799126637555	0.7776076614477935	0.82346123
EU580141	1535	7675	Spirochaetaceae	Treponema caldarium	AM182455	1464	7320	Spirochaetaceae	Treponema isoptericolens	6378.0	1468	79	83	1352	0.976173285198556	0.9460382513661202	0.9209809264305178	0.8245368992283563	0.8713115
EU580141	1535	7675	Spirochaetaceae	Treponema caldarium	AF033306	1520	7588	Spirochaetaceae	Treponema socranskii subsp. socranskii	5946.0	1497	132	138	1311	0.9646799116997793	0.9114688128772636	0.875751503006012	0.730599320187336	0.7836057
EU580141	1535	7675	Spirochaetaceae	Treponema caldarium	AJ543428	1408	7040	Spirochaetaceae	Treponema putidum	5795.0	1412	100	104	1260	0.963302752293578	0.9289772727272727	0.8923512747875354	0.7719546742209631	0.82315344
EU580141	1535	7675	Spirochaetaceae	Treponema caldarium	Y16568	1497	7443	Spirochaetaceae	Treponema brennaborense	6109.0	1491	114	115	1330	0.9665697674418605	0.9234899328859061	0.892018779342723	0.7647463179910198	0.8207712
EU580141	1535	7675	Spirochaetaceae	Treponema caldarium	X87140	1494	7464	Spirochaetaceae	Treponema maltophilum	6033.0	1491	128	125	1319	0.9655929721815519	0.9161636485580148	0.8846411804158283	0.7463989205979131	0.80827975
EU580141	1535	7675	Spirochaetaceae	Treponema caldarium	AF302937	1485	7425	Spirochaetaceae	Treponema parvum	5903.0	1483	134	132	1302	0.9637305699481865	0.9109912339851652	0.877950101146325	0.7335254091828602	0.7950168
EU580141	1535	7675	Spirochaetaceae	Treponema caldarium	AF033305	1477	7379	Spirochaetaceae	Treponema socranskii subsp. buccale	5889.0	1483	129	135	1299	0.9636498516320475	0.9126607989167231	0.8759271746459879	0.7324750815277864	0.7980756
EU580141	1535	7675	Spirochaetaceae	Treponema caldarium	GU562449	1438	7190	Spirochaetaceae	Treponema pectinovorum	5735.0	1450	126	138	1265	0.9641768292682927	0.9123783031988874	0.8724137931034482	0.7262734115175914	0.7976356
EU580141	1535	7675	Spirochaetaceae	Treponema caldarium	X87139	1479	7371	Spirochaetaceae	Treponema lecithinolyticum	5986.0	1475	118	114	1308	0.9610580455547392	0.9227118644067797	0.8867796610169492	0.7576315873471864	0.8121015
EU580141	1535	7675	Spirochaetaceae	Treponema caldarium	EF061268	1417	7085	Spirochaetaceae	Treponema pedis	5752.0	1414	112	109	1257	0.9632183908045977	0.9229137199434229	0.888967468175389	0.7602244731119807	0.81185603
AF320287	1463	7285	Spirochaetaceae	Treponema azotonutricium	Y09959	1443	7173	Spirochaetaceae	Treponema amylovorum	5529.0	1442	148	147	1239	0.9567567567567568	0.8980582524271845	0.8592233009708737	0.6998076570800512	0.7708072
AF320287	1463	7285	Spirochaetaceae	Treponema azotonutricium	AF093252	1372	6830	Spirochaetaceae	Treponema primitia	6152.0	1372	41	41	1287	0.9669421487603306	0.9701166180758017	0.9380466472303207	0.8836094037250932	0.90073204
AF320287	1463	7285	Spirochaetaceae	Treponema azotonutricium	AF033307	1479	7395	Spirochaetaceae	Treponema socranskii subsp. paredis	5622.0	1463	145	149	1258	0.9573820395738204	0.9006168608636053	0.859876965140123	0.7026606543495781	0.77172273
AF320287	1463	7285	Spirochaetaceae	Treponema azotonutricium	GU566698	1309	6545	Spirochaetaceae	Treponema ruminis	5111.0	1309	129	129	1137	0.9635593220338983	0.9014514896867838	0.868601986249045	0.7127610179234166	0.78090143
AF320287	1463	7285	Spirochaetaceae	Treponema azotonutricium	AY518274	1426	7130	Spirochaetaceae	Treponema porcinum	5542.0	1391	126	127	1221	0.9659810126582279	0.9093525179856116	0.8777857656362329	0.7313916992512843	0.7772791
AF320287	1463	7285	Spirochaetaceae	Treponema azotonutricium	D85437	1381	6905	Spirochaetaceae	Treponema medium	5486.0	1374	135	128	1206	0.9678972712680578	0.9068413391557496	0.8777292576419214	0.7247519251304402	0.7944967
AF320287	1463	7285	Spirochaetaceae	Treponema azotonutricium	AM182455	1464	7320	Spirochaetaceae	Treponema isoptericolens	6414.0	1456	69	71	1352	0.976173285198556	0.952544704264099	0.9285714285714286	0.8433255269320844	0.8804393
AF320287	1463	7285	Spirochaetaceae	Treponema azotonutricium	AF033306	1520	7588	Spirochaetaceae	Treponema socranskii subsp. socranskii	5603.0	1463	149	153	1255	0.9580152671755725	0.8978752570253599	0.8578263841421736	0.6971169747061089	0.7691146
AF320287	1463	7285	Spirochaetaceae	Treponema azotonutricium	AJ543428	1408	7040	Spirochaetaceae	Treponema putidum	5673.0	1404	115	115	1242	0.9635376260667183	0.9180911680911681	0.8846153846153846	0.7506709879981769	0.80582386
AF320287	1463	7285	Spirochaetaceae	Treponema azotonutricium	Y16568	1497	7443	Spirochaetaceae	Treponema brennaborense	5734.0	1439	134	135	1261	0.9670245398773006	0.9068150208623088	0.8763029881862404	0.7264457066718738	0.7870968
AF320287	1463	7285	Spirochaetaceae	Treponema azotonutricium	X87140	1494	7464	Spirochaetaceae	Treponema maltophilum	5791.0	1463	145	140	1279	0.9667422524565382	0.9043062200956937	0.8742310321257689	0.7192833678497463	0.7949211
AF320287	1463	7285	Spirochaetaceae	Treponema azotonutricium	AF302937	1485	7425	Spirochaetaceae	Treponema parvum	5695.0	1463	150	146	1268	0.9627942293090357	0.9002050580997949	0.8667122351332878	0.7076627487108123	0.7817433
AF320287	1463	7285	Spirochaetaceae	Treponema azotonutricium	AF033305	1477	7379	Spirochaetaceae	Treponema socranskii subsp. buccale	5588.0	1463	148	152	1254	0.9565217391304348	0.8985606579849211	0.8571428571428571	0.6975259377494013	0.7670556
AF320287	1463	7285	Spirochaetaceae	Treponema azotonutricium	GU562449	1438	7190	Spirochaetaceae	Treponema pectinovorum	5528.0	1433	152	154	1234	0.9648162627052385	0.893780573025856	0.8611304954640614	0.6948806963397695	0.7688456
AF320287	1463	7285	Spirochaetaceae	Treponema azotonutricium	X87139	1479	7371	Spirochaetaceae	Treponema lecithinolyticum	5754.0	1463	139	133	1275	0.9586466165413534	0.9090909090909091	0.8714969241285031	0.7235274089206675	0.7898421
AF320287	1463	7285	Spirochaetaceae	Treponema azotonutricium	EF061268	1417	7085	Spirochaetaceae	Treponema pedis	5650.0	1412	117	112	1244	0.9569230769230769	0.9206798866855525	0.8810198300283286	0.749068527820031	0.7974594
Y09959	1443	7173	Spirochaetaceae	Treponema amylovorum	AF093252	1372	6830	Spirochaetaceae	Treponema primitia	5182.0	1355	144	146	1160	0.9594706368899917	0.893569844789357	0.8560885608856088	0.6904676918683795	0.7587116
Y09959	1443	7173	Spirochaetaceae	Treponema amylovorum	AF033307	1479	7395	Spirochaetaceae	Treponema socranskii subsp. paredis	5849.0	1443	99	105	1278	0.9551569506726457	0.9311064718162839	0.8856548856548857	0.7684865350235001	0.81541896
Y09959	1443	7173	Spirochaetaceae	Treponema amylovorum	GU566698	1309	6545	Spirochaetaceae	Treponema ruminis	5254.0	1309	116	116	1154	0.9673093042749371	0.9113827349121467	0.881588999236058	0.7380601235709595	0.8027502
Y09959	1443	7173	Spirochaetaceae	Treponema amylovorum	AY518274	1426	7130	Spirochaetaceae	Treponema porcinum	5874.0	1388	79	80	1260	0.963302752293578	0.943042537851478	0.9077809798270894	0.809391630275278	0.82384294
Y09959	1443	7173	Spirochaetaceae	Treponema amylovorum	D85437	1381	6905	Spirochaetaceae	Treponema medium	5386.0	1364	134	129	1193	0.965991902834008	0.905425219941349	0.874633431085044	0.7210762933177767	0.78001446
Y09959	1443	7173	Spirochaetaceae	Treponema amylovorum	AM182455	1464	7320	Spirochaetaceae	Treponema isoptericolens	5570.0	1443	148	151	1244	0.9628482972136223	0.8972222222222223	0.8620928620928621	0.7000779244651024	0.77652305
Y09959	1443	7173	Spirochaetaceae	Treponema amylovorum	AF033306	1520	7588	Spirochaetaceae	Treponema socranskii subsp. socranskii	5841.0	1443	105	111	1277	0.9587087087087087	0.9269311064718163	0.884961884961885	0.761478831246273	0.81430364
Y09959	1443	7173	Spirochaetaceae	Treponema amylovorum	AJ543428	1408	7040	Spirochaetaceae	Treponema putidum	5494.0	1403	136	137	1219	0.9628751974723538	0.9029957203994294	0.8688524590163934	0.7147285335378518	0.7803977
Y09959	1443	7173	Spirochaetaceae	Treponema amylovorum	Y16568	1497	7443	Spirochaetaceae	Treponema brennaborense	5816.0	1438	117	114	1274	0.9622356495468278	0.9207232267037552	0.885952712100139	0.7543417304312438	0.8108184
Y09959	1443	7173	Spirochaetaceae	Treponema amylovorum	X87140	1494	7464	Spirochaetaceae	Treponema maltophilum	5762.0	1443	123	119	1269	0.9584592145015106	0.9175329175329175	0.8794178794178794	0.7435180538628814	0.8032901
Y09959	1443	7173	Spirochaetaceae	Treponema amylovorum	AF302937	1485	7425	Spirochaetaceae	Treponema parvum	6096.0	1443	94	92	1309	0.9689119170984456	0.9362439362439362	0.9071379071379071	0.7973606457666315	0.84985363
Y09959	1443	7173	Spirochaetaceae	Treponema amylovorum	AF033305	1477	7379	Spirochaetaceae	Treponema socranskii subsp. buccale	5851.0	1443	101	106	1279	0.9566192969334331	0.9297635605006954	0.8863478863478863	0.7675175673880337	0.8156977
Y09959	1443	7173	Spirochaetaceae	Treponema amylovorum	GU562449	1438	7190	Spirochaetaceae	Treponema pectinovorum	5906.0	1425	87	99	1277	0.9630467571644042	0.9384288747346072	0.896140350877193	0.7859008632692843	0.8233654
Y09959	1443	7173	Spirochaetaceae	Treponema amylovorum	X87139	1479	7371	Spirochaetaceae	Treponema lecithinolyticum	5731.0	1443	128	118	1266	0.9554716981132075	0.9182259182259183	0.8773388773388774	0.7399579964825033	0.7989684
Y09959	1443	7173	Spirochaetaceae	Treponema amylovorum	EF061268	1417	7085	Spirochaetaceae	Treponema pedis	5520.0	1414	145	142	1226	0.9638364779874213	0.8995756718528995	0.867043847241867	0.7074276931954169	0.7791108
AF093252	1372	6830	Spirochaetaceae	Treponema primitia	AF033307	1479	7395	Spirochaetaceae	Treponema socranskii subsp. paredis	5303.0	1372	139	143	1182	0.9617575264442636	0.8983918128654971	0.8615160349854227	0.7007301171390368	0.7764275
AF093252	1372	6830	Spirochaetaceae	Treponema primitia	GU566698	1309	6545	Spirochaetaceae	Treponema ruminis	5083.0	1300	125	125	1130	0.9617021276595744	0.9038461538461539	0.8692307692307693	0.7167341430499325	0.77662337
AF093252	1372	6830	Spirochaetaceae	Treponema primitia	AY518274	1426	7130	Spirochaetaceae	Treponema porcinum	5147.0	1300	124	125	1136	0.9668085106382979	0.9045419553502695	0.8738461538461538	0.7210458081244597	0.7535871
AF093252	1372	6830	Spirochaetaceae	Treponema primitia	D85437	1381	6905	Spirochaetaceae	Treponema medium	5574.0	1365	112	105	1216	0.9650793650793651	0.9230769230769231	0.8908424908424909	0.7599604187281913	0.8161054
AF093252	1372	6830	Spirochaetaceae	Treponema primitia	AM182455	1464	7320	Spirochaetaceae	Treponema isoptericolens	5993.0	1365	59	61	1265	0.9700920245398773	0.9567131327953045	0.9267399267399268	0.8486438654977981	0.87745243
AF093252	1372	6830	Spirochaetaceae	Treponema primitia	AF033306	1520	7588	Spirochaetaceae	Treponema socranskii subsp. socranskii	5306.0	1372	142	146	1182	0.964110929853181	0.8961988304093568	0.8615160349854227	0.6976345171018021	0.7768668
AF093252	1372	6830	Spirochaetaceae	Treponema primitia	AJ543428	1408	7040	Spirochaetaceae	Treponema putidum	5398.0	1313	94	94	1173	0.9622641509433962	0.9284082254379284	0.8933739527798934	0.774003445940789	0.7903367
AF093252	1372	6830	Spirochaetaceae	Treponema primitia	Y16568	1497	7443	Spirochaetaceae	Treponema brennaborense	5429.0	1348	110	112	1189	0.9619741100323624	0.9182763744427934	0.8820474777448071	0.7477439523268735	0.79487556
AF093252	1372	6830	Spirochaetaceae	Treponema primitia	X87140	1494	7464	Spirochaetaceae	Treponema maltophilum	5510.0	1372	126	121	1209	0.9664268585131894	0.9118075801749271	0.8811953352769679	0.7358981070971207	0.806735
AF093252	1372	6830	Spirochaetaceae	Treponema primitia	AF302937	1485	7425	Spirochaetaceae	Treponema parvum	5379.0	1372	126	122	1194	0.9552	0.9110787172011662	0.8702623906705539	0.7261869081029322	0.7875549
AF093252	1372	6830	Spirochaetaceae	Treponema primitia	AF033305	1477	7379	Spirochaetaceae	Treponema socranskii subsp. buccale	5303.0	1372	138	142	1182	0.9609756097560975	0.8991228070175439	0.8615160349854227	0.7017647172397815	0.7764275
AF093252	1372	6830	Spirochaetaceae	Treponema primitia	GU562449	1438	7190	Spirochaetaceae	Treponema pectinovorum	5377.0	1372	129	130	1192	0.9597423510466989	0.9059080962800875	0.8688046647230321	0.7188910017228554	0.7872621
AF093252	1372	6830	Spirochaetaceae	Treponema primitia	X87139	1479	7371	Spirochaetaceae	Treponema lecithinolyticum	5512.0	1372	117	111	1211	0.9603489294210944	0.9190962099125365	0.8826530612244898	0.7474986636696318	0.8070278
AF093252	1372	6830	Spirochaetaceae	Treponema primitia	EF061268	1417	7085	Spirochaetaceae	Treponema pedis	5434.0	1347	108	103	1192	0.9581993569131833	0.9235337787676318	0.8849294729027468	0.7565994943580873	0.7956076
AF033307	1479	7395	Spirochaetaceae	Treponema socranskii subsp. paredis	GU566698	1309	6545	Spirochaetaceae	Treponema ruminis	5221.0	1311	121	123	1150	0.968013468013468	0.907563025210084	0.8771929824561403	0.727727139076742	0.79770815
AF033307	1479	7395	Spirochaetaceae	Treponema socranskii subsp. paredis	AY518274	1426	7130	Spirochaetaceae	Treponema porcinum	5815.0	1405	101	104	1260	0.9684857801691007	0.927960057061341	0.896797153024911	0.7747231713714536	0.81556803
AF033307	1479	7395	Spirochaetaceae	Treponema socranskii subsp. paredis	D85437	1381	6905	Spirochaetaceae	Treponema medium	5347.0	1370	148	137	1192	0.9667477696674777	0.9	0.8700729927007299	0.7067193675889327	0.7743664
AF033307	1479	7395	Spirochaetaceae	Treponema socranskii subsp. paredis	AM182455	1464	7320	Spirochaetaceae	Treponema isoptericolens	5707.0	1462	144	142	1270	0.9621212121212122	0.9028727770177839	0.8686730506155951	0.7139778498210371	0.7796448
AF033307	1479	7395	Spirochaetaceae	Treponema socranskii subsp. paredis	AF033306	1520	7588	Spirochaetaceae	Treponema socranskii subsp. socranskii	7238.0	1479	8	8	1461	0.9932019034670292	0.9945909398242055	0.9878296146044625	0.9772006476685705	0.9787694
AF033307	1479	7395	Spirochaetaceae	Treponema socranskii subsp. paredis	AJ543428	1408	7040	Spirochaetaceae	Treponema putidum	5507.0	1409	132	134	1225	0.9607843137254902	0.906183368869936	0.8694109297374024	0.7193374013077145	0.7822443
AF033307	1479	7395	Spirochaetaceae	Treponema socranskii subsp. paredis	Y16568	1497	7443	Spirochaetaceae	Treponema brennaborense	5694.0	1447	129	126	1263	0.9560938682816048	0.9129232895646164	0.8728403593642018	0.7316130169543849	0.7699797
AF033307	1479	7395	Spirochaetaceae	Treponema socranskii subsp. paredis	X87140	1494	7464	Spirochaetaceae	Treponema maltophilum	5801.0	1471	130	121	1287	0.9533333333333334	0.9177430319510537	0.8749150237933379	0.7377484585390419	0.784449
AF033307	1479	7395	Spirochaetaceae	Treponema socranskii subsp. paredis	AF302937	1485	7425	Spirochaetaceae	Treponema parvum	6123.0	1477	90	82	1330	0.953405017921147	0.9444820582261341	0.9004739336492891	0.8016344208300946	0.8279919
AF033307	1479	7395	Spirochaetaceae	Treponema socranskii subsp. paredis	AF033305	1477	7379	Spirochaetaceae	Treponema socranskii subsp. buccale	7197.0	1477	13	13	1455	0.9938524590163934	0.991198375084631	0.9851049424509141	0.9679151917772739	0.9753354
AF033307	1479	7395	Spirochaetaceae	Treponema socranskii subsp. paredis	GU562449	1438	7190	Spirochaetaceae	Treponema pectinovorum	5758.0	1444	123	129	1268	0.9642585551330799	0.9144645340751043	0.8781163434903048	0.7369004414101792	0.8008345
AF033307	1479	7395	Spirochaetaceae	Treponema socranskii subsp. paredis	X87139	1479	7371	Spirochaetaceae	Treponema lecithinolyticum	5787.0	1469	134	124	1284	0.9546468401486989	0.9155888359428183	0.8740639891082369	0.7333849440739729	0.7851038
AF033307	1479	7395	Spirochaetaceae	Treponema socranskii subsp. paredis	EF061268	1417	7085	Spirochaetaceae	Treponema pedis	5451.0	1407	141	132	1219	0.956078431372549	0.906183368869936	0.8663823738450604	0.7135901334964161	0.7693719
GU566698	1309	6545	Spirochaetaceae	Treponema ruminis	AY518274	1426	7130	Spirochaetaceae	Treponema porcinum	5362.0	1309	100	101	1168	0.9668874172185431	0.9235474006116208	0.8922841864018335	0.7649959525716217	0.81925136
GU566698	1309	6545	Spirochaetaceae	Treponema ruminis	D85437	1381	6905	Spirochaetaceae	Treponema medium	4986.0	1309	154	151	1121	0.968048359240069	0.8846447669977082	0.8563789152024446	0.6778446915956464	0.7618029
GU566698	1309	6545	Spirochaetaceae	Treponema ruminis	AM182455	1464	7320	Spirochaetaceae	Treponema isoptericolens	5071.0	1309	131	131	1132	0.9609507640067911	0.8999236058059588	0.8647822765469825	0.7074399456752398	0.7747899
GU566698	1309	6545	Spirochaetaceae	Treponema ruminis	AF033306	1520	7588	Spirochaetaceae	Treponema socranskii subsp. socranskii	5228.0	1309	126	124	1150	0.9704641350210971	0.9052711993888465	0.878533231474408	0.7254786615311313	0.7987777
GU566698	1309	6545	Spirochaetaceae	Treponema ruminis	AJ543428	1408	7040	Spirochaetaceae	Treponema putidum	4975.0	1309	137	137	1121	0.9564846416382252	0.8953399541634836	0.8563789152024446	0.6941051788501141	0.76012224
GU566698	1309	6545	Spirochaetaceae	Treponema ruminis	Y16568	1497	7443	Spirochaetaceae	Treponema brennaborense	5066.0	1309	140	142	1129	0.9674378748928878	0.8928844682478959	0.8624904507257448	0.6946351663194922	0.774026
GU566698	1309	6545	Spirochaetaceae	Treponema ruminis	X87140	1494	7464	Spirochaetaceae	Treponema maltophilum	4927.0	1309	158	157	1112	0.9652777777777778	0.880061115355233	0.8495034377387318	0.6670947241138507	0.75278836
GU566698	1309	6545	Spirochaetaceae	Treponema ruminis	AF302937	1485	7425	Spirochaetaceae	Treponema parvum	5186.0	1309	117	117	1146	0.9614093959731543	0.9106187929717342	0.8754774637127578	0.7318156639169756	0.7923606
GU566698	1309	6545	Spirochaetaceae	Treponema ruminis	AF033305	1477	7379	Spirochaetaceae	Treponema socranskii subsp. buccale	5207.0	1309	124	122	1148	0.9671440606571188	0.9067990832696715	0.8770053475935828	0.7264517429124794	0.7955691
GU566698	1309	6545	Spirochaetaceae	Treponema ruminis	GU562449	1438	7190	Spirochaetaceae	Treponema pectinovorum	5114.0	1309	125	125	1137	0.9603040540540541	0.904507257448434	0.868601986249045	0.7171720723283608	0.7813598
GU566698	1309	6545	Spirochaetaceae	Treponema ruminis	X87139	1479	7371	Spirochaetaceae	Treponema lecithinolyticum	4970.0	1309	162	160	1117	0.9721496953872933	0.8777692895339955	0.8533231474407945	0.6665318126508993	0.7593583
GU566698	1309	6545	Spirochaetaceae	Treponema ruminis	EF061268	1417	7085	Spirochaetaceae	Treponema pedis	4879.0	1309	156	155	1108	0.9601386481802426	0.881588999236058	0.8464476699770818	0.6667580963505477	0.74545455
AY518274	1426	7130	Spirochaetaceae	Treponema porcinum	D85437	1381	6905	Spirochaetaceae	Treponema medium	5148.0	1308	139	135	1140	0.9718670076726342	0.8967889908256881	0.8715596330275229	0.7065234620188559	0.7455467
AY518274	1426	7130	Spirochaetaceae	Treponema porcinum	AM182455	1464	7320	Spirochaetaceae	Treponema isoptericolens	5549.0	1400	134	133	1226	0.9676400947119179	0.905	0.8757142857142857	0.7232920469361147	0.7782609
AY518274	1426	7130	Spirochaetaceae	Treponema porcinum	AF033306	1520	7588	Spirochaetaceae	Treponema socranskii subsp. socranskii	5756.0	1402	109	106	1253	0.966820987654321	0.9243937232524965	0.8937232524964337	0.7665554832795354	0.8072931
AY518274	1426	7130	Spirochaetaceae	Treponema porcinum	AJ543428	1408	7040	Spirochaetaceae	Treponema putidum	5524.0	1394	142	141	1220	0.9736632083000798	0.8988522238163558	0.8751793400286944	0.7139321048541367	0.7846591
AY518274	1426	7130	Spirochaetaceae	Treponema porcinum	Y16568	1497	7443	Spirochaetaceae	Treponema brennaborense	5903.0	1426	109	108	1279	0.9704097116843703	0.9242636746143057	0.896914446002805	0.7701193744831902	0.82791024
AY518274	1426	7130	Spirochaetaceae	Treponema porcinum	X87140	1494	7464	Spirochaetaceae	Treponema maltophilum	5741.0	1416	111	109	1255	0.9602142310635042	0.9230225988700564	0.8862994350282486	0.7586073094839038	0.8051893
AY518274	1426	7130	Spirochaetaceae	Treponema porcinum	AF302937	1485	7425	Spirochaetaceae	Treponema parvum	5977.0	1402	77	76	1280	0.9653092006033183	0.9457917261055635	0.912981455064194	0.8185350976437602	0.8382889
AY518274	1426	7130	Spirochaetaceae	Treponema porcinum	AF033305	1477	7379	Spirochaetaceae	Treponema socranskii subsp. buccale	5782.0	1402	107	104	1256	0.9676425269645609	0.9258202567760342	0.8958630527817404	0.770596582180715	0.81093967
AY518274	1426	7130	Spirochaetaceae	Treponema porcinum	GU562449	1438	7190	Spirochaetaceae	Treponema pectinovorum	5680.0	1360	84	84	1227	0.9615987460815048	0.9382352941176471	0.9022058823529412	0.7972401010265602	0.79663396
AY518274	1426	7130	Spirochaetaceae	Treponema porcinum	X87139	1479	7371	Spirochaetaceae	Treponema lecithinolyticum	5654.0	1400	105	102	1239	0.9545454545454546	0.9271428571428572	0.885	0.7632757475083056	0.7929874
AY518274	1426	7130	Spirochaetaceae	Treponema porcinum	EF061268	1417	7085	Spirochaetaceae	Treponema pedis	5396.0	1364	140	138	1193	0.9730831973898858	0.8988269794721407	0.874633431085044	0.7129658154988456	0.761609
D85437	1381	6905	Spirochaetaceae	Treponema medium	AM182455	1464	7320	Spirochaetaceae	Treponema isoptericolens	5576.0	1381	109	118	1219	0.9651623119556612	0.9205539358600583	0.8826937002172339	0.7482162036069574	0.80753076
D85437	1381	6905	Spirochaetaceae	Treponema medium	AF033306	1520	7588	Spirochaetaceae	Treponema socranskii subsp. socranskii	5362.0	1381	134	145	1194	0.9660194174757282	0.9021897810218978	0.8645908761766835	0.7053691900688983	0.7765387
D85437	1381	6905	Spirochaetaceae	Treponema medium	AJ543428	1408	7040	Spirochaetaceae	Treponema putidum	5797.0	1326	53	57	1228	0.9676910953506698	0.959909228441755	0.9260935143288085	0.8522209352307889	0.83953655
D85437	1381	6905	Spirochaetaceae	Treponema medium	Y16568	1497	7443	Spirochaetaceae	Treponema brennaborense	5645.0	1364	92	101	1222	0.9675376088677752	0.9321033210332104	0.8958944281524927	0.7771391914537076	0.81752354
D85437	1381	6905	Spirochaetaceae	Treponema medium	X87140	1494	7464	Spirochaetaceae	Treponema maltophilum	5698.0	1381	102	104	1236	0.9678935003915426	0.9260333575054387	0.8950036205648081	0.7706807980183816	0.8251991
D85437	1381	6905	Spirochaetaceae	Treponema medium	AF302937	1485	7425	Spirochaetaceae	Treponema parvum	5522.0	1381	121	124	1215	0.9665871121718377	0.9121915820029027	0.8797972483707458	0.7362883762996187	0.79971033
D85437	1381	6905	Spirochaetaceae	Treponema medium	AF033305	1477	7379	Spirochaetaceae	Treponema socranskii subsp. buccale	5376.0	1381	131	142	1196	0.9652945924132365	0.9043795620437957	0.8660391020999276	0.7096709308874407	0.77856624
D85437	1381	6905	Spirochaetaceae	Treponema medium	GU562449	1438	7190	Spirochaetaceae	Treponema pectinovorum	5608.0	1381	109	116	1225	0.9683794466403162	0.9206695778748181	0.8870383779869659	0.7530896296332295	0.8121651
D85437	1381	6905	Spirochaetaceae	Treponema medium	X87139	1479	7371	Spirochaetaceae	Treponema lecithinolyticum	5690.0	1381	100	101	1236	0.965625	0.927536231884058	0.8950036205648081	0.7735345268892332	0.82404053
D85437	1381	6905	Spirochaetaceae	Treponema medium	EF061268	1417	7085	Spirochaetaceae	Treponema pedis	5931.0	1363	67	69	1258	0.9721792890262752	0.9507714915503307	0.9229640498899486	0.8351856507395758	0.8589428
AM182455	1464	7320	Spirochaetaceae	Treponema isoptericolens	AF033306	1520	7588	Spirochaetaceae	Treponema socranskii subsp. socranskii	5718.0	1464	141	143	1271	0.9621498864496594	0.9035567715458276	0.8681693989071039	0.7145493931191802	0.78114754
AM182455	1464	7320	Spirochaetaceae	Treponema isoptericolens	AJ543428	1408	7040	Spirochaetaceae	Treponema putidum	5736.0	1408	109	109	1252	0.9638183217859893	0.9225852272727273	0.8892045454545454	0.7614216905375442	0.8147727
AM182455	1464	7320	Spirochaetaceae	Treponema isoptericolens	Y16568	1497	7443	Spirochaetaceae	Treponema brennaborense	5786.0	1447	130	129	1273	0.9658573596358119	0.9108500345542502	0.8797512093987561	0.7352644857245152	0.79043716
AM182455	1464	7320	Spirochaetaceae	Treponema isoptericolens	X87140	1494	7464	Spirochaetaceae	Treponema maltophilum	5825.0	1464	140	133	1285	0.9654395191585274	0.9091530054644809	0.8777322404371585	0.7283426508864451	0.79576504
AM182455	1464	7320	Spirochaetaceae	Treponema isoptericolens	AF302937	1485	7425	Spirochaetaceae	Treponema parvum	5769.0	1464	155	149	1278	0.9718631178707224	0.898224043715847	0.8729508196721312	0.7090366447614902	0.7881147
AM182455	1464	7320	Spirochaetaceae	Treponema isoptericolens	AF033305	1477	7379	Spirochaetaceae	Treponema socranskii subsp. buccale	5706.0	1464	140	142	1270	0.9606656580937972	0.9042407660738714	0.8674863387978142	0.7149731545453307	0.7795082
AM182455	1464	7320	Spirochaetaceae	Treponema isoptericolens	GU562449	1438	7190	Spirochaetaceae	Treponema pectinovorum	5564.0	1433	140	148	1238	0.9634241245136187	0.9017543859649123	0.8639218422889045	0.7057467052391876	0.7738526
AM182455	1464	7320	Spirochaetaceae	Treponema isoptericolens	X87139	1479	7371	Spirochaetaceae	Treponema lecithinolyticum	5833.0	1464	132	124	1288	0.9611940298507463	0.9153005464480874	0.8797814207650273	0.7386635988879302	0.79685795
AM182455	1464	7320	Spirochaetaceae	Treponema isoptericolens	EF061268	1417	7085	Spirochaetaceae	Treponema pedis	5667.0	1410	123	116	1246	0.9629057187017002	0.9177304964539007	0.8836879432624114	0.7459179377570518	0.79985887
AF033306	1520	7588	Spirochaetaceae	Treponema socranskii subsp. socranskii	AJ543428	1408	7040	Spirochaetaceae	Treponema putidum	5522.0	1409	132	134	1226	0.9615686274509804	0.906183368869936	0.8701206529453513	0.7199246155128637	0.784375
AF033306	1520	7588	Spirochaetaceae	Treponema socranskii subsp. socranskii	Y16568	1497	7443	Spirochaetaceae	Treponema brennaborense	5682.0	1447	135	132	1261	0.9589353612167301	0.9087767795438839	0.8714581893572909	0.7243789627084941	0.76340187
AF033306	1520	7588	Spirochaetaceae	Treponema socranskii subsp. socranskii	X87140	1494	7464	Spirochaetaceae	Treponema maltophilum	5773.0	1471	135	126	1283	0.9539033457249071	0.9143439836845684	0.8721957851801495	0.730450392943525	0.77344584
AF033306	1520	7588	Spirochaetaceae	Treponema socranskii subsp. socranskii	AF302937	1485	7425	Spirochaetaceae	Treponema parvum	6072.0	1477	104	96	1323	0.9580014482259233	0.9350033852403521	0.8957345971563981	0.7824221876489473	0.81777775
AF033306	1520	7588	Spirochaetaceae	Treponema socranskii subsp. socranskii	AF033305	1477	7379	Spirochaetaceae	Treponema socranskii subsp. buccale	7231.0	1477	8	8	1459	0.9931926480599047	0.994583615436696	0.987813134732566	0.977170030250599	0.9799431
AF033306	1520	7588	Spirochaetaceae	Treponema socranskii subsp. socranskii	GU562449	1438	7190	Spirochaetaceae	Treponema pectinovorum	5702.0	1444	133	139	1260	0.9655172413793104	0.9075104311543811	0.8725761772853186	0.7220747694085864	0.7930459
AF033306	1520	7588	Spirochaetaceae	Treponema socranskii subsp. socranskii	X87139	1479	7371	Spirochaetaceae	Treponema lecithinolyticum	5759.0	1469	139	129	1280	0.9552238805970149	0.9121851599727706	0.8713410483321987	0.7261175402768323	0.78130513
AF033306	1520	7588	Spirochaetaceae	Treponema socranskii subsp. socranskii	EF061268	1417	7085	Spirochaetaceae	Treponema pedis	5451.0	1407	142	133	1218	0.9560439560439561	0.9054726368159204	0.8656716417910447	0.7119855853078056	0.7693719
AJ543428	1408	7040	Spirochaetaceae	Treponema putidum	Y16568	1497	7443	Spirochaetaceae	Treponema brennaborense	5774.0	1408	104	104	1257	0.963957055214724	0.9261363636363636	0.8927556818181818	0.7699427308802308	0.82017046
AJ543428	1408	7040	Spirochaetaceae	Treponema putidum	X87140	1494	7464	Spirochaetaceae	Treponema maltophilum	5808.0	1408	93	86	1264	0.9561270801815431	0.9389204545454546	0.8977272727272727	0.7906698564593301	0.825
AJ543428	1408	7040	Spirochaetaceae	Treponema putidum	AF302937	1485	7425	Spirochaetaceae	Treponema parvum	5668.0	1408	111	110	1245	0.9591679506933745	0.921875	0.8842329545454546	0.7555855003291639	0.8051136
AJ543428	1408	7040	Spirochaetaceae	Treponema putidum	AF033305	1477	7379	Spirochaetaceae	Treponema socranskii subsp. buccale	5539.0	1407	127	125	1229	0.9586583463338534	0.9111584932480455	0.8734896943852167	0.7299959505879061	0.7867898
AJ543428	1408	7040	Spirochaetaceae	Treponema putidum	GU562449	1438	7190	Spirochaetaceae	Treponema pectinovorum	5528.0	1374	112	110	1214	0.9604430379746836	0.9199417758369723	0.883551673944687	0.7515540483621026	0.7852273
AJ543428	1408	7040	Spirochaetaceae	Treponema putidum	X87139	1479	7371	Spirochaetaceae	Treponema lecithinolyticum	5765.0	1408	82	76	1260	0.9459459459459459	0.9460227272727273	0.8948863636363636	0.7999923733984138	0.81889206
AJ543428	1408	7040	Spirochaetaceae	Treponema putidum	EF061268	1417	7085	Spirochaetaceae	Treponema pedis	6496.0	1376	22	19	1332	0.9815770081061165	0.9861918604651163	0.9680232558139535	0.9396334464517418	0.9227273
Y16568	1497	7443	Spirochaetaceae	Treponema brennaborense	X87140	1494	7464	Spirochaetaceae	Treponema maltophilum	6241.0	1465	102	98	1334	0.9758595464520848	0.9331058020477816	0.910580204778157	0.7943606508817745	0.838506
Y16568	1497	7443	Spirochaetaceae	Treponema brennaborense	AF302937	1485	7425	Spirochaetaceae	Treponema parvum	6121.0	1450	89	84	1317	0.9641288433382138	0.9420689655172414	0.9082758620689655	0.8061759763393157	0.8243771
Y16568	1497	7443	Spirochaetaceae	Treponema brennaborense	AF033305	1477	7379	Spirochaetaceae	Treponema socranskii subsp. buccale	5679.0	1450	129	132	1261	0.956752655538695	0.9108500345542502	0.8696551724137931	0.7259059640540717	0.7696165
Y16568	1497	7443	Spirochaetaceae	Treponema brennaborense	GU562449	1438	7190	Spirochaetaceae	Treponema pectinovorum	5926.0	1408	89	89	1275	0.9666413949962093	0.9367897727272727	0.9055397727272727	0.7978670408999818	0.8242003
Y16568	1497	7443	Spirochaetaceae	Treponema brennaborense	X87139	1479	7371	Spirochaetaceae	Treponema lecithinolyticum	6205.0	1448	88	82	1324	0.9692532942898975	0.9433701657458563	0.914364640883978	0.8131654293278086	0.8418125
Y16568	1497	7443	Spirochaetaceae	Treponema brennaborense	EF061268	1417	7085	Spirochaetaceae	Treponema pedis	5742.0	1411	110	104	1256	0.9609793420045907	0.926293408929837	0.890148830616584	0.7649076407730936	0.8104446
X87140	1494	7464	Spirochaetaceae	Treponema maltophilum	AF302937	1485	7425	Spirochaetaceae	Treponema parvum	6171.0	1480	96	97	1333	0.9638467100506146	0.9350912778904665	0.9006756756756756	0.7903771950884895	0.83111113
X87140	1494	7464	Spirochaetaceae	Treponema maltophilum	AF033305	1477	7379	Spirochaetaceae	Treponema socranskii subsp. buccale	5797.0	1480	120	129	1286	0.9518874907475944	0.9184228416043508	0.8689189189189189	0.7336934121621621	0.7856078
X87140	1494	7464	Spirochaetaceae	Treponema maltophilum	GU562449	1438	7190	Spirochaetaceae	Treponema pectinovorum	5949.0	1438	105	112	1287	0.9705882352941176	0.9266247379454927	0.8949930458970793	0.7691255857806397	0.8273992
X87140	1494	7464	Spirochaetaceae	Treponema maltophilum	X87139	1479	7371	Spirochaetaceae	Treponema lecithinolyticum	6973.0	1478	24	23	1430	0.9828178694158075	0.9844384303112313	0.9675236806495264	0.9372483058222776	0.9460046
X87140	1494	7464	Spirochaetaceae	Treponema maltophilum	EF061268	1417	7085	Spirochaetaceae	Treponema pedis	5749.0	1415	104	104	1257	0.9588100686498856	0.9265017667844523	0.888339222614841	0.7666969854167588	0.8114326
AF302937	1485	7425	Spirochaetaceae	Treponema parvum	AF033305	1477	7379	Spirochaetaceae	Treponema socranskii subsp. buccale	6081.0	1485	86	94	1325	0.9525521207764198	0.9417738659444821	0.8922558922558923	0.790024154123454	0.8240954
AF302937	1485	7425	Spirochaetaceae	Treponema parvum	GU562449	1438	7190	Spirochaetaceae	Treponema pectinovorum	6075.0	1443	94	99	1307	0.9724702380952381	0.9346314325452016	0.9057519057519058	0.7920172812820828	0.8449235
AF302937	1485	7425	Spirochaetaceae	Treponema parvum	X87139	1479	7371	Spirochaetaceae	Treponema lecithinolyticum	6132.0	1477	101	99	1327	0.9629898403483309	0.932972241029113	0.8984427894380501	0.7845717134636457	0.8319088
AF302937	1485	7425	Spirochaetaceae	Treponema parvum	EF061268	1417	7085	Spirochaetaceae	Treponema pedis	5663.0	1416	111	110	1248	0.9555895865237366	0.922316384180791	0.8813559322033898	0.7537988522970708	0.7992943
AF033305	1477	7379	Spirochaetaceae	Treponema socranskii subsp. buccale	GU562449	1438	7190	Spirochaetaceae	Treponema pectinovorum	5727.0	1444	125	131	1264	0.9626808834729627	0.9130737134909597	0.8753462603878116	0.7325236710574867	0.796523
AF033305	1477	7379	Spirochaetaceae	Treponema socranskii subsp. buccale	X87139	1479	7371	Spirochaetaceae	Treponema lecithinolyticum	5788.0	1469	133	123	1284	0.9539375928677564	0.9162695711368277	0.8740639891082369	0.7343883454055474	0.78523946
AF033305	1477	7379	Spirochaetaceae	Treponema socranskii subsp. buccale	EF061268	1417	7085	Spirochaetaceae	Treponema pedis	5484.0	1407	135	126	1223	0.9547228727556596	0.9104477611940298	0.8692253020611229	0.7220996186383258	0.7740296
GU562449	1438	7190	Spirochaetaceae	Treponema pectinovorum	X87139	1479	7371	Spirochaetaceae	Treponema lecithinolyticum	5897.0	1431	112	104	1282	0.9660889223813113	0.9273235499650594	0.8958770090845563	0.7704658399580079	0.8201669
GU562449	1438	7190	Spirochaetaceae	Treponema pectinovorum	EF061268	1417	7085	Spirochaetaceae	Treponema pedis	5619.0	1407	133	125	1238	0.9656786271450858	0.9111584932480455	0.8798862828713575	0.7324767627539482	0.79308397
X87139	1479	7371	Spirochaetaceae	Treponema lecithinolyticum	EF061268	1417	7085	Spirochaetaceae	Treponema pedis	5734.0	1415	91	90	1257	0.9486792452830188	0.9363957597173145	0.888339222614841	0.7815733532301887	0.80931544
