AB300597	1475	7375	Comamonadaceae	Variovorax boronicumulans	DQ432053	1478	7390	Comamonadaceae	Variovorax soli	7100.0	1467	7	8	1440	0.9869773817683345	0.995225102319236	0.9815950920245399	0.971605996786841	0.9627119
AB300597	1475	7375	Comamonadaceae	Variovorax boronicumulans	HQ385753	1440	7200	Comamonadaceae	Variovorax defluvii	6865.0	1429	10	10	1397	0.9844961240310077	0.9930020993701889	0.9776067179846046	0.9640194112718234	0.9534722
AB300597	1475	7375	Comamonadaceae	Variovorax boronicumulans	AJ420329	1483	7403	Comamonadaceae	Variovorax paradoxus	7183.0	1468	4	3	1450	0.9897610921501706	0.9979564032697548	0.9877384196185286	0.9830412939817557	0.9739661
AB300597	1475	7375	Comamonadaceae	Variovorax boronicumulans	AB245358	1492	7460	Comamonadaceae	Variovorax ginsengisoli	7251.0	1471	5	5	1459	0.995225102319236	0.9966009517335146	0.9918422841604351	0.9851224854872614	0.9831864
AB300597	1475	7375	Comamonadaceae	Variovorax boronicumulans	KT301941	1502	7510	Comamonadaceae	Variovorax humicola	7075.0	1473	20	18	1439	0.9890034364261169	0.9877800407331976	0.9769178547182621	0.9520532341695053	0.95932204
AB300597	1475	7375	Comamonadaceae	Variovorax boronicumulans	KR349468	1437	7179	Comamonadaceae	Variovorax gossypii	6976.0	1429	0	3	1409	0.988078541374474	1.0	0.9860041987403779	0.9839342109193694	0.9717231
AB300597	1475	7375	Comamonadaceae	Variovorax boronicumulans	DQ178978	1486	7424	Comamonadaceae	Variovorax dokdonensis	7016.0	1475	18	20	1432	0.9841924398625429	0.9877800407331976	0.9708474576271187	0.9461373414919341	0.951322
AB300597	1475	7375	Comamonadaceae	Variovorax boronicumulans	JF495126	1395	6975	Comamonadaceae	Variovorax guangxiensis	6863.0	1397	1	3	1383	0.9921090387374462	0.9992831541218637	0.9899785254115963	0.9871459688295888	0.9839426
DQ432053	1478	7390	Comamonadaceae	Variovorax soli	HQ385753	1440	7200	Comamonadaceae	Variovorax defluvii	7080.0	1440	7	7	1426	0.9951151430565248	0.9951388888888889	0.9902777777777778	0.9806966520770944	0.98333335
DQ432053	1478	7390	Comamonadaceae	Variovorax soli	AJ420329	1483	7403	Comamonadaceae	Variovorax paradoxus	7057.0	1459	11	11	1431	0.9882596685082873	0.9924605894448252	0.9808087731322824	0.9661300023779217	0.9549391
DQ432053	1478	7390	Comamonadaceae	Variovorax soli	AB245358	1492	7460	Comamonadaceae	Variovorax ginsengisoli	7172.0	1478	11	10	1453	0.9897820163487738	0.993234100135318	0.983085250338295	0.969220381126002	0.97050065
DQ432053	1478	7390	Comamonadaceae	Variovorax soli	KT301941	1502	7510	Comamonadaceae	Variovorax humicola	7198.0	1477	10	15	1454	0.9945280437756497	0.9932065217391305	0.984427894380501	0.9678773245355027	0.97401893
DQ432053	1478	7390	Comamonadaceae	Variovorax soli	KR349468	1437	7179	Comamonadaceae	Variovorax gossypii	7030.0	1440	8	11	1419	0.9930020993701889	0.9944328462073765	0.9854166666666667	0.9724864755985269	0.979245
DQ432053	1478	7390	Comamonadaceae	Variovorax soli	DQ178978	1486	7424	Comamonadaceae	Variovorax dokdonensis	7105.0	1468	7	10	1440	0.9876543209876543	0.995221843003413	0.9809264305177112	0.9696208377592019	0.96143436
DQ432053	1478	7390	Comamonadaceae	Variovorax soli	JF495126	1395	6975	Comamonadaceae	Variovorax guangxiensis	6815.0	1397	6	8	1377	0.9913606911447084	0.9956989247311828	0.9856836077308518	0.975847848280936	0.9770609
HQ385753	1440	7200	Comamonadaceae	Variovorax defluvii	AJ420329	1483	7403	Comamonadaceae	Variovorax paradoxus	6829.0	1422	12	13	1389	0.985805535841022	0.9915552427867699	0.9767932489451476	0.9597640779384331	0.9484722
HQ385753	1440	7200	Comamonadaceae	Variovorax defluvii	AB245358	1492	7460	Comamonadaceae	Variovorax ginsengisoli	6974.0	1440	8	8	1414	0.9874301675977654	0.9944444444444445	0.9819444444444444	0.9710942295887047	0.9686111
HQ385753	1440	7200	Comamonadaceae	Variovorax defluvii	KT301941	1502	7510	Comamonadaceae	Variovorax humicola	6979.0	1440	16	20	1413	0.9950704225352113	0.9888579387186629	0.98125	0.9569883241758241	0.9693056
HQ385753	1440	7200	Comamonadaceae	Variovorax defluvii	KR349468	1437	7179	Comamonadaceae	Variovorax gossypii	6967.0	1440	10	13	1412	0.9894884372810091	0.9930410577592206	0.9805555555555555	0.9650019157088122	0.9704694
HQ385753	1440	7200	Comamonadaceae	Variovorax defluvii	DQ178978	1486	7424	Comamonadaceae	Variovorax dokdonensis	6936.0	1431	6	10	1405	0.9887403237156932	0.9957953749124037	0.9818308874912649	0.970898880393241	0.9633333
HQ385753	1440	7200	Comamonadaceae	Variovorax defluvii	JF495126	1395	6975	Comamonadaceae	Variovorax guangxiensis	6781.0	1397	9	11	1373	0.9906204906204906	0.9935483870967742	0.9828203292770222	0.9688399547496107	0.9721864
AJ420329	1483	7403	Comamonadaceae	Variovorax paradoxus	AB245358	1492	7460	Comamonadaceae	Variovorax ginsengisoli	7115.0	1463	8	7	1440	0.989010989010989	0.9952153110047847	0.9842788790157211	0.9742420447633514	0.9610968
AJ420329	1483	7403	Comamonadaceae	Variovorax paradoxus	KT301941	1502	7510	Comamonadaceae	Variovorax humicola	7038.0	1474	13	24	1432	0.9875862068965517	0.9911141490088858	0.9715061058344641	0.9473327864559333	0.9506957
AJ420329	1483	7403	Comamonadaceae	Variovorax paradoxus	KR349468	1437	7179	Comamonadaceae	Variovorax gossypii	6940.0	1421	3	5	1401	0.989406779661017	0.9978858350951374	0.9859254046446164	0.98038649787695	0.9667085
AJ420329	1483	7403	Comamonadaceae	Variovorax paradoxus	DQ178978	1486	7424	Comamonadaceae	Variovorax dokdonensis	7036.0	1480	18	21	1436	0.9842357779300891	0.987813134732566	0.9702702702702702	0.9450095622992819	0.9504255
AJ420329	1483	7403	Comamonadaceae	Variovorax paradoxus	JF495126	1395	6975	Comamonadaceae	Variovorax guangxiensis	6875.0	1398	2	5	1384	0.9935391241923905	0.9985663082437276	0.9899856938483548	0.9850357653791131	0.98566306
AB245358	1492	7460	Comamonadaceae	Variovorax ginsengisoli	KT301941	1502	7510	Comamonadaceae	Variovorax humicola	7182.0	1487	4	13	1456	0.9877883310719131	0.9972936400541272	0.9791526563550773	0.9679886086300361	0.9627346
AB245358	1492	7460	Comamonadaceae	Variovorax ginsengisoli	KR349468	1437	7179	Comamonadaceae	Variovorax gossypii	7025.0	1440	4	7	1419	0.9902302861130495	0.9972164231036882	0.9854166666666667	0.9779100300092337	0.9785485
AB245358	1492	7460	Comamonadaceae	Variovorax ginsengisoli	DQ178978	1486	7424	Comamonadaceae	Variovorax dokdonensis	7043.0	1473	17	21	1434	0.987603305785124	0.988427501701838	0.9735234215885947	0.9486953074809661	0.94868
AB245358	1492	7460	Comamonadaceae	Variovorax ginsengisoli	JF495126	1395	6975	Comamonadaceae	Variovorax guangxiensis	6857.0	1397	4	6	1382	0.9935298346513299	0.9971326164874552	0.9892627057981389	0.982201587269958	0.9830824
KT301941	1502	7510	Comamonadaceae	Variovorax humicola	KR349468	1437	7179	Comamonadaceae	Variovorax gossypii	6988.0	1436	15	14	1413	0.9936708860759493	0.9902506963788301	0.983983286908078	0.9643171839995086	0.97339463
KT301941	1502	7510	Comamonadaceae	Variovorax humicola	DQ178978	1486	7424	Comamonadaceae	Variovorax dokdonensis	7123.0	1471	25	16	1444	0.9924398625429554	0.9891230455472467	0.981645139360979	0.9547417632153906	0.95945585
KT301941	1502	7510	Comamonadaceae	Variovorax humicola	JF495126	1395	6975	Comamonadaceae	Variovorax guangxiensis	6800.0	1397	10	12	1375	0.9927797833935018	0.992831541218638	0.984251968503937	0.9688621011925748	0.9749104
KR349468	1437	7179	Comamonadaceae	Variovorax gossypii	DQ178978	1486	7424	Comamonadaceae	Variovorax dokdonensis	6843.0	1428	17	18	1392	0.9872340425531915	0.9880868955851436	0.9747899159663865	0.9511790875519758	0.9531968
KR349468	1437	7179	Comamonadaceae	Variovorax gossypii	JF495126	1395	6975	Comamonadaceae	Variovorax guangxiensis	6899.0	1395	3	3	1386	0.9956896551724138	0.9978494623655914	0.9935483870967742	0.9892842309289769	0.9891039
DQ178978	1486	7424	Comamonadaceae	Variovorax dokdonensis	JF495126	1395	6975	Comamonadaceae	Variovorax guangxiensis	6701.0	1393	17	15	1362	0.988388969521045	0.9892318736539842	0.9777458722182341	0.9555558949764018	0.96071684
