EF191199	1418	7090	Micromonosporaceae	Verrucosispora lutea	EU427445	1457	7285	Micromonosporaceae	Verrucosispora qiuiae	6841.0	1418	21	23	1388	0.9949820788530466	0.9851694915254238	0.9788434414668548	0.9489135516652276	0.9648801
EF191199	1418	7090	Micromonosporaceae	Verrucosispora lutea	KT633950	1440	7200	Micromonosporaceae	Verrucosispora sonchi	6757.0	1391	18	19	1367	0.9963556851311953	0.9870503597122302	0.98274622573688	0.9569395469914829	0.95303243
EF191199	1418	7090	Micromonosporaceae	Verrucosispora lutea	JQ423921	1429	7145	Micromonosporaceae	Verrucosispora fiedleri	6791.0	1393	6	11	1372	0.9927641099855282	0.9956772334293948	0.9849246231155779	0.9729562753007353	0.9578279
EF191199	1418	7090	Micromonosporaceae	Verrucosispora lutea	Y15523	1462	7310	Micromonosporaceae	Verrucosispora gifhornensis	6924.0	1418	8	12	1398	0.9943100995732574	0.9943422913719944	0.9858956276445698	0.972068199486862	0.97658676
EF191199	1418	7090	Micromonosporaceae	Verrucosispora lutea	JX524154	1401	7005	Micromonosporaceae	Verrucosispora andamanensis	6737.0	1366	5	6	1355	0.9963235294117647	0.9963369963369964	0.9919472913616398	0.9839885603587383	0.9617416
EF191199	1418	7090	Micromonosporaceae	Verrucosispora lutea	HQ123435	1475	7375	Micromonosporaceae	Verrucosispora wenchangensis	6942.0	1418	6	10	1400	0.9943181818181818	0.9957567185289957	0.9873060648801129	0.9762127383084261	0.9791255
EF191199	1418	7090	Micromonosporaceae	Verrucosispora lutea	EU870859	1458	7290	Micromonosporaceae	Verrucosispora sediminis	6919.0	1412	4	8	1395	0.9935897435897436	0.9971590909090909	0.9879603399433428	0.9795877946895856	0.9758815
EF191199	1418	7090	Micromonosporaceae	Verrucosispora lutea	AY528866	1440	7200	Micromonosporaceae	Verrucosispora maris	6917.0	1418	9	13	1397	0.994306049822064	0.9936350777934936	0.9851904090267983	0.9700017692240026	0.9755994
EU427445	1457	7285	Micromonosporaceae	Verrucosispora qiuiae	KT633950	1440	7200	Micromonosporaceae	Verrucosispora sonchi	6987.0	1416	7	7	1405	0.9971611071682044	0.9950564971751412	0.992231638418079	0.9824696967892294	0.97041667
EU427445	1457	7285	Micromonosporaceae	Verrucosispora qiuiae	JQ423921	1429	7145	Micromonosporaceae	Verrucosispora fiedleri	6707.0	1406	23	26	1367	0.9905797101449275	0.9836065573770492	0.9722617354196301	0.9389231594675225	0.9386984
EU427445	1457	7285	Micromonosporaceae	Verrucosispora qiuiae	Y15523	1462	7310	Micromonosporaceae	Verrucosispora gifhornensis	6970.0	1457	23	25	1419	0.9909217877094972	0.9841924398625429	0.9739190116678106	0.9423324491272329	0.95676047
EU427445	1457	7285	Micromonosporaceae	Verrucosispora qiuiae	JX524154	1401	7005	Micromonosporaceae	Verrucosispora andamanensis	6723.0	1390	21	20	1363	0.9948905109489051	0.9856115107913669	0.9805755395683453	0.9520825579083154	0.959743
EU427445	1457	7285	Micromonosporaceae	Verrucosispora qiuiae	HQ123435	1475	7375	Micromonosporaceae	Verrucosispora wenchangensis	6998.0	1453	20	21	1421	0.99231843575419	0.9862258953168044	0.9779766001376462	0.9507552555309635	0.96060395
EU427445	1457	7285	Micromonosporaceae	Verrucosispora qiuiae	EU870859	1458	7290	Micromonosporaceae	Verrucosispora sediminis	6897.0	1436	20	22	1402	0.9915134370579916	0.9860529986052998	0.9763231197771588	0.94815995286051	0.94673985
EU427445	1457	7285	Micromonosporaceae	Verrucosispora qiuiae	AY528866	1440	7200	Micromonosporaceae	Verrucosispora maris	6833.0	1431	25	27	1392	0.9914529914529915	0.9825052484254724	0.9727463312368972	0.9380053908355794	0.9490278
KT633950	1440	7200	Micromonosporaceae	Verrucosispora sonchi	JQ423921	1429	7145	Micromonosporaceae	Verrucosispora fiedleri	6580.0	1365	17	20	1335	0.9925650557620818	0.9875183553597651	0.978021978021978	0.9518375980025763	0.9209237
KT633950	1440	7200	Micromonosporaceae	Verrucosispora sonchi	Y15523	1462	7310	Micromonosporaceae	Verrucosispora gifhornensis	6863.0	1420	17	19	1391	0.9928622412562456	0.9880112834978844	0.9795774647887324	0.9550369019965305	0.95319444
KT633950	1440	7200	Micromonosporaceae	Verrucosispora sonchi	JX524154	1401	7005	Micromonosporaceae	Verrucosispora andamanensis	6782.0	1401	21	21	1374	0.9956521739130435	0.9850107066381156	0.9807280513918629	0.9517614000849303	0.9681656
KT633950	1440	7200	Micromonosporaceae	Verrucosispora sonchi	HQ123435	1475	7375	Micromonosporaceae	Verrucosispora wenchangensis	6933.0	1439	21	23	1407	0.9936440677966102	0.9853862212943633	0.9777623349548298	0.9482955248603006	0.9629167
KT633950	1440	7200	Micromonosporaceae	Verrucosispora sonchi	EU870859	1458	7290	Micromonosporaceae	Verrucosispora sediminis	6953.0	1440	19	21	1410	0.9936575052854123	0.9867872044506258	0.9791666666666666	0.952321795750514	0.9656944
KT633950	1440	7200	Micromonosporaceae	Verrucosispora sonchi	AY528866	1440	7200	Micromonosporaceae	Verrucosispora maris	6706.0	1390	19	21	1360	0.9934258582907232	0.9863112391930836	0.9784172661870504	0.9506410485522158	0.9313889
JQ423921	1429	7145	Micromonosporaceae	Verrucosispora fiedleri	Y15523	1462	7310	Micromonosporaceae	Verrucosispora gifhornensis	6968.0	1406	5	4	1399	0.9978601997146933	0.9971550497866287	0.9950213371266002	0.9886746383072244	0.9752274
JQ423921	1429	7145	Micromonosporaceae	Verrucosispora fiedleri	JX524154	1401	7005	Micromonosporaceae	Verrucosispora andamanensis	6617.0	1337	5	2	1330	0.9962546816479401	0.9985041136873598	0.9947643979057592	0.9895756119256249	0.944611
JQ423921	1429	7145	Micromonosporaceae	Verrucosispora fiedleri	HQ123435	1475	7375	Micromonosporaceae	Verrucosispora wenchangensis	6887.0	1405	5	9	1388	0.994269340974212	0.9964311206281228	0.9879003558718861	0.9780914161681936	0.96389085
JQ423921	1429	7145	Micromonosporaceae	Verrucosispora fiedleri	EU870859	1458	7290	Micromonosporaceae	Verrucosispora sediminis	6800.0	1382	3	2	1370	0.9927536231884058	0.9985528219971056	0.9913169319826338	0.987738170495332	0.95171446
JQ423921	1429	7145	Micromonosporaceae	Verrucosispora fiedleri	AY528866	1440	7200	Micromonosporaceae	Verrucosispora maris	7007.0	1414	3	2	1407	0.9964589235127479	0.9985855728429985	0.995049504950495	0.9915383916655602	0.9806858
Y15523	1462	7310	Micromonosporaceae	Verrucosispora gifhornensis	JX524154	1401	7005	Micromonosporaceae	Verrucosispora andamanensis	6909.0	1393	6	4	1387	0.9985601151907847	0.9971284996410624	0.9956927494615937	0.988575574697751	0.9862955
Y15523	1462	7310	Micromonosporaceae	Verrucosispora gifhornensis	HQ123435	1475	7375	Micromonosporaceae	Verrucosispora wenchangensis	7170.0	1461	6	11	1444	0.9958620689655172	0.9958791208791209	0.9883641341546886	0.9769106983805715	0.98084813
Y15523	1462	7310	Micromonosporaceae	Verrucosispora gifhornensis	EU870859	1458	7290	Micromonosporaceae	Verrucosispora sediminis	7083.0	1438	4	4	1426	0.9944211994421199	0.9972183588317107	0.9916550764951322	0.9861535226726903	0.97160494
Y15523	1462	7310	Micromonosporaceae	Verrucosispora gifhornensis	AY528866	1440	7200	Micromonosporaceae	Verrucosispora maris	7115.0	1432	0	0	1427	0.9965083798882681	1.0	0.9965083798882681	0.9965083798882681	0.98819447
JX524154	1401	7005	Micromonosporaceae	Verrucosispora andamanensis	HQ123435	1475	7375	Micromonosporaceae	Verrucosispora wenchangensis	6948.0	1401	2	4	1394	0.9978525411596277	0.9985704074338814	0.9950035688793719	0.9907483861186618	0.99186295
JX524154	1401	7005	Micromonosporaceae	Verrucosispora andamanensis	EU870859	1458	7290	Micromonosporaceae	Verrucosispora sediminis	6928.0	1401	1	3	1392	0.9957081545064378	0.9992852037169406	0.9935760171306209	0.990741278137381	0.98900783
JX524154	1401	7005	Micromonosporaceae	Verrucosispora andamanensis	AY528866	1440	7200	Micromonosporaceae	Verrucosispora maris	6743.0	1365	5	7	1355	0.9977908689248896	0.9963316214233309	0.9926739926739927	0.9839790379936365	0.96259815
HQ123435	1475	7375	Micromonosporaceae	Verrucosispora wenchangensis	EU870859	1458	7290	Micromonosporaceae	Verrucosispora sediminis	7195.0	1457	1	1	1447	0.9938186813186813	0.9993136582017845	0.9931365820178449	0.9917742547448438	0.98696846
HQ123435	1475	7375	Micromonosporaceae	Verrucosispora wenchangensis	AY528866	1440	7200	Micromonosporaceae	Verrucosispora maris	7013.0	1426	12	7	1413	0.9957716701902748	0.9950911640953717	0.9908835904628331	0.9777912481688179	0.97402775
EU870859	1458	7290	Micromonosporaceae	Verrucosispora sediminis	AY528866	1440	7200	Micromonosporaceae	Verrucosispora maris	6926.0	1408	5	5	1395	0.9942979330007128	0.9964488636363636	0.9907670454545454	0.983755247539085	0.96194446
