FM205010	1472	7348	Bacillaceae	Virgibacillus salinus	D16275	1491	7449	Bacillaceae	Virgibacillus pantothenticus	6727.0	1464	37	45	1392	0.9809725158562368	0.9745879120879121	0.9508196721311475	0.8988761590633566	0.91548723
FM205010	1472	7348	Bacillaceae	Virgibacillus salinus	AJ012667	1506	7506	Bacillaceae	Virgibacillus proomii	6737.0	1453	37	37	1388	0.980225988700565	0.9745354439091535	0.9552649690295939	0.9078222792925537	0.9168481
FM205010	1472	7348	Bacillaceae	Virgibacillus salinus	FJ746573	1481	7405	Bacillaceae	Virgibacillus subterraneus	7019.0	1447	2	4	1422	0.9854469854469855	0.9986159169550173	0.9827228749136143	0.9786536290547587	0.9552259
FM205010	1472	7348	Bacillaceae	Virgibacillus salinus	DQ664543	1438	7172	Bacillaceae	Virgibacillus xinjiangensis	6682.0	1432	35	35	1374	0.9835361488904796	0.9755586592178771	0.9594972067039106	0.9137134272429196	0.9316788
FM205010	1472	7348	Bacillaceae	Virgibacillus salinus	AY121430	1562	7810	Bacillaceae	Virgibacillus sediminis	6887.0	1472	30	29	1416	0.9812889812889813	0.9802989130434783	0.9619565217391305	0.9241699473166214	0.9372618
FM205010	1472	7348	Bacillaceae	Virgibacillus salinus	AY121439	1562	7810	Bacillaceae	Virgibacillus kekensis	6973.0	1472	20	19	1427	0.9821059876118375	0.9870923913043478	0.9694293478260869	0.9440890364552977	0.9489657
FM205010	1472	7348	Bacillaceae	Virgibacillus salinus	EU213011	1526	7630	Bacillaceae	Virgibacillus soli	6880.0	1470	23	25	1415	0.9792387543252595	0.9843324250681199	0.9625850340136054	0.9316378929334627	0.9363092
FM205010	1472	7348	Bacillaceae	Virgibacillus salinus	AJ315056	1522	7610	Bacillaceae	Virgibacillus necropolis	6995.0	1464	12	11	1427	0.9821059876118375	0.9924863387978142	0.9747267759562842	0.9595379440816266	0.9519597
FM205010	1472	7348	Bacillaceae	Virgibacillus salinus	Y11603	1533	7563	Bacillaceae	Virgibacillus salexigens	6616.0	1465	38	47	1378	0.9717912552891397	0.9739010989010989	0.9406143344709897	0.8874192456951853	0.900381
FM205010	1472	7348	Bacillaceae	Virgibacillus salinus	HE577174	1458	7290	Bacillaceae	Virgibacillus halotolerans	6831.0	1462	24	28	1406	0.9804741980474198	0.9835390946502057	0.9616963064295485	0.928043407415863	0.93703705
FM205010	1472	7348	Bacillaceae	Virgibacillus salinus	GQ889491	1416	7080	Bacillaceae	Virgibacillus jeotgali	6691.0	1417	21	22	1371	0.9827956989247312	0.9851694915254238	0.9675370501058574	0.9386051355338465	0.9450565
FM205010	1472	7348	Bacillaceae	Virgibacillus salinus	AB243851	1519	7583	Bacillaceae	Virgibacillus halophilus	6813.0	1464	27	25	1405	0.9763724808895066	0.9829234972677595	0.9596994535519126	0.9262290500745823	0.9271911
FM205010	1472	7348	Bacillaceae	Virgibacillus salinus	AY822043	1440	7200	Bacillaceae	Virgibacillus dokdonensis	6706.0	1439	34	33	1381	0.9822190611664295	0.9770674079221682	0.9596942321056289	0.9160421523017748	0.9313889
FM205010	1472	7348	Bacillaceae	Virgibacillus salinus	AY543169	1521	7605	Bacillaceae	Virgibacillus halodenitrificans	6934.0	1464	14	13	1420	0.9786354238456237	0.9911202185792349	0.9699453551912568	0.9522264616931756	0.9436581
FM205010	1472	7348	Bacillaceae	Virgibacillus salinus	EF675742	1350	6738	Bacillaceae	Virgibacillus arcticus	6406.0	1349	14	14	1309	0.9805243445692884	0.9896219421793921	0.9703484062268347	0.9504146165171126	0.9507272
FM205010	1472	7348	Bacillaceae	Virgibacillus salinus	LC041942	1446	7230	Bacillaceae	Virgibacillus kapii	6831.0	1445	29	28	1398	0.9865913902611151	0.9806228373702423	0.9674740484429065	0.9300615513185879	0.94481325
FM205010	1472	7348	Bacillaceae	Virgibacillus salinus	KP197672	1558	7790	Bacillaceae	Virgibacillus flavescens	6913.0	1472	24	23	1420	0.9799861973775017	0.984375	0.9646739130434783	0.9343666443850267	0.9408002
FM205010	1472	7348	Bacillaceae	Virgibacillus salinus	KJ144820	1525	7625	Bacillaceae	Virgibacillus oceani	6974.0	1472	14	16	1427	0.9800824175824175	0.9904761904761905	0.9694293478260869	0.9498580958511322	0.9491018
FM205010	1472	7348	Bacillaceae	Virgibacillus salinus	EF101168	1465	7325	Bacillaceae	Virgibacillus chiguensis	6756.0	1464	36	45	1395	0.9830866807610994	0.9752577319587629	0.9528688524590164	0.9014139344262295	0.92232084
FM205010	1472	7348	Bacillaceae	Virgibacillus salinus	AJ316302	1518	7578	Bacillaceae	Virgibacillus carmonensis	7010.0	1464	9	8	1428	0.9807692307692307	0.994535519125683	0.9754098360655737	0.9641525602929228	0.95400107
FM205010	1472	7348	Bacillaceae	Virgibacillus salinus	AB197851	1564	7820	Bacillaceae	Virgibacillus salarius	6955.0	1472	24	24	1424	0.9834254143646409	0.9836956521739131	0.967391304347826	0.9363520111601952	0.94651604
FM205010	1472	7348	Bacillaceae	Virgibacillus salinus	JX435821	1560	7794	Bacillaceae	Virgibacillus natechei	7004.0	1472	26	23	1431	0.9875776397515528	0.984375	0.9721467391304348	0.9403475467289719	0.95318455
FM205010	1472	7348	Bacillaceae	Virgibacillus salinus	GU202420	1458	7290	Bacillaceae	Virgibacillus alimentarius	6652.0	1432	32	29	1374	0.9793300071275838	0.9797486033519553	0.9594972067039106	0.919518156424581	0.91248286
FM205010	1472	7348	Bacillaceae	Virgibacillus salinus	GU586225	1523	7615	Bacillaceae	Virgibacillus campisalis	6812.0	1464	32	29	1406	0.9797909407665505	0.980191256830601	0.9603825136612022	0.9212225314865141	0.927055
FM205010	1472	7348	Bacillaceae	Virgibacillus salinus	AB365482	1524	7614	Bacillaceae	Virgibacillus siamensis	6931.0	1468	27	28	1419	0.9854166666666667	0.9815950920245399	0.9666212534059946	0.9310599363910583	0.9432499
FM205010	1472	7348	Bacillaceae	Virgibacillus salinus	FJ357159	1518	7590	Bacillaceae	Virgibacillus byunsanensis	7003.0	1464	12	14	1427	0.9841379310344828	0.9917920656634747	0.9747267759562842	0.9575567920979757	0.95304847
FM205010	1472	7348	Bacillaceae	Virgibacillus salinus	FJ425909	1497	7461	Bacillaceae	Virgibacillus litoralis	7212.0	1456	2	2	1447	0.9951856946354883	0.9986263736263736	0.9938186813186813	0.9910921554440073	0.98149157
FM205010	1472	7348	Bacillaceae	Virgibacillus salinus	DQ139839	1564	7802	Bacillaceae	Virgibacillus olivae	6946.0	1472	28	25	1423	0.9834139599170698	0.983016304347826	0.9667119565217391	0.9325548007246377	0.9452912
FM205010	1472	7348	Bacillaceae	Virgibacillus salinus	AJ009793	1563	7815	Bacillaceae	Virgibacillus marismortui	6944.0	1472	24	23	1423	0.9820565907522429	0.984375	0.9667119565217391	0.93634065842246	0.94501907
D16275	1491	7449	Bacillaceae	Virgibacillus pantothenticus	AJ012667	1506	7506	Bacillaceae	Virgibacillus proomii	7044.0	1480	30	22	1438	0.9862825788751715	0.9851351351351352	0.9716216216216216	0.9381618041882943	0.9456303
D16275	1491	7449	Bacillaceae	Virgibacillus pantothenticus	FJ746573	1481	7405	Bacillaceae	Virgibacillus subterraneus	6615.0	1474	53	47	1387	0.9719691660826909	0.9681139755766621	0.9409769335142469	0.8793543445480225	0.8933153
D16275	1491	7449	Bacillaceae	Virgibacillus pantothenticus	DQ664543	1438	7172	Bacillaceae	Virgibacillus xinjiangensis	6663.0	1429	36	27	1374	0.9800285306704708	0.9811056682995102	0.9615115465360392	0.9201632684256157	0.9290296
D16275	1491	7449	Bacillaceae	Virgibacillus pantothenticus	AY121430	1562	7810	Bacillaceae	Virgibacillus sediminis	6993.0	1491	37	28	1439	0.9835953520164047	0.9812206572769953	0.9651240778001341	0.9240684069513064	0.9387837
D16275	1491	7449	Bacillaceae	Virgibacillus pantothenticus	AY121439	1562	7810	Bacillaceae	Virgibacillus kekensis	6970.0	1491	38	29	1436	0.9822161422708618	0.9805499664654594	0.9631120053655265	0.9209089286098102	0.93569607
D16275	1491	7449	Bacillaceae	Virgibacillus pantothenticus	EU213011	1526	7630	Bacillaceae	Virgibacillus soli	6875.0	1491	53	47	1423	0.9854570637119113	0.9684775318578136	0.95439302481556	0.8925800050736197	0.9229427
D16275	1491	7449	Bacillaceae	Virgibacillus pantothenticus	AJ315056	1522	7610	Bacillaceae	Virgibacillus necropolis	6922.0	1491	51	42	1429	0.9861973775017253	0.971830985915493	0.9584171696847753	0.9006137995286896	0.92925227
D16275	1491	7449	Bacillaceae	Virgibacillus pantothenticus	Y11603	1533	7563	Bacillaceae	Virgibacillus salexigens	6705.0	1491	47	48	1401	0.9708939708939709	0.9684563758389262	0.9396378269617707	0.8815977791325325	0.9001208
D16275	1491	7449	Bacillaceae	Virgibacillus pantothenticus	HE577174	1458	7290	Bacillaceae	Virgibacillus halotolerans	6622.0	1446	51	47	1374	0.9821300929235168	0.9674965421853389	0.950207468879668	0.8880028383184072	0.90836763
D16275	1491	7449	Bacillaceae	Virgibacillus pantothenticus	GQ889491	1416	7080	Bacillaceae	Virgibacillus jeotgali	6513.0	1410	48	42	1347	0.9846491228070176	0.9702127659574468	0.9553191489361702	0.8963488311006041	0.91991526
D16275	1491	7449	Bacillaceae	Virgibacillus pantothenticus	AB243851	1519	7583	Bacillaceae	Virgibacillus halophilus	6850.0	1491	54	44	1421	0.9820317899101589	0.9704896042924211	0.9530516431924883	0.8925991765045505	0.91958654
D16275	1491	7449	Bacillaceae	Virgibacillus pantothenticus	AY822043	1440	7200	Bacillaceae	Virgibacillus dokdonensis	6982.0	1432	16	8	1413	0.9922752808988764	0.994413407821229	0.986731843575419	0.9703771721349423	0.9697222
D16275	1491	7449	Bacillaceae	Virgibacillus pantothenticus	AY543169	1521	7605	Bacillaceae	Virgibacillus halodenitrificans	7007.0	1491	35	26	1440	0.9829351535836177	0.9825620389000671	0.96579476861167	0.9271882935885299	0.94066316
D16275	1491	7449	Bacillaceae	Virgibacillus pantothenticus	EF675742	1350	6738	Bacillaceae	Virgibacillus arcticus	6240.0	1347	37	34	1288	0.9809596344249809	0.9747587230883444	0.9561989606533037	0.9071454012556269	0.92609084
D16275	1491	7449	Bacillaceae	Virgibacillus pantothenticus	LC041942	1446	7230	Bacillaceae	Virgibacillus kapii	6735.0	1435	36	28	1385	0.984363894811656	0.9804878048780488	0.9651567944250871	0.9231649284541792	0.93153524
D16275	1491	7449	Bacillaceae	Virgibacillus pantothenticus	KP197672	1558	7790	Bacillaceae	Virgibacillus flavescens	6886.0	1491	43	34	1426	0.9787234042553191	0.97719651240778	0.9564050972501676	0.9083978009735948	0.9244194
D16275	1491	7449	Bacillaceae	Virgibacillus pantothenticus	KJ144820	1525	7625	Bacillaceae	Virgibacillus oceani	6973.0	1491	41	35	1435	0.9855769230769231	0.9765258215962441	0.9624413145539906	0.9146961840669781	0.9360988
D16275	1491	7449	Bacillaceae	Virgibacillus pantothenticus	EF101168	1465	7325	Bacillaceae	Virgibacillus chiguensis	7066.0	1467	18	21	1435	0.9923928077455049	0.9877049180327869	0.978186775732788	0.9524970220266743	0.96464163
D16275	1491	7449	Bacillaceae	Virgibacillus pantothenticus	AJ316302	1518	7578	Bacillaceae	Virgibacillus carmonensis	6914.0	1491	50	41	1427	0.9841379310344828	0.9725016767270288	0.9570757880617036	0.9005580095324272	0.92817825
D16275	1491	7449	Bacillaceae	Virgibacillus pantothenticus	AB197851	1564	7820	Bacillaceae	Virgibacillus salarius	7074.0	1491	30	22	1448	0.9857045609257998	0.9852448021462106	0.9711602951039571	0.9379582337328817	0.9496577
D16275	1491	7449	Bacillaceae	Virgibacillus pantothenticus	JX435821	1560	7794	Bacillaceae	Virgibacillus natechei	6835.0	1491	57	46	1419	0.9820069204152249	0.9691482226693494	0.9517102615694165	0.888385870780237	0.91757286
D16275	1491	7449	Bacillaceae	Virgibacillus pantothenticus	GU202420	1458	7290	Bacillaceae	Virgibacillus alimentarius	6739.0	1447	44	33	1390	0.983026874115983	0.9771941948859709	0.9606081548030407	0.9109992829587522	0.924417
D16275	1491	7449	Bacillaceae	Virgibacillus pantothenticus	GU586225	1523	7615	Bacillaceae	Virgibacillus campisalis	6959.0	1491	44	33	1434	0.9835390946502057	0.9778672032193159	0.9617706237424547	0.9135254523885987	0.93421936
D16275	1491	7449	Bacillaceae	Virgibacillus pantothenticus	AB365482	1524	7614	Bacillaceae	Virgibacillus siamensis	6798.0	1491	51	44	1415	0.9778852798894264	0.9704896042924211	0.9490274983232729	0.89055952663669	0.9126057
D16275	1491	7449	Bacillaceae	Virgibacillus pantothenticus	FJ357159	1518	7590	Bacillaceae	Virgibacillus byunsanensis	6923.0	1491	42	36	1429	0.9821305841924398	0.9758551307847082	0.9584171696847753	0.9096523039082505	0.9293865
D16275	1491	7449	Bacillaceae	Virgibacillus pantothenticus	FJ425909	1497	7461	Bacillaceae	Virgibacillus litoralis	6849.0	1483	46	38	1417	0.9806228373702423	0.9743762643290627	0.9554956169925826	0.903002725019151	0.91945225
D16275	1491	7449	Bacillaceae	Virgibacillus pantothenticus	DQ139839	1564	7802	Bacillaceae	Virgibacillus olivae	7072.0	1491	32	21	1448	0.9850340136054422	0.9859154929577465	0.9711602951039571	0.9373641718994201	0.94938916
D16275	1491	7449	Bacillaceae	Virgibacillus pantothenticus	AJ009793	1563	7815	Bacillaceae	Virgibacillus marismortui	7072.0	1491	30	21	1448	0.9850340136054422	0.9859154929577465	0.9711602951039571	0.9385967349130945	0.94938916
AJ012667	1506	7506	Bacillaceae	Virgibacillus proomii	FJ746573	1481	7405	Bacillaceae	Virgibacillus subterraneus	6696.0	1483	42	44	1396	0.9701181375955524	0.9716407832545577	0.9413351314902225	0.8882500027635607	0.9042539
AJ012667	1506	7506	Bacillaceae	Virgibacillus proomii	DQ664543	1438	7172	Bacillaceae	Virgibacillus xinjiangensis	6775.0	1437	21	20	1387	0.9788285109386027	0.9860821155184412	0.965205288796103	0.9380630275885309	0.9446458
AJ012667	1506	7506	Bacillaceae	Virgibacillus proomii	AY121430	1562	7810	Bacillaceae	Virgibacillus sediminis	7129.0	1506	23	22	1457	0.9818059299191375	0.9853917662682603	0.9674634794156707	0.9389900611202454	0.9497735
AJ012667	1506	7506	Bacillaceae	Virgibacillus proomii	AY121439	1562	7810	Bacillaceae	Virgibacillus kekensis	7089.0	1506	20	19	1453	0.9771351714862139	0.9873837981407703	0.9648074369189907	0.9401498418732236	0.9444444
AJ012667	1506	7506	Bacillaceae	Virgibacillus proomii	EU213011	1526	7630	Bacillaceae	Virgibacillus soli	7004.0	1506	28	30	1442	0.9769647696476965	0.9813829787234043	0.9575033200531209	0.9213004565830549	0.9331202
AJ012667	1506	7506	Bacillaceae	Virgibacillus proomii	AJ315056	1522	7610	Bacillaceae	Virgibacillus necropolis	7044.0	1506	30	29	1447	0.97968855788761	0.9807436918990704	0.9608233731739708	0.923916746209606	0.93844926
AJ012667	1506	7506	Bacillaceae	Virgibacillus proomii	Y11603	1533	7563	Bacillaceae	Virgibacillus salexigens	6828.0	1506	41	50	1418	0.9739010989010989	0.9726118904475618	0.9415670650730412	0.8861807671275682	0.90967226
AJ012667	1506	7506	Bacillaceae	Virgibacillus proomii	HE577174	1458	7290	Bacillaceae	Virgibacillus halotolerans	6601.0	1437	40	39	1367	0.9778254649499285	0.9728601252609603	0.9512874043145442	0.9004060874960953	0.90548694
AJ012667	1506	7506	Bacillaceae	Virgibacillus proomii	GQ889491	1416	7080	Bacillaceae	Virgibacillus jeotgali	6548.0	1418	37	39	1352	0.9804205946337926	0.9738700564971752	0.9534555712270804	0.9036530809086898	0.92485875
AJ012667	1506	7506	Bacillaceae	Virgibacillus proomii	AB243851	1519	7583	Bacillaceae	Virgibacillus halophilus	6984.0	1506	38	36	1440	0.9795918367346939	0.9760956175298805	0.9561752988047809	0.9103482443283859	0.9304556
AJ012667	1506	7506	Bacillaceae	Virgibacillus proomii	AY822043	1440	7200	Bacillaceae	Virgibacillus dokdonensis	6835.0	1429	20	20	1391	0.9872249822569198	0.9860041987403779	0.9734079776067179	0.9465368119032889	0.94930553
AJ012667	1506	7506	Bacillaceae	Virgibacillus proomii	AY543169	1521	7605	Bacillaceae	Virgibacillus halodenitrificans	7078.0	1506	26	25	1451	0.9797434166103984	0.9833997343957503	0.9634794156706508	0.9314053620158185	0.942979
AJ012667	1506	7506	Bacillaceae	Virgibacillus proomii	EF675742	1350	6738	Bacillaceae	Virgibacillus arcticus	6202.0	1348	35	33	1282	0.9749049429657795	0.9755192878338279	0.9510385756676558	0.9042774598719937	0.92045116
AJ012667	1506	7506	Bacillaceae	Virgibacillus proomii	LC041942	1446	7230	Bacillaceae	Virgibacillus kapii	6789.0	1432	21	21	1387	0.9829907866761163	0.9853351955307262	0.9685754189944135	0.9405780565733773	0.9390041
AJ012667	1506	7506	Bacillaceae	Virgibacillus proomii	KP197672	1558	7790	Bacillaceae	Virgibacillus flavescens	7024.0	1506	30	29	1445	0.9783344617467841	0.9807436918990704	0.9594953519256308	0.9226397361941125	0.9357847
AJ012667	1506	7506	Bacillaceae	Virgibacillus proomii	KJ144820	1525	7625	Bacillaceae	Virgibacillus oceani	7016.0	1498	27	31	1440	0.9815950920245399	0.9819277108433735	0.9612817089452603	0.9247214865722602	0.9347189
AJ012667	1506	7506	Bacillaceae	Virgibacillus proomii	EF101168	1465	7325	Bacillaceae	Virgibacillus chiguensis	6961.0	1463	28	27	1420	0.9888579387186629	0.9815447710184553	0.9706083390293917	0.9348045438271002	0.9503072
AJ012667	1506	7506	Bacillaceae	Virgibacillus proomii	AJ316302	1518	7578	Bacillaceae	Virgibacillus carmonensis	7036.0	1506	30	29	1445	0.9783344617467841	0.9807436918990704	0.9594953519256308	0.9226397361941125	0.9373834
AJ012667	1506	7506	Bacillaceae	Virgibacillus proomii	AB197851	1564	7820	Bacillaceae	Virgibacillus salarius	7188.0	1506	18	18	1464	0.9838709677419355	0.9880478087649402	0.9721115537848606	0.9491482887348245	0.9576339
AJ012667	1506	7506	Bacillaceae	Virgibacillus proomii	JX435821	1560	7794	Bacillaceae	Virgibacillus natechei	6912.0	1506	46	43	1431	0.9781271360218728	0.9714475431606906	0.950199203187251	0.8957096870250955	0.92086333
AJ012667	1506	7506	Bacillaceae	Virgibacillus proomii	GU202420	1458	7290	Bacillaceae	Virgibacillus alimentarius	6763.0	1455	42	39	1393	0.9837570621468926	0.9731958762886598	0.9573883161512028	0.9055857419305967	0.92770916
AJ012667	1506	7506	Bacillaceae	Virgibacillus proomii	GU586225	1523	7615	Bacillaceae	Virgibacillus campisalis	7014.0	1506	42	39	1443	0.983640081799591	0.9741035856573705	0.9581673306772909	0.9080306680255722	0.9344524
AJ012667	1506	7506	Bacillaceae	Virgibacillus proomii	AB365482	1524	7614	Bacillaceae	Virgibacillus siamensis	6926.0	1506	39	40	1432	0.9768076398362893	0.9740863787375416	0.950863213811421	0.9022430235906429	0.9227285
AJ012667	1506	7506	Bacillaceae	Virgibacillus proomii	FJ357159	1518	7590	Bacillaceae	Virgibacillus byunsanensis	7022.0	1506	32	34	1443	0.9802989130434783	0.9787234042553191	0.9581673306772909	0.917049616877095	0.93551826
AJ012667	1506	7506	Bacillaceae	Virgibacillus proomii	FJ425909	1497	7461	Bacillaceae	Virgibacillus litoralis	6941.0	1494	28	28	1429	0.9747612551159618	0.9812583668005355	0.9564926372155288	0.9212997412338798	0.9303042
AJ012667	1506	7506	Bacillaceae	Virgibacillus proomii	DQ139839	1564	7802	Bacillaceae	Virgibacillus olivae	7196.0	1506	21	18	1465	0.9845430107526881	0.9880478087649402	0.9727755644090306	0.947930608932965	0.9586997
AJ012667	1506	7506	Bacillaceae	Virgibacillus proomii	AJ009793	1563	7815	Bacillaceae	Virgibacillus marismortui	7178.0	1506	19	18	1463	0.9831989247311828	0.9880478087649402	0.9714475431606906	0.9478779962118737	0.9563016
FJ746573	1481	7405	Bacillaceae	Virgibacillus subterraneus	DQ664543	1438	7172	Bacillaceae	Virgibacillus xinjiangensis	6525.0	1437	40	39	1359	0.9721030042918455	0.9728601252609603	0.9457202505219207	0.8951367029313778	0.9097881
FJ746573	1481	7405	Bacillaceae	Virgibacillus subterraneus	AY121430	1562	7810	Bacillaceae	Virgibacillus sediminis	6746.0	1481	36	33	1405	0.9703038674033149	0.9777177582714383	0.9486833220796759	0.9055329270740743	0.9110061
FJ746573	1481	7405	Bacillaceae	Virgibacillus subterraneus	AY121439	1562	7810	Bacillaceae	Virgibacillus kekensis	6841.0	1481	26	23	1417	0.9718792866941015	0.9844699527346388	0.9567859554355166	0.9256761267584493	0.9238352
FJ746573	1481	7405	Bacillaceae	Virgibacillus subterraneus	EU213011	1526	7630	Bacillaceae	Virgibacillus soli	6767.0	1481	29	29	1408	0.9696969696969697	0.9804186360567184	0.950708980418636	0.9141916818330196	0.913842
FJ746573	1481	7405	Bacillaceae	Virgibacillus subterraneus	AJ315056	1522	7610	Bacillaceae	Virgibacillus necropolis	6915.0	1481	21	18	1426	0.9747095010252905	0.987846049966239	0.962862930452397	0.9378618290624878	0.9338285
FJ746573	1481	7405	Bacillaceae	Virgibacillus subterraneus	Y11603	1533	7563	Bacillaceae	Virgibacillus salexigens	6527.0	1481	45	52	1376	0.9629111266620014	0.9694708276797829	0.9291019581363943	0.8700437078485631	0.88143146
FJ746573	1481	7405	Bacillaceae	Virgibacillus subterraneus	HE577174	1458	7290	Bacillaceae	Virgibacillus halotolerans	6536.0	1435	29	31	1362	0.9700854700854701	0.9797627355198884	0.9491289198606272	0.910230193636831	0.8965706
FJ746573	1481	7405	Bacillaceae	Virgibacillus subterraneus	GQ889491	1416	7080	Bacillaceae	Virgibacillus jeotgali	6523.0	1417	30	31	1352	0.9754689754689755	0.9788135593220338	0.9541284403669725	0.9139060251199889	0.9213277
FJ746573	1481	7405	Bacillaceae	Virgibacillus subterraneus	AB243851	1519	7583	Bacillaceae	Virgibacillus halophilus	6714.0	1481	35	31	1402	0.9668965517241379	0.9790681971640783	0.9466576637407157	0.9054443353720565	0.9066847
FJ746573	1481	7405	Bacillaceae	Virgibacillus subterraneus	AY822043	1440	7200	Bacillaceae	Virgibacillus dokdonensis	6436.0	1420	42	39	1343	0.9724837074583635	0.9725352112676057	0.9457746478873239	0.8933753684900098	0.8938889
FJ746573	1481	7405	Bacillaceae	Virgibacillus subterraneus	AY543169	1521	7605	Bacillaceae	Virgibacillus halodenitrificans	6839.0	1481	23	20	1417	0.9698836413415469	0.986495611073599	0.9567859554355166	0.9294310378266555	0.92356515
FJ746573	1481	7405	Bacillaceae	Virgibacillus subterraneus	EF675742	1350	6738	Bacillaceae	Virgibacillus arcticus	6250.0	1350	21	21	1292	0.9721595184349134	0.9844444444444445	0.957037037037037	0.9277186157711322	0.92757493
FJ746573	1481	7405	Bacillaceae	Virgibacillus subterraneus	LC041942	1446	7230	Bacillaceae	Virgibacillus kapii	6553.0	1423	34	31	1358	0.9755747126436781	0.9782150386507379	0.9543218552354181	0.9117474416525065	0.90636235
FJ746573	1481	7405	Bacillaceae	Virgibacillus subterraneus	KP197672	1558	7790	Bacillaceae	Virgibacillus flavescens	6785.0	1481	32	29	1410	0.9710743801652892	0.9804186360567184	0.9520594193112761	0.9136750012161091	0.91627276
FJ746573	1481	7405	Bacillaceae	Virgibacillus subterraneus	KJ144820	1525	7625	Bacillaceae	Virgibacillus oceani	6842.0	1481	20	20	1417	0.9698836413415469	0.986495611073599	0.9567859554355166	0.9312886614865356	0.9239703
FJ746573	1481	7405	Bacillaceae	Virgibacillus subterraneus	EF101168	1465	7325	Bacillaceae	Virgibacillus chiguensis	6579.0	1460	42	48	1374	0.9730878186968839	0.9711141678129298	0.9410958904109589	0.8847053244076392	0.898157
FJ746573	1481	7405	Bacillaceae	Virgibacillus subterraneus	AJ316302	1518	7578	Bacillaceae	Virgibacillus carmonensis	6930.0	1481	18	15	1427	0.9733969986357435	0.9898717083051992	0.9635381498987171	0.9423261692805331	0.93585414
FJ746573	1481	7405	Bacillaceae	Virgibacillus subterraneus	AB197851	1564	7820	Bacillaceae	Virgibacillus salarius	6814.0	1481	30	28	1413	0.9724707501720579	0.9810938555030385	0.9540850776502363	0.9174623546166734	0.9201891
FJ746573	1481	7405	Bacillaceae	Virgibacillus subterraneus	JX435821	1560	7794	Bacillaceae	Virgibacillus natechei	6871.0	1481	30	25	1421	0.9759615384615384	0.9831195138419987	0.9594868332207968	0.924561766492045	0.92788655
FJ746573	1481	7405	Bacillaceae	Virgibacillus subterraneus	GU202420	1458	7290	Bacillaceae	Virgibacillus alimentarius	6609.0	1455	42	39	1379	0.9738700564971752	0.9731958762886598	0.947766323024055	0.896484377690088	0.9065844
FJ746573	1481	7405	Bacillaceae	Virgibacillus subterraneus	GU586225	1523	7615	Bacillaceae	Virgibacillus campisalis	6735.0	1481	44	39	1405	0.9743411927877947	0.9736664415935179	0.9486833220796759	0.8970500658615689	0.90952057
FJ746573	1481	7405	Bacillaceae	Virgibacillus subterraneus	AB365482	1524	7614	Bacillaceae	Virgibacillus siamensis	6818.0	1481	31	30	1413	0.9738111647139903	0.9797434166103984	0.9540850776502363	0.9155935500466224	0.9207292
FJ746573	1481	7405	Bacillaceae	Virgibacillus subterraneus	FJ357159	1518	7590	Bacillaceae	Virgibacillus byunsanensis	6922.0	1481	20	20	1426	0.9760438056125941	0.986495611073599	0.962862930452397	0.9372036917994351	0.9347738
FJ746573	1481	7405	Bacillaceae	Virgibacillus subterraneus	FJ425909	1497	7461	Bacillaceae	Virgibacillus litoralis	7157.0	1481	7	4	1453	0.983750846310088	0.9972991222147198	0.9810938555030385	0.973841145549723	0.9665091
FJ746573	1481	7405	Bacillaceae	Virgibacillus subterraneus	DQ139839	1564	7802	Bacillaceae	Virgibacillus olivae	6807.0	1481	33	28	1412	0.9717825189263593	0.9810938555030385	0.9534098582039163	0.914996383071526	0.91924375
FJ746573	1481	7405	Bacillaceae	Virgibacillus subterraneus	AJ009793	1563	7815	Bacillaceae	Virgibacillus marismortui	6803.0	1481	30	27	1412	0.9711141678129298	0.9817690749493585	0.9534098582039163	0.9174440329771637	0.91870356
DQ664543	1438	7172	Bacillaceae	Virgibacillus xinjiangensis	AY121430	1562	7810	Bacillaceae	Virgibacillus sediminis	7060.0	1438	6	6	1422	0.9930167597765364	0.9958275382475661	0.9888734353268428	0.9806556505457333	0.9843837
DQ664543	1438	7172	Bacillaceae	Virgibacillus xinjiangensis	AY121439	1562	7810	Bacillaceae	Virgibacillus kekensis	6877.0	1438	20	20	1401	0.9880112834978844	0.9860917941585535	0.9742698191933241	0.9475408803951534	0.95886785
DQ664543	1438	7172	Bacillaceae	Virgibacillus xinjiangensis	EU213011	1526	7630	Bacillaceae	Virgibacillus soli	6606.0	1438	27	30	1369	0.9723011363636364	0.981184668989547	0.9520166898470097	0.9149757674434059	0.92108196
DQ664543	1438	7172	Bacillaceae	Virgibacillus xinjiangensis	AJ315056	1522	7610	Bacillaceae	Virgibacillus necropolis	6755.0	1438	30	30	1386	0.984375	0.9791376912378303	0.9638386648122392	0.9244447139343548	0.9418572
DQ664543	1438	7172	Bacillaceae	Virgibacillus xinjiangensis	Y11603	1533	7563	Bacillaceae	Virgibacillus salexigens	6558.0	1438	31	41	1360	0.9735146743020758	0.9782913165266106	0.9457579972183588	0.8994036229503386	0.9143893
DQ664543	1438	7172	Bacillaceae	Virgibacillus xinjiangensis	HE577174	1458	7290	Bacillaceae	Virgibacillus halotolerans	6537.0	1421	42	45	1353	0.9832848837209303	0.9703808180535967	0.952146375791696	0.8955252310932151	0.91146123
DQ664543	1438	7172	Bacillaceae	Virgibacillus xinjiangensis	GQ889491	1416	7080	Bacillaceae	Virgibacillus jeotgali	6574.0	1414	37	40	1354	0.9854439592430859	0.9737774627923459	0.9575671852899575	0.9067521106742947	0.92853105
DQ664543	1438	7172	Bacillaceae	Virgibacillus xinjiangensis	AB243851	1519	7583	Bacillaceae	Virgibacillus halophilus	6678.0	1438	36	35	1377	0.9814682822523164	0.9756606397774688	0.9575799721835884	0.9114550210132798	0.93112105
DQ664543	1438	7172	Bacillaceae	Virgibacillus xinjiangensis	AY822043	1440	7200	Bacillaceae	Virgibacillus dokdonensis	6626.0	1409	17	18	1360	0.9777138749101366	0.9879261363636364	0.9652235628105039	0.9415329424049165	0.9238706
DQ664543	1438	7172	Bacillaceae	Virgibacillus xinjiangensis	AY543169	1521	7605	Bacillaceae	Virgibacillus halodenitrificans	6778.0	1438	24	24	1389	0.9823196605374823	0.9833101529902643	0.9659248956884562	0.9342119032171525	0.9450641
DQ664543	1438	7172	Bacillaceae	Virgibacillus xinjiangensis	EF675742	1350	6738	Bacillaceae	Virgibacillus arcticus	6271.0	1348	29	27	1292	0.9780469341408025	0.9799703264094956	0.9584569732937686	0.9194783309521193	0.9306916
DQ664543	1438	7172	Bacillaceae	Virgibacillus xinjiangensis	LC041942	1446	7230	Bacillaceae	Virgibacillus kapii	6731.0	1412	16	17	1373	0.9842293906810036	0.9886605244507441	0.9723796033994334	0.9499086461780178	0.9385109
DQ664543	1438	7172	Bacillaceae	Virgibacillus xinjiangensis	KP197672	1558	7790	Bacillaceae	Virgibacillus flavescens	6733.0	1438	26	26	1384	0.9801699716713881	0.9819193324061196	0.9624478442280946	0.9282625382855667	0.9387897
DQ664543	1438	7172	Bacillaceae	Virgibacillus xinjiangensis	KJ144820	1525	7625	Bacillaceae	Virgibacillus oceani	6750.0	1438	34	37	1384	0.9878658101356174	0.9763066202090592	0.9624478442280946	0.9160254278285057	0.9411601
DQ664543	1438	7172	Bacillaceae	Virgibacillus xinjiangensis	EF101168	1465	7325	Bacillaceae	Virgibacillus chiguensis	6764.0	1438	19	20	1388	0.9788434414668548	0.9867780097425192	0.9652294853963839	0.9393928691091781	0.9431121
DQ664543	1438	7172	Bacillaceae	Virgibacillus xinjiangensis	AJ316302	1518	7578	Bacillaceae	Virgibacillus carmonensis	6751.0	1438	32	32	1384	0.984352773826458	0.9777468706536857	0.9624478442280946	0.920545353050817	0.9412995
DQ664543	1438	7172	Bacillaceae	Virgibacillus xinjiangensis	AB197851	1564	7820	Bacillaceae	Virgibacillus salarius	6870.0	1438	16	17	1400	0.9852216748768473	0.988865692414753	0.9735744089012517	0.951478153403493	0.9578918
DQ664543	1438	7172	Bacillaceae	Virgibacillus xinjiangensis	JX435821	1560	7794	Bacillaceae	Virgibacillus natechei	6568.0	1438	50	48	1364	0.981294964028777	0.9666203059805285	0.9485396383866481	0.8860686138154844	0.9157836
DQ664543	1438	7172	Bacillaceae	Virgibacillus xinjiangensis	GU202420	1458	7290	Bacillaceae	Virgibacillus alimentarius	6575.0	1438	54	52	1364	0.9841269841269841	0.9638386648122392	0.9485396383866481	0.8811500930321007	0.9167596
DQ664543	1438	7172	Bacillaceae	Virgibacillus xinjiangensis	GU586225	1523	7615	Bacillaceae	Virgibacillus campisalis	6575.0	1438	54	52	1364	0.9841269841269841	0.9638386648122392	0.9485396383866481	0.8811500930321007	0.9167596
DQ664543	1438	7172	Bacillaceae	Virgibacillus xinjiangensis	AB365482	1524	7614	Bacillaceae	Virgibacillus siamensis	6655.0	1438	35	37	1374	0.9807280513918629	0.9756267409470752	0.9554937413073713	0.9087893629135283	0.9279141
DQ664543	1438	7172	Bacillaceae	Virgibacillus xinjiangensis	FJ357159	1518	7590	Bacillaceae	Virgibacillus byunsanensis	6703.0	1438	33	36	1379	0.9835948644793152	0.9770034843205575	0.958970792767733	0.9139884782191446	0.9346068
DQ664543	1438	7172	Bacillaceae	Virgibacillus xinjiangensis	FJ425909	1497	7461	Bacillaceae	Virgibacillus litoralis	6722.0	1438	31	32	1381	0.9822190611664295	0.9784272790535838	0.9603616133518776	0.9191752405532606	0.937256
DQ664543	1438	7172	Bacillaceae	Virgibacillus xinjiangensis	DQ139839	1564	7802	Bacillaceae	Virgibacillus olivae	6853.0	1438	19	17	1398	0.983814215341309	0.9881780250347705	0.972183588317107	0.9481625799578648	0.95552146
DQ664543	1438	7172	Bacillaceae	Virgibacillus xinjiangensis	AJ009793	1563	7815	Bacillaceae	Virgibacillus marismortui	6860.0	1438	17	17	1399	0.9845179451090781	0.9881780250347705	0.9728789986091794	0.9501450563736384	0.9564975
AY121430	1562	7810	Bacillaceae	Virgibacillus sediminis	AY121439	1562	7810	Bacillaceae	Virgibacillus kekensis	7498.0	1562	20	20	1526	0.9896238651102465	0.9871959026888605	0.9769526248399488	0.9522509149830601	0.96005124
AY121430	1562	7810	Bacillaceae	Virgibacillus sediminis	EU213011	1526	7630	Bacillaceae	Virgibacillus soli	7070.0	1529	26	29	1462	0.9746666666666667	0.9829619921363041	0.9561805101373446	0.9223606207112649	0.9266055
AY121430	1562	7810	Bacillaceae	Virgibacillus sediminis	AJ315056	1522	7610	Bacillaceae	Virgibacillus necropolis	7175.0	1522	28	28	1471	0.9846050870147256	0.9816031537450722	0.966491458607096	0.9315730575219363	0.9428384
AY121430	1562	7810	Bacillaceae	Virgibacillus sediminis	Y11603	1533	7563	Bacillaceae	Virgibacillus salexigens	7068.0	1542	29	39	1463	0.9733865602129075	0.9810704960835509	0.9487678339818417	0.9077008621735889	0.9345498
AY121430	1562	7810	Bacillaceae	Virgibacillus sediminis	HE577174	1458	7290	Bacillaceae	Virgibacillus halotolerans	6751.0	1463	40	45	1396	0.9844851904090268	0.9725651577503429	0.9542036910457963	0.9002400757837252	0.9260631
AY121430	1562	7810	Bacillaceae	Virgibacillus sediminis	GQ889491	1416	7080	Bacillaceae	Virgibacillus jeotgali	6607.0	1419	35	38	1361	0.9855177407675597	0.9752824858757062	0.9591261451726568	0.9109719439363404	0.9331921
AY121430	1562	7810	Bacillaceae	Virgibacillus sediminis	AB243851	1519	7583	Bacillaceae	Virgibacillus halophilus	7095.0	1518	35	34	1460	0.9838274932614556	0.9776021080368906	0.9617918313570487	0.9190592902342951	0.9356455
AY121430	1562	7810	Bacillaceae	Virgibacillus sediminis	AY822043	1440	7200	Bacillaceae	Virgibacillus dokdonensis	6800.0	1441	21	22	1394	0.9823819591261451	0.9854166666666667	0.9673837612768911	0.9389312977099237	0.9444444
AY121430	1562	7810	Bacillaceae	Virgibacillus sediminis	AY543169	1521	7605	Bacillaceae	Virgibacillus halodenitrificans	7231.0	1521	28	28	1477	0.9892833221701273	0.9815910585141354	0.9710716633793557	0.9359651345547954	0.9508218
AY121430	1562	7810	Bacillaceae	Virgibacillus sediminis	EF675742	1350	6738	Bacillaceae	Virgibacillus arcticus	6281.0	1349	27	26	1294	0.9780801209372638	0.9807264640474426	0.9592290585618977	0.9222820090678711	0.9321757
AY121430	1562	7810	Bacillaceae	Virgibacillus sediminis	LC041942	1446	7230	Bacillaceae	Virgibacillus kapii	6919.0	1447	16	17	1410	0.986013986013986	0.9889349930843707	0.9744298548721493	0.9524502340855594	0.95698476
AY121430	1562	7810	Bacillaceae	Virgibacillus sediminis	KP197672	1558	7790	Bacillaceae	Virgibacillus flavescens	7324.0	1558	34	34	1503	0.9862204724409449	0.9781771501925546	0.9646983311938383	0.923492623580031	0.9401797
AY121430	1562	7810	Bacillaceae	Virgibacillus sediminis	KJ144820	1525	7625	Bacillaceae	Virgibacillus oceani	7200.0	1530	28	33	1476	0.9859719438877755	0.981639344262295	0.9647058823529412	0.9269349845201239	0.94426227
AY121430	1562	7810	Bacillaceae	Virgibacillus sediminis	EF101168	1465	7325	Bacillaceae	Virgibacillus chiguensis	6902.0	1475	24	34	1418	0.9840388619014573	0.9836177474402731	0.9613559322033899	0.9241587046731721	0.9422526
AY121430	1562	7810	Bacillaceae	Virgibacillus sediminis	AJ316302	1518	7578	Bacillaceae	Virgibacillus carmonensis	7179.0	1518	25	25	1469	0.9839249832551908	0.9835309617918313	0.9677206851119895	0.9363622701699289	0.9473476
AY121430	1562	7810	Bacillaceae	Virgibacillus sediminis	AB197851	1564	7820	Bacillaceae	Virgibacillus salarius	7504.0	1561	21	21	1526	0.990909090909091	0.9865470852017937	0.9775784753363229	0.9516250644866859	0.9608195
AY121430	1562	7810	Bacillaceae	Virgibacillus sediminis	JX435821	1560	7794	Bacillaceae	Virgibacillus natechei	7164.0	1556	46	43	1484	0.9808327825512227	0.9723650385604113	0.9537275064267352	0.9007426449585832	0.9191686
AY121430	1562	7810	Bacillaceae	Virgibacillus sediminis	GU202420	1458	7290	Bacillaceae	Virgibacillus alimentarius	6670.0	1456	48	46	1384	0.9815602836879432	0.9684065934065934	0.9505494505494505	0.8911401098901098	0.914952
AY121430	1562	7810	Bacillaceae	Virgibacillus sediminis	GU586225	1523	7615	Bacillaceae	Virgibacillus campisalis	6995.0	1521	48	46	1449	0.9823728813559321	0.9697567389875082	0.9526627218934911	0.8955879635391327	0.9185817
AY121430	1562	7810	Bacillaceae	Virgibacillus sediminis	AB365482	1524	7614	Bacillaceae	Virgibacillus siamensis	7116.0	1526	29	31	1466	0.9806020066889632	0.9809711286089239	0.9606815203145478	0.9236134230676842	0.93459415
AY121430	1562	7810	Bacillaceae	Virgibacillus sediminis	FJ357159	1518	7590	Bacillaceae	Virgibacillus byunsanensis	7151.0	1521	27	30	1467	0.9839034205231388	0.9822134387351779	0.9644970414201184	0.9289826154763544	0.9421607
AY121430	1562	7810	Bacillaceae	Virgibacillus sediminis	FJ425909	1497	7461	Bacillaceae	Virgibacillus litoralis	7021.0	1498	26	27	1442	0.9802855200543847	0.9826319305277221	0.9626168224299065	0.9291399906787353	0.9410267
AY121430	1562	7810	Bacillaceae	Virgibacillus sediminis	DQ139839	1564	7802	Bacillaceae	Virgibacillus olivae	7488.0	1558	22	19	1523	0.9896036387264457	0.9878048780487805	0.9775353016688062	0.9521688792837296	0.95975393
AY121430	1562	7810	Bacillaceae	Virgibacillus sediminis	AJ009793	1563	7815	Bacillaceae	Virgibacillus marismortui	7508.0	1562	19	19	1527	0.9896305897602073	0.9878361075544174	0.9775928297055058	0.954095974848574	0.9613316
AY121439	1562	7810	Bacillaceae	Virgibacillus kekensis	EU213011	1526	7630	Bacillaceae	Virgibacillus soli	7163.0	1529	21	24	1473	0.9787375415282392	0.9862385321100917	0.9633747547416612	0.9354058102491614	0.93879426
AY121439	1562	7810	Bacillaceae	Virgibacillus kekensis	AJ315056	1522	7610	Bacillaceae	Virgibacillus necropolis	7212.0	1522	21	21	1476	0.983344437041972	0.9862023653088042	0.9697766097240473	0.9433795795176896	0.9477004
AY121439	1562	7810	Bacillaceae	Virgibacillus kekensis	Y11603	1533	7563	Bacillaceae	Virgibacillus salexigens	7047.0	1542	33	43	1461	0.9746497665110073	0.9784595300261096	0.9474708171206225	0.9017515903897227	0.9317731
AY121439	1562	7810	Bacillaceae	Virgibacillus kekensis	HE577174	1458	7290	Bacillaceae	Virgibacillus halotolerans	6793.0	1457	30	30	1400	0.9810791871058164	0.9794097460535347	0.9608785175017158	0.9221073601042021	0.93182445
AY121439	1562	7810	Bacillaceae	Virgibacillus kekensis	GQ889491	1416	7080	Bacillaceae	Virgibacillus jeotgali	6619.0	1418	28	30	1363	0.9819884726224783	0.980225988700565	0.961212976022567	0.9226580986993934	0.934887
AY121439	1562	7810	Bacillaceae	Virgibacillus kekensis	AB243851	1519	7583	Bacillaceae	Virgibacillus halophilus	7138.0	1518	34	33	1465	0.9865319865319865	0.9782608695652174	0.9650856389986825	0.9234227924697446	0.9413161
AY121439	1562	7810	Bacillaceae	Virgibacillus kekensis	AY822043	1440	7200	Bacillaceae	Virgibacillus dokdonensis	6778.0	1439	24	23	1391	0.9823446327683616	0.9840166782487839	0.9666435024322446	0.9355893365988096	0.9413889
AY121439	1562	7810	Bacillaceae	Virgibacillus kekensis	AY543169	1521	7605	Bacillaceae	Virgibacillus halodenitrificans	7275.0	1521	16	16	1483	0.9853820598006644	0.9894806048652203	0.9750164365548981	0.9547168100293569	0.9566075
AY121439	1562	7810	Bacillaceae	Virgibacillus kekensis	EF675742	1350	6738	Bacillaceae	Virgibacillus arcticus	6321.0	1351	17	18	1300	0.9752438109527382	0.9874074074074074	0.9622501850481125	0.9376312110154489	0.9381122
AY121439	1562	7810	Bacillaceae	Virgibacillus kekensis	LC041942	1446	7230	Bacillaceae	Virgibacillus kapii	6898.0	1446	18	18	1408	0.9859943977591037	0.9875518672199171	0.9737206085753803	0.9497766591841825	0.9540802
AY121439	1562	7810	Bacillaceae	Virgibacillus kekensis	KP197672	1558	7790	Bacillaceae	Virgibacillus flavescens	7277.0	1558	31	31	1498	0.9810085134250164	0.9801026957637997	0.9614890885750963	0.9239734664909831	0.93414634
AY121439	1562	7810	Bacillaceae	Virgibacillus kekensis	KJ144820	1525	7625	Bacillaceae	Virgibacillus oceani	7270.0	1530	20	25	1485	0.9867109634551495	0.9868852459016394	0.9705882352941176	0.9424098671726755	0.95344263
AY121439	1562	7810	Bacillaceae	Virgibacillus kekensis	EF101168	1465	7325	Bacillaceae	Virgibacillus chiguensis	6872.0	1480	22	38	1415	0.9812760055478502	0.9849726775956285	0.956081081081081	0.9178887609313706	0.938157
AY121439	1562	7810	Bacillaceae	Virgibacillus kekensis	AJ316302	1518	7578	Bacillaceae	Virgibacillus carmonensis	7225.0	1518	18	18	1475	0.9833333333333333	0.9881422924901185	0.97167325428195	0.9488996623847168	0.9534178
AY121439	1562	7810	Bacillaceae	Virgibacillus kekensis	AB197851	1564	7820	Bacillaceae	Virgibacillus salarius	7506.0	1561	12	12	1527	0.9857972885732731	0.9923126201153107	0.9782190903267136	0.9632939420954096	0.96107554
AY121439	1562	7810	Bacillaceae	Virgibacillus kekensis	JX435821	1560	7794	Bacillaceae	Virgibacillus natechei	7237.0	1556	38	35	1493	0.9815910585141354	0.9775064267352185	0.9595115681233933	0.9155690684540032	0.92853475
AY121439	1562	7810	Bacillaceae	Virgibacillus kekensis	GU202420	1458	7290	Bacillaceae	Virgibacillus alimentarius	6730.0	1456	41	39	1392	0.9823570924488356	0.9732142857142857	0.9560439560439561	0.9049527626681936	0.9231824
AY121439	1562	7810	Bacillaceae	Virgibacillus kekensis	GU586225	1523	7615	Bacillaceae	Virgibacillus campisalis	7055.0	1521	41	39	1457	0.9831309041835358	0.9743589743589743	0.957922419460881	0.9088610919596835	0.9264609
AY121439	1562	7810	Bacillaceae	Virgibacillus kekensis	AB365482	1524	7614	Bacillaceae	Virgibacillus siamensis	7101.0	1526	33	35	1464	0.9818913480885312	0.9783464566929134	0.9593709043250328	0.9175253485238126	0.9326241
AY121439	1562	7810	Bacillaceae	Virgibacillus kekensis	FJ357159	1518	7590	Bacillaceae	Virgibacillus byunsanensis	7228.0	1521	17	20	1477	0.9840106595602931	0.9888010540184453	0.9710716633793557	0.9477103814905155	0.9523057
AY121439	1562	7810	Bacillaceae	Virgibacillus kekensis	FJ425909	1497	7461	Bacillaceae	Virgibacillus litoralis	7116.0	1498	16	17	1454	0.9817690749493585	0.9893119572478289	0.9706275033377837	0.9494711574922441	0.95375955
AY121439	1562	7810	Bacillaceae	Virgibacillus kekensis	DQ139839	1564	7802	Bacillaceae	Virgibacillus olivae	7479.0	1558	14	11	1523	0.984486102133161	0.9929396662387676	0.9775353016688062	0.9619892567949384	0.95860034
AY121439	1562	7810	Bacillaceae	Virgibacillus kekensis	AJ009793	1563	7815	Bacillaceae	Virgibacillus marismortui	7517.0	1562	9	9	1529	0.9845460399227302	0.9942381562099872	0.9788732394366197	0.9676576326193956	0.962484
EU213011	1526	7630	Bacillaceae	Virgibacillus soli	AJ315056	1522	7610	Bacillaceae	Virgibacillus necropolis	7080.0	1519	27	24	1460	0.9765886287625418	0.9842001316655694	0.9611586570111915	0.9294516120515727	0.9303548
EU213011	1526	7630	Bacillaceae	Virgibacillus soli	Y11603	1533	7563	Bacillaceae	Virgibacillus salexigens	6761.0	1521	44	51	1419	0.9653061224489796	0.9709379128137384	0.9329388560157791	0.8763067848838308	0.89395744
EU213011	1526	7630	Bacillaceae	Virgibacillus soli	HE577174	1458	7290	Bacillaceae	Virgibacillus halotolerans	6689.0	1452	37	34	1386	0.9774330042313117	0.9765840220385675	0.9545454545454546	0.9090298553025215	0.9175583
EU213011	1526	7630	Bacillaceae	Virgibacillus soli	GQ889491	1416	7080	Bacillaceae	Virgibacillus jeotgali	6558.0	1416	28	28	1356	0.9769452449567724	0.980225988700565	0.9576271186440678	0.920489224846237	0.9262712
EU213011	1526	7630	Bacillaceae	Virgibacillus soli	AB243851	1519	7583	Bacillaceae	Virgibacillus halophilus	7149.0	1515	36	32	1465	0.987862440997977	0.9788778877887789	0.966996699669967	0.9246009707353715	0.9427667
EU213011	1526	7630	Bacillaceae	Virgibacillus soli	AY822043	1440	7200	Bacillaceae	Virgibacillus dokdonensis	6716.0	1438	35	33	1383	0.9843416370106761	0.9770514603616134	0.9617524339360223	0.9173538151256696	0.93277776
EU213011	1526	7630	Bacillaceae	Virgibacillus soli	AY543169	1521	7605	Bacillaceae	Virgibacillus halodenitrificans	7118.0	1518	28	25	1464	0.9805760214333556	0.9835309617918313	0.9644268774703557	0.931364377789936	0.93596315
EU213011	1526	7630	Bacillaceae	Virgibacillus soli	EF675742	1350	6738	Bacillaceae	Virgibacillus arcticus	6182.0	1348	28	26	1283	0.970499243570348	0.9807121661721068	0.951780415430267	0.9144285677316956	0.9174829
EU213011	1526	7630	Bacillaceae	Virgibacillus soli	LC041942	1446	7230	Bacillaceae	Virgibacillus kapii	6732.0	1444	27	25	1388	0.97815362931642	0.9826869806094183	0.961218836565097	0.9272396526756442	0.93112034
EU213011	1526	7630	Bacillaceae	Virgibacillus soli	KP197672	1558	7790	Bacillaceae	Virgibacillus flavescens	7051.0	1526	31	28	1460	0.9746328437917223	0.981651376146789	0.9567496723460026	0.9204951889366164	0.92411536
EU213011	1526	7630	Bacillaceae	Virgibacillus soli	KJ144820	1525	7625	Bacillaceae	Virgibacillus oceani	7104.0	1513	24	26	1459	0.9811701412239409	0.9841164791528789	0.9643093192333113	0.9329394649967039	0.93167216
EU213011	1526	7630	Bacillaceae	Virgibacillus soli	EF101168	1465	7325	Bacillaceae	Virgibacillus chiguensis	6797.0	1477	37	50	1405	0.98458304134548	0.9747267759562842	0.9512525389302641	0.8965900746720521	0.9279181
EU213011	1526	7630	Bacillaceae	Virgibacillus soli	AJ316302	1518	7578	Bacillaceae	Virgibacillus carmonensis	7084.0	1515	23	20	1458	0.9752508361204013	0.9867986798679867	0.9623762376237623	0.9354697498358417	0.9348113
EU213011	1526	7630	Bacillaceae	Virgibacillus soli	AB197851	1564	7820	Bacillaceae	Virgibacillus salarius	7121.0	1526	28	26	1467	0.978	0.9829619921363041	0.9613368283093053	0.9279313014568584	0.93328965
EU213011	1526	7630	Bacillaceae	Virgibacillus soli	JX435821	1560	7794	Bacillaceae	Virgibacillus natechei	7067.0	1526	36	31	1462	0.9779264214046822	0.9796854521625163	0.9580602883355177	0.9169655128435332	0.9262123
EU213011	1526	7630	Bacillaceae	Virgibacillus soli	GU202420	1458	7290	Bacillaceae	Virgibacillus alimentarius	6639.0	1453	44	39	1381	0.9766619519094767	0.9731589814177564	0.9504473503097041	0.8977505366318781	0.9106996
EU213011	1526	7630	Bacillaceae	Virgibacillus soli	GU586225	1523	7615	Bacillaceae	Virgibacillus campisalis	6964.0	1518	44	39	1446	0.9776876267748479	0.974308300395257	0.9525691699604744	0.9019524983172481	0.91451085
EU213011	1526	7630	Bacillaceae	Virgibacillus soli	AB365482	1524	7614	Bacillaceae	Virgibacillus siamensis	7018.0	1523	30	29	1454	0.9732262382864793	0.9809586342744583	0.9546946815495733	0.9184248900418948	0.9217231
EU213011	1526	7630	Bacillaceae	Virgibacillus soli	FJ357159	1518	7590	Bacillaceae	Virgibacillus byunsanensis	7094.0	1518	30	30	1460	0.9811827956989247	0.9802371541501976	0.9617918313570487	0.9245130782036748	0.93465084
EU213011	1526	7630	Bacillaceae	Virgibacillus soli	FJ425909	1497	7461	Bacillaceae	Virgibacillus litoralis	7001.0	1495	23	21	1440	0.9769335142469471	0.9859531772575251	0.9632107023411371	0.9352915515486404	0.9383461
EU213011	1526	7630	Bacillaceae	Virgibacillus soli	DQ139839	1564	7802	Bacillaceae	Virgibacillus olivae	7111.0	1526	31	26	1466	0.9773333333333334	0.9829619921363041	0.9606815203145478	0.9255120619600653	0.931979
EU213011	1526	7630	Bacillaceae	Virgibacillus soli	AJ009793	1563	7815	Bacillaceae	Virgibacillus marismortui	7111.0	1526	29	26	1466	0.9773333333333334	0.9829619921363041	0.9606815203145478	0.9267024311715895	0.931979
AJ315056	1522	7610	Bacillaceae	Virgibacillus necropolis	Y11603	1533	7563	Bacillaceae	Virgibacillus salexigens	6841.0	1522	39	49	1428	0.9694501018329938	0.9742063492063492	0.938239159001314	0.885346752856461	0.90453523
AJ315056	1522	7610	Bacillaceae	Virgibacillus necropolis	HE577174	1458	7290	Bacillaceae	Virgibacillus halotolerans	6786.0	1449	26	26	1396	0.9810260014054814	0.9820565907522429	0.9634230503795721	0.9294583055526313	0.9308642
AJ315056	1522	7610	Bacillaceae	Virgibacillus necropolis	GQ889491	1416	7080	Bacillaceae	Virgibacillus jeotgali	6724.0	1418	22	24	1375	0.9863701578192252	0.9844632768361582	0.9696755994358252	0.938699851120514	0.9497175
AJ315056	1522	7610	Bacillaceae	Virgibacillus necropolis	AB243851	1519	7583	Bacillaceae	Virgibacillus halophilus	7046.0	1518	25	24	1455	0.9738955823293173	0.9841897233201581	0.958498023715415	0.9280596548482372	0.9291837
AJ315056	1522	7610	Bacillaceae	Virgibacillus necropolis	AY822043	1440	7200	Bacillaceae	Virgibacillus dokdonensis	6728.0	1440	32	32	1384	0.9829545454545454	0.9777777777777777	0.9611111111111111	0.9193236714975846	0.9344444
AJ315056	1522	7610	Bacillaceae	Virgibacillus necropolis	AY543169	1521	7605	Bacillaceae	Virgibacillus halodenitrificans	7197.0	1521	20	20	1474	0.9820119920053297	0.9868507560815253	0.9690992767915845	0.943944201469285	0.9463511
AJ315056	1522	7610	Bacillaceae	Virgibacillus necropolis	EF675742	1350	6738	Bacillaceae	Virgibacillus arcticus	6561.0	1349	9	8	1327	0.9895600298284862	0.994069681245367	0.9836916234247591	0.9713773689341693	0.9737311
AJ315056	1522	7610	Bacillaceae	Virgibacillus necropolis	LC041942	1446	7230	Bacillaceae	Virgibacillus kapii	6784.0	1443	25	25	1393	0.9823695345557123	0.9826749826749827	0.9653499653499653	0.932470198137773	0.9383126
AJ315056	1522	7610	Bacillaceae	Virgibacillus necropolis	KP197672	1558	7790	Bacillaceae	Virgibacillus flavescens	7382.0	1522	9	9	1496	0.9887640449438202	0.9940867279894875	0.9829172141918529	0.9713610353182712	0.9700394
AJ315056	1522	7610	Bacillaceae	Virgibacillus necropolis	KJ144820	1525	7625	Bacillaceae	Virgibacillus oceani	7227.0	1510	14	19	1472	0.9872568745808182	0.9906976744186047	0.9748344370860927	0.9537258173854096	0.9496715
AJ315056	1522	7610	Bacillaceae	Virgibacillus necropolis	EF101168	1465	7325	Bacillaceae	Virgibacillus chiguensis	6807.0	1480	33	49	1406	0.9825296995108316	0.9774590163934426	0.95	0.898512888301388	0.92928326
AJ315056	1522	7610	Bacillaceae	Virgibacillus necropolis	AJ316302	1518	7578	Bacillaceae	Virgibacillus carmonensis	7497.0	1518	6	6	1506	0.996031746031746	0.9960474308300395	0.9920948616600791	0.9842830910958265	0.98931116
AJ315056	1522	7610	Bacillaceae	Virgibacillus necropolis	AB197851	1564	7820	Bacillaceae	Virgibacillus salarius	7210.0	1522	24	25	1475	0.9853039412157648	0.9842209072978304	0.9691195795006571	0.9384036290507656	0.9474376
AJ315056	1522	7610	Bacillaceae	Virgibacillus necropolis	JX435821	1560	7794	Bacillaceae	Virgibacillus natechei	7159.0	1522	33	31	1470	0.9859154929577465	0.9796320630749015	0.9658344283837057	0.9260830435499069	0.9407359
AJ315056	1522	7610	Bacillaceae	Virgibacillus necropolis	GU202420	1458	7290	Bacillaceae	Virgibacillus alimentarius	6841.0	1456	28	26	1406	0.9832167832167832	0.9821428571428571	0.9656593406593407	0.9305207932229496	0.9384088
AJ315056	1522	7610	Bacillaceae	Virgibacillus necropolis	GU586225	1523	7615	Bacillaceae	Virgibacillus campisalis	7166.0	1521	28	26	1471	0.9839464882943144	0.9829059829059829	0.9671268902038133	0.9334116855098133	0.9416557
AJ315056	1522	7610	Bacillaceae	Virgibacillus necropolis	AB365482	1524	7614	Bacillaceae	Virgibacillus siamensis	7141.0	1522	24	26	1467	0.9806149732620321	0.9842105263157894	0.9638633377135348	0.9326905260151669	0.9383706
AJ315056	1522	7610	Bacillaceae	Virgibacillus necropolis	FJ357159	1518	7590	Bacillaceae	Virgibacillus byunsanensis	7290.0	1521	12	15	1484	0.9853917662682603	0.9920948616600791	0.9756738987508218	0.9584898183422945	0.9604743
AJ315056	1522	7610	Bacillaceae	Virgibacillus necropolis	FJ425909	1497	7461	Bacillaceae	Virgibacillus litoralis	7156.0	1498	11	12	1459	0.9818304172274562	0.9926519706078825	0.9739652870493992	0.959120223032079	0.95912075
AJ315056	1522	7610	Bacillaceae	Virgibacillus necropolis	DQ139839	1564	7802	Bacillaceae	Virgibacillus olivae	7189.0	1522	26	24	1473	0.9833110814419226	0.9842312746386334	0.9678055190538765	0.9365456508673818	0.94467807
AJ315056	1522	7610	Bacillaceae	Virgibacillus necropolis	AJ009793	1563	7815	Bacillaceae	Virgibacillus marismortui	7207.0	1522	24	24	1475	0.9846461949265688	0.9842312746386334	0.9691195795006571	0.9390304851823961	0.94704336
Y11603	1533	7563	Bacillaceae	Virgibacillus salexigens	HE577174	1458	7290	Bacillaceae	Virgibacillus halotolerans	6425.0	1446	65	54	1352	0.9712643678160919	0.9626556016597511	0.9349930843706777	0.8613569645559122	0.8813443
Y11603	1533	7563	Bacillaceae	Virgibacillus salexigens	GQ889491	1416	7080	Bacillaceae	Virgibacillus jeotgali	6293.0	1409	63	56	1320	0.975609756097561	0.9602555003548616	0.9368346344925479	0.8610986823834357	0.8888418
Y11603	1533	7563	Bacillaceae	Virgibacillus salexigens	AB243851	1519	7583	Bacillaceae	Virgibacillus halophilus	6755.0	1508	60	49	1416	0.9705277587388622	0.9675066312997348	0.9389920424403183	0.873717723163536	0.8931641
Y11603	1533	7563	Bacillaceae	Virgibacillus salexigens	AY822043	1440	7200	Bacillaceae	Virgibacillus dokdonensis	6555.0	1431	43	34	1361	0.9742304939155333	0.976240391334731	0.9510831586303284	0.9013997100451621	0.91041666
Y11603	1533	7563	Bacillaceae	Virgibacillus salexigens	AY543169	1521	7605	Bacillaceae	Virgibacillus halodenitrificans	6932.0	1511	46	36	1438	0.9749152542372881	0.9761747187293184	0.9516876240900066	0.9015666316844956	0.9165675
Y11603	1533	7563	Bacillaceae	Virgibacillus salexigens	EF675742	1350	6738	Bacillaceae	Virgibacillus arcticus	6008.0	1341	50	41	1259	0.9684615384615385	0.9694258016405667	0.9388516032811335	0.8774314049356389	0.89165926
Y11603	1533	7563	Bacillaceae	Virgibacillus salexigens	LC041942	1446	7230	Bacillaceae	Virgibacillus kapii	6857.0	1435	26	17	1398	0.9858956276445698	0.9881533101045297	0.9742160278745644	0.9455430030979687	0.9484094
Y11603	1533	7563	Bacillaceae	Virgibacillus salexigens	KP197672	1558	7790	Bacillaceae	Virgibacillus flavescens	6902.0	1529	52	42	1442	0.9697377269670477	0.972531066056246	0.9431000654022237	0.8870270697363103	0.9126008
Y11603	1533	7563	Bacillaceae	Virgibacillus salexigens	KJ144820	1525	7625	Bacillaceae	Virgibacillus oceani	6816.0	1501	49	44	1419	0.9739190116678106	0.9706862091938707	0.9453697534976683	0.8886475682878082	0.9012297
Y11603	1533	7563	Bacillaceae	Virgibacillus salexigens	EF101168	1465	7325	Bacillaceae	Virgibacillus chiguensis	6671.0	1465	46	46	1387	0.9774489076814659	0.9686006825938567	0.9467576791808874	0.8891126053988612	0.9107167
Y11603	1533	7563	Bacillaceae	Virgibacillus salexigens	AJ316302	1518	7578	Bacillaceae	Virgibacillus carmonensis	6841.0	1508	51	41	1425	0.9713701431492843	0.9728116710875332	0.9449602122015915	0.8891960431685278	0.90453523
Y11603	1533	7563	Bacillaceae	Virgibacillus salexigens	AB197851	1564	7820	Bacillaceae	Virgibacillus salarius	7116.0	1532	37	28	1468	0.976063829787234	0.9817232375979112	0.95822454308094	0.9185275416148717	0.94089645
Y11603	1533	7563	Bacillaceae	Virgibacillus salexigens	JX435821	1560	7794	Bacillaceae	Virgibacillus natechei	6799.0	1527	67	55	1429	0.9707880434782609	0.9639816633922724	0.9358218729535036	0.8641968613472756	0.89898187
Y11603	1533	7563	Bacillaceae	Virgibacillus salexigens	GU202420	1458	7290	Bacillaceae	Virgibacillus alimentarius	6415.0	1449	73	64	1351	0.9754512635379061	0.955831608005521	0.9323671497584541	0.8484418544122596	0.8799726
Y11603	1533	7563	Bacillaceae	Virgibacillus salexigens	GU586225	1523	7615	Bacillaceae	Virgibacillus campisalis	6707.0	1511	73	61	1411	0.973103448275862	0.9596293845135672	0.9338186631369954	0.8548213772403052	0.8868174
Y11603	1533	7563	Bacillaceae	Virgibacillus salexigens	AB365482	1524	7614	Bacillaceae	Virgibacillus siamensis	6766.0	1513	50	42	1420	0.9653297076818491	0.9722405816259088	0.9385327164573695	0.8832895879134937	0.8946185
Y11603	1533	7563	Bacillaceae	Virgibacillus salexigens	FJ357159	1518	7590	Bacillaceae	Virgibacillus byunsanensis	6875.0	1511	46	39	1431	0.9721467391304348	0.9741892786234282	0.9470549305095963	0.8953531520296248	0.9090308
Y11603	1533	7563	Bacillaceae	Virgibacillus salexigens	FJ425909	1497	7461	Bacillaceae	Virgibacillus litoralis	6786.0	1495	44	43	1412	0.9724517906336089	0.9712374581939799	0.9444816053511705	0.8910898576802466	0.90952957
Y11603	1533	7563	Bacillaceae	Virgibacillus salexigens	DQ139839	1564	7802	Bacillaceae	Virgibacillus olivae	7101.0	1529	42	29	1466	0.9773333333333334	0.9810333551340745	0.9587965990843689	0.9154646076553491	0.9389131
Y11603	1533	7563	Bacillaceae	Virgibacillus salexigens	AJ009793	1563	7815	Bacillaceae	Virgibacillus marismortui	7114.0	1532	37	27	1468	0.9754152823920266	0.9823759791122716	0.95822454308094	0.9191382647143498	0.94063205
HE577174	1458	7290	Bacillaceae	Virgibacillus halotolerans	GQ889491	1416	7080	Bacillaceae	Virgibacillus jeotgali	6876.0	1417	9	10	1393	0.9900497512437811	0.9936440677966102	0.9830628087508821	0.9699644964323221	0.97118646
HE577174	1458	7290	Bacillaceae	Virgibacillus halotolerans	AB243851	1519	7583	Bacillaceae	Virgibacillus halophilus	6634.0	1450	42	36	1379	0.9752475247524752	0.9751724137931035	0.9510344827586207	0.9013155218637331	0.91001374
HE577174	1458	7290	Bacillaceae	Virgibacillus halotolerans	AY822043	1440	7200	Bacillaceae	Virgibacillus dokdonensis	6659.0	1438	40	38	1376	0.9828571428571429	0.9735744089012517	0.9568845618915159	0.9063859178945347	0.92486113
HE577174	1458	7290	Bacillaceae	Virgibacillus halotolerans	AY543169	1521	7605	Bacillaceae	Virgibacillus halodenitrificans	6837.0	1450	31	26	1403	0.985252808988764	0.9820689655172414	0.9675862068965517	0.9303462245919579	0.9378601
HE577174	1458	7290	Bacillaceae	Virgibacillus halotolerans	EF675742	1350	6738	Bacillaceae	Virgibacillus arcticus	6227.0	1334	19	20	1282	0.9756468797564688	0.9857464366091523	0.9610194902548725	0.9333182632630469	0.9241615
HE577174	1458	7290	Bacillaceae	Virgibacillus halotolerans	LC041942	1446	7230	Bacillaceae	Virgibacillus kapii	6728.0	1444	38	36	1387	0.9850852272727273	0.9750692520775623	0.9605263157894737	0.9125648128418211	0.9305671
HE577174	1458	7290	Bacillaceae	Virgibacillus halotolerans	KP197672	1558	7790	Bacillaceae	Virgibacillus flavescens	6814.0	1457	26	25	1403	0.9797486033519553	0.9828414550446122	0.9629375428963624	0.9298223610435543	0.9347051
HE577174	1458	7290	Bacillaceae	Virgibacillus halotolerans	KJ144820	1525	7625	Bacillaceae	Virgibacillus oceani	6866.0	1458	22	20	1410	0.980528511821975	0.9862825788751715	0.9670781893004116	0.9396340785229674	0.94183815
HE577174	1458	7290	Bacillaceae	Virgibacillus halotolerans	EF101168	1465	7325	Bacillaceae	Virgibacillus chiguensis	6647.0	1450	44	49	1378	0.9835831548893648	0.9695501730103806	0.9503448275862069	0.891186816230439	0.911797
HE577174	1458	7290	Bacillaceae	Virgibacillus halotolerans	AJ316302	1518	7578	Bacillaceae	Virgibacillus carmonensis	6801.0	1449	27	27	1397	0.9824191279887482	0.9813664596273292	0.9641131815044859	0.9288407480348095	0.9329218
HE577174	1458	7290	Bacillaceae	Virgibacillus halotolerans	AB197851	1564	7820	Bacillaceae	Virgibacillus salarius	6783.0	1458	41	37	1399	0.9845179451090781	0.9746227709190672	0.9595336076817559	0.9096045740598899	0.9304527
HE577174	1458	7290	Bacillaceae	Virgibacillus halotolerans	JX435821	1560	7794	Bacillaceae	Virgibacillus natechei	6872.0	1458	19	18	1410	0.9791666666666666	0.9876543209876543	0.9670781893004116	0.9428521276862509	0.94266117
HE577174	1458	7290	Bacillaceae	Virgibacillus halotolerans	GU202420	1458	7290	Bacillaceae	Virgibacillus alimentarius	6614.0	1418	30	23	1364	0.9777777777777777	0.9837799717912553	0.9619181946403385	0.9267098629304367	0.90727025
HE577174	1458	7290	Bacillaceae	Virgibacillus halotolerans	GU586225	1523	7615	Bacillaceae	Virgibacillus campisalis	6765.0	1450	30	23	1395	0.9775753328661527	0.9841379310344828	0.9620689655172414	0.927616495806151	0.9279835
HE577174	1458	7290	Bacillaceae	Virgibacillus halotolerans	AB365482	1524	7614	Bacillaceae	Virgibacillus siamensis	6653.0	1454	42	39	1383	0.9773851590106007	0.9731774415405777	0.9511691884456671	0.899668717680895	0.91262
HE577174	1458	7290	Bacillaceae	Virgibacillus halotolerans	FJ357159	1518	7590	Bacillaceae	Virgibacillus byunsanensis	6818.0	1450	24	22	1401	0.9810924369747899	0.9848275862068966	0.9662068965517241	0.9360538997800963	0.9352538
HE577174	1458	7290	Bacillaceae	Virgibacillus halotolerans	FJ425909	1497	7461	Bacillaceae	Virgibacillus litoralis	6762.0	1442	24	20	1391	0.9781997187060478	0.986130374479889	0.9646324549237171	0.9356803212152289	0.927572
HE577174	1458	7290	Bacillaceae	Virgibacillus halotolerans	DQ139839	1564	7802	Bacillaceae	Virgibacillus olivae	6773.0	1458	44	37	1398	0.983814215341309	0.9746227709190672	0.9588477366255144	0.90713890395796	0.9290809
HE577174	1458	7290	Bacillaceae	Virgibacillus halotolerans	AJ009793	1563	7815	Bacillaceae	Virgibacillus marismortui	6773.0	1458	42	37	1398	0.983814215341309	0.9746227709190672	0.9588477366255144	0.9083484224965707	0.9290809
GQ889491	1416	7080	Bacillaceae	Virgibacillus jeotgali	AB243851	1519	7583	Bacillaceae	Virgibacillus halophilus	6520.0	1416	34	31	1351	0.9754512635379061	0.9781073446327684	0.9540960451977402	0.9113262224819794	0.920904
GQ889491	1416	7080	Bacillaceae	Virgibacillus jeotgali	AY822043	1440	7200	Bacillaceae	Virgibacillus dokdonensis	6571.0	1411	39	37	1354	0.9854439592430859	0.9737774627923459	0.959603118355776	0.9093066790488527	0.9281073
GQ889491	1416	7080	Bacillaceae	Virgibacillus jeotgali	AY543169	1521	7605	Bacillaceae	Virgibacillus halodenitrificans	6701.0	1416	24	21	1373	0.9842293906810036	0.9851694915254238	0.969632768361582	0.9393317443502825	0.94646895
GQ889491	1416	7080	Bacillaceae	Virgibacillus jeotgali	EF675742	1350	6738	Bacillaceae	Virgibacillus arcticus	6248.0	1328	17	16	1282	0.9771341463414634	0.9879518072289156	0.9653614457831325	0.9416759976709813	0.9272781
GQ889491	1416	7080	Bacillaceae	Virgibacillus jeotgali	LC041942	1446	7230	Bacillaceae	Virgibacillus kapii	6578.0	1414	42	40	1356	0.9868995633187773	0.9717114568599717	0.958981612446959	0.9049730326250837	0.92909604
GQ889491	1416	7080	Bacillaceae	Virgibacillus jeotgali	KP197672	1558	7790	Bacillaceae	Virgibacillus flavescens	6670.0	1416	22	20	1369	0.9806590257879656	0.9858757062146892	0.9668079096045198	0.9385701264310915	0.9420904
GQ889491	1416	7080	Bacillaceae	Virgibacillus jeotgali	KJ144820	1525	7625	Bacillaceae	Virgibacillus oceani	6727.0	1416	15	15	1376	0.9821556031406139	0.989406779661017	0.9717514124293786	0.9513792654182804	0.95014125
GQ889491	1416	7080	Bacillaceae	Virgibacillus jeotgali	EF101168	1465	7325	Bacillaceae	Virgibacillus chiguensis	6594.0	1416	40	37	1359	0.9854967367657723	0.9738700564971752	0.9597457627118644	0.9089899771838331	0.93135595
GQ889491	1416	7080	Bacillaceae	Virgibacillus jeotgali	AJ316302	1518	7578	Bacillaceae	Virgibacillus carmonensis	6718.0	1416	23	21	1374	0.9849462365591398	0.9851694915254238	0.9703389830508474	0.940669132283483	0.94887006
GQ889491	1416	7080	Bacillaceae	Virgibacillus jeotgali	AB197851	1564	7820	Bacillaceae	Virgibacillus salarius	6623.0	1416	35	32	1363	0.9848265895953757	0.9774011299435028	0.9625706214689266	0.9181238732687762	0.935452
GQ889491	1416	7080	Bacillaceae	Virgibacillus jeotgali	JX435821	1560	7794	Bacillaceae	Virgibacillus natechei	6671.0	1416	23	21	1369	0.9813620071684588	0.9851694915254238	0.9668079096045198	0.9372460277264107	0.94223166
GQ889491	1416	7080	Bacillaceae	Virgibacillus jeotgali	GU202420	1458	7290	Bacillaceae	Virgibacillus alimentarius	6576.0	1411	24	20	1357	0.9755571531272466	0.9858256555634302	0.9617292700212615	0.9322407070380312	0.9288136
GQ889491	1416	7080	Bacillaceae	Virgibacillus jeotgali	GU586225	1523	7615	Bacillaceae	Virgibacillus campisalis	6601.0	1416	24	20	1362	0.9756446991404012	0.9858757062146892	0.961864406779661	0.9324741054613936	0.9323446
GQ889491	1416	7080	Bacillaceae	Virgibacillus jeotgali	AB365482	1524	7614	Bacillaceae	Virgibacillus siamensis	6528.0	1416	33	32	1352	0.976878612716763	0.9774011299435028	0.9548022598870056	0.9119712406374161	0.9220339
GQ889491	1416	7080	Bacillaceae	Virgibacillus jeotgali	FJ357159	1518	7590	Bacillaceae	Virgibacillus byunsanensis	6710.0	1416	15	15	1374	0.9807280513918629	0.989406779661017	0.9703389830508474	0.9499964467185446	0.94774014
GQ889491	1416	7080	Bacillaceae	Virgibacillus jeotgali	FJ425909	1497	7461	Bacillaceae	Virgibacillus litoralis	6685.0	1416	22	21	1370	0.982078853046595	0.9851694915254238	0.9675141242937854	0.9385828952641382	0.94420904
GQ889491	1416	7080	Bacillaceae	Virgibacillus jeotgali	DQ139839	1564	7802	Bacillaceae	Virgibacillus olivae	6614.0	1416	37	32	1362	0.9841040462427746	0.9774011299435028	0.961864406779661	0.9161874321975574	0.9341808
GQ889491	1416	7080	Bacillaceae	Virgibacillus jeotgali	AJ009793	1563	7815	Bacillaceae	Virgibacillus marismortui	6614.0	1416	35	32	1362	0.9841040462427746	0.9774011299435028	0.961864406779661	0.9174502680792908	0.9341808
AB243851	1519	7583	Bacillaceae	Virgibacillus halophilus	AY822043	1440	7200	Bacillaceae	Virgibacillus dokdonensis	6666.0	1441	40	41	1377	0.9835714285714285	0.9722222222222222	0.9555863983344899	0.9033227263121445	0.92583334
AB243851	1519	7583	Bacillaceae	Virgibacillus halophilus	AY543169	1521	7605	Bacillaceae	Virgibacillus halodenitrificans	7137.0	1519	27	28	1465	0.9825620389000671	0.9822134387351779	0.9644502962475313	0.9301393219308338	0.9411842
AB243851	1519	7583	Bacillaceae	Virgibacillus halophilus	EF675742	1350	6738	Bacillaceae	Virgibacillus arcticus	6231.0	1350	23	23	1289	0.9713639788997739	0.9829629629629629	0.9548148148148148	0.9228253891181787	0.9247551
AB243851	1519	7583	Bacillaceae	Virgibacillus halophilus	LC041942	1446	7230	Bacillaceae	Virgibacillus kapii	6704.0	1444	34	35	1383	0.9815471965933286	0.9764379764379765	0.9577562326869806	0.9130436616075478	0.9272476
AB243851	1519	7583	Bacillaceae	Virgibacillus halophilus	KP197672	1558	7790	Bacillaceae	Virgibacillus flavescens	7011.0	1519	31	32	1451	0.9757901815736382	0.9795783926218709	0.9552337063857801	0.9164080783197773	0.9245681
AB243851	1519	7583	Bacillaceae	Virgibacillus halophilus	KJ144820	1525	7625	Bacillaceae	Virgibacillus oceani	7061.0	1511	22	28	1452	0.9790964261631827	0.9853820598006644	0.9609530112508272	0.9296107734409502	0.9311618
AB243851	1519	7583	Bacillaceae	Virgibacillus halophilus	EF101168	1465	7325	Bacillaceae	Virgibacillus chiguensis	6750.0	1477	43	56	1399	0.9845179451090781	0.9706284153005464	0.947190250507786	0.8854982539286604	0.9215017
AB243851	1519	7583	Bacillaceae	Virgibacillus halophilus	AJ316302	1518	7578	Bacillaceae	Virgibacillus carmonensis	7098.0	1519	23	24	1460	0.9765886287625418	0.9848484848484849	0.9611586570111915	0.9318626408766091	0.93665874
AB243851	1519	7583	Bacillaceae	Virgibacillus halophilus	AB197851	1564	7820	Bacillaceae	Virgibacillus salarius	7146.0	1519	25	27	1466	0.982573726541555	0.983520105471325	0.9651086240947993	0.9326049657703629	0.9423711
AB243851	1519	7583	Bacillaceae	Virgibacillus halophilus	JX435821	1560	7794	Bacillaceae	Virgibacillus natechei	6984.0	1519	34	33	1448	0.9744279946164199	0.978275181040158	0.9532587228439763	0.9121329440735022	0.9210075
AB243851	1519	7583	Bacillaceae	Virgibacillus halophilus	GU202420	1458	7290	Bacillaceae	Virgibacillus alimentarius	6651.0	1457	47	46	1382	0.9794472005669738	0.9684282772820865	0.9485243651338366	0.8898722601089386	0.9123457
AB243851	1519	7583	Bacillaceae	Virgibacillus halophilus	GU586225	1523	7615	Bacillaceae	Virgibacillus campisalis	6961.0	1519	47	46	1444	0.9803122878479293	0.9697169190256748	0.9506254114549045	0.8941706456405328	0.9179744
AB243851	1519	7583	Bacillaceae	Virgibacillus halophilus	AB365482	1524	7614	Bacillaceae	Virgibacillus siamensis	7011.0	1519	32	35	1450	0.977088948787062	0.978891820580475	0.9545753785385122	0.9133396916512908	0.9245681
AB243851	1519	7583	Bacillaceae	Virgibacillus halophilus	FJ357159	1518	7590	Bacillaceae	Virgibacillus byunsanensis	7065.0	1519	27	31	1456	0.978494623655914	0.9821782178217822	0.9585253456221198	0.9225651450748474	0.9316893
AB243851	1519	7583	Bacillaceae	Virgibacillus halophilus	FJ425909	1497	7461	Bacillaceae	Virgibacillus litoralis	6949.0	1499	26	28	1434	0.9748470428280082	0.9826319305277221	0.9566377585056705	0.9227633723028467	0.9313765
AB243851	1519	7583	Bacillaceae	Virgibacillus halophilus	DQ139839	1564	7802	Bacillaceae	Virgibacillus olivae	7138.0	1519	28	27	1466	0.982573726541555	0.9822251481237656	0.9651086240947993	0.9307964234967294	0.9413161
AB243851	1519	7583	Bacillaceae	Virgibacillus halophilus	AJ009793	1563	7815	Bacillaceae	Virgibacillus marismortui	7143.0	1519	25	26	1466	0.9819156061620897	0.9835309617918313	0.9651086240947993	0.933230036122756	0.9419755
AY822043	1440	7200	Bacillaceae	Virgibacillus dokdonensis	AY543169	1521	7605	Bacillaceae	Virgibacillus halodenitrificans	6823.0	1440	27	26	1396	0.9872701555869873	0.9819444444444444	0.9694444444444444	0.934420207528592	0.94763887
AY822043	1440	7200	Bacillaceae	Virgibacillus dokdonensis	EF675742	1350	6738	Bacillaceae	Virgibacillus arcticus	6118.0	1323	28	27	1264	0.9753086419753086	0.9795918367346939	0.9554043839758125	0.9165093128294989	0.90798455
AY822043	1440	7200	Bacillaceae	Virgibacillus dokdonensis	LC041942	1446	7230	Bacillaceae	Virgibacillus kapii	6857.0	1440	21	21	1400	0.9866102889358703	0.9854166666666667	0.9722222222222222	0.9442733287702486	0.9523611
AY822043	1440	7200	Bacillaceae	Virgibacillus dokdonensis	KP197672	1558	7790	Bacillaceae	Virgibacillus flavescens	6686.0	1440	28	28	1380	0.9773371104815864	0.9805555555555555	0.9583333333333334	0.9217756584922798	0.9286111
AY822043	1440	7200	Bacillaceae	Virgibacillus dokdonensis	KJ144820	1525	7625	Bacillaceae	Virgibacillus oceani	6807.0	1440	28	30	1393	0.9879432624113476	0.980528511821975	0.9673611111111111	0.9291411217075386	0.9454167
AY822043	1440	7200	Bacillaceae	Virgibacillus dokdonensis	EF101168	1465	7325	Bacillaceae	Virgibacillus chiguensis	7120.0	1440	1	9	1429	0.9986023759608665	0.9993016759776536	0.9923611111111111	0.9854744968771687	0.98888886
AY822043	1440	7200	Bacillaceae	Virgibacillus dokdonensis	AJ316302	1518	7578	Bacillaceae	Virgibacillus carmonensis	6731.0	1440	31	31	1384	0.9822569198012775	0.9784722222222222	0.9611111111111111	0.9206020092151975	0.9348611
AY822043	1440	7200	Bacillaceae	Virgibacillus dokdonensis	AB197851	1564	7820	Bacillaceae	Virgibacillus salarius	6865.0	1440	20	19	1401	0.9859254046446164	0.9868055555555556	0.9729166666666667	0.946927796803653	0.9534722
AY822043	1440	7200	Bacillaceae	Virgibacillus dokdonensis	JX435821	1560	7794	Bacillaceae	Virgibacillus natechei	6660.0	1440	40	41	1376	0.9835596854896355	0.9722029186935371	0.9555555555555556	0.9032582582582583	0.925
AY822043	1440	7200	Bacillaceae	Virgibacillus dokdonensis	GU202420	1458	7290	Bacillaceae	Virgibacillus alimentarius	6587.0	1408	34	33	1354	0.9847272727272727	0.9765625	0.9616477272727273	0.9169664528432733	0.9148611
AY822043	1440	7200	Bacillaceae	Virgibacillus dokdonensis	GU586225	1523	7615	Bacillaceae	Virgibacillus campisalis	6747.0	1440	34	33	1386	0.9850746268656716	0.9770833333333333	0.9625	0.91875	0.9370833
AY822043	1440	7200	Bacillaceae	Virgibacillus dokdonensis	AB365482	1524	7614	Bacillaceae	Virgibacillus siamensis	6615.0	1440	35	36	1371	0.9764957264957265	0.9756775538568451	0.9520833333333333	0.9062542372881355	0.91875
AY822043	1440	7200	Bacillaceae	Virgibacillus dokdonensis	FJ357159	1518	7590	Bacillaceae	Virgibacillus byunsanensis	6745.0	1440	29	31	1386	0.9836763662171752	0.9798331015299027	0.9625	0.9231875425459497	0.93680555
AY822043	1440	7200	Bacillaceae	Virgibacillus dokdonensis	FJ425909	1497	7461	Bacillaceae	Virgibacillus litoralis	6674.0	1432	31	32	1374	0.9814285714285714	0.9783368273934312	0.9594972067039106	0.9181791451712062	0.92694443
AY822043	1440	7200	Bacillaceae	Virgibacillus dokdonensis	DQ139839	1564	7802	Bacillaceae	Virgibacillus olivae	6856.0	1440	22	19	1400	0.9852216748768473	0.9868055555555556	0.9722222222222222	0.9449574403404774	0.9522222
AY822043	1440	7200	Bacillaceae	Virgibacillus dokdonensis	AJ009793	1563	7815	Bacillaceae	Virgibacillus marismortui	6856.0	1440	20	19	1400	0.9852216748768473	0.9868055555555556	0.9722222222222222	0.946251902587519	0.9522222
AY543169	1521	7605	Bacillaceae	Virgibacillus halodenitrificans	EF675742	1350	6738	Bacillaceae	Virgibacillus arcticus	6304.0	1349	23	22	1297	0.9773926149208741	0.9836916234247591	0.9614529280948851	0.9299183932812775	0.9355892
AY543169	1521	7605	Bacillaceae	Virgibacillus halodenitrificans	LC041942	1446	7230	Bacillaceae	Virgibacillus kapii	6874.0	1444	26	27	1403	0.9901199717713479	0.9819819819819819	0.971606648199446	0.9365759323119829	0.9507607
AY543169	1521	7605	Bacillaceae	Virgibacillus halodenitrificans	KP197672	1558	7790	Bacillaceae	Virgibacillus flavescens	7207.0	1521	21	21	1475	0.9833333333333333	0.9861932938856016	0.9697567389875082	0.9433431313108057	0.947666
AY543169	1521	7605	Bacillaceae	Virgibacillus halodenitrificans	KJ144820	1525	7625	Bacillaceae	Virgibacillus oceani	7207.0	1510	19	24	1469	0.9885598923283984	0.987375415282392	0.9728476821192052	0.945488329384656	0.947666
AY543169	1521	7605	Bacillaceae	Virgibacillus halodenitrificans	EF101168	1465	7325	Bacillaceae	Virgibacillus chiguensis	6907.0	1475	29	39	1418	0.9874651810584958	0.9802047781569966	0.9613559322033899	0.917890371438875	0.94293517
AY543169	1521	7605	Bacillaceae	Virgibacillus halodenitrificans	AJ316302	1518	7578	Bacillaceae	Virgibacillus carmonensis	7225.0	1518	16	16	1475	0.9820239680426098	0.9894598155467721	0.97167325428195	0.9514036687949731	0.9534178
AY543169	1521	7605	Bacillaceae	Virgibacillus halodenitrificans	AB197851	1564	7820	Bacillaceae	Virgibacillus salarius	7338.0	1521	12	13	1490	0.9880636604774535	0.9921052631578947	0.9796186719263642	0.9636431554239774	0.9648915
AY543169	1521	7605	Bacillaceae	Virgibacillus halodenitrificans	JX435821	1560	7794	Bacillaceae	Virgibacillus natechei	7071.0	1521	33	31	1459	0.9791946308724833	0.9796186719263642	0.9592373438527285	0.9197320735782274	0.92978305
AY543169	1521	7605	Bacillaceae	Virgibacillus halodenitrificans	GU202420	1458	7290	Bacillaceae	Virgibacillus alimentarius	6804.0	1456	28	26	1401	0.9797202797202798	0.9821428571428571	0.9622252747252747	0.9272116865614171	0.93333334
AY543169	1521	7605	Bacillaceae	Virgibacillus halodenitrificans	GU586225	1523	7615	Bacillaceae	Virgibacillus campisalis	7129.0	1521	28	26	1466	0.9806020066889632	0.9829059829059829	0.9638395792241946	0.930238974138264	0.9374096
AY543169	1521	7605	Bacillaceae	Virgibacillus halodenitrificans	AB365482	1524	7614	Bacillaceae	Virgibacillus siamensis	7010.0	1521	36	38	1451	0.978422117329737	0.9763001974983542	0.9539776462853385	0.9086376682345261	0.921762
AY543169	1521	7605	Bacillaceae	Virgibacillus halodenitrificans	FJ357159	1518	7590	Bacillaceae	Virgibacillus byunsanensis	7239.0	1521	17	20	1478	0.9846768820786143	0.9888010540184453	0.9717291255752795	0.948352026975614	0.95375496
AY543169	1521	7605	Bacillaceae	Virgibacillus halodenitrificans	FJ425909	1497	7461	Bacillaceae	Virgibacillus litoralis	7095.0	1498	15	16	1452	0.979757085020243	0.9899799599198397	0.9692923898531375	0.9494324664655319	0.9509449
AY543169	1521	7605	Bacillaceae	Virgibacillus halodenitrificans	DQ139839	1564	7802	Bacillaceae	Virgibacillus olivae	7336.0	1521	14	12	1490	0.9874088800530152	0.9921104536489151	0.9796186719263642	0.9630257823693052	0.9646285
AY543169	1521	7605	Bacillaceae	Virgibacillus halodenitrificans	AJ009793	1563	7815	Bacillaceae	Virgibacillus marismortui	7336.0	1521	12	12	1490	0.9874088800530152	0.9921104536489151	0.9796186719263642	0.9642821760840729	0.9646285
EF675742	1350	6738	Bacillaceae	Virgibacillus arcticus	LC041942	1446	7230	Bacillaceae	Virgibacillus kapii	6167.0	1327	29	30	1271	0.9799537393986122	0.978129713423831	0.9577995478522984	0.9161253787348311	0.91525674
EF675742	1350	6738	Bacillaceae	Virgibacillus arcticus	KP197672	1558	7790	Bacillaceae	Virgibacillus flavescens	6480.0	1350	23	14	1319	0.9872754491017964	0.9896296296296296	0.977037037037037	0.9507075611664104	0.9617097
EF675742	1350	6738	Bacillaceae	Virgibacillus arcticus	KJ144820	1525	7625	Bacillaceae	Virgibacillus oceani	6386.0	1350	13	15	1307	0.9790262172284644	0.9903560830860534	0.9681481481481482	0.9482595581641804	0.947759
EF675742	1350	6738	Bacillaceae	Virgibacillus arcticus	EF101168	1465	7325	Bacillaceae	Virgibacillus chiguensis	6240.0	1350	29	31	1289	0.9772554965883244	0.978486646884273	0.9548148148148148	0.9132710230172159	0.92609084
EF675742	1350	6738	Bacillaceae	Virgibacillus arcticus	AJ316302	1518	7578	Bacillaceae	Virgibacillus carmonensis	6558.0	1350	4	5	1326	0.9858736059479554	0.9970348406226834	0.9822222222222222	0.9756934186771705	0.97328585
EF675742	1350	6738	Bacillaceae	Virgibacillus arcticus	AB197851	1564	7820	Bacillaceae	Virgibacillus salarius	6307.0	1350	29	31	1296	0.9825625473843821	0.978486646884273	0.96	0.9182306018854243	0.93603444
EF675742	1350	6738	Bacillaceae	Virgibacillus arcticus	JX435821	1560	7794	Bacillaceae	Virgibacillus natechei	6328.0	1350	29	26	1301	0.9826283987915407	0.9807407407407407	0.9637037037037037	0.9252673703435125	0.9391511
EF675742	1350	6738	Bacillaceae	Virgibacillus arcticus	GU202420	1458	7290	Bacillaceae	Virgibacillus alimentarius	6275.0	1350	25	24	1295	0.9766214177978884	0.9822222222222222	0.9592592592592593	0.9250747474747475	0.93128526
EF675742	1350	6738	Bacillaceae	Virgibacillus arcticus	GU586225	1523	7615	Bacillaceae	Virgibacillus campisalis	6275.0	1350	25	24	1295	0.9766214177978884	0.9822222222222222	0.9592592592592593	0.9250747474747475	0.93128526
EF675742	1350	6738	Bacillaceae	Virgibacillus arcticus	AB365482	1524	7614	Bacillaceae	Virgibacillus siamensis	6280.0	1350	20	21	1295	0.9744168547780286	0.9851742031134173	0.9592592592592593	0.930551500405515	0.9320273
EF675742	1350	6738	Bacillaceae	Virgibacillus arcticus	FJ357159	1518	7590	Bacillaceae	Virgibacillus byunsanensis	6431.0	1350	11	13	1312	0.981301421091997	0.9918397626112759	0.9718518518518519	0.9547141263232373	0.9544375
EF675742	1350	6738	Bacillaceae	Virgibacillus arcticus	FJ425909	1497	7461	Bacillaceae	Virgibacillus litoralis	6427.0	1350	12	12	1312	0.9805680119581465	0.9911111111111112	0.9718518518518519	0.9547267090879425	0.9538439
EF675742	1350	6738	Bacillaceae	Virgibacillus arcticus	DQ139839	1564	7802	Bacillaceae	Virgibacillus olivae	6300.0	1350	31	30	1296	0.9818181818181818	0.9777777777777777	0.96	0.9175959449674149	0.93499553
EF675742	1350	6738	Bacillaceae	Virgibacillus arcticus	AJ009793	1563	7815	Bacillaceae	Virgibacillus marismortui	6304.0	1350	29	30	1296	0.9818181818181818	0.9785025945144552	0.96	0.9189267585206672	0.9355892
LC041942	1446	7230	Bacillaceae	Virgibacillus kapii	KP197672	1558	7790	Bacillaceae	Virgibacillus flavescens	6784.0	1446	28	28	1394	0.9830747531734838	0.9806362378976486	0.9640387275242047	0.9274131042261345	0.9383126
LC041942	1446	7230	Bacillaceae	Virgibacillus kapii	KJ144820	1525	7625	Bacillaceae	Virgibacillus oceani	6831.0	1446	26	28	1399	0.9866008462623413	0.981994459833795	0.9674965421853389	0.9320041418606049	0.94481325
LC041942	1446	7230	Bacillaceae	Virgibacillus kapii	EF101168	1465	7325	Bacillaceae	Virgibacillus chiguensis	6828.0	1443	22	30	1396	0.9879688605803255	0.9846689895470383	0.9674289674289674	0.9330901917932636	0.94439834
LC041942	1446	7230	Bacillaceae	Virgibacillus kapii	AJ316302	1518	7578	Bacillaceae	Virgibacillus carmonensis	6797.0	1443	28	28	1393	0.984452296819788	0.9805959805959806	0.9653499653499653	0.9285997287356906	0.9401106
LC041942	1446	7230	Bacillaceae	Virgibacillus kapii	AB197851	1564	7820	Bacillaceae	Virgibacillus salarius	6966.0	1446	17	16	1415	0.9895104895104895	0.9889349930843707	0.9785615491009682	0.9564887322039538	0.9634855
LC041942	1446	7230	Bacillaceae	Virgibacillus kapii	JX435821	1560	7794	Bacillaceae	Virgibacillus natechei	6704.0	1446	38	39	1384	0.9836531627576404	0.9737024221453288	0.9571230982019364	0.9074610506537227	0.9272476
LC041942	1446	7230	Bacillaceae	Virgibacillus kapii	GU202420	1458	7290	Bacillaceae	Virgibacillus alimentarius	6497.0	1411	47	46	1345	0.9853479853479854	0.9673990077958894	0.9532246633593197	0.8924222671368116	0.89861685
LC041942	1446	7230	Bacillaceae	Virgibacillus kapii	GU586225	1523	7615	Bacillaceae	Virgibacillus campisalis	6657.0	1443	47	46	1377	0.9856836077308518	0.9681219681219682	0.9542619542619543	0.8947006376536578	0.92074686
LC041942	1446	7230	Bacillaceae	Virgibacillus kapii	AB365482	1524	7614	Bacillaceae	Virgibacillus siamensis	6708.0	1446	32	33	1385	0.9801840056617127	0.9778546712802768	0.9578146611341632	0.9156915535741358	0.92780083
LC041942	1446	7230	Bacillaceae	Virgibacillus kapii	FJ357159	1518	7590	Bacillaceae	Virgibacillus byunsanensis	6827.0	1443	25	27	1397	0.9865819209039548	0.9826509368494102	0.9681219681219682	0.9338288193874025	0.94426
LC041942	1446	7230	Bacillaceae	Virgibacillus kapii	FJ425909	1497	7461	Bacillaceae	Virgibacillus litoralis	6807.0	1435	22	23	1391	0.9851274787535411	0.9846582984658299	0.9693379790940767	0.9393996063698259	0.94149375
LC041942	1446	7230	Bacillaceae	Virgibacillus kapii	DQ139839	1564	7802	Bacillaceae	Virgibacillus olivae	6959.0	1446	21	18	1414	0.9901960784313726	0.9875518672199171	0.9778699861687413	0.9518734425691633	0.96251726
LC041942	1446	7230	Bacillaceae	Virgibacillus kapii	AJ009793	1563	7815	Bacillaceae	Virgibacillus marismortui	6957.0	1446	17	16	1414	0.9888111888111888	0.9889349930843707	0.9778699861687413	0.9558127684356118	0.96224064
KP197672	1558	7790	Bacillaceae	Virgibacillus flavescens	KJ144820	1525	7625	Bacillaceae	Virgibacillus oceani	7203.0	1530	15	20	1478	0.9788079470198675	0.9901639344262295	0.9660130718954248	0.9441292806227128	0.9446557
KP197672	1558	7790	Bacillaceae	Virgibacillus flavescens	EF101168	1465	7325	Bacillaceae	Virgibacillus chiguensis	6770.0	1475	32	42	1402	0.9783670621074668	0.9781569965870307	0.9505084745762712	0.9038345348824132	0.92423207
KP197672	1558	7790	Bacillaceae	Virgibacillus flavescens	AJ316302	1518	7578	Bacillaceae	Virgibacillus carmonensis	7305.0	1518	15	15	1484	0.9873586161011311	0.9901185770750988	0.9776021080368906	0.9584709513238399	0.96397465
KP197672	1558	7790	Bacillaceae	Virgibacillus flavescens	AB197851	1564	7820	Bacillaceae	Virgibacillus salarius	7332.0	1558	32	32	1504	0.9855832241153342	0.9794608472400513	0.9653401797175867	0.9264837196534825	0.9412067
KP197672	1558	7790	Bacillaceae	Virgibacillus flavescens	JX435821	1560	7794	Bacillaceae	Virgibacillus natechei	7227.0	1556	40	37	1492	0.9822251481237656	0.9762210796915167	0.9588688946015425	0.9126076760023452	0.9277279
KP197672	1558	7790	Bacillaceae	Virgibacillus flavescens	GU202420	1458	7290	Bacillaceae	Virgibacillus alimentarius	6749.0	1456	32	30	1395	0.9782608695652174	0.9793956043956044	0.9581043956043956	0.9181833791208792	0.92578876
KP197672	1558	7790	Bacillaceae	Virgibacillus flavescens	GU586225	1523	7615	Bacillaceae	Virgibacillus campisalis	7074.0	1521	32	30	1460	0.9792085848423877	0.980276134122288	0.9598948060486522	0.9215731846867613	0.92895603
KP197672	1558	7790	Bacillaceae	Virgibacillus flavescens	AB365482	1524	7614	Bacillaceae	Virgibacillus siamensis	7054.0	1526	35	37	1458	0.9791806581598388	0.9770341207349081	0.9554390563564875	0.9113701184591991	0.92645127
KP197672	1558	7790	Bacillaceae	Virgibacillus flavescens	FJ357159	1518	7590	Bacillaceae	Virgibacillus byunsanensis	7188.0	1521	20	23	1472	0.9826435246995995	0.9868247694334651	0.967784352399737	0.9407793380238846	0.94703555
KP197672	1558	7790	Bacillaceae	Virgibacillus flavescens	FJ425909	1497	7461	Bacillaceae	Virgibacillus litoralis	7024.0	1498	23	24	1443	0.9789687924016283	0.9846359385437542	0.9632843791722296	0.9335181952004381	0.9414288
KP197672	1558	7790	Bacillaceae	Virgibacillus flavescens	DQ139839	1564	7802	Bacillaceae	Virgibacillus olivae	7318.0	1558	32	29	1503	0.9829954218443427	0.9813863928112966	0.9646983311938383	0.9276878920725653	0.9394095
KP197672	1558	7790	Bacillaceae	Virgibacillus flavescens	AJ009793	1563	7815	Bacillaceae	Virgibacillus marismortui	7330.0	1558	30	30	1504	0.9842931937172775	0.9807445442875481	0.9653401797175867	0.9288663694008013	0.9409499
KJ144820	1525	7625	Bacillaceae	Virgibacillus oceani	EF101168	1465	7325	Bacillaceae	Virgibacillus chiguensis	6887.0	1477	31	44	1415	0.9874389392882066	0.9788251366120219	0.9580230196343941	0.9103759861645138	0.9402048
KJ144820	1525	7625	Bacillaceae	Virgibacillus oceani	AJ316302	1518	7578	Bacillaceae	Virgibacillus carmonensis	7260.0	1505	15	10	1475	0.9866220735785953	0.9933554817275747	0.9800664451827242	0.9639469312816926	0.9580364
KJ144820	1525	7625	Bacillaceae	Virgibacillus oceani	AB197851	1564	7820	Bacillaceae	Virgibacillus salarius	7240.0	1525	29	24	1481	0.9866755496335776	0.9842622950819672	0.9711475409836066	0.9380260354030846	0.9495082
KJ144820	1525	7625	Bacillaceae	Virgibacillus oceani	JX435821	1560	7794	Bacillaceae	Virgibacillus natechei	7139.0	1525	33	25	1470	0.98	0.9836065573770492	0.9639344262295082	0.9280498326984996	0.9362623
KJ144820	1525	7625	Bacillaceae	Virgibacillus oceani	GU202420	1458	7290	Bacillaceae	Virgibacillus alimentarius	6884.0	1453	25	20	1410	0.9839497557571528	0.9862353750860289	0.9704060564349621	0.9408605405083225	0.94430727
KJ144820	1525	7625	Bacillaceae	Virgibacillus oceani	GU586225	1523	7615	Bacillaceae	Virgibacillus campisalis	7132.0	1505	27	20	1461	0.9838383838383838	0.9867109634551495	0.9707641196013289	0.9409821916501132	0.93657255
KJ144820	1525	7625	Bacillaceae	Virgibacillus oceani	AB365482	1524	7614	Bacillaceae	Virgibacillus siamensis	7037.0	1509	35	32	1450	0.9817197020988491	0.9787939032471835	0.9609012591119946	0.9192041189821347	0.92421854
KJ144820	1525	7625	Bacillaceae	Virgibacillus oceani	FJ357159	1518	7590	Bacillaceae	Virgibacillus byunsanensis	7166.0	1505	20	18	1464	0.98453261600538	0.9880398671096345	0.9727574750830564	0.9485182724252491	0.94413704
KJ144820	1525	7625	Bacillaceae	Virgibacillus oceani	FJ425909	1497	7461	Bacillaceae	Virgibacillus litoralis	7101.0	1495	14	12	1452	0.9790964261631827	0.9919732441471572	0.9712374581939799	0.9545030818433877	0.9517491
KJ144820	1525	7625	Bacillaceae	Virgibacillus oceani	DQ139839	1564	7802	Bacillaceae	Virgibacillus olivae	7248.0	1525	29	22	1482	0.9860279441117764	0.9855737704918033	0.9718032786885246	0.9399101208937274	0.95055735
KJ144820	1525	7625	Bacillaceae	Virgibacillus oceani	AJ009793	1563	7815	Bacillaceae	Virgibacillus marismortui	7239.0	1525	27	22	1481	0.9853626081170991	0.9855737704918033	0.9711475409836066	0.940486310630387	0.94937706
EF101168	1465	7325	Bacillaceae	Virgibacillus chiguensis	AJ316302	1518	7578	Bacillaceae	Virgibacillus carmonensis	6810.0	1464	48	32	1406	0.9818435754189944	0.9781420765027322	0.9603825136612022	0.9095686240494983	0.9296928
EF101168	1465	7325	Bacillaceae	Virgibacillus chiguensis	AB197851	1564	7820	Bacillaceae	Virgibacillus salarius	6969.0	1464	31	20	1425	0.9868421052631579	0.9863387978142076	0.9733606557377049	0.9401557102911344	0.9513993
EF101168	1465	7325	Bacillaceae	Virgibacillus chiguensis	JX435821	1560	7794	Bacillaceae	Virgibacillus natechei	6734.0	1464	61	43	1398	0.983814215341309	0.9706284153005464	0.9549180327868853	0.8897957538296157	0.9193174
EF101168	1465	7325	Bacillaceae	Virgibacillus chiguensis	GU202420	1458	7290	Bacillaceae	Virgibacillus alimentarius	6723.0	1441	43	34	1385	0.984363894811656	0.9764052741151977	0.9611380985426787	0.9112677255050868	0.9222222
EF101168	1465	7325	Bacillaceae	Virgibacillus chiguensis	GU586225	1523	7615	Bacillaceae	Virgibacillus campisalis	6823.0	1464	52	34	1408	0.9846153846153847	0.976775956284153	0.9617486338797814	0.9071903340686591	0.9314676
EF101168	1465	7325	Bacillaceae	Virgibacillus chiguensis	AB365482	1524	7614	Bacillaceae	Virgibacillus siamensis	6696.0	1464	52	38	1393	0.9768583450210379	0.9740437158469946	0.9515027322404371	0.8950151030177199	0.9141297
EF101168	1465	7325	Bacillaceae	Virgibacillus chiguensis	FJ357159	1518	7590	Bacillaceae	Virgibacillus byunsanensis	6843.0	1464	45	32	1410	0.9846368715083799	0.9781420765027322	0.9631147540983607	0.9139697335114992	0.93419796
EF101168	1465	7325	Bacillaceae	Virgibacillus chiguensis	FJ425909	1497	7461	Bacillaceae	Virgibacillus litoralis	6785.0	1461	44	34	1401	0.9817799579537492	0.9767282683093771	0.9589322381930184	0.9092334245192274	0.92627984
EF101168	1465	7325	Bacillaceae	Virgibacillus chiguensis	DQ139839	1564	7802	Bacillaceae	Virgibacillus olivae	6958.0	1464	34	20	1424	0.9861495844875346	0.9863387978142076	0.9726775956284153	0.9376144513267234	0.9498976
EF101168	1465	7325	Bacillaceae	Virgibacillus chiguensis	AJ009793	1563	7815	Bacillaceae	Virgibacillus marismortui	6958.0	1464	32	20	1424	0.9861495844875346	0.9863387978142076	0.9726775956284153	0.9388679465825077	0.9498976
AJ316302	1518	7578	Bacillaceae	Virgibacillus carmonensis	AB197851	1564	7820	Bacillaceae	Virgibacillus salarius	7220.0	1518	23	24	1473	0.9859437751004017	0.984838497033619	0.9703557312252964	0.9407601962690414	0.95275795
AJ316302	1518	7578	Bacillaceae	Virgibacillus carmonensis	JX435821	1560	7794	Bacillaceae	Virgibacillus natechei	7150.0	1518	30	28	1466	0.9838926174496644	0.9815546772068511	0.9657444005270093	0.9295601788018371	0.9435207
AJ316302	1518	7578	Bacillaceae	Virgibacillus carmonensis	GU202420	1458	7290	Bacillaceae	Virgibacillus alimentarius	6855.0	1456	24	22	1407	0.9811715481171548	0.9848901098901099	0.9663461538461539	0.9363110706860707	0.9403292
AJ316302	1518	7578	Bacillaceae	Virgibacillus carmonensis	GU586225	1523	7615	Bacillaceae	Virgibacillus campisalis	7165.0	1518	24	22	1469	0.981951871657754	0.9855072463768116	0.9677206851119895	0.9388522340645501	0.94550014
AJ316302	1518	7578	Bacillaceae	Virgibacillus carmonensis	AB365482	1524	7614	Bacillaceae	Virgibacillus siamensis	7125.0	1518	21	23	1463	0.9785953177257525	0.9861477572559367	0.9637681159420289	0.9362139917695472	0.94022167
AJ316302	1518	7578	Bacillaceae	Virgibacillus carmonensis	FJ357159	1518	7590	Bacillaceae	Virgibacillus byunsanensis	7264.0	1518	9	12	1479	0.9820717131474104	0.994059405940594	0.974308300395257	0.9609091685627092	0.9585643
AJ316302	1518	7578	Bacillaceae	Virgibacillus carmonensis	FJ425909	1497	7461	Bacillaceae	Virgibacillus litoralis	7172.0	1498	9	10	1460	0.9811827956989247	0.9939879759519038	0.9746328437917223	0.9623448384618998	0.96126527
AJ316302	1518	7578	Bacillaceae	Virgibacillus carmonensis	DQ139839	1564	7802	Bacillaceae	Virgibacillus olivae	7199.0	1518	25	23	1471	0.9839464882943144	0.9848484848484849	0.969038208168643	0.9388931440130404	0.9499868
AJ316302	1518	7578	Bacillaceae	Virgibacillus carmonensis	AJ009793	1563	7815	Bacillaceae	Virgibacillus marismortui	7217.0	1518	23	23	1473	0.9852842809364548	0.9848484848484849	0.9703557312252964	0.9413898885021531	0.9523621
AB197851	1564	7820	Bacillaceae	Virgibacillus salarius	JX435821	1560	7794	Bacillaceae	Virgibacillus natechei	7249.0	1557	40	37	1494	0.9828947368421053	0.9762363519588954	0.9595375722543352	0.9132730806678707	0.9300744
AB197851	1564	7820	Bacillaceae	Virgibacillus salarius	GU202420	1458	7290	Bacillaceae	Virgibacillus alimentarius	6753.0	1455	43	40	1394	0.9851590106007068	0.9725085910652921	0.9580756013745705	0.9049913057042838	0.9263374
AB197851	1564	7820	Bacillaceae	Virgibacillus salarius	GU586225	1523	7615	Bacillaceae	Virgibacillus campisalis	7078.0	1520	43	40	1459	0.9858108108108108	0.9736842105263158	0.9598684210526316	0.9088965215341618	0.92948127
AB197851	1564	7820	Bacillaceae	Virgibacillus salarius	AB365482	1524	7614	Bacillaceae	Virgibacillus siamensis	7106.0	1525	32	33	1464	0.9812332439678284	0.979002624671916	0.96	0.9199229287090558	0.9332808
AB197851	1564	7820	Bacillaceae	Virgibacillus salarius	FJ357159	1518	7590	Bacillaceae	Virgibacillus byunsanensis	7226.0	1520	21	23	1476	0.9859719438877755	0.9861660079051383	0.9710526315789474	0.9433262748044674	0.95204216
AB197851	1564	7820	Bacillaceae	Virgibacillus salarius	FJ425909	1497	7461	Bacillaceae	Virgibacillus litoralis	7086.0	1497	20	20	1450	0.9817197020988491	0.9866399465597863	0.9686038744154977	0.9430638909108042	0.9497386
AB197851	1564	7820	Bacillaceae	Virgibacillus salarius	DQ139839	1564	7802	Bacillaceae	Virgibacillus olivae	7741.0	1563	5	5	1554	0.9974326059050064	0.9968010236724248	0.9942418426103646	0.9879010145324925	0.9921815
AB197851	1564	7820	Bacillaceae	Virgibacillus salarius	AJ009793	1563	7815	Bacillaceae	Virgibacillus marismortui	7771.0	1561	3	3	1557	0.9993581514762516	0.9980781550288277	0.9974375400384369	0.9936110533119467	0.9943698
JX435821	1560	7794	Bacillaceae	Virgibacillus natechei	GU202420	1458	7290	Bacillaceae	Virgibacillus alimentarius	6814.0	1458	22	22	1403	0.9770194986072424	0.9849108367626886	0.9622770919067215	0.9336688540392243	0.9347051
JX435821	1560	7794	Bacillaceae	Virgibacillus natechei	GU586225	1523	7615	Bacillaceae	Virgibacillus campisalis	7139.0	1523	22	22	1468	0.978014656895403	0.9855548260013132	0.963887065003283	0.9364365595921863	0.9374918
JX435821	1560	7794	Bacillaceae	Virgibacillus natechei	AB365482	1524	7614	Bacillaceae	Virgibacillus siamensis	7188.0	1528	27	31	1474	0.9846359385437542	0.9822834645669292	0.9646596858638743	0.9286788101210417	0.94405043
JX435821	1560	7794	Bacillaceae	Virgibacillus natechei	FJ357159	1518	7590	Bacillaceae	Virgibacillus byunsanensis	7171.0	1523	21	26	1471	0.9826319305277221	0.9861660079051383	0.9658568614576494	0.9364557782397027	0.9447958
JX435821	1560	7794	Bacillaceae	Virgibacillus natechei	FJ425909	1497	7461	Bacillaceae	Virgibacillus litoralis	7133.0	1500	20	23	1456	0.985781990521327	0.9866399465597863	0.9706666666666667	0.9432070175438597	0.95603806
JX435821	1560	7794	Bacillaceae	Virgibacillus natechei	DQ139839	1564	7802	Bacillaceae	Virgibacillus olivae	7223.0	1560	42	42	1491	0.9822134387351779	0.9730769230769231	0.9557692307692308	0.9056539902045521	0.9267385
JX435821	1560	7794	Bacillaceae	Virgibacillus natechei	AJ009793	1563	7815	Bacillaceae	Virgibacillus marismortui	7227.0	1559	37	40	1491	0.9815668202764977	0.9762210796915167	0.9563822963438101	0.9102410452044158	0.92725176
GU202420	1458	7290	Bacillaceae	Virgibacillus alimentarius	GU586225	1523	7615	Bacillaceae	Virgibacillus campisalis	7290.0	1458	0	0	1458	1.0	1.0	1.0	1.0	1.0
GU202420	1458	7290	Bacillaceae	Virgibacillus alimentarius	AB365482	1524	7614	Bacillaceae	Virgibacillus siamensis	6660.0	1458	37	41	1384	0.976711362032463	0.9745529573590096	0.9492455418381345	0.8997196874813623	0.91358024
GU202420	1458	7290	Bacillaceae	Virgibacillus alimentarius	FJ357159	1518	7590	Bacillaceae	Virgibacillus byunsanensis	6857.0	1458	23	28	1407	0.9839160839160839	0.9841706813489333	0.9650205761316872	0.9317889425174293	0.94060355
GU202420	1458	7290	Bacillaceae	Virgibacillus alimentarius	FJ425909	1497	7461	Bacillaceae	Virgibacillus litoralis	6779.0	1458	26	29	1398	0.9783065080475857	0.9821305841924398	0.9588477366255144	0.92331092697969	0.929904
GU202420	1458	7290	Bacillaceae	Virgibacillus alimentarius	DQ139839	1564	7802	Bacillaceae	Virgibacillus olivae	6742.0	1458	42	42	1393	0.9837570621468926	0.9711934156378601	0.9554183813443072	0.9019149519890259	0.9248285
GU202420	1458	7290	Bacillaceae	Virgibacillus alimentarius	AJ009793	1563	7815	Bacillaceae	Virgibacillus marismortui	6751.0	1458	40	42	1394	0.9844632768361582	0.9725274725274725	0.9561042524005487	0.9037674375161395	0.9260631
GU586225	1523	7615	Bacillaceae	Virgibacillus campisalis	AB365482	1524	7614	Bacillaceae	Virgibacillus siamensis	6985.0	1523	37	41	1449	0.9777327935222672	0.9756418696510862	0.9514116874589625	0.9038411030860144	0.91738904
GU586225	1523	7615	Bacillaceae	Virgibacillus campisalis	FJ357159	1518	7590	Bacillaceae	Virgibacillus byunsanensis	7182.0	1523	23	28	1472	0.9846153846153847	0.9848484848484849	0.9665134602757715	0.9346297691541257	0.9462451
GU586225	1523	7615	Bacillaceae	Virgibacillus campisalis	FJ425909	1497	7461	Bacillaceae	Virgibacillus litoralis	6980.0	1500	26	29	1439	0.9782460910944936	0.9826319305277221	0.9593333333333334	0.9247570991699433	0.93553144
GU586225	1523	7615	Bacillaceae	Virgibacillus campisalis	DQ139839	1564	7802	Bacillaceae	Virgibacillus olivae	7067.0	1523	42	42	1458	0.9844699527346388	0.9724228496388706	0.9573210768220617	0.9059377091204303	0.92803675
GU586225	1523	7615	Bacillaceae	Virgibacillus campisalis	AJ009793	1563	7815	Bacillaceae	Virgibacillus marismortui	7076.0	1523	40	42	1459	0.9851451721809588	0.9737015121630507	0.9579776756401839	0.9077190899700014	0.92921865
AB365482	1524	7614	Bacillaceae	Virgibacillus siamensis	FJ357159	1518	7590	Bacillaceae	Virgibacillus byunsanensis	7091.0	1519	26	27	1460	0.9785522788203753	0.9828722002635046	0.9611586570111915	0.9281868713661474	0.9342556
AB365482	1524	7614	Bacillaceae	Virgibacillus siamensis	FJ425909	1497	7461	Bacillaceae	Virgibacillus litoralis	7068.0	1496	26	25	1447	0.9836845683208701	0.9832887700534759	0.9672459893048129	0.9348349870350721	0.9473261
AB365482	1524	7614	Bacillaceae	Virgibacillus siamensis	DQ139839	1564	7802	Bacillaceae	Virgibacillus olivae	7095.0	1524	37	33	1463	0.9812206572769953	0.9783464566929134	0.9599737532808399	0.9169256029095018	0.93183607
AB365482	1524	7614	Bacillaceae	Virgibacillus siamensis	AJ009793	1563	7815	Bacillaceae	Virgibacillus marismortui	7104.0	1524	32	30	1464	0.9799196787148594	0.9803149606299213	0.9606299212598425	0.9223528935489748	0.93301815
FJ357159	1518	7590	Bacillaceae	Virgibacillus byunsanensis	FJ425909	1497	7461	Bacillaceae	Virgibacillus litoralis	7171.0	1495	13	11	1460	0.9838274932614556	0.9926421404682274	0.9765886287625418	0.9610461041668515	0.9611312
FJ357159	1518	7590	Bacillaceae	Virgibacillus byunsanensis	DQ139839	1564	7802	Bacillaceae	Virgibacillus olivae	7206.0	1518	25	20	1474	0.9839786381842457	0.9868247694334651	0.9710144927536232	0.9426958588107113	0.9494071
FJ357159	1518	7590	Bacillaceae	Virgibacillus byunsanensis	AJ009793	1563	7815	Bacillaceae	Virgibacillus marismortui	7224.0	1518	23	20	1476	0.9853137516688919	0.9868247694334651	0.9723320158102767	0.9452001036234877	0.95177865
FJ425909	1497	7461	Bacillaceae	Virgibacillus litoralis	DQ139839	1564	7802	Bacillaceae	Virgibacillus olivae	7079.0	1497	23	20	1449	0.981042654028436	0.9866399465597863	0.9679358717434869	0.9405534753717962	0.94880044
FJ425909	1497	7461	Bacillaceae	Virgibacillus litoralis	AJ009793	1563	7815	Bacillaceae	Virgibacillus marismortui	7077.0	1497	19	18	1449	0.9797160243407708	0.9879759519038076	0.9679358717434869	0.9443121070637316	0.94853234
DQ139839	1564	7802	Bacillaceae	Virgibacillus olivae	AJ009793	1563	7815	Bacillaceae	Virgibacillus marismortui	7734.0	1561	0	3	1552	0.9961489088575096	1.0	0.994234465086483	0.9923237005795903	0.9912843
