HE576795	1533	7665	Leuconostocaceae	Weissella fabalis	KP027016	1336	6680	Leuconostocaceae	Weissella jogaejeotgali	5924.0	1366	41	71	1253	0.9675675675675676	0.969311377245509	0.917276720351391	0.8442596679851111	0.88682634
HE576795	1533	7665	Leuconostocaceae	Weissella fabalis	AB023236	1479	7395	Leuconostocaceae	Weissella viridescens	6522.0	1470	57	48	1375	0.9669479606188467	0.9673469387755103	0.935374149659864	0.871055691431779	0.8819473
HE576795	1533	7665	Leuconostocaceae	Weissella fabalis	AB023241	1477	7385	Leuconostocaceae	Weissella confusa	6568.0	1469	57	49	1379	0.9711267605633803	0.966643975493533	0.9387338325391422	0.8735268952854404	0.8893703
HE576795	1533	7665	Leuconostocaceae	Weissella fabalis	AJ295989	1520	7582	Leuconostocaceae	Weissella cibaria	6769.0	1512	60	52	1419	0.9719178082191781	0.9656084656084656	0.9384920634920635	0.8716274889939013	0.8927724
HE576795	1533	7665	Leuconostocaceae	Weissella fabalis	M23038	1526	7528	Leuconostocaceae	Weissella kandleri	6558.0	1495	63	53	1386	0.9611650485436893	0.9645484949832775	0.9270903010033444	0.8580643222380121	0.8711477
HE576795	1533	7665	Leuconostocaceae	Weissella fabalis	AY035891	1497	7467	Leuconostocaceae	Weissella koreensis	6593.0	1488	64	56	1389	0.9699720670391061	0.9623655913978495	0.9334677419354839	0.8612924010641836	0.8829517
HE576795	1533	7665	Leuconostocaceae	Weissella fabalis	JQ646523	1451	7255	Leuconostocaceae	Weissella diestrammenae	6361.0	1442	70	61	1343	0.9724837074583635	0.9576976421636616	0.9313453536754508	0.8506533951228821	0.8767746
HE576795	1533	7665	Leuconostocaceae	Weissella fabalis	AB022920	1478	7390	Leuconostocaceae	Weissella minor	6503.0	1469	54	45	1373	0.964185393258427	0.9693669162695712	0.9346494213750851	0.8738941405371774	0.87997293
HE576795	1533	7665	Leuconostocaceae	Weissella fabalis	AY028260	1558	7778	Leuconostocaceae	Weissella soli	6879.0	1533	62	54	1441	0.9743069641649763	0.9647749510763209	0.9399869536855838	0.871624266144814	0.897456
HE576795	1533	7665	Leuconostocaceae	Weissella fabalis	AB690345	1474	7370	Leuconostocaceae	Weissella oryzae	6629.0	1491	48	65	1389	0.9740532959326789	0.9674355495251018	0.93158953722334	0.8631882261731532	0.8994573
HE576795	1533	7665	Leuconostocaceae	Weissella fabalis	FM179678	1536	7680	Leuconostocaceae	Weissella fabaria	7588.0	1533	4	4	1524	0.9967298888162197	0.9973907371167645	0.9941291585127201	0.9889547712205263	0.98995435
HE576795	1533	7665	Leuconostocaceae	Weissella fabalis	KF999666	1396	6980	Leuconostocaceae	Weissella uvarum	6184.0	1392	42	38	1303	0.9623338257016248	0.9727011494252874	0.9360632183908046	0.8838421183411085	0.88595986
HE576795	1533	7665	Leuconostocaceae	Weissella fabalis	AB022926	1480	7388	Leuconostocaceae	Weissella halotolerans	6349.0	1468	78	66	1354	0.9657631954350927	0.9550408719346049	0.9223433242506812	0.8364329499349644	0.85936654
HE576795	1533	7665	Leuconostocaceae	Weissella fabalis	AB023238	1473	7347	Leuconostocaceae	Weissella paramesenteroides	6511.0	1467	52	46	1372	0.9655172413793104	0.9686434901158828	0.9352419904567144	0.8749037975240231	0.88621205
HE576795	1533	7665	Leuconostocaceae	Weissella fabalis	EU439435	1483	7415	Leuconostocaceae	Weissella beninensis	7040.0	1477	38	32	1436	0.9937716262975779	0.9783344617467841	0.972241029113067	0.9273190013652685	0.94942683
HE576795	1533	7665	Leuconostocaceae	Weissella fabalis	FN813251	1461	7305	Leuconostocaceae	Weissella ceti	6375.0	1452	62	53	1350	0.9649749821300929	0.9634986225895317	0.9297520661157025	0.8591302116881557	0.87268996
HE576795	1533	7665	Leuconostocaceae	Weissella fabalis	AM882997	1541	7705	Leuconostocaceae	Weissella ghanensis	7586.0	1533	2	2	1524	0.9954278249510125	0.9986953685583823	0.9941291585127201	0.9915385939302764	0.9896934
HE576795	1533	7665	Leuconostocaceae	Weissella fabalis	S67831	1527	7635	Leuconostocaceae	Weissella hellenica	6755.0	1518	57	52	1421	0.9693042291950886	0.9657444005270093	0.9361001317523057	0.871316059142146	0.8847413
HE576795	1533	7665	Leuconostocaceae	Weissella fabalis	AB023838	1417	6977	Leuconostocaceae	Weissella thailandensis	6150.0	1412	55	50	1304	0.9574155653450808	0.9645892351274787	0.9235127478753541	0.8574126534466477	0.8814677
KP027016	1336	6680	Leuconostocaceae	Weissella jogaejeotgali	AB023236	1479	7395	Leuconostocaceae	Weissella viridescens	6216.0	1336	49	13	1289	0.9743008314436886	0.9902694610778443	0.9648203592814372	0.9216298450031345	0.9305389
KP027016	1336	6680	Leuconostocaceae	Weissella jogaejeotgali	AB023241	1477	7385	Leuconostocaceae	Weissella confusa	6315.0	1336	52	16	1300	0.9848484848484849	0.9880239520958084	0.9730538922155688	0.9253826640666792	0.9453593
KP027016	1336	6680	Leuconostocaceae	Weissella jogaejeotgali	AJ295989	1520	7582	Leuconostocaceae	Weissella cibaria	6258.0	1336	52	16	1292	0.9787878787878788	0.9880239520958084	0.9670658682634731	0.9196880015185767	0.93682635
KP027016	1336	6680	Leuconostocaceae	Weissella jogaejeotgali	M23038	1526	7528	Leuconostocaceae	Weissella kandleri	6027.0	1336	59	21	1265	0.9619771863117871	0.9842814371257484	0.9468562874251497	0.8925562852789046	0.9022455
KP027016	1336	6680	Leuconostocaceae	Weissella jogaejeotgali	AY035891	1497	7467	Leuconostocaceae	Weissella koreensis	6116.0	1336	52	16	1278	0.9681818181818181	0.9880239520958084	0.9565868263473054	0.9097223420593971	0.9155689
KP027016	1336	6680	Leuconostocaceae	Weissella jogaejeotgali	JQ646523	1451	7255	Leuconostocaceae	Weissella diestrammenae	6117.0	1336	55	31	1275	0.9770114942528736	0.9767964071856288	0.9543413173652695	0.8953381877510257	0.91571856
KP027016	1336	6680	Leuconostocaceae	Weissella jogaejeotgali	AB022920	1478	7390	Leuconostocaceae	Weissella minor	6179.0	1336	54	18	1284	0.9742033383915023	0.9865269461077845	0.9610778443113772	0.911295394821867	0.925
KP027016	1336	6680	Leuconostocaceae	Weissella jogaejeotgali	AY028260	1558	7778	Leuconostocaceae	Weissella soli	6200.0	1336	52	18	1286	0.9757207890743551	0.9865269461077845	0.9625748502994012	0.9140300091459731	0.92814374
KP027016	1336	6680	Leuconostocaceae	Weissella jogaejeotgali	AB690345	1474	7370	Leuconostocaceae	Weissella oryzae	6156.0	1335	51	24	1280	0.9763539282990084	0.9820224719101124	0.9588014981273408	0.9069183001767271	0.9215569
KP027016	1336	6680	Leuconostocaceae	Weissella jogaejeotgali	FM179678	1536	7680	Leuconostocaceae	Weissella fabaria	5901.0	1336	69	39	1251	0.9645335389360061	0.9708083832335329	0.936377245508982	0.8643994928292881	0.8833832
KP027016	1336	6680	Leuconostocaceae	Weissella jogaejeotgali	KF999666	1396	6980	Leuconostocaceae	Weissella uvarum	6141.0	1333	22	20	1273	0.9695354150799695	0.9849962490622656	0.9549887471867967	0.9253876199677227	0.9193114
KP027016	1336	6680	Leuconostocaceae	Weissella jogaejeotgali	AB022926	1480	7388	Leuconostocaceae	Weissella halotolerans	6025.0	1336	70	32	1267	0.9716257668711656	0.9760479041916168	0.9483532934131736	0.8795538368497712	0.9019461
KP027016	1336	6680	Leuconostocaceae	Weissella jogaejeotgali	AB023238	1473	7347	Leuconostocaceae	Weissella paramesenteroides	6508.0	1336	4	4	1316	0.987987987987988	0.9970059880239521	0.9850299401197605	0.9791491643578516	0.9742515
KP027016	1336	6680	Leuconostocaceae	Weissella jogaejeotgali	EU439435	1483	7415	Leuconostocaceae	Weissella beninensis	5960.0	1336	76	38	1259	0.9699537750385208	0.9715568862275449	0.9423652694610778	0.8662819545045884	0.89221555
KP027016	1336	6680	Leuconostocaceae	Weissella jogaejeotgali	FN813251	1461	7305	Leuconostocaceae	Weissella ceti	6149.0	1336	48	22	1280	0.974124809741248	0.9835329341317365	0.9580838323353293	0.9096258350351321	0.920509
KP027016	1336	6680	Leuconostocaceae	Weissella jogaejeotgali	AM882997	1541	7705	Leuconostocaceae	Weissella ghanensis	5899.0	1336	72	42	1250	0.9659969088098919	0.968562874251497	0.9356287425149701	0.8598747108056614	0.8830838
KP027016	1336	6680	Leuconostocaceae	Weissella jogaejeotgali	S67831	1527	7635	Leuconostocaceae	Weissella hellenica	6480.0	1336	12	11	1313	0.9909433962264151	0.9917664670658682	0.9827844311377245	0.9660158540485794	0.9700599
KP027016	1336	6680	Leuconostocaceae	Weissella jogaejeotgali	AB023838	1417	6977	Leuconostocaceae	Weissella thailandensis	6487.0	1336	1	0	1311	0.9812874251497006	1.0	0.9812874251497006	0.9805534779356769	0.9711078
AB023236	1479	7395	Leuconostocaceae	Weissella viridescens	AB023241	1477	7385	Leuconostocaceae	Weissella confusa	7001.0	1478	15	16	1433	0.9801641586867305	0.989844278943805	0.969553450608931	0.9494220661689597	0.9480027
AB023236	1479	7395	Leuconostocaceae	Weissella viridescens	AJ295989	1520	7582	Leuconostocaceae	Weissella cibaria	6953.0	1479	19	20	1426	0.9773817683344757	0.9871447902571042	0.9641649763353617	0.9390632179394478	0.9402299
AB023236	1479	7395	Leuconostocaceae	Weissella viridescens	M23038	1526	7528	Leuconostocaceae	Weissella kandleri	6732.0	1479	36	35	1399	0.9688365650969529	0.9763353617308993	0.9459093982420554	0.9015796508656951	0.91034484
AB023236	1479	7395	Leuconostocaceae	Weissella viridescens	AY035891	1497	7467	Leuconostocaceae	Weissella koreensis	6871.0	1479	22	20	1419	0.9725839616175462	0.9864773495605138	0.9594320486815415	0.932585848785056	0.9291413
AB023236	1479	7395	Leuconostocaceae	Weissella viridescens	JQ646523	1451	7255	Leuconostocaceae	Weissella diestrammenae	6695.0	1451	34	34	1385	0.9774170783345095	0.9765678842177808	0.954514128187457	0.9108057371324084	0.92281187
AB023236	1479	7395	Leuconostocaceae	Weissella viridescens	AB022920	1478	7390	Leuconostocaceae	Weissella minor	7228.0	1478	1	1	1460	0.988490182802979	0.9993234100135318	0.9878213802435724	0.986485583921404	0.9780785
AB023236	1479	7395	Leuconostocaceae	Weissella viridescens	AY028260	1558	7778	Leuconostocaceae	Weissella soli	6747.0	1479	33	34	1403	0.9709342560553633	0.9776725304465493	0.9486139283299526	0.9065787873259138	0.91237324
AB023236	1479	7395	Leuconostocaceae	Weissella viridescens	AB690345	1474	7370	Leuconostocaceae	Weissella oryzae	6671.0	1479	27	53	1389	0.9740532959326789	0.981417756366139	0.9391480730223124	0.8892597291698655	0.905156
AB023236	1479	7395	Leuconostocaceae	Weissella viridescens	FM179678	1536	7680	Leuconostocaceae	Weissella fabaria	6493.0	1479	46	55	1372	0.9634831460674157	0.9687074829931973	0.9276538201487492	0.8662157638634879	0.8780257
AB023236	1479	7395	Leuconostocaceae	Weissella viridescens	KF999666	1396	6980	Leuconostocaceae	Weissella uvarum	6854.0	1396	1	1	1382	0.9906810035842294	0.9992836676217765	0.9899713467048711	0.9885540648914067	0.98194844
AB023236	1479	7395	Leuconostocaceae	Weissella viridescens	AB022926	1480	7388	Leuconostocaceae	Weissella halotolerans	6847.0	1477	36	33	1415	0.9799168975069252	0.977657413676371	0.9580230196343941	0.9143326109398976	0.92677313
AB023236	1479	7395	Leuconostocaceae	Weissella viridescens	AB023238	1473	7347	Leuconostocaceae	Weissella paramesenteroides	6824.0	1476	27	30	1410	0.975103734439834	0.9816700610997964	0.9552845528455285	0.9190561965499896	0.9288145
AB023236	1479	7395	Leuconostocaceae	Weissella viridescens	EU439435	1483	7415	Leuconostocaceae	Weissella beninensis	6582.0	1479	44	44	1385	0.9651567944250871	0.9702501690331304	0.9364435429344151	0.8823351832638777	0.89006084
AB023236	1479	7395	Leuconostocaceae	Weissella viridescens	FN813251	1461	7305	Leuconostocaceae	Weissella ceti	6925.0	1461	20	20	1417	0.9833448993754337	0.9863107460643394	0.9698836413415469	0.9436882695294863	0.9479808
AB023236	1479	7395	Leuconostocaceae	Weissella viridescens	AM882997	1541	7705	Leuconostocaceae	Weissella ghanensis	6526.0	1479	44	53	1376	0.9649368863955119	0.9700680272108844	0.9303583502366464	0.8711037474966893	0.8824882
AB023236	1479	7395	Leuconostocaceae	Weissella viridescens	S67831	1527	7635	Leuconostocaceae	Weissella hellenica	6848.0	1479	24	27	1415	0.9745179063360881	0.983739837398374	0.9567275185936444	0.9242637105774928	0.9260311
AB023236	1479	7395	Leuconostocaceae	Weissella viridescens	AB023838	1417	6977	Leuconostocaceae	Weissella thailandensis	6424.0	1412	20	22	1335	0.960431654676259	0.9858156028368794	0.9454674220963173	0.9177372323420957	0.9207396
AB023241	1477	7385	Leuconostocaceae	Weissella confusa	AJ295989	1520	7582	Leuconostocaceae	Weissella cibaria	7310.0	1477	1	1	1467	0.9939024390243902	0.999322951929587	0.99322951929587	0.9918855010018296	0.98984426
AB023241	1477	7385	Leuconostocaceae	Weissella confusa	M23038	1526	7528	Leuconostocaceae	Weissella kandleri	6740.0	1477	36	34	1399	0.9695079695079695	0.976980365605958	0.947190250507786	0.9033678331016095	0.9126608
AB023241	1477	7385	Leuconostocaceae	Weissella confusa	AY035891	1497	7467	Leuconostocaceae	Weissella koreensis	6833.0	1477	25	22	1414	0.9718213058419244	0.9851049424509141	0.957345971563981	0.9273890736521919	0.92525387
AB023241	1477	7385	Leuconostocaceae	Weissella confusa	JQ646523	1451	7255	Leuconostocaceae	Weissella diestrammenae	6756.0	1450	31	30	1392	0.9802816901408451	0.9793103448275862	0.96	0.9204591492234977	0.9312199
AB023241	1477	7385	Leuconostocaceae	Weissella confusa	AB022920	1478	7390	Leuconostocaceae	Weissella minor	6913.0	1477	18	17	1423	0.9746575342465753	0.988490182802979	0.963439404197698	0.9408839666412301	0.93608665
AB023241	1477	7385	Leuconostocaceae	Weissella confusa	AY028260	1558	7778	Leuconostocaceae	Weissella soli	6896.0	1477	23	23	1419	0.9759284731774416	0.984427894380501	0.960731211916046	0.931268788083954	0.9337847
AB023241	1477	7385	Leuconostocaceae	Weissella confusa	AB690345	1474	7370	Leuconostocaceae	Weissella oryzae	6932.0	1477	14	39	1418	0.9860917941585535	0.990358126721763	0.960054163845633	0.9259274900134274	0.9405699
AB023241	1477	7385	Leuconostocaceae	Weissella confusa	FM179678	1536	7680	Leuconostocaceae	Weissella fabaria	6530.0	1477	49	57	1375	0.9683098591549296	0.966643975493533	0.9309410968178741	0.8662754636182053	0.8842248
AB023241	1477	7385	Leuconostocaceae	Weissella confusa	KF999666	1396	6980	Leuconostocaceae	Weissella uvarum	6577.0	1396	12	12	1350	0.9754335260115607	0.9914040114613181	0.9670487106017192	0.9505649257619172	0.9422636
AB023241	1477	7385	Leuconostocaceae	Weissella confusa	AB022926	1480	7388	Leuconostocaceae	Weissella halotolerans	6705.0	1476	45	41	1398	0.9742160278745644	0.9722222222222222	0.9471544715447154	0.8936007012930091	0.90792143
AB023241	1477	7385	Leuconostocaceae	Weissella confusa	AB023238	1473	7347	Leuconostocaceae	Weissella paramesenteroides	6973.0	1475	22	24	1427	0.983459682977257	0.9850644942294636	0.967457627118644	0.9377294702399148	0.9490949
AB023241	1477	7385	Leuconostocaceae	Weissella confusa	EU439435	1483	7415	Leuconostocaceae	Weissella beninensis	6614.0	1477	50	49	1387	0.9712885154061625	0.966824644549763	0.9390656736628301	0.8781832233074797	0.8955992
AB023241	1477	7385	Leuconostocaceae	Weissella confusa	FN813251	1461	7305	Leuconostocaceae	Weissella ceti	6788.0	1459	21	20	1401	0.9735927727588604	0.9862919808087731	0.9602467443454421	0.9336453142656022	0.9292266
AB023241	1477	7385	Leuconostocaceae	Weissella confusa	AM882997	1541	7705	Leuconostocaceae	Weissella ghanensis	6553.0	1477	50	58	1377	0.9704016913319239	0.9659632402995235	0.9322951929587001	0.8663568296060219	0.8873392
AB023241	1477	7385	Leuconostocaceae	Weissella confusa	S67831	1527	7635	Leuconostocaceae	Weissella hellenica	6964.0	1477	25	27	1427	0.9841379310344828	0.9830508474576272	0.96614759647935	0.93269907782627	0.94299257
AB023241	1477	7385	Leuconostocaceae	Weissella confusa	AB023838	1417	6977	Leuconostocaceae	Weissella thailandensis	6527.0	1412	20	22	1347	0.9690647482014388	0.9858156028368794	0.9539660056657224	0.9259865557788786	0.93550235
AJ295989	1520	7582	Leuconostocaceae	Weissella cibaria	M23038	1526	7528	Leuconostocaceae	Weissella kandleri	6851.0	1497	37	35	1418	0.9699042407660738	0.9766199064796259	0.9472277889111557	0.9027685967327963	0.91006905
AJ295989	1520	7582	Leuconostocaceae	Weissella cibaria	AY035891	1497	7467	Leuconostocaceae	Weissella koreensis	6925.0	1496	28	28	1429	0.973433242506812	0.9812834224598931	0.9552139037433155	0.9201141802461859	0.92741394
AJ295989	1520	7582	Leuconostocaceae	Weissella cibaria	JQ646523	1451	7255	Leuconostocaceae	Weissella diestrammenae	6770.0	1450	31	30	1392	0.9802816901408451	0.9793103448275862	0.96	0.9204591492234977	0.9331496
AJ295989	1520	7582	Leuconostocaceae	Weissella cibaria	AB022920	1478	7390	Leuconostocaceae	Weissella minor	6869.0	1477	21	20	1416	0.9718599862731641	0.98645903859174	0.9587000677048071	0.9324606132482669	0.9294993
AJ295989	1520	7582	Leuconostocaceae	Weissella cibaria	AY028260	1558	7778	Leuconostocaceae	Weissella soli	7118.0	1520	28	28	1461	0.9792225201072386	0.9815789473684211	0.9611842105263158	0.9264126886984904	0.9388024
AJ295989	1520	7582	Leuconostocaceae	Weissella cibaria	AB690345	1474	7370	Leuconostocaceae	Weissella oryzae	7025.0	1499	17	42	1436	0.9855868222374743	0.9884667571234735	0.9579719813208806	0.920689430596651	0.9531886
AJ295989	1520	7582	Leuconostocaceae	Weissella cibaria	FM179678	1536	7680	Leuconostocaceae	Weissella fabaria	6730.0	1520	52	60	1415	0.9691780821917808	0.9656084656084656	0.930921052631579	0.8645958885764028	0.8876286
AJ295989	1520	7582	Leuconostocaceae	Weissella cibaria	KF999666	1396	6980	Leuconostocaceae	Weissella uvarum	6533.0	1396	16	16	1343	0.9731884057971014	0.9885386819484241	0.9620343839541547	0.9402319049976867	0.9359599
AJ295989	1520	7582	Leuconostocaceae	Weissella cibaria	AB022926	1480	7388	Leuconostocaceae	Weissella halotolerans	6733.0	1476	48	44	1399	0.9769553072625698	0.9701897018970189	0.9478319783197832	0.8906137749041532	0.91134274
AJ295989	1520	7582	Leuconostocaceae	Weissella cibaria	AB023238	1473	7347	Leuconostocaceae	Weissella paramesenteroides	6919.0	1475	25	27	1419	0.9799723756906077	0.9830278343516633	0.9620338983050848	0.9286833898305086	0.9417449
AJ295989	1520	7582	Leuconostocaceae	Weissella cibaria	EU439435	1483	7415	Leuconostocaceae	Weissella beninensis	6618.0	1485	56	58	1388	0.9726699369306236	0.9622387053270398	0.9346801346801347	0.8655344271178145	0.8925152
AJ295989	1520	7582	Leuconostocaceae	Weissella cibaria	FN813251	1461	7305	Leuconostocaceae	Weissella ceti	6826.0	1460	21	20	1404	0.975	0.9863013698630136	0.9616438356164384	0.9350216902685153	0.93442845
AJ295989	1520	7582	Leuconostocaceae	Weissella cibaria	AM882997	1541	7705	Leuconostocaceae	Weissella ghanensis	6760.0	1520	53	61	1418	0.971898560657985	0.96494708994709	0.9328947368421052	0.8652850737778968	0.89158535
AJ295989	1520	7582	Leuconostocaceae	Weissella cibaria	S67831	1527	7635	Leuconostocaceae	Weissella hellenica	7118.0	1520	28	31	1461	0.9811954331766286	0.981542518127884	0.9611842105263158	0.9245499286005712	0.9388024
AJ295989	1520	7582	Leuconostocaceae	Weissella cibaria	AB023838	1417	6977	Leuconostocaceae	Weissella thailandensis	6501.0	1420	18	21	1346	0.9621157969978557	0.9872971065631616	0.9478873239436619	0.9221796705126447	0.9317758
M23038	1526	7528	Leuconostocaceae	Weissella kandleri	AY035891	1497	7467	Leuconostocaceae	Weissella koreensis	7053.0	1498	16	18	1443	0.975	0.9893048128342246	0.9632843791722296	0.9416518369715323	0.94455606
M23038	1526	7528	Leuconostocaceae	Weissella kandleri	JQ646523	1451	7255	Leuconostocaceae	Weissella diestrammenae	6822.0	1452	22	23	1398	0.9783065080475857	0.9848380427291523	0.9628099173553719	0.9334161274768158	0.94031703
M23038	1526	7528	Leuconostocaceae	Weissella kandleri	AB022920	1478	7390	Leuconostocaceae	Weissella minor	6694.0	1479	34	35	1394	0.9653739612188366	0.9769959404600812	0.9425287356321839	0.8995449400217274	0.9058187
M23038	1526	7528	Leuconostocaceae	Weissella kandleri	AY028260	1558	7778	Leuconostocaceae	Weissella soli	7031.0	1511	17	19	1446	0.9691689008042895	0.9887342611000662	0.956982131039047	0.9344354316166611	0.9339798
M23038	1526	7528	Leuconostocaceae	Weissella kandleri	AB690345	1474	7370	Leuconostocaceae	Weissella oryzae	6739.0	1499	20	47	1402	0.9655647382920111	0.9864130434782609	0.9352901934623082	0.8940364456269069	0.91438264
M23038	1526	7528	Leuconostocaceae	Weissella kandleri	FM179678	1536	7680	Leuconostocaceae	Weissella fabaria	6533.0	1507	54	64	1384	0.9591129591129591	0.9639278557114228	0.9183808891838089	0.8489581185728612	0.86782676
M23038	1526	7528	Leuconostocaceae	Weissella kandleri	KF999666	1396	6980	Leuconostocaceae	Weissella uvarum	6362.0	1399	26	29	1322	0.964963503649635	0.9813753581661891	0.9449606862044317	0.9084885193684713	0.9114613
M23038	1526	7528	Leuconostocaceae	Weissella kandleri	AB022926	1480	7388	Leuconostocaceae	Weissella halotolerans	6630.0	1478	60	58	1385	0.9753521126760564	0.9607577807848444	0.9370771312584574	0.8651817466755588	0.8974012
M23038	1526	7528	Leuconostocaceae	Weissella kandleri	AB023238	1473	7347	Leuconostocaceae	Weissella paramesenteroides	6614.0	1477	41	45	1383	0.965782122905028	0.9721656483367278	0.936357481381178	0.8833095608286212	0.90023136
M23038	1526	7528	Leuconostocaceae	Weissella kandleri	EU439435	1483	7415	Leuconostocaceae	Weissella beninensis	6469.0	1487	58	62	1370	0.9614035087719298	0.9608900876601484	0.9213180901143242	0.8497594035035029	0.8724208
M23038	1526	7528	Leuconostocaceae	Weissella kandleri	FN813251	1461	7305	Leuconostocaceae	Weissella ceti	6649.0	1462	34	35	1382	0.9684653118430273	0.9767282683093771	0.945280437756498	0.9016812731808306	0.9101985
M23038	1526	7528	Leuconostocaceae	Weissella kandleri	AM882997	1541	7705	Leuconostocaceae	Weissella ghanensis	6589.0	1513	54	64	1393	0.961352657004831	0.9640718562874252	0.9206873760740251	0.8513567376715139	0.87526566
M23038	1526	7528	Leuconostocaceae	Weissella kandleri	S67831	1527	7635	Leuconostocaceae	Weissella hellenica	6732.0	1509	41	45	1410	0.9631147540983607	0.9727574750830564	0.9343936381709742	0.8825498621176169	0.8942614
M23038	1526	7528	Leuconostocaceae	Weissella kandleri	AB023838	1417	6977	Leuconostocaceae	Weissella thailandensis	6217.0	1420	36	39	1311	0.9493120926864591	0.9745942131263232	0.9232394366197183	0.8756824601454883	0.89107066
AY035891	1497	7467	Leuconostocaceae	Weissella koreensis	JQ646523	1451	7255	Leuconostocaceae	Weissella diestrammenae	6942.0	1454	10	13	1416	0.9826509368494102	0.9931082012405238	0.9738651994497937	0.9585654046496944	0.9568573
AY035891	1497	7467	Leuconostocaceae	Weissella koreensis	AB022920	1478	7390	Leuconostocaceae	Weissella minor	6829.0	1480	21	23	1414	0.970487302676733	0.9857916102841678	0.9554054054054054	0.9273988512163063	0.92408663
AY035891	1497	7467	Leuconostocaceae	Weissella koreensis	AY028260	1558	7778	Leuconostocaceae	Weissella soli	7009.0	1496	21	21	1441	0.9769491525423729	0.9859625668449198	0.9632352941176471	0.9365669471480089	0.9386634
AY035891	1497	7467	Leuconostocaceae	Weissella koreensis	AB690345	1474	7370	Leuconostocaceae	Weissella oryzae	6793.0	1496	22	47	1410	0.9730848861283644	0.9850441876274643	0.9425133689839572	0.8996718522119592	0.92170966
AY035891	1497	7467	Leuconostocaceae	Weissella koreensis	FM179678	1536	7680	Leuconostocaceae	Weissella fabaria	6558.0	1496	56	64	1385	0.9671787709497207	0.9623655913978495	0.9258021390374331	0.8542194994211367	0.87826437
AY035891	1497	7467	Leuconostocaceae	Weissella koreensis	KF999666	1396	6980	Leuconostocaceae	Weissella uvarum	6471.0	1396	16	16	1338	0.9695652173913043	0.9885386819484241	0.9584527220630372	0.9367314139142998	0.92707735
AY035891	1497	7467	Leuconostocaceae	Weissella koreensis	AB022926	1480	7388	Leuconostocaceae	Weissella halotolerans	6633.0	1479	62	61	1389	0.9795486600846263	0.9587559161595672	0.9391480730223124	0.8641868705682277	0.89780724
AY035891	1497	7467	Leuconostocaceae	Weissella koreensis	AB023238	1473	7347	Leuconostocaceae	Weissella paramesenteroides	6759.0	1478	28	33	1404	0.9716262975778547	0.9809911744738629	0.9499323410013532	0.9114556658346318	0.91996735
AY035891	1497	7467	Leuconostocaceae	Weissella koreensis	EU439435	1483	7415	Leuconostocaceae	Weissella beninensis	6595.0	1489	51	59	1387	0.9699300699300699	0.9655638082376773	0.931497649429147	0.8649621030413508	0.88941336
AY035891	1497	7467	Leuconostocaceae	Weissella koreensis	FN813251	1461	7305	Leuconostocaceae	Weissella ceti	6680.0	1466	28	33	1390	0.9699930216329379	0.9808350444900753	0.9481582537517054	0.9094449649439048	0.9144422
AY035891	1497	7467	Leuconostocaceae	Weissella koreensis	AM882997	1541	7705	Leuconostocaceae	Weissella ghanensis	6576.0	1496	56	64	1387	0.9685754189944135	0.9623655913978495	0.9271390374331551	0.8554530293841999	0.88067496
AY035891	1497	7467	Leuconostocaceae	Weissella koreensis	S67831	1527	7635	Leuconostocaceae	Weissella hellenica	6808.0	1496	34	36	1417	0.9705479452054795	0.9772423025435074	0.9471925133689839	0.9038569081821676	0.911745
AY035891	1497	7467	Leuconostocaceae	Weissella koreensis	AB023838	1417	6977	Leuconostocaceae	Weissella thailandensis	6341.0	1416	26	25	1328	0.9547088425593099	0.9823446327683616	0.9378531073446328	0.9046835452956894	0.90884334
JQ646523	1451	7255	Leuconostocaceae	Weissella diestrammenae	AB022920	1478	7390	Leuconostocaceae	Weissella minor	6676.0	1451	34	34	1383	0.9760056457304164	0.9765678842177808	0.9531357684355617	0.909490494190701	0.92019296
JQ646523	1451	7255	Leuconostocaceae	Weissella diestrammenae	AY028260	1558	7778	Leuconostocaceae	Weissella soli	6805.0	1451	24	25	1398	0.9803646563814866	0.983448275862069	0.9634734665747761	0.9314665514139869	0.9379738
JQ646523	1451	7255	Leuconostocaceae	Weissella diestrammenae	AB690345	1474	7370	Leuconostocaceae	Weissella oryzae	6637.0	1451	23	49	1373	0.9793152639087018	0.983859649122807	0.9462439696760855	0.9000230973445535	0.9148174
JQ646523	1451	7255	Leuconostocaceae	Weissella diestrammenae	FM179678	1536	7680	Leuconostocaceae	Weissella fabaria	6329.0	1451	62	71	1339	0.9702898550724638	0.957004160887656	0.9228118538938663	0.841692239506633	0.87236387
JQ646523	1451	7255	Leuconostocaceae	Weissella diestrammenae	KF999666	1396	6980	Leuconostocaceae	Weissella uvarum	6483.0	1395	26	25	1338	0.9766423357664233	0.982078853046595	0.9591397849462365	0.9247160488221985	0.9287966
JQ646523	1451	7255	Leuconostocaceae	Weissella diestrammenae	AB022926	1480	7388	Leuconostocaceae	Weissella halotolerans	6617.0	1451	47	44	1377	0.9786780383795309	0.9696760854583046	0.9490006891798759	0.8913511146035283	0.9120606
JQ646523	1451	7255	Leuconostocaceae	Weissella diestrammenae	AB023238	1473	7347	Leuconostocaceae	Weissella paramesenteroides	6626.0	1451	43	46	1376	0.9793594306049822	0.9703038674033149	0.9483115093039284	0.8918190566077773	0.91330117
JQ646523	1451	7255	Leuconostocaceae	Weissella diestrammenae	EU439435	1483	7415	Leuconostocaceae	Weissella beninensis	6373.0	1451	63	63	1347	0.9704610951008645	0.9565816678152997	0.9283252929014473	0.8510670452755672	0.8784287
JQ646523	1451	7255	Leuconostocaceae	Weissella diestrammenae	FN813251	1461	7305	Leuconostocaceae	Weissella ceti	6732.0	1451	22	22	1391	0.9734079776067179	0.9848380427291523	0.9586492074431426	0.9300133859037684	0.92791176
JQ646523	1451	7255	Leuconostocaceae	Weissella diestrammenae	AM882997	1541	7705	Leuconostocaceae	Weissella ghanensis	6361.0	1451	58	67	1343	0.9703757225433526	0.9597780859916782	0.9255685733976567	0.8488978830896997	0.8767746
JQ646523	1451	7255	Leuconostocaceae	Weissella diestrammenae	S67831	1527	7635	Leuconostocaceae	Weissella hellenica	6620.0	1451	43	45	1376	0.9786628733997155	0.9703243616287095	0.9483115093039284	0.8924538032672846	0.91247416
JQ646523	1451	7255	Leuconostocaceae	Weissella diestrammenae	AB023838	1417	6977	Leuconostocaceae	Weissella thailandensis	6221.0	1391	35	34	1303	0.9602063375092115	0.9755571531272466	0.9367361610352265	0.8914102177593285	0.891644
AB022920	1478	7390	Leuconostocaceae	Weissella minor	AY028260	1558	7778	Leuconostocaceae	Weissella soli	6720.0	1478	32	33	1399	0.9681660899653979	0.9783344617467841	0.9465493910690121	0.9058038874799487	0.9093369
AB022920	1478	7390	Leuconostocaceae	Weissella minor	AB690345	1474	7370	Leuconostocaceae	Weissella oryzae	6637.0	1478	26	52	1384	0.97054698457223	0.9820936639118457	0.9364005412719891	0.887837215328362	0.90054274
AB022920	1478	7390	Leuconostocaceae	Weissella minor	FM179678	1536	7680	Leuconostocaceae	Weissella fabaria	6475.0	1478	43	52	1370	0.9607293127629734	0.9707283866575902	0.9269282814614344	0.8690333526390568	0.87618405
AB022920	1478	7390	Leuconostocaceae	Weissella minor	KF999666	1396	6980	Leuconostocaceae	Weissella uvarum	6877.0	1396	5	5	1384	0.9949676491732566	0.9964183381088825	0.9914040114613181	0.9843276088099168	0.98524356
AB022920	1478	7390	Leuconostocaceae	Weissella minor	AB022926	1480	7388	Leuconostocaceae	Weissella halotolerans	6839.0	1477	35	32	1414	0.9785467128027682	0.9783344617467841	0.957345971563981	0.9149238947817147	0.9256903
AB022920	1478	7390	Leuconostocaceae	Weissella minor	AB023238	1473	7347	Leuconostocaceae	Weissella paramesenteroides	6806.0	1476	28	31	1408	0.9743944636678201	0.9809911744738629	0.9539295392953929	0.9165081012512252	0.9263645
AB022920	1478	7390	Leuconostocaceae	Weissella minor	EU439435	1483	7415	Leuconostocaceae	Weissella beninensis	6528.0	1478	47	47	1378	0.9629629629629629	0.9682002706359946	0.93234100135318	0.8748721134009184	0.8833559
AB022920	1478	7390	Leuconostocaceae	Weissella minor	FN813251	1461	7305	Leuconostocaceae	Weissella ceti	6892.0	1460	19	19	1413	0.9805690492713394	0.986986301369863	0.9678082191780822	0.9429422879213093	0.9434634
AB022920	1478	7390	Leuconostocaceae	Weissella minor	AM882997	1541	7705	Leuconostocaceae	Weissella ghanensis	6477.0	1478	45	54	1370	0.9620786516853933	0.9693669162695712	0.9269282814614344	0.8666749000663706	0.87645465
AB022920	1478	7390	Leuconostocaceae	Weissella minor	S67831	1527	7635	Leuconostocaceae	Weissella hellenica	6834.0	1478	24	27	1413	0.9738111647139903	0.9837288135593221	0.956021650879567	0.9235601966885831	0.9247632
AB022920	1478	7390	Leuconostocaceae	Weissella minor	AB023838	1417	6977	Leuconostocaceae	Weissella thailandensis	6397.0	1412	21	23	1332	0.958963282937365	0.9851063829787234	0.943342776203966	0.9143776107099154	0.9168697
AY028260	1558	7778	Leuconostocaceae	Weissella soli	AB690345	1474	7370	Leuconostocaceae	Weissella oryzae	6995.0	1499	16	41	1435	0.9842249657064472	0.989145183175034	0.9573048699132756	0.9212874589660434	0.949118
AY028260	1558	7778	Leuconostocaceae	Weissella soli	FM179678	1536	7680	Leuconostocaceae	Weissella fabaria	6859.0	1544	54	62	1440	0.97165991902834	0.96484375	0.9326424870466321	0.8649412802272269	0.89309895
AY028260	1558	7778	Leuconostocaceae	Weissella soli	KF999666	1396	6980	Leuconostocaceae	Weissella uvarum	6358.0	1426	26	56	1329	0.9700729927007299	0.9813753581661891	0.9319775596072931	0.8793452180867711	0.91088825
AY028260	1558	7778	Leuconostocaceae	Weissella soli	AB022926	1480	7388	Leuconostocaceae	Weissella halotolerans	6678.0	1476	51	47	1394	0.9755073477956613	0.9681571815718157	0.9444444444444444	0.8838317689005312	0.90389824
AY028260	1558	7778	Leuconostocaceae	Weissella soli	AB023238	1473	7347	Leuconostocaceae	Weissella paramesenteroides	6851.0	1475	32	34	1413	0.9805690492713394	0.978275627970129	0.9579661016949153	0.9160113819126561	0.93248945
AY028260	1558	7778	Leuconostocaceae	Weissella soli	EU439435	1483	7415	Leuconostocaceae	Weissella beninensis	6639.0	1485	57	59	1391	0.9754558204768583	0.961564396493594	0.9367003367003367	0.8662352011249547	0.8953473
AY028260	1558	7778	Leuconostocaceae	Weissella soli	FN813251	1461	7305	Leuconostocaceae	Weissella ceti	6664.0	1460	32	31	1386	0.9699090272918125	0.9787671232876712	0.9493150684931507	0.9092300488449815	0.9122519
AY028260	1558	7778	Leuconostocaceae	Weissella soli	AM882997	1541	7705	Leuconostocaceae	Weissella ghanensis	6884.0	1547	54	62	1444	0.9723905723905724	0.9649122807017544	0.9334195216548158	0.8657888754886955	0.8934458
AY028260	1558	7778	Leuconostocaceae	Weissella soli	S67831	1527	7635	Leuconostocaceae	Weissella hellenica	7081.0	1530	35	38	1462	0.9798927613941019	0.977079240340537	0.9555555555555556	0.9109833155839545	0.92743945
AY028260	1558	7778	Leuconostocaceae	Weissella soli	AB023838	1417	6977	Leuconostocaceae	Weissella thailandensis	6428.0	1418	29	30	1338	0.9639769452449568	0.9795342272406493	0.9435825105782792	0.9051088629458546	0.92131287
AB690345	1474	7370	Leuconostocaceae	Weissella oryzae	FM179678	1536	7680	Leuconostocaceae	Weissella fabaria	6586.0	1474	67	50	1384	0.9719101123595506	0.966078697421981	0.9389416553595658	0.8676527691317467	0.8936228
AB690345	1474	7370	Leuconostocaceae	Weissella oryzae	KF999666	1396	6980	Leuconostocaceae	Weissella uvarum	6377.0	1431	28	63	1332	0.9736842105263158	0.9799426934097422	0.9308176100628931	0.8727611312995461	0.91361034
AB690345	1474	7370	Leuconostocaceae	Weissella oryzae	AB022926	1480	7388	Leuconostocaceae	Weissella halotolerans	6543.0	1451	72	43	1372	0.9744318181818182	0.9703652653342523	0.9455547898001379	0.8741570216931018	0.88778836
AB690345	1474	7370	Leuconostocaceae	Weissella oryzae	AB023238	1473	7347	Leuconostocaceae	Weissella paramesenteroides	6781.0	1450	47	24	1399	0.9810659186535764	0.983448275862069	0.9648275862068966	0.9190675604081727	0.9229618
AB690345	1474	7370	Leuconostocaceae	Weissella oryzae	EU439435	1483	7415	Leuconostocaceae	Weissella beninensis	6588.0	1460	69	46	1379	0.9752475247524752	0.9684931506849315	0.9445205479452055	0.8734807421808506	0.89389414
AB690345	1474	7370	Leuconostocaceae	Weissella oryzae	FN813251	1461	7305	Leuconostocaceae	Weissella ceti	6553.0	1461	50	50	1373	0.9730687455705174	0.9657768651608487	0.9397672826830937	0.8775722275750133	0.8970568
AB690345	1474	7370	Leuconostocaceae	Weissella oryzae	AM882997	1541	7705	Leuconostocaceae	Weissella ghanensis	6613.0	1474	67	50	1387	0.9740168539325843	0.966078697421981	0.9409769335142469	0.869533519353853	0.8972863
AB690345	1474	7370	Leuconostocaceae	Weissella oryzae	S67831	1527	7635	Leuconostocaceae	Weissella hellenica	6882.0	1474	49	26	1421	0.981353591160221	0.9823609226594301	0.9640434192672999	0.9165691865391007	0.9337856
AB690345	1474	7370	Leuconostocaceae	Weissella oryzae	AB023838	1417	6977	Leuconostocaceae	Weissella thailandensis	6342.0	1394	47	24	1323	0.9656934306569344	0.9827833572453372	0.9490674318507891	0.9023056083522423	0.9089867
FM179678	1536	7680	Leuconostocaceae	Weissella fabaria	KF999666	1396	6980	Leuconostocaceae	Weissella uvarum	6158.0	1392	42	38	1300	0.9601181683899557	0.9727011494252874	0.9339080459770115	0.8818071786979592	0.88223493
FM179678	1536	7680	Leuconostocaceae	Weissella fabaria	AB022926	1480	7388	Leuconostocaceae	Weissella halotolerans	6315.0	1468	82	70	1350	0.9656652360515021	0.952316076294278	0.9196185286103542	0.8294365825788873	0.85476446
FM179678	1536	7680	Leuconostocaceae	Weissella fabaria	AB023238	1473	7347	Leuconostocaceae	Weissella paramesenteroides	6475.0	1467	52	46	1368	0.9627023223082336	0.9686434901158828	0.9325153374233128	0.8723530575895506	0.8813121
FM179678	1536	7680	Leuconostocaceae	Weissella fabaria	EU439435	1483	7415	Leuconostocaceae	Weissella beninensis	7032.0	1477	34	28	1435	0.9903381642512077	0.981042654028436	0.9715639810426541	0.9316983511123796	0.9483479
FM179678	1536	7680	Leuconostocaceae	Weissella fabaria	FN813251	1461	7305	Leuconostocaceae	Weissella ceti	6353.0	1452	61	52	1348	0.9628571428571429	0.9641873278236914	0.928374655647383	0.8590380158006187	0.8696783
FM179678	1536	7680	Leuconostocaceae	Weissella fabaria	AM882997	1541	7705	Leuconostocaceae	Weissella ghanensis	7621.0	1535	0	0	1529	0.9960912052117263	1.0	0.9960912052117263	0.9960912052117263	0.99231774
FM179678	1536	7680	Leuconostocaceae	Weissella fabaria	S67831	1527	7635	Leuconostocaceae	Weissella hellenica	6736.0	1520	55	50	1420	0.9659863945578231	0.9671052631578947	0.9342105263157895	0.8719298245614036	0.8822528
FM179678	1536	7680	Leuconostocaceae	Weissella fabaria	AB023838	1417	6977	Leuconostocaceae	Weissella thailandensis	6121.0	1412	52	47	1301	0.9531135531135531	0.96671388101983	0.9213881019830028	0.8590811196767751	0.87731117
KF999666	1396	6980	Leuconostocaceae	Weissella uvarum	AB022926	1480	7388	Leuconostocaceae	Weissella halotolerans	6496.0	1396	31	24	1341	0.9774052478134111	0.9828080229226361	0.9606017191977078	0.9235778267268782	0.930659
KF999666	1396	6980	Leuconostocaceae	Weissella uvarum	AB023238	1473	7347	Leuconostocaceae	Weissella paramesenteroides	6462.0	1396	25	27	1335	0.9751643535427319	0.9820659971305595	0.9563037249283668	0.9213087962188136	0.925788
KF999666	1396	6980	Leuconostocaceae	Weissella uvarum	EU439435	1483	7415	Leuconostocaceae	Weissella beninensis	6225.0	1396	64	32	1314	0.9633431085043989	0.9770773638968482	0.9412607449856734	0.8793696275071633	0.8918338
KF999666	1396	6980	Leuconostocaceae	Weissella uvarum	FN813251	1461	7305	Leuconostocaceae	Weissella ceti	6580.0	1396	18	18	1350	0.9796806966618288	0.9871060171919771	0.9670487106017192	0.9424279513501902	0.9426934
KF999666	1396	6980	Leuconostocaceae	Weissella uvarum	AM882997	1541	7705	Leuconostocaceae	Weissella ghanensis	6191.0	1396	36	40	1304	0.9616519174041298	0.9741379310344828	0.9340974212034384	0.8845224184021386	0.8869628
KF999666	1396	6980	Leuconostocaceae	Weissella uvarum	S67831	1527	7635	Leuconostocaceae	Weissella hellenica	6462.0	1396	49	19	1341	0.9738562091503268	0.9863896848137536	0.9606017191977078	0.9153969324119332	0.925788
KF999666	1396	6980	Leuconostocaceae	Weissella uvarum	AB023838	1417	6977	Leuconostocaceae	Weissella thailandensis	6145.0	1361	17	18	1282	0.9545793000744601	0.9875	0.9419544452608376	0.9180296226308453	0.880751
AB022926	1480	7388	Leuconostocaceae	Weissella halotolerans	AB023238	1473	7347	Leuconostocaceae	Weissella paramesenteroides	6599.0	1479	50	56	1384	0.9725931131412509	0.9660556687033266	0.9357674104124408	0.8708940647592566	0.8981897
AB022926	1480	7388	Leuconostocaceae	Weissella halotolerans	EU439435	1483	7415	Leuconostocaceae	Weissella beninensis	6341.0	1480	71	74	1355	0.9637268847795164	0.9519295870006771	0.9155405405405406	0.8299484203739523	0.8582837
AB022926	1480	7388	Leuconostocaceae	Weissella halotolerans	FN813251	1461	7305	Leuconostocaceae	Weissella ceti	6757.0	1463	39	42	1397	0.9831104855735397	0.9732876712328767	0.9548872180451128	0.9033919686032658	0.9249829
AB022926	1480	7388	Leuconostocaceae	Weissella halotolerans	AM882997	1541	7705	Leuconostocaceae	Weissella ghanensis	6332.0	1480	67	79	1352	0.9650249821556032	0.9543596730245232	0.9135135135135135	0.827299568476039	0.8570655
AB022926	1480	7388	Leuconostocaceae	Weissella halotolerans	S67831	1527	7635	Leuconostocaceae	Weissella hellenica	6597.0	1480	48	54	1385	0.9712482468443198	0.9674355495251018	0.9358108108108109	0.8733417645394086	0.8929345
AB022926	1480	7388	Leuconostocaceae	Weissella halotolerans	AB023838	1417	6977	Leuconostocaceae	Weissella thailandensis	6191.0	1413	45	49	1307	0.9582111436950147	0.9680624556422995	0.9249823071479123	0.8653469594991443	0.8873441
AB023238	1473	7347	Leuconostocaceae	Weissella paramesenteroides	EU439435	1483	7415	Leuconostocaceae	Weissella beninensis	6589.0	1473	48	45	1383	0.9684873949579832	0.9694501018329938	0.9389002036659878	0.8814921044280281	0.89682865
AB023238	1473	7347	Leuconostocaceae	Weissella paramesenteroides	FN813251	1461	7305	Leuconostocaceae	Weissella ceti	6651.0	1456	37	34	1383	0.9725738396624473	0.9766483516483516	0.9498626373626373	0.9046916747017216	0.9104723
AB023238	1473	7347	Leuconostocaceae	Weissella paramesenteroides	AM882997	1541	7705	Leuconostocaceae	Weissella ghanensis	6484.0	1473	47	53	1369	0.9640845070422536	0.9679618268575324	0.9293957909029192	0.8682513309750957	0.88253707
AB023238	1473	7347	Leuconostocaceae	Weissella paramesenteroides	S67831	1527	7635	Leuconostocaceae	Weissella hellenica	7229.0	1473	7	7	1457	0.9938608458390177	0.9952477936184657	0.9891378139850645	0.9797811049338545	0.98393905
AB023238	1473	7347	Leuconostocaceae	Weissella paramesenteroides	AB023838	1417	6977	Leuconostocaceae	Weissella thailandensis	6732.0	1408	5	4	1369	0.9750712250712251	0.9971590909090909	0.9723011363636364	0.9661081354950782	0.96488464
EU439435	1483	7415	Leuconostocaceae	Weissella beninensis	FN813251	1461	7305	Leuconostocaceae	Weissella ceti	6400.0	1461	54	54	1355	0.9630419331911869	0.9630390143737166	0.9274469541409993	0.8613319237467895	0.8761122
EU439435	1483	7415	Leuconostocaceae	Weissella beninensis	AM882997	1541	7705	Leuconostocaceae	Weissella ghanensis	7067.0	1483	27	33	1439	0.9924137931034482	0.9817197020988491	0.9703304113283884	0.9317742360438166	0.9530681
EU439435	1483	7415	Leuconostocaceae	Weissella beninensis	S67831	1527	7635	Leuconostocaceae	Weissella hellenica	6583.0	1483	50	50	1386	0.9672016748080949	0.9662845583277141	0.9345920431557654	0.8736271349264265	0.88779503
EU439435	1483	7415	Leuconostocaceae	Weissella beninensis	AB023838	1417	6977	Leuconostocaceae	Weissella thailandensis	6182.0	1416	46	46	1309	0.9554744525547445	0.9675141242937854	0.9244350282485876	0.8662626461700171	0.88605416
FN813251	1461	7305	Leuconostocaceae	Weissella ceti	AM882997	1541	7705	Leuconostocaceae	Weissella ghanensis	6358.0	1461	52	61	1348	0.9628571428571429	0.9641873278236914	0.9226557152635181	0.8537462005082124	0.87036276
FN813251	1461	7305	Leuconostocaceae	Weissella ceti	S67831	1527	7635	Leuconostocaceae	Weissella hellenica	6685.0	1461	28	30	1389	0.9706498951781971	0.9808087731322824	0.9507186858316222	0.9136859902115859	0.9151266
FN813251	1461	7305	Leuconostocaceae	Weissella ceti	AB023838	1417	6977	Leuconostocaceae	Weissella thailandensis	6248.0	1394	29	31	1307	0.9589141599413059	0.9791666666666666	0.9375896700143472	0.8980567253897086	0.89551383
AM882997	1541	7705	Leuconostocaceae	Weissella ghanensis	S67831	1527	7635	Leuconostocaceae	Weissella hellenica	6755.0	1522	55	50	1423	0.9667119565217391	0.9671484888304862	0.9349540078843627	0.8727027898578198	0.8847413
AM882997	1541	7705	Leuconostocaceae	Weissella ghanensis	AB023838	1417	6977	Leuconostocaceae	Weissella thailandensis	6127.0	1412	54	49	1301	0.954512105649303	0.9652974504249292	0.9213881019830028	0.8566521030032966	0.87817115
S67831	1527	7635	Leuconostocaceae	Weissella hellenica	AB023838	1417	6977	Leuconostocaceae	Weissella thailandensis	6724.0	1417	14	14	1372	0.977904490377762	0.9901199717713479	0.9682427664079041	0.9492974152832212	0.963738
