HQ157192	1460	7300	Nocardiaceae	Williamsia limnetica	KP676047	1504	7520	Nocardiaceae	Williamsia herbipolensis	6868.0	1460	40	42	1407	0.9922425952045134	0.9725651577503429	0.9636986301369863	0.9110164383561644	0.94082195
HQ157192	1460	7300	Nocardiaceae	Williamsia limnetica	JN615440	1477	7385	Nocardiaceae	Williamsia spongiae	6791.0	1460	47	54	1396	0.9928876244665719	0.9676531314521679	0.9561643835616438	0.892081700920817	0.93027395
HQ157192	1460	7300	Nocardiaceae	Williamsia limnetica	DQ157929	1441	7205	Nocardiaceae	Williamsia faeni	6865.0	1406	15	15	1386	0.9964054636951833	0.9893314366998578	0.9857752489331437	0.964963667323014	0.9528105
HQ157192	1460	7300	Nocardiaceae	Williamsia limnetica	AB010909	1440	7200	Nocardiaceae	Williamsia maris	6750.0	1425	34	35	1379	0.9920863309352518	0.976123595505618	0.9677192982456141	0.9219532724889675	0.9375
HQ157192	1460	7300	Nocardiaceae	Williamsia limnetica	AJ920290	1479	7395	Nocardiaceae	Williamsia deligens	6752.0	1449	41	50	1387	0.9914224446032881	0.9715277777777778	0.9572118702553485	0.8987512795216325	0.9249315
HQ157192	1460	7300	Nocardiaceae	Williamsia limnetica	KC550143	1512	7560	Nocardiaceae	Williamsia sterculiae	6766.0	1460	49	47	1396	0.9879688605803255	0.9678082191780822	0.9561643835616438	0.8953348402734279	0.9268493
HQ157192	1460	7300	Nocardiaceae	Williamsia limnetica	Y17384	1465	7325	Nocardiaceae	Williamsia muralis	7189.0	1455	5	5	1445	0.996551724137931	0.9965635738831615	0.993127147766323	0.9863249070281975	0.9847945
HQ157192	1460	7300	Nocardiaceae	Williamsia limnetica	AY894336	1457	7285	Nocardiaceae	Williamsia marianensis	7061.0	1433	8	7	1421	0.9964936886395512	0.9951151430565248	0.9916259595254711	0.9813036906893281	0.9692519
HQ157192	1460	7300	Nocardiaceae	Williamsia limnetica	FR691321	1372	6860	Nocardiaceae	Williamsia phyllosphaerae	6539.0	1375	29	32	1334	0.9932985852568875	0.9788629737609329	0.9701818181818181	0.928030044030044	0.953207
HQ157192	1460	7300	Nocardiaceae	Williamsia limnetica	AM283464	1479	7395	Nocardiaceae	Williamsia serinedens	6732.0	1452	42	53	1385	0.9899928520371694	0.970853573907009	0.9538567493112947	0.8932032076884212	0.9221918
KP676047	1504	7520	Nocardiaceae	Williamsia herbipolensis	JN615440	1477	7385	Nocardiaceae	Williamsia spongiae	7221.0	1482	15	20	1458	0.9972640218878249	0.989844278943805	0.9838056680161943	0.9608041994921015	0.9777928
KP676047	1504	7520	Nocardiaceae	Williamsia herbipolensis	DQ157929	1441	7205	Nocardiaceae	Williamsia faeni	6744.0	1438	37	41	1383	0.9899785254115963	0.9741980474198048	0.9617524339360223	0.9108936611583885	0.9360167
KP676047	1504	7520	Nocardiaceae	Williamsia herbipolensis	AB010909	1440	7200	Nocardiaceae	Williamsia maris	7012.0	1439	17	16	1417	0.9957835558678847	0.9888811674774148	0.9847116052814454	0.9623932790628412	0.9738889
KP676047	1504	7520	Nocardiaceae	Williamsia herbipolensis	AJ920290	1479	7395	Nocardiaceae	Williamsia deligens	7196.0	1474	12	16	1452	0.9958847736625515	0.9918367346938776	0.9850746268656716	0.9665133283782968	0.97308993
KP676047	1504	7520	Nocardiaceae	Williamsia herbipolensis	KC550143	1512	7560	Nocardiaceae	Williamsia sterculiae	7173.0	1504	28	24	1464	0.9891891891891892	0.9840425531914894	0.973404255319149	0.9403644241986556	0.9538564
KP676047	1504	7520	Nocardiaceae	Williamsia herbipolensis	Y17384	1465	7325	Nocardiaceae	Williamsia muralis	6922.0	1460	44	39	1414	0.9950738916256158	0.9732876712328767	0.9684931506849315	0.9150457228213348	0.94498295
KP676047	1504	7520	Nocardiaceae	Williamsia herbipolensis	AY894336	1457	7285	Nocardiaceae	Williamsia marianensis	6859.0	1451	47	41	1403	0.9950354609929078	0.9717436250861475	0.9669193659545141	0.9101176942562516	0.9415237
KP676047	1504	7520	Nocardiaceae	Williamsia herbipolensis	FR691321	1372	6860	Nocardiaceae	Williamsia phyllosphaerae	6711.0	1370	12	10	1354	0.9955882352941177	0.9927007299270073	0.9883211678832117	0.9725881246897018	0.9782799
KP676047	1504	7520	Nocardiaceae	Williamsia herbipolensis	AM283464	1479	7395	Nocardiaceae	Williamsia serinedens	7202.0	1477	11	17	1454	0.9958904109589041	0.9925220938137321	0.984427894380501	0.9659037135722659	0.9739013
JN615440	1477	7385	Nocardiaceae	Williamsia spongiae	DQ157929	1441	7205	Nocardiaceae	Williamsia faeni	6684.0	1425	43	41	1372	0.9913294797687862	0.9712280701754386	0.9628070175438597	0.9077145179023854	0.9276891
JN615440	1477	7385	Nocardiaceae	Williamsia spongiae	AB010909	1440	7200	Nocardiaceae	Williamsia maris	6856.0	1420	25	19	1392	0.9935760171306209	0.9866197183098592	0.9802816901408451	0.9504322822749648	0.9522222
JN615440	1477	7385	Nocardiaceae	Williamsia spongiae	AJ920290	1479	7395	Nocardiaceae	Williamsia deligens	7228.0	1461	8	7	1452	0.9986244841815681	0.9952087611225188	0.9938398357289527	0.9836917094281126	0.9787407
JN615440	1477	7385	Nocardiaceae	Williamsia spongiae	KC550143	1512	7560	Nocardiaceae	Williamsia sterculiae	6986.0	1477	42	33	1431	0.9909972299168975	0.977657413676371	0.968855788761002	0.9210189328313936	0.94597155
JN615440	1477	7385	Nocardiaceae	Williamsia spongiae	Y17384	1465	7325	Nocardiaceae	Williamsia muralis	6892.0	1455	47	37	1410	0.9943582510578279	0.9745704467353952	0.9690721649484536	0.9148763847516027	0.9408874
JN615440	1477	7385	Nocardiaceae	Williamsia spongiae	AY894336	1457	7285	Nocardiaceae	Williamsia marianensis	6824.0	1445	50	39	1398	0.9943100995732574	0.9730103806228374	0.9674740484429065	0.9098786034185462	0.9367193
JN615440	1477	7385	Nocardiaceae	Williamsia spongiae	FR691321	1372	6860	Nocardiaceae	Williamsia phyllosphaerae	6559.0	1365	30	23	1334	0.9940387481371088	0.9831501831501831	0.9772893772893773	0.9401593866109994	0.95612246
JN615440	1477	7385	Nocardiaceae	Williamsia spongiae	AM283464	1479	7395	Nocardiaceae	Williamsia serinedens	7222.0	1464	9	10	1452	0.9986244841815681	0.9938482570061518	0.9918032786885246	0.9790101610408111	0.9779282
DQ157929	1441	7205	Nocardiaceae	Williamsia faeni	AB010909	1440	7200	Nocardiaceae	Williamsia maris	6482.0	1370	30	26	1327	0.9873511904761905	0.981021897810219	0.9686131386861314	0.9298686131386861	0.9002778
DQ157929	1441	7205	Nocardiaceae	Williamsia faeni	AJ920290	1479	7395	Nocardiaceae	Williamsia deligens	6748.0	1438	38	38	1385	0.9892857142857143	0.9735744089012517	0.9631432545201669	0.9135505124175025	0.93657184
DQ157929	1441	7205	Nocardiaceae	Williamsia faeni	KC550143	1512	7560	Nocardiaceae	Williamsia sterculiae	6624.0	1438	51	43	1372	0.9835125448028674	0.9700973574408901	0.9541029207232267	0.8938707685754878	0.91936153
DQ157929	1441	7205	Nocardiaceae	Williamsia faeni	Y17384	1465	7325	Nocardiaceae	Williamsia muralis	6913.0	1416	8	8	1397	0.9921875	0.9943502824858758	0.9865819209039548	0.9754967307814385	0.9594726
DQ157929	1441	7205	Nocardiaceae	Williamsia faeni	AY894336	1457	7285	Nocardiaceae	Williamsia marianensis	6960.0	1429	11	10	1408	0.9922480620155039	0.9930020993701889	0.9853044086773968	0.9709353860508514	0.96599585
DQ157929	1441	7205	Nocardiaceae	Williamsia faeni	FR691321	1372	6860	Nocardiaceae	Williamsia phyllosphaerae	6382.0	1356	37	32	1309	0.9886706948640483	0.976401179941003	0.9653392330383481	0.9175227168289827	0.9303207
DQ157929	1441	7205	Nocardiaceae	Williamsia faeni	AM283464	1479	7395	Nocardiaceae	Williamsia serinedens	6692.0	1439	47	46	1378	0.9892318736539842	0.9680333564975677	0.9576094510076442	0.8976783077077041	0.92879945
AB010909	1440	7200	Nocardiaceae	Williamsia maris	AJ920290	1479	7395	Nocardiaceae	Williamsia deligens	6813.0	1410	12	17	1381	0.9913854989231874	0.9914590747330961	0.9794326241134752	0.9594582597679824	0.94625
AB010909	1440	7200	Nocardiaceae	Williamsia maris	KC550143	1512	7560	Nocardiaceae	Williamsia sterculiae	6834.0	1440	29	26	1397	0.987977369165488	0.9819444444444444	0.9701388888888889	0.9338164662279707	0.94916666
AB010909	1440	7200	Nocardiaceae	Williamsia maris	Y17384	1465	7325	Nocardiaceae	Williamsia muralis	6794.0	1416	30	26	1382	0.9942446043165467	0.981638418079096	0.9759887005649718	0.9381910745403256	0.9436111
AB010909	1440	7200	Nocardiaceae	Williamsia maris	AY894336	1457	7285	Nocardiaceae	Williamsia marianensis	6666.0	1394	33	28	1358	0.9941434846266471	0.9799139167862266	0.9741750358680057	0.9325319544468786	0.92583334
AB010909	1440	7200	Nocardiaceae	Williamsia maris	FR691321	1372	6860	Nocardiaceae	Williamsia phyllosphaerae	6766.0	1371	11	10	1360	0.9992652461425422	0.9927060539752006	0.9919766593727206	0.976903207964018	0.98629737
AB010909	1440	7200	Nocardiaceae	Williamsia maris	AM283464	1479	7395	Nocardiaceae	Williamsia serinedens	6737.0	1413	23	30	1372	0.9920462762111352	0.9836415362731152	0.9709837225760792	0.9351465796119204	0.93569446
AJ920290	1479	7395	Nocardiaceae	Williamsia deligens	KC550143	1512	7560	Nocardiaceae	Williamsia sterculiae	6995.0	1474	36	28	1431	0.9896265560165975	0.9810040705563093	0.9708276797829036	0.9296800165338269	0.9459094
AJ920290	1479	7395	Nocardiaceae	Williamsia deligens	Y17384	1465	7325	Nocardiaceae	Williamsia muralis	6867.0	1450	45	36	1405	0.9936350777934936	0.9751724137931035	0.9689655172413794	0.9164663821935186	0.9374744
AJ920290	1479	7395	Nocardiaceae	Williamsia deligens	AY894336	1457	7285	Nocardiaceae	Williamsia marianensis	6834.0	1447	48	38	1400	0.99361249112846	0.9737387698686939	0.967519004837595	0.9118623931880746	0.938092
AJ920290	1479	7395	Nocardiaceae	Williamsia deligens	FR691321	1372	6860	Nocardiaceae	Williamsia phyllosphaerae	6581.0	1366	25	19	1337	0.9925760950259837	0.986090775988287	0.9787701317715959	0.9478097537716316	0.9593294
AJ920290	1479	7395	Nocardiaceae	Williamsia deligens	AM283464	1479	7395	Nocardiaceae	Williamsia serinedens	7218.0	1479	15	18	1457	0.9972621492128679	0.9898373983739838	0.9851250845165652	0.963365293493107	0.9760649
KC550143	1512	7560	Nocardiaceae	Williamsia sterculiae	Y17384	1465	7325	Nocardiaceae	Williamsia muralis	6832.0	1464	47	46	1405	0.9908321579689704	0.9685792349726776	0.9596994535519126	0.9006312542267452	0.9326962
KC550143	1512	7560	Nocardiaceae	Williamsia sterculiae	AY894336	1457	7285	Nocardiaceae	Williamsia marianensis	6785.0	1455	49	47	1396	0.9914772727272727	0.9676975945017182	0.9594501718213059	0.8982086714922863	0.93136585
KC550143	1512	7560	Nocardiaceae	Williamsia sterculiae	FR691321	1372	6860	Nocardiaceae	Williamsia phyllosphaerae	6509.0	1374	26	28	1331	0.9888558692421991	0.9810495626822158	0.9687045123726347	0.931340195466833	0.9488338
KC550143	1512	7560	Nocardiaceae	Williamsia sterculiae	AM283464	1479	7395	Nocardiaceae	Williamsia serinedens	7029.0	1485	27	37	1436	0.9917127071823204	0.9816949152542372	0.967003367003367	0.9260720075534891	0.9505071
Y17384	1465	7325	Nocardiaceae	Williamsia muralis	AY894336	1457	7285	Nocardiaceae	Williamsia marianensis	7197.0	1443	3	2	1441	1.0	0.9986139986139986	0.9986139986139986	0.9951609764887773	0.9879204
Y17384	1465	7325	Nocardiaceae	Williamsia muralis	FR691321	1372	6860	Nocardiaceae	Williamsia phyllosphaerae	6559.0	1375	30	33	1336	0.9955290611028316	0.978134110787172	0.9716363636363636	0.9280683274021352	0.95612246
Y17384	1465	7325	Nocardiaceae	Williamsia muralis	AM283464	1479	7395	Nocardiaceae	Williamsia serinedens	6834.0	1462	41	52	1401	0.9936170212765958	0.9717436250861475	0.9582763337893296	0.8989817901816067	0.9329693
AY894336	1457	7285	Nocardiaceae	Williamsia marianensis	FR691321	1372	6860	Nocardiaceae	Williamsia phyllosphaerae	6541.0	1376	32	36	1334	0.9955223880597015	0.9766763848396501	0.9694767441860465	0.922655424154334	0.95349854
AY894336	1457	7285	Nocardiaceae	Williamsia marianensis	AM283464	1479	7395	Nocardiaceae	Williamsia serinedens	6786.0	1457	43	55	1393	0.9935805991440799	0.970242214532872	0.9560741249142073	0.8936106154198123	0.9315031
FR691321	1372	6860	Nocardiaceae	Williamsia phyllosphaerae	AM283464	1479	7395	Nocardiaceae	Williamsia serinedens	6548.0	1372	22	30	1333	0.9932935916542474	0.9838709677419355	0.9715743440233237	0.9353319725102585	0.954519
