JX174421	1448	7240	Flavobacteriaceae	Winogradskyella litoriviva	HQ336488	1448	7240	Flavobacteriaceae	Winogradskyella damuponensis	6951.0	1448	14	14	1415	0.9867503486750349	0.9903314917127072	0.9772099447513812	0.9584945696125039	0.9600829
JX174421	1448	7240	Flavobacteriaceae	Winogradskyella litoriviva	GQ181061	1430	7144	Flavobacteriaceae	Winogradskyella pacifica	6607.0	1434	44	48	1366	0.9855699855699855	0.9692307692307692	0.9525801952580195	0.8932856228874256	0.92483205
JX174421	1448	7240	Flavobacteriaceae	Winogradskyella litoriviva	HQ456127	1406	7030	Flavobacteriaceae	Winogradskyella ulvae	6690.0	1406	23	23	1366	0.987707881417209	0.9836415362731152	0.9715504978662873	0.9402759541980934	0.95163584
JX174421	1448	7240	Flavobacteriaceae	Winogradskyella litoriviva	KC261665	1446	7230	Flavobacteriaceae	Winogradskyella undariae	6755.0	1448	38	40	1390	0.9872159090909091	0.9737206085753803	0.9599447513812155	0.9095573418201557	0.9343015
JX174421	1448	7240	Flavobacteriaceae	Winogradskyella litoriviva	JQ432561	1448	7240	Flavobacteriaceae	Winogradskyella litorisediminis	6787.0	1448	23	23	1396	0.9796491228070175	0.9841160220994475	0.9640883977900553	0.9339401542153832	0.9374309
JX174421	1448	7240	Flavobacteriaceae	Winogradskyella litoriviva	FJ919968	1341	6699	Flavobacteriaceae	Winogradskyella lutea	6403.0	1345	26	30	1306	0.9931558935361217	0.9806114839671887	0.971003717472119	0.9313420047234401	0.9558143
JX174421	1448	7240	Flavobacteriaceae	Winogradskyella litoriviva	JQ354979	1448	7240	Flavobacteriaceae	Winogradskyella multivorans	6846.0	1448	23	23	1403	0.984561403508772	0.9841160220994475	0.9689226519337016	0.9386232352178959	0.9455801
JX174421	1448	7240	Flavobacteriaceae	Winogradskyella litoriviva	AB438962	1430	7150	Flavobacteriaceae	Winogradskyella arenosi	6513.0	1380	26	26	1335	0.9859675036927622	0.981159420289855	0.967391304347826	0.931612963077494	0.9109091
JX174421	1448	7240	Flavobacteriaceae	Winogradskyella litoriviva	KF768343	1448	7240	Flavobacteriaceae	Winogradskyella wandonensis	6799.0	1448	34	34	1396	0.9872701555869873	0.9765193370165746	0.9640883977900553	0.9198522229926709	0.9390884
JX174421	1448	7240	Flavobacteriaceae	Winogradskyella litoriviva	AY521225	1432	7160	Flavobacteriaceae	Winogradskyella eximia	6866.0	1431	21	20	1398	0.9907866761162296	0.9860237596086653	0.9769392033542977	0.949353454499252	0.95893854
JX174421	1448	7240	Flavobacteriaceae	Winogradskyella litoriviva	HM368527	1449	7245	Flavobacteriaceae	Winogradskyella aquimaris	6720.0	1448	25	25	1388	0.9754040758959944	0.9827348066298343	0.9585635359116023	0.9260257376797081	0.9281768
JX174421	1448	7240	Flavobacteriaceae	Winogradskyella litoriviva	JF820844	1441	7205	Flavobacteriaceae	Winogradskyella jejuensis	6671.0	1419	27	26	1370	0.9834888729361091	0.981677237491191	0.9654686398872445	0.9300814767378504	0.9258848
JX174421	1448	7240	Flavobacteriaceae	Winogradskyella litoriviva	EU727254	1478	7390	Flavobacteriaceae	Winogradskyella echinorum	7017.0	1448	8	8	1423	0.9881944444444445	0.994475138121547	0.9827348066298343	0.9719355230404955	0.9691989
JX174421	1448	7240	Flavobacteriaceae	Winogradskyella litoriviva	KF312887	1514	7570	Flavobacteriaceae	Winogradskyella sediminis	6871.0	1448	20	24	1404	0.9859550561797753	0.9861495844875346	0.9696132596685083	0.9405512818582805	0.94903314
JX174421	1448	7240	Flavobacteriaceae	Winogradskyella litoriviva	AY521223	1429	7139	Flavobacteriaceae	Winogradskyella thalassocola	6774.0	1428	22	21	1386	0.9850746268656716	0.9852941176470589	0.9705882352941176	0.9418052738336713	0.9488724
JX174421	1448	7240	Flavobacteriaceae	Winogradskyella litoriviva	JN896598	1431	7149	Flavobacteriaceae	Winogradskyella pulchriflava	6883.0	1435	18	22	1400	0.9907997169143666	0.9874213836477987	0.975609756097561	0.9487519513873734	0.962792
JX174421	1448	7240	Flavobacteriaceae	Winogradskyella litoriviva	FJ595484	1514	7570	Flavobacteriaceae	Winogradskyella exilis	6863.0	1448	25	25	1404	0.9866479269149684	0.9827348066298343	0.9696132596685083	0.936700385952673	0.9479282
JX174421	1448	7240	Flavobacteriaceae	Winogradskyella litoriviva	AY521224	1427	7135	Flavobacteriaceae	Winogradskyella epiphytica	6683.0	1426	28	27	1374	0.9821300929235168	0.9810659186535764	0.9635343618513323	0.9270870510522793	0.93665034
JX174421	1448	7240	Flavobacteriaceae	Winogradskyella litoriviva	AY848823	1441	7205	Flavobacteriaceae	Winogradskyella poriferorum	6646.0	1409	21	22	1363	0.9826964671953857	0.9850852272727273	0.9673527324343506	0.9382645034170939	0.922415
JX174421	1448	7240	Flavobacteriaceae	Winogradskyella litoriviva	FN377721	1510	7550	Flavobacteriaceae	Winogradskyella psychrotolerans	6729.0	1448	40	42	1387	0.9864864864864865	0.9723374827109267	0.9578729281767956	0.9050869200380206	0.9294199
JX174421	1448	7240	Flavobacteriaceae	Winogradskyella litoriviva	JF820845	1442	7210	Flavobacteriaceae	Winogradskyella eckloniae	7060.0	1439	7	5	1424	0.99302649930265	0.9965253648366922	0.9895760945100764	0.9813638447631048	0.97919554
JX174421	1448	7240	Flavobacteriaceae	Winogradskyella litoriviva	U64013	1440	7200	Flavobacteriaceae	Winogradskyella rapida	6755.0	1424	20	20	1382	0.9843304843304843	0.9859550561797753	0.9705056179775281	0.9436218058451866	0.93819445
HQ336488	1448	7240	Flavobacteriaceae	Winogradskyella damuponensis	GQ181061	1430	7144	Flavobacteriaceae	Winogradskyella pacifica	6718.0	1434	38	42	1378	0.9899425287356322	0.9734265734265735	0.9609483960948396	0.9087229397853376	0.94036955
HQ336488	1448	7240	Flavobacteriaceae	Winogradskyella damuponensis	HQ456127	1406	7030	Flavobacteriaceae	Winogradskyella ulvae	6738.0	1406	15	15	1372	0.9863407620416966	0.9893314366998578	0.9758179231863442	0.9552165595722765	0.9584637
HQ336488	1448	7240	Flavobacteriaceae	Winogradskyella damuponensis	KC261665	1446	7230	Flavobacteriaceae	Winogradskyella undariae	6893.0	1448	26	28	1406	0.9901408450704225	0.9820193637621023	0.9709944751381215	0.935422085953957	0.95338863
HQ336488	1448	7240	Flavobacteriaceae	Winogradskyella damuponensis	JQ432561	1448	7240	Flavobacteriaceae	Winogradskyella litorisediminis	6847.0	1448	23	23	1402	0.983859649122807	0.9841160220994475	0.9682320441988951	0.9379542236461084	0.9457182
HQ336488	1448	7240	Flavobacteriaceae	Winogradskyella damuponensis	FJ919968	1341	6699	Flavobacteriaceae	Winogradskyella lutea	6342.0	1345	29	33	1298	0.989329268292683	0.9783743475018642	0.9650557620817843	0.9215088499645568	0.94670844
HQ336488	1448	7240	Flavobacteriaceae	Winogradskyella damuponensis	JQ354979	1448	7240	Flavobacteriaceae	Winogradskyella multivorans	6845.0	1448	20	20	1402	0.9817927170868347	0.9861878453038674	0.9682320441988951	0.9418496996703147	0.94544196
HQ336488	1448	7240	Flavobacteriaceae	Winogradskyella damuponensis	AB438962	1430	7150	Flavobacteriaceae	Winogradskyella arenosi	6608.0	1380	21	21	1346	0.9904341427520236	0.9847826086956522	0.9753623188405797	0.9461223349781211	0.9241958
HQ336488	1448	7240	Flavobacteriaceae	Winogradskyella damuponensis	KF768343	1448	7240	Flavobacteriaceae	Winogradskyella wandonensis	6877.0	1448	18	18	1406	0.9832167832167832	0.9875690607734806	0.9709944751381215	0.9471501360487815	0.9498619
HQ336488	1448	7240	Flavobacteriaceae	Winogradskyella damuponensis	AY521225	1432	7160	Flavobacteriaceae	Winogradskyella eximia	6938.0	1431	13	12	1406	0.9908386187455955	0.9916142557651991	0.9825296995108316	0.9655191437713782	0.96899444
HQ336488	1448	7240	Flavobacteriaceae	Winogradskyella damuponensis	HM368527	1449	7245	Flavobacteriaceae	Winogradskyella aquimaris	6620.0	1448	35	35	1375	0.97310686482661	0.975828729281768	0.949585635359116	0.9047636566166088	0.91436464
HQ336488	1448	7240	Flavobacteriaceae	Winogradskyella damuponensis	JF820844	1441	7205	Flavobacteriaceae	Winogradskyella jejuensis	6771.0	1419	16	15	1382	0.9843304843304843	0.9894291754756871	0.9739252995066948	0.9528857982629962	0.9397641
HQ336488	1448	7240	Flavobacteriaceae	Winogradskyella damuponensis	EU727254	1478	7390	Flavobacteriaceae	Winogradskyella echinorum	6983.0	1448	17	17	1418	0.9909154437456325	0.9882596685082873	0.9792817679558011	0.9565544095186016	0.96450275
HQ336488	1448	7240	Flavobacteriaceae	Winogradskyella damuponensis	KF312887	1514	7570	Flavobacteriaceae	Winogradskyella sediminis	6870.0	1448	22	26	1404	0.9873417721518988	0.9847645429362881	0.9696132596685083	0.9379524185364754	0.94889504
HQ336488	1448	7240	Flavobacteriaceae	Winogradskyella damuponensis	AY521223	1429	7139	Flavobacteriaceae	Winogradskyella thalassocola	6909.0	1428	13	12	1401	0.989406779661017	0.9915966386554622	0.9810924369747899	0.9640714023291481	0.9677826
HQ336488	1448	7240	Flavobacteriaceae	Winogradskyella damuponensis	JN896598	1431	7149	Flavobacteriaceae	Winogradskyella pulchriflava	6765.0	1432	25	26	1386	0.9857752489331437	0.9825296995108316	0.9678770949720671	0.9339980751755157	0.9462862
HQ336488	1448	7240	Flavobacteriaceae	Winogradskyella damuponensis	FJ595484	1514	7570	Flavobacteriaceae	Winogradskyella exilis	6820.0	1448	26	26	1399	0.9838255977496484	0.9820441988950276	0.9661602209944752	0.932075871271468	0.94198895
HQ336488	1448	7240	Flavobacteriaceae	Winogradskyella damuponensis	AY521224	1427	7135	Flavobacteriaceae	Winogradskyella epiphytica	6747.0	1426	15	14	1382	0.9787535410764873	0.9901823281907434	0.9691444600280504	0.9496405118387281	0.9456202
HQ336488	1448	7240	Flavobacteriaceae	Winogradskyella damuponensis	AY848823	1441	7205	Flavobacteriaceae	Winogradskyella poriferorum	6544.0	1409	31	32	1350	0.9803921568627451	0.9779829545454546	0.9581263307310149	0.9162083037615331	0.90825814
HQ336488	1448	7240	Flavobacteriaceae	Winogradskyella damuponensis	FN377721	1510	7550	Flavobacteriaceae	Winogradskyella psychrotolerans	6831.0	1448	33	35	1398	0.9893842887473461	0.9771784232365145	0.9654696132596685	0.9211401509357945	0.94350827
HQ336488	1448	7240	Flavobacteriaceae	Winogradskyella damuponensis	JF820845	1442	7210	Flavobacteriaceae	Winogradskyella eckloniae	6834.0	1439	21	19	1398	0.9845070422535211	0.9867963863794301	0.9715079916608756	0.9448913343550983	0.9478502
HQ336488	1448	7240	Flavobacteriaceae	Winogradskyella damuponensis	U64013	1440	7200	Flavobacteriaceae	Winogradskyella rapida	6867.0	1424	15	15	1395	0.9900638750887154	0.9894662921348315	0.9796348314606742	0.9592115896651078	0.95375
GQ181061	1430	7144	Flavobacteriaceae	Winogradskyella pacifica	HQ456127	1406	7030	Flavobacteriaceae	Winogradskyella ulvae	6445.0	1419	44	63	1337	0.9859882005899705	0.9685714285714285	0.9422128259337562	0.8733018400315607	0.9167852
GQ181061	1430	7144	Flavobacteriaceae	Winogradskyella pacifica	KC261665	1446	7230	Flavobacteriaceae	Winogradskyella undariae	7018.0	1430	14	12	1414	0.997179125528914	0.9916083916083916	0.9888111888111888	0.971007109234256	0.9823628
GQ181061	1430	7144	Flavobacteriaceae	Winogradskyella pacifica	JQ432561	1448	7240	Flavobacteriaceae	Winogradskyella litorisediminis	6562.0	1430	49	45	1360	0.9819494584837545	0.9685314685314685	0.951048951048951	0.8906036492243389	0.918533
GQ181061	1430	7144	Flavobacteriaceae	Winogradskyella pacifica	FJ919968	1341	6699	Flavobacteriaceae	Winogradskyella lutea	6278.0	1341	39	39	1290	0.9907834101382489	0.970917225950783	0.9619686800894854	0.907596537301819	0.93715477
GQ181061	1430	7144	Flavobacteriaceae	Winogradskyella pacifica	JQ354979	1448	7240	Flavobacteriaceae	Winogradskyella multivorans	6641.0	1430	43	39	1369	0.9841840402588066	0.9727272727272728	0.9573426573426573	0.9040486329692032	0.92959124
GQ181061	1430	7144	Flavobacteriaceae	Winogradskyella pacifica	AB438962	1430	7150	Flavobacteriaceae	Winogradskyella arenosi	6602.0	1370	20	18	1341	0.9918639053254438	0.9868613138686131	0.9788321167883212	0.9520726776243238	0.92413217
GQ181061	1430	7144	Flavobacteriaceae	Winogradskyella pacifica	KF768343	1448	7240	Flavobacteriaceae	Winogradskyella wandonensis	6585.0	1430	53	49	1362	0.9862418537291817	0.9657342657342657	0.9524475524475524	0.8869386850506202	0.9217525
GQ181061	1430	7144	Flavobacteriaceae	Winogradskyella pacifica	AY521225	1432	7160	Flavobacteriaceae	Winogradskyella eximia	6645.0	1424	44	39	1368	0.9877256317689531	0.9726123595505618	0.9606741573033708	0.9063581116247742	0.93015116
GQ181061	1430	7144	Flavobacteriaceae	Winogradskyella pacifica	HM368527	1449	7245	Flavobacteriaceae	Winogradskyella aquimaris	6369.0	1430	58	54	1337	0.971656976744186	0.9622377622377623	0.9349650349650349	0.8645913226558387	0.89151734
GQ181061	1430	7144	Flavobacteriaceae	Winogradskyella pacifica	JF820844	1441	7205	Flavobacteriaceae	Winogradskyella jejuensis	6484.0	1407	52	47	1341	0.9860294117647059	0.9665955934612651	0.9530916844349681	0.8884199388838633	0.90761477
GQ181061	1430	7144	Flavobacteriaceae	Winogradskyella pacifica	EU727254	1478	7390	Flavobacteriaceae	Winogradskyella echinorum	6640.0	1430	50	46	1369	0.9891618497109826	0.9678321678321679	0.9573426573426573	0.8952447552447552	0.9294513
GQ181061	1430	7144	Flavobacteriaceae	Winogradskyella pacifica	KF312887	1514	7570	Flavobacteriaceae	Winogradskyella sediminis	6736.0	1430	32	32	1381	0.9878397711015737	0.9776223776223776	0.9657342657342657	0.9234586207226425	0.94288915
GQ181061	1430	7144	Flavobacteriaceae	Winogradskyella pacifica	AY521223	1429	7139	Flavobacteriaceae	Winogradskyella thalassocola	6816.0	1421	32	27	1386	0.994261119081779	0.9809992962702322	0.9753694581280788	0.9357639536342339	0.95475554
GQ181061	1430	7144	Flavobacteriaceae	Winogradskyella pacifica	JN896598	1431	7149	Flavobacteriaceae	Winogradskyella pulchriflava	6512.0	1424	56	49	1353	0.984	0.9655898876404494	0.9501404494382022	0.8827318364713028	0.91153413
GQ181061	1430	7144	Flavobacteriaceae	Winogradskyella pacifica	FJ595484	1514	7570	Flavobacteriaceae	Winogradskyella exilis	6494.0	1430	59	55	1351	0.9825454545454545	0.9615384615384616	0.9447552447552447	0.872423412718913	0.9090146
GQ181061	1430	7144	Flavobacteriaceae	Winogradskyella pacifica	AY521224	1427	7135	Flavobacteriaceae	Winogradskyella epiphytica	6538.0	1421	48	43	1353	0.9818577648766328	0.9697396199859254	0.952146375791696	0.8931638569373432	0.91632795
GQ181061	1430	7144	Flavobacteriaceae	Winogradskyella pacifica	AY848823	1441	7205	Flavobacteriaceae	Winogradskyella poriferorum	6319.0	1424	48	72	1323	0.9785502958579881	0.9657142857142857	0.9290730337078652	0.853333384220811	0.8845185
GQ181061	1430	7144	Flavobacteriaceae	Winogradskyella pacifica	FN377721	1510	7550	Flavobacteriaceae	Winogradskyella psychrotolerans	6962.0	1430	14	12	1408	0.9929478138222849	0.9916083916083916	0.9846153846153847	0.966886852759429	0.9745241
GQ181061	1430	7144	Flavobacteriaceae	Winogradskyella pacifica	JF820845	1442	7210	Flavobacteriaceae	Winogradskyella eckloniae	6537.0	1427	53	47	1357	0.9833333333333333	0.9670637701471618	0.9509460406447092	0.886692929790337	0.9150336
GQ181061	1430	7144	Flavobacteriaceae	Winogradskyella pacifica	U64013	1440	7200	Flavobacteriaceae	Winogradskyella rapida	6773.0	1414	24	20	1379	0.9892395982783357	0.9858557284299858	0.9752475247524752	0.9454068494471144	0.9480683
HQ456127	1406	7030	Flavobacteriaceae	Winogradskyella ulvae	KC261665	1446	7230	Flavobacteriaceae	Winogradskyella undariae	6564.0	1406	52	31	1355	0.9854545454545455	0.9779516358463727	0.9637268847795164	0.9088645175389815	0.93371266
HQ456127	1406	7030	Flavobacteriaceae	Winogradskyella ulvae	JQ432561	1448	7240	Flavobacteriaceae	Winogradskyella litorisediminis	6659.0	1406	23	23	1363	0.9855386840202458	0.9836415362731152	0.9694167852062588	0.9382109264802352	0.94722617
HQ456127	1406	7030	Flavobacteriaceae	Winogradskyella ulvae	FJ919968	1341	6699	Flavobacteriaceae	Winogradskyella lutea	6286.0	1339	40	38	1290	0.9915449654112222	0.9716206123973115	0.9634055265123226	0.9089126830982825	0.938349
HQ456127	1406	7030	Flavobacteriaceae	Winogradskyella ulvae	JQ354979	1448	7240	Flavobacteriaceae	Winogradskyella multivorans	6532.0	1406	30	30	1348	0.9796511627906976	0.9786628733997155	0.9587482219061166	0.9186891039991758	0.9291607
HQ456127	1406	7030	Flavobacteriaceae	Winogradskyella ulvae	AB438962	1430	7150	Flavobacteriaceae	Winogradskyella arenosi	6523.0	1378	23	23	1335	0.985239852398524	0.9833091436865021	0.9687953555878084	0.9369862289946326	0.9278805
HQ456127	1406	7030	Flavobacteriaceae	Winogradskyella ulvae	KF768343	1448	7240	Flavobacteriaceae	Winogradskyella wandonensis	6687.0	1406	16	16	1367	0.983453237410072	0.9886201991465149	0.9722617354196301	0.950382427730862	0.9512091
HQ456127	1406	7030	Flavobacteriaceae	Winogradskyella ulvae	AY521225	1432	7160	Flavobacteriaceae	Winogradskyella eximia	6664.0	1394	26	25	1358	0.9919649379108838	0.9820659971305595	0.9741750358680057	0.9391870592276759	0.9479374
HQ456127	1406	7030	Flavobacteriaceae	Winogradskyella ulvae	HM368527	1449	7245	Flavobacteriaceae	Winogradskyella aquimaris	6464.0	1406	31	31	1340	0.9745454545454545	0.9779516358463727	0.9530583214793741	0.9119381990495055	0.9194879
HQ456127	1406	7030	Flavobacteriaceae	Winogradskyella ulvae	JF820844	1441	7205	Flavobacteriaceae	Winogradskyella jejuensis	6689.0	1406	19	18	1367	0.9848703170028819	0.9871977240398293	0.9722617354196301	0.9470170447455766	0.9514936
HQ456127	1406	7030	Flavobacteriaceae	Winogradskyella ulvae	EU727254	1478	7390	Flavobacteriaceae	Winogradskyella echinorum	6831.0	1406	18	18	1382	0.9956772334293948	0.9871977240398293	0.9829302987197724	0.9580809372352839	0.97169274
HQ456127	1406	7030	Flavobacteriaceae	Winogradskyella ulvae	KF312887	1514	7570	Flavobacteriaceae	Winogradskyella sediminis	6603.0	1406	43	24	1359	0.983357452966715	0.9829302987197724	0.9665718349928877	0.9218787273707183	0.9392603
HQ456127	1406	7030	Flavobacteriaceae	Winogradskyella ulvae	AY521223	1429	7139	Flavobacteriaceae	Winogradskyella thalassocola	6545.0	1391	31	30	1342	0.9860396767083027	0.9784327821711	0.9647735442127966	0.9233873373232181	0.93100995
HQ456127	1406	7030	Flavobacteriaceae	Winogradskyella ulvae	JN896598	1431	7149	Flavobacteriaceae	Winogradskyella pulchriflava	6712.0	1398	27	24	1365	0.9934497816593887	0.9828326180257511	0.9763948497854077	0.9414501920036142	0.9547653
HQ456127	1406	7030	Flavobacteriaceae	Winogradskyella ulvae	FJ595484	1514	7570	Flavobacteriaceae	Winogradskyella exilis	6601.0	1406	32	32	1355	0.9861717612809315	0.9772403982930299	0.9637268847795164	0.9208350067364782	0.9389758
HQ456127	1406	7030	Flavobacteriaceae	Winogradskyella ulvae	AY521224	1427	7135	Flavobacteriaceae	Winogradskyella epiphytica	6492.0	1391	20	19	1338	0.9752186588921283	0.9863407620416966	0.9618979151689432	0.9353110840622183	0.92347085
HQ456127	1406	7030	Flavobacteriaceae	Winogradskyella ulvae	AY848823	1441	7205	Flavobacteriaceae	Winogradskyella poriferorum	6634.0	1406	22	23	1360	0.9833694866232827	0.9843416370106761	0.9672830725462305	0.9368014631172525	0.94367
HQ456127	1406	7030	Flavobacteriaceae	Winogradskyella ulvae	FN377721	1510	7550	Flavobacteriaceae	Winogradskyella psychrotolerans	6528.0	1406	58	37	1350	0.9861212563915267	0.9736842105263158	0.9601706970128022	0.8978645383951682	0.9285917
HQ456127	1406	7030	Flavobacteriaceae	Winogradskyella ulvae	JF820845	1442	7210	Flavobacteriaceae	Winogradskyella eckloniae	6699.0	1406	27	25	1367	0.9898624185372918	0.9822190611664295	0.9722617354196301	0.9369807792145912	0.9529161
HQ456127	1406	7030	Flavobacteriaceae	Winogradskyella ulvae	U64013	1440	7200	Flavobacteriaceae	Winogradskyella rapida	6575.0	1384	19	19	1344	0.9846153846153847	0.986271676300578	0.9710982658959537	0.9447962458645595	0.9352774
KC261665	1446	7230	Flavobacteriaceae	Winogradskyella undariae	JQ432561	1448	7240	Flavobacteriaceae	Winogradskyella litorisediminis	6703.0	1446	38	36	1384	0.9815602836879432	0.975103734439834	0.9571230982019364	0.9093959356231336	0.92710924
KC261665	1446	7230	Flavobacteriaceae	Winogradskyella undariae	FJ919968	1341	6699	Flavobacteriaceae	Winogradskyella lutea	6344.0	1343	32	34	1298	0.9915966386554622	0.9761372110365399	0.9664929262844378	0.9201012658227848	0.947007
KC261665	1446	7230	Flavobacteriaceae	Winogradskyella undariae	JQ354979	1448	7240	Flavobacteriaceae	Winogradskyella multivorans	6769.0	1446	34	32	1391	0.9837340876944838	0.9778699861687413	0.9619640387275242	0.9190656424058914	0.9362379
KC261665	1446	7230	Flavobacteriaceae	Winogradskyella undariae	AB438962	1430	7150	Flavobacteriaceae	Winogradskyella arenosi	6696.0	1380	16	16	1356	0.9941348973607038	0.9884057971014493	0.9826086956521739	0.9600847140899464	0.93650347
KC261665	1446	7230	Flavobacteriaceae	Winogradskyella undariae	KF768343	1448	7240	Flavobacteriaceae	Winogradskyella wandonensis	6742.0	1446	41	39	1388	0.9864960909737029	0.9730290456431535	0.9598893499308437	0.9082476902170122	0.93250346
KC261665	1446	7230	Flavobacteriaceae	Winogradskyella undariae	AY521225	1432	7160	Flavobacteriaceae	Winogradskyella eximia	6731.0	1429	35	32	1380	0.9878310665712241	0.9776067179846046	0.9657102869139258	0.9215145292477831	0.9400838
KC261665	1446	7230	Flavobacteriaceae	Winogradskyella undariae	HM368527	1449	7245	Flavobacteriaceae	Winogradskyella aquimaris	6501.0	1446	50	48	1359	0.9721030042918455	0.966804979253112	0.9398340248962656	0.8782673574899593	0.8991701
KC261665	1446	7230	Flavobacteriaceae	Winogradskyella undariae	JF820844	1441	7205	Flavobacteriaceae	Winogradskyella jejuensis	6611.0	1417	40	37	1361	0.986231884057971	0.9738884968242767	0.9604798870853917	0.9097201401357863	0.91755724
KC261665	1446	7230	Flavobacteriaceae	Winogradskyella undariae	EU727254	1478	7390	Flavobacteriaceae	Winogradskyella echinorum	6766.0	1446	44	42	1390	0.99002849002849	0.970954356846473	0.9612724757952974	0.9057896349104682	0.93582296
KC261665	1446	7230	Flavobacteriaceae	Winogradskyella undariae	KF312887	1514	7570	Flavobacteriaceae	Winogradskyella sediminis	6904.0	1446	17	19	1408	0.9866853538892782	0.9882271468144044	0.9737206085753803	0.9497602928483033	0.9549101
KC261665	1446	7230	Flavobacteriaceae	Winogradskyella undariae	AY521223	1429	7139	Flavobacteriaceae	Winogradskyella thalassocola	6851.0	1426	29	26	1392	0.9942857142857143	0.9817671809256662	0.9761570827489481	0.9392576741226992	0.9596582
KC261665	1446	7230	Flavobacteriaceae	Winogradskyella undariae	JN896598	1431	7149	Flavobacteriaceae	Winogradskyella pulchriflava	6562.0	1430	50	49	1360	0.9847936278059377	0.9657342657342657	0.951048951048951	0.8874314874314875	0.9178906
KC261665	1446	7230	Flavobacteriaceae	Winogradskyella undariae	FJ595484	1514	7570	Flavobacteriaceae	Winogradskyella exilis	6658.0	1446	46	44	1378	0.9828815977175464	0.9695712309820194	0.9529737206085753	0.8954887106522941	0.9208852
KC261665	1446	7230	Flavobacteriaceae	Winogradskyella undariae	AY521224	1427	7135	Flavobacteriaceae	Winogradskyella epiphytica	6638.0	1424	35	32	1367	0.9820402298850575	0.9775280898876404	0.9599719101123596	0.9158882103333821	0.9303434
KC261665	1446	7230	Flavobacteriaceae	Winogradskyella undariae	AY848823	1441	7205	Flavobacteriaceae	Winogradskyella poriferorum	6433.0	1434	38	64	1341	0.9788321167883212	0.9730113636363636	0.9351464435146444	0.8703468937602329	0.8928522
KC261665	1446	7230	Flavobacteriaceae	Winogradskyella undariae	FN377721	1510	7550	Flavobacteriaceae	Winogradskyella psychrotolerans	7062.0	1446	11	11	1426	0.9937282229965156	0.9923928077455049	0.9861687413554634	0.9712780671551751	0.9767635
KC261665	1446	7230	Flavobacteriaceae	Winogradskyella undariae	JF820845	1442	7210	Flavobacteriaceae	Winogradskyella eckloniae	6639.0	1437	46	42	1373	0.9842293906810036	0.9707724425887265	0.9554627696590118	0.8987663949253685	0.92080444
KC261665	1446	7230	Flavobacteriaceae	Winogradskyella undariae	U64013	1440	7200	Flavobacteriaceae	Winogradskyella rapida	6881.0	1422	17	15	1395	0.9914712153518124	0.989451476793249	0.9810126582278481	0.9591972273291051	0.95569444
JQ432561	1448	7240	Flavobacteriaceae	Winogradskyella litorisediminis	FJ919968	1341	6699	Flavobacteriaceae	Winogradskyella lutea	6211.0	1345	32	36	1284	0.9809014514896868	0.9761372110365399	0.9546468401486989	0.9075037863141953	0.9271533
JQ432561	1448	7240	Flavobacteriaceae	Winogradskyella litorisediminis	JQ354979	1448	7240	Flavobacteriaceae	Winogradskyella multivorans	6691.0	1448	27	27	1385	0.9746657283603096	0.981353591160221	0.9564917127071824	0.9214743889877329	0.92417127
JQ432561	1448	7240	Flavobacteriaceae	Winogradskyella litorisediminis	AB438962	1430	7150	Flavobacteriaceae	Winogradskyella arenosi	6422.0	1380	33	33	1324	0.9829250185597624	0.9760869565217392	0.9594202898550724	0.9146066032801009	0.8981818
JQ432561	1448	7240	Flavobacteriaceae	Winogradskyella litorisediminis	KF768343	1448	7240	Flavobacteriaceae	Winogradskyella wandonensis	7031.0	1448	15	15	1424	0.9937194696441033	0.9896408839779005	0.9834254143646409	0.9632594796886742	0.9711326
JQ432561	1448	7240	Flavobacteriaceae	Winogradskyella litorisediminis	AY521225	1432	7160	Flavobacteriaceae	Winogradskyella eximia	6718.0	1431	30	29	1380	0.9843081312410842	0.9797344514325647	0.9643605870020965	0.9254165249671042	0.9382682
JQ432561	1448	7240	Flavobacteriaceae	Winogradskyella litorisediminis	HM368527	1449	7245	Flavobacteriaceae	Winogradskyella aquimaris	6713.0	1448	36	36	1386	0.9815864022662889	0.9751381215469613	0.9571823204419889	0.9107422078598978	0.92721
JQ432561	1448	7240	Flavobacteriaceae	Winogradskyella litorisediminis	JF820844	1441	7205	Flavobacteriaceae	Winogradskyella jejuensis	6916.0	1419	12	11	1399	0.9936079545454546	0.9922480620155039	0.9859055673009162	0.9700594261074004	0.959889
JQ432561	1448	7240	Flavobacteriaceae	Winogradskyella litorisediminis	EU727254	1478	7390	Flavobacteriaceae	Winogradskyella echinorum	6912.0	1448	19	19	1410	0.986703988803359	0.986878453038674	0.9737569060773481	0.9485334824707092	0.9546961
JQ432561	1448	7240	Flavobacteriaceae	Winogradskyella litorisediminis	KF312887	1514	7570	Flavobacteriaceae	Winogradskyella sediminis	6694.0	1448	35	39	1383	0.9815471965933286	0.9757617728531855	0.955110497237569	0.9074515782924711	0.92458564
JQ432561	1448	7240	Flavobacteriaceae	Winogradskyella litorisediminis	AY521223	1429	7139	Flavobacteriaceae	Winogradskyella thalassocola	6664.0	1428	30	29	1372	0.9807005003573981	0.9796918767507002	0.9607843137254902	0.9219048387530596	0.93346405
JQ432561	1448	7240	Flavobacteriaceae	Winogradskyella litorisediminis	JN896598	1431	7149	Flavobacteriaceae	Winogradskyella pulchriflava	6709.0	1435	27	31	1380	0.9829059829059829	0.9811320754716981	0.9616724738675958	0.923521308693642	0.93845296
JQ432561	1448	7240	Flavobacteriaceae	Winogradskyella litorisediminis	FJ595484	1514	7570	Flavobacteriaceae	Winogradskyella exilis	6761.0	1448	32	32	1392	0.9830508474576272	0.9779005524861878	0.9613259668508287	0.9197551142302524	0.9338398
JQ432561	1448	7240	Flavobacteriaceae	Winogradskyella litorisediminis	AY521224	1427	7135	Flavobacteriaceae	Winogradskyella epiphytica	6605.0	1426	23	22	1366	0.9729344729344729	0.9845722300140253	0.9579242636746143	0.9281750629393779	0.9257183
JQ432561	1448	7240	Flavobacteriaceae	Winogradskyella litorisediminis	AY848823	1441	7205	Flavobacteriaceae	Winogradskyella poriferorum	6612.0	1409	31	32	1358	0.9862018881626725	0.9779829545454546	0.9638041163946061	0.9216376863023421	0.91769606
JQ432561	1448	7240	Flavobacteriaceae	Winogradskyella litorisediminis	FN377721	1510	7550	Flavobacteriaceae	Winogradskyella psychrotolerans	6691.0	1448	40	42	1382	0.9829302987197724	0.9723374827109267	0.9544198895027625	0.9018241697855404	0.92417127
JQ432561	1448	7240	Flavobacteriaceae	Winogradskyella litorisediminis	JF820845	1442	7210	Flavobacteriaceae	Winogradskyella eckloniae	6725.0	1439	30	28	1385	0.9815733522324592	0.980542043085476	0.9624739402362752	0.9244729269389954	0.93273234
JQ432561	1448	7240	Flavobacteriaceae	Winogradskyella litorisediminis	U64013	1440	7200	Flavobacteriaceae	Winogradskyella rapida	6631.0	1424	33	33	1367	0.98274622573688	0.9768258426966292	0.9599719101123596	0.9164865662088485	0.9209722
FJ919968	1341	6699	Flavobacteriaceae	Winogradskyella lutea	JQ354979	1448	7240	Flavobacteriaceae	Winogradskyella multivorans	6321.0	1341	32	28	1296	0.9870525514089871	0.9791200596569725	0.9664429530201343	0.9242094663622988	0.94357365
FJ919968	1341	6699	Flavobacteriaceae	Winogradskyella lutea	AB438962	1430	7150	Flavobacteriaceae	Winogradskyella arenosi	6225.0	1316	27	29	1273	0.9891219891219891	0.9794520547945206	0.9673252279635258	0.9269899988004898	0.92924315
FJ919968	1341	6699	Flavobacteriaceae	Winogradskyella lutea	KF768343	1448	7240	Flavobacteriaceae	Winogradskyella wandonensis	6218.0	1341	42	38	1284	0.985418265541059	0.9716629381058911	0.9574944071588367	0.9021078904757515	0.9281982
FJ919968	1341	6699	Flavobacteriaceae	Winogradskyella lutea	AY521225	1432	7160	Flavobacteriaceae	Winogradskyella eximia	6317.0	1341	43	38	1295	0.9938603223330775	0.9716629381058911	0.9656972408650261	0.9091788329820296	0.94297653
FJ919968	1341	6699	Flavobacteriaceae	Winogradskyella lutea	HM368527	1449	7245	Flavobacteriaceae	Winogradskyella aquimaris	6133.0	1341	38	34	1274	0.9747513389441469	0.9746457867263236	0.9500372856077554	0.9004341785999538	0.91550976
FJ919968	1341	6699	Flavobacteriaceae	Winogradskyella lutea	JF820844	1441	7205	Flavobacteriaceae	Winogradskyella jejuensis	6237.0	1341	42	37	1286	0.9861963190184049	0.9724086502609992	0.9589858314690529	0.904206452809577	0.9310345
FJ919968	1341	6699	Flavobacteriaceae	Winogradskyella lutea	EU727254	1478	7390	Flavobacteriaceae	Winogradskyella echinorum	6406.0	1341	28	24	1306	0.9916476841305999	0.9821029082774049	0.9739000745712155	0.9369075224326449	0.9562621
FJ919968	1341	6699	Flavobacteriaceae	Winogradskyella lutea	KF312887	1514	7570	Flavobacteriaceae	Winogradskyella sediminis	6291.0	1341	27	27	1292	0.9832572298325722	0.9798657718120806	0.9634601043997018	0.9254287844891872	0.9390954
FJ919968	1341	6699	Flavobacteriaceae	Winogradskyella lutea	AY521223	1429	7139	Flavobacteriaceae	Winogradskyella thalassocola	6389.0	1341	31	26	1304	0.9916349809885932	0.9806114839671887	0.9724086502609992	0.9320097486102144	0.95372444
FJ919968	1341	6699	Flavobacteriaceae	Winogradskyella lutea	JN896598	1431	7149	Flavobacteriaceae	Winogradskyella pulchriflava	6401.0	1341	31	21	1307	0.9901515151515151	0.9843400447427293	0.9746457867263236	0.9377058589495243	0.95551574
FJ919968	1341	6699	Flavobacteriaceae	Winogradskyella lutea	FJ595484	1514	7570	Flavobacteriaceae	Winogradskyella exilis	6223.0	1341	45	41	1284	0.9876923076923076	0.9694258016405667	0.9574944071588367	0.8980827772774082	0.92894465
FJ919968	1341	6699	Flavobacteriaceae	Winogradskyella lutea	AY521224	1427	7135	Flavobacteriaceae	Winogradskyella epiphytica	6259.0	1341	35	30	1289	0.9832189168573608	0.9776286353467561	0.9612229679343773	0.9158163597107329	0.93431854
FJ919968	1341	6699	Flavobacteriaceae	Winogradskyella lutea	AY848823	1441	7205	Flavobacteriaceae	Winogradskyella poriferorum	6176.0	1340	35	37	1278	0.9808135072908672	0.9738415545590433	0.9537313432835821	0.9037905020352781	0.92192864
FJ919968	1341	6699	Flavobacteriaceae	Winogradskyella lutea	FN377721	1510	7550	Flavobacteriaceae	Winogradskyella psychrotolerans	6334.0	1341	35	33	1297	0.9915902140672783	0.9753914988814317	0.9671886651752424	0.9193915509078612	0.94551426
FJ919968	1341	6699	Flavobacteriaceae	Winogradskyella lutea	JF820845	1442	7210	Flavobacteriaceae	Winogradskyella eckloniae	6357.0	1341	33	27	1301	0.9901065449010654	0.9798657718120806	0.9701715137956749	0.9278059455076542	0.9489476
FJ919968	1341	6699	Flavobacteriaceae	Winogradskyella lutea	U64013	1440	7200	Flavobacteriaceae	Winogradskyella rapida	6333.0	1341	31	27	1297	0.987062404870624	0.9798657718120806	0.9671886651752424	0.9263016807873677	0.94536495
JQ354979	1448	7240	Flavobacteriaceae	Winogradskyella multivorans	AB438962	1430	7150	Flavobacteriaceae	Winogradskyella arenosi	6400.0	1380	33	33	1321	0.9806978470675576	0.9760869565217392	0.9572463768115942	0.9125342318225176	0.8951049
JQ354979	1448	7240	Flavobacteriaceae	Winogradskyella multivorans	KF768343	1448	7240	Flavobacteriaceae	Winogradskyella wandonensis	6751.0	1448	30	30	1391	0.9809590973201693	0.9792817679558011	0.960635359116022	0.921637983238511	0.9324586
JQ354979	1448	7240	Flavobacteriaceae	Winogradskyella multivorans	AY521225	1432	7160	Flavobacteriaceae	Winogradskyella eximia	6786.0	1431	17	16	1389	0.9816254416961131	0.9888190076869322	0.9706498951781971	0.94852873044002	0.94776535
JQ354979	1448	7240	Flavobacteriaceae	Winogradskyella multivorans	HM368527	1449	7245	Flavobacteriaceae	Winogradskyella aquimaris	6696.0	1448	28	28	1385	0.9753521126760564	0.9806629834254144	0.9564917127071824	0.9202020542304871	0.9248619
JQ354979	1448	7240	Flavobacteriaceae	Winogradskyella multivorans	JF820844	1441	7205	Flavobacteriaceae	Winogradskyella jejuensis	6585.0	1419	32	31	1360	0.9798270893371758	0.97815362931642	0.9584214235377027	0.9168083637976094	0.91394866
JQ354979	1448	7240	Flavobacteriaceae	Winogradskyella multivorans	EU727254	1478	7390	Flavobacteriaceae	Winogradskyella echinorum	6828.0	1448	20	20	1401	0.9810924369747899	0.9861878453038674	0.9675414364640884	0.9411779095849578	0.9430939
JQ354979	1448	7240	Flavobacteriaceae	Winogradskyella multivorans	KF312887	1514	7570	Flavobacteriaceae	Winogradskyella sediminis	6696.0	1448	35	39	1383	0.9815471965933286	0.9757617728531855	0.955110497237569	0.9074515782924711	0.9248619
JQ354979	1448	7240	Flavobacteriaceae	Winogradskyella multivorans	AY521223	1429	7139	Flavobacteriaceae	Winogradskyella thalassocola	6790.0	1428	20	19	1387	0.9843860894251242	0.9866946778711485	0.9712885154061625	0.945128120308897	0.9511136
JQ354979	1448	7240	Flavobacteriaceae	Winogradskyella multivorans	JN896598	1431	7149	Flavobacteriaceae	Winogradskyella pulchriflava	6699.0	1432	30	31	1378	0.9835831548893648	0.9790356394129979	0.9622905027932961	0.9221402150570505	0.93705416
JQ354979	1448	7240	Flavobacteriaceae	Winogradskyella multivorans	FJ595484	1514	7570	Flavobacteriaceae	Winogradskyella exilis	6789.0	1448	30	30	1396	0.9844851904090268	0.9792817679558011	0.9640883977900553	0.9249508444291599	0.9377072
JQ354979	1448	7240	Flavobacteriaceae	Winogradskyella multivorans	AY521224	1427	7135	Flavobacteriaceae	Winogradskyella epiphytica	6762.0	1426	16	15	1384	0.9808646350106307	0.9894810659186536	0.97054698457223	0.9496822435724109	0.9477225
JQ354979	1448	7240	Flavobacteriaceae	Winogradskyella multivorans	AY848823	1441	7205	Flavobacteriaceae	Winogradskyella poriferorum	6516.0	1409	23	24	1348	0.9732851985559566	0.9836647727272727	0.9567068843151171	0.9253065885310315	0.904372
JQ354979	1448	7240	Flavobacteriaceae	Winogradskyella multivorans	FN377721	1510	7550	Flavobacteriaceae	Winogradskyella psychrotolerans	6787.0	1448	25	27	1394	0.9809992962702322	0.9827109266943291	0.962707182320442	0.928721592720535	0.9374309
JQ354979	1448	7240	Flavobacteriaceae	Winogradskyella multivorans	JF820845	1442	7210	Flavobacteriaceae	Winogradskyella eckloniae	6752.0	1439	26	24	1389	0.9816254416961131	0.9833217512161223	0.9652536483669215	0.9323098378424531	0.9364771
JQ354979	1448	7240	Flavobacteriaceae	Winogradskyella multivorans	U64013	1440	7200	Flavobacteriaceae	Winogradskyella rapida	6631.0	1424	26	26	1367	0.9778254649499285	0.9817415730337079	0.9599719101123596	0.9255453312669508	0.9209722
AB438962	1430	7150	Flavobacteriaceae	Winogradskyella arenosi	KF768343	1448	7240	Flavobacteriaceae	Winogradskyella wandonensis	6444.0	1380	29	29	1327	0.9822353811991118	0.9789855072463768	0.9615942028985507	0.9220111909978296	0.90125877
AB438962	1430	7150	Flavobacteriaceae	Winogradskyella arenosi	AY521225	1432	7160	Flavobacteriaceae	Winogradskyella eximia	6436.0	1366	31	30	1320	0.9880239520958084	0.9780380673499268	0.9663250366032211	0.9241304573385135	0.90013987
AB438962	1430	7150	Flavobacteriaceae	Winogradskyella arenosi	HM368527	1449	7245	Flavobacteriaceae	Winogradskyella aquimaris	6205.0	1381	45	45	1298	0.9715568862275449	0.9674149167270094	0.939898624185373	0.8805782341596481	0.8678322
AB438962	1430	7150	Flavobacteriaceae	Winogradskyella arenosi	JF820844	1441	7205	Flavobacteriaceae	Winogradskyella jejuensis	6566.0	1401	31	30	1350	0.9846827133479212	0.9785867237687366	0.9635974304068522	0.9225503331618676	0.91832167
AB438962	1430	7150	Flavobacteriaceae	Winogradskyella arenosi	EU727254	1478	7390	Flavobacteriaceae	Winogradskyella echinorum	6692.0	1410	31	31	1367	0.9912980420594634	0.9780141843971631	0.9695035460992908	0.9277900000492172	0.9359441
AB438962	1430	7150	Flavobacteriaceae	Winogradskyella arenosi	KF312887	1514	7570	Flavobacteriaceae	Winogradskyella sediminis	6881.0	1429	15	14	1399	0.9886925795053003	0.9902029391182645	0.9790062981105668	0.9593448142842467	0.9623776
AB438962	1430	7150	Flavobacteriaceae	Winogradskyella arenosi	AY521223	1429	7139	Flavobacteriaceae	Winogradskyella thalassocola	6509.0	1363	26	25	1327	0.9917787742899851	0.9816581071166545	0.9735876742479824	0.9378403946319658	0.91175234
AB438962	1430	7150	Flavobacteriaceae	Winogradskyella arenosi	JN896598	1431	7149	Flavobacteriaceae	Winogradskyella pulchriflava	6416.0	1367	35	29	1319	0.9857997010463379	0.9787856620336504	0.9648866130212144	0.9208404338248108	0.89746815
AB438962	1430	7150	Flavobacteriaceae	Winogradskyella arenosi	FJ595484	1514	7570	Flavobacteriaceae	Winogradskyella exilis	6566.0	1426	44	43	1359	0.982646420824295	0.9698457223001402	0.9530154277699859	0.8966124738815583	0.91832167
AB438962	1430	7150	Flavobacteriaceae	Winogradskyella arenosi	AY521224	1427	7135	Flavobacteriaceae	Winogradskyella epiphytica	6366.0	1363	29	28	1311	0.9820224719101124	0.979457079970653	0.9618488628026413	0.9224628102309814	0.89222145
AB438962	1430	7150	Flavobacteriaceae	Winogradskyella arenosi	AY848823	1441	7205	Flavobacteriaceae	Winogradskyella poriferorum	6499.0	1413	37	37	1347	0.9789244186046512	0.9738145789101204	0.9532908704883227	0.9046401639944359	0.90895104
AB438962	1430	7150	Flavobacteriaceae	Winogradskyella arenosi	FN377721	1510	7550	Flavobacteriaceae	Winogradskyella psychrotolerans	6783.0	1421	24	24	1383	0.9899785254115963	0.9831104855735397	0.9732582688247713	0.9409285823863013	0.94867134
AB438962	1430	7150	Flavobacteriaceae	Winogradskyella arenosi	JF820845	1442	7210	Flavobacteriaceae	Winogradskyella eckloniae	6468.0	1381	28	26	1331	0.9822878228782288	0.9811730629978277	0.9637943519188994	0.9268568820795661	0.9046154
AB438962	1430	7150	Flavobacteriaceae	Winogradskyella arenosi	U64013	1440	7200	Flavobacteriaceae	Winogradskyella rapida	6728.0	1356	2	2	1350	0.9970457902511078	0.9985250737463127	0.995575221238938	0.9926427463604729	0.940979
KF768343	1448	7240	Flavobacteriaceae	Winogradskyella wandonensis	AY521225	1432	7160	Flavobacteriaceae	Winogradskyella eximia	6711.0	1431	32	31	1379	0.985	0.9783368273934312	0.9636617749825297	0.9221643779737126	0.9372905
KF768343	1448	7240	Flavobacteriaceae	Winogradskyella wandonensis	HM368527	1449	7245	Flavobacteriaceae	Winogradskyella aquimaris	6710.0	1448	40	40	1385	0.9836647727272727	0.9723756906077348	0.9564917127071824	0.905067427077764	0.9267956
KF768343	1448	7240	Flavobacteriaceae	Winogradskyella wandonensis	JF820844	1441	7205	Flavobacteriaceae	Winogradskyella jejuensis	6976.0	1419	9	8	1405	0.9957476966690291	0.9943622269203665	0.9901338971106413	0.9783465888117051	0.96821654
KF768343	1448	7240	Flavobacteriaceae	Winogradskyella wandonensis	EU727254	1478	7390	Flavobacteriaceae	Winogradskyella echinorum	6866.0	1448	29	29	1404	0.9894291754756871	0.9799723756906077	0.9696132596685083	0.9315377220511939	0.94834256
KF768343	1448	7240	Flavobacteriaceae	Winogradskyella wandonensis	KF312887	1514	7570	Flavobacteriaceae	Winogradskyella sediminis	6748.0	1448	29	33	1390	0.9823321554770318	0.9799168975069252	0.9599447513812155	0.9196491694004196	0.9320442
KF768343	1448	7240	Flavobacteriaceae	Winogradskyella wandonensis	AY521223	1429	7139	Flavobacteriaceae	Winogradskyella thalassocola	6694.0	1428	33	32	1375	0.9849570200573066	0.9775910364145658	0.9628851540616247	0.9200463210609364	0.93766636
KF768343	1448	7240	Flavobacteriaceae	Winogradskyella wandonensis	JN896598	1431	7149	Flavobacteriaceae	Winogradskyella pulchriflava	6684.0	1435	36	40	1376	0.9863799283154122	0.9748427672955975	0.9588850174216028	0.9093437112869721	0.93495595
KF768343	1448	7240	Flavobacteriaceae	Winogradskyella wandonensis	FJ595484	1514	7570	Flavobacteriaceae	Winogradskyella exilis	6783.0	1448	42	42	1393	0.9907539118065434	0.9709944751381215	0.9620165745856354	0.9077820831324854	0.93687844
KF768343	1448	7240	Flavobacteriaceae	Winogradskyella wandonensis	AY521224	1427	7135	Flavobacteriaceae	Winogradskyella epiphytica	6639.0	1426	27	26	1369	0.9778571428571429	0.9817671809256662	0.9600280504908836	0.925009821532854	0.9304835
KF768343	1448	7240	Flavobacteriaceae	Winogradskyella wandonensis	AY848823	1441	7205	Flavobacteriaceae	Winogradskyella poriferorum	6621.0	1409	32	33	1359	0.9876453488372093	0.9772727272727273	0.964513839602555	0.9210069696690601	0.9189452
KF768343	1448	7240	Flavobacteriaceae	Winogradskyella wandonensis	FN377721	1510	7550	Flavobacteriaceae	Winogradskyella psychrotolerans	6721.0	1448	41	43	1385	0.9857651245551602	0.9716459197786999	0.9564917127071824	0.9025324757243729	0.9283149
KF768343	1448	7240	Flavobacteriaceae	Winogradskyella wandonensis	JF820845	1442	7210	Flavobacteriaceae	Winogradskyella eckloniae	6753.0	1439	36	34	1387	0.9871886120996441	0.9763724808895066	0.9638637943015983	0.9181211057584716	0.9366158
KF768343	1448	7240	Flavobacteriaceae	Winogradskyella wandonensis	U64013	1440	7200	Flavobacteriaceae	Winogradskyella rapida	6680.0	1424	25	25	1373	0.9814152966404575	0.9824438202247191	0.964185393258427	0.9309146757546856	0.92777777
AY521225	1432	7160	Flavobacteriaceae	Winogradskyella eximia	HM368527	1449	7245	Flavobacteriaceae	Winogradskyella aquimaris	6566.0	1432	34	35	1362	0.9749463135289907	0.976240391334731	0.9511173184357542	0.9063512236389826	0.9170391
AY521225	1432	7160	Flavobacteriaceae	Winogradskyella eximia	JF820844	1441	7205	Flavobacteriaceae	Winogradskyella jejuensis	6628.0	1406	28	28	1359	0.9862119013062409	0.9800853485064012	0.9665718349928877	0.9288256545468614	0.92569834
AY521225	1432	7160	Flavobacteriaceae	Winogradskyella eximia	EU727254	1478	7390	Flavobacteriaceae	Winogradskyella echinorum	6888.0	1432	21	22	1400	0.9929078014184397	0.9853249475890985	0.9776536312849162	0.948721004894516	0.96201116
AY521225	1432	7160	Flavobacteriaceae	Winogradskyella eximia	KF312887	1514	7570	Flavobacteriaceae	Winogradskyella sediminis	6711.0	1432	30	35	1378	0.9863994273443092	0.9789768745620182	0.9622905027932961	0.9195074093038541	0.9372905
AY521225	1432	7160	Flavobacteriaceae	Winogradskyella eximia	AY521223	1429	7139	Flavobacteriaceae	Winogradskyella thalassocola	6828.0	1429	18	18	1392	0.9865343727852587	0.9874037788663401	0.9741077676696991	0.9498728819502043	0.95643646
AY521225	1432	7160	Flavobacteriaceae	Winogradskyella eximia	JN896598	1431	7149	Flavobacteriaceae	Winogradskyella pulchriflava	6762.0	1432	32	34	1385	0.9907010014306151	0.9776223776223776	0.9671787709497207	0.9235764493085448	0.9458665
AY521225	1432	7160	Flavobacteriaceae	Winogradskyella eximia	FJ595484	1514	7570	Flavobacteriaceae	Winogradskyella exilis	6710.0	1432	34	35	1379	0.9871152469577666	0.976240391334731	0.9629888268156425	0.9176639775316866	0.93715084
AY521225	1432	7160	Flavobacteriaceae	Winogradskyella eximia	AY521224	1427	7135	Flavobacteriaceae	Winogradskyella epiphytica	6712.0	1427	22	22	1378	0.9807829181494662	0.98458304134548	0.9656622284512965	0.9363391518109534	0.9407148
AY521225	1432	7160	Flavobacteriaceae	Winogradskyella eximia	AY848823	1441	7205	Flavobacteriaceae	Winogradskyella poriferorum	6542.0	1396	23	25	1345	0.9810357403355215	0.9835007173601148	0.9634670487106017	0.930876197168594	0.91368717
AY521225	1432	7160	Flavobacteriaceae	Winogradskyella eximia	FN377721	1510	7550	Flavobacteriaceae	Winogradskyella psychrotolerans	6726.0	1432	31	34	1380	0.9871244635193133	0.9783065080475857	0.9636871508379888	0.9208712487160003	0.9393855
AY521225	1432	7160	Flavobacteriaceae	Winogradskyella eximia	JF820845	1442	7210	Flavobacteriaceae	Winogradskyella eckloniae	6798.0	1426	24	23	1388	0.9893086243763364	0.9838709677419355	0.9733520336605891	0.9418020022246942	0.9494413
AY521225	1432	7160	Flavobacteriaceae	Winogradskyella eximia	U64013	1440	7200	Flavobacteriaceae	Winogradskyella rapida	6734.0	1422	25	26	1378	0.9871060171919771	0.9824067558057706	0.9690576652601969	0.9349029030430096	0.9405028
HM368527	1449	7245	Flavobacteriaceae	Winogradskyella aquimaris	JF820844	1441	7205	Flavobacteriaceae	Winogradskyella jejuensis	6566.0	1420	39	38	1357	0.9819102749638206	0.9732394366197183	0.9556338028169014	0.9051993937580245	0.91131157
HM368527	1449	7245	Flavobacteriaceae	Winogradskyella aquimaris	EU727254	1478	7390	Flavobacteriaceae	Winogradskyella echinorum	6796.0	1449	18	18	1397	0.976240391334731	0.9875776397515528	0.9641131815044859	0.9404539623264617	0.93802625
HM368527	1449	7245	Flavobacteriaceae	Winogradskyella aquimaris	KF312887	1514	7570	Flavobacteriaceae	Winogradskyella sediminis	6558.0	1449	43	47	1367	0.9750356633380884	0.970242214532872	0.9434092477570738	0.8865011832140868	0.905176
HM368527	1449	7245	Flavobacteriaceae	Winogradskyella aquimaris	AY521223	1429	7139	Flavobacteriaceae	Winogradskyella thalassocola	6517.0	1428	37	36	1355	0.9734195402298851	0.9747899159663865	0.9488795518207283	0.9015974990678866	0.91287297
HM368527	1449	7245	Flavobacteriaceae	Winogradskyella aquimaris	JN896598	1431	7149	Flavobacteriaceae	Winogradskyella pulchriflava	6621.0	1435	28	32	1369	0.9757662152530292	0.9804332634521313	0.954006968641115	0.914881597404979	0.9261435
HM368527	1449	7245	Flavobacteriaceae	Winogradskyella aquimaris	FJ595484	1514	7570	Flavobacteriaceae	Winogradskyella exilis	6798.0	1449	35	35	1396	0.9872701555869873	0.9758454106280193	0.9634230503795721	0.9179785668711017	0.9383023
HM368527	1449	7245	Flavobacteriaceae	Winogradskyella aquimaris	AY521224	1427	7135	Flavobacteriaceae	Winogradskyella epiphytica	6524.0	1426	28	27	1356	0.9692637598284489	0.9810659186535764	0.9509116409537167	0.9149418058419874	0.9143658
HM368527	1449	7245	Flavobacteriaceae	Winogradskyella aquimaris	AY848823	1441	7205	Flavobacteriaceae	Winogradskyella poriferorum	6749.0	1410	13	14	1375	0.9849570200573066	0.9907735982966643	0.975177304964539	0.9566742921507354	0.9367106
HM368527	1449	7245	Flavobacteriaceae	Winogradskyella aquimaris	FN377721	1510	7550	Flavobacteriaceae	Winogradskyella psychrotolerans	6523.0	1449	47	49	1363	0.9735714285714285	0.967519004837595	0.9406487232574189	0.8802862383425042	0.9003451
HM368527	1449	7245	Flavobacteriaceae	Winogradskyella aquimaris	JF820845	1442	7210	Flavobacteriaceae	Winogradskyella eckloniae	6654.0	1440	32	30	1377	0.9765957446808511	0.9791666666666666	0.95625	0.9159731657608695	0.9228849
HM368527	1449	7245	Flavobacteriaceae	Winogradskyella aquimaris	U64013	1440	7200	Flavobacteriaceae	Winogradskyella rapida	6408.0	1424	44	44	1340	0.9710144927536232	0.9691011235955056	0.9410112359550562	0.8846018430640175	0.89
JF820844	1441	7205	Flavobacteriaceae	Winogradskyella jejuensis	EU727254	1478	7390	Flavobacteriaceae	Winogradskyella echinorum	6893.0	1441	18	19	1405	0.9880450070323488	0.9875	0.9750173490631506	0.9502910694775875	0.95669675
JF820844	1441	7205	Flavobacteriaceae	Winogradskyella jejuensis	KF312887	1514	7570	Flavobacteriaceae	Winogradskyella sediminis	6677.0	1441	33	38	1378	0.9821810406272273	0.9770194986072424	0.9562803608605135	0.9102180096928768	0.9267176
JF820844	1441	7205	Flavobacteriaceae	Winogradskyella jejuensis	AY521223	1429	7139	Flavobacteriaceae	Winogradskyella thalassocola	6603.0	1403	29	29	1354	0.9854439592430859	0.9793300071275838	0.9650748396293657	0.9259866128846009	0.9249195
JF820844	1441	7205	Flavobacteriaceae	Winogradskyella jejuensis	JN896598	1431	7149	Flavobacteriaceae	Winogradskyella pulchriflava	6646.0	1410	24	23	1364	0.9834174477289113	0.9836879432624114	0.9673758865248226	0.9356697033542043	0.92964053
JF820844	1441	7205	Flavobacteriaceae	Winogradskyella jejuensis	FJ595484	1514	7570	Flavobacteriaceae	Winogradskyella exilis	6754.0	1441	35	36	1388	0.9879003558718861	0.9756944444444444	0.9632199861207494	0.916886233400849	0.9374046
JF820844	1441	7205	Flavobacteriaceae	Winogradskyella jejuensis	AY521224	1427	7135	Flavobacteriaceae	Winogradskyella epiphytica	6531.0	1403	24	24	1347	0.9767947788252357	0.9828937990021382	0.9600855310049893	0.9277911333257746	0.91534686
JF820844	1441	7205	Flavobacteriaceae	Winogradskyella jejuensis	AY848823	1441	7205	Flavobacteriaceae	Winogradskyella poriferorum	6734.0	1431	31	33	1381	0.9878397711015737	0.9783065080475857	0.9650593990216632	0.922813296738909	0.9346287
JF820844	1441	7205	Flavobacteriaceae	Winogradskyella jejuensis	FN377721	1510	7550	Flavobacteriaceae	Winogradskyella psychrotolerans	6694.0	1441	40	43	1379	0.9864091559370529	0.972183588317107	0.9569743233865371	0.9033424065458331	0.929077
JF820844	1441	7205	Flavobacteriaceae	Winogradskyella jejuensis	JF820845	1442	7210	Flavobacteriaceae	Winogradskyella eckloniae	6665.0	1421	30	29	1370	0.9841954022988506	0.9795918367346939	0.9641097818437719	0.9249075233125642	0.92505205
JF820844	1441	7205	Flavobacteriaceae	Winogradskyella jejuensis	U64013	1440	7200	Flavobacteriaceae	Winogradskyella rapida	6550.0	1396	27	28	1346	0.9839181286549707	0.9806451612903225	0.9641833810888252	0.9269169819603041	0.9097222
EU727254	1478	7390	Flavobacteriaceae	Winogradskyella echinorum	KF312887	1514	7570	Flavobacteriaceae	Winogradskyella sediminis	6978.0	1478	29	33	1428	0.9882352941176471	0.980325644504749	0.9661705006765899	0.9264209512127886	0.944249
EU727254	1478	7390	Flavobacteriaceae	Winogradskyella echinorum	AY521223	1429	7139	Flavobacteriaceae	Winogradskyella thalassocola	6806.0	1428	25	24	1389	0.9893162393162394	0.9831932773109243	0.9726890756302521	0.9398867599345312	0.95335484
EU727254	1478	7390	Flavobacteriaceae	Winogradskyella echinorum	JN896598	1431	7149	Flavobacteriaceae	Winogradskyella pulchriflava	6948.0	1435	12	16	1408	0.9922480620155039	0.9916142557651991	0.981184668989547	0.9621983726994937	0.9718842
EU727254	1478	7390	Flavobacteriaceae	Winogradskyella echinorum	FJ595484	1514	7570	Flavobacteriaceae	Winogradskyella exilis	7045.0	1478	24	24	1438	0.9889958734525447	0.9837618403247632	0.972936400541272	0.941843892401471	0.9533153
EU727254	1478	7390	Flavobacteriaceae	Winogradskyella echinorum	AY521224	1427	7135	Flavobacteriaceae	Winogradskyella epiphytica	6682.0	1426	21	20	1375	0.9779516358463727	0.9859747545582047	0.9642356241234221	0.9369145041586259	0.93651015
EU727254	1478	7390	Flavobacteriaceae	Winogradskyella echinorum	AY848823	1441	7205	Flavobacteriaceae	Winogradskyella poriferorum	6817.0	1439	19	20	1395	0.9830866807610994	0.9867872044506258	0.9694232105628909	0.9434921370293157	0.9461485
EU727254	1478	7390	Flavobacteriaceae	Winogradskyella echinorum	FN377721	1510	7550	Flavobacteriaceae	Winogradskyella psychrotolerans	6919.0	1478	41	43	1421	0.9902439024390244	0.9722222222222222	0.9614343707713126	0.9082674931249726	0.93626523
EU727254	1478	7390	Flavobacteriaceae	Winogradskyella echinorum	JF820845	1442	7210	Flavobacteriaceae	Winogradskyella eckloniae	6946.0	1440	20	18	1411	0.9922644163150492	0.9875	0.9798611111111111	0.9543578767123287	0.9633842
EU727254	1478	7390	Flavobacteriaceae	Winogradskyella echinorum	U64013	1440	7200	Flavobacteriaceae	Winogradskyella rapida	6769.0	1424	28	28	1382	0.9899713467048711	0.9803370786516854	0.9705056179775281	0.9330756492401028	0.9401389
KF312887	1514	7570	Flavobacteriaceae	Winogradskyella sediminis	AY521223	1429	7139	Flavobacteriaceae	Winogradskyella thalassocola	6771.0	1424	26	21	1384	0.9864575908766928	0.985252808988764	0.9719101123595506	0.9404068190623789	0.9484522
KF312887	1514	7570	Flavobacteriaceae	Winogradskyella sediminis	JN896598	1431	7149	Flavobacteriaceae	Winogradskyella pulchriflava	6663.0	1437	40	46	1373	0.98705966930266	0.9720475192173306	0.9554627696590118	0.8998298663477897	0.93201846
KF312887	1514	7570	Flavobacteriaceae	Winogradskyella sediminis	FJ595484	1514	7570	Flavobacteriaceae	Winogradskyella exilis	7042.0	1510	39	35	1451	0.9837288135593221	0.9768211920529801	0.9609271523178808	0.9150210133433663	0.930251
KF312887	1514	7570	Flavobacteriaceae	Winogradskyella sediminis	AY521224	1427	7135	Flavobacteriaceae	Winogradskyella epiphytica	6562.0	1422	37	32	1359	0.9776978417266187	0.9774964838255977	0.9556962025316456	0.9104987810274073	0.9196917
KF312887	1514	7570	Flavobacteriaceae	Winogradskyella sediminis	AY848823	1441	7205	Flavobacteriaceae	Winogradskyella poriferorum	6637.0	1465	39	63	1378	0.9828815977175464	0.9729354614850798	0.9406143344709897	0.876822670830005	0.9211659
KF312887	1514	7570	Flavobacteriaceae	Winogradskyella sediminis	FN377721	1510	7550	Flavobacteriaceae	Winogradskyella psychrotolerans	7153.0	1505	25	23	1462	0.9865047233468286	0.9847176079734219	0.9714285714285714	0.940952380952381	0.9474172
KF312887	1514	7570	Flavobacteriaceae	Winogradskyella sediminis	JF820845	1442	7210	Flavobacteriaceae	Winogradskyella eckloniae	6768.0	1436	30	24	1389	0.9837110481586402	0.9832869080779945	0.9672701949860725	0.9316408699320152	0.93869627
KF312887	1514	7570	Flavobacteriaceae	Winogradskyella sediminis	U64013	1440	7200	Flavobacteriaceae	Winogradskyella rapida	6869.0	1436	18	14	1401	0.9852320675105485	0.9902506963788301	0.9756267409470752	0.9541549007061493	0.9540278
AY521223	1429	7139	Flavobacteriaceae	Winogradskyella thalassocola	JN896598	1431	7149	Flavobacteriaceae	Winogradskyella pulchriflava	6686.0	1429	29	32	1375	0.984251968503937	0.979663394109397	0.9622113365990203	0.921954209347621	0.9365457
AY521223	1429	7139	Flavobacteriaceae	Winogradskyella thalassocola	FJ595484	1514	7570	Flavobacteriaceae	Winogradskyella exilis	6688.0	1429	29	30	1375	0.9828448892065761	0.9796918767507002	0.9622113365990203	0.9232741151591423	0.9368259
AY521223	1429	7139	Flavobacteriaceae	Winogradskyella thalassocola	AY521224	1427	7135	Flavobacteriaceae	Winogradskyella epiphytica	6762.0	1427	20	20	1383	0.9829424307036247	0.9859845830413455	0.96916608269096	0.9423750368667456	0.9477225
AY521223	1429	7139	Flavobacteriaceae	Winogradskyella thalassocola	AY848823	1441	7205	Flavobacteriaceae	Winogradskyella poriferorum	6416.0	1393	33	35	1328	0.9779086892488954	0.9762760603882099	0.9533381191672649	0.9078773953921077	0.89872533
AY521223	1429	7139	Flavobacteriaceae	Winogradskyella thalassocola	FN377721	1510	7550	Flavobacteriaceae	Winogradskyella psychrotolerans	6888.0	1429	19	22	1397	0.9928926794598436	0.9866760168302945	0.9776067179846046	0.9499258647820019	0.964841
AY521223	1429	7139	Flavobacteriaceae	Winogradskyella thalassocola	JF820845	1442	7210	Flavobacteriaceae	Winogradskyella eckloniae	6697.0	1423	25	24	1375	0.9828448892065761	0.983134223471539	0.966268446943078	0.9335701362385126	0.93808657
AY521223	1429	7139	Flavobacteriaceae	Winogradskyella thalassocola	U64013	1440	7200	Flavobacteriaceae	Winogradskyella rapida	6825.0	1421	19	19	1388	0.9900142653352354	0.9866291344123856	0.9767769176636172	0.9510008601141606	0.95601624
JN896598	1431	7149	Flavobacteriaceae	Winogradskyella pulchriflava	FJ595484	1514	7570	Flavobacteriaceae	Winogradskyella exilis	6700.0	1431	47	37	1379	0.9892395982783357	0.9741439552760307	0.9636617749825297	0.9088934467697201	0.937194
JN896598	1431	7149	Flavobacteriaceae	Winogradskyella pulchriflava	AY521224	1427	7135	Flavobacteriaceae	Winogradskyella epiphytica	6598.0	1426	30	31	1364	0.9777777777777777	0.9789473684210527	0.9565217391304348	0.9164476827520306	0.9247372
JN896598	1431	7149	Flavobacteriaceae	Winogradskyella pulchriflava	AY848823	1441	7205	Flavobacteriaceae	Winogradskyella poriferorum	6575.0	1402	24	28	1350	0.982532751091703	0.9828326180257511	0.9629101283880172	0.9277969960765327	0.919709
JN896598	1431	7149	Flavobacteriaceae	Winogradskyella pulchriflava	FN377721	1510	7550	Flavobacteriaceae	Winogradskyella psychrotolerans	6567.0	1431	50	51	1361	0.986231884057971	0.965034965034965	0.9510831586303284	0.886221984409084	0.91859
JN896598	1431	7149	Flavobacteriaceae	Winogradskyella pulchriflava	JF820845	1442	7210	Flavobacteriaceae	Winogradskyella eckloniae	6823.0	1425	24	21	1390	0.99002849002849	0.9852631578947368	0.9754385964912281	0.9451454723765936	0.9543992
JN896598	1431	7149	Flavobacteriaceae	Winogradskyella pulchriflava	U64013	1440	7200	Flavobacteriaceae	Winogradskyella rapida	6642.0	1420	39	29	1368	0.9834651329978433	0.9795774647887324	0.9633802816901409	0.9184797613646237	0.92908096
FJ595484	1514	7570	Flavobacteriaceae	Winogradskyella exilis	AY521224	1427	7135	Flavobacteriaceae	Winogradskyella epiphytica	6649.0	1426	28	27	1370	0.9792709077912795	0.9810659186535764	0.9607293127629734	0.9243881076722144	0.93188506
FJ595484	1514	7570	Flavobacteriaceae	Winogradskyella exilis	AY848823	1441	7205	Flavobacteriaceae	Winogradskyella poriferorum	6754.0	1442	30	31	1388	0.9836995038979447	0.9791811242192922	0.9625520110957004	0.9226636465054574	0.9374046
FJ595484	1514	7570	Flavobacteriaceae	Winogradskyella exilis	FN377721	1510	7550	Flavobacteriaceae	Winogradskyella psychrotolerans	6914.0	1507	48	50	1432	0.9828414550446122	0.9681063122923588	0.9502322495023225	0.8903462299195396	0.9157616
FJ595484	1514	7570	Flavobacteriaceae	Winogradskyella exilis	JF820845	1442	7210	Flavobacteriaceae	Winogradskyella eckloniae	6811.0	1440	31	29	1395	0.9886605244507441	0.9798611111111111	0.96875	0.9292360639021074	0.9446602
FJ595484	1514	7570	Flavobacteriaceae	Winogradskyella exilis	U64013	1440	7200	Flavobacteriaceae	Winogradskyella rapida	6652.0	1440	37	37	1376	0.9807555238774056	0.9743055555555555	0.9555555555555556	0.9076807342210187	0.92388886
AY521224	1427	7135	Flavobacteriaceae	Winogradskyella epiphytica	AY848823	1441	7205	Flavobacteriaceae	Winogradskyella poriferorum	6431.0	1393	23	25	1331	0.972953216374269	0.9834651329978433	0.955491744436468	0.9231021937776047	0.9013315
AY521224	1427	7135	Flavobacteriaceae	Winogradskyella epiphytica	FN377721	1510	7550	Flavobacteriaceae	Winogradskyella psychrotolerans	6605.0	1427	33	36	1363	0.9798705966930266	0.9768258426966292	0.9551506657323056	0.9100099835846828	0.9257183
AY521224	1427	7135	Flavobacteriaceae	Winogradskyella epiphytica	JF820845	1442	7210	Flavobacteriaceae	Winogradskyella eckloniae	6610.0	1423	29	28	1365	0.978494623655914	0.9803232607167955	0.9592410400562192	0.9215848835250866	0.9264191
AY521224	1427	7135	Flavobacteriaceae	Winogradskyella epiphytica	U64013	1440	7200	Flavobacteriaceae	Winogradskyella rapida	6646.0	1419	25	25	1367	0.9806312769010043	0.9823819591261451	0.9633544749823819	0.9299973255716345	0.9314646
AY848823	1441	7205	Flavobacteriaceae	Winogradskyella poriferorum	FN377721	1510	7550	Flavobacteriaceae	Winogradskyella psychrotolerans	6599.0	1441	76	36	1377	0.9800711743772242	0.9750173490631506	0.9555863983344899	0.885035523836492	0.91589177
AY848823	1441	7205	Flavobacteriaceae	Winogradskyella poriferorum	JF820845	1442	7210	Flavobacteriaceae	Winogradskyella eckloniae	6650.0	1409	24	21	1364	0.9827089337175793	0.9850958126330731	0.9680624556422995	0.9376627274469727	0.9229702
AY848823	1441	7205	Flavobacteriaceae	Winogradskyella poriferorum	U64013	1440	7200	Flavobacteriaceae	Winogradskyella rapida	6358.0	1384	37	36	1319	0.978486646884273	0.9739884393063584	0.9530346820809249	0.90407512416966	0.88305557
FN377721	1510	7550	Flavobacteriaceae	Winogradskyella psychrotolerans	JF820845	1442	7210	Flavobacteriaceae	Winogradskyella eckloniae	6632.0	1438	46	42	1373	0.9835243553008596	0.9707927677329624	0.954798331015299	0.8981795620602139	0.91983354
FN377721	1510	7550	Flavobacteriaceae	Winogradskyella psychrotolerans	U64013	1440	7200	Flavobacteriaceae	Winogradskyella rapida	6808.0	1438	25	23	1393	0.984452296819788	0.9840055632823366	0.9687065368567455	0.9369239573836602	0.94555557
JF820845	1442	7210	Flavobacteriaceae	Winogradskyella eckloniae	U64013	1440	7200	Flavobacteriaceae	Winogradskyella rapida	6663.0	1417	22	24	1368	0.9820531227566404	0.984452296819788	0.9654199011997178	0.9345586673879129	0.92541665
