AF208315	1552	7760	Lysobacteraceae	Xanthomonas cynarae	X99299	1500	7500	Lysobacteraceae	Xanthomonas translucens	7291.0	1502	18	20	1476	0.9959514170040485	0.988	0.9826897470039947	0.9581225033288948	0.97213334
AF208315	1552	7760	Lysobacteraceae	Xanthomonas cynarae	Y10762	1502	7492	Lysobacteraceae	Xanthomonas cassavae	7489.0	1502	0	0	1498	0.9973368841544608	1.0	0.9973368841544608	0.9973368841544608	0.9995996
AF208315	1552	7760	Lysobacteraceae	Xanthomonas cynarae	Y10758	1502	7504	Lysobacteraceae	Xanthomonas pisi	7497.0	1502	0	0	1500	0.9986684420772304	1.0	0.9986684420772304	0.9986684420772304	0.9990672
AF208315	1552	7760	Lysobacteraceae	Xanthomonas cynarae	FR749910	1534	7670	Lysobacteraceae	Xanthomonas perforans	7634.0	1534	0	0	1530	0.9973924380704041	1.0	0.9973924380704041	0.9973924380704041	0.9953064
AF208315	1552	7760	Lysobacteraceae	Xanthomonas cynarae	FR733718	1535	7675	Lysobacteraceae	Xanthomonas euvesicatoria	7648.0	1535	0	0	1532	0.9980456026058632	1.0	0.9980456026058632	0.9980456026058632	0.9964821
AF208315	1552	7760	Lysobacteraceae	Xanthomonas cynarae	FR749942	1541	7705	Lysobacteraceae	Xanthomonas citri subsp. malvacearum	7667.0	1542	1	2	1537	0.9980519480519481	0.9993510707332901	0.996757457846952	0.9948194977863294	0.99506813
AF208315	1552	7760	Lysobacteraceae	Xanthomonas cynarae	JQ955625	1465	7325	Lysobacteraceae	Xanthomonas dyei	7316.0	1465	0	0	1464	0.9993174061433447	1.0	0.9993174061433447	0.9993174061433447	0.9987713
AF208315	1552	7760	Lysobacteraceae	Xanthomonas cynarae	Y10755	1502	7510	Lysobacteraceae	Xanthomonas vasicola	7492.0	1502	0	0	1500	0.9986684420772304	1.0	0.9986684420772304	0.9986684420772304	0.9976032
AF208315	1552	7760	Lysobacteraceae	Xanthomonas cynarae	X95919	1502	7510	Lysobacteraceae	Xanthomonas axonopodis	7421.0	1502	2	2	1492	0.9946666666666667	0.9986684420772304	0.9933422103861518	0.9907003428053376	0.9881491
AF208315	1552	7760	Lysobacteraceae	Xanthomonas cynarae	FR749911	1537	7685	Lysobacteraceae	Xanthomonas gardneri	7683.0	1538	0	1	1537	1.0	1.0	0.9993498049414824	0.9987000326365789	0.99973977
AF208315	1552	7760	Lysobacteraceae	Xanthomonas cynarae	Y10766	1500	7488	Lysobacteraceae	Xanthomonas sacchari	7348.0	1502	12	14	1482	0.9959677419354839	0.992	0.9866844207723036	0.9697400383812337	0.9813034
AF208315	1552	7760	Lysobacteraceae	Xanthomonas cynarae	Y10763	1500	7488	Lysobacteraceae	Xanthomonas theicola	7483.0	1500	0	0	1497	0.998	1.0	0.998	0.998	0.99933225
AF208315	1552	7760	Lysobacteraceae	Xanthomonas cynarae	Y10757	1502	7510	Lysobacteraceae	Xanthomonas arboricola	7492.0	1502	0	0	1500	0.9986684420772304	1.0	0.9986684420772304	0.9986684420772304	0.9976032
AF208315	1552	7760	Lysobacteraceae	Xanthomonas cynarae	Y10756	1500	7500	Lysobacteraceae	Xanthomonas melonis	7282.0	1502	18	20	1475	0.99527665317139	0.988	0.9820239680426098	0.9574733688415447	0.9709333
AF208315	1552	7760	Lysobacteraceae	Xanthomonas cynarae	KF992843	1409	7045	Lysobacteraceae	Xanthomonas maliensis	6982.0	1409	2	2	1402	0.9964463397299218	0.9985805535841022	0.9950319375443577	0.9922111524627295	0.9910575
AF208315	1552	7760	Lysobacteraceae	Xanthomonas cynarae	X95920	1502	7492	Lysobacteraceae	Xanthomonas fragariae	7441.0	1502	0	0	1493	0.9940079893475366	1.0	0.9940079893475366	0.9940079893475366	0.99319273
AF208315	1552	7760	Lysobacteraceae	Xanthomonas cynarae	Y10764	1502	7480	Lysobacteraceae	Xanthomonas bromi	7481.0	1502	0	0	1496	0.996005326231691	1.0	0.996005326231691	0.996005326231691	1.0001336
AF208315	1552	7760	Lysobacteraceae	Xanthomonas cynarae	Y10759	1502	7510	Lysobacteraceae	Xanthomonas hortorum	7492.0	1502	0	0	1500	0.9986684420772304	1.0	0.9986684420772304	0.9986684420772304	0.9976032
AF208315	1552	7760	Lysobacteraceae	Xanthomonas cynarae	X95922	1475	7369	Lysobacteraceae	Xanthomonas populi	7353.0	1475	0	0	1472	0.9979661016949153	1.0	0.9979661016949153	0.9979661016949153	0.9978287
AF208315	1552	7760	Lysobacteraceae	Xanthomonas cynarae	Y10760	1502	7486	Lysobacteraceae	Xanthomonas cucurbitae	7494.0	1502	0	0	1498	0.9973368841544608	1.0	0.9973368841544608	0.9973368841544608	1.0010687
AF208315	1552	7760	Lysobacteraceae	Xanthomonas cynarae	AE008922	1547	7735	Lysobacteraceae	Xanthomonas campestris	7698.0	1541	0	1	1540	1.0	1.0	0.9993510707332901	0.9987025625757734	0.99521655
AF208315	1552	7760	Lysobacteraceae	Xanthomonas cynarae	X95918	1500	7488	Lysobacteraceae	Xanthomonas albilineans	7274.0	1502	16	18	1473	0.9925876010781671	0.9893333333333333	0.9806924101198402	0.9587269674689347	0.97142094
AF208315	1552	7760	Lysobacteraceae	Xanthomonas cynarae	Y10754	1500	7494	Lysobacteraceae	Xanthomonas hyacinthi	7283.0	1502	17	19	1475	0.9946055293324343	0.9886666666666667	0.9820239680426098	0.9587501939481174	0.97184414
AF208315	1552	7760	Lysobacteraceae	Xanthomonas cynarae	GU993265	1494	7464	Lysobacteraceae	Xanthomonas phaseoli	7419.0	1497	1	5	1488	0.9973190348525469	0.999330207635633	0.9939879759519038	0.9900067157010951	0.99397105
AF208315	1552	7760	Lysobacteraceae	Xanthomonas cynarae	Y10761	1502	7498	Lysobacteraceae	Xanthomonas vesicatoria	7502.0	1502	0	0	1500	0.9986684420772304	1.0	0.9986684420772304	0.9986684420772304	1.0005335
AF208315	1552	7760	Lysobacteraceae	Xanthomonas cynarae	Y10765	1502	7492	Lysobacteraceae	Xanthomonas codiaei	7444.0	1502	0	0	1494	0.9946737683089214	1.0	0.9946737683089214	0.9946737683089214	0.99359316
AF208315	1552	7760	Lysobacteraceae	Xanthomonas cynarae	X95921	1440	7200	Lysobacteraceae	Xanthomonas oryzae	7182.0	1440	0	0	1438	0.9986111111111111	1.0	0.9986111111111111	0.9986111111111111	0.9975
X99299	1500	7500	Lysobacteraceae	Xanthomonas translucens	Y10762	1502	7492	Lysobacteraceae	Xanthomonas cassavae	7271.0	1500	22	20	1472	0.9945945945945946	0.9866666666666667	0.9813333333333333	0.9542531756460797	0.97050184
X99299	1500	7500	Lysobacteraceae	Xanthomonas translucens	Y10758	1502	7504	Lysobacteraceae	Xanthomonas pisi	7279.0	1500	22	20	1474	0.995945945945946	0.9866666666666667	0.9826666666666667	0.9555497152869032	0.9705333
X99299	1500	7500	Lysobacteraceae	Xanthomonas translucens	FR749910	1534	7670	Lysobacteraceae	Xanthomonas perforans	7267.0	1500	23	21	1473	0.9959432048681541	0.986	0.982	0.9536296782665791	0.96893334
X99299	1500	7500	Lysobacteraceae	Xanthomonas translucens	FR733718	1535	7675	Lysobacteraceae	Xanthomonas euvesicatoria	7276.0	1500	23	21	1474	0.9966193373901284	0.986	0.9826666666666667	0.9542770847012476	0.9701333
X99299	1500	7500	Lysobacteraceae	Xanthomonas translucens	FR749942	1541	7705	Lysobacteraceae	Xanthomonas citri subsp. malvacearum	7283.0	1500	22	20	1475	0.9966216216216216	0.9866666666666667	0.9833333333333333	0.9561979851073149	0.97106665
X99299	1500	7500	Lysobacteraceae	Xanthomonas translucens	JQ955625	1465	7325	Lysobacteraceae	Xanthomonas dyei	7098.0	1463	22	20	1438	0.9965349965349966	0.9863294600136705	0.9829118250170882	0.9551122986529685	0.96901023
X99299	1500	7500	Lysobacteraceae	Xanthomonas translucens	Y10755	1502	7510	Lysobacteraceae	Xanthomonas vasicola	7283.0	1500	22	20	1475	0.9966216216216216	0.9866666666666667	0.9833333333333333	0.9561979851073149	0.97106665
X99299	1500	7500	Lysobacteraceae	Xanthomonas translucens	X95919	1502	7510	Lysobacteraceae	Xanthomonas axonopodis	7283.0	1500	17	15	1475	0.9932659932659933	0.99	0.9833333333333333	0.9625906394199077	0.97106665
X99299	1500	7500	Lysobacteraceae	Xanthomonas translucens	FR749911	1537	7685	Lysobacteraceae	Xanthomonas gardneri	7291.0	1500	20	18	1476	0.9959514170040485	0.988	0.984	0.9594	0.97213334
X99299	1500	7500	Lysobacteraceae	Xanthomonas translucens	Y10766	1500	7488	Lysobacteraceae	Xanthomonas sacchari	7351.0	1500	13	13	1482	0.9966375252185609	0.9913333333333333	0.988	0.9710218109715796	0.98170406
X99299	1500	7500	Lysobacteraceae	Xanthomonas translucens	Y10763	1500	7488	Lysobacteraceae	Xanthomonas theicola	7264.0	1498	20	18	1471	0.9939189189189189	0.9879839786381842	0.9819759679572764	0.957394224358873	0.97008544
X99299	1500	7500	Lysobacteraceae	Xanthomonas translucens	Y10757	1502	7510	Lysobacteraceae	Xanthomonas arboricola	7292.0	1500	22	20	1476	0.9972972972972973	0.9866666666666667	0.984	0.9568462549277267	0.9722667
X99299	1500	7500	Lysobacteraceae	Xanthomonas translucens	Y10756	1500	7500	Lysobacteraceae	Xanthomonas melonis	7473.0	1500	0	0	1497	0.998	1.0	0.998	0.998	0.9964
X99299	1500	7500	Lysobacteraceae	Xanthomonas translucens	KF992843	1409	7045	Lysobacteraceae	Xanthomonas maliensis	6836.0	1409	16	16	1385	0.994256999282125	0.9886444286728177	0.9829666430092264	0.9608930061135806	0.9703336
X99299	1500	7500	Lysobacteraceae	Xanthomonas translucens	X95920	1502	7492	Lysobacteraceae	Xanthomonas fragariae	7228.0	1500	25	23	1467	0.99322951929587	0.9846666666666667	0.978	0.9472170491803278	0.9647624
X99299	1500	7500	Lysobacteraceae	Xanthomonas translucens	Y10764	1502	7480	Lysobacteraceae	Xanthomonas bromi	7267.0	1500	22	20	1471	0.9939189189189189	0.9866666666666667	0.9806666666666667	0.953604905825668	0.97152406
X99299	1500	7500	Lysobacteraceae	Xanthomonas translucens	Y10759	1502	7510	Lysobacteraceae	Xanthomonas hortorum	7292.0	1500	22	20	1476	0.9972972972972973	0.9866666666666667	0.984	0.9568462549277267	0.9722667
X99299	1500	7500	Lysobacteraceae	Xanthomonas translucens	X95922	1475	7369	Lysobacteraceae	Xanthomonas populi	7135.0	1473	21	19	1446	0.9944979367262724	0.9871011541072641	0.9816700610997964	0.955387060802613	0.9682453
X99299	1500	7500	Lysobacteraceae	Xanthomonas translucens	Y10760	1502	7486	Lysobacteraceae	Xanthomonas cucurbitae	7275.0	1500	20	18	1472	0.9932523616734144	0.988	0.9813333333333333	0.9568	0.97181404
X99299	1500	7500	Lysobacteraceae	Xanthomonas translucens	AE008922	1547	7735	Lysobacteraceae	Xanthomonas campestris	7291.0	1500	20	18	1476	0.9959514170040485	0.988	0.984	0.9594	0.97213334
X99299	1500	7500	Lysobacteraceae	Xanthomonas translucens	X95918	1500	7488	Lysobacteraceae	Xanthomonas albilineans	7429.0	1500	0	0	1491	0.994	1.0	0.994	0.994	0.99212074
X99299	1500	7500	Lysobacteraceae	Xanthomonas translucens	Y10754	1500	7494	Lysobacteraceae	Xanthomonas hyacinthi	7457.0	1500	0	0	1495	0.9966666666666667	1.0	0.9966666666666667	0.9966666666666667	0.9950627
X99299	1500	7500	Lysobacteraceae	Xanthomonas translucens	GU993265	1494	7464	Lysobacteraceae	Xanthomonas phaseoli	7180.0	1489	23	25	1457	0.9952185792349727	0.98453261600538	0.9785090664875755	0.9474452865990811	0.9619507
X99299	1500	7500	Lysobacteraceae	Xanthomonas translucens	Y10761	1502	7498	Lysobacteraceae	Xanthomonas vesicatoria	7283.0	1500	20	18	1474	0.9946018893387314	0.988	0.9826666666666667	0.9581000000000001	0.9713257
X99299	1500	7500	Lysobacteraceae	Xanthomonas translucens	Y10765	1502	7492	Lysobacteraceae	Xanthomonas codiaei	7244.0	1500	23	21	1470	0.9939148073022313	0.986	0.98	0.9516874589625739	0.966898
X99299	1500	7500	Lysobacteraceae	Xanthomonas translucens	X95921	1440	7200	Lysobacteraceae	Xanthomonas oryzae	6973.0	1438	22	20	1413	0.9964739069111425	0.9860917941585535	0.9826147426981919	0.9543477432507097	0.96847224
Y10762	1502	7492	Lysobacteraceae	Xanthomonas cassavae	Y10758	1502	7504	Lysobacteraceae	Xanthomonas pisi	7496.0	1502	0	0	1500	0.9986684420772304	1.0	0.9986684420772304	0.9986684420772304	1.0005339
Y10762	1502	7492	Lysobacteraceae	Xanthomonas cassavae	FR749910	1534	7670	Lysobacteraceae	Xanthomonas perforans	7471.0	1502	0	0	1496	0.996005326231691	1.0	0.996005326231691	0.996005326231691	0.99719703
Y10762	1502	7492	Lysobacteraceae	Xanthomonas cassavae	FR733718	1535	7675	Lysobacteraceae	Xanthomonas euvesicatoria	7480.0	1502	0	0	1497	0.9966711051930759	1.0	0.9966711051930759	0.9966711051930759	0.9983983
Y10762	1502	7492	Lysobacteraceae	Xanthomonas cassavae	FR749942	1541	7705	Lysobacteraceae	Xanthomonas citri subsp. malvacearum	7480.0	1502	0	0	1497	0.9966711051930759	1.0	0.9966711051930759	0.9966711051930759	0.9983983
Y10762	1502	7492	Lysobacteraceae	Xanthomonas cassavae	JQ955625	1465	7325	Lysobacteraceae	Xanthomonas dyei	7313.0	1465	0	0	1462	0.9979522184300341	1.0	0.9979522184300341	0.9979522184300341	0.99836177
Y10762	1502	7492	Lysobacteraceae	Xanthomonas cassavae	Y10755	1502	7510	Lysobacteraceae	Xanthomonas vasicola	7489.0	1502	0	0	1498	0.9973368841544608	1.0	0.9973368841544608	0.9973368841544608	0.9995996
Y10762	1502	7492	Lysobacteraceae	Xanthomonas cassavae	X95919	1502	7510	Lysobacteraceae	Xanthomonas axonopodis	7409.0	1502	2	2	1489	0.9926666666666667	0.9986684420772304	0.9913448735019973	0.9887083179873642	0.9889215
Y10762	1502	7492	Lysobacteraceae	Xanthomonas cassavae	FR749911	1537	7685	Lysobacteraceae	Xanthomonas gardneri	7489.0	1502	0	0	1498	0.9973368841544608	1.0	0.9973368841544608	0.9973368841544608	0.9995996
Y10762	1502	7492	Lysobacteraceae	Xanthomonas cassavae	Y10766	1500	7488	Lysobacteraceae	Xanthomonas sacchari	7336.0	1502	12	14	1479	0.9939516129032258	0.992	0.9846870838881492	0.9677770018662919	0.97970086
Y10762	1502	7492	Lysobacteraceae	Xanthomonas cassavae	Y10763	1500	7488	Lysobacteraceae	Xanthomonas theicola	7462.0	1500	0	0	1493	0.9953333333333333	1.0	0.9953333333333333	0.9953333333333333	0.9965278
Y10762	1502	7492	Lysobacteraceae	Xanthomonas cassavae	Y10757	1502	7510	Lysobacteraceae	Xanthomonas arboricola	7489.0	1502	0	0	1498	0.9973368841544608	1.0	0.9973368841544608	0.9973368841544608	0.9995996
Y10762	1502	7492	Lysobacteraceae	Xanthomonas cassavae	Y10756	1500	7500	Lysobacteraceae	Xanthomonas melonis	7270.0	1502	18	20	1472	0.9932523616734144	0.988	0.9800266311584553	0.955525965379494	0.9703684
Y10762	1502	7492	Lysobacteraceae	Xanthomonas cassavae	KF992843	1409	7045	Lysobacteraceae	Xanthomonas maliensis	6979.0	1409	2	2	1400	0.9950248756218906	0.9985805535841022	0.99361249112846	0.9907957299913134	0.99063164
Y10762	1502	7492	Lysobacteraceae	Xanthomonas cassavae	X95920	1502	7492	Lysobacteraceae	Xanthomonas fragariae	7438.0	1502	0	0	1491	0.992676431424767	1.0	0.992676431424767	0.992676431424767	0.9927923
Y10762	1502	7492	Lysobacteraceae	Xanthomonas cassavae	Y10764	1502	7480	Lysobacteraceae	Xanthomonas bromi	7478.0	1502	0	0	1494	0.9946737683089214	1.0	0.9946737683089214	0.9946737683089214	0.9997326
Y10762	1502	7492	Lysobacteraceae	Xanthomonas cassavae	Y10759	1502	7510	Lysobacteraceae	Xanthomonas hortorum	7489.0	1502	0	0	1498	0.9973368841544608	1.0	0.9973368841544608	0.9973368841544608	0.9995996
Y10762	1502	7492	Lysobacteraceae	Xanthomonas cassavae	X95922	1475	7369	Lysobacteraceae	Xanthomonas populi	7332.0	1475	0	0	1468	0.9952542372881356	1.0	0.9952542372881356	0.9952542372881356	0.99497896
Y10762	1502	7492	Lysobacteraceae	Xanthomonas cassavae	Y10760	1502	7486	Lysobacteraceae	Xanthomonas cucurbitae	7475.0	1502	0	0	1496	0.996005326231691	1.0	0.996005326231691	0.996005326231691	0.99853057
Y10762	1502	7492	Lysobacteraceae	Xanthomonas cassavae	AE008922	1547	7735	Lysobacteraceae	Xanthomonas campestris	7489.0	1502	0	0	1498	0.9973368841544608	1.0	0.9973368841544608	0.9973368841544608	0.9995996
Y10762	1502	7492	Lysobacteraceae	Xanthomonas cassavae	X95918	1500	7488	Lysobacteraceae	Xanthomonas albilineans	7262.0	1502	16	18	1470	0.9905660377358491	0.9893333333333333	0.9786950732356857	0.9567743667205254	0.96981835
Y10762	1502	7492	Lysobacteraceae	Xanthomonas cassavae	Y10754	1500	7494	Lysobacteraceae	Xanthomonas hyacinthi	7276.0	1502	17	19	1473	0.9932569116655429	0.9886666666666667	0.9806924101198402	0.957450193685137	0.97116923
Y10762	1502	7492	Lysobacteraceae	Xanthomonas cassavae	GU993265	1494	7464	Lysobacteraceae	Xanthomonas phaseoli	7386.0	1491	1	5	1480	0.9959623149394348	0.9993275050437121	0.9926224010731053	0.988630621980318	0.9895498
Y10762	1502	7492	Lysobacteraceae	Xanthomonas cassavae	Y10761	1502	7498	Lysobacteraceae	Xanthomonas vesicatoria	7481.0	1502	0	0	1496	0.996005326231691	1.0	0.996005326231691	0.996005326231691	0.99853176
Y10762	1502	7492	Lysobacteraceae	Xanthomonas cassavae	Y10765	1502	7492	Lysobacteraceae	Xanthomonas codiaei	7441.0	1502	0	0	1492	0.9933422103861518	1.0	0.9933422103861518	0.9933422103861518	0.99319273
Y10762	1502	7492	Lysobacteraceae	Xanthomonas cassavae	X95921	1440	7200	Lysobacteraceae	Xanthomonas oryzae	7183.0	1440	0	0	1437	0.9979166666666667	1.0	0.9979166666666667	0.9979166666666667	0.9976389
Y10758	1502	7504	Lysobacteraceae	Xanthomonas pisi	FR749910	1534	7670	Lysobacteraceae	Xanthomonas perforans	7479.0	1502	0	0	1498	0.9973368841544608	1.0	0.9973368841544608	0.9973368841544608	0.99666846
Y10758	1502	7504	Lysobacteraceae	Xanthomonas pisi	FR733718	1535	7675	Lysobacteraceae	Xanthomonas euvesicatoria	7488.0	1502	0	0	1499	0.9980026631158455	1.0	0.9980026631158455	0.9980026631158455	0.9978678
Y10758	1502	7504	Lysobacteraceae	Xanthomonas pisi	FR749942	1541	7705	Lysobacteraceae	Xanthomonas citri subsp. malvacearum	7488.0	1502	0	0	1499	0.9980026631158455	1.0	0.9980026631158455	0.9980026631158455	0.9978678
Y10758	1502	7504	Lysobacteraceae	Xanthomonas pisi	JQ955625	1465	7325	Lysobacteraceae	Xanthomonas dyei	7321.0	1465	0	0	1464	0.9993174061433447	1.0	0.9993174061433447	0.9993174061433447	0.9994539
Y10758	1502	7504	Lysobacteraceae	Xanthomonas pisi	Y10755	1502	7510	Lysobacteraceae	Xanthomonas vasicola	7497.0	1502	0	0	1500	0.9986684420772304	1.0	0.9986684420772304	0.9986684420772304	0.9990672
Y10758	1502	7504	Lysobacteraceae	Xanthomonas pisi	X95919	1502	7510	Lysobacteraceae	Xanthomonas axonopodis	7417.0	1502	2	2	1491	0.994	0.9986684420772304	0.992676431424767	0.9900363345326799	0.9884062
Y10758	1502	7504	Lysobacteraceae	Xanthomonas pisi	FR749911	1537	7685	Lysobacteraceae	Xanthomonas gardneri	7497.0	1502	0	0	1500	0.9986684420772304	1.0	0.9986684420772304	0.9986684420772304	0.9990672
Y10758	1502	7504	Lysobacteraceae	Xanthomonas pisi	Y10766	1500	7488	Lysobacteraceae	Xanthomonas sacchari	7344.0	1502	12	14	1481	0.9952956989247311	0.992	0.9860186418109188	0.9690856928762531	0.9807692
Y10758	1502	7504	Lysobacteraceae	Xanthomonas pisi	Y10763	1500	7488	Lysobacteraceae	Xanthomonas theicola	7470.0	1500	0	0	1495	0.9966666666666667	1.0	0.9966666666666667	0.9966666666666667	0.99759614
Y10758	1502	7504	Lysobacteraceae	Xanthomonas pisi	Y10757	1502	7510	Lysobacteraceae	Xanthomonas arboricola	7497.0	1502	0	0	1500	0.9986684420772304	1.0	0.9986684420772304	0.9986684420772304	0.9990672
Y10758	1502	7504	Lysobacteraceae	Xanthomonas pisi	Y10756	1500	7500	Lysobacteraceae	Xanthomonas melonis	7278.0	1502	18	20	1474	0.9946018893387314	0.988	0.9813581890812251	0.9568242343541945	0.9704
Y10758	1502	7504	Lysobacteraceae	Xanthomonas pisi	KF992843	1409	7045	Lysobacteraceae	Xanthomonas maliensis	6987.0	1409	2	2	1402	0.9964463397299218	0.9985805535841022	0.9950319375443577	0.9922111524627295	0.9917672
Y10758	1502	7504	Lysobacteraceae	Xanthomonas pisi	X95920	1502	7492	Lysobacteraceae	Xanthomonas fragariae	7446.0	1502	0	0	1493	0.9940079893475366	1.0	0.9940079893475366	0.9940079893475366	0.9938601
Y10758	1502	7504	Lysobacteraceae	Xanthomonas pisi	Y10764	1502	7480	Lysobacteraceae	Xanthomonas bromi	7486.0	1502	0	0	1496	0.996005326231691	1.0	0.996005326231691	0.996005326231691	1.0008022
Y10758	1502	7504	Lysobacteraceae	Xanthomonas pisi	Y10759	1502	7510	Lysobacteraceae	Xanthomonas hortorum	7497.0	1502	0	0	1500	0.9986684420772304	1.0	0.9986684420772304	0.9986684420772304	0.9990672
Y10758	1502	7504	Lysobacteraceae	Xanthomonas pisi	X95922	1475	7369	Lysobacteraceae	Xanthomonas populi	7340.0	1475	0	0	1470	0.9966101694915255	1.0	0.9966101694915255	0.9966101694915255	0.9960646
Y10758	1502	7504	Lysobacteraceae	Xanthomonas pisi	Y10760	1502	7486	Lysobacteraceae	Xanthomonas cucurbitae	7483.0	1502	0	0	1498	0.9973368841544608	1.0	0.9973368841544608	0.9973368841544608	0.9995993
Y10758	1502	7504	Lysobacteraceae	Xanthomonas pisi	AE008922	1547	7735	Lysobacteraceae	Xanthomonas campestris	7497.0	1502	0	0	1500	0.9986684420772304	1.0	0.9986684420772304	0.9986684420772304	0.9990672
Y10758	1502	7504	Lysobacteraceae	Xanthomonas pisi	X95918	1500	7488	Lysobacteraceae	Xanthomonas albilineans	7270.0	1502	16	18	1472	0.9919137466307277	0.9893333333333333	0.9800266311584553	0.9580761005527983	0.97088677
Y10758	1502	7504	Lysobacteraceae	Xanthomonas pisi	Y10754	1500	7494	Lysobacteraceae	Xanthomonas hyacinthi	7284.0	1502	17	19	1475	0.9946055293324343	0.9886666666666667	0.9820239680426098	0.9587501939481174	0.9719776
Y10758	1502	7504	Lysobacteraceae	Xanthomonas pisi	GU993265	1494	7464	Lysobacteraceae	Xanthomonas phaseoli	7394.0	1491	1	5	1482	0.9973082099596231	0.9993275050437121	0.993963782696177	0.9899666093073183	0.9906216
Y10758	1502	7504	Lysobacteraceae	Xanthomonas pisi	Y10761	1502	7498	Lysobacteraceae	Xanthomonas vesicatoria	7489.0	1502	0	0	1498	0.9973368841544608	1.0	0.9973368841544608	0.9973368841544608	0.9987997
Y10758	1502	7504	Lysobacteraceae	Xanthomonas pisi	Y10765	1502	7492	Lysobacteraceae	Xanthomonas codiaei	7449.0	1502	0	0	1494	0.9946737683089214	1.0	0.9946737683089214	0.9946737683089214	0.99426055
Y10758	1502	7504	Lysobacteraceae	Xanthomonas pisi	X95921	1440	7200	Lysobacteraceae	Xanthomonas oryzae	7187.0	1440	0	0	1438	0.9986111111111111	1.0	0.9986111111111111	0.9986111111111111	0.99819446
FR749910	1534	7670	Lysobacteraceae	Xanthomonas perforans	FR733718	1535	7675	Lysobacteraceae	Xanthomonas euvesicatoria	7661.0	1534	0	0	1533	0.999348109517601	1.0	0.999348109517601	0.999348109517601	0.9988266
FR749910	1534	7670	Lysobacteraceae	Xanthomonas perforans	FR749942	1541	7705	Lysobacteraceae	Xanthomonas citri subsp. malvacearum	7643.0	1534	0	0	1531	0.9980443285528031	1.0	0.9980443285528031	0.9980443285528031	0.9964798
FR749910	1534	7670	Lysobacteraceae	Xanthomonas perforans	JQ955625	1465	7325	Lysobacteraceae	Xanthomonas dyei	7298.0	1465	0	0	1462	0.9979522184300341	1.0	0.9979522184300341	0.9979522184300341	0.996314
FR749910	1534	7670	Lysobacteraceae	Xanthomonas perforans	Y10755	1502	7510	Lysobacteraceae	Xanthomonas vasicola	7492.0	1502	0	0	1500	0.9986684420772304	1.0	0.9986684420772304	0.9986684420772304	0.9976032
FR749910	1534	7670	Lysobacteraceae	Xanthomonas perforans	X95919	1502	7510	Lysobacteraceae	Xanthomonas axonopodis	7430.0	1502	2	2	1493	0.9953333333333333	0.9986684420772304	0.9940079893475366	0.9913643510779953	0.9893475
FR749910	1534	7670	Lysobacteraceae	Xanthomonas perforans	FR749911	1537	7685	Lysobacteraceae	Xanthomonas gardneri	7634.0	1534	0	0	1530	0.9973924380704041	1.0	0.9973924380704041	0.9973924380704041	0.9953064
FR749910	1534	7670	Lysobacteraceae	Xanthomonas perforans	Y10766	1500	7488	Lysobacteraceae	Xanthomonas sacchari	7330.0	1502	12	14	1480	0.9946236559139785	0.992	0.9853528628495339	0.9684313473712725	0.9788996
FR749910	1534	7670	Lysobacteraceae	Xanthomonas perforans	Y10763	1500	7488	Lysobacteraceae	Xanthomonas theicola	7447.0	1500	0	0	1493	0.9953333333333333	1.0	0.9953333333333333	0.9953333333333333	0.9945246
FR749910	1534	7670	Lysobacteraceae	Xanthomonas perforans	Y10757	1502	7510	Lysobacteraceae	Xanthomonas arboricola	7474.0	1502	0	0	1498	0.9973368841544608	1.0	0.9973368841544608	0.9973368841544608	0.9952064
FR749910	1534	7670	Lysobacteraceae	Xanthomonas perforans	Y10756	1500	7500	Lysobacteraceae	Xanthomonas melonis	7266.0	1502	19	21	1473	0.9945982444294396	0.9873333333333333	0.9806924101198402	0.9549016827005151	0.9688
FR749910	1534	7670	Lysobacteraceae	Xanthomonas perforans	KF992843	1409	7045	Lysobacteraceae	Xanthomonas maliensis	6964.0	1409	2	2	1400	0.9950248756218906	0.9985805535841022	0.99361249112846	0.9907957299913134	0.9885025
FR749910	1534	7670	Lysobacteraceae	Xanthomonas perforans	X95920	1502	7492	Lysobacteraceae	Xanthomonas fragariae	7441.0	1502	0	0	1493	0.9940079893475366	1.0	0.9940079893475366	0.9940079893475366	0.99319273
FR749910	1534	7670	Lysobacteraceae	Xanthomonas perforans	Y10764	1502	7480	Lysobacteraceae	Xanthomonas bromi	7463.0	1502	0	0	1494	0.9946737683089214	1.0	0.9946737683089214	0.9946737683089214	0.9977273
FR749910	1534	7670	Lysobacteraceae	Xanthomonas perforans	Y10759	1502	7510	Lysobacteraceae	Xanthomonas hortorum	7474.0	1502	0	0	1498	0.9973368841544608	1.0	0.9973368841544608	0.9973368841544608	0.9952064
FR749910	1534	7670	Lysobacteraceae	Xanthomonas perforans	X95922	1475	7369	Lysobacteraceae	Xanthomonas populi	7318.0	1475	2	2	1468	0.9966055668703326	0.9986440677966102	0.9952542372881356	0.9925588974444305	0.9930791
FR749910	1534	7670	Lysobacteraceae	Xanthomonas perforans	Y10760	1502	7486	Lysobacteraceae	Xanthomonas cucurbitae	7467.0	1502	0	0	1495	0.9953395472703063	1.0	0.9953395472703063	0.9953395472703063	0.9974619
FR749910	1534	7670	Lysobacteraceae	Xanthomonas perforans	AE008922	1547	7735	Lysobacteraceae	Xanthomonas campestris	7634.0	1534	0	0	1530	0.9973924380704041	1.0	0.9973924380704041	0.9973924380704041	0.9953064
FR749910	1534	7670	Lysobacteraceae	Xanthomonas perforans	X95918	1500	7488	Lysobacteraceae	Xanthomonas albilineans	7258.0	1502	17	19	1471	0.9919082939986514	0.9886666666666667	0.9793608521970706	0.9561501934221565	0.9692842
FR749910	1534	7670	Lysobacteraceae	Xanthomonas perforans	Y10754	1500	7494	Lysobacteraceae	Xanthomonas hyacinthi	7267.0	1502	18	20	1473	0.9939271255060729	0.988	0.9806924101198402	0.9561750998668441	0.9697091
FR749910	1534	7670	Lysobacteraceae	Xanthomonas perforans	GU993265	1494	7464	Lysobacteraceae	Xanthomonas phaseoli	7419.0	1497	1	5	1488	0.9973190348525469	0.999330207635633	0.9939879759519038	0.9900067157010951	0.99397105
FR749910	1534	7670	Lysobacteraceae	Xanthomonas perforans	Y10761	1502	7498	Lysobacteraceae	Xanthomonas vesicatoria	7466.0	1502	0	0	1496	0.996005326231691	1.0	0.996005326231691	0.996005326231691	0.9957322
FR749910	1534	7670	Lysobacteraceae	Xanthomonas perforans	Y10765	1502	7492	Lysobacteraceae	Xanthomonas codiaei	7444.0	1502	0	0	1494	0.9946737683089214	1.0	0.9946737683089214	0.9946737683089214	0.99359316
FR749910	1534	7670	Lysobacteraceae	Xanthomonas perforans	X95921	1440	7200	Lysobacteraceae	Xanthomonas oryzae	7164.0	1440	0	0	1436	0.9972222222222222	1.0	0.9972222222222222	0.9972222222222222	0.995
FR733718	1535	7675	Lysobacteraceae	Xanthomonas euvesicatoria	FR749942	1541	7705	Lysobacteraceae	Xanthomonas citri subsp. malvacearum	7657.0	1535	0	0	1533	0.9986970684039088	1.0	0.9986970684039088	0.9986970684039088	0.99765474
FR733718	1535	7675	Lysobacteraceae	Xanthomonas euvesicatoria	JQ955625	1465	7325	Lysobacteraceae	Xanthomonas dyei	7307.0	1465	0	0	1463	0.9986348122866894	1.0	0.9986348122866894	0.9986348122866894	0.9975427
FR733718	1535	7675	Lysobacteraceae	Xanthomonas euvesicatoria	Y10755	1502	7510	Lysobacteraceae	Xanthomonas vasicola	7501.0	1502	0	0	1501	0.9993342210386151	1.0	0.9993342210386151	0.9993342210386151	0.9988016
FR733718	1535	7675	Lysobacteraceae	Xanthomonas euvesicatoria	X95919	1502	7510	Lysobacteraceae	Xanthomonas axonopodis	7439.0	1502	2	2	1494	0.996	0.9986684420772304	0.9946737683089214	0.9920283593506529	0.9905459
FR733718	1535	7675	Lysobacteraceae	Xanthomonas euvesicatoria	FR749911	1537	7685	Lysobacteraceae	Xanthomonas gardneri	7648.0	1535	0	0	1532	0.9980456026058632	1.0	0.9980456026058632	0.9980456026058632	0.9964821
FR733718	1535	7675	Lysobacteraceae	Xanthomonas euvesicatoria	Y10766	1500	7488	Lysobacteraceae	Xanthomonas sacchari	7339.0	1502	12	14	1481	0.9952956989247311	0.992	0.9860186418109188	0.9690856928762531	0.98010147
FR733718	1535	7675	Lysobacteraceae	Xanthomonas euvesicatoria	Y10763	1500	7488	Lysobacteraceae	Xanthomonas theicola	7456.0	1500	0	0	1494	0.996	1.0	0.996	0.996	0.99572647
FR733718	1535	7675	Lysobacteraceae	Xanthomonas euvesicatoria	Y10757	1502	7510	Lysobacteraceae	Xanthomonas arboricola	7483.0	1502	0	0	1499	0.9980026631158455	1.0	0.9980026631158455	0.9980026631158455	0.99640477
FR733718	1535	7675	Lysobacteraceae	Xanthomonas euvesicatoria	Y10756	1500	7500	Lysobacteraceae	Xanthomonas melonis	7275.0	1502	19	21	1474	0.9952734638757597	0.9873333333333333	0.9813581890812251	0.9555499526819818	0.97
FR733718	1535	7675	Lysobacteraceae	Xanthomonas euvesicatoria	KF992843	1409	7045	Lysobacteraceae	Xanthomonas maliensis	6973.0	1409	2	2	1401	0.9957356076759062	0.9985805535841022	0.9943222143364088	0.9915034412270214	0.98978
FR733718	1535	7675	Lysobacteraceae	Xanthomonas euvesicatoria	X95920	1502	7492	Lysobacteraceae	Xanthomonas fragariae	7450.0	1502	0	0	1494	0.9946737683089214	1.0	0.9946737683089214	0.9946737683089214	0.994394
FR733718	1535	7675	Lysobacteraceae	Xanthomonas euvesicatoria	Y10764	1502	7480	Lysobacteraceae	Xanthomonas bromi	7472.0	1502	0	0	1495	0.9953395472703063	1.0	0.9953395472703063	0.9953395472703063	0.99893045
FR733718	1535	7675	Lysobacteraceae	Xanthomonas euvesicatoria	Y10759	1502	7510	Lysobacteraceae	Xanthomonas hortorum	7483.0	1502	0	0	1499	0.9980026631158455	1.0	0.9980026631158455	0.9980026631158455	0.99640477
FR733718	1535	7675	Lysobacteraceae	Xanthomonas euvesicatoria	X95922	1475	7369	Lysobacteraceae	Xanthomonas populi	7327.0	1475	2	2	1469	0.9972844534962662	0.9986440677966102	0.9959322033898305	0.9932350274835614	0.9943004
FR733718	1535	7675	Lysobacteraceae	Xanthomonas euvesicatoria	Y10760	1502	7486	Lysobacteraceae	Xanthomonas cucurbitae	7476.0	1502	0	0	1496	0.996005326231691	1.0	0.996005326231691	0.996005326231691	0.9986642
FR733718	1535	7675	Lysobacteraceae	Xanthomonas euvesicatoria	AE008922	1547	7735	Lysobacteraceae	Xanthomonas campestris	7648.0	1535	0	0	1532	0.9980456026058632	1.0	0.9980456026058632	0.9980456026058632	0.9964821
FR733718	1535	7675	Lysobacteraceae	Xanthomonas euvesicatoria	X95918	1500	7488	Lysobacteraceae	Xanthomonas albilineans	7267.0	1502	17	19	1472	0.9925826028320971	0.9886666666666667	0.9800266311584553	0.9568001935536466	0.9704861
FR733718	1535	7675	Lysobacteraceae	Xanthomonas euvesicatoria	Y10754	1500	7494	Lysobacteraceae	Xanthomonas hyacinthi	7276.0	1502	18	20	1474	0.9946018893387314	0.988	0.9813581890812251	0.9568242343541945	0.9709101
FR733718	1535	7675	Lysobacteraceae	Xanthomonas euvesicatoria	GU993265	1494	7464	Lysobacteraceae	Xanthomonas phaseoli	7428.0	1497	1	5	1489	0.9979892761394102	0.999330207635633	0.9946559786239145	0.9906720427949803	0.99517685
FR733718	1535	7675	Lysobacteraceae	Xanthomonas euvesicatoria	Y10761	1502	7498	Lysobacteraceae	Xanthomonas vesicatoria	7475.0	1502	0	0	1497	0.9966711051930759	1.0	0.9966711051930759	0.9966711051930759	0.9969325
FR733718	1535	7675	Lysobacteraceae	Xanthomonas euvesicatoria	Y10765	1502	7492	Lysobacteraceae	Xanthomonas codiaei	7453.0	1502	0	0	1495	0.9953395472703063	1.0	0.9953395472703063	0.9953395472703063	0.9947944
FR733718	1535	7675	Lysobacteraceae	Xanthomonas euvesicatoria	X95921	1440	7200	Lysobacteraceae	Xanthomonas oryzae	7173.0	1440	0	0	1437	0.9979166666666667	1.0	0.9979166666666667	0.9979166666666667	0.99625
FR749942	1541	7705	Lysobacteraceae	Xanthomonas citri subsp. malvacearum	JQ955625	1465	7325	Lysobacteraceae	Xanthomonas dyei	7307.0	1465	0	0	1463	0.9986348122866894	1.0	0.9986348122866894	0.9986348122866894	0.9975427
FR749942	1541	7705	Lysobacteraceae	Xanthomonas citri subsp. malvacearum	Y10755	1502	7510	Lysobacteraceae	Xanthomonas vasicola	7501.0	1502	0	0	1501	0.9993342210386151	1.0	0.9993342210386151	0.9993342210386151	0.9988016
FR749942	1541	7705	Lysobacteraceae	Xanthomonas citri subsp. malvacearum	X95919	1502	7510	Lysobacteraceae	Xanthomonas axonopodis	7421.0	1502	2	2	1492	0.9946666666666667	0.9986684420772304	0.9933422103861518	0.9907003428053376	0.9881491
FR749942	1541	7705	Lysobacteraceae	Xanthomonas citri subsp. malvacearum	FR749911	1537	7685	Lysobacteraceae	Xanthomonas gardneri	7653.0	1536	0	0	1533	0.998046875	1.0	0.998046875	0.998046875	0.995836
FR749942	1541	7705	Lysobacteraceae	Xanthomonas citri subsp. malvacearum	Y10766	1500	7488	Lysobacteraceae	Xanthomonas sacchari	7339.0	1502	12	14	1481	0.9952956989247311	0.992	0.9860186418109188	0.9690856928762531	0.98010147
FR749942	1541	7705	Lysobacteraceae	Xanthomonas citri subsp. malvacearum	Y10763	1500	7488	Lysobacteraceae	Xanthomonas theicola	7456.0	1500	0	0	1494	0.996	1.0	0.996	0.996	0.99572647
FR749942	1541	7705	Lysobacteraceae	Xanthomonas citri subsp. malvacearum	Y10757	1502	7510	Lysobacteraceae	Xanthomonas arboricola	7483.0	1502	0	0	1499	0.9980026631158455	1.0	0.9980026631158455	0.9980026631158455	0.99640477
FR749942	1541	7705	Lysobacteraceae	Xanthomonas citri subsp. malvacearum	Y10756	1500	7500	Lysobacteraceae	Xanthomonas melonis	7282.0	1502	18	20	1475	0.99527665317139	0.988	0.9820239680426098	0.9574733688415447	0.9709333
FR749942	1541	7705	Lysobacteraceae	Xanthomonas citri subsp. malvacearum	KF992843	1409	7045	Lysobacteraceae	Xanthomonas maliensis	6982.0	1409	2	2	1402	0.9964463397299218	0.9985805535841022	0.9950319375443577	0.9922111524627295	0.9910575
FR749942	1541	7705	Lysobacteraceae	Xanthomonas citri subsp. malvacearum	X95920	1502	7492	Lysobacteraceae	Xanthomonas fragariae	7432.0	1502	0	0	1492	0.9933422103861518	1.0	0.9933422103861518	0.9933422103861518	0.99199146
FR749942	1541	7705	Lysobacteraceae	Xanthomonas citri subsp. malvacearum	Y10764	1502	7480	Lysobacteraceae	Xanthomonas bromi	7472.0	1502	0	0	1495	0.9953395472703063	1.0	0.9953395472703063	0.9953395472703063	0.99893045
FR749942	1541	7705	Lysobacteraceae	Xanthomonas citri subsp. malvacearum	Y10759	1502	7510	Lysobacteraceae	Xanthomonas hortorum	7483.0	1502	0	0	1499	0.9980026631158455	1.0	0.9980026631158455	0.9980026631158455	0.99640477
FR749942	1541	7705	Lysobacteraceae	Xanthomonas citri subsp. malvacearum	X95922	1475	7369	Lysobacteraceae	Xanthomonas populi	7327.0	1475	2	2	1469	0.9972844534962662	0.9986440677966102	0.9959322033898305	0.9932350274835614	0.9943004
FR749942	1541	7705	Lysobacteraceae	Xanthomonas citri subsp. malvacearum	Y10760	1502	7486	Lysobacteraceae	Xanthomonas cucurbitae	7467.0	1502	0	0	1495	0.9953395472703063	1.0	0.9953395472703063	0.9953395472703063	0.9974619
FR749942	1541	7705	Lysobacteraceae	Xanthomonas citri subsp. malvacearum	AE008922	1547	7735	Lysobacteraceae	Xanthomonas campestris	7653.0	1536	0	0	1533	0.998046875	1.0	0.998046875	0.998046875	0.99325114
FR749942	1541	7705	Lysobacteraceae	Xanthomonas citri subsp. malvacearum	X95918	1500	7488	Lysobacteraceae	Xanthomonas albilineans	7274.0	1502	16	18	1473	0.9925876010781671	0.9893333333333333	0.9806924101198402	0.9587269674689347	0.97142094
FR749942	1541	7705	Lysobacteraceae	Xanthomonas citri subsp. malvacearum	Y10754	1500	7494	Lysobacteraceae	Xanthomonas hyacinthi	7276.0	1502	18	20	1474	0.9946018893387314	0.988	0.9813581890812251	0.9568242343541945	0.9709101
FR749942	1541	7705	Lysobacteraceae	Xanthomonas citri subsp. malvacearum	GU993265	1494	7464	Lysobacteraceae	Xanthomonas phaseoli	7428.0	1497	1	5	1489	0.9979892761394102	0.999330207635633	0.9946559786239145	0.9906720427949803	0.99517685
FR749942	1541	7705	Lysobacteraceae	Xanthomonas citri subsp. malvacearum	Y10761	1502	7498	Lysobacteraceae	Xanthomonas vesicatoria	7475.0	1502	0	0	1497	0.9966711051930759	1.0	0.9966711051930759	0.9966711051930759	0.9969325
FR749942	1541	7705	Lysobacteraceae	Xanthomonas citri subsp. malvacearum	Y10765	1502	7492	Lysobacteraceae	Xanthomonas codiaei	7453.0	1502	0	0	1495	0.9953395472703063	1.0	0.9953395472703063	0.9953395472703063	0.9947944
FR749942	1541	7705	Lysobacteraceae	Xanthomonas citri subsp. malvacearum	X95921	1440	7200	Lysobacteraceae	Xanthomonas oryzae	7173.0	1440	0	0	1437	0.9979166666666667	1.0	0.9979166666666667	0.9979166666666667	0.99625
JQ955625	1465	7325	Lysobacteraceae	Xanthomonas dyei	Y10755	1502	7510	Lysobacteraceae	Xanthomonas vasicola	7316.0	1465	0	0	1464	0.9993174061433447	1.0	0.9993174061433447	0.9993174061433447	0.9987713
JQ955625	1465	7325	Lysobacteraceae	Xanthomonas dyei	X95919	1502	7510	Lysobacteraceae	Xanthomonas axonopodis	7236.0	1465	2	2	1455	0.9945317840054683	0.9986348122866894	0.9931740614334471	0.9904660203661438	0.98784983
JQ955625	1465	7325	Lysobacteraceae	Xanthomonas dyei	FR749911	1537	7685	Lysobacteraceae	Xanthomonas gardneri	7316.0	1465	0	0	1464	0.9993174061433447	1.0	0.9993174061433447	0.9993174061433447	0.9987713
JQ955625	1465	7325	Lysobacteraceae	Xanthomonas dyei	Y10766	1500	7488	Lysobacteraceae	Xanthomonas sacchari	7163.0	1465	12	14	1445	0.9958649207443143	0.9917976760082023	0.9863481228668942	0.9689851904399889	0.97788393
JQ955625	1465	7325	Lysobacteraceae	Xanthomonas dyei	Y10763	1500	7488	Lysobacteraceae	Xanthomonas theicola	7299.0	1465	0	0	1461	0.9972696245733789	1.0	0.9972696245733789	0.9972696245733789	0.9964505
JQ955625	1465	7325	Lysobacteraceae	Xanthomonas dyei	Y10757	1502	7510	Lysobacteraceae	Xanthomonas arboricola	7316.0	1465	0	0	1464	0.9993174061433447	1.0	0.9993174061433447	0.9993174061433447	0.9987713
JQ955625	1465	7325	Lysobacteraceae	Xanthomonas dyei	Y10756	1500	7500	Lysobacteraceae	Xanthomonas melonis	7097.0	1465	18	20	1438	0.9951557093425606	0.9876965140123035	0.9815699658703072	0.9564184765223156	0.96887374
JQ955625	1465	7325	Lysobacteraceae	Xanthomonas dyei	KF992843	1409	7045	Lysobacteraceae	Xanthomonas maliensis	6991.0	1409	2	2	1403	0.9971570717839374	0.9985805535841022	0.9957416607523066	0.9929188636984376	0.99233496
JQ955625	1465	7325	Lysobacteraceae	Xanthomonas dyei	X95920	1502	7492	Lysobacteraceae	Xanthomonas fragariae	7265.0	1465	0	0	1457	0.9945392491467577	1.0	0.9945392491467577	0.9945392491467577	0.9918089
JQ955625	1465	7325	Lysobacteraceae	Xanthomonas dyei	Y10764	1502	7480	Lysobacteraceae	Xanthomonas bromi	7305.0	1465	0	0	1460	0.9965870307167235	1.0	0.9965870307167235	0.9965870307167235	0.99726963
JQ955625	1465	7325	Lysobacteraceae	Xanthomonas dyei	Y10759	1502	7510	Lysobacteraceae	Xanthomonas hortorum	7316.0	1465	0	0	1464	0.9993174061433447	1.0	0.9993174061433447	0.9993174061433447	0.9987713
JQ955625	1465	7325	Lysobacteraceae	Xanthomonas dyei	X95922	1475	7369	Lysobacteraceae	Xanthomonas populi	7259.0	1458	0	0	1454	0.9972565157750343	1.0	0.9972565157750343	0.9972565157750343	0.99098974
JQ955625	1465	7325	Lysobacteraceae	Xanthomonas dyei	Y10760	1502	7486	Lysobacteraceae	Xanthomonas cucurbitae	7300.0	1465	0	0	1460	0.9965870307167235	1.0	0.9965870307167235	0.9965870307167235	0.99658704
JQ955625	1465	7325	Lysobacteraceae	Xanthomonas dyei	AE008922	1547	7735	Lysobacteraceae	Xanthomonas campestris	7316.0	1465	0	0	1464	0.9993174061433447	1.0	0.9993174061433447	0.9993174061433447	0.9987713
JQ955625	1465	7325	Lysobacteraceae	Xanthomonas dyei	X95918	1500	7488	Lysobacteraceae	Xanthomonas albilineans	7089.0	1465	16	18	1436	0.9923980649619903	0.9890635680109364	0.9802047781569966	0.9577017650190237	0.96778154
JQ955625	1465	7325	Lysobacteraceae	Xanthomonas dyei	Y10754	1500	7494	Lysobacteraceae	Xanthomonas hyacinthi	7098.0	1465	17	19	1438	0.9944674965421854	0.9883800410116199	0.9815699658703072	0.9577261610313523	0.96901023
JQ955625	1465	7325	Lysobacteraceae	Xanthomonas dyei	GU993265	1494	7464	Lysobacteraceae	Xanthomonas phaseoli	7296.0	1465	1	2	1461	0.9986329460013671	0.9993169398907104	0.9972696245733789	0.9952288272516052	0.99604094
JQ955625	1465	7325	Lysobacteraceae	Xanthomonas dyei	Y10761	1502	7498	Lysobacteraceae	Xanthomonas vesicatoria	7308.0	1465	0	0	1462	0.9979522184300341	1.0	0.9979522184300341	0.9979522184300341	0.9976792
JQ955625	1465	7325	Lysobacteraceae	Xanthomonas dyei	Y10765	1502	7492	Lysobacteraceae	Xanthomonas codiaei	7268.0	1465	0	0	1458	0.995221843003413	1.0	0.995221843003413	0.995221843003413	0.99221843
JQ955625	1465	7325	Lysobacteraceae	Xanthomonas dyei	X95921	1440	7200	Lysobacteraceae	Xanthomonas oryzae	7106.0	1423	0	0	1422	0.9992972593113141	1.0	0.9992972593113141	0.9992972593113141	0.98694444
Y10755	1502	7510	Lysobacteraceae	Xanthomonas vasicola	X95919	1502	7510	Lysobacteraceae	Xanthomonas axonopodis	7430.0	1502	2	2	1493	0.9953333333333333	0.9986684420772304	0.9940079893475366	0.9913643510779953	0.9893475
Y10755	1502	7510	Lysobacteraceae	Xanthomonas vasicola	FR749911	1537	7685	Lysobacteraceae	Xanthomonas gardneri	7492.0	1502	0	0	1500	0.9986684420772304	1.0	0.9986684420772304	0.9986684420772304	0.9976032
Y10755	1502	7510	Lysobacteraceae	Xanthomonas vasicola	Y10766	1500	7488	Lysobacteraceae	Xanthomonas sacchari	7348.0	1502	12	14	1482	0.9959677419354839	0.992	0.9866844207723036	0.9697400383812337	0.9813034
Y10755	1502	7510	Lysobacteraceae	Xanthomonas vasicola	Y10763	1500	7488	Lysobacteraceae	Xanthomonas theicola	7465.0	1500	0	0	1495	0.9966666666666667	1.0	0.9966666666666667	0.9966666666666667	0.9969284
Y10755	1502	7510	Lysobacteraceae	Xanthomonas vasicola	Y10757	1502	7510	Lysobacteraceae	Xanthomonas arboricola	7492.0	1502	0	0	1500	0.9986684420772304	1.0	0.9986684420772304	0.9986684420772304	0.9976032
Y10755	1502	7510	Lysobacteraceae	Xanthomonas vasicola	Y10756	1500	7500	Lysobacteraceae	Xanthomonas melonis	7282.0	1502	18	20	1475	0.99527665317139	0.988	0.9820239680426098	0.9574733688415447	0.9709333
Y10755	1502	7510	Lysobacteraceae	Xanthomonas vasicola	KF992843	1409	7045	Lysobacteraceae	Xanthomonas maliensis	6982.0	1409	2	2	1402	0.9964463397299218	0.9985805535841022	0.9950319375443577	0.9922111524627295	0.9910575
Y10755	1502	7510	Lysobacteraceae	Xanthomonas vasicola	X95920	1502	7492	Lysobacteraceae	Xanthomonas fragariae	7441.0	1502	0	0	1493	0.9940079893475366	1.0	0.9940079893475366	0.9940079893475366	0.99319273
Y10755	1502	7510	Lysobacteraceae	Xanthomonas vasicola	Y10764	1502	7480	Lysobacteraceae	Xanthomonas bromi	7481.0	1502	0	0	1496	0.996005326231691	1.0	0.996005326231691	0.996005326231691	1.0001336
Y10755	1502	7510	Lysobacteraceae	Xanthomonas vasicola	Y10759	1502	7510	Lysobacteraceae	Xanthomonas hortorum	7492.0	1502	0	0	1500	0.9986684420772304	1.0	0.9986684420772304	0.9986684420772304	0.9976032
Y10755	1502	7510	Lysobacteraceae	Xanthomonas vasicola	X95922	1475	7369	Lysobacteraceae	Xanthomonas populi	7336.0	1475	2	2	1470	0.9979633401221996	0.9986440677966102	0.9966101694915255	0.9939111575226925	0.9955218
Y10755	1502	7510	Lysobacteraceae	Xanthomonas vasicola	Y10760	1502	7486	Lysobacteraceae	Xanthomonas cucurbitae	7476.0	1502	0	0	1496	0.996005326231691	1.0	0.996005326231691	0.996005326231691	0.9986642
Y10755	1502	7510	Lysobacteraceae	Xanthomonas vasicola	AE008922	1547	7735	Lysobacteraceae	Xanthomonas campestris	7492.0	1502	0	0	1500	0.9986684420772304	1.0	0.9986684420772304	0.9986684420772304	0.9976032
Y10755	1502	7510	Lysobacteraceae	Xanthomonas vasicola	X95918	1500	7488	Lysobacteraceae	Xanthomonas albilineans	7274.0	1502	16	18	1473	0.9925876010781671	0.9893333333333333	0.9806924101198402	0.9587269674689347	0.97142094
Y10755	1502	7510	Lysobacteraceae	Xanthomonas vasicola	Y10754	1500	7494	Lysobacteraceae	Xanthomonas hyacinthi	7283.0	1502	17	19	1475	0.9946055293324343	0.9886666666666667	0.9820239680426098	0.9587501939481174	0.97184414
Y10755	1502	7510	Lysobacteraceae	Xanthomonas vasicola	GU993265	1494	7464	Lysobacteraceae	Xanthomonas phaseoli	7407.0	1491	1	5	1484	0.9986541049798116	0.9993275050437121	0.9953051643192489	0.991302596634319	0.99236333
Y10755	1502	7510	Lysobacteraceae	Xanthomonas vasicola	Y10761	1502	7498	Lysobacteraceae	Xanthomonas vesicatoria	7484.0	1502	0	0	1498	0.9973368841544608	1.0	0.9973368841544608	0.9973368841544608	0.9981328
Y10755	1502	7510	Lysobacteraceae	Xanthomonas vasicola	Y10765	1502	7492	Lysobacteraceae	Xanthomonas codiaei	7462.0	1502	0	0	1496	0.996005326231691	1.0	0.996005326231691	0.996005326231691	0.9959957
Y10755	1502	7510	Lysobacteraceae	Xanthomonas vasicola	X95921	1440	7200	Lysobacteraceae	Xanthomonas oryzae	7182.0	1440	0	0	1438	0.9986111111111111	1.0	0.9986111111111111	0.9986111111111111	0.9975
X95919	1502	7510	Lysobacteraceae	Xanthomonas axonopodis	FR749911	1537	7685	Lysobacteraceae	Xanthomonas gardneri	7421.0	1502	2	2	1492	0.9946666666666667	0.9986684420772304	0.9933422103861518	0.9907003428053376	0.9881491
X95919	1502	7510	Lysobacteraceae	Xanthomonas axonopodis	Y10766	1500	7488	Lysobacteraceae	Xanthomonas sacchari	7301.0	1502	10	12	1477	0.991275167785235	0.9933333333333333	0.9833555259653795	0.9690474429156186	0.9750267
X95919	1502	7510	Lysobacteraceae	Xanthomonas axonopodis	Y10763	1500	7488	Lysobacteraceae	Xanthomonas theicola	7394.0	1500	2	2	1487	0.992656875834446	0.9986666666666667	0.9913333333333333	0.9886932978251219	0.9874466
X95919	1502	7510	Lysobacteraceae	Xanthomonas axonopodis	Y10757	1502	7510	Lysobacteraceae	Xanthomonas arboricola	7430.0	1502	2	2	1493	0.9953333333333333	0.9986684420772304	0.9940079893475366	0.9913643510779953	0.9893475
X95919	1502	7510	Lysobacteraceae	Xanthomonas axonopodis	Y10756	1500	7500	Lysobacteraceae	Xanthomonas melonis	7292.0	1502	15	17	1476	0.9939393939393939	0.99	0.9826897470039947	0.9619606290711484	0.9722667
X95919	1502	7510	Lysobacteraceae	Xanthomonas axonopodis	KF992843	1409	7045	Lysobacteraceae	Xanthomonas maliensis	6902.0	1409	4	4	1393	0.9914590747330961	0.9971611071682044	0.9886444286728177	0.983047007986772	0.97970194
X95919	1502	7510	Lysobacteraceae	Xanthomonas axonopodis	X95920	1502	7492	Lysobacteraceae	Xanthomonas fragariae	7379.0	1502	2	2	1486	0.9906666666666667	0.9986684420772304	0.9893475366178429	0.9867162931693911	0.9849172
X95919	1502	7510	Lysobacteraceae	Xanthomonas axonopodis	Y10764	1502	7480	Lysobacteraceae	Xanthomonas bromi	7401.0	1502	2	2	1487	0.9913333333333333	0.9986684420772304	0.9900133155792277	0.9873803014420488	0.9894385
X95919	1502	7510	Lysobacteraceae	Xanthomonas axonopodis	Y10759	1502	7510	Lysobacteraceae	Xanthomonas hortorum	7430.0	1502	2	2	1493	0.9953333333333333	0.9986684420772304	0.9940079893475366	0.9913643510779953	0.9893475
X95919	1502	7510	Lysobacteraceae	Xanthomonas axonopodis	X95922	1475	7369	Lysobacteraceae	Xanthomonas populi	7265.0	1475	4	4	1462	0.9938817131203264	0.9972881355932204	0.9911864406779661	0.9858250535749075	0.9858868
X95919	1502	7510	Lysobacteraceae	Xanthomonas axonopodis	Y10760	1502	7486	Lysobacteraceae	Xanthomonas cucurbitae	7414.0	1502	2	2	1489	0.9926666666666667	0.9986684420772304	0.9913448735019973	0.9887083179873642	0.9903821
X95919	1502	7510	Lysobacteraceae	Xanthomonas axonopodis	AE008922	1547	7735	Lysobacteraceae	Xanthomonas campestris	7421.0	1502	2	2	1492	0.9946666666666667	0.9986684420772304	0.9933422103861518	0.9907003428053376	0.9881491
X95919	1502	7510	Lysobacteraceae	Xanthomonas axonopodis	X95918	1500	7488	Lysobacteraceae	Xanthomonas albilineans	7284.0	1502	15	17	1474	0.9925925925925926	0.99	0.9813581890812251	0.9606571593840602	0.9727564
X95919	1502	7510	Lysobacteraceae	Xanthomonas axonopodis	Y10754	1500	7494	Lysobacteraceae	Xanthomonas hyacinthi	7293.0	1502	14	16	1476	0.9932705248990579	0.9906666666666667	0.9826897470039947	0.9632433799788497	0.97317857
X95919	1502	7510	Lysobacteraceae	Xanthomonas axonopodis	GU993265	1494	7464	Lysobacteraceae	Xanthomonas phaseoli	7327.0	1491	3	7	1475	0.9939353099730458	0.9979825151311366	0.9892689470154259	0.9826473342509318	0.9816452
X95919	1502	7510	Lysobacteraceae	Xanthomonas axonopodis	Y10761	1502	7498	Lysobacteraceae	Xanthomonas vesicatoria	7413.0	1502	2	2	1490	0.9933333333333333	0.9986684420772304	0.9920106524633822	0.9893723262600221	0.9886637
X95919	1502	7510	Lysobacteraceae	Xanthomonas axonopodis	Y10765	1502	7492	Lysobacteraceae	Xanthomonas codiaei	7382.0	1502	2	2	1487	0.9913333333333333	0.9986684420772304	0.9900133155792277	0.9873803014420488	0.98531765
X95919	1502	7510	Lysobacteraceae	Xanthomonas axonopodis	X95921	1440	7200	Lysobacteraceae	Xanthomonas oryzae	7102.0	1440	2	2	1429	0.9937413073713491	0.9986111111111111	0.9923611111111111	0.9896083757127446	0.98638886
FR749911	1537	7685	Lysobacteraceae	Xanthomonas gardneri	Y10766	1500	7488	Lysobacteraceae	Xanthomonas sacchari	7348.0	1502	12	14	1482	0.9959677419354839	0.992	0.9866844207723036	0.9697400383812337	0.9813034
FR749911	1537	7685	Lysobacteraceae	Xanthomonas gardneri	Y10763	1500	7488	Lysobacteraceae	Xanthomonas theicola	7483.0	1500	0	0	1497	0.998	1.0	0.998	0.998	0.99933225
FR749911	1537	7685	Lysobacteraceae	Xanthomonas gardneri	Y10757	1502	7510	Lysobacteraceae	Xanthomonas arboricola	7492.0	1502	0	0	1500	0.9986684420772304	1.0	0.9986684420772304	0.9986684420772304	0.9976032
FR749911	1537	7685	Lysobacteraceae	Xanthomonas gardneri	Y10756	1500	7500	Lysobacteraceae	Xanthomonas melonis	7282.0	1502	18	20	1475	0.99527665317139	0.988	0.9820239680426098	0.9574733688415447	0.9709333
FR749911	1537	7685	Lysobacteraceae	Xanthomonas gardneri	KF992843	1409	7045	Lysobacteraceae	Xanthomonas maliensis	6982.0	1409	2	2	1402	0.9964463397299218	0.9985805535841022	0.9950319375443577	0.9922111524627295	0.9910575
FR749911	1537	7685	Lysobacteraceae	Xanthomonas gardneri	X95920	1502	7492	Lysobacteraceae	Xanthomonas fragariae	7441.0	1502	0	0	1493	0.9940079893475366	1.0	0.9940079893475366	0.9940079893475366	0.99319273
FR749911	1537	7685	Lysobacteraceae	Xanthomonas gardneri	Y10764	1502	7480	Lysobacteraceae	Xanthomonas bromi	7481.0	1502	0	0	1496	0.996005326231691	1.0	0.996005326231691	0.996005326231691	1.0001336
FR749911	1537	7685	Lysobacteraceae	Xanthomonas gardneri	Y10759	1502	7510	Lysobacteraceae	Xanthomonas hortorum	7492.0	1502	0	0	1500	0.9986684420772304	1.0	0.9986684420772304	0.9986684420772304	0.9976032
FR749911	1537	7685	Lysobacteraceae	Xanthomonas gardneri	X95922	1475	7369	Lysobacteraceae	Xanthomonas populi	7353.0	1475	0	0	1472	0.9979661016949153	1.0	0.9979661016949153	0.9979661016949153	0.9978287
FR749911	1537	7685	Lysobacteraceae	Xanthomonas gardneri	Y10760	1502	7486	Lysobacteraceae	Xanthomonas cucurbitae	7494.0	1502	0	0	1498	0.9973368841544608	1.0	0.9973368841544608	0.9973368841544608	1.0010687
FR749911	1537	7685	Lysobacteraceae	Xanthomonas gardneri	AE008922	1547	7735	Lysobacteraceae	Xanthomonas campestris	7685.0	1537	0	0	1537	1.0	1.0	1.0	1.0	1.0
FR749911	1537	7685	Lysobacteraceae	Xanthomonas gardneri	X95918	1500	7488	Lysobacteraceae	Xanthomonas albilineans	7274.0	1502	16	18	1473	0.9925876010781671	0.9893333333333333	0.9806924101198402	0.9587269674689347	0.97142094
FR749911	1537	7685	Lysobacteraceae	Xanthomonas gardneri	Y10754	1500	7494	Lysobacteraceae	Xanthomonas hyacinthi	7283.0	1502	17	19	1475	0.9946055293324343	0.9886666666666667	0.9820239680426098	0.9587501939481174	0.97184414
FR749911	1537	7685	Lysobacteraceae	Xanthomonas gardneri	GU993265	1494	7464	Lysobacteraceae	Xanthomonas phaseoli	7419.0	1497	1	5	1488	0.9973190348525469	0.999330207635633	0.9939879759519038	0.9900067157010951	0.99397105
FR749911	1537	7685	Lysobacteraceae	Xanthomonas gardneri	Y10761	1502	7498	Lysobacteraceae	Xanthomonas vesicatoria	7502.0	1502	0	0	1500	0.9986684420772304	1.0	0.9986684420772304	0.9986684420772304	1.0005335
FR749911	1537	7685	Lysobacteraceae	Xanthomonas gardneri	Y10765	1502	7492	Lysobacteraceae	Xanthomonas codiaei	7444.0	1502	0	0	1494	0.9946737683089214	1.0	0.9946737683089214	0.9946737683089214	0.99359316
FR749911	1537	7685	Lysobacteraceae	Xanthomonas gardneri	X95921	1440	7200	Lysobacteraceae	Xanthomonas oryzae	7182.0	1440	0	0	1438	0.9986111111111111	1.0	0.9986111111111111	0.9986111111111111	0.9975
Y10766	1500	7488	Lysobacteraceae	Xanthomonas sacchari	Y10763	1500	7488	Lysobacteraceae	Xanthomonas theicola	7321.0	1498	14	12	1477	0.993943472409152	0.9919893190921228	0.985981308411215	0.9690266033723979	0.9776977
Y10766	1500	7488	Lysobacteraceae	Xanthomonas sacchari	Y10757	1502	7510	Lysobacteraceae	Xanthomonas arboricola	7339.0	1500	14	12	1481	0.9952956989247311	0.992	0.9873333333333333	0.9703778071334213	0.98010147
Y10766	1500	7488	Lysobacteraceae	Xanthomonas sacchari	Y10756	1500	7500	Lysobacteraceae	Xanthomonas melonis	7360.0	1500	13	13	1483	0.9973100201748487	0.9913333333333333	0.9886666666666667	0.9716770213703458	0.982906
Y10766	1500	7488	Lysobacteraceae	Xanthomonas sacchari	KF992843	1409	7045	Lysobacteraceae	Xanthomonas maliensis	6881.0	1409	11	11	1390	0.994277539341917	0.9921930447125621	0.9865152590489709	0.9712312198242685	0.9767211
Y10766	1500	7488	Lysobacteraceae	Xanthomonas sacchari	X95920	1502	7492	Lysobacteraceae	Xanthomonas fragariae	7298.0	1500	15	13	1475	0.991930060524546	0.9913333333333333	0.9833333333333333	0.9651595159515952	0.97462606
Y10766	1500	7488	Lysobacteraceae	Xanthomonas sacchari	Y10764	1502	7480	Lysobacteraceae	Xanthomonas bromi	7329.0	1500	14	12	1478	0.9932795698924731	0.992	0.9853333333333333	0.9684121532364597	0.97981286
Y10766	1500	7488	Lysobacteraceae	Xanthomonas sacchari	Y10759	1502	7510	Lysobacteraceae	Xanthomonas hortorum	7339.0	1500	14	12	1481	0.9952956989247311	0.992	0.9873333333333333	0.9703778071334213	0.98010147
Y10766	1500	7488	Lysobacteraceae	Xanthomonas sacchari	X95922	1475	7369	Lysobacteraceae	Xanthomonas populi	7193.0	1473	16	14	1452	0.9952021932830706	0.9904955872369314	0.9857433808553971	0.9658828694882636	0.9761162
Y10766	1500	7488	Lysobacteraceae	Xanthomonas sacchari	Y10760	1502	7486	Lysobacteraceae	Xanthomonas cucurbitae	7332.0	1500	14	12	1478	0.9932795698924731	0.992	0.9853333333333333	0.9684121532364597	0.9794283
Y10766	1500	7488	Lysobacteraceae	Xanthomonas sacchari	AE008922	1547	7735	Lysobacteraceae	Xanthomonas campestris	7348.0	1500	14	12	1482	0.9959677419354839	0.992	0.988	0.9710330250990753	0.9813034
Y10766	1500	7488	Lysobacteraceae	Xanthomonas sacchari	X95918	1500	7488	Lysobacteraceae	Xanthomonas albilineans	7334.0	1500	11	11	1479	0.9932840832773674	0.9926666666666667	0.986	0.971643944407677	0.9794338
Y10766	1500	7488	Lysobacteraceae	Xanthomonas sacchari	Y10754	1500	7494	Lysobacteraceae	Xanthomonas hyacinthi	7343.0	1500	12	12	1481	0.9952956989247311	0.992	0.9873333333333333	0.9716613756613756	0.9806357
Y10766	1500	7488	Lysobacteraceae	Xanthomonas sacchari	GU993265	1494	7464	Lysobacteraceae	Xanthomonas phaseoli	7249.0	1489	15	17	1465	0.9952445652173914	0.9899125756556826	0.9838817998656817	0.9629481445493905	0.97119504
Y10766	1500	7488	Lysobacteraceae	Xanthomonas sacchari	Y10761	1502	7498	Lysobacteraceae	Xanthomonas vesicatoria	7340.0	1500	14	12	1480	0.9946236559139785	0.992	0.9866666666666667	0.9697225891677675	0.98023504
Y10766	1500	7488	Lysobacteraceae	Xanthomonas sacchari	Y10765	1502	7492	Lysobacteraceae	Xanthomonas codiaei	7312.0	1500	15	13	1478	0.9939475453934096	0.9913333333333333	0.9853333333333333	0.9671225522552255	0.97649574
Y10766	1500	7488	Lysobacteraceae	Xanthomonas sacchari	X95921	1440	7200	Lysobacteraceae	Xanthomonas oryzae	7038.0	1438	14	12	1420	0.9957924263674615	0.9916550764951322	0.9874826147426982	0.9698004191619061	0.9775
Y10763	1500	7488	Lysobacteraceae	Xanthomonas theicola	Y10757	1502	7510	Lysobacteraceae	Xanthomonas arboricola	7465.0	1500	0	0	1495	0.9966666666666667	1.0	0.9966666666666667	0.9966666666666667	0.9969284
Y10763	1500	7488	Lysobacteraceae	Xanthomonas theicola	Y10756	1500	7500	Lysobacteraceae	Xanthomonas melonis	7255.0	1500	18	20	1470	0.9932432432432432	0.9879839786381842	0.98	0.9554677206851119	0.9688836
Y10763	1500	7488	Lysobacteraceae	Xanthomonas theicola	KF992843	1409	7045	Lysobacteraceae	Xanthomonas maliensis	6965.0	1409	2	2	1399	0.994314143567875	0.9985805535841022	0.992902767920511	0.9900880187556054	0.9886444
Y10763	1500	7488	Lysobacteraceae	Xanthomonas theicola	X95920	1502	7492	Lysobacteraceae	Xanthomonas fragariae	7414.0	1500	0	0	1488	0.992	1.0	0.992	0.992	0.99011755
Y10763	1500	7488	Lysobacteraceae	Xanthomonas theicola	Y10764	1502	7480	Lysobacteraceae	Xanthomonas bromi	7454.0	1500	0	0	1491	0.994	1.0	0.994	0.994	0.99652404
Y10763	1500	7488	Lysobacteraceae	Xanthomonas theicola	Y10759	1502	7510	Lysobacteraceae	Xanthomonas hortorum	7465.0	1500	0	0	1495	0.9966666666666667	1.0	0.9966666666666667	0.9966666666666667	0.9969284
Y10763	1500	7488	Lysobacteraceae	Xanthomonas theicola	X95922	1475	7369	Lysobacteraceae	Xanthomonas populi	7336.0	1475	0	0	1469	0.9959322033898305	1.0	0.9959322033898305	0.9959322033898305	0.9955218
Y10763	1500	7488	Lysobacteraceae	Xanthomonas theicola	Y10760	1502	7486	Lysobacteraceae	Xanthomonas cucurbitae	7467.0	1500	0	0	1493	0.9953333333333333	1.0	0.9953333333333333	0.9953333333333333	0.9974619
Y10763	1500	7488	Lysobacteraceae	Xanthomonas theicola	AE008922	1547	7735	Lysobacteraceae	Xanthomonas campestris	7483.0	1500	0	0	1497	0.998	1.0	0.998	0.998	0.99933225
Y10763	1500	7488	Lysobacteraceae	Xanthomonas theicola	X95918	1500	7488	Lysobacteraceae	Xanthomonas albilineans	7247.0	1500	16	18	1468	0.99055330634278	0.9893190921228304	0.9786666666666667	0.9567176781002639	0.96781516
Y10763	1500	7488	Lysobacteraceae	Xanthomonas theicola	Y10754	1500	7494	Lysobacteraceae	Xanthomonas hyacinthi	7256.0	1500	17	19	1470	0.9925725860904794	0.9886515353805073	0.98	0.9567435728411338	0.9690171
Y10763	1500	7488	Lysobacteraceae	Xanthomonas theicola	GU993265	1494	7464	Lysobacteraceae	Xanthomonas phaseoli	7372.0	1491	1	5	1479	0.9952893674293405	0.9993275050437121	0.9919517102615694	0.9879626283168178	0.9876742
Y10763	1500	7488	Lysobacteraceae	Xanthomonas theicola	Y10761	1502	7498	Lysobacteraceae	Xanthomonas vesicatoria	7475.0	1500	0	0	1495	0.9966666666666667	1.0	0.9966666666666667	0.9966666666666667	0.9982639
Y10763	1500	7488	Lysobacteraceae	Xanthomonas theicola	Y10765	1502	7492	Lysobacteraceae	Xanthomonas codiaei	7417.0	1500	0	0	1489	0.9926666666666667	1.0	0.9926666666666667	0.9926666666666667	0.99051815
Y10763	1500	7488	Lysobacteraceae	Xanthomonas theicola	X95921	1440	7200	Lysobacteraceae	Xanthomonas oryzae	7165.0	1440	0	0	1435	0.9965277777777778	1.0	0.9965277777777778	0.9965277777777778	0.9951389
Y10757	1502	7510	Lysobacteraceae	Xanthomonas arboricola	Y10756	1500	7500	Lysobacteraceae	Xanthomonas melonis	7291.0	1502	18	20	1476	0.9959514170040485	0.988	0.9826897470039947	0.9581225033288948	0.97213334
Y10757	1502	7510	Lysobacteraceae	Xanthomonas arboricola	KF992843	1409	7045	Lysobacteraceae	Xanthomonas maliensis	6982.0	1409	2	2	1402	0.9964463397299218	0.9985805535841022	0.9950319375443577	0.9922111524627295	0.9910575
Y10757	1502	7510	Lysobacteraceae	Xanthomonas arboricola	X95920	1502	7492	Lysobacteraceae	Xanthomonas fragariae	7441.0	1502	0	0	1493	0.9940079893475366	1.0	0.9940079893475366	0.9940079893475366	0.99319273
Y10757	1502	7510	Lysobacteraceae	Xanthomonas arboricola	Y10764	1502	7480	Lysobacteraceae	Xanthomonas bromi	7481.0	1502	0	0	1496	0.996005326231691	1.0	0.996005326231691	0.996005326231691	1.0001336
Y10757	1502	7510	Lysobacteraceae	Xanthomonas arboricola	Y10759	1502	7510	Lysobacteraceae	Xanthomonas hortorum	7510.0	1502	0	0	1502	1.0	1.0	1.0	1.0	1.0
Y10757	1502	7510	Lysobacteraceae	Xanthomonas arboricola	X95922	1475	7369	Lysobacteraceae	Xanthomonas populi	7335.0	1475	0	0	1470	0.9966101694915255	1.0	0.9966101694915255	0.9966101694915255	0.99538606
Y10757	1502	7510	Lysobacteraceae	Xanthomonas arboricola	Y10760	1502	7486	Lysobacteraceae	Xanthomonas cucurbitae	7476.0	1502	0	0	1496	0.996005326231691	1.0	0.996005326231691	0.996005326231691	0.9986642
Y10757	1502	7510	Lysobacteraceae	Xanthomonas arboricola	AE008922	1547	7735	Lysobacteraceae	Xanthomonas campestris	7492.0	1502	0	0	1500	0.9986684420772304	1.0	0.9986684420772304	0.9986684420772304	0.9976032
Y10757	1502	7510	Lysobacteraceae	Xanthomonas arboricola	X95918	1500	7488	Lysobacteraceae	Xanthomonas albilineans	7265.0	1502	16	18	1472	0.9919137466307277	0.9893333333333333	0.9800266311584553	0.9580761005527983	0.970219
Y10757	1502	7510	Lysobacteraceae	Xanthomonas arboricola	Y10754	1500	7494	Lysobacteraceae	Xanthomonas hyacinthi	7292.0	1502	17	19	1476	0.99527983816588	0.9886666666666667	0.9826897470039947	0.9594001940796077	0.9730451
Y10757	1502	7510	Lysobacteraceae	Xanthomonas arboricola	GU993265	1494	7464	Lysobacteraceae	Xanthomonas phaseoli	7389.0	1491	1	5	1482	0.9973082099596231	0.9993275050437121	0.993963782696177	0.9899666093073183	0.9899518
Y10757	1502	7510	Lysobacteraceae	Xanthomonas arboricola	Y10761	1502	7498	Lysobacteraceae	Xanthomonas vesicatoria	7484.0	1502	0	0	1498	0.9973368841544608	1.0	0.9973368841544608	0.9973368841544608	0.9981328
Y10757	1502	7510	Lysobacteraceae	Xanthomonas arboricola	Y10765	1502	7492	Lysobacteraceae	Xanthomonas codiaei	7444.0	1502	0	0	1494	0.9946737683089214	1.0	0.9946737683089214	0.9946737683089214	0.99359316
Y10757	1502	7510	Lysobacteraceae	Xanthomonas arboricola	X95921	1440	7200	Lysobacteraceae	Xanthomonas oryzae	7182.0	1440	0	0	1438	0.9986111111111111	1.0	0.9986111111111111	0.9986111111111111	0.9975
Y10756	1500	7500	Lysobacteraceae	Xanthomonas melonis	KF992843	1409	7045	Lysobacteraceae	Xanthomonas maliensis	6835.0	1409	14	14	1385	0.992831541218638	0.9900638750887154	0.9829666430092264	0.963625064650647	0.9701916
Y10756	1500	7500	Lysobacteraceae	Xanthomonas melonis	X95920	1502	7492	Lysobacteraceae	Xanthomonas fragariae	7227.0	1500	23	21	1467	0.9918864097363083	0.986	0.978	0.9497452396585686	0.96462893
Y10756	1500	7500	Lysobacteraceae	Xanthomonas melonis	Y10764	1502	7480	Lysobacteraceae	Xanthomonas bromi	7266.0	1500	20	18	1471	0.9925775978407557	0.988	0.9806666666666667	0.9561499999999999	0.97139037
Y10756	1500	7500	Lysobacteraceae	Xanthomonas melonis	Y10759	1502	7510	Lysobacteraceae	Xanthomonas hortorum	7291.0	1500	20	18	1476	0.9959514170040485	0.988	0.984	0.9594	0.97213334
Y10756	1500	7500	Lysobacteraceae	Xanthomonas melonis	X95922	1475	7369	Lysobacteraceae	Xanthomonas populi	7126.0	1473	21	19	1445	0.9938101788170564	0.9871011541072641	0.9809911744738629	0.9547263505254329	0.967024
Y10756	1500	7500	Lysobacteraceae	Xanthomonas melonis	Y10760	1502	7486	Lysobacteraceae	Xanthomonas cucurbitae	7266.0	1500	20	18	1471	0.9925775978407557	0.988	0.9806666666666667	0.9561499999999999	0.9706118
Y10756	1500	7500	Lysobacteraceae	Xanthomonas melonis	AE008922	1547	7735	Lysobacteraceae	Xanthomonas campestris	7282.0	1500	20	18	1475	0.99527665317139	0.988	0.9833333333333333	0.95875	0.9709333
Y10756	1500	7500	Lysobacteraceae	Xanthomonas melonis	X95918	1500	7488	Lysobacteraceae	Xanthomonas albilineans	7438.0	1500	0	0	1492	0.9946666666666667	1.0	0.9946666666666667	0.9946666666666667	0.9933227
Y10756	1500	7500	Lysobacteraceae	Xanthomonas melonis	Y10754	1500	7494	Lysobacteraceae	Xanthomonas hyacinthi	7466.0	1500	0	0	1496	0.9973333333333333	1.0	0.9973333333333333	0.9973333333333333	0.9962637
Y10756	1500	7500	Lysobacteraceae	Xanthomonas melonis	GU993265	1494	7464	Lysobacteraceae	Xanthomonas phaseoli	7179.0	1489	21	23	1457	0.9938608458390177	0.9858776059179556	0.9785090664875755	0.9499962195170767	0.9618167
Y10756	1500	7500	Lysobacteraceae	Xanthomonas melonis	Y10761	1502	7498	Lysobacteraceae	Xanthomonas vesicatoria	7274.0	1500	20	18	1473	0.9939271255060729	0.988	0.982	0.95745	0.9701254
Y10756	1500	7500	Lysobacteraceae	Xanthomonas melonis	Y10765	1502	7492	Lysobacteraceae	Xanthomonas codiaei	7243.0	1500	21	19	1470	0.9925725860904794	0.9873333333333333	0.98	0.9542274819197896	0.96676457
Y10756	1500	7500	Lysobacteraceae	Xanthomonas melonis	X95921	1440	7200	Lysobacteraceae	Xanthomonas oryzae	6972.0	1438	20	18	1413	0.9950704225352113	0.9874826147426982	0.9826147426981919	0.9570047562629853	0.9683333
KF992843	1409	7045	Lysobacteraceae	Xanthomonas maliensis	X95920	1502	7492	Lysobacteraceae	Xanthomonas fragariae	6940.0	1409	2	2	1396	0.992181947405828	0.9985805535841022	0.9907735982966643	0.987964885048481	0.9850958
KF992843	1409	7045	Lysobacteraceae	Xanthomonas maliensis	Y10764	1502	7480	Lysobacteraceae	Xanthomonas bromi	6987.0	1409	2	2	1402	0.9964463397299218	0.9985805535841022	0.9950319375443577	0.9922111524627295	0.9917672
KF992843	1409	7045	Lysobacteraceae	Xanthomonas maliensis	Y10759	1502	7510	Lysobacteraceae	Xanthomonas hortorum	6982.0	1409	2	2	1402	0.9964463397299218	0.9985805535841022	0.9950319375443577	0.9922111524627295	0.9910575
KF992843	1409	7045	Lysobacteraceae	Xanthomonas maliensis	X95922	1475	7369	Lysobacteraceae	Xanthomonas populi	6961.0	1409	3	3	1399	0.9950213371266002	0.9978708303761533	0.992902767920511	0.9886836343457779	0.9880766
KF992843	1409	7045	Lysobacteraceae	Xanthomonas maliensis	Y10760	1502	7486	Lysobacteraceae	Xanthomonas cucurbitae	6966.0	1409	2	2	1398	0.9936034115138592	0.9985805535841022	0.9921930447125621	0.989380307519897	0.9887864
KF992843	1409	7045	Lysobacteraceae	Xanthomonas maliensis	AE008922	1547	7735	Lysobacteraceae	Xanthomonas campestris	6982.0	1409	2	2	1402	0.9964463397299218	0.9985805535841022	0.9950319375443577	0.9922111524627295	0.9910575
KF992843	1409	7045	Lysobacteraceae	Xanthomonas maliensis	X95918	1500	7488	Lysobacteraceae	Xanthomonas albilineans	6827.0	1409	12	12	1383	0.9899785254115963	0.9914833215046132	0.9815471965933286	0.9649693410562139	0.96905607
KF992843	1409	7045	Lysobacteraceae	Xanthomonas maliensis	Y10754	1500	7494	Lysobacteraceae	Xanthomonas hyacinthi	6828.0	1409	14	14	1384	0.9921146953405018	0.9900638750887154	0.9822569198012775	0.9629293064812242	0.969198
KF992843	1409	7045	Lysobacteraceae	Xanthomonas maliensis	GU993265	1494	7464	Lysobacteraceae	Xanthomonas phaseoli	6975.0	1409	2	3	1401	0.9964438122332859	0.9985795454545454	0.9943222143364088	0.9907987479496745	0.99006385
KF992843	1409	7045	Lysobacteraceae	Xanthomonas maliensis	Y10761	1502	7498	Lysobacteraceae	Xanthomonas vesicatoria	6974.0	1409	2	2	1400	0.9950248756218906	0.9985805535841022	0.99361249112846	0.9907957299913134	0.9899219
KF992843	1409	7045	Lysobacteraceae	Xanthomonas maliensis	Y10765	1502	7492	Lysobacteraceae	Xanthomonas codiaei	6948.0	1409	2	2	1398	0.9936034115138592	0.9985805535841022	0.9921930447125621	0.989380307519897	0.9862314
KF992843	1409	7045	Lysobacteraceae	Xanthomonas maliensis	X95921	1440	7200	Lysobacteraceae	Xanthomonas oryzae	6807.0	1374	2	2	1367	0.9963556851311953	0.9985443959243085	0.99490538573508	0.9920132189160826	0.96621716
X95920	1502	7492	Lysobacteraceae	Xanthomonas fragariae	Y10764	1502	7480	Lysobacteraceae	Xanthomonas bromi	7430.0	1502	0	0	1489	0.9913448735019973	1.0	0.9913448735019973	0.9913448735019973	0.9933155
X95920	1502	7492	Lysobacteraceae	Xanthomonas fragariae	Y10759	1502	7510	Lysobacteraceae	Xanthomonas hortorum	7441.0	1502	0	0	1493	0.9940079893475366	1.0	0.9940079893475366	0.9940079893475366	0.99319273
X95920	1502	7492	Lysobacteraceae	Xanthomonas fragariae	X95922	1475	7369	Lysobacteraceae	Xanthomonas populi	7284.0	1475	0	0	1463	0.991864406779661	1.0	0.991864406779661	0.991864406779661	0.9884652
X95920	1502	7492	Lysobacteraceae	Xanthomonas fragariae	Y10760	1502	7486	Lysobacteraceae	Xanthomonas cucurbitae	7435.0	1502	0	0	1491	0.992676431424767	1.0	0.992676431424767	0.992676431424767	0.9931873
X95920	1502	7492	Lysobacteraceae	Xanthomonas fragariae	AE008922	1547	7735	Lysobacteraceae	Xanthomonas campestris	7441.0	1502	0	0	1493	0.9940079893475366	1.0	0.9940079893475366	0.9940079893475366	0.99319273
X95920	1502	7492	Lysobacteraceae	Xanthomonas fragariae	X95918	1500	7488	Lysobacteraceae	Xanthomonas albilineans	7221.0	1502	19	21	1467	0.9905469277515192	0.9873333333333333	0.9766977363515313	0.9510120628117147	0.96434295
X95920	1502	7492	Lysobacteraceae	Xanthomonas fragariae	Y10754	1500	7494	Lysobacteraceae	Xanthomonas hyacinthi	7228.0	1502	20	22	1467	0.9912162162162163	0.9866666666666667	0.9766977363515313	0.9497454992117388	0.9647624
X95920	1502	7492	Lysobacteraceae	Xanthomonas fragariae	GU993265	1494	7464	Lysobacteraceae	Xanthomonas phaseoli	7338.0	1491	1	5	1475	0.9925975773889637	0.9993275050437121	0.9892689470154259	0.9852906536628169	0.98311895
X95920	1502	7492	Lysobacteraceae	Xanthomonas fragariae	Y10761	1502	7498	Lysobacteraceae	Xanthomonas vesicatoria	7435.0	1502	0	0	1493	0.9940079893475366	1.0	0.9940079893475366	0.9940079893475366	0.9923919
X95920	1502	7492	Lysobacteraceae	Xanthomonas fragariae	Y10765	1502	7492	Lysobacteraceae	Xanthomonas codiaei	7393.0	1502	0	0	1487	0.9900133155792277	1.0	0.9900133155792277	0.9900133155792277	0.9867859
X95920	1502	7492	Lysobacteraceae	Xanthomonas fragariae	X95921	1440	7200	Lysobacteraceae	Xanthomonas oryzae	7131.0	1440	0	0	1431	0.99375	1.0	0.99375	0.99375	0.99041665
Y10764	1502	7480	Lysobacteraceae	Xanthomonas bromi	Y10759	1502	7510	Lysobacteraceae	Xanthomonas hortorum	7481.0	1502	0	0	1496	0.996005326231691	1.0	0.996005326231691	0.996005326231691	1.0001336
Y10764	1502	7480	Lysobacteraceae	Xanthomonas bromi	X95922	1475	7369	Lysobacteraceae	Xanthomonas populi	7324.0	1475	0	0	1466	0.9938983050847457	1.0	0.9938983050847457	0.9938983050847457	0.9938933
Y10764	1502	7480	Lysobacteraceae	Xanthomonas bromi	Y10760	1502	7486	Lysobacteraceae	Xanthomonas cucurbitae	7465.0	1502	0	0	1492	0.9933422103861518	1.0	0.9933422103861518	0.9933422103861518	0.99799466
Y10764	1502	7480	Lysobacteraceae	Xanthomonas bromi	AE008922	1547	7735	Lysobacteraceae	Xanthomonas campestris	7481.0	1502	0	0	1496	0.996005326231691	1.0	0.996005326231691	0.996005326231691	1.0001336
Y10764	1502	7480	Lysobacteraceae	Xanthomonas bromi	X95918	1500	7488	Lysobacteraceae	Xanthomonas albilineans	7258.0	1502	16	18	1469	0.9898921832884097	0.9893333333333333	0.978029294274301	0.956123499804389	0.9703209
Y10764	1502	7480	Lysobacteraceae	Xanthomonas bromi	Y10754	1500	7494	Lysobacteraceae	Xanthomonas hyacinthi	7263.0	1502	17	19	1470	0.9912339851652057	0.9886666666666667	0.9786950732356857	0.9555001932906662	0.9709893
Y10764	1502	7480	Lysobacteraceae	Xanthomonas bromi	GU993265	1494	7464	Lysobacteraceae	Xanthomonas phaseoli	7382.0	1491	1	5	1479	0.9952893674293405	0.9993275050437121	0.9919517102615694	0.9879626283168178	0.9890139
Y10764	1502	7480	Lysobacteraceae	Xanthomonas bromi	Y10761	1502	7498	Lysobacteraceae	Xanthomonas vesicatoria	7473.0	1502	0	0	1494	0.9946737683089214	1.0	0.9946737683089214	0.9946737683089214	0.99906415
Y10764	1502	7480	Lysobacteraceae	Xanthomonas bromi	Y10765	1502	7492	Lysobacteraceae	Xanthomonas codiaei	7443.0	1502	0	0	1492	0.9933422103861518	1.0	0.9933422103861518	0.9933422103861518	0.99505347
Y10764	1502	7480	Lysobacteraceae	Xanthomonas bromi	X95921	1440	7200	Lysobacteraceae	Xanthomonas oryzae	7171.0	1440	0	0	1434	0.9958333333333333	1.0	0.9958333333333333	0.9958333333333333	0.9959722
Y10759	1502	7510	Lysobacteraceae	Xanthomonas hortorum	X95922	1475	7369	Lysobacteraceae	Xanthomonas populi	7335.0	1475	0	0	1470	0.9966101694915255	1.0	0.9966101694915255	0.9966101694915255	0.99538606
Y10759	1502	7510	Lysobacteraceae	Xanthomonas hortorum	Y10760	1502	7486	Lysobacteraceae	Xanthomonas cucurbitae	7476.0	1502	0	0	1496	0.996005326231691	1.0	0.996005326231691	0.996005326231691	0.9986642
Y10759	1502	7510	Lysobacteraceae	Xanthomonas hortorum	AE008922	1547	7735	Lysobacteraceae	Xanthomonas campestris	7492.0	1502	0	0	1500	0.9986684420772304	1.0	0.9986684420772304	0.9986684420772304	0.9976032
Y10759	1502	7510	Lysobacteraceae	Xanthomonas hortorum	X95918	1500	7488	Lysobacteraceae	Xanthomonas albilineans	7265.0	1502	16	18	1472	0.9919137466307277	0.9893333333333333	0.9800266311584553	0.9580761005527983	0.970219
Y10759	1502	7510	Lysobacteraceae	Xanthomonas hortorum	Y10754	1500	7494	Lysobacteraceae	Xanthomonas hyacinthi	7292.0	1502	17	19	1476	0.99527983816588	0.9886666666666667	0.9826897470039947	0.9594001940796077	0.9730451
Y10759	1502	7510	Lysobacteraceae	Xanthomonas hortorum	GU993265	1494	7464	Lysobacteraceae	Xanthomonas phaseoli	7389.0	1491	1	5	1482	0.9973082099596231	0.9993275050437121	0.993963782696177	0.9899666093073183	0.9899518
Y10759	1502	7510	Lysobacteraceae	Xanthomonas hortorum	Y10761	1502	7498	Lysobacteraceae	Xanthomonas vesicatoria	7484.0	1502	0	0	1498	0.9973368841544608	1.0	0.9973368841544608	0.9973368841544608	0.9981328
Y10759	1502	7510	Lysobacteraceae	Xanthomonas hortorum	Y10765	1502	7492	Lysobacteraceae	Xanthomonas codiaei	7444.0	1502	0	0	1494	0.9946737683089214	1.0	0.9946737683089214	0.9946737683089214	0.99359316
Y10759	1502	7510	Lysobacteraceae	Xanthomonas hortorum	X95921	1440	7200	Lysobacteraceae	Xanthomonas oryzae	7182.0	1440	0	0	1438	0.9986111111111111	1.0	0.9986111111111111	0.9986111111111111	0.9975
X95922	1475	7369	Lysobacteraceae	Xanthomonas populi	Y10760	1502	7486	Lysobacteraceae	Xanthomonas cucurbitae	7337.0	1475	0	0	1468	0.9952542372881356	1.0	0.9952542372881356	0.9952542372881356	0.9956575
X95922	1475	7369	Lysobacteraceae	Xanthomonas populi	AE008922	1547	7735	Lysobacteraceae	Xanthomonas campestris	7353.0	1475	0	0	1472	0.9979661016949153	1.0	0.9979661016949153	0.9979661016949153	0.9978287
X95922	1475	7369	Lysobacteraceae	Xanthomonas populi	X95918	1500	7488	Lysobacteraceae	Xanthomonas albilineans	7118.0	1475	17	19	1443	0.9910714285714286	0.988458927359131	0.9783050847457627	0.954699868223747	0.9659384
X95922	1475	7369	Lysobacteraceae	Xanthomonas populi	Y10754	1500	7494	Lysobacteraceae	Xanthomonas hyacinthi	7127.0	1475	18	20	1445	0.993127147766323	0.9877800407331976	0.9796610169491525	0.9547265771339699	0.96715975
X95922	1475	7369	Lysobacteraceae	Xanthomonas populi	GU993265	1494	7464	Lysobacteraceae	Xanthomonas phaseoli	7297.0	1475	3	7	1464	0.997275204359673	0.9979605710401088	0.9925423728813559	0.9858269305749868	0.99022937
X95922	1475	7369	Lysobacteraceae	Xanthomonas populi	Y10761	1502	7498	Lysobacteraceae	Xanthomonas vesicatoria	7345.0	1475	0	0	1470	0.9966101694915255	1.0	0.9966101694915255	0.9966101694915255	0.99674314
X95922	1475	7369	Lysobacteraceae	Xanthomonas populi	Y10765	1502	7492	Lysobacteraceae	Xanthomonas codiaei	7288.0	1475	2	2	1464	0.9938900203665988	0.9986440677966102	0.9925423728813559	0.9898543772879062	0.989008
X95922	1475	7369	Lysobacteraceae	Xanthomonas populi	X95921	1440	7200	Lysobacteraceae	Xanthomonas oryzae	7160.0	1440	0	0	1435	0.9965277777777778	1.0	0.9965277777777778	0.9965277777777778	0.99444443
Y10760	1502	7486	Lysobacteraceae	Xanthomonas cucurbitae	AE008922	1547	7735	Lysobacteraceae	Xanthomonas campestris	7494.0	1502	0	0	1498	0.9973368841544608	1.0	0.9973368841544608	0.9973368841544608	1.0010687
Y10760	1502	7486	Lysobacteraceae	Xanthomonas cucurbitae	X95918	1500	7488	Lysobacteraceae	Xanthomonas albilineans	7258.0	1502	16	18	1469	0.9898921832884097	0.9893333333333333	0.978029294274301	0.956123499804389	0.96954316
Y10760	1502	7486	Lysobacteraceae	Xanthomonas cucurbitae	Y10754	1500	7494	Lysobacteraceae	Xanthomonas hyacinthi	7272.0	1502	17	19	1472	0.9925826028320971	0.9886666666666667	0.9800266311584553	0.9568001935536466	0.9714133
Y10760	1502	7486	Lysobacteraceae	Xanthomonas cucurbitae	GU993265	1494	7464	Lysobacteraceae	Xanthomonas phaseoli	7373.0	1491	1	5	1478	0.9946164199192463	0.9993275050437121	0.9912810194500336	0.9872946346533176	0.98780817
Y10760	1502	7486	Lysobacteraceae	Xanthomonas cucurbitae	Y10761	1502	7498	Lysobacteraceae	Xanthomonas vesicatoria	7486.0	1502	0	0	1496	0.996005326231691	1.0	0.996005326231691	0.996005326231691	1.0
Y10760	1502	7486	Lysobacteraceae	Xanthomonas cucurbitae	Y10765	1502	7492	Lysobacteraceae	Xanthomonas codiaei	7428.0	1502	0	0	1490	0.9920106524633822	1.0	0.9920106524633822	0.9920106524633822	0.99225223
Y10760	1502	7486	Lysobacteraceae	Xanthomonas cucurbitae	X95921	1440	7200	Lysobacteraceae	Xanthomonas oryzae	7166.0	1440	0	0	1434	0.9958333333333333	1.0	0.9958333333333333	0.9958333333333333	0.99527776
AE008922	1547	7735	Lysobacteraceae	Xanthomonas campestris	X95918	1500	7488	Lysobacteraceae	Xanthomonas albilineans	7274.0	1502	16	18	1473	0.9925876010781671	0.9893333333333333	0.9806924101198402	0.9587269674689347	0.97142094
AE008922	1547	7735	Lysobacteraceae	Xanthomonas campestris	Y10754	1500	7494	Lysobacteraceae	Xanthomonas hyacinthi	7283.0	1502	17	19	1475	0.9946055293324343	0.9886666666666667	0.9820239680426098	0.9587501939481174	0.97184414
AE008922	1547	7735	Lysobacteraceae	Xanthomonas campestris	GU993265	1494	7464	Lysobacteraceae	Xanthomonas phaseoli	7419.0	1497	1	5	1488	0.9973190348525469	0.999330207635633	0.9939879759519038	0.9900067157010951	0.99397105
AE008922	1547	7735	Lysobacteraceae	Xanthomonas campestris	Y10761	1502	7498	Lysobacteraceae	Xanthomonas vesicatoria	7502.0	1502	0	0	1500	0.9986684420772304	1.0	0.9986684420772304	0.9986684420772304	1.0005335
AE008922	1547	7735	Lysobacteraceae	Xanthomonas campestris	Y10765	1502	7492	Lysobacteraceae	Xanthomonas codiaei	7444.0	1502	0	0	1494	0.9946737683089214	1.0	0.9946737683089214	0.9946737683089214	0.99359316
AE008922	1547	7735	Lysobacteraceae	Xanthomonas campestris	X95921	1440	7200	Lysobacteraceae	Xanthomonas oryzae	7182.0	1440	0	0	1438	0.9986111111111111	1.0	0.9986111111111111	0.9986111111111111	0.9975
X95918	1500	7488	Lysobacteraceae	Xanthomonas albilineans	Y10754	1500	7494	Lysobacteraceae	Xanthomonas hyacinthi	7422.0	1500	0	0	1490	0.9933333333333333	1.0	0.9933333333333333	0.9933333333333333	0.9911859
X95918	1500	7488	Lysobacteraceae	Xanthomonas albilineans	GU993265	1494	7464	Lysobacteraceae	Xanthomonas phaseoli	7171.0	1489	19	21	1455	0.9911444141689373	0.9872225958305313	0.977165883143049	0.9512463636962838	0.9607449
X95918	1500	7488	Lysobacteraceae	Xanthomonas albilineans	Y10761	1502	7498	Lysobacteraceae	Xanthomonas vesicatoria	7268.0	1500	18	16	1473	0.9925876010781671	0.9893333333333333	0.982	0.9600052700922266	0.9706197
X95918	1500	7488	Lysobacteraceae	Xanthomonas albilineans	Y10765	1502	7492	Lysobacteraceae	Xanthomonas codiaei	7235.0	1500	19	17	1468	0.9898853674983142	0.9886666666666667	0.9786666666666667	0.9554724599517226	0.96621263
X95918	1500	7488	Lysobacteraceae	Xanthomonas albilineans	X95921	1440	7200	Lysobacteraceae	Xanthomonas oryzae	6964.0	1438	18	16	1411	0.9922644163150492	0.9888734353268428	0.9812239221140473	0.958310726130615	0.9672222
Y10754	1500	7494	Lysobacteraceae	Xanthomonas hyacinthi	GU993265	1494	7464	Lysobacteraceae	Xanthomonas phaseoli	7180.0	1489	20	22	1457	0.9931833674164963	0.9865501008742434	0.9785090664875755	0.9512742216946808	0.9619507
Y10754	1500	7494	Lysobacteraceae	Xanthomonas hyacinthi	Y10761	1502	7498	Lysobacteraceae	Xanthomonas vesicatoria	7275.0	1500	19	17	1473	0.9932569116655429	0.9886666666666667	0.982	0.9587267939433838	0.9707766
Y10754	1500	7494	Lysobacteraceae	Xanthomonas hyacinthi	Y10765	1502	7492	Lysobacteraceae	Xanthomonas codiaei	7244.0	1500	20	18	1470	0.9919028340080972	0.988	0.98	0.9554999999999999	0.966898
Y10754	1500	7494	Lysobacteraceae	Xanthomonas hyacinthi	X95921	1440	7200	Lysobacteraceae	Xanthomonas oryzae	6973.0	1438	19	17	1413	0.9943701618578465	0.9881780250347705	0.9826147426981919	0.9583359981977562	0.96847224
GU993265	1494	7464	Lysobacteraceae	Xanthomonas phaseoli	Y10761	1502	7498	Lysobacteraceae	Xanthomonas vesicatoria	7381.0	1487	5	1	1480	0.9959623149394348	0.9993275050437121	0.9952925353059852	0.9912900184079717	0.98888
GU993265	1494	7464	Lysobacteraceae	Xanthomonas phaseoli	Y10765	1502	7492	Lysobacteraceae	Xanthomonas codiaei	7366.0	1487	5	1	1479	0.9952893674293405	0.9993275050437121	0.9946200403496974	0.9906202278549935	0.9868703
GU993265	1494	7464	Lysobacteraceae	Xanthomonas phaseoli	X95921	1440	7200	Lysobacteraceae	Xanthomonas oryzae	7143.0	1436	5	1	1432	0.9979094076655052	0.9993036211699164	0.9972144846796658	0.993062307783012	0.9920833
Y10761	1502	7498	Lysobacteraceae	Xanthomonas vesicatoria	Y10765	1502	7492	Lysobacteraceae	Xanthomonas codiaei	7436.0	1502	0	0	1492	0.9933422103861518	1.0	0.9933422103861518	0.9933422103861518	0.99252534
Y10761	1502	7498	Lysobacteraceae	Xanthomonas vesicatoria	X95921	1440	7200	Lysobacteraceae	Xanthomonas oryzae	7174.0	1440	0	0	1436	0.9972222222222222	1.0	0.9972222222222222	0.9972222222222222	0.9963889
Y10765	1502	7492	Lysobacteraceae	Xanthomonas codiaei	X95921	1440	7200	Lysobacteraceae	Xanthomonas oryzae	7134.0	1440	0	0	1432	0.9944444444444445	1.0	0.9944444444444445	0.9944444444444445	0.99083334
